/nvme/yuanjingyang/CG-ODE/lstm/run_data_social.py
/nvme/yuanjingyang/CG-ODE/lstm/run_data_social.py
Namespace(dataset='social', datapath='data/', pred_length=10, condition_length=20, training_end_time=320, add_popularity=True, features_inc=True, split_interval=5, niters=50, lr=0.005, batch_size=8, random_seed=1991, dropout=0.2, l2=1e-05, optimizer='AdamW', clip=10, edge_lamda=0.5, alias='run', feature_out_index=[0, 1], output_dim=2, num_atoms=80)
run
Experiment 08-23_02:31
Epoch 0001 [Train seq (cond on sampled tp)] | Loss 13.849666 | MAPE 0.846710 | RMSE 0.288769 | Likelihood -13.849666 | KL fp 0.0000 | FP STD 0.0000 | ->nfe    0.00 | <-nfe    0.00
Epoch 0001 [Val seq (cond on sampled tp)] |  MAPE 0.028737 | RMSE 0.118886 |
Best Val!
Epoch 0001 [Test seq (cond on sampled tp)] | MAPE 0.119454 | RMSE 0.168972|
0.0380994938313961,0.041672345250844955,0.052301134914159775,0.07333210855722427,0.07790776342153549,0.06279348582029343,0.04629376903176308,0.04208773374557495,0.04878070205450058,0.05325436219573021,0.095744289457798,0.2668777406215668,0.13884247839450836,0.634363055229187
0.1684481798140887,0.16991884952351005,0.16757214097585119,0.16988125129134962,0.17122534411683038,0.16123888974578957,0.17149093372080768,0.16409679463122262,0.1640001019391755,0.1697989435674578,0.1710871880287592,0.17189272875816558,0.16456539983364005,0.1803929640435342
0.0380994938313961,0.041672345250844955,0.052301134914159775,0.07333210855722427,0.07790776342153549,0.06279348582029343,0.04629376903176308,0.04208773374557495,0.04878070205450058,0.05325436219573021,0.095744289457798,0.2668777406215668,0.13884247839450836,0.634363055229187
0.1684481798140887,0.16991884952351005,0.16757214097585119,0.16988125129134962,0.17122534411683038,0.16123888974578957,0.17149093372080768,0.16409679463122262,0.1640001019391755,0.1697989435674578,0.1710871880287592,0.17189272875816558,0.16456539983364005,0.1803929640435342
Epoch 0001 [Test seq (cond on sampled tp)] | Best Test MAPE 0.119454|Best Test RMSE 0.168972|
Experiment 08-23_02:31
Epoch 0002 [Train seq (cond on sampled tp)] | Loss 1.661804 | MAPE 0.251665 | RMSE 0.100714 | Likelihood -1.661804 | KL fp 0.0000 | FP STD 0.0000 | ->nfe    0.00 | <-nfe    0.00
Epoch 0002 [Val seq (cond on sampled tp)] |  MAPE 0.023311 | RMSE 0.098484 |
Best Val!
Epoch 0002 [Test seq (cond on sampled tp)] | MAPE 0.109591 | RMSE 0.138946|
0.0346030667424202,0.035982560366392136,0.04324580356478691,0.06928964704275131,0.06726538389921188,0.049187082797288895,0.036544445902109146,0.036833129823207855,0.039204191416502,0.047349922358989716,0.09502043575048447,0.20897386968135834,0.12719427049160004,0.6435744762420654
0.14732157835705065,0.14622779627717325,0.14076582162550944,0.1408691340137394,0.1405121032212425,0.13899640939855343,0.13807392149014835,0.13116638977550904,0.13098675662859166,0.13589214028562704,0.14003431586144519,0.14197431370503297,0.13647186604098607,0.13595649898881357
0.0346030667424202,0.035982560366392136,0.04324580356478691,0.06928964704275131,0.06726538389921188,0.049187082797288895,0.036544445902109146,0.036833129823207855,0.039204191416502,0.047349922358989716,0.09502043575048447,0.20897386968135834,0.12719427049160004,0.6435744762420654
0.14732157835705065,0.14622779627717325,0.14076582162550944,0.1408691340137394,0.1405121032212425,0.13899640939855343,0.13807392149014835,0.13116638977550904,0.13098675662859166,0.13589214028562704,0.14003431586144519,0.14197431370503297,0.13647186604098607,0.13595649898881357
Epoch 0002 [Test seq (cond on sampled tp)] | Best Test MAPE 0.109591|Best Test RMSE 0.138946|
Experiment 08-23_02:31
Epoch 0003 [Train seq (cond on sampled tp)] | Loss 1.832424 | MAPE 0.216556 | RMSE 0.109075 | Likelihood -1.832424 | KL fp 0.0000 | FP STD 0.0000 | ->nfe    0.00 | <-nfe    0.00
Epoch 0003 [Val seq (cond on sampled tp)] |  MAPE 0.040362 | RMSE 0.136917 |
Epoch 0003 [Test seq (cond on sampled tp)] | MAPE 0.194613 | RMSE 0.231999|
0.05717119202017784,0.06304235756397247,0.07626883685588837,0.1091519370675087,0.11496162414550781,0.10000739246606827,0.09383832663297653,0.06971869617700577,0.07140897214412689,0.08079829066991806,0.18484918773174286,0.45319515466690063,0.23233412206172943,1.0178351402282715
0.2181842077477281,0.22256651124014928,0.21403220094527178,0.21797679592308883,0.2238745569664572,0.22191568659755675,0.2281844437242223,0.23179949447494017,0.23933651466605113,0.23752423714893775,0.2445334592847381,0.2445237243883694,0.250451871668546,0.25308661581926784
Experiment 08-23_02:31
Epoch 0004 [Train seq (cond on sampled tp)] | Loss 1.962290 | MAPE 0.289016 | RMSE 0.112925 | Likelihood -1.962290 | KL fp 0.0000 | FP STD 0.0000 | ->nfe    0.00 | <-nfe    0.00
Epoch 0004 [Val seq (cond on sampled tp)] |  MAPE 0.018974 | RMSE 0.092977 |
Best Val!
Epoch 0004 [Test seq (cond on sampled tp)] | MAPE 0.121822 | RMSE 0.140121|
0.03310856223106384,0.03343358635902405,0.04295201599597931,0.07297267764806747,0.07820577919483185,0.05781043693423271,0.043201398104429245,0.037265148013830185,0.042610976845026016,0.04833778366446495,0.11333928257226944,0.2847599685192108,0.14845244586467743,0.6690512299537659
0.14252277501792948,0.13491689098498355,0.1391104358391416,0.1360470415387942,0.13953672622579577,0.13743074851477383,0.134898880024482,0.13134404003738448,0.13669395903208176,0.14324624147652262,0.14478523902782636,0.14696060334017014,0.14731463696876412,0.14689217071401636
Experiment 08-23_02:31
Epoch 0005 [Train seq (cond on sampled tp)] | Loss 1.448974 | MAPE 0.200937 | RMSE 0.099498 | Likelihood -1.448974 | KL fp 0.0000 | FP STD 0.0000 | ->nfe    0.00 | <-nfe    0.00
Epoch 0005 [Val seq (cond on sampled tp)] |  MAPE 0.019809 | RMSE 0.101926 |
Epoch 0005 [Test seq (cond on sampled tp)] | MAPE 0.148665 | RMSE 0.164321|
0.03719506785273552,0.041898779571056366,0.05229483172297478,0.08782099932432175,0.08345316350460052,0.06961917877197266,0.05160598084330559,0.040656015276908875,0.04994473606348038,0.060719069093465805,0.13458557426929474,0.3446052670478821,0.17365725338459015,0.8532549142837524
0.15900051822293,0.1597294586956472,0.15581446385398812,0.15686210304796414,0.15741193990853877,0.16081168224091213,0.15642260911773262,0.16239147459578884,0.1631366228387839,0.17031562063000494,0.17080424301451852,0.17522215940506775,0.17369787822896446,0.1788703228554281
Experiment 08-23_02:31
Epoch 0006 [Train seq (cond on sampled tp)] | Loss 1.531751 | MAPE 0.191416 | RMSE 0.102239 | Likelihood -1.531751 | KL fp 0.0000 | FP STD 0.0000 | ->nfe    0.00 | <-nfe    0.00
Epoch 0006 [Val seq (cond on sampled tp)] |  MAPE 0.018800 | RMSE 0.092751 |
Best Val!
Epoch 0006 [Test seq (cond on sampled tp)] | MAPE 0.124077 | RMSE 0.138536|
0.031158512458205223,0.03505930304527283,0.045451242476701736,0.07094884663820267,0.07303813844919205,0.058046963065862656,0.04928358271718025,0.03694358468055725,0.0436120443046093,0.04819062352180481,0.1073540672659874,0.3142842948436737,0.14573943614959717,0.6779686808586121
0.13810071717715858,0.13764849333499743,0.13927211607763396,0.13189294077206462,0.13771886826984683,0.13776529170702628,0.1349177331404665,0.13093141451739757,0.13472172118724104,0.13774665930283306,0.14232484320310798,0.14305588615198217,0.1424291106356703,0.15098375547578627
Experiment 08-23_02:31
Epoch 0007 [Train seq (cond on sampled tp)] | Loss 1.218797 | MAPE 0.148988 | RMSE 0.091925 | Likelihood -1.218797 | KL fp 0.0000 | FP STD 0.0000 | ->nfe    0.00 | <-nfe    0.00
Epoch 0007 [Val seq (cond on sampled tp)] |  MAPE 0.017974 | RMSE 0.093438 |
Best Val!
Epoch 0007 [Test seq (cond on sampled tp)] | MAPE 0.136099 | RMSE 0.146402|
0.03163003548979759,0.03640219196677208,0.047272294759750366,0.07601489126682281,0.079120934009552,0.06504972279071808,0.054196812212467194,0.03613756224513054,0.04746011272072792,0.05553744360804558,0.12456854432821274,0.32308804988861084,0.1698228120803833,0.7590817213058472
0.1419238533445748,0.14083118026425928,0.13989635282686552,0.1407540576851318,0.14328230753459467,0.14505327519304392,0.1402237718127956,0.13824485121955427,0.14637870792103372,0.1502744609995238,0.15224755747093316,0.15346162200465907,0.15860438381681113,0.15844777699345386
Experiment 08-23_02:31
Epoch 0008 [Train seq (cond on sampled tp)] | Loss 1.271988 | MAPE 0.162300 | RMSE 0.094601 | Likelihood -1.271988 | KL fp 0.0000 | FP STD 0.0000 | ->nfe    0.00 | <-nfe    0.00
Epoch 0008 [Val seq (cond on sampled tp)] |  MAPE 0.017865 | RMSE 0.091953 |
Best Val!
Epoch 0008 [Test seq (cond on sampled tp)] | MAPE 0.133634 | RMSE 0.141965|
0.030432922765612602,0.03487641364336014,0.04625333473086357,0.07508327066898346,0.07768275588750839,0.059671610593795776,0.051307857036590576,0.036413438618183136,0.043299268931150436,0.051867008209228516,0.11867125332355499,0.322447270154953,0.1588924676179886,0.7639708518981934
0.1424546294807068,0.1370381507201657,0.13784035693074273,0.13588129092754936,0.14027854840011347,0.13980711078701968,0.136314871835166,0.13453105885517572,0.13901442543310588,0.14522211458106338,0.14561347197470967,0.14992716829100552,0.15037485758377522,0.15320855824058313
Experiment 08-23_02:31
Epoch 0009 [Train seq (cond on sampled tp)] | Loss 1.189274 | MAPE 0.150173 | RMSE 0.091321 | Likelihood -1.189274 | KL fp 0.0000 | FP STD 0.0000 | ->nfe    0.00 | <-nfe    0.00
Epoch 0009 [Val seq (cond on sampled tp)] |  MAPE 0.016874 | RMSE 0.091220 |
Best Val!
Epoch 0009 [Test seq (cond on sampled tp)] | MAPE 0.132799 | RMSE 0.141279|
0.03054353967308998,0.0339752621948719,0.04569809511303902,0.07668379694223404,0.07700882852077484,0.059691525995731354,0.05134235695004463,0.03802992030978203,0.04409978911280632,0.05082070827484131,0.11969498544931412,0.3128144145011902,0.15594641864299774,0.7628346085548401
0.1387873356972359,0.13728976216054095,0.13752952361675636,0.135860323099225,0.13900413467069003,0.13965830734693968,0.1365175537893501,0.13312721130835872,0.14035463171049473,0.14411042783605513,0.14581534510320926,0.14960653710724006,0.14986953624854926,0.1503808959687406
Experiment 08-23_02:31
Epoch 0010 [Train seq (cond on sampled tp)] | Loss 1.192002 | MAPE 0.150886 | RMSE 0.091659 | Likelihood -1.192002 | KL fp 0.0000 | FP STD 0.0000 | ->nfe    0.00 | <-nfe    0.00
Epoch 0010 [Val seq (cond on sampled tp)] |  MAPE 0.017084 | RMSE 0.092417 |
Epoch 0010 [Test seq (cond on sampled tp)] | MAPE 0.134255 | RMSE 0.142541|
0.031238645315170288,0.03466532379388809,0.04591675475239754,0.07740741968154907,0.07606621831655502,0.06050986796617508,0.05277777835726738,0.036738406866788864,0.044831905514001846,0.05355139449238777,0.12509195506572723,0.31002816557884216,0.16204598546028137,0.7687007188796997
0.14063901963815348,0.13704338360376161,0.13873946866242834,0.1378143756224138,0.13976368450184515,0.14048274447878345,0.1378352624126063,0.13485225021914476,0.1407359731754343,0.1453011792910705,0.14873003367850676,0.1487942411743824,0.15224200298889132,0.15259804043391295
Experiment 08-23_02:31
Epoch 0011 [Train seq (cond on sampled tp)] | Loss 1.191351 | MAPE 0.146079 | RMSE 0.091632 | Likelihood -1.191351 | KL fp 0.0000 | FP STD 0.0000 | ->nfe    0.00 | <-nfe    0.00
Epoch 0011 [Val seq (cond on sampled tp)] |  MAPE 0.016903 | RMSE 0.091795 |
Epoch 0011 [Test seq (cond on sampled tp)] | MAPE 0.130938 | RMSE 0.140610|
0.030435441061854362,0.03396088257431984,0.04523367062211037,0.0751059502363205,0.07740939408540726,0.05954171344637871,0.0514674186706543,0.0378885343670845,0.04391894116997719,0.05156514793634415,0.12370417267084122,0.30378657579421997,0.15757717192173004,0.7415397763252258
0.13961610886696807,0.136333863867172,0.13619986569801296,0.13484863129861066,0.13969885309538063,0.1389351749448704,0.13426363788360862,0.13301423823313618,0.13882794127401152,0.14322611126386212,0.14619102987624488,0.14811248709343533,0.14803587386995173,0.15123272122254233
Experiment 08-23_02:31
Epoch 0012 [Train seq (cond on sampled tp)] | Loss 1.176050 | MAPE 0.147592 | RMSE 0.091028 | Likelihood -1.176050 | KL fp 0.0000 | FP STD 0.0000 | ->nfe    0.00 | <-nfe    0.00
Epoch 0012 [Val seq (cond on sampled tp)] |  MAPE 0.016806 | RMSE 0.091158 |
Best Val!
Epoch 0012 [Test seq (cond on sampled tp)] | MAPE 0.130892 | RMSE 0.141260|
0.031002109870314598,0.03487934544682503,0.045397575944662094,0.07377297431230545,0.07882870733737946,0.05873417854309082,0.051375698298215866,0.035725176334381104,0.044074058532714844,0.051792990416288376,0.11689062416553497,0.30977070331573486,0.1565292924642563,0.7437161803245544
0.13989861626767286,0.1355753909850141,0.13696948628855432,0.135665206212375,0.13969242630236217,0.1394605306053455,0.13607518770265223,0.13232108671979098,0.14049997334887296,0.1443140227492308,0.1466406370212751,0.14951067649433178,0.1484072742306325,0.15261630594796147
Experiment 08-23_02:31
Epoch 0013 [Train seq (cond on sampled tp)] | Loss 1.178488 | MAPE 0.150274 | RMSE 0.091126 | Likelihood -1.178488 | KL fp 0.0000 | FP STD 0.0000 | ->nfe    0.00 | <-nfe    0.00
Epoch 0013 [Val seq (cond on sampled tp)] |  MAPE 0.017261 | RMSE 0.091703 |
Epoch 0013 [Test seq (cond on sampled tp)] | MAPE 0.133471 | RMSE 0.141508|
0.0301953312009573,0.0345953069627285,0.04471750929951668,0.07598983496427536,0.07567495107650757,0.05970967933535576,0.05125976726412773,0.03491005674004555,0.0441519170999527,0.05198096111416817,0.12162909656763077,0.31370604038238525,0.16139046847820282,0.7686874270439148
0.14047282647952916,0.13692104495932134,0.1377905996160869,0.13677565207954348,0.14066891514343066,0.13905446908028038,0.13615600711248385,0.13330582549783074,0.1396996397572032,0.1439155338183772,0.14692095230447302,0.1480301739373938,0.14971328518241092,0.1516916673376249
Experiment 08-23_02:31
Epoch 0014 [Train seq (cond on sampled tp)] | Loss 1.179969 | MAPE 0.147944 | RMSE 0.091192 | Likelihood -1.179969 | KL fp 0.0000 | FP STD 0.0000 | ->nfe    0.00 | <-nfe    0.00
Epoch 0014 [Val seq (cond on sampled tp)] |  MAPE 0.016965 | RMSE 0.091538 |
Epoch 0014 [Test seq (cond on sampled tp)] | MAPE 0.133771 | RMSE 0.140729|
0.030992358922958374,0.033986009657382965,0.044823624193668365,0.07335671037435532,0.07887184619903564,0.05943196639418602,0.050743263214826584,0.03592638298869133,0.0445733442902565,0.05032983422279358,0.12355228513479233,0.3065999448299408,0.15830832719802856,0.7813035845756531
0.13938199481175825,0.1356529930776529,0.1362320274345895,0.13563867780168606,0.14128832536610036,0.13874048228311184,0.13495268485953824,0.13262907854122433,0.14030957609753686,0.1419971202848811,0.14618373537292462,0.14784762857260447,0.14898451600570686,0.15036461345098406
Experiment 08-23_02:31
Epoch 0015 [Train seq (cond on sampled tp)] | Loss 1.164891 | MAPE 0.148576 | RMSE 0.090550 | Likelihood -1.164891 | KL fp 0.0000 | FP STD 0.0000 | ->nfe    0.00 | <-nfe    0.00
Epoch 0015 [Val seq (cond on sampled tp)] |  MAPE 0.016997 | RMSE 0.091498 |
Epoch 0015 [Test seq (cond on sampled tp)] | MAPE 0.133210 | RMSE 0.141407|
0.03108401410281658,0.03516588360071182,0.04630463197827339,0.07586496323347092,0.07715602219104767,0.058395154774188995,0.051827240735292435,0.0365104153752327,0.04394645243883133,0.05064986273646355,0.11922325193881989,0.3169865608215332,0.1629602462053299,0.75887131690979
0.14068411538227169,0.1372782498623859,0.13767922084200881,0.13612153541562694,0.1391553643723359,0.1389656715609677,0.13540635314205,0.1344772446125921,0.14052230343451452,0.1432647176895426,0.14744680854864264,0.1485790406055583,0.14901889954103353,0.15109578689456699
Experiment 08-23_02:31
Epoch 0016 [Train seq (cond on sampled tp)] | Loss 1.175673 | MAPE 0.148369 | RMSE 0.090989 | Likelihood -1.175673 | KL fp 0.0000 | FP STD 0.0000 | ->nfe    0.00 | <-nfe    0.00
Epoch 0016 [Val seq (cond on sampled tp)] |  MAPE 0.017002 | RMSE 0.091312 |
Epoch 0016 [Test seq (cond on sampled tp)] | MAPE 0.132215 | RMSE 0.141086|
0.030740443617105484,0.03400103375315666,0.046055372804403305,0.07556889951229095,0.07745347172021866,0.05871652439236641,0.05048113688826561,0.03661824017763138,0.043879806995391846,0.05255931243300438,0.12178297340869904,0.31156787276268005,0.15837866067886353,0.7532090544700623
0.14085535547251968,0.1359812805773103,0.1365173900612831,0.13655141399175946,0.14059015345631393,0.13883360981236315,0.1357838820497565,0.1329953113568412,0.1395388019457459,0.1452569142540911,0.14747836786793778,0.14605445715903162,0.14840893721582504,0.150359181423909
Experiment 08-23_02:31
Epoch 0017 [Train seq (cond on sampled tp)] | Loss 1.164637 | MAPE 0.147822 | RMSE 0.090536 | Likelihood -1.164637 | KL fp 0.0000 | FP STD 0.0000 | ->nfe    0.00 | <-nfe    0.00
Epoch 0017 [Val seq (cond on sampled tp)] |  MAPE 0.016993 | RMSE 0.091301 |
Epoch 0017 [Test seq (cond on sampled tp)] | MAPE 0.132758 | RMSE 0.140833|
0.03052694909274578,0.03404287248849869,0.04528613016009331,0.07587277889251709,0.07578980177640915,0.06011589989066124,0.05139235779643059,0.03611457347869873,0.04406994581222534,0.05148060992360115,0.11990833282470703,0.31496843695640564,0.15909907221794128,0.7599384188652039
0.14001209419667793,0.13548963365983774,0.13633779174503818,0.1346909274530324,0.13945924841635945,0.13935078731337722,0.13580591777741743,0.1333137897110731,0.1392677226024713,0.14423487535922366,0.14579619562049834,0.14882435080481024,0.14846531707722746,0.15061122023996223
Experiment 08-23_02:31
Epoch 0018 [Train seq (cond on sampled tp)] | Loss 1.171644 | MAPE 0.145740 | RMSE 0.090936 | Likelihood -1.171644 | KL fp 0.0000 | FP STD 0.0000 | ->nfe    0.00 | <-nfe    0.00
Epoch 0018 [Val seq (cond on sampled tp)] |  MAPE 0.016973 | RMSE 0.090660 |
Epoch 0018 [Test seq (cond on sampled tp)] | MAPE 0.131521 | RMSE 0.140384|
0.03024148941040039,0.0339541994035244,0.04500870779156685,0.07451608031988144,0.07807180285453796,0.058547522872686386,0.05174911767244339,0.03677436709403992,0.043579041957855225,0.051435329020023346,0.12028689682483673,0.29903462529182434,0.1591576635837555,0.7589330077171326
0.13856045854249302,0.13562999864455125,0.13562662708167855,0.13504670036284325,0.14025564165294077,0.13856459215208156,0.1358219913842985,0.13322194880940988,0.13887631430591987,0.1419292407498888,0.14473525032809142,0.1487476784761372,0.1481879357440548,0.15016603420108854
Experiment 08-23_02:31
Epoch 0019 [Train seq (cond on sampled tp)] | Loss 1.155547 | MAPE 0.146836 | RMSE 0.090297 | Likelihood -1.155547 | KL fp 0.0000 | FP STD 0.0000 | ->nfe    0.00 | <-nfe    0.00
Epoch 0019 [Val seq (cond on sampled tp)] |  MAPE 0.016885 | RMSE 0.091361 |
Epoch 0019 [Test seq (cond on sampled tp)] | MAPE 0.132424 | RMSE 0.140801|
0.030276605859398842,0.03437436372041702,0.04507811740040779,0.07468707859516144,0.0783306136727333,0.05918395519256592,0.051641762256622314,0.03587114438414574,0.04420230910181999,0.051500868052244186,0.1221451535820961,0.3134954571723938,0.15839608013629913,0.754751443862915
0.1392808558056418,0.1360879788669666,0.13607729569262464,0.13578698221887706,0.13902302058372568,0.1392551967594545,0.13554770444676678,0.13306188310567071,0.1387637398227381,0.14373306299028174,0.14604450303568928,0.14807071040984676,0.14944925704034667,0.15103633778039763
Experiment 08-23_02:31
Epoch 0020 [Train seq (cond on sampled tp)] | Loss 1.167628 | MAPE 0.144844 | RMSE 0.090922 | Likelihood -1.167628 | KL fp 0.0000 | FP STD 0.0000 | ->nfe    0.00 | <-nfe    0.00
Epoch 0020 [Val seq (cond on sampled tp)] |  MAPE 0.016799 | RMSE 0.091009 |
Best Val!
Epoch 0020 [Test seq (cond on sampled tp)] | MAPE 0.131275 | RMSE 0.139859|
0.030286675319075584,0.034144576638936996,0.04485100135207176,0.07430590689182281,0.07626394927501678,0.05897700786590576,0.050552692264318466,0.036342497915029526,0.04389255866408348,0.05148670822381973,0.12038674205541611,0.3095880150794983,0.1575707048177719,0.7491949796676636
0.13931898456146619,0.13580872256682447,0.13595723195301615,0.1351670974722326,0.1381059435174178,0.13843016311156478,0.1342261962579227,0.1312338963915571,0.13833366036615818,0.1426933489251132,0.14557896225055822,0.1474721727448924,0.1470498044126819,0.1486457004548753
Experiment 08-23_02:31
Epoch 0021 [Train seq (cond on sampled tp)] | Loss 1.145197 | MAPE 0.144207 | RMSE 0.089933 | Likelihood -1.145197 | KL fp 0.0000 | FP STD 0.0000 | ->nfe    0.00 | <-nfe    0.00
Epoch 0021 [Val seq (cond on sampled tp)] |  MAPE 0.016815 | RMSE 0.090943 |
Epoch 0021 [Test seq (cond on sampled tp)] | MAPE 0.132342 | RMSE 0.140349|
0.03030710481107235,0.03442962467670441,0.04520563408732414,0.07487016916275024,0.0774829089641571,0.05865124613046646,0.05163038894534111,0.03661287575960159,0.04421074688434601,0.05158885195851326,0.12043855339288712,0.3112522065639496,0.1593116968870163,0.7567977905273438
0.139136181824139,0.13595660174104274,0.1360473085166304,0.13533589738962934,0.1393123864861835,0.13882794127401152,0.13531494828887908,0.13220126784886418,0.13877932321361516,0.14284922679507273,0.14502817507071028,0.14790495282677693,0.14805944510167,0.15013648519327857
Experiment 08-23_02:31
Epoch 0022 [Train seq (cond on sampled tp)] | Loss 1.157894 | MAPE 0.145808 | RMSE 0.090566 | Likelihood -1.157894 | KL fp 0.0000 | FP STD 0.0000 | ->nfe    0.00 | <-nfe    0.00
Epoch 0022 [Val seq (cond on sampled tp)] |  MAPE 0.016889 | RMSE 0.090777 |
Epoch 0022 [Test seq (cond on sampled tp)] | MAPE 0.130892 | RMSE 0.139500|
0.030222345143556595,0.03369506821036339,0.04493182525038719,0.07439786195755005,0.07621876150369644,0.058293115347623825,0.050332892686128616,0.03630245104432106,0.043630193918943405,0.05088803172111511,0.12000470608472824,0.30802130699157715,0.15761025249958038,0.7479440569877625
0.13891344788764365,0.13537947819603793,0.13558160078695908,0.1349129424481898,0.13855381762368907,0.1373438983998891,0.134151045617224,0.13146813266818672,0.13782553906291203,0.1417491932506243,0.14473911750895116,0.14693969534390464,0.14680539241968873,0.148633432324354
Experiment 08-23_02:31
Epoch 0023 [Train seq (cond on sampled tp)] | Loss 1.135582 | MAPE 0.142972 | RMSE 0.089520 | Likelihood -1.135582 | KL fp 0.0000 | FP STD 0.0000 | ->nfe    0.00 | <-nfe    0.00
Epoch 0023 [Val seq (cond on sampled tp)] |  MAPE 0.016804 | RMSE 0.090971 |
Epoch 0023 [Test seq (cond on sampled tp)] | MAPE 0.132137 | RMSE 0.140386|
0.030281802639365196,0.03408152610063553,0.04533052444458008,0.07480795681476593,0.07728608697652817,0.05921236798167229,0.05104696750640869,0.036584895104169846,0.04390750452876091,0.05099618434906006,0.12068235874176025,0.3109297454357147,0.15914635360240936,0.7556228637695312
0.13944351392906115,0.13564933372877735,0.13624787988456855,0.13552117365145144,0.13938681230610592,0.13886905137754788,0.1350194986156555,0.13246250317029884,0.13888931688269263,0.14217988664554543,0.14581738892880974,0.14785294500634324,0.14811221042377457,0.14994769699457774
