/nvme/yuanjingyang/CG-ODE/ode18/run_data_social.py
ode18/run_data_social.py
Namespace(dataset='social', datapath='data/', pred_length=10, condition_length=20, training_end_time=320, add_popularity=True, features_inc=True, split_interval=5, niters=50, lr=0.005, batch_size=8, random_seed=1991, dropout=0.2, l2=1e-05, optimizer='AdamW', clip=10, edge_lamda=0.5, heavyBall=False, actv_h=None, gamma_guess=-3.0, gamma_act='sigmoid', corr=-100, corrf=True, sign=1, augment_dim=0, solver='rk4', rtol=0.01, atol=0.01, alias='run', feature_out_index=[0, 1], output_dim=2, num_atoms=80)
run
Experiment 09-03_22:40
Epoch 0001 [Train seq (cond on sampled tp)] | Loss 41.869255 | MAPE 1.035094 | RMSE 0.491305 |MAE 0.291130 | Likelihood -38.595621 | KL fp 3.2736 | FP STD 0.0319 | ->nfe   66.86 | <-nfe   36.00
Epoch 0001 [Val seq (cond on sampled tp)] |  MAPE 0.031868 | RMSE 0.171209 | MAE 0.129478 |
Best Val!
Epoch 0001 [Test seq (cond on sampled tp)] | MAPE 0.113798 | RMSE 0.289824| MAE 0.246721|
0.05264735221862793,0.050821222364902496,0.05697883293032646,0.11588195711374283,0.07613202184438705,0.07580450177192688,0.06907539814710617,0.052738841623067856,0.06354556232690811,0.066816046833992,0.11773393303155899,0.28257790207862854,0.1279507726430893,0.3844664990901947
0.28792145769703137,0.2754748465890628,0.2745154794104954,0.2900561318046771,0.3042327470503212,0.28309521427906487,0.27645987045035164,0.27071111317748026,0.30569980643908606,0.29091801382463356,0.3048851521394291,0.2948097495855894,0.3009736448984497,0.2977815014096209
0.05264735221862793,0.050821222364902496,0.05697883293032646,0.11588195711374283,0.07613202184438705,0.07580450177192688,0.06907539814710617,0.052738841623067856,0.06354556232690811,0.066816046833992,0.11773393303155899,0.28257790207862854,0.1279507726430893,0.3844664990901947
0.28792145769703137,0.2754748465890628,0.2745154794104954,0.2900561318046771,0.3042327470503212,0.28309521427906487,0.27645987045035164,0.27071111317748026,0.30569980643908606,0.29091801382463356,0.3048851521394291,0.2948097495855894,0.3009736448984497,0.2977815014096209
Epoch 0001 [Test seq (cond on sampled tp)] | Best Test MAPE 0.113798|Best Test RMSE 0.289824|Best Test MAE 0.246721|
Experiment 09-03_22:40
Epoch 0002 [Train seq (cond on sampled tp)] | Loss 6.251266 | MAPE 0.310319 | RMSE 0.138535 |MAE 0.099107 | Likelihood -3.071028 | KL fp 3.1802 | FP STD 0.0305 | ->nfe  149.14 | <-nfe   36.00
Epoch 0002 [Val seq (cond on sampled tp)] |  MAPE 0.027803 | RMSE 0.116891 | MAE 0.080195 |
Best Val!
Epoch 0002 [Test seq (cond on sampled tp)] | MAPE 0.164205 | RMSE 0.201383| MAE 0.163803|
0.0474991612136364,0.051620613783597946,0.0594770722091198,0.08222764730453491,0.11468157917261124,0.08290181308984756,0.09114760160446167,0.04363073781132698,0.05941370129585266,0.06721282005310059,0.12050800770521164,0.39405784010887146,0.17570652067661285,0.908786416053772
0.19679048177246766,0.20115264319184503,0.19598208093657726,0.19809023666455705,0.18998352995812487,0.19778844272772422,0.18772548786261994,0.1974630312332249,0.20716581829541303,0.21619796507254432,0.192297824734839,0.21126492131597552,0.21749868295259833,0.20995854221130972
Experiment 09-03_22:40
Epoch 0003 [Train seq (cond on sampled tp)] | Loss 5.819002 | MAPE 0.324877 | RMSE 0.129127 |MAE 0.091811 | Likelihood -2.654015 | KL fp 3.1650 | FP STD 0.0345 | ->nfe  149.14 | <-nfe   36.00
Epoch 0003 [Val seq (cond on sampled tp)] |  MAPE 0.036348 | RMSE 0.154805 | MAE 0.110563 |
Epoch 0003 [Test seq (cond on sampled tp)] | MAPE 0.244749 | RMSE 0.273438| MAE 0.225875|
0.05947587639093399,0.08096684515476227,0.09264688938856125,0.1232181191444397,0.15516771376132965,0.10080993175506592,0.09987443685531616,0.08277248591184616,0.08765985816717148,0.09665145725011826,0.20280054211616516,0.4789682924747467,0.30144840478897095,1.464022159576416
0.24898281888113435,0.26718960699845684,0.2588798939349599,0.2669944104518592,0.2657992829042252,0.25666302854624456,0.2610500247258641,0.25209801226561995,0.2955095612549204,0.2793720250963387,0.28904671239268365,0.29434577302756937,0.29542583077200846,0.29677592682319753
Experiment 09-03_22:40
Epoch 0004 [Train seq (cond on sampled tp)] | Loss 5.810097 | MAPE 0.328910 | RMSE 0.137429 |MAE 0.098003 | Likelihood -2.959808 | KL fp 2.8503 | FP STD 0.0446 | ->nfe  149.14 | <-nfe   36.00
Epoch 0004 [Val seq (cond on sampled tp)] |  MAPE 0.024629 | RMSE 0.112476 | MAE 0.079898 |
Best Val!
Epoch 0004 [Test seq (cond on sampled tp)] | MAPE 0.129629 | RMSE 0.184963| MAE 0.147964|
0.04358635097742081,0.04242273047566414,0.04971035569906235,0.10405894368886948,0.06737638264894485,0.07112137228250504,0.04722975566983223,0.044023435562849045,0.05259336158633232,0.05672124773263931,0.11754714697599411,0.3650994598865509,0.12256099283695221,0.6307476162910461
0.1713135989893943,0.18012593518013714,0.18313715342725226,0.18975780017059146,0.17993641281528244,0.17911604528411926,0.18439151035351978,0.18384004872791737,0.19151256489182136,0.19467954115726444,0.19093336350600684,0.18313039991404692,0.18843606899281148,0.18916545736420667
Experiment 09-03_22:40
Epoch 0005 [Train seq (cond on sampled tp)] | Loss 4.727101 | MAPE 0.227299 | RMSE 0.111233 |MAE 0.079889 | Likelihood -1.939319 | KL fp 2.7878 | FP STD 0.0493 | ->nfe  149.14 | <-nfe   36.00
Epoch 0005 [Val seq (cond on sampled tp)] |  MAPE 0.020351 | RMSE 0.101504 | MAE 0.067401 |
Best Val!
Epoch 0005 [Test seq (cond on sampled tp)] | MAPE 0.129923 | RMSE 0.161420| MAE 0.121931|
0.03600470721721649,0.041232552379369736,0.05283574387431145,0.07854330539703369,0.07926327735185623,0.06055828556418419,0.05523718520998955,0.03201757371425629,0.04418298229575157,0.05284242704510689,0.13307347893714905,0.2824690341949463,0.1434359848499298,0.7272322773933411
0.16146549790903844,0.1559874116261346,0.15602930695698952,0.1491633224900507,0.16824986531753874,0.15967440810911349,0.1671405322957341,0.15407852827459795,0.15611904736411167,0.1645593839032347,0.16934399063162242,0.1785946556295293,0.15944647518610472,0.16002309893226946
Experiment 09-03_22:40
Epoch 0006 [Train seq (cond on sampled tp)] | Loss 4.416185 | MAPE 0.198544 | RMSE 0.107825 |MAE 0.076219 | Likelihood -1.867036 | KL fp 2.5491 | FP STD 0.0665 | ->nfe  149.14 | <-nfe   36.00
Epoch 0006 [Val seq (cond on sampled tp)] |  MAPE 0.022000 | RMSE 0.106717 | MAE 0.070615 |
Epoch 0006 [Test seq (cond on sampled tp)] | MAPE 0.166840 | RMSE 0.179431| MAE 0.137722|
0.0449405238032341,0.043750252574682236,0.049069661647081375,0.10864589363336563,0.10657674074172974,0.07957370579242706,0.0665619745850563,0.044418033212423325,0.053624916821718216,0.05830053612589836,0.1659582555294037,0.3524220883846283,0.17936956882476807,0.9825537800788879
0.17248533536420937,0.17460018854916226,0.16869535863993457,0.181508272414675,0.1814807578000205,0.17693932839476037,0.16989302116170069,0.16241219399515205,0.17888789978203914,0.179800029431591,0.1942074892733939,0.18910451650725482,0.18262956954675355,0.19938814217054665
Experiment 09-03_22:40
Epoch 0007 [Train seq (cond on sampled tp)] | Loss 4.361174 | MAPE 0.223605 | RMSE 0.111570 |MAE 0.079572 | Likelihood -2.012770 | KL fp 2.3484 | FP STD 0.0844 | ->nfe  149.14 | <-nfe   36.00
Epoch 0007 [Val seq (cond on sampled tp)] |  MAPE 0.026318 | RMSE 0.111125 | MAE 0.080344 |
Epoch 0007 [Test seq (cond on sampled tp)] | MAPE 0.119030 | RMSE 0.182421| MAE 0.149097|
0.0424329936504364,0.04279737547039986,0.060099758207798004,0.08018811792135239,0.07103253155946732,0.07319559156894684,0.05944742634892464,0.03957677260041237,0.049540963023900986,0.06094665080308914,0.12043478339910507,0.2956520617008209,0.17081066966056824,0.5002712607383728
0.1848049287344923,0.1831016133220407,0.18619679515118506,0.1863232382047557,0.17392733239623287,0.17783341425567914,0.1762649820855556,0.1758479786420855,0.1742548633574723,0.19557840366683482,0.17671160858052506,0.1785706245455352,0.19477760503030847,0.18969391730261156
Experiment 09-03_22:40
Epoch 0008 [Train seq (cond on sampled tp)] | Loss 4.007554 | MAPE 0.186485 | RMSE 0.106274 |MAE 0.075406 | Likelihood -1.819961 | KL fp 2.1876 | FP STD 0.1014 | ->nfe  149.14 | <-nfe   36.00
Epoch 0008 [Val seq (cond on sampled tp)] |  MAPE 0.022505 | RMSE 0.107352 | MAE 0.077684 |
Epoch 0008 [Test seq (cond on sampled tp)] | MAPE 0.133723 | RMSE 0.176738| MAE 0.145536|
0.042342331260442734,0.03863570839166641,0.041545163840055466,0.06624983251094818,0.08727028965950012,0.07008681446313858,0.06568359583616257,0.04225980117917061,0.054777950048446655,0.05726995691657066,0.104838527739048,0.33093976974487305,0.15234749019145966,0.7178773880004883
0.17490540165786608,0.16576918655173775,0.16179290006793562,0.1677778734146969,0.17280651302900546,0.1755070083552196,0.1769808736942975,0.17055859699759923,0.18311520359864403,0.1884439865185214,0.17564068048023426,0.1877866183519949,0.18627785698370433,0.18697386674798952
Experiment 09-03_22:40
Epoch 0009 [Train seq (cond on sampled tp)] | Loss 3.791157 | MAPE 0.224165 | RMSE 0.105751 |MAE 0.076219 | Likelihood -1.758215 | KL fp 2.0329 | FP STD 0.1246 | ->nfe  149.14 | <-nfe   36.00
Epoch 0009 [Val seq (cond on sampled tp)] |  MAPE 0.022422 | RMSE 0.108193 | MAE 0.075593 |
Epoch 0009 [Test seq (cond on sampled tp)] | MAPE 0.140543 | RMSE 0.178865| MAE 0.141208|
0.040034469217061996,0.03947059437632561,0.04665273800492287,0.08696651458740234,0.0841284692287445,0.07032947987318039,0.06682941317558289,0.046168915927410126,0.04978763312101364,0.056009091436862946,0.13442762196063995,0.34997105598449707,0.15747903287410736,0.7393414378166199
0.17181501100265706,0.1739351446768088,0.16395765314926472,0.17700198469490558,0.18187692100454242,0.17413497480088538,0.1763826202957222,0.18149173951529873,0.1829747559973055,0.18181003340972027,0.17810215468889082,0.1859121641961515,0.1827788122226197,0.19193700267015554
Experiment 09-03_22:40
Epoch 0010 [Train seq (cond on sampled tp)] | Loss 3.677864 | MAPE 0.210316 | RMSE 0.108592 |MAE 0.077987 | Likelihood -1.875757 | KL fp 1.8021 | FP STD 0.1614 | ->nfe  149.14 | <-nfe   36.00
Epoch 0010 [Val seq (cond on sampled tp)] |  MAPE 0.026294 | RMSE 0.108196 | MAE 0.075912 |
Epoch 0010 [Test seq (cond on sampled tp)] | MAPE 0.148950 | RMSE 0.175461| MAE 0.141466|
0.037988241761922836,0.04752059653401375,0.04825197160243988,0.07345034182071686,0.08229877799749374,0.05817514657974243,0.05255072936415672,0.043733369559049606,0.051180846989154816,0.06634724140167236,0.14756904542446136,0.3022877275943756,0.1761777251958847,0.8977656364440918
0.16661892271656442,0.17539858492012111,0.16228241475005187,0.1665992016641796,0.1786876100417736,0.18006293838908394,0.16058953338026663,0.17643225706224466,0.1767499142141417,0.1848527775363353,0.17874531858156043,0.17451226693842709,0.1860733093226682,0.18885049637708304
Experiment 09-03_22:40
Epoch 0011 [Train seq (cond on sampled tp)] | Loss 3.440296 | MAPE 0.201784 | RMSE 0.107413 |MAE 0.076572 | Likelihood -1.867844 | KL fp 1.5725 | FP STD 0.2023 | ->nfe  149.14 | <-nfe   36.00
Epoch 0011 [Val seq (cond on sampled tp)] |  MAPE 0.021610 | RMSE 0.111581 | MAE 0.079337 |
Epoch 0011 [Test seq (cond on sampled tp)] | MAPE 0.135241 | RMSE 0.182838| MAE 0.149528|
0.04104640334844589,0.04118499532341957,0.05006523057818413,0.07595700770616531,0.09607776254415512,0.06314519792795181,0.0717315599322319,0.04455961287021637,0.047404348850250244,0.05165034532546997,0.16037669777870178,0.2862392067909241,0.15320752561092377,0.7107217907905579
0.17539839907878496,0.17217140756895508,0.1770060676885722,0.1715951885200606,0.1857429672850597,0.18023775683712176,0.18488002203554854,0.17987159959138455,0.18671110209360364,0.18228076607038093,0.19209017499033107,0.1854279287450527,0.18054152792354417,0.2057733106131568
Experiment 09-03_22:40
Epoch 0012 [Train seq (cond on sampled tp)] | Loss 3.367208 | MAPE 0.218698 | RMSE 0.110061 |MAE 0.079114 | Likelihood -1.930895 | KL fp 1.4363 | FP STD 0.2340 | ->nfe  149.14 | <-nfe   36.00
Epoch 0012 [Val seq (cond on sampled tp)] |  MAPE 0.022181 | RMSE 0.117230 | MAE 0.084239 |
Epoch 0012 [Test seq (cond on sampled tp)] | MAPE 0.141989 | RMSE 0.191320| MAE 0.156765|
0.042075496166944504,0.04200111702084541,0.05583057552576065,0.0876796618103981,0.07634259760379791,0.07791684567928314,0.07053044438362122,0.04321834072470665,0.053853072226047516,0.05724890157580376,0.11293228715658188,0.34487029910087585,0.17766746878623962,0.7456827163696289
0.18457945543683366,0.17038332009168822,0.19034573587369,0.18625513722548245,0.18743367810310335,0.18870290694524622,0.18581093519702235,0.19125011459671276,0.19803607730661446,0.19008479063150513,0.2075111028418226,0.19832267442746523,0.20574163547990082,0.19402434898547904
Experiment 09-03_22:40
Epoch 0013 [Train seq (cond on sampled tp)] | Loss 3.179785 | MAPE 0.230290 | RMSE 0.108404 |MAE 0.077797 | Likelihood -1.869541 | KL fp 1.3102 | FP STD 0.2576 | ->nfe  149.14 | <-nfe   36.00
Epoch 0013 [Val seq (cond on sampled tp)] |  MAPE 0.025943 | RMSE 0.111612 | MAE 0.079540 |
Epoch 0013 [Test seq (cond on sampled tp)] | MAPE 0.140478 | RMSE 0.187716| MAE 0.152965|
0.03639044985175133,0.04730711504817009,0.052924007177352905,0.0715603455901146,0.08588941395282745,0.0664435625076294,0.06510954350233078,0.03864505514502525,0.04983321577310562,0.06301061809062958,0.1584572046995163,0.3782716691493988,0.16132202744483948,0.6915230751037598
0.17915377963279416,0.1830593407066244,0.18296535980706294,0.17896515322188777,0.18228322872433128,0.18279212080021792,0.18340985239273616,0.17112661660025022,0.18626252745094452,0.19175698784289327,0.19543579978008124,0.21371282816186377,0.19715506221856652,0.1999445298131534
Experiment 09-03_22:40
Epoch 0014 [Train seq (cond on sampled tp)] | Loss 3.054971 | MAPE 0.210610 | RMSE 0.108819 |MAE 0.078009 | Likelihood -1.874823 | KL fp 1.1801 | FP STD 0.2919 | ->nfe  149.14 | <-nfe   36.00
Epoch 0014 [Val seq (cond on sampled tp)] |  MAPE 0.021268 | RMSE 0.109317 | MAE 0.076358 |
Epoch 0014 [Test seq (cond on sampled tp)] | MAPE 0.149658 | RMSE 0.182273| MAE 0.147289|
0.04164685681462288,0.046157944947481155,0.049633271992206573,0.07402192801237106,0.06804399937391281,0.06526020914316177,0.07801268249750137,0.04004853591322899,0.04598843678832054,0.06478873640298843,0.0902637243270874,0.29361531138420105,0.20413783192634583,0.9335920214653015
0.18324348842831564,0.17437459471358094,0.1750066379156732,0.17702683898669308,0.1676827757525715,0.17814505991163546,0.17836296097989068,0.1673540021567967,0.1802744504790606,0.19527798347652986,0.1914014134477177,0.1869133374270862,0.19015270532330608,0.2066094762621137
Experiment 09-03_22:40
Epoch 0015 [Train seq (cond on sampled tp)] | Loss 2.982994 | MAPE 0.251985 | RMSE 0.109299 |MAE 0.078545 | Likelihood -1.900424 | KL fp 1.0826 | FP STD 0.3157 | ->nfe  149.14 | <-nfe   36.00
Epoch 0015 [Val seq (cond on sampled tp)] |  MAPE 0.024835 | RMSE 0.112882 | MAE 0.081252 |
Epoch 0015 [Test seq (cond on sampled tp)] | MAPE 0.144740 | RMSE 0.185703| MAE 0.150436|
0.04367886856198311,0.04022154211997986,0.05920224264264107,0.07840310782194138,0.09391620755195618,0.07169647514820099,0.06436403095722198,0.04730115085840225,0.05145769193768501,0.05805060267448425,0.13987979292869568,0.3174135982990265,0.18439771234989166,0.7763788104057312
0.18120365495761334,0.1736054440739033,0.17986540694631886,0.17583068046689115,0.17826523990607898,0.18824260402110118,0.18205801885677256,0.18436154663982116,0.19412821302131467,0.1897300092993915,0.1954341414266404,0.19507763092198438,0.19175247097910036,0.1902880019281981
Experiment 09-03_22:40
Epoch 0016 [Train seq (cond on sampled tp)] | Loss 2.921049 | MAPE 0.216718 | RMSE 0.109271 |MAE 0.078310 | Likelihood -1.897471 | KL fp 1.0236 | FP STD 0.3256 | ->nfe  149.14 | <-nfe   36.00
Epoch 0016 [Val seq (cond on sampled tp)] |  MAPE 0.023595 | RMSE 0.106079 | MAE 0.075215 |
Epoch 0016 [Test seq (cond on sampled tp)] | MAPE 0.136980 | RMSE 0.173432| MAE 0.140347|
0.03781021386384964,0.04087892919778824,0.056094806641340256,0.06743687391281128,0.08008577674627304,0.06227349862456322,0.05404031276702881,0.04013828560709953,0.05032552406191826,0.052282895892858505,0.09861661493778229,0.3261345624923706,0.14559607207775116,0.8060041666030884
0.1669996326861511,0.1745265420724396,0.17268672454092432,0.16115423117958524,0.17212545505060453,0.1733320583690541,0.16283543129622516,0.15919041743711004,0.1778340008043701,0.1758338955351202,0.17825708971129056,0.18304355846270878,0.17719199666031082,0.19303225773391894
Experiment 09-03_22:40
Epoch 0017 [Train seq (cond on sampled tp)] | Loss 2.767315 | MAPE 0.204881 | RMSE 0.106795 |MAE 0.076660 | Likelihood -1.806591 | KL fp 0.9607 | FP STD 0.3415 | ->nfe  149.14 | <-nfe   36.00
Epoch 0017 [Val seq (cond on sampled tp)] |  MAPE 0.025121 | RMSE 0.108600 | MAE 0.075865 |
Epoch 0017 [Test seq (cond on sampled tp)] | MAPE 0.142524 | RMSE 0.174775| MAE 0.139610|
0.04064098745584488,0.038874801248311996,0.04983856528997421,0.08546984195709229,0.08731266856193542,0.06673311442136765,0.050850629806518555,0.03766308352351189,0.054974526166915894,0.057345177978277206,0.13057217001914978,0.2953944802284241,0.1732298880815506,0.8264423608779907
0.16740231595090876,0.16508639520274165,0.16436399277938923,0.17349691661986136,0.17487515462366812,0.16511947320710205,0.17559594347558496,0.16767133952385815,0.17797630737776698,0.18683190328847307,0.18341643313192704,0.18018719396654512,0.17732571161429336,0.18750135103374746
Experiment 09-03_22:40
Epoch 0018 [Train seq (cond on sampled tp)] | Loss 2.694344 | MAPE 0.198133 | RMSE 0.106126 |MAE 0.076001 | Likelihood -1.794946 | KL fp 0.8994 | FP STD 0.3731 | ->nfe  149.14 | <-nfe   36.00
Epoch 0018 [Val seq (cond on sampled tp)] |  MAPE 0.022924 | RMSE 0.113536 | MAE 0.082071 |
Epoch 0018 [Test seq (cond on sampled tp)] | MAPE 0.137108 | RMSE 0.183702| MAE 0.148131|
0.039462193846702576,0.04436541721224785,0.04954291135072708,0.07371549308300018,0.08983307331800461,0.05693409591913223,0.07226588577032089,0.04157162830233574,0.04757745936512947,0.05397787317633629,0.08606895059347153,0.28699392080307007,0.1938583105802536,0.7833508849143982
0.18218306076373275,0.1770399907774897,0.17100926211820286,0.18207554380622953,0.18819955620523335,0.18143425775364933,0.17954740038306816,0.18445493735198995,0.1879074418280568,0.17362462143516877,0.17689394055849447,0.19875138756129704,0.1988683030429319,0.1898432382333396
Experiment 09-03_22:40
Epoch 0019 [Train seq (cond on sampled tp)] | Loss 2.702215 | MAPE 0.208618 | RMSE 0.109287 |MAE 0.078451 | Likelihood -1.897019 | KL fp 0.8052 | FP STD 0.3950 | ->nfe  149.14 | <-nfe   36.00
Epoch 0019 [Val seq (cond on sampled tp)] |  MAPE 0.021907 | RMSE 0.108029 | MAE 0.075773 |
Epoch 0019 [Test seq (cond on sampled tp)] | MAPE 0.126027 | RMSE 0.175210| MAE 0.139006|
0.0405755415558815,0.03989972174167633,0.052431583404541016,0.09137457609176636,0.07119853794574738,0.0672394409775734,0.056639134883880615,0.04114825651049614,0.04772793501615524,0.056822288781404495,0.1018575057387352,0.30324891209602356,0.1668860912322998,0.6273242831230164
0.17731863171662016,0.16311404277277422,0.16600543720176644,0.176322538061707,0.16847061986987608,0.1750944017064202,0.1759849586558424,0.16700091534387979,0.16190197903003478,0.18487471249437448,0.17646355662802707,0.1878392012366967,0.18956992884466814,0.18297396197172483
Experiment 09-03_22:40
Epoch 0020 [Train seq (cond on sampled tp)] | Loss 2.596151 | MAPE 0.211856 | RMSE 0.106060 |MAE 0.076177 | Likelihood -1.777067 | KL fp 0.8191 | FP STD 0.3920 | ->nfe  149.14 | <-nfe   36.00
Epoch 0020 [Val seq (cond on sampled tp)] |  MAPE 0.025132 | RMSE 0.108630 | MAE 0.076581 |
Epoch 0020 [Test seq (cond on sampled tp)] | MAPE 0.141582 | RMSE 0.175674| MAE 0.140280|
0.03751946613192558,0.03743669390678406,0.05119740962982178,0.07347027212381363,0.06467423588037491,0.06741645187139511,0.06279566138982773,0.04107647389173508,0.054997753351926804,0.05762597545981407,0.13969294726848602,0.3315262794494629,0.13784287869930267,0.8248798251152039
0.17190756272586405,0.16701974139519407,0.17717226450711013,0.17251288105893758,0.17131749681591485,0.17803793962996575,0.16671004637296752,0.17439343649808642,0.18711877851011685,0.1752796752479451,0.17633814546188833,0.1854528590483337,0.17578558916458345,0.18039115707431333
Experiment 09-03_22:40
Epoch 0021 [Train seq (cond on sampled tp)] | Loss 2.581627 | MAPE 0.203839 | RMSE 0.105939 |MAE 0.075636 | Likelihood -1.800989 | KL fp 0.7806 | FP STD 0.3974 | ->nfe  149.14 | <-nfe   36.00
Epoch 0021 [Val seq (cond on sampled tp)] |  MAPE 0.023341 | RMSE 0.108273 | MAE 0.077302 |
Epoch 0021 [Test seq (cond on sampled tp)] | MAPE 0.135615 | RMSE 0.174900| MAE 0.139999|
0.03637326508760452,0.04267653450369835,0.051998842507600784,0.0639689490199089,0.08734089881181717,0.056006308645009995,0.04427097365260124,0.044361233711242676,0.04279173165559769,0.05518149212002754,0.1369156688451767,0.27610549330711365,0.17210951447486877,0.7885118126869202
0.17192377677121487,0.1777911881411418,0.17513861275588205,0.16492227225389075,0.1710156393072925,0.1649384897537717,0.1734531247343698,0.16695517972039683,0.17340360194226254,0.18228407685056214,0.17350460335233997,0.1830226863650759,0.18424139030920425,0.18600058046565696
Experiment 09-03_22:40
Epoch 0022 [Train seq (cond on sampled tp)] | Loss 2.594591 | MAPE 0.201339 | RMSE 0.107280 |MAE 0.076667 | Likelihood -1.825673 | KL fp 0.7689 | FP STD 0.4027 | ->nfe  149.14 | <-nfe   36.00
Epoch 0022 [Val seq (cond on sampled tp)] |  MAPE 0.025905 | RMSE 0.107678 | MAE 0.075787 |
Epoch 0022 [Test seq (cond on sampled tp)] | MAPE 0.144417 | RMSE 0.172545| MAE 0.137072|
0.0392007939517498,0.03935627639293671,0.05089275911450386,0.08275165408849716,0.09324642270803452,0.06144511699676514,0.05681586265563965,0.04095238447189331,0.04786619916558266,0.0520298145711422,0.12887656688690186,0.2982940673828125,0.19673608243465424,0.8333746194839478
0.16796405918757218,0.17393316352851515,0.1718600169066743,0.16537616656627935,0.1656817332303489,0.17237741017990682,0.17059356744018894,0.1619336198101177,0.1656735486276407,0.17526118912226668,0.18493280690301778,0.1739990968732169,0.18011046468829198,0.1859317702524528
Experiment 09-03_22:40
Epoch 0023 [Train seq (cond on sampled tp)] | Loss 2.513747 | MAPE 0.209671 | RMSE 0.105439 |MAE 0.075133 | Likelihood -1.773643 | KL fp 0.7401 | FP STD 0.4077 | ->nfe  149.14 | <-nfe   36.00
Epoch 0023 [Val seq (cond on sampled tp)] |  MAPE 0.020116 | RMSE 0.104627 | MAE 0.072663 |
Best Val!
Epoch 0023 [Test seq (cond on sampled tp)] | MAPE 0.130779 | RMSE 0.170662| MAE 0.136222|
0.03896525874733925,0.04450688883662224,0.059255730360746384,0.08774708956480026,0.08702800422906876,0.06021830067038536,0.05017445236444473,0.03853578492999077,0.04676438495516777,0.05478713661432266,0.09963645786046982,0.28778502345085144,0.12350615113973618,0.7519967555999756
0.16556744385160502,0.1771452751003572,0.16974035520886285,0.16929090026360732,0.17584446194329884,0.1652169651301618,0.17572294433848276,0.16417986214279265,0.16919040542048297,0.1707299410011307,0.17138544174544562,0.17290926363525125,0.16521894933061892,0.17712935499478727
Experiment 09-03_22:40
Epoch 0024 [Train seq (cond on sampled tp)] | Loss 2.429131 | MAPE 0.205220 | RMSE 0.104594 |MAE 0.074744 | Likelihood -1.745468 | KL fp 0.6837 | FP STD 0.4358 | ->nfe  149.14 | <-nfe   36.00
Epoch 0024 [Val seq (cond on sampled tp)] |  MAPE 0.021804 | RMSE 0.109383 | MAE 0.075484 |
Epoch 0024 [Test seq (cond on sampled tp)] | MAPE 0.139305 | RMSE 0.173550| MAE 0.137020|
0.04353686794638634,0.046286195516586304,0.05074336752295494,0.07958909124135971,0.07848558574914932,0.05853775888681412,0.05690722540020943,0.0472397617995739,0.05270646885037422,0.05743309482932091,0.16278915107250214,0.31980621814727783,0.18481580913066864,0.7113924026489258
0.16884477744177306,0.16445155788590124,0.17127749774826845,0.15311598678258995,0.17540337424891672,0.16786027887912908,0.1758525121138595,0.17170089334663477,0.18154735631704116,0.17831287974381682,0.1815342848220866,0.1774965413690132,0.1815205556609144,0.18078355703637505
Experiment 09-03_22:40
Epoch 0025 [Train seq (cond on sampled tp)] | Loss 2.420716 | MAPE 0.203005 | RMSE 0.107062 |MAE 0.076431 | Likelihood -1.815499 | KL fp 0.6052 | FP STD 0.4678 | ->nfe  149.14 | <-nfe   36.00
Epoch 0025 [Val seq (cond on sampled tp)] |  MAPE 0.020119 | RMSE 0.104010 | MAE 0.072595 |
Epoch 0025 [Test seq (cond on sampled tp)] | MAPE 0.130722 | RMSE 0.169747| MAE 0.134749|
0.04067933186888695,0.04144496098160744,0.05335919186472893,0.08132737129926682,0.10382287949323654,0.06607142835855484,0.05429123714566231,0.047116007655858994,0.0479796826839447,0.05730705335736275,0.13492636382579803,0.3043191134929657,0.19423387944698334,0.6032323837280273
0.16668862642716456,0.16968083550343088,0.15965462258465785,0.17107588139072397,0.17248212807269375,0.17582519829569515,0.16499409260434095,0.16068758286207296,0.16573835668333087,0.16785728837212746,0.1726800477124625,0.1729089835530157,0.1707018620861134,0.18548035684146802
Experiment 09-03_22:40
Epoch 0026 [Train seq (cond on sampled tp)] | Loss 2.361944 | MAPE 0.188068 | RMSE 0.104457 |MAE 0.074295 | Likelihood -1.749979 | KL fp 0.6120 | FP STD 0.4519 | ->nfe  149.14 | <-nfe   36.00
Epoch 0026 [Val seq (cond on sampled tp)] |  MAPE 0.021288 | RMSE 0.106539 | MAE 0.074945 |
Epoch 0026 [Test seq (cond on sampled tp)] | MAPE 0.139281 | RMSE 0.174895| MAE 0.140168|
0.03983766958117485,0.040017783641815186,0.05625015124678612,0.06854720413684845,0.08840624988079071,0.06530749797821045,0.061779677867889404,0.04922732338309288,0.043020885437726974,0.06657629460096359,0.15754999220371246,0.3240848779678345,0.16054213047027588,0.7287904620170593
0.17895044630439466,0.16466022779576153,0.1683646294200922,0.1694209674011226,0.17014550697069133,0.17617217146347375,0.17023365969461662,0.16610339593375595,0.16749372513248217,0.18630304347675922,0.18862662987166032,0.1884589310537549,0.182136065058599,0.1714569665125076
Experiment 09-03_22:40
Epoch 0027 [Train seq (cond on sampled tp)] | Loss 2.375653 | MAPE 0.190160 | RMSE 0.104877 |MAE 0.074676 | Likelihood -1.764362 | KL fp 0.6113 | FP STD 0.4445 | ->nfe  149.14 | <-nfe   36.00
Epoch 0027 [Val seq (cond on sampled tp)] |  MAPE 0.021671 | RMSE 0.106135 | MAE 0.073845 |
Epoch 0027 [Test seq (cond on sampled tp)] | MAPE 0.147552 | RMSE 0.168583| MAE 0.132584|
0.03691386058926582,0.03794141486287117,0.045901041477918625,0.07671649008989334,0.07119622081518173,0.05883413180708885,0.056263912469148636,0.045636337250471115,0.04697241261601448,0.05889341980218887,0.12052834033966064,0.33117279410362244,0.19193781912326813,0.8868235945701599
0.1679176818485273,0.1570204455895698,0.16184752354455212,0.1680428097710706,0.1569382411076386,0.15536676756891799,0.17132813520209703,0.15773983217107357,0.17320557350386123,0.18054507693324276,0.16866121495190678,0.1785022267294887,0.18430618278799463,0.17873612731840277
Experiment 09-03_22:40
Epoch 0028 [Train seq (cond on sampled tp)] | Loss 2.298144 | MAPE 0.174876 | RMSE 0.103963 |MAE 0.074185 | Likelihood -1.729572 | KL fp 0.5686 | FP STD 0.4598 | ->nfe  149.14 | <-nfe   36.00
Epoch 0028 [Val seq (cond on sampled tp)] |  MAPE 0.024185 | RMSE 0.106924 | MAE 0.075245 |
Epoch 0028 [Test seq (cond on sampled tp)] | MAPE 0.135924 | RMSE 0.173297| MAE 0.138322|
0.039175067096948624,0.038695622235536575,0.05255598574876785,0.08858384191989899,0.095310740172863,0.054634757339954376,0.04228543862700462,0.03618945553898811,0.054273564368486404,0.050215888768434525,0.12010671198368073,0.2982703149318695,0.14549441635608673,0.787141740322113
0.16900715770919933,0.1617162142200045,0.17707856723504992,0.16951840831093615,0.17103141515721398,0.1668301348167232,0.17788151529648275,0.16512577329666797,0.1672712693293265,0.1810832033056672,0.17312346371681733,0.18647916378223955,0.17478175518986633,0.18523104038398497
Experiment 09-03_22:40
Epoch 0029 [Train seq (cond on sampled tp)] | Loss 2.292996 | MAPE 0.201348 | RMSE 0.105513 |MAE 0.075321 | Likelihood -1.768278 | KL fp 0.5247 | FP STD 0.4861 | ->nfe  149.14 | <-nfe   36.00
Epoch 0029 [Val seq (cond on sampled tp)] |  MAPE 0.023077 | RMSE 0.106518 | MAE 0.074006 |
Epoch 0029 [Test seq (cond on sampled tp)] | MAPE 0.144588 | RMSE 0.165894| MAE 0.130499|
0.035802170634269714,0.039395030587911606,0.04193555563688278,0.06837958097457886,0.08242261409759521,0.05751574784517288,0.04722156748175621,0.03989576920866966,0.04533889517188072,0.06120256334543228,0.11526723206043243,0.34867265820503235,0.16140016913414001,0.8797780871391296
0.17105476314057783,0.16094210349600602,0.1620374255626678,0.15949296255528325,0.16481871256585406,0.16676225503958275,0.16008442338064827,0.15351572764735394,0.16656775942187224,0.17111510030360635,0.1608703267082637,0.17578138775290283,0.16477933456737157,0.18469437965579283
Experiment 09-03_22:40
Epoch 0030 [Train seq (cond on sampled tp)] | Loss 2.193869 | MAPE 0.196962 | RMSE 0.103584 |MAE 0.073980 | Likelihood -1.711634 | KL fp 0.4822 | FP STD 0.5023 | ->nfe  149.14 | <-nfe   36.00
Epoch 0030 [Val seq (cond on sampled tp)] |  MAPE 0.023635 | RMSE 0.104329 | MAE 0.072797 |
Epoch 0030 [Test seq (cond on sampled tp)] | MAPE 0.124851 | RMSE 0.170442| MAE 0.137359|
0.039191074669361115,0.04192239046096802,0.04879821091890335,0.0817837342619896,0.08203867822885513,0.05393257364630699,0.047656990587711334,0.045860666781663895,0.049331147223711014,0.05580851063132286,0.08420725911855698,0.23270097374916077,0.14591084420681,0.7387641668319702
0.16821970600555963,0.1693619568402112,0.16240471627709677,0.1672320678613809,0.16701428785813974,0.16279975542866124,0.16087176244207843,0.1627709722275017,0.16931355866389533,0.1787745253203882,0.16835358802249245,0.1885030461022216,0.1834784917017329,0.17708665596892842
Experiment 09-03_22:40
Epoch 0031 [Train seq (cond on sampled tp)] | Loss 2.158042 | MAPE 0.195172 | RMSE 0.103996 |MAE 0.074361 | Likelihood -1.717661 | KL fp 0.4404 | FP STD 0.5217 | ->nfe  149.14 | <-nfe   36.00
Epoch 0031 [Val seq (cond on sampled tp)] |  MAPE 0.022110 | RMSE 0.101743 | MAE 0.071741 |
Epoch 0031 [Test seq (cond on sampled tp)] | MAPE 0.120928 | RMSE 0.168090| MAE 0.133225|
0.035104673355817795,0.04159262776374817,0.04858890175819397,0.07313869148492813,0.07873674482107162,0.06319289654493332,0.04582355543971062,0.04890589043498039,0.05468341335654259,0.04906472563743591,0.1161712184548378,0.28383389115333557,0.16812674701213837,0.5860295295715332
0.15570717337858256,0.17288757746441477,0.1716562797637336,0.1617259926947854,0.16907299597060285,0.16294461825983247,0.16011820899617063,0.1708674811527746,0.16851623711012803,0.1607874260857083,0.17152322185783409,0.16801818408540842,0.17902456186246535,0.18041600905783828
Experiment 09-03_22:40
Epoch 0032 [Train seq (cond on sampled tp)] | Loss 2.093390 | MAPE 0.194003 | RMSE 0.102451 |MAE 0.072858 | Likelihood -1.686908 | KL fp 0.4065 | FP STD 0.5399 | ->nfe  149.14 | <-nfe   36.00
Epoch 0032 [Val seq (cond on sampled tp)] |  MAPE 0.020588 | RMSE 0.103578 | MAE 0.072416 |
Epoch 0032 [Test seq (cond on sampled tp)] | MAPE 0.145492 | RMSE 0.170409| MAE 0.134389|
0.03516596183180809,0.0430961512029171,0.05698564276099205,0.07693742215633392,0.08000551909208298,0.056424614042043686,0.06001266837120056,0.043106187134981155,0.049212463200092316,0.04714324697852135,0.14098294079303741,0.31510305404663086,0.12260664999485016,0.9101036190986633
0.1647622930932343,0.16470189047053,0.16597333818312768,0.1675400530642868,0.16895755547059474,0.16528294392823217,0.1808905238935246,0.16611205273801327,0.17130043161693306,0.16788090027575706,0.16650679801152546,0.17274132138781687,0.17433952263751257,0.1887341947285451
Experiment 09-03_22:40
Epoch 0033 [Train seq (cond on sampled tp)] | Loss 2.106968 | MAPE 0.186997 | RMSE 0.103733 |MAE 0.073955 | Likelihood -1.720341 | KL fp 0.3866 | FP STD 0.5507 | ->nfe  149.14 | <-nfe   36.00
Epoch 0033 [Val seq (cond on sampled tp)] |  MAPE 0.021940 | RMSE 0.108546 | MAE 0.076912 |
Epoch 0033 [Test seq (cond on sampled tp)] | MAPE 0.132006 | RMSE 0.172745| MAE 0.136332|
0.03959821164608002,0.041359614580869675,0.04436521604657173,0.0735972449183464,0.06740766763687134,0.0675685927271843,0.05405323579907417,0.03880247473716736,0.05166363716125488,0.05355482175946236,0.13262248039245605,0.29000845551490784,0.16213341057300568,0.7313513159751892
0.17359455897316994,0.1703687907295818,0.16689942108901576,0.1641754318019747,0.16706923887823388,0.17979022904201067,0.1770995508976901,0.16756508805397433,0.1689821600008275,0.17574083605414342,0.1801361826152779,0.1742553443708249,0.17210623510148496,0.18065015378457688
Experiment 09-03_22:40
Epoch 0034 [Train seq (cond on sampled tp)] | Loss 2.126465 | MAPE 0.177472 | RMSE 0.104156 |MAE 0.074340 | Likelihood -1.729280 | KL fp 0.3972 | FP STD 0.5332 | ->nfe  149.14 | <-nfe   36.00
Epoch 0034 [Val seq (cond on sampled tp)] |  MAPE 0.020395 | RMSE 0.102267 | MAE 0.072923 |
Epoch 0034 [Test seq (cond on sampled tp)] | MAPE 0.127763 | RMSE 0.166072| MAE 0.132792|
0.03552927449345589,0.03758347034454346,0.052560627460479736,0.0840163379907608,0.07538696378469467,0.0592389814555645,0.05143148452043533,0.04342256486415863,0.04860163852572441,0.040846940129995346,0.12405736744403839,0.3184770941734314,0.11045946180820465,0.7070741057395935
0.16517273720449566,0.16106767782911557,0.16097220884497598,0.16772502027347436,0.16693978296037806,0.16161945146262177,0.16397947526711368,0.16606700326587331,0.16331391190379507,0.16272187285213296,0.18137730205660269,0.17256460778421578,0.1688031441840484,0.16268015535601796
Experiment 09-03_22:40
Epoch 0035 [Train seq (cond on sampled tp)] | Loss 2.104092 | MAPE 0.180144 | RMSE 0.103838 |MAE 0.073737 | Likelihood -1.719845 | KL fp 0.3842 | FP STD 0.5366 | ->nfe  149.14 | <-nfe   36.00
Epoch 0035 [Val seq (cond on sampled tp)] |  MAPE 0.019909 | RMSE 0.101835 | MAE 0.070468 |
Best Val!
Epoch 0035 [Test seq (cond on sampled tp)] | MAPE 0.121285 | RMSE 0.158293| MAE 0.124833|
0.03760498762130737,0.038023363798856735,0.048500850796699524,0.08816345036029816,0.06643718481063843,0.061461079865694046,0.058506011962890625,0.03588109090924263,0.040647853165864944,0.05352973937988281,0.1275111585855484,0.18501873314380646,0.15064798295497894,0.7060498595237732
0.15764663095118286,0.15333235748017632,0.16383781829193914,0.16669926411516928,0.15261065504018254,0.15726539771930095,0.15794075885795034,0.15180912107819686,0.1539500418679229,0.1558801923917922,0.1634219642443422,0.15830200543127368,0.16448016023748485,0.1589200001978178
Experiment 09-03_22:40
Epoch 0036 [Train seq (cond on sampled tp)] | Loss 2.076820 | MAPE 0.186738 | RMSE 0.105073 |MAE 0.075600 | Likelihood -1.734389 | KL fp 0.3424 | FP STD 0.5779 | ->nfe  149.14 | <-nfe   36.00
Epoch 0036 [Val seq (cond on sampled tp)] |  MAPE 0.020474 | RMSE 0.103232 | MAE 0.069540 |
Epoch 0036 [Test seq (cond on sampled tp)] | MAPE 0.129512 | RMSE 0.158858| MAE 0.120711|
0.03682510554790497,0.03931958228349686,0.0466981939971447,0.08529412001371384,0.07823514193296432,0.06681379675865173,0.05522507056593895,0.04439397156238556,0.04585183784365654,0.056764841079711914,0.11249270290136337,0.32159921526908875,0.149422749876976,0.6742345690727234
0.15212357333806512,0.1588066386950613,0.15683307930134088,0.16118077229078417,0.1534461398032716,0.15318574892449438,0.15683525864393646,0.14638011400873166,0.15861303888665745,0.1792676831252544,0.16001205815199931,0.16078128617289056,0.1656894677580257,0.16085526230914923
Experiment 09-03_22:40
Epoch 0037 [Train seq (cond on sampled tp)] | Loss 2.079678 | MAPE 0.178873 | RMSE 0.102621 |MAE 0.071846 | Likelihood -1.708618 | KL fp 0.3711 | FP STD 0.5442 | ->nfe  149.14 | <-nfe   36.00
Epoch 0037 [Val seq (cond on sampled tp)] |  MAPE 0.020304 | RMSE 0.105736 | MAE 0.073691 |
Epoch 0037 [Test seq (cond on sampled tp)] | MAPE 0.137792 | RMSE 0.171206| MAE 0.137744|
0.03821900486946106,0.04120330139994621,0.05131635069847107,0.07471438497304916,0.08926394581794739,0.057359158992767334,0.05809948593378067,0.047589417546987534,0.05512067303061485,0.058789849281311035,0.11714351177215576,0.3151107728481293,0.13593029975891113,0.7892283201217651
0.1612498754031417,0.1649558235494073,0.16039076940285657,0.17285959580714316,0.17589659615132539,0.15947975357810604,0.1576820138592298,0.17845232026840824,0.17020392850719285,0.17975701148573256,0.17837671388619392,0.17022835288878227,0.17556948621863785,0.19178736948671335
Experiment 09-03_22:40
Epoch 0038 [Train seq (cond on sampled tp)] | Loss 2.034474 | MAPE 0.223272 | RMSE 0.102190 |MAE 0.072959 | Likelihood -1.660871 | KL fp 0.3736 | FP STD 0.5339 | ->nfe  149.14 | <-nfe   36.00
Epoch 0038 [Val seq (cond on sampled tp)] |  MAPE 0.022691 | RMSE 0.100508 | MAE 0.070439 |
Epoch 0038 [Test seq (cond on sampled tp)] | MAPE 0.125969 | RMSE 0.164609| MAE 0.131064|
0.03557732701301575,0.04427460953593254,0.049161460250616074,0.0950133204460144,0.08939949423074722,0.06164368614554405,0.06000516936182976,0.06023522838950157,0.0474918968975544,0.05173466354608536,0.1137545108795166,0.276978999376297,0.1516527384519577,0.6266371607780457
0.1605703652268175,0.16699647061393175,0.15883281569489946,0.16202993629680798,0.16048374651968822,0.16515121937707852,0.16377622173293563,0.16163315396676398,0.15674317135416752,0.1706918776012596,0.1644788465975916,0.17572439651840152,0.16823735495225983,0.16917746915664242
Experiment 09-03_22:40
Epoch 0039 [Train seq (cond on sampled tp)] | Loss 2.018418 | MAPE 0.173354 | RMSE 0.102179 |MAE 0.072571 | Likelihood -1.669878 | KL fp 0.3485 | FP STD 0.5531 | ->nfe  149.14 | <-nfe   36.00
Epoch 0039 [Val seq (cond on sampled tp)] |  MAPE 0.025734 | RMSE 0.104452 | MAE 0.073330 |
Epoch 0039 [Test seq (cond on sampled tp)] | MAPE 0.137224 | RMSE 0.164330| MAE 0.130251|
0.0359366238117218,0.03943059965968132,0.04897892475128174,0.0745890662074089,0.07763657718896866,0.05647863820195198,0.04000967741012573,0.049419719725847244,0.05346061661839485,0.053480830043554306,0.11942100524902344,0.2556663155555725,0.13643412292003632,0.8801867365837097
0.15359049880932177,0.15531535152718928,0.15402499521983318,0.15966642303185236,0.16403244515287202,0.16045797815170476,0.16081159537009404,0.15968412498371384,0.16951091991649053,0.16635891818803167,0.1676694565537186,0.17426985431615802,0.17766270921853589,0.1775642356190218
Experiment 09-03_22:40
Epoch 0040 [Train seq (cond on sampled tp)] | Loss 1.978779 | MAPE 0.196309 | RMSE 0.102569 |MAE 0.073302 | Likelihood -1.686043 | KL fp 0.2927 | FP STD 0.5943 | ->nfe  149.14 | <-nfe   36.00
Epoch 0040 [Val seq (cond on sampled tp)] |  MAPE 0.023454 | RMSE 0.104836 | MAE 0.072853 |
Epoch 0040 [Test seq (cond on sampled tp)] | MAPE 0.126202 | RMSE 0.165870| MAE 0.131354|
0.034208327531814575,0.040600087493658066,0.04528040811419487,0.06043369323015213,0.08935056626796722,0.05241178348660469,0.052050959318876266,0.04762912541627884,0.0483158677816391,0.05511847883462906,0.1228698119521141,0.19896741211414337,0.16499358415603638,0.7545932531356812
0.1559069921659757,0.16888737098388792,0.15337554884247329,0.15619058671521394,0.16257396445204855,0.1635627059301145,0.16359953613214032,0.16297247360305936,0.1530786298101235,0.1779148422228815,0.16609098743463127,0.1723509451798594,0.18152639427264278,0.18414409815442645
Experiment 09-03_22:40
Epoch 0041 [Train seq (cond on sampled tp)] | Loss 2.008703 | MAPE 0.216356 | RMSE 0.103378 |MAE 0.073835 | Likelihood -1.699742 | KL fp 0.3090 | FP STD 0.5760 | ->nfe  149.14 | <-nfe   36.00
Epoch 0041 [Val seq (cond on sampled tp)] |  MAPE 0.020623 | RMSE 0.108618 | MAE 0.074864 |
Epoch 0041 [Test seq (cond on sampled tp)] | MAPE 0.136908 | RMSE 0.171078| MAE 0.135312|
0.04399940371513367,0.041117697954177856,0.0496850460767746,0.07377471774816513,0.0789879858493805,0.06504455953836441,0.05403599888086319,0.05301722511649132,0.04880138859152794,0.04409433901309967,0.0798817053437233,0.2544204294681549,0.15954284369945526,0.8703112602233887
0.17511040044936835,0.1655786935383078,0.17088796856013513,0.16152460842792132,0.18006429350190487,0.16610965870580127,0.1689660660449592,0.17269220387772197,0.16631369479336894,0.16928507427073897,0.17671510275256794,0.1818097363042611,0.17052456422820572,0.16951688648499574
Experiment 09-03_22:40
Epoch 0042 [Train seq (cond on sampled tp)] | Loss 2.016425 | MAPE 0.191542 | RMSE 0.102381 |MAE 0.072506 | Likelihood -1.673595 | KL fp 0.3428 | FP STD 0.5437 | ->nfe  149.14 | <-nfe   36.00
Epoch 0042 [Val seq (cond on sampled tp)] |  MAPE 0.018838 | RMSE 0.100668 | MAE 0.069232 |
Best Val!
Epoch 0042 [Test seq (cond on sampled tp)] | MAPE 0.138576 | RMSE 0.162852| MAE 0.128611|
0.03397851437330246,0.03567453846335411,0.04754361882805824,0.0819576159119606,0.0735475942492485,0.05965685844421387,0.04647090658545494,0.03648143261671066,0.049096930772066116,0.05348112806677818,0.12170153856277466,0.3415609300136566,0.16733278334140778,0.7915753722190857
0.15311812779517253,0.15280177270841802,0.15160766695427205,0.16960523964028193,0.15734995270997457,0.16315994753407892,0.1595065266042197,0.14992654710638997,0.17065765312070658,0.16203455174870107,0.1670178510788949,0.16591643006597528,0.17341803815264364,0.18380389462821
Experiment 09-03_22:40
Epoch 0043 [Train seq (cond on sampled tp)] | Loss 1.997138 | MAPE 0.193454 | RMSE 0.102574 |MAE 0.073075 | Likelihood -1.684818 | KL fp 0.3123 | FP STD 0.5681 | ->nfe  149.14 | <-nfe   36.00
Epoch 0043 [Val seq (cond on sampled tp)] |  MAPE 0.020145 | RMSE 0.101730 | MAE 0.070397 |
Epoch 0043 [Test seq (cond on sampled tp)] | MAPE 0.139068 | RMSE 0.161224| MAE 0.127216|
0.0365869477391243,0.03563712537288666,0.04938943311572075,0.0877266526222229,0.06944683939218521,0.05369320139288902,0.05479254946112633,0.034347053617239,0.041230738162994385,0.052504222840070724,0.12306997925043106,0.30666446685791016,0.2114979475736618,0.7903578877449036
0.15713890072347947,0.15049602481195784,0.1535888798000735,0.16320528015276872,0.16055332365798325,0.15532059223385292,0.1577078814785614,0.1588612923561297,0.1581967317207709,0.15855241410645501,0.17152255400132782,0.17019587382078905,0.17557498167862948,0.1662210091611092
Experiment 09-03_22:40
Epoch 0044 [Train seq (cond on sampled tp)] | Loss 1.964913 | MAPE 0.185385 | RMSE 0.102342 |MAE 0.072624 | Likelihood -1.674910 | KL fp 0.2900 | FP STD 0.5815 | ->nfe  149.14 | <-nfe   36.00
Epoch 0044 [Val seq (cond on sampled tp)] |  MAPE 0.022975 | RMSE 0.102944 | MAE 0.070488 |
Epoch 0044 [Test seq (cond on sampled tp)] | MAPE 0.129825 | RMSE 0.164834| MAE 0.131564|
0.0353771410882473,0.03879842162132263,0.05639835074543953,0.06720332056283951,0.07547658681869507,0.07018756121397018,0.05209268257021904,0.040362074971199036,0.04554479941725731,0.051647912710905075,0.12283086776733398,0.2862272262573242,0.17372535169124603,0.7016794085502625
0.1606954882192998,0.16270438692172634,0.1628402126526873,0.15923960558498387,0.1564790001268465,0.16731213710034487,0.15604100555293454,0.1545269012032112,0.16806674471814986,0.15811538029046046,0.17556729541298355,0.1741536927743058,0.18006458314301702,0.17187096309255914
Experiment 09-03_22:40
Epoch 0045 [Train seq (cond on sampled tp)] | Loss 2.003399 | MAPE 0.201647 | RMSE 0.102817 |MAE 0.072827 | Likelihood -1.695022 | KL fp 0.3084 | FP STD 0.5682 | ->nfe  149.14 | <-nfe   36.00
Epoch 0045 [Val seq (cond on sampled tp)] |  MAPE 0.023853 | RMSE 0.102611 | MAE 0.070097 |
Epoch 0045 [Test seq (cond on sampled tp)] | MAPE 0.116095 | RMSE 0.163006| MAE 0.127561|
0.04065346717834473,0.039028942584991455,0.04918856546282768,0.08051414042711258,0.07333802431821823,0.059273745864629745,0.046614065766334534,0.04295283555984497,0.047519929707050323,0.06030101701617241,0.09768253564834595,0.2860895097255707,0.16594088077545166,0.5362342596054077
0.15969801103931966,0.16093455747117993,0.1543280775173045,0.1595318240062912,0.15866394979198783,0.16342374798483472,0.17338388984808525,0.15408864638008177,0.16323217243035165,0.16649853090799444,0.17140337871208708,0.16160214016234584,0.17336699044862455,0.1619230831564615
Experiment 09-03_22:40
Epoch 0046 [Train seq (cond on sampled tp)] | Loss 1.974719 | MAPE 0.209881 | RMSE 0.101679 |MAE 0.072897 | Likelihood -1.649151 | KL fp 0.3256 | FP STD 0.5517 | ->nfe  149.14 | <-nfe   36.00
Epoch 0046 [Val seq (cond on sampled tp)] |  MAPE 0.024878 | RMSE 0.103702 | MAE 0.071749 |
Epoch 0046 [Test seq (cond on sampled tp)] | MAPE 0.131863 | RMSE 0.164226| MAE 0.130223|
0.03765753656625748,0.04170840606093407,0.04316577687859535,0.07622396945953369,0.08220280706882477,0.059401609003543854,0.05698241665959358,0.0462268590927124,0.047295209020376205,0.05723748356103897,0.10381152480840683,0.31203535199165344,0.1766544133424759,0.705473780632019
0.16161445534893956,0.16385765002461172,0.15693509588371307,0.16033689847703816,0.16598052607485927,0.16294292072450772,0.1696268952315818,0.1579048264358343,0.16195111995289457,0.1639762379161776,0.1691402292136832,0.1616421884559771,0.17534233503224564,0.16791368846188742
Experiment 09-03_22:40
Epoch 0047 [Train seq (cond on sampled tp)] | Loss 1.974194 | MAPE 0.198535 | RMSE 0.101920 |MAE 0.072049 | Likelihood -1.675997 | KL fp 0.2982 | FP STD 0.5726 | ->nfe  149.14 | <-nfe   36.00
Epoch 0047 [Val seq (cond on sampled tp)] |  MAPE 0.025592 | RMSE 0.100622 | MAE 0.069468 |
Epoch 0047 [Test seq (cond on sampled tp)] | MAPE 0.130577 | RMSE 0.162649| MAE 0.127644|
0.03879457339644432,0.043173085898160934,0.04740104079246521,0.07878320664167404,0.07718974351882935,0.05540308356285095,0.05532331392168999,0.04414844140410423,0.04992837458848953,0.061112791299819946,0.11527235805988312,0.30810362100601196,0.15816526114940643,0.695285439491272
0.171108705049927,0.16281552653327735,0.1527547122752126,0.1497583847405112,0.16246130670614223,0.16641284880292465,0.15235461294129785,0.1599450754445155,0.15701965673552531,0.16186188569208265,0.1751049755075107,0.1676670680950948,0.17714425516291035,0.16067274477792906
Experiment 09-03_22:40
Epoch 0048 [Train seq (cond on sampled tp)] | Loss 1.902350 | MAPE 0.195101 | RMSE 0.101296 |MAE 0.072209 | Likelihood -1.638135 | KL fp 0.2642 | FP STD 0.6063 | ->nfe  149.14 | <-nfe   36.00
Epoch 0048 [Val seq (cond on sampled tp)] |  MAPE 0.024367 | RMSE 0.104631 | MAE 0.071489 |
Epoch 0048 [Test seq (cond on sampled tp)] | MAPE 0.120995 | RMSE 0.161772| MAE 0.127432|
0.03648622706532478,0.0389244444668293,0.04685154929757118,0.0855809822678566,0.07729753106832504,0.0701846331357956,0.05187634378671646,0.048947207629680634,0.042061787098646164,0.05141281709074974,0.10618942230939865,0.18768365681171417,0.12612299621105194,0.7243112921714783
0.15201058392356603,0.15364384986653226,0.16014472989774553,0.16173883396326488,0.1697994481733626,0.16792966143866775,0.1623202124835531,0.16272926159542847,0.155837258942478,0.15665827102392377,0.15704039101066933,0.1689470434375799,0.16138309345884788,0.17463202446945053
Experiment 09-03_22:40
Epoch 0049 [Train seq (cond on sampled tp)] | Loss 1.900896 | MAPE 0.217678 | RMSE 0.101035 |MAE 0.071735 | Likelihood -1.647505 | KL fp 0.2534 | FP STD 0.6150 | ->nfe  149.14 | <-nfe   36.00
Epoch 0049 [Val seq (cond on sampled tp)] |  MAPE 0.022608 | RMSE 0.102955 | MAE 0.071087 |
Epoch 0049 [Test seq (cond on sampled tp)] | MAPE 0.102409 | RMSE 0.159867| MAE 0.124819|
0.03947610408067703,0.04351199418306351,0.055164266377687454,0.09004470705986023,0.06926519423723221,0.05099339410662651,0.06840627640485764,0.037020958960056305,0.046123161911964417,0.039048947393894196,0.09319334477186203,0.29562950134277344,0.14477066695690155,0.3610844314098358
0.15959115470074212,0.16460993238480556,0.1668388711380672,0.16161952061190055,0.1470487467340952,0.15618075386100452,0.15889397823206464,0.14884733416526594,0.1595766873994797,0.14779730195470672,0.17035997302193473,0.16745208410729934,0.16854994049990657,0.160766057018612
0.03947610408067703,0.04351199418306351,0.055164266377687454,0.09004470705986023,0.06926519423723221,0.05099339410662651,0.06840627640485764,0.037020958960056305,0.046123161911964417,0.039048947393894196,0.09319334477186203,0.29562950134277344,0.14477066695690155,0.3610844314098358
0.15959115470074212,0.16460993238480556,0.1668388711380672,0.16161952061190055,0.1470487467340952,0.15618075386100452,0.15889397823206464,0.14884733416526594,0.1595766873994797,0.14779730195470672,0.17035997302193473,0.16745208410729934,0.16854994049990657,0.160766057018612
Epoch 0049 [Test seq (cond on sampled tp)] | Best Test MAPE 0.102409|Best Test RMSE 0.159867|Best Test MAE 0.124819|
Experiment 09-03_22:40
Epoch 0050 [Train seq (cond on sampled tp)] | Loss 1.922607 | MAPE 0.182677 | RMSE 0.101649 |MAE 0.072681 | Likelihood -1.646687 | KL fp 0.2759 | FP STD 0.5902 | ->nfe  149.14 | <-nfe   36.00
Epoch 0050 [Val seq (cond on sampled tp)] |  MAPE 0.023662 | RMSE 0.103240 | MAE 0.070804 |
Epoch 0050 [Test seq (cond on sampled tp)] | MAPE 0.136480 | RMSE 0.160285| MAE 0.126676|
0.03721414878964424,0.04128266125917435,0.04490740969777107,0.07656301558017731,0.07253183424472809,0.060456521809101105,0.04854945093393326,0.040357548743486404,0.04145021736621857,0.057945240288972855,0.132049098610878,0.2975558936595917,0.16261890530586243,0.797234058380127
0.1561404022651152,0.15876821566438012,0.1502110226256388,0.16145335594831892,0.16139767581548173,0.1603918900697729,0.15840537482896813,0.15491564331756374,0.15154460845622625,0.16477862807361313,0.16559958217923465,0.16965627191500926,0.16305871839148212,0.16766709031347132
