/nvme/yuanjingyang/CG-ODE/ode18/run.py
ode18/run.py --pred_length=7 --condition_length=14
Namespace(dataset='Dec', datapath='data/', pred_length=7, condition_length=14, features='Confirmed,Deaths,Recovered,Mortality_Rate,Testing_Rate,Population,Mobility', split_interval=3, feature_out='Deaths', niters=100, lr=0.005, batch_size=8, random_seed=1991, dropout=0.2, l2=1e-05, optimizer='AdamW', clip=10, edge_lamda=0.5, heavyBall=False, actv_h=None, gamma_guess=-3.0, gamma_act='sigmoid', corr=-100, corrf=True, sign=1, augment_dim=0, solver='rk4', rtol=0.01, atol=0.01, alias='run', output_dim=1, feature_out_index=[1], num_atoms=50)
run
Experiment 09-03_22:16
Epoch 0001 [Train seq (cond on sampled tp)] | Loss 9568628.083333 | MAPE 0.101659 | RMSE 154.238268 |MAE 68.077750 | Likelihood -9568623.888889 | KL fp 4.2683 | FP STD 0.7676 | ->nfe   45.33 | <-nfe   24.00
Epoch 0001 [Val seq (cond on sampled tp)] |  MAPE 0.024995 | RMSE 125.586456 | MAE 65.795631 |
Best Val!
Epoch 0001 [Test seq (cond on sampled tp)] | MAPE 0.045484 | RMSE 356.519304| MAE 216.077141|
0.049856189638376236,0.05623583495616913,0.04195709154009819,0.03388814255595207
316.4945200947403,354.0013682883161,413.188062509071,342.3932657595648
0.049856189638376236,0.05623583495616913,0.04195709154009819,0.03388814255595207
316.4945200947403,354.0013682883161,413.188062509071,342.3932657595648
Epoch 0001 [Test seq (cond on sampled tp)] | Best Test MAPE 0.045484|Best Test RMSE 356.519304|Best Test MAE 216.077141|
Experiment 09-03_22:16
Epoch 0002 [Train seq (cond on sampled tp)] | Loss 8617189.638889 | MAPE 0.070040 | RMSE 142.214005 |MAE 56.364688 | Likelihood -8617186.472222 | KL fp 3.2437 | FP STD 0.6517 | ->nfe   61.33 | <-nfe   24.00
Epoch 0002 [Val seq (cond on sampled tp)] |  MAPE 0.045242 | RMSE 136.367889 | MAE 74.787971 |
Epoch 0002 [Test seq (cond on sampled tp)] | MAPE 0.061974 | RMSE 374.967888| MAE 243.431900|
0.07406578958034515,0.06397172808647156,0.061757657676935196,0.0481022484600544
350.15425172343686,368.0869462504749,427.5538708747706,354.07648361618146
Experiment 09-03_22:16
Epoch 0003 [Train seq (cond on sampled tp)] | Loss 8627553.583333 | MAPE 0.237208 | RMSE 141.848288 |MAE 65.408300 | Likelihood -8627550.027778 | KL fp 3.4682 | FP STD 0.7811 | ->nfe   61.33 | <-nfe   24.00
Epoch 0003 [Val seq (cond on sampled tp)] |  MAPE 0.059905 | RMSE 139.942490 | MAE 75.577423 |
Epoch 0003 [Test seq (cond on sampled tp)] | MAPE 0.072609 | RMSE 380.254517| MAE 241.211853|
0.08950403332710266,0.07109425216913223,0.07149749994277954,0.058338358998298645
347.3088840463198,371.7929321208245,438.975013525827,362.9412400788866
Experiment 09-03_22:16
Epoch 0004 [Train seq (cond on sampled tp)] | Loss 9001181.694444 | MAPE 0.259570 | RMSE 147.286194 |MAE 66.676988 | Likelihood -9001179.388889 | KL fp 2.4853 | FP STD 1.0225 | ->nfe   61.33 | <-nfe   24.00
Epoch 0004 [Val seq (cond on sampled tp)] |  MAPE 0.053232 | RMSE 143.035172 | MAE 77.880707 |
Epoch 0004 [Test seq (cond on sampled tp)] | MAPE 0.068776 | RMSE 387.436457| MAE 247.725830|
0.07962927967309952,0.07144643366336823,0.06956834346055984,0.054460324347019196
355.46389145031316,380.16782889271417,443.64706552619054,370.4670405380214
Experiment 09-03_22:16
Epoch 0005 [Train seq (cond on sampled tp)] | Loss 9049213.833333 | MAPE 0.251424 | RMSE 147.474145 |MAE 67.340384 | Likelihood -9049211.083333 | KL fp 2.8639 | FP STD 1.0626 | ->nfe   61.33 | <-nfe   24.00
Epoch 0005 [Val seq (cond on sampled tp)] |  MAPE 0.059174 | RMSE 138.892930 | MAE 74.824371 |
Epoch 0005 [Test seq (cond on sampled tp)] | MAPE 0.074392 | RMSE 380.040065| MAE 240.762650|
0.09082166105508804,0.0755443349480629,0.0729621946811676,0.05824020877480507
347.09664090134896,371.8689285218651,438.2021151820242,362.992574820753
Experiment 09-03_22:16
Epoch 0006 [Train seq (cond on sampled tp)] | Loss 9013453.000000 | MAPE 0.263215 | RMSE 147.405409 |MAE 67.051849 | Likelihood -9013450.111111 | KL fp 2.8620 | FP STD 1.2039 | ->nfe   61.33 | <-nfe   24.00
Epoch 0006 [Val seq (cond on sampled tp)] |  MAPE 0.054152 | RMSE 142.562843 | MAE 77.595352 |
Epoch 0006 [Test seq (cond on sampled tp)] | MAPE 0.066869 | RMSE 386.008483| MAE 246.461285|
0.08391082286834717,0.06562136858701706,0.06480670720338821,0.05313529074192047
353.5065969151071,377.3222263530204,444.34980589621057,368.85530276112337
Experiment 09-03_22:16
Epoch 0007 [Train seq (cond on sampled tp)] | Loss 9073823.805556 | MAPE 0.250227 | RMSE 147.955650 |MAE 67.180926 | Likelihood -9073821.055556 | KL fp 2.8803 | FP STD 1.1837 | ->nfe   61.33 | <-nfe   24.00
Epoch 0007 [Val seq (cond on sampled tp)] |  MAPE 0.061201 | RMSE 138.884683 | MAE 74.668488 |
Epoch 0007 [Test seq (cond on sampled tp)] | MAPE 0.074259 | RMSE 378.041333| MAE 239.454491|
0.0914265587925911,0.0740726962685585,0.07070308923721313,0.06083182990550995
343.5398448506374,371.7772350480863,435.31682068925386,361.5314323298875
Experiment 09-03_22:16
Epoch 0008 [Train seq (cond on sampled tp)] | Loss 9016470.111111 | MAPE 0.266442 | RMSE 147.081919 |MAE 67.100573 | Likelihood -9016466.833333 | KL fp 3.1279 | FP STD 1.0348 | ->nfe   61.33 | <-nfe   24.00
Epoch 0008 [Val seq (cond on sampled tp)] |  MAPE 0.053202 | RMSE 143.347582 | MAE 77.702721 |
Epoch 0008 [Test seq (cond on sampled tp)] | MAPE 0.067325 | RMSE 388.282970| MAE 248.836365|
0.07875527441501617,0.06797263026237488,0.0692615881562233,0.053311899304389954
354.97310637568023,379.7821744105429,446.5498992273988,371.8266985438243
Experiment 09-03_22:16
Epoch 0009 [Train seq (cond on sampled tp)] | Loss 9059561.277778 | MAPE 0.235215 | RMSE 148.228495 |MAE 65.821044 | Likelihood -9059558.472222 | KL fp 2.9437 | FP STD 0.9913 | ->nfe   61.33 | <-nfe   24.00
Epoch 0009 [Val seq (cond on sampled tp)] |  MAPE 0.058299 | RMSE 140.552641 | MAE 75.922188 |
Epoch 0009 [Test seq (cond on sampled tp)] | MAPE 0.071269 | RMSE 383.468656| MAE 243.951931|
0.08723004907369614,0.07174363732337952,0.06902545690536499,0.05707632750272751
350.0392835097227,376.0188451061994,440.3415400288735,367.47495662970016
Experiment 09-03_22:16
Epoch 0010 [Train seq (cond on sampled tp)] | Loss 9019994.944444 | MAPE 0.266972 | RMSE 146.798419 |MAE 67.517402 | Likelihood -9019991.194444 | KL fp 3.5728 | FP STD 0.9163 | ->nfe   61.33 | <-nfe   24.00
Epoch 0010 [Val seq (cond on sampled tp)] |  MAPE 0.062259 | RMSE 138.123141 | MAE 74.556366 |
Epoch 0010 [Test seq (cond on sampled tp)] | MAPE 0.073950 | RMSE 378.656069| MAE 238.886387|
0.09326627850532532,0.07252804934978485,0.07061991840600967,0.05938473716378212
346.3594028426253,370.4002902266682,437.08442762811853,360.7801550979488
Experiment 09-03_22:16
Epoch 0011 [Train seq (cond on sampled tp)] | Loss 8994874.222222 | MAPE 0.265714 | RMSE 146.690553 |MAE 67.045315 | Likelihood -8994870.722222 | KL fp 3.4622 | FP STD 0.9310 | ->nfe   61.33 | <-nfe   24.00
Epoch 0011 [Val seq (cond on sampled tp)] |  MAPE 0.053890 | RMSE 142.716762 | MAE 77.324104 |
Epoch 0011 [Test seq (cond on sampled tp)] | MAPE 0.070522 | RMSE 386.020805| MAE 246.884098|
0.08811916410923004,0.06953975558280945,0.06996665149927139,0.05446122586727142
354.28274813346474,378.52926736251186,442.0641568256807,369.20704726481046
Experiment 09-03_22:16
Epoch 0012 [Train seq (cond on sampled tp)] | Loss 9033803.250000 | MAPE 0.241008 | RMSE 147.731269 |MAE 66.159254 | Likelihood -9033799.805556 | KL fp 3.2748 | FP STD 0.9885 | ->nfe   61.33 | <-nfe   24.00
Epoch 0012 [Val seq (cond on sampled tp)] |  MAPE 0.057226 | RMSE 140.236763 | MAE 75.995644 |
Epoch 0012 [Test seq (cond on sampled tp)] | MAPE 0.071293 | RMSE 383.547589| MAE 244.488148|
0.08553867042064667,0.07206837832927704,0.07060333341360092,0.05696135386824608
349.6584829337049,377.02526026116607,440.93301291125846,366.5735985105856
Experiment 09-03_22:16
Epoch 0013 [Train seq (cond on sampled tp)] | Loss 9007459.833333 | MAPE 0.256536 | RMSE 146.985730 |MAE 67.324691 | Likelihood -9007456.111111 | KL fp 3.5929 | FP STD 1.0493 | ->nfe   61.33 | <-nfe   24.00
Epoch 0013 [Val seq (cond on sampled tp)] |  MAPE 0.057747 | RMSE 139.507896 | MAE 75.081100 |
Epoch 0013 [Test seq (cond on sampled tp)] | MAPE 0.072807 | RMSE 382.801703| MAE 243.512276|
0.08668617904186249,0.07380249351263046,0.07246425002813339,0.058274660259485245
348.5112421967188,376.4194178373374,440.71378538117006,365.5623664301346
Experiment 09-03_22:16
Epoch 0014 [Train seq (cond on sampled tp)] | Loss 9010251.250000 | MAPE 0.260075 | RMSE 146.806330 |MAE 66.818831 | Likelihood -9010247.500000 | KL fp 3.6733 | FP STD 1.0241 | ->nfe   61.33 | <-nfe   24.00
Epoch 0014 [Val seq (cond on sampled tp)] |  MAPE 0.056881 | RMSE 140.353773 | MAE 75.909584 |
Epoch 0014 [Test seq (cond on sampled tp)] | MAPE 0.070808 | RMSE 383.419316| MAE 244.308109|
0.0862835943698883,0.0694439485669136,0.07029781490564346,0.05720476806163788
349.2408284407767,376.58795038476734,440.79186556695896,367.0566202917474
Experiment 09-03_22:16
Epoch 0015 [Train seq (cond on sampled tp)] | Loss 9049805.694444 | MAPE 0.258007 | RMSE 147.457802 |MAE 66.587169 | Likelihood -9049801.944444 | KL fp 3.6359 | FP STD 1.0211 | ->nfe   61.33 | <-nfe   24.00
Epoch 0015 [Val seq (cond on sampled tp)] |  MAPE 0.056054 | RMSE 141.823449 | MAE 76.711472 |
Epoch 0015 [Test seq (cond on sampled tp)] | MAPE 0.069753 | RMSE 385.287155| MAE 246.098724|
0.08673730492591858,0.07084508240222931,0.06699522584676743,0.054434195160865784
352.7463788793586,376.61836203908064,443.0395368925893,368.74434317694966
Experiment 09-03_22:16
Epoch 0016 [Train seq (cond on sampled tp)] | Loss 9055155.694444 | MAPE 0.253676 | RMSE 147.742175 |MAE 66.806610 | Likelihood -9055151.805556 | KL fp 3.8331 | FP STD 0.9613 | ->nfe   61.33 | <-nfe   24.00
Epoch 0016 [Val seq (cond on sampled tp)] |  MAPE 0.060268 | RMSE 139.617684 | MAE 75.640266 |
Epoch 0016 [Test seq (cond on sampled tp)] | MAPE 0.073273 | RMSE 381.882950| MAE 242.261086|
0.09002838283777237,0.0728616863489151,0.07269492000341415,0.05750538036227226
349.6226537282732,373.984061324811,439.53254643427715,364.39253817140656
Experiment 09-03_22:16
Epoch 0017 [Train seq (cond on sampled tp)] | Loss 8993799.000000 | MAPE 0.266395 | RMSE 146.799918 |MAE 67.356418 | Likelihood -8993795.000000 | KL fp 4.0585 | FP STD 0.9384 | ->nfe   61.33 | <-nfe   24.00
Epoch 0017 [Val seq (cond on sampled tp)] |  MAPE 0.058997 | RMSE 140.052968 | MAE 75.810799 |
Epoch 0017 [Test seq (cond on sampled tp)] | MAPE 0.071605 | RMSE 381.253843| MAE 242.268410|
0.08734582364559174,0.06966069340705872,0.07222583144903183,0.057187050580978394
347.42373263782656,373.48709398719524,438.97640170059253,365.1281453133954
Experiment 09-03_22:16
Epoch 0018 [Train seq (cond on sampled tp)] | Loss 9031152.611111 | MAPE 0.256340 | RMSE 147.502653 |MAE 66.829985 | Likelihood -9031148.638889 | KL fp 3.9413 | FP STD 0.9844 | ->nfe   61.33 | <-nfe   24.00
Epoch 0018 [Val seq (cond on sampled tp)] |  MAPE 0.055779 | RMSE 141.690774 | MAE 76.802338 |
Epoch 0018 [Test seq (cond on sampled tp)] | MAPE 0.070427 | RMSE 384.650546| MAE 245.455120|
0.08439143002033234,0.0712655559182167,0.07039327174425125,0.05565658584237099
351.38760649744034,377.3576718446307,441.6733804521165,368.1835267566978
Experiment 09-03_22:16
Epoch 0019 [Train seq (cond on sampled tp)] | Loss 9031407.944444 | MAPE 0.246511 | RMSE 147.439716 |MAE 65.826909 | Likelihood -9031403.888889 | KL fp 4.0033 | FP STD 0.9850 | ->nfe   61.33 | <-nfe   24.00
Epoch 0019 [Val seq (cond on sampled tp)] |  MAPE 0.056504 | RMSE 140.625278 | MAE 75.982445 |
Epoch 0019 [Test seq (cond on sampled tp)] | MAPE 0.071710 | RMSE 383.324763| MAE 244.035664|
0.08649959415197372,0.07241065055131912,0.06924040615558624,0.058688148856163025
349.44370970157695,376.38033456863815,440.2851526283847,367.1898563754179
Experiment 09-03_22:16
Epoch 0020 [Train seq (cond on sampled tp)] | Loss 9036089.277778 | MAPE 0.252039 | RMSE 147.220967 |MAE 66.628920 | Likelihood -9036084.916667 | KL fp 4.4925 | FP STD 0.9470 | ->nfe   61.33 | <-nfe   24.00
Epoch 0020 [Val seq (cond on sampled tp)] |  MAPE 0.058352 | RMSE 139.457501 | MAE 75.147255 |
Epoch 0020 [Test seq (cond on sampled tp)] | MAPE 0.072658 | RMSE 381.198662| MAE 242.395271|
0.0874117761850357,0.07169440388679504,0.07156091183423996,0.05996646732091904
347.2908205848522,374.019071204932,438.1749971472585,365.3097572608758
Experiment 09-03_22:16
Epoch 0021 [Train seq (cond on sampled tp)] | Loss 9016042.611111 | MAPE 0.262867 | RMSE 147.068673 |MAE 67.009276 | Likelihood -9016038.055556 | KL fp 4.7139 | FP STD 0.9365 | ->nfe   61.33 | <-nfe   24.00
Epoch 0021 [Val seq (cond on sampled tp)] |  MAPE 0.059666 | RMSE 139.907384 | MAE 75.988052 |
Epoch 0021 [Test seq (cond on sampled tp)] | MAPE 0.071655 | RMSE 381.747018| MAE 241.893768|
0.08754685521125793,0.07266519218683243,0.07034891843795776,0.05605829507112503
349.35829566506646,373.1085004727177,438.84461230599607,365.67666301666014
Experiment 09-03_22:16
Epoch 0022 [Train seq (cond on sampled tp)] | Loss 9028590.972222 | MAPE 0.263548 | RMSE 147.246201 |MAE 67.247457 | Likelihood -9028586.305556 | KL fp 4.8239 | FP STD 1.0077 | ->nfe   61.33 | <-nfe   24.00
Epoch 0022 [Val seq (cond on sampled tp)] |  MAPE 0.057808 | RMSE 140.200185 | MAE 75.746895 |
Epoch 0022 [Test seq (cond on sampled tp)] | MAPE 0.071078 | RMSE 383.126485| MAE 243.290989|
0.08425649255514145,0.07421530783176422,0.07064376026391983,0.0551975816488266
349.40852924978805,375.9896108937054,439.7871999615268,367.32059821768775
Experiment 09-03_22:16
Epoch 0023 [Train seq (cond on sampled tp)] | Loss 9038634.194444 | MAPE 0.259844 | RMSE 147.559799 |MAE 66.913756 | Likelihood -9038629.750000 | KL fp 4.5995 | FP STD 1.0864 | ->nfe   61.33 | <-nfe   24.00
Epoch 0023 [Val seq (cond on sampled tp)] |  MAPE 0.056417 | RMSE 141.435857 | MAE 76.704781 |
Epoch 0023 [Test seq (cond on sampled tp)] | MAPE 0.071177 | RMSE 384.532424| MAE 245.205643|
0.08585377782583237,0.07137689739465714,0.07031549513339996,0.057160668075084686
352.59025883452875,378.2834585334125,441.00708611086964,366.24889078330324
Experiment 09-03_22:16
Epoch 0024 [Train seq (cond on sampled tp)] | Loss 9020917.805556 | MAPE 0.251337 | RMSE 147.479352 |MAE 66.643530 | Likelihood -9020913.500000 | KL fp 4.4142 | FP STD 1.1305 | ->nfe   61.33 | <-nfe   24.00
Epoch 0024 [Val seq (cond on sampled tp)] |  MAPE 0.057055 | RMSE 140.784167 | MAE 75.934563 |
Epoch 0024 [Test seq (cond on sampled tp)] | MAPE 0.071137 | RMSE 383.314329| MAE 243.329693|
0.0893620178103447,0.06919785588979721,0.06925978511571884,0.0567285530269146
350.817371469829,376.13395220320115,439.31146411173927,366.99452908047556
Experiment 09-03_22:16
Epoch 0025 [Train seq (cond on sampled tp)] | Loss 9006346.138889 | MAPE 0.258911 | RMSE 147.109026 |MAE 66.815822 | Likelihood -9006341.666667 | KL fp 4.5788 | FP STD 1.1069 | ->nfe   61.33 | <-nfe   24.00
Epoch 0025 [Val seq (cond on sampled tp)] |  MAPE 0.058473 | RMSE 141.308644 | MAE 76.669533 |
Epoch 0025 [Test seq (cond on sampled tp)] | MAPE 0.070261 | RMSE 383.535926| MAE 244.024014|
0.08428556472063065,0.0706382766366005,0.07021927088499069,0.05590115487575531
349.0493003323456,377.4138974653689,441.4662359682788,366.2142687348487
Experiment 09-03_22:16
Epoch 0026 [Train seq (cond on sampled tp)] | Loss 9037560.138889 | MAPE 0.261339 | RMSE 147.190397 |MAE 66.690696 | Likelihood -9037555.555556 | KL fp 4.6717 | FP STD 1.1171 | ->nfe   61.33 | <-nfe   24.00
Epoch 0026 [Val seq (cond on sampled tp)] |  MAPE 0.058386 | RMSE 139.601840 | MAE 75.491913 |
Epoch 0026 [Test seq (cond on sampled tp)] | MAPE 0.071752 | RMSE 382.347261| MAE 243.133854|
0.08733383566141129,0.07163862138986588,0.07144857197999954,0.056586895138025284
348.9014903952117,374.44137558501734,440.1481817240644,365.8979963733062
Experiment 09-03_22:16
Epoch 0027 [Train seq (cond on sampled tp)] | Loss 9051967.472222 | MAPE 0.266683 | RMSE 147.447958 |MAE 67.264598 | Likelihood -9051962.777778 | KL fp 4.8447 | FP STD 1.1138 | ->nfe   61.33 | <-nfe   24.00
Epoch 0027 [Val seq (cond on sampled tp)] |  MAPE 0.057362 | RMSE 140.231442 | MAE 75.665756 |
Epoch 0027 [Test seq (cond on sampled tp)] | MAPE 0.071922 | RMSE 382.639876| MAE 243.363689|
0.08943066745996475,0.07034523785114288,0.0693032518029213,0.05861015245318413
348.8450587295168,375.6864550393054,440.45188088484764,365.5761078421291
Experiment 09-03_22:16
Epoch 0028 [Train seq (cond on sampled tp)] | Loss 9025411.861111 | MAPE 0.259178 | RMSE 147.440380 |MAE 66.989253 | Likelihood -9025407.138889 | KL fp 4.8500 | FP STD 1.0752 | ->nfe   61.33 | <-nfe   24.00
Epoch 0028 [Val seq (cond on sampled tp)] |  MAPE 0.057586 | RMSE 140.391939 | MAE 75.648132 |
Epoch 0028 [Test seq (cond on sampled tp)] | MAPE 0.071516 | RMSE 382.987922| MAE 243.289520|
0.0855596736073494,0.07473590970039368,0.06838306039571762,0.05738687515258789
348.65387340097055,375.7797933963454,440.7587562941887,366.75926624285853
Experiment 09-03_22:16
Epoch 0029 [Train seq (cond on sampled tp)] | Loss 9009923.611111 | MAPE 0.255188 | RMSE 147.058195 |MAE 66.866013 | Likelihood -9009918.527778 | KL fp 5.1155 | FP STD 1.0130 | ->nfe   61.33 | <-nfe   24.00
Epoch 0029 [Val seq (cond on sampled tp)] |  MAPE 0.058501 | RMSE 140.271465 | MAE 75.735519 |
Epoch 0029 [Test seq (cond on sampled tp)] | MAPE 0.072339 | RMSE 382.635275| MAE 243.461090|
0.09080707281827927,0.07152412086725235,0.06923388689756393,0.057789530605077744
349.1487415844428,375.9370999582244,438.7321221428857,366.7231372234373
Experiment 09-03_22:16
Epoch 0030 [Train seq (cond on sampled tp)] | Loss 9046253.111111 | MAPE 0.250626 | RMSE 147.605134 |MAE 66.744012 | Likelihood -9046247.750000 | KL fp 5.1754 | FP STD 0.9998 | ->nfe   61.33 | <-nfe   24.00
Epoch 0030 [Val seq (cond on sampled tp)] |  MAPE 0.058328 | RMSE 140.225063 | MAE 75.715385 |
Epoch 0030 [Test seq (cond on sampled tp)] | MAPE 0.072381 | RMSE 382.584472| MAE 243.398582|
0.0903749167919159,0.07214722782373428,0.06974492967128754,0.0572565495967865
349.550425546873,374.41602446343023,439.75268262399493,366.6187563396068
Experiment 09-03_22:16
Epoch 0031 [Train seq (cond on sampled tp)] | Loss 9037284.722222 | MAPE 0.265085 | RMSE 147.312847 |MAE 67.071850 | Likelihood -9037279.583333 | KL fp 5.1899 | FP STD 1.0607 | ->nfe   61.33 | <-nfe   24.00
Epoch 0031 [Val seq (cond on sampled tp)] |  MAPE 0.057618 | RMSE 139.727763 | MAE 75.373093 |
Epoch 0031 [Test seq (cond on sampled tp)] | MAPE 0.072804 | RMSE 381.413114| MAE 242.415386|
0.08832128345966339,0.0707077905535698,0.07350994646549225,0.05867818742990494
349.35144151341353,373.1817167949148,437.3936477876651,365.72564853999506
Experiment 09-03_22:16
Epoch 0032 [Train seq (cond on sampled tp)] | Loss 8991996.083333 | MAPE 0.262389 | RMSE 146.847551 |MAE 67.295253 | Likelihood -8991990.444444 | KL fp 5.4817 | FP STD 1.0666 | ->nfe   61.33 | <-nfe   24.00
Epoch 0032 [Val seq (cond on sampled tp)] |  MAPE 0.058763 | RMSE 139.887357 | MAE 75.603096 |
Epoch 0032 [Test seq (cond on sampled tp)] | MAPE 0.072822 | RMSE 382.280960| MAE 242.696079|
0.08762677013874054,0.07217090576887131,0.07065663486719131,0.060832440853118896
348.9377854646871,375.7737850090131,439.37318634049575,365.03908181179725
Experiment 09-03_22:16
Epoch 0033 [Train seq (cond on sampled tp)] | Loss 8988057.916667 | MAPE 0.259410 | RMSE 146.978131 |MAE 66.826577 | Likelihood -8988052.361111 | KL fp 5.4927 | FP STD 1.0764 | ->nfe   61.33 | <-nfe   24.00
Epoch 0033 [Val seq (cond on sampled tp)] |  MAPE 0.058698 | RMSE 140.511260 | MAE 75.965942 |
Epoch 0033 [Test seq (cond on sampled tp)] | MAPE 0.072290 | RMSE 382.957903| MAE 244.090244|
0.088126540184021,0.07308782637119293,0.07285107672214508,0.05509397014975548
349.0963445991665,375.2167290380321,440.25488001270355,367.2636569958972
Experiment 09-03_22:16
Epoch 0034 [Train seq (cond on sampled tp)] | Loss 9008133.861111 | MAPE 0.253943 | RMSE 147.180217 |MAE 67.128126 | Likelihood -9008128.138889 | KL fp 5.5768 | FP STD 1.0488 | ->nfe   61.33 | <-nfe   24.00
Epoch 0034 [Val seq (cond on sampled tp)] |  MAPE 0.059180 | RMSE 139.570603 | MAE 75.784492 |
Epoch 0034 [Test seq (cond on sampled tp)] | MAPE 0.072714 | RMSE 381.502587| MAE 242.186916|
0.08973529934883118,0.07187295705080032,0.06987625360488892,0.05937338247895241
347.3426239860291,375.31624165495424,437.0288355760979,366.3226463788446
Experiment 09-03_22:16
Epoch 0035 [Train seq (cond on sampled tp)] | Loss 9013043.805556 | MAPE 0.261637 | RMSE 146.927744 |MAE 67.036892 | Likelihood -9013038.111111 | KL fp 5.6000 | FP STD 1.0533 | ->nfe   61.33 | <-nfe   24.00
Epoch 0035 [Val seq (cond on sampled tp)] |  MAPE 0.057356 | RMSE 140.355659 | MAE 75.933365 |
Epoch 0035 [Test seq (cond on sampled tp)] | MAPE 0.072085 | RMSE 383.041893| MAE 243.808472|
0.08344541490077972,0.07374878972768784,0.07184459269046783,0.05930032581090927
348.94674110098805,375.5974615529237,440.3991974618028,367.2241737004796
Experiment 09-03_22:16
Epoch 0036 [Train seq (cond on sampled tp)] | Loss 9005214.944444 | MAPE 0.255758 | RMSE 147.155751 |MAE 66.519449 | Likelihood -9005209.194444 | KL fp 5.6024 | FP STD 1.0435 | ->nfe   61.33 | <-nfe   24.00
Epoch 0036 [Val seq (cond on sampled tp)] |  MAPE 0.058004 | RMSE 139.780289 | MAE 75.483231 |
Epoch 0036 [Test seq (cond on sampled tp)] | MAPE 0.072863 | RMSE 382.749005| MAE 243.193668|
0.09031156450510025,0.07014953345060349,0.07315205782651901,0.05783914402127266
349.3538455133992,375.1514902342786,441.5947661601075,364.8959183794743
Experiment 09-03_22:16
Epoch 0037 [Train seq (cond on sampled tp)] | Loss 9004395.111111 | MAPE 0.260535 | RMSE 146.977607 |MAE 66.825119 | Likelihood -9004389.444444 | KL fp 5.5985 | FP STD 1.0122 | ->nfe   61.33 | <-nfe   24.00
Epoch 0037 [Val seq (cond on sampled tp)] |  MAPE 0.058542 | RMSE 139.038460 | MAE 74.765564 |
Epoch 0037 [Test seq (cond on sampled tp)] | MAPE 0.073246 | RMSE 381.188651| MAE 241.915970|
0.09009848535060883,0.07275830209255219,0.0732337161898613,0.056891754269599915
348.42859293548224,373.38527354463247,438.02527395688026,364.91546538205256
Experiment 09-03_22:16
Epoch 0038 [Train seq (cond on sampled tp)] | Loss 8973294.722222 | MAPE 0.262605 | RMSE 146.567846 |MAE 66.195722 | Likelihood -8973289.166667 | KL fp 5.5137 | FP STD 0.9543 | ->nfe   61.33 | <-nfe   24.00
Epoch 0038 [Val seq (cond on sampled tp)] |  MAPE 0.054998 | RMSE 140.449404 | MAE 75.649551 |
Epoch 0038 [Test seq (cond on sampled tp)] | MAPE 0.070478 | RMSE 383.004179| MAE 244.234146|
0.08501018583774567,0.07062719017267227,0.07118754088878632,0.055086374282836914
349.92019179378605,375.63939240313977,439.8443616780827,366.61276829237687
Experiment 09-03_22:16
Epoch 0039 [Train seq (cond on sampled tp)] | Loss 8906364.611111 | MAPE 0.248397 | RMSE 145.885109 |MAE 64.695913 | Likelihood -8906358.972222 | KL fp 5.4839 | FP STD 0.8960 | ->nfe   61.33 | <-nfe   24.00
Epoch 0039 [Val seq (cond on sampled tp)] |  MAPE 0.052960 | RMSE 136.053492 | MAE 72.215195 |
Epoch 0039 [Test seq (cond on sampled tp)] | MAPE 0.067446 | RMSE 376.627860| MAE 236.799919|
0.08506384491920471,0.06545519083738327,0.06679899990558624,0.052467696368694305
342.40865570251,369.85506029389404,432.71311584582224,361.5346089069482
Experiment 09-03_22:16
Epoch 0040 [Train seq (cond on sampled tp)] | Loss 8682499.250000 | MAPE 0.231461 | RMSE 142.681954 |MAE 62.338275 | Likelihood -8682494.472222 | KL fp 4.8397 | FP STD 0.8539 | ->nfe   61.33 | <-nfe   24.00
Epoch 0040 [Val seq (cond on sampled tp)] |  MAPE 0.048675 | RMSE 128.724611 | MAE 66.870285 |
Epoch 0040 [Test seq (cond on sampled tp)] | MAPE 0.061460 | RMSE 363.220801| MAE 221.892593|
0.07407931238412857,0.06297752261161804,0.061232492327690125,0.04755206033587456
328.6107238245581,356.2958413488712,420.4212916825217,347.55534631192194
Experiment 09-03_22:16
Epoch 0041 [Train seq (cond on sampled tp)] | Loss 8344411.555556 | MAPE 0.201995 | RMSE 138.120887 |MAE 57.573611 | Likelihood -8344408.055556 | KL fp 3.6319 | FP STD 0.7881 | ->nfe   61.33 | <-nfe   24.00
Epoch 0041 [Val seq (cond on sampled tp)] |  MAPE 0.049205 | RMSE 115.935108 | MAE 59.384136 |
Epoch 0041 [Test seq (cond on sampled tp)] | MAPE 0.059629 | RMSE 339.862721| MAE 200.048035|
0.07088446617126465,0.06476330757141113,0.05513911694288254,0.04772743582725525
300.3241738105676,335.7658922150968,397.38591130033785,325.9749079683895
Experiment 09-03_22:16
Epoch 0042 [Train seq (cond on sampled tp)] | Loss 7911664.888889 | MAPE 0.215793 | RMSE 130.931256 |MAE 55.559157 | Likelihood -7911661.833333 | KL fp 2.9107 | FP STD 0.7083 | ->nfe   61.33 | <-nfe   24.00
Epoch 0042 [Val seq (cond on sampled tp)] |  MAPE 0.038439 | RMSE 104.139344 | MAE 55.701504 |
Epoch 0042 [Test seq (cond on sampled tp)] | MAPE 0.049559 | RMSE 314.876849| MAE 183.989384|
0.060779035091400146,0.05085517466068268,0.04844816401600838,0.038151808083057404
271.08572214338403,312.2289074140958,373.63371936965217,302.5590464066477
Experiment 09-03_22:16
Epoch 0043 [Train seq (cond on sampled tp)] | Loss 7520015.388889 | MAPE 0.162549 | RMSE 123.161827 |MAE 52.562456 | Likelihood -7520013.055556 | KL fp 2.3027 | FP STD 0.6402 | ->nfe   61.33 | <-nfe   24.00
Epoch 0043 [Val seq (cond on sampled tp)] |  MAPE 0.040601 | RMSE 109.199565 | MAE 66.185600 |
Epoch 0043 [Test seq (cond on sampled tp)] | MAPE 0.055542 | RMSE 300.214253| MAE 194.846848|
0.06602343171834946,0.05842956528067589,0.058036062866449356,0.039677511900663376
261.29574958272855,302.17027484516075,358.2372315414745,279.1537574751592
Experiment 09-03_22:16
Epoch 0044 [Train seq (cond on sampled tp)] | Loss 7151400.111111 | MAPE 0.188874 | RMSE 113.521318 |MAE 50.956390 | Likelihood -7151397.805556 | KL fp 2.3534 | FP STD 0.5179 | ->nfe   61.33 | <-nfe   24.00
Epoch 0044 [Val seq (cond on sampled tp)] |  MAPE 0.029068 | RMSE 96.748622 | MAE 58.941151 |
Epoch 0044 [Test seq (cond on sampled tp)] | MAPE 0.041597 | RMSE 290.846155| MAE 172.469105|
0.046595990657806396,0.0463782362639904,0.04029189422726631,0.03311995789408684
250.21287030996228,286.31055582182086,345.10859930245147,281.75259260120396
0.046595990657806396,0.0463782362639904,0.04029189422726631,0.03311995789408684
250.21287030996228,286.31055582182086,345.10859930245147,281.75259260120396
Epoch 0044 [Test seq (cond on sampled tp)] | Best Test MAPE 0.041597|Best Test RMSE 290.846155|Best Test MAE 172.469105|
Experiment 09-03_22:16
Epoch 0045 [Train seq (cond on sampled tp)] | Loss 7116691.083333 | MAPE 0.088682 | RMSE 117.526185 |MAE 47.996424 | Likelihood -7116688.555556 | KL fp 2.6591 | FP STD 0.5236 | ->nfe   61.33 | <-nfe   24.00
Epoch 0045 [Val seq (cond on sampled tp)] |  MAPE 0.042303 | RMSE 85.730347 | MAE 48.874386 |
Epoch 0045 [Test seq (cond on sampled tp)] | MAPE 0.051507 | RMSE 263.012466| MAE 147.711208|
0.06002435460686684,0.05048614740371704,0.051627762615680695,0.04389165714383125
214.3208295260869,261.3579173040296,318.3842141383583,257.98690313172875
Experiment 09-03_22:16
Epoch 0046 [Train seq (cond on sampled tp)] | Loss 6960826.111111 | MAPE 0.150350 | RMSE 111.151395 |MAE 46.144310 | Likelihood -6960823.361111 | KL fp 2.7450 | FP STD 0.6137 | ->nfe   61.33 | <-nfe   24.00
Epoch 0046 [Val seq (cond on sampled tp)] |  MAPE 0.024874 | RMSE 90.041774 | MAE 52.769104 |
Best Val!
Epoch 0046 [Test seq (cond on sampled tp)] | MAPE 0.036581 | RMSE 272.715103| MAE 153.863430|
0.038038428872823715,0.041068680584430695,0.03727089613676071,0.02994619868695736
227.41424379587573,266.95658881642163,326.6881636209062,269.8014171339728
0.038038428872823715,0.041068680584430695,0.03727089613676071,0.02994619868695736
227.41424379587573,266.95658881642163,326.6881636209062,269.8014171339728
Epoch 0046 [Test seq (cond on sampled tp)] | Best Test MAPE 0.036581|Best Test RMSE 272.715103|Best Test MAE 153.863430|
Experiment 09-03_22:16
Epoch 0047 [Train seq (cond on sampled tp)] | Loss 6803030.875000 | MAPE 0.105374 | RMSE 108.038539 |MAE 42.233829 | Likelihood -6803028.250000 | KL fp 2.6419 | FP STD 0.6326 | ->nfe   61.33 | <-nfe   24.00
Epoch 0047 [Val seq (cond on sampled tp)] |  MAPE 0.033255 | RMSE 74.770469 | MAE 43.213150 |
Epoch 0047 [Test seq (cond on sampled tp)] | MAPE 0.038429 | RMSE 238.181361| MAE 131.481913|
0.04246271029114723,0.03944026306271553,0.038133710622787476,0.03368057683110237
187.66037932592485,235.26218751639627,291.49277703315397,238.3100986634851
Experiment 09-03_22:16
Epoch 0048 [Train seq (cond on sampled tp)] | Loss 6596990.847222 | MAPE 0.134847 | RMSE 101.999418 |MAE 40.910355 | Likelihood -6596988.319444 | KL fp 2.5693 | FP STD 0.5835 | ->nfe   61.33 | <-nfe   24.00
Epoch 0048 [Val seq (cond on sampled tp)] |  MAPE 0.035731 | RMSE 77.914968 | MAE 47.932293 |
Epoch 0048 [Test seq (cond on sampled tp)] | MAPE 0.041301 | RMSE 238.067842| MAE 134.151968|
0.04242002218961716,0.04031519219279289,0.040023308247327805,0.042444195598363876
193.42381817527024,226.60449610775598,293.2563405111644,238.9867118429391
Experiment 09-03_22:16
Epoch 0049 [Train seq (cond on sampled tp)] | Loss 6850298.000000 | MAPE 0.106509 | RMSE 104.599549 |MAE 42.644361 | Likelihood -6850295.222222 | KL fp 2.7419 | FP STD 0.5257 | ->nfe   61.33 | <-nfe   24.00
Epoch 0049 [Val seq (cond on sampled tp)] |  MAPE 0.027244 | RMSE 97.133325 | MAE 59.233685 |
Epoch 0049 [Test seq (cond on sampled tp)] | MAPE 0.042041 | RMSE 260.819279| MAE 159.892273|
0.04860755801200867,0.04387010633945465,0.03820149227976799,0.037483520805835724
221.02473525320644,247.7263012126488,311.1927281645572,263.3333498154003
Experiment 09-03_22:16
Epoch 0050 [Train seq (cond on sampled tp)] | Loss 6664335.666667 | MAPE 0.072933 | RMSE 104.216330 |MAE 40.428349 | Likelihood -6664333.000000 | KL fp 2.7245 | FP STD 0.5161 | ->nfe   61.33 | <-nfe   24.00
Epoch 0050 [Val seq (cond on sampled tp)] |  MAPE 0.035689 | RMSE 74.853454 | MAE 43.670921 |
Epoch 0050 [Test seq (cond on sampled tp)] | MAPE 0.040888 | RMSE 238.758540| MAE 128.361271|
0.04775139316916466,0.03602229058742523,0.03864499554038048,0.04113488271832466
198.70147796065837,231.1100674597496,288.52369378441,236.6989203740693
Experiment 09-03_22:16
Epoch 0051 [Train seq (cond on sampled tp)] | Loss 6521271.333333 | MAPE 0.116312 | RMSE 102.202484 |MAE 39.500021 | Likelihood -6521268.847222 | KL fp 2.4889 | FP STD 0.4866 | ->nfe   61.33 | <-nfe   24.00
Epoch 0051 [Val seq (cond on sampled tp)] |  MAPE 0.028708 | RMSE 100.098935 | MAE 56.191231 |
Epoch 0051 [Test seq (cond on sampled tp)] | MAPE 0.038755 | RMSE 275.542789| MAE 165.939493|
0.04906734824180603,0.04145168513059616,0.03855210542678833,0.025948140770196915
265.16217030809656,275.81611854639675,312.6205392524618,248.5723297654025
Experiment 09-03_22:16
Epoch 0052 [Train seq (cond on sampled tp)] | Loss 6549699.763889 | MAPE 0.098533 | RMSE 99.766498 |MAE 40.287819 | Likelihood -6549697.111111 | KL fp 2.7213 | FP STD 0.3866 | ->nfe   61.33 | <-nfe   24.00
Epoch 0052 [Val seq (cond on sampled tp)] |  MAPE 0.021894 | RMSE 92.652071 | MAE 57.069023 |
Best Val!
Epoch 0052 [Test seq (cond on sampled tp)] | MAPE 0.034895 | RMSE 245.936154| MAE 158.742178|
0.039165470749139786,0.046004533767700195,0.0346560962498188,0.019755052402615547
225.9891192762386,263.27164856379807,286.3539385533225,208.12990797516343
0.039165470749139786,0.046004533767700195,0.0346560962498188,0.019755052402615547
225.9891192762386,263.27164856379807,286.3539385533225,208.12990797516343
Epoch 0052 [Test seq (cond on sampled tp)] | Best Test MAPE 0.034895|Best Test RMSE 245.936154|Best Test MAE 158.742178|
Experiment 09-03_22:16
Epoch 0053 [Train seq (cond on sampled tp)] | Loss 6259133.166667 | MAPE 0.071787 | RMSE 97.374411 |MAE 38.541228 | Likelihood -6259130.277778 | KL fp 2.8783 | FP STD 0.3836 | ->nfe   61.33 | <-nfe   24.00
Epoch 0053 [Val seq (cond on sampled tp)] |  MAPE 0.027497 | RMSE 89.677112 | MAE 49.853870 |
Epoch 0053 [Test seq (cond on sampled tp)] | MAPE 0.039972 | RMSE 268.446912| MAE 162.327660|
0.05063473433256149,0.04345288500189781,0.03907673433423042,0.02672412060201168
254.9655154378725,270.54783830683255,314.8534877526371,233.42080763612313
Experiment 09-03_22:16
Epoch 0054 [Train seq (cond on sampled tp)] | Loss 6619618.680556 | MAPE 0.103467 | RMSE 104.101495 |MAE 43.242914 | Likelihood -6619615.625000 | KL fp 3.0763 | FP STD 0.3876 | ->nfe   61.33 | <-nfe   24.00
Epoch 0054 [Val seq (cond on sampled tp)] |  MAPE 0.023437 | RMSE 81.656202 | MAE 49.813782 |
Epoch 0054 [Test seq (cond on sampled tp)] | MAPE 0.035535 | RMSE 238.521541| MAE 141.194759|
0.03971754014492035,0.03574654832482338,0.03590915724635124,0.030765483155846596
201.79780838440738,228.80599553715808,286.06391331309163,237.41844816957675
Experiment 09-03_22:16
Epoch 0055 [Train seq (cond on sampled tp)] | Loss 6645640.597222 | MAPE 0.077632 | RMSE 101.371728 |MAE 39.023230 | Likelihood -6645637.652778 | KL fp 2.9399 | FP STD 0.3749 | ->nfe   61.33 | <-nfe   24.00
Epoch 0055 [Val seq (cond on sampled tp)] |  MAPE 0.030479 | RMSE 75.224384 | MAE 47.173401 |
Epoch 0055 [Test seq (cond on sampled tp)] | MAPE 0.039448 | RMSE 227.949864| MAE 139.994745|
0.0488562248647213,0.043292336165905,0.037613123655319214,0.028029389679431915
196.3984112397552,236.09853775754308,270.6416276647035,208.660881051648
Experiment 09-03_22:16
Epoch 0056 [Train seq (cond on sampled tp)] | Loss 6395007.930556 | MAPE 0.115110 | RMSE 99.628094 |MAE 39.509422 | Likelihood -6395005.152778 | KL fp 2.8054 | FP STD 0.3763 | ->nfe   61.33 | <-nfe   24.00
Epoch 0056 [Val seq (cond on sampled tp)] |  MAPE 0.028192 | RMSE 68.149723 | MAE 41.094273 |
Epoch 0056 [Test seq (cond on sampled tp)] | MAPE 0.037906 | RMSE 223.012050| MAE 135.549042|
0.04664232209324837,0.04062894731760025,0.032631199806928635,0.03172193467617035
206.80876960975326,216.5067568951371,262.44797103426043,206.28470351979567
Experiment 09-03_22:16
Epoch 0057 [Train seq (cond on sampled tp)] | Loss 6243499.875000 | MAPE 0.084790 | RMSE 93.396437 |MAE 35.232543 | Likelihood -6243497.055556 | KL fp 2.8318 | FP STD 0.3687 | ->nfe   61.33 | <-nfe   24.00
Epoch 0057 [Val seq (cond on sampled tp)] |  MAPE 0.021149 | RMSE 60.979072 | MAE 37.462620 |
Best Val!
Epoch 0057 [Test seq (cond on sampled tp)] | MAPE 0.030532 | RMSE 193.812534| MAE 115.807434|
0.031842149794101715,0.03615240380167961,0.0287665743380785,0.025368086993694305
144.96450265927172,205.4585667628634,235.9967226997019,188.83034300000622
0.031842149794101715,0.03615240380167961,0.0287665743380785,0.025368086993694305
144.96450265927172,205.4585667628634,235.9967226997019,188.83034300000622
Epoch 0057 [Test seq (cond on sampled tp)] | Best Test MAPE 0.030532|Best Test RMSE 193.812534|Best Test MAE 115.807434|
Experiment 09-03_22:16
Epoch 0058 [Train seq (cond on sampled tp)] | Loss 6332668.000000 | MAPE 0.059259 | RMSE 97.686485 |MAE 40.744681 | Likelihood -6332665.472222 | KL fp 2.5429 | FP STD 0.3389 | ->nfe   61.33 | <-nfe   24.00
Epoch 0058 [Val seq (cond on sampled tp)] |  MAPE 0.020371 | RMSE 67.574388 | MAE 43.020908 |
Best Val!
Epoch 0058 [Test seq (cond on sampled tp)] | MAPE 0.037166 | RMSE 196.719988| MAE 125.152760|
0.04213538020849228,0.04158804193139076,0.03274853155016899,0.032193563878536224
154.33706517716345,196.0124756871358,241.10322607754546,195.42718632843793
Experiment 09-03_22:16
Epoch 0059 [Train seq (cond on sampled tp)] | Loss 6486964.666667 | MAPE 0.056865 | RMSE 93.201609 |MAE 40.594688 | Likelihood -6486961.361111 | KL fp 3.2300 | FP STD 0.3872 | ->nfe   61.33 | <-nfe   24.00
Epoch 0059 [Val seq (cond on sampled tp)] |  MAPE 0.025075 | RMSE 134.660221 | MAE 77.942345 |
Epoch 0059 [Test seq (cond on sampled tp)] | MAPE 0.045746 | RMSE 341.517614| MAE 226.902763|
0.05592784658074379,0.05327504873275757,0.04481157660484314,0.02897002547979355
329.9574901597174,344.80534590185806,385.309189969562,305.9984298366578
Experiment 09-03_22:16
Epoch 0060 [Train seq (cond on sampled tp)] | Loss 6854108.194444 | MAPE 0.061164 | RMSE 108.571189 |MAE 43.004881 | Likelihood -6854105.611111 | KL fp 2.6261 | FP STD 0.3873 | ->nfe   61.33 | <-nfe   24.00
Epoch 0060 [Val seq (cond on sampled tp)] |  MAPE 0.019468 | RMSE 64.597628 | MAE 39.488277 |
Best Val!
Epoch 0060 [Test seq (cond on sampled tp)] | MAPE 0.029076 | RMSE 202.346183| MAE 114.898521|
0.03227197006344795,0.03124602511525154,0.029184337705373764,0.023603267967700958
161.65121476306635,202.32479882295695,251.4900827443301,193.91863628852178
0.03227197006344795,0.03124602511525154,0.029184337705373764,0.023603267967700958
161.65121476306635,202.32479882295695,251.4900827443301,193.91863628852178
Epoch 0060 [Test seq (cond on sampled tp)] | Best Test MAPE 0.029076|Best Test RMSE 202.346183|Best Test MAE 114.898521|
Experiment 09-03_22:16
Epoch 0061 [Train seq (cond on sampled tp)] | Loss 5981406.375000 | MAPE 0.050879 | RMSE 90.992356 |MAE 33.257563 | Likelihood -5981403.277778 | KL fp 3.0694 | FP STD 0.3631 | ->nfe   61.33 | <-nfe   24.00
Epoch 0061 [Val seq (cond on sampled tp)] |  MAPE 0.020012 | RMSE 73.872350 | MAE 43.968159 |
Epoch 0061 [Test seq (cond on sampled tp)] | MAPE 0.029070 | RMSE 195.882116| MAE 111.383930|
0.0324648953974247,0.030210886150598526,0.026664938777685165,0.026938054710626602
155.54872001040383,191.68898760427007,240.6074181888414,195.6833379467961
0.0324648953974247,0.030210886150598526,0.026664938777685165,0.026938054710626602
155.54872001040383,191.68898760427007,240.6074181888414,195.6833379467961
Epoch 0061 [Test seq (cond on sampled tp)] | Best Test MAPE 0.029070|Best Test RMSE 195.882116|Best Test MAE 111.383930|
Experiment 09-03_22:16
Epoch 0062 [Train seq (cond on sampled tp)] | Loss 5953765.819444 | MAPE 0.055962 | RMSE 87.759387 |MAE 34.452812 | Likelihood -5953762.777778 | KL fp 3.1067 | FP STD 0.3886 | ->nfe   61.33 | <-nfe   24.00
Epoch 0062 [Val seq (cond on sampled tp)] |  MAPE 0.019509 | RMSE 68.031978 | MAE 40.112000 |
Epoch 0062 [Test seq (cond on sampled tp)] | MAPE 0.030708 | RMSE 189.730688| MAE 119.798250|
0.03157399222254753,0.03699763864278793,0.03208348527550697,0.02217777632176876
149.93486215895555,212.43205715298714,229.3120911688915,167.2437405405655
Experiment 09-03_22:16
Epoch 0063 [Train seq (cond on sampled tp)] | Loss 6044142.027778 | MAPE 0.083359 | RMSE 91.991392 |MAE 36.786354 | Likelihood -6044139.375000 | KL fp 2.6252 | FP STD 0.4241 | ->nfe   61.33 | <-nfe   24.00
Epoch 0063 [Val seq (cond on sampled tp)] |  MAPE 0.024558 | RMSE 78.665111 | MAE 47.783401 |
Epoch 0063 [Test seq (cond on sampled tp)] | MAPE 0.031912 | RMSE 204.615990| MAE 123.381277|
0.03758882358670235,0.03684238716959953,0.030347492545843124,0.02286866120994091
165.81407250479376,232.69643919170744,246.0485930791924,173.9048545541498
Experiment 09-03_22:16
Epoch 0064 [Train seq (cond on sampled tp)] | Loss 5980749.444444 | MAPE 0.071020 | RMSE 86.880140 |MAE 34.696811 | Likelihood -5980747.027778 | KL fp 2.4047 | FP STD 0.4928 | ->nfe   61.33 | <-nfe   24.00
Epoch 0064 [Val seq (cond on sampled tp)] |  MAPE 0.020640 | RMSE 72.516913 | MAE 43.093815 |
Epoch 0064 [Test seq (cond on sampled tp)] | MAPE 0.030990 | RMSE 177.037684| MAE 121.455898|
0.03185589239001274,0.039204902946949005,0.028051508590579033,0.024847397580742836
145.9314573160119,200.1924464733872,203.02999701398807,158.99683688874129
Experiment 09-03_22:16
Epoch 0065 [Train seq (cond on sampled tp)] | Loss 6147078.694444 | MAPE 0.048194 | RMSE 88.887245 |MAE 35.885286 | Likelihood -6147076.180556 | KL fp 2.5280 | FP STD 0.5001 | ->nfe   61.33 | <-nfe   24.00
Epoch 0065 [Val seq (cond on sampled tp)] |  MAPE 0.021543 | RMSE 76.019519 | MAE 46.155121 |
Epoch 0065 [Test seq (cond on sampled tp)] | MAPE 0.033213 | RMSE 227.660496| MAE 138.177071|
0.03793969005346298,0.04199394956231117,0.03165034204721451,0.021267585456371307
195.4403581498714,250.43055892552331,275.64459964327256,189.1264664516841
Experiment 09-03_22:16
Epoch 0066 [Train seq (cond on sampled tp)] | Loss 6093751.097222 | MAPE 0.071895 | RMSE 87.927145 |MAE 36.013015 | Likelihood -6093748.375000 | KL fp 2.8686 | FP STD 0.4963 | ->nfe   61.33 | <-nfe   24.00
Epoch 0066 [Val seq (cond on sampled tp)] |  MAPE 0.032048 | RMSE 81.845528 | MAE 46.806652 |
Epoch 0066 [Test seq (cond on sampled tp)] | MAPE 0.039793 | RMSE 223.314884| MAE 141.081619|
0.0460558719933033,0.04357018694281578,0.0406656339764595,0.02888225018978119
206.1106157807016,254.99258567652512,256.44008193923196,175.71625187180325
Experiment 09-03_22:16
Epoch 0067 [Train seq (cond on sampled tp)] | Loss 5887717.402778 | MAPE 0.062245 | RMSE 86.189193 |MAE 33.941103 | Likelihood -5887714.680556 | KL fp 2.7221 | FP STD 0.4608 | ->nfe   61.33 | <-nfe   24.00
Epoch 0067 [Val seq (cond on sampled tp)] |  MAPE 0.022535 | RMSE 67.628361 | MAE 41.230694 |
Epoch 0067 [Test seq (cond on sampled tp)] | MAPE 0.037564 | RMSE 189.481541| MAE 114.853182|
0.04230140522122383,0.047142792493104935,0.03428516164422035,0.026524821296334267
153.3465425413139,203.65451175029244,235.4098321279296,165.5152761548764
Experiment 09-03_22:16
Epoch 0068 [Train seq (cond on sampled tp)] | Loss 6331590.000000 | MAPE 0.040046 | RMSE 94.643668 |MAE 34.601329 | Likelihood -6331587.055556 | KL fp 2.9950 | FP STD 0.4168 | ->nfe   61.33 | <-nfe   24.00
Epoch 0068 [Val seq (cond on sampled tp)] |  MAPE 0.020070 | RMSE 61.805955 | MAE 37.515179 |
Epoch 0068 [Test seq (cond on sampled tp)] | MAPE 0.029012 | RMSE 184.953445| MAE 105.290964|
0.03251362591981888,0.027745289728045464,0.030572103336453438,0.0252174474298954
155.25417667489657,184.21402930762358,238.33173440605847,162.01384007238394
0.03251362591981888,0.027745289728045464,0.030572103336453438,0.0252174474298954
155.25417667489657,184.21402930762358,238.33173440605847,162.01384007238394
Epoch 0068 [Test seq (cond on sampled tp)] | Best Test MAPE 0.029012|Best Test RMSE 184.953445|Best Test MAE 105.290964|
Experiment 09-03_22:16
Epoch 0069 [Train seq (cond on sampled tp)] | Loss 5878155.833333 | MAPE 0.035055 | RMSE 87.487037 |MAE 32.958252 | Likelihood -5878153.013889 | KL fp 2.9327 | FP STD 0.3939 | ->nfe   61.33 | <-nfe   24.00
Epoch 0069 [Val seq (cond on sampled tp)] |  MAPE 0.015657 | RMSE 72.432353 | MAE 38.995300 |
Best Val!
Epoch 0069 [Test seq (cond on sampled tp)] | MAPE 0.031565 | RMSE 235.722198| MAE 133.644567|
0.03616447001695633,0.039201751351356506,0.02980031818151474,0.021095041185617447
204.05696776574428,254.0470090603312,279.297360576501,205.48745399658833
Experiment 09-03_22:16
Epoch 0070 [Train seq (cond on sampled tp)] | Loss 6088690.097222 | MAPE 0.033150 | RMSE 88.759186 |MAE 34.732799 | Likelihood -6088687.208333 | KL fp 2.9688 | FP STD 0.3616 | ->nfe   61.33 | <-nfe   24.00
Epoch 0070 [Val seq (cond on sampled tp)] |  MAPE 0.022885 | RMSE 92.437025 | MAE 58.896893 |
Epoch 0070 [Test seq (cond on sampled tp)] | MAPE 0.040757 | RMSE 237.119004| MAE 159.736105|
0.04895859584212303,0.052834413945674896,0.038419824093580246,0.02281336672604084
204.31130505921595,271.2003266729227,269.73011685293875,203.23426868702532
Experiment 09-03_22:16
Epoch 0071 [Train seq (cond on sampled tp)] | Loss 6065210.861111 | MAPE 0.040933 | RMSE 86.424406 |MAE 34.051262 | Likelihood -6065207.736111 | KL fp 3.1428 | FP STD 0.3358 | ->nfe   61.33 | <-nfe   24.00
Epoch 0071 [Val seq (cond on sampled tp)] |  MAPE 0.021454 | RMSE 95.009750 | MAE 54.934658 |
Epoch 0071 [Test seq (cond on sampled tp)] | MAPE 0.036271 | RMSE 275.825742| MAE 179.501583|
0.04351377859711647,0.04357248172163963,0.03411417827010155,0.023881729692220688
239.10543732054694,287.44109450894456,323.53252831052396,253.22390814504462
Experiment 09-03_22:16
Epoch 0072 [Train seq (cond on sampled tp)] | Loss 6292350.361111 | MAPE 0.050602 | RMSE 95.874983 |MAE 37.026634 | Likelihood -6292347.555556 | KL fp 2.7546 | FP STD 0.3068 | ->nfe   61.33 | <-nfe   24.00
Epoch 0072 [Val seq (cond on sampled tp)] |  MAPE 0.023575 | RMSE 100.055766 | MAE 62.199566 |
Epoch 0072 [Test seq (cond on sampled tp)] | MAPE 0.042902 | RMSE 274.517459| MAE 186.780350|
0.054221685975790024,0.052172355353832245,0.03976810351014137,0.025444192811846733
251.43574446317294,295.1476060804153,315.3447270448643,236.14175761076226
Experiment 09-03_22:16
Epoch 0073 [Train seq (cond on sampled tp)] | Loss 6035273.597222 | MAPE 0.044994 | RMSE 89.048825 |MAE 34.106522 | Likelihood -6035270.611111 | KL fp 2.9263 | FP STD 0.3104 | ->nfe   61.33 | <-nfe   24.00
Epoch 0073 [Val seq (cond on sampled tp)] |  MAPE 0.021847 | RMSE 72.503340 | MAE 43.210205 |
Epoch 0073 [Test seq (cond on sampled tp)] | MAPE 0.031264 | RMSE 220.212067| MAE 131.243658|
0.035566989332437515,0.03648322448134422,0.03148065134882927,0.021523170173168182
182.92553129620808,227.77983304882372,271.27872831738944,198.8641771096544
Experiment 09-03_22:16
Epoch 0074 [Train seq (cond on sampled tp)] | Loss 5927099.125000 | MAPE 0.053967 | RMSE 89.626635 |MAE 34.011900 | Likelihood -5927096.152778 | KL fp 3.0473 | FP STD 0.2805 | ->nfe   61.33 | <-nfe   24.00
Epoch 0074 [Val seq (cond on sampled tp)] |  MAPE 0.018632 | RMSE 78.685108 | MAE 44.130157 |
Epoch 0074 [Test seq (cond on sampled tp)] | MAPE 0.030303 | RMSE 167.133649| MAE 108.406698|
0.03355610370635986,0.03402063250541687,0.02880200371146202,0.024833355098962784
124.85473981666655,164.68195555183027,208.2883461844421,170.70955436976865
Experiment 09-03_22:16
Epoch 0075 [Train seq (cond on sampled tp)] | Loss 5726149.944444 | MAPE 0.039682 | RMSE 82.510617 |MAE 31.410847 | Likelihood -5726146.652778 | KL fp 3.3368 | FP STD 0.2710 | ->nfe   61.33 | <-nfe   24.00
Epoch 0075 [Val seq (cond on sampled tp)] |  MAPE 0.016779 | RMSE 57.373419 | MAE 36.032963 |
Epoch 0075 [Test seq (cond on sampled tp)] | MAPE 0.027023 | RMSE 166.678203| MAE 103.002522|
0.03177127614617348,0.031135613098740578,0.026171604171395302,0.01901303045451641
132.40071457039045,172.4672126901951,208.42488717461262,153.41999645580754
0.03177127614617348,0.031135613098740578,0.026171604171395302,0.01901303045451641
132.40071457039045,172.4672126901951,208.42488717461262,153.41999645580754
Epoch 0075 [Test seq (cond on sampled tp)] | Best Test MAPE 0.027023|Best Test RMSE 166.678203|Best Test MAE 103.002522|
Experiment 09-03_22:16
Epoch 0076 [Train seq (cond on sampled tp)] | Loss 5877126.694444 | MAPE 0.038780 | RMSE 82.520140 |MAE 31.543289 | Likelihood -5877123.194444 | KL fp 3.4419 | FP STD 0.2645 | ->nfe   61.33 | <-nfe   24.00
Epoch 0076 [Val seq (cond on sampled tp)] |  MAPE 0.022178 | RMSE 68.567795 | MAE 38.263306 |
Epoch 0076 [Test seq (cond on sampled tp)] | MAPE 0.032433 | RMSE 226.924242| MAE 129.429949|
0.03249310329556465,0.036032963544130325,0.03357746824622154,0.027630379423499107
176.98056147674805,245.47054622194491,274.5582958362395,210.68756489171352
Experiment 09-03_22:16
Epoch 0077 [Train seq (cond on sampled tp)] | Loss 6001523.861111 | MAPE 0.046862 | RMSE 85.785415 |MAE 35.367944 | Likelihood -6001520.527778 | KL fp 3.3721 | FP STD 0.2486 | ->nfe   61.33 | <-nfe   24.00
Epoch 0077 [Val seq (cond on sampled tp)] |  MAPE 0.031621 | RMSE 102.108006 | MAE 66.416451 |
Epoch 0077 [Test seq (cond on sampled tp)] | MAPE 0.051884 | RMSE 285.241752| MAE 193.136570|
0.0634121298789978,0.062420111149549484,0.048638563603162766,0.03306690230965614
259.8947954221092,308.44091310168307,327.3851778677526,245.24612159267676
Experiment 09-03_22:16
Epoch 0078 [Train seq (cond on sampled tp)] | Loss 6496582.083333 | MAPE 0.059540 | RMSE 93.371442 |MAE 39.028381 | Likelihood -6496578.805556 | KL fp 3.4095 | FP STD 0.2931 | ->nfe   61.33 | <-nfe   24.00
Epoch 0078 [Val seq (cond on sampled tp)] |  MAPE 0.019840 | RMSE 68.162923 | MAE 40.027222 |
Epoch 0078 [Test seq (cond on sampled tp)] | MAPE 0.027607 | RMSE 213.017927| MAE 118.088295|
0.030365370213985443,0.029668709263205528,0.027445964515209198,0.02294659987092018
175.4312376420602,216.03965564798514,258.44376503893454,202.1570494844293
Experiment 09-03_22:16
Epoch 0079 [Train seq (cond on sampled tp)] | Loss 6205088.930556 | MAPE 0.050539 | RMSE 93.952154 |MAE 34.240433 | Likelihood -6205086.013889 | KL fp 2.9602 | FP STD 0.2942 | ->nfe   61.33 | <-nfe   24.00
Epoch 0079 [Val seq (cond on sampled tp)] |  MAPE 0.020959 | RMSE 68.521139 | MAE 37.090118 |
Epoch 0079 [Test seq (cond on sampled tp)] | MAPE 0.027391 | RMSE 228.976283| MAE 122.942131|
0.028264405205845833,0.029427718371152878,0.02892332524061203,0.022947832942008972
183.851619434668,229.31617944717726,281.27680427827676,221.46052836792384
Experiment 09-03_22:16
Epoch 0080 [Train seq (cond on sampled tp)] | Loss 6113572.208333 | MAPE 0.059208 | RMSE 92.915067 |MAE 34.755948 | Likelihood -6113569.361111 | KL fp 2.9409 | FP STD 0.3404 | ->nfe   61.33 | <-nfe   24.00
Epoch 0080 [Val seq (cond on sampled tp)] |  MAPE 0.019253 | RMSE 76.877903 | MAE 44.546135 |
Epoch 0080 [Test seq (cond on sampled tp)] | MAPE 0.031892 | RMSE 219.504568| MAE 125.720333|
0.03655582666397095,0.03156868740916252,0.03222435340285301,0.027218014001846313
175.08978723429303,211.94247634971617,268.04803673968587,222.93797308612545
Experiment 09-03_22:16
Epoch 0081 [Train seq (cond on sampled tp)] | Loss 6085681.888889 | MAPE 0.032322 | RMSE 90.394212 |MAE 32.541015 | Likelihood -6085679.111111 | KL fp 2.8563 | FP STD 0.3619 | ->nfe   61.33 | <-nfe   24.00
Epoch 0081 [Val seq (cond on sampled tp)] |  MAPE 0.020433 | RMSE 54.257297 | MAE 33.446987 |
Epoch 0081 [Test seq (cond on sampled tp)] | MAPE 0.030371 | RMSE 158.815239| MAE 97.932476|
0.037370167672634125,0.030055688694119453,0.030380818992853165,0.02367914468050003
120.65487810020365,166.70349332722455,199.35109574567178,148.55148912708685
Experiment 09-03_22:16
Epoch 0082 [Train seq (cond on sampled tp)] | Loss 5807841.083333 | MAPE 0.045386 | RMSE 80.944254 |MAE 31.496073 | Likelihood -5807837.875000 | KL fp 3.2220 | FP STD 0.3684 | ->nfe   61.33 | <-nfe   24.00
Epoch 0082 [Val seq (cond on sampled tp)] |  MAPE 0.017751 | RMSE 66.160239 | MAE 39.237385 |
Epoch 0082 [Test seq (cond on sampled tp)] | MAPE 0.029169 | RMSE 195.128617| MAE 117.272291|
0.035713255405426025,0.036403801292181015,0.02530592866241932,0.019253110513091087
183.84153757380295,216.12760264482645,220.92198495736,159.62334205286206
Experiment 09-03_22:16
Epoch 0083 [Train seq (cond on sampled tp)] | Loss 5797814.000000 | MAPE 0.043197 | RMSE 83.272475 |MAE 31.971527 | Likelihood -5797810.777778 | KL fp 3.2697 | FP STD 0.3636 | ->nfe   61.33 | <-nfe   24.00
Epoch 0083 [Val seq (cond on sampled tp)] |  MAPE 0.019244 | RMSE 79.876033 | MAE 48.958817 |
Epoch 0083 [Test seq (cond on sampled tp)] | MAPE 0.034099 | RMSE 209.974016| MAE 137.518152|
0.04128594323992729,0.044626712799072266,0.031183915212750435,0.019301053136587143
191.86411817677114,231.55967440921142,247.16168480875024,169.310585075919
Experiment 09-03_22:16
Epoch 0084 [Train seq (cond on sampled tp)] | Loss 5848808.250000 | MAPE 0.044983 | RMSE 79.536306 |MAE 34.048357 | Likelihood -5848804.833333 | KL fp 3.4264 | FP STD 0.3578 | ->nfe   61.33 | <-nfe   24.00
Epoch 0084 [Val seq (cond on sampled tp)] |  MAPE 0.019595 | RMSE 91.964720 | MAE 53.198524 |
Epoch 0084 [Test seq (cond on sampled tp)] | MAPE 0.034765 | RMSE 241.149108| MAE 158.647276|
0.043470997363328934,0.040582846850156784,0.03537450730800629,0.019633539021015167
219.35500264981422,264.7719685172507,277.0822446720468,203.38721536763316
Experiment 09-03_22:16
Epoch 0085 [Train seq (cond on sampled tp)] | Loss 6503915.888889 | MAPE 0.040355 | RMSE 100.232916 |MAE 37.120683 | Likelihood -6503913.388889 | KL fp 2.5871 | FP STD 0.3358 | ->nfe   61.33 | <-nfe   24.00
Epoch 0085 [Val seq (cond on sampled tp)] |  MAPE 0.028578 | RMSE 70.839094 | MAE 39.484192 |
Epoch 0085 [Test seq (cond on sampled tp)] | MAPE 0.034451 | RMSE 213.536189| MAE 126.974066|
0.038109470158815384,0.03368711471557617,0.036186762154102325,0.02981909178197384
173.5560968390336,233.14632107595008,270.60799600159635,176.83434272116094
Experiment 09-03_22:16
Epoch 0086 [Train seq (cond on sampled tp)] | Loss 13058832.388889 | MAPE 0.242908 | RMSE 175.860055 |MAE 63.344666 | Likelihood -13058827.027778 | KL fp 5.5567 | FP STD 0.4484 | ->nfe   61.33 | <-nfe   24.00
Epoch 0086 [Val seq (cond on sampled tp)] |  MAPE 0.016120 | RMSE 59.264552 | MAE 37.489899 |
Epoch 0086 [Test seq (cond on sampled tp)] | MAPE 0.031045 | RMSE 164.401501| MAE 110.489738|
0.03746609389781952,0.03583153337240219,0.029959721490740776,0.020921923220157623
135.98676549806234,172.57398209717186,201.7422744803379,147.30298017606432
Experiment 09-03_22:16
Epoch 0087 [Train seq (cond on sampled tp)] | Loss 5849635.472222 | MAPE 0.032721 | RMSE 81.585936 |MAE 31.146543 | Likelihood -5849632.388889 | KL fp 3.1791 | FP STD 0.3206 | ->nfe   61.33 | <-nfe   24.00
Epoch 0087 [Val seq (cond on sampled tp)] |  MAPE 0.019449 | RMSE 74.932505 | MAE 42.148441 |
Epoch 0087 [Test seq (cond on sampled tp)] | MAPE 0.031099 | RMSE 221.393983| MAE 133.682545|
0.03497408702969551,0.0340408980846405,0.03266158699989319,0.022718703374266624
183.8998644813258,238.75355036627204,270.2521681226628,192.6703487339191
Experiment 09-03_22:16
Epoch 0088 [Train seq (cond on sampled tp)] | Loss 5759267.152778 | MAPE 0.042714 | RMSE 81.256201 |MAE 32.636319 | Likelihood -5759263.861111 | KL fp 3.3791 | FP STD 0.3135 | ->nfe   61.33 | <-nfe   24.00
Epoch 0088 [Val seq (cond on sampled tp)] |  MAPE 0.024404 | RMSE 77.258125 | MAE 49.093910 |
Epoch 0088 [Test seq (cond on sampled tp)] | MAPE 0.036654 | RMSE 204.575598| MAE 133.428270|
0.04433457925915718,0.04881603643298149,0.03370935469865799,0.0197544377297163
174.8307719714267,229.45929990414422,237.06024254132112,176.95207574192227
Experiment 09-03_22:16
Epoch 0089 [Train seq (cond on sampled tp)] | Loss 5921545.291667 | MAPE 0.053257 | RMSE 83.823478 |MAE 33.974892 | Likelihood -5921542.250000 | KL fp 3.0527 | FP STD 0.3508 | ->nfe   61.33 | <-nfe   24.00
Epoch 0089 [Val seq (cond on sampled tp)] |  MAPE 0.019683 | RMSE 69.398669 | MAE 40.042290 |
Epoch 0089 [Test seq (cond on sampled tp)] | MAPE 0.029660 | RMSE 218.504548| MAE 131.389559|
0.03389304503798485,0.03506598621606827,0.029520582407712936,0.02016223408281803
178.36015179966628,238.96690081996712,259.47502589363006,197.2161132172014
Experiment 09-03_22:16
Epoch 0090 [Train seq (cond on sampled tp)] | Loss 5793201.347222 | MAPE 0.043610 | RMSE 81.816187 |MAE 31.029944 | Likelihood -5793198.402778 | KL fp 2.8936 | FP STD 0.3619 | ->nfe   61.33 | <-nfe   24.00
Epoch 0090 [Val seq (cond on sampled tp)] |  MAPE 0.018529 | RMSE 55.916573 | MAE 33.902752 |
Epoch 0090 [Test seq (cond on sampled tp)] | MAPE 0.024808 | RMSE 161.567849| MAE 91.462439|
0.02505345270037651,0.024431871250271797,0.02622288092970848,0.023523105308413506
106.5990269142383,153.83652925873946,213.45772232165788,172.3781159072984
0.02505345270037651,0.024431871250271797,0.02622288092970848,0.023523105308413506
106.5990269142383,153.83652925873946,213.45772232165788,172.3781159072984
Epoch 0090 [Test seq (cond on sampled tp)] | Best Test MAPE 0.024808|Best Test RMSE 161.567849|Best Test MAE 91.462439|
Experiment 09-03_22:16
Epoch 0091 [Train seq (cond on sampled tp)] | Loss 5853906.861111 | MAPE 0.058622 | RMSE 79.303965 |MAE 32.763034 | Likelihood -5853903.750000 | KL fp 3.1268 | FP STD 0.3655 | ->nfe   61.33 | <-nfe   24.00
Epoch 0091 [Val seq (cond on sampled tp)] |  MAPE 0.016670 | RMSE 70.307305 | MAE 40.738594 |
Epoch 0091 [Test seq (cond on sampled tp)] | MAPE 0.031400 | RMSE 222.482813| MAE 135.105272|
0.03839787095785141,0.03746245801448822,0.02937101572751999,0.020367411896586418
184.88058857340866,245.39416634264148,262.4131106194963,197.24338550379832
Experiment 09-03_22:16
Epoch 0092 [Train seq (cond on sampled tp)] | Loss 5992989.333333 | MAPE 0.035021 | RMSE 81.590674 |MAE 32.578779 | Likelihood -5992986.138889 | KL fp 3.1905 | FP STD 0.3666 | ->nfe   61.33 | <-nfe   24.00
Epoch 0092 [Val seq (cond on sampled tp)] |  MAPE 0.016398 | RMSE 57.013268 | MAE 36.741394 |
Epoch 0092 [Test seq (cond on sampled tp)] | MAPE 0.029462 | RMSE 194.611507| MAE 112.492662|
0.03566361218690872,0.037408508360385895,0.02550080418586731,0.01927340403199196
162.4720048000578,209.86913705330758,233.3211641171885,172.78372273958564
Experiment 09-03_22:16
Epoch 0093 [Train seq (cond on sampled tp)] | Loss 5859594.097222 | MAPE 0.030032 | RMSE 85.766450 |MAE 32.197810 | Likelihood -5859591.347222 | KL fp 2.7886 | FP STD 0.3361 | ->nfe   61.33 | <-nfe   24.00
Epoch 0093 [Val seq (cond on sampled tp)] |  MAPE 0.018899 | RMSE 70.852706 | MAE 40.665863 |
Epoch 0093 [Test seq (cond on sampled tp)] | MAPE 0.029503 | RMSE 225.715744| MAE 137.542831|
0.033503904938697815,0.0326615534722805,0.031229041516780853,0.020617296919226646
194.09612228867428,229.07824809440115,272.6202859519078,207.06831979445818
Experiment 09-03_22:16
Epoch 0094 [Train seq (cond on sampled tp)] | Loss 5846460.791667 | MAPE 0.047626 | RMSE 87.269640 |MAE 32.069818 | Likelihood -5846457.986111 | KL fp 2.8412 | FP STD 0.2972 | ->nfe   61.33 | <-nfe   24.00
Epoch 0094 [Val seq (cond on sampled tp)] |  MAPE 0.014601 | RMSE 61.047627 | MAE 34.744438 |
Best Val!
Epoch 0094 [Test seq (cond on sampled tp)] | MAPE 0.029148 | RMSE 204.992811| MAE 120.848522|
0.03166228160262108,0.03551644831895828,0.029612302780151367,0.01980101689696312
156.29203809495544,215.5425929485864,256.6318191982436,191.50479351050197
Experiment 09-03_22:16
Epoch 0095 [Train seq (cond on sampled tp)] | Loss 5872026.458333 | MAPE 0.028230 | RMSE 85.814692 |MAE 30.380633 | Likelihood -5872023.722222 | KL fp 2.7915 | FP STD 0.3100 | ->nfe   61.33 | <-nfe   24.00
Epoch 0095 [Val seq (cond on sampled tp)] |  MAPE 0.017322 | RMSE 59.357080 | MAE 34.845970 |
Epoch 0095 [Test seq (cond on sampled tp)] | MAPE 0.028169 | RMSE 192.427583| MAE 109.804785|
0.03610905259847641,0.029269928112626076,0.026228884235024452,0.02106834389269352
144.50018247177061,195.3999104401023,243.24782405244656,186.5624162478874
Experiment 09-03_22:16
Epoch 0096 [Train seq (cond on sampled tp)] | Loss 5777310.263889 | MAPE 0.029218 | RMSE 82.680816 |MAE 31.127485 | Likelihood -5777307.430556 | KL fp 2.9146 | FP STD 0.3293 | ->nfe   61.33 | <-nfe   24.00
Epoch 0096 [Val seq (cond on sampled tp)] |  MAPE 0.018971 | RMSE 73.765693 | MAE 43.819923 |
Epoch 0096 [Test seq (cond on sampled tp)] | MAPE 0.033512 | RMSE 220.565201| MAE 136.727665|
0.04149893671274185,0.03693206608295441,0.03373398259282112,0.021883482113480568
186.51201159375768,232.34972462055987,260.76495043429435,202.63411839445993
Experiment 09-03_22:16
Epoch 0097 [Train seq (cond on sampled tp)] | Loss 6206999.805556 | MAPE 0.061524 | RMSE 85.688352 |MAE 42.444887 | Likelihood -6206996.361111 | KL fp 3.4122 | FP STD 0.3307 | ->nfe   61.33 | <-nfe   24.00
Epoch 0097 [Val seq (cond on sampled tp)] |  MAPE 0.024320 | RMSE 54.919495 | MAE 33.389767 |
Epoch 0097 [Test seq (cond on sampled tp)] | MAPE 0.034883 | RMSE 184.733850| MAE 103.058031|
0.03704338148236275,0.03464460000395775,0.034562721848487854,0.03327984735369682
144.95381133959535,193.84887598010468,226.8484058104663,173.28430734453423
Experiment 09-03_22:16
Epoch 0098 [Train seq (cond on sampled tp)] | Loss 6059545.055556 | MAPE 0.037327 | RMSE 95.403114 |MAE 37.332744 | Likelihood -6059542.555556 | KL fp 2.5132 | FP STD 0.3045 | ->nfe   61.33 | <-nfe   24.00
Epoch 0098 [Val seq (cond on sampled tp)] |  MAPE 0.017350 | RMSE 80.248053 | MAE 43.590359 |
Epoch 0098 [Test seq (cond on sampled tp)] | MAPE 0.029889 | RMSE 239.021039| MAE 141.433998|
0.03397589549422264,0.03596509248018265,0.030682269483804703,0.018934201449155807
198.26217648608622,253.20274269101037,287.51605933408314,217.10317607649134
Experiment 09-03_22:16
Epoch 0099 [Train seq (cond on sampled tp)] | Loss 5878547.708333 | MAPE 0.048157 | RMSE 87.981402 |MAE 33.204851 | Likelihood -5878544.958333 | KL fp 2.7892 | FP STD 0.3075 | ->nfe   61.33 | <-nfe   24.00
Epoch 0099 [Val seq (cond on sampled tp)] |  MAPE 0.021498 | RMSE 75.502739 | MAE 48.386288 |
Epoch 0099 [Test seq (cond on sampled tp)] | MAPE 0.037731 | RMSE 210.636027| MAE 135.249277|
0.04737930744886398,0.045886602252721786,0.03591770678758621,0.02174028754234314
170.1276405011837,224.25573083535681,263.0042478269125,185.15648997874743
Experiment 09-03_22:16
Epoch 0100 [Train seq (cond on sampled tp)] | Loss 5898039.722222 | MAPE 0.042920 | RMSE 82.250983 |MAE 34.821110 | Likelihood -5898036.861111 | KL fp 2.8633 | FP STD 0.3237 | ->nfe   61.33 | <-nfe   24.00
Epoch 0100 [Val seq (cond on sampled tp)] |  MAPE 0.021782 | RMSE 88.912843 | MAE 54.522861 |
Epoch 0100 [Test seq (cond on sampled tp)] | MAPE 0.038189 | RMSE 243.829823| MAE 155.922771|
0.04757549986243248,0.04706558212637901,0.03711668401956558,0.020996293053030968
214.80469872363128,255.61611384310262,289.5504597647878,215.34801956658436
