/nvme/yuanjingyang/CG-ODE/lstm/run_data_social.py
lstm/run_data_social.py
Namespace(dataset='social', datapath='data/', pred_length=10, condition_length=20, training_end_time=320, add_popularity=True, features_inc=True, split_interval=5, niters=50, lr=0.005, batch_size=8, random_seed=1991, dropout=0.2, l2=1e-05, optimizer='AdamW', clip=10, edge_lamda=0.5, alias='run', feature_out_index=[0, 1], output_dim=2, num_atoms=80)
run
Experiment 09-03_21:10
Epoch 0001 [Train seq (cond on sampled tp)] | Loss 13.849666 | MAPE 0.846710 | RMSE 0.288769 |MAE 0.434338 | Likelihood -13.849666 | KL fp 0.0000 | FP STD 0.0000 | ->nfe    0.00 | <-nfe    0.00
Epoch 0001 [Val seq (cond on sampled tp)] |  MAPE 0.028737 | RMSE 0.118886 | MAE 0.090675 |
Best Val!
Epoch 0001 [Test seq (cond on sampled tp)] | MAPE 0.119454 | RMSE 0.168972| MAE 0.141654|
0.0380994938313961,0.041672345250844955,0.052301134914159775,0.07333210855722427,0.07790776342153549,0.06279348582029343,0.04629376903176308,0.04208773374557495,0.04878070205450058,0.05325436219573021,0.095744289457798,0.2668777406215668,0.13884247839450836,0.634363055229187
0.1684481798140887,0.16991884952351005,0.16757214097585119,0.16988125129134962,0.17122534411683038,0.16123888974578957,0.17149093372080768,0.16409679463122262,0.1640001019391755,0.1697989435674578,0.1710871880287592,0.17189272875816558,0.16456539983364005,0.1803929640435342
0.0380994938313961,0.041672345250844955,0.052301134914159775,0.07333210855722427,0.07790776342153549,0.06279348582029343,0.04629376903176308,0.04208773374557495,0.04878070205450058,0.05325436219573021,0.095744289457798,0.2668777406215668,0.13884247839450836,0.634363055229187
0.1684481798140887,0.16991884952351005,0.16757214097585119,0.16988125129134962,0.17122534411683038,0.16123888974578957,0.17149093372080768,0.16409679463122262,0.1640001019391755,0.1697989435674578,0.1710871880287592,0.17189272875816558,0.16456539983364005,0.1803929640435342
Epoch 0001 [Test seq (cond on sampled tp)] | Best Test MAPE 0.119454|Best Test RMSE 0.168972|Best Test MAE 0.141654|
Experiment 09-03_21:10
Epoch 0002 [Train seq (cond on sampled tp)] | Loss 1.661804 | MAPE 0.251665 | RMSE 0.100714 |MAE 0.263366 | Likelihood -1.661804 | KL fp 0.0000 | FP STD 0.0000 | ->nfe    0.00 | <-nfe    0.00
Epoch 0002 [Val seq (cond on sampled tp)] |  MAPE 0.023311 | RMSE 0.098484 | MAE 0.069224 |
Best Val!
Epoch 0002 [Test seq (cond on sampled tp)] | MAPE 0.109591 | RMSE 0.138946| MAE 0.108668|
0.0346030667424202,0.035982560366392136,0.04324580356478691,0.06928964704275131,0.06726538389921188,0.049187082797288895,0.036544445902109146,0.036833129823207855,0.039204191416502,0.047349922358989716,0.09502043575048447,0.20897386968135834,0.12719427049160004,0.6435744762420654
0.14732157835705065,0.14622779627717325,0.14076582162550944,0.1408691340137394,0.1405121032212425,0.13899640939855343,0.13807392149014835,0.13116638977550904,0.13098675662859166,0.13589214028562704,0.14003431586144519,0.14197431370503297,0.13647186604098607,0.13595649898881357
0.0346030667424202,0.035982560366392136,0.04324580356478691,0.06928964704275131,0.06726538389921188,0.049187082797288895,0.036544445902109146,0.036833129823207855,0.039204191416502,0.047349922358989716,0.09502043575048447,0.20897386968135834,0.12719427049160004,0.6435744762420654
0.14732157835705065,0.14622779627717325,0.14076582162550944,0.1408691340137394,0.1405121032212425,0.13899640939855343,0.13807392149014835,0.13116638977550904,0.13098675662859166,0.13589214028562704,0.14003431586144519,0.14197431370503297,0.13647186604098607,0.13595649898881357
Epoch 0002 [Test seq (cond on sampled tp)] | Best Test MAPE 0.109591|Best Test RMSE 0.138946|Best Test MAE 0.108668|
Experiment 09-03_21:10
Epoch 0003 [Train seq (cond on sampled tp)] | Loss 1.832424 | MAPE 0.216556 | RMSE 0.109075 |MAE 0.277663 | Likelihood -1.832424 | KL fp 0.0000 | FP STD 0.0000 | ->nfe    0.00 | <-nfe    0.00
Epoch 0003 [Val seq (cond on sampled tp)] |  MAPE 0.040362 | RMSE 0.136917 | MAE 0.100329 |
Epoch 0003 [Test seq (cond on sampled tp)] | MAPE 0.194613 | RMSE 0.231999| MAE 0.198847|
0.05717119202017784,0.06304235756397247,0.07626883685588837,0.1091519370675087,0.11496162414550781,0.10000739246606827,0.09383832663297653,0.06971869617700577,0.07140897214412689,0.08079829066991806,0.18484918773174286,0.45319515466690063,0.23233412206172943,1.0178351402282715
0.2181842077477281,0.22256651124014928,0.21403220094527178,0.21797679592308883,0.2238745569664572,0.22191568659755675,0.2281844437242223,0.23179949447494017,0.23933651466605113,0.23752423714893775,0.2445334592847381,0.2445237243883694,0.250451871668546,0.25308661581926784
Experiment 09-03_21:10
Epoch 0004 [Train seq (cond on sampled tp)] | Loss 1.962290 | MAPE 0.289016 | RMSE 0.112925 |MAE 0.281016 | Likelihood -1.962290 | KL fp 0.0000 | FP STD 0.0000 | ->nfe    0.00 | <-nfe    0.00
Epoch 0004 [Val seq (cond on sampled tp)] |  MAPE 0.018974 | RMSE 0.092977 | MAE 0.062292 |
Best Val!
Epoch 0004 [Test seq (cond on sampled tp)] | MAPE 0.121822 | RMSE 0.140121| MAE 0.106111|
0.03310856223106384,0.03343358635902405,0.04295201599597931,0.07297267764806747,0.07820577919483185,0.05781043693423271,0.043201398104429245,0.037265148013830185,0.042610976845026016,0.04833778366446495,0.11333928257226944,0.2847599685192108,0.14845244586467743,0.6690512299537659
0.14252277501792948,0.13491689098498355,0.1391104358391416,0.1360470415387942,0.13953672622579577,0.13743074851477383,0.134898880024482,0.13134404003738448,0.13669395903208176,0.14324624147652262,0.14478523902782636,0.14696060334017014,0.14731463696876412,0.14689217071401636
Experiment 09-03_21:10
Epoch 0005 [Train seq (cond on sampled tp)] | Loss 1.448974 | MAPE 0.200937 | RMSE 0.099498 |MAE 0.263430 | Likelihood -1.448974 | KL fp 0.0000 | FP STD 0.0000 | ->nfe    0.00 | <-nfe    0.00
Epoch 0005 [Val seq (cond on sampled tp)] |  MAPE 0.019809 | RMSE 0.101926 | MAE 0.068546 |
Epoch 0005 [Test seq (cond on sampled tp)] | MAPE 0.148665 | RMSE 0.164321| MAE 0.125652|
0.03719506785273552,0.041898779571056366,0.05229483172297478,0.08782099932432175,0.08345316350460052,0.06961917877197266,0.05160598084330559,0.040656015276908875,0.04994473606348038,0.060719069093465805,0.13458557426929474,0.3446052670478821,0.17365725338459015,0.8532549142837524
0.15900051822293,0.1597294586956472,0.15581446385398812,0.15686210304796414,0.15741193990853877,0.16081168224091213,0.15642260911773262,0.16239147459578884,0.1631366228387839,0.17031562063000494,0.17080424301451852,0.17522215940506775,0.17369787822896446,0.1788703228554281
Experiment 09-03_21:10
Epoch 0006 [Train seq (cond on sampled tp)] | Loss 1.531751 | MAPE 0.191416 | RMSE 0.102239 |MAE 0.267941 | Likelihood -1.531751 | KL fp 0.0000 | FP STD 0.0000 | ->nfe    0.00 | <-nfe    0.00
Epoch 0006 [Val seq (cond on sampled tp)] |  MAPE 0.018800 | RMSE 0.092751 | MAE 0.059747 |
Best Val!
Epoch 0006 [Test seq (cond on sampled tp)] | MAPE 0.124077 | RMSE 0.138536| MAE 0.100012|
0.031158512458205223,0.03505930304527283,0.045451242476701736,0.07094884663820267,0.07303813844919205,0.058046963065862656,0.04928358271718025,0.03694358468055725,0.0436120443046093,0.04819062352180481,0.1073540672659874,0.3142842948436737,0.14573943614959717,0.6779686808586121
0.13810071717715858,0.13764849333499743,0.13927211607763396,0.13189294077206462,0.13771886826984683,0.13776529170702628,0.1349177331404665,0.13093141451739757,0.13472172118724104,0.13774665930283306,0.14232484320310798,0.14305588615198217,0.1424291106356703,0.15098375547578627
Experiment 09-03_21:10
Epoch 0007 [Train seq (cond on sampled tp)] | Loss 1.218797 | MAPE 0.148988 | RMSE 0.091925 |MAE 0.248255 | Likelihood -1.218797 | KL fp 0.0000 | FP STD 0.0000 | ->nfe    0.00 | <-nfe    0.00
Epoch 0007 [Val seq (cond on sampled tp)] |  MAPE 0.017974 | RMSE 0.093438 | MAE 0.057169 |
Best Val!
Epoch 0007 [Test seq (cond on sampled tp)] | MAPE 0.136099 | RMSE 0.146402| MAE 0.101688|
0.03163003548979759,0.03640219196677208,0.047272294759750366,0.07601489126682281,0.079120934009552,0.06504972279071808,0.054196812212467194,0.03613756224513054,0.04746011272072792,0.05553744360804558,0.12456854432821274,0.32308804988861084,0.1698228120803833,0.7590817213058472
0.1419238533445748,0.14083118026425928,0.13989635282686552,0.1407540576851318,0.14328230753459467,0.14505327519304392,0.1402237718127956,0.13824485121955427,0.14637870792103372,0.1502744609995238,0.15224755747093316,0.15346162200465907,0.15860438381681113,0.15844777699345386
Experiment 09-03_21:10
Epoch 0008 [Train seq (cond on sampled tp)] | Loss 1.271988 | MAPE 0.162300 | RMSE 0.094601 |MAE 0.255763 | Likelihood -1.271988 | KL fp 0.0000 | FP STD 0.0000 | ->nfe    0.00 | <-nfe    0.00
Epoch 0008 [Val seq (cond on sampled tp)] |  MAPE 0.017865 | RMSE 0.091953 | MAE 0.055339 |
Best Val!
Epoch 0008 [Test seq (cond on sampled tp)] | MAPE 0.133634 | RMSE 0.141965| MAE 0.094720|
0.030432922765612602,0.03487641364336014,0.04625333473086357,0.07508327066898346,0.07768275588750839,0.059671610593795776,0.051307857036590576,0.036413438618183136,0.043299268931150436,0.051867008209228516,0.11867125332355499,0.322447270154953,0.1588924676179886,0.7639708518981934
0.1424546294807068,0.1370381507201657,0.13784035693074273,0.13588129092754936,0.14027854840011347,0.13980711078701968,0.136314871835166,0.13453105885517572,0.13901442543310588,0.14522211458106338,0.14561347197470967,0.14992716829100552,0.15037485758377522,0.15320855824058313
Experiment 09-03_21:10
Epoch 0009 [Train seq (cond on sampled tp)] | Loss 1.189274 | MAPE 0.150173 | RMSE 0.091321 |MAE 0.247673 | Likelihood -1.189274 | KL fp 0.0000 | FP STD 0.0000 | ->nfe    0.00 | <-nfe    0.00
Epoch 0009 [Val seq (cond on sampled tp)] |  MAPE 0.016874 | RMSE 0.091220 | MAE 0.056364 |
Best Val!
Epoch 0009 [Test seq (cond on sampled tp)] | MAPE 0.132799 | RMSE 0.141279| MAE 0.099651|
0.03054353967308998,0.0339752621948719,0.04569809511303902,0.07668379694223404,0.07700882852077484,0.059691525995731354,0.05134235695004463,0.03802992030978203,0.04409978911280632,0.05082070827484131,0.11969498544931412,0.3128144145011902,0.15594641864299774,0.7628346085548401
0.1387873356972359,0.13728976216054095,0.13752952361675636,0.135860323099225,0.13900413467069003,0.13965830734693968,0.1365175537893501,0.13312721130835872,0.14035463171049473,0.14411042783605513,0.14581534510320926,0.14960653710724006,0.14986953624854926,0.1503808959687406
Experiment 09-03_21:10
Epoch 0010 [Train seq (cond on sampled tp)] | Loss 1.192002 | MAPE 0.150886 | RMSE 0.091659 |MAE 0.248930 | Likelihood -1.192002 | KL fp 0.0000 | FP STD 0.0000 | ->nfe    0.00 | <-nfe    0.00
Epoch 0010 [Val seq (cond on sampled tp)] |  MAPE 0.017084 | RMSE 0.092417 | MAE 0.055858 |
Epoch 0010 [Test seq (cond on sampled tp)] | MAPE 0.134255 | RMSE 0.142541| MAE 0.096779|
0.031238645315170288,0.03466532379388809,0.04591675475239754,0.07740741968154907,0.07606621831655502,0.06050986796617508,0.05277777835726738,0.036738406866788864,0.044831905514001846,0.05355139449238777,0.12509195506572723,0.31002816557884216,0.16204598546028137,0.7687007188796997
0.14063901963815348,0.13704338360376161,0.13873946866242834,0.1378143756224138,0.13976368450184515,0.14048274447878345,0.1378352624126063,0.13485225021914476,0.1407359731754343,0.1453011792910705,0.14873003367850676,0.1487942411743824,0.15224200298889132,0.15259804043391295
Experiment 09-03_21:10
Epoch 0011 [Train seq (cond on sampled tp)] | Loss 1.191351 | MAPE 0.146079 | RMSE 0.091632 |MAE 0.249272 | Likelihood -1.191351 | KL fp 0.0000 | FP STD 0.0000 | ->nfe    0.00 | <-nfe    0.00
Epoch 0011 [Val seq (cond on sampled tp)] |  MAPE 0.016903 | RMSE 0.091795 | MAE 0.055825 |
Epoch 0011 [Test seq (cond on sampled tp)] | MAPE 0.130938 | RMSE 0.140610| MAE 0.095958|
0.030435441061854362,0.03396088257431984,0.04523367062211037,0.0751059502363205,0.07740939408540726,0.05954171344637871,0.0514674186706543,0.0378885343670845,0.04391894116997719,0.05156514793634415,0.12370417267084122,0.30378657579421997,0.15757717192173004,0.7415397763252258
0.13961610886696807,0.136333863867172,0.13619986569801296,0.13484863129861066,0.13969885309538063,0.1389351749448704,0.13426363788360862,0.13301423823313618,0.13882794127401152,0.14322611126386212,0.14619102987624488,0.14811248709343533,0.14803587386995173,0.15123272122254233
Experiment 09-03_21:10
Epoch 0012 [Train seq (cond on sampled tp)] | Loss 1.176050 | MAPE 0.147592 | RMSE 0.091028 |MAE 0.247201 | Likelihood -1.176050 | KL fp 0.0000 | FP STD 0.0000 | ->nfe    0.00 | <-nfe    0.00
Epoch 0012 [Val seq (cond on sampled tp)] |  MAPE 0.016806 | RMSE 0.091158 | MAE 0.055915 |
Best Val!
Epoch 0012 [Test seq (cond on sampled tp)] | MAPE 0.130892 | RMSE 0.141260| MAE 0.099018|
0.031002109870314598,0.03487934544682503,0.045397575944662094,0.07377297431230545,0.07882870733737946,0.05873417854309082,0.051375698298215866,0.035725176334381104,0.044074058532714844,0.051792990416288376,0.11689062416553497,0.30977070331573486,0.1565292924642563,0.7437161803245544
0.13989861626767286,0.1355753909850141,0.13696948628855432,0.135665206212375,0.13969242630236217,0.1394605306053455,0.13607518770265223,0.13232108671979098,0.14049997334887296,0.1443140227492308,0.1466406370212751,0.14951067649433178,0.1484072742306325,0.15261630594796147
Experiment 09-03_21:10
Epoch 0013 [Train seq (cond on sampled tp)] | Loss 1.178488 | MAPE 0.150274 | RMSE 0.091126 |MAE 0.248070 | Likelihood -1.178488 | KL fp 0.0000 | FP STD 0.0000 | ->nfe    0.00 | <-nfe    0.00
Epoch 0013 [Val seq (cond on sampled tp)] |  MAPE 0.017261 | RMSE 0.091703 | MAE 0.054942 |
Epoch 0013 [Test seq (cond on sampled tp)] | MAPE 0.133471 | RMSE 0.141508| MAE 0.095839|
0.0301953312009573,0.0345953069627285,0.04471750929951668,0.07598983496427536,0.07567495107650757,0.05970967933535576,0.05125976726412773,0.03491005674004555,0.0441519170999527,0.05198096111416817,0.12162909656763077,0.31370604038238525,0.16139046847820282,0.7686874270439148
0.14047282647952916,0.13692104495932134,0.1377905996160869,0.13677565207954348,0.14066891514343066,0.13905446908028038,0.13615600711248385,0.13330582549783074,0.1396996397572032,0.1439155338183772,0.14692095230447302,0.1480301739373938,0.14971328518241092,0.1516916673376249
Experiment 09-03_21:10
Epoch 0014 [Train seq (cond on sampled tp)] | Loss 1.179969 | MAPE 0.147944 | RMSE 0.091192 |MAE 0.247771 | Likelihood -1.179969 | KL fp 0.0000 | FP STD 0.0000 | ->nfe    0.00 | <-nfe    0.00
Epoch 0014 [Val seq (cond on sampled tp)] |  MAPE 0.016965 | RMSE 0.091538 | MAE 0.055974 |
Epoch 0014 [Test seq (cond on sampled tp)] | MAPE 0.133771 | RMSE 0.140729| MAE 0.097702|
0.030992358922958374,0.033986009657382965,0.044823624193668365,0.07335671037435532,0.07887184619903564,0.05943196639418602,0.050743263214826584,0.03592638298869133,0.0445733442902565,0.05032983422279358,0.12355228513479233,0.3065999448299408,0.15830832719802856,0.7813035845756531
0.13938199481175825,0.1356529930776529,0.1362320274345895,0.13563867780168606,0.14128832536610036,0.13874048228311184,0.13495268485953824,0.13262907854122433,0.14030957609753686,0.1419971202848811,0.14618373537292462,0.14784762857260447,0.14898451600570686,0.15036461345098406
Experiment 09-03_21:10
Epoch 0015 [Train seq (cond on sampled tp)] | Loss 1.164891 | MAPE 0.148576 | RMSE 0.090550 |MAE 0.246546 | Likelihood -1.164891 | KL fp 0.0000 | FP STD 0.0000 | ->nfe    0.00 | <-nfe    0.00
Epoch 0015 [Val seq (cond on sampled tp)] |  MAPE 0.016997 | RMSE 0.091498 | MAE 0.055589 |
Epoch 0015 [Test seq (cond on sampled tp)] | MAPE 0.133210 | RMSE 0.141407| MAE 0.097206|
0.03108401410281658,0.03516588360071182,0.04630463197827339,0.07586496323347092,0.07715602219104767,0.058395154774188995,0.051827240735292435,0.0365104153752327,0.04394645243883133,0.05064986273646355,0.11922325193881989,0.3169865608215332,0.1629602462053299,0.75887131690979
0.14068411538227169,0.1372782498623859,0.13767922084200881,0.13612153541562694,0.1391553643723359,0.1389656715609677,0.13540635314205,0.1344772446125921,0.14052230343451452,0.1432647176895426,0.14744680854864264,0.1485790406055583,0.14901889954103353,0.15109578689456699
Experiment 09-03_21:10
Epoch 0016 [Train seq (cond on sampled tp)] | Loss 1.175673 | MAPE 0.148369 | RMSE 0.090989 |MAE 0.247545 | Likelihood -1.175673 | KL fp 0.0000 | FP STD 0.0000 | ->nfe    0.00 | <-nfe    0.00
Epoch 0016 [Val seq (cond on sampled tp)] |  MAPE 0.017002 | RMSE 0.091312 | MAE 0.055463 |
Epoch 0016 [Test seq (cond on sampled tp)] | MAPE 0.132215 | RMSE 0.141086| MAE 0.097287|
0.030740443617105484,0.03400103375315666,0.046055372804403305,0.07556889951229095,0.07745347172021866,0.05871652439236641,0.05048113688826561,0.03661824017763138,0.043879806995391846,0.05255931243300438,0.12178297340869904,0.31156787276268005,0.15837866067886353,0.7532090544700623
0.14085535547251968,0.1359812805773103,0.1365173900612831,0.13655141399175946,0.14059015345631393,0.13883360981236315,0.1357838820497565,0.1329953113568412,0.1395388019457459,0.1452569142540911,0.14747836786793778,0.14605445715903162,0.14840893721582504,0.150359181423909
Experiment 09-03_21:10
Epoch 0017 [Train seq (cond on sampled tp)] | Loss 1.164637 | MAPE 0.147822 | RMSE 0.090536 |MAE 0.246926 | Likelihood -1.164637 | KL fp 0.0000 | FP STD 0.0000 | ->nfe    0.00 | <-nfe    0.00
Epoch 0017 [Val seq (cond on sampled tp)] |  MAPE 0.016993 | RMSE 0.091301 | MAE 0.055699 |
Epoch 0017 [Test seq (cond on sampled tp)] | MAPE 0.132758 | RMSE 0.140833| MAE 0.096986|
0.03052694909274578,0.03404287248849869,0.04528613016009331,0.07587277889251709,0.07578980177640915,0.06011589989066124,0.05139235779643059,0.03611457347869873,0.04406994581222534,0.05148060992360115,0.11990833282470703,0.31496843695640564,0.15909907221794128,0.7599384188652039
0.14001209419667793,0.13548963365983774,0.13633779174503818,0.1346909274530324,0.13945924841635945,0.13935078731337722,0.13580591777741743,0.1333137897110731,0.1392677226024713,0.14423487535922366,0.14579619562049834,0.14882435080481024,0.14846531707722746,0.15061122023996223
Experiment 09-03_21:10
Epoch 0018 [Train seq (cond on sampled tp)] | Loss 1.171644 | MAPE 0.145740 | RMSE 0.090936 |MAE 0.247413 | Likelihood -1.171644 | KL fp 0.0000 | FP STD 0.0000 | ->nfe    0.00 | <-nfe    0.00
Epoch 0018 [Val seq (cond on sampled tp)] |  MAPE 0.016973 | RMSE 0.090660 | MAE 0.055073 |
Epoch 0018 [Test seq (cond on sampled tp)] | MAPE 0.131521 | RMSE 0.140384| MAE 0.096886|
0.03024148941040039,0.0339541994035244,0.04500870779156685,0.07451608031988144,0.07807180285453796,0.058547522872686386,0.05174911767244339,0.03677436709403992,0.043579041957855225,0.051435329020023346,0.12028689682483673,0.29903462529182434,0.1591576635837555,0.7589330077171326
0.13856045854249302,0.13562999864455125,0.13562662708167855,0.13504670036284325,0.14025564165294077,0.13856459215208156,0.1358219913842985,0.13322194880940988,0.13887631430591987,0.1419292407498888,0.14473525032809142,0.1487476784761372,0.1481879357440548,0.15016603420108854
Experiment 09-03_21:10
Epoch 0019 [Train seq (cond on sampled tp)] | Loss 1.155547 | MAPE 0.146836 | RMSE 0.090297 |MAE 0.246192 | Likelihood -1.155547 | KL fp 0.0000 | FP STD 0.0000 | ->nfe    0.00 | <-nfe    0.00
Epoch 0019 [Val seq (cond on sampled tp)] |  MAPE 0.016885 | RMSE 0.091361 | MAE 0.055379 |
Epoch 0019 [Test seq (cond on sampled tp)] | MAPE 0.132424 | RMSE 0.140801| MAE 0.096909|
0.030276605859398842,0.03437436372041702,0.04507811740040779,0.07468707859516144,0.0783306136727333,0.05918395519256592,0.051641762256622314,0.03587114438414574,0.04420230910181999,0.051500868052244186,0.1221451535820961,0.3134954571723938,0.15839608013629913,0.754751443862915
0.1392808558056418,0.1360879788669666,0.13607729569262464,0.13578698221887706,0.13902302058372568,0.1392551967594545,0.13554770444676678,0.13306188310567071,0.1387637398227381,0.14373306299028174,0.14604450303568928,0.14807071040984676,0.14944925704034667,0.15103633778039763
Experiment 09-03_21:10
Epoch 0020 [Train seq (cond on sampled tp)] | Loss 1.167628 | MAPE 0.144844 | RMSE 0.090922 |MAE 0.247248 | Likelihood -1.167628 | KL fp 0.0000 | FP STD 0.0000 | ->nfe    0.00 | <-nfe    0.00
Epoch 0020 [Val seq (cond on sampled tp)] |  MAPE 0.016799 | RMSE 0.091009 | MAE 0.055175 |
Best Val!
Epoch 0020 [Test seq (cond on sampled tp)] | MAPE 0.131275 | RMSE 0.139859| MAE 0.095921|
0.030286675319075584,0.034144576638936996,0.04485100135207176,0.07430590689182281,0.07626394927501678,0.05897700786590576,0.050552692264318466,0.036342497915029526,0.04389255866408348,0.05148670822381973,0.12038674205541611,0.3095880150794983,0.1575707048177719,0.7491949796676636
0.13931898456146619,0.13580872256682447,0.13595723195301615,0.1351670974722326,0.1381059435174178,0.13843016311156478,0.1342261962579227,0.1312338963915571,0.13833366036615818,0.1426933489251132,0.14557896225055822,0.1474721727448924,0.1470498044126819,0.1486457004548753
Experiment 09-03_21:10
Epoch 0021 [Train seq (cond on sampled tp)] | Loss 1.145197 | MAPE 0.144207 | RMSE 0.089933 |MAE 0.245286 | Likelihood -1.145197 | KL fp 0.0000 | FP STD 0.0000 | ->nfe    0.00 | <-nfe    0.00
Epoch 0021 [Val seq (cond on sampled tp)] |  MAPE 0.016815 | RMSE 0.090943 | MAE 0.055010 |
Epoch 0021 [Test seq (cond on sampled tp)] | MAPE 0.132342 | RMSE 0.140349| MAE 0.096502|
0.03030710481107235,0.03442962467670441,0.04520563408732414,0.07487016916275024,0.0774829089641571,0.05865124613046646,0.05163038894534111,0.03661287575960159,0.04421074688434601,0.05158885195851326,0.12043855339288712,0.3112522065639496,0.1593116968870163,0.7567977905273438
0.139136181824139,0.13595660174104274,0.1360473085166304,0.13533589738962934,0.1393123864861835,0.13882794127401152,0.13531494828887908,0.13220126784886418,0.13877932321361516,0.14284922679507273,0.14502817507071028,0.14790495282677693,0.14805944510167,0.15013648519327857
Experiment 09-03_21:10
Epoch 0022 [Train seq (cond on sampled tp)] | Loss 1.157894 | MAPE 0.145808 | RMSE 0.090566 |MAE 0.246602 | Likelihood -1.157894 | KL fp 0.0000 | FP STD 0.0000 | ->nfe    0.00 | <-nfe    0.00
Epoch 0022 [Val seq (cond on sampled tp)] |  MAPE 0.016889 | RMSE 0.090777 | MAE 0.055319 |
Epoch 0022 [Test seq (cond on sampled tp)] | MAPE 0.130892 | RMSE 0.139500| MAE 0.096366|
0.030222345143556595,0.03369506821036339,0.04493182525038719,0.07439786195755005,0.07621876150369644,0.058293115347623825,0.050332892686128616,0.03630245104432106,0.043630193918943405,0.05088803172111511,0.12000470608472824,0.30802130699157715,0.15761025249958038,0.7479440569877625
0.13891344788764365,0.13537947819603793,0.13558160078695908,0.1349129424481898,0.13855381762368907,0.1373438983998891,0.134151045617224,0.13146813266818672,0.13782553906291203,0.1417491932506243,0.14473911750895116,0.14693969534390464,0.14680539241968873,0.148633432324354
Experiment 09-03_21:10
Epoch 0023 [Train seq (cond on sampled tp)] | Loss 1.135582 | MAPE 0.142972 | RMSE 0.089520 |MAE 0.244595 | Likelihood -1.135582 | KL fp 0.0000 | FP STD 0.0000 | ->nfe    0.00 | <-nfe    0.00
Epoch 0023 [Val seq (cond on sampled tp)] |  MAPE 0.016804 | RMSE 0.090971 | MAE 0.055168 |
Epoch 0023 [Test seq (cond on sampled tp)] | MAPE 0.132137 | RMSE 0.140386| MAE 0.096642|
0.030281802639365196,0.03408152610063553,0.04533052444458008,0.07480795681476593,0.07728608697652817,0.05921236798167229,0.05104696750640869,0.036584895104169846,0.04390750452876091,0.05099618434906006,0.12068235874176025,0.3109297454357147,0.15914635360240936,0.7556228637695312
0.13944351392906115,0.13564933372877735,0.13624787988456855,0.13552117365145144,0.13938681230610592,0.13886905137754788,0.1350194986156555,0.13246250317029884,0.13888931688269263,0.14217988664554543,0.14581738892880974,0.14785294500634324,0.14811221042377457,0.14994769699457774
Experiment 09-03_21:10
Epoch 0024 [Train seq (cond on sampled tp)] | Loss 1.157657 | MAPE 0.145390 | RMSE 0.090533 |MAE 0.246406 | Likelihood -1.157657 | KL fp 0.0000 | FP STD 0.0000 | ->nfe    0.00 | <-nfe    0.00
Epoch 0024 [Val seq (cond on sampled tp)] |  MAPE 0.016942 | RMSE 0.090893 | MAE 0.055357 |
Epoch 0024 [Test seq (cond on sampled tp)] | MAPE 0.130577 | RMSE 0.138997| MAE 0.095777|
0.030241329222917557,0.03373682498931885,0.04473822936415672,0.07410645484924316,0.07597856968641281,0.057831715792417526,0.05001065135002136,0.03606606274843216,0.043533939868211746,0.050497520714998245,0.1194828525185585,0.3057050406932831,0.15662981569766998,0.7495239973068237
0.13869493588252632,0.13474199530167053,0.1354977650682423,0.13453765605778173,0.13786231390604742,0.13734875347670947,0.1340388312487034,0.13104038387872535,0.13702671243599437,0.1408132379371145,0.14423054911370475,0.14614414758473596,0.14578340660658834,0.148190782703705
Experiment 09-03_21:10
Epoch 0025 [Train seq (cond on sampled tp)] | Loss 1.127189 | MAPE 0.142738 | RMSE 0.089195 |MAE 0.243775 | Likelihood -1.127189 | KL fp 0.0000 | FP STD 0.0000 | ->nfe    0.00 | <-nfe    0.00
Epoch 0025 [Val seq (cond on sampled tp)] |  MAPE 0.016891 | RMSE 0.090897 | MAE 0.055204 |
Epoch 0025 [Test seq (cond on sampled tp)] | MAPE 0.131311 | RMSE 0.140094| MAE 0.096952|
0.030378980562090874,0.0340690091252327,0.045033007860183716,0.07457078993320465,0.0768984854221344,0.059041786938905716,0.05046253278851509,0.03655282407999039,0.043885789811611176,0.0510895736515522,0.11985336989164352,0.30684834718704224,0.15811596810817719,0.7515537738800049
0.1392471175614566,0.13536030409466654,0.13572991953787614,0.13525059417084648,0.13900254677036306,0.13856090215528252,0.13502537531919748,0.13218258389784704,0.1386370144935728,0.14212657676508236,0.14552468323672288,0.14757188829255893,0.1475805782499919,0.14951557874524374
Experiment 09-03_21:10
Epoch 0026 [Train seq (cond on sampled tp)] | Loss 1.156667 | MAPE 0.144730 | RMSE 0.090464 |MAE 0.246224 | Likelihood -1.156667 | KL fp 0.0000 | FP STD 0.0000 | ->nfe    0.00 | <-nfe    0.00
Epoch 0026 [Val seq (cond on sampled tp)] |  MAPE 0.016900 | RMSE 0.090751 | MAE 0.055202 |
Epoch 0026 [Test seq (cond on sampled tp)] | MAPE 0.129572 | RMSE 0.138572| MAE 0.095045|
0.030075550079345703,0.033582400530576706,0.04464757442474365,0.0743151530623436,0.07569069415330887,0.05781174823641777,0.04969146102666855,0.03586734086275101,0.04326673969626427,0.0501767061650753,0.11826763302087784,0.3035351634025574,0.1563640683889389,0.7407123446464539
0.1383779998189654,0.13431755850884147,0.13517920982621692,0.13432202376100563,0.13794068867627993,0.13694363218964617,0.13346271669706605,0.13025334216093098,0.1366455358928129,0.14027155725912804,0.1438145717946588,0.14554496265287384,0.1455089837865603,0.14741838232733576
Experiment 09-03_21:10
Epoch 0027 [Train seq (cond on sampled tp)] | Loss 1.121303 | MAPE 0.141387 | RMSE 0.088952 |MAE 0.243351 | Likelihood -1.121303 | KL fp 0.0000 | FP STD 0.0000 | ->nfe    0.00 | <-nfe    0.00
Epoch 0027 [Val seq (cond on sampled tp)] |  MAPE 0.016905 | RMSE 0.090830 | MAE 0.055384 |
Epoch 0027 [Test seq (cond on sampled tp)] | MAPE 0.131248 | RMSE 0.139985| MAE 0.097299|
0.03045942820608616,0.034048791974782944,0.04514617472887039,0.07480578869581223,0.07684644311666489,0.05856034904718399,0.050527602434158325,0.036391329020261765,0.043794628232717514,0.05106744170188904,0.12028825283050537,0.30978700518608093,0.1580142229795456,0.747734785079956
0.13928641898877345,0.13534628815165792,0.13592282632577501,0.1350994053962203,0.13881027675825183,0.13821074552642892,0.13480749723678193,0.13198535364121688,0.1385199359173486,0.1421596709464735,0.14550304405028433,0.1473045909742688,0.14737962539870683,0.14945545745082411
Experiment 09-03_21:10
Epoch 0028 [Train seq (cond on sampled tp)] | Loss 1.155087 | MAPE 0.144796 | RMSE 0.090403 |MAE 0.245996 | Likelihood -1.155087 | KL fp 0.0000 | FP STD 0.0000 | ->nfe    0.00 | <-nfe    0.00
Epoch 0028 [Val seq (cond on sampled tp)] |  MAPE 0.016977 | RMSE 0.090716 | MAE 0.055127 |
Epoch 0028 [Test seq (cond on sampled tp)] | MAPE 0.129314 | RMSE 0.138318| MAE 0.094575|
0.029950404539704323,0.033635471016168594,0.04446903616189957,0.07370089739561081,0.07562781125307083,0.05762651190161705,0.04942147806286812,0.035980820655822754,0.043068159371614456,0.05016878992319107,0.11809337139129639,0.3026745319366455,0.15517903864383698,0.7408018112182617
0.138341530360478,0.1345575149386132,0.13499499579929963,0.13410431550975602,0.13761946435626257,0.13710661773952287,0.1332468685355646,0.12985939158895196,0.13617983598357972,0.13991561753185638,0.14335215157960518,0.14526292816741082,0.14499265248287652,0.14692414709369067
Experiment 09-03_21:10
Epoch 0029 [Train seq (cond on sampled tp)] | Loss 1.116629 | MAPE 0.139979 | RMSE 0.088728 |MAE 0.242772 | Likelihood -1.116629 | KL fp 0.0000 | FP STD 0.0000 | ->nfe    0.00 | <-nfe    0.00
Epoch 0029 [Val seq (cond on sampled tp)] |  MAPE 0.016882 | RMSE 0.090701 | MAE 0.055486 |
Epoch 0029 [Test seq (cond on sampled tp)] | MAPE 0.131087 | RMSE 0.139773| MAE 0.097609|
0.030555790290236473,0.03404924273490906,0.045022234320640564,0.07449958473443985,0.07640186697244644,0.05842137336730957,0.05069534108042717,0.03642416000366211,0.0438150092959404,0.051130857318639755,0.11991281807422638,0.3075479567050934,0.15746279060840607,0.7492724061012268
0.13917171363354386,0.13511325394837137,0.13571660054512003,0.13495020734029745,0.13875595418294467,0.1379075275036084,0.1347411520477957,0.1320458260226967,0.1382885322161945,0.14181078876717093,0.14520474689324514,0.14695347378784193,0.1470462893436967,0.1491104356995245
Experiment 09-03_21:10
Epoch 0030 [Train seq (cond on sampled tp)] | Loss 1.153095 | MAPE 0.144800 | RMSE 0.090306 |MAE 0.245800 | Likelihood -1.153095 | KL fp 0.0000 | FP STD 0.0000 | ->nfe    0.00 | <-nfe    0.00
Epoch 0030 [Val seq (cond on sampled tp)] |  MAPE 0.017008 | RMSE 0.090878 | MAE 0.055181 |
Epoch 0030 [Test seq (cond on sampled tp)] | MAPE 0.129449 | RMSE 0.138140| MAE 0.094233|
0.02997072972357273,0.03355715423822403,0.04442589730024338,0.07384171336889267,0.0755293220281601,0.057522691786289215,0.049068670719861984,0.03571120277047157,0.04310082644224167,0.04997112974524498,0.11759710311889648,0.3034530580043793,0.1555054634809494,0.743031919002533
0.13822790048872635,0.13443143153138673,0.1349283907851589,0.13395245869803546,0.1378062660186999,0.13686348883025742,0.1328424181619025,0.1297015237120013,0.1360986064587463,0.13959730319199365,0.14291408228437452,0.14501630734543206,0.14488964493583686,0.1466891002555551
Experiment 09-03_21:10
Epoch 0031 [Train seq (cond on sampled tp)] | Loss 1.114994 | MAPE 0.138701 | RMSE 0.088679 |MAE 0.242804 | Likelihood -1.114994 | KL fp 0.0000 | FP STD 0.0000 | ->nfe    0.00 | <-nfe    0.00
Epoch 0031 [Val seq (cond on sampled tp)] |  MAPE 0.016864 | RMSE 0.090659 | MAE 0.055613 |
Epoch 0031 [Test seq (cond on sampled tp)] | MAPE 0.130711 | RMSE 0.139630| MAE 0.097726|
0.030365029349923134,0.03399742767214775,0.0450168140232563,0.07431771606206894,0.07643932104110718,0.058439161628484726,0.050211578607559204,0.036413729190826416,0.04362282156944275,0.050904642790555954,0.11969812214374542,0.3047066628932953,0.15651077032089233,0.7493072152137756
0.13881457736579084,0.13522417726418068,0.13590053543572353,0.13493770863188692,0.1386117737779351,0.13780929365991085,0.13457989679319765,0.13175241862480228,0.13804408468374368,0.1416959185120659,0.1448565893850726,0.14666090183370808,0.1469240963832933,0.14900842468515174
Experiment 09-03_21:10
Epoch 0032 [Train seq (cond on sampled tp)] | Loss 1.150882 | MAPE 0.144380 | RMSE 0.090209 |MAE 0.245650 | Likelihood -1.150882 | KL fp 0.0000 | FP STD 0.0000 | ->nfe    0.00 | <-nfe    0.00
Epoch 0032 [Val seq (cond on sampled tp)] |  MAPE 0.017005 | RMSE 0.090792 | MAE 0.055164 |
Epoch 0032 [Test seq (cond on sampled tp)] | MAPE 0.128899 | RMSE 0.138012| MAE 0.094128|
0.029931997880339622,0.033419277518987656,0.04450048878788948,0.07380745559930801,0.07524954527616501,0.05756261572241783,0.04916374757885933,0.03575815632939339,0.04296933114528656,0.04980744794011116,0.11742601543664932,0.3036866784095764,0.15522447228431702,0.7360823750495911
0.13827796517258387,0.13422058292953676,0.13491542755475483,0.1339020426054695,0.13757016873247913,0.13675864863637216,0.13292042470445506,0.1295622548314014,0.1357402183883882,0.13918592649400335,0.14295075334563595,0.14499483636795807,0.14474805474127192,0.1464243066333626
Experiment 09-03_21:10
Epoch 0033 [Train seq (cond on sampled tp)] | Loss 1.113454 | MAPE 0.138563 | RMSE 0.088614 |MAE 0.242640 | Likelihood -1.113454 | KL fp 0.0000 | FP STD 0.0000 | ->nfe    0.00 | <-nfe    0.00
Epoch 0033 [Val seq (cond on sampled tp)] |  MAPE 0.016924 | RMSE 0.090582 | MAE 0.055619 |
Epoch 0033 [Test seq (cond on sampled tp)] | MAPE 0.130155 | RMSE 0.139499| MAE 0.097817|
0.030436797067523003,0.03400237485766411,0.044852364808321,0.07412636280059814,0.07637303322553635,0.058297302573919296,0.05008739233016968,0.03623047098517418,0.043634459376335144,0.05084284767508507,0.11847132444381714,0.30550453066825867,0.15695881843566895,0.7423462271690369
0.13875438357851808,0.13518941284992103,0.135714171283403,0.13493933746346626,0.13859062769747754,0.13785955765310096,0.1342935101574105,0.13161608413466577,0.1378884077569287,0.14152253017192595,0.1447551320715311,0.14657807214563368,0.14665492619612588,0.14863143975404686
Experiment 09-03_21:10
Epoch 0034 [Train seq (cond on sampled tp)] | Loss 1.147666 | MAPE 0.144078 | RMSE 0.090078 |MAE 0.245454 | Likelihood -1.147666 | KL fp 0.0000 | FP STD 0.0000 | ->nfe    0.00 | <-nfe    0.00
Epoch 0034 [Val seq (cond on sampled tp)] |  MAPE 0.017049 | RMSE 0.090812 | MAE 0.055207 |
Epoch 0034 [Test seq (cond on sampled tp)] | MAPE 0.128901 | RMSE 0.137993| MAE 0.094089|
0.029991362243890762,0.033498216420412064,0.044429246336221695,0.07362914830446243,0.0754314735531807,0.057473283261060715,0.04889340326189995,0.035778824239969254,0.04292863979935646,0.04992004856467247,0.11774212121963501,0.30257126688957214,0.15555444359779358,0.7367793321609497
0.13828054471024648,0.1343931288466526,0.13482962346479335,0.1338407667171798,0.13763119171811397,0.1367867777380481,0.13283776295437483,0.12953155028627053,0.1357764537016841,0.1391675980569125,0.1429353380506786,0.14477196185987395,0.14469928252688827,0.14641738631439447
Experiment 09-03_21:10
Epoch 0035 [Train seq (cond on sampled tp)] | Loss 1.112356 | MAPE 0.138409 | RMSE 0.088554 |MAE 0.242569 | Likelihood -1.112356 | KL fp 0.0000 | FP STD 0.0000 | ->nfe    0.00 | <-nfe    0.00
Epoch 0035 [Val seq (cond on sampled tp)] |  MAPE 0.016961 | RMSE 0.090580 | MAE 0.055747 |
Epoch 0035 [Test seq (cond on sampled tp)] | MAPE 0.130203 | RMSE 0.139331| MAE 0.097964|
0.030547980219125748,0.03390967473387718,0.044840723276138306,0.0741124078631401,0.07592662423849106,0.0579773373901844,0.049885742366313934,0.03657632693648338,0.043608102947473526,0.05056244134902954,0.11890410631895065,0.30713820457458496,0.1565391719341278,0.7423074841499329
0.13895655008794167,0.1349320627838022,0.1355786126987381,0.1347332030838931,0.13837915069192364,0.13758210337278928,0.1342044285559804,0.13144451951670544,0.13781352413644662,0.14117208001607967,0.14465316579303455,0.1465208898173834,0.14634659327283,0.148318286758345
Experiment 09-03_21:10
Epoch 0036 [Train seq (cond on sampled tp)] | Loss 1.143799 | MAPE 0.144023 | RMSE 0.089899 |MAE 0.245182 | Likelihood -1.143799 | KL fp 0.0000 | FP STD 0.0000 | ->nfe    0.00 | <-nfe    0.00
Epoch 0036 [Val seq (cond on sampled tp)] |  MAPE 0.016932 | RMSE 0.090794 | MAE 0.055116 |
Epoch 0036 [Test seq (cond on sampled tp)] | MAPE 0.128995 | RMSE 0.138024| MAE 0.094030|
0.029993051663041115,0.033463556319475174,0.04441924765706062,0.07367926090955734,0.07551570981740952,0.05748628452420235,0.049126531928777695,0.03566266968846321,0.043020736426115036,0.049883756786584854,0.11749031394720078,0.3030058443546295,0.15472999215126038,0.7384576797485352
0.13817048431864812,0.1344463048310117,0.13488315902608,0.13386435374101066,0.1374906818527027,0.13677843017451696,0.13288979525029535,0.12959925452804594,0.13581891944265204,0.13938005039447565,0.1430986973381497,0.14472359024887713,0.14469757690725746,0.14649372706759545
Experiment 09-03_21:10
Epoch 0037 [Train seq (cond on sampled tp)] | Loss 1.113599 | MAPE 0.139420 | RMSE 0.088629 |MAE 0.242778 | Likelihood -1.113599 | KL fp 0.0000 | FP STD 0.0000 | ->nfe    0.00 | <-nfe    0.00
Epoch 0037 [Val seq (cond on sampled tp)] |  MAPE 0.017047 | RMSE 0.090508 | MAE 0.055809 |
Epoch 0037 [Test seq (cond on sampled tp)] | MAPE 0.129677 | RMSE 0.139212| MAE 0.098074|
0.030499691143631935,0.03389202058315277,0.04474884271621704,0.07408022880554199,0.07580632716417313,0.05789993330836296,0.04980527609586716,0.0363689549267292,0.04343719407916069,0.050700344145298004,0.1186472699046135,0.30398327112197876,0.15595543384552002,0.7396477460861206
0.1387379381482906,0.13512281406682985,0.13546193646914542,0.13473991480509956,0.13823166674883022,0.137373229672286,0.13434565107185545,0.13134569925318063,0.1376667331228469,0.14113827256390005,0.14450603342453752,0.14606810870030426,0.1463142933497298,0.1479129054258437
Experiment 09-03_21:10
Epoch 0038 [Train seq (cond on sampled tp)] | Loss 1.138055 | MAPE 0.143016 | RMSE 0.089643 |MAE 0.244753 | Likelihood -1.138055 | KL fp 0.0000 | FP STD 0.0000 | ->nfe    0.00 | <-nfe    0.00
Epoch 0038 [Val seq (cond on sampled tp)] |  MAPE 0.017037 | RMSE 0.090821 | MAE 0.055207 |
Epoch 0038 [Test seq (cond on sampled tp)] | MAPE 0.129462 | RMSE 0.138172| MAE 0.094334|
0.02995462715625763,0.033552806824445724,0.04448668658733368,0.07374551892280579,0.0755157396197319,0.057377517223358154,0.04936310276389122,0.03582844138145447,0.043168168514966965,0.04999788478016853,0.11800085753202438,0.3045951724052429,0.15565986931324005,0.7412272691726685
0.13820276026356873,0.13443308035272952,0.1349583367457345,0.1339238177318703,0.13767991081297176,0.13683041372211346,0.13321536335140347,0.12986743090192035,0.13603980555534348,0.13944541071009348,0.14312889244791843,0.14500716185558665,0.1448743909484825,0.1467950387670348
Experiment 09-03_21:10
Epoch 0039 [Train seq (cond on sampled tp)] | Loss 1.115730 | MAPE 0.139401 | RMSE 0.088727 |MAE 0.243022 | Likelihood -1.115730 | KL fp 0.0000 | FP STD 0.0000 | ->nfe    0.00 | <-nfe    0.00
Epoch 0039 [Val seq (cond on sampled tp)] |  MAPE 0.017023 | RMSE 0.090470 | MAE 0.055791 |
Epoch 0039 [Test seq (cond on sampled tp)] | MAPE 0.129620 | RMSE 0.139070| MAE 0.098007|
0.03044268861413002,0.03393159434199333,0.044756513088941574,0.07405149191617966,0.07571189850568771,0.05782884359359741,0.049617886543273926,0.03621166944503784,0.043464746326208115,0.05042385682463646,0.11823351681232452,0.3042064607143402,0.1551460325717926,0.7406479120254517
0.1386418377219094,0.13487951331546238,0.13552370945309505,0.13461426514052646,0.13815608610123198,0.1373499672190992,0.1340040651205656,0.13122794925424572,0.13737194833975905,0.1409798489570972,0.14418448269419057,0.1460351477094043,0.145980693808697,0.14802727355633238
Experiment 09-03_21:10
Epoch 0040 [Train seq (cond on sampled tp)] | Loss 1.131862 | MAPE 0.142655 | RMSE 0.089362 |MAE 0.244212 | Likelihood -1.131862 | KL fp 0.0000 | FP STD 0.0000 | ->nfe    0.00 | <-nfe    0.00
Epoch 0040 [Val seq (cond on sampled tp)] |  MAPE 0.016952 | RMSE 0.090811 | MAE 0.055150 |
Epoch 0040 [Test seq (cond on sampled tp)] | MAPE 0.129654 | RMSE 0.138469| MAE 0.094643|
0.030156517401337624,0.033656902611255646,0.04444560408592224,0.07396626472473145,0.07573964446783066,0.05784270912408829,0.04974444583058357,0.03593070060014725,0.04314953088760376,0.05032537132501602,0.11815673112869263,0.30327028036117554,0.15624821186065674,0.7425209879875183
0.13857857829703787,0.1346183884758427,0.13506370556825978,0.13413660476649955,0.13793418671673702,0.13714449533236436,0.1334915124069399,0.13022236430546824,0.1363205082358698,0.14000105189030435,0.14354274985574184,0.1452510026808517,0.1451571161882818,0.14710457796529938
Experiment 09-03_21:10
Epoch 0041 [Train seq (cond on sampled tp)] | Loss 1.121401 | MAPE 0.140201 | RMSE 0.088988 |MAE 0.243629 | Likelihood -1.121401 | KL fp 0.0000 | FP STD 0.0000 | ->nfe    0.00 | <-nfe    0.00
Epoch 0041 [Val seq (cond on sampled tp)] |  MAPE 0.017015 | RMSE 0.090501 | MAE 0.055772 |
Epoch 0041 [Test seq (cond on sampled tp)] | MAPE 0.129232 | RMSE 0.138861| MAE 0.097684|
0.030415523797273636,0.03390870615839958,0.044693104922771454,0.07378499954938889,0.07565928995609283,0.05767575651407242,0.04935551434755325,0.03626720979809761,0.043415892869234085,0.050366975367069244,0.11759062856435776,0.3031129837036133,0.15520170331001282,0.7377985715866089
0.1386182439549144,0.13485175296864363,0.1353898449769088,0.13444652649792813,0.13816665572563092,0.13716157316289146,0.13398933040029873,0.13090883572862044,0.13719299353199443,0.14053577002843443,0.14392095667714114,0.14558640859950892,0.14569828189031248,0.1475852227813876
Experiment 09-03_21:10
Epoch 0042 [Train seq (cond on sampled tp)] | Loss 1.120751 | MAPE 0.142105 | RMSE 0.088884 |MAE 0.243236 | Likelihood -1.120751 | KL fp 0.0000 | FP STD 0.0000 | ->nfe    0.00 | <-nfe    0.00
Epoch 0042 [Val seq (cond on sampled tp)] |  MAPE 0.016968 | RMSE 0.090717 | MAE 0.055245 |
Epoch 0042 [Test seq (cond on sampled tp)] | MAPE 0.129893 | RMSE 0.138820| MAE 0.095679|
0.030194539576768875,0.03373200073838234,0.04466450214385986,0.07407119125127792,0.07595012336969376,0.05790824815630913,0.04966515302658081,0.03602588176727295,0.043375175446271896,0.05044817924499512,0.11878373473882675,0.30482757091522217,0.15623904764652252,0.742619514465332
0.13851879966097072,0.13465395046022638,0.13514652189624574,0.1343464968081749,0.13816124967947901,0.1373743415066988,0.1336592371533,0.13065569242118028,0.13692248015164998,0.14059981147034825,0.14398025828668798,0.14583090300464968,0.14583223135282056,0.14779765482990287
Experiment 09-03_21:10
Epoch 0043 [Train seq (cond on sampled tp)] | Loss 1.131738 | MAPE 0.141780 | RMSE 0.089418 |MAE 0.244464 | Likelihood -1.131738 | KL fp 0.0000 | FP STD 0.0000 | ->nfe    0.00 | <-nfe    0.00
Epoch 0043 [Val seq (cond on sampled tp)] |  MAPE 0.017067 | RMSE 0.090542 | MAE 0.055574 |
Epoch 0043 [Test seq (cond on sampled tp)] | MAPE 0.128455 | RMSE 0.138049| MAE 0.095945|
0.03023570217192173,0.033654116094112396,0.04434641823172569,0.07360652089118958,0.07542609423398972,0.057216446846723557,0.04898771271109581,0.03610119968652725,0.043008722364902496,0.04993696138262749,0.11686982959508896,0.3009508550167084,0.1543889194726944,0.7336471080780029
0.13823399113364315,0.1343159013355656,0.13486640727669272,0.1339226424800862,0.13768358383548815,0.13671334119724385,0.13296934991694492,0.12980722795101804,0.13600120257624304,0.13958624808864634,0.14289385313806105,0.14466902893015784,0.1445689989745099,0.1464500387003526
Experiment 09-03_21:10
Epoch 0044 [Train seq (cond on sampled tp)] | Loss 1.106660 | MAPE 0.139904 | RMSE 0.088289 |MAE 0.241735 | Likelihood -1.106660 | KL fp 0.0000 | FP STD 0.0000 | ->nfe    0.00 | <-nfe    0.00
Epoch 0044 [Val seq (cond on sampled tp)] |  MAPE 0.016922 | RMSE 0.090652 | MAE 0.055540 |
Epoch 0044 [Test seq (cond on sampled tp)] | MAPE 0.130045 | RMSE 0.139185| MAE 0.097165|
0.030413702130317688,0.033863261342048645,0.0447966530919075,0.07424910366535187,0.07600515335798264,0.05806970223784447,0.0499071441590786,0.036290742456912994,0.043612051755189896,0.05065254494547844,0.11875714361667633,0.3041222393512726,0.15621519088745117,0.7436798810958862
0.13879187187316888,0.13487409980577814,0.13544126815949487,0.13462004884365744,0.13835730266257618,0.13750324651830198,0.13420207601721987,0.13120698309047452,0.13747584661839435,0.14102063553169247,0.14434597667009808,0.1463833333260819,0.14623120364420625,0.14813957935322714
Experiment 09-03_21:10
Epoch 0045 [Train seq (cond on sampled tp)] | Loss 1.145472 | MAPE 0.143355 | RMSE 0.089978 |MAE 0.245243 | Likelihood -1.145472 | KL fp 0.0000 | FP STD 0.0000 | ->nfe    0.00 | <-nfe    0.00
Epoch 0045 [Val seq (cond on sampled tp)] |  MAPE 0.017205 | RMSE 0.090707 | MAE 0.055399 |
Epoch 0045 [Test seq (cond on sampled tp)] | MAPE 0.127235 | RMSE 0.136859| MAE 0.093425|
0.02988528087735176,0.03335520625114441,0.043979544192552567,0.07283460348844528,0.07454623281955719,0.05635784938931465,0.04786939173936844,0.03576060011982918,0.042553242295980453,0.04919077083468437,0.11547177284955978,0.2977783679962158,0.1529250144958496,0.7287777066230774
0.13768696590584928,0.13389035031480465,0.13425842845510189,0.13315670905115784,0.13693185954532192,0.1359193044301658,0.13189923215216726,0.12826796934541462,0.13433510664993256,0.13777989299111967,0.1413827586814979,0.1432080527840135,0.142739994447915,0.1445721040154489
Experiment 09-03_21:10
Epoch 0046 [Train seq (cond on sampled tp)] | Loss 1.096383 | MAPE 0.136637 | RMSE 0.087871 |MAE 0.240895 | Likelihood -1.096383 | KL fp 0.0000 | FP STD 0.0000 | ->nfe    0.00 | <-nfe    0.00
Epoch 0046 [Val seq (cond on sampled tp)] |  MAPE 0.017029 | RMSE 0.090478 | MAE 0.055890 |
Epoch 0046 [Test seq (cond on sampled tp)] | MAPE 0.129514 | RMSE 0.139132| MAE 0.098334|
0.03051750361919403,0.03386417776346207,0.044700223952531815,0.07399678975343704,0.07578835636377335,0.05779407545924187,0.04959733411669731,0.0363505594432354,0.043506573885679245,0.050470467656850815,0.11800727993249893,0.3036815822124481,0.15572495758533478,0.7391937375068665
0.1387677398608967,0.1348976166127381,0.1354681377221057,0.13475294329917914,0.1382478086261667,0.13749144050659234,0.1340916268290177,0.1312380549694615,0.13756100211742686,0.14096395385961935,0.1442506811949812,0.14610243276813487,0.14602447157421156,0.1479877761604638
Experiment 09-03_21:10
Epoch 0047 [Train seq (cond on sampled tp)] | Loss 1.146139 | MAPE 0.143781 | RMSE 0.089989 |MAE 0.245087 | Likelihood -1.146139 | KL fp 0.0000 | FP STD 0.0000 | ->nfe    0.00 | <-nfe    0.00
Epoch 0047 [Val seq (cond on sampled tp)] |  MAPE 0.017263 | RMSE 0.090713 | MAE 0.055426 |
Epoch 0047 [Test seq (cond on sampled tp)] | MAPE 0.126867 | RMSE 0.136683| MAE 0.093325|
0.02987201325595379,0.033230554312467575,0.043854009360075,0.0727313980460167,0.07430455088615417,0.05619753524661064,0.047723375260829926,0.03567856177687645,0.0424363911151886,0.0490589439868927,0.1154942736029625,0.2971506714820862,0.1520431488752365,0.7263678908348083
0.1376429992754214,0.1338034225331018,0.13417284280346414,0.13297941434077074,0.1367997951076079,0.13581990000300376,0.13163840011844605,0.12810694084595364,0.1339985119893596,0.13756056205037845,0.14132210351231986,0.14293453661837088,0.14251708330893656,0.14426463253820596
Experiment 09-03_21:10
Epoch 0048 [Train seq (cond on sampled tp)] | Loss 1.095042 | MAPE 0.136185 | RMSE 0.087810 |MAE 0.240959 | Likelihood -1.095042 | KL fp 0.0000 | FP STD 0.0000 | ->nfe    0.00 | <-nfe    0.00
Epoch 0048 [Val seq (cond on sampled tp)] |  MAPE 0.017033 | RMSE 0.090507 | MAE 0.055843 |
Epoch 0048 [Test seq (cond on sampled tp)] | MAPE 0.129377 | RMSE 0.139101| MAE 0.098102|
0.030512435361742973,0.033909160643815994,0.044765274971723557,0.07401543855667114,0.07590074837207794,0.057860225439071655,0.04966997355222702,0.036337610334157944,0.04349323362112045,0.05041478946805,0.11803348362445831,0.3023759722709656,0.15571488440036774,0.7382691502571106
0.13870885517101075,0.13488141904012274,0.13544499501392837,0.13448422533853313,0.1382827605148833,0.13739216352651426,0.13407077505897605,0.1312506789235312,0.13744381330994396,0.14102787350324048,0.14425316684079612,0.14604925380698675,0.1461856402608713,0.14793288263456877
Experiment 09-03_21:10
Epoch 0049 [Train seq (cond on sampled tp)] | Loss 1.145842 | MAPE 0.144166 | RMSE 0.089977 |MAE 0.245075 | Likelihood -1.145842 | KL fp 0.0000 | FP STD 0.0000 | ->nfe    0.00 | <-nfe    0.00
Epoch 0049 [Val seq (cond on sampled tp)] |  MAPE 0.017195 | RMSE 0.090722 | MAE 0.055393 |
Epoch 0049 [Test seq (cond on sampled tp)] | MAPE 0.126800 | RMSE 0.136636| MAE 0.093089|
0.029836243018507957,0.033231791108846664,0.04384913668036461,0.07255985587835312,0.07438590377569199,0.056169796735048294,0.047776948660612106,0.03568991646170616,0.04239610210061073,0.048998378217220306,0.11565148830413818,0.29700151085853577,0.1520659178495407,0.7255880236625671
0.13772122159652578,0.1338784065699166,0.13425016648355032,0.13306822420146885,0.13669917783969573,0.13588854220538682,0.1316290680541052,0.12804305898904741,0.13390920632436246,0.13738691003332806,0.14115417442332828,0.14291288321378698,0.1422528907778811,0.1441162181752788
Experiment 09-03_21:10
Epoch 0050 [Train seq (cond on sampled tp)] | Loss 1.094369 | MAPE 0.136165 | RMSE 0.087797 |MAE 0.240885 | Likelihood -1.094369 | KL fp 0.0000 | FP STD 0.0000 | ->nfe    0.00 | <-nfe    0.00
Epoch 0050 [Val seq (cond on sampled tp)] |  MAPE 0.017062 | RMSE 0.090556 | MAE 0.055872 |
Epoch 0050 [Test seq (cond on sampled tp)] | MAPE 0.129423 | RMSE 0.139071| MAE 0.098098|
0.030529920011758804,0.03389669954776764,0.044769562780857086,0.07390951365232468,0.07585714012384415,0.0578162781894207,0.04964359477162361,0.036381304264068604,0.04341168701648712,0.0505361333489418,0.11809251457452774,0.30341342091560364,0.15560702979564667,0.738060474395752
0.13883295240794552,0.13491436448699343,0.13549718083285311,0.13454094415443893,0.13821741640498506,0.13735707316044565,0.13408283363985718,0.1310609076966686,0.1374311280076656,0.14092896643937936,0.144246374792927,0.14602818981501386,0.1459472536282935,0.14790568324959125
