/nvme/yuanjingyang/CG-ODE/lstm/run_data_social.py
lstm/run_data_social.py -g
Namespace(dataset='social', datapath='data/', pred_length=10, condition_length=20, training_end_time=320, add_popularity=True, features_inc=True, split_interval=5, GRU=True, niters=50, lr=0.005, batch_size=8, random_seed=1991, dropout=0.2, l2=1e-05, optimizer='AdamW', clip=10, edge_lamda=0.5, alias='run', feature_out_index=[0, 1], output_dim=2, num_atoms=80)
run
Experiment 09-15_21:19
Epoch 0001 [Train seq (cond on sampled tp)] | Loss 18.827574 | MAPE 0.872051 | RMSE 0.327163 |MAE 0.455023 | Likelihood -18.827574 | KL fp 0.0000 | FP STD 0.0000 | ->nfe    0.00 | <-nfe    0.00
Epoch 0001 [Val seq (cond on sampled tp)] |  MAPE 0.027396 | RMSE 0.121268 | MAE 0.086993 |
Best Val!
Epoch 0001 [Test seq (cond on sampled tp)] | MAPE 0.093496 | RMSE 0.157254| MAE 0.119121|
0.035002268850803375,0.04369896277785301,0.043192099779844284,0.0644427090883255,0.06219310685992241,0.050624024122953415,0.05132118612527847,0.04386846348643303,0.0423053503036499,0.04430290684103966,0.05118362233042717,0.1681765615940094,0.11681560426950455,0.4918160140514374
0.160229381286313,0.1667460194320633,0.16065308220550062,0.15374148282247674,0.17973171602325294,0.15637017039708961,0.15812438017644515,0.15388285948098088,0.1575494613639464,0.1511405848370257,0.1528558438308597,0.15431369617372442,0.14975237722611556,0.14645941839612053
0.035002268850803375,0.04369896277785301,0.043192099779844284,0.0644427090883255,0.06219310685992241,0.050624024122953415,0.05132118612527847,0.04386846348643303,0.0423053503036499,0.04430290684103966,0.05118362233042717,0.1681765615940094,0.11681560426950455,0.4918160140514374
0.160229381286313,0.1667460194320633,0.16065308220550062,0.15374148282247674,0.17973171602325294,0.15637017039708961,0.15812438017644515,0.15388285948098088,0.1575494613639464,0.1511405848370257,0.1528558438308597,0.15431369617372442,0.14975237722611556,0.14645941839612053
Epoch 0001 [Test seq (cond on sampled tp)] | Best Test MAPE 0.093496|Best Test RMSE 0.157254|Best Test MAE 0.119121|
Experiment 09-15_21:19
Epoch 0002 [Train seq (cond on sampled tp)] | Loss 2.127434 | MAPE 0.204536 | RMSE 0.110638 |MAE 0.281495 | Likelihood -2.127434 | KL fp 0.0000 | FP STD 0.0000 | ->nfe    0.00 | <-nfe    0.00
Epoch 0002 [Val seq (cond on sampled tp)] |  MAPE 0.028560 | RMSE 0.113786 | MAE 0.074236 |
Epoch 0002 [Test seq (cond on sampled tp)] | MAPE 0.151173 | RMSE 0.164955| MAE 0.108885|
0.03826938942074776,0.04177093133330345,0.05063364654779434,0.08412624895572662,0.09628880023956299,0.0663551390171051,0.06411661952733994,0.041509754955768585,0.04891917109489441,0.06088278815150261,0.13662086427211761,0.3474801480770111,0.16032497584819794,0.8791216015815735
0.1657061778267983,0.15891888673249652,0.15123309687277223,0.16009585474593926,0.15566925963912123,0.1664935413613611,0.16192765564222805,0.1560007789990495,0.16425690032669418,0.1707446032658447,0.1717620825480735,0.1759697062842877,0.1711746708142355,0.17942291973766264
Experiment 09-15_21:19
Epoch 0003 [Train seq (cond on sampled tp)] | Loss 1.782564 | MAPE 0.227363 | RMSE 0.103362 |MAE 0.267776 | Likelihood -1.782564 | KL fp 0.0000 | FP STD 0.0000 | ->nfe    0.00 | <-nfe    0.00
Epoch 0003 [Val seq (cond on sampled tp)] |  MAPE 0.019053 | RMSE 0.095022 | MAE 0.059862 |
Best Val!
Epoch 0003 [Test seq (cond on sampled tp)] | MAPE 0.130919 | RMSE 0.143896| MAE 0.097144|
0.030972231179475784,0.03529386594891548,0.044579096138477325,0.07678969949483871,0.08033515512943268,0.05688753351569176,0.04903828352689743,0.03667623922228813,0.04237601161003113,0.05034160614013672,0.11523838341236115,0.322020024061203,0.16365061700344086,0.7286623120307922
0.14267787970971682,0.13934542052325674,0.13863728320151505,0.1392828818463784,0.14477324202745995,0.14049740804499297,0.1370545962529677,0.13287763541067213,0.14054747934937753,0.14709722746309867,0.1512664398113884,0.1487437276759969,0.1569094569902832,0.15483375893356574
Experiment 09-15_21:19
Epoch 0004 [Train seq (cond on sampled tp)] | Loss 1.695204 | MAPE 0.200315 | RMSE 0.105403 |MAE 0.272961 | Likelihood -1.695204 | KL fp 0.0000 | FP STD 0.0000 | ->nfe    0.00 | <-nfe    0.00
Epoch 0004 [Val seq (cond on sampled tp)] |  MAPE 0.018223 | RMSE 0.097256 | MAE 0.063698 |
Best Val!
Epoch 0004 [Test seq (cond on sampled tp)] | MAPE 0.133550 | RMSE 0.146955| MAE 0.101930|
0.031987011432647705,0.03620759770274162,0.048602838069200516,0.081388920545578,0.08059635758399963,0.059491585940122604,0.05431807041168213,0.037933167070150375,0.047559164464473724,0.051790058612823486,0.1254328340291977,0.3143586814403534,0.16739703714847565,0.7326435446739197
0.14278198065292153,0.13871977207256755,0.14064001294636355,0.14318203078231123,0.14661977867714604,0.14668174163152117,0.13731056596915836,0.1393924380734954,0.15005102457014813,0.14526508875564578,0.15347263641850528,0.1581328259386044,0.15819792680088718,0.15692614055185333
Experiment 09-15_21:19
Epoch 0005 [Train seq (cond on sampled tp)] | Loss 1.414049 | MAPE 0.196418 | RMSE 0.096845 |MAE 0.257510 | Likelihood -1.414049 | KL fp 0.0000 | FP STD 0.0000 | ->nfe    0.00 | <-nfe    0.00
Epoch 0005 [Val seq (cond on sampled tp)] |  MAPE 0.019025 | RMSE 0.093078 | MAE 0.059628 |
Epoch 0005 [Test seq (cond on sampled tp)] | MAPE 0.122307 | RMSE 0.136068| MAE 0.094774|
0.03121308796107769,0.03394005820155144,0.04344025254249573,0.0686209499835968,0.06894734501838684,0.0552285797894001,0.04220322147011757,0.037984635680913925,0.04259223863482475,0.04647445306181908,0.11293088644742966,0.3106382489204407,0.1423245221376419,0.6757573485374451
0.13964596326009943,0.1379041778560914,0.13559273512891923,0.13670656286144614,0.1388821686337448,0.13844543424607106,0.12972461416406203,0.1219783589211206,0.13223454297774126,0.13344965296486144,0.14320975013096263,0.13927885648242652,0.13861514663892388,0.13927959870944465
Experiment 09-15_21:19
Epoch 0006 [Train seq (cond on sampled tp)] | Loss 1.206193 | MAPE 0.148956 | RMSE 0.090840 |MAE 0.248320 | Likelihood -1.206193 | KL fp 0.0000 | FP STD 0.0000 | ->nfe    0.00 | <-nfe    0.00
Epoch 0006 [Val seq (cond on sampled tp)] |  MAPE 0.020413 | RMSE 0.097655 | MAE 0.058109 |
Epoch 0006 [Test seq (cond on sampled tp)] | MAPE 0.149174 | RMSE 0.157706| MAE 0.106655|
0.03511952608823776,0.04083540663123131,0.04993671178817749,0.08120477199554443,0.09044589847326279,0.06840430945158005,0.06693844497203827,0.041354548186063766,0.049319710582494736,0.05763673409819603,0.14018242061138153,0.3769178092479706,0.18318551778793335,0.8069474101066589
0.15231711203652498,0.15120416907434586,0.14726675270923725,0.14778452226376113,0.1528547653985729,0.15313807061910867,0.1535012883973336,0.15095629759639972,0.15772376610995378,0.16142464999098494,0.1661333115761026,0.1689370654965316,0.1705051091996891,0.1741364402233946
Experiment 09-15_21:19
Epoch 0007 [Train seq (cond on sampled tp)] | Loss 1.366759 | MAPE 0.189518 | RMSE 0.097852 |MAE 0.258482 | Likelihood -1.366759 | KL fp 0.0000 | FP STD 0.0000 | ->nfe    0.00 | <-nfe    0.00
Epoch 0007 [Val seq (cond on sampled tp)] |  MAPE 0.018811 | RMSE 0.093800 | MAE 0.064352 |
Epoch 0007 [Test seq (cond on sampled tp)] | MAPE 0.121892 | RMSE 0.142862| MAE 0.112732|
0.03282087668776512,0.03513655066490173,0.04561929404735565,0.07203428447246552,0.07552997022867203,0.05522797256708145,0.04946417734026909,0.038618654012680054,0.0425761453807354,0.048318345099687576,0.10868529230356216,0.2871701419353485,0.14396192133426666,0.6713300347328186
0.1436881982077866,0.14014419509137538,0.14348657120821856,0.13973278219506804,0.14355826211228626,0.13788883326936027,0.14127659174962925,0.1362027307526332,0.1398709864705339,0.1423720215736237,0.14690920578572234,0.14801450742921612,0.14850185279260308,0.14842149372134184
Experiment 09-15_21:19
Epoch 0008 [Train seq (cond on sampled tp)] | Loss 1.229194 | MAPE 0.155706 | RMSE 0.092791 |MAE 0.249442 | Likelihood -1.229194 | KL fp 0.0000 | FP STD 0.0000 | ->nfe    0.00 | <-nfe    0.00
Epoch 0008 [Val seq (cond on sampled tp)] |  MAPE 0.018132 | RMSE 0.093812 | MAE 0.062910 |
Best Val!
Epoch 0008 [Test seq (cond on sampled tp)] | MAPE 0.137323 | RMSE 0.147444| MAE 0.113683|
0.03211751952767372,0.03672623261809349,0.046824533492326736,0.07474172860383987,0.07812601327896118,0.06142218038439751,0.0530216358602047,0.03997902199625969,0.04558970406651497,0.05405888706445694,0.1213541254401207,0.3147676885128021,0.16114290058612823,0.8026464581489563
0.14616067088016885,0.1424312292072787,0.14208688765659241,0.14035566684402842,0.14400297353202635,0.1446819228854412,0.14360483422528422,0.14098224693965944,0.14720216365225355,0.15107380522342792,0.1539166146869327,0.15538456976452777,0.15466987215613032,0.15766132261510615
Experiment 09-15_21:19
Epoch 0009 [Train seq (cond on sampled tp)] | Loss 1.182779 | MAPE 0.164725 | RMSE 0.091117 |MAE 0.247646 | Likelihood -1.182779 | KL fp 0.0000 | FP STD 0.0000 | ->nfe    0.00 | <-nfe    0.00
Epoch 0009 [Val seq (cond on sampled tp)] |  MAPE 0.017295 | RMSE 0.092247 | MAE 0.057857 |
Best Val!
Epoch 0009 [Test seq (cond on sampled tp)] | MAPE 0.133672 | RMSE 0.142471| MAE 0.101915|
0.03157990798354149,0.034490473568439484,0.0456271693110466,0.07568430155515671,0.07553350180387497,0.05906541272997856,0.051212918013334274,0.03651164099574089,0.04521188512444496,0.05171879753470421,0.12086645513772964,0.31051018834114075,0.16136448085308075,0.7720267176628113
0.14224312239296885,0.13799575736816624,0.13735490344635048,0.13710684189806713,0.1395575087295821,0.13837455387310627,0.13664574036093657,0.13510690543541676,0.14268435479213712,0.14489136114995854,0.14829531560698325,0.15060508596386238,0.15058942758595145,0.15313967006826598
Experiment 09-15_21:19
Epoch 0010 [Train seq (cond on sampled tp)] | Loss 1.185065 | MAPE 0.144250 | RMSE 0.091278 |MAE 0.246994 | Likelihood -1.185065 | KL fp 0.0000 | FP STD 0.0000 | ->nfe    0.00 | <-nfe    0.00
Epoch 0010 [Val seq (cond on sampled tp)] |  MAPE 0.016699 | RMSE 0.091367 | MAE 0.056625 |
Best Val!
Epoch 0010 [Test seq (cond on sampled tp)] | MAPE 0.134572 | RMSE 0.143207| MAE 0.100673|
0.031686704605817795,0.035156842321157455,0.046320728957653046,0.07546179741621017,0.07808417081832886,0.06077662855386734,0.0531819723546505,0.03596709296107292,0.044252682477235794,0.05261797830462456,0.1248374804854393,0.3156532645225525,0.1610160917043686,0.768996000289917
0.1434415708953186,0.1371060471524838,0.1392076578548709,0.1377392015785309,0.14092730770769468,0.14086790431387528,0.13733685280859254,0.13538458257620117,0.1413624355764476,0.14504430539995516,0.14957112428410493,0.15114773870586493,0.15193423837803774,0.15382701218543024
Experiment 09-15_21:19
Epoch 0011 [Train seq (cond on sampled tp)] | Loss 1.184560 | MAPE 0.159788 | RMSE 0.091214 |MAE 0.246272 | Likelihood -1.184560 | KL fp 0.0000 | FP STD 0.0000 | ->nfe    0.00 | <-nfe    0.00
Epoch 0011 [Val seq (cond on sampled tp)] |  MAPE 0.017250 | RMSE 0.092488 | MAE 0.060209 |
Epoch 0011 [Test seq (cond on sampled tp)] | MAPE 0.133497 | RMSE 0.145483| MAE 0.109552|
0.03177466616034508,0.034798234701156616,0.047045812010765076,0.07686462998390198,0.07929810136556625,0.059989094734191895,0.05261015519499779,0.03827254846692085,0.04567214474081993,0.0522407665848732,0.12022316455841064,0.3034456670284271,0.16351686418056488,0.7632009387016296
0.1433273253618684,0.1401503353614517,0.1404345003558077,0.14059080926838594,0.14219609119325097,0.1413340903415496,0.14070500641051586,0.13960277370990798,0.14627915311898354,0.14938416524725168,0.1504739617151234,0.15346525715205134,0.15371074288730346,0.15511142627792646
Experiment 09-15_21:19
Epoch 0012 [Train seq (cond on sampled tp)] | Loss 1.188653 | MAPE 0.155093 | RMSE 0.091517 |MAE 0.246546 | Likelihood -1.188653 | KL fp 0.0000 | FP STD 0.0000 | ->nfe    0.00 | <-nfe    0.00
Epoch 0012 [Val seq (cond on sampled tp)] |  MAPE 0.017011 | RMSE 0.091301 | MAE 0.058392 |
Epoch 0012 [Test seq (cond on sampled tp)] | MAPE 0.130579 | RMSE 0.141914| MAE 0.104161|
0.03174453601241112,0.034561801701784134,0.04559319466352463,0.07562986761331558,0.07669263333082199,0.05802593380212784,0.04836595058441162,0.03713735193014145,0.044515274465084076,0.05175289511680603,0.11960959434509277,0.3040619492530823,0.15917323529720306,0.7412452101707458
0.14210516070366047,0.13695637624551385,0.13816889357809364,0.1371739167677315,0.14089060575221324,0.13964120806140873,0.13777881146758564,0.1332208372740477,0.14198964968043978,0.14367907189229076,0.14694035450772205,0.1483542497481803,0.14924809956139382,0.1506457332531971
Experiment 09-15_21:19
Epoch 0013 [Train seq (cond on sampled tp)] | Loss 1.149390 | MAPE 0.154071 | RMSE 0.089853 |MAE 0.244029 | Likelihood -1.149390 | KL fp 0.0000 | FP STD 0.0000 | ->nfe    0.00 | <-nfe    0.00
Epoch 0013 [Val seq (cond on sampled tp)] |  MAPE 0.017068 | RMSE 0.091424 | MAE 0.057273 |
Epoch 0013 [Test seq (cond on sampled tp)] | MAPE 0.136362 | RMSE 0.144167| MAE 0.103661|
0.030749334022402763,0.03487533703446388,0.046871405094861984,0.07803503423929214,0.07883810251951218,0.061142463237047195,0.05344602093100548,0.03824520856142044,0.044636309146881104,0.05323242023587227,0.12318990379571915,0.3196217119693756,0.16178862750530243,0.7843976020812988
0.1410408560141684,0.1398937431673066,0.13974425889789285,0.1397747189083149,0.14147583872016822,0.14020135432308892,0.13806633978823338,0.1379011860658326,0.14311176531415937,0.1474940913237285,0.1497021497016418,0.1517505896873423,0.153079913517977,0.1551076555841745
Experiment 09-15_21:19
Epoch 0014 [Train seq (cond on sampled tp)] | Loss 1.178038 | MAPE 0.154763 | RMSE 0.091109 |MAE 0.246212 | Likelihood -1.178038 | KL fp 0.0000 | FP STD 0.0000 | ->nfe    0.00 | <-nfe    0.00
Epoch 0014 [Val seq (cond on sampled tp)] |  MAPE 0.017187 | RMSE 0.091130 | MAE 0.056061 |
Epoch 0014 [Test seq (cond on sampled tp)] | MAPE 0.132382 | RMSE 0.141197| MAE 0.099193|
0.03092649020254612,0.034224580973386765,0.04516357183456421,0.07586922496557236,0.07711344212293625,0.05870084837079048,0.05282864719629288,0.03642077371478081,0.043974634259939194,0.05138010531663895,0.12191744893789291,0.3093617558479309,0.15995407104492188,0.7555179595947266
0.14136337109632213,0.13585787584202666,0.13690960369386615,0.1363520063015904,0.13932968655000258,0.13920490147849435,0.13612481262038253,0.1330311042008823,0.13980152169176768,0.14384156710807977,0.14641947262146376,0.14934312470363661,0.14827485334027,0.1509074890814978
Experiment 09-15_21:19
Epoch 0015 [Train seq (cond on sampled tp)] | Loss 1.151508 | MAPE 0.148237 | RMSE 0.090028 |MAE 0.243715 | Likelihood -1.151508 | KL fp 0.0000 | FP STD 0.0000 | ->nfe    0.00 | <-nfe    0.00
Epoch 0015 [Val seq (cond on sampled tp)] |  MAPE 0.016962 | RMSE 0.091825 | MAE 0.058197 |
Epoch 0015 [Test seq (cond on sampled tp)] | MAPE 0.132081 | RMSE 0.145061| MAE 0.106310|
0.03168707340955734,0.03581300005316734,0.04620858281850815,0.07605153322219849,0.079389788210392,0.06258204579353333,0.05345241352915764,0.03833073377609253,0.04566493257880211,0.05336887761950493,0.12625330686569214,0.3232375979423523,0.16470248997211456,0.7123968601226807
0.14360104675142243,0.13960288712081606,0.13846034047782013,0.13903681324953215,0.14288618825466046,0.1430527677317094,0.13965095170965597,0.13822418129039094,0.14453905316501217,0.14797899053680294,0.15182464752933675,0.1525048357947276,0.15378661225692186,0.15570659917811333
Experiment 09-15_21:19
Epoch 0016 [Train seq (cond on sampled tp)] | Loss 1.181551 | MAPE 0.155419 | RMSE 0.091341 |MAE 0.246096 | Likelihood -1.181551 | KL fp 0.0000 | FP STD 0.0000 | ->nfe    0.00 | <-nfe    0.00
Epoch 0016 [Val seq (cond on sampled tp)] |  MAPE 0.017349 | RMSE 0.090764 | MAE 0.057231 |
Epoch 0016 [Test seq (cond on sampled tp)] | MAPE 0.128926 | RMSE 0.140800| MAE 0.102126|
0.031193582341074944,0.034682899713516235,0.04482957348227501,0.0739462822675705,0.0765886902809143,0.057957615703344345,0.04876982793211937,0.03714972361922264,0.043732065707445145,0.050732165575027466,0.11903233826160431,0.2986370623111725,0.15733735263347626,0.730373203754425
0.14019686375203777,0.13580372328076615,0.13702168282285201,0.1355008786567127,0.13966999021018695,0.13947431339251154,0.13601614387233568,0.13361108734332663,0.13869849473367465,0.14318808631160854,0.1460451088473374,0.14857401969558343,0.14823223653573533,0.14916591357950312
Experiment 09-15_21:19
Epoch 0017 [Train seq (cond on sampled tp)] | Loss 1.133609 | MAPE 0.148948 | RMSE 0.089323 |MAE 0.242649 | Likelihood -1.133609 | KL fp 0.0000 | FP STD 0.0000 | ->nfe    0.00 | <-nfe    0.00
Epoch 0017 [Val seq (cond on sampled tp)] |  MAPE 0.016849 | RMSE 0.091731 | MAE 0.057179 |
Epoch 0017 [Test seq (cond on sampled tp)] | MAPE 0.133935 | RMSE 0.143667| MAE 0.102950|
0.031193846836686134,0.03500739485025406,0.04632877930998802,0.07620173692703247,0.0791090875864029,0.05978590250015259,0.05282193422317505,0.03802343085408211,0.045031189918518066,0.052421391010284424,0.12260349094867706,0.3169388473033905,0.16212396323680878,0.7574975490570068
0.14134331535620007,0.13746192442877636,0.13843442170744202,0.13744567670390642,0.1429090643675903,0.140732525407291,0.1384221366813538,0.1363588227520606,0.1432941108909545,0.14681716627457353,0.1502747027009477,0.15131379077830373,0.1520961742717379,0.15443741759533847
Experiment 09-15_21:19
Epoch 0018 [Train seq (cond on sampled tp)] | Loss 1.161442 | MAPE 0.153429 | RMSE 0.090503 |MAE 0.244610 | Likelihood -1.161442 | KL fp 0.0000 | FP STD 0.0000 | ->nfe    0.00 | <-nfe    0.00
Epoch 0018 [Val seq (cond on sampled tp)] |  MAPE 0.017247 | RMSE 0.090915 | MAE 0.055715 |
Epoch 0018 [Test seq (cond on sampled tp)] | MAPE 0.132515 | RMSE 0.140509| MAE 0.098595|
0.030641665682196617,0.03403165563941002,0.04503518342971802,0.07433976978063583,0.07719554007053375,0.05891653895378113,0.051716167479753494,0.03674141317605972,0.04406699538230896,0.05080254748463631,0.12036819756031036,0.3049086928367615,0.1570982038974762,0.7693471312522888
0.13979027620804635,0.1356678834811483,0.13662670988328687,0.1349282113240173,0.1393616205152803,0.138901272277982,0.13570128311681726,0.1327562774136642,0.13920674798909177,0.14238256603580698,0.14573651460451376,0.14772931995548869,0.14844443907329452,0.149888513281175
Experiment 09-15_21:19
Epoch 0019 [Train seq (cond on sampled tp)] | Loss 1.135106 | MAPE 0.143796 | RMSE 0.089489 |MAE 0.242370 | Likelihood -1.135106 | KL fp 0.0000 | FP STD 0.0000 | ->nfe    0.00 | <-nfe    0.00
Epoch 0019 [Val seq (cond on sampled tp)] |  MAPE 0.016867 | RMSE 0.091383 | MAE 0.057217 |
Epoch 0019 [Test seq (cond on sampled tp)] | MAPE 0.134209 | RMSE 0.144106| MAE 0.104719|
0.03137790039181709,0.03498464822769165,0.04601099714636803,0.07650545984506607,0.07806562632322311,0.060289133340120316,0.05290684849023819,0.037506770342588425,0.045316874980926514,0.05262269452214241,0.12368257343769073,0.3156522214412689,0.16257230937480927,0.7614296078681946
0.14165936967228215,0.13830376511807993,0.13859342988976084,0.13868172704595783,0.14136188216741016,0.14053168114495726,0.13930920432399552,0.1371029156741946,0.1442569436492083,0.14722018135191198,0.15033608227802964,0.1524869844577091,0.15299615183015977,0.15463822066322847
Experiment 09-15_21:19
Epoch 0020 [Train seq (cond on sampled tp)] | Loss 1.156742 | MAPE 0.150408 | RMSE 0.090363 |MAE 0.243711 | Likelihood -1.156742 | KL fp 0.0000 | FP STD 0.0000 | ->nfe    0.00 | <-nfe    0.00
Epoch 0020 [Val seq (cond on sampled tp)] |  MAPE 0.017013 | RMSE 0.090672 | MAE 0.056469 |
Epoch 0020 [Test seq (cond on sampled tp)] | MAPE 0.130135 | RMSE 0.140503| MAE 0.101437|
0.03086819127202034,0.03444282338023186,0.0452171228826046,0.07424355298280716,0.07677852362394333,0.05843573808670044,0.050417330116033554,0.03711520507931709,0.04396327957510948,0.05102216824889183,0.11860064417123795,0.30330154299736023,0.15594251453876495,0.7415398359298706
0.1395885365735715,0.13586178320647274,0.13635977211041247,0.1353694270951476,0.13947783232580785,0.13829115196379163,0.13568635519591132,0.13305013798214102,0.1396588341637544,0.14273371763657403,0.14606985569943853,0.14760126296004775,0.14764092683756214,0.14964561969570647
Experiment 09-15_21:19
Epoch 0021 [Train seq (cond on sampled tp)] | Loss 1.123522 | MAPE 0.145717 | RMSE 0.089070 |MAE 0.242010 | Likelihood -1.123522 | KL fp 0.0000 | FP STD 0.0000 | ->nfe    0.00 | <-nfe    0.00
Epoch 0021 [Val seq (cond on sampled tp)] |  MAPE 0.016912 | RMSE 0.091116 | MAE 0.056692 |
Epoch 0021 [Test seq (cond on sampled tp)] | MAPE 0.133311 | RMSE 0.142620| MAE 0.102627|
0.031113892793655396,0.03474350646138191,0.04585988074541092,0.07561545819044113,0.0780186727643013,0.06010136753320694,0.05196917802095413,0.03714852035045624,0.04468851909041405,0.05227748677134514,0.12207847833633423,0.3127634823322296,0.16030459105968475,0.7596699595451355
0.14064070163593761,0.13691011387767407,0.13773384637238945,0.137244039682739,0.14097021697982295,0.14013594118759878,0.1377399115334108,0.13542402152726793,0.14206892036467042,0.14547080651088537,0.1483704578685419,0.1501680374183058,0.15087759146997112,0.1529285443045223
Experiment 09-15_21:19
Epoch 0022 [Train seq (cond on sampled tp)] | Loss 1.142437 | MAPE 0.149415 | RMSE 0.089870 |MAE 0.243199 | Likelihood -1.142437 | KL fp 0.0000 | FP STD 0.0000 | ->nfe    0.00 | <-nfe    0.00
Epoch 0022 [Val seq (cond on sampled tp)] |  MAPE 0.016932 | RMSE 0.090573 | MAE 0.055858 |
Epoch 0022 [Test seq (cond on sampled tp)] | MAPE 0.130771 | RMSE 0.140054| MAE 0.099247|
0.030664244666695595,0.03407597541809082,0.04500676691532135,0.07457258552312851,0.0765216201543808,0.05847829580307007,0.05036375671625137,0.036527231335639954,0.043788373470306396,0.05104098841547966,0.11970465630292892,0.3062063753604889,0.1573956310749054,0.7464544177055359
0.13931053469055893,0.1351855756112991,0.1359062506942591,0.13544950560832983,0.1389502833359044,0.13822140530177435,0.13498863482540052,0.13226530304862247,0.13881017611841442,0.14212909955861716,0.14545960235720534,0.14722488785963084,0.14734050430614595,0.14950804777516077
Experiment 09-15_21:19
Epoch 0023 [Train seq (cond on sampled tp)] | Loss 1.121024 | MAPE 0.145284 | RMSE 0.088945 |MAE 0.241269 | Likelihood -1.121024 | KL fp 0.0000 | FP STD 0.0000 | ->nfe    0.00 | <-nfe    0.00
Epoch 0023 [Val seq (cond on sampled tp)] |  MAPE 0.016955 | RMSE 0.091011 | MAE 0.057125 |
Epoch 0023 [Test seq (cond on sampled tp)] | MAPE 0.132860 | RMSE 0.142962| MAE 0.104026|
0.031252969056367874,0.03485302999615669,0.04592260345816612,0.07561971247196198,0.07780519127845764,0.05996892601251602,0.052002158015966415,0.037146102637052536,0.04480370506644249,0.05221152305603027,0.12197164446115494,0.3101854920387268,0.15951810777187347,0.7567738890647888
0.14104217665024613,0.13726900269158093,0.13807489952635957,0.13758206952671967,0.14111809243840914,0.14042993102496895,0.13792791402708893,0.1359547316383169,0.14248128110302374,0.1458566503673838,0.1488995138047673,0.15051738549169852,0.1512292479532681,0.1530803758935242
Experiment 09-15_21:19
Epoch 0024 [Train seq (cond on sampled tp)] | Loss 1.140142 | MAPE 0.149898 | RMSE 0.089747 |MAE 0.243061 | Likelihood -1.140142 | KL fp 0.0000 | FP STD 0.0000 | ->nfe    0.00 | <-nfe    0.00
Epoch 0024 [Val seq (cond on sampled tp)] |  MAPE 0.017017 | RMSE 0.090602 | MAE 0.056121 |
Epoch 0024 [Test seq (cond on sampled tp)] | MAPE 0.130053 | RMSE 0.139727| MAE 0.099329|
0.03063524141907692,0.03401782736182213,0.044934965670108795,0.07426994293928146,0.07617606222629547,0.058085065335035324,0.05007641389966011,0.03653138875961304,0.043666988611221313,0.05079631879925728,0.11859943717718124,0.3037576973438263,0.15603932738304138,0.7431501150131226
0.13905277459287138,0.13515371612422733,0.1358062812375023,0.13508654130802158,0.1388431619498202,0.13792054038235593,0.13478623799231426,0.1320037762425065,0.13825814221085184,0.141729198678373,0.14511351959398708,0.14670941550651012,0.1467966882949137,0.14892262314746704
Experiment 09-15_21:19
Epoch 0025 [Train seq (cond on sampled tp)] | Loss 1.115373 | MAPE 0.143725 | RMSE 0.088700 |MAE 0.240871 | Likelihood -1.115373 | KL fp 0.0000 | FP STD 0.0000 | ->nfe    0.00 | <-nfe    0.00
Epoch 0025 [Val seq (cond on sampled tp)] |  MAPE 0.016922 | RMSE 0.090986 | MAE 0.056729 |
Epoch 0025 [Test seq (cond on sampled tp)] | MAPE 0.132685 | RMSE 0.142414| MAE 0.102820|
0.031115373596549034,0.0346795916557312,0.04571527987718582,0.07571344822645187,0.0776689276099205,0.05975588038563728,0.0518878698348999,0.037126582115888596,0.04460032656788826,0.05204204469919205,0.12165992707014084,0.3096800744533539,0.1598050445318222,0.7561434507369995
0.14071815769436022,0.13684686380290353,0.13750736449850118,0.13721717851251924,0.1407250406141353,0.13998829893830633,0.13736931784188028,0.1352837181976455,0.14167966990422134,0.1451816423398766,0.14823688578014793,0.1500498825319225,0.1504493635826399,0.15254621623282946
Experiment 09-15_21:19
Epoch 0026 [Train seq (cond on sampled tp)] | Loss 1.136650 | MAPE 0.148500 | RMSE 0.089621 |MAE 0.242874 | Likelihood -1.136650 | KL fp 0.0000 | FP STD 0.0000 | ->nfe    0.00 | <-nfe    0.00
Epoch 0026 [Val seq (cond on sampled tp)] |  MAPE 0.017004 | RMSE 0.090581 | MAE 0.055875 |
Epoch 0026 [Test seq (cond on sampled tp)] | MAPE 0.129879 | RMSE 0.139510| MAE 0.098548|
0.030567524954676628,0.03398345038294792,0.044910889118909836,0.07418247312307358,0.07619637250900269,0.0581699013710022,0.04999927803874016,0.03644699603319168,0.043623197823762894,0.050692249089479446,0.11861615628004074,0.30399569869041443,0.15619663894176483,0.7407224774360657
0.13891511725753697,0.13521598807719493,0.13572123249145435,0.13496667957373956,0.13854630251587968,0.13777558712516644,0.13449840036047206,0.13175205105021093,0.13791299076622274,0.14145760947067085,0.14472416941405575,0.1464856274869143,0.14655194313647618,0.14861775420976775
Experiment 09-15_21:19
Epoch 0027 [Train seq (cond on sampled tp)] | Loss 1.112620 | MAPE 0.143445 | RMSE 0.088571 |MAE 0.240473 | Likelihood -1.112620 | KL fp 0.0000 | FP STD 0.0000 | ->nfe    0.00 | <-nfe    0.00
Epoch 0027 [Val seq (cond on sampled tp)] |  MAPE 0.016939 | RMSE 0.091009 | MAE 0.056850 |
Epoch 0027 [Test seq (cond on sampled tp)] | MAPE 0.132473 | RMSE 0.142602| MAE 0.103423|
0.03120662271976471,0.0347730852663517,0.045778293162584305,0.07560516893863678,0.07770489901304245,0.05975388363003731,0.05190202221274376,0.037197042256593704,0.04464691877365112,0.052114661782979965,0.12157745659351349,0.3101270794868469,0.15937285125255585,0.7528632283210754
0.14082111485394214,0.13706041287808718,0.13774171006939592,0.1372421871230253,0.14087682270014976,0.14006451331584904,0.1376327413063019,0.1355096760476247,0.14195777549537011,0.14546184325698105,0.14840588734948548,0.15020706071283668,0.15067437886055796,0.15277520241397013
Experiment 09-15_21:19
Epoch 0028 [Train seq (cond on sampled tp)] | Loss 1.135778 | MAPE 0.149060 | RMSE 0.089588 |MAE 0.242733 | Likelihood -1.135778 | KL fp 0.0000 | FP STD 0.0000 | ->nfe    0.00 | <-nfe    0.00
Epoch 0028 [Val seq (cond on sampled tp)] |  MAPE 0.017005 | RMSE 0.090541 | MAE 0.055818 |
Epoch 0028 [Test seq (cond on sampled tp)] | MAPE 0.129584 | RMSE 0.139150| MAE 0.098029|
0.03050204925239086,0.03389955684542656,0.04477819800376892,0.07402109354734421,0.07591348141431808,0.05790383368730545,0.0497535765171051,0.036366816610097885,0.04354536533355713,0.05052625760436058,0.11832582205533981,0.3034648299217224,0.1556413620710373,0.7395353317260742
0.13876290758554335,0.13496085551986745,0.13547857333627308,0.13458826999964854,0.1382542621548796,0.1374268789827914,0.13410157230064917,0.13129960212748923,0.13754188159847636,0.14100010170916008,0.1443260192044315,0.14612934321547955,0.14611031774935324,0.14811414710054688
Experiment 09-15_21:19
Epoch 0029 [Train seq (cond on sampled tp)] | Loss 1.108600 | MAPE 0.142585 | RMSE 0.088387 |MAE 0.240148 | Likelihood -1.108600 | KL fp 0.0000 | FP STD 0.0000 | ->nfe    0.00 | <-nfe    0.00
Epoch 0029 [Val seq (cond on sampled tp)] |  MAPE 0.016935 | RMSE 0.091005 | MAE 0.056805 |
Epoch 0029 [Test seq (cond on sampled tp)] | MAPE 0.132516 | RMSE 0.142537| MAE 0.103226|
0.03117774799466133,0.034734733402729034,0.04575840383768082,0.07566388696432114,0.07772327214479446,0.05981966480612755,0.05191459879279137,0.0371227040886879,0.044660743325948715,0.0520823709666729,0.12136876583099365,0.31042927503585815,0.15929119288921356,0.7534773349761963
0.14078274462517226,0.13697997069999168,0.1377121800040753,0.1372554191438447,0.140756605078454,0.14004708457325887,0.1375720642635145,0.13539407538603074,0.14192006038356988,0.14535684882999902,0.14835971124137876,0.1501408459604896,0.15058848135218272,0.15265294023594098
Experiment 09-15_21:19
Epoch 0030 [Train seq (cond on sampled tp)] | Loss 1.135490 | MAPE 0.148433 | RMSE 0.089582 |MAE 0.242720 | Likelihood -1.135490 | KL fp 0.0000 | FP STD 0.0000 | ->nfe    0.00 | <-nfe    0.00
Epoch 0030 [Val seq (cond on sampled tp)] |  MAPE 0.017024 | RMSE 0.090518 | MAE 0.055792 |
Epoch 0030 [Test seq (cond on sampled tp)] | MAPE 0.129458 | RMSE 0.138977| MAE 0.097802|
0.030449634417891502,0.03387177735567093,0.044712748378515244,0.07389547675848007,0.07584991306066513,0.05776257440447807,0.04960229620337486,0.0362863764166832,0.04342610016465187,0.05042615160346031,0.11791670322418213,0.30333495140075684,0.15547390282154083,0.7394073605537415
0.13856192380357765,0.13488540992699485,0.13541358170907894,0.13454702865189566,0.13821305004814968,0.13731240404131753,0.13396377710990326,0.13105336087688174,0.13725946992286756,0.1407986138777988,0.1441033640826707,0.14588043326496575,0.1458427299866809,0.1478459151788179
Experiment 09-15_21:19
Epoch 0031 [Train seq (cond on sampled tp)] | Loss 1.102783 | MAPE 0.142633 | RMSE 0.088138 |MAE 0.239701 | Likelihood -1.102783 | KL fp 0.0000 | FP STD 0.0000 | ->nfe    0.00 | <-nfe    0.00
Epoch 0031 [Val seq (cond on sampled tp)] |  MAPE 0.016892 | RMSE 0.091048 | MAE 0.056599 |
Epoch 0031 [Test seq (cond on sampled tp)] | MAPE 0.133005 | RMSE 0.142703| MAE 0.102914|
0.031185442581772804,0.034780848771333694,0.04583549499511719,0.07568901777267456,0.0779183954000473,0.06006322056055069,0.052133709192276,0.037135522812604904,0.04475616663694382,0.05226769670844078,0.12193887680768967,0.310909241437912,0.1599004864692688,0.7575592398643494
0.1408135620171109,0.13700563440387745,0.1377490256767466,0.13726788321924263,0.14084789043118962,0.1402289920825728,0.13773904606411624,0.13556500404335112,0.14211749433755164,0.1456415662531481,0.14863541233631195,0.15032584789356743,0.15088198637055966,0.15302301241277685
Experiment 09-15_21:19
Epoch 0032 [Train seq (cond on sampled tp)] | Loss 1.140169 | MAPE 0.148068 | RMSE 0.089781 |MAE 0.243268 | Likelihood -1.140169 | KL fp 0.0000 | FP STD 0.0000 | ->nfe    0.00 | <-nfe    0.00
Epoch 0032 [Val seq (cond on sampled tp)] |  MAPE 0.017100 | RMSE 0.090425 | MAE 0.055913 |
Epoch 0032 [Test seq (cond on sampled tp)] | MAPE 0.128784 | RMSE 0.138539| MAE 0.097778|
0.03043122962117195,0.033826131373643875,0.044571567326784134,0.07358618080615997,0.07541012018918991,0.057316578924655914,0.049168385565280914,0.03630391135811806,0.04322481155395508,0.05011589452624321,0.11724627017974854,0.3012453615665436,0.1543530374765396,0.7361809611320496
0.1383890774151386,0.13476623313877167,0.1352380474722447,0.13432248137163044,0.13788159262492386,0.13697164850912733,0.13359449676394192,0.13051874750357717,0.1366412828864721,0.1401122334319414,0.14355076246020906,0.14526607607607026,0.14516594428385635,0.14712104403647358
Experiment 09-15_21:19
Epoch 0033 [Train seq (cond on sampled tp)] | Loss 1.092719 | MAPE 0.143021 | RMSE 0.087697 |MAE 0.238706 | Likelihood -1.092719 | KL fp 0.0000 | FP STD 0.0000 | ->nfe    0.00 | <-nfe    0.00
Epoch 0033 [Val seq (cond on sampled tp)] |  MAPE 0.016863 | RMSE 0.091510 | MAE 0.056770 |
Epoch 0033 [Test seq (cond on sampled tp)] | MAPE 0.135381 | RMSE 0.144621| MAE 0.104521|
0.031489212065935135,0.03528797626495361,0.04646448418498039,0.07684538513422012,0.0790548101067543,0.06128862500190735,0.05355845019221306,0.037420399487018585,0.04543085768818855,0.05321617051959038,0.12428052723407745,0.31665119528770447,0.16289237141609192,0.771453320980072
0.1420763605805957,0.1382474179018131,0.13900503246284765,0.1387682969040439,0.14232765694060814,0.14177289660192904,0.13957834819057158,0.1376926273057073,0.14444418166159095,0.14804232849547921,0.15089134979785004,0.15274454239079727,0.15347118608082772,0.1556385653589
Experiment 09-15_21:19
Epoch 0034 [Train seq (cond on sampled tp)] | Loss 1.162977 | MAPE 0.150991 | RMSE 0.090761 |MAE 0.245629 | Likelihood -1.162977 | KL fp 0.0000 | FP STD 0.0000 | ->nfe    0.00 | <-nfe    0.00
Epoch 0034 [Val seq (cond on sampled tp)] |  MAPE 0.017554 | RMSE 0.090229 | MAE 0.056701 |
Epoch 0034 [Test seq (cond on sampled tp)] | MAPE 0.124781 | RMSE 0.136553| MAE 0.098070|
0.030419636517763138,0.03358257934451103,0.04375945404171944,0.07174079120159149,0.07346156984567642,0.055285751819610596,0.04676256701350212,0.03642207011580467,0.04237645864486694,0.04859139397740364,0.11290618032217026,0.2916129529476166,0.14949998259544373,0.7105171084403992
0.1375700874948511,0.134058708446301,0.1343543508100241,0.133236355985255,0.13667388588627608,0.13552390874172812,0.1316554847842637,0.1285366336845994,0.13416082008009875,0.13742067123978874,0.1407596949715953,0.14235475758263771,0.14184766626887188,0.14359045556225355
Experiment 09-15_21:19
Epoch 0035 [Train seq (cond on sampled tp)] | Loss 1.086962 | MAPE 0.139599 | RMSE 0.087425 |MAE 0.237971 | Likelihood -1.086962 | KL fp 0.0000 | FP STD 0.0000 | ->nfe    0.00 | <-nfe    0.00
Epoch 0035 [Val seq (cond on sampled tp)] |  MAPE 0.017006 | RMSE 0.090734 | MAE 0.056838 |
Epoch 0035 [Test seq (cond on sampled tp)] | MAPE 0.131082 | RMSE 0.141464| MAE 0.102656|
0.031048813834786415,0.03447834402322769,0.04542609304189682,0.07496479153633118,0.07691898196935654,0.05894167348742485,0.0510045662522316,0.036986127495765686,0.04420575872063637,0.05147293955087662,0.11983778327703476,0.30659639835357666,0.15759657323360443,0.7456724047660828
0.1400554035607024,0.13640140078031945,0.13700931870526112,0.13645466094013659,0.13998537830223592,0.13918208568518595,0.13652468259186337,0.13424415871896156,0.14055323756533813,0.14401960021727653,0.14710441968962087,0.14872107898830736,0.14910942386713139,0.15113402220477767
Experiment 09-15_21:19
Epoch 0036 [Train seq (cond on sampled tp)] | Loss 1.170162 | MAPE 0.151405 | RMSE 0.091010 |MAE 0.248497 | Likelihood -1.170162 | KL fp 0.0000 | FP STD 0.0000 | ->nfe    0.00 | <-nfe    0.00
Epoch 0036 [Val seq (cond on sampled tp)] |  MAPE 0.017199 | RMSE 0.092478 | MAE 0.055220 |
Epoch 0036 [Test seq (cond on sampled tp)] | MAPE 0.128694 | RMSE 0.138005| MAE 0.087827|
0.029346777126193047,0.033109694719314575,0.044150903820991516,0.07361968606710434,0.0753708928823471,0.05715637281537056,0.04814513772726059,0.034902364015579224,0.04216131567955017,0.04915690794587135,0.11691655963659286,0.30327898263931274,0.1547633856534958,0.7396301031112671
0.13951612753686277,0.13536108156890023,0.1357599013592028,0.1345166588002555,0.13832150105157223,0.1376148489288596,0.1327816212043592,0.1285515949383828,0.13470340757624655,0.13838662103806768,0.14249905915326172,0.14454480700445962,0.14384830705193774,0.14565826804476265
Experiment 09-15_21:19
Epoch 0037 [Train seq (cond on sampled tp)] | Loss 1.109282 | MAPE 0.131879 | RMSE 0.088413 |MAE 0.241261 | Likelihood -1.109282 | KL fp 0.0000 | FP STD 0.0000 | ->nfe    0.00 | <-nfe    0.00
Epoch 0037 [Val seq (cond on sampled tp)] |  MAPE 0.017160 | RMSE 0.090380 | MAE 0.056247 |
Epoch 0037 [Test seq (cond on sampled tp)] | MAPE 0.128370 | RMSE 0.138649| MAE 0.098908|
0.030564872547984123,0.03386357054114342,0.04455910250544548,0.07351549714803696,0.07539962232112885,0.05724306032061577,0.04905681312084198,0.03647679090499878,0.04325919225811958,0.05005193501710892,0.11683361977338791,0.2999790608882904,0.15413843095302582,0.7322359681129456
0.13849920617661057,0.1348190961713159,0.1353333098970101,0.13444964365023526,0.13800123063520062,0.1370640345538401,0.13365071515478166,0.1308471118817626,0.1369315534838777,0.14027688861660595,0.14356326382508144,0.1452679865861474,0.14525522800555624,0.14712534858780615
Experiment 09-15_21:19
Epoch 0038 [Train seq (cond on sampled tp)] | Loss 1.121114 | MAPE 0.143062 | RMSE 0.088929 |MAE 0.242610 | Likelihood -1.121114 | KL fp 0.0000 | FP STD 0.0000 | ->nfe    0.00 | <-nfe    0.00
Epoch 0038 [Val seq (cond on sampled tp)] |  MAPE 0.016891 | RMSE 0.091272 | MAE 0.054802 |
Epoch 0038 [Test seq (cond on sampled tp)] | MAPE 0.130567 | RMSE 0.138817| MAE 0.092498|
0.029834270477294922,0.033586304634809494,0.04462798312306404,0.07437219470739365,0.07626575976610184,0.058118779212236404,0.049768753349781036,0.03560798987746239,0.04320225492119789,0.05034903436899185,0.11933919042348862,0.3066733777523041,0.1570184826850891,0.7491716742515564
0.13882325197682513,0.13488380806271305,0.13543736241601664,0.13444136572023477,0.13828152128505497,0.13762348411852998,0.1335778553190598,0.1302070800403042,0.13665141082166934,0.14026356980266227,0.14394186318559551,0.14589666725524822,0.14575946092038947,0.14765218623185283
Experiment 09-15_21:19
Epoch 0039 [Train seq (cond on sampled tp)] | Loss 1.130429 | MAPE 0.139957 | RMSE 0.089340 |MAE 0.243836 | Likelihood -1.130429 | KL fp 0.0000 | FP STD 0.0000 | ->nfe    0.00 | <-nfe    0.00
Epoch 0039 [Val seq (cond on sampled tp)] |  MAPE 0.017130 | RMSE 0.090777 | MAE 0.055275 |
Epoch 0039 [Test seq (cond on sampled tp)] | MAPE 0.127810 | RMSE 0.137129| MAE 0.093066|
0.02984452247619629,0.033357154577970505,0.0440867654979229,0.07308292388916016,0.07480134069919586,0.056694187223911285,0.04824509844183922,0.03565776348114014,0.04260101914405823,0.04934429004788399,0.11615455150604248,0.2999829351902008,0.153473898768425,0.7320083379745483
0.13784967387141453,0.13408086794288132,0.13447109462521087,0.13335510516356666,0.13701594611978676,0.1361492283910264,0.13205519916087977,0.12847944608417453,0.13459265015548866,0.13808883410360376,0.14178279591382428,0.1436048796224815,0.14322936896107577,0.1450508803061473
Experiment 09-15_21:19
Epoch 0040 [Train seq (cond on sampled tp)] | Loss 1.105520 | MAPE 0.136916 | RMSE 0.088249 |MAE 0.241367 | Likelihood -1.105520 | KL fp 0.0000 | FP STD 0.0000 | ->nfe    0.00 | <-nfe    0.00
Epoch 0040 [Val seq (cond on sampled tp)] |  MAPE 0.016997 | RMSE 0.090707 | MAE 0.055301 |
Epoch 0040 [Test seq (cond on sampled tp)] | MAPE 0.129403 | RMSE 0.138388| MAE 0.095262|
0.030166907235980034,0.033613741397857666,0.044501956552267075,0.07387859374284744,0.07571174949407578,0.05762099102139473,0.04939829930663109,0.03596828877925873,0.04321183264255524,0.05016025900840759,0.11800248920917511,0.30342862010002136,0.15540562570095062,0.7405769228935242
0.13838544330756988,0.13449146884368338,0.1350526034667207,0.13411637107497076,0.1377603837057073,0.13699037952606036,0.1332651097563557,0.13012517101219806,0.13642279062563512,0.1399431586571785,0.1434471350282382,0.14525582428579242,0.14511833934917234,0.14705206541264992
Experiment 09-15_21:19
Epoch 0041 [Train seq (cond on sampled tp)] | Loss 1.122269 | MAPE 0.140565 | RMSE 0.088974 |MAE 0.243203 | Likelihood -1.122269 | KL fp 0.0000 | FP STD 0.0000 | ->nfe    0.00 | <-nfe    0.00
Epoch 0041 [Val seq (cond on sampled tp)] |  MAPE 0.017031 | RMSE 0.090980 | MAE 0.055059 |
Epoch 0041 [Test seq (cond on sampled tp)] | MAPE 0.128762 | RMSE 0.137677| MAE 0.092501|
0.029783183708786964,0.03337031230330467,0.04427675902843475,0.0735459253191948,0.07531226426362991,0.057199180126190186,0.048699717968702316,0.03565537557005882,0.04279180243611336,0.04970315471291542,0.11737044155597687,0.3023533523082733,0.1548248678445816,0.7377774715423584
0.13814645274813528,0.1343254211360429,0.13482351027436157,0.1337089646862816,0.13741443610646156,0.1367008878756141,0.13253497832751607,0.12896981261665744,0.1351810010947514,0.13884551634342168,0.1424991571878305,0.14438513509672776,0.14409233798963134,0.14585142080218494
Experiment 09-15_21:19
Epoch 0042 [Train seq (cond on sampled tp)] | Loss 1.113438 | MAPE 0.137515 | RMSE 0.088596 |MAE 0.242204 | Likelihood -1.113438 | KL fp 0.0000 | FP STD 0.0000 | ->nfe    0.00 | <-nfe    0.00
Epoch 0042 [Val seq (cond on sampled tp)] |  MAPE 0.017079 | RMSE 0.090670 | MAE 0.055319 |
Epoch 0042 [Test seq (cond on sampled tp)] | MAPE 0.128416 | RMSE 0.137617| MAE 0.094322|
0.03001035563647747,0.03347393125295639,0.04425479844212532,0.07333479076623917,0.0751068964600563,0.057002197951078415,0.04866386204957962,0.03582599759101868,0.04288730397820473,0.04968872666358948,0.11675629764795303,0.30121347308158875,0.15418162941932678,0.7354261875152588
0.137992423360524,0.13416024390637207,0.1346587849473788,0.1336654175269335,0.1372720557515564,0.13647419310149717,0.1325670245754984,0.1291840262501957,0.13532028222115366,0.1388594674863107,0.1423848161177036,0.14424058967866102,0.1439842686417301,0.1458698607293741
Experiment 09-15_21:19
Epoch 0043 [Train seq (cond on sampled tp)] | Loss 1.111177 | MAPE 0.138758 | RMSE 0.088493 |MAE 0.242072 | Likelihood -1.111177 | KL fp 0.0000 | FP STD 0.0000 | ->nfe    0.00 | <-nfe    0.00
Epoch 0043 [Val seq (cond on sampled tp)] |  MAPE 0.017015 | RMSE 0.090851 | MAE 0.055138 |
Epoch 0043 [Test seq (cond on sampled tp)] | MAPE 0.129098 | RMSE 0.138001| MAE 0.093638|
0.029932577162981033,0.033486589789390564,0.04437711834907532,0.07367295771837234,0.07550767064094543,0.05738110467791557,0.04909403249621391,0.03575171157717705,0.04296652227640152,0.049919065088033676,0.11762092262506485,0.30279839038848877,0.15521173179149628,0.7396529316902161
0.1382845250512351,0.1344007375930907,0.1349075371833491,0.13383354366442532,0.13760497464278,0.13681899891261257,0.13287913530119558,0.12954179552909664,0.1357285197670257,0.139292068869219,0.14294690945049074,0.1447858050815685,0.1445785200298523,0.1464127301804368
Experiment 09-15_21:19
Epoch 0044 [Train seq (cond on sampled tp)] | Loss 1.116348 | MAPE 0.138834 | RMSE 0.088723 |MAE 0.242658 | Likelihood -1.116348 | KL fp 0.0000 | FP STD 0.0000 | ->nfe    0.00 | <-nfe    0.00
Epoch 0044 [Val seq (cond on sampled tp)] |  MAPE 0.017107 | RMSE 0.090774 | MAE 0.055237 |
Epoch 0044 [Test seq (cond on sampled tp)] | MAPE 0.128197 | RMSE 0.137381| MAE 0.093382|
0.029890364035964012,0.03337250277400017,0.0441562719643116,0.0732603371143341,0.0750521719455719,0.0568237267434597,0.0484476312994957,0.0357091948390007,0.042685654014348984,0.04952923208475113,0.11660218238830566,0.300729364156723,0.1540144979953766,0.7344871163368225
0.13796822576974052,0.1340937312745557,0.13458515605809263,0.13344331603586015,0.13722735895826468,0.13636067365323232,0.13227959615978904,0.12885662771011328,0.13493819176194877,0.13845300864199817,0.1421053311012189,0.14395112164394291,0.14361017802535558,0.1454613630670782
Experiment 09-15_21:19
Epoch 0045 [Train seq (cond on sampled tp)] | Loss 1.108872 | MAPE 0.137802 | RMSE 0.088395 |MAE 0.241868 | Likelihood -1.108872 | KL fp 0.0000 | FP STD 0.0000 | ->nfe    0.00 | <-nfe    0.00
Epoch 0045 [Val seq (cond on sampled tp)] |  MAPE 0.017052 | RMSE 0.090716 | MAE 0.055248 |
Epoch 0045 [Test seq (cond on sampled tp)] | MAPE 0.128533 | RMSE 0.137718| MAE 0.094099|
0.029986489564180374,0.033484455198049545,0.04428911209106445,0.07342249155044556,0.07525765895843506,0.05712422728538513,0.0487004779279232,0.03582434356212616,0.04289444908499718,0.04974965751171112,0.11705692857503891,0.301681250333786,0.15436464548110962,0.7356303334236145
0.13808544164242129,0.13426694656346724,0.13475096664320857,0.13363129300187765,0.1373782599733137,0.13657784012460494,0.13259529837639966,0.12930331343786833,0.13545277844559708,0.13897652138000632,0.14254800269289122,0.1443710083223897,0.14411313562409353,0.14600304679516607
Experiment 09-15_21:19
Epoch 0046 [Train seq (cond on sampled tp)] | Loss 1.111872 | MAPE 0.138797 | RMSE 0.088525 |MAE 0.242254 | Likelihood -1.111872 | KL fp 0.0000 | FP STD 0.0000 | ->nfe    0.00 | <-nfe    0.00
Epoch 0046 [Val seq (cond on sampled tp)] |  MAPE 0.017065 | RMSE 0.090819 | MAE 0.055190 |
Epoch 0046 [Test seq (cond on sampled tp)] | MAPE 0.128486 | RMSE 0.137577| MAE 0.093380|
0.029890773817896843,0.03341034799814224,0.04423648118972778,0.07338745892047882,0.07517927885055542,0.057054679840803146,0.04864850267767906,0.035701777786016464,0.042811084538698196,0.049650922417640686,0.11695586889982224,0.30171719193458557,0.15435683727264404,0.7358035445213318
0.13803902467168724,0.134200542334052,0.13467733974369925,0.1335507170206093,0.13732773843724524,0.13654923147605455,0.13248787503951073,0.12903898081413429,0.1351902808636597,0.1387479533117572,0.142353475292886,0.14422686201696475,0.14391519730966815,0.1457735298070989
Experiment 09-15_21:19
Epoch 0047 [Train seq (cond on sampled tp)] | Loss 1.110873 | MAPE 0.137971 | RMSE 0.088485 |MAE 0.242123 | Likelihood -1.110873 | KL fp 0.0000 | FP STD 0.0000 | ->nfe    0.00 | <-nfe    0.00
Epoch 0047 [Val seq (cond on sampled tp)] |  MAPE 0.017098 | RMSE 0.090717 | MAE 0.055294 |
Epoch 0047 [Test seq (cond on sampled tp)] | MAPE 0.128055 | RMSE 0.137386| MAE 0.093799|
0.029942501336336136,0.0334056057035923,0.04417138919234276,0.07321669161319733,0.07497590780258179,0.05685197189450264,0.04842112585902214,0.03577227517962456,0.04275406524538994,0.04952734336256981,0.11656051874160767,0.30059152841567993,0.15376779437065125,0.732814371585846
0.1379283259132008,0.13411282951788447,0.13458301777650117,0.13346915737215867,0.1371746228589532,0.13633462212719172,0.13231340061461455,0.1288901593540607,0.134992491460317,0.13851487984109917,0.14209738773625002,0.1439423613847473,0.1436189520619101,0.14543028820855414
Experiment 09-15_21:19
Epoch 0048 [Train seq (cond on sampled tp)] | Loss 1.107763 | MAPE 0.137841 | RMSE 0.088345 |MAE 0.241824 | Likelihood -1.107763 | KL fp 0.0000 | FP STD 0.0000 | ->nfe    0.00 | <-nfe    0.00
Epoch 0048 [Val seq (cond on sampled tp)] |  MAPE 0.017060 | RMSE 0.090751 | MAE 0.055240 |
Epoch 0048 [Test seq (cond on sampled tp)] | MAPE 0.128418 | RMSE 0.137607| MAE 0.093760|
0.0299509409815073,0.03343857079744339,0.04425820708274841,0.07339857518672943,0.07515578716993332,0.056994713842868805,0.04867415130138397,0.035766344517469406,0.04283120110630989,0.049691908061504364,0.11688067018985748,0.30127158761024475,0.15428437292575836,0.73525470495224
0.13803744590996225,0.13423752627860466,0.13470561999820257,0.1335855941625268,0.13733081731784091,0.1364887619186955,0.13250106874070908,0.1291188668500572,0.13525414725051507,0.13879214028130013,0.14242543575462263,0.14423754206980033,0.14397038716279004,0.1458174655717125
Experiment 09-15_21:19
Epoch 0049 [Train seq (cond on sampled tp)] | Loss 1.110330 | MAPE 0.138271 | RMSE 0.088461 |MAE 0.242149 | Likelihood -1.110330 | KL fp 0.0000 | FP STD 0.0000 | ->nfe    0.00 | <-nfe    0.00
Epoch 0049 [Val seq (cond on sampled tp)] |  MAPE 0.017109 | RMSE 0.090748 | MAE 0.055259 |
Epoch 0049 [Test seq (cond on sampled tp)] | MAPE 0.128086 | RMSE 0.137339| MAE 0.093478|
0.0299041997641325,0.033394504338502884,0.044135596603155136,0.07321832329034805,0.07499424368143082,0.056847382336854935,0.048392780125141144,0.03572356700897217,0.042718201875686646,0.04951095208525658,0.11640685796737671,0.30046120285987854,0.15380756556987762,0.733684241771698
0.13793411919737691,0.13409721082987716,0.13454634338094906,0.1334482641702666,0.1371730002015899,0.13633266157236984,0.1322538674475026,0.12879371788536165,0.13489985346480415,0.13842741143728865,0.142023306929813,0.14389699878218823,0.1435372737780752,0.14537592165278418
Experiment 09-15_21:19
Epoch 0050 [Train seq (cond on sampled tp)] | Loss 1.107246 | MAPE 0.137574 | RMSE 0.088322 |MAE 0.241786 | Likelihood -1.107246 | KL fp 0.0000 | FP STD 0.0000 | ->nfe    0.00 | <-nfe    0.00
Epoch 0050 [Val seq (cond on sampled tp)] |  MAPE 0.017113 | RMSE 0.090688 | MAE 0.055303 |
Epoch 0050 [Test seq (cond on sampled tp)] | MAPE 0.128047 | RMSE 0.137393| MAE 0.093857|
0.029950732365250587,0.033420540392398834,0.04418390616774559,0.07318069785833359,0.07496901601552963,0.05684272199869156,0.04842902719974518,0.03579159453511238,0.042764801532030106,0.049528010189533234,0.11649830639362335,0.30025774240493774,0.15374846756458282,0.7330973744392395
0.13793880496252586,0.13413301514072498,0.13459005529364643,0.13342680929584025,0.13718759663823923,0.13634183563324115,0.13231802500062692,0.12890361291904517,0.13498861412759924,0.13852406401296488,0.14211668173998968,0.14396442276123664,0.1436242888522657,0.1454508433091818
