/nvme/yuanjingyang/CG-ODE/lstm/run_data_spring.py
lstm/run_data_spring.py --pred_length 36 --condition_length 72 -b 64 -r 41
Namespace(save='experiments/', load=None, dataset='spring', datapath='data/', pred_length=36, condition_length=72, features='X,Y,vel_X,vel_Y', feature_out='X,Y', test_K=30, niters=100, lr=0.005, batch_size=64, random_seed=41, dropout=0.2, l2=1e-05, optimizer='AdamW', clip=10, edge_lamda=0.5, alias='run', output_dim=2, feature_out_index=[0, 1], num_atoms=50)
run
Experiment 09-06_00:21
Epoch 0001 [Train seq (cond on sampled tp)] | Loss 57.840943 | MAPE 18.603136 | RMSE 1.813950 | Likelihood -57.840943 | KL fp 0.0000 | FP STD 0.0000 | ->nfe    0.00 | <-nfe    0.00
Epoch 0001 [Val seq (cond on sampled tp)] |  MAPE 10.697825 | RMSE 0.928292 |
Best Val!
Epoch 0001 [Test seq (cond on sampled tp)] | MAPE 8.180051 | RMSE 1.237958| MAE 0.990964|
8.143040657043457,4.80601692199707,4.110640048980713,7.282833576202393,5.595169544219971,8.028081893920898,3.7917182445526123,8.417638778686523,7.395391464233398,3.647674560546875,5.159327983856201,4.328238010406494,10.86502456665039,4.085206031799316,6.579963207244873,22.158222198486328,6.175693988800049,5.203099250793457,1.9225319623947144,2.495363473892212,66.8502426147461,7.949374675750732,4.967185974121094,7.802814960479736,5.87059211730957,5.0697784423828125,1.348487377166748,7.036046504974365,6.292856216430664,2.023265838623047
1.2098813773561665,1.3243799252168706,1.321182731641107,1.117127690348182,1.3461691349859082,1.2378259537795613,1.1103153809999364,1.1927279286114492,1.0980796676076237,1.360068747101201,1.2790762907692537,1.0452165705023169,1.4233790397154562,1.1003553661781889,1.0986519095562444,1.2926202402317737,1.1160146786021812,1.3177746189418011,1.4127420403710778,1.3850910358600745,1.2077265838425042,1.1548710410055096,1.088303821381682,1.228610182187367,1.3256196570389915,1.2588022259481924,1.3942536577324156,1.0099006134649307,1.3506185951063392,1.3313500236938443
8.143040657043457,4.80601692199707,4.110640048980713,7.282833576202393,5.595169544219971,8.028081893920898,3.7917182445526123,8.417638778686523,7.395391464233398,3.647674560546875,5.159327983856201,4.328238010406494,10.86502456665039,4.085206031799316,6.579963207244873,22.158222198486328,6.175693988800049,5.203099250793457,1.9225319623947144,2.495363473892212,66.8502426147461,7.949374675750732,4.967185974121094,7.802814960479736,5.87059211730957,5.0697784423828125,1.348487377166748,7.036046504974365,6.292856216430664,2.023265838623047
1.2098813773561665,1.3243799252168706,1.321182731641107,1.117127690348182,1.3461691349859082,1.2378259537795613,1.1103153809999364,1.1927279286114492,1.0980796676076237,1.360068747101201,1.2790762907692537,1.0452165705023169,1.4233790397154562,1.1003553661781889,1.0986519095562444,1.2926202402317737,1.1160146786021812,1.3177746189418011,1.4127420403710778,1.3850910358600745,1.2077265838425042,1.1548710410055096,1.088303821381682,1.228610182187367,1.3256196570389915,1.2588022259481924,1.3942536577324156,1.0099006134649307,1.3506185951063392,1.3313500236938443
Epoch 0001 [Test seq (cond on sampled tp)] | Best Test MAPE 8.180051|Best Test RMSE 1.237958|
Experiment 09-06_00:21
Epoch 0002 [Train seq (cond on sampled tp)] | Loss 20.549201 | MAPE 8.211000 | RMSE 0.691964 | Likelihood -20.549201 | KL fp 0.0000 | FP STD 0.0000 | ->nfe    0.00 | <-nfe    0.00
Epoch 0002 [Val seq (cond on sampled tp)] |  MAPE 5.646376 | RMSE 0.637097 |
Best Val!
Epoch 0002 [Test seq (cond on sampled tp)] | MAPE 3.681357 | RMSE 0.509796| MAE 0.428780|
3.175659418106079,1.957424283027649,4.948129653930664,3.1209969520568848,3.8080263137817383,3.4857256412506104,1.8919906616210938,3.153371572494507,5.116310119628906,2.851963996887207,3.054478883743286,2.071035385131836,7.037846565246582,2.079202175140381,1.799117088317871,4.1625752449035645,3.559993267059326,2.122490882873535,0.8648392558097839,1.0190677642822266,29.171772003173828,2.7254750728607178,1.496935486793518,1.934460997581482,4.43872594833374,1.9645179510116577,0.8009122014045715,3.056821823120117,2.7070164680480957,0.8638254404067993
0.4342486273173421,0.48544976758724445,0.5608824679015894,0.4396256171887328,0.5621708860799756,0.454726889958922,0.44342060758582363,0.4342010986979292,0.40709806834675993,0.6724768981014503,0.5314858698343756,0.39102392807108677,0.6618925881863119,0.4736130700470183,0.503477934735509,0.5235339118645297,0.35134723218620506,0.49624409237283146,0.5716131872161523,0.5142693471574805,0.4284839767967783,0.38727510294071615,0.3371223579815233,0.5621427355125823,0.6130003316125393,0.609561011461302,0.7100113505812806,0.46191012681248134,0.5501404680427748,0.721444924127403
3.175659418106079,1.957424283027649,4.948129653930664,3.1209969520568848,3.8080263137817383,3.4857256412506104,1.8919906616210938,3.153371572494507,5.116310119628906,2.851963996887207,3.054478883743286,2.071035385131836,7.037846565246582,2.079202175140381,1.799117088317871,4.1625752449035645,3.559993267059326,2.122490882873535,0.8648392558097839,1.0190677642822266,29.171772003173828,2.7254750728607178,1.496935486793518,1.934460997581482,4.43872594833374,1.9645179510116577,0.8009122014045715,3.056821823120117,2.7070164680480957,0.8638254404067993
0.4342486273173421,0.48544976758724445,0.5608824679015894,0.4396256171887328,0.5621708860799756,0.454726889958922,0.44342060758582363,0.4342010986979292,0.40709806834675993,0.6724768981014503,0.5314858698343756,0.39102392807108677,0.6618925881863119,0.4736130700470183,0.503477934735509,0.5235339118645297,0.35134723218620506,0.49624409237283146,0.5716131872161523,0.5142693471574805,0.4284839767967783,0.38727510294071615,0.3371223579815233,0.5621427355125823,0.6130003316125393,0.609561011461302,0.7100113505812806,0.46191012681248134,0.5501404680427748,0.721444924127403
Epoch 0002 [Test seq (cond on sampled tp)] | Best Test MAPE 3.681357|Best Test RMSE 0.509796|
Experiment 09-06_00:21
Epoch 0003 [Train seq (cond on sampled tp)] | Loss 18.918817 | MAPE 6.882282 | RMSE 0.604343 | Likelihood -18.918817 | KL fp 0.0000 | FP STD 0.0000 | ->nfe    0.00 | <-nfe    0.00
Epoch 0003 [Val seq (cond on sampled tp)] |  MAPE 5.964962 | RMSE 0.614681 |
Epoch 0003 [Test seq (cond on sampled tp)] | MAPE 2.528437 | RMSE 0.408544| MAE 0.328023|
1.7939965724945068,1.3467137813568115,1.543927550315857,2.285616397857666,2.3429348468780518,2.0385522842407227,1.2302463054656982,2.6455671787261963,2.661702871322632,1.722489595413208,1.981266736984253,1.6348217725753784,5.577186107635498,1.121911644935608,1.2454146146774292,4.172944068908691,2.4391260147094727,1.7750365734100342,0.7624556422233582,1.0183565616607666,17.411725997924805,2.1389505863189697,1.4556633234024048,3.150095224380493,2.6560845375061035,1.416168451309204,0.5476075410842896,2.7872350215911865,2.3118412494659424,0.6374731063842773
0.3169644459392058,0.43886919008416914,0.4458077337217996,0.319758074960459,0.4739625549827053,0.37623838745775995,0.3397174688277704,0.36232860311455,0.2924079614091621,0.5020072700004461,0.41750138436733225,0.31850754034033585,0.5472332189905147,0.3179140896878139,0.337221519497021,0.4296485016204817,0.25779053565587445,0.44261713958651094,0.5124430589910597,0.46976204339607625,0.3938862088169344,0.34091026846003175,0.3358094170828399,0.40572682952534184,0.4672092069093038,0.4697128738026627,0.5372564773257857,0.31270581858591867,0.5361624676505694,0.5382268205427545
1.7939965724945068,1.3467137813568115,1.543927550315857,2.285616397857666,2.3429348468780518,2.0385522842407227,1.2302463054656982,2.6455671787261963,2.661702871322632,1.722489595413208,1.981266736984253,1.6348217725753784,5.577186107635498,1.121911644935608,1.2454146146774292,4.172944068908691,2.4391260147094727,1.7750365734100342,0.7624556422233582,1.0183565616607666,17.411725997924805,2.1389505863189697,1.4556633234024048,3.150095224380493,2.6560845375061035,1.416168451309204,0.5476075410842896,2.7872350215911865,2.3118412494659424,0.6374731063842773
0.3169644459392058,0.43886919008416914,0.4458077337217996,0.319758074960459,0.4739625549827053,0.37623838745775995,0.3397174688277704,0.36232860311455,0.2924079614091621,0.5020072700004461,0.41750138436733225,0.31850754034033585,0.5472332189905147,0.3179140896878139,0.337221519497021,0.4296485016204817,0.25779053565587445,0.44261713958651094,0.5124430589910597,0.46976204339607625,0.3938862088169344,0.34091026846003175,0.3358094170828399,0.40572682952534184,0.4672092069093038,0.4697128738026627,0.5372564773257857,0.31270581858591867,0.5361624676505694,0.5382268205427545
Epoch 0003 [Test seq (cond on sampled tp)] | Best Test MAPE 2.528437|Best Test RMSE 0.408544|
Experiment 09-06_00:21
Epoch 0004 [Train seq (cond on sampled tp)] | Loss 18.617114 | MAPE 6.510708 | RMSE 0.595502 | Likelihood -18.617114 | KL fp 0.0000 | FP STD 0.0000 | ->nfe    0.00 | <-nfe    0.00
Epoch 0004 [Val seq (cond on sampled tp)] |  MAPE 5.726195 | RMSE 0.605139 |
Epoch 0004 [Test seq (cond on sampled tp)] | MAPE 2.283905 | RMSE 0.374984| MAE 0.297627|
1.535154104232788,1.0595780611038208,2.5880484580993652,1.907096266746521,2.049124002456665,1.7911880016326904,1.2278950214385986,2.3685646057128906,2.3125057220458984,1.9772886037826538,1.904560923576355,1.3614563941955566,5.517448425292969,1.265730381011963,1.0782299041748047,3.124492645263672,2.47304105758667,1.4182811975479126,0.6081768870353699,0.7475413084030151,15.034351348876953,1.7827867269515991,1.1357460021972656,2.434985637664795,2.8972036838531494,1.3160070180892944,0.5419999361038208,2.280097723007202,2.1927146911621094,0.5858436226844788
0.2714139174551593,0.3678925421132807,0.41044524774257357,0.3082996850512316,0.4180390129569113,0.3339134944188806,0.32391012968766025,0.3148500295159537,0.27993888692561236,0.4680424118020213,0.377465547132606,0.3078818257682972,0.4910861211287954,0.32743791896329444,0.34988896149775756,0.40019411056136994,0.2427815488901114,0.3757191160546558,0.43429625366847224,0.38726917744650763,0.345100988365174,0.30499086194341635,0.30296858065021537,0.3736038444045558,0.4263742499611911,0.45732482219349135,0.5116080244404347,0.3323580872313172,0.47260681398236165,0.5318141354208326
1.535154104232788,1.0595780611038208,2.5880484580993652,1.907096266746521,2.049124002456665,1.7911880016326904,1.2278950214385986,2.3685646057128906,2.3125057220458984,1.9772886037826538,1.904560923576355,1.3614563941955566,5.517448425292969,1.265730381011963,1.0782299041748047,3.124492645263672,2.47304105758667,1.4182811975479126,0.6081768870353699,0.7475413084030151,15.034351348876953,1.7827867269515991,1.1357460021972656,2.434985637664795,2.8972036838531494,1.3160070180892944,0.5419999361038208,2.280097723007202,2.1927146911621094,0.5858436226844788
0.2714139174551593,0.3678925421132807,0.41044524774257357,0.3082996850512316,0.4180390129569113,0.3339134944188806,0.32391012968766025,0.3148500295159537,0.27993888692561236,0.4680424118020213,0.377465547132606,0.3078818257682972,0.4910861211287954,0.32743791896329444,0.34988896149775756,0.40019411056136994,0.2427815488901114,0.3757191160546558,0.43429625366847224,0.38726917744650763,0.345100988365174,0.30499086194341635,0.30296858065021537,0.3736038444045558,0.4263742499611911,0.45732482219349135,0.5116080244404347,0.3323580872313172,0.47260681398236165,0.5318141354208326
Epoch 0004 [Test seq (cond on sampled tp)] | Best Test MAPE 2.283905|Best Test RMSE 0.374984|
Experiment 09-06_00:21
Epoch 0005 [Train seq (cond on sampled tp)] | Loss 18.547575 | MAPE 6.349530 | RMSE 0.591615 | Likelihood -18.547575 | KL fp 0.0000 | FP STD 0.0000 | ->nfe    0.00 | <-nfe    0.00
Epoch 0005 [Val seq (cond on sampled tp)] |  MAPE 5.608116 | RMSE 0.609617 |
Best Val!
Epoch 0005 [Test seq (cond on sampled tp)] | MAPE 2.451535 | RMSE 0.394074| MAE 0.315320|
1.7115343809127808,1.2537784576416016,2.781925916671753,2.099130153656006,1.9482303857803345,2.089749813079834,1.3290636539459229,2.331958055496216,2.7827861309051514,1.9118576049804688,2.0303940773010254,1.36444091796875,5.667660236358643,1.3122717142105103,1.178006649017334,3.377354621887207,2.5282819271087646,1.5403085947036743,0.6034836173057556,0.7441204786300659,17.644298553466797,1.8758376836776733,1.2114505767822266,2.482012987136841,3.147036075592041,1.4157240390777588,0.5918678641319275,1.7344884872436523,2.227407455444336,0.6295908689498901
0.2998932574034437,0.38724749475164993,0.4312988067043061,0.32123738021034914,0.43737845776137707,0.3488735148084922,0.33994705997665153,0.33798713628778343,0.29377928192206604,0.49852865515644396,0.40436899767375634,0.3101479108828007,0.5189366200285825,0.34393577540799014,0.3698095487470719,0.4214861808787664,0.2481175870052273,0.3949944449287634,0.45897208664048067,0.4106615314752173,0.34981132513806223,0.30812691736301806,0.3014653340871053,0.4047595339259535,0.45624781568866574,0.4837513261722652,0.5500159391347738,0.34362241154469775,0.48385017942244124,0.5629621832192238
Experiment 09-06_00:21
Epoch 0006 [Train seq (cond on sampled tp)] | Loss 18.541884 | MAPE 6.406599 | RMSE 0.591605 | Likelihood -18.541884 | KL fp 0.0000 | FP STD 0.0000 | ->nfe    0.00 | <-nfe    0.00
Epoch 0006 [Val seq (cond on sampled tp)] |  MAPE 5.736051 | RMSE 0.606649 |
Epoch 0006 [Test seq (cond on sampled tp)] | MAPE 2.330302 | RMSE 0.380083| MAE 0.302616|
1.3953732252120972,1.1550909280776978,1.9937474727630615,2.1133017539978027,1.8738508224487305,1.8211356401443481,1.2124791145324707,2.3694634437561035,2.6641643047332764,1.798250675201416,1.8332500457763672,1.3739961385726929,5.524879455566406,1.1603147983551025,1.1992299556732178,3.032078742980957,2.588862657546997,1.5135523080825806,0.6481873989105225,0.8018603324890137,16.093523025512695,1.8153722286224365,1.1605908870697021,2.5437028408050537,2.9411635398864746,1.3302162885665894,0.5326379537582397,2.6051530838012695,2.222191333770752,0.5914424657821655
0.27663639019038566,0.3942761115556944,0.41984582256661646,0.31456105530193146,0.43050587488833386,0.33555966576032786,0.3226589115023816,0.3254917614988542,0.28068814847909906,0.4675610245180503,0.38108627211900675,0.30815194288771214,0.49911090659066065,0.3176620428830252,0.34334745462359323,0.4048511557157495,0.2417448597980899,0.3898143940730193,0.45354637744871146,0.4110902415364731,0.35441313143178693,0.30784750899081065,0.3139074459974064,0.3731111001855413,0.43331860928401467,0.45666007921533025,0.5131463963813703,0.3205756292943691,0.48797112343705945,0.5233547373006849
Experiment 09-06_00:21
Epoch 0007 [Train seq (cond on sampled tp)] | Loss 18.532454 | MAPE 6.311764 | RMSE 0.591336 | Likelihood -18.532454 | KL fp 0.0000 | FP STD 0.0000 | ->nfe    0.00 | <-nfe    0.00
Epoch 0007 [Val seq (cond on sampled tp)] |  MAPE 5.578475 | RMSE 0.604946 |
Best Val!
Epoch 0007 [Test seq (cond on sampled tp)] | MAPE 2.348621 | RMSE 0.380226| MAE 0.302916|
1.5351274013519287,1.1173900365829468,2.4459753036499023,2.0607173442840576,2.020606279373169,1.8161983489990234,1.2461684942245483,2.4113314151763916,2.412018299102783,1.9800552129745483,1.8537235260009766,1.3542333841323853,5.591474533081055,1.2464640140533447,1.1560962200164795,2.822908878326416,2.506723642349243,1.474061369895935,0.5997875928878784,0.7472406625747681,16.60430908203125,1.813731074333191,1.1176854372024536,2.2605302333831787,3.047398090362549,1.3648672103881836,0.5531052947044373,2.472440242767334,2.2374837398529053,0.5887764692306519
0.2811732849823454,0.3749399137042492,0.41932893630829615,0.315055743613632,0.42279210895051406,0.3355738867655343,0.3234195510749067,0.3236423562391744,0.2813643646840073,0.47227550966379594,0.38353860851120564,0.3117667894943408,0.49886973602549606,0.3309016816564825,0.349605911919688,0.4038733692177588,0.2392917064092374,0.38101891330647725,0.441607690943255,0.39575801517613846,0.34830080780934475,0.3048222195067294,0.30166465284182925,0.3845526207321852,0.43855006360179793,0.46677448107261676,0.5211642708021347,0.33647902777404043,0.48054554953506295,0.538116343447433
Experiment 09-06_00:21
Epoch 0008 [Train seq (cond on sampled tp)] | Loss 18.522999 | MAPE 6.386346 | RMSE 0.590894 | Likelihood -18.522999 | KL fp 0.0000 | FP STD 0.0000 | ->nfe    0.00 | <-nfe    0.00
Epoch 0008 [Val seq (cond on sampled tp)] |  MAPE 5.587578 | RMSE 0.604506 |
Epoch 0008 [Test seq (cond on sampled tp)] | MAPE 2.198492 | RMSE 0.370422| MAE 0.293702|
1.3908398151397705,1.090969204902649,1.8473652601242065,2.0856637954711914,1.848801851272583,1.6882222890853882,1.1643345355987549,2.3204870223999023,2.3597683906555176,1.7603118419647217,1.8881572484970093,1.357043981552124,5.387057781219482,1.1453524827957153,1.1925650835037231,3.031057119369507,2.4870779514312744,1.4904640913009644,0.6331833600997925,0.7905544638633728,13.823884010314941,1.7584459781646729,1.0911387205123901,2.1809616088867188,2.935621976852417,1.3049851655960083,0.5193648934364319,2.613537311553955,2.191192626953125,0.5763387084007263
0.2694583324262097,0.3730239661407512,0.4038385197944953,0.30745919423995843,0.4131060115184269,0.32310987916758854,0.3165451380759553,0.3153787105219554,0.27582613009779094,0.45172255626276925,0.3720899561705191,0.30800879846583185,0.4806980578302566,0.31874982609463604,0.34028939372734784,0.3935169362782269,0.23666077051715007,0.3742370393938601,0.4348667291127194,0.3900121076856306,0.34418163509854766,0.30352592352599456,0.30790858923177267,0.3640933240685506,0.42180648883193944,0.45269862207435163,0.49957653829531223,0.3276339671535327,0.4739263509781921,0.5187230528301345
1.3908398151397705,1.090969204902649,1.8473652601242065,2.0856637954711914,1.848801851272583,1.6882222890853882,1.1643345355987549,2.3204870223999023,2.3597683906555176,1.7603118419647217,1.8881572484970093,1.357043981552124,5.387057781219482,1.1453524827957153,1.1925650835037231,3.031057119369507,2.4870779514312744,1.4904640913009644,0.6331833600997925,0.7905544638633728,13.823884010314941,1.7584459781646729,1.0911387205123901,2.1809616088867188,2.935621976852417,1.3049851655960083,0.5193648934364319,2.613537311553955,2.191192626953125,0.5763387084007263
0.2694583324262097,0.3730239661407512,0.4038385197944953,0.30745919423995843,0.4131060115184269,0.32310987916758854,0.3165451380759553,0.3153787105219554,0.27582613009779094,0.45172255626276925,0.3720899561705191,0.30800879846583185,0.4806980578302566,0.31874982609463604,0.34028939372734784,0.3935169362782269,0.23666077051715007,0.3742370393938601,0.4348667291127194,0.3900121076856306,0.34418163509854766,0.30352592352599456,0.30790858923177267,0.3640933240685506,0.42180648883193944,0.45269862207435163,0.49957653829531223,0.3276339671535327,0.4739263509781921,0.5187230528301345
Epoch 0008 [Test seq (cond on sampled tp)] | Best Test MAPE 2.198492|Best Test RMSE 0.370422|
Experiment 09-06_00:21
Epoch 0009 [Train seq (cond on sampled tp)] | Loss 18.519736 | MAPE 6.333017 | RMSE 0.590669 | Likelihood -18.519736 | KL fp 0.0000 | FP STD 0.0000 | ->nfe    0.00 | <-nfe    0.00
Epoch 0009 [Val seq (cond on sampled tp)] |  MAPE 5.612072 | RMSE 0.603962 |
Epoch 0009 [Test seq (cond on sampled tp)] | MAPE 2.244757 | RMSE 0.368883| MAE 0.292393|
1.4180551767349243,1.0355796813964844,2.409066915512085,2.008148193359375,1.8907378911972046,1.746840476989746,1.2274972200393677,2.3210394382476807,2.3399534225463867,1.8848000764846802,1.8941459655761719,1.3027857542037964,5.491147994995117,1.213212251663208,1.2253490686416626,3.253251075744629,2.3519749641418457,1.4209023714065552,0.59117591381073,0.7102313041687012,14.749252319335938,1.7006986141204834,1.0742416381835938,2.3583521842956543,3.120434522628784,1.3067104816436768,0.5281113982200623,2.0229175090789795,2.177123785018921,0.5689661502838135
0.26288259134020003,0.35929625104471347,0.4016723029973197,0.3093650691047231,0.4116056717668127,0.31843422085961354,0.3223593257741117,0.3102807157974647,0.276847839250343,0.4507999621231348,0.36791255060113337,0.3134062501004168,0.47775139018065615,0.32709190677332306,0.3483026902319693,0.3941149261837431,0.23903681610864172,0.3651452389233423,0.4236686687851116,0.3771743323011665,0.3405472281677977,0.29622774086797393,0.3054950478397451,0.3676037964891512,0.4209666362837099,0.455424377609383,0.5004369793161824,0.3327309360760842,0.4673049906603952,0.5225965092248608
Experiment 09-06_00:21
Epoch 0010 [Train seq (cond on sampled tp)] | Loss 18.511043 | MAPE 6.359624 | RMSE 0.590355 | Likelihood -18.511043 | KL fp 0.0000 | FP STD 0.0000 | ->nfe    0.00 | <-nfe    0.00
Epoch 0010 [Val seq (cond on sampled tp)] |  MAPE 5.605324 | RMSE 0.605096 |
Epoch 0010 [Test seq (cond on sampled tp)] | MAPE 2.324805 | RMSE 0.376941| MAE 0.299418|
1.4904266595840454,1.078939437866211,2.371061325073242,2.0352559089660645,1.9018666744232178,1.7447733879089355,1.2288542985916138,2.3656208515167236,2.373737335205078,1.9005401134490967,1.8800954818725586,1.339329481124878,5.559181213378906,1.2716490030288696,1.2184830904006958,3.149030923843384,2.4366135597229004,1.4844186305999756,0.595575749874115,0.707295835018158,16.115432739257812,1.7698445320129395,1.0917003154754639,2.373401403427124,3.088970184326172,1.3165295124053955,0.5513933300971985,2.4952876567840576,2.2216954231262207,0.5871554017066956
0.2765418131144288,0.37214705909721185,0.40974087344927784,0.31323206508315854,0.41835900385935443,0.327759902923794,0.3240118630556879,0.3201719184902639,0.2810272023093909,0.46612222352432403,0.38309944842390214,0.31075624090097903,0.49137325145747063,0.33335027676475437,0.3541412718401122,0.3999413179029652,0.2386869588103131,0.3778466816120284,0.4354990432544802,0.3890090706535067,0.3402284549412695,0.3007458628855883,0.3030580697446796,0.38068059001683086,0.4349717247202999,0.46228359353177967,0.5194494713689053,0.33297493288483565,0.47369195627828536,0.5373145526519754
Experiment 09-06_00:21
Epoch 0011 [Train seq (cond on sampled tp)] | Loss 18.507458 | MAPE 6.336373 | RMSE 0.590212 | Likelihood -18.507458 | KL fp 0.0000 | FP STD 0.0000 | ->nfe    0.00 | <-nfe    0.00
Epoch 0011 [Val seq (cond on sampled tp)] |  MAPE 5.628214 | RMSE 0.607301 |
Epoch 0011 [Test seq (cond on sampled tp)] | MAPE 2.398365 | RMSE 0.387725| MAE 0.309693|
1.6861315965652466,1.2085577249526978,2.624720811843872,2.102907657623291,1.9515056610107422,1.9177377223968506,1.269277811050415,2.4282398223876953,2.480154037475586,2.0436341762542725,1.9477990865707397,1.3525238037109375,5.577818393707275,1.2952228784561157,1.215548038482666,3.0173683166503906,2.463923454284668,1.510842204093933,0.6115464568138123,0.7395387887954712,17.010034561157227,1.8674850463867188,1.1509088277816772,2.470423460006714,3.048693895339966,1.3735324144363403,0.5699269771575928,2.114856243133545,2.281496524810791,0.6185863614082336
0.2903738562068343,0.3876339265668312,0.42665477704765037,0.3205528752962169,0.4349672540583725,0.3425083385099867,0.32878931100588266,0.3299025345051339,0.28522629073636113,0.48642624014691294,0.39631658677522336,0.31095457605217264,0.5111741232585716,0.3344136986665336,0.3594728212322508,0.411749533528502,0.24423974123293046,0.3891896388661483,0.45310373914102314,0.40790972592050523,0.3488826017142718,0.3072919306780872,0.3012446264919468,0.39366106815270935,0.4500982382620162,0.4720679476027306,0.5342587930244005,0.3361844109093488,0.485504279873072,0.5510004297365566
Experiment 09-06_00:21
Epoch 0012 [Train seq (cond on sampled tp)] | Loss 18.520633 | MAPE 6.376417 | RMSE 0.591474 | Likelihood -18.520633 | KL fp 0.0000 | FP STD 0.0000 | ->nfe    0.00 | <-nfe    0.00
Epoch 0012 [Val seq (cond on sampled tp)] |  MAPE 5.613151 | RMSE 0.601888 |
Epoch 0012 [Test seq (cond on sampled tp)] | MAPE 2.175939 | RMSE 0.357662| MAE 0.282172|
1.199575662612915,0.9689983129501343,1.7437876462936401,2.0071563720703125,2.121711492538452,1.6317358016967773,1.0950225591659546,2.352468490600586,2.300089120864868,1.6598092317581177,1.7364552021026611,1.4087401628494263,5.22119140625,1.0439417362213135,1.1414889097213745,3.7822606563568115,2.466073751449585,1.4572097063064575,0.6811715364456177,0.8513607382774353,12.6276216506958,1.6107760667800903,1.0769729614257812,2.658047676086426,2.624920606613159,1.2436888217926025,0.4635946452617645,3.4704790115356445,2.106830596923828,0.5249844193458557
0.24800916820689725,0.3696689961914386,0.3877795533871616,0.2997234246775673,0.39682974594908066,0.3107453797450358,0.31149490369268024,0.30949397304086773,0.2718213549119142,0.4149716311260745,0.3484528876015975,0.3134825875246966,0.45663002530498653,0.29985637405640697,0.31635097915723376,0.3813624849257125,0.24007459304599896,0.368213215185229,0.42511061252766214,0.38086223112160245,0.35373931467612657,0.3049493178290089,0.330412396344847,0.3324993984496619,0.38808473491818346,0.43131212533366003,0.4597784599645275,0.3182346708234827,0.48040902921864925,0.4794915814988294
1.199575662612915,0.9689983129501343,1.7437876462936401,2.0071563720703125,2.121711492538452,1.6317358016967773,1.0950225591659546,2.352468490600586,2.300089120864868,1.6598092317581177,1.7364552021026611,1.4087401628494263,5.22119140625,1.0439417362213135,1.1414889097213745,3.7822606563568115,2.466073751449585,1.4572097063064575,0.6811715364456177,0.8513607382774353,12.6276216506958,1.6107760667800903,1.0769729614257812,2.658047676086426,2.624920606613159,1.2436888217926025,0.4635946452617645,3.4704790115356445,2.106830596923828,0.5249844193458557
0.24800916820689725,0.3696689961914386,0.3877795533871616,0.2997234246775673,0.39682974594908066,0.3107453797450358,0.31149490369268024,0.30949397304086773,0.2718213549119142,0.4149716311260745,0.3484528876015975,0.3134825875246966,0.45663002530498653,0.29985637405640697,0.31635097915723376,0.3813624849257125,0.24007459304599896,0.368213215185229,0.42511061252766214,0.38086223112160245,0.35373931467612657,0.3049493178290089,0.330412396344847,0.3324993984496619,0.38808473491818346,0.43131212533366003,0.4597784599645275,0.3182346708234827,0.48040902921864925,0.4794915814988294
Epoch 0012 [Test seq (cond on sampled tp)] | Best Test MAPE 2.175939|Best Test RMSE 0.357662|
Experiment 09-06_00:21
Epoch 0013 [Train seq (cond on sampled tp)] | Loss 18.517325 | MAPE 6.351455 | RMSE 0.591265 | Likelihood -18.517325 | KL fp 0.0000 | FP STD 0.0000 | ->nfe    0.00 | <-nfe    0.00
Epoch 0013 [Val seq (cond on sampled tp)] |  MAPE 5.529215 | RMSE 0.599108 |
Best Val!
Epoch 0013 [Test seq (cond on sampled tp)] | MAPE 2.105910 | RMSE 0.348473| MAE 0.273483|
1.1605693101882935,0.8370032906532288,2.272644519805908,1.8998122215270996,1.7351576089859009,1.8672617673873901,1.1811797618865967,2.131587266921997,2.250220537185669,1.8967922925949097,1.760719895362854,1.3466519117355347,5.049449920654297,1.2966833114624023,1.2350490093231201,3.8372819423675537,2.5219666957855225,1.2524616718292236,0.547832727432251,0.641870379447937,11.866804122924805,1.4657665491104126,1.0353071689605713,2.2835564613342285,3.073930501937866,1.2054767608642578,0.47155576944351196,2.5039851665496826,2.0537662506103516,0.4949418902397156
0.24136536785970278,0.3198042069791802,0.36930671870841614,0.3103005854114281,0.3701438189665871,0.2930775503946199,0.32274807738611294,0.2943238264096917,0.2804109986758825,0.4087577045951117,0.3366378757862964,0.32692758877475947,0.42267661406981116,0.33067029393966385,0.3530994832263591,0.3684199731361019,0.24896260434773998,0.32695280460173337,0.3735234676352375,0.32381417413531693,0.3251229282959928,0.2873866111604907,0.31903499456691614,0.3374856164304425,0.3780658289428093,0.4386932585235441,0.4573190386175549,0.3538609077763027,0.44014918832527505,0.4951445592653945
1.1605693101882935,0.8370032906532288,2.272644519805908,1.8998122215270996,1.7351576089859009,1.8672617673873901,1.1811797618865967,2.131587266921997,2.250220537185669,1.8967922925949097,1.760719895362854,1.3466519117355347,5.049449920654297,1.2966833114624023,1.2350490093231201,3.8372819423675537,2.5219666957855225,1.2524616718292236,0.547832727432251,0.641870379447937,11.866804122924805,1.4657665491104126,1.0353071689605713,2.2835564613342285,3.073930501937866,1.2054767608642578,0.47155576944351196,2.5039851665496826,2.0537662506103516,0.4949418902397156
0.24136536785970278,0.3198042069791802,0.36930671870841614,0.3103005854114281,0.3701438189665871,0.2930775503946199,0.32274807738611294,0.2943238264096917,0.2804109986758825,0.4087577045951117,0.3366378757862964,0.32692758877475947,0.42267661406981116,0.33067029393966385,0.3530994832263591,0.3684199731361019,0.24896260434773998,0.32695280460173337,0.3735234676352375,0.32381417413531693,0.3251229282959928,0.2873866111604907,0.31903499456691614,0.3374856164304425,0.3780658289428093,0.4386932585235441,0.4573190386175549,0.3538609077763027,0.44014918832527505,0.4951445592653945
Epoch 0013 [Test seq (cond on sampled tp)] | Best Test MAPE 2.105910|Best Test RMSE 0.348473|
Experiment 09-06_00:21
Epoch 0014 [Train seq (cond on sampled tp)] | Loss 18.485549 | MAPE 6.257833 | RMSE 0.588944 | Likelihood -18.485549 | KL fp 0.0000 | FP STD 0.0000 | ->nfe    0.00 | <-nfe    0.00
Epoch 0014 [Val seq (cond on sampled tp)] |  MAPE 5.594520 | RMSE 0.600833 |
Epoch 0014 [Test seq (cond on sampled tp)] | MAPE 2.140392 | RMSE 0.353500| MAE 0.278282|
1.1413296461105347,0.9252299070358276,1.6916428804397583,1.975296139717102,2.1335179805755615,1.6397236585617065,1.08450448513031,2.3332059383392334,2.2882068157196045,1.6332457065582275,1.7125132083892822,1.414995551109314,5.15022087097168,1.057770013809204,1.1459722518920898,3.831552743911743,2.4296538829803467,1.4305447340011597,0.672785222530365,0.845763623714447,12.031899452209473,1.5707263946533203,1.0617175102233887,2.6150474548339844,2.646479368209839,1.2265517711639404,0.45409515500068665,3.4687840938568115,2.086125373840332,0.5126668214797974
0.24246215628257256,0.36229942297388085,0.3808311451940189,0.29843077077818536,0.38904599533922296,0.3056236947310645,0.31085121788334263,0.3065552197718624,0.2715940871266792,0.40668607195821405,0.3430779672048906,0.31551576036438916,0.44674727541941783,0.30094585621007974,0.3168913219506875,0.37640724780566837,0.2407750813500393,0.3617620388682501,0.41524493328749185,0.372130962244616,0.35025165740716235,0.3032183930961948,0.33287765107010586,0.32597502747500556,0.38047181976145256,0.4283077455582665,0.450817646163831,0.32117903196414505,0.47439959878180843,0.47363254507784813
Experiment 09-06_00:21
Epoch 0015 [Train seq (cond on sampled tp)] | Loss 18.480980 | MAPE 6.221124 | RMSE 0.588622 | Likelihood -18.480980 | KL fp 0.0000 | FP STD 0.0000 | ->nfe    0.00 | <-nfe    0.00
Epoch 0015 [Val seq (cond on sampled tp)] |  MAPE 5.586799 | RMSE 0.602464 |
Epoch 0015 [Test seq (cond on sampled tp)] | MAPE 2.209381 | RMSE 0.363252| MAE 0.287157|
1.27480149269104,1.0097694396972656,2.0044734477996826,1.9942940473556519,1.9491477012634277,1.6691333055496216,1.1544469594955444,2.3268136978149414,2.288536548614502,1.7608489990234375,1.7876553535461426,1.3396483659744263,5.302067756652832,1.1308040618896484,1.1678340435028076,3.397578001022339,2.4360954761505127,1.4379128217697144,0.6333578824996948,0.7794508934020996,13.993587493896484,1.6603368520736694,1.0742383003234863,2.512997627258301,2.852982521057129,1.2742010354995728,0.5000226497650146,2.8708276748657227,2.1463959217071533,0.5511784553527832
0.25658533612655193,0.3659936285584778,0.395044465097371,0.30305794682133824,0.40320735208520003,0.3151855350556434,0.31408250185153935,0.31024579982235245,0.2720446260243299,0.4366497735979425,0.3605753092851961,0.3095042883324768,0.46903550672026,0.31188051094659747,0.33233401014782954,0.3869192008496178,0.23615879897129782,0.3672972373121632,0.425384248908172,0.37994529386804327,0.3449209059877706,0.2994770906901623,0.3151146582230872,0.35174891509856016,0.406261994111461,0.4433516447090745,0.48375597745568566,0.3243778137312848,0.4736640998495397,0.503750503482993
Experiment 09-06_00:21
Epoch 0016 [Train seq (cond on sampled tp)] | Loss 18.482420 | MAPE 6.220929 | RMSE 0.588717 | Likelihood -18.482420 | KL fp 0.0000 | FP STD 0.0000 | ->nfe    0.00 | <-nfe    0.00
Epoch 0016 [Val seq (cond on sampled tp)] |  MAPE 5.569514 | RMSE 0.601551 |
Epoch 0016 [Test seq (cond on sampled tp)] | MAPE 2.192011 | RMSE 0.360714| MAE 0.284658|
1.2984615564346313,0.9539153575897217,2.2382149696350098,1.9598238468170166,1.8053194284439087,1.7410626411437988,1.1815955638885498,2.252924680709839,2.2742772102355957,1.8609896898269653,1.8059536218643188,1.32292640209198,5.287888526916504,1.211702585220337,1.1990094184875488,3.4105753898620605,2.4802050590515137,1.3736066818237305,0.5896764993667603,0.7078925967216492,13.849579811096191,1.5893563032150269,1.0445247888565063,2.3635904788970947,3.0067293643951416,1.2546409368515015,0.5063702464103699,2.5194597244262695,2.1260435581207275,0.5440149903297424
0.2552732787244868,0.34994479024930425,0.39004255741179183,0.306040547232315,0.39553998651445377,0.3096410989306803,0.31773044035036807,0.3048589908499089,0.2748767576625499,0.43616751000244236,0.3574629796473893,0.31328579335711504,0.4596060418386299,0.32224882833461677,0.34543480670556087,0.3834121056489723,0.23831342261071023,0.35426354719410813,0.40965762028678493,0.3619503952045288,0.33449039829839894,0.2926990539238344,0.30871440846402026,0.3549418264395052,0.40451429114187576,0.44690734972937524,0.4853846425501781,0.3364946712834349,0.4604542995912843,0.5110652915427696
Experiment 09-06_00:21
Epoch 0017 [Train seq (cond on sampled tp)] | Loss 18.487459 | MAPE 6.180204 | RMSE 0.589137 | Likelihood -18.487459 | KL fp 0.0000 | FP STD 0.0000 | ->nfe    0.00 | <-nfe    0.00
Epoch 0017 [Val seq (cond on sampled tp)] |  MAPE 5.607326 | RMSE 0.605196 |
Epoch 0017 [Test seq (cond on sampled tp)] | MAPE 2.316913 | RMSE 0.378191| MAE 0.300863|
1.523018479347229,1.1197535991668701,2.3541977405548096,2.0369677543640137,1.8242934942245483,1.7883104085922241,1.2312285900115967,2.3592147827148438,2.351339817047119,1.8977428674697876,1.8792922496795654,1.3328063488006592,5.516551971435547,1.22197425365448,1.1879256963729858,3.023721218109131,2.452740430831909,1.48283052444458,0.6104673743247986,0.7389001250267029,16.064010620117188,1.8025568723678589,1.1156612634658813,2.4617209434509277,3.028071165084839,1.3392293453216553,0.5466393828392029,2.4028968811035156,2.2190604209899902,0.5942527651786804
0.2773731511610112,0.3772020061898708,0.41440726268251343,0.3127652234870852,0.42283107011928883,0.3306688068407797,0.32288494133717643,0.32147669313692295,0.27953697768047725,0.4687468687588695,0.3828248002547961,0.3092344248857738,0.49557741583744463,0.32658543894023195,0.3506320933612138,0.40267861884041023,0.23945330982294463,0.3803329350694805,0.44167717915146004,0.3953596803155693,0.3457120150699974,0.30312870554281324,0.3031612217291668,0.3802712227355694,0.4351775309702697,0.4623917092023874,0.517580716108638,0.3321304958342481,0.4786634411511665,0.5352526389978556
Experiment 09-06_00:21
Epoch 0018 [Train seq (cond on sampled tp)] | Loss 18.498535 | MAPE 6.286764 | RMSE 0.589981 | Likelihood -18.498535 | KL fp 0.0000 | FP STD 0.0000 | ->nfe    0.00 | <-nfe    0.00
Epoch 0018 [Val seq (cond on sampled tp)] |  MAPE 5.601937 | RMSE 0.607067 |
Epoch 0018 [Test seq (cond on sampled tp)] | MAPE 2.432389 | RMSE 0.389264| MAE 0.311354|
1.7682666778564453,1.1734888553619385,2.9052605628967285,2.064358949661255,2.0765388011932373,2.000345468521118,1.3228739500045776,2.3376524448394775,2.7698891162872314,2.11104416847229,2.0754051208496094,1.3474291563034058,5.7036333084106445,1.367276906967163,1.2429933547973633,2.8055925369262695,2.5876314640045166,1.5064082145690918,0.5891472697257996,0.6910951733589172,17.518169403076172,1.8449053764343262,1.1185072660446167,2.242886543273926,3.3010334968566895,1.377018690109253,0.5881553292274475,1.672581434249878,2.24593186378479,0.6161463260650635
0.29422224819638065,0.3719918676469304,0.42583879904340455,0.327178555141333,0.4313178603366144,0.33979572307559636,0.33681377079154645,0.3278275003992273,0.2917758178262474,0.49219650684168853,0.3983585803092635,0.3182694945975914,0.5065857374449357,0.35113854807053296,0.3794761776062514,0.41282250411728105,0.2501403444464799,0.3795226284663879,0.44007277141601187,0.39125608963538583,0.33944595557610235,0.3037129000388762,0.29360673738656745,0.40476056474041777,0.45520132468245356,0.4814548298047875,0.5438678076708419,0.3537275616906174,0.4707919943083878,0.5647407775554809
Experiment 09-06_00:21
Epoch 0019 [Train seq (cond on sampled tp)] | Loss 18.518593 | MAPE 6.400393 | RMSE 0.591494 | Likelihood -18.518593 | KL fp 0.0000 | FP STD 0.0000 | ->nfe    0.00 | <-nfe    0.00
Epoch 0019 [Val seq (cond on sampled tp)] |  MAPE 5.620893 | RMSE 0.601882 |
Epoch 0019 [Test seq (cond on sampled tp)] | MAPE 2.199184 | RMSE 0.356346| MAE 0.280956|
1.2210884094238281,0.9540934562683105,1.5438028573989868,2.003688097000122,2.294801950454712,1.6272722482681274,1.0687519311904907,2.380145788192749,2.3164305686950684,1.5676296949386597,1.696653962135315,1.4564156532287598,5.170438766479492,0.9836810231208801,1.121308445930481,3.9277751445770264,2.401682138442993,1.482082486152649,0.721222996711731,0.9090548753738403,12.991064071655273,1.6047195196151733,1.081669807434082,2.764235258102417,2.553402900695801,1.2279289960861206,0.44230398535728455,3.8599650859832764,2.0909509658813477,0.5112728476524353
0.24540649302033507,0.3754554406774568,0.38422865601591705,0.2986617030058743,0.3946184307502559,0.31178717376137677,0.3106637291011319,0.3124073606507406,0.2733324257735754,0.40366633168337085,0.34450513087633255,0.3173801598071235,0.4519112543676158,0.2941116673373572,0.307394970755087,0.37974496806830893,0.24429438517454227,0.37269995571051256,0.42724429756876897,0.38589084513130834,0.36203251818293625,0.31187610335527544,0.34278136024122074,0.32179334308402124,0.3796707385095731,0.4250754009005998,0.445750055007161,0.3149270934171991,0.48661008573969605,0.46445160040192107
Experiment 09-06_00:21
Epoch 0020 [Train seq (cond on sampled tp)] | Loss 18.536340 | MAPE 6.329184 | RMSE 0.592861 | Likelihood -18.536340 | KL fp 0.0000 | FP STD 0.0000 | ->nfe    0.00 | <-nfe    0.00
Epoch 0020 [Val seq (cond on sampled tp)] |  MAPE 5.700469 | RMSE 0.598643 |
Epoch 0020 [Test seq (cond on sampled tp)] | MAPE 2.017844 | RMSE 0.341090| MAE 0.267624|
1.0877257585525513,0.926706075668335,1.8368676900863647,1.9423836469650269,1.9561331272125244,2.1283745765686035,1.1553878784179688,2.3011200428009033,2.401736259460449,1.7620387077331543,1.7435067892074585,1.713897943496704,4.452792644500732,1.4035422801971436,1.550589919090271,5.5241289138793945,2.6864328384399414,1.1336969137191772,0.5412025451660156,0.645025908946991,5.906562328338623,1.5887593030929565,1.1617474555969238,2.5626120567321777,3.0475566387176514,1.1812317371368408,0.3694297671318054,3.3511650562286377,2.025268793106079,0.44768449664115906
0.2406451891814338,0.2942260212944302,0.3386088219084031,0.34139602043486755,0.3304606934956433,0.2872970771948589,0.3577315442984845,0.30450547723354005,0.3237478329243541,0.3345814994193268,0.30440052896709324,0.38397356020035756,0.34017306847406986,0.360995825476563,0.37493069326177586,0.35694242328206804,0.3079412297649521,0.3016589968959454,0.31918513385709124,0.27146156819002676,0.3510919388714582,0.3197025213133803,0.38848147688835916,0.2989535847507172,0.3161558761865952,0.4266902075670856,0.37799672954017466,0.4035001820123066,0.43181276988215533,0.4434460458610816
1.0877257585525513,0.926706075668335,1.8368676900863647,1.9423836469650269,1.9561331272125244,2.1283745765686035,1.1553878784179688,2.3011200428009033,2.401736259460449,1.7620387077331543,1.7435067892074585,1.713897943496704,4.452792644500732,1.4035422801971436,1.550589919090271,5.5241289138793945,2.6864328384399414,1.1336969137191772,0.5412025451660156,0.645025908946991,5.906562328338623,1.5887593030929565,1.1617474555969238,2.5626120567321777,3.0475566387176514,1.1812317371368408,0.3694297671318054,3.3511650562286377,2.025268793106079,0.44768449664115906
0.2406451891814338,0.2942260212944302,0.3386088219084031,0.34139602043486755,0.3304606934956433,0.2872970771948589,0.3577315442984845,0.30450547723354005,0.3237478329243541,0.3345814994193268,0.30440052896709324,0.38397356020035756,0.34017306847406986,0.360995825476563,0.37493069326177586,0.35694242328206804,0.3079412297649521,0.3016589968959454,0.31918513385709124,0.27146156819002676,0.3510919388714582,0.3197025213133803,0.38848147688835916,0.2989535847507172,0.3161558761865952,0.4266902075670856,0.37799672954017466,0.4035001820123066,0.43181276988215533,0.4434460458610816
Epoch 0020 [Test seq (cond on sampled tp)] | Best Test MAPE 2.017844|Best Test RMSE 0.341090|
Experiment 09-06_00:21
Epoch 0021 [Train seq (cond on sampled tp)] | Loss 18.497484 | MAPE 6.144283 | RMSE 0.589894 | Likelihood -18.497484 | KL fp 0.0000 | FP STD 0.0000 | ->nfe    0.00 | <-nfe    0.00
Epoch 0021 [Val seq (cond on sampled tp)] |  MAPE 5.623259 | RMSE 0.597675 |
Epoch 0021 [Test seq (cond on sampled tp)] | MAPE 2.023328 | RMSE 0.340044| MAE 0.266141|
1.01035475730896,0.8346835374832153,2.0857648849487305,1.8995795249938965,1.780164122581482,2.0355823040008545,1.176576852798462,2.14695405960083,2.2880709171295166,1.8523272275924683,1.758026361465454,1.5457448959350586,4.678136825561523,1.406596302986145,1.40303373336792,4.798162937164307,2.6112172603607178,1.1420220136642456,0.5153454542160034,0.5961673855781555,8.258528709411621,1.497835636138916,1.0975490808486938,2.332167863845825,3.159222364425659,1.1672977209091187,0.41224920749664307,2.760870933532715,2.0090510845184326,0.44054344296455383
0.23560074716811394,0.29171162780992255,0.3460281805093339,0.3267333514628191,0.340136949625082,0.2829555349987257,0.3423681553055127,0.2932510287648113,0.30370516020256844,0.365237128915451,0.31367171680641226,0.35930522987786123,0.3687523712469897,0.35083382643659705,0.36957911530201826,0.3570804528654728,0.28128874035098883,0.3006781488057526,0.329882377502263,0.2786340785295268,0.33143970302674713,0.2993634857440252,0.3545887713047074,0.3146498639236027,0.3401971492264403,0.4314260337739394,0.4127928683964662,0.3858338645446669,0.4250963459481066,0.4684846762936831
Experiment 09-06_00:21
Epoch 0022 [Train seq (cond on sampled tp)] | Loss 18.478972 | MAPE 6.160941 | RMSE 0.588500 | Likelihood -18.478972 | KL fp 0.0000 | FP STD 0.0000 | ->nfe    0.00 | <-nfe    0.00
Epoch 0022 [Val seq (cond on sampled tp)] |  MAPE 5.544589 | RMSE 0.598784 |
Epoch 0022 [Test seq (cond on sampled tp)] | MAPE 2.093302 | RMSE 0.347167| MAE 0.272356|
1.1397842168807983,0.8344492316246033,2.205012321472168,1.8991026878356934,1.76384437084198,1.8523805141448975,1.1705607175827026,2.14916729927063,2.242725133895874,1.874979853630066,1.7457841634750366,1.3602837324142456,5.014577865600586,1.2936373949050903,1.238020896911621,3.894476890563965,2.506070852279663,1.2525113821029663,0.5520417094230652,0.6492130160331726,11.50666618347168,1.4598652124404907,1.038719654083252,2.30399751663208,3.067196846008301,1.2047040462493896,0.46582964062690735,2.572064161300659,2.0494225025177,0.4919711649417877
0.239471519161991,0.31962545493850286,0.3672328677456301,0.30882766163890385,0.36818933779624174,0.29195019729448835,0.32250502970565853,0.293258625310181,0.2802280429138524,0.404480675828692,0.3344450779147044,0.327319154748577,0.419617067648986,0.32968047979754084,0.35133393593110035,0.36760588408353895,0.24925138475086997,0.3262013861731401,0.3721968067840862,0.3226860771524645,0.32603866461000436,0.2881241983125336,0.3214354949538542,0.3338472296677968,0.3745356108244888,0.43677220094216335,0.4532927498579941,0.353151249542899,0.4403806434949732,0.49133672298187797
Experiment 09-06_00:21
Epoch 0023 [Train seq (cond on sampled tp)] | Loss 18.466422 | MAPE 6.137189 | RMSE 0.587527 | Likelihood -18.466422 | KL fp 0.0000 | FP STD 0.0000 | ->nfe    0.00 | <-nfe    0.00
Epoch 0023 [Val seq (cond on sampled tp)] |  MAPE 5.575862 | RMSE 0.599379 |
Epoch 0023 [Test seq (cond on sampled tp)] | MAPE 2.090204 | RMSE 0.346941| MAE 0.272391|
1.0710176229476929,0.8590134978294373,1.8157650232315063,1.9348516464233398,2.014631986618042,1.7143993377685547,1.1043487787246704,2.243222951889038,2.269535541534424,1.6971648931503296,1.6983476877212524,1.4094189405441284,5.031991958618164,1.1400865316390991,1.178525447845459,3.9504997730255127,2.447341203689575,1.3444063663482666,0.6278865337371826,0.7730987668037415,11.09866714477539,1.4851207733154297,1.0492385625839233,2.513713836669922,2.782409906387329,1.2060153484344482,0.44616276025772095,3.2548704147338867,2.0510284900665283,0.4933299124240875
0.23551859013668652,0.3422067419067992,0.3695711319997677,0.3006206430448581,0.3749510812641307,0.2957941255422029,0.3138073871950476,0.2980496107703325,0.2738552988802108,0.3959241583005699,0.33274824480328985,0.3212459848390503,0.42770373439344744,0.3094180000169256,0.327078957082949,0.3682391547971159,0.24426659195368844,0.343804214277147,0.3930680553330605,0.3475653926123281,0.34092083516987953,0.2966372767880599,0.3315908428341877,0.3209441632449208,0.3692319444194838,0.4266498175879151,0.4416987201317607,0.33347313775382587,0.4596204368016207,0.47201361988508883
Experiment 09-06_00:21
Epoch 0024 [Train seq (cond on sampled tp)] | Loss 18.464333 | MAPE 6.114242 | RMSE 0.587370 | Likelihood -18.464333 | KL fp 0.0000 | FP STD 0.0000 | ->nfe    0.00 | <-nfe    0.00
Epoch 0024 [Val seq (cond on sampled tp)] |  MAPE 5.665082 | RMSE 0.598790 |
Epoch 0024 [Test seq (cond on sampled tp)] | MAPE 2.091140 | RMSE 0.339971| MAE 0.266180|
1.0187844038009644,0.85661381483078,1.38813316822052,1.968172311782837,2.303541898727417,1.8515132665634155,1.0627437829971313,2.284559965133667,2.3777835369110107,1.563232421875,1.6523070335388184,1.6417336463928223,4.699081897735596,1.1212432384490967,1.2474242448806763,5.097027778625488,2.5113584995269775,1.31157386302948,0.6794869899749756,0.8469128012657166,9.086566925048828,1.5302625894546509,1.126573920249939,2.7763381004333496,2.6420540809631348,1.164573311805725,0.3618394434452057,4.159602165222168,1.9804563522338867,0.42271190881729126
0.22864567080313106,0.33714963997387887,0.3491469900490408,0.3144472844310018,0.3519398147995998,0.2910886199343507,0.32954019808388735,0.3043837378029043,0.29614894322334456,0.3408591130859152,0.30816295589248816,0.3534257785158743,0.38073941811442524,0.31600313055850815,0.3250145051543604,0.3586408122975483,0.2780698485823531,0.3358804632160674,0.3711706784469341,0.329834594274221,0.36221232097976885,0.31842982208983617,0.37847580990660884,0.2842158789382215,0.3240326726607956,0.41011266930973794,0.38049535717055244,0.3543072683204143,0.46317773276796503,0.4233712929348515
Experiment 09-06_00:21
Epoch 0025 [Train seq (cond on sampled tp)] | Loss 18.470682 | MAPE 6.081352 | RMSE 0.587866 | Likelihood -18.470682 | KL fp 0.0000 | FP STD 0.0000 | ->nfe    0.00 | <-nfe    0.00
Epoch 0025 [Val seq (cond on sampled tp)] |  MAPE 5.601551 | RMSE 0.597672 |
Epoch 0025 [Test seq (cond on sampled tp)] | MAPE 2.023721 | RMSE 0.338702| MAE 0.264983|
0.959967851638794,0.8290647864341736,1.8681949377059937,1.8995587825775146,1.9159297943115234,1.8678563833236694,1.1218953132629395,2.161449909210205,2.276096820831299,1.7413653135299683,1.6995739936828613,1.4996130466461182,4.78959321975708,1.2764915227890015,1.268394112586975,4.533304214477539,2.5316085815429688,1.224671721458435,0.571820080280304,0.6823115944862366,8.901366233825684,1.4807676076889038,1.0840578079223633,2.4401919841766357,2.9462153911590576,1.1740063428878784,0.4120821952819824,3.1008622646331787,2.0037496089935303,0.4495728313922882
0.22889405891841963,0.31142624920498563,0.35049708310966443,0.31234849595113384,0.3496305896140369,0.2838063491418552,0.3274629931070816,0.2920302044159371,0.28881059444304896,0.3681049451238827,0.3149346402646525,0.34273666880187625,0.38709471951023977,0.3289951639211305,0.3460275668548767,0.35757774331337294,0.26446684628477246,0.31641227810615713,0.3536051220651801,0.3057803338085361,0.33532455993253174,0.296997960877563,0.34732098433157604,0.3082114277774094,0.34347813866525995,0.42369859887247746,0.41435886069695654,0.36153047411566075,0.4392308499553485,0.4602671452363883
Experiment 09-06_00:21
Epoch 0026 [Train seq (cond on sampled tp)] | Loss 18.462609 | MAPE 6.098032 | RMSE 0.587237 | Likelihood -18.462609 | KL fp 0.0000 | FP STD 0.0000 | ->nfe    0.00 | <-nfe    0.00
Epoch 0026 [Val seq (cond on sampled tp)] |  MAPE 5.564528 | RMSE 0.598486 |
Epoch 0026 [Test seq (cond on sampled tp)] | MAPE 2.067114 | RMSE 0.343410| MAE 0.269181|
1.032815933227539,0.8428376317024231,1.8841538429260254,1.9158910512924194,1.9485595226287842,1.7773799896240234,1.1163315773010254,2.199477195739746,2.2669761180877686,1.7366559505462646,1.6885231733322144,1.4107131958007812,4.949194431304932,1.2035859823226929,1.205836296081543,4.106219291687012,2.4786386489868164,1.286807656288147,0.5986388325691223,0.7251823544502258,10.536980628967285,1.466888427734375,1.0619205236434937,2.4517550468444824,2.873727560043335,1.193157434463501,0.4386623203754425,3.1048707962036133,2.0331103801727295,0.4779258966445923
0.23212698653618516,0.3286009243459929,0.3625394158474138,0.30411574931486585,0.3655242381676093,0.290208246998296,0.3179565642925072,0.294197937142643,0.27777856671035844,0.3882891049732259,0.32654132591850554,0.3271873678700819,0.41400550953912324,0.3169961892637513,0.3353304701377786,0.36386514725576397,0.24936688245023664,0.3317204535463481,0.37768761819815216,0.33068958055573144,0.3357065427098823,0.2938883526639327,0.3337339499718359,0.31767589241914773,0.36136932138199135,0.42635901212171795,0.43472271936318463,0.34372584301423925,0.44971274704671244,0.4706693613439685
Experiment 09-06_00:21
Epoch 0027 [Train seq (cond on sampled tp)] | Loss 18.461491 | MAPE 6.101694 | RMSE 0.587144 | Likelihood -18.461491 | KL fp 0.0000 | FP STD 0.0000 | ->nfe    0.00 | <-nfe    0.00
Epoch 0027 [Val seq (cond on sampled tp)] |  MAPE 5.627695 | RMSE 0.598449 |
Epoch 0027 [Test seq (cond on sampled tp)] | MAPE 2.068014 | RMSE 0.339427| MAE 0.265638|
0.9945504069328308,0.8483141660690308,1.5193477869033813,1.944251537322998,2.1966912746429443,1.7962408065795898,1.0660799741744995,2.2506351470947266,2.332843065261841,1.5903023481369019,1.646360993385315,1.5656931400299072,4.766200542449951,1.1361407041549683,1.208486795425415,4.757765293121338,2.4884958267211914,1.3066173791885376,0.657902181148529,0.8117986917495728,9.3326997756958,1.5090821981430054,1.1061474084854126,2.674907684326172,2.6930296421051025,1.1673610210418701,0.38262367248535156,3.8569469451904297,1.99384605884552,0.4390515089035034
0.22704834475286692,0.333988278907134,0.35174731588932406,0.3090448944778199,0.35480789964282966,0.28927880004326684,0.32380864046790075,0.2997619648168867,0.2885290843180389,0.3537420106464152,0.3118843331975842,0.3435632024754016,0.3901692020037042,0.3136859206573926,0.32502476341098696,0.35852404064377025,0.2671846573661704,0.33383254453812183,0.37266179126642296,0.32957022149343707,0.35331867063698613,0.30949317861675396,0.3642371941425007,0.2923058576100364,0.3339156029818921,0.41312159391144654,0.3956220862053814,0.3482852560423053,0.4587751358016643,0.4358894130204366
Experiment 09-06_00:21
Epoch 0028 [Train seq (cond on sampled tp)] | Loss 18.467731 | MAPE 6.100947 | RMSE 0.587627 | Likelihood -18.467731 | KL fp 0.0000 | FP STD 0.0000 | ->nfe    0.00 | <-nfe    0.00
Epoch 0028 [Val seq (cond on sampled tp)] |  MAPE 5.553556 | RMSE 0.598453 |
Epoch 0028 [Test seq (cond on sampled tp)] | MAPE 2.079498 | RMSE 0.345185| MAE 0.270593|
1.1122254133224487,0.8282482624053955,2.1878671646118164,1.8976198434829712,1.7653433084487915,1.8648552894592285,1.1667231321334839,2.1418979167938232,2.247390031814575,1.8610399961471558,1.7328922748565674,1.3833301067352295,4.962574481964111,1.3034229278564453,1.2464252710342407,4.006418704986572,2.515040874481201,1.2350808382034302,0.5494301319122314,0.6440626382827759,11.058904647827148,1.4595615863800049,1.0458883047103882,2.3022301197052,3.0700573921203613,1.1962668895721436,0.45661067962646484,2.6226141452789307,2.0380470752716064,0.4828665852546692
0.23731622550135797,0.3155090421175897,0.3633423620525415,0.3098514135031463,0.3635877116463775,0.28958051249047273,0.32383369652679805,0.2919241784547035,0.28205974889250834,0.39810658719228953,0.33038364468874987,0.33046038912393927,0.4121756839287704,0.3310763484203783,0.3520851700450835,0.36523311023187177,0.2523705772335454,0.32221467742477217,0.3663320519124379,0.31659320912057487,0.32626190770367564,0.2886734096501793,0.3253874798058294,0.32985198722178294,0.3686874878154726,0.4348954088433606,0.44681404671752806,0.35619238672018505,0.4381091781349655,0.48663545572398703
Experiment 09-06_00:21
Epoch 0029 [Train seq (cond on sampled tp)] | Loss 18.463064 | MAPE 6.108886 | RMSE 0.587279 | Likelihood -18.463064 | KL fp 0.0000 | FP STD 0.0000 | ->nfe    0.00 | <-nfe    0.00
Epoch 0029 [Val seq (cond on sampled tp)] |  MAPE 5.583948 | RMSE 0.597843 |
Epoch 0029 [Test seq (cond on sampled tp)] | MAPE 2.048156 | RMSE 0.341467| MAE 0.267321|
1.046226978302002,0.8241940140724182,2.145244598388672,1.892020344734192,1.7668671607971191,1.9201685190200806,1.1651192903518677,2.1266636848449707,2.26206374168396,1.8597161769866943,1.7369325160980225,1.453389286994934,4.837741374969482,1.344141960144043,1.2816145420074463,4.35030460357666,2.54997181892395,1.194465160369873,0.5359097719192505,0.6219112277030945,9.782865524291992,1.4711893796920776,1.0677422285079956,2.3101816177368164,3.101588010787964,1.180098533630371,0.4346963167190552,2.7032792568206787,2.016822576522827,0.4615495204925537
0.2341367384696528,0.3038269998731156,0.3545011829254257,0.31545733398595294,0.3520229714847124,0.2848982885256088,0.3303576532934362,0.2909188077516933,0.28985416414208814,0.38256672345793336,0.3214277646361171,0.34177647121018756,0.392439537827981,0.33792686268083616,0.35798841924423797,0.3600651499619759,0.26307201674347785,0.31156451154803694,0.3494645356793425,0.29921707073168735,0.32688682686104537,0.2914562473922336,0.3370297772265262,0.32136687753888926,0.35467663214750245,0.43177920917382906,0.4307626624346739,0.36786414763412084,0.4312418999118544,0.4774688325816099
Experiment 09-06_00:21
Epoch 0030 [Train seq (cond on sampled tp)] | Loss 18.460649 | MAPE 6.092574 | RMSE 0.587089 | Likelihood -18.460649 | KL fp 0.0000 | FP STD 0.0000 | ->nfe    0.00 | <-nfe    0.00
Epoch 0030 [Val seq (cond on sampled tp)] |  MAPE 5.577428 | RMSE 0.597877 |
Epoch 0030 [Test seq (cond on sampled tp)] | MAPE 2.047094 | RMSE 0.341039| MAE 0.266990|
1.0078340768814087,0.826889157295227,2.0018155574798584,1.8952738046646118,1.8568382263183594,1.8536814451217651,1.1402186155319214,2.149756908416748,2.262810707092285,1.7925918102264404,1.7108101844787598,1.446667194366455,4.872109413146973,1.286464810371399,1.2457349300384521,4.280873775482178,2.519238233566284,1.2268774509429932,0.5631930232048035,0.6694895625114441,9.892215728759766,1.4655399322509766,1.0652967691421509,2.3690435886383057,2.9919567108154297,1.182651162147522,0.4318271577358246,2.9209582805633545,2.0188276767730713,0.4653417766094208
0.231503772997852,0.31321315453395465,0.35604455444849337,0.3101763764392452,0.3556575064392662,0.28564232719418764,0.3246581420806584,0.29144410457649644,0.2844774318494575,0.3818170294019206,0.32154958534071626,0.3361940845632579,0.39873388897626905,0.32842781081639283,0.34749892243211383,0.36032067143222274,0.25760782671646093,0.31879362667945227,0.35970239653177405,0.3109323160899126,0.330484895785213,0.29249277232279836,0.3365648311721981,0.3172385489439062,0.3548650540835572,0.4280353514931638,0.4290687093542434,0.35780961730995203,0.43836083191143604,0.4718604205576052
Experiment 09-06_00:21
Epoch 0031 [Train seq (cond on sampled tp)] | Loss 18.459525 | MAPE 6.089960 | RMSE 0.587000 | Likelihood -18.459525 | KL fp 0.0000 | FP STD 0.0000 | ->nfe    0.00 | <-nfe    0.00
Epoch 0031 [Val seq (cond on sampled tp)] |  MAPE 5.583064 | RMSE 0.597912 |
Epoch 0031 [Test seq (cond on sampled tp)] | MAPE 2.043102 | RMSE 0.340242| MAE 0.266352|
0.9911440014839172,0.8317022323608398,1.8860077857971191,1.907278299331665,1.9370434284210205,1.8229223489761353,1.1188714504241943,2.1775577068328857,2.273512125015259,1.7364777326583862,1.6922268867492676,1.4616224765777588,4.8577656745910645,1.2398300170898438,1.2291234731674194,4.359261512756348,2.5056352615356445,1.2524539232254028,0.5864370465278625,0.7023692727088928,9.62137222290039,1.4729551076889038,1.0732831954956055,2.4411590099334717,2.909359931945801,1.1797736883163452,0.42255720496177673,3.1270196437835693,2.0148706436157227,0.4614766836166382
0.22941882807456748,0.31890036832178714,0.3552167649074785,0.3081194213996678,0.3561710086049702,0.2860259028872375,0.32270625652895185,0.2923296760992194,0.283213740182759,0.3764136609859751,0.3195020611029395,0.33540039595635734,0.39856828151372126,0.32284805379023657,0.34031382748753874,0.35962599820955476,0.2572431201283612,0.3229485990773852,0.3642960801873647,0.3168134894288793,0.33534057945790996,0.2951651952588566,0.34108445171031804,0.311517470251828,0.350937796921235,0.4240955792191482,0.4226553375741978,0.3528514228515619,0.44369583135064744,0.463839769055007
Experiment 09-06_00:21
Epoch 0032 [Train seq (cond on sampled tp)] | Loss 18.459948 | MAPE 6.091572 | RMSE 0.587043 | Likelihood -18.459948 | KL fp 0.0000 | FP STD 0.0000 | ->nfe    0.00 | <-nfe    0.00
Epoch 0032 [Val seq (cond on sampled tp)] |  MAPE 5.584641 | RMSE 0.598047 |
Epoch 0032 [Test seq (cond on sampled tp)] | MAPE 2.041826 | RMSE 0.340299| MAE 0.266412|
0.9912976026535034,0.8366686105728149,1.8121678829193115,1.9142472743988037,1.9937357902526855,1.7935765981674194,1.1032215356826782,2.1935787200927734,2.273225784301758,1.7015997171401978,1.6726653575897217,1.4713484048843384,4.86722993850708,1.2056307792663574,1.2133766412734985,4.359970569610596,2.4935100078582764,1.2730450630187988,0.6029986143112183,0.7312573194503784,9.515546798706055,1.4777597188949585,1.0761299133300781,2.487412691116333,2.840934991836548,1.181265115737915,0.4177142381668091,3.27748966217041,2.0146989822387695,0.461485356092453
0.2287131132678777,0.3242788374039916,0.35579052708207226,0.30640266077875833,0.3579400272576575,0.28714879083280864,0.3206846703482767,0.29365719333573076,0.2819946682735399,0.3743525120663238,0.3189398499375534,0.33414574678717474,0.4006544964922088,0.31829538462831447,0.3346081201822398,0.36021337986961854,0.25632004362073213,0.32720067760087246,0.3692707861652353,0.3226396182301923,0.33877045407778467,0.2972448579850374,0.3434029149039243,0.30849625459759206,0.34960930041093935,0.42188621435448453,0.4199572526090437,0.3485824270730607,0.4483952645273383,0.45938339744729534
Experiment 09-06_00:21
Epoch 0033 [Train seq (cond on sampled tp)] | Loss 18.460888 | MAPE 6.092433 | RMSE 0.587107 | Likelihood -18.460888 | KL fp 0.0000 | FP STD 0.0000 | ->nfe    0.00 | <-nfe    0.00
Epoch 0033 [Val seq (cond on sampled tp)] |  MAPE 5.582265 | RMSE 0.598041 |
Epoch 0033 [Test seq (cond on sampled tp)] | MAPE 2.040989 | RMSE 0.340484| MAE 0.266556|
0.9895213842391968,0.8384042978286743,1.787089228630066,1.9125560522079468,1.999013066291809,1.7888729572296143,1.1012139320373535,2.198894739151001,2.2785017490386963,1.6929965019226074,1.6701319217681885,1.467134714126587,4.869381904602051,1.196657419204712,1.211053490638733,4.354008197784424,2.4882233142852783,1.2784619331359863,0.6082944869995117,0.7374079823493958,9.510254859924316,1.4778289794921875,1.0746995210647583,2.4962732791900635,2.829110860824585,1.1805590391159058,0.41799306869506836,3.296639919281006,2.016350507736206,0.46214157342910767
0.22876816024766786,0.32562942855151866,0.3566104454148482,0.3056450859248591,0.35864158095291937,0.2875478212348979,0.3202651500595092,0.29384413590609226,0.28151293226183216,0.37470161964976606,0.3192763316669969,0.33346312822134816,0.40167028116180126,0.3172333115816952,0.3336446160480748,0.3604244168868676,0.2556007038639195,0.32847385934785106,0.3709876460925811,0.32466278922045677,0.3392444566240055,0.2975779292676086,0.3433685136605263,0.308382166988339,0.350114159614045,0.42134224843764373,0.420161369692592,0.3473651717560559,0.4493567876613639,0.4590080092817977
Experiment 09-06_00:21
Epoch 0034 [Train seq (cond on sampled tp)] | Loss 18.461167 | MAPE 6.092186 | RMSE 0.587136 | Likelihood -18.461167 | KL fp 0.0000 | FP STD 0.0000 | ->nfe    0.00 | <-nfe    0.00
Epoch 0034 [Val seq (cond on sampled tp)] |  MAPE 5.580675 | RMSE 0.597981 |
Epoch 0034 [Test seq (cond on sampled tp)] | MAPE 2.041910 | RMSE 0.340537| MAE 0.266620|
0.9930798411369324,0.8326740264892578,1.847068190574646,1.9098056554794312,1.9627124071121216,1.8022326231002808,1.1107356548309326,2.188042163848877,2.276376962661743,1.7212562561035156,1.6804234981536865,1.4589900970458984,4.8714919090271,1.218427300453186,1.220378041267395,4.32416296005249,2.4943935871124268,1.264646291732788,0.5967439413070679,0.7198314666748047,9.617203712463379,1.4738210439682007,1.072584629058838,2.46730637550354,2.8685414791107178,1.1812549829483032,0.42191001772880554,3.180267810821533,2.0178256034851074,0.46311452984809875
0.2291829562177596,0.32277934425745,0.3563337177489241,0.30661187978729443,0.3578854873711488,0.28709089777650665,0.3209373613039662,0.29315159496047205,0.28200547425472455,0.3767454336138983,0.3200118235363264,0.3337005055799818,0.4012823084720804,0.3198334088351916,0.3370491752049091,0.36012089073725845,0.2557907449245131,0.32584291418840367,0.3681657421771925,0.3213588905399447,0.3367837073208233,0.2958270953196803,0.3412689273252303,0.31066516806473987,0.3513099611085756,0.4231457292727765,0.4224754757789151,0.34975083115992245,0.4465708437781466,0.4624314424891643
Experiment 09-06_00:21
Epoch 0035 [Train seq (cond on sampled tp)] | Loss 18.460941 | MAPE 6.092485 | RMSE 0.587106 | Likelihood -18.460941 | KL fp 0.0000 | FP STD 0.0000 | ->nfe    0.00 | <-nfe    0.00
Epoch 0035 [Val seq (cond on sampled tp)] |  MAPE 5.577710 | RMSE 0.597941 |
Epoch 0035 [Test seq (cond on sampled tp)] | MAPE 2.045897 | RMSE 0.340723| MAE 0.266742|
0.9973061680793762,0.8305327296257019,1.9170849323272705,1.9032933712005615,1.8996928930282593,1.8304443359375,1.1267988681793213,2.1664605140686035,2.267826557159424,1.7600650787353516,1.6962822675704956,1.451054334640503,4.866923809051514,1.252978801727295,1.23331880569458,4.300539970397949,2.509082317352295,1.2454686164855957,0.5781643390655518,0.6900629997253418,9.830618858337402,1.4695582389831543,1.0689164400100708,2.4156548976898193,2.9379165172576904,1.181877851486206,0.4275871813297272,3.0379271507263184,2.018843650817871,0.46464020013809204
0.23027076137239844,0.31751679160177537,0.35606033228649087,0.3082878914846089,0.356761844085532,0.2861591366060625,0.3227589963202839,0.29205599696835705,0.28308748975696413,0.379551407085188,0.3207700531757148,0.33477792661625544,0.39988745730386355,0.32439900178990905,0.3425843676495247,0.3602070092036611,0.2565138795622143,0.3219699427936078,0.3636103954037768,0.3155873498083508,0.33334740469954904,0.2937741335633932,0.338607732733199,0.3142404488649945,0.35334192930005337,0.42576910579056104,0.42618319586412406,0.353832482235107,0.4422032747723677,0.4675703941987247
Experiment 09-06_00:21
Epoch 0036 [Train seq (cond on sampled tp)] | Loss 18.460125 | MAPE 6.094757 | RMSE 0.587054 | Likelihood -18.460125 | KL fp 0.0000 | FP STD 0.0000 | ->nfe    0.00 | <-nfe    0.00
Epoch 0036 [Val seq (cond on sampled tp)] |  MAPE 5.579298 | RMSE 0.597864 |
Epoch 0036 [Test seq (cond on sampled tp)] | MAPE 2.044421 | RMSE 0.340691| MAE 0.266691|
0.9994593858718872,0.8282907009124756,1.9627312421798706,1.899717926979065,1.880005121231079,1.8458749055862427,1.1338917016983032,2.1562106609344482,2.2658889293670654,1.7736201286315918,1.7025794982910156,1.4487038850784302,4.861243724822998,1.2705966234207153,1.2408791780471802,4.302102565765381,2.519073963165283,1.235196828842163,0.5698522329330444,0.6757332682609558,9.788896560668945,1.4683328866958618,1.0677787065505981,2.394788980484009,2.9713761806488037,1.1807211637496948,0.4284869432449341,2.978761911392212,2.0180933475494385,0.46373218297958374
0.23081122023627682,0.31473030289804926,0.35562557910945786,0.30946871898550427,0.3557367676816022,0.28568757865819555,0.3241366546748116,0.2914799691600621,0.284270072275282,0.3797545817263907,0.32074251618355115,0.3359666523371618,0.39836108653031355,0.32675357731493165,0.3452618686961801,0.36007052992302857,0.25764222735572334,0.3198433440801731,0.36080661976904405,0.3123421150954769,0.3319656419447836,0.2933293348797563,0.33818095748979804,0.3153229405855103,0.353354401470153,0.42669658090671214,0.42670043978662847,0.35640057844827894,0.4401129960598369,0.4691752412271075
Experiment 09-06_00:21
Epoch 0037 [Train seq (cond on sampled tp)] | Loss 18.459724 | MAPE 6.095410 | RMSE 0.587020 | Likelihood -18.459724 | KL fp 0.0000 | FP STD 0.0000 | ->nfe    0.00 | <-nfe    0.00
Epoch 0037 [Val seq (cond on sampled tp)] |  MAPE 5.579358 | RMSE 0.597866 |
Epoch 0037 [Test seq (cond on sampled tp)] | MAPE 2.043364 | RMSE 0.340586| MAE 0.266616|
0.9996747374534607,0.8277568817138672,1.9433341026306152,1.9013177156448364,1.8854607343673706,1.8385725021362305,1.130875825881958,2.161421060562134,2.265458345413208,1.7652299404144287,1.70187246799469,1.4519435167312622,4.859018802642822,1.2634769678115845,1.237903356552124,4.319958686828613,2.513716459274292,1.238757848739624,0.5724371075630188,0.6816160678863525,9.750105857849121,1.4683619737625122,1.0685168504714966,2.404658794403076,2.9600470066070557,1.1805511713027954,0.4273172616958618,3.000627040863037,2.0176198482513428,0.4633135497570038
0.23057777444619343,0.3155017569677397,0.3555119456780363,0.3091685338276693,0.355714314915431,0.28567906358438816,0.32373949041209465,0.29174006622763377,0.2839479714296804,0.37920943646022,0.32059194424164633,0.33578119411973945,0.3984355739472155,0.32601959419896626,0.3444174009691101,0.3600532309927138,0.25747556054235493,0.32044900916129837,0.3614507312506581,0.3132520804773764,0.332634747635811,0.293549432663068,0.3386526940533873,0.31456157638562765,0.3528557937015331,0.4261546466257628,0.4259498682276458,0.35548679599438066,0.4407454413980469,0.4682699765619868
Experiment 09-06_00:21
Epoch 0038 [Train seq (cond on sampled tp)] | Loss 18.459539 | MAPE 6.094602 | RMSE 0.587004 | Likelihood -18.459539 | KL fp 0.0000 | FP STD 0.0000 | ->nfe    0.00 | <-nfe    0.00
Epoch 0038 [Val seq (cond on sampled tp)] |  MAPE 5.581550 | RMSE 0.597887 |
Epoch 0038 [Test seq (cond on sampled tp)] | MAPE 2.043026 | RMSE 0.340452| MAE 0.266514|
0.9953516721725464,0.8303541541099548,1.917223572731018,1.904293179512024,1.9153445959091187,1.8291983604431152,1.1246577501296997,2.16507887840271,2.2729203701019287,1.7552735805511475,1.6951133012771606,1.4560096263885498,4.85927677154541,1.2516528367996216,1.2337995767593384,4.3255157470703125,2.5118117332458496,1.2451648712158203,0.5793935060501099,0.6920190453529358,9.689040184020996,1.4705854654312134,1.0692113637924194,2.424588680267334,2.9326460361480713,1.180703043937683,0.42528602480888367,3.0583527088165283,2.0180718898773193,0.46282920241355896
0.2300183615274577,0.3173334053904154,0.35559077840713793,0.30850130217461297,0.3561475790597834,0.2859383009810772,0.32308088121319156,0.2921247914794648,0.2834330973341078,0.37806699165984325,0.32012519942772316,0.33530695090275114,0.39878794274335005,0.3243603224915757,0.3423117764688019,0.35973520471317877,0.2572139670286839,0.32181764156407516,0.3631169347474719,0.31524062026406824,0.3337743109696166,0.2942490766578843,0.3395349919639163,0.31321326157801227,0.3521181378100472,0.4251617159031201,0.4245216742296613,0.35408833516365446,0.44225853528012543,0.46637571161379954
Experiment 09-06_00:21
Epoch 0039 [Train seq (cond on sampled tp)] | Loss 18.459569 | MAPE 6.092680 | RMSE 0.587007 | Likelihood -18.459569 | KL fp 0.0000 | FP STD 0.0000 | ->nfe    0.00 | <-nfe    0.00
Epoch 0039 [Val seq (cond on sampled tp)] |  MAPE 5.581247 | RMSE 0.597924 |
Epoch 0039 [Test seq (cond on sampled tp)] | MAPE 2.043729 | RMSE 0.340542| MAE 0.266605|
0.9954697489738464,0.8306236267089844,1.900730848312378,1.9030628204345703,1.9208301305770874,1.8228281736373901,1.1228349208831787,2.1721816062927246,2.271981716156006,1.7490973472595215,1.6921780109405518,1.457145094871521,4.860896110534668,1.2469482421875,1.2311946153640747,4.3192138671875,2.5031352043151855,1.2496745586395264,0.5816547274589539,0.696215033531189,9.733327865600586,1.4712053537368774,1.0696574449539185,2.4263055324554443,2.9210546016693115,1.1810886859893799,0.42532041668891907,3.074829578399658,2.017787218093872,0.4633960723876953
0.2299557326310832,0.3183047475928755,0.3559359739168724,0.30806644875752204,0.3565898027590202,0.28615736611900444,0.32264525277005945,0.29233314229864,0.28309271403092706,0.3781788125642407,0.3202431417597425,0.33495713390270515,0.39946934846685356,0.3237109171168939,0.3413280214120503,0.360070757534993,0.2567734297775215,0.3225713493465209,0.36405953745803116,0.3163809825085912,0.3342222069645777,0.2944303547189169,0.3395564081286965,0.31306178141957175,0.3522451237347104,0.42509285809968006,0.424728579664181,0.3531877040049015,0.44296894443514423,0.4659460605779009
Experiment 09-06_00:21
Epoch 0040 [Train seq (cond on sampled tp)] | Loss 18.459721 | MAPE 6.093593 | RMSE 0.587019 | Likelihood -18.459721 | KL fp 0.0000 | FP STD 0.0000 | ->nfe    0.00 | <-nfe    0.00
Epoch 0040 [Val seq (cond on sampled tp)] |  MAPE 5.581846 | RMSE 0.597944 |
Epoch 0040 [Test seq (cond on sampled tp)] | MAPE 2.043624 | RMSE 0.340498| MAE 0.266554|
0.9945515990257263,0.83086758852005,1.900728702545166,1.9038424491882324,1.9203429222106934,1.825476050376892,1.1223490238189697,2.171440362930298,2.2729690074920654,1.7479599714279175,1.6913384199142456,1.4573800563812256,4.863275527954102,1.2457071542739868,1.230510950088501,4.316803932189941,2.50700044631958,1.2498586177825928,0.5825236439704895,0.6982505917549133,9.712955474853516,1.470716953277588,1.0706593990325928,2.4310004711151123,2.9205963611602783,1.1819326877593994,0.4249798357486725,3.0819358825683594,2.0173866748809814,0.46336469054222107
0.22995394252054532,0.31835687086372566,0.35582861657482023,0.30803006030752067,0.3565735050813306,0.2861079052184302,0.3226097235028089,0.2922185830295393,0.28318399825127427,0.3781141279564937,0.3201799001936656,0.3349241342150244,0.3993411009166534,0.3234891840970625,0.3412837072639735,0.3599672206220601,0.25660789722341604,0.3227074109173655,0.3641148099851751,0.31653724125281857,0.3343736042457042,0.2944871591203722,0.33976332491133215,0.31277600259349586,0.3521910558587057,0.42481715743079573,0.42439666094437184,0.3531051170186586,0.4431945729754426,0.46569379451922643
Experiment 09-06_00:21
Epoch 0041 [Train seq (cond on sampled tp)] | Loss 18.459795 | MAPE 6.091760 | RMSE 0.587021 | Likelihood -18.459795 | KL fp 0.0000 | FP STD 0.0000 | ->nfe    0.00 | <-nfe    0.00
Epoch 0041 [Val seq (cond on sampled tp)] |  MAPE 5.580617 | RMSE 0.597911 |
Epoch 0041 [Test seq (cond on sampled tp)] | MAPE 2.044468 | RMSE 0.340580| MAE 0.266631|
0.9983459115028381,0.8299645185470581,1.907062292098999,1.9056261777877808,1.9195177555084229,1.8249006271362305,1.1237378120422363,2.1702160835266113,2.2715678215026855,1.7504740953445435,1.692348599433899,1.4550127983093262,4.864160060882568,1.2474138736724854,1.2298768758773804,4.3064961433410645,2.5031542778015137,1.2490265369415283,0.5814383029937744,0.6947649717330933,9.762115478515625,1.4694677591323853,1.0702470541000366,2.4281423091888428,2.925248384475708,1.1814113855361938,0.4259897470474243,3.0644333362579346,2.0181264877319336,0.4637496769428253
0.23010289523554994,0.31810328943481914,0.3559722269213431,0.30810792320470826,0.35672740486329446,0.2861475891880581,0.32265199561466246,0.29215447754321755,0.28302605453680907,0.37859374855158007,0.32038990109037946,0.33486494462742356,0.39969024809369064,0.32362688573683496,0.34150075891935433,0.36009424217804253,0.25663097891831443,0.322509673217483,0.36413066782470466,0.31626657063718006,0.33412910136521706,0.29424594953985356,0.3392860286664582,0.31331415217656644,0.35257703835480303,0.4251155899439859,0.42508584726249965,0.3532118783265677,0.4428602761963119,0.4662703253736434
Experiment 09-06_00:21
Epoch 0042 [Train seq (cond on sampled tp)] | Loss 18.459640 | MAPE 6.091350 | RMSE 0.587019 | Likelihood -18.459640 | KL fp 0.0000 | FP STD 0.0000 | ->nfe    0.00 | <-nfe    0.00
Epoch 0042 [Val seq (cond on sampled tp)] |  MAPE 5.580502 | RMSE 0.597897 |
Epoch 0042 [Test seq (cond on sampled tp)] | MAPE 2.043317 | RMSE 0.340504| MAE 0.266567|
0.9950745701789856,0.8300611972808838,1.9040066003799438,1.9035412073135376,1.9106886386871338,1.82764732837677,1.1242426633834839,2.1686065196990967,2.270350217819214,1.7552944421768188,1.694527506828308,1.4564591646194458,4.864441871643066,1.2498334646224976,1.233012318611145,4.326338291168213,2.510160446166992,1.2472436428070068,0.5798706412315369,0.6927210688591003,9.704015731811523,1.47146737575531,1.070591688156128,2.4253203868865967,2.9280946254730225,1.1814780235290527,0.4256170690059662,3.0679123401641846,2.017807960510254,0.46309706568717957
0.23006258751780226,0.3176460465623376,0.3556686300521746,0.308329408637835,0.3563872407612626,0.2860233631353268,0.32293795187335095,0.2920509840541654,0.28333918492969057,0.37822719564355917,0.32019909735352253,0.3351965206468106,0.39909633693165797,0.3240267633286971,0.34197412527022536,0.36003862144010285,0.25701413662878564,0.32206770859423905,0.3634771413660129,0.3156427425647543,0.3339393206094629,0.2943476967592037,0.33959744834623684,0.31316274461139404,0.3522165783688359,0.425118989976565,0.424848497258299,0.3537353338699289,0.44255064418553186,0.46619705543897366
Experiment 09-06_00:21
Epoch 0043 [Train seq (cond on sampled tp)] | Loss 18.459706 | MAPE 6.090893 | RMSE 0.587016 | Likelihood -18.459706 | KL fp 0.0000 | FP STD 0.0000 | ->nfe    0.00 | <-nfe    0.00
Epoch 0043 [Val seq (cond on sampled tp)] |  MAPE 5.578173 | RMSE 0.597885 |
Epoch 0043 [Test seq (cond on sampled tp)] | MAPE 2.044546 | RMSE 0.340623| MAE 0.266662|
0.9985958933830261,0.8302891850471497,1.9178557395935059,1.9039852619171143,1.9124712944030762,1.827484130859375,1.1253783702850342,2.1683149337768555,2.2702975273132324,1.754460096359253,1.6954288482666016,1.4537887573242188,4.867454528808594,1.2514679431915283,1.233158826828003,4.313298225402832,2.5076913833618164,1.246472954750061,0.5789393782615662,0.6917408108711243,9.75964069366455,1.4696816205978394,1.0699923038482666,2.4197185039520264,2.93677020072937,1.1823174953460693,0.4266309142112732,3.0415496826171875,2.0176022052764893,0.46389761567115784
0.2302083386914582,0.31760181793757375,0.3560105481098645,0.3083734933478479,0.35650450332600797,0.28597343615065896,0.3228536846924235,0.2920601934639456,0.2832098729875282,0.37891869672015155,0.32044841627451903,0.3349779641853667,0.39957016410381097,0.32427889484360123,0.34231924194750796,0.36003396529663845,0.25670935408706036,0.3219878184179354,0.3635431391659767,0.31568744627099266,0.3336905363594575,0.29403500123316556,0.33903295985981,0.31375843815646043,0.3527873636284188,0.4255514662263657,0.425545373377874,0.35373444924024566,0.4423393076542559,0.4669317744867415
Experiment 09-06_00:21
Epoch 0044 [Train seq (cond on sampled tp)] | Loss 18.459578 | MAPE 6.092937 | RMSE 0.587008 | Likelihood -18.459578 | KL fp 0.0000 | FP STD 0.0000 | ->nfe    0.00 | <-nfe    0.00
Epoch 0044 [Val seq (cond on sampled tp)] |  MAPE 5.579562 | RMSE 0.597883 |
Epoch 0044 [Test seq (cond on sampled tp)] | MAPE 2.044236 | RMSE 0.340501| MAE 0.266557|
0.9982850551605225,0.8301473259925842,1.9076217412948608,1.903930902481079,1.9140944480895996,1.8294203281402588,1.1242729425430298,2.168680429458618,2.272531270980835,1.7530813217163086,1.6949950456619263,1.4550020694732666,4.861999034881592,1.2525190114974976,1.233211874961853,4.32523250579834,2.509204864501953,1.2463189363479614,0.5798484086990356,0.6925968527793884,9.734519958496094,1.4709150791168213,1.069783091545105,2.423389434814453,2.934910297393799,1.1806939840316772,0.4255914092063904,3.0534253120422363,2.017911434173584,0.4629417657852173
0.2301029276148908,0.31755671505237704,0.3556068906547683,0.3083579816610375,0.3562933820109868,0.28606110543345964,0.3229331299471536,0.292029706911079,0.28338874784555546,0.378246519565643,0.32018653206992626,0.33521456889075857,0.39903752642390267,0.324166822296553,0.3420084162444762,0.3599063221258257,0.25694591647806153,0.32204658693886773,0.3633668655086025,0.3155817899302766,0.33397763786436374,0.2943252693171797,0.3394957108556745,0.3132684557578159,0.3522379109336676,0.4252088706676497,0.42481654358904114,0.35383940985521956,0.44248605832804455,0.4663370493250443
Experiment 09-06_00:21
Epoch 0045 [Train seq (cond on sampled tp)] | Loss 18.459547 | MAPE 6.094742 | RMSE 0.587010 | Likelihood -18.459547 | KL fp 0.0000 | FP STD 0.0000 | ->nfe    0.00 | <-nfe    0.00
Epoch 0045 [Val seq (cond on sampled tp)] |  MAPE 5.579722 | RMSE 0.597935 |
Epoch 0045 [Test seq (cond on sampled tp)] | MAPE 2.044335 | RMSE 0.340623| MAE 0.266670|
0.9992985129356384,0.8310932517051697,1.9157769680023193,1.9024767875671387,1.9128005504608154,1.8257827758789062,1.123705506324768,2.1710638999938965,2.2708239555358887,1.7530831098556519,1.691327452659607,1.452553391456604,4.869600772857666,1.2487776279449463,1.232175588607788,4.311212062835693,2.5084314346313477,1.2490346431732178,0.5809378623962402,0.694119930267334,9.748537063598633,1.47137451171875,1.0692001581192017,2.4248220920562744,2.9231224060058594,1.1821035146713257,0.42618316411972046,3.0575685501098633,2.0191502571105957,0.463918536901474
0.23017755798249703,0.3181560077432134,0.356075272459432,0.3080980569035633,0.3568629287508705,0.28621898824625835,0.3225417485863889,0.29228184599679513,0.28301643268944027,0.3788490842188641,0.32050610715608835,0.33469147589892695,0.3999282213718374,0.32373837422518326,0.3415510328903518,0.3600191687076779,0.25653426871125085,0.3224751340535621,0.36414726154701976,0.316351532620009,0.3338556989891527,0.29420035567599256,0.3390773704010286,0.31348924224973546,0.3526884697564986,0.4252202424015969,0.4252321569891965,0.35325337793944867,0.44289037290287697,0.4665703323534673
Experiment 09-06_00:21
Epoch 0046 [Train seq (cond on sampled tp)] | Loss 18.459584 | MAPE 6.092679 | RMSE 0.587007 | Likelihood -18.459584 | KL fp 0.0000 | FP STD 0.0000 | ->nfe    0.00 | <-nfe    0.00
Epoch 0046 [Val seq (cond on sampled tp)] |  MAPE 5.582015 | RMSE 0.597910 |
Epoch 0046 [Test seq (cond on sampled tp)] | MAPE 2.043979 | RMSE 0.340481| MAE 0.266555|
0.9980716705322266,0.8309324979782104,1.9021612405776978,1.905478835105896,1.9208943843841553,1.8227869272232056,1.1213204860687256,2.173076629638672,2.273343801498413,1.7468088865280151,1.69136381149292,1.4575639963150024,4.867459297180176,1.246087670326233,1.2311288118362427,4.333158016204834,2.503547430038452,1.2498459815979004,0.5829885005950928,0.6975890398025513,9.698729515075684,1.472930908203125,1.0693343877792358,2.430400848388672,2.9216740131378174,1.1805580854415894,0.42477747797966003,3.083205461502075,2.0185205936431885,0.4636181890964508
0.22995627533152518,0.3184436733295097,0.3556918397852183,0.3080903425901735,0.3566054520074688,0.2861252611224915,0.32256117475252555,0.2922030551870132,0.2830608799939198,0.37782398490393304,0.32013104113799895,0.33503981348349166,0.3993175361973688,0.32332810473065254,0.34129294167185253,0.3601129460315166,0.25673706994654255,0.3226473195130906,0.3641968336020596,0.3165035569125198,0.3343557557245673,0.29460234100272115,0.33985650926512695,0.312626407806204,0.35195970349191713,0.42475971553888164,0.4243442539431499,0.3531256679933695,0.44332604976218487,0.4656069284810892
Experiment 09-06_00:21
Epoch 0047 [Train seq (cond on sampled tp)] | Loss 18.459642 | MAPE 6.092266 | RMSE 0.587013 | Likelihood -18.459642 | KL fp 0.0000 | FP STD 0.0000 | ->nfe    0.00 | <-nfe    0.00
Epoch 0047 [Val seq (cond on sampled tp)] |  MAPE 5.577164 | RMSE 0.597887 |
Epoch 0047 [Test seq (cond on sampled tp)] | MAPE 2.046332 | RMSE 0.340720| MAE 0.266762|
1.0037516355514526,0.8314144015312195,1.9112317562103271,1.904784083366394,1.9194988012313843,1.8217034339904785,1.123431921005249,2.1719586849212646,2.2719109058380127,1.7515627145767212,1.6931833028793335,1.4523932933807373,4.873297691345215,1.2466939687728882,1.2295362949371338,4.305675029754639,2.5034682750701904,1.2505171298980713,0.5820313692092896,0.6964465379714966,9.803543090820312,1.4707809686660767,1.0696638822555542,2.426673412322998,2.9274370670318604,1.1812524795532227,0.4266022741794586,3.055947780609131,2.0190653800964355,0.4645150899887085
0.2302357821620556,0.31862909791630095,0.35627217725690624,0.307794961574902,0.35714790391762186,0.28625928147440016,0.32239344980635476,0.2922588266429882,0.28272745371155267,0.3790768111657324,0.32072280563203265,0.3344294944814491,0.4004627441956093,0.32333052427916725,0.3413025360224727,0.36046778347644776,0.25606511121726194,0.32289510572911717,0.36487974197636175,0.3170978146870817,0.3340948714013655,0.29431870023377815,0.33901605991213085,0.3134453303384941,0.3529773428767241,0.42508970323725775,0.4256448614777099,0.3528139939120267,0.4431947578973132,0.466548837818141
Experiment 09-06_00:21
Epoch 0048 [Train seq (cond on sampled tp)] | Loss 18.459571 | MAPE 6.090834 | RMSE 0.587007 | Likelihood -18.459571 | KL fp 0.0000 | FP STD 0.0000 | ->nfe    0.00 | <-nfe    0.00
Epoch 0048 [Val seq (cond on sampled tp)] |  MAPE 5.583020 | RMSE 0.597896 |
Epoch 0048 [Test seq (cond on sampled tp)] | MAPE 2.042157 | RMSE 0.340477| MAE 0.266542|
0.9965305924415588,0.8292027115821838,1.894734263420105,1.9074769020080566,1.921610951423645,1.8189568519592285,1.1219241619110107,2.1681408882141113,2.2724251747131348,1.7459287643432617,1.6922597885131836,1.4584099054336548,4.877137660980225,1.2452110052108765,1.2281720638275146,4.320575714111328,2.505192756652832,1.2503784894943237,0.5822389721870422,0.6986948847770691,9.670502662658691,1.4726111888885498,1.0724334716796875,2.433232307434082,2.9183247089385986,1.181747555732727,0.4247016906738281,3.076685667037964,2.0164451599121094,0.46282148361206055
0.22993489034498502,0.31857822361671,0.3558368035034842,0.30807215635969554,0.35674275568535135,0.28597106528134336,0.3225909354026049,0.29199888547021635,0.2829534811516585,0.3778844012744974,0.3202950658938336,0.33497426087153925,0.3994844742993909,0.32335454595719815,0.34097958534903205,0.3600296608971166,0.25675870365073483,0.3226311546892933,0.3641925374879551,0.3166040932273558,0.3344512264319899,0.29459829452746766,0.3398768858266284,0.31264708157145277,0.3519205071918484,0.4249163250736934,0.4241532691452294,0.3531860374767377,0.44328273833451565,0.4654009548831958
Experiment 09-06_00:21
Epoch 0049 [Train seq (cond on sampled tp)] | Loss 18.459647 | MAPE 6.091940 | RMSE 0.587020 | Likelihood -18.459647 | KL fp 0.0000 | FP STD 0.0000 | ->nfe    0.00 | <-nfe    0.00
Epoch 0049 [Val seq (cond on sampled tp)] |  MAPE 5.574255 | RMSE 0.597919 |
Epoch 0049 [Test seq (cond on sampled tp)] | MAPE 2.046047 | RMSE 0.340783| MAE 0.266807|
0.9985438585281372,0.8310803174972534,1.9164272546768188,1.902485966682434,1.9125540256500244,1.8182727098464966,1.1229933500289917,2.1720216274261475,2.267324209213257,1.751271367073059,1.689989686012268,1.4507805109024048,4.879448413848877,1.2455766201019287,1.2282992601394653,4.291469097137451,2.502091407775879,1.25015389919281,0.5817686915397644,0.6967781186103821,9.824198722839355,1.4659802913665771,1.0685137510299683,2.4290835857391357,2.926337480545044,1.1817708015441895,0.4274274706840515,3.063544273376465,2.020195484161377,0.46501392126083374
0.23029653127634156,0.3185474565668795,0.3564716277141362,0.3078923644621932,0.3571593566046482,0.28642622449849037,0.3221390909259351,0.2920766599811563,0.2829808382246444,0.3794012081388423,0.3208590821774997,0.3342704551582103,0.40076572246848524,0.3234205071044255,0.34144789182087837,0.36033613797389347,0.2559835991430013,0.32292651986912313,0.3650217100114435,0.317456550835387,0.3340053105624536,0.2936692953846354,0.3387032367832643,0.31389073614099244,0.35337037321758374,0.4252070133139521,0.4261712029693927,0.35259372150083274,0.4431911098788862,0.4668209756032481
Experiment 09-06_00:21
Epoch 0050 [Train seq (cond on sampled tp)] | Loss 18.459505 | MAPE 6.089415 | RMSE 0.587007 | Likelihood -18.459505 | KL fp 0.0000 | FP STD 0.0000 | ->nfe    0.00 | <-nfe    0.00
Epoch 0050 [Val seq (cond on sampled tp)] |  MAPE 5.581584 | RMSE 0.597917 |
Epoch 0050 [Test seq (cond on sampled tp)] | MAPE 2.043708 | RMSE 0.340435| MAE 0.266500|
0.992879331111908,0.8342373371124268,1.8792577981948853,1.8971912860870361,1.9413433074951172,1.8203271627426147,1.118534803390503,2.1768617630004883,2.266087532043457,1.742814302444458,1.6894667148590088,1.455511450767517,4.859897136688232,1.240569829940796,1.2297396659851074,4.318871974945068,2.495626211166382,1.2533843517303467,0.5868169069290161,0.7030982971191406,9.695756912231445,1.4729043245315552,1.0729080438613892,2.448490858078003,2.907541036605835,1.1795754432678223,0.42394834756851196,3.1304726600646973,2.0139598846435547,0.4631616175174713
0.22989375915651775,0.3193809057648955,0.3557025643488175,0.30761000609719474,0.3568297729627855,0.28616090708216646,0.3222134403401356,0.29223826574258444,0.28287967758677224,0.3773662694683691,0.31990371764360986,0.3348138781104923,0.3995295872838313,0.32261785274113247,0.34018135840250874,0.35986185267668236,0.25658517642059736,0.323318656796397,0.3650030943987593,0.31772256126230264,0.3350554574782401,0.2948505113167071,0.3403712158413046,0.31212610288248693,0.3516541149719019,0.4242458482380684,0.42381488761797487,0.35222831831400625,0.44399991587045234,0.46490229710757897
Experiment 09-06_00:21
Epoch 0051 [Train seq (cond on sampled tp)] | Loss 18.459843 | MAPE 6.092674 | RMSE 0.587035 | Likelihood -18.459843 | KL fp 0.0000 | FP STD 0.0000 | ->nfe    0.00 | <-nfe    0.00
Epoch 0051 [Val seq (cond on sampled tp)] |  MAPE 5.575552 | RMSE 0.598078 |
Epoch 0051 [Test seq (cond on sampled tp)] | MAPE 2.051583 | RMSE 0.340834| MAE 0.266889|
1.0077852010726929,0.8322192430496216,1.8682585954666138,1.9066176414489746,1.9407579898834229,1.8115302324295044,1.1170552968978882,2.176825761795044,2.2796995639801025,1.7466093301773071,1.68116295337677,1.4573957920074463,4.880041599273682,1.2293003797531128,1.2231404781341553,4.303647518157959,2.4987845420837402,1.2596871852874756,0.5909055471420288,0.7119749784469604,9.892525672912598,1.4709904193878174,1.0674712657928467,2.4534952640533447,2.8857243061065674,1.1818790435791016,0.42494481801986694,3.1653950214385986,2.016303062438965,0.46537289023399353
0.22999435836413812,0.32117900876655076,0.35667113375243104,0.30702015902844304,0.3581104628789701,0.2868404296539865,0.32136343469140694,0.29241726149339714,0.2821024057335083,0.37857290726177534,0.320546506676496,0.3336303128076384,0.4017982859385545,0.321009145853735,0.33852978709970105,0.3607890257197776,0.25581685652053426,0.32535337209684917,0.3676101605748298,0.32019567685294426,0.3358283198166198,0.2949980580540765,0.3397705832457522,0.31230441171563567,0.35243231935273756,0.4242887147706292,0.42451869062898956,0.35082903751014555,0.4455007356033931,0.46499709797538136
