/nvme/yuanjingyang/CG-ODE/ode18/run.py
ode18/run.py --heavyBall --solver dopri5 --rtol 1e-2 --atol 1e-4
Namespace(dataset='Dec', datapath='data/', pred_length=14, condition_length=21, features='Confirmed,Deaths,Recovered,Mortality_Rate,Testing_Rate,Population,Mobility', split_interval=3, feature_out='Deaths', niters=100, lr=0.005, batch_size=8, random_seed=1991, dropout=0.2, l2=1e-05, optimizer='AdamW', clip=10, edge_lamda=0.5, heavyBall=True, actv_h=None, gamma_guess=-3.0, gamma_act='sigmoid', corr=-100, corrf=True, sign=1, augment_dim=0, solver='dopri5', rtol=0.01, atol=0.0001, alias='run', output_dim=1, feature_out_index=[1], num_atoms=50)
run
Experiment 08-23_17:13
Epoch 0001 [Train seq (cond on sampled tp)] | Loss 8181046.531250 | MAPE 0.205918 | RMSE 266.133067 | Likelihood -8181042.250000 | KL fp 4.1955 | FP STD 0.7759 | ->nfe  596.25 | <-nfe  539.00
Epoch 0001 [Val seq (cond on sampled tp)] |  MAPE 0.098034 | RMSE 226.609469 |
Best Val!
Epoch 0001 [Test seq (cond on sampled tp)] | MAPE 0.140994 | RMSE 752.820144|
0.15638534724712372,0.13651444017887115,0.13008283078670502
741.8345924126213,781.6216715905464,735.0041666548565
0.15638534724712372,0.13651444017887115,0.13008283078670502
741.8345924126213,781.6216715905464,735.0041666548565
Epoch 0001 [Test seq (cond on sampled tp)] | Best Test MAPE 0.140994|Best Test RMSE 752.820144|
Experiment 08-23_17:13
Epoch 0002 [Train seq (cond on sampled tp)] | Loss 7539780.656250 | MAPE 0.442096 | RMSE 243.116647 | Likelihood -7539774.000000 | KL fp 6.7047 | FP STD 1.3749 | ->nfe 1316.00 | <-nfe 1240.25
Epoch 0002 [Val seq (cond on sampled tp)] |  MAPE 0.043525 | RMSE 241.972259 |
Best Val!
Epoch 0002 [Test seq (cond on sampled tp)] | MAPE 0.081402 | RMSE 791.464813|
0.09614720940589905,0.0780813992023468,0.0699782744050026
786.3910445827826,816.3321168495088,771.6712787839133
0.09614720940589905,0.0780813992023468,0.0699782744050026
786.3910445827826,816.3321168495088,771.6712787839133
Epoch 0002 [Test seq (cond on sampled tp)] | Best Test MAPE 0.081402|Best Test RMSE 791.464813|
Experiment 08-23_17:13
Epoch 0003 [Train seq (cond on sampled tp)] | Loss 7408427.281250 | MAPE 0.124718 | RMSE 245.597014 | Likelihood -7408423.718750 | KL fp 3.5941 | FP STD 0.9390 | ->nfe  980.00 | <-nfe  849.50
Epoch 0003 [Val seq (cond on sampled tp)] |  MAPE 0.069238 | RMSE 280.307699 |
Epoch 0003 [Test seq (cond on sampled tp)] | MAPE 0.108094 | RMSE 863.297909|
0.12276539206504822,0.10922515392303467,0.09229171276092529
861.6367056364301,890.0094451746004,838.2475767933958
Experiment 08-23_17:13
Epoch 0004 [Train seq (cond on sampled tp)] | Loss 7655086.406250 | MAPE 0.314406 | RMSE 250.940818 | Likelihood -7655083.281250 | KL fp 3.1443 | FP STD 0.6442 | ->nfe  842.75 | <-nfe  887.00
Epoch 0004 [Val seq (cond on sampled tp)] |  MAPE 0.142667 | RMSE 233.447230 |
Epoch 0004 [Test seq (cond on sampled tp)] | MAPE 0.161513 | RMSE 768.237681|
0.18374961614608765,0.15627092123031616,0.14451748132705688
759.2794281422354,797.2382015433029,748.1954123088433
Experiment 08-23_17:13
Epoch 0005 [Train seq (cond on sampled tp)] | Loss 7515467.312500 | MAPE 0.561434 | RMSE 242.040765 | Likelihood -7515463.031250 | KL fp 4.3532 | FP STD 1.1077 | ->nfe 1064.00 | <-nfe  866.75
Epoch 0005 [Val seq (cond on sampled tp)] |  MAPE 0.090914 | RMSE 256.300498 |
Epoch 0005 [Test seq (cond on sampled tp)] | MAPE 0.130159 | RMSE 818.262017|
0.1441299319267273,0.13324207067489624,0.1131061464548111
807.7099572247454,848.9525531500568,798.1235415021913
Experiment 08-23_17:13
Epoch 0006 [Train seq (cond on sampled tp)] | Loss 7689315.375000 | MAPE 0.354543 | RMSE 252.783385 | Likelihood -7689312.781250 | KL fp 2.5755 | FP STD 1.3097 | ->nfe 1221.50 | <-nfe 1139.75
Epoch 0006 [Val seq (cond on sampled tp)] |  MAPE 0.109848 | RMSE 248.094362 |
Epoch 0006 [Test seq (cond on sampled tp)] | MAPE 0.139243 | RMSE 804.243436|
0.15771500766277313,0.13813981413841248,0.12187329679727554
797.3645261108622,830.6326655026276,784.7331154602819
Experiment 08-23_17:13
Epoch 0007 [Train seq (cond on sampled tp)] | Loss 7350236.187500 | MAPE 0.488432 | RMSE 235.422438 | Likelihood -7350231.312500 | KL fp 4.8995 | FP STD 1.4009 | ->nfe  931.25 | <-nfe 1053.50
Epoch 0007 [Val seq (cond on sampled tp)] |  MAPE 0.123846 | RMSE 238.233128 |
Epoch 0007 [Test seq (cond on sampled tp)] | MAPE 0.147575 | RMSE 784.262062|
0.16174502670764923,0.1424691379070282,0.1385120302438736
777.1568374530331,812.247152965155,763.3821945788361
Experiment 08-23_17:13
Epoch 0008 [Train seq (cond on sampled tp)] | Loss 7417035.031250 | MAPE 0.473596 | RMSE 241.981855 | Likelihood -7417030.937500 | KL fp 4.0240 | FP STD 1.4384 | ->nfe 1187.00 | <-nfe  893.75
Epoch 0008 [Val seq (cond on sampled tp)] |  MAPE 0.095062 | RMSE 255.308973 |
Epoch 0008 [Test seq (cond on sampled tp)] | MAPE 0.126903 | RMSE 817.272881|
0.14675524830818176,0.1305069476366043,0.10344656556844711
815.8369169141588,843.8947283281251,792.0869980627128
Experiment 08-23_17:13
Epoch 0009 [Train seq (cond on sampled tp)] | Loss 7423874.187500 | MAPE 0.376239 | RMSE 243.095860 | Likelihood -7423870.562500 | KL fp 3.6005 | FP STD 1.3530 | ->nfe 1053.50 | <-nfe  976.25
Epoch 0009 [Val seq (cond on sampled tp)] |  MAPE 0.099316 | RMSE 248.998596 |
Epoch 0009 [Test seq (cond on sampled tp)] | MAPE 0.129582 | RMSE 808.860924|
0.1430899053812027,0.1310908943414688,0.11456476897001266
803.5065727795884,836.4744093515354,786.6017893445196
Experiment 08-23_17:13
Epoch 0010 [Train seq (cond on sampled tp)] | Loss 7397373.343750 | MAPE 0.429325 | RMSE 230.723828 | Likelihood -7397365.187500 | KL fp 8.2308 | FP STD 1.4617 | ->nfe  749.75 | <-nfe  770.75
Epoch 0010 [Val seq (cond on sampled tp)] |  MAPE 0.108147 | RMSE 219.242268 |
Epoch 0010 [Test seq (cond on sampled tp)] | MAPE 0.133897 | RMSE 727.384510|
0.1553310602903366,0.13063690066337585,0.11572343856096268
731.009105620443,759.9048460169207,691.2395794874597
Experiment 08-23_17:13
Epoch 0011 [Train seq (cond on sampled tp)] | Loss 6932439.562500 | MAPE 0.423182 | RMSE 221.958129 | Likelihood -6932433.718750 | KL fp 5.8314 | FP STD 1.3636 | ->nfe 1199.00 | <-nfe 1021.25
Epoch 0011 [Val seq (cond on sampled tp)] |  MAPE 0.093634 | RMSE 248.894423 |
Epoch 0011 [Test seq (cond on sampled tp)] | MAPE 0.127405 | RMSE 808.903184|
0.1367003470659256,0.13348811864852905,0.11202721297740936
802.3926719505855,834.6399298499923,789.6769513541598
Experiment 08-23_17:13
Epoch 0012 [Train seq (cond on sampled tp)] | Loss 7933897.750000 | MAPE 0.405258 | RMSE 246.873029 | Likelihood -7933889.343750 | KL fp 8.5235 | FP STD 1.4566 | ->nfe  582.50 | <-nfe  519.50
Epoch 0012 [Val seq (cond on sampled tp)] |  MAPE 0.083258 | RMSE 182.763124 |
Epoch 0012 [Test seq (cond on sampled tp)] | MAPE 0.106869 | RMSE 654.484425|
0.11961614340543747,0.10980065166950226,0.09119103848934174
635.9418212383897,682.0730120375678,645.4384411003113
Experiment 08-23_17:13
Epoch 0013 [Train seq (cond on sampled tp)] | Loss 6108356.156250 | MAPE 0.343744 | RMSE 191.795492 | Likelihood -6108350.343750 | KL fp 5.9064 | FP STD 1.4116 | ->nfe  854.00 | <-nfe  806.00
Epoch 0013 [Val seq (cond on sampled tp)] |  MAPE 0.084242 | RMSE 184.555092 |
Epoch 0013 [Test seq (cond on sampled tp)] | MAPE 0.103342 | RMSE 574.015152|
0.11844026297330856,0.0991029143333435,0.09248321503400803
552.7116110595108,586.442185982557,582.8916601736553
Experiment 08-23_17:13
Epoch 0014 [Train seq (cond on sampled tp)] | Loss 5943684.859375 | MAPE 0.343389 | RMSE 177.535585 | Likelihood -5943676.875000 | KL fp 7.9592 | FP STD 1.4603 | ->nfe  726.50 | <-nfe  913.25
Epoch 0014 [Val seq (cond on sampled tp)] |  MAPE 0.099129 | RMSE 163.208940 |
Epoch 0014 [Test seq (cond on sampled tp)] | MAPE 0.105912 | RMSE 507.261118|
0.11911247670650482,0.10005135089159012,0.0985708087682724
491.0903525574495,523.8854538446358,506.8075479163664
Experiment 08-23_17:13
Epoch 0015 [Train seq (cond on sampled tp)] | Loss 5530151.250000 | MAPE 0.363056 | RMSE 157.534555 | Likelihood -5530143.546875 | KL fp 7.6981 | FP STD 1.4178 | ->nfe  897.50 | <-nfe  602.75
Epoch 0015 [Val seq (cond on sampled tp)] |  MAPE 0.059287 | RMSE 157.769858 |
Epoch 0015 [Test seq (cond on sampled tp)] | MAPE 0.079308 | RMSE 533.985449|
0.0753694623708725,0.08707186579704285,0.07548213005065918
504.17226408738514,546.9247834483276,550.8593003208714
0.0753694623708725,0.08707186579704285,0.07548213005065918
504.17226408738514,546.9247834483276,550.8593003208714
Epoch 0015 [Test seq (cond on sampled tp)] | Best Test MAPE 0.079308|Best Test RMSE 533.985449|
Experiment 08-23_17:13
Epoch 0016 [Train seq (cond on sampled tp)] | Loss 5714881.531250 | MAPE 0.179384 | RMSE 171.603993 | Likelihood -5714875.937500 | KL fp 5.5364 | FP STD 1.3029 | ->nfe  874.25 | <-nfe  797.75
Epoch 0016 [Val seq (cond on sampled tp)] |  MAPE 0.077793 | RMSE 146.311425 |
Epoch 0016 [Test seq (cond on sampled tp)] | MAPE 0.087783 | RMSE 462.270823|
0.09501761198043823,0.08506815135478973,0.08326289802789688
432.9401120536188,466.65347823626047,487.21887727693803
Experiment 08-23_17:13
Epoch 0017 [Train seq (cond on sampled tp)] | Loss 6128682.281250 | MAPE 0.236527 | RMSE 178.555631 | Likelihood -6128675.093750 | KL fp 7.1885 | FP STD 1.1945 | ->nfe  733.25 | <-nfe  665.00
Epoch 0017 [Val seq (cond on sampled tp)] |  MAPE 0.055639 | RMSE 161.496529 |
Epoch 0017 [Test seq (cond on sampled tp)] | MAPE 0.080392 | RMSE 487.726034|
0.09314754605293274,0.0850980132818222,0.0629296824336052
469.5960365037167,509.4850494617089,484.0970170069219
Experiment 08-23_17:13
Epoch 0018 [Train seq (cond on sampled tp)] | Loss 5630639.109375 | MAPE 0.158533 | RMSE 158.649074 | Likelihood -5630631.468750 | KL fp 7.5901 | FP STD 1.0468 | ->nfe  836.75 | <-nfe  772.25
Epoch 0018 [Val seq (cond on sampled tp)] |  MAPE 0.057248 | RMSE 147.275770 |
Epoch 0018 [Test seq (cond on sampled tp)] | MAPE 0.065473 | RMSE 515.064491|
0.06861592829227448,0.06526598334312439,0.06253619492053986
491.6721786414196,537.2584922548922,516.2628025046934
0.06861592829227448,0.06526598334312439,0.06253619492053986
491.6721786414196,537.2584922548922,516.2628025046934
Epoch 0018 [Test seq (cond on sampled tp)] | Best Test MAPE 0.065473|Best Test RMSE 515.064491|
Experiment 08-23_17:13
Epoch 0019 [Train seq (cond on sampled tp)] | Loss 5528040.046875 | MAPE 0.168548 | RMSE 163.544459 | Likelihood -5528034.375000 | KL fp 5.6734 | FP STD 0.9143 | ->nfe  785.75 | <-nfe  730.25
Epoch 0019 [Val seq (cond on sampled tp)] |  MAPE 0.043926 | RMSE 178.771437 |
Epoch 0019 [Test seq (cond on sampled tp)] | MAPE 0.071219 | RMSE 537.499729|
0.08025211095809937,0.06788693368434906,0.06551721692085266
518.3691071524228,559.2182601632389,534.9118210041726
Experiment 08-23_17:13
Epoch 0020 [Train seq (cond on sampled tp)] | Loss 5373519.875000 | MAPE 0.102721 | RMSE 158.438445 | Likelihood -5373514.609375 | KL fp 5.2605 | FP STD 0.8864 | ->nfe  800.00 | <-nfe  731.00
Epoch 0020 [Val seq (cond on sampled tp)] |  MAPE 0.047282 | RMSE 176.319135 |
Epoch 0020 [Test seq (cond on sampled tp)] | MAPE 0.077013 | RMSE 553.188816|
0.0825958251953125,0.07230298966169357,0.07614047825336456
543.8796397182009,569.15373033127,546.5330788250607
Experiment 08-23_17:13
Epoch 0021 [Train seq (cond on sampled tp)] | Loss 5439510.156250 | MAPE 0.133859 | RMSE 157.740833 | Likelihood -5439505.375000 | KL fp 4.8984 | FP STD 0.7618 | ->nfe  719.75 | <-nfe  653.75
Epoch 0021 [Val seq (cond on sampled tp)] |  MAPE 0.045593 | RMSE 135.690667 |
Epoch 0021 [Test seq (cond on sampled tp)] | MAPE 0.063987 | RMSE 452.303880|
0.06732524186372757,0.062252528965473175,0.06238417327404022
421.1797975627511,464.57361163221486,471.1582304544833
0.06732524186372757,0.062252528965473175,0.06238417327404022
421.1797975627511,464.57361163221486,471.1582304544833
Epoch 0021 [Test seq (cond on sampled tp)] | Best Test MAPE 0.063987|Best Test RMSE 452.303880|
Experiment 08-23_17:13
Epoch 0022 [Train seq (cond on sampled tp)] | Loss 5401777.500000 | MAPE 0.105931 | RMSE 151.464452 | Likelihood -5401771.656250 | KL fp 5.7382 | FP STD 0.5787 | ->nfe  608.00 | <-nfe  561.50
Epoch 0022 [Val seq (cond on sampled tp)] |  MAPE 0.033961 | RMSE 137.091089 |
Best Val!
Epoch 0022 [Test seq (cond on sampled tp)] | MAPE 0.056962 | RMSE 481.444983|
0.05447017028927803,0.05506294220685959,0.06135217472910881
453.7061101362863,489.8407266653111,500.7881132525012
0.05447017028927803,0.05506294220685959,0.06135217472910881
453.7061101362863,489.8407266653111,500.7881132525012
Epoch 0022 [Test seq (cond on sampled tp)] | Best Test MAPE 0.056962|Best Test RMSE 481.444983|
Experiment 08-23_17:13
Epoch 0023 [Train seq (cond on sampled tp)] | Loss 5237160.921875 | MAPE 0.071967 | RMSE 147.805909 | Likelihood -5237155.312500 | KL fp 5.5705 | FP STD 0.4757 | ->nfe  641.00 | <-nfe  528.50
Epoch 0023 [Val seq (cond on sampled tp)] |  MAPE 0.039698 | RMSE 117.807278 |
Epoch 0023 [Test seq (cond on sampled tp)] | MAPE 0.059891 | RMSE 466.037411|
0.05503220483660698,0.071552574634552,0.053088683634996414
429.74936372844115,487.7481419749336,480.61472680828246
Experiment 08-23_17:13
Epoch 0024 [Train seq (cond on sampled tp)] | Loss 5138583.640625 | MAPE 0.092991 | RMSE 143.027399 | Likelihood -5138578.593750 | KL fp 5.0139 | FP STD 0.4435 | ->nfe  508.25 | <-nfe  443.00
Epoch 0024 [Val seq (cond on sampled tp)] |  MAPE 0.033959 | RMSE 140.069856 |
Best Val!
Epoch 0024 [Test seq (cond on sampled tp)] | MAPE 0.057040 | RMSE 447.506421|
0.058757681399583817,0.052222173660993576,0.060138653963804245
415.74347935355524,458.1440309826158,468.63175175184193
Experiment 08-23_17:13
Epoch 0025 [Train seq (cond on sampled tp)] | Loss 5572063.656250 | MAPE 0.109581 | RMSE 145.810209 | Likelihood -5572057.140625 | KL fp 6.6793 | FP STD 0.4879 | ->nfe  416.75 | <-nfe  354.50
Epoch 0025 [Val seq (cond on sampled tp)] |  MAPE 0.042017 | RMSE 201.015906 |
Epoch 0025 [Test seq (cond on sampled tp)] | MAPE 0.076342 | RMSE 596.802473|
0.08698507398366928,0.06962215900421143,0.07241866737604141
610.3771119152486,605.5255207255925,574.5047867511636
Experiment 08-23_17:13
Epoch 0026 [Train seq (cond on sampled tp)] | Loss 5629282.609375 | MAPE 0.074163 | RMSE 172.453048 | Likelihood -5629278.953125 | KL fp 3.6433 | FP STD 0.4238 | ->nfe  488.00 | <-nfe  409.25
Epoch 0026 [Val seq (cond on sampled tp)] |  MAPE 0.037954 | RMSE 139.736974 |
Epoch 0026 [Test seq (cond on sampled tp)] | MAPE 0.055042 | RMSE 460.802060|
0.05298779532313347,0.05270852893590927,0.05942835286259651
440.3817768425483,476.16743050632937,465.8569724175007
0.05298779532313347,0.05270852893590927,0.05942835286259651
440.3817768425483,476.16743050632937,465.8569724175007
Epoch 0026 [Test seq (cond on sampled tp)] | Best Test MAPE 0.055042|Best Test RMSE 460.802060|
Experiment 08-23_17:13
Epoch 0027 [Train seq (cond on sampled tp)] | Loss 5407232.546875 | MAPE 0.099235 | RMSE 149.598417 | Likelihood -5407227.343750 | KL fp 5.2983 | FP STD 0.4550 | ->nfe  695.75 | <-nfe  605.00
Epoch 0027 [Val seq (cond on sampled tp)] |  MAPE 0.044734 | RMSE 168.388519 |
Epoch 0027 [Test seq (cond on sampled tp)] | MAPE 0.072703 | RMSE 496.563780|
0.08859743177890778,0.06370208412408829,0.06580859422683716
484.86971510396484,507.2906741947855,497.53095067040806
Experiment 08-23_17:13
Epoch 0028 [Train seq (cond on sampled tp)] | Loss 5319778.140625 | MAPE 0.064888 | RMSE 148.395203 | Likelihood -5319773.359375 | KL fp 4.8927 | FP STD 0.4428 | ->nfe  443.00 | <-nfe  377.75
Epoch 0028 [Val seq (cond on sampled tp)] |  MAPE 0.039195 | RMSE 148.136537 |
Epoch 0028 [Test seq (cond on sampled tp)] | MAPE 0.057212 | RMSE 482.030417|
0.060872871428728104,0.05564240738749504,0.05512046813964844
459.70394685057903,508.7281014943051,477.65920120939785
Experiment 08-23_17:13
Epoch 0029 [Train seq (cond on sampled tp)] | Loss 5226561.984375 | MAPE 0.089810 | RMSE 145.486031 | Likelihood -5226557.343750 | KL fp 4.6289 | FP STD 0.4108 | ->nfe  698.75 | <-nfe  616.25
Epoch 0029 [Val seq (cond on sampled tp)] |  MAPE 0.041442 | RMSE 158.578112 |
Epoch 0029 [Test seq (cond on sampled tp)] | MAPE 0.063040 | RMSE 466.518617|
0.07141656428575516,0.06023530289530754,0.057469069957733154
450.1138050537886,499.53214048247185,449.9099041752693
Experiment 08-23_17:13
Epoch 0030 [Train seq (cond on sampled tp)] | Loss 5118474.687500 | MAPE 0.067495 | RMSE 137.401336 | Likelihood -5118469.859375 | KL fp 4.7678 | FP STD 0.3928 | ->nfe  642.50 | <-nfe  573.50
Epoch 0030 [Val seq (cond on sampled tp)] |  MAPE 0.034492 | RMSE 128.419897 |
Epoch 0030 [Test seq (cond on sampled tp)] | MAPE 0.054189 | RMSE 413.707788|
0.05917494744062424,0.05182353034615517,0.05156858637928963
388.8757433294085,439.2523299596714,412.9952897733823
0.05917494744062424,0.05182353034615517,0.05156858637928963
388.8757433294085,439.2523299596714,412.9952897733823
Epoch 0030 [Test seq (cond on sampled tp)] | Best Test MAPE 0.054189|Best Test RMSE 413.707788|
Experiment 08-23_17:13
Epoch 0031 [Train seq (cond on sampled tp)] | Loss 5081575.468750 | MAPE 0.069756 | RMSE 134.154999 | Likelihood -5081570.890625 | KL fp 4.5507 | FP STD 0.3797 | ->nfe  748.25 | <-nfe  708.50
Epoch 0031 [Val seq (cond on sampled tp)] |  MAPE 0.032767 | RMSE 120.750348 |
Best Val!
Epoch 0031 [Test seq (cond on sampled tp)] | MAPE 0.052716 | RMSE 390.103080|
0.05797967687249184,0.052543897181749344,0.04762507230043411
366.584552831949,413.7902170786545,389.93446965483827
0.05797967687249184,0.052543897181749344,0.04762507230043411
366.584552831949,413.7902170786545,389.93446965483827
Epoch 0031 [Test seq (cond on sampled tp)] | Best Test MAPE 0.052716|Best Test RMSE 390.103080|
Experiment 08-23_17:13
Epoch 0032 [Train seq (cond on sampled tp)] | Loss 5066311.562500 | MAPE 0.068425 | RMSE 132.677195 | Likelihood -5066306.968750 | KL fp 4.5614 | FP STD 0.3642 | ->nfe  686.00 | <-nfe  623.75
Epoch 0032 [Val seq (cond on sampled tp)] |  MAPE 0.036016 | RMSE 137.291831 |
Epoch 0032 [Test seq (cond on sampled tp)] | MAPE 0.055149 | RMSE 410.453423|
0.060130584985017776,0.05115989223122597,0.05415638908743858
380.16351333998375,432.50270952908494,418.6940447689697
Experiment 08-23_17:13
Epoch 0033 [Train seq (cond on sampled tp)] | Loss 5331393.062500 | MAPE 0.066332 | RMSE 142.721809 | Likelihood -5331388.468750 | KL fp 4.5497 | FP STD 0.3698 | ->nfe  536.00 | <-nfe  464.00
Epoch 0033 [Val seq (cond on sampled tp)] |  MAPE 0.037038 | RMSE 164.078547 |
Epoch 0033 [Test seq (cond on sampled tp)] | MAPE 0.059289 | RMSE 443.862882|
0.06479325890541077,0.055476635694503784,0.057596735656261444
434.08301337417015,472.93078906960585,424.57484248951914
Experiment 08-23_17:13
Epoch 0034 [Train seq (cond on sampled tp)] | Loss 5088531.156250 | MAPE 0.044496 | RMSE 137.921340 | Likelihood -5088526.984375 | KL fp 4.1421 | FP STD 0.3359 | ->nfe  954.50 | <-nfe  852.50
Epoch 0034 [Val seq (cond on sampled tp)] |  MAPE 0.035225 | RMSE 141.441208 |
Epoch 0034 [Test seq (cond on sampled tp)] | MAPE 0.063053 | RMSE 408.168606|
0.07126373797655106,0.05935032665729523,0.058544594794511795
384.8003743826141,434.6242989640593,405.08114542027255
Experiment 08-23_17:13
Epoch 0035 [Train seq (cond on sampled tp)] | Loss 4992765.984375 | MAPE 0.041694 | RMSE 127.994454 | Likelihood -4992761.187500 | KL fp 4.8689 | FP STD 0.3319 | ->nfe  765.50 | <-nfe  707.75
Epoch 0035 [Val seq (cond on sampled tp)] |  MAPE 0.033948 | RMSE 144.950012 |
Epoch 0035 [Test seq (cond on sampled tp)] | MAPE 0.062520 | RMSE 396.382675|
0.07207135111093521,0.060394275933504105,0.05509572848677635
375.45853216433903,401.5886810531392,412.1008106337574
Experiment 08-23_17:13
Epoch 0036 [Train seq (cond on sampled tp)] | Loss 5021720.203125 | MAPE 0.039577 | RMSE 127.328022 | Likelihood -5021715.562500 | KL fp 4.7055 | FP STD 0.3222 | ->nfe  502.25 | <-nfe  400.25
Epoch 0036 [Val seq (cond on sampled tp)] |  MAPE 0.045535 | RMSE 103.679692 |
Epoch 0036 [Test seq (cond on sampled tp)] | MAPE 0.070090 | RMSE 361.478078|
0.06666562706232071,0.07230640947818756,0.07129921019077301
334.99525416414485,378.13239662187107,371.3065823884624
Experiment 08-23_17:13
Epoch 0037 [Train seq (cond on sampled tp)] | Loss 5195602.062500 | MAPE 0.126342 | RMSE 137.411325 | Likelihood -5195597.250000 | KL fp 4.8522 | FP STD 0.3367 | ->nfe  450.50 | <-nfe  368.00
Epoch 0037 [Val seq (cond on sampled tp)] |  MAPE 0.048734 | RMSE 201.488843 |
Epoch 0037 [Test seq (cond on sampled tp)] | MAPE 0.077182 | RMSE 502.569334|
0.08861026912927628,0.07378368824720383,0.06915197521448135
489.86397984542606,523.0731306423605,494.77089079188966
Experiment 08-23_17:13
Epoch 0038 [Train seq (cond on sampled tp)] | Loss 5534719.500000 | MAPE 0.056425 | RMSE 155.434000 | Likelihood -5534715.062500 | KL fp 4.4755 | FP STD 0.3079 | ->nfe  566.75 | <-nfe  485.75
Epoch 0038 [Val seq (cond on sampled tp)] |  MAPE 0.035771 | RMSE 126.366225 |
Epoch 0038 [Test seq (cond on sampled tp)] | MAPE 0.057445 | RMSE 352.601007|
0.05499591678380966,0.05968337878584862,0.057656239718198776
328.05207522968055,374.73179992495966,355.01914561048676
Experiment 08-23_17:13
Epoch 0039 [Train seq (cond on sampled tp)] | Loss 4977222.796875 | MAPE 0.070178 | RMSE 127.617153 | Likelihood -4977218.437500 | KL fp 4.4203 | FP STD 0.3114 | ->nfe  698.75 | <-nfe  578.00
Epoch 0039 [Val seq (cond on sampled tp)] |  MAPE 0.033729 | RMSE 128.754460 |
Epoch 0039 [Test seq (cond on sampled tp)] | MAPE 0.053613 | RMSE 343.961092|
0.05941769853234291,0.05122731998562813,0.050192974507808685
318.032059115115,366.78738306408525,347.063833735957
Experiment 08-23_17:13
Epoch 0040 [Train seq (cond on sampled tp)] | Loss 4924452.859375 | MAPE 0.046555 | RMSE 121.443829 | Likelihood -4924448.187500 | KL fp 4.7089 | FP STD 0.3059 | ->nfe  923.75 | <-nfe  803.75
Epoch 0040 [Val seq (cond on sampled tp)] |  MAPE 0.033552 | RMSE 136.315401 |
Epoch 0040 [Test seq (cond on sampled tp)] | MAPE 0.049794 | RMSE 372.590959|
0.05463777482509613,0.04452516511082649,0.05022019147872925
353.0028328498229,397.45489130843515,367.31515334246694
0.05463777482509613,0.04452516511082649,0.05022019147872925
353.0028328498229,397.45489130843515,367.31515334246694
Epoch 0040 [Test seq (cond on sampled tp)] | Best Test MAPE 0.049794|Best Test RMSE 372.590959|
Experiment 08-23_17:13
Epoch 0041 [Train seq (cond on sampled tp)] | Loss 4986393.312500 | MAPE 0.065906 | RMSE 125.283910 | Likelihood -4986388.609375 | KL fp 4.7050 | FP STD 0.3151 | ->nfe  569.00 | <-nfe  499.25
Epoch 0041 [Val seq (cond on sampled tp)] |  MAPE 0.032613 | RMSE 158.375074 |
Best Val!
Epoch 0041 [Test seq (cond on sampled tp)] | MAPE 0.053393 | RMSE 473.526612|
0.058525245636701584,0.04903737083077431,0.05261750891804695
482.57161061856925,491.9471833947218,446.06104192699905
Experiment 08-23_17:13
Epoch 0042 [Train seq (cond on sampled tp)] | Loss 5203051.093750 | MAPE 0.047519 | RMSE 136.260077 | Likelihood -5203046.390625 | KL fp 4.7026 | FP STD 0.3578 | ->nfe 1078.25 | <-nfe 1015.25
Epoch 0042 [Val seq (cond on sampled tp)] |  MAPE 0.031415 | RMSE 141.769351 |
Best Val!
Epoch 0042 [Test seq (cond on sampled tp)] | MAPE 0.057472 | RMSE 459.966088|
0.06322429329156876,0.05597629398107529,0.05321570113301277
456.9155932718865,480.05238971908057,442.9302816189022
Experiment 08-23_17:13
Epoch 0043 [Train seq (cond on sampled tp)] | Loss 5303784.203125 | MAPE 0.040143 | RMSE 151.953916 | Likelihood -5303780.625000 | KL fp 3.5117 | FP STD 0.3785 | ->nfe 1151.75 | <-nfe 1023.50
Epoch 0043 [Val seq (cond on sampled tp)] |  MAPE 0.029947 | RMSE 131.376985 |
Best Val!
Epoch 0043 [Test seq (cond on sampled tp)] | MAPE 0.048630 | RMSE 507.199857|
0.049138765782117844,0.04850246384739876,0.048248667269945145
479.26873007217984,533.4263948756192,508.9044452301434
0.049138765782117844,0.04850246384739876,0.048248667269945145
479.26873007217984,533.4263948756192,508.9044452301434
Epoch 0043 [Test seq (cond on sampled tp)] | Best Test MAPE 0.048630|Best Test RMSE 507.199857|
Experiment 08-23_17:13
Epoch 0044 [Train seq (cond on sampled tp)] | Loss 5435601.796875 | MAPE 0.078473 | RMSE 154.764871 | Likelihood -5435598.296875 | KL fp 3.4267 | FP STD 0.3718 | ->nfe  602.75 | <-nfe  530.75
Epoch 0044 [Val seq (cond on sampled tp)] |  MAPE 0.038240 | RMSE 157.387987 |
Epoch 0044 [Test seq (cond on sampled tp)] | MAPE 0.061924 | RMSE 487.581236|
0.07097765058279037,0.06096905097365379,0.05382498726248741
468.386308910711,521.346663698925,473.0107358718193
Experiment 08-23_17:13
Epoch 0045 [Train seq (cond on sampled tp)] | Loss 5186872.093750 | MAPE 0.069998 | RMSE 142.983864 | Likelihood -5186868.718750 | KL fp 3.3602 | FP STD 0.3337 | ->nfe  911.75 | <-nfe  821.75
Epoch 0045 [Val seq (cond on sampled tp)] |  MAPE 0.037391 | RMSE 173.471010 |
Epoch 0045 [Test seq (cond on sampled tp)] | MAPE 0.058655 | RMSE 463.384406|
0.06451805680990219,0.05662356689572334,0.054824236780405045
479.32268293395003,472.77599412935507,438.05454141008516
Experiment 08-23_17:13
Epoch 0046 [Train seq (cond on sampled tp)] | Loss 5069965.781250 | MAPE 0.078185 | RMSE 131.071267 | Likelihood -5069962.390625 | KL fp 3.4334 | FP STD 0.3563 | ->nfe  637.25 | <-nfe  596.00
Epoch 0046 [Val seq (cond on sampled tp)] |  MAPE 0.038227 | RMSE 195.609404 |
Epoch 0046 [Test seq (cond on sampled tp)] | MAPE 0.067178 | RMSE 507.232822|
0.07597848773002625,0.06490396708250046,0.06065145879983902
528.5688223873973,528.4365501174195,464.6930942837434
Experiment 08-23_17:13
Epoch 0047 [Train seq (cond on sampled tp)] | Loss 5178288.968750 | MAPE 0.079762 | RMSE 134.596810 | Likelihood -5178285.468750 | KL fp 3.5275 | FP STD 0.3582 | ->nfe  600.50 | <-nfe  501.50
Epoch 0047 [Val seq (cond on sampled tp)] |  MAPE 0.037430 | RMSE 169.123811 |
Epoch 0047 [Test seq (cond on sampled tp)] | MAPE 0.066290 | RMSE 454.042686|
0.0753222182393074,0.06155194714665413,0.06199485808610916
463.16423585484233,463.75397572419797,435.2098452183728
Experiment 08-23_17:13
Epoch 0048 [Train seq (cond on sampled tp)] | Loss 5449434.812500 | MAPE 0.071645 | RMSE 156.969080 | Likelihood -5449432.093750 | KL fp 2.7766 | FP STD 0.3382 | ->nfe  786.50 | <-nfe  815.75
Epoch 0048 [Val seq (cond on sampled tp)] |  MAPE 0.033772 | RMSE 133.647230 |
Epoch 0048 [Test seq (cond on sampled tp)] | MAPE 0.054180 | RMSE 449.799559|
0.05537695437669754,0.04962609335780144,0.0575358085334301
419.97406913998867,472.96546187327465,456.4591472684056
Experiment 08-23_17:13
Epoch 0049 [Train seq (cond on sampled tp)] | Loss 5083142.218750 | MAPE 0.071489 | RMSE 136.783812 | Likelihood -5083139.171875 | KL fp 3.0752 | FP STD 0.3545 | ->nfe  851.00 | <-nfe  659.75
Epoch 0049 [Val seq (cond on sampled tp)] |  MAPE 0.032309 | RMSE 137.883379 |
Epoch 0049 [Test seq (cond on sampled tp)] | MAPE 0.063473 | RMSE 410.648626|
0.07057582587003708,0.0599597692489624,0.05988446995615959
396.72948119594037,407.98226830341537,427.2341278502924
Experiment 08-23_17:13
Epoch 0050 [Train seq (cond on sampled tp)] | Loss 5124805.296875 | MAPE 0.068702 | RMSE 128.833109 | Likelihood -5124801.812500 | KL fp 3.5401 | FP STD 0.3479 | ->nfe  489.50 | <-nfe  401.00
Epoch 0050 [Val seq (cond on sampled tp)] |  MAPE 0.034906 | RMSE 156.303728 |
Epoch 0050 [Test seq (cond on sampled tp)] | MAPE 0.062099 | RMSE 455.553391|
0.06952899694442749,0.05939216539263725,0.057374995201826096
435.62865852122263,475.3078278863078,455.7236861575224
Experiment 08-23_17:13
Epoch 0051 [Train seq (cond on sampled tp)] | Loss 5300735.515625 | MAPE 0.048701 | RMSE 145.133761 | Likelihood -5300732.109375 | KL fp 3.4386 | FP STD 0.3232 | ->nfe  794.00 | <-nfe  716.75
Epoch 0051 [Val seq (cond on sampled tp)] |  MAPE 0.035751 | RMSE 138.728067 |
Epoch 0051 [Test seq (cond on sampled tp)] | MAPE 0.058578 | RMSE 384.212151|
0.06930946558713913,0.053445398807525635,0.05298036336898804
360.1179602748244,396.28795165258305,396.2305397429633
Experiment 08-23_17:13
Epoch 0052 [Train seq (cond on sampled tp)] | Loss 5332467.453125 | MAPE 0.048005 | RMSE 149.554619 | Likelihood -5332464.453125 | KL fp 3.0648 | FP STD 0.2918 | ->nfe  722.75 | <-nfe  581.75
Epoch 0052 [Val seq (cond on sampled tp)] |  MAPE 0.043133 | RMSE 130.578333 |
Epoch 0052 [Test seq (cond on sampled tp)] | MAPE 0.059770 | RMSE 411.658130|
0.06310960650444031,0.058543283492326736,0.05765789374709129
393.5826231555453,430.525514632989,410.8662533294746
Experiment 08-23_17:13
Epoch 0053 [Train seq (cond on sampled tp)] | Loss 5073521.546875 | MAPE 0.131598 | RMSE 128.631140 | Likelihood -5073517.859375 | KL fp 3.7477 | FP STD 0.3203 | ->nfe  500.00 | <-nfe  413.75
Epoch 0053 [Val seq (cond on sampled tp)] |  MAPE 0.035464 | RMSE 144.675033 |
Epoch 0053 [Test seq (cond on sampled tp)] | MAPE 0.061432 | RMSE 395.548304|
0.06960790604352951,0.0588051863014698,0.05588195100426674
381.20430053974997,415.85379041196677,389.5868203943763
Experiment 08-23_17:13
Epoch 0054 [Train seq (cond on sampled tp)] | Loss 5041211.031250 | MAPE 0.043550 | RMSE 129.963878 | Likelihood -5041207.796875 | KL fp 3.2764 | FP STD 0.3334 | ->nfe  832.25 | <-nfe  728.75
Epoch 0054 [Val seq (cond on sampled tp)] |  MAPE 0.033405 | RMSE 110.628324 |
Epoch 0054 [Test seq (cond on sampled tp)] | MAPE 0.053891 | RMSE 342.219233|
0.061569031327962875,0.04886157810688019,0.05124098062515259
318.18783760539935,359.0506906239006,349.41917207345676
Experiment 08-23_17:13
Epoch 0055 [Train seq (cond on sampled tp)] | Loss 4863068.500000 | MAPE 0.043453 | RMSE 127.700630 | Likelihood -4863065.390625 | KL fp 3.0725 | FP STD 0.3436 | ->nfe  845.75 | <-nfe  723.50
Epoch 0055 [Val seq (cond on sampled tp)] |  MAPE 0.032324 | RMSE 112.322368 |
Epoch 0055 [Test seq (cond on sampled tp)] | MAPE 0.054040 | RMSE 333.062169|
0.05574313923716545,0.053912170231342316,0.05246613547205925
308.3582028258694,349.4351804161968,341.39312474770196
Experiment 08-23_17:13
Epoch 0056 [Train seq (cond on sampled tp)] | Loss 5009969.671875 | MAPE 0.059408 | RMSE 121.684785 | Likelihood -5009965.828125 | KL fp 3.7626 | FP STD 0.3607 | ->nfe  779.00 | <-nfe  673.25
Epoch 0056 [Val seq (cond on sampled tp)] |  MAPE 0.039921 | RMSE 138.640216 |
Epoch 0056 [Test seq (cond on sampled tp)] | MAPE 0.057669 | RMSE 381.736933|
0.06922204047441483,0.051948290318250656,0.05183658376336098
368.45276155838485,416.6004343192647,360.1576043900781
Experiment 08-23_17:13
Epoch 0057 [Train seq (cond on sampled tp)] | Loss 5024661.281250 | MAPE 0.052567 | RMSE 136.488762 | Likelihood -5024658.234375 | KL fp 3.0776 | FP STD 0.3381 | ->nfe  707.00 | <-nfe  572.00
Epoch 0057 [Val seq (cond on sampled tp)] |  MAPE 0.030830 | RMSE 96.800405 |
Epoch 0057 [Test seq (cond on sampled tp)] | MAPE 0.052277 | RMSE 353.889794|
0.054066579788923264,0.04844609647989273,0.054319482296705246
328.11689275698683,387.7161493928258,345.8363390933636
Experiment 08-23_17:13
Epoch 0058 [Train seq (cond on sampled tp)] | Loss 4985113.453125 | MAPE 0.041515 | RMSE 127.471391 | Likelihood -4985110.078125 | KL fp 3.3253 | FP STD 0.3480 | ->nfe  947.00 | <-nfe  817.25
Epoch 0058 [Val seq (cond on sampled tp)] |  MAPE 0.030744 | RMSE 114.816502 |
Epoch 0058 [Test seq (cond on sampled tp)] | MAPE 0.053050 | RMSE 362.231660|
0.058000411838293076,0.05149179697036743,0.04965899512171745
338.1304181636133,384.91283510036396,363.6517264155362
Experiment 08-23_17:13
Epoch 0059 [Train seq (cond on sampled tp)] | Loss 4911550.500000 | MAPE 0.057269 | RMSE 114.096133 | Likelihood -4911546.781250 | KL fp 3.7274 | FP STD 0.3680 | ->nfe  563.00 | <-nfe  452.75
Epoch 0059 [Val seq (cond on sampled tp)] |  MAPE 0.030753 | RMSE 142.488630 |
Epoch 0059 [Test seq (cond on sampled tp)] | MAPE 0.052103 | RMSE 444.374063|
0.0594245120882988,0.04967055097222328,0.04721280559897423
455.53807469848226,466.2519604516425,411.3321536483624
Experiment 08-23_17:13
Epoch 0060 [Train seq (cond on sampled tp)] | Loss 5042082.687500 | MAPE 0.043440 | RMSE 131.425449 | Likelihood -5042079.390625 | KL fp 3.2498 | FP STD 0.3419 | ->nfe  860.00 | <-nfe  733.25
Epoch 0060 [Val seq (cond on sampled tp)] |  MAPE 0.027325 | RMSE 111.607121 |
Best Val!
Epoch 0060 [Test seq (cond on sampled tp)] | MAPE 0.049648 | RMSE 351.499846|
0.056906990706920624,0.046713560819625854,0.04532284289598465
362.48043050625506,364.78426843820995,327.2348401759813
Experiment 08-23_17:13
Epoch 0061 [Train seq (cond on sampled tp)] | Loss 5023805.484375 | MAPE 0.055345 | RMSE 128.877369 | Likelihood -5023802.031250 | KL fp 3.4289 | FP STD 0.3466 | ->nfe 1005.50 | <-nfe  894.50
Epoch 0061 [Val seq (cond on sampled tp)] |  MAPE 0.028238 | RMSE 102.526873 |
Epoch 0061 [Test seq (cond on sampled tp)] | MAPE 0.055549 | RMSE 360.273064|
0.06379730254411697,0.05048239603638649,0.05236632376909256
336.64589844152266,376.84440174294747,367.3288929896476
Experiment 08-23_17:13
Epoch 0062 [Train seq (cond on sampled tp)] | Loss 5209470.703125 | MAPE 0.041912 | RMSE 123.854320 | Likelihood -5209466.390625 | KL fp 4.3434 | FP STD 0.3774 | ->nfe 1016.75 | <-nfe  891.50
Epoch 0062 [Val seq (cond on sampled tp)] |  MAPE 0.040252 | RMSE 124.476521 |
Epoch 0062 [Test seq (cond on sampled tp)] | MAPE 0.069212 | RMSE 386.272016|
0.08083980530500412,0.06468641012907028,0.0621100515127182
361.5925711349723,405.0169170849534,392.20655830187235
Experiment 08-23_17:13
Epoch 0063 [Train seq (cond on sampled tp)] | Loss 5003542.578125 | MAPE 0.047153 | RMSE 126.417069 | Likelihood -5003539.328125 | KL fp 3.3357 | FP STD 0.3403 | ->nfe  784.25 | <-nfe  655.25
Epoch 0063 [Val seq (cond on sampled tp)] |  MAPE 0.033856 | RMSE 124.837429 |
Epoch 0063 [Test seq (cond on sampled tp)] | MAPE 0.052956 | RMSE 370.200815|
0.06085854023694992,0.05086219683289528,0.04714841768145561
345.2359926557485,391.8782695238408,373.48818170726634
Experiment 08-23_17:13
Epoch 0064 [Train seq (cond on sampled tp)] | Loss 4899141.656250 | MAPE 0.071424 | RMSE 119.740755 | Likelihood -4899138.265625 | KL fp 3.3929 | FP STD 0.3274 | ->nfe  676.25 | <-nfe  553.25
Epoch 0064 [Val seq (cond on sampled tp)] |  MAPE 0.032438 | RMSE 113.187513 |
Epoch 0064 [Test seq (cond on sampled tp)] | MAPE 0.055152 | RMSE 343.373608|
0.06157270446419716,0.0543513298034668,0.04953137785196304
330.4139449236367,356.3594678305882,343.347411978742
Experiment 08-23_17:13
Epoch 0065 [Train seq (cond on sampled tp)] | Loss 4925412.984375 | MAPE 0.046798 | RMSE 120.344532 | Likelihood -4925409.671875 | KL fp 3.4175 | FP STD 0.3291 | ->nfe  968.75 | <-nfe  840.50
Epoch 0065 [Val seq (cond on sampled tp)] |  MAPE 0.028463 | RMSE 82.312266 |
Epoch 0065 [Test seq (cond on sampled tp)] | MAPE 0.048508 | RMSE 317.829915|
0.0488068088889122,0.04644669592380524,0.050271548330783844
284.07851302500865,337.38852325620087,332.02270724304384
0.0488068088889122,0.04644669592380524,0.050271548330783844
284.07851302500865,337.38852325620087,332.02270724304384
Epoch 0065 [Test seq (cond on sampled tp)] | Best Test MAPE 0.048508|Best Test RMSE 317.829915|
Experiment 08-23_17:13
Epoch 0066 [Train seq (cond on sampled tp)] | Loss 4872606.203125 | MAPE 0.042985 | RMSE 115.496437 | Likelihood -4872602.671875 | KL fp 3.5522 | FP STD 0.3227 | ->nfe 1103.75 | <-nfe  988.25
Epoch 0066 [Val seq (cond on sampled tp)] |  MAPE 0.032201 | RMSE 112.155270 |
Epoch 0066 [Test seq (cond on sampled tp)] | MAPE 0.056984 | RMSE 338.024556|
0.05884704366326332,0.05426953360438347,0.05783659964799881
357.23107236423317,343.9495670697959,312.8930278465789
Experiment 08-23_17:13
Epoch 0067 [Train seq (cond on sampled tp)] | Loss 4855027.234375 | MAPE 0.053505 | RMSE 108.085374 | Likelihood -4855023.375000 | KL fp 3.8158 | FP STD 0.3297 | ->nfe  551.00 | <-nfe  426.50
Epoch 0067 [Val seq (cond on sampled tp)] |  MAPE 0.034563 | RMSE 152.642806 |
Epoch 0067 [Test seq (cond on sampled tp)] | MAPE 0.061194 | RMSE 510.735907|
0.06828807294368744,0.05793270096182823,0.05736073851585388
509.40449301120225,543.1202099903851,479.68301708002963
Experiment 08-23_17:13
Epoch 0068 [Train seq (cond on sampled tp)] | Loss 5106989.703125 | MAPE 0.043723 | RMSE 140.316903 | Likelihood -5106986.515625 | KL fp 3.1652 | FP STD 0.3185 | ->nfe  619.25 | <-nfe  541.25
Epoch 0068 [Val seq (cond on sampled tp)] |  MAPE 0.028962 | RMSE 97.337435 |
Epoch 0068 [Test seq (cond on sampled tp)] | MAPE 0.049416 | RMSE 319.779180|
0.05491778254508972,0.046357858926057816,0.046971891075372696
314.20268637457576,347.24094435636476,297.89390938721795
Experiment 08-23_17:13
Epoch 0069 [Train seq (cond on sampled tp)] | Loss 5077471.640625 | MAPE 0.040698 | RMSE 128.799121 | Likelihood -5077468.140625 | KL fp 3.5105 | FP STD 0.3091 | ->nfe  780.50 | <-nfe  558.50
Epoch 0069 [Val seq (cond on sampled tp)] |  MAPE 0.030123 | RMSE 121.446040 |
Epoch 0069 [Test seq (cond on sampled tp)] | MAPE 0.048024 | RMSE 315.946328|
0.051056522876024246,0.043024368584156036,0.04999098554253578
294.88180895063704,311.7748085557908,341.18236509233594
0.051056522876024246,0.043024368584156036,0.04999098554253578
294.88180895063704,311.7748085557908,341.18236509233594
Epoch 0069 [Test seq (cond on sampled tp)] | Best Test MAPE 0.048024|Best Test RMSE 315.946328|
Experiment 08-23_17:13
Epoch 0070 [Train seq (cond on sampled tp)] | Loss 4968648.125000 | MAPE 0.080067 | RMSE 118.523511 | Likelihood -4968644.171875 | KL fp 3.9116 | FP STD 0.3057 | ->nfe  527.75 | <-nfe  396.50
Epoch 0070 [Val seq (cond on sampled tp)] |  MAPE 0.039436 | RMSE 147.925281 |
Epoch 0070 [Test seq (cond on sampled tp)] | MAPE 0.067460 | RMSE 482.064336|
0.08020084351301193,0.0625489354133606,0.0596306137740612
469.43440036921027,502.7014521562475,474.05715636408235
Experiment 08-23_17:13
Epoch 0071 [Train seq (cond on sampled tp)] | Loss 5398381.125000 | MAPE 0.047472 | RMSE 141.772249 | Likelihood -5398377.343750 | KL fp 3.6377 | FP STD 0.3140 | ->nfe  744.50 | <-nfe  607.25
Epoch 0071 [Val seq (cond on sampled tp)] |  MAPE 0.037081 | RMSE 131.262157 |
Epoch 0071 [Test seq (cond on sampled tp)] | MAPE 0.065118 | RMSE 336.184256|
0.07212544977664948,0.06265543401241302,0.06057239696383476
304.7769163667091,347.042144414767,356.73370670571626
Experiment 08-23_17:13
Epoch 0072 [Train seq (cond on sampled tp)] | Loss 4937099.687500 | MAPE 0.044137 | RMSE 124.276335 | Likelihood -4937096.078125 | KL fp 3.6438 | FP STD 0.3356 | ->nfe  926.75 | <-nfe  768.50
Epoch 0072 [Val seq (cond on sampled tp)] |  MAPE 0.041226 | RMSE 136.075792 |
Epoch 0072 [Test seq (cond on sampled tp)] | MAPE 0.057188 | RMSE 373.410911|
0.06125035136938095,0.057873811572790146,0.05244111269712448
363.95709310988843,390.6315799445815,365.64405933229654
Experiment 08-23_17:13
Epoch 0073 [Train seq (cond on sampled tp)] | Loss 4998660.234375 | MAPE 0.139471 | RMSE 123.701234 | Likelihood -4998656.390625 | KL fp 3.8212 | FP STD 0.3536 | ->nfe  701.00 | <-nfe  605.00
Epoch 0073 [Val seq (cond on sampled tp)] |  MAPE 0.035544 | RMSE 114.401239 |
Epoch 0073 [Test seq (cond on sampled tp)] | MAPE 0.054214 | RMSE 398.471922|
0.0588328093290329,0.05802333354949951,0.04578650742769241
430.9951602106455,411.6286061184281,352.79200006873737
Experiment 08-23_17:13
Epoch 0074 [Train seq (cond on sampled tp)] | Loss 4986666.250000 | MAPE 0.085006 | RMSE 134.956901 | Likelihood -4986663.125000 | KL fp 3.0641 | FP STD 0.3122 | ->nfe  782.75 | <-nfe  560.00
Epoch 0074 [Val seq (cond on sampled tp)] |  MAPE 0.038527 | RMSE 121.382953 |
Epoch 0074 [Test seq (cond on sampled tp)] | MAPE 0.061211 | RMSE 332.982461|
0.07194796204566956,0.057902704924345016,0.0537826232612133
328.5079550977419,345.2476466248539,325.19178235696546
Experiment 08-23_17:13
Epoch 0075 [Train seq (cond on sampled tp)] | Loss 4887051.750000 | MAPE 0.060526 | RMSE 110.574346 | Likelihood -4887047.625000 | KL fp 4.1335 | FP STD 0.3175 | ->nfe  675.50 | <-nfe  551.75
Epoch 0075 [Val seq (cond on sampled tp)] |  MAPE 0.033281 | RMSE 147.034893 |
Epoch 0075 [Test seq (cond on sampled tp)] | MAPE 0.053033 | RMSE 471.104469|
0.061945028603076935,0.05242021381855011,0.044734228402376175
477.16874963161615,506.4929818121866,429.6516757793457
Experiment 08-23_17:13
Epoch 0076 [Train seq (cond on sampled tp)] | Loss 5148624.812500 | MAPE 0.062508 | RMSE 140.836219 | Likelihood -5148621.828125 | KL fp 3.0686 | FP STD 0.3005 | ->nfe  815.00 | <-nfe  654.50
Epoch 0076 [Val seq (cond on sampled tp)] |  MAPE 0.032450 | RMSE 97.108092 |
Epoch 0076 [Test seq (cond on sampled tp)] | MAPE 0.056172 | RMSE 342.477647|
0.062413353472948074,0.05545663833618164,0.050646547228097916
301.03861878503227,369.0467026678331,357.34761831093823
Experiment 08-23_17:13
Epoch 0077 [Train seq (cond on sampled tp)] | Loss 4880228.953125 | MAPE 0.042719 | RMSE 117.951730 | Likelihood -4880225.546875 | KL fp 3.4303 | FP STD 0.3529 | ->nfe  803.75 | <-nfe  638.00
Epoch 0077 [Val seq (cond on sampled tp)] |  MAPE 0.034289 | RMSE 119.049909 |
Epoch 0077 [Test seq (cond on sampled tp)] | MAPE 0.053581 | RMSE 343.258618|
0.06464652717113495,0.05228710174560547,0.04380825534462929
353.6739648850336,356.723501118163,319.3783879468052
Experiment 08-23_17:13
Epoch 0078 [Train seq (cond on sampled tp)] | Loss 4869354.265625 | MAPE 0.060601 | RMSE 114.362177 | Likelihood -4869350.796875 | KL fp 3.5221 | FP STD 0.3852 | ->nfe 1004.00 | <-nfe  859.25
Epoch 0078 [Val seq (cond on sampled tp)] |  MAPE 0.036169 | RMSE 105.834136 |
Epoch 0078 [Test seq (cond on sampled tp)] | MAPE 0.056181 | RMSE 334.428046|
0.0653965175151825,0.05364937335252762,0.0494975745677948
344.9687372610741,344.3735140621299,313.9418860434205
Experiment 08-23_17:13
Epoch 0079 [Train seq (cond on sampled tp)] | Loss 4789351.984375 | MAPE 0.045144 | RMSE 114.204869 | Likelihood -4789348.656250 | KL fp 3.4124 | FP STD 0.3562 | ->nfe 1276.25 | <-nfe 1142.75
Epoch 0079 [Val seq (cond on sampled tp)] |  MAPE 0.031646 | RMSE 107.830220 |
Epoch 0079 [Test seq (cond on sampled tp)] | MAPE 0.047624 | RMSE 299.688754|
0.051195401698350906,0.04368947818875313,0.047987502068281174
298.7213506137451,314.4212565373086,285.92365403635284
0.051195401698350906,0.04368947818875313,0.047987502068281174
298.7213506137451,314.4212565373086,285.92365403635284
Epoch 0079 [Test seq (cond on sampled tp)] | Best Test MAPE 0.047624|Best Test RMSE 299.688754|
Experiment 08-23_17:13
Epoch 0080 [Train seq (cond on sampled tp)] | Loss 4905750.406250 | MAPE 0.065176 | RMSE 115.579665 | Likelihood -4905746.796875 | KL fp 3.6771 | FP STD 0.3676 | ->nfe  713.00 | <-nfe  560.75
Epoch 0080 [Val seq (cond on sampled tp)] |  MAPE 0.030200 | RMSE 124.169353 |
Epoch 0080 [Test seq (cond on sampled tp)] | MAPE 0.046545 | RMSE 362.839308|
0.054849814623594284,0.043284788727760315,0.04150104522705078
380.9666159914803,373.2201302515715,334.3311770348377
0.054849814623594284,0.043284788727760315,0.04150104522705078
380.9666159914803,373.2201302515715,334.3311770348377
Epoch 0080 [Test seq (cond on sampled tp)] | Best Test MAPE 0.046545|Best Test RMSE 362.839308|
Experiment 08-23_17:13
Epoch 0081 [Train seq (cond on sampled tp)] | Loss 4918562.234375 | MAPE 0.039686 | RMSE 117.721849 | Likelihood -4918558.671875 | KL fp 3.5216 | FP STD 0.3667 | ->nfe  849.50 | <-nfe  681.50
Epoch 0081 [Val seq (cond on sampled tp)] |  MAPE 0.029832 | RMSE 101.681632 |
Epoch 0081 [Test seq (cond on sampled tp)] | MAPE 0.050719 | RMSE 323.001512|
0.05923595279455185,0.047151483595371246,0.045770805329084396
310.7281141729856,333.4009410604595,324.87548095385716
Experiment 08-23_17:13
Epoch 0082 [Train seq (cond on sampled tp)] | Loss 4788095.390625 | MAPE 0.039998 | RMSE 111.904560 | Likelihood -4788091.843750 | KL fp 3.5065 | FP STD 0.3723 | ->nfe  920.00 | <-nfe  747.50
Epoch 0082 [Val seq (cond on sampled tp)] |  MAPE 0.028726 | RMSE 100.062236 |
Epoch 0082 [Test seq (cond on sampled tp)] | MAPE 0.046539 | RMSE 298.066575|
0.05228351429104805,0.041543684899806976,0.045788466930389404
269.118657031615,302.3650913010627,322.71597661488653
0.05228351429104805,0.041543684899806976,0.045788466930389404
269.118657031615,302.3650913010627,322.71597661488653
Epoch 0082 [Test seq (cond on sampled tp)] | Best Test MAPE 0.046539|Best Test RMSE 298.066575|
Experiment 08-23_17:13
Epoch 0083 [Train seq (cond on sampled tp)] | Loss 4768255.234375 | MAPE 0.038508 | RMSE 110.003003 | Likelihood -4768251.703125 | KL fp 3.5538 | FP STD 0.3596 | ->nfe 1061.00 | <-nfe  926.00
Epoch 0083 [Val seq (cond on sampled tp)] |  MAPE 0.028573 | RMSE 96.484794 |
Epoch 0083 [Test seq (cond on sampled tp)] | MAPE 0.045989 | RMSE 327.025427|
0.053803808987140656,0.03879772499203682,0.04536622017621994
313.22139234892626,344.50918438410315,323.34570557299816
0.053803808987140656,0.03879772499203682,0.04536622017621994
313.22139234892626,344.50918438410315,323.34570557299816
Epoch 0083 [Test seq (cond on sampled tp)] | Best Test MAPE 0.045989|Best Test RMSE 327.025427|
Experiment 08-23_17:13
Epoch 0084 [Train seq (cond on sampled tp)] | Loss 4846963.031250 | MAPE 0.038574 | RMSE 114.918144 | Likelihood -4846959.718750 | KL fp 3.2537 | FP STD 0.3598 | ->nfe 1054.25 | <-nfe  874.25
Epoch 0084 [Val seq (cond on sampled tp)] |  MAPE 0.030968 | RMSE 106.019364 |
Epoch 0084 [Test seq (cond on sampled tp)] | MAPE 0.045896 | RMSE 326.718153|
0.053116921335458755,0.044910211116075516,0.03966023400425911
342.43088946895546,347.47371753126885,290.2498519594799
0.053116921335458755,0.044910211116075516,0.03966023400425911
342.43088946895546,347.47371753126885,290.2498519594799
Epoch 0084 [Test seq (cond on sampled tp)] | Best Test MAPE 0.045896|Best Test RMSE 326.718153|
Experiment 08-23_17:13
Epoch 0085 [Train seq (cond on sampled tp)] | Loss 4809747.984375 | MAPE 0.067371 | RMSE 112.224383 | Likelihood -4809744.609375 | KL fp 3.3148 | FP STD 0.3720 | ->nfe  779.00 | <-nfe  642.50
Epoch 0085 [Val seq (cond on sampled tp)] |  MAPE 0.032051 | RMSE 129.361337 |
Epoch 0085 [Test seq (cond on sampled tp)] | MAPE 0.052734 | RMSE 366.451862|
0.06413227319717407,0.051030077040195465,0.04304077848792076
368.20998594552,384.91683354979426,346.2287673995331
Experiment 08-23_17:13
Epoch 0086 [Train seq (cond on sampled tp)] | Loss 4887136.625000 | MAPE 0.039520 | RMSE 111.768053 | Likelihood -4887133.000000 | KL fp 3.6495 | FP STD 0.3515 | ->nfe  880.25 | <-nfe  727.25
Epoch 0086 [Val seq (cond on sampled tp)] |  MAPE 0.028551 | RMSE 92.619560 |
Epoch 0086 [Test seq (cond on sampled tp)] | MAPE 0.045699 | RMSE 256.603632|
0.05393661558628082,0.045948632061481476,0.03721105679869652
250.13007553571,270.88957909543143,248.79124187006664
0.05393661558628082,0.045948632061481476,0.03721105679869652
250.13007553571,270.88957909543143,248.79124187006664
Epoch 0086 [Test seq (cond on sampled tp)] | Best Test MAPE 0.045699|Best Test RMSE 256.603632|
Experiment 08-23_17:13
Epoch 0087 [Train seq (cond on sampled tp)] | Loss 5115200.921875 | MAPE 0.045709 | RMSE 137.316720 | Likelihood -5115198.031250 | KL fp 3.0196 | FP STD 0.3212 | ->nfe  746.75 | <-nfe  566.75
Epoch 0087 [Val seq (cond on sampled tp)] |  MAPE 0.030974 | RMSE 111.463796 |
Epoch 0087 [Test seq (cond on sampled tp)] | MAPE 0.050070 | RMSE 297.057943|
0.05915824696421623,0.044393498450517654,0.04665755480527878
279.13528586063785,304.12282931818845,307.91571239139455
Experiment 08-23_17:13
Epoch 0088 [Train seq (cond on sampled tp)] | Loss 4923484.421875 | MAPE 0.068522 | RMSE 109.644545 | Likelihood -4923480.171875 | KL fp 4.2243 | FP STD 0.3370 | ->nfe  575.00 | <-nfe  422.75
Epoch 0088 [Val seq (cond on sampled tp)] |  MAPE 0.028954 | RMSE 121.667211 |
Epoch 0088 [Test seq (cond on sampled tp)] | MAPE 0.051452 | RMSE 463.723539|
0.05901072546839714,0.0480281263589859,0.0473163016140461
448.0673080018224,488.50742061917543,454.595888537281
Experiment 08-23_17:13
Epoch 0089 [Train seq (cond on sampled tp)] | Loss 5182737.046875 | MAPE 0.049663 | RMSE 141.917261 | Likelihood -5182733.937500 | KL fp 3.1388 | FP STD 0.3357 | ->nfe  835.25 | <-nfe  665.00
Epoch 0089 [Val seq (cond on sampled tp)] |  MAPE 0.034967 | RMSE 118.668019 |
Epoch 0089 [Test seq (cond on sampled tp)] | MAPE 0.058486 | RMSE 417.997394|
0.07201585918664932,0.05604712665081024,0.04739364609122276
397.2139890852285,445.40816954788784,411.3700242786292
Experiment 08-23_17:13
Epoch 0090 [Train seq (cond on sampled tp)] | Loss 5199968.046875 | MAPE 0.043359 | RMSE 146.869240 | Likelihood -5199965.468750 | KL fp 2.6028 | FP STD 0.3294 | ->nfe  832.25 | <-nfe  681.50
Epoch 0090 [Val seq (cond on sampled tp)] |  MAPE 0.034129 | RMSE 116.446050 |
Epoch 0090 [Test seq (cond on sampled tp)] | MAPE 0.049522 | RMSE 388.226096|
0.056826286017894745,0.045896369963884354,0.04584469646215439
368.4113063208023,418.14532835486756,378.1216528777478
Experiment 08-23_17:13
Epoch 0091 [Train seq (cond on sampled tp)] | Loss 4979484.812500 | MAPE 0.078605 | RMSE 122.419883 | Likelihood -4979481.609375 | KL fp 3.2241 | FP STD 0.3656 | ->nfe  759.50 | <-nfe  574.25
Epoch 0091 [Val seq (cond on sampled tp)] |  MAPE 0.033187 | RMSE 132.573439 |
Epoch 0091 [Test seq (cond on sampled tp)] | MAPE 0.056136 | RMSE 415.334353|
0.06631435453891754,0.05405942350625992,0.048033617436885834
416.85234196295454,437.22207243573604,391.92864465358997
Experiment 08-23_17:13
Epoch 0092 [Train seq (cond on sampled tp)] | Loss 5174507.828125 | MAPE 0.056533 | RMSE 127.978682 | Likelihood -5174504.546875 | KL fp 3.4109 | FP STD 0.3515 | ->nfe 1093.25 | <-nfe 1010.75
Epoch 0092 [Val seq (cond on sampled tp)] |  MAPE 0.031439 | RMSE 104.376867 |
Epoch 0092 [Test seq (cond on sampled tp)] | MAPE 0.051019 | RMSE 300.490075|
0.05952440947294235,0.051713962107896805,0.04181954264640808
271.97571410421926,325.83486519247754,303.6596444829309
Experiment 08-23_17:13
Epoch 0093 [Train seq (cond on sampled tp)] | Loss 4976753.562500 | MAPE 0.043671 | RMSE 135.413381 | Likelihood -4976750.953125 | KL fp 2.5845 | FP STD 0.3597 | ->nfe 1148.00 | <-nfe  906.50
Epoch 0093 [Val seq (cond on sampled tp)] |  MAPE 0.030214 | RMSE 90.382491 |
Epoch 0093 [Test seq (cond on sampled tp)] | MAPE 0.043962 | RMSE 287.615570|
0.045041050761938095,0.044749386608600616,0.042096927762031555
274.3090752235514,307.92647001760014,280.61116335598626
0.045041050761938095,0.044749386608600616,0.042096927762031555
274.3090752235514,307.92647001760014,280.61116335598626
Epoch 0093 [Test seq (cond on sampled tp)] | Best Test MAPE 0.043962|Best Test RMSE 287.615570|
Experiment 08-23_17:13
Epoch 0094 [Train seq (cond on sampled tp)] | Loss 4878952.687500 | MAPE 0.083578 | RMSE 110.101821 | Likelihood -4878949.031250 | KL fp 3.6026 | FP STD 0.3605 | ->nfe  758.00 | <-nfe  584.00
Epoch 0094 [Val seq (cond on sampled tp)] |  MAPE 0.033052 | RMSE 131.909126 |
Epoch 0094 [Test seq (cond on sampled tp)] | MAPE 0.056346 | RMSE 439.028981|
0.0672086626291275,0.05614825710654259,0.04568013921380043
426.12052652389326,473.40176845360435,417.5646469410455
Experiment 08-23_17:13
Epoch 0095 [Train seq (cond on sampled tp)] | Loss 4986520.062500 | MAPE 0.041156 | RMSE 129.705854 | Likelihood -4986516.921875 | KL fp 3.1876 | FP STD 0.3206 | ->nfe  888.50 | <-nfe  751.25
Epoch 0095 [Val seq (cond on sampled tp)] |  MAPE 0.031319 | RMSE 100.946159 |
Epoch 0095 [Test seq (cond on sampled tp)] | MAPE 0.054173 | RMSE 341.874913|
0.05903426185250282,0.04772670194506645,0.0557570643723011
317.91280988267835,355.11191017762275,352.6000190548775
Experiment 08-23_17:13
Epoch 0096 [Train seq (cond on sampled tp)] | Loss 5049196.984375 | MAPE 0.042312 | RMSE 131.883751 | Likelihood -5049194.078125 | KL fp 2.9731 | FP STD 0.2878 | ->nfe  853.25 | <-nfe  594.50
Epoch 0096 [Val seq (cond on sampled tp)] |  MAPE 0.035565 | RMSE 122.979999 |
Epoch 0096 [Test seq (cond on sampled tp)] | MAPE 0.050836 | RMSE 354.545471|
0.05686544254422188,0.048862118273973465,0.046781156212091446
341.49115791993796,389.08697212191515,333.0582836569299
Experiment 08-23_17:13
Epoch 0097 [Train seq (cond on sampled tp)] | Loss 4847147.359375 | MAPE 0.094251 | RMSE 116.485137 | Likelihood -4847143.796875 | KL fp 3.5060 | FP STD 0.2800 | ->nfe  729.50 | <-nfe  584.00
Epoch 0097 [Val seq (cond on sampled tp)] |  MAPE 0.029972 | RMSE 90.531611 |
Epoch 0097 [Test seq (cond on sampled tp)] | MAPE 0.050323 | RMSE 335.699639|
0.057844046503305435,0.050521448254585266,0.04260477051138878
317.18908250836756,356.11635651146383,333.79347797328217
Experiment 08-23_17:13
Epoch 0098 [Train seq (cond on sampled tp)] | Loss 4875337.359375 | MAPE 0.043366 | RMSE 117.435969 | Likelihood -4875334.156250 | KL fp 3.2263 | FP STD 0.2769 | ->nfe 1138.25 | <-nfe  918.50
Epoch 0098 [Val seq (cond on sampled tp)] |  MAPE 0.033052 | RMSE 113.728672 |
Epoch 0098 [Test seq (cond on sampled tp)] | MAPE 0.047323 | RMSE 296.928475|
0.053565267473459244,0.041044559329748154,0.047357890754938126
289.7527771652931,309.7956988081016,291.23694981492304
Experiment 08-23_17:13
Epoch 0099 [Train seq (cond on sampled tp)] | Loss 4980843.484375 | MAPE 0.093552 | RMSE 114.635288 | Likelihood -4980840.031250 | KL fp 3.4842 | FP STD 0.3169 | ->nfe  691.25 | <-nfe  500.75
Epoch 0099 [Val seq (cond on sampled tp)] |  MAPE 0.033885 | RMSE 128.114679 |
Epoch 0099 [Test seq (cond on sampled tp)] | MAPE 0.054888 | RMSE 419.812738|
0.06499185413122177,0.05492144450545311,0.04475004971027374
410.21613967517175,446.4223231705601,402.79975251357837
Experiment 08-23_17:13
Epoch 0100 [Train seq (cond on sampled tp)] | Loss 4949236.718750 | MAPE 0.043645 | RMSE 125.611113 | Likelihood -4949233.671875 | KL fp 3.1348 | FP STD 0.3473 | ->nfe  930.50 | <-nfe  775.25
Epoch 0100 [Val seq (cond on sampled tp)] |  MAPE 0.034563 | RMSE 98.135265 |
Epoch 0100 [Test seq (cond on sampled tp)] | MAPE 0.057947 | RMSE 327.902434|
0.07079197466373444,0.055271413177251816,0.04777879640460014
309.04182817621955,347.84573628262285,326.8197372023299
