/nvme/yuanjingyang/CG-ODE/ode18/run.py
ode18/run.py --heavyBall --pred_length 21 --condition_length 42
Namespace(dataset='Dec', datapath='data/', pred_length=21, condition_length=42, features='Confirmed,Deaths,Recovered,Mortality_Rate,Testing_Rate,Population,Mobility', split_interval=3, feature_out='Deaths', niters=100, lr=0.005, batch_size=8, random_seed=1991, dropout=0.2, l2=1e-05, optimizer='AdamW', clip=10, edge_lamda=0.5, heavyBall=True, actv_h=None, gamma_guess=-3.0, gamma_act='sigmoid', corr=-100, corrf=True, sign=1, augment_dim=0, solver='rk4', rtol=0.01, atol=0.01, alias='run', output_dim=1, feature_out_index=[1], num_atoms=50)
run
Experiment 09-03_21:45
Epoch 0001 [Train seq (cond on sampled tp)] | Loss 7993304.214286 | MAPE 0.211392 | RMSE 359.224742 |MAE 157.921151 | Likelihood -7993300.714286 | KL fp 3.5158 | FP STD 0.7121 | ->nfe  148.57 | <-nfe   80.00
Epoch 0001 [Val seq (cond on sampled tp)] |  MAPE 0.212582 | RMSE 282.167628 | MAE 155.941849 |
Best Val!
Epoch 0001 [Test seq (cond on sampled tp)] | MAPE 0.192646 | RMSE 850.971505| MAE 534.479553|
0.1478421986103058,0.2374507337808609
508.71398828320025,1193.2290224428837
0.1478421986103058,0.2374507337808609
508.71398828320025,1193.2290224428837
Epoch 0001 [Test seq (cond on sampled tp)] | Best Test MAPE 0.192646|Best Test RMSE 850.971505|Best Test MAE 534.479553|
Experiment 09-03_21:45
Epoch 0002 [Train seq (cond on sampled tp)] | Loss 7643972.178571 | MAPE 0.637710 | RMSE 335.999792 |MAE 165.169741 | Likelihood -7643966.250000 | KL fp 5.9387 | FP STD 1.5244 | ->nfe  194.29 | <-nfe   80.00
Epoch 0002 [Val seq (cond on sampled tp)] |  MAPE 0.136986 | RMSE 310.389020 | MAE 161.774826 |
Best Val!
Epoch 0002 [Test seq (cond on sampled tp)] | MAPE 0.155156 | RMSE 915.159372| MAE 595.758667|
0.1120968759059906,0.19821572303771973
549.8252847496193,1280.4934595693958
0.1120968759059906,0.19821572303771973
549.8252847496193,1280.4934595693958
Epoch 0002 [Test seq (cond on sampled tp)] | Best Test MAPE 0.155156|Best Test RMSE 915.159372|Best Test MAE 595.758667|
Experiment 09-03_21:45
Epoch 0003 [Train seq (cond on sampled tp)] | Loss 7611766.535714 | MAPE 0.451915 | RMSE 339.958699 |MAE 152.157950 | Likelihood -7611761.142857 | KL fp 5.3694 | FP STD 1.7284 | ->nfe  194.29 | <-nfe   80.00
Epoch 0003 [Val seq (cond on sampled tp)] |  MAPE 0.164731 | RMSE 296.187309 | MAE 154.511032 |
Epoch 0003 [Test seq (cond on sampled tp)] | MAPE 0.165216 | RMSE 885.796173| MAE 565.618668|
0.13217130303382874,0.19826002418994904
533.750878219418,1237.8414680402334
Experiment 09-03_21:45
Epoch 0004 [Train seq (cond on sampled tp)] | Loss 7579858.714286 | MAPE 0.536174 | RMSE 336.391765 |MAE 157.761276 | Likelihood -7579851.642857 | KL fp 6.8843 | FP STD 1.8127 | ->nfe  194.29 | <-nfe   80.00
Epoch 0004 [Val seq (cond on sampled tp)] |  MAPE 0.161728 | RMSE 298.932541 | MAE 156.068069 |
Epoch 0004 [Test seq (cond on sampled tp)] | MAPE 0.167170 | RMSE 889.841215| MAE 572.447433|
0.12843751907348633,0.20590300858020782
533.9064173616946,1245.776013174118
Experiment 09-03_21:45
Epoch 0005 [Train seq (cond on sampled tp)] | Loss 7595668.285714 | MAPE 0.517472 | RMSE 338.335016 |MAE 154.929416 | Likelihood -7595661.464286 | KL fp 6.8462 | FP STD 1.8969 | ->nfe  194.29 | <-nfe   80.00
Epoch 0005 [Val seq (cond on sampled tp)] |  MAPE 0.150808 | RMSE 305.230126 | MAE 159.182037 |
Epoch 0005 [Test seq (cond on sampled tp)] | MAPE 0.149234 | RMSE 898.049043| MAE 576.507553|
0.11609245091676712,0.1823764592409134
540.654637915925,1255.4434475515015
0.11609245091676712,0.1823764592409134
540.654637915925,1255.4434475515015
Epoch 0005 [Test seq (cond on sampled tp)] | Best Test MAPE 0.149234|Best Test RMSE 898.049043|Best Test MAE 576.507553|
Experiment 09-03_21:45
Epoch 0006 [Train seq (cond on sampled tp)] | Loss 7598246.321429 | MAPE 0.476959 | RMSE 339.136115 |MAE 152.992773 | Likelihood -7598239.607143 | KL fp 6.6736 | FP STD 1.9468 | ->nfe  194.29 | <-nfe   80.00
Epoch 0006 [Val seq (cond on sampled tp)] |  MAPE 0.156850 | RMSE 300.463145 | MAE 157.863846 |
Epoch 0006 [Test seq (cond on sampled tp)] | MAPE 0.157845 | RMSE 891.905652| MAE 574.270401|
0.12235856801271439,0.19333145022392273
537.2326369925788,1246.5786677943754
Experiment 09-03_21:45
Epoch 0007 [Train seq (cond on sampled tp)] | Loss 7598765.000000 | MAPE 0.500675 | RMSE 337.731349 |MAE 155.708078 | Likelihood -7598757.785714 | KL fp 7.1766 | FP STD 1.9114 | ->nfe  194.29 | <-nfe   80.00
Epoch 0007 [Val seq (cond on sampled tp)] |  MAPE 0.159793 | RMSE 298.680065 | MAE 156.310104 |
Epoch 0007 [Test seq (cond on sampled tp)] | MAPE 0.164821 | RMSE 889.460351| MAE 569.869186|
0.1245313435792923,0.20511099696159363
534.5681083828327,1244.3525927163892
Experiment 09-03_21:45
Epoch 0008 [Train seq (cond on sampled tp)] | Loss 7594910.892857 | MAPE 0.506370 | RMSE 337.892912 |MAE 154.402423 | Likelihood -7594903.821429 | KL fp 7.2000 | FP STD 1.7157 | ->nfe  194.29 | <-nfe   80.00
Epoch 0008 [Val seq (cond on sampled tp)] |  MAPE 0.151795 | RMSE 302.062519 | MAE 157.533752 |
Epoch 0008 [Test seq (cond on sampled tp)] | MAPE 0.156956 | RMSE 898.060078| MAE 578.101120|
0.12490297108888626,0.18900834023952484
539.5027224213053,1256.6174338278138
Experiment 09-03_21:45
Epoch 0009 [Train seq (cond on sampled tp)] | Loss 7601673.964286 | MAPE 0.473065 | RMSE 339.129651 |MAE 153.411765 | Likelihood -7601666.821429 | KL fp 7.2672 | FP STD 1.6448 | ->nfe  194.29 | <-nfe   80.00
Epoch 0009 [Val seq (cond on sampled tp)] |  MAPE 0.153524 | RMSE 300.207897 | MAE 156.640259 |
Epoch 0009 [Test seq (cond on sampled tp)] | MAPE 0.161919 | RMSE 896.151806| MAE 578.231735|
0.12396054714918137,0.19987766444683075
536.3695962207403,1255.9340149864563
Experiment 09-03_21:45
Epoch 0010 [Train seq (cond on sampled tp)] | Loss 7593865.428571 | MAPE 0.504288 | RMSE 337.585265 |MAE 154.277715 | Likelihood -7593857.964286 | KL fp 7.5215 | FP STD 1.6147 | ->nfe  194.29 | <-nfe   80.00
Epoch 0010 [Val seq (cond on sampled tp)] |  MAPE 0.157580 | RMSE 299.109224 | MAE 156.413971 |
Epoch 0010 [Test seq (cond on sampled tp)] | MAPE 0.160292 | RMSE 892.625532| MAE 571.830933|
0.12394171208143234,0.19664134085178375
533.1383497742402,1252.11271457485
Experiment 09-03_21:45
Epoch 0011 [Train seq (cond on sampled tp)] | Loss 7591871.500000 | MAPE 0.508324 | RMSE 337.998317 |MAE 155.092479 | Likelihood -7591863.964286 | KL fp 7.5056 | FP STD 1.5312 | ->nfe  194.29 | <-nfe   80.00
Epoch 0011 [Val seq (cond on sampled tp)] |  MAPE 0.151483 | RMSE 300.540087 | MAE 156.645294 |
Epoch 0011 [Test seq (cond on sampled tp)] | MAPE 0.156261 | RMSE 898.341860| MAE 576.909256|
0.11830514669418335,0.1942170113325119
539.9997395832705,1256.6839797657963
Experiment 09-03_21:45
Epoch 0012 [Train seq (cond on sampled tp)] | Loss 7608684.607143 | MAPE 0.483451 | RMSE 339.460648 |MAE 152.912637 | Likelihood -7608677.571429 | KL fp 7.1076 | FP STD 1.4965 | ->nfe  194.29 | <-nfe   80.00
Epoch 0012 [Val seq (cond on sampled tp)] |  MAPE 0.145234 | RMSE 304.521615 | MAE 158.215805 |
Epoch 0012 [Test seq (cond on sampled tp)] | MAPE 0.159499 | RMSE 902.955328| MAE 583.511139|
0.12671726942062378,0.19228166341781616
542.2283882276914,1263.6822682146014
Experiment 09-03_21:45
Epoch 0013 [Train seq (cond on sampled tp)] | Loss 7587495.500000 | MAPE 0.482119 | RMSE 338.567644 |MAE 153.643820 | Likelihood -7587488.071429 | KL fp 7.5555 | FP STD 1.5214 | ->nfe  194.29 | <-nfe   80.00
Epoch 0013 [Val seq (cond on sampled tp)] |  MAPE 0.157649 | RMSE 300.194091 | MAE 156.879883 |
Epoch 0013 [Test seq (cond on sampled tp)] | MAPE 0.162585 | RMSE 893.472155| MAE 575.004593|
0.12451663613319397,0.20065425336360931
537.0272630416448,1249.9170472475364
Experiment 09-03_21:45
Epoch 0014 [Train seq (cond on sampled tp)] | Loss 7578506.928571 | MAPE 0.505474 | RMSE 337.926785 |MAE 154.660508 | Likelihood -7578498.857143 | KL fp 8.0772 | FP STD 1.5796 | ->nfe  194.29 | <-nfe   80.00
Epoch 0014 [Val seq (cond on sampled tp)] |  MAPE 0.156895 | RMSE 299.755460 | MAE 156.458389 |
Epoch 0014 [Test seq (cond on sampled tp)] | MAPE 0.164374 | RMSE 897.559323| MAE 579.263489|
0.12043409794569016,0.20831416547298431
537.9883827742008,1257.130263735624
Experiment 09-03_21:45
Epoch 0015 [Train seq (cond on sampled tp)] | Loss 7612372.357143 | MAPE 0.496872 | RMSE 339.193651 |MAE 153.823484 | Likelihood -7612364.357143 | KL fp 8.0529 | FP STD 1.6491 | ->nfe  194.29 | <-nfe   80.00
Epoch 0015 [Val seq (cond on sampled tp)] |  MAPE 0.147460 | RMSE 303.842090 | MAE 158.041916 |
Epoch 0015 [Test seq (cond on sampled tp)] | MAPE 0.155430 | RMSE 901.492462| MAE 580.510666|
0.1243499368429184,0.18651065230369568
540.713706595274,1262.2712168943724
Experiment 09-03_21:45
Epoch 0016 [Train seq (cond on sampled tp)] | Loss 7606478.714286 | MAPE 0.485853 | RMSE 339.472098 |MAE 153.828595 | Likelihood -7606470.642857 | KL fp 8.0540 | FP STD 1.5772 | ->nfe  194.29 | <-nfe   80.00
Epoch 0016 [Val seq (cond on sampled tp)] |  MAPE 0.152866 | RMSE 300.955925 | MAE 156.080475 |
Epoch 0016 [Test seq (cond on sampled tp)] | MAPE 0.158860 | RMSE 894.465695| MAE 576.219971|
0.11704041808843613,0.20067961513996124
536.6798684970398,1252.2515222590068
Experiment 09-03_21:45
Epoch 0017 [Train seq (cond on sampled tp)] | Loss 7600447.000000 | MAPE 0.489650 | RMSE 338.741963 |MAE 154.514521 | Likelihood -7600438.785714 | KL fp 8.3399 | FP STD 1.5325 | ->nfe  194.29 | <-nfe   80.00
Epoch 0017 [Val seq (cond on sampled tp)] |  MAPE 0.150919 | RMSE 300.966983 | MAE 156.350540 |
Epoch 0017 [Test seq (cond on sampled tp)] | MAPE 0.158407 | RMSE 898.326531| MAE 577.092026|
0.12375253438949585,0.1930607557296753
538.6412883357532,1258.0117745871858
Experiment 09-03_21:45
Epoch 0018 [Train seq (cond on sampled tp)] | Loss 7586774.428571 | MAPE 0.483245 | RMSE 338.650857 |MAE 153.171725 | Likelihood -7586766.142857 | KL fp 8.4087 | FP STD 1.4376 | ->nfe  194.29 | <-nfe   80.00
Epoch 0018 [Val seq (cond on sampled tp)] |  MAPE 0.150696 | RMSE 302.153456 | MAE 157.072372 |
Epoch 0018 [Test seq (cond on sampled tp)] | MAPE 0.155697 | RMSE 899.175337| MAE 579.493134|
0.1207386925816536,0.19065488874912262
540.1455533002193,1258.2051203996907
Experiment 09-03_21:45
Epoch 0019 [Train seq (cond on sampled tp)] | Loss 7579051.571429 | MAPE 0.495267 | RMSE 338.162165 |MAE 153.370868 | Likelihood -7579042.892857 | KL fp 8.6367 | FP STD 1.3019 | ->nfe  194.29 | <-nfe   80.00
Epoch 0019 [Val seq (cond on sampled tp)] |  MAPE 0.151370 | RMSE 302.413017 | MAE 157.382477 |
Epoch 0019 [Test seq (cond on sampled tp)] | MAPE 0.160427 | RMSE 898.379226| MAE 579.434967|
0.12276463955640793,0.1980900764465332
539.0851045985225,1257.673347892846
Experiment 09-03_21:45
Epoch 0020 [Train seq (cond on sampled tp)] | Loss 7589807.857143 | MAPE 0.494105 | RMSE 338.979181 |MAE 153.744717 | Likelihood -7589798.785714 | KL fp 9.1007 | FP STD 1.2939 | ->nfe  194.29 | <-nfe   80.00
Epoch 0020 [Val seq (cond on sampled tp)] |  MAPE 0.153349 | RMSE 302.208550 | MAE 157.295685 |
Epoch 0020 [Test seq (cond on sampled tp)] | MAPE 0.158236 | RMSE 899.184421| MAE 578.125763|
0.12054301053285599,0.19592806696891785
538.3000441203772,1260.0687977249497
Experiment 09-03_21:45
Epoch 0021 [Train seq (cond on sampled tp)] | Loss 7594828.357143 | MAPE 0.492522 | RMSE 339.107020 |MAE 153.641830 | Likelihood -7594819.214286 | KL fp 9.2781 | FP STD 1.4204 | ->nfe  194.29 | <-nfe   80.00
Epoch 0021 [Val seq (cond on sampled tp)] |  MAPE 0.152246 | RMSE 300.653078 | MAE 156.705032 |
Epoch 0021 [Test seq (cond on sampled tp)] | MAPE 0.159036 | RMSE 898.351565| MAE 577.981781|
0.12296371906995773,0.1951073855161667
539.8239585735334,1256.879170803622
Experiment 09-03_21:45
Epoch 0022 [Train seq (cond on sampled tp)] | Loss 7578666.857143 | MAPE 0.489288 | RMSE 337.599850 |MAE 153.681781 | Likelihood -7578657.500000 | KL fp 9.4949 | FP STD 1.5083 | ->nfe  194.29 | <-nfe   80.00
Epoch 0022 [Val seq (cond on sampled tp)] |  MAPE 0.151267 | RMSE 303.165886 | MAE 157.920792 |
Epoch 0022 [Test seq (cond on sampled tp)] | MAPE 0.155394 | RMSE 895.978623| MAE 578.014755|
0.11374770849943161,0.1970399022102356
541.0491255422191,1250.9081201271338
Experiment 09-03_21:45
Epoch 0023 [Train seq (cond on sampled tp)] | Loss 7571838.607143 | MAPE 0.486842 | RMSE 338.218521 |MAE 153.399490 | Likelihood -7571828.607143 | KL fp 9.9061 | FP STD 1.5658 | ->nfe  194.29 | <-nfe   80.00
Epoch 0023 [Val seq (cond on sampled tp)] |  MAPE 0.150865 | RMSE 302.856131 | MAE 158.046402 |
Epoch 0023 [Test seq (cond on sampled tp)] | MAPE 0.156995 | RMSE 895.223504| MAE 576.944717|
0.12354949861764908,0.19044113159179688
538.3693841128041,1252.0776233924157
Experiment 09-03_21:45
Epoch 0024 [Train seq (cond on sampled tp)] | Loss 7562490.821429 | MAPE 0.499102 | RMSE 337.845692 |MAE 154.134094 | Likelihood -7562480.500000 | KL fp 10.3973 | FP STD 1.6030 | ->nfe  194.29 | <-nfe   80.00
Epoch 0024 [Val seq (cond on sampled tp)] |  MAPE 0.153621 | RMSE 302.364458 | MAE 157.626160 |
Epoch 0024 [Test seq (cond on sampled tp)] | MAPE 0.159926 | RMSE 895.957181| MAE 575.996399|
0.12170623242855072,0.19814589619636536
537.0891743928563,1254.8251870280576
Experiment 09-03_21:45
Epoch 0025 [Train seq (cond on sampled tp)] | Loss 7580319.107143 | MAPE 0.500829 | RMSE 338.112090 |MAE 154.210682 | Likelihood -7580308.321429 | KL fp 10.6591 | FP STD 1.6117 | ->nfe  194.29 | <-nfe   80.00
Epoch 0025 [Val seq (cond on sampled tp)] |  MAPE 0.150338 | RMSE 300.876740 | MAE 156.708069 |
Epoch 0025 [Test seq (cond on sampled tp)] | MAPE 0.161818 | RMSE 897.865249| MAE 576.975113|
0.12556864321231842,0.1980665922164917
539.861874695741,1255.8686237023362
Experiment 09-03_21:45
Epoch 0026 [Train seq (cond on sampled tp)] | Loss 7622289.571429 | MAPE 0.484737 | RMSE 339.339823 |MAE 153.681306 | Likelihood -7622278.964286 | KL fp 10.5788 | FP STD 1.5732 | ->nfe  194.29 | <-nfe   80.00
Epoch 0026 [Val seq (cond on sampled tp)] |  MAPE 0.145197 | RMSE 303.783550 | MAE 157.710098 |
Epoch 0026 [Test seq (cond on sampled tp)] | MAPE 0.157663 | RMSE 899.417721| MAE 580.109543|
0.11840806901454926,0.1969185620546341
539.8993829872377,1258.936058741666
Experiment 09-03_21:45
Epoch 0027 [Train seq (cond on sampled tp)] | Loss 7579123.071429 | MAPE 0.498351 | RMSE 338.108694 |MAE 154.040865 | Likelihood -7579112.000000 | KL fp 11.0384 | FP STD 1.5542 | ->nfe  194.29 | <-nfe   80.00
Epoch 0027 [Val seq (cond on sampled tp)] |  MAPE 0.155823 | RMSE 299.238343 | MAE 155.820251 |
Epoch 0027 [Test seq (cond on sampled tp)] | MAPE 0.162077 | RMSE 892.347805| MAE 573.806656|
0.12599296867847443,0.19816088676452637
535.7502041530175,1248.9454051318658
Experiment 09-03_21:45
Epoch 0028 [Train seq (cond on sampled tp)] | Loss 7583883.642857 | MAPE 0.510833 | RMSE 338.223986 |MAE 155.177460 | Likelihood -7583872.357143 | KL fp 11.4484 | FP STD 1.5402 | ->nfe  194.29 | <-nfe   80.00
Epoch 0028 [Val seq (cond on sampled tp)] |  MAPE 0.152874 | RMSE 301.024864 | MAE 156.493332 |
Epoch 0028 [Test seq (cond on sampled tp)] | MAPE 0.160066 | RMSE 895.788295| MAE 576.610504|
0.12294372916221619,0.1971888542175293
535.8040686668962,1255.7725211996
Experiment 09-03_21:45
Epoch 0029 [Train seq (cond on sampled tp)] | Loss 7599309.035714 | MAPE 0.485332 | RMSE 338.591206 |MAE 153.517440 | Likelihood -7599297.892857 | KL fp 11.2688 | FP STD 1.4898 | ->nfe  194.29 | <-nfe   80.00
Epoch 0029 [Val seq (cond on sampled tp)] |  MAPE 0.151292 | RMSE 303.233872 | MAE 157.955261 |
Epoch 0029 [Test seq (cond on sampled tp)] | MAPE 0.156914 | RMSE 900.980753| MAE 583.128448|
0.1235380545258522,0.19029051065444946
541.8704872937813,1260.0910185379466
Experiment 09-03_21:45
Epoch 0030 [Train seq (cond on sampled tp)] | Loss 7588995.535714 | MAPE 0.493779 | RMSE 338.427594 |MAE 155.218120 | Likelihood -7588984.107143 | KL fp 11.5709 | FP STD 1.3946 | ->nfe  194.29 | <-nfe   80.00
Epoch 0030 [Val seq (cond on sampled tp)] |  MAPE 0.158481 | RMSE 298.707018 | MAE 155.240845 |
Epoch 0030 [Test seq (cond on sampled tp)] | MAPE 0.167909 | RMSE 891.356550| MAE 571.816711|
0.12909908592700958,0.206719771027565
533.9266393897199,1248.7864609291694
Experiment 09-03_21:45
Epoch 0031 [Train seq (cond on sampled tp)] | Loss 7590663.107143 | MAPE 0.512535 | RMSE 338.526412 |MAE 156.225773 | Likelihood -7590651.357143 | KL fp 11.6629 | FP STD 1.3029 | ->nfe  194.29 | <-nfe   80.00
Epoch 0031 [Val seq (cond on sampled tp)] |  MAPE 0.152523 | RMSE 301.253021 | MAE 156.388229 |
Epoch 0031 [Test seq (cond on sampled tp)] | MAPE 0.158590 | RMSE 896.211562| MAE 576.552399|
0.1237035021185875,0.1934768408536911
538.4184884919907,1254.0046351588976
Experiment 09-03_21:45
Epoch 0032 [Train seq (cond on sampled tp)] | Loss 7584470.321429 | MAPE 0.484082 | RMSE 338.773943 |MAE 152.856041 | Likelihood -7584459.107143 | KL fp 11.2631 | FP STD 1.2407 | ->nfe  194.29 | <-nfe   80.00
Epoch 0032 [Val seq (cond on sampled tp)] |  MAPE 0.152734 | RMSE 302.272164 | MAE 157.841461 |
Epoch 0032 [Test seq (cond on sampled tp)] | MAPE 0.157730 | RMSE 899.476431| MAE 579.222305|
0.12542113661766052,0.19003966450691223
539.6873516212883,1259.265510128821
Experiment 09-03_21:45
Epoch 0033 [Train seq (cond on sampled tp)] | Loss 7600899.500000 | MAPE 0.494718 | RMSE 338.993299 |MAE 154.306378 | Likelihood -7600887.857143 | KL fp 11.6255 | FP STD 1.3182 | ->nfe  194.29 | <-nfe   80.00
Epoch 0033 [Val seq (cond on sampled tp)] |  MAPE 0.150282 | RMSE 301.730685 | MAE 156.890213 |
Epoch 0033 [Test seq (cond on sampled tp)] | MAPE 0.160829 | RMSE 899.007868| MAE 578.485977|
0.1237122192978859,0.19794517755508423
539.9839407334259,1258.0317961005596
Experiment 09-03_21:45
Epoch 0034 [Train seq (cond on sampled tp)] | Loss 7612782.107143 | MAPE 0.493979 | RMSE 338.902619 |MAE 153.821990 | Likelihood -7612770.357143 | KL fp 11.7003 | FP STD 1.4219 | ->nfe  194.29 | <-nfe   80.00
Epoch 0034 [Val seq (cond on sampled tp)] |  MAPE 0.149360 | RMSE 304.491431 | MAE 158.601974 |
Epoch 0034 [Test seq (cond on sampled tp)] | MAPE 0.153487 | RMSE 901.392400| MAE 580.550339|
0.12076488882303238,0.18620902299880981
540.8590389371337,1261.9257604946497
Experiment 09-03_21:45
Epoch 0035 [Train seq (cond on sampled tp)] | Loss 7602578.714286 | MAPE 0.478557 | RMSE 339.155932 |MAE 153.065201 | Likelihood -7602566.750000 | KL fp 11.7890 | FP STD 1.4230 | ->nfe  194.29 | <-nfe   80.00
Epoch 0035 [Val seq (cond on sampled tp)] |  MAPE 0.152345 | RMSE 301.947766 | MAE 156.901123 |
Epoch 0035 [Test seq (cond on sampled tp)] | MAPE 0.160473 | RMSE 897.809342| MAE 577.656967|
0.12295260280370712,0.1979924887418747
539.8632349956792,1255.7554499184944
Experiment 09-03_21:45
Epoch 0036 [Train seq (cond on sampled tp)] | Loss 7574281.714286 | MAPE 0.488111 | RMSE 338.242000 |MAE 153.873853 | Likelihood -7574269.642857 | KL fp 12.0828 | FP STD 1.3305 | ->nfe  194.29 | <-nfe   80.00
Epoch 0036 [Val seq (cond on sampled tp)] |  MAPE 0.150405 | RMSE 302.391070 | MAE 157.148254 |
Epoch 0036 [Test seq (cond on sampled tp)] | MAPE 0.159030 | RMSE 898.840510| MAE 578.750412|
0.12281940132379532,0.195240318775177
538.0380156178558,1259.6430049819671
Experiment 09-03_21:45
Epoch 0037 [Train seq (cond on sampled tp)] | Loss 7581443.142857 | MAPE 0.486429 | RMSE 338.440555 |MAE 152.983995 | Likelihood -7581430.857143 | KL fp 12.4221 | FP STD 1.3145 | ->nfe  194.29 | <-nfe   80.00
Epoch 0037 [Val seq (cond on sampled tp)] |  MAPE 0.151784 | RMSE 302.136778 | MAE 157.564606 |
Epoch 0037 [Test seq (cond on sampled tp)] | MAPE 0.156864 | RMSE 898.564215| MAE 578.872009|
0.12268362939357758,0.19104373455047607
539.6685904330545,1257.459840313002
Experiment 09-03_21:45
Epoch 0038 [Train seq (cond on sampled tp)] | Loss 7599861.285714 | MAPE 0.489660 | RMSE 339.302411 |MAE 154.175847 | Likelihood -7599848.500000 | KL fp 12.6580 | FP STD 1.3873 | ->nfe  194.29 | <-nfe   80.00
Epoch 0038 [Val seq (cond on sampled tp)] |  MAPE 0.150960 | RMSE 302.591722 | MAE 157.494827 |
Epoch 0038 [Test seq (cond on sampled tp)] | MAPE 0.158235 | RMSE 896.229133| MAE 576.886749|
0.12309981882572174,0.19336935877799988
541.0868691809108,1251.3713977073314
Experiment 09-03_21:45
Epoch 0039 [Train seq (cond on sampled tp)] | Loss 7592870.571429 | MAPE 0.481791 | RMSE 338.366984 |MAE 153.036641 | Likelihood -7592857.642857 | KL fp 12.8186 | FP STD 1.4526 | ->nfe  194.29 | <-nfe   80.00
Epoch 0039 [Val seq (cond on sampled tp)] |  MAPE 0.150296 | RMSE 302.081723 | MAE 157.103348 |
Epoch 0039 [Test seq (cond on sampled tp)] | MAPE 0.157075 | RMSE 900.239482| MAE 580.677216|
0.12039319425821304,0.1937575489282608
541.5487628090383,1258.9302006068485
Experiment 09-03_21:45
Epoch 0040 [Train seq (cond on sampled tp)] | Loss 7577236.714286 | MAPE 0.495290 | RMSE 337.663995 |MAE 154.170941 | Likelihood -7577223.500000 | KL fp 13.2914 | FP STD 1.4768 | ->nfe  194.29 | <-nfe   80.00
Epoch 0040 [Val seq (cond on sampled tp)] |  MAPE 0.159819 | RMSE 299.082229 | MAE 156.015289 |
Epoch 0040 [Test seq (cond on sampled tp)] | MAPE 0.163750 | RMSE 892.141729| MAE 571.900894|
0.12698550522327423,0.20051372051239014
536.3004346912279,1247.9830227210625
Experiment 09-03_21:45
Epoch 0041 [Train seq (cond on sampled tp)] | Loss 7585508.500000 | MAPE 0.510382 | RMSE 337.893329 |MAE 154.792080 | Likelihood -7585494.928571 | KL fp 13.4861 | FP STD 1.4449 | ->nfe  194.29 | <-nfe   80.00
Epoch 0041 [Val seq (cond on sampled tp)] |  MAPE 0.152212 | RMSE 303.159070 | MAE 157.642502 |
Epoch 0041 [Test seq (cond on sampled tp)] | MAPE 0.159150 | RMSE 899.381408| MAE 579.350327|
0.12183255702257156,0.19646789133548737
539.4235059301735,1259.3393109087003
Experiment 09-03_21:45
Epoch 0042 [Train seq (cond on sampled tp)] | Loss 7583646.750000 | MAPE 0.478182 | RMSE 338.865054 |MAE 152.407280 | Likelihood -7583633.714286 | KL fp 13.0833 | FP STD 1.3928 | ->nfe  194.29 | <-nfe   80.00
Epoch 0042 [Val seq (cond on sampled tp)] |  MAPE 0.147625 | RMSE 302.781739 | MAE 157.444046 |
Epoch 0042 [Test seq (cond on sampled tp)] | MAPE 0.157529 | RMSE 900.793851| MAE 581.233353|
0.12465398758649826,0.1904035359621048
542.0719221191963,1259.5157799726053
Experiment 09-03_21:45
Epoch 0043 [Train seq (cond on sampled tp)] | Loss 7595214.857143 | MAPE 0.496349 | RMSE 338.758931 |MAE 154.324826 | Likelihood -7595201.214286 | KL fp 13.6527 | FP STD 1.3186 | ->nfe  194.29 | <-nfe   80.00
Epoch 0043 [Val seq (cond on sampled tp)] |  MAPE 0.158201 | RMSE 298.891010 | MAE 156.132767 |
Epoch 0043 [Test seq (cond on sampled tp)] | MAPE 0.161080 | RMSE 892.183359| MAE 573.225220|
0.12206491082906723,0.2000941038131714
535.8516002588776,1248.515118050238
Experiment 09-03_21:45
Epoch 0044 [Train seq (cond on sampled tp)] | Loss 7575049.607143 | MAPE 0.510070 | RMSE 337.694968 |MAE 154.824853 | Likelihood -7575035.607143 | KL fp 13.9982 | FP STD 1.3289 | ->nfe  194.29 | <-nfe   80.00
Epoch 0044 [Val seq (cond on sampled tp)] |  MAPE 0.147753 | RMSE 302.505656 | MAE 156.895920 |
Epoch 0044 [Test seq (cond on sampled tp)] | MAPE 0.159059 | RMSE 898.282915| MAE 579.785599|
0.12172748148441315,0.19639144837856293
539.0616557964404,1257.5041749433678
Experiment 09-03_21:45
Epoch 0045 [Train seq (cond on sampled tp)] | Loss 7599500.642857 | MAPE 0.478918 | RMSE 339.331179 |MAE 153.069037 | Likelihood -7599486.857143 | KL fp 13.6574 | FP STD 1.3255 | ->nfe  194.29 | <-nfe   80.00
Epoch 0045 [Val seq (cond on sampled tp)] |  MAPE 0.151900 | RMSE 302.008317 | MAE 157.273041 |
Epoch 0045 [Test seq (cond on sampled tp)] | MAPE 0.154893 | RMSE 897.017514| MAE 576.343628|
0.12039925903081894,0.18938767910003662
539.1836421851093,1254.8513856230147
Experiment 09-03_21:45
Epoch 0046 [Train seq (cond on sampled tp)] | Loss 7594138.428571 | MAPE 0.495074 | RMSE 338.565213 |MAE 154.591103 | Likelihood -7594124.285714 | KL fp 14.1031 | FP STD 1.2345 | ->nfe  194.29 | <-nfe   80.00
Epoch 0046 [Val seq (cond on sampled tp)] |  MAPE 0.154312 | RMSE 301.573024 | MAE 156.783142 |
Epoch 0046 [Test seq (cond on sampled tp)] | MAPE 0.157159 | RMSE 895.515195| MAE 574.953949|
0.12416022270917892,0.1901569664478302
538.8356660429969,1252.1947232758969
Experiment 09-03_21:45
Epoch 0047 [Train seq (cond on sampled tp)] | Loss 7579474.071429 | MAPE 0.491715 | RMSE 338.304336 |MAE 153.606543 | Likelihood -7579460.107143 | KL fp 13.9770 | FP STD 1.1586 | ->nfe  194.29 | <-nfe   80.00
Epoch 0047 [Val seq (cond on sampled tp)] |  MAPE 0.148988 | RMSE 303.263474 | MAE 157.817474 |
Epoch 0047 [Test seq (cond on sampled tp)] | MAPE 0.158554 | RMSE 899.914666| MAE 580.080475|
0.11971572786569595,0.19739238917827606
541.3057419333365,1258.5235893697027
Experiment 09-03_21:45
Epoch 0048 [Train seq (cond on sampled tp)] | Loss 7587112.142857 | MAPE 0.474975 | RMSE 338.539014 |MAE 151.910138 | Likelihood -7587098.178571 | KL fp 13.8718 | FP STD 1.1278 | ->nfe  194.29 | <-nfe   80.00
Epoch 0048 [Val seq (cond on sampled tp)] |  MAPE 0.152143 | RMSE 301.478103 | MAE 156.509796 |
Epoch 0048 [Test seq (cond on sampled tp)] | MAPE 0.161088 | RMSE 897.807951| MAE 578.597672|
0.12226205319166183,0.19991374015808105
538.209444593831,1257.4064577534186
Experiment 09-03_21:45
Epoch 0049 [Train seq (cond on sampled tp)] | Loss 7579374.607143 | MAPE 0.495573 | RMSE 337.472269 |MAE 154.017187 | Likelihood -7579360.250000 | KL fp 14.5416 | FP STD 1.1345 | ->nfe  194.29 | <-nfe   80.00
Epoch 0049 [Val seq (cond on sampled tp)] |  MAPE 0.156869 | RMSE 300.470425 | MAE 156.634949 |
Epoch 0049 [Test seq (cond on sampled tp)] | MAPE 0.162895 | RMSE 895.936818| MAE 575.028580|
0.12545251846313477,0.20033836364746094
537.6792724292058,1254.194362927852
Experiment 09-03_21:45
Epoch 0050 [Train seq (cond on sampled tp)] | Loss 7570370.892857 | MAPE 0.496715 | RMSE 337.902648 |MAE 153.903683 | Likelihood -7570356.142857 | KL fp 14.6306 | FP STD 1.2093 | ->nfe  194.29 | <-nfe   80.00
Epoch 0050 [Val seq (cond on sampled tp)] |  MAPE 0.153543 | RMSE 302.117178 | MAE 157.493439 |
Epoch 0050 [Test seq (cond on sampled tp)] | MAPE 0.157531 | RMSE 898.478371| MAE 578.068649|
0.11916198581457138,0.19590017199516296
540.5052902146288,1256.451451509369
Experiment 09-03_21:45
Epoch 0051 [Train seq (cond on sampled tp)] | Loss 7574430.714286 | MAPE 0.485183 | RMSE 338.417696 |MAE 153.328272 | Likelihood -7574415.857143 | KL fp 14.7153 | FP STD 1.2625 | ->nfe  194.29 | <-nfe   80.00
Epoch 0051 [Val seq (cond on sampled tp)] |  MAPE 0.150914 | RMSE 301.309162 | MAE 157.381256 |
Epoch 0051 [Test seq (cond on sampled tp)] | MAPE 0.157152 | RMSE 898.585746| MAE 578.295303|
0.12068279832601547,0.1936216503381729
539.3004728349495,1257.8710188250623
Experiment 09-03_21:45
Epoch 0052 [Train seq (cond on sampled tp)] | Loss 7578273.428571 | MAPE 0.488136 | RMSE 337.679136 |MAE 153.630789 | Likelihood -7578258.071429 | KL fp 15.4183 | FP STD 1.4067 | ->nfe  194.29 | <-nfe   80.00
Epoch 0052 [Val seq (cond on sampled tp)] |  MAPE 0.152734 | RMSE 300.815610 | MAE 156.951813 |
Epoch 0052 [Test seq (cond on sampled tp)] | MAPE 0.159979 | RMSE 893.214138| MAE 575.125381|
0.12186462432146072,0.19809399545192719
533.8646539620319,1252.563621138663
Experiment 09-03_21:45
Epoch 0053 [Train seq (cond on sampled tp)] | Loss 7600117.535714 | MAPE 0.494635 | RMSE 339.178464 |MAE 154.286830 | Likelihood -7600101.785714 | KL fp 15.6609 | FP STD 1.4899 | ->nfe  194.29 | <-nfe   80.00
Epoch 0053 [Val seq (cond on sampled tp)] |  MAPE 0.151297 | RMSE 303.673409 | MAE 157.944885 |
Epoch 0053 [Test seq (cond on sampled tp)] | MAPE 0.153175 | RMSE 900.532344| MAE 579.767349|
0.117210254073143,0.1891402006149292
540.2803091914418,1260.7843788689643
Experiment 09-03_21:45
Epoch 0054 [Train seq (cond on sampled tp)] | Loss 7585193.285714 | MAPE 0.481521 | RMSE 338.645958 |MAE 152.853962 | Likelihood -7585177.964286 | KL fp 15.3425 | FP STD 1.3758 | ->nfe  194.29 | <-nfe   80.00
Epoch 0054 [Val seq (cond on sampled tp)] |  MAPE 0.150954 | RMSE 302.295269 | MAE 157.021805 |
Epoch 0054 [Test seq (cond on sampled tp)] | MAPE 0.157817 | RMSE 896.789567| MAE 577.755066|
0.1235501766204834,0.19208425283432007
538.7548433657,1254.824290488513
Experiment 09-03_21:45
Epoch 0055 [Train seq (cond on sampled tp)] | Loss 7573194.000000 | MAPE 0.506027 | RMSE 337.499392 |MAE 154.937188 | Likelihood -7573178.500000 | KL fp 15.6375 | FP STD 1.3305 | ->nfe  194.29 | <-nfe   80.00
Epoch 0055 [Val seq (cond on sampled tp)] |  MAPE 0.159860 | RMSE 297.526181 | MAE 154.919952 |
Epoch 0055 [Test seq (cond on sampled tp)] | MAPE 0.164282 | RMSE 889.968775| MAE 570.499207|
0.1264476776123047,0.20211555063724518
533.1559926513065,1246.7815566489585
Experiment 09-03_21:45
Epoch 0056 [Train seq (cond on sampled tp)] | Loss 7571580.750000 | MAPE 0.514304 | RMSE 337.430662 |MAE 155.154223 | Likelihood -7571565.000000 | KL fp 15.7305 | FP STD 1.3153 | ->nfe  194.29 | <-nfe   80.00
Epoch 0056 [Val seq (cond on sampled tp)] |  MAPE 0.151414 | RMSE 302.159997 | MAE 157.364563 |
Epoch 0056 [Test seq (cond on sampled tp)] | MAPE 0.158356 | RMSE 895.127975| MAE 575.993576|
0.12027385085821152,0.19643756747245789
537.6225732333046,1252.6333761320589
Experiment 09-03_21:45
Epoch 0057 [Train seq (cond on sampled tp)] | Loss 7596000.071429 | MAPE 0.489827 | RMSE 338.947828 |MAE 153.499663 | Likelihood -7595984.464286 | KL fp 15.5290 | FP STD 1.3296 | ->nfe  194.29 | <-nfe   80.00
Epoch 0057 [Val seq (cond on sampled tp)] |  MAPE 0.147816 | RMSE 303.757227 | MAE 157.879013 |
Epoch 0057 [Test seq (cond on sampled tp)] | MAPE 0.156297 | RMSE 900.497880| MAE 581.261093|
0.1182752400636673,0.1943179816007614
540.8912494670254,1260.104509554664
Experiment 09-03_21:45
Epoch 0058 [Train seq (cond on sampled tp)] | Loss 7585587.571429 | MAPE 0.475153 | RMSE 338.652337 |MAE 152.580634 | Likelihood -7585571.500000 | KL fp 15.8876 | FP STD 1.2800 | ->nfe  194.29 | <-nfe   80.00
Epoch 0058 [Val seq (cond on sampled tp)] |  MAPE 0.147396 | RMSE 303.033440 | MAE 157.363892 |
Epoch 0058 [Test seq (cond on sampled tp)] | MAPE 0.158258 | RMSE 900.662324| MAE 580.435226|
0.11889315396547318,0.19762352108955383
540.2448518958788,1261.0797952548444
Experiment 09-03_21:45
Epoch 0059 [Train seq (cond on sampled tp)] | Loss 7587628.428571 | MAPE 0.482030 | RMSE 338.685361 |MAE 152.606868 | Likelihood -7587612.571429 | KL fp 15.8636 | FP STD 1.3622 | ->nfe  194.29 | <-nfe   80.00
Epoch 0059 [Val seq (cond on sampled tp)] |  MAPE 0.147451 | RMSE 302.962869 | MAE 157.286713 |
Epoch 0059 [Test seq (cond on sampled tp)] | MAPE 0.162135 | RMSE 899.913429| MAE 580.895996|
0.12408792972564697,0.20018169283866882
540.8571900233924,1258.9696680222285
Experiment 09-03_21:45
Epoch 0060 [Train seq (cond on sampled tp)] | Loss 7580388.678571 | MAPE 0.499889 | RMSE 337.590655 |MAE 154.009022 | Likelihood -7580372.214286 | KL fp 16.5204 | FP STD 1.4675 | ->nfe  194.29 | <-nfe   80.00
Epoch 0060 [Val seq (cond on sampled tp)] |  MAPE 0.155376 | RMSE 299.509104 | MAE 155.814606 |
Epoch 0060 [Test seq (cond on sampled tp)] | MAPE 0.161354 | RMSE 894.951408| MAE 573.780136|
0.12184175103902817,0.20086529850959778
537.2639016349414,1252.6389144522057
Experiment 09-03_21:45
Epoch 0061 [Train seq (cond on sampled tp)] | Loss 7577263.785714 | MAPE 0.483450 | RMSE 338.123567 |MAE 152.538318 | Likelihood -7577247.750000 | KL fp 15.9422 | FP STD 1.4735 | ->nfe  194.29 | <-nfe   80.00
Epoch 0061 [Val seq (cond on sampled tp)] |  MAPE 0.146042 | RMSE 301.821230 | MAE 156.406845 |
Epoch 0061 [Test seq (cond on sampled tp)] | MAPE 0.155919 | RMSE 900.380139| MAE 578.695557|
0.12159675359725952,0.19024144113063812
541.5071271460793,1259.253151673642
Experiment 09-03_21:45
Epoch 0062 [Train seq (cond on sampled tp)] | Loss 7557482.642857 | MAPE 0.480020 | RMSE 337.121466 |MAE 152.360977 | Likelihood -7557467.321429 | KL fp 15.3579 | FP STD 1.4643 | ->nfe  194.29 | <-nfe   80.00
Epoch 0062 [Val seq (cond on sampled tp)] |  MAPE 0.154879 | RMSE 296.427347 | MAE 154.318039 |
Epoch 0062 [Test seq (cond on sampled tp)] | MAPE 0.164067 | RMSE 890.328979| MAE 571.825867|
0.12428130954504013,0.20385321974754333
533.5913991529474,1247.0665579671359
Experiment 09-03_21:45
Epoch 0063 [Train seq (cond on sampled tp)] | Loss 7512149.857143 | MAPE 0.487529 | RMSE 335.241312 |MAE 150.950807 | Likelihood -7512135.250000 | KL fp 14.7157 | FP STD 1.4079 | ->nfe  194.29 | <-nfe   80.00
Epoch 0063 [Val seq (cond on sampled tp)] |  MAPE 0.133746 | RMSE 297.366238 | MAE 152.904587 |
Best Val!
Epoch 0063 [Test seq (cond on sampled tp)] | MAPE 0.146584 | RMSE 891.987950| MAE 570.796982|
0.11372215300798416,0.17944549024105072
535.0434561790285,1248.9324441297856
0.11372215300798416,0.17944549024105072
535.0434561790285,1248.9324441297856
Epoch 0063 [Test seq (cond on sampled tp)] | Best Test MAPE 0.146584|Best Test RMSE 891.987950|Best Test MAE 570.796982|
Experiment 09-03_21:45
Epoch 0064 [Train seq (cond on sampled tp)] | Loss 7379012.428571 | MAPE 0.438275 | RMSE 327.940503 |MAE 142.535606 | Likelihood -7379000.178571 | KL fp 12.2319 | FP STD 1.2840 | ->nfe  194.29 | <-nfe   80.00
Epoch 0064 [Val seq (cond on sampled tp)] |  MAPE 0.139755 | RMSE 273.659303 | MAE 137.510162 |
Epoch 0064 [Test seq (cond on sampled tp)] | MAPE 0.139699 | RMSE 851.400003| MAE 523.011108|
0.10673633962869644,0.17266133427619934
507.27297877967044,1195.5270281344542
0.10673633962869644,0.17266133427619934
507.27297877967044,1195.5270281344542
Epoch 0064 [Test seq (cond on sampled tp)] | Best Test MAPE 0.139699|Best Test RMSE 851.400003|Best Test MAE 523.011108|
Experiment 09-03_21:45
Epoch 0065 [Train seq (cond on sampled tp)] | Loss 7026830.785714 | MAPE 0.428212 | RMSE 309.962498 |MAE 131.263610 | Likelihood -7026820.250000 | KL fp 10.5264 | FP STD 1.2357 | ->nfe  194.29 | <-nfe   80.00
Epoch 0065 [Val seq (cond on sampled tp)] |  MAPE 0.164361 | RMSE 246.341132 | MAE 129.763062 |
Epoch 0065 [Test seq (cond on sampled tp)] | MAPE 0.147572 | RMSE 795.305539| MAE 468.798523|
0.10846298187971115,0.1866806596517563
469.4121656391108,1121.1989118796005
Experiment 09-03_21:45
Epoch 0066 [Train seq (cond on sampled tp)] | Loss 6749553.303571 | MAPE 0.370424 | RMSE 293.588387 |MAE 117.272241 | Likelihood -6749543.125000 | KL fp 10.2642 | FP STD 1.1237 | ->nfe  194.29 | <-nfe   80.00
Epoch 0066 [Val seq (cond on sampled tp)] |  MAPE 0.148308 | RMSE 208.049864 | MAE 104.206215 |
Epoch 0066 [Test seq (cond on sampled tp)] | MAPE 0.143963 | RMSE 724.464310| MAE 412.445351|
0.1092689037322998,0.17865611612796783
424.95422547610934,1023.974395431839
Experiment 09-03_21:45
Epoch 0067 [Train seq (cond on sampled tp)] | Loss 6473566.589286 | MAPE 0.436502 | RMSE 274.965476 |MAE 127.477745 | Likelihood -6473556.875000 | KL fp 9.7144 | FP STD 1.0123 | ->nfe  194.29 | <-nfe   80.00
Epoch 0067 [Val seq (cond on sampled tp)] |  MAPE 0.086033 | RMSE 255.861810 | MAE 148.810944 |
Best Val!
Epoch 0067 [Test seq (cond on sampled tp)] | MAPE 0.106421 | RMSE 723.342522| MAE 460.320236|
0.08942859619855881,0.12341422587633133
441.21354311149605,1005.4715000933642
0.08942859619855881,0.12341422587633133
441.21354311149605,1005.4715000933642
Epoch 0067 [Test seq (cond on sampled tp)] | Best Test MAPE 0.106421|Best Test RMSE 723.342522|Best Test MAE 460.320236|
Experiment 09-03_21:45
Epoch 0068 [Train seq (cond on sampled tp)] | Loss 6119579.517857 | MAPE 0.318183 | RMSE 249.048901 |MAE 114.673806 | Likelihood -6119571.660714 | KL fp 7.8050 | FP STD 0.8921 | ->nfe  194.29 | <-nfe   80.00
Epoch 0068 [Val seq (cond on sampled tp)] |  MAPE 0.118285 | RMSE 225.936195 | MAE 129.103424 |
Epoch 0068 [Test seq (cond on sampled tp)] | MAPE 0.133482 | RMSE 674.623518| MAE 461.072662|
0.0994897410273552,0.1674744337797165
417.42824982264915,931.8187860308462
Experiment 09-03_21:45
Epoch 0069 [Train seq (cond on sampled tp)] | Loss 6299682.464286 | MAPE 0.550830 | RMSE 259.602343 |MAE 113.955144 | Likelihood -6299675.196429 | KL fp 7.1741 | FP STD 0.8219 | ->nfe  194.29 | <-nfe   80.00
Epoch 0069 [Val seq (cond on sampled tp)] |  MAPE 0.247401 | RMSE 247.532937 | MAE 183.190445 |
Epoch 0069 [Test seq (cond on sampled tp)] | MAPE 0.196626 | RMSE 587.351927| MAE 347.886848|
0.1483093947172165,0.2449420541524887
335.2932718158836,839.4105818966068
Experiment 09-03_21:45
Epoch 0070 [Train seq (cond on sampled tp)] | Loss 7135103.571429 | MAPE 0.658377 | RMSE 284.360016 |MAE 165.541383 | Likelihood -7135094.107143 | KL fp 9.4430 | FP STD 0.8662 | ->nfe  194.29 | <-nfe   80.00
Epoch 0070 [Val seq (cond on sampled tp)] |  MAPE 0.091887 | RMSE 306.113758 | MAE 171.382828 |
Epoch 0070 [Test seq (cond on sampled tp)] | MAPE 0.118786 | RMSE 874.178819| MAE 586.628845|
0.08912274986505508,0.14844849705696106
527.0954313499597,1221.2622056708378
Experiment 09-03_21:45
Epoch 0071 [Train seq (cond on sampled tp)] | Loss 6238407.500000 | MAPE 0.288957 | RMSE 248.567634 |MAE 113.611350 | Likelihood -6238400.017857 | KL fp 7.5473 | FP STD 0.7991 | ->nfe  194.29 | <-nfe   80.00
Epoch 0071 [Val seq (cond on sampled tp)] |  MAPE 0.078701 | RMSE 186.955856 | MAE 98.766861 |
Best Val!
Epoch 0071 [Test seq (cond on sampled tp)] | MAPE 0.084661 | RMSE 651.681020| MAE 371.529907|
0.07039318978786469,0.09892956167459488
385.55228244688163,917.8097569758125
0.07039318978786469,0.09892956167459488
385.55228244688163,917.8097569758125
Epoch 0071 [Test seq (cond on sampled tp)] | Best Test MAPE 0.084661|Best Test RMSE 651.681020|Best Test MAE 371.529907|
Experiment 09-03_21:45
Epoch 0072 [Train seq (cond on sampled tp)] | Loss 5819273.303571 | MAPE 0.166577 | RMSE 225.767149 |MAE 84.338506 | Likelihood -5819266.857143 | KL fp 6.4919 | FP STD 0.7143 | ->nfe  194.29 | <-nfe   80.00
Epoch 0072 [Val seq (cond on sampled tp)] |  MAPE 0.080433 | RMSE 201.377386 | MAE 99.813011 |
Epoch 0072 [Test seq (cond on sampled tp)] | MAPE 0.091496 | RMSE 657.005241| MAE 410.021088|
0.06653349846601486,0.11645907163619995
396.3209912747494,917.6894899692379
Experiment 09-03_21:45
Epoch 0073 [Train seq (cond on sampled tp)] | Loss 5724380.196429 | MAPE 0.161227 | RMSE 215.097316 |MAE 84.705309 | Likelihood -5724374.375000 | KL fp 5.7861 | FP STD 0.6503 | ->nfe  194.29 | <-nfe   80.00
Epoch 0073 [Val seq (cond on sampled tp)] |  MAPE 0.082659 | RMSE 164.270600 | MAE 91.642242 |
Epoch 0073 [Test seq (cond on sampled tp)] | MAPE 0.083404 | RMSE 566.448949| MAE 349.218048|
0.06640797853469849,0.10040069371461868
345.76095879234254,787.1369401190622
0.06640797853469849,0.10040069371461868
345.76095879234254,787.1369401190622
Epoch 0073 [Test seq (cond on sampled tp)] | Best Test MAPE 0.083404|Best Test RMSE 566.448949|Best Test MAE 349.218048|
Experiment 09-03_21:45
Epoch 0074 [Train seq (cond on sampled tp)] | Loss 5565641.232143 | MAPE 0.222831 | RMSE 200.754322 |MAE 84.564091 | Likelihood -5565635.160714 | KL fp 6.0520 | FP STD 0.7048 | ->nfe  194.29 | <-nfe   80.00
Epoch 0074 [Val seq (cond on sampled tp)] |  MAPE 0.077437 | RMSE 160.477747 | MAE 98.940704 |
Best Val!
Epoch 0074 [Test seq (cond on sampled tp)] | MAPE 0.070408 | RMSE 500.348391| MAE 268.751732|
0.052245836704969406,0.0885709747672081
288.1774626857555,712.5193199135024
0.052245836704969406,0.0885709747672081
288.1774626857555,712.5193199135024
Epoch 0074 [Test seq (cond on sampled tp)] | Best Test MAPE 0.070408|Best Test RMSE 500.348391|Best Test MAE 268.751732|
Experiment 09-03_21:45
Epoch 0075 [Train seq (cond on sampled tp)] | Loss 5604331.642857 | MAPE 0.156051 | RMSE 198.585877 |MAE 79.828204 | Likelihood -5604325.821429 | KL fp 5.8306 | FP STD 0.6880 | ->nfe  194.29 | <-nfe   80.00
Epoch 0075 [Val seq (cond on sampled tp)] |  MAPE 0.096966 | RMSE 180.079464 | MAE 101.872307 |
Epoch 0075 [Test seq (cond on sampled tp)] | MAPE 0.088973 | RMSE 560.868202| MAE 346.089783|
0.06557280570268631,0.11237417161464691
341.74429631304747,779.9921073318627
Experiment 09-03_21:45
Epoch 0076 [Train seq (cond on sampled tp)] | Loss 5637712.160714 | MAPE 0.280927 | RMSE 202.122788 |MAE 90.662774 | Likelihood -5637705.964286 | KL fp 6.1982 | FP STD 0.6745 | ->nfe  194.29 | <-nfe   80.00
Epoch 0076 [Val seq (cond on sampled tp)] |  MAPE 0.059203 | RMSE 173.464975 | MAE 101.502800 |
Best Val!
Epoch 0076 [Test seq (cond on sampled tp)] | MAPE 0.069882 | RMSE 569.970711| MAE 334.435692|
0.054490309208631516,0.08527402579784393
329.5103256159054,810.4310967010089
0.054490309208631516,0.08527402579784393
329.5103256159054,810.4310967010089
Epoch 0076 [Test seq (cond on sampled tp)] | Best Test MAPE 0.069882|Best Test RMSE 569.970711|Best Test MAE 334.435692|
Experiment 09-03_21:45
Epoch 0077 [Train seq (cond on sampled tp)] | Loss 5595864.000000 | MAPE 0.172121 | RMSE 198.544520 |MAE 83.845448 | Likelihood -5595857.767857 | KL fp 6.2428 | FP STD 0.5974 | ->nfe  194.29 | <-nfe   80.00
Epoch 0077 [Val seq (cond on sampled tp)] |  MAPE 0.101482 | RMSE 170.250958 | MAE 104.010414 |
Epoch 0077 [Test seq (cond on sampled tp)] | MAPE 0.092168 | RMSE 525.009726| MAE 304.535530|
0.07345149666070938,0.11088515818119049
312.80950922646196,737.2099429606196
Experiment 09-03_21:45
Epoch 0078 [Train seq (cond on sampled tp)] | Loss 5630473.517857 | MAPE 0.219843 | RMSE 217.186673 |MAE 97.989949 | Likelihood -5630468.928571 | KL fp 4.5586 | FP STD 0.6363 | ->nfe  194.29 | <-nfe   80.00
Epoch 0078 [Val seq (cond on sampled tp)] |  MAPE 0.090469 | RMSE 177.626017 | MAE 105.003990 |
Epoch 0078 [Test seq (cond on sampled tp)] | MAPE 0.107983 | RMSE 594.649688| MAE 399.867035|
0.08492765575647354,0.13103844225406647
381.2810438180739,808.0183320940188
Experiment 09-03_21:45
Epoch 0079 [Train seq (cond on sampled tp)] | Loss 5616795.535714 | MAPE 0.285516 | RMSE 194.415961 |MAE 92.922686 | Likelihood -5616791.535714 | KL fp 4.0703 | FP STD 0.7047 | ->nfe  194.29 | <-nfe   80.00
Epoch 0079 [Val seq (cond on sampled tp)] |  MAPE 0.086446 | RMSE 173.582074 | MAE 102.445442 |
Epoch 0079 [Test seq (cond on sampled tp)] | MAPE 0.092636 | RMSE 530.462878| MAE 330.468742|
0.06651487946510315,0.11875811219215393
315.85923239237445,745.066523875553
Experiment 09-03_21:45
Epoch 0080 [Train seq (cond on sampled tp)] | Loss 5476744.446429 | MAPE 0.180560 | RMSE 188.547605 |MAE 79.601537 | Likelihood -5476741.107143 | KL fp 3.3881 | FP STD 0.5674 | ->nfe  194.29 | <-nfe   80.00
Epoch 0080 [Val seq (cond on sampled tp)] |  MAPE 0.079143 | RMSE 158.840353 | MAE 89.254723 |
Epoch 0080 [Test seq (cond on sampled tp)] | MAPE 0.081873 | RMSE 500.503312| MAE 305.920174|
0.06434216350317001,0.09940293431282043
300.99916943407004,700.0074553174416
Experiment 09-03_21:45
Epoch 0081 [Train seq (cond on sampled tp)] | Loss 5533875.285714 | MAPE 0.150774 | RMSE 193.684987 |MAE 78.331684 | Likelihood -5533871.803571 | KL fp 3.3207 | FP STD 0.5503 | ->nfe  194.29 | <-nfe   80.00
Epoch 0081 [Val seq (cond on sampled tp)] |  MAPE 0.099385 | RMSE 179.645386 | MAE 98.755196 |
Epoch 0081 [Test seq (cond on sampled tp)] | MAPE 0.089045 | RMSE 595.839788| MAE 356.867531|
0.06808499991893768,0.11000511050224304
342.5032846557825,849.1762920619016
Experiment 09-03_21:45
Epoch 0082 [Train seq (cond on sampled tp)] | Loss 5632664.750000 | MAPE 0.255425 | RMSE 209.876533 |MAE 90.327417 | Likelihood -5632661.785714 | KL fp 3.0341 | FP STD 0.5983 | ->nfe  194.29 | <-nfe   80.00
Epoch 0082 [Val seq (cond on sampled tp)] |  MAPE 0.051007 | RMSE 140.921937 | MAE 82.694160 |
Best Val!
Epoch 0082 [Test seq (cond on sampled tp)] | MAPE 0.055915 | RMSE 488.496844| MAE 249.677055|
0.04529089853167534,0.06653932482004166
267.2008256910895,709.7928615096097
0.04529089853167534,0.06653932482004166
267.2008256910895,709.7928615096097
Epoch 0082 [Test seq (cond on sampled tp)] | Best Test MAPE 0.055915|Best Test RMSE 488.496844|Best Test MAE 249.677055|
Experiment 09-03_21:45
Epoch 0083 [Train seq (cond on sampled tp)] | Loss 5392523.160714 | MAPE 0.084687 | RMSE 191.508728 |MAE 71.929615 | Likelihood -5392520.267857 | KL fp 2.8531 | FP STD 0.7673 | ->nfe  194.29 | <-nfe   80.00
Epoch 0083 [Val seq (cond on sampled tp)] |  MAPE 0.053286 | RMSE 172.871226 | MAE 86.410187 |
Epoch 0083 [Test seq (cond on sampled tp)] | MAPE 0.078413 | RMSE 591.492769| MAE 355.984177|
0.05873721465468407,0.09808912128210068
349.7748047851646,833.2107326481099
Experiment 09-03_21:45
Epoch 0084 [Train seq (cond on sampled tp)] | Loss 5711159.035714 | MAPE 0.148940 | RMSE 205.754803 |MAE 94.505208 | Likelihood -5711155.875000 | KL fp 3.2539 | FP STD 0.7601 | ->nfe  194.29 | <-nfe   80.00
Epoch 0084 [Val seq (cond on sampled tp)] |  MAPE 0.063634 | RMSE 227.357347 | MAE 141.933914 |
Epoch 0084 [Test seq (cond on sampled tp)] | MAPE 0.086637 | RMSE 657.155201| MAE 413.081726|
0.06874483078718185,0.10452897846698761
389.98517600031926,924.3252268547039
Experiment 09-03_21:45
Epoch 0085 [Train seq (cond on sampled tp)] | Loss 5914200.714286 | MAPE 0.200150 | RMSE 200.282334 |MAE 102.046109 | Likelihood -5914196.321429 | KL fp 4.3444 | FP STD 0.7083 | ->nfe  194.29 | <-nfe   80.00
Epoch 0085 [Val seq (cond on sampled tp)] |  MAPE 0.085045 | RMSE 117.085476 | MAE 71.953857 |
Epoch 0085 [Test seq (cond on sampled tp)] | MAPE 0.079266 | RMSE 422.959130| MAE 245.295273|
0.05802382156252861,0.10050876438617706
227.56533230865813,618.3529281486423
Experiment 09-03_21:45
Epoch 0086 [Train seq (cond on sampled tp)] | Loss 5527015.196429 | MAPE 0.176748 | RMSE 193.698152 |MAE 94.406699 | Likelihood -5527012.125000 | KL fp 3.2024 | FP STD 0.6124 | ->nfe  194.29 | <-nfe   80.00
Epoch 0086 [Val seq (cond on sampled tp)] |  MAPE 0.065004 | RMSE 187.805543 | MAE 115.040321 |
Epoch 0086 [Test seq (cond on sampled tp)] | MAPE 0.078646 | RMSE 506.909521| MAE 343.362610|
0.06484349071979523,0.09244756400585175
289.91774156646574,723.9013011108627
Experiment 09-03_21:45
Epoch 0087 [Train seq (cond on sampled tp)] | Loss 5355481.250000 | MAPE 0.205239 | RMSE 169.786759 |MAE 78.678191 | Likelihood -5355477.482143 | KL fp 3.6900 | FP STD 0.5955 | ->nfe  194.29 | <-nfe   80.00
Epoch 0087 [Val seq (cond on sampled tp)] |  MAPE 0.064028 | RMSE 191.606082 | MAE 126.221176 |
Epoch 0087 [Test seq (cond on sampled tp)] | MAPE 0.089811 | RMSE 489.334210| MAE 327.264137|
0.07517565786838531,0.10444652289152145
285.32256964705755,693.3458507483837
Experiment 09-03_21:45
Epoch 0088 [Train seq (cond on sampled tp)] | Loss 5242710.696429 | MAPE 0.072220 | RMSE 172.829049 |MAE 71.490829 | Likelihood -5242707.482143 | KL fp 3.1934 | FP STD 0.5872 | ->nfe  194.29 | <-nfe   80.00
Epoch 0088 [Val seq (cond on sampled tp)] |  MAPE 0.054511 | RMSE 147.086005 | MAE 82.025787 |
Epoch 0088 [Test seq (cond on sampled tp)] | MAPE 0.057620 | RMSE 445.832398| MAE 265.563194|
0.0391230508685112,0.07611601054668427
251.20292624937713,640.4618694738978
Experiment 09-03_21:45
Epoch 0089 [Train seq (cond on sampled tp)] | Loss 5305858.803571 | MAPE 0.104698 | RMSE 174.001860 |MAE 67.359226 | Likelihood -5305855.696429 | KL fp 3.1079 | FP STD 0.5943 | ->nfe  194.29 | <-nfe   80.00
Epoch 0089 [Val seq (cond on sampled tp)] |  MAPE 0.044401 | RMSE 117.621114 | MAE 69.359947 |
Best Val!
Epoch 0089 [Test seq (cond on sampled tp)] | MAPE 0.060014 | RMSE 408.909307| MAE 235.030670|
0.04102332144975662,0.07900375872850418
212.00650417498989,605.8121098987705
Experiment 09-03_21:45
Epoch 0090 [Train seq (cond on sampled tp)] | Loss 5301785.142857 | MAPE 0.076376 | RMSE 167.063111 |MAE 64.924561 | Likelihood -5301781.750000 | KL fp 3.3332 | FP STD 0.6282 | ->nfe  194.29 | <-nfe   80.00
Epoch 0090 [Val seq (cond on sampled tp)] |  MAPE 0.060394 | RMSE 189.039978 | MAE 112.176590 |
Epoch 0090 [Test seq (cond on sampled tp)] | MAPE 0.082840 | RMSE 531.610811| MAE 348.961472|
0.06872039288282394,0.0969596728682518
333.95349601404087,729.2681262745548
Experiment 09-03_21:45
Epoch 0091 [Train seq (cond on sampled tp)] | Loss 5296394.000000 | MAPE 0.071059 | RMSE 169.181564 |MAE 66.744830 | Likelihood -5296390.535714 | KL fp 3.4296 | FP STD 0.6347 | ->nfe  194.29 | <-nfe   80.00
Epoch 0091 [Val seq (cond on sampled tp)] |  MAPE 0.045301 | RMSE 143.695819 | MAE 82.091393 |
Epoch 0091 [Test seq (cond on sampled tp)] | MAPE 0.064139 | RMSE 440.498095| MAE 264.796089|
0.046769753098487854,0.08150922507047653
244.61226493422197,636.3839250012527
Experiment 09-03_21:45
Epoch 0092 [Train seq (cond on sampled tp)] | Loss 5210056.821429 | MAPE 0.070855 | RMSE 167.417686 |MAE 66.591636 | Likelihood -5210053.589286 | KL fp 3.2017 | FP STD 0.6059 | ->nfe  194.29 | <-nfe   80.00
Epoch 0092 [Val seq (cond on sampled tp)] |  MAPE 0.050882 | RMSE 153.319226 | MAE 88.953293 |
Epoch 0092 [Test seq (cond on sampled tp)] | MAPE 0.059210 | RMSE 407.394070| MAE 255.083778|
0.04341236501932144,0.07500859349966049
229.7846138234673,585.0035256304017
Experiment 09-03_21:45
Epoch 0093 [Train seq (cond on sampled tp)] | Loss 5151767.232143 | MAPE 0.075412 | RMSE 159.025227 |MAE 65.206761 | Likelihood -5151763.964286 | KL fp 3.1997 | FP STD 0.6451 | ->nfe  194.29 | <-nfe   80.00
Epoch 0093 [Val seq (cond on sampled tp)] |  MAPE 0.051147 | RMSE 172.336426 | MAE 94.730003 |
Epoch 0093 [Test seq (cond on sampled tp)] | MAPE 0.063074 | RMSE 531.555200| MAE 300.281693|
0.04402541369199753,0.08212320506572723
308.7680536219704,754.342346020691
Experiment 09-03_21:45
Epoch 0094 [Train seq (cond on sampled tp)] | Loss 5417924.946429 | MAPE 0.085140 | RMSE 191.256344 |MAE 69.293667 | Likelihood -5417922.214286 | KL fp 2.7911 | FP STD 0.6236 | ->nfe  194.29 | <-nfe   80.00
Epoch 0094 [Val seq (cond on sampled tp)] |  MAPE 0.054730 | RMSE 188.974504 | MAE 110.310005 |
Epoch 0094 [Test seq (cond on sampled tp)] | MAPE 0.070717 | RMSE 555.665560| MAE 349.998833|
0.05544469878077507,0.08598928898572922
335.95165667845725,775.3794635531689
Experiment 09-03_21:45
Epoch 0095 [Train seq (cond on sampled tp)] | Loss 5425053.678571 | MAPE 0.123921 | RMSE 173.063007 |MAE 68.579423 | Likelihood -5425050.464286 | KL fp 3.3440 | FP STD 0.5946 | ->nfe  194.29 | <-nfe   80.00
Epoch 0095 [Val seq (cond on sampled tp)] |  MAPE 0.051306 | RMSE 144.499649 | MAE 87.273880 |
Epoch 0095 [Test seq (cond on sampled tp)] | MAPE 0.056660 | RMSE 386.742403| MAE 247.065292|
0.041112471371889114,0.07220763713121414
209.29742032870354,564.187385759377
Experiment 09-03_21:45
Epoch 0096 [Train seq (cond on sampled tp)] | Loss 5322158.000000 | MAPE 0.071390 | RMSE 178.169692 |MAE 74.542271 | Likelihood -5322155.214286 | KL fp 2.7520 | FP STD 0.5383 | ->nfe  194.29 | <-nfe   80.00
Epoch 0096 [Val seq (cond on sampled tp)] |  MAPE 0.049542 | RMSE 146.779197 | MAE 77.222649 |
Epoch 0096 [Test seq (cond on sampled tp)] | MAPE 0.068301 | RMSE 451.808764| MAE 266.474251|
0.04569635167717934,0.09090519696474075
266.7218823043959,636.8956449058197
Experiment 09-03_21:45
Epoch 0097 [Train seq (cond on sampled tp)] | Loss 5268491.696429 | MAPE 0.112921 | RMSE 164.772437 |MAE 63.117063 | Likelihood -5268488.482143 | KL fp 3.1324 | FP STD 0.5332 | ->nfe  194.29 | <-nfe   80.00
Epoch 0097 [Val seq (cond on sampled tp)] |  MAPE 0.051712 | RMSE 151.819769 | MAE 86.147163 |
Epoch 0097 [Test seq (cond on sampled tp)] | MAPE 0.063788 | RMSE 428.008914| MAE 273.924492|
0.04959487169981003,0.07798076421022415
246.09388293647203,609.9239450538075
Experiment 09-03_21:45
Epoch 0098 [Train seq (cond on sampled tp)] | Loss 5197810.892857 | MAPE 0.087590 | RMSE 156.971838 |MAE 64.495104 | Likelihood -5197807.696429 | KL fp 3.1553 | FP STD 0.5059 | ->nfe  194.29 | <-nfe   80.00
Epoch 0098 [Val seq (cond on sampled tp)] |  MAPE 0.048956 | RMSE 183.905302 | MAE 95.417450 |
Epoch 0098 [Test seq (cond on sampled tp)] | MAPE 0.063028 | RMSE 459.296677| MAE 282.417336|
0.04728152975440025,0.07877371460199356
295.84867331120483,622.7446808283472
Experiment 09-03_21:45
Epoch 0099 [Train seq (cond on sampled tp)] | Loss 5583330.464286 | MAPE 0.144336 | RMSE 184.169558 |MAE 86.015682 | Likelihood -5583326.857143 | KL fp 3.6217 | FP STD 0.4796 | ->nfe  194.29 | <-nfe   80.00
Epoch 0099 [Val seq (cond on sampled tp)] |  MAPE 0.047730 | RMSE 172.287426 | MAE 98.692459 |
Epoch 0099 [Test seq (cond on sampled tp)] | MAPE 0.062057 | RMSE 459.526770| MAE 299.148315|
0.04995042830705643,0.07416407018899918
272.07423734157555,646.9793031851947
Experiment 09-03_21:45
Epoch 0100 [Train seq (cond on sampled tp)] | Loss 5298195.017857 | MAPE 0.077163 | RMSE 171.832841 |MAE 75.400733 | Likelihood -5298192.196429 | KL fp 2.8891 | FP STD 0.5132 | ->nfe  194.29 | <-nfe   80.00
Epoch 0100 [Val seq (cond on sampled tp)] |  MAPE 0.073852 | RMSE 141.355761 | MAE 80.738922 |
Epoch 0100 [Test seq (cond on sampled tp)] | MAPE 0.076744 | RMSE 464.234693| MAE 283.271095|
0.05862802267074585,0.09486062079668045
281.77729736886187,646.6920876661474
