/nvme/yuanjingyang/CG-ODE/ode18/run.py
ode18/run.py --heavyBall
Namespace(dataset='Dec', datapath='data/', pred_length=14, condition_length=21, features='Confirmed,Deaths,Recovered,Mortality_Rate,Testing_Rate,Population,Mobility', split_interval=3, feature_out='Deaths', niters=100, lr=0.005, batch_size=8, random_seed=1991, dropout=0.2, l2=1e-05, optimizer='AdamW', clip=10, edge_lamda=0.5, heavyBall=True, actv_h=None, gamma_guess=-3.0, gamma_act='sigmoid', corr=-100, corrf=True, sign=1, augment_dim=0, solver='rk4', rtol=0.01, atol=0.01, alias='run', output_dim=1, feature_out_index=[1], num_atoms=50)
run
Experiment 09-03_21:35
Epoch 0001 [Train seq (cond on sampled tp)] | Loss 8170935.031250 | MAPE 0.204567 | RMSE 266.067276 |MAE 121.337732 | Likelihood -8170930.906250 | KL fp 4.1443 | FP STD 0.6896 | ->nfe   97.50 | <-nfe   52.00
Epoch 0001 [Val seq (cond on sampled tp)] |  MAPE 0.148746 | RMSE 229.567690 | MAE 125.241440 |
Best Val!
Epoch 0001 [Test seq (cond on sampled tp)] | MAPE 0.169600 | RMSE 758.258265| MAE 474.665792|
0.19072498381137848,0.1655167192220688,0.15255846083164215
746.9129383669826,786.3085033878242,741.5533527670143
0.19072498381137848,0.1655167192220688,0.15255846083164215
746.9129383669826,786.3085033878242,741.5533527670143
Epoch 0001 [Test seq (cond on sampled tp)] | Best Test MAPE 0.169600|Best Test RMSE 758.258265|Best Test MAE 474.665792|
Experiment 09-03_21:35
Epoch 0002 [Train seq (cond on sampled tp)] | Loss 7649801.812500 | MAPE 0.553583 | RMSE 247.766017 |MAE 120.601249 | Likelihood -7649795.687500 | KL fp 6.0751 | FP STD 1.2526 | ->nfe  130.00 | <-nfe   52.00
Epoch 0002 [Val seq (cond on sampled tp)] |  MAPE 0.041678 | RMSE 253.555852 | MAE 128.120605 |
Best Val!
Epoch 0002 [Test seq (cond on sampled tp)] | MAPE 0.083578 | RMSE 817.086238| MAE 520.373098|
0.09602497518062592,0.08660148084163666,0.06810624152421951
810.0880739154231,845.4363887957509,795.7342521219003
0.09602497518062592,0.08660148084163666,0.06810624152421951
810.0880739154231,845.4363887957509,795.7342521219003
Epoch 0002 [Test seq (cond on sampled tp)] | Best Test MAPE 0.083578|Best Test RMSE 817.086238|Best Test MAE 520.373098|
Experiment 09-03_21:35
Epoch 0003 [Train seq (cond on sampled tp)] | Loss 7421701.718750 | MAPE 0.142753 | RMSE 243.848194 |MAE 98.769833 | Likelihood -7421696.781250 | KL fp 4.9945 | FP STD 1.3224 | ->nfe  130.00 | <-nfe   52.00
Epoch 0003 [Val seq (cond on sampled tp)] |  MAPE 0.046903 | RMSE 223.520920 | MAE 115.928383 |
Epoch 0003 [Test seq (cond on sampled tp)] | MAPE 0.076309 | RMSE 753.569847| MAE 458.515798|
0.07478984445333481,0.07995454967021942,0.07418244332075119
734.1346947257023,773.1978643917739,753.3769806677133
0.07478984445333481,0.07995454967021942,0.07418244332075119
734.1346947257023,773.1978643917739,753.3769806677133
Epoch 0003 [Test seq (cond on sampled tp)] | Best Test MAPE 0.076309|Best Test RMSE 753.569847|Best Test MAE 458.515798|
Experiment 09-03_21:35
Epoch 0004 [Train seq (cond on sampled tp)] | Loss 7008061.375000 | MAPE 0.170797 | RMSE 227.998931 |MAE 100.927314 | Likelihood -7008055.093750 | KL fp 6.2625 | FP STD 1.1228 | ->nfe  130.00 | <-nfe   52.00
Epoch 0004 [Val seq (cond on sampled tp)] |  MAPE 0.065226 | RMSE 244.992562 | MAE 144.109009 |
Epoch 0004 [Test seq (cond on sampled tp)] | MAPE 0.091991 | RMSE 738.844848| MAE 482.490580|
0.10194459557533264,0.09160081297159195,0.08242866396903992
713.4881743939419,759.5677224579781,743.4786479785415
Experiment 09-03_21:35
Epoch 0005 [Train seq (cond on sampled tp)] | Loss 6726052.312500 | MAPE 0.235998 | RMSE 220.096514 |MAE 95.941434 | Likelihood -6726048.343750 | KL fp 3.9757 | FP STD 0.7704 | ->nfe  130.00 | <-nfe   52.00
Epoch 0005 [Val seq (cond on sampled tp)] |  MAPE 0.104896 | RMSE 225.581653 | MAE 121.568878 |
Epoch 0005 [Test seq (cond on sampled tp)] | MAPE 0.133890 | RMSE 758.587141| MAE 481.265411|
0.15278346836566925,0.12909282743930817,0.11979296058416367
758.1784503004553,767.8181343912112,749.7648381325974
Experiment 09-03_21:35
Epoch 0006 [Train seq (cond on sampled tp)] | Loss 7006917.875000 | MAPE 0.484697 | RMSE 225.457549 |MAE 112.880578 | Likelihood -7006914.125000 | KL fp 3.7419 | FP STD 0.8872 | ->nfe  130.00 | <-nfe   52.00
Epoch 0006 [Val seq (cond on sampled tp)] |  MAPE 0.098094 | RMSE 214.815800 | MAE 119.588974 |
Epoch 0006 [Test seq (cond on sampled tp)] | MAPE 0.124303 | RMSE 732.877039| MAE 460.927958|
0.14335428178310394,0.12426597625017166,0.10528760403394699
735.3796638471858,728.5869457381185,734.6645067648226
Experiment 09-03_21:35
Epoch 0007 [Train seq (cond on sampled tp)] | Loss 7116757.281250 | MAPE 0.373923 | RMSE 232.499754 |MAE 107.075004 | Likelihood -7116754.968750 | KL fp 2.2765 | FP STD 1.0762 | ->nfe  130.00 | <-nfe   52.00
Epoch 0007 [Val seq (cond on sampled tp)] |  MAPE 0.101234 | RMSE 249.588834 | MAE 131.638901 |
Epoch 0007 [Test seq (cond on sampled tp)] | MAPE 0.137954 | RMSE 811.003049| MAE 519.708954|
0.15629857778549194,0.13609249889850616,0.12147241085767746
802.9690218184012,840.2344910797224,789.805632735042
Experiment 09-03_21:35
Epoch 0008 [Train seq (cond on sampled tp)] | Loss 7677447.593750 | MAPE 0.481452 | RMSE 248.974628 |MAE 120.968293 | Likelihood -7677445.312500 | KL fp 2.2581 | FP STD 1.0051 | ->nfe  130.00 | <-nfe   52.00
Epoch 0008 [Val seq (cond on sampled tp)] |  MAPE 0.101668 | RMSE 246.096208 | MAE 127.975426 |
Epoch 0008 [Test seq (cond on sampled tp)] | MAPE 0.132513 | RMSE 798.276334| MAE 506.142822|
0.15060053765773773,0.13376381993293762,0.11317508667707443
788.1947728829467,828.7469456957292,777.8872829658549
Experiment 09-03_21:35
Epoch 0009 [Train seq (cond on sampled tp)] | Loss 7347186.312500 | MAPE 0.316355 | RMSE 242.903249 |MAE 98.380683 | Likelihood -7347184.781250 | KL fp 1.4717 | FP STD 0.8193 | ->nfe  130.00 | <-nfe   52.00
Epoch 0009 [Val seq (cond on sampled tp)] |  MAPE 0.038200 | RMSE 220.813968 | MAE 104.447495 |
Best Val!
Epoch 0009 [Test seq (cond on sampled tp)] | MAPE 0.069935 | RMSE 753.155975| MAE 446.556508|
0.0756867453455925,0.07104489207267761,0.0630721002817154
746.3464761757772,780.3165223164251,732.8049279992596
0.0756867453455925,0.07104489207267761,0.0630721002817154
746.3464761757772,780.3165223164251,732.8049279992596
Epoch 0009 [Test seq (cond on sampled tp)] | Best Test MAPE 0.069935|Best Test RMSE 753.155975|Best Test MAE 446.556508|
Experiment 09-03_21:35
Epoch 0010 [Train seq (cond on sampled tp)] | Loss 6513278.375000 | MAPE 0.095022 | RMSE 215.086716 |MAE 76.307176 | Likelihood -6513276.484375 | KL fp 1.7535 | FP STD 0.6262 | ->nfe  130.00 | <-nfe   52.00
Epoch 0010 [Val seq (cond on sampled tp)] |  MAPE 0.065634 | RMSE 167.120968 | MAE 84.130928 |
Epoch 0010 [Test seq (cond on sampled tp)] | MAPE 0.092315 | RMSE 623.938520| MAE 342.690816|
0.09786102175712585,0.09654635936021805,0.08253645896911621
606.5214598429309,653.7074077903661,611.5866915245949
Experiment 09-03_21:35
Epoch 0011 [Train seq (cond on sampled tp)] | Loss 5798192.187500 | MAPE 0.100473 | RMSE 181.593153 |MAE 67.207358 | Likelihood -5798189.843750 | KL fp 2.2947 | FP STD 0.5104 | ->nfe  130.00 | <-nfe   52.00
Epoch 0011 [Val seq (cond on sampled tp)] |  MAPE 0.037178 | RMSE 135.909724 | MAE 73.437683 |
Best Val!
Epoch 0011 [Test seq (cond on sampled tp)] | MAPE 0.050412 | RMSE 510.847125| MAE 270.951711|
0.0552118681371212,0.05226929485797882,0.04375632479786873
486.6020576405324,534.8585093274669,511.08080941275813
0.0552118681371212,0.05226929485797882,0.04375632479786873
486.6020576405324,534.8585093274669,511.08080941275813
Epoch 0011 [Test seq (cond on sampled tp)] | Best Test MAPE 0.050412|Best Test RMSE 510.847125|Best Test MAE 270.951711|
Experiment 09-03_21:35
Epoch 0012 [Train seq (cond on sampled tp)] | Loss 5604464.968750 | MAPE 0.121588 | RMSE 168.930344 |MAE 73.562909 | Likelihood -5604462.437500 | KL fp 2.3973 | FP STD 0.4292 | ->nfe  130.00 | <-nfe   52.00
Epoch 0012 [Val seq (cond on sampled tp)] |  MAPE 0.045520 | RMSE 134.246843 | MAE 87.094185 |
Epoch 0012 [Test seq (cond on sampled tp)] | MAPE 0.059875 | RMSE 463.338605| MAE 277.174367|
0.06505390256643295,0.058934953063726425,0.05563465878367424
433.5944065310345,485.5388758894595,470.88253245899875
Experiment 09-03_21:35
Epoch 0013 [Train seq (cond on sampled tp)] | Loss 5428507.343750 | MAPE 0.171292 | RMSE 161.487272 |MAE 72.182823 | Likelihood -5428505.125000 | KL fp 2.2252 | FP STD 0.3925 | ->nfe  130.00 | <-nfe   52.00
Epoch 0013 [Val seq (cond on sampled tp)] |  MAPE 0.042536 | RMSE 118.175626 | MAE 75.185143 |
Epoch 0013 [Test seq (cond on sampled tp)] | MAPE 0.055513 | RMSE 430.466396| MAE 259.992213|
0.06394506990909576,0.054321952164173126,0.048272754997015
412.73635274228025,447.63329020527505,431.029545101029
Experiment 09-03_21:35
Epoch 0014 [Train seq (cond on sampled tp)] | Loss 5685090.140625 | MAPE 0.192240 | RMSE 162.961489 |MAE 77.229360 | Likelihood -5685087.593750 | KL fp 2.5348 | FP STD 0.3876 | ->nfe  130.00 | <-nfe   52.00
Epoch 0014 [Val seq (cond on sampled tp)] |  MAPE 0.048309 | RMSE 173.938752 | MAE 120.742363 |
Epoch 0014 [Test seq (cond on sampled tp)] | MAPE 0.074835 | RMSE 490.326706| MAE 330.636790|
0.09068313986063004,0.07589133828878403,0.05792943015694618
484.8812837953224,521.1814703152828,464.9173649693029
Experiment 09-03_21:35
Epoch 0015 [Train seq (cond on sampled tp)] | Loss 5617366.484375 | MAPE 0.148140 | RMSE 161.294478 |MAE 74.504899 | Likelihood -5617363.968750 | KL fp 2.5502 | FP STD 0.3514 | ->nfe  130.00 | <-nfe   52.00
Epoch 0015 [Val seq (cond on sampled tp)] |  MAPE 0.056156 | RMSE 190.409520 | MAE 114.090523 |
Epoch 0015 [Test seq (cond on sampled tp)] | MAPE 0.075590 | RMSE 620.684889| MAE 384.810750|
0.08856614679098129,0.0746399313211441,0.06356468051671982
618.0409573806577,648.3798558715408,595.6338535543459
Experiment 09-03_21:35
Epoch 0016 [Train seq (cond on sampled tp)] | Loss 5666042.968750 | MAPE 0.134019 | RMSE 166.649101 |MAE 72.409102 | Likelihood -5666040.281250 | KL fp 2.6199 | FP STD 0.3381 | ->nfe  130.00 | <-nfe   52.00
Epoch 0016 [Val seq (cond on sampled tp)] |  MAPE 0.053946 | RMSE 129.613857 | MAE 84.164474 |
Epoch 0016 [Test seq (cond on sampled tp)] | MAPE 0.066586 | RMSE 434.967704| MAE 268.358765|
0.07402944564819336,0.0670408308506012,0.058686837553977966
403.3262094756551,462.3689341316088,439.2079696738209
Experiment 09-03_21:35
Epoch 0017 [Train seq (cond on sampled tp)] | Loss 5462486.421875 | MAPE 0.172845 | RMSE 150.710778 |MAE 64.675846 | Likelihood -5462483.328125 | KL fp 3.0041 | FP STD 0.3401 | ->nfe  130.00 | <-nfe   52.00
Epoch 0017 [Val seq (cond on sampled tp)] |  MAPE 0.041362 | RMSE 145.085044 | MAE 88.948517 |
Epoch 0017 [Test seq (cond on sampled tp)] | MAPE 0.061164 | RMSE 467.000623| MAE 302.651713|
0.06893407553434372,0.0609772764146328,0.05358124151825905
464.45976682593295,488.218748999872,448.3233521968268
Experiment 09-03_21:35
Epoch 0018 [Train seq (cond on sampled tp)] | Loss 5250004.625000 | MAPE 0.118905 | RMSE 142.426805 |MAE 62.362772 | Likelihood -5250001.796875 | KL fp 2.8607 | FP STD 0.3267 | ->nfe  130.00 | <-nfe   52.00
Epoch 0018 [Val seq (cond on sampled tp)] |  MAPE 0.058966 | RMSE 169.706600 | MAE 86.991882 |
Epoch 0018 [Test seq (cond on sampled tp)] | MAPE 0.079443 | RMSE 590.692404| MAE 350.524180|
0.08808978646993637,0.08108098804950714,0.06915957480669022
579.0679472220855,620.5856608881646,572.4236029812188
Experiment 09-03_21:35
Epoch 0019 [Train seq (cond on sampled tp)] | Loss 5485075.609375 | MAPE 0.165218 | RMSE 153.771121 |MAE 64.127758 | Likelihood -5485072.921875 | KL fp 2.6870 | FP STD 0.3029 | ->nfe  130.00 | <-nfe   52.00
Epoch 0019 [Val seq (cond on sampled tp)] |  MAPE 0.058890 | RMSE 106.265495 | MAE 61.871105 |
Epoch 0019 [Test seq (cond on sampled tp)] | MAPE 0.071248 | RMSE 403.648485| MAE 224.769933|
0.0753256231546402,0.07790439575910568,0.06051405891776085
382.8940576386633,429.7096585195637,398.34173849221474
Experiment 09-03_21:35
Epoch 0020 [Train seq (cond on sampled tp)] | Loss 6071030.312500 | MAPE 0.161180 | RMSE 190.404012 |MAE 95.189220 | Likelihood -6071028.093750 | KL fp 2.2134 | FP STD 0.2921 | ->nfe  130.00 | <-nfe   52.00
Epoch 0020 [Val seq (cond on sampled tp)] |  MAPE 0.032974 | RMSE 132.533464 | MAE 79.400558 |
Best Val!
Epoch 0020 [Test seq (cond on sampled tp)] | MAPE 0.053436 | RMSE 446.591533| MAE 271.220286|
0.0593191422522068,0.05220070853829384,0.04878769814968109
432.7208973460838,473.68358703358086,433.3701146249012
Experiment 09-03_21:35
Epoch 0021 [Train seq (cond on sampled tp)] | Loss 5276913.015625 | MAPE 0.142672 | RMSE 147.392531 |MAE 72.298383 | Likelihood -5276910.109375 | KL fp 2.9485 | FP STD 0.3239 | ->nfe  130.00 | <-nfe   52.00
Epoch 0021 [Val seq (cond on sampled tp)] |  MAPE 0.044498 | RMSE 104.447771 | MAE 61.574493 |
Epoch 0021 [Test seq (cond on sampled tp)] | MAPE 0.053611 | RMSE 415.494375| MAE 228.260630|
0.057580914348363876,0.054206591099500656,0.04904453083872795
398.3907668671552,437.1384577568073,410.95390176393266
Experiment 09-03_21:35
Epoch 0022 [Train seq (cond on sampled tp)] | Loss 5299386.812500 | MAPE 0.170215 | RMSE 146.379451 |MAE 61.889831 | Likelihood -5299383.875000 | KL fp 2.9283 | FP STD 0.2925 | ->nfe  130.00 | <-nfe   52.00
Epoch 0022 [Val seq (cond on sampled tp)] |  MAPE 0.041539 | RMSE 127.024162 | MAE 82.330948 |
Epoch 0022 [Test seq (cond on sampled tp)] | MAPE 0.056859 | RMSE 423.620317| MAE 252.315420|
0.06362386792898178,0.05664236098527908,0.05031109228730202
401.89232077759334,451.5582915028801,417.4103384261104
Experiment 09-03_21:35
Epoch 0023 [Train seq (cond on sampled tp)] | Loss 5182500.281250 | MAPE 0.113838 | RMSE 147.926445 |MAE 62.850474 | Likelihood -5182497.453125 | KL fp 2.7923 | FP STD 0.2718 | ->nfe  130.00 | <-nfe   52.00
Epoch 0023 [Val seq (cond on sampled tp)] |  MAPE 0.046173 | RMSE 169.248367 | MAE 94.677086 |
Epoch 0023 [Test seq (cond on sampled tp)] | MAPE 0.066606 | RMSE 540.084433| MAE 357.039164|
0.07411955296993256,0.06658793240785599,0.059110887348651886
551.2838141556489,554.8968372589629,514.0726480761256
Experiment 09-03_21:35
Epoch 0024 [Train seq (cond on sampled tp)] | Loss 5082637.156250 | MAPE 0.147583 | RMSE 139.828754 |MAE 57.299187 | Likelihood -5082634.187500 | KL fp 2.8607 | FP STD 0.2556 | ->nfe  130.00 | <-nfe   52.00
Epoch 0024 [Val seq (cond on sampled tp)] |  MAPE 0.039840 | RMSE 129.334195 | MAE 64.462563 |
Epoch 0024 [Test seq (cond on sampled tp)] | MAPE 0.048185 | RMSE 472.719745| MAE 259.371409|
0.054108764976263046,0.04936372488737106,0.04108332470059395
474.71183693373393,498.364575386333,445.08282234882984
0.054108764976263046,0.04936372488737106,0.04108332470059395
474.71183693373393,498.364575386333,445.08282234882984
Epoch 0024 [Test seq (cond on sampled tp)] | Best Test MAPE 0.048185|Best Test RMSE 472.719745|Best Test MAE 259.371409|
Experiment 09-03_21:35
Epoch 0025 [Train seq (cond on sampled tp)] | Loss 5499311.468750 | MAPE 0.119271 | RMSE 154.415512 |MAE 57.016922 | Likelihood -5499308.500000 | KL fp 3.0553 | FP STD 0.2562 | ->nfe  130.00 | <-nfe   52.00
Epoch 0025 [Val seq (cond on sampled tp)] |  MAPE 0.033387 | RMSE 121.482513 | MAE 75.632462 |
Epoch 0025 [Test seq (cond on sampled tp)] | MAPE 0.051679 | RMSE 440.574125| MAE 253.505814|
0.058207157999277115,0.04955832287669182,0.047272928059101105
418.5470590327926,462.31623038240826,440.8590867556208
Experiment 09-03_21:35
Epoch 0026 [Train seq (cond on sampled tp)] | Loss 5304450.031250 | MAPE 0.080845 | RMSE 142.653510 |MAE 59.282577 | Likelihood -5304447.062500 | KL fp 3.1247 | FP STD 0.2309 | ->nfe  130.00 | <-nfe   52.00
Epoch 0026 [Val seq (cond on sampled tp)] |  MAPE 0.038765 | RMSE 134.677740 | MAE 89.883911 |
Epoch 0026 [Test seq (cond on sampled tp)] | MAPE 0.061707 | RMSE 419.354231| MAE 269.626933|
0.07159789651632309,0.058964379131793976,0.05455777421593666
395.9944957003822,444.8180105391417,417.250187237825
Experiment 09-03_21:35
Epoch 0027 [Train seq (cond on sampled tp)] | Loss 5195111.562500 | MAPE 0.068083 | RMSE 139.574067 |MAE 57.799971 | Likelihood -5195108.390625 | KL fp 3.1807 | FP STD 0.2222 | ->nfe  130.00 | <-nfe   52.00
Epoch 0027 [Val seq (cond on sampled tp)] |  MAPE 0.031900 | RMSE 122.296666 | MAE 73.356453 |
Best Val!
Epoch 0027 [Test seq (cond on sampled tp)] | MAPE 0.053059 | RMSE 409.902763| MAE 259.968460|
0.059770382940769196,0.04979671537876129,0.04960951581597328
395.72251957653356,439.41194723744144,394.57382072306825
Experiment 09-03_21:35
Epoch 0028 [Train seq (cond on sampled tp)] | Loss 5014247.671875 | MAPE 0.060305 | RMSE 131.773093 |MAE 54.703557 | Likelihood -5014244.515625 | KL fp 3.1659 | FP STD 0.2123 | ->nfe  130.00 | <-nfe   52.00
Epoch 0028 [Val seq (cond on sampled tp)] |  MAPE 0.037047 | RMSE 118.574393 | MAE 70.478554 |
Epoch 0028 [Test seq (cond on sampled tp)] | MAPE 0.051036 | RMSE 435.685062| MAE 256.069880|
0.05675685405731201,0.05020339787006378,0.046149127185344696
455.4222628506428,440.9689792094224,410.6639441197632
Experiment 09-03_21:35
Epoch 0029 [Train seq (cond on sampled tp)] | Loss 4992923.109375 | MAPE 0.120840 | RMSE 125.166439 |MAE 52.049050 | Likelihood -4992919.734375 | KL fp 3.2768 | FP STD 0.2107 | ->nfe  130.00 | <-nfe   52.00
Epoch 0029 [Val seq (cond on sampled tp)] |  MAPE 0.029411 | RMSE 100.865280 | MAE 54.387543 |
Best Val!
Epoch 0029 [Test seq (cond on sampled tp)] | MAPE 0.050758 | RMSE 390.653553| MAE 233.876821|
0.052203234285116196,0.04955907166004181,0.05051134154200554
370.3006590933913,410.8704935864828,390.7895053606225
Experiment 09-03_21:35
Epoch 0030 [Train seq (cond on sampled tp)] | Loss 4999254.828125 | MAPE 0.062617 | RMSE 129.020057 |MAE 52.392113 | Likelihood -4999251.750000 | KL fp 3.0598 | FP STD 0.2205 | ->nfe  130.00 | <-nfe   52.00
Epoch 0030 [Val seq (cond on sampled tp)] |  MAPE 0.039331 | RMSE 147.120619 | MAE 90.405884 |
Epoch 0030 [Test seq (cond on sampled tp)] | MAPE 0.063468 | RMSE 451.774451| MAE 280.247940|
0.07463715970516205,0.06155765429139137,0.054210346192121506
451.2164634352342,474.81537530391745,429.2915129897166
Experiment 09-03_21:35
Epoch 0031 [Train seq (cond on sampled tp)] | Loss 5074129.593750 | MAPE 0.091062 | RMSE 134.671722 |MAE 60.068518 | Likelihood -5074126.562500 | KL fp 2.9912 | FP STD 0.2282 | ->nfe  130.00 | <-nfe   52.00
Epoch 0031 [Val seq (cond on sampled tp)] |  MAPE 0.033148 | RMSE 125.893824 | MAE 75.121620 |
Epoch 0031 [Test seq (cond on sampled tp)] | MAPE 0.062583 | RMSE 418.266450| MAE 267.246958|
0.06551718711853027,0.0616794154047966,0.06055097281932831
402.8520199775595,444.79477360351257,407.1525551006649
Experiment 09-03_21:35
Epoch 0032 [Train seq (cond on sampled tp)] | Loss 5144416.765625 | MAPE 0.047580 | RMSE 133.026863 |MAE 53.557603 | Likelihood -5144413.781250 | KL fp 3.0558 | FP STD 0.2481 | ->nfe  130.00 | <-nfe   52.00
Epoch 0032 [Val seq (cond on sampled tp)] |  MAPE 0.031951 | RMSE 143.801350 | MAE 79.471939 |
Epoch 0032 [Test seq (cond on sampled tp)] | MAPE 0.055388 | RMSE 499.227595| MAE 291.620443|
0.06661517173051834,0.05166361853480339,0.04788634181022644
494.1294902401596,520.9010522642473,482.65224282085336
Experiment 09-03_21:35
Epoch 0033 [Train seq (cond on sampled tp)] | Loss 5176465.984375 | MAPE 0.076988 | RMSE 143.937647 |MAE 56.128775 | Likelihood -5176463.171875 | KL fp 2.7695 | FP STD 0.2369 | ->nfe  130.00 | <-nfe   52.00
Epoch 0033 [Val seq (cond on sampled tp)] |  MAPE 0.032001 | RMSE 92.616628 | MAE 51.474064 |
Epoch 0033 [Test seq (cond on sampled tp)] | MAPE 0.047866 | RMSE 358.620703| MAE 213.247040|
0.04798993095755577,0.04721741005778313,0.0483892560005188
336.2079202294318,390.07619448000156,349.5779933541298
0.04798993095755577,0.04721741005778313,0.0483892560005188
336.2079202294318,390.07619448000156,349.5779933541298
Epoch 0033 [Test seq (cond on sampled tp)] | Best Test MAPE 0.047866|Best Test RMSE 358.620703|Best Test MAE 213.247040|
Experiment 09-03_21:35
Epoch 0034 [Train seq (cond on sampled tp)] | Loss 5052026.546875 | MAPE 0.068947 | RMSE 138.498757 |MAE 58.551413 | Likelihood -5052023.812500 | KL fp 2.6809 | FP STD 0.2354 | ->nfe  130.00 | <-nfe   52.00
Epoch 0034 [Val seq (cond on sampled tp)] |  MAPE 0.031312 | RMSE 110.219003 | MAE 73.041176 |
Epoch 0034 [Test seq (cond on sampled tp)] | MAPE 0.057353 | RMSE 372.639330| MAE 240.053426|
0.06604988873004913,0.055206552147865295,0.050801828503608704
351.6214672769568,397.42933727267797,368.86718476980303
Experiment 09-03_21:35
Epoch 0035 [Train seq (cond on sampled tp)] | Loss 4962741.218750 | MAPE 0.055620 | RMSE 130.455409 |MAE 50.029305 | Likelihood -4962738.515625 | KL fp 2.7538 | FP STD 0.2392 | ->nfe  130.00 | <-nfe   52.00
Epoch 0035 [Val seq (cond on sampled tp)] |  MAPE 0.026690 | RMSE 108.916319 | MAE 59.126579 |
Best Val!
Epoch 0035 [Test seq (cond on sampled tp)] | MAPE 0.048167 | RMSE 448.083738| MAE 249.643407|
0.05415646731853485,0.04617101699113846,0.04417376592755318
447.21619841526314,469.437695546491,427.597320793758
Experiment 09-03_21:35
Epoch 0036 [Train seq (cond on sampled tp)] | Loss 4840657.250000 | MAPE 0.041982 | RMSE 120.524463 |MAE 48.108729 | Likelihood -4840654.203125 | KL fp 3.0424 | FP STD 0.2418 | ->nfe  130.00 | <-nfe   52.00
Epoch 0036 [Val seq (cond on sampled tp)] |  MAPE 0.031633 | RMSE 111.466713 | MAE 70.096535 |
Epoch 0036 [Test seq (cond on sampled tp)] | MAPE 0.049382 | RMSE 370.444495| MAE 228.855108|
0.057337686419487,0.04644615203142166,0.04436248540878296
362.8431134801927,389.95502545165385,358.53534518928535
Experiment 09-03_21:35
Epoch 0037 [Train seq (cond on sampled tp)] | Loss 5230824.500000 | MAPE 0.067028 | RMSE 142.026652 |MAE 52.719470 | Likelihood -5230821.718750 | KL fp 2.7651 | FP STD 0.2468 | ->nfe  130.00 | <-nfe   52.00
Epoch 0037 [Val seq (cond on sampled tp)] |  MAPE 0.029486 | RMSE 88.248271 | MAE 52.455166 |
Epoch 0037 [Test seq (cond on sampled tp)] | MAPE 0.043561 | RMSE 351.539695| MAE 205.619603|
0.04448271542787552,0.04511581361293793,0.04108569025993347
324.1956271875054,390.0106569056799,340.41280087564274
0.04448271542787552,0.04511581361293793,0.04108569025993347
324.1956271875054,390.0106569056799,340.41280087564274
Epoch 0037 [Test seq (cond on sampled tp)] | Best Test MAPE 0.043561|Best Test RMSE 351.539695|Best Test MAE 205.619603|
Experiment 09-03_21:35
Epoch 0038 [Train seq (cond on sampled tp)] | Loss 4826661.718750 | MAPE 0.049978 | RMSE 119.158647 |MAE 47.280408 | Likelihood -4826658.765625 | KL fp 2.9505 | FP STD 0.2637 | ->nfe  130.00 | <-nfe   52.00
Epoch 0038 [Val seq (cond on sampled tp)] |  MAPE 0.028495 | RMSE 120.911605 | MAE 65.017746 |
Epoch 0038 [Test seq (cond on sampled tp)] | MAPE 0.051235 | RMSE 458.175747| MAE 254.198395|
0.05812063440680504,0.049488089978694916,0.04609587416052818
449.1666067563349,481.87063876106834,443.48999425015217
Experiment 09-03_21:35
Epoch 0039 [Train seq (cond on sampled tp)] | Loss 5288304.890625 | MAPE 0.071569 | RMSE 148.893898 |MAE 53.942282 | Likelihood -5288302.296875 | KL fp 2.6019 | FP STD 0.2663 | ->nfe  130.00 | <-nfe   52.00
Epoch 0039 [Val seq (cond on sampled tp)] |  MAPE 0.030101 | RMSE 104.947178 | MAE 58.343376 |
Epoch 0039 [Test seq (cond on sampled tp)] | MAPE 0.054007 | RMSE 355.991616| MAE 213.398117|
0.05132710933685303,0.05093124136328697,0.05976325273513794
329.02042109875185,369.3727580304211,369.5816680721597
Experiment 09-03_21:35
Epoch 0040 [Train seq (cond on sampled tp)] | Loss 5009444.781250 | MAPE 0.048736 | RMSE 129.286007 |MAE 48.192378 | Likelihood -5009442.015625 | KL fp 2.7639 | FP STD 0.2725 | ->nfe  130.00 | <-nfe   52.00
Epoch 0040 [Val seq (cond on sampled tp)] |  MAPE 0.028349 | RMSE 93.864961 | MAE 58.013111 |
Epoch 0040 [Test seq (cond on sampled tp)] | MAPE 0.048127 | RMSE 342.848643| MAE 201.154149|
0.053241562098264694,0.04478494077920914,0.046355389058589935
323.30870019997917,356.0189711412862,349.2182564314185
Experiment 09-03_21:35
Epoch 0041 [Train seq (cond on sampled tp)] | Loss 4878039.515625 | MAPE 0.048140 | RMSE 117.582002 |MAE 45.426824 | Likelihood -4878036.609375 | KL fp 2.8597 | FP STD 0.2653 | ->nfe  130.00 | <-nfe   52.00
Epoch 0041 [Val seq (cond on sampled tp)] |  MAPE 0.028190 | RMSE 89.695130 | MAE 52.044598 |
Epoch 0041 [Test seq (cond on sampled tp)] | MAPE 0.045600 | RMSE 331.100572| MAE 192.084442|
0.04798819497227669,0.04505981504917145,0.043751731514930725
318.70700690446074,359.7328978735473,314.8618124471432
Experiment 09-03_21:35
Epoch 0042 [Train seq (cond on sampled tp)] | Loss 4807580.437500 | MAPE 0.050872 | RMSE 115.186650 |MAE 45.009573 | Likelihood -4807577.468750 | KL fp 2.9919 | FP STD 0.2472 | ->nfe  130.00 | <-nfe   52.00
Epoch 0042 [Val seq (cond on sampled tp)] |  MAPE 0.028524 | RMSE 113.949906 | MAE 56.182465 |
Epoch 0042 [Test seq (cond on sampled tp)] | MAPE 0.055656 | RMSE 443.662713| MAE 238.188665|
0.05846355855464935,0.0546303316950798,0.053874604403972626
425.35580694284636,481.7227385903638,423.90959384047915
Experiment 09-03_21:35
Epoch 0043 [Train seq (cond on sampled tp)] | Loss 5057678.593750 | MAPE 0.040593 | RMSE 138.143351 |MAE 49.976320 | Likelihood -5057675.828125 | KL fp 2.6852 | FP STD 0.2320 | ->nfe  130.00 | <-nfe   52.00
Epoch 0043 [Val seq (cond on sampled tp)] |  MAPE 0.039439 | RMSE 120.883418 | MAE 78.767830 |
Epoch 0043 [Test seq (cond on sampled tp)] | MAPE 0.059385 | RMSE 375.878078| MAE 237.389638|
0.07114274054765701,0.05322256311774254,0.053790997713804245
370.91451592651373,402.1656414028926,354.5540773281278
Experiment 09-03_21:35
Epoch 0044 [Train seq (cond on sampled tp)] | Loss 4810078.875000 | MAPE 0.051737 | RMSE 118.691158 |MAE 49.784489 | Likelihood -4810075.921875 | KL fp 2.9706 | FP STD 0.2255 | ->nfe  130.00 | <-nfe   52.00
Epoch 0044 [Val seq (cond on sampled tp)] |  MAPE 0.031690 | RMSE 112.182290 | MAE 63.143597 |
Epoch 0044 [Test seq (cond on sampled tp)] | MAPE 0.060484 | RMSE 390.108210| MAE 243.938512|
0.06383441388607025,0.05974205955862999,0.05787484347820282
393.9345995847534,428.212892437862,348.17713927324405
Experiment 09-03_21:35
Epoch 0045 [Train seq (cond on sampled tp)] | Loss 4811021.984375 | MAPE 0.050278 | RMSE 116.121666 |MAE 45.351247 | Likelihood -4811019.062500 | KL fp 2.8858 | FP STD 0.2145 | ->nfe  130.00 | <-nfe   52.00
Epoch 0045 [Val seq (cond on sampled tp)] |  MAPE 0.030510 | RMSE 114.622478 | MAE 68.441536 |
Epoch 0045 [Test seq (cond on sampled tp)] | MAPE 0.057300 | RMSE 343.883777| MAE 237.511230|
0.06546423584222794,0.05217357352375984,0.054263513535261154
310.6970992783808,372.82980366381656,348.12442773741117
Experiment 09-03_21:35
Epoch 0046 [Train seq (cond on sampled tp)] | Loss 4874517.265625 | MAPE 0.046932 | RMSE 113.129941 |MAE 46.535001 | Likelihood -4874514.109375 | KL fp 3.2024 | FP STD 0.2104 | ->nfe  130.00 | <-nfe   52.00
Epoch 0046 [Val seq (cond on sampled tp)] |  MAPE 0.028362 | RMSE 122.687480 | MAE 66.848022 |
Epoch 0046 [Test seq (cond on sampled tp)] | MAPE 0.057029 | RMSE 421.170366| MAE 247.113841|
0.06863138824701309,0.054267510771751404,0.04818788543343544
409.4547823020266,453.20288985729115,400.85342551860526
Experiment 09-03_21:35
Epoch 0047 [Train seq (cond on sampled tp)] | Loss 4951529.859375 | MAPE 0.039027 | RMSE 133.525694 |MAE 50.199761 | Likelihood -4951527.062500 | KL fp 2.8006 | FP STD 0.1867 | ->nfe  130.00 | <-nfe   52.00
Epoch 0047 [Val seq (cond on sampled tp)] |  MAPE 0.031050 | RMSE 117.531890 | MAE 65.794083 |
Epoch 0047 [Test seq (cond on sampled tp)] | MAPE 0.056925 | RMSE 394.176172| MAE 246.921300|
0.0633217915892601,0.053758587688207626,0.05369393527507782
398.4775323026381,420.94588428918036,363.10509842193073
Experiment 09-03_21:35
Epoch 0048 [Train seq (cond on sampled tp)] | Loss 5449448.046875 | MAPE 0.064166 | RMSE 163.349339 |MAE 59.128028 | Likelihood -5449445.390625 | KL fp 2.6262 | FP STD 0.1623 | ->nfe  130.00 | <-nfe   52.00
Epoch 0048 [Val seq (cond on sampled tp)] |  MAPE 0.034106 | RMSE 138.806731 | MAE 67.116913 |
Epoch 0048 [Test seq (cond on sampled tp)] | MAPE 0.064543 | RMSE 502.620541| MAE 299.673126|
0.06494569033384323,0.07008062303066254,0.0586041621863842
519.7756427055812,515.080363875386,473.0056157171921
Experiment 09-03_21:35
Epoch 0049 [Train seq (cond on sampled tp)] | Loss 5264578.875000 | MAPE 0.133594 | RMSE 134.246821 |MAE 62.071665 | Likelihood -5264575.718750 | KL fp 3.1176 | FP STD 0.1901 | ->nfe  130.00 | <-nfe   52.00
Epoch 0049 [Val seq (cond on sampled tp)] |  MAPE 0.048939 | RMSE 110.579652 | MAE 67.547165 |
Epoch 0049 [Test seq (cond on sampled tp)] | MAPE 0.063961 | RMSE 338.710175| MAE 234.061488|
0.06647028774023056,0.06685344129800797,0.058558396995067596
324.34968591013,346.30238773361066,345.478449942974
Experiment 09-03_21:35
Epoch 0050 [Train seq (cond on sampled tp)] | Loss 4774180.265625 | MAPE 0.100597 | RMSE 117.716765 |MAE 48.857097 | Likelihood -4774177.265625 | KL fp 2.9607 | FP STD 0.1943 | ->nfe  130.00 | <-nfe   52.00
Epoch 0050 [Val seq (cond on sampled tp)] |  MAPE 0.045071 | RMSE 81.700210 | MAE 49.548222 |
Epoch 0050 [Test seq (cond on sampled tp)] | MAPE 0.070587 | RMSE 357.985753| MAE 209.154831|
0.0733390673995018,0.07566254585981369,0.06275875866413116
363.7008557867303,373.7640883632348,336.49231510541216
Experiment 09-03_21:35
Epoch 0051 [Train seq (cond on sampled tp)] | Loss 5015929.250000 | MAPE 0.090599 | RMSE 123.115837 |MAE 54.317855 | Likelihood -5015926.484375 | KL fp 2.8336 | FP STD 0.2117 | ->nfe  130.00 | <-nfe   52.00
Epoch 0051 [Val seq (cond on sampled tp)] |  MAPE 0.032182 | RMSE 110.344038 | MAE 67.931190 |
Epoch 0051 [Test seq (cond on sampled tp)] | MAPE 0.050623 | RMSE 294.793222| MAE 198.438299|
0.053023308515548706,0.0466495156288147,0.05219662934541702
261.66641454340294,317.1668158280434,305.5464367326184
Experiment 09-03_21:35
Epoch 0052 [Train seq (cond on sampled tp)] | Loss 4890602.750000 | MAPE 0.055433 | RMSE 125.946843 |MAE 50.394122 | Likelihood -4890599.937500 | KL fp 2.7613 | FP STD 0.2148 | ->nfe  130.00 | <-nfe   52.00
Epoch 0052 [Val seq (cond on sampled tp)] |  MAPE 0.030086 | RMSE 92.785613 | MAE 54.325298 |
Epoch 0052 [Test seq (cond on sampled tp)] | MAPE 0.050635 | RMSE 339.390773| MAE 200.811005|
0.0521671362221241,0.048682935535907745,0.051056042313575745
344.3069125068505,353.4453082691861,320.42009778180267
Experiment 09-03_21:35
Epoch 0053 [Train seq (cond on sampled tp)] | Loss 4727423.281250 | MAPE 0.051886 | RMSE 113.085228 |MAE 49.812060 | Likelihood -4727420.312500 | KL fp 2.9135 | FP STD 0.2021 | ->nfe  130.00 | <-nfe   52.00
Epoch 0053 [Val seq (cond on sampled tp)] |  MAPE 0.046640 | RMSE 97.626836 | MAE 54.186855 |
Epoch 0053 [Test seq (cond on sampled tp)] | MAPE 0.072213 | RMSE 415.466959| MAE 230.713562|
0.06341199576854706,0.07852701842784882,0.07470142841339111
395.1253954442817,439.8236685025034,411.4518121846105
Experiment 09-03_21:35
Epoch 0054 [Train seq (cond on sampled tp)] | Loss 5085025.625000 | MAPE 0.126544 | RMSE 137.926596 |MAE 58.007432 | Likelihood -5085022.765625 | KL fp 2.8882 | FP STD 0.1734 | ->nfe  130.00 | <-nfe   52.00
Epoch 0054 [Val seq (cond on sampled tp)] |  MAPE 0.040924 | RMSE 99.197916 | MAE 64.978249 |
Epoch 0054 [Test seq (cond on sampled tp)] | MAPE 0.073081 | RMSE 353.069988| MAE 234.815913|
0.07934164255857468,0.061917416751384735,0.07798369228839874
330.2397566541618,379.2348381939613,349.7353687075415
Experiment 09-03_21:35
Epoch 0055 [Train seq (cond on sampled tp)] | Loss 4865639.578125 | MAPE 0.077676 | RMSE 111.596036 |MAE 53.569368 | Likelihood -4865636.468750 | KL fp 3.1202 | FP STD 0.1792 | ->nfe  130.00 | <-nfe   52.00
Epoch 0055 [Val seq (cond on sampled tp)] |  MAPE 0.031713 | RMSE 124.114056 | MAE 71.999191 |
Epoch 0055 [Test seq (cond on sampled tp)] | MAPE 0.060525 | RMSE 421.110140| MAE 250.172862|
0.06788565218448639,0.053165096789598465,0.06052457168698311
414.91444901328754,452.1618902561338,396.25408120926653
Experiment 09-03_21:35
Epoch 0056 [Train seq (cond on sampled tp)] | Loss 4744837.687500 | MAPE 0.048116 | RMSE 113.558813 |MAE 49.673101 | Likelihood -4744834.656250 | KL fp 2.9626 | FP STD 0.1816 | ->nfe  130.00 | <-nfe   52.00
Epoch 0056 [Val seq (cond on sampled tp)] |  MAPE 0.029888 | RMSE 115.690678 | MAE 69.284187 |
Epoch 0056 [Test seq (cond on sampled tp)] | MAPE 0.052451 | RMSE 373.376067| MAE 240.775574|
0.062067124992609024,0.047550663352012634,0.04773455485701561
402.53055008284775,361.7642425496196,355.8334077380875
Experiment 09-03_21:35
Epoch 0057 [Train seq (cond on sampled tp)] | Loss 4793555.671875 | MAPE 0.072161 | RMSE 108.022129 |MAE 48.192247 | Likelihood -4793552.546875 | KL fp 3.1295 | FP STD 0.1841 | ->nfe  130.00 | <-nfe   52.00
Epoch 0057 [Val seq (cond on sampled tp)] |  MAPE 0.030902 | RMSE 124.561297 | MAE 76.102066 |
Epoch 0057 [Test seq (cond on sampled tp)] | MAPE 0.054603 | RMSE 373.345869| MAE 249.447479|
0.06567566841840744,0.051506783813238144,0.046625975519418716
400.3041617008247,366.9805214517523,352.7529234464259
Experiment 09-03_21:35
Epoch 0058 [Train seq (cond on sampled tp)] | Loss 5153217.281250 | MAPE 0.048379 | RMSE 142.546025 |MAE 55.660318 | Likelihood -5153214.609375 | KL fp 2.6604 | FP STD 0.1703 | ->nfe  130.00 | <-nfe   52.00
Epoch 0058 [Val seq (cond on sampled tp)] |  MAPE 0.030003 | RMSE 103.296089 | MAE 54.351620 |
Epoch 0058 [Test seq (cond on sampled tp)] | MAPE 0.050476 | RMSE 278.773323| MAE 181.622472|
0.04849548637866974,0.05498945713043213,0.04794379696249962
233.00704958487844,298.5468451516445,304.76607320205443
Experiment 09-03_21:35
Epoch 0059 [Train seq (cond on sampled tp)] | Loss 4872730.406250 | MAPE 0.068200 | RMSE 110.222975 |MAE 47.364064 | Likelihood -4872727.171875 | KL fp 3.2558 | FP STD 0.1874 | ->nfe  130.00 | <-nfe   52.00
Epoch 0059 [Val seq (cond on sampled tp)] |  MAPE 0.027965 | RMSE 113.715538 | MAE 59.767776 |
Epoch 0059 [Test seq (cond on sampled tp)] | MAPE 0.050283 | RMSE 416.680661| MAE 241.690908|
0.05555347353219986,0.05133393034338951,0.043963026255369186
399.1060127021391,431.45835546434836,419.4776141226132
Experiment 09-03_21:35
Epoch 0060 [Train seq (cond on sampled tp)] | Loss 4964719.437500 | MAPE 0.063890 | RMSE 128.962979 |MAE 53.367620 | Likelihood -4964716.421875 | KL fp 2.9967 | FP STD 0.1827 | ->nfe  130.00 | <-nfe   52.00
Epoch 0060 [Val seq (cond on sampled tp)] |  MAPE 0.047576 | RMSE 132.060644 | MAE 90.076981 |
Epoch 0060 [Test seq (cond on sampled tp)] | MAPE 0.070309 | RMSE 374.844320| MAE 266.826162|
0.08255679160356522,0.06425421684980392,0.06411746144294739
354.7709648491545,384.0055134695334,385.75648082695903
Experiment 09-03_21:35
Epoch 0061 [Train seq (cond on sampled tp)] | Loss 4983394.000000 | MAPE 0.062895 | RMSE 119.771116 |MAE 54.165575 | Likelihood -4983391.000000 | KL fp 3.0691 | FP STD 0.1995 | ->nfe  130.00 | <-nfe   52.00
Epoch 0061 [Val seq (cond on sampled tp)] |  MAPE 0.030375 | RMSE 141.874766 | MAE 80.802444 |
Epoch 0061 [Test seq (cond on sampled tp)] | MAPE 0.062853 | RMSE 451.127081| MAE 290.340973|
0.07113751769065857,0.058950480073690414,0.0584704726934433
439.9637236466207,479.00645872472325,434.41105965433246
Experiment 09-03_21:35
Epoch 0062 [Train seq (cond on sampled tp)] | Loss 5054413.843750 | MAPE 0.047985 | RMSE 136.167426 |MAE 53.488024 | Likelihood -5054411.140625 | KL fp 2.7216 | FP STD 0.1995 | ->nfe  130.00 | <-nfe   52.00
Epoch 0062 [Val seq (cond on sampled tp)] |  MAPE 0.032386 | RMSE 116.589495 | MAE 72.872299 |
Epoch 0062 [Test seq (cond on sampled tp)] | MAPE 0.054155 | RMSE 421.948186| MAE 258.886113|
0.06215297058224678,0.05153745040297508,0.04877350851893425
403.1485458239928,447.1675266329164,415.52848503441976
Experiment 09-03_21:35
Epoch 0063 [Train seq (cond on sampled tp)] | Loss 5136631.171875 | MAPE 0.060791 | RMSE 138.123417 |MAE 52.899500 | Likelihood -5136628.437500 | KL fp 2.7227 | FP STD 0.1875 | ->nfe  130.00 | <-nfe   52.00
Epoch 0063 [Val seq (cond on sampled tp)] |  MAPE 0.029667 | RMSE 100.129764 | MAE 55.770714 |
Epoch 0063 [Test seq (cond on sampled tp)] | MAPE 0.056463 | RMSE 360.201120| MAE 230.885183|
0.05621836706995964,0.060231320559978485,0.05293948948383331
332.6503184652015,387.2901649603305,360.66287712696464
Experiment 09-03_21:35
Epoch 0064 [Train seq (cond on sampled tp)] | Loss 4968744.531250 | MAPE 0.070778 | RMSE 116.116536 |MAE 47.943930 | Likelihood -4968741.312500 | KL fp 3.2059 | FP STD 0.1903 | ->nfe  130.00 | <-nfe   52.00
Epoch 0064 [Val seq (cond on sampled tp)] |  MAPE 0.034189 | RMSE 120.360161 | MAE 74.485069 |
Epoch 0064 [Test seq (cond on sampled tp)] | MAPE 0.059479 | RMSE 451.800550| MAE 266.503367|
0.0713006779551506,0.056232985109090805,0.05090363323688507
436.8784513454515,468.49693168685747,450.0262665945178
Experiment 09-03_21:35
Epoch 0065 [Train seq (cond on sampled tp)] | Loss 5055231.421875 | MAPE 0.042274 | RMSE 132.393253 |MAE 49.573274 | Likelihood -5055228.437500 | KL fp 2.9665 | FP STD 0.1725 | ->nfe  130.00 | <-nfe   52.00
Epoch 0065 [Val seq (cond on sampled tp)] |  MAPE 0.031678 | RMSE 116.941492 | MAE 73.453316 |
Epoch 0065 [Test seq (cond on sampled tp)] | MAPE 0.054198 | RMSE 340.470904| MAE 228.186188|
0.0583576001226902,0.050247278064489365,0.05398786440491676
329.9739217915561,363.294968826985,328.1438208887987
Experiment 09-03_21:35
Epoch 0066 [Train seq (cond on sampled tp)] | Loss 4789443.718750 | MAPE 0.045482 | RMSE 113.457648 |MAE 46.423862 | Likelihood -4789440.687500 | KL fp 3.0988 | FP STD 0.1663 | ->nfe  130.00 | <-nfe   52.00
Epoch 0066 [Val seq (cond on sampled tp)] |  MAPE 0.027281 | RMSE 102.659851 | MAE 60.165401 |
Epoch 0066 [Test seq (cond on sampled tp)] | MAPE 0.050670 | RMSE 357.540576| MAE 221.790716|
0.056148357689380646,0.04779157042503357,0.04806977137923241
375.0536211663607,360.1499904553657,337.4181150664558
Experiment 09-03_21:35
Epoch 0067 [Train seq (cond on sampled tp)] | Loss 4967391.531250 | MAPE 0.048307 | RMSE 128.260442 |MAE 56.867153 | Likelihood -4967388.718750 | KL fp 2.8112 | FP STD 0.1689 | ->nfe  130.00 | <-nfe   52.00
Epoch 0067 [Val seq (cond on sampled tp)] |  MAPE 0.031418 | RMSE 100.900641 | MAE 65.483734 |
Epoch 0067 [Test seq (cond on sampled tp)] | MAPE 0.055751 | RMSE 300.867868| MAE 204.938558|
0.06431815028190613,0.055614765733480453,0.04731877148151398
283.1266280306393,315.37830705757176,304.09866819833326
Experiment 09-03_21:35
Epoch 0068 [Train seq (cond on sampled tp)] | Loss 4770781.031250 | MAPE 0.045555 | RMSE 109.247930 |MAE 45.108211 | Likelihood -4770778.046875 | KL fp 3.0054 | FP STD 0.1846 | ->nfe  130.00 | <-nfe   52.00
Epoch 0068 [Val seq (cond on sampled tp)] |  MAPE 0.026281 | RMSE 112.633463 | MAE 57.444489 |
Best Val!
Epoch 0068 [Test seq (cond on sampled tp)] | MAPE 0.045469 | RMSE 466.913068| MAE 251.752579|
0.0466458685696125,0.045768458396196365,0.04399360716342926
462.75908283900816,493.951968186179,444.0281522606421
Experiment 09-03_21:35
Epoch 0069 [Train seq (cond on sampled tp)] | Loss 5039372.531250 | MAPE 0.070436 | RMSE 126.662087 |MAE 50.436939 | Likelihood -5039369.562500 | KL fp 2.8913 | FP STD 0.1845 | ->nfe  130.00 | <-nfe   52.00
Epoch 0069 [Val seq (cond on sampled tp)] |  MAPE 0.048062 | RMSE 142.488007 | MAE 96.443115 |
Epoch 0069 [Test seq (cond on sampled tp)] | MAPE 0.074892 | RMSE 451.712290| MAE 295.800446|
0.0891290009021759,0.07139860093593597,0.0641484186053276
449.3438966982861,468.9894555051318,436.80351704170147
Experiment 09-03_21:35
Epoch 0070 [Train seq (cond on sampled tp)] | Loss 5153273.203125 | MAPE 0.063475 | RMSE 135.422133 |MAE 56.084864 | Likelihood -5153270.375000 | KL fp 2.7999 | FP STD 0.1805 | ->nfe  130.00 | <-nfe   52.00
Epoch 0070 [Val seq (cond on sampled tp)] |  MAPE 0.027279 | RMSE 95.266321 | MAE 54.550686 |
Epoch 0070 [Test seq (cond on sampled tp)] | MAPE 0.057492 | RMSE 363.869278| MAE 230.872421|
0.06019129231572151,0.05540239065885544,0.056881342083215714
330.24971612402635,386.03817006871225,375.3199468453549
Experiment 09-03_21:35
Epoch 0071 [Train seq (cond on sampled tp)] | Loss 5306693.906250 | MAPE 0.057967 | RMSE 144.515423 |MAE 53.399108 | Likelihood -5306691.156250 | KL fp 2.7144 | FP STD 0.1724 | ->nfe  130.00 | <-nfe   52.00
Epoch 0071 [Val seq (cond on sampled tp)] |  MAPE 0.029443 | RMSE 95.089863 | MAE 50.714951 |
Epoch 0071 [Test seq (cond on sampled tp)] | MAPE 0.050249 | RMSE 340.029372| MAE 210.606344|
0.049147047102451324,0.049638621509075165,0.05196137726306915
316.500357918439,353.62051517127793,349.96724177056916
Experiment 09-03_21:35
Epoch 0072 [Train seq (cond on sampled tp)] | Loss 4893500.156250 | MAPE 0.076535 | RMSE 111.081300 |MAE 48.627354 | Likelihood -4893496.906250 | KL fp 3.2519 | FP STD 0.1798 | ->nfe  130.00 | <-nfe   52.00
Epoch 0072 [Val seq (cond on sampled tp)] |  MAPE 0.031572 | RMSE 132.829969 | MAE 76.954193 |
Epoch 0072 [Test seq (cond on sampled tp)] | MAPE 0.055544 | RMSE 484.610587| MAE 281.853475|
0.06457502394914627,0.05198681727051735,0.050069816410541534
475.6154236880886,507.6201058616571,470.5962308603842
Experiment 09-03_21:35
Epoch 0073 [Train seq (cond on sampled tp)] | Loss 5260354.109375 | MAPE 0.061535 | RMSE 138.490747 |MAE 56.361717 | Likelihood -5260351.109375 | KL fp 2.9722 | FP STD 0.1885 | ->nfe  130.00 | <-nfe   52.00
Epoch 0073 [Val seq (cond on sampled tp)] |  MAPE 0.028079 | RMSE 103.256668 | MAE 57.656071 |
Epoch 0073 [Test seq (cond on sampled tp)] | MAPE 0.055286 | RMSE 435.618032| MAE 246.680659|
0.05414905399084091,0.05254192277789116,0.05916754901409149
410.01080397350506,453.06478910305975,443.77850260574814
Experiment 09-03_21:35
Epoch 0074 [Train seq (cond on sampled tp)] | Loss 5018244.343750 | MAPE 0.041540 | RMSE 139.488825 |MAE 54.833545 | Likelihood -5018241.625000 | KL fp 2.7905 | FP STD 0.1757 | ->nfe  130.00 | <-nfe   52.00
Epoch 0074 [Val seq (cond on sampled tp)] |  MAPE 0.034619 | RMSE 120.378501 | MAE 69.462440 |
Epoch 0074 [Test seq (cond on sampled tp)] | MAPE 0.055803 | RMSE 416.625484| MAE 268.161418|
0.05855413153767586,0.056209199130535126,0.05264510586857796
400.5835977046489,445.79058985133366,403.50226532821347
Experiment 09-03_21:35
Epoch 0075 [Train seq (cond on sampled tp)] | Loss 5042450.734375 | MAPE 0.088381 | RMSE 126.716133 |MAE 52.979252 | Likelihood -5042447.843750 | KL fp 2.9227 | FP STD 0.1800 | ->nfe  130.00 | <-nfe   52.00
Epoch 0075 [Val seq (cond on sampled tp)] |  MAPE 0.040296 | RMSE 128.672823 | MAE 83.910820 |
Epoch 0075 [Test seq (cond on sampled tp)] | MAPE 0.061350 | RMSE 396.152143| MAE 250.587504|
0.07530992478132248,0.059035565704107285,0.04970487952232361
384.65286704378013,421.2622030873408,382.54135805818436
Experiment 09-03_21:35
Epoch 0076 [Train seq (cond on sampled tp)] | Loss 4785958.281250 | MAPE 0.041786 | RMSE 115.409244 |MAE 45.732558 | Likelihood -4785955.484375 | KL fp 2.8092 | FP STD 0.1850 | ->nfe  130.00 | <-nfe   52.00
Epoch 0076 [Val seq (cond on sampled tp)] |  MAPE 0.029970 | RMSE 117.246302 | MAE 71.161568 |
Epoch 0076 [Test seq (cond on sampled tp)] | MAPE 0.054596 | RMSE 357.296196| MAE 232.146703|
0.05913176387548447,0.05529729649424553,0.049357909709215164
343.791645204621,390.1640480297999,337.93289367121395
Experiment 09-03_21:35
Epoch 0077 [Train seq (cond on sampled tp)] | Loss 4908816.718750 | MAPE 0.046905 | RMSE 110.744660 |MAE 44.203357 | Likelihood -4908813.828125 | KL fp 2.8632 | FP STD 0.1916 | ->nfe  130.00 | <-nfe   52.00
Epoch 0077 [Val seq (cond on sampled tp)] |  MAPE 0.027407 | RMSE 117.495483 | MAE 64.962234 |
Epoch 0077 [Test seq (cond on sampled tp)] | MAPE 0.055616 | RMSE 439.153913| MAE 254.000773|
0.06217927485704422,0.05376581847667694,0.05090244114398956
431.3055942426437,468.5006169953248,417.65552866566964
Experiment 09-03_21:35
Epoch 0078 [Train seq (cond on sampled tp)] | Loss 5006241.687500 | MAPE 0.042722 | RMSE 133.335109 |MAE 48.402575 | Likelihood -5006239.171875 | KL fp 2.5076 | FP STD 0.1939 | ->nfe  130.00 | <-nfe   52.00
Epoch 0078 [Val seq (cond on sampled tp)] |  MAPE 0.033783 | RMSE 110.133601 | MAE 69.481628 |
Epoch 0078 [Test seq (cond on sampled tp)] | MAPE 0.057795 | RMSE 382.107649| MAE 236.650116|
0.06609421968460083,0.05351729318499565,0.05377497524023056
358.2194247245674,415.7837666684451,372.3197550493393
Experiment 09-03_21:35
Epoch 0079 [Train seq (cond on sampled tp)] | Loss 5028399.484375 | MAPE 0.049452 | RMSE 139.284647 |MAE 55.280353 | Likelihood -5028397.140625 | KL fp 2.4143 | FP STD 0.1996 | ->nfe  130.00 | <-nfe   52.00
Epoch 0079 [Val seq (cond on sampled tp)] |  MAPE 0.035289 | RMSE 105.097379 | MAE 56.154831 |
Epoch 0079 [Test seq (cond on sampled tp)] | MAPE 0.059359 | RMSE 318.117726| MAE 207.817495|
0.05769016966223717,0.0630224198102951,0.057365816086530685
285.76122298607976,346.70740320549834,321.8845508291754
Experiment 09-03_21:35
Epoch 0080 [Train seq (cond on sampled tp)] | Loss 4949860.812500 | MAPE 0.070511 | RMSE 104.527533 |MAE 45.375817 | Likelihood -4949857.859375 | KL fp 2.9461 | FP STD 0.2211 | ->nfe  130.00 | <-nfe   52.00
Epoch 0080 [Val seq (cond on sampled tp)] |  MAPE 0.032832 | RMSE 126.540203 | MAE 76.715454 |
Epoch 0080 [Test seq (cond on sampled tp)] | MAPE 0.055382 | RMSE 438.675762| MAE 255.618449|
0.0690397173166275,0.05257844924926758,0.04452816769480705
426.48375188862707,468.74223326898976,420.8013003485137
Experiment 09-03_21:35
Epoch 0081 [Train seq (cond on sampled tp)] | Loss 5046260.109375 | MAPE 0.044363 | RMSE 139.843758 |MAE 51.504540 | Likelihood -5046257.609375 | KL fp 2.4975 | FP STD 0.2054 | ->nfe  130.00 | <-nfe   52.00
Epoch 0081 [Val seq (cond on sampled tp)] |  MAPE 0.029028 | RMSE 99.296682 | MAE 61.465656 |
Epoch 0081 [Test seq (cond on sampled tp)] | MAPE 0.049748 | RMSE 311.707112| MAE 200.292374|
0.05124415457248688,0.04787113144993782,0.050128497183322906
298.91980007185873,311.80416279693895,324.3973739875217
Experiment 09-03_21:35
Epoch 0082 [Train seq (cond on sampled tp)] | Loss 4785414.421875 | MAPE 0.037644 | RMSE 115.676197 |MAE 48.184259 | Likelihood -4785411.718750 | KL fp 2.6836 | FP STD 0.2046 | ->nfe  130.00 | <-nfe   52.00
Epoch 0082 [Val seq (cond on sampled tp)] |  MAPE 0.033920 | RMSE 112.750862 | MAE 64.935501 |
Epoch 0082 [Test seq (cond on sampled tp)] | MAPE 0.057821 | RMSE 339.343899| MAE 227.102966|
0.06364589184522629,0.05386265739798546,0.055955223739147186
360.8120507099229,344.7266466890832,312.49299992159825
Experiment 09-03_21:35
Epoch 0083 [Train seq (cond on sampled tp)] | Loss 4753762.828125 | MAPE 0.054096 | RMSE 108.994511 |MAE 44.725488 | Likelihood -4753759.984375 | KL fp 2.8290 | FP STD 0.2063 | ->nfe  130.00 | <-nfe   52.00
Epoch 0083 [Val seq (cond on sampled tp)] |  MAPE 0.031426 | RMSE 124.806518 | MAE 72.156097 |
Epoch 0083 [Test seq (cond on sampled tp)] | MAPE 0.058067 | RMSE 393.999166| MAE 239.423843|
0.06859517842531204,0.055583491921424866,0.05002323538064957
383.9261810556816,425.24017110922154,372.8311447559069
Experiment 09-03_21:35
Epoch 0084 [Train seq (cond on sampled tp)] | Loss 4774376.328125 | MAPE 0.041774 | RMSE 120.714141 |MAE 45.587949 | Likelihood -4774373.750000 | KL fp 2.5670 | FP STD 0.2041 | ->nfe  130.00 | <-nfe   52.00
Epoch 0084 [Val seq (cond on sampled tp)] |  MAPE 0.030169 | RMSE 95.383713 | MAE 59.137238 |
Epoch 0084 [Test seq (cond on sampled tp)] | MAPE 0.051960 | RMSE 307.606898| MAE 195.900106|
0.057537660002708435,0.049085214734077454,0.049256160855293274
306.38021466390416,317.90361894369806,298.53686173151215
Experiment 09-03_21:35
Epoch 0085 [Train seq (cond on sampled tp)] | Loss 4711123.078125 | MAPE 0.043014 | RMSE 110.220082 |MAE 46.046688 | Likelihood -4711120.406250 | KL fp 2.6813 | FP STD 0.2009 | ->nfe  130.00 | <-nfe   52.00
Epoch 0085 [Val seq (cond on sampled tp)] |  MAPE 0.030919 | RMSE 89.901970 | MAE 53.149357 |
Epoch 0085 [Test seq (cond on sampled tp)] | MAPE 0.051980 | RMSE 274.435551| MAE 180.964803|
0.04946226626634598,0.05026141181588173,0.05621616542339325
247.97942833025485,285.8986380695088,289.4285857513041
Experiment 09-03_21:35
Epoch 0086 [Train seq (cond on sampled tp)] | Loss 4754555.640625 | MAPE 0.067486 | RMSE 104.426893 |MAE 44.146797 | Likelihood -4754552.796875 | KL fp 2.8135 | FP STD 0.2102 | ->nfe  130.00 | <-nfe   52.00
Epoch 0086 [Val seq (cond on sampled tp)] |  MAPE 0.026611 | RMSE 98.635089 | MAE 55.088806 |
Epoch 0086 [Test seq (cond on sampled tp)] | MAPE 0.049348 | RMSE 342.380754| MAE 208.541911|
0.05464924871921539,0.045703306794166565,0.047691334038972855
352.96605936336147,373.2146458473997,300.96155796878776
Experiment 09-03_21:35
Epoch 0087 [Train seq (cond on sampled tp)] | Loss 4871955.500000 | MAPE 0.049579 | RMSE 108.017075 |MAE 45.901486 | Likelihood -4871952.765625 | KL fp 2.7777 | FP STD 0.2033 | ->nfe  130.00 | <-nfe   52.00
Epoch 0087 [Val seq (cond on sampled tp)] |  MAPE 0.032164 | RMSE 112.384628 | MAE 65.598564 |
Epoch 0087 [Test seq (cond on sampled tp)] | MAPE 0.057744 | RMSE 405.689255| MAE 233.144948|
0.0683334544301033,0.05110630393028259,0.053793132305145264
399.5927809971046,429.4131533267233,388.0618306082163
Experiment 09-03_21:35
Epoch 0088 [Train seq (cond on sampled tp)] | Loss 4899267.984375 | MAPE 0.051913 | RMSE 125.726999 |MAE 50.819780 | Likelihood -4899265.281250 | KL fp 2.7073 | FP STD 0.1948 | ->nfe  130.00 | <-nfe   52.00
Epoch 0088 [Val seq (cond on sampled tp)] |  MAPE 0.027856 | RMSE 90.277112 | MAE 54.638332 |
Epoch 0088 [Test seq (cond on sampled tp)] | MAPE 0.056747 | RMSE 343.252933| MAE 215.082672|
0.05662542209029198,0.05064088851213455,0.06297590583562851
330.36074032790276,343.9429572072962,355.45510001264574
Experiment 09-03_21:35
Epoch 0089 [Train seq (cond on sampled tp)] | Loss 4994319.562500 | MAPE 0.046725 | RMSE 129.625563 |MAE 61.953053 | Likelihood -4994316.937500 | KL fp 2.6265 | FP STD 0.1911 | ->nfe  130.00 | <-nfe   52.00
Epoch 0089 [Val seq (cond on sampled tp)] |  MAPE 0.038698 | RMSE 158.593987 | MAE 96.847649 |
Epoch 0089 [Test seq (cond on sampled tp)] | MAPE 0.064554 | RMSE 372.122299| MAE 266.373108|
0.07693912088871002,0.05982225388288498,0.05689940229058266
370.8067008226793,377.202842480011,368.3573545146072
Experiment 09-03_21:35
Epoch 0090 [Train seq (cond on sampled tp)] | Loss 4973324.203125 | MAPE 0.069221 | RMSE 112.651575 |MAE 49.758132 | Likelihood -4973320.968750 | KL fp 3.1771 | FP STD 0.2032 | ->nfe  130.00 | <-nfe   52.00
Epoch 0090 [Val seq (cond on sampled tp)] |  MAPE 0.035074 | RMSE 105.398398 | MAE 60.211411 |
Epoch 0090 [Test seq (cond on sampled tp)] | MAPE 0.048097 | RMSE 388.195088| MAE 224.646662|
0.053354911506175995,0.0465584322810173,0.044377852231264114
379.7499588545073,415.5200807421947,369.31522358955095
Experiment 09-03_21:35
Epoch 0091 [Train seq (cond on sampled tp)] | Loss 4854862.859375 | MAPE 0.084268 | RMSE 126.164646 |MAE 49.057506 | Likelihood -4854860.203125 | KL fp 2.7163 | FP STD 0.1918 | ->nfe  130.00 | <-nfe   52.00
Epoch 0091 [Val seq (cond on sampled tp)] |  MAPE 0.039240 | RMSE 118.130076 | MAE 77.593735 |
Epoch 0091 [Test seq (cond on sampled tp)] | MAPE 0.060914 | RMSE 379.961198| MAE 235.992081|
0.07354967296123505,0.05811160057783127,0.05108126625418663
367.3569874794816,408.53323763189695,363.9933678997462
Experiment 09-03_21:35
Epoch 0092 [Train seq (cond on sampled tp)] | Loss 4934229.765625 | MAPE 0.050044 | RMSE 128.536320 |MAE 51.104096 | Likelihood -4934227.203125 | KL fp 2.6209 | FP STD 0.1851 | ->nfe  130.00 | <-nfe   52.00
Epoch 0092 [Val seq (cond on sampled tp)] |  MAPE 0.026045 | RMSE 98.256505 | MAE 54.246792 |
Best Val!
Epoch 0092 [Test seq (cond on sampled tp)] | MAPE 0.046726 | RMSE 337.651718| MAE 202.323420|
0.05265171080827713,0.042989734560251236,0.04453634098172188
314.8843909873908,362.3078154346108,335.7629488381647
Experiment 09-03_21:35
Epoch 0093 [Train seq (cond on sampled tp)] | Loss 4865864.984375 | MAPE 0.044467 | RMSE 109.834068 |MAE 45.078862 | Likelihood -4865862.000000 | KL fp 2.9651 | FP STD 0.1957 | ->nfe  130.00 | <-nfe   52.00
Epoch 0093 [Val seq (cond on sampled tp)] |  MAPE 0.037433 | RMSE 139.865183 | MAE 88.074310 |
Epoch 0093 [Test seq (cond on sampled tp)] | MAPE 0.056737 | RMSE 343.979292| MAE 243.606522|
0.06901967525482178,0.05282848700881004,0.048363588750362396
328.0721266924394,372.82567558444794,331.04007499092916
Experiment 09-03_21:35
Epoch 0094 [Train seq (cond on sampled tp)] | Loss 4802182.656250 | MAPE 0.042988 | RMSE 117.344238 |MAE 48.916939 | Likelihood -4802179.625000 | KL fp 2.9929 | FP STD 0.1736 | ->nfe  130.00 | <-nfe   52.00
Epoch 0094 [Val seq (cond on sampled tp)] |  MAPE 0.030396 | RMSE 125.951329 | MAE 67.897011 |
Epoch 0094 [Test seq (cond on sampled tp)] | MAPE 0.047428 | RMSE 414.420612| MAE 237.028865|
0.04916534200310707,0.04725775495171547,0.04586170241236687
422.35576310144035,437.5102677366555,383.3958055978182
Experiment 09-03_21:35
Epoch 0095 [Train seq (cond on sampled tp)] | Loss 4946784.843750 | MAPE 0.057986 | RMSE 134.577794 |MAE 49.208314 | Likelihood -4946782.187500 | KL fp 2.7084 | FP STD 0.1649 | ->nfe  130.00 | <-nfe   52.00
Epoch 0095 [Val seq (cond on sampled tp)] |  MAPE 0.027009 | RMSE 106.834939 | MAE 59.885971 |
Epoch 0095 [Test seq (cond on sampled tp)] | MAPE 0.048396 | RMSE 374.740192| MAE 217.055374|
0.05568501353263855,0.04422951117157936,0.045272015035152435
377.4849127779811,409.14783773716806,337.58782422134243
Experiment 09-03_21:35
Epoch 0096 [Train seq (cond on sampled tp)] | Loss 4796396.609375 | MAPE 0.040408 | RMSE 116.753477 |MAE 48.552689 | Likelihood -4796393.890625 | KL fp 2.7850 | FP STD 0.1742 | ->nfe  130.00 | <-nfe   52.00
Epoch 0096 [Val seq (cond on sampled tp)] |  MAPE 0.030069 | RMSE 104.188320 | MAE 66.294617 |
Epoch 0096 [Test seq (cond on sampled tp)] | MAPE 0.054425 | RMSE 299.206353| MAE 207.961070|
0.06697791814804077,0.052488792687654495,0.04380775988101959
284.2193392654694,314.35428609691326,299.045434466069
Experiment 09-03_21:35
Epoch 0097 [Train seq (cond on sampled tp)] | Loss 4826199.578125 | MAPE 0.070509 | RMSE 112.032354 |MAE 46.164370 | Likelihood -4826196.703125 | KL fp 2.8367 | FP STD 0.1809 | ->nfe  130.00 | <-nfe   52.00
Epoch 0097 [Val seq (cond on sampled tp)] |  MAPE 0.026856 | RMSE 91.033487 | MAE 54.164982 |
Epoch 0097 [Test seq (cond on sampled tp)] | MAPE 0.044073 | RMSE 346.957357| MAE 207.445862|
0.050506342202425,0.043324168771505356,0.038387481123209
350.78303034069364,354.64646789091245,335.44257146343244
Experiment 09-03_21:35
Epoch 0098 [Train seq (cond on sampled tp)] | Loss 4766126.703125 | MAPE 0.055943 | RMSE 108.774180 |MAE 45.431739 | Likelihood -4766123.937500 | KL fp 2.8194 | FP STD 0.1831 | ->nfe  130.00 | <-nfe   52.00
Epoch 0098 [Val seq (cond on sampled tp)] |  MAPE 0.030699 | RMSE 104.859174 | MAE 63.706657 |
Epoch 0098 [Test seq (cond on sampled tp)] | MAPE 0.052662 | RMSE 380.799320| MAE 220.140488|
0.06269428879022598,0.05283575505018234,0.04245464876294136
380.5572394528844,399.4528288797064,362.38789214735084
Experiment 09-03_21:35
Epoch 0099 [Train seq (cond on sampled tp)] | Loss 4793295.296875 | MAPE 0.037564 | RMSE 113.888768 |MAE 43.096282 | Likelihood -4793292.578125 | KL fp 2.7203 | FP STD 0.1829 | ->nfe  130.00 | <-nfe   52.00
Epoch 0099 [Val seq (cond on sampled tp)] |  MAPE 0.027949 | RMSE 102.869836 | MAE 60.786846 |
Epoch 0099 [Test seq (cond on sampled tp)] | MAPE 0.055617 | RMSE 383.696365| MAE 230.413356|
0.058896806091070175,0.05423155799508095,0.05372212454676628
360.82366711456166,416.2067545103034,374.05867270389547
Experiment 09-03_21:35
Epoch 0100 [Train seq (cond on sampled tp)] | Loss 4827643.265625 | MAPE 0.038134 | RMSE 116.916414 |MAE 44.930717 | Likelihood -4827640.609375 | KL fp 2.6494 | FP STD 0.1759 | ->nfe  130.00 | <-nfe   52.00
Epoch 0100 [Val seq (cond on sampled tp)] |  MAPE 0.029187 | RMSE 86.302769 | MAE 51.104244 |
Epoch 0100 [Test seq (cond on sampled tp)] | MAPE 0.060452 | RMSE 327.393111| MAE 207.001689|
0.057362932711839676,0.05554632842540741,0.06844664365053177
300.19371350013313,355.8285335839441,326.15708686536306
