/nvme/yuanjingyang/CG-ODE/lstm/run_data_spring.py
lstm/run_data_spring.py -g --condition_length 96 --pred_length 48 -b 16
Namespace(save='experiments/', load=None, dataset='spring', datapath='data/', pred_length=48, condition_length=96, features='X,Y,vel_X,vel_Y', feature_out='X,Y', test_K=30, GRU=True, niters=100, lr=0.005, batch_size=16, random_seed=1991, dropout=0.2, l2=1e-05, optimizer='AdamW', clip=10, edge_lamda=0.5, alias='run', output_dim=2, feature_out_index=[0, 1], num_atoms=50)
run
Experiment 09-17_18:23
Epoch 0001 [Train seq (cond on sampled tp)] | Loss 25.416160 | MAPE 7.699236 | RMSE 1.094171 | Likelihood -25.416160 | KL fp 0.0000 | FP STD 0.0000 | ->nfe    0.00 | <-nfe    0.00
Epoch 0001 [Val seq (cond on sampled tp)] |  MAPE 3.682863 | RMSE 0.574532 |
Best Val!
Epoch 0001 [Test seq (cond on sampled tp)] | MAPE 2.819434 | RMSE 0.622034| MAE 0.506736|
7.384136199951172,2.3416574001312256,0.4539472758769989,1.7305845022201538,4.162629127502441,1.298557996749878,5.769571781158447,2.4404306411743164,0.5705922842025757,1.5045983791351318,1.6283299922943115,1.7928348779678345,1.9489459991455078,11.089865684509277,3.756561279296875,2.771139144897461,2.888049364089966,1.1173901557922363,4.532107353210449,1.0744761228561401,3.4835307598114014,1.6726614236831665,2.68760347366333,2.9379234313964844,0.8216980695724487,1.0903117656707764,3.2281482219696045,0.6701707243919373,1.0077561140060425,6.726820468902588
0.5227500329603698,0.6398215256255876,0.8050234195311664,0.6135139266922894,0.6999855525365091,0.44342048996821587,0.5855384739533338,0.49638734975441123,0.6881926905005215,0.6827526040071201,0.7103397245681967,0.6256110303921621,0.7651344985783639,0.5192925327808734,0.6130887598104613,0.6553287852259796,0.7018026420953372,0.7543758846805572,0.5253888098249313,0.4366024210432433,0.5663439486210199,0.5279203865002511,0.6083421512731092,0.6197566869358809,0.7009078780032084,0.5073380234339036,0.5482295291364765,0.7815250294094715,0.8154404325405453,0.5008704833514168
7.384136199951172,2.3416574001312256,0.4539472758769989,1.7305845022201538,4.162629127502441,1.298557996749878,5.769571781158447,2.4404306411743164,0.5705922842025757,1.5045983791351318,1.6283299922943115,1.7928348779678345,1.9489459991455078,11.089865684509277,3.756561279296875,2.771139144897461,2.888049364089966,1.1173901557922363,4.532107353210449,1.0744761228561401,3.4835307598114014,1.6726614236831665,2.68760347366333,2.9379234313964844,0.8216980695724487,1.0903117656707764,3.2281482219696045,0.6701707243919373,1.0077561140060425,6.726820468902588
0.5227500329603698,0.6398215256255876,0.8050234195311664,0.6135139266922894,0.6999855525365091,0.44342048996821587,0.5855384739533338,0.49638734975441123,0.6881926905005215,0.6827526040071201,0.7103397245681967,0.6256110303921621,0.7651344985783639,0.5192925327808734,0.6130887598104613,0.6553287852259796,0.7018026420953372,0.7543758846805572,0.5253888098249313,0.4366024210432433,0.5663439486210199,0.5279203865002511,0.6083421512731092,0.6197566869358809,0.7009078780032084,0.5073380234339036,0.5482295291364765,0.7815250294094715,0.8154404325405453,0.5008704833514168
Epoch 0001 [Test seq (cond on sampled tp)] | Best Test MAPE 2.819434|Best Test RMSE 0.622034|
Experiment 09-17_18:23
Epoch 0002 [Train seq (cond on sampled tp)] | Loss 18.799842 | MAPE 5.189110 | RMSE 0.560004 | Likelihood -18.799842 | KL fp 0.0000 | FP STD 0.0000 | ->nfe    0.00 | <-nfe    0.00
Epoch 0002 [Val seq (cond on sampled tp)] |  MAPE 3.991097 | RMSE 0.558274 |
Epoch 0002 [Test seq (cond on sampled tp)] | MAPE 2.501389 | RMSE 0.573768| MAE 0.460806|
5.976813316345215,1.7521730661392212,0.3959830403327942,1.529111623764038,3.0779685974121094,0.8989121913909912,5.818917274475098,2.223383665084839,0.5113537311553955,1.3894561529159546,1.5080342292785645,1.1144441366195679,1.7854305505752563,12.183834075927734,3.364891290664673,1.970489501953125,2.797276496887207,0.9636237621307373,3.9903759956359863,0.8740918040275574,2.5988078117370605,1.5742132663726807,2.104452133178711,2.229487657546997,0.7511148452758789,0.8940241932868958,4.521714210510254,0.5757375955581665,0.935989499092102,4.72956657409668
0.4737809411666786,0.5888568883599379,0.7225865923327369,0.5357169951642865,0.652589831508115,0.43046727950438635,0.5512959935989126,0.493265757131651,0.6047327305637087,0.5808805829956403,0.63285601430975,0.5967089556868876,0.6876722033452367,0.5294717872711281,0.5547319582463243,0.6224280605724628,0.5990025434901729,0.6867759533211101,0.47158248563244154,0.43396102540305453,0.554774183565345,0.5425016191344116,0.5602323334124348,0.5465766092685448,0.6985157464081377,0.48736804252172705,0.486163161155391,0.6983627748732015,0.7058316375737573,0.4833501464150198
5.976813316345215,1.7521730661392212,0.3959830403327942,1.529111623764038,3.0779685974121094,0.8989121913909912,5.818917274475098,2.223383665084839,0.5113537311553955,1.3894561529159546,1.5080342292785645,1.1144441366195679,1.7854305505752563,12.183834075927734,3.364891290664673,1.970489501953125,2.797276496887207,0.9636237621307373,3.9903759956359863,0.8740918040275574,2.5988078117370605,1.5742132663726807,2.104452133178711,2.229487657546997,0.7511148452758789,0.8940241932868958,4.521714210510254,0.5757375955581665,0.935989499092102,4.72956657409668
0.4737809411666786,0.5888568883599379,0.7225865923327369,0.5357169951642865,0.652589831508115,0.43046727950438635,0.5512959935989126,0.493265757131651,0.6047327305637087,0.5808805829956403,0.63285601430975,0.5967089556868876,0.6876722033452367,0.5294717872711281,0.5547319582463243,0.6224280605724628,0.5990025434901729,0.6867759533211101,0.47158248563244154,0.43396102540305453,0.554774183565345,0.5425016191344116,0.5602323334124348,0.5465766092685448,0.6985157464081377,0.48736804252172705,0.486163161155391,0.6983627748732015,0.7058316375737573,0.4833501464150198
Epoch 0002 [Test seq (cond on sampled tp)] | Best Test MAPE 2.501389|Best Test RMSE 0.573768|
Experiment 09-17_18:23
Epoch 0003 [Train seq (cond on sampled tp)] | Loss 18.674976 | MAPE 4.809789 | RMSE 0.547607 | Likelihood -18.674976 | KL fp 0.0000 | FP STD 0.0000 | ->nfe    0.00 | <-nfe    0.00
Epoch 0003 [Val seq (cond on sampled tp)] |  MAPE 3.988833 | RMSE 0.557853 |
Epoch 0003 [Test seq (cond on sampled tp)] | MAPE 2.549858 | RMSE 0.582821| MAE 0.468232|
8.006037712097168,1.728141188621521,0.37303426861763,1.7085987329483032,3.1248254776000977,0.8878215551376343,5.531187057495117,2.3191170692443848,0.5019834637641907,1.832760214805603,1.4097139835357666,1.0586079359054565,1.5025690793991089,10.834599494934082,3.833608865737915,2.010788917541504,2.987189769744873,0.9619073271751404,4.150318622589111,0.8678109049797058,2.559246778488159,1.6591238975524902,2.038167953491211,2.213897228240967,0.780350923538208,0.8868603110313416,4.619550704956055,0.6004317998886108,0.9581931829452515,4.549292087554932
0.49748669704785664,0.633457773201303,0.682114597571887,0.5465387673130109,0.6659651035153338,0.4023361390514303,0.571930901343542,0.49522105374633585,0.5869381053906408,0.5844007812769587,0.6533774905422772,0.5685583074540296,0.6796352322530651,0.5463021138732167,0.5703257990292437,0.6747636575549815,0.6160960626909471,0.7309231084521547,0.4889572194767626,0.41743772410583646,0.514960091488981,0.5557092738739831,0.5987008633291488,0.5855472282220285,0.7367057337981425,0.46576895120757483,0.5057021084378481,0.751237682489093,0.6917880668919455,0.465732558199755
Experiment 09-17_18:23
Epoch 0004 [Train seq (cond on sampled tp)] | Loss 18.659324 | MAPE 4.911899 | RMSE 0.546375 | Likelihood -18.659324 | KL fp 0.0000 | FP STD 0.0000 | ->nfe    0.00 | <-nfe    0.00
Epoch 0004 [Val seq (cond on sampled tp)] |  MAPE 3.905116 | RMSE 0.559674 |
Epoch 0004 [Test seq (cond on sampled tp)] | MAPE 2.461565 | RMSE 0.576935| MAE 0.463486|
5.641602516174316,1.7698464393615723,0.40318500995635986,1.5034966468811035,3.148937940597534,0.9493737816810608,5.31675910949707,2.199749708175659,0.5241106152534485,1.3238255977630615,1.4947656393051147,1.1621276140213013,1.6234885454177856,12.302682876586914,3.3767058849334717,1.972675085067749,2.713041305541992,0.9533900022506714,3.555760383605957,0.9026496410369873,2.6919891834259033,1.5860849618911743,2.114380121231079,2.27036452293396,0.7484471201896667,0.9168049693107605,4.323992729187012,0.5852025747299194,0.9424287676811218,4.829073429107666
0.4771636548233158,0.5920512593749745,0.7337955867506738,0.5414375560346105,0.6513883481456119,0.4350146647151856,0.5527425165554046,0.49007194229329554,0.6217363500105233,0.5926290270192404,0.6359460506754765,0.6057412303489699,0.6928154759736728,0.5279460152243811,0.5588239448910459,0.6186450214148356,0.6058262415667183,0.6858744042645804,0.47161819025517876,0.4355340108981707,0.5565722239446468,0.5378625478737082,0.5582241356047501,0.5465611238282351,0.6929864874701769,0.4891813298366667,0.48889481713693606,0.705018503304743,0.7202990880284381,0.48565349743173925
5.641602516174316,1.7698464393615723,0.40318500995635986,1.5034966468811035,3.148937940597534,0.9493737816810608,5.31675910949707,2.199749708175659,0.5241106152534485,1.3238255977630615,1.4947656393051147,1.1621276140213013,1.6234885454177856,12.302682876586914,3.3767058849334717,1.972675085067749,2.713041305541992,0.9533900022506714,3.555760383605957,0.9026496410369873,2.6919891834259033,1.5860849618911743,2.114380121231079,2.27036452293396,0.7484471201896667,0.9168049693107605,4.323992729187012,0.5852025747299194,0.9424287676811218,4.829073429107666
0.4771636548233158,0.5920512593749745,0.7337955867506738,0.5414375560346105,0.6513883481456119,0.4350146647151856,0.5527425165554046,0.49007194229329554,0.6217363500105233,0.5926290270192404,0.6359460506754765,0.6057412303489699,0.6928154759736728,0.5279460152243811,0.5588239448910459,0.6186450214148356,0.6058262415667183,0.6858744042645804,0.47161819025517876,0.4355340108981707,0.5565722239446468,0.5378625478737082,0.5582241356047501,0.5465611238282351,0.6929864874701769,0.4891813298366667,0.48889481713693606,0.705018503304743,0.7202990880284381,0.48565349743173925
Epoch 0004 [Test seq (cond on sampled tp)] | Best Test MAPE 2.461565|Best Test RMSE 0.576935|
Experiment 09-17_18:23
Epoch 0005 [Train seq (cond on sampled tp)] | Loss 18.645705 | MAPE 4.877033 | RMSE 0.544438 | Likelihood -18.645705 | KL fp 0.0000 | FP STD 0.0000 | ->nfe    0.00 | <-nfe    0.00
Epoch 0005 [Val seq (cond on sampled tp)] |  MAPE 4.069819 | RMSE 0.556162 |
Epoch 0005 [Test seq (cond on sampled tp)] | MAPE 2.352881 | RMSE 0.559668| MAE 0.447209|
4.133943557739258,1.5313317775726318,0.38834264874458313,1.6043654680252075,2.747110605239868,0.8583524227142334,6.156435966491699,2.0463762283325195,0.5022875070571899,1.0604033470153809,1.5291481018066406,1.0768407583236694,1.8764595985412598,13.060696601867676,3.0686585903167725,2.0470101833343506,2.54439640045166,0.9000399708747864,3.1002256870269775,0.8501840233802795,2.2747585773468018,1.5939137935638428,1.7045443058013916,1.862659215927124,0.7177644968032837,0.8571721315383911,5.275467872619629,0.5194623470306396,0.8933413624763489,3.8047282695770264
0.460335354363887,0.5612409859848877,0.7168822692396111,0.4982975347710186,0.6324313393368266,0.4658251748141148,0.537934352895245,0.5081959083977158,0.5948081125055696,0.5365982675600468,0.5905440007531066,0.6230242973230913,0.657765364600487,0.548593355513876,0.5271188609647957,0.5790269877645271,0.5396527914561228,0.6313347457427178,0.4443301860730536,0.46829486049440144,0.5887631250040223,0.5688736676339037,0.5206719975135508,0.5001123123390178,0.6962818503842279,0.513945155099136,0.4657747098405344,0.6386050968081464,0.6710261149846168,0.5037579576985465
4.133943557739258,1.5313317775726318,0.38834264874458313,1.6043654680252075,2.747110605239868,0.8583524227142334,6.156435966491699,2.0463762283325195,0.5022875070571899,1.0604033470153809,1.5291481018066406,1.0768407583236694,1.8764595985412598,13.060696601867676,3.0686585903167725,2.0470101833343506,2.54439640045166,0.9000399708747864,3.1002256870269775,0.8501840233802795,2.2747585773468018,1.5939137935638428,1.7045443058013916,1.862659215927124,0.7177644968032837,0.8571721315383911,5.275467872619629,0.5194623470306396,0.8933413624763489,3.8047282695770264
0.460335354363887,0.5612409859848877,0.7168822692396111,0.4982975347710186,0.6324313393368266,0.4658251748141148,0.537934352895245,0.5081959083977158,0.5948081125055696,0.5365982675600468,0.5905440007531066,0.6230242973230913,0.657765364600487,0.548593355513876,0.5271188609647957,0.5790269877645271,0.5396527914561228,0.6313347457427178,0.4443301860730536,0.46829486049440144,0.5887631250040223,0.5688736676339037,0.5206719975135508,0.5001123123390178,0.6962818503842279,0.513945155099136,0.4657747098405344,0.6386050968081464,0.6710261149846168,0.5037579576985465
Epoch 0005 [Test seq (cond on sampled tp)] | Best Test MAPE 2.352881|Best Test RMSE 0.559668|
Experiment 09-17_18:23
Epoch 0006 [Train seq (cond on sampled tp)] | Loss 18.648265 | MAPE 4.878299 | RMSE 0.544795 | Likelihood -18.648265 | KL fp 0.0000 | FP STD 0.0000 | ->nfe    0.00 | <-nfe    0.00
Epoch 0006 [Val seq (cond on sampled tp)] |  MAPE 3.816121 | RMSE 0.567971 |
Epoch 0006 [Test seq (cond on sampled tp)] | MAPE 2.521803 | RMSE 0.589771| MAE 0.475631|
3.9812943935394287,1.9286905527114868,0.4456242322921753,1.7483681440353394,3.5510387420654297,1.1048182249069214,4.974949836730957,2.2019407749176025,0.5679295063018799,1.1372191905975342,1.6219948530197144,1.4377598762512207,2.1390058994293213,13.643009185791016,3.1624481678009033,2.126781702041626,2.56339693069458,0.9820060729980469,3.2771599292755127,0.9961955547332764,2.9669559001922607,1.5949472188949585,2.360887289047241,2.476736545562744,0.7375462055206299,0.9841375350952148,3.830108642578125,0.5923607349395752,0.9479896426200867,5.57078742980957
0.4790657306868279,0.5714017577564547,0.7988339822643034,0.5638521684655481,0.6546407905977383,0.47594782789900675,0.5522561582530198,0.497216193895481,0.6771462826932473,0.6309487247082629,0.6446469289834479,0.651269290550509,0.7293001915519669,0.5191609776901085,0.5705731201403655,0.5826611023074525,0.6288162309183118,0.6654720381373158,0.47972444708868484,0.4632584764051982,0.6011174277076357,0.5258284662367055,0.5413195310778409,0.5341057037503208,0.6575645269343283,0.5216512520201664,0.49607308412295437,0.6880551394376325,0.7732662049774472,0.5179681136413624
Experiment 09-17_18:23
Epoch 0007 [Train seq (cond on sampled tp)] | Loss 18.685207 | MAPE 5.123807 | RMSE 0.550172 | Likelihood -18.685207 | KL fp 0.0000 | FP STD 0.0000 | ->nfe    0.00 | <-nfe    0.00
Epoch 0007 [Val seq (cond on sampled tp)] |  MAPE 3.794743 | RMSE 0.576538 |
Epoch 0007 [Test seq (cond on sampled tp)] | MAPE 2.714472 | RMSE 0.604577| MAE 0.488992|
5.368404388427734,2.069587230682373,0.4781138002872467,2.1050024032592773,3.890223979949951,1.2386420965194702,4.972822666168213,2.201066493988037,0.6056705713272095,1.50980806350708,1.7504568099975586,1.6170318126678467,2.6208529472351074,14.81732177734375,3.3568196296691895,2.362771511077881,2.479017972946167,1.010009527206421,3.0268664360046387,1.070712924003601,3.157027244567871,1.6361083984375,2.51448655128479,2.606245994567871,0.7337033152580261,1.041757345199585,3.566553831100464,0.5946674346923828,0.9526020884513855,6.0798020362854
0.4880386054820896,0.5597544794776576,0.8490508249524029,0.5845333058337147,0.6624700863400628,0.5159941998754586,0.5587552244040297,0.5124217148047905,0.7206079683830435,0.661003697464336,0.6542881751549645,0.691676609607453,0.7587160838809444,0.5226685013639515,0.5846709996009972,0.5581264007995045,0.6472426977338726,0.6515714905482184,0.4922281884223404,0.4947938333430451,0.6426871998515509,0.5274960050838393,0.5328493726394653,0.5282444079690313,0.635921025355685,0.5551986488323095,0.5079344676337841,0.6749734405307973,0.8127669849433876,0.5506380314318694
