/home1/yjy/CG-ODE/ode18/run_data_spring.py
ode18/run_data_spring.py --pred_length 60 --condition_length 120
Namespace(save='experiments/', load=None, dataset='spring', datapath='data/', pred_length=60, condition_length=120, features='X,Y,vel_X,vel_Y', feature_out='X,Y', test_K=30, niters=100, lr=0.005, batch_size=32, random_seed=1991, dropout=0.2, l2=1e-05, optimizer='AdamW', clip=10, edge_lamda=0.5, heavyBall=False, actv_h=None, gamma_guess=-3.0, gamma_act='sigmoid', corr=-100, corrf=True, sign=1, augment_dim=0, solver='rk4', rtol=0.01, atol=0.01, alias='run', output_dim=2, feature_out_index=[0, 1], num_atoms=50)
run
Experiment 09-24_01:11
Epoch 0001 [Train seq (cond on sampled tp)] | Loss 37.125966 | MAPE 14.103427 | RMSE 1.813391 |MAE 1.072671 | Likelihood -33.970901 | KL fp 3.1551 | FP STD 0.0352 | ->nfe  457.25 | <-nfe  236.00
Epoch 0001 [Val seq (cond on sampled tp)] |  MAPE 4.746639 | RMSE 0.771647 | MAE 0.590943 |
Best Val!
Epoch 0001 [Test seq (cond on sampled tp)] | MAPE 4.123680 | RMSE 1.080202| MAE 0.873545|
13.449155807495117,3.3853416442871094,0.6272945404052734,4.13499641418457,9.493942260742188,4.009701251983643,7.842692852020264,2.1258199214935303,0.742065966129303,2.611442804336548,2.304675817489624,3.700068235397339,1.7679897546768188,3.217924118041992,2.999558687210083,9.439088821411133,4.659533500671387,1.251139521598816,5.630031108856201,2.7113771438598633,3.2583000659942627,7.120043754577637,3.5363872051239014,2.9410574436187744,0.8192458748817444,5.465486526489258,6.653267860412598,0.608185887336731,0.7909548282623291,6.413633823394775
1.0349439871185195,0.9427868861283761,1.4153321188461645,1.1094614451939677,1.0797848846636686,1.0883944592877064,0.9774740313717153,0.8702546256253935,1.2116823920200663,1.2890612515530175,1.0831701021219706,1.235968466658942,1.28898393796172,0.8943980421807455,1.107545014924002,0.9031237249134395,1.1184068974169004,1.2454882259662303,0.9884553838819132,0.9584555478879663,1.0835234890844339,0.9768720517690617,0.9813625016078005,1.0773964783930507,0.9026056545367839,1.089953892108844,0.9810588626214538,1.0895606326090108,1.3263855707194758,1.0541553991768522
13.449155807495117,3.3853416442871094,0.6272945404052734,4.13499641418457,9.493942260742188,4.009701251983643,7.842692852020264,2.1258199214935303,0.742065966129303,2.611442804336548,2.304675817489624,3.700068235397339,1.7679897546768188,3.217924118041992,2.999558687210083,9.439088821411133,4.659533500671387,1.251139521598816,5.630031108856201,2.7113771438598633,3.2583000659942627,7.120043754577637,3.5363872051239014,2.9410574436187744,0.8192458748817444,5.465486526489258,6.653267860412598,0.608185887336731,0.7909548282623291,6.413633823394775
1.0349439871185195,0.9427868861283761,1.4153321188461645,1.1094614451939677,1.0797848846636686,1.0883944592877064,0.9774740313717153,0.8702546256253935,1.2116823920200663,1.2890612515530175,1.0831701021219706,1.235968466658942,1.28898393796172,0.8943980421807455,1.107545014924002,0.9031237249134395,1.1184068974169004,1.2454882259662303,0.9884553838819132,0.9584555478879663,1.0835234890844339,0.9768720517690617,0.9813625016078005,1.0773964783930507,0.9026056545367839,1.089953892108844,0.9810588626214538,1.0895606326090108,1.3263855707194758,1.0541553991768522
Epoch 0001 [Test seq (cond on sampled tp)] | Best Test MAPE 4.123680|Best Test RMSE 1.080202|Best Test MAE 0.873545|
Experiment 09-24_01:11
Epoch 0002 [Train seq (cond on sampled tp)] | Loss 21.763696 | MAPE 7.384635 | RMSE 0.663921 |MAE 0.503728 | Likelihood -19.068662 | KL fp 2.6950 | FP STD 0.0569 | ->nfe  929.25 | <-nfe  236.00
Epoch 0002 [Val seq (cond on sampled tp)] |  MAPE 4.163125 | RMSE 0.658924 | MAE 0.495490 |
Best Val!
Epoch 0002 [Test seq (cond on sampled tp)] | MAPE 4.327859 | RMSE 0.872206| MAE 0.697837|
6.917304992675781,3.1136474609375,0.38189589977264404,3.3660223484039307,7.592851161956787,1.816695213317871,4.296134948730469,2.5581398010253906,0.5698150396347046,2.579970598220825,1.8283414840698242,1.8642464876174927,1.5973345041275024,2.750922679901123,2.4121954441070557,47.30927658081055,2.5058610439300537,1.1836740970611572,3.7572758197784424,1.9619358777999878,2.3030264377593994,5.06488037109375,1.9890289306640625,6.815661430358887,0.6709093451499939,3.016976833343506,4.323943614959717,0.4750562310218811,0.582861602306366,4.229875564575195
0.806334578343482,0.9609312972201992,0.9863831457522739,0.8226738140843158,0.8068568053140632,0.9790618651016958,0.8564134720176074,0.8451461191076189,0.8689616844193723,0.8471112586836649,0.8088609189555915,0.9849657072594362,1.0018525249699355,0.8169688061627077,0.9185349037461911,0.8966560282542915,0.7476910574054408,0.9449931149004844,0.7115478410915519,0.8153820275181202,0.9028243729393958,0.9386076106290661,0.8145122552351332,0.87391520421423,0.9364666329858701,0.8832755773184341,0.782017483432873,0.9144371764606349,0.8096217011453276,0.8831763066468008
Experiment 09-24_01:11
Epoch 0003 [Train seq (cond on sampled tp)] | Loss 20.642623 | MAPE 5.966308 | RMSE 0.615243 |MAE 0.467870 | Likelihood -18.798803 | KL fp 1.8438 | FP STD 0.1666 | ->nfe  929.25 | <-nfe  236.00
Epoch 0003 [Val seq (cond on sampled tp)] |  MAPE 4.298781 | RMSE 0.669475 | MAE 0.507654 |
Epoch 0003 [Test seq (cond on sampled tp)] | MAPE 5.493388 | RMSE 0.932563| MAE 0.747968|
5.8487091064453125,3.490180492401123,0.42416849732398987,2.8501744270324707,15.527997970581055,3.281578302383423,6.598489761352539,2.4875075817108154,0.6619642376899719,2.788281202316284,1.3626582622528076,2.318470001220703,1.6700592041015625,2.710848093032837,3.2371397018432617,63.6190071105957,3.9245171546936035,1.2440317869186401,3.381504535675049,1.7423447370529175,2.904956817626953,6.055821418762207,2.4317433834075928,4.6776533126831055,0.7513025999069214,4.37750768661499,5.332197189331055,0.672292947769165,0.6173983812332153,7.811148643493652
0.776353214546035,0.9379107529125984,1.0251990148354275,0.7274564350494584,0.9627402847877596,0.9343021849261196,0.8634605739297948,0.7418955580089274,1.0154844920459472,1.0339443958538832,0.8786456590677544,0.987361796884702,1.1162680730606105,0.8187744981434874,1.0003339090770407,0.9237420201247262,1.0750522778241678,1.0902295267290476,0.810160165481155,0.88831766635995,0.9409170185395112,0.7979676852005337,0.9402740127836199,0.9143471559885932,0.9888849337072487,0.792496188061328,0.8240576491721244,1.0940704421251166,1.1075684788460043,0.9686652730991695
Experiment 09-24_01:11
Epoch 0004 [Train seq (cond on sampled tp)] | Loss 19.804824 | MAPE 5.636985 | RMSE 0.578082 |MAE 0.441660 | Likelihood -18.655800 | KL fp 1.1490 | FP STD 0.3410 | ->nfe  929.25 | <-nfe  236.00
Epoch 0004 [Val seq (cond on sampled tp)] |  MAPE 3.272022 | RMSE 0.544670 | MAE 0.417713 |
Best Val!
Epoch 0004 [Test seq (cond on sampled tp)] | MAPE 2.818358 | RMSE 0.691279| MAE 0.552792|
6.345988750457764,2.4370782375335693,0.3647225797176361,2.240659475326538,6.942830562591553,2.2271831035614014,3.9941234588623047,2.158501148223877,0.40642836689949036,1.4131234884262085,1.4805854558944702,2.0445234775543213,1.066693663597107,1.9744703769683838,1.6406201124191284,18.963706970214844,1.6274765729904175,0.8176769614219666,3.941845655441284,0.9502935409545898,1.4991166591644287,4.717965602874756,1.579278826713562,2.936072587966919,0.5636745095252991,1.9060736894607544,3.8594000339508057,0.4177548885345459,0.45067518949508667,3.582198143005371
0.6225854247052159,0.6873110381448464,0.8470583798106985,0.6197433666568257,0.7110090534127407,0.6764356718936549,0.601304209361084,0.62255277743147,0.678296100987281,0.6267575110330448,0.7429993455686292,0.7753925851946059,0.7391957265767511,0.7003402453556095,0.612258982435561,0.7240468435360529,0.6170785783674224,0.8326422726715564,0.5803534884914163,0.6480122056256002,0.7386311100726264,0.6988597779544575,0.6975769501970028,0.7446465562073172,0.8007912611917085,0.6500332053579511,0.5194318289026644,0.8233485758357635,0.7713386108217344,0.6283442669666804
6.345988750457764,2.4370782375335693,0.3647225797176361,2.240659475326538,6.942830562591553,2.2271831035614014,3.9941234588623047,2.158501148223877,0.40642836689949036,1.4131234884262085,1.4805854558944702,2.0445234775543213,1.066693663597107,1.9744703769683838,1.6406201124191284,18.963706970214844,1.6274765729904175,0.8176769614219666,3.941845655441284,0.9502935409545898,1.4991166591644287,4.717965602874756,1.579278826713562,2.936072587966919,0.5636745095252991,1.9060736894607544,3.8594000339508057,0.4177548885345459,0.45067518949508667,3.582198143005371
0.6225854247052159,0.6873110381448464,0.8470583798106985,0.6197433666568257,0.7110090534127407,0.6764356718936549,0.601304209361084,0.62255277743147,0.678296100987281,0.6267575110330448,0.7429993455686292,0.7753925851946059,0.7391957265767511,0.7003402453556095,0.612258982435561,0.7240468435360529,0.6170785783674224,0.8326422726715564,0.5803534884914163,0.6480122056256002,0.7386311100726264,0.6988597779544575,0.6975769501970028,0.7446465562073172,0.8007912611917085,0.6500332053579511,0.5194318289026644,0.8233485758357635,0.7713386108217344,0.6283442669666804
Epoch 0004 [Test seq (cond on sampled tp)] | Best Test MAPE 2.818358|Best Test RMSE 0.691279|Best Test MAE 0.552792|
Experiment 09-24_01:11
Epoch 0005 [Train seq (cond on sampled tp)] | Loss 19.207770 | MAPE 4.636984 | RMSE 0.548211 |MAE 0.422642 | Likelihood -18.511894 | KL fp 0.6959 | FP STD 0.5874 | ->nfe  929.25 | <-nfe  236.00
Epoch 0005 [Val seq (cond on sampled tp)] |  MAPE 3.245482 | RMSE 0.587966 | MAE 0.450008 |
Best Val!
Epoch 0005 [Test seq (cond on sampled tp)] | MAPE 4.973824 | RMSE 0.756951| MAE 0.613171|
4.153745174407959,2.728168249130249,0.4624134600162506,2.713010787963867,10.147523880004883,2.4894890785217285,5.502623558044434,1.7974004745483398,0.5682539343833923,1.968069076538086,1.2784428596496582,2.083303451538086,1.0310896635055542,2.4893641471862793,1.9352853298187256,75.41441345214844,3.5187554359436035,0.6783881783485413,3.3280348777770996,1.9325364828109741,2.486745834350586,4.7970356941223145,1.8919777870178223,2.4275317192077637,0.528472900390625,2.538151741027832,3.754012107849121,0.44317367672920227,0.6310552358627319,3.496239185333252
0.600288826248772,0.6745604143339311,1.0525675059255508,0.7532143456737378,0.7786996412450548,0.6989352328087945,0.5482468428514329,0.6132543764483069,0.9203279089163926,0.9110524427287087,0.7685485606936937,0.8756477138451325,0.940562776554231,0.6182158389713035,0.7127628159590063,0.6679874216782835,0.9772986117275928,0.855153343548428,0.6514703305779215,0.7544070147126525,0.8861448808856773,0.5560508414357572,0.67414355427796,0.8063101842137486,0.6451676434734771,0.600297117180156,0.702682525435295,0.8042891914700987,1.0098459001577567,0.650409961676469
Experiment 09-24_01:11
Epoch 0006 [Train seq (cond on sampled tp)] | Loss 18.981665 | MAPE 4.670237 | RMSE 0.530979 |MAE 0.409342 | Likelihood -18.421955 | KL fp 0.5597 | FP STD 0.5957 | ->nfe  929.25 | <-nfe  236.00
Epoch 0006 [Val seq (cond on sampled tp)] |  MAPE 3.069426 | RMSE 0.537185 | MAE 0.411826 |
Best Val!
Epoch 0006 [Test seq (cond on sampled tp)] | MAPE 2.203040 | RMSE 0.628125| MAE 0.510129|
3.55877685546875,1.7675726413726807,0.35542264580726624,2.3068740367889404,8.047454833984375,1.1388293504714966,3.9950408935546875,1.6344536542892456,0.4229852855205536,1.8241486549377441,1.291463851928711,1.2624120712280273,1.0590612888336182,1.4187242984771729,1.616480827331543,10.766552925109863,1.233995795249939,0.7986718416213989,2.5490314960479736,1.183443546295166,1.3901535272598267,3.1322526931762695,1.5853002071380615,2.5011184215545654,0.47995269298553467,2.2361888885498047,2.691952705383301,0.464726984500885,0.507878303527832,2.8702752590179443
0.5017539196821152,0.6991996762535188,0.7954690160921364,0.556032939950556,0.6296936460815057,0.49024739951047547,0.5437335384551777,0.5143307133980999,0.6457809816697268,0.6312407530683315,0.6258112887103436,0.6041383462604172,0.6459982620398937,0.5939486823696688,0.539469661914952,0.7128670466456121,0.6371640947279866,0.7699878712726866,0.5353706097615443,0.5676583492661291,0.6996180071103858,0.6514638117051674,0.6627851880034032,0.6132025455584384,0.6921340430910587,0.5030866655708339,0.5435850912809662,0.9018629700617751,0.7892983716678484,0.5468196840920716
3.55877685546875,1.7675726413726807,0.35542264580726624,2.3068740367889404,8.047454833984375,1.1388293504714966,3.9950408935546875,1.6344536542892456,0.4229852855205536,1.8241486549377441,1.291463851928711,1.2624120712280273,1.0590612888336182,1.4187242984771729,1.616480827331543,10.766552925109863,1.233995795249939,0.7986718416213989,2.5490314960479736,1.183443546295166,1.3901535272598267,3.1322526931762695,1.5853002071380615,2.5011184215545654,0.47995269298553467,2.2361888885498047,2.691952705383301,0.464726984500885,0.507878303527832,2.8702752590179443
0.5017539196821152,0.6991996762535188,0.7954690160921364,0.556032939950556,0.6296936460815057,0.49024739951047547,0.5437335384551777,0.5143307133980999,0.6457809816697268,0.6312407530683315,0.6258112887103436,0.6041383462604172,0.6459982620398937,0.5939486823696688,0.539469661914952,0.7128670466456121,0.6371640947279866,0.7699878712726866,0.5353706097615443,0.5676583492661291,0.6996180071103858,0.6514638117051674,0.6627851880034032,0.6132025455584384,0.6921340430910587,0.5030866655708339,0.5435850912809662,0.9018629700617751,0.7892983716678484,0.5468196840920716
Epoch 0006 [Test seq (cond on sampled tp)] | Best Test MAPE 2.203040|Best Test RMSE 0.628125|Best Test MAE 0.510129|
Experiment 09-24_01:11
Epoch 0007 [Train seq (cond on sampled tp)] | Loss 18.713021 | MAPE 4.543028 | RMSE 0.512047 |MAE 0.395692 | Likelihood -18.333551 | KL fp 0.3795 | FP STD 0.7322 | ->nfe  929.25 | <-nfe  236.00
Epoch 0007 [Val seq (cond on sampled tp)] |  MAPE 3.218790 | RMSE 0.525667 | MAE 0.402685 |
Epoch 0007 [Test seq (cond on sampled tp)] | MAPE 2.899062 | RMSE 0.623336| MAE 0.504553|
4.0904951095581055,2.4018607139587402,0.3883427381515503,2.6438052654266357,7.293217658996582,1.5524914264678955,2.162785768508911,1.9528628587722778,0.47051361203193665,1.1726280450820923,1.1910669803619385,1.558100700378418,0.9480793476104736,1.4992871284484863,1.6692649126052856,30.959224700927734,2.6293578147888184,0.5966119766235352,2.546096086502075,1.1893386840820312,1.4647082090377808,3.750108003616333,1.6670150756835938,1.2004753351211548,0.4737531840801239,1.9482536315917969,2.838578462600708,0.4358207881450653,0.470274955034256,3.8074307441711426
0.48929760251454807,0.5614035569637863,0.871914805935832,0.5936598207354621,0.5638298632772173,0.6247694782473597,0.4454583213706719,0.506373758847974,0.7404191081046699,0.6290437773084819,0.5923387168322279,0.714888566076697,0.7841017364865119,0.5520645234364452,0.5744681043992178,0.6233852747025861,0.7002843270854492,0.6404665309014165,0.4748772387229643,0.6125363728369511,0.7212245471238222,0.6345113626504291,0.5378891157407509,0.5447625094671645,0.5950075935632536,0.5998223389413532,0.529032820822807,0.7991019528122252,0.8134372147549728,0.6297048864496405
Experiment 09-24_01:11
Epoch 0008 [Train seq (cond on sampled tp)] | Loss 18.613621 | MAPE 4.321927 | RMSE 0.511260 |MAE 0.394951 | Likelihood -18.323484 | KL fp 0.2901 | FP STD 0.7524 | ->nfe  929.25 | <-nfe  236.00
Epoch 0008 [Val seq (cond on sampled tp)] |  MAPE 3.862680 | RMSE 0.558765 | MAE 0.427569 |
Epoch 0008 [Test seq (cond on sampled tp)] | MAPE 2.762082 | RMSE 0.685551| MAE 0.559710|
4.304475784301758,1.9426305294036865,0.45699676871299744,1.8461965322494507,8.087160110473633,1.6451183557510376,3.342615842819214,1.4973784685134888,0.5512424111366272,1.6968990564346313,0.9735208749771118,1.510380506515503,0.8081541061401367,1.8275727033615112,1.6477258205413818,22.774276733398438,2.679807662963867,0.7733226418495178,2.5129456520080566,1.1682255268096924,2.141183376312256,3.0808770656585693,1.2540500164031982,4.0768537521362305,0.4656921625137329,3.2419002056121826,2.26080584526062,0.5431472063064575,0.5811219811439514,3.1701860427856445
0.5453900202873625,0.6145724899068177,0.9840140210660784,0.6799143051046914,0.5984294352971578,0.6421227972472944,0.5540594924698826,0.5333515561487461,0.8706682474604924,0.8732403363758757,0.7334253379876391,0.7020046845671043,0.8597758312044183,0.5038329965737737,0.6707142406291241,0.6702385645996796,0.8112293725117111,0.8459139026046398,0.571542276198807,0.552132079533553,0.6507448944158234,0.5035966025285596,0.6353836103085189,0.7425576742487575,0.5874144694788292,0.5895470131738976,0.5821707641522162,0.8784886024834349,0.97131816330254,0.6087278695754331
