/nvme/yuanjingyang/CG-ODE/lstm/run_data_covid.py
/nvme/yuanjingyang/CG-ODE/lstm/run_data_covid.py
Namespace(dataset='Dec', datapath='data/', pred_length=14, condition_length=21, features='Confirmed,Deaths,Recovered,Mortality_Rate,Testing_Rate,Population,Mobility', split_interval=3, feature_out='Deaths', GRU=False, niters=100, lr=0.005, batch_size=8, random_seed=1991, dropout=0.2, l2=1e-05, optimizer='AdamW', clip=10, edge_lamda=0.5, alias='run', output_dim=1, feature_out_index=[1], num_atoms=50)
run
Experiment 09-15_21:00
Epoch 0001 [Train seq (cond on sampled tp)] | Loss 8124834.218750 | MAPE 0.143844 | RMSE 268.742479 |MAE 118.899428 | Likelihood -8124834.218750 | KL fp 0.0000 | FP STD 0.0000 | ->nfe    0.00 | <-nfe    0.00
Epoch 0001 [Val seq (cond on sampled tp)] |  MAPE 0.120867 | RMSE 246.966747 | MAE 136.064346 |
Best Val!
Epoch 0001 [Test seq (cond on sampled tp)] | MAPE 0.174263 | RMSE 772.982863| MAE 494.971171|
0.19573834538459778,0.16022104024887085,0.1668301224708557
779.5942855100978,785.9930025133812,753.3613011032621
0.19573834538459778,0.16022104024887085,0.1668301224708557
779.5942855100978,785.9930025133812,753.3613011032621
Epoch 0001 [Test seq (cond on sampled tp)] | Best Test MAPE 0.174263|Best Test RMSE 772.982863|Best Test MAE 494.971171|
Experiment 09-15_21:00
Epoch 0002 [Train seq (cond on sampled tp)] | Loss 7446241.843750 | MAPE 0.487248 | RMSE 245.905427 |MAE 129.073419 | Likelihood -7446241.843750 | KL fp 0.0000 | FP STD 0.0000 | ->nfe    0.00 | <-nfe    0.00
Epoch 0002 [Val seq (cond on sampled tp)] |  MAPE 0.141570 | RMSE 234.233207 | MAE 127.574989 |
Epoch 0002 [Test seq (cond on sampled tp)] | MAPE 0.165976 | RMSE 772.506584| MAE 486.876892|
0.19627277553081512,0.15112116932868958,0.15053369104862213
767.1802672775154,791.3415033978694,758.9979825401382
0.19627277553081512,0.15112116932868958,0.15053369104862213
767.1802672775154,791.3415033978694,758.9979825401382
Epoch 0002 [Test seq (cond on sampled tp)] | Best Test MAPE 0.165976|Best Test RMSE 772.506584|Best Test MAE 486.876892|
Experiment 09-15_21:00
Epoch 0003 [Train seq (cond on sampled tp)] | Loss 7359431.312500 | MAPE 0.520991 | RMSE 246.685720 |MAE 118.588070 | Likelihood -7359431.312500 | KL fp 0.0000 | FP STD 0.0000 | ->nfe    0.00 | <-nfe    0.00
Epoch 0003 [Val seq (cond on sampled tp)] |  MAPE 0.110281 | RMSE 244.797852 | MAE 128.087036 |
Best Val!
Epoch 0003 [Test seq (cond on sampled tp)] | MAPE 0.142903 | RMSE 795.333597| MAE 504.968964|
0.16165535151958466,0.14127862453460693,0.12577460706233978
788.1891429092385,823.63212358431,774.1795253686317
0.16165535151958466,0.14127862453460693,0.12577460706233978
788.1891429092385,823.63212358431,774.1795253686317
Epoch 0003 [Test seq (cond on sampled tp)] | Best Test MAPE 0.142903|Best Test RMSE 795.333597|Best Test MAE 504.968964|
Experiment 09-15_21:00
Epoch 0004 [Train seq (cond on sampled tp)] | Loss 7387119.812500 | MAPE 0.477179 | RMSE 248.155651 |MAE 117.925034 | Likelihood -7387119.812500 | KL fp 0.0000 | FP STD 0.0000 | ->nfe    0.00 | <-nfe    0.00
Epoch 0004 [Val seq (cond on sampled tp)] |  MAPE 0.119364 | RMSE 240.715868 | MAE 126.155006 |
Epoch 0004 [Test seq (cond on sampled tp)] | MAPE 0.149185 | RMSE 786.547038| MAE 497.103190|
0.16787728667259216,0.14708282053470612,0.1325960010290146
778.6401206590886,814.9032918082979,766.0977010146944
Experiment 09-15_21:00
Epoch 0005 [Train seq (cond on sampled tp)] | Loss 7360351.781250 | MAPE 0.530042 | RMSE 247.375981 |MAE 122.966315 | Likelihood -7360351.781250 | KL fp 0.0000 | FP STD 0.0000 | ->nfe    0.00 | <-nfe    0.00
Epoch 0005 [Val seq (cond on sampled tp)] |  MAPE 0.131378 | RMSE 236.089769 | MAE 125.097656 |
Epoch 0005 [Test seq (cond on sampled tp)] | MAPE 0.158141 | RMSE 775.473588| MAE 487.612813|
0.17717334628105164,0.15540970861911774,0.14184041321277618
766.973068301619,803.8096789663583,755.6380168440442
