/nvme/yuanjingyang/CG-ODE/ode18/run_data_social.py
ode18/run_data_social.py --heavyBall
Namespace(dataset='social', datapath='data/', pred_length=10, condition_length=20, training_end_time=320, add_popularity=True, features_inc=True, split_interval=5, niters=50, lr=0.005, batch_size=8, random_seed=1991, dropout=0.2, l2=1e-05, optimizer='AdamW', clip=10, edge_lamda=0.5, heavyBall=True, actv_h=None, gamma_guess=-3.0, gamma_act='sigmoid', corr=-100, corrf=True, sign=1, augment_dim=0, solver='rk4', rtol=0.01, atol=0.01, alias='run', feature_out_index=[0, 1], output_dim=2, num_atoms=80)
run
Experiment 09-03_22:41
Epoch 0001 [Train seq (cond on sampled tp)] | Loss 36.178190 | MAPE 1.034295 | RMSE 0.459314 |MAE 0.259038 | Likelihood -32.881892 | KL fp 3.2963 | FP STD 0.0309 | ->nfe   66.86 | <-nfe   36.00
Epoch 0001 [Val seq (cond on sampled tp)] |  MAPE 0.029137 | RMSE 0.138713 | MAE 0.093681 |
Best Val!
Epoch 0001 [Test seq (cond on sampled tp)] | MAPE 0.159448 | RMSE 0.212560| MAE 0.159877|
0.04911703243851662,0.05471999570727348,0.05377575382590294,0.10283318907022476,0.08532079309225082,0.08089126646518707,0.07133584469556808,0.05784503370523453,0.06726184487342834,0.07196497172117233,0.14489319920539856,0.19948337972164154,0.1540839672088623,1.0387463569641113
0.214234337437846,0.21160709104169426,0.2128226057809665,0.22061725228675877,0.21675501238825257,0.19817209179006243,0.19505471383542017,0.2018885669784925,0.21989669147440266,0.21309465727897553,0.21130084603856075,0.21693478742720823,0.22574967061195128,0.21771861357046063
0.04911703243851662,0.05471999570727348,0.05377575382590294,0.10283318907022476,0.08532079309225082,0.08089126646518707,0.07133584469556808,0.05784503370523453,0.06726184487342834,0.07196497172117233,0.14489319920539856,0.19948337972164154,0.1540839672088623,1.0387463569641113
0.214234337437846,0.21160709104169426,0.2128226057809665,0.22061725228675877,0.21675501238825257,0.19817209179006243,0.19505471383542017,0.2018885669784925,0.21989669147440266,0.21309465727897553,0.21130084603856075,0.21693478742720823,0.22574967061195128,0.21771861357046063
Epoch 0001 [Test seq (cond on sampled tp)] | Best Test MAPE 0.159448|Best Test RMSE 0.212560|Best Test MAE 0.159877|
Experiment 09-03_22:41
Epoch 0002 [Train seq (cond on sampled tp)] | Loss 6.687907 | MAPE 0.271588 | RMSE 0.149303 |MAE 0.107187 | Likelihood -3.491344 | KL fp 3.1966 | FP STD 0.0306 | ->nfe  149.14 | <-nfe   36.00
Epoch 0002 [Val seq (cond on sampled tp)] |  MAPE 0.027060 | RMSE 0.118605 | MAE 0.074354 |
Best Val!
Epoch 0002 [Test seq (cond on sampled tp)] | MAPE 0.174383 | RMSE 0.194307| MAE 0.138365|
0.043757710605859756,0.05231717973947525,0.06682663410902023,0.10172092169523239,0.11730766296386719,0.08654167503118515,0.08603193610906601,0.05444161966443062,0.06173080950975418,0.07630746811628342,0.16365520656108856,0.36580392718315125,0.19695225358009338,0.9679601788520813
0.182583178449043,0.18873820155891483,0.19626534731498846,0.18560989715004333,0.18615005229195603,0.191966676617938,0.2017174609325538,0.1903223370920842,0.19458377312917516,0.2021748714394489,0.17739051000731984,0.20541797815649615,0.20575162105107114,0.21163163944403562
Experiment 09-03_22:41
Epoch 0003 [Train seq (cond on sampled tp)] | Loss 6.354982 | MAPE 0.245188 | RMSE 0.138773 |MAE 0.096422 | Likelihood -3.190465 | KL fp 3.1645 | FP STD 0.0333 | ->nfe  149.14 | <-nfe   36.00
Epoch 0003 [Val seq (cond on sampled tp)] |  MAPE 0.030161 | RMSE 0.152512 | MAE 0.114030 |
Epoch 0003 [Test seq (cond on sampled tp)] | MAPE 0.129418 | RMSE 0.256691| MAE 0.215030|
0.0516812801361084,0.054647065699100494,0.057737208902835846,0.0753103718161583,0.0820002555847168,0.07708423584699631,0.06573101133108139,0.05112219601869583,0.06064534932374954,0.0702570453286171,0.1298169642686844,0.1822802722454071,0.17090846598148346,0.6826352477073669
0.24090000142801743,0.2557510263043914,0.23838278686415285,0.2466989296772604,0.2589623213133831,0.2492259230822094,0.2600970484414317,0.2556527737776452,0.25551082078019793,0.26661751947402684,0.26628681089577727,0.26195735872228043,0.26993432520019334,0.26770072411634105
0.0516812801361084,0.054647065699100494,0.057737208902835846,0.0753103718161583,0.0820002555847168,0.07708423584699631,0.06573101133108139,0.05112219601869583,0.06064534932374954,0.0702570453286171,0.1298169642686844,0.1822802722454071,0.17090846598148346,0.6826352477073669
0.24090000142801743,0.2557510263043914,0.23838278686415285,0.2466989296772604,0.2589623213133831,0.2492259230822094,0.2600970484414317,0.2556527737776452,0.25551082078019793,0.26661751947402684,0.26628681089577727,0.26195735872228043,0.26993432520019334,0.26770072411634105
Epoch 0003 [Test seq (cond on sampled tp)] | Best Test MAPE 0.129418|Best Test RMSE 0.256691|Best Test MAE 0.215030|
Experiment 09-03_22:41
Epoch 0004 [Train seq (cond on sampled tp)] | Loss 5.761922 | MAPE 0.314867 | RMSE 0.131951 |MAE 0.094126 | Likelihood -2.781491 | KL fp 2.9804 | FP STD 0.0398 | ->nfe  149.14 | <-nfe   36.00
Epoch 0004 [Val seq (cond on sampled tp)] |  MAPE 0.032203 | RMSE 0.127613 | MAE 0.088334 |
Epoch 0004 [Test seq (cond on sampled tp)] | MAPE 0.194066 | RMSE 0.219894| MAE 0.177146|
0.051998864859342575,0.06155824661254883,0.06207621842622757,0.11343991011381149,0.09940671920776367,0.10440347343683243,0.06166062876582146,0.08381211012601852,0.07096381485462189,0.07122912257909775,0.19964246451854706,0.4707469046115875,0.18305900692939758,1.0829230546951294
0.19878717499172505,0.19731093349022233,0.2054162462403004,0.20905677931560993,0.2089485333804727,0.2177610949794883,0.20693739977113812,0.22880455238202052,0.2366689950756817,0.2247126880714566,0.24013640569330622,0.23077925277651556,0.22792834434342343,0.24526133611175543
Experiment 09-03_22:41
Epoch 0005 [Train seq (cond on sampled tp)] | Loss 5.093496 | MAPE 0.262423 | RMSE 0.120197 |MAE 0.086643 | Likelihood -2.266644 | KL fp 2.8269 | FP STD 0.0468 | ->nfe  149.14 | <-nfe   36.00
Epoch 0005 [Val seq (cond on sampled tp)] |  MAPE 0.024134 | RMSE 0.110873 | MAE 0.073092 |
Best Val!
Epoch 0005 [Test seq (cond on sampled tp)] | MAPE 0.163260 | RMSE 0.187551| MAE 0.146164|
0.04456064850091934,0.04782285541296005,0.057579606771469116,0.0955398753285408,0.09646419435739517,0.07779871672391891,0.061460670083761215,0.05110107734799385,0.05499189719557762,0.06553051620721817,0.1593114584684372,0.3796166777610779,0.15438029170036316,0.9394801259040833
0.18118149145018733,0.17234163445551623,0.18185341584049938,0.1767834175911599,0.18011541828584646,0.18644065417934672,0.1779287344512372,0.18830265659505913,0.19085055085315814,0.18904548718224995,0.1979506938109653,0.21247840484113278,0.19103496898224243,0.19940361159958056
Experiment 09-03_22:41
Epoch 0006 [Train seq (cond on sampled tp)] | Loss 4.854673 | MAPE 0.233372 | RMSE 0.116924 |MAE 0.084096 | Likelihood -2.149962 | KL fp 2.7047 | FP STD 0.0558 | ->nfe  149.14 | <-nfe   36.00
Epoch 0006 [Val seq (cond on sampled tp)] |  MAPE 0.021832 | RMSE 0.101755 | MAE 0.069430 |
Best Val!
Epoch 0006 [Test seq (cond on sampled tp)] | MAPE 0.125625 | RMSE 0.160731| MAE 0.122099|
0.04535321146249771,0.038978394120931625,0.045928847044706345,0.06727471202611923,0.09878555685281754,0.06237563118338585,0.04551243409514427,0.05166739225387573,0.04312598332762718,0.054960329085588455,0.10628771036863327,0.22501340508460999,0.17921586334705353,0.6942723989486694
0.1640848530573364,0.15544819144800878,0.16079129526882605,0.1628217212935822,0.16553060140189205,0.1551428491638712,0.15378498320029718,0.1501065146736664,0.1589041355108653,0.16706901589925766,0.16974169397012434,0.15637029547060072,0.16935206383779944,0.16108238702764313
0.04535321146249771,0.038978394120931625,0.045928847044706345,0.06727471202611923,0.09878555685281754,0.06237563118338585,0.04551243409514427,0.05166739225387573,0.04312598332762718,0.054960329085588455,0.10628771036863327,0.22501340508460999,0.17921586334705353,0.6942723989486694
0.1640848530573364,0.15544819144800878,0.16079129526882605,0.1628217212935822,0.16553060140189205,0.1551428491638712,0.15378498320029718,0.1501065146736664,0.1589041355108653,0.16706901589925766,0.16974169397012434,0.15637029547060072,0.16935206383779944,0.16108238702764313
Epoch 0006 [Test seq (cond on sampled tp)] | Best Test MAPE 0.125625|Best Test RMSE 0.160731|Best Test MAE 0.122099|
Experiment 09-03_22:41
Epoch 0007 [Train seq (cond on sampled tp)] | Loss 4.292435 | MAPE 0.186735 | RMSE 0.105473 |MAE 0.074530 | Likelihood -1.784285 | KL fp 2.5082 | FP STD 0.0702 | ->nfe  149.14 | <-nfe   36.00
Epoch 0007 [Val seq (cond on sampled tp)] |  MAPE 0.020131 | RMSE 0.103526 | MAE 0.070650 |
Best Val!
Epoch 0007 [Test seq (cond on sampled tp)] | MAPE 0.125036 | RMSE 0.167697| MAE 0.129581|
0.03980844467878342,0.037090327590703964,0.05248057469725609,0.09774283319711685,0.0713309645652771,0.07039371877908707,0.07057338953018188,0.040443453937768936,0.04562227055430412,0.06179562211036682,0.12094539403915405,0.2461022585630417,0.18979310989379883,0.606388509273529
0.16739111649380464,0.15724828226511295,0.17153409723645524,0.1683757032809477,0.1672723940085878,0.1752456505541138,0.1746354802563198,0.15089470123279072,0.1635734444215581,0.17230879162778348,0.16974099167045137,0.16688832739677129,0.17556074405136968,0.16709392638488785
0.03980844467878342,0.037090327590703964,0.05248057469725609,0.09774283319711685,0.0713309645652771,0.07039371877908707,0.07057338953018188,0.040443453937768936,0.04562227055430412,0.06179562211036682,0.12094539403915405,0.2461022585630417,0.18979310989379883,0.606388509273529
0.16739111649380464,0.15724828226511295,0.17153409723645524,0.1683757032809477,0.1672723940085878,0.1752456505541138,0.1746354802563198,0.15089470123279072,0.1635734444215581,0.17230879162778348,0.16974099167045137,0.16688832739677129,0.17556074405136968,0.16709392638488785
Epoch 0007 [Test seq (cond on sampled tp)] | Best Test MAPE 0.125036|Best Test RMSE 0.167697|Best Test MAE 0.129581|
Experiment 09-03_22:41
Epoch 0008 [Train seq (cond on sampled tp)] | Loss 4.075593 | MAPE 0.208274 | RMSE 0.105570 |MAE 0.076006 | Likelihood -1.767486 | KL fp 2.3081 | FP STD 0.0927 | ->nfe  149.14 | <-nfe   36.00
Epoch 0008 [Val seq (cond on sampled tp)] |  MAPE 0.022517 | RMSE 0.114024 | MAE 0.076539 |
Epoch 0008 [Test seq (cond on sampled tp)] | MAPE 0.154401 | RMSE 0.192190| MAE 0.150897|
0.042864199727773666,0.045468538999557495,0.06151439622044563,0.09338687360286713,0.12078412622213364,0.0827246606349945,0.0859241932630539,0.048531632870435715,0.05959155037999153,0.06248873099684715,0.1491575837135315,0.3796641528606415,0.18311455845832825,0.7463967204093933
0.189922792753374,0.1811820568794844,0.18378068659604754,0.1869169448263582,0.18527247567583652,0.19193644951508373,0.19614515200790517,0.17440234932008847,0.1994714816798514,0.2005074742230925,0.19905607276014378,0.20452598540231093,0.19941588540136052,0.1981266135832967
Experiment 09-03_22:41
Epoch 0009 [Train seq (cond on sampled tp)] | Loss 4.143882 | MAPE 0.252861 | RMSE 0.115061 |MAE 0.082448 | Likelihood -2.094052 | KL fp 2.0498 | FP STD 0.1234 | ->nfe  149.14 | <-nfe   36.00
Epoch 0009 [Val seq (cond on sampled tp)] |  MAPE 0.021980 | RMSE 0.107472 | MAE 0.078771 |
Epoch 0009 [Test seq (cond on sampled tp)] | MAPE 0.109477 | RMSE 0.174623| MAE 0.144598|
0.03971297666430473,0.039461441338062286,0.043559711426496506,0.07588604092597961,0.08735155314207077,0.05191695690155029,0.05317368730902672,0.047278840094804764,0.052109457552433014,0.047831010073423386,0.10613598674535751,0.2638925015926361,0.15238571166992188,0.47197824716567993
0.17072189476647234,0.17066175692819888,0.16674806363062405,0.17263383676725969,0.17699024030144292,0.17160336204990237,0.1712872360462693,0.17699245032747918,0.18218402182005425,0.178456265703705,0.17944080584519223,0.1720743269782211,0.1833197090566552,0.17161431917933354
0.03971297666430473,0.039461441338062286,0.043559711426496506,0.07588604092597961,0.08735155314207077,0.05191695690155029,0.05317368730902672,0.047278840094804764,0.052109457552433014,0.047831010073423386,0.10613598674535751,0.2638925015926361,0.15238571166992188,0.47197824716567993
0.17072189476647234,0.17066175692819888,0.16674806363062405,0.17263383676725969,0.17699024030144292,0.17160336204990237,0.1712872360462693,0.17699245032747918,0.18218402182005425,0.178456265703705,0.17944080584519223,0.1720743269782211,0.1833197090566552,0.17161431917933354
Epoch 0009 [Test seq (cond on sampled tp)] | Best Test MAPE 0.109477|Best Test RMSE 0.174623|Best Test MAE 0.144598|
Experiment 09-03_22:41
Epoch 0010 [Train seq (cond on sampled tp)] | Loss 3.700342 | MAPE 0.201051 | RMSE 0.105312 |MAE 0.074870 | Likelihood -1.775592 | KL fp 1.9248 | FP STD 0.1497 | ->nfe  149.14 | <-nfe   36.00
Epoch 0010 [Val seq (cond on sampled tp)] |  MAPE 0.024344 | RMSE 0.117806 | MAE 0.082705 |
Epoch 0010 [Test seq (cond on sampled tp)] | MAPE 0.177721 | RMSE 0.200872| MAE 0.163273|
0.03871987387537956,0.05143231898546219,0.06532622873783112,0.08182875066995621,0.08773121237754822,0.09170545637607574,0.07382936775684357,0.05371096357703209,0.06000300869345665,0.06576289236545563,0.1631997525691986,0.38779065012931824,0.22845640778541565,1.0385931730270386
0.18520846375102146,0.19534656227637104,0.1938151277015235,0.18840380237651635,0.19317681913614054,0.2119411064505946,0.19474505965096311,0.19904178351392932,0.20260276969650337,0.21921421930004645,0.20496616940648443,0.2076052230732159,0.20449580213964588,0.21164659241761344
Experiment 09-03_22:41
Epoch 0011 [Train seq (cond on sampled tp)] | Loss 3.823815 | MAPE 0.249885 | RMSE 0.115358 |MAE 0.083447 | Likelihood -2.098554 | KL fp 1.7253 | FP STD 0.1795 | ->nfe  149.14 | <-nfe   36.00
Epoch 0011 [Val seq (cond on sampled tp)] |  MAPE 0.023204 | RMSE 0.112589 | MAE 0.080543 |
Epoch 0011 [Test seq (cond on sampled tp)] | MAPE 0.119220 | RMSE 0.178920| MAE 0.145202|
0.0426960252225399,0.04157530516386032,0.0491427481174469,0.08944648504257202,0.07716649025678635,0.05587911605834961,0.05338689312338829,0.03968488425016403,0.05014568567276001,0.058367665857076645,0.11479585617780685,0.25452175736427307,0.11971145123243332,0.6225647926330566
0.18131486332236457,0.18088201830112155,0.1721314337919358,0.16906990572702987,0.1624458623992473,0.18126582372585623,0.18312356477962685,0.1672145077468997,0.1794784407804854,0.18166287603783632,0.18413042196395338,0.17922260433266193,0.18103892639428965,0.20189910291566454
Experiment 09-03_22:41
Epoch 0012 [Train seq (cond on sampled tp)] | Loss 3.462410 | MAPE 0.220855 | RMSE 0.107863 |MAE 0.076804 | Likelihood -1.850440 | KL fp 1.6120 | FP STD 0.1955 | ->nfe  149.14 | <-nfe   36.00
Epoch 0012 [Val seq (cond on sampled tp)] |  MAPE 0.020951 | RMSE 0.106736 | MAE 0.075498 |
Epoch 0012 [Test seq (cond on sampled tp)] | MAPE 0.115836 | RMSE 0.172498| MAE 0.138861|
0.04420952871441841,0.04182315617799759,0.05358784273266792,0.0785379633307457,0.08249606937170029,0.06386540085077286,0.05481572076678276,0.032583750784397125,0.04870782047510147,0.05401630327105522,0.0839998871088028,0.3151964843273163,0.14180660247802734,0.5260636210441589
0.17821199568127066,0.16904313777780705,0.16925054881015358,0.17448475399370728,0.16486026739920753,0.1727277074930575,0.1671629918932354,0.16116591604795025,0.17048464133705338,0.17537086052607714,0.18402644160423395,0.18078616372159068,0.17009125959769317,0.17730946104318238
Experiment 09-03_22:41
Epoch 0013 [Train seq (cond on sampled tp)] | Loss 3.207613 | MAPE 0.214339 | RMSE 0.106080 |MAE 0.076334 | Likelihood -1.787289 | KL fp 1.4203 | FP STD 0.2357 | ->nfe  149.14 | <-nfe   36.00
Epoch 0013 [Val seq (cond on sampled tp)] |  MAPE 0.023054 | RMSE 0.109872 | MAE 0.075392 |
Epoch 0013 [Test seq (cond on sampled tp)] | MAPE 0.158521 | RMSE 0.193268| MAE 0.154964|
0.042810190469026566,0.04606017470359802,0.05553306266665459,0.09733164310455322,0.10084690153598785,0.083861343562603,0.07824009656906128,0.043475884944200516,0.05873912572860718,0.07373371720314026,0.16487617790699005,0.34177011251449585,0.17402106523513794,0.8579894304275513
0.19172938960118133,0.18132188990900103,0.18581446375612717,0.19102918697649146,0.18302148546013314,0.1791912877461196,0.19403766381010398,0.1843501195445758,0.18914423665345004,0.20998794914193938,0.20445607621625142,0.20588556915639114,0.2044915575456799,0.2012864221910139
Experiment 09-03_22:41
Epoch 0014 [Train seq (cond on sampled tp)] | Loss 3.346859 | MAPE 0.215831 | RMSE 0.115126 |MAE 0.082689 | Likelihood -2.105234 | KL fp 1.2416 | FP STD 0.2780 | ->nfe  149.14 | <-nfe   36.00
Epoch 0014 [Val seq (cond on sampled tp)] |  MAPE 0.020864 | RMSE 0.112651 | MAE 0.081303 |
Epoch 0014 [Test seq (cond on sampled tp)] | MAPE 0.142077 | RMSE 0.184910| MAE 0.151520|
0.042582567781209946,0.040017735213041306,0.05101202800869942,0.0685635432600975,0.06974539905786514,0.06543516367673874,0.059410203248262405,0.04496463015675545,0.04803707078099251,0.056450989097356796,0.11852611601352692,0.28893375396728516,0.16312247514724731,0.8722786903381348
0.18385660347300753,0.1810112169541525,0.18184023318353798,0.17241773744708186,0.18298340861681198,0.18263078322774068,0.17385830777902558,0.18354093522443163,0.1906212747710145,0.19131635968509386,0.18747580888776888,0.17962426648623978,0.19078459312640314,0.2067768134894652
Experiment 09-03_22:41
Epoch 0015 [Train seq (cond on sampled tp)] | Loss 3.069248 | MAPE 0.217132 | RMSE 0.108037 |MAE 0.077357 | Likelihood -1.857840 | KL fp 1.2114 | FP STD 0.2770 | ->nfe  149.14 | <-nfe   36.00
Epoch 0015 [Val seq (cond on sampled tp)] |  MAPE 0.022850 | RMSE 0.110127 | MAE 0.078169 |
Epoch 0015 [Test seq (cond on sampled tp)] | MAPE 0.140918 | RMSE 0.183245| MAE 0.147532|
0.04076530411839485,0.03992495685815811,0.053130507469177246,0.07603906840085983,0.08884282410144806,0.067064069211483,0.06351392716169357,0.052490729838609695,0.05929592251777649,0.058905549347400665,0.14894254505634308,0.2771974205970764,0.16277696192264557,0.78396075963974
0.17376543371860462,0.16940173748341616,0.18489674558996533,0.17219292432233935,0.18203522264459693,0.1764904919780513,0.1875958297140154,0.17966046337230573,0.19673095610717495,0.1834480437931617,0.18885267610236983,0.18848454750025945,0.1925427116037409,0.18932883127900427
Experiment 09-03_22:41
Epoch 0016 [Train seq (cond on sampled tp)] | Loss 2.994523 | MAPE 0.209525 | RMSE 0.108673 |MAE 0.078141 | Likelihood -1.868736 | KL fp 1.1258 | FP STD 0.2989 | ->nfe  149.14 | <-nfe   36.00
Epoch 0016 [Val seq (cond on sampled tp)] |  MAPE 0.022029 | RMSE 0.107171 | MAE 0.075631 |
Epoch 0016 [Test seq (cond on sampled tp)] | MAPE 0.133221 | RMSE 0.173457| MAE 0.139094|
0.036778468638658524,0.04031355306506157,0.04900249093770981,0.06356354057788849,0.08840950578451157,0.05649670958518982,0.058126628398895264,0.040394216775894165,0.04968884587287903,0.055021416395902634,0.10862749069929123,0.301641047000885,0.14973430335521698,0.767300546169281
0.17007988127615137,0.18306907800816508,0.1719802566659752,0.15736560123357898,0.1834796287048137,0.15456758966715695,0.1713171434601228,0.16354699548819104,0.1843137825345303,0.17459067238102036,0.17053040248848295,0.18011001999541734,0.17532675053651237,0.188124589919597
Experiment 09-03_22:41
Epoch 0017 [Train seq (cond on sampled tp)] | Loss 2.783829 | MAPE 0.212832 | RMSE 0.106874 |MAE 0.076893 | Likelihood -1.804173 | KL fp 0.9797 | FP STD 0.3392 | ->nfe  149.14 | <-nfe   36.00
Epoch 0017 [Val seq (cond on sampled tp)] |  MAPE 0.022356 | RMSE 0.106309 | MAE 0.073554 |
Epoch 0017 [Test seq (cond on sampled tp)] | MAPE 0.150772 | RMSE 0.176597| MAE 0.140297|
0.039633821696043015,0.044308342039585114,0.05607549101114273,0.06881406903266907,0.08031680434942245,0.06323647499084473,0.05179443582892418,0.04408034682273865,0.05039755627512932,0.05572144314646721,0.13898508250713348,0.3356245458126068,0.2170335352420807,0.8647815585136414
0.16046377639528817,0.1744255183901389,0.1694002146093502,0.17893048126507005,0.17580728867845885,0.17128323965930142,0.1682199053139143,0.1747311058963231,0.1736171599499977,0.1778365983538898,0.1872789649683944,0.17291670719303284,0.19700841848544415,0.1904375612636276
Experiment 09-03_22:41
Epoch 0018 [Train seq (cond on sampled tp)] | Loss 2.750971 | MAPE 0.207491 | RMSE 0.107986 |MAE 0.077745 | Likelihood -1.865717 | KL fp 0.8853 | FP STD 0.3717 | ->nfe  149.14 | <-nfe   36.00
Epoch 0018 [Val seq (cond on sampled tp)] |  MAPE 0.021577 | RMSE 0.111801 | MAE 0.079697 |
Epoch 0018 [Test seq (cond on sampled tp)] | MAPE 0.140365 | RMSE 0.183399| MAE 0.148189|
0.04214658960700035,0.04174357280135155,0.051292043179273605,0.09582557529211044,0.08669301867485046,0.06288313120603561,0.06501779705286026,0.03843690827488899,0.04557570070028305,0.05365726351737976,0.11549496650695801,0.2977789044380188,0.1930295079946518,0.7755281329154968
0.186118280057603,0.17503570230770818,0.18341263501805716,0.18049744836094733,0.19294740157242343,0.1693753463928087,0.17409185162928187,0.1690000930350657,0.18485044988000146,0.1857610069231584,0.188061400226155,0.1899116610499532,0.20002446211287356,0.1884937080925627
Experiment 09-03_22:41
Epoch 0019 [Train seq (cond on sampled tp)] | Loss 2.673753 | MAPE 0.192510 | RMSE 0.107862 |MAE 0.077253 | Likelihood -1.841384 | KL fp 0.8324 | FP STD 0.3826 | ->nfe  149.14 | <-nfe   36.00
Epoch 0019 [Val seq (cond on sampled tp)] |  MAPE 0.022676 | RMSE 0.109819 | MAE 0.077184 |
Epoch 0019 [Test seq (cond on sampled tp)] | MAPE 0.122846 | RMSE 0.176526| MAE 0.141343|
0.04249953851103783,0.041107695549726486,0.0524182990193367,0.07249783724546432,0.059721555560827255,0.05240744352340698,0.0557638481259346,0.03872025012969971,0.04804662987589836,0.05124478414654732,0.11311687529087067,0.3110135495662689,0.19432471692562103,0.5869575142860413
0.17530400339742225,0.1677274689853996,0.17437980738374287,0.1645606686029838,0.17731656231628667,0.1716628662044775,0.17138658833294984,0.17024768090209047,0.17553021731793605,0.17853398760755418,0.18014777361274636,0.18866865222460935,0.1904932942899798,0.18540055378185102
Experiment 09-03_22:41
Epoch 0020 [Train seq (cond on sampled tp)] | Loss 2.607928 | MAPE 0.201976 | RMSE 0.107461 |MAE 0.076862 | Likelihood -1.836318 | KL fp 0.7716 | FP STD 0.4004 | ->nfe  149.14 | <-nfe   36.00
Epoch 0020 [Val seq (cond on sampled tp)] |  MAPE 0.023130 | RMSE 0.104194 | MAE 0.073452 |
Epoch 0020 [Test seq (cond on sampled tp)] | MAPE 0.137123 | RMSE 0.171559| MAE 0.135784|
0.03690141439437866,0.03844551369547844,0.0527661107480526,0.06710938364267349,0.0702102929353714,0.06140045076608658,0.06440176069736481,0.04455295205116272,0.04800763353705406,0.06123443320393562,0.11820365488529205,0.2775009572505951,0.1636285036802292,0.8153538107872009
0.15664580995344998,0.1697168483522235,0.1677015696863693,0.16344234787587292,0.17111675486649058,0.172657744802503,0.17264630906153158,0.17056757916163304,0.17252979394443063,0.1722790563628121,0.17116888717453374,0.18259471612257197,0.17731891533813426,0.1814409204121864
Experiment 09-03_22:41
Epoch 0021 [Train seq (cond on sampled tp)] | Loss 2.508943 | MAPE 0.202718 | RMSE 0.105942 |MAE 0.076033 | Likelihood -1.785493 | KL fp 0.7235 | FP STD 0.4206 | ->nfe  149.14 | <-nfe   36.00
Epoch 0021 [Val seq (cond on sampled tp)] |  MAPE 0.020795 | RMSE 0.109846 | MAE 0.077146 |
Epoch 0021 [Test seq (cond on sampled tp)] | MAPE 0.149102 | RMSE 0.177561| MAE 0.143372|
0.035787444561719894,0.04093059152364731,0.0502043142914772,0.07775527238845825,0.08178394287824631,0.060421645641326904,0.053228963166475296,0.04645099490880966,0.047181304544210434,0.05534535273909569,0.15973292291164398,0.3127054274082184,0.17775335907936096,0.8881528973579407
0.17024745114521905,0.17157658767532566,0.1693739387524708,0.17513322059470468,0.17236567487486512,0.1600765111180016,0.17247821876804353,0.16484131336671198,0.18345039939691335,0.18756588136052277,0.1812263090994671,0.1899986965203747,0.18972541472582818,0.19779340561466033
Experiment 09-03_22:41
Epoch 0022 [Train seq (cond on sampled tp)] | Loss 2.505633 | MAPE 0.211303 | RMSE 0.106507 |MAE 0.075757 | Likelihood -1.810420 | KL fp 0.6952 | FP STD 0.4200 | ->nfe  149.14 | <-nfe   36.00
Epoch 0022 [Val seq (cond on sampled tp)] |  MAPE 0.025857 | RMSE 0.107530 | MAE 0.075404 |
Epoch 0022 [Test seq (cond on sampled tp)] | MAPE 0.147500 | RMSE 0.172157| MAE 0.137877|
0.037557777017354965,0.043272148817777634,0.05642964318394661,0.08120609819889069,0.08768212050199509,0.06183396652340889,0.055179983377456665,0.044885262846946716,0.04998640716075897,0.0614863745868206,0.13976597785949707,0.3002950847148895,0.18882952630519867,0.856585681438446
0.1649797321645001,0.1725612994221003,0.17153547629162194,0.16140810828787117,0.16071976983935235,0.16788344656791562,0.16492336212889994,0.1671760394722802,0.17195937404863765,0.1760800418324591,0.17862680674921197,0.17996633704969547,0.1815852521766821,0.19079526387387977
Experiment 09-03_22:41
Epoch 0023 [Train seq (cond on sampled tp)] | Loss 2.533486 | MAPE 0.220590 | RMSE 0.107061 |MAE 0.076845 | Likelihood -1.822246 | KL fp 0.7112 | FP STD 0.4094 | ->nfe  149.14 | <-nfe   36.00
Epoch 0023 [Val seq (cond on sampled tp)] |  MAPE 0.024202 | RMSE 0.104390 | MAE 0.072479 |
Epoch 0023 [Test seq (cond on sampled tp)] | MAPE 0.127197 | RMSE 0.166347| MAE 0.132111|
0.038738518953323364,0.042957283556461334,0.05195605754852295,0.07275222986936569,0.07290730625391006,0.0695032998919487,0.05409931018948555,0.04040338471531868,0.04309998080134392,0.05572391673922539,0.10039734840393066,0.27962660789489746,0.16074034571647644,0.6978492736816406
0.16538753625565036,0.17213598939932123,0.16211359753911858,0.15715752146061104,0.1591676520261755,0.1692393836124748,0.1650383966195482,0.16208192868735474,0.16485771960686557,0.17466342268757198,0.16845092209505289,0.17624791506792137,0.16355136313110888,0.16875976229616282
Experiment 09-03_22:41
Epoch 0024 [Train seq (cond on sampled tp)] | Loss 2.378918 | MAPE 0.199260 | RMSE 0.103980 |MAE 0.074327 | Likelihood -1.726887 | KL fp 0.6520 | FP STD 0.4290 | ->nfe  149.14 | <-nfe   36.00
Epoch 0024 [Val seq (cond on sampled tp)] |  MAPE 0.024115 | RMSE 0.103793 | MAE 0.072402 |
Epoch 0024 [Test seq (cond on sampled tp)] | MAPE 0.153992 | RMSE 0.168436| MAE 0.133668|
0.03829789534211159,0.040889639407396317,0.050488825887441635,0.07313475757837296,0.09231236577033997,0.05967479944229126,0.04855196923017502,0.05484045669436455,0.051943130791187286,0.05323146656155586,0.16499640047550201,0.33328983187675476,0.18680354952812195,0.90743488073349
0.1639074035236653,0.1635364090222173,0.16476419232985967,0.16056585269336524,0.16949829383324758,0.1566753082690532,0.16238897983162162,0.16488360244138797,0.17250371944522502,0.1771849114196986,0.168305464297922,0.1802271224482051,0.1767731391205244,0.17689191883908906
Experiment 09-03_22:41
Epoch 0025 [Train seq (cond on sampled tp)] | Loss 2.373835 | MAPE 0.220236 | RMSE 0.106539 |MAE 0.076148 | Likelihood -1.802173 | KL fp 0.5717 | FP STD 0.4694 | ->nfe  149.14 | <-nfe   36.00
Epoch 0025 [Val seq (cond on sampled tp)] |  MAPE 0.019709 | RMSE 0.102481 | MAE 0.071812 |
Best Val!
Epoch 0025 [Test seq (cond on sampled tp)] | MAPE 0.132496 | RMSE 0.165074| MAE 0.131797|
0.03984338417649269,0.04582930728793144,0.05442441254854202,0.07613350450992584,0.08484866470098495,0.07010231167078018,0.052221279591321945,0.04181232303380966,0.04764477536082268,0.054651953279972076,0.1338115781545639,0.26720818877220154,0.17634537816047668,0.7100644111633301
0.16688529156978077,0.16983370302027964,0.15869123605572305,0.16567945102601564,0.16087940403549952,0.1675097325952738,0.157680306919584,0.1605059306985292,0.1597963744234283,0.1612099318476433,0.17228049432501255,0.16949527178523258,0.1690470493910574,0.17154856047604491
Experiment 09-03_22:41
Epoch 0026 [Train seq (cond on sampled tp)] | Loss 2.294470 | MAPE 0.203268 | RMSE 0.104510 |MAE 0.074826 | Likelihood -1.745152 | KL fp 0.5493 | FP STD 0.4833 | ->nfe  149.14 | <-nfe   36.00
Epoch 0026 [Val seq (cond on sampled tp)] |  MAPE 0.021759 | RMSE 0.106774 | MAE 0.075451 |
Epoch 0026 [Test seq (cond on sampled tp)] | MAPE 0.142432 | RMSE 0.172711| MAE 0.137838|
0.03910929709672928,0.04025188088417053,0.05441815406084061,0.06808806955814362,0.078989677131176,0.062161635607481,0.046765025705099106,0.044993843883275986,0.040877051651477814,0.06226792559027672,0.16403619945049286,0.3742203712463379,0.1635122448205948,0.754360020160675
0.17147619949177959,0.1682003387507436,0.17256108353982302,0.1672273452462454,0.168709264801276,0.17170474441345063,0.16551412681543265,0.17434341691555075,0.15844529066926907,0.18096508002047043,0.18442865011402007,0.18263321056551857,0.1840800682388185,0.1676706896515979
Experiment 09-03_22:41
Epoch 0027 [Train seq (cond on sampled tp)] | Loss 2.350556 | MAPE 0.201553 | RMSE 0.105775 |MAE 0.075183 | Likelihood -1.788784 | KL fp 0.5618 | FP STD 0.4616 | ->nfe  149.14 | <-nfe   36.00
Epoch 0027 [Val seq (cond on sampled tp)] |  MAPE 0.024001 | RMSE 0.103870 | MAE 0.073114 |
Epoch 0027 [Test seq (cond on sampled tp)] | MAPE 0.148764 | RMSE 0.164812| MAE 0.130614|
0.03685317188501358,0.03740362077951431,0.048941828310489655,0.08281388133764267,0.07508156448602676,0.05902756378054619,0.04797466844320297,0.04370503127574921,0.04486170411109924,0.060208678245544434,0.13824155926704407,0.3335016369819641,0.17806454002857208,0.8960183262825012
0.16751280158322976,0.16027266063125364,0.15189654171998707,0.15882224338034592,0.1595786600252418,0.16254655074967564,0.15846897088255296,0.15501967873361422,0.1668904256566806,0.177877441926307,0.15950658499194992,0.17537699414918753,0.17730658263550747,0.17628571391121522
Experiment 09-03_22:41
Epoch 0028 [Train seq (cond on sampled tp)] | Loss 2.183174 | MAPE 0.181950 | RMSE 0.102178 |MAE 0.073148 | Likelihood -1.666002 | KL fp 0.5172 | FP STD 0.4759 | ->nfe  149.14 | <-nfe   36.00
Epoch 0028 [Val seq (cond on sampled tp)] |  MAPE 0.021382 | RMSE 0.106396 | MAE 0.074370 |
Epoch 0028 [Test seq (cond on sampled tp)] | MAPE 0.124133 | RMSE 0.167724| MAE 0.133132|
0.04169008880853653,0.03889382258057594,0.04867354780435562,0.08225042372941971,0.0897413119673729,0.0614975206553936,0.06039351969957352,0.03806949034333229,0.048874106258153915,0.04763006418943405,0.09909933060407639,0.29449161887168884,0.16582091152668,0.6207332611083984
0.17317901457280968,0.1657325575326013,0.16380725601248622,0.1565020673770671,0.16910707854687493,0.16774156087755038,0.17380105032788656,0.15511995803483727,0.16501969443895703,0.17116605241240307,0.16932781556395018,0.17158652610731695,0.175462359348547,0.17057742350693428
Experiment 09-03_22:41
Epoch 0029 [Train seq (cond on sampled tp)] | Loss 2.234506 | MAPE 0.223359 | RMSE 0.106282 |MAE 0.075584 | Likelihood -1.805218 | KL fp 0.4293 | FP STD 0.5362 | ->nfe  149.14 | <-nfe   36.00
Epoch 0029 [Val seq (cond on sampled tp)] |  MAPE 0.021732 | RMSE 0.105139 | MAE 0.072782 |
Epoch 0029 [Test seq (cond on sampled tp)] | MAPE 0.140441 | RMSE 0.168560| MAE 0.134726|
0.038433920592069626,0.036763451993465424,0.045131415128707886,0.07620915025472641,0.09343608468770981,0.06143268570303917,0.0627460703253746,0.04637286067008972,0.04468749836087227,0.05738113075494766,0.09479016065597534,0.3622250258922577,0.11687364429235458,0.8296945691108704
0.16460928739953665,0.1589587497914043,0.16325521535341467,0.15809306684536056,0.16830482794128912,0.17081431907190472,0.1758610597205247,0.16248597786082805,0.17161105762057258,0.1656707603739453,0.1586055523375365,0.17759159137770536,0.17834929056352683,0.18562900331784885
Experiment 09-03_22:41
Epoch 0030 [Train seq (cond on sampled tp)] | Loss 2.134097 | MAPE 0.194289 | RMSE 0.103336 |MAE 0.074391 | Likelihood -1.698425 | KL fp 0.4357 | FP STD 0.5217 | ->nfe  149.14 | <-nfe   36.00
Epoch 0030 [Val seq (cond on sampled tp)] |  MAPE 0.022816 | RMSE 0.102383 | MAE 0.071132 |
Epoch 0030 [Test seq (cond on sampled tp)] | MAPE 0.128392 | RMSE 0.163458| MAE 0.129312|
0.038659241050481796,0.03935832530260086,0.049672745168209076,0.07923176884651184,0.07779184728860855,0.050292421132326126,0.054446734488010406,0.04430689290165901,0.050648219883441925,0.05423711612820625,0.10088970512151718,0.2691308856010437,0.18005311489105225,0.7087684869766235
0.16654703694722298,0.1593695251609058,0.16215514490585767,0.1596168646266544,0.15377799441211826,0.15382080029688244,0.1565281894915455,0.16043052796653837,0.16298928509055102,0.17073857596196826,0.1638098258284516,0.17171941022077825,0.1786506113260509,0.1682538839365923
Experiment 09-03_22:41
Epoch 0031 [Train seq (cond on sampled tp)] | Loss 2.058063 | MAPE 0.200890 | RMSE 0.101172 |MAE 0.072291 | Likelihood -1.644973 | KL fp 0.4131 | FP STD 0.5320 | ->nfe  149.14 | <-nfe   36.00
Epoch 0031 [Val seq (cond on sampled tp)] |  MAPE 0.022334 | RMSE 0.103642 | MAE 0.073312 |
Epoch 0031 [Test seq (cond on sampled tp)] | MAPE 0.124209 | RMSE 0.170426| MAE 0.137639|
0.037415143102407455,0.03759821876883507,0.0538429394364357,0.06331620365381241,0.07826530933380127,0.05813788250088692,0.06182825565338135,0.052467621862888336,0.05205733701586723,0.05639615282416344,0.12751682102680206,0.33303219079971313,0.17543134093284607,0.5516272783279419
0.16730166641596517,0.159405454596244,0.168697666291886,0.15047511910241948,0.1700684529078903,0.16406522476113466,0.16393380567130786,0.17150354343415464,0.17340544950053322,0.17495943923482424,0.17737551501295448,0.18490385767936557,0.17583743892772208,0.18402814202802426
Experiment 09-03_22:41
Epoch 0032 [Train seq (cond on sampled tp)] | Loss 2.092551 | MAPE 0.208125 | RMSE 0.104592 |MAE 0.074769 | Likelihood -1.744842 | KL fp 0.3477 | FP STD 0.5765 | ->nfe  149.14 | <-nfe   36.00
Epoch 0032 [Val seq (cond on sampled tp)] |  MAPE 0.025034 | RMSE 0.101334 | MAE 0.070237 |
Epoch 0032 [Test seq (cond on sampled tp)] | MAPE 0.127214 | RMSE 0.164733| MAE 0.129763|
0.034511130303144455,0.03957672044634819,0.04495832324028015,0.0686480775475502,0.07821257412433624,0.06571754068136215,0.04901733621954918,0.040849506855010986,0.04936490207910538,0.05029347166419029,0.12462158501148224,0.3283516764640808,0.1496001034975052,0.657271146774292
0.15775900184191713,0.15941458612499504,0.15525754211445233,0.16033226319866803,0.16604147317157927,0.1630650866764988,0.17093422106364894,0.16076320102950498,0.1705086486289027,0.16684896897403814,0.15894527962178742,0.18146205656485295,0.16390153959031514,0.1710227405258042
Experiment 09-03_22:41
Epoch 0033 [Train seq (cond on sampled tp)] | Loss 2.016006 | MAPE 0.189688 | RMSE 0.101568 |MAE 0.072403 | Likelihood -1.651651 | KL fp 0.3644 | FP STD 0.5532 | ->nfe  149.14 | <-nfe   36.00
Epoch 0033 [Val seq (cond on sampled tp)] |  MAPE 0.020734 | RMSE 0.105293 | MAE 0.073731 |
Epoch 0033 [Test seq (cond on sampled tp)] | MAPE 0.128533 | RMSE 0.173973| MAE 0.138164|
0.04232306405901909,0.04106392711400986,0.043057698756456375,0.08825608342885971,0.06545744836330414,0.06475771963596344,0.05705396085977554,0.04417511075735092,0.050374992191791534,0.056738730520009995,0.11728832870721817,0.26440975069999695,0.1734285205602646,0.691072404384613
0.17865300933356917,0.15983993415715295,0.15882457720748144,0.17065402946396643,0.16366550119048018,0.16736195433196685,0.178120194336831,0.17506135712161675,0.17401711230872507,0.18047649854068804,0.18352917286252637,0.18169309001953776,0.17760700860271425,0.18612417459208822
Experiment 09-03_22:41
Epoch 0034 [Train seq (cond on sampled tp)] | Loss 2.118777 | MAPE 0.196528 | RMSE 0.104782 |MAE 0.074324 | Likelihood -1.749884 | KL fp 0.3689 | FP STD 0.5449 | ->nfe  149.14 | <-nfe   36.00
Epoch 0034 [Val seq (cond on sampled tp)] |  MAPE 0.021297 | RMSE 0.102173 | MAE 0.072359 |
Epoch 0034 [Test seq (cond on sampled tp)] | MAPE 0.112338 | RMSE 0.160121| MAE 0.127306|
0.032937776297330856,0.036115244030952454,0.051820576190948486,0.07566255331039429,0.07971666008234024,0.05658964067697525,0.05551179125905037,0.03541793301701546,0.04613032937049866,0.04667339846491814,0.09540003538131714,0.26667866110801697,0.13878969848155975,0.5552868843078613
0.15937387288386895,0.15356558721999936,0.16278072166942995,0.15643829087062425,0.16728645186136876,0.15621097196486547,0.17198983604319093,0.1451179029465055,0.15541645277479896,0.15983210884840246,0.16536262215680383,0.16150519949593264,0.16553874806415614,0.16128004456778994
Experiment 09-03_22:41
Epoch 0035 [Train seq (cond on sampled tp)] | Loss 2.016513 | MAPE 0.181844 | RMSE 0.102407 |MAE 0.073044 | Likelihood -1.670907 | KL fp 0.3456 | FP STD 0.5621 | ->nfe  149.14 | <-nfe   36.00
Epoch 0035 [Val seq (cond on sampled tp)] |  MAPE 0.021928 | RMSE 0.100474 | MAE 0.068920 |
Epoch 0035 [Test seq (cond on sampled tp)] | MAPE 0.121221 | RMSE 0.161724| MAE 0.126285|
0.035566166043281555,0.036329496651887894,0.05455666780471802,0.08461393415927887,0.07468100637197495,0.0585419125854969,0.05729879066348076,0.04042389616370201,0.045442160218954086,0.05346005782485008,0.12225095182657242,0.22510547935962677,0.1571134775876999,0.6517111659049988
0.15802903663483794,0.1545159739956081,0.16317280722854713,0.16997820369978195,0.15418396210525595,0.1583647608676253,0.17002390396305883,0.16207310259282237,0.15976067281197037,0.1615395527541788,0.16407716208744733,0.17171384018186672,0.15885172448600038,0.15785115141651043
Experiment 09-03_22:41
Epoch 0036 [Train seq (cond on sampled tp)] | Loss 2.057446 | MAPE 0.185584 | RMSE 0.102945 |MAE 0.073468 | Likelihood -1.702621 | KL fp 0.3548 | FP STD 0.5463 | ->nfe  149.14 | <-nfe   36.00
Epoch 0036 [Val seq (cond on sampled tp)] |  MAPE 0.020516 | RMSE 0.104332 | MAE 0.074040 |
Epoch 0036 [Test seq (cond on sampled tp)] | MAPE 0.117291 | RMSE 0.164945| MAE 0.132280|
0.0353056937456131,0.04430248215794563,0.047294676303863525,0.06638865917921066,0.08215606212615967,0.06161745265126228,0.07119759172201157,0.04703017324209213,0.04788222536444664,0.047955721616744995,0.1083359345793724,0.29524412751197815,0.16020213067531586,0.5271674990653992
0.16135850186267334,0.17230386223138125,0.15701487014517693,0.164801974675468,0.16704761968212437,0.15711183093639702,0.16733183535199667,0.1563806762233048,0.1622746211365018,0.16666941652910341,0.16999282123155296,0.17527360198164335,0.1675276898246142,0.16414429691824772
Experiment 09-03_22:41
Epoch 0037 [Train seq (cond on sampled tp)] | Loss 2.059760 | MAPE 0.200399 | RMSE 0.103313 |MAE 0.073507 | Likelihood -1.704093 | KL fp 0.3557 | FP STD 0.5455 | ->nfe  149.14 | <-nfe   36.00
Epoch 0037 [Val seq (cond on sampled tp)] |  MAPE 0.019683 | RMSE 0.101510 | MAE 0.069146 |
Best Val!
Epoch 0037 [Test seq (cond on sampled tp)] | MAPE 0.143340 | RMSE 0.162702| MAE 0.127949|
0.03810445964336395,0.038849376142024994,0.0499122217297554,0.07898586988449097,0.07546838372945786,0.055048346519470215,0.06171546131372452,0.04897094517946243,0.04807337000966072,0.049595434218645096,0.11327804625034332,0.3609599471092224,0.1550125926733017,0.8327903747558594
0.15782041529832494,0.16254841858023572,0.1606908111231121,0.1624286047737159,0.16360240522622732,0.15542457230849477,0.15775397792491958,0.15649366453101332,0.16525696584242733,0.16105216348850576,0.17151184079316212,0.1679411133497058,0.16220749907222304,0.17309823727064186
Experiment 09-03_22:41
Epoch 0038 [Train seq (cond on sampled tp)] | Loss 2.015443 | MAPE 0.206697 | RMSE 0.101914 |MAE 0.072598 | Likelihood -1.658792 | KL fp 0.3567 | FP STD 0.5371 | ->nfe  149.14 | <-nfe   36.00
Epoch 0038 [Val seq (cond on sampled tp)] |  MAPE 0.022944 | RMSE 0.102833 | MAE 0.072911 |
Epoch 0038 [Test seq (cond on sampled tp)] | MAPE 0.138942 | RMSE 0.166830| MAE 0.132875|
0.03606389835476875,0.040003933012485504,0.051167894154787064,0.09236960113048553,0.08929438889026642,0.07452348619699478,0.06048230454325676,0.05132981017231941,0.046073079109191895,0.05016402527689934,0.11877142637968063,0.22271549701690674,0.1719828099012375,0.8402525782585144
0.16243929210414015,0.16397896411068863,0.1718663137581818,0.16053038022773108,0.16679270580539665,0.16466817432092562,0.1591990289463507,0.16633158517573765,0.16069450296871934,0.16762680911539382,0.16893975573976727,0.17017014770745018,0.17338249326594124,0.17899963115742046
Experiment 09-03_22:41
Epoch 0039 [Train seq (cond on sampled tp)] | Loss 2.021244 | MAPE 0.197633 | RMSE 0.102733 |MAE 0.073263 | Likelihood -1.677987 | KL fp 0.3433 | FP STD 0.5443 | ->nfe  149.14 | <-nfe   36.00
Epoch 0039 [Val seq (cond on sampled tp)] |  MAPE 0.020905 | RMSE 0.101836 | MAE 0.071059 |
Epoch 0039 [Test seq (cond on sampled tp)] | MAPE 0.138629 | RMSE 0.156328| MAE 0.121232|
0.035696323961019516,0.03579210117459297,0.04470352083444595,0.08254629373550415,0.07383859157562256,0.051706768572330475,0.03464923053979874,0.04955790191888809,0.049441415816545486,0.0515882633626461,0.11331727355718613,0.2796196937561035,0.17155122756958008,0.8667937517166138
0.1600140195903287,0.15538679939075556,0.13960767030875956,0.15885215833572175,0.1540460600215713,0.149655993944699,0.14899461124943658,0.15342896250301913,0.15367668187003156,0.16101330457937538,0.16394616725536115,0.15557553036472313,0.1710005918093111,0.1633901100854639
Experiment 09-03_22:41
Epoch 0040 [Train seq (cond on sampled tp)] | Loss 1.927981 | MAPE 0.178766 | RMSE 0.100957 |MAE 0.071759 | Likelihood -1.639759 | KL fp 0.2882 | FP STD 0.5898 | ->nfe  149.14 | <-nfe   36.00
Epoch 0040 [Val seq (cond on sampled tp)] |  MAPE 0.020984 | RMSE 0.101523 | MAE 0.071323 |
Epoch 0040 [Test seq (cond on sampled tp)] | MAPE 0.131957 | RMSE 0.161111| MAE 0.128265|
0.03816745802760124,0.04349256679415703,0.043543022125959396,0.072956882417202,0.06309971958398819,0.05278601124882698,0.03738541901111603,0.040796294808387756,0.04747718572616577,0.05337100103497505,0.10639750212430954,0.3252952992916107,0.1732769012451172,0.7493559718132019
0.1627531196230061,0.1648328045289159,0.15562116924611435,0.15501424761439853,0.15564337632445707,0.15582332170190996,0.15506751723246698,0.15815010477453628,0.15851250173989723,0.16737893699868814,0.15868691071231497,0.16860891488735133,0.17169344589774693,0.16776802023156312
Experiment 09-03_22:41
Epoch 0041 [Train seq (cond on sampled tp)] | Loss 1.955256 | MAPE 0.218427 | RMSE 0.102917 |MAE 0.073262 | Likelihood -1.692374 | KL fp 0.2629 | FP STD 0.6170 | ->nfe  149.14 | <-nfe   36.00
Epoch 0041 [Val seq (cond on sampled tp)] |  MAPE 0.019538 | RMSE 0.101804 | MAE 0.070141 |
Best Val!
Epoch 0041 [Test seq (cond on sampled tp)] | MAPE 0.129788 | RMSE 0.164246| MAE 0.129228|
0.03875686600804329,0.04033670574426651,0.045418255031108856,0.0802343413233757,0.07467883080244064,0.06940804421901703,0.060102175921201706,0.05325574800372124,0.04257850721478462,0.043123818933963776,0.08503172546625137,0.2804904580116272,0.17665345966815948,0.7269567847251892
0.15334765075120763,0.1639412420484195,0.163645572187635,0.15886377803200763,0.15855880479149417,0.16867496380753988,0.1641052735292032,0.15597507011794445,0.1674553043155679,0.16532937310792042,0.16276612017492947,0.17530433277920623,0.17172763749397854,0.1697471696132406
Experiment 09-03_22:41
Epoch 0042 [Train seq (cond on sampled tp)] | Loss 1.968438 | MAPE 0.199482 | RMSE 0.101924 |MAE 0.072255 | Likelihood -1.660868 | KL fp 0.3076 | FP STD 0.5673 | ->nfe  149.14 | <-nfe   36.00
Epoch 0042 [Val seq (cond on sampled tp)] |  MAPE 0.024424 | RMSE 0.101120 | MAE 0.070274 |
Epoch 0042 [Test seq (cond on sampled tp)] | MAPE 0.144827 | RMSE 0.165403| MAE 0.131612|
0.036284178495407104,0.03664369508624077,0.04607925936579704,0.09178674221038818,0.07996036112308502,0.06992208957672119,0.05863847956061363,0.04053754732012749,0.04872491955757141,0.05217702314257622,0.12900547683238983,0.35470858216285706,0.17844678461551666,0.8046628832817078
0.16561716169127397,0.15649363477509107,0.157165065135091,0.16517516173153743,0.15298543793242106,0.1636697347951725,0.16480789698630946,0.15719254641082547,0.17120894969436382,0.1645695876515957,0.16923666511375918,0.16438031068352713,0.1811303179324181,0.18201022333668193
Experiment 09-03_22:41
Epoch 0043 [Train seq (cond on sampled tp)] | Loss 1.998369 | MAPE 0.193043 | RMSE 0.102186 |MAE 0.072802 | Likelihood -1.673063 | KL fp 0.3253 | FP STD 0.5554 | ->nfe  149.14 | <-nfe   36.00
Epoch 0043 [Val seq (cond on sampled tp)] |  MAPE 0.021190 | RMSE 0.103180 | MAE 0.071328 |
Epoch 0043 [Test seq (cond on sampled tp)] | MAPE 0.132149 | RMSE 0.161104| MAE 0.126687|
0.037170544266700745,0.03471856936812401,0.0461256317794323,0.08594980090856552,0.07527317106723785,0.049160704016685486,0.04109234735369682,0.03670072183012962,0.036548640578985214,0.049747493118047714,0.11852704733610153,0.25105783343315125,0.18905682861804962,0.7989549040794373
0.1643809282390575,0.1598286534710034,0.15056269573944783,0.16108865999973535,0.1670875946018399,0.1564719531061108,0.15621664167989563,0.16675183918830858,0.15190258092594663,0.15840429890202973,0.16898300874909952,0.1616498397202911,0.16443763147977403,0.16768446418262054
Experiment 09-03_22:41
Epoch 0044 [Train seq (cond on sampled tp)] | Loss 1.914291 | MAPE 0.198415 | RMSE 0.101375 |MAE 0.072172 | Likelihood -1.641555 | KL fp 0.2727 | FP STD 0.6014 | ->nfe  149.14 | <-nfe   36.00
Epoch 0044 [Val seq (cond on sampled tp)] |  MAPE 0.021487 | RMSE 0.102642 | MAE 0.070197 |
Epoch 0044 [Test seq (cond on sampled tp)] | MAPE 0.141606 | RMSE 0.162072| MAE 0.128294|
0.036812301725149155,0.039308641105890274,0.04568348079919815,0.07662682235240936,0.08087345957756042,0.06234915181994438,0.053766459226608276,0.04032159596681595,0.04980606958270073,0.05025242641568184,0.1098044142127037,0.3033420741558075,0.1425473988056183,0.8909878134727478
0.15658131877503445,0.16131835427611285,0.14670396240755953,0.16504423708957774,0.16028831433343177,0.16336168174446783,0.15945013743418873,0.15283011170178137,0.16873461202821527,0.15207821372529393,0.1706304574449966,0.17588144731565777,0.16250279382908267,0.1736039580752433
Experiment 09-03_22:41
Epoch 0045 [Train seq (cond on sampled tp)] | Loss 1.933078 | MAPE 0.201143 | RMSE 0.101378 |MAE 0.071443 | Likelihood -1.659727 | KL fp 0.2734 | FP STD 0.5987 | ->nfe  149.14 | <-nfe   36.00
Epoch 0045 [Val seq (cond on sampled tp)] |  MAPE 0.021280 | RMSE 0.103761 | MAE 0.071910 |
Epoch 0045 [Test seq (cond on sampled tp)] | MAPE 0.122328 | RMSE 0.163297| MAE 0.130358|
0.03636733442544937,0.041171856224536896,0.04903681203722954,0.06873611360788345,0.07138446718454361,0.068003810942173,0.043945834040641785,0.04413177818059921,0.04286816343665123,0.0620991475880146,0.07977008074522018,0.2671470046043396,0.16485844552516937,0.6730718016624451
0.1573788692996311,0.1634977247243165,0.15790236695092233,0.16463032732608304,0.15922693709755267,0.15968893654246202,0.16150921294231133,0.15886211896492428,0.15722745693734266,0.16471451104422932,0.1667551343537031,0.16756941766058453,0.16914414408769343,0.1780571887957139
Experiment 09-03_22:41
Epoch 0046 [Train seq (cond on sampled tp)] | Loss 1.943761 | MAPE 0.199325 | RMSE 0.102123 |MAE 0.073498 | Likelihood -1.653165 | KL fp 0.2906 | FP STD 0.5833 | ->nfe  149.14 | <-nfe   36.00
Epoch 0046 [Val seq (cond on sampled tp)] |  MAPE 0.020608 | RMSE 0.101775 | MAE 0.069298 |
Epoch 0046 [Test seq (cond on sampled tp)] | MAPE 0.119018 | RMSE 0.158071| MAE 0.123194|
0.03757362812757492,0.040840644389390945,0.049169111996889114,0.06617999076843262,0.07236400246620178,0.061826981604099274,0.040632154792547226,0.04148629307746887,0.04635335132479668,0.053493060171604156,0.06159019097685814,0.299468994140625,0.14057806134223938,0.6547006964683533
0.15736460697126506,0.16094999056557138,0.15820482041192235,0.15759605327476012,0.1541043057699153,0.15857221969319849,0.15886891340899173,0.14817848319435475,0.15811950333846042,0.15919498650919536,0.15471566984130564,0.15946175443968844,0.1683458652519235,0.15931381823023158
Experiment 09-03_22:41
Epoch 0047 [Train seq (cond on sampled tp)] | Loss 1.883197 | MAPE 0.194097 | RMSE 0.099822 |MAE 0.070054 | Likelihood -1.620579 | KL fp 0.2626 | FP STD 0.6042 | ->nfe  149.14 | <-nfe   36.00
Epoch 0047 [Val seq (cond on sampled tp)] |  MAPE 0.020124 | RMSE 0.101220 | MAE 0.071146 |
Epoch 0047 [Test seq (cond on sampled tp)] | MAPE 0.131899 | RMSE 0.163547| MAE 0.129778|
0.038058117032051086,0.04476652294397354,0.04572382569313049,0.06891461461782455,0.07897812128067017,0.06061592698097229,0.04519946128129959,0.035538941621780396,0.048378366976976395,0.05312579497694969,0.1194407120347023,0.28792306780815125,0.13966655731201172,0.7802615761756897
0.17113557983543287,0.1651933840144994,0.1548525004892803,0.15132102262326483,0.15846240613452683,0.15911343722911403,0.15534883144242728,0.15703511280793572,0.15795739834916359,0.16621876797906385,0.17094723141148782,0.1670940322841488,0.17931020558319657,0.1756628644502421
Experiment 09-03_22:41
Epoch 0048 [Train seq (cond on sampled tp)] | Loss 1.907211 | MAPE 0.195291 | RMSE 0.102067 |MAE 0.072941 | Likelihood -1.662224 | KL fp 0.2450 | FP STD 0.6261 | ->nfe  149.14 | <-nfe   36.00
Epoch 0048 [Val seq (cond on sampled tp)] |  MAPE 0.025283 | RMSE 0.101555 | MAE 0.068242 |
Epoch 0048 [Test seq (cond on sampled tp)] | MAPE 0.114886 | RMSE 0.159560| MAE 0.123046|
0.040148478001356125,0.039296019822359085,0.04441840946674347,0.06619000434875488,0.08251958340406418,0.05852964520454407,0.047165848314762115,0.04504542052745819,0.04074578359723091,0.04613262787461281,0.10397719591856003,0.2487046718597412,0.14522697031497955,0.6002969741821289
0.15210058294630668,0.15643720736801997,0.15537911543647556,0.15789917605129544,0.15839645558539023,0.17402509181202847,0.1586591482388027,0.15838262594307342,0.15716043704780105,0.1656307471375835,0.14455418147064655,0.16860039733247956,0.15620790749063018,0.1704078991147499
Experiment 09-03_22:41
Epoch 0049 [Train seq (cond on sampled tp)] | Loss 1.883807 | MAPE 0.192984 | RMSE 0.100140 |MAE 0.070869 | Likelihood -1.623471 | KL fp 0.2603 | FP STD 0.6058 | ->nfe  149.14 | <-nfe   36.00
Epoch 0049 [Val seq (cond on sampled tp)] |  MAPE 0.021892 | RMSE 0.102730 | MAE 0.071251 |
Epoch 0049 [Test seq (cond on sampled tp)] | MAPE 0.102309 | RMSE 0.163803| MAE 0.128868|
0.03715343400835991,0.041248761117458344,0.05044400691986084,0.07631418108940125,0.07923224568367004,0.0553940124809742,0.06977054476737976,0.03547726571559906,0.048193372786045074,0.0509222038090229,0.11556456238031387,0.3008001446723938,0.16966836154460907,0.30214062333106995
0.1649360956270997,0.163100995722014,0.16518679896598143,0.1642470854115233,0.15709941177037984,0.1527022703629504,0.16464066243847808,0.15326954675417645,0.16783443891799746,0.16201149616835506,0.16932152881501383,0.16987506725999063,0.1765899704349985,0.16243233165870335
0.03715343400835991,0.041248761117458344,0.05044400691986084,0.07631418108940125,0.07923224568367004,0.0553940124809742,0.06977054476737976,0.03547726571559906,0.048193372786045074,0.0509222038090229,0.11556456238031387,0.3008001446723938,0.16966836154460907,0.30214062333106995
0.1649360956270997,0.163100995722014,0.16518679896598143,0.1642470854115233,0.15709941177037984,0.1527022703629504,0.16464066243847808,0.15326954675417645,0.16783443891799746,0.16201149616835506,0.16932152881501383,0.16987506725999063,0.1765899704349985,0.16243233165870335
Epoch 0049 [Test seq (cond on sampled tp)] | Best Test MAPE 0.102309|Best Test RMSE 0.163803|Best Test MAE 0.128868|
Experiment 09-03_22:41
Epoch 0050 [Train seq (cond on sampled tp)] | Loss 1.891605 | MAPE 0.187006 | RMSE 0.100403 |MAE 0.071151 | Likelihood -1.620884 | KL fp 0.2707 | FP STD 0.5941 | ->nfe  149.14 | <-nfe   36.00
Epoch 0050 [Val seq (cond on sampled tp)] |  MAPE 0.025377 | RMSE 0.102772 | MAE 0.071583 |
Epoch 0050 [Test seq (cond on sampled tp)] | MAPE 0.136627 | RMSE 0.160671| MAE 0.128698|
0.035619985312223434,0.04338580742478371,0.048883989453315735,0.08097761869430542,0.07261499017477036,0.06038424000144005,0.04507657513022423,0.041284315288066864,0.047460298985242844,0.05571633577346802,0.12057092040777206,0.2764291763305664,0.13348639011383057,0.850888192653656
0.15110028639366418,0.16463603519414824,0.15507715042346118,0.15457068666186777,0.1579886147774628,0.16348137569292132,0.1557392833659966,0.1534988008263589,0.1574460032409165,0.16391107973923302,0.16230905253833064,0.16976182898268097,0.16915082284081392,0.17072304581040296
