/nvme/yuanjingyang/CG-ODE/ode18/run.py
ode18/run.py --solver dopri5 --rtol 1e-2 --atol 1e-4
Namespace(dataset='Dec', datapath='data/', pred_length=14, condition_length=21, features='Confirmed,Deaths,Recovered,Mortality_Rate,Testing_Rate,Population,Mobility', split_interval=3, feature_out='Deaths', niters=100, lr=0.005, batch_size=8, random_seed=1991, dropout=0.2, l2=1e-05, optimizer='AdamW', clip=10, edge_lamda=0.5, heavyBall=False, actv_h=None, gamma_guess=-3.0, gamma_act='sigmoid', corr=-100, corrf=True, sign=1, augment_dim=0, solver='dopri5', rtol=0.01, atol=0.0001, alias='run', output_dim=1, feature_out_index=[1], num_atoms=50)
run
Experiment 08-23_01:35
Epoch 0001 [Train seq (cond on sampled tp)] | Loss 8142567.875000 | MAPE 0.210505 | RMSE 265.268235 | Likelihood -8142564.062500 | KL fp 3.8100 | FP STD 0.6799 | ->nfe  833.25 | <-nfe 1005.50
Epoch 0001 [Val seq (cond on sampled tp)] |  MAPE 0.126032 | RMSE 238.571366 |
Best Val!
Epoch 0001 [Test seq (cond on sampled tp)] | MAPE 0.153273 | RMSE 782.818944|
0.16894185543060303,0.154434934258461,0.13644179701805115
772.6770023755075,810.8487451430137,764.931083497069
0.16894185543060303,0.154434934258461,0.13644179701805115
772.6770023755075,810.8487451430137,764.931083497069
Epoch 0001 [Test seq (cond on sampled tp)] | Best Test MAPE 0.153273|Best Test RMSE 782.818944|
Experiment 08-23_01:35
Epoch 0002 [Train seq (cond on sampled tp)] | Loss 7573034.843750 | MAPE 0.464661 | RMSE 246.691022 | Likelihood -7573029.250000 | KL fp 5.4902 | FP STD 1.3710 | ->nfe 2630.75 | <-nfe 2634.50
Epoch 0002 [Val seq (cond on sampled tp)] |  MAPE 0.042735 | RMSE 243.075501 |
Best Val!
Epoch 0002 [Test seq (cond on sampled tp)] | MAPE 0.078961 | RMSE 796.672582|
0.09023865312337875,0.08120323717594147,0.06544191390275955
789.801280386402,825.3651086034592,774.851356713015
0.09023865312337875,0.08120323717594147,0.06544191390275955
789.801280386402,825.3651086034592,774.851356713015
Epoch 0002 [Test seq (cond on sampled tp)] | Best Test MAPE 0.078961|Best Test RMSE 796.672582|
Experiment 08-23_01:35
Epoch 0003 [Train seq (cond on sampled tp)] | Loss 7322444.562500 | MAPE 0.136379 | RMSE 240.661154 | Likelihood -7322439.500000 | KL fp 5.0585 | FP STD 1.2507 | ->nfe 2660.00 | <-nfe 2522.00
Epoch 0003 [Val seq (cond on sampled tp)] |  MAPE 0.053156 | RMSE 239.850694 |
Epoch 0003 [Test seq (cond on sampled tp)] | MAPE 0.083393 | RMSE 759.246450|
0.08744338899850845,0.08080754429101944,0.08192671835422516
732.4933020171584,771.8683096876047,773.3777375901119
Experiment 08-23_01:35
Epoch 0004 [Train seq (cond on sampled tp)] | Loss 7231033.812500 | MAPE 0.164436 | RMSE 238.725991 | Likelihood -7231030.375000 | KL fp 3.2867 | FP STD 0.7817 | ->nfe 1455.50 | <-nfe 1406.75
Epoch 0004 [Val seq (cond on sampled tp)] |  MAPE 0.096128 | RMSE 253.370105 |
Epoch 0004 [Test seq (cond on sampled tp)] | MAPE 0.131184 | RMSE 814.520799|
0.149605855345726,0.12931586802005768,0.11462903022766113
806.8622481564,843.2887257636023,793.4114238527197
Experiment 08-23_01:35
Epoch 0005 [Train seq (cond on sampled tp)] | Loss 7745720.343750 | MAPE 0.498479 | RMSE 249.966593 | Likelihood -7745717.250000 | KL fp 3.1961 | FP STD 0.7835 | ->nfe 1784.75 | <-nfe 2204.00
Epoch 0005 [Val seq (cond on sampled tp)] |  MAPE 0.119880 | RMSE 240.359976 |
Epoch 0005 [Test seq (cond on sampled tp)] | MAPE 0.146161 | RMSE 787.135596|
0.16288863122463226,0.14177513122558594,0.13381943106651306
777.9067264139063,814.7890064304992,768.711055924136
Experiment 08-23_01:35
Epoch 0006 [Train seq (cond on sampled tp)] | Loss 7670551.031250 | MAPE 0.472501 | RMSE 250.081011 | Likelihood -7670548.281250 | KL fp 2.6820 | FP STD 0.8642 | ->nfe 2771.75 | <-nfe 2411.00
Epoch 0006 [Val seq (cond on sampled tp)] |  MAPE 0.095847 | RMSE 254.099621 |
Epoch 0006 [Test seq (cond on sampled tp)] | MAPE 0.128853 | RMSE 816.196189|
0.14766520261764526,0.13152524828910828,0.10736773908138275
810.1035813400654,843.6777376463125,794.8072486458587
Experiment 08-23_01:35
Epoch 0007 [Train seq (cond on sampled tp)] | Loss 7681890.812500 | MAPE 0.398467 | RMSE 251.850413 | Likelihood -7681888.437500 | KL fp 2.4308 | FP STD 0.9068 | ->nfe 2141.00 | <-nfe 1979.00
Epoch 0007 [Val seq (cond on sampled tp)] |  MAPE 0.103213 | RMSE 249.394940 |
Epoch 0007 [Test seq (cond on sampled tp)] | MAPE 0.132286 | RMSE 807.223017|
0.15182484686374664,0.13286496698856354,0.11216739565134048
800.4237159155143,835.1140640655024,786.1312708447616
Experiment 08-23_01:35
Epoch 0008 [Train seq (cond on sampled tp)] | Loss 7659053.437500 | MAPE 0.439517 | RMSE 249.767010 | Likelihood -7659050.500000 | KL fp 2.7777 | FP STD 0.9789 | ->nfe 2165.75 | <-nfe 2207.75
Epoch 0008 [Val seq (cond on sampled tp)] |  MAPE 0.110978 | RMSE 247.785292 |
Epoch 0008 [Test seq (cond on sampled tp)] | MAPE 0.145073 | RMSE 799.776930|
0.16446658968925476,0.14136521518230438,0.12938660383224487
795.4789830661775,826.5690004470287,777.2828072844529
Experiment 08-23_01:35
Epoch 0009 [Train seq (cond on sampled tp)] | Loss 7637352.062500 | MAPE 0.459201 | RMSE 249.333817 | Likelihood -7637349.062500 | KL fp 3.0162 | FP STD 1.0736 | ->nfe 2162.75 | <-nfe 2254.25
Epoch 0009 [Val seq (cond on sampled tp)] |  MAPE 0.108936 | RMSE 247.199976 |
Epoch 0009 [Test seq (cond on sampled tp)] | MAPE 0.143433 | RMSE 803.247027|
0.16912563145160675,0.1378241926431656,0.12334813177585602
797.388746158359,833.3639286050243,778.9884065247697
Experiment 08-23_01:35
Epoch 0010 [Train seq (cond on sampled tp)] | Loss 7650004.125000 | MAPE 0.448681 | RMSE 250.069665 | Likelihood -7650001.125000 | KL fp 3.0952 | FP STD 1.0688 | ->nfe 2018.75 | <-nfe 1880.00
Epoch 0010 [Val seq (cond on sampled tp)] |  MAPE 0.105693 | RMSE 249.426201 |
Epoch 0010 [Test seq (cond on sampled tp)] | MAPE 0.136796 | RMSE 805.666009|
0.1526033878326416,0.13262192904949188,0.12516365945339203
797.4579142500248,833.2824026103035,786.25771061402
Experiment 08-23_01:35
Epoch 0011 [Train seq (cond on sampled tp)] | Loss 7657868.187500 | MAPE 0.423320 | RMSE 250.361407 | Likelihood -7657865.218750 | KL fp 2.9357 | FP STD 1.0601 | ->nfe 2060.00 | <-nfe 1994.00
Epoch 0011 [Val seq (cond on sampled tp)] |  MAPE 0.102273 | RMSE 250.395741 |
Epoch 0011 [Test seq (cond on sampled tp)] | MAPE 0.134134 | RMSE 806.680595|
0.14914140105247498,0.1345733404159546,0.11868756264448166
804.7887145083484,832.3722124146144,782.880857793828
Experiment 08-23_01:35
Epoch 0012 [Train seq (cond on sampled tp)] | Loss 7667048.875000 | MAPE 0.428431 | RMSE 250.289086 | Likelihood -7667045.875000 | KL fp 2.9741 | FP STD 1.0330 | ->nfe 1732.25 | <-nfe 1706.00
Epoch 0012 [Val seq (cond on sampled tp)] |  MAPE 0.104026 | RMSE 249.056728 |
Epoch 0012 [Test seq (cond on sampled tp)] | MAPE 0.136039 | RMSE 805.859213|
0.15453526377677917,0.1354961395263672,0.11808539181947708
802.2109681997623,832.7427198721103,782.6239518440514
Experiment 08-23_01:35
Epoch 0013 [Train seq (cond on sampled tp)] | Loss 7650669.937500 | MAPE 0.439341 | RMSE 250.289374 | Likelihood -7650666.875000 | KL fp 3.0836 | FP STD 1.0083 | ->nfe 1850.00 | <-nfe 1779.50
Epoch 0013 [Val seq (cond on sampled tp)] |  MAPE 0.103540 | RMSE 247.783605 |
Epoch 0013 [Test seq (cond on sampled tp)] | MAPE 0.137283 | RMSE 804.949941|
0.15663586556911469,0.1347517967224121,0.12046197801828384
800.1727547848652,831.6797009666642,782.9973658959524
Experiment 08-23_01:35
Epoch 0014 [Train seq (cond on sampled tp)] | Loss 7662670.656250 | MAPE 0.437347 | RMSE 250.396819 | Likelihood -7662667.656250 | KL fp 3.0941 | FP STD 0.9519 | ->nfe 1526.00 | <-nfe 1486.25
Epoch 0014 [Val seq (cond on sampled tp)] |  MAPE 0.105804 | RMSE 248.724881 |
Epoch 0014 [Test seq (cond on sampled tp)] | MAPE 0.135370 | RMSE 804.256086|
0.1530533730983734,0.12994271516799927,0.12311513721942902
796.9534569220464,829.7328636374481,786.0819375230549
Experiment 08-23_01:35
Epoch 0015 [Train seq (cond on sampled tp)] | Loss 7633315.375000 | MAPE 0.436572 | RMSE 249.557341 | Likelihood -7633312.375000 | KL fp 3.0048 | FP STD 0.8862 | ->nfe 1217.00 | <-nfe 1208.00
Epoch 0015 [Val seq (cond on sampled tp)] |  MAPE 0.101050 | RMSE 248.405108 |
Epoch 0015 [Test seq (cond on sampled tp)] | MAPE 0.131827 | RMSE 805.892914|
0.15155361592769623,0.12911073863506317,0.11481668055057526
800.8338232742171,832.2007720496299,784.6441470501134
Experiment 08-23_01:35
Epoch 0016 [Train seq (cond on sampled tp)] | Loss 7574582.343750 | MAPE 0.403394 | RMSE 248.687496 | Likelihood -7574579.437500 | KL fp 2.8441 | FP STD 0.8415 | ->nfe 1749.50 | <-nfe 1721.75
Epoch 0016 [Val seq (cond on sampled tp)] |  MAPE 0.094995 | RMSE 247.663921 |
Epoch 0016 [Test seq (cond on sampled tp)] | MAPE 0.128286 | RMSE 802.038107|
0.1457495093345642,0.1261827051639557,0.11292550712823868
793.6418824003683,830.9540450590514,781.5183938974182
Experiment 08-23_01:35
Epoch 0017 [Train seq (cond on sampled tp)] | Loss 7463612.187500 | MAPE 0.380669 | RMSE 245.200349 | Likelihood -7463609.781250 | KL fp 2.3193 | FP STD 0.8647 | ->nfe 1840.25 | <-nfe 1842.50
Epoch 0017 [Val seq (cond on sampled tp)] |  MAPE 0.092640 | RMSE 237.558874 |
Epoch 0017 [Test seq (cond on sampled tp)] | MAPE 0.120202 | RMSE 782.564260|
0.13049370050430298,0.12015443295240402,0.1099567785859108
776.1719767551518,812.8862158998638,758.6345875980082
Experiment 08-23_01:35
Epoch 0018 [Train seq (cond on sampled tp)] | Loss 7232290.875000 | MAPE 0.381357 | RMSE 237.222052 | Likelihood -7232288.875000 | KL fp 2.1318 | FP STD 0.9443 | ->nfe 2031.50 | <-nfe 2054.00
Epoch 0018 [Val seq (cond on sampled tp)] |  MAPE 0.084416 | RMSE 224.771568 |
Epoch 0018 [Test seq (cond on sampled tp)] | MAPE 0.109290 | RMSE 758.811667|
0.1273980438709259,0.10990369319915771,0.09056823700666428
751.3585196163015,788.6023633619163,736.4741169925798
Experiment 08-23_01:35
Epoch 0019 [Train seq (cond on sampled tp)] | Loss 6870644.375000 | MAPE 0.321957 | RMSE 225.557472 | Likelihood -6870642.468750 | KL fp 1.8810 | FP STD 0.8895 | ->nfe 2162.00 | <-nfe 2198.75
Epoch 0019 [Val seq (cond on sampled tp)] |  MAPE 0.068371 | RMSE 200.198915 |
Epoch 0019 [Test seq (cond on sampled tp)] | MAPE 0.089871 | RMSE 707.831980|
0.10496070981025696,0.08874539285898209,0.07590720802545547
706.1393276117682,731.4885935542673,685.868017551482
Experiment 08-23_01:35
Epoch 0020 [Train seq (cond on sampled tp)] | Loss 6388430.218750 | MAPE 0.275535 | RMSE 206.536864 | Likelihood -6388428.296875 | KL fp 1.8548 | FP STD 0.7517 | ->nfe 2446.25 | <-nfe 2256.50
Epoch 0020 [Val seq (cond on sampled tp)] |  MAPE 0.074909 | RMSE 164.744387 |
Epoch 0020 [Test seq (cond on sampled tp)] | MAPE 0.096905 | RMSE 626.084933|
0.11859375983476639,0.09488846361637115,0.07723189890384674
612.8729221869735,654.1320824191396,611.2497955009883
Experiment 08-23_01:35
Epoch 0021 [Train seq (cond on sampled tp)] | Loss 6054077.515625 | MAPE 0.238250 | RMSE 191.382840 | Likelihood -6054075.968750 | KL fp 1.6458 | FP STD 0.6231 | ->nfe 2415.50 | <-nfe 2501.75
Epoch 0021 [Val seq (cond on sampled tp)] |  MAPE 0.073638 | RMSE 158.396370 |
Epoch 0021 [Test seq (cond on sampled tp)] | MAPE 0.092412 | RMSE 582.825715|
0.10318665951490402,0.08875591307878494,0.08529197424650192
566.9814811790593,607.9560788001054,573.5395855998084
Experiment 08-23_01:35
Epoch 0022 [Train seq (cond on sampled tp)] | Loss 5654465.812500 | MAPE 0.273276 | RMSE 171.295452 | Likelihood -5654464.046875 | KL fp 1.8210 | FP STD 0.5425 | ->nfe 2316.50 | <-nfe 2593.25
Epoch 0022 [Val seq (cond on sampled tp)] |  MAPE 0.051259 | RMSE 145.312473 |
Epoch 0022 [Test seq (cond on sampled tp)] | MAPE 0.062171 | RMSE 516.231278|
0.06120792776346207,0.06430672854185104,0.060996875166893005
491.67807366710997,539.3244617111299,517.6912991832102
0.06120792776346207,0.06430672854185104,0.060996875166893005
491.67807366710997,539.3244617111299,517.6912991832102
Epoch 0022 [Test seq (cond on sampled tp)] | Best Test MAPE 0.062171|Best Test RMSE 516.231278|
Experiment 08-23_01:35
Epoch 0023 [Train seq (cond on sampled tp)] | Loss 5678760.093750 | MAPE 0.130693 | RMSE 171.517451 | Likelihood -5678758.390625 | KL fp 1.7328 | FP STD 0.4747 | ->nfe 1846.25 | <-nfe 1481.00
Epoch 0023 [Val seq (cond on sampled tp)] |  MAPE 0.063524 | RMSE 186.171355 |
Epoch 0023 [Test seq (cond on sampled tp)] | MAPE 0.085963 | RMSE 549.374027|
0.10014984011650085,0.08382478356361389,0.07391545176506042
544.1988090303029,571.5170874523351,532.406183050122
Experiment 08-23_01:35
Epoch 0024 [Train seq (cond on sampled tp)] | Loss 5466110.015625 | MAPE 0.222614 | RMSE 155.447567 | Likelihood -5466108.078125 | KL fp 1.9637 | FP STD 0.4166 | ->nfe 2136.50 | <-nfe 2102.75
Epoch 0024 [Val seq (cond on sampled tp)] |  MAPE 0.063489 | RMSE 130.575252 |
Epoch 0024 [Test seq (cond on sampled tp)] | MAPE 0.073134 | RMSE 448.982993|
0.08097199350595474,0.07107176631689072,0.06735890358686447
425.18804663348664,463.8358747984032,457.9250586886461
Experiment 08-23_01:35
Epoch 0025 [Train seq (cond on sampled tp)] | Loss 5484933.359375 | MAPE 0.241145 | RMSE 158.399775 | Likelihood -5484931.281250 | KL fp 1.9960 | FP STD 0.3655 | ->nfe 2336.75 | <-nfe 2249.00
Epoch 0025 [Val seq (cond on sampled tp)] |  MAPE 0.079997 | RMSE 123.361357 |
Epoch 0025 [Test seq (cond on sampled tp)] | MAPE 0.095225 | RMSE 439.705397|
0.10772212594747543,0.10099981725215912,0.07695242017507553
410.1375912422562,470.2261590181899,438.7524394519078
Experiment 08-23_01:35
Epoch 0026 [Train seq (cond on sampled tp)] | Loss 5158681.468750 | MAPE 0.183543 | RMSE 142.576270 | Likelihood -5158679.390625 | KL fp 2.1283 | FP STD 0.3536 | ->nfe 1871.75 | <-nfe 2132.75
Epoch 0026 [Val seq (cond on sampled tp)] |  MAPE 0.033221 | RMSE 132.797286 |
Best Val!
Epoch 0026 [Test seq (cond on sampled tp)] | MAPE 0.050232 | RMSE 456.838741|
0.0566406287252903,0.04922369867563248,0.044830866158008575
443.72558031400445,486.6332679749711,440.1573759747756
0.0566406287252903,0.04922369867563248,0.044830866158008575
443.72558031400445,486.6332679749711,440.1573759747756
Epoch 0026 [Test seq (cond on sampled tp)] | Best Test MAPE 0.050232|Best Test RMSE 456.838741|
Experiment 08-23_01:35
Epoch 0027 [Train seq (cond on sampled tp)] | Loss 5351636.375000 | MAPE 0.088969 | RMSE 152.653172 | Likelihood -5351634.343750 | KL fp 1.9827 | FP STD 0.3284 | ->nfe 2291.75 | <-nfe 1816.25
Epoch 0027 [Val seq (cond on sampled tp)] |  MAPE 0.041095 | RMSE 143.237449 |
Epoch 0027 [Test seq (cond on sampled tp)] | MAPE 0.058944 | RMSE 449.112373|
0.07075677067041397,0.05165940150618553,0.054417289793491364
439.39352734763855,457.19267341570554,450.7509186069397
Experiment 08-23_01:35
Epoch 0028 [Train seq (cond on sampled tp)] | Loss 5404546.375000 | MAPE 0.143929 | RMSE 152.325517 | Likelihood -5404544.203125 | KL fp 2.1630 | FP STD 0.3139 | ->nfe 1778.00 | <-nfe 1684.25
Epoch 0028 [Val seq (cond on sampled tp)] |  MAPE 0.046406 | RMSE 186.355455 |
Epoch 0028 [Test seq (cond on sampled tp)] | MAPE 0.074389 | RMSE 531.677935|
0.08337701857089996,0.07127514481544495,0.06851400434970856
531.6210762846033,558.7047520828868,504.7079755908361
Experiment 08-23_01:35
Epoch 0029 [Train seq (cond on sampled tp)] | Loss 5141558.296875 | MAPE 0.119232 | RMSE 144.412967 | Likelihood -5141556.078125 | KL fp 2.1699 | FP STD 0.2808 | ->nfe 1932.50 | <-nfe 1850.75
Epoch 0029 [Val seq (cond on sampled tp)] |  MAPE 0.150863 | RMSE 164.202381 |
Epoch 0029 [Test seq (cond on sampled tp)] | MAPE 0.156272 | RMSE 460.882746|
0.17746666073799133,0.15565498173236847,0.13569365441799164
456.4959782133902,496.4741464819694,429.6781135338406
Experiment 08-23_01:35
Epoch 0030 [Train seq (cond on sampled tp)] | Loss 5528215.843750 | MAPE 0.325515 | RMSE 153.056175 | Likelihood -5528213.218750 | KL fp 2.6041 | FP STD 0.2246 | ->nfe 1845.50 | <-nfe 1822.25
Epoch 0030 [Val seq (cond on sampled tp)] |  MAPE 0.031754 | RMSE 110.361055 |
Best Val!
Epoch 0030 [Test seq (cond on sampled tp)] | MAPE 0.053479 | RMSE 423.296042|
0.0642516240477562,0.0492793545126915,0.04690535366535187
408.0894509785814,450.7071007039938,411.09157282775817
Experiment 08-23_01:35
Epoch 0031 [Train seq (cond on sampled tp)] | Loss 5232727.562500 | MAPE 0.049881 | RMSE 145.205953 | Likelihood -5232725.218750 | KL fp 2.3853 | FP STD 0.2302 | ->nfe 2459.75 | <-nfe 2359.25
Epoch 0031 [Val seq (cond on sampled tp)] |  MAPE 0.035527 | RMSE 126.630541 |
Epoch 0031 [Test seq (cond on sampled tp)] | MAPE 0.050485 | RMSE 421.956425|
0.06031043827533722,0.04713086038827896,0.04401472583413124
402.99445560702196,439.89709379012726,422.9777254773589
Experiment 08-23_01:35
Epoch 0032 [Train seq (cond on sampled tp)] | Loss 5101481.859375 | MAPE 0.087203 | RMSE 136.631302 | Likelihood -5101479.390625 | KL fp 2.4638 | FP STD 0.2357 | ->nfe 2120.00 | <-nfe 2206.25
Epoch 0032 [Val seq (cond on sampled tp)] |  MAPE 0.033532 | RMSE 102.329021 |
Epoch 0032 [Test seq (cond on sampled tp)] | MAPE 0.051125 | RMSE 400.424436|
0.04684244841337204,0.04815449193120003,0.058378204703330994
369.5706123327449,425.0836314773835,406.619063129116
Experiment 08-23_01:35
Epoch 0033 [Train seq (cond on sampled tp)] | Loss 5260659.281250 | MAPE 0.072683 | RMSE 149.503295 | Likelihood -5260656.906250 | KL fp 2.3356 | FP STD 0.2482 | ->nfe 2438.75 | <-nfe 2205.50
Epoch 0033 [Val seq (cond on sampled tp)] |  MAPE 0.049387 | RMSE 124.757417 |
Epoch 0033 [Test seq (cond on sampled tp)] | MAPE 0.071977 | RMSE 405.224550|
0.07465153932571411,0.07840975373983383,0.06286941468715668
391.25601033722154,424.8470496837656,399.57058982112284
Experiment 08-23_01:35
Epoch 0034 [Train seq (cond on sampled tp)] | Loss 5211641.265625 | MAPE 0.112643 | RMSE 143.660198 | Likelihood -5211638.750000 | KL fp 2.4515 | FP STD 0.2695 | ->nfe 1764.50 | <-nfe 1616.00
Epoch 0034 [Val seq (cond on sampled tp)] |  MAPE 0.040112 | RMSE 152.064536 |
Epoch 0034 [Test seq (cond on sampled tp)] | MAPE 0.061712 | RMSE 443.705968|
0.07373826950788498,0.060120709240436554,0.0512760728597641
447.2755722147142,466.31209372050387,417.5302384259133
Experiment 08-23_01:35
Epoch 0035 [Train seq (cond on sampled tp)] | Loss 5212764.765625 | MAPE 0.159080 | RMSE 138.629091 | Likelihood -5212762.406250 | KL fp 2.3312 | FP STD 0.3055 | ->nfe 2037.50 | <-nfe 2011.25
Epoch 0035 [Val seq (cond on sampled tp)] |  MAPE 0.041328 | RMSE 161.558112 |
Epoch 0035 [Test seq (cond on sampled tp)] | MAPE 0.058360 | RMSE 475.202890|
0.06605735421180725,0.060178399085998535,0.0488446019589901
488.6035906028526,504.28905711407225,432.71602264071527
Experiment 08-23_01:35
Epoch 0036 [Train seq (cond on sampled tp)] | Loss 5202594.796875 | MAPE 0.099221 | RMSE 144.124245 | Likelihood -5202592.828125 | KL fp 2.0545 | FP STD 0.3350 | ->nfe 2166.50 | <-nfe 2185.25
Epoch 0036 [Val seq (cond on sampled tp)] |  MAPE 0.041601 | RMSE 117.877278 |
Epoch 0036 [Test seq (cond on sampled tp)] | MAPE 0.053089 | RMSE 394.947257|
0.05869873985648155,0.05185718089342117,0.048710573464632034
377.577951388849,415.9220367148151,391.34178236549184
Experiment 08-23_01:35
Epoch 0037 [Train seq (cond on sampled tp)] | Loss 5743794.187500 | MAPE 0.098017 | RMSE 177.379988 | Likelihood -5743792.437500 | KL fp 1.7171 | FP STD 0.3275 | ->nfe 1989.50 | <-nfe 1746.50
Epoch 0037 [Val seq (cond on sampled tp)] |  MAPE 0.051995 | RMSE 161.854722 |
Epoch 0037 [Test seq (cond on sampled tp)] | MAPE 0.070804 | RMSE 490.733393|
0.08145193010568619,0.07240033149719238,0.05855926498770714
500.353515651684,512.9256464147605,458.92101716962145
Experiment 08-23_01:35
Epoch 0038 [Train seq (cond on sampled tp)] | Loss 5254931.421875 | MAPE 0.162304 | RMSE 144.098083 | Likelihood -5254929.218750 | KL fp 2.1426 | FP STD 0.3299 | ->nfe 1682.00 | <-nfe 1599.50
Epoch 0038 [Val seq (cond on sampled tp)] |  MAPE 0.037426 | RMSE 132.626347 |
Epoch 0038 [Test seq (cond on sampled tp)] | MAPE 0.057667 | RMSE 437.773363|
0.07040514051914215,0.05299919471144676,0.04959777742624283
429.83307079609403,462.30497577356874,421.1820419960946
Experiment 08-23_01:35
Epoch 0039 [Train seq (cond on sampled tp)] | Loss 5137534.671875 | MAPE 0.098214 | RMSE 139.719959 | Likelihood -5137532.562500 | KL fp 2.0849 | FP STD 0.3442 | ->nfe 1994.75 | <-nfe 1862.75
Epoch 0039 [Val seq (cond on sampled tp)] |  MAPE 0.047858 | RMSE 150.117044 |
Epoch 0039 [Test seq (cond on sampled tp)] | MAPE 0.063170 | RMSE 434.319863|
0.07661855220794678,0.05968857929110527,0.053203973919153214
427.3787291443036,462.9927442736009,412.58811558865824
Experiment 08-23_01:35
Epoch 0040 [Train seq (cond on sampled tp)] | Loss 5099607.578125 | MAPE 0.109474 | RMSE 137.692274 | Likelihood -5099605.468750 | KL fp 2.0979 | FP STD 0.3508 | ->nfe 2444.75 | <-nfe 2393.75
Epoch 0040 [Val seq (cond on sampled tp)] |  MAPE 0.042192 | RMSE 114.855029 |
Epoch 0040 [Test seq (cond on sampled tp)] | MAPE 0.052732 | RMSE 387.631235|
0.05453324317932129,0.05226871743798256,0.05139370635151863
367.97161490392165,410.32869827127615,384.5933932414856
Experiment 08-23_01:35
Epoch 0041 [Train seq (cond on sampled tp)] | Loss 5168717.093750 | MAPE 0.099776 | RMSE 144.261066 | Likelihood -5168715.031250 | KL fp 2.0472 | FP STD 0.3009 | ->nfe 1799.00 | <-nfe 1619.00
Epoch 0041 [Val seq (cond on sampled tp)] |  MAPE 0.035336 | RMSE 124.674189 |
Epoch 0041 [Test seq (cond on sampled tp)] | MAPE 0.051102 | RMSE 392.696673|
0.058085355907678604,0.05242026224732399,0.04279959574341774
373.0080846979057,414.9164449018621,390.1654897283972
Experiment 08-23_01:35
Epoch 0042 [Train seq (cond on sampled tp)] | Loss 5325143.546875 | MAPE 0.106784 | RMSE 134.890223 | Likelihood -5325141.078125 | KL fp 2.4992 | FP STD 0.2883 | ->nfe 1649.00 | <-nfe 1579.25
Epoch 0042 [Val seq (cond on sampled tp)] |  MAPE 0.035693 | RMSE 149.694076 |
Epoch 0042 [Test seq (cond on sampled tp)] | MAPE 0.056287 | RMSE 530.516917|
0.06640458106994629,0.0583006888628006,0.04415462538599968
517.9600008687929,558.3169462769333,515.2738046417652
Experiment 08-23_01:35
Epoch 0043 [Train seq (cond on sampled tp)] | Loss 5439188.390625 | MAPE 0.074910 | RMSE 158.465697 | Likelihood -5439186.312500 | KL fp 2.0366 | FP STD 0.2901 | ->nfe 1709.00 | <-nfe 1733.00
Epoch 0043 [Val seq (cond on sampled tp)] |  MAPE 0.035764 | RMSE 118.156262 |
Epoch 0043 [Test seq (cond on sampled tp)] | MAPE 0.051369 | RMSE 432.577110|
0.057260215282440186,0.05227638781070709,0.04457135125994682
412.88094152552014,461.29777869072814,423.55260889292134
Experiment 08-23_01:35
Epoch 0044 [Train seq (cond on sampled tp)] | Loss 5043784.359375 | MAPE 0.070829 | RMSE 141.422719 | Likelihood -5043782.250000 | KL fp 2.1506 | FP STD 0.2890 | ->nfe 2151.50 | <-nfe 1889.75
Epoch 0044 [Val seq (cond on sampled tp)] |  MAPE 0.035779 | RMSE 121.641254 |
Epoch 0044 [Test seq (cond on sampled tp)] | MAPE 0.050239 | RMSE 384.376137|
0.05699945613741875,0.05035614222288132,0.04336170479655266
367.5856617851137,408.2221170821101,377.32063205581534
Experiment 08-23_01:35
Epoch 0045 [Train seq (cond on sampled tp)] | Loss 5170535.218750 | MAPE 0.107757 | RMSE 131.302119 | Likelihood -5170532.890625 | KL fp 2.3586 | FP STD 0.3126 | ->nfe 1429.25 | <-nfe 1309.25
Epoch 0045 [Val seq (cond on sampled tp)] |  MAPE 0.042521 | RMSE 167.100164 |
Epoch 0045 [Test seq (cond on sampled tp)] | MAPE 0.065936 | RMSE 444.823271|
0.07824569195508957,0.06313447654247284,0.05642683058977127
446.42636570883667,464.66938851725536,423.37405890063695
Experiment 08-23_01:35
Epoch 0046 [Train seq (cond on sampled tp)] | Loss 5177169.156250 | MAPE 0.112003 | RMSE 137.311266 | Likelihood -5177166.906250 | KL fp 2.2087 | FP STD 0.3196 | ->nfe 1778.75 | <-nfe 1682.00
Epoch 0046 [Val seq (cond on sampled tp)] |  MAPE 0.050999 | RMSE 103.994962 |
Epoch 0046 [Test seq (cond on sampled tp)] | MAPE 0.059879 | RMSE 384.186594|
0.061231255531311035,0.06701017916202545,0.051394518464803696
368.84456414592853,411.0115189991638,372.7036984992234
Experiment 08-23_01:35
Epoch 0047 [Train seq (cond on sampled tp)] | Loss 5424499.406250 | MAPE 0.115635 | RMSE 161.418824 | Likelihood -5424497.468750 | KL fp 1.8845 | FP STD 0.3028 | ->nfe 1574.75 | <-nfe 1429.25
Epoch 0047 [Val seq (cond on sampled tp)] |  MAPE 0.044579 | RMSE 138.247733 |
Epoch 0047 [Test seq (cond on sampled tp)] | MAPE 0.060170 | RMSE 419.941486|
0.06849219650030136,0.05729375779628754,0.05472259968519211
402.49419638673055,440.2083136141343,417.121947097009
Experiment 08-23_01:35
Epoch 0048 [Train seq (cond on sampled tp)] | Loss 5289935.562500 | MAPE 0.110182 | RMSE 136.908865 | Likelihood -5289933.203125 | KL fp 2.3739 | FP STD 0.3331 | ->nfe 1516.25 | <-nfe 1709.75
Epoch 0048 [Val seq (cond on sampled tp)] |  MAPE 0.038617 | RMSE 127.547368 |
Epoch 0048 [Test seq (cond on sampled tp)] | MAPE 0.051633 | RMSE 474.636931|
0.05756087973713875,0.050632696598768234,0.04670568183064461
457.9822594817402,499.36292225694933,466.5656103379245
Experiment 08-23_01:35
Epoch 0049 [Train seq (cond on sampled tp)] | Loss 5273886.312500 | MAPE 0.093497 | RMSE 148.983106 | Likelihood -5273884.359375 | KL fp 1.9237 | FP STD 0.3406 | ->nfe 2189.00 | <-nfe 1793.00
Epoch 0049 [Val seq (cond on sampled tp)] |  MAPE 0.041481 | RMSE 138.673374 |
Epoch 0049 [Test seq (cond on sampled tp)] | MAPE 0.058984 | RMSE 422.806352|
0.06837478280067444,0.055541738867759705,0.0530368871986866
404.3277020252261,440.07353788883967,424.01781728484
Experiment 08-23_01:35
Epoch 0050 [Train seq (cond on sampled tp)] | Loss 5328670.625000 | MAPE 0.061197 | RMSE 146.568921 | Likelihood -5328668.750000 | KL fp 1.9047 | FP STD 0.3205 | ->nfe 1911.50 | <-nfe 1841.00
Epoch 0050 [Val seq (cond on sampled tp)] |  MAPE 0.047351 | RMSE 107.918992 |
Epoch 0050 [Test seq (cond on sampled tp)] | MAPE 0.051602 | RMSE 360.542963|
0.052256762981414795,0.05438871309161186,0.048161402344703674
352.69740704674876,382.2155396500775,346.7159432626368
Experiment 08-23_01:35
Epoch 0051 [Train seq (cond on sampled tp)] | Loss 4920151.859375 | MAPE 0.131453 | RMSE 124.874504 | Likelihood -4920149.625000 | KL fp 2.2250 | FP STD 0.3042 | ->nfe 1743.50 | <-nfe 1565.00
Epoch 0051 [Val seq (cond on sampled tp)] |  MAPE 0.041843 | RMSE 132.110926 |
Epoch 0051 [Test seq (cond on sampled tp)] | MAPE 0.057901 | RMSE 382.388563|
0.07028930634260178,0.053544674068689346,0.049870070070028305
366.5276251525934,406.68159765964333,373.9564647121373
Experiment 08-23_01:35
Epoch 0052 [Train seq (cond on sampled tp)] | Loss 4987980.375000 | MAPE 0.059628 | RMSE 126.371138 | Likelihood -4987978.234375 | KL fp 2.1581 | FP STD 0.3328 | ->nfe 1715.00 | <-nfe 1689.50
Epoch 0052 [Val seq (cond on sampled tp)] |  MAPE 0.035824 | RMSE 147.108750 |
Epoch 0052 [Test seq (cond on sampled tp)] | MAPE 0.051563 | RMSE 454.939691|
0.06136259064078331,0.04776491969823837,0.045561958104372025
460.3079641663829,481.05861454192876,423.45249512194397
Experiment 08-23_01:35
Epoch 0053 [Train seq (cond on sampled tp)] | Loss 5087727.703125 | MAPE 0.060621 | RMSE 132.544125 | Likelihood -5087725.656250 | KL fp 2.0290 | FP STD 0.3509 | ->nfe 2049.50 | <-nfe 1958.00
Epoch 0053 [Val seq (cond on sampled tp)] |  MAPE 0.034225 | RMSE 111.120804 |
Epoch 0053 [Test seq (cond on sampled tp)] | MAPE 0.049650 | RMSE 353.880636|
0.05712219700217247,0.047324247658252716,0.04450464993715286
327.2114902857172,370.4115742994541,364.01884394904613
0.05712219700217247,0.047324247658252716,0.04450464993715286
327.2114902857172,370.4115742994541,364.01884394904613
Epoch 0053 [Test seq (cond on sampled tp)] | Best Test MAPE 0.049650|Best Test RMSE 353.880636|
Experiment 08-23_01:35
Epoch 0054 [Train seq (cond on sampled tp)] | Loss 4972432.390625 | MAPE 0.050903 | RMSE 122.425066 | Likelihood -4972430.250000 | KL fp 2.0353 | FP STD 0.3626 | ->nfe 2400.50 | <-nfe 2184.50
Epoch 0054 [Val seq (cond on sampled tp)] |  MAPE 0.034597 | RMSE 109.951938 |
Epoch 0054 [Test seq (cond on sampled tp)] | MAPE 0.052302 | RMSE 436.169547|
0.05205537751317024,0.05379974842071533,0.05105170980095863
430.14011162062064,466.00008382509975,412.36844493122896
Experiment 08-23_01:35
Epoch 0055 [Train seq (cond on sampled tp)] | Loss 5050513.781250 | MAPE 0.085169 | RMSE 132.534249 | Likelihood -5050511.781250 | KL fp 2.0054 | FP STD 0.3651 | ->nfe 2386.25 | <-nfe 2207.00
Epoch 0055 [Val seq (cond on sampled tp)] |  MAPE 0.035861 | RMSE 115.965146 |
Epoch 0055 [Test seq (cond on sampled tp)] | MAPE 0.052971 | RMSE 367.091360|
0.06265806406736374,0.0496491976082325,0.046606678515672684
355.06953544341144,381.6494219175499,364.5551227180877
Experiment 08-23_01:35
Epoch 0056 [Train seq (cond on sampled tp)] | Loss 5053590.453125 | MAPE 0.072138 | RMSE 123.036640 | Likelihood -5053588.187500 | KL fp 2.2480 | FP STD 0.3640 | ->nfe 1961.75 | <-nfe 1821.50
Epoch 0056 [Val seq (cond on sampled tp)] |  MAPE 0.039862 | RMSE 156.332509 |
Epoch 0056 [Test seq (cond on sampled tp)] | MAPE 0.063359 | RMSE 512.132506|
0.07972633093595505,0.0599549375474453,0.05039595440030098
522.3280219364074,536.9191338088074,477.1503628312568
Experiment 08-23_01:35
Epoch 0057 [Train seq (cond on sampled tp)] | Loss 5286332.359375 | MAPE 0.051325 | RMSE 146.103988 | Likelihood -5286330.234375 | KL fp 2.1191 | FP STD 0.3414 | ->nfe 2002.25 | <-nfe 2093.00
Epoch 0057 [Val seq (cond on sampled tp)] |  MAPE 0.037194 | RMSE 123.535195 |
Epoch 0057 [Test seq (cond on sampled tp)] | MAPE 0.068252 | RMSE 362.951265|
0.0735018327832222,0.05913817882537842,0.072117380797863
316.02028465353294,371.8290097612073,401.00450044232673
Experiment 08-23_01:35
Epoch 0058 [Train seq (cond on sampled tp)] | Loss 4949188.718750 | MAPE 0.046756 | RMSE 122.508253 | Likelihood -4949186.468750 | KL fp 2.2928 | FP STD 0.3408 | ->nfe 2559.50 | <-nfe 2268.50
Epoch 0058 [Val seq (cond on sampled tp)] |  MAPE 0.038904 | RMSE 107.456736 |
Epoch 0058 [Test seq (cond on sampled tp)] | MAPE 0.049745 | RMSE 361.008369|
0.0498160794377327,0.05201961472630501,0.047400157898664474
365.1536705621347,380.72954229347636,337.14189334759334
Experiment 08-23_01:35
Epoch 0059 [Train seq (cond on sampled tp)] | Loss 5002038.640625 | MAPE 0.109701 | RMSE 125.771466 | Likelihood -5002036.281250 | KL fp 2.3664 | FP STD 0.3172 | ->nfe 2153.00 | <-nfe 1904.75
Epoch 0059 [Val seq (cond on sampled tp)] |  MAPE 0.056985 | RMSE 175.881763 |
Epoch 0059 [Test seq (cond on sampled tp)] | MAPE 0.078968 | RMSE 424.012104|
0.0984707623720169,0.07430733740329742,0.06412574648857117
445.7827210368298,436.59620932848236,389.6573815546165
Experiment 08-23_01:35
Epoch 0060 [Train seq (cond on sampled tp)] | Loss 5160270.375000 | MAPE 0.063955 | RMSE 125.562640 | Likelihood -5160268.140625 | KL fp 2.2062 | FP STD 0.3383 | ->nfe 1788.50 | <-nfe 1666.25
Epoch 0060 [Val seq (cond on sampled tp)] |  MAPE 0.034502 | RMSE 110.057904 |
Epoch 0060 [Test seq (cond on sampled tp)] | MAPE 0.055963 | RMSE 350.671312|
0.052310772240161896,0.05964788421988487,0.05593065172433853
355.89185945312096,378.475787699821,317.64628765735637
Experiment 08-23_01:35
Epoch 0061 [Train seq (cond on sampled tp)] | Loss 5302993.281250 | MAPE 0.079590 | RMSE 150.224985 | Likelihood -5302991.562500 | KL fp 1.6802 | FP STD 0.3729 | ->nfe 1688.75 | <-nfe 1557.50
Epoch 0061 [Val seq (cond on sampled tp)] |  MAPE 0.035397 | RMSE 146.410562 |
Epoch 0061 [Test seq (cond on sampled tp)] | MAPE 0.051408 | RMSE 484.778043|
0.06023262068629265,0.049765706062316895,0.04422658681869507
492.4314514478132,517.216709900212,444.6859671442309
Experiment 08-23_01:35
Epoch 0062 [Train seq (cond on sampled tp)] | Loss 4884361.875000 | MAPE 0.063949 | RMSE 116.910022 | Likelihood -4884359.750000 | KL fp 2.2035 | FP STD 0.3535 | ->nfe 2336.00 | <-nfe 2288.75
Epoch 0062 [Val seq (cond on sampled tp)] |  MAPE 0.039946 | RMSE 115.962367 |
Epoch 0062 [Test seq (cond on sampled tp)] | MAPE 0.056412 | RMSE 331.234467|
0.06335221976041794,0.059547308832407,0.04633665084838867
295.32390850979203,349.14617954017484,349.2333120565677
Experiment 08-23_01:35
Epoch 0063 [Train seq (cond on sampled tp)] | Loss 4829028.375000 | MAPE 0.054281 | RMSE 122.174848 | Likelihood -4829026.421875 | KL fp 1.9164 | FP STD 0.3716 | ->nfe 2486.75 | <-nfe 2248.25
Epoch 0063 [Val seq (cond on sampled tp)] |  MAPE 0.033420 | RMSE 99.290850 |
Epoch 0063 [Test seq (cond on sampled tp)] | MAPE 0.048555 | RMSE 358.836991|
0.048830173909664154,0.04883325472474098,0.0480029471218586
352.18082846387307,373.9218668385148,350.408277495695
0.048830173909664154,0.04883325472474098,0.0480029471218586
352.18082846387307,373.9218668385148,350.408277495695
Epoch 0063 [Test seq (cond on sampled tp)] | Best Test MAPE 0.048555|Best Test RMSE 358.836991|
Experiment 08-23_01:35
Epoch 0064 [Train seq (cond on sampled tp)] | Loss 4758207.890625 | MAPE 0.079405 | RMSE 116.358593 | Likelihood -4758205.968750 | KL fp 1.9509 | FP STD 0.3954 | ->nfe 2485.25 | <-nfe 2340.50
Epoch 0064 [Val seq (cond on sampled tp)] |  MAPE 0.038486 | RMSE 127.394077 |
Epoch 0064 [Test seq (cond on sampled tp)] | MAPE 0.053188 | RMSE 354.186362|
0.06574725359678268,0.047184057533741,0.046633489429950714
343.1783997609698,364.3281916761315,355.0524939181529
Experiment 08-23_01:35
Epoch 0065 [Train seq (cond on sampled tp)] | Loss 4889537.125000 | MAPE 0.062634 | RMSE 118.876212 | Likelihood -4889535.062500 | KL fp 2.0283 | FP STD 0.3750 | ->nfe 2327.75 | <-nfe 2162.00
Epoch 0065 [Val seq (cond on sampled tp)] |  MAPE 0.032811 | RMSE 123.909899 |
Epoch 0065 [Test seq (cond on sampled tp)] | MAPE 0.051180 | RMSE 430.811332|
0.05705895274877548,0.05002354457974434,0.046456869691610336
451.3191775229588,469.28196481433207,371.8328547546599
Experiment 08-23_01:35
Epoch 0066 [Train seq (cond on sampled tp)] | Loss 5123859.171875 | MAPE 0.049672 | RMSE 144.246981 | Likelihood -5123857.468750 | KL fp 1.6919 | FP STD 0.3446 | ->nfe 2067.50 | <-nfe 1835.75
Epoch 0066 [Val seq (cond on sampled tp)] |  MAPE 0.031741 | RMSE 119.307257 |
Best Val!
Epoch 0066 [Test seq (cond on sampled tp)] | MAPE 0.055381 | RMSE 385.295123|
0.06755179166793823,0.054646387696266174,0.04394438490271568
397.75426223360574,407.3454269719988,350.78568065130594
Experiment 08-23_01:35
Epoch 0067 [Train seq (cond on sampled tp)] | Loss 4932641.484375 | MAPE 0.048675 | RMSE 110.610325 | Likelihood -4932639.296875 | KL fp 2.1258 | FP STD 0.3569 | ->nfe 2029.25 | <-nfe 1898.75
Epoch 0067 [Val seq (cond on sampled tp)] |  MAPE 0.041145 | RMSE 131.750222 |
Epoch 0067 [Test seq (cond on sampled tp)] | MAPE 0.060721 | RMSE 388.838835|
0.07364355772733688,0.056360289454460144,0.052159328013658524
406.29038260830146,406.498769985839,353.7273513067656
Experiment 08-23_01:35
Epoch 0068 [Train seq (cond on sampled tp)] | Loss 4887469.812500 | MAPE 0.053586 | RMSE 115.305914 | Likelihood -4887467.625000 | KL fp 2.1356 | FP STD 0.3490 | ->nfe 2176.25 | <-nfe 2271.50
Epoch 0068 [Val seq (cond on sampled tp)] |  MAPE 0.032652 | RMSE 106.103497 |
Epoch 0068 [Test seq (cond on sampled tp)] | MAPE 0.047943 | RMSE 383.110573|
0.055266331881284714,0.04414010047912598,0.04442243650555611
391.8557810279185,418.8354576978888,338.6404804508758
0.055266331881284714,0.04414010047912598,0.04442243650555611
391.8557810279185,418.8354576978888,338.6404804508758
Epoch 0068 [Test seq (cond on sampled tp)] | Best Test MAPE 0.047943|Best Test RMSE 383.110573|
Experiment 08-23_01:35
Epoch 0069 [Train seq (cond on sampled tp)] | Loss 5413811.984375 | MAPE 0.049653 | RMSE 156.925861 | Likelihood -5413809.968750 | KL fp 1.8849 | FP STD 0.2975 | ->nfe 2333.00 | <-nfe 1936.25
Epoch 0069 [Val seq (cond on sampled tp)] |  MAPE 0.034502 | RMSE 150.620786 |
Epoch 0069 [Test seq (cond on sampled tp)] | MAPE 0.058373 | RMSE 512.938527|
0.06714683026075363,0.057129304856061935,0.050841692835092545
522.2972991984547,537.6348958633545,478.8833854656058
Experiment 08-23_01:35
Epoch 0070 [Train seq (cond on sampled tp)] | Loss 5052899.671875 | MAPE 0.066993 | RMSE 122.051112 | Likelihood -5052897.421875 | KL fp 2.2054 | FP STD 0.3212 | ->nfe 2438.00 | <-nfe 2359.25
Epoch 0070 [Val seq (cond on sampled tp)] |  MAPE 0.040619 | RMSE 112.163303 |
Epoch 0070 [Test seq (cond on sampled tp)] | MAPE 0.058140 | RMSE 324.367810|
0.06743354350328445,0.053544338792562485,0.05344107374548912
288.4319948012009,323.88860450006575,360.7828294140396
Experiment 08-23_01:35
Epoch 0071 [Train seq (cond on sampled tp)] | Loss 4837750.015625 | MAPE 0.053548 | RMSE 120.774909 | Likelihood -4837748.281250 | KL fp 1.7811 | FP STD 0.4196 | ->nfe 1980.50 | <-nfe 1792.25
Epoch 0071 [Val seq (cond on sampled tp)] |  MAPE 0.031233 | RMSE 93.992416 |
Best Val!
Epoch 0071 [Test seq (cond on sampled tp)] | MAPE 0.051152 | RMSE 363.264918|
0.056670039892196655,0.0468934141099453,0.049892473965883255
362.62821008575713,388.4936051597246,338.67293865173224
Experiment 08-23_01:35
Epoch 0072 [Train seq (cond on sampled tp)] | Loss 4949839.609375 | MAPE 0.087419 | RMSE 115.470230 | Likelihood -4949837.609375 | KL fp 1.9767 | FP STD 0.4636 | ->nfe 1857.50 | <-nfe 1681.25
Epoch 0072 [Val seq (cond on sampled tp)] |  MAPE 0.038590 | RMSE 126.780210 |
Epoch 0072 [Test seq (cond on sampled tp)] | MAPE 0.058002 | RMSE 366.896932|
0.07160189747810364,0.05294382944703102,0.04946153610944748
368.04884611284956,372.3153065615219,360.32664217692815
Experiment 08-23_01:35
Epoch 0073 [Train seq (cond on sampled tp)] | Loss 4842397.171875 | MAPE 0.051487 | RMSE 117.215089 | Likelihood -4842395.187500 | KL fp 2.0072 | FP STD 0.4012 | ->nfe 1868.00 | <-nfe 1971.50
Epoch 0073 [Val seq (cond on sampled tp)] |  MAPE 0.033586 | RMSE 102.373674 |
Epoch 0073 [Test seq (cond on sampled tp)] | MAPE 0.057753 | RMSE 365.047951|
0.060906652361154556,0.04993043839931488,0.062422093003988266
359.46694475987636,390.5260474667471,345.15086149030543
Experiment 08-23_01:35
Epoch 0074 [Train seq (cond on sampled tp)] | Loss 4969953.625000 | MAPE 0.047709 | RMSE 134.549366 | Likelihood -4969951.718750 | KL fp 1.8262 | FP STD 0.3436 | ->nfe 2096.00 | <-nfe 1637.75
Epoch 0074 [Val seq (cond on sampled tp)] |  MAPE 0.032384 | RMSE 134.707793 |
Epoch 0074 [Test seq (cond on sampled tp)] | MAPE 0.055345 | RMSE 464.529400|
0.06300117075443268,0.05190577730536461,0.05112675577402115
484.93198621043757,516.771225979156,391.8849879109941
Experiment 08-23_01:35
Epoch 0075 [Train seq (cond on sampled tp)] | Loss 4741858.468750 | MAPE 0.058245 | RMSE 106.853031 | Likelihood -4741856.250000 | KL fp 2.1814 | FP STD 0.3436 | ->nfe 2282.00 | <-nfe 2168.75
Epoch 0075 [Val seq (cond on sampled tp)] |  MAPE 0.037366 | RMSE 112.542813 |
Epoch 0075 [Test seq (cond on sampled tp)] | MAPE 0.056380 | RMSE 359.262937|
0.06910499930381775,0.050128377974033356,0.04990563914179802
357.45195262790213,388.9300427133394,331.40681429702073
Experiment 08-23_01:35
Epoch 0076 [Train seq (cond on sampled tp)] | Loss 4880477.265625 | MAPE 0.054935 | RMSE 119.103813 | Likelihood -4880475.187500 | KL fp 1.9924 | FP STD 0.3668 | ->nfe 2063.00 | <-nfe 1918.25
Epoch 0076 [Val seq (cond on sampled tp)] |  MAPE 0.033315 | RMSE 108.100489 |
Epoch 0076 [Test seq (cond on sampled tp)] | MAPE 0.051665 | RMSE 375.930988|
0.0638452023267746,0.04415126517415047,0.046998992562294006
368.86866734652324,388.08268690447915,370.8416103945187
Experiment 08-23_01:35
Epoch 0077 [Train seq (cond on sampled tp)] | Loss 4837988.812500 | MAPE 0.047263 | RMSE 111.668059 | Likelihood -4837986.609375 | KL fp 2.1887 | FP STD 0.3583 | ->nfe 2516.75 | <-nfe 2381.00
Epoch 0077 [Val seq (cond on sampled tp)] |  MAPE 0.030545 | RMSE 97.257601 |
Best Val!
Epoch 0077 [Test seq (cond on sampled tp)] | MAPE 0.049340 | RMSE 348.741145|
0.05588803067803383,0.04696265235543251,0.04516986757516861
344.60641045256256,377.90450182552735,323.7125219620026
Experiment 08-23_01:35
Epoch 0078 [Train seq (cond on sampled tp)] | Loss 4862851.781250 | MAPE 0.044854 | RMSE 127.928083 | Likelihood -4862849.671875 | KL fp 2.0622 | FP STD 0.3402 | ->nfe 2096.75 | <-nfe 1852.25
Epoch 0078 [Val seq (cond on sampled tp)] |  MAPE 0.029079 | RMSE 98.801430 |
Best Val!
Epoch 0078 [Test seq (cond on sampled tp)] | MAPE 0.048776 | RMSE 344.262617|
0.0584242157638073,0.04696536809206009,0.040937893092632294
347.9404807219189,382.41665758698326,302.43071262274276
Experiment 08-23_01:35
Epoch 0079 [Train seq (cond on sampled tp)] | Loss 4871579.046875 | MAPE 0.059075 | RMSE 107.854026 | Likelihood -4871576.671875 | KL fp 2.4259 | FP STD 0.3295 | ->nfe 1932.50 | <-nfe 1772.00
Epoch 0079 [Val seq (cond on sampled tp)] |  MAPE 0.035589 | RMSE 114.252086 |
Epoch 0079 [Test seq (cond on sampled tp)] | MAPE 0.054636 | RMSE 385.350201|
0.06967682391405106,0.04827333241701126,0.04595638066530228
413.50661270407755,418.88785044448355,323.6561398691519
Experiment 08-23_01:35
Epoch 0080 [Train seq (cond on sampled tp)] | Loss 4810152.421875 | MAPE 0.045847 | RMSE 116.040606 | Likelihood -4810150.203125 | KL fp 2.1810 | FP STD 0.3052 | ->nfe 2030.00 | <-nfe 1892.00
Epoch 0080 [Val seq (cond on sampled tp)] |  MAPE 0.036430 | RMSE 113.459562 |
Epoch 0080 [Test seq (cond on sampled tp)] | MAPE 0.054164 | RMSE 367.882441|
0.06994357705116272,0.04649408161640167,0.04605359956622124
379.7011571617869,386.7689474996668,337.1772183325854
Experiment 08-23_01:35
Epoch 0081 [Train seq (cond on sampled tp)] | Loss 4726674.875000 | MAPE 0.046312 | RMSE 113.229986 | Likelihood -4726672.687500 | KL fp 2.1515 | FP STD 0.3163 | ->nfe 2297.75 | <-nfe 2150.00
Epoch 0081 [Val seq (cond on sampled tp)] |  MAPE 0.032106 | RMSE 99.720371 |
Epoch 0081 [Test seq (cond on sampled tp)] | MAPE 0.058032 | RMSE 376.891081|
0.059762295335531235,0.05769529566168785,0.05663968622684479
401.8720256499574,405.7214831322098,323.07973570776613
Experiment 08-23_01:35
Epoch 0082 [Train seq (cond on sampled tp)] | Loss 4770378.703125 | MAPE 0.056154 | RMSE 114.047944 | Likelihood -4770376.687500 | KL fp 2.0506 | FP STD 0.3207 | ->nfe 2276.75 | <-nfe 2054.75
Epoch 0082 [Val seq (cond on sampled tp)] |  MAPE 0.032070 | RMSE 112.910030 |
Epoch 0082 [Test seq (cond on sampled tp)] | MAPE 0.054992 | RMSE 382.419372|
0.06614772975444794,0.053684648126363754,0.04514427110552788
411.45916033672165,425.1349234360781,310.66403175295335
Experiment 08-23_01:35
Epoch 0083 [Train seq (cond on sampled tp)] | Loss 4802069.500000 | MAPE 0.059827 | RMSE 112.814670 | Likelihood -4802067.500000 | KL fp 2.0315 | FP STD 0.3296 | ->nfe 2197.25 | <-nfe 2192.00
Epoch 0083 [Val seq (cond on sampled tp)] |  MAPE 0.031361 | RMSE 108.810306 |
Epoch 0083 [Test seq (cond on sampled tp)] | MAPE 0.059861 | RMSE 389.408204|
0.06846914440393448,0.05884987860918045,0.0522652342915535
420.8945830014922,419.2635097704068,328.0665185979819
Experiment 08-23_01:35
Epoch 0084 [Train seq (cond on sampled tp)] | Loss 4876643.921875 | MAPE 0.044021 | RMSE 110.097557 | Likelihood -4876641.828125 | KL fp 2.1168 | FP STD 0.3253 | ->nfe 2508.50 | <-nfe 2290.25
Epoch 0084 [Val seq (cond on sampled tp)] |  MAPE 0.030594 | RMSE 97.122622 |
Epoch 0084 [Test seq (cond on sampled tp)] | MAPE 0.050971 | RMSE 363.567197|
0.06284131109714508,0.0489533469080925,0.0411185622215271
360.3335043747667,390.0077523267967,340.3603329561187
Experiment 08-23_01:35
Epoch 0085 [Train seq (cond on sampled tp)] | Loss 4789946.562500 | MAPE 0.045986 | RMSE 123.150378 | Likelihood -4789944.625000 | KL fp 1.8992 | FP STD 0.3069 | ->nfe 2046.50 | <-nfe 1795.25
Epoch 0085 [Val seq (cond on sampled tp)] |  MAPE 0.029580 | RMSE 94.740162 |
Epoch 0085 [Test seq (cond on sampled tp)] | MAPE 0.045142 | RMSE 375.642236|
0.049524690955877304,0.043519143015146255,0.042381882667541504
388.9173474210169,395.98186906094577,342.0274911282717
0.049524690955877304,0.043519143015146255,0.042381882667541504
388.9173474210169,395.98186906094577,342.0274911282717
Epoch 0085 [Test seq (cond on sampled tp)] | Best Test MAPE 0.045142|Best Test RMSE 375.642236|
Experiment 08-23_01:35
Epoch 0086 [Train seq (cond on sampled tp)] | Loss 4701685.828125 | MAPE 0.073428 | RMSE 105.621012 | Likelihood -4701683.453125 | KL fp 2.3824 | FP STD 0.2556 | ->nfe 2261.75 | <-nfe 2044.25
Epoch 0086 [Val seq (cond on sampled tp)] |  MAPE 0.040258 | RMSE 119.099465 |
Epoch 0086 [Test seq (cond on sampled tp)] | MAPE 0.056255 | RMSE 383.004661|
0.0702156275510788,0.05023311451077461,0.048315390944480896
403.89297004280724,400.07450478004716,345.046509546177
Experiment 08-23_01:35
Epoch 0087 [Train seq (cond on sampled tp)] | Loss 4873259.140625 | MAPE 0.047194 | RMSE 113.195836 | Likelihood -4873256.593750 | KL fp 2.6166 | FP STD 0.2146 | ->nfe 1933.25 | <-nfe 1879.25
Epoch 0087 [Val seq (cond on sampled tp)] |  MAPE 0.034350 | RMSE 114.804538 |
Epoch 0087 [Test seq (cond on sampled tp)] | MAPE 0.056285 | RMSE 370.234354|
0.06623572111129761,0.05270111933350563,0.049916695803403854
395.1155289912053,405.5375868831396,310.04994557328985
Experiment 08-23_01:35
Epoch 0088 [Train seq (cond on sampled tp)] | Loss 4885057.125000 | MAPE 0.055999 | RMSE 126.877964 | Likelihood -4885054.796875 | KL fp 2.3523 | FP STD 0.2262 | ->nfe 2277.50 | <-nfe 2113.25
Epoch 0088 [Val seq (cond on sampled tp)] |  MAPE 0.032330 | RMSE 107.118988 |
Epoch 0088 [Test seq (cond on sampled tp)] | MAPE 0.053251 | RMSE 343.807841|
0.059664566069841385,0.0515366829931736,0.04855316877365112
358.4904331010801,371.60792930856576,301.32515919269
Experiment 08-23_01:35
Epoch 0089 [Train seq (cond on sampled tp)] | Loss 4739050.531250 | MAPE 0.054595 | RMSE 108.005842 | Likelihood -4739048.187500 | KL fp 2.4090 | FP STD 0.2546 | ->nfe 1948.25 | <-nfe 1700.75
Epoch 0089 [Val seq (cond on sampled tp)] |  MAPE 0.029291 | RMSE 110.447996 |
Epoch 0089 [Test seq (cond on sampled tp)] | MAPE 0.049464 | RMSE 377.863064|
0.05957576259970665,0.05080801993608475,0.03800850361585617
381.8585307414252,408.30968256337,343.42097890198846
Experiment 08-23_01:35
Epoch 0090 [Train seq (cond on sampled tp)] | Loss 4972053.625000 | MAPE 0.049135 | RMSE 121.936870 | Likelihood -4972051.359375 | KL fp 2.2223 | FP STD 0.2751 | ->nfe 2238.50 | <-nfe 2066.75
Epoch 0090 [Val seq (cond on sampled tp)] |  MAPE 0.031522 | RMSE 119.446669 |
Epoch 0090 [Test seq (cond on sampled tp)] | MAPE 0.050443 | RMSE 372.233030|
0.061311330646276474,0.05263382941484451,0.037385303527116776
374.6440602425187,400.0043554450376,342.05067469967076
Experiment 08-23_01:35
Epoch 0091 [Train seq (cond on sampled tp)] | Loss 4835453.078125 | MAPE 0.042804 | RMSE 108.858857 | Likelihood -4835450.765625 | KL fp 2.2711 | FP STD 0.3001 | ->nfe 2312.00 | <-nfe 2123.75
Epoch 0091 [Val seq (cond on sampled tp)] |  MAPE 0.030300 | RMSE 104.868719 |
Epoch 0091 [Test seq (cond on sampled tp)] | MAPE 0.051625 | RMSE 343.561266|
0.058395955711603165,0.04806102067232132,0.04841684177517891
374.0538898340719,359.93373956188105,296.69616982276665
Experiment 08-23_01:35
Epoch 0092 [Train seq (cond on sampled tp)] | Loss 4873232.265625 | MAPE 0.046260 | RMSE 109.094109 | Likelihood -4873230.171875 | KL fp 2.1967 | FP STD 0.3184 | ->nfe 1662.50 | <-nfe 1679.75
Epoch 0092 [Val seq (cond on sampled tp)] |  MAPE 0.032344 | RMSE 100.028316 |
Epoch 0092 [Test seq (cond on sampled tp)] | MAPE 0.063942 | RMSE 356.692287|
0.07297614216804504,0.057955384254455566,0.060894206166267395
382.71323713062236,379.5282639343215,307.83536082620526
Experiment 08-23_01:35
Epoch 0093 [Train seq (cond on sampled tp)] | Loss 5070537.171875 | MAPE 0.046398 | RMSE 143.794330 | Likelihood -5070535.281250 | KL fp 1.8033 | FP STD 0.3049 | ->nfe 1888.25 | <-nfe 1559.00
Epoch 0093 [Val seq (cond on sampled tp)] |  MAPE 0.034943 | RMSE 138.268583 |
Epoch 0093 [Test seq (cond on sampled tp)] | MAPE 0.058341 | RMSE 421.765463|
0.07220016419887543,0.05473652854561806,0.04808736592531204
455.4755927873633,447.64283684093505,362.1779604006848
Experiment 08-23_01:35
Epoch 0094 [Train seq (cond on sampled tp)] | Loss 4833316.859375 | MAPE 0.080211 | RMSE 106.432165 | Likelihood -4833314.578125 | KL fp 2.2010 | FP STD 0.3449 | ->nfe 2209.25 | <-nfe 2173.25
Epoch 0094 [Val seq (cond on sampled tp)] |  MAPE 0.030105 | RMSE 105.657119 |
Epoch 0094 [Test seq (cond on sampled tp)] | MAPE 0.062804 | RMSE 375.953095|
0.058868538588285446,0.05821869149804115,0.0713261142373085
355.7646474496869,404.97044645257756,367.1241913508289
Experiment 08-23_01:35
Epoch 0095 [Train seq (cond on sampled tp)] | Loss 5043085.890625 | MAPE 0.054776 | RMSE 136.833622 | Likelihood -5043083.875000 | KL fp 1.9465 | FP STD 0.3297 | ->nfe 1859.75 | <-nfe 1497.50
Epoch 0095 [Val seq (cond on sampled tp)] |  MAPE 0.037407 | RMSE 129.064725 |
Epoch 0095 [Test seq (cond on sampled tp)] | MAPE 0.057960 | RMSE 413.333108|
0.07560021430253983,0.05630374327301979,0.041977498680353165
436.10371831136683,450.3213435981022,353.5742606758869
Experiment 08-23_01:35
Epoch 0096 [Train seq (cond on sampled tp)] | Loss 4819742.484375 | MAPE 0.065143 | RMSE 105.391523 | Likelihood -4819740.312500 | KL fp 2.1830 | FP STD 0.3432 | ->nfe 1973.00 | <-nfe 1979.00
Epoch 0096 [Val seq (cond on sampled tp)] |  MAPE 0.029918 | RMSE 109.490024 |
Epoch 0096 [Test seq (cond on sampled tp)] | MAPE 0.048453 | RMSE 343.154055|
0.059838540852069855,0.04514726623892784,0.04037308692932129
352.39949808420556,375.22422463108643,301.83844240338243
Experiment 08-23_01:35
Epoch 0097 [Train seq (cond on sampled tp)] | Loss 4891068.703125 | MAPE 0.047575 | RMSE 129.626762 | Likelihood -4891067.046875 | KL fp 1.7726 | FP STD 0.3802 | ->nfe 2375.75 | <-nfe 2060.75
Epoch 0097 [Val seq (cond on sampled tp)] |  MAPE 0.029311 | RMSE 108.521613 |
Epoch 0097 [Test seq (cond on sampled tp)] | MAPE 0.048385 | RMSE 375.546030|
0.056589365005493164,0.04864926636219025,0.03991502895951271
377.25381045126636,399.30412125346265,350.08015823165414
Experiment 08-23_01:35
Epoch 0098 [Train seq (cond on sampled tp)] | Loss 4802683.671875 | MAPE 0.067736 | RMSE 106.689520 | Likelihood -4802681.500000 | KL fp 2.1218 | FP STD 0.4045 | ->nfe 1792.25 | <-nfe 1659.50
Epoch 0098 [Val seq (cond on sampled tp)] |  MAPE 0.033670 | RMSE 122.817557 |
Epoch 0098 [Test seq (cond on sampled tp)] | MAPE 0.054113 | RMSE 411.389623|
0.06887509673833847,0.04919684678316116,0.04426690563559532
430.8441749925372,435.9359363771241,367.3887586739692
Experiment 08-23_01:35
Epoch 0099 [Train seq (cond on sampled tp)] | Loss 4728239.109375 | MAPE 0.045650 | RMSE 113.781273 | Likelihood -4728237.078125 | KL fp 1.9830 | FP STD 0.3526 | ->nfe 2297.75 | <-nfe 2123.00
Epoch 0099 [Val seq (cond on sampled tp)] |  MAPE 0.028122 | RMSE 101.189507 |
Best Val!
Epoch 0099 [Test seq (cond on sampled tp)] | MAPE 0.046227 | RMSE 325.822796|
0.059824295341968536,0.04058140516281128,0.03827570378780365
336.3276397354223,357.4392103036543,283.7015377117297
Experiment 08-23_01:35
Epoch 0100 [Train seq (cond on sampled tp)] | Loss 4821109.328125 | MAPE 0.045283 | RMSE 118.637056 | Likelihood -4821107.343750 | KL fp 1.9951 | FP STD 0.3071 | ->nfe 2158.25 | <-nfe 1917.50
Epoch 0100 [Val seq (cond on sampled tp)] |  MAPE 0.029555 | RMSE 94.112627 |
Epoch 0100 [Test seq (cond on sampled tp)] | MAPE 0.046730 | RMSE 299.164239|
0.05614883452653885,0.04288428649306297,0.04115675017237663
307.756866799914,308.14372407612007,281.59212524500754
