/nvme/yuanjingyang/CG-ODE/ode18/run.py
ode18/run.py --heavyBall --pred_length=7 --condition_length=14
Namespace(dataset='Dec', datapath='data/', pred_length=7, condition_length=14, features='Confirmed,Deaths,Recovered,Mortality_Rate,Testing_Rate,Population,Mobility', split_interval=3, feature_out='Deaths', niters=100, lr=0.005, batch_size=8, random_seed=1991, dropout=0.2, l2=1e-05, optimizer='AdamW', clip=10, edge_lamda=0.5, heavyBall=True, actv_h=None, gamma_guess=-3.0, gamma_act='sigmoid', corr=-100, corrf=True, sign=1, augment_dim=0, solver='rk4', rtol=0.01, atol=0.01, alias='run', output_dim=1, feature_out_index=[1], num_atoms=50)
run
Experiment 09-01_10:14
Epoch 0001 [Train seq (cond on sampled tp)] | Loss 9508970.750000 | MAPE 0.104151 | RMSE 154.407143 | Likelihood -9508966.472222 | KL fp 4.2981 | FP STD 0.7568 | ->nfe   45.33 | <-nfe   24.00
Epoch 0001 [Val seq (cond on sampled tp)] |  MAPE 0.026541 | RMSE 125.838853 |
Best Val!
Epoch 0001 [Test seq (cond on sampled tp)] | MAPE 0.048410 | RMSE 357.712819|
0.052605971693992615,0.05871344357728958,0.04539532586932182,0.036923304200172424
317.6018537414415,353.8476896914829,415.1930838477443,344.2086485694396
0.052605971693992615,0.05871344357728958,0.04539532586932182,0.036923304200172424
317.6018537414415,353.8476896914829,415.1930838477443,344.2086485694396
Epoch 0001 [Test seq (cond on sampled tp)] | Best Test MAPE 0.048410|Best Test RMSE 357.712819|
Experiment 09-01_10:14
Epoch 0002 [Train seq (cond on sampled tp)] | Loss 8546805.916667 | MAPE 0.065944 | RMSE 141.026745 | Likelihood -8546802.583333 | KL fp 3.4404 | FP STD 0.6071 | ->nfe   61.33 | <-nfe   24.00
Epoch 0002 [Val seq (cond on sampled tp)] |  MAPE 0.049546 | RMSE 134.916721 |
Epoch 0002 [Test seq (cond on sampled tp)] | MAPE 0.065872 | RMSE 367.301654|
0.07886362820863724,0.06623828411102295,0.06632789224386215,0.05205904692411423
339.84047268534687,359.07288387944305,423.2882624465271,347.00499816285065
Experiment 09-01_10:14
Epoch 0003 [Train seq (cond on sampled tp)] | Loss 8461712.944444 | MAPE 0.252506 | RMSE 138.883713 | Likelihood -8461709.111111 | KL fp 3.6410 | FP STD 0.6728 | ->nfe   61.33 | <-nfe   24.00
Epoch 0003 [Val seq (cond on sampled tp)] |  MAPE 0.049746 | RMSE 125.961304 |
Epoch 0003 [Test seq (cond on sampled tp)] | MAPE 0.064568 | RMSE 348.009045|
0.07722298055887222,0.06526503711938858,0.06486432999372482,0.05091913044452667
323.3755073440164,343.0534647653336,406.6517244522639,318.9554852365765
Experiment 09-01_10:14
Epoch 0004 [Train seq (cond on sampled tp)] | Loss 8328184.416667 | MAPE 0.204988 | RMSE 137.968099 | Likelihood -8328181.694444 | KL fp 2.7186 | FP STD 0.8084 | ->nfe   61.33 | <-nfe   24.00
Epoch 0004 [Val seq (cond on sampled tp)] |  MAPE 0.057986 | RMSE 139.981319 |
Epoch 0004 [Test seq (cond on sampled tp)] | MAPE 0.073091 | RMSE 382.493620|
0.08595097064971924,0.07328525185585022,0.07253953814506531,0.06058758497238159
348.36110709650126,375.9060512614821,439.8874145733201,365.8199053154434
Experiment 09-01_10:14
Epoch 0005 [Train seq (cond on sampled tp)] | Loss 9070396.583333 | MAPE 0.290922 | RMSE 146.922094 | Likelihood -9070394.000000 | KL fp 2.5890 | FP STD 1.0071 | ->nfe   61.33 | <-nfe   24.00
Epoch 0005 [Val seq (cond on sampled tp)] |  MAPE 0.056503 | RMSE 140.259685 |
Epoch 0005 [Test seq (cond on sampled tp)] | MAPE 0.073314 | RMSE 383.423842|
0.08967141807079315,0.0740850567817688,0.07076537609100342,0.05873534455895424
350.0472177971138,376.3284386676085,440.5605094649315,366.7592023385371
Experiment 09-01_10:14
Epoch 0006 [Train seq (cond on sampled tp)] | Loss 9028212.111111 | MAPE 0.246959 | RMSE 147.806709 | Likelihood -9028209.861111 | KL fp 2.3146 | FP STD 1.1163 | ->nfe   61.33 | <-nfe   24.00
Epoch 0006 [Val seq (cond on sampled tp)] |  MAPE 0.055874 | RMSE 141.315057 |
Epoch 0006 [Test seq (cond on sampled tp)] | MAPE 0.070976 | RMSE 384.599711|
0.09012097120285034,0.06918223947286606,0.06973643600940704,0.054862961173057556
351.8100295258792,376.33418908597713,442.78387786819883,367.47074713506106
Experiment 09-01_10:14
Epoch 0007 [Train seq (cond on sampled tp)] | Loss 9061528.277778 | MAPE 0.258507 | RMSE 147.665369 | Likelihood -9061525.694444 | KL fp 2.6056 | FP STD 0.9999 | ->nfe   61.33 | <-nfe   24.00
Epoch 0007 [Val seq (cond on sampled tp)] |  MAPE 0.060560 | RMSE 139.089590 |
Epoch 0007 [Test seq (cond on sampled tp)] | MAPE 0.072947 | RMSE 378.757784|
0.08878881484270096,0.07352028042078018,0.07160396873950958,0.05787421390414238
344.98387643482704,372.5613414258114,435.27940021324235,362.2065191296258
Experiment 09-01_10:14
Epoch 0008 [Train seq (cond on sampled tp)] | Loss 9012837.416667 | MAPE 0.262101 | RMSE 147.126129 | Likelihood -9012835.000000 | KL fp 2.5731 | FP STD 0.9441 | ->nfe   61.33 | <-nfe   24.00
Epoch 0008 [Val seq (cond on sampled tp)] |  MAPE 0.053362 | RMSE 143.197989 |
Epoch 0008 [Test seq (cond on sampled tp)] | MAPE 0.067024 | RMSE 387.931520|
0.07893408834934235,0.06722109019756317,0.06836936622858047,0.05357061326503754
354.1627230172594,380.07347151570576,446.7410463568352,370.748841029881
Experiment 09-01_10:14
Epoch 0009 [Train seq (cond on sampled tp)] | Loss 9054213.916667 | MAPE 0.239683 | RMSE 148.065047 | Likelihood -9054211.527778 | KL fp 2.4963 | FP STD 1.0274 | ->nfe   61.33 | <-nfe   24.00
Epoch 0009 [Val seq (cond on sampled tp)] |  MAPE 0.058981 | RMSE 140.019181 |
Epoch 0009 [Test seq (cond on sampled tp)] | MAPE 0.072259 | RMSE 382.191851|
0.08882605284452438,0.07104932516813278,0.07016822695732117,0.05899238586425781
348.60471884356355,374.0887469906038,439.48147714095984,366.59245934688835
Experiment 09-01_10:14
Epoch 0010 [Train seq (cond on sampled tp)] | Loss 9019416.444444 | MAPE 0.268024 | RMSE 146.819766 | Likelihood -9019413.388889 | KL fp 3.0449 | FP STD 1.0052 | ->nfe   61.33 | <-nfe   24.00
Epoch 0010 [Val seq (cond on sampled tp)] |  MAPE 0.059984 | RMSE 139.325405 |
Epoch 0010 [Test seq (cond on sampled tp)] | MAPE 0.073190 | RMSE 380.325681|
0.09229522198438644,0.0715320035815239,0.06999177485704422,0.058939140290021896
348.25573173675116,371.7978491398249,439.39007797741635,361.8590670067561
Experiment 09-01_10:14
Epoch 0011 [Train seq (cond on sampled tp)] | Loss 9000603.527778 | MAPE 0.259072 | RMSE 146.839027 | Likelihood -9000600.583333 | KL fp 2.9259 | FP STD 0.9893 | ->nfe   61.33 | <-nfe   24.00
Epoch 0011 [Val seq (cond on sampled tp)] |  MAPE 0.055157 | RMSE 142.066171 |
Epoch 0011 [Test seq (cond on sampled tp)] | MAPE 0.071565 | RMSE 384.477710|
0.0898890569806099,0.07036621123552322,0.07025866210460663,0.05574455112218857
352.8566236802138,376.90458009952596,440.17865691103196,367.97097796565424
Experiment 09-01_10:14
Epoch 0012 [Train seq (cond on sampled tp)] | Loss 9029440.361111 | MAPE 0.249604 | RMSE 147.539050 | Likelihood -9029437.611111 | KL fp 2.8452 | FP STD 1.0139 | ->nfe   61.33 | <-nfe   24.00
Epoch 0012 [Val seq (cond on sampled tp)] |  MAPE 0.057578 | RMSE 139.924596 |
Epoch 0012 [Test seq (cond on sampled tp)] | MAPE 0.072398 | RMSE 382.965350|
0.08861436694860458,0.07262074947357178,0.07087454944849014,0.05748346820473671
349.21884927291654,376.20676661910267,440.3607186160001,366.07506487741006
Experiment 09-01_10:14
Epoch 0013 [Train seq (cond on sampled tp)] | Loss 9003638.722222 | MAPE 0.257032 | RMSE 146.975662 | Likelihood -9003635.944444 | KL fp 2.9692 | FP STD 1.0553 | ->nfe   61.33 | <-nfe   24.00
Epoch 0013 [Val seq (cond on sampled tp)] |  MAPE 0.056662 | RMSE 140.103324 |
Epoch 0013 [Test seq (cond on sampled tp)] | MAPE 0.072242 | RMSE 384.072068|
0.08608638495206833,0.07364679872989655,0.07138761878013611,0.05784730613231659
349.4990835109586,377.7440229507278,442.1340294526084,366.91113535841345
Experiment 09-01_10:14
Epoch 0014 [Train seq (cond on sampled tp)] | Loss 9015755.222222 | MAPE 0.256723 | RMSE 146.876305 | Likelihood -9015752.388889 | KL fp 3.0240 | FP STD 1.0242 | ->nfe   61.33 | <-nfe   24.00
Epoch 0014 [Val seq (cond on sampled tp)] |  MAPE 0.058758 | RMSE 139.369997 |
Epoch 0014 [Test seq (cond on sampled tp)] | MAPE 0.072087 | RMSE 381.737291|
0.08823638409376144,0.07078076153993607,0.07155821472406387,0.057772282510995865
347.2111659350834,375.14378493452347,439.0374236611271,365.5567885089812
Experiment 09-01_10:14
Epoch 0015 [Train seq (cond on sampled tp)] | Loss 9046506.444444 | MAPE 0.263179 | RMSE 147.381523 | Likelihood -9046503.222222 | KL fp 3.0666 | FP STD 0.9857 | ->nfe   61.33 | <-nfe   24.00
Epoch 0015 [Val seq (cond on sampled tp)] |  MAPE 0.054755 | RMSE 142.644157 |
Epoch 0015 [Test seq (cond on sampled tp)] | MAPE 0.069231 | RMSE 386.348495|
0.08683688938617706,0.07057920098304749,0.06614211946725845,0.0533641055226326
354.09060457741606,377.68608823995623,444.0386209272792,369.5786663553512
Experiment 09-01_10:14
Epoch 0016 [Train seq (cond on sampled tp)] | Loss 9061557.722222 | MAPE 0.249271 | RMSE 147.875808 | Likelihood -9061554.138889 | KL fp 3.3595 | FP STD 0.8831 | ->nfe   61.33 | <-nfe   24.00
Epoch 0016 [Val seq (cond on sampled tp)] |  MAPE 0.061046 | RMSE 139.186525 |
Epoch 0016 [Test seq (cond on sampled tp)] | MAPE 0.074008 | RMSE 381.157505|
0.09053582698106766,0.07376853376626968,0.07374017685651779,0.05798808112740517
348.8330322303208,373.3298851217245,438.74027767005845,363.7268248631107
Experiment 09-01_10:14
Epoch 0017 [Train seq (cond on sampled tp)] | Loss 8990546.777778 | MAPE 0.269587 | RMSE 146.746736 | Likelihood -8990543.111111 | KL fp 3.5338 | FP STD 0.8578 | ->nfe   61.33 | <-nfe   24.00
Epoch 0017 [Val seq (cond on sampled tp)] |  MAPE 0.057804 | RMSE 140.660641 |
Epoch 0017 [Test seq (cond on sampled tp)] | MAPE 0.070789 | RMSE 382.288665|
0.08602473884820938,0.06960875540971756,0.07134483009576797,0.056175749748945236
348.7548050744247,374.31967454303015,439.8734015316225,366.20678072640874
Experiment 09-01_10:14
Epoch 0018 [Train seq (cond on sampled tp)] | Loss 9037232.277778 | MAPE 0.253676 | RMSE 147.570373 | Likelihood -9037228.750000 | KL fp 3.3638 | FP STD 0.9446 | ->nfe   61.33 | <-nfe   24.00
Epoch 0018 [Val seq (cond on sampled tp)] |  MAPE 0.057091 | RMSE 140.792636 |
Epoch 0018 [Test seq (cond on sampled tp)] | MAPE 0.071697 | RMSE 383.112196|
0.0859963521361351,0.07280939072370529,0.07109282165765762,0.056889284402132034
349.51351234608944,375.92116028497253,440.3030738877484,366.711036614662
Experiment 09-01_10:14
Epoch 0019 [Train seq (cond on sampled tp)] | Loss 9026010.805556 | MAPE 0.250519 | RMSE 147.347679 | Likelihood -9026007.250000 | KL fp 3.4603 | FP STD 0.9536 | ->nfe   61.33 | <-nfe   24.00
Epoch 0019 [Val seq (cond on sampled tp)] |  MAPE 0.055123 | RMSE 141.279201 |
Epoch 0019 [Test seq (cond on sampled tp)] | MAPE 0.071123 | RMSE 384.723934|
0.08549308776855469,0.07204076647758484,0.06905026733875275,0.05790714547038078
351.0168710332881,377.8446481359766,441.5196944927825,368.51452227151105
Experiment 09-01_10:14
Epoch 0020 [Train seq (cond on sampled tp)] | Loss 9041979.111111 | MAPE 0.246002 | RMSE 147.382350 | Likelihood -9041975.250000 | KL fp 3.6736 | FP STD 0.9441 | ->nfe   61.33 | <-nfe   24.00
Epoch 0020 [Val seq (cond on sampled tp)] |  MAPE 0.059068 | RMSE 139.001862 |
Epoch 0020 [Test seq (cond on sampled tp)] | MAPE 0.073162 | RMSE 380.487291|
0.08842694759368896,0.07158234715461731,0.07210712134838104,0.06053353101015091
346.4958287988472,373.1217964686598,437.4347629932948,364.8967747870622
Experiment 09-01_10:14
Epoch 0021 [Train seq (cond on sampled tp)] | Loss 9014455.750000 | MAPE 0.265938 | RMSE 147.020363 | Likelihood -9014451.777778 | KL fp 3.8984 | FP STD 0.9492 | ->nfe   61.33 | <-nfe   24.00
Epoch 0021 [Val seq (cond on sampled tp)] |  MAPE 0.059124 | RMSE 140.261948 |
Epoch 0021 [Test seq (cond on sampled tp)] | MAPE 0.070895 | RMSE 382.255142|
0.08584332466125488,0.0719834715127945,0.07029816508293152,0.05545438081026077
349.8357873703032,373.59401008983,439.31916430426753,366.27160772437713
Experiment 09-01_10:14
Epoch 0022 [Train seq (cond on sampled tp)] | Loss 9030700.416667 | MAPE 0.259784 | RMSE 147.339899 | Likelihood -9030696.444444 | KL fp 3.9540 | FP STD 1.0139 | ->nfe   61.33 | <-nfe   24.00
Epoch 0022 [Val seq (cond on sampled tp)] |  MAPE 0.057688 | RMSE 140.119362 |
Epoch 0022 [Test seq (cond on sampled tp)] | MAPE 0.071142 | RMSE 382.914882|
0.08442338556051254,0.07460224628448486,0.07037072628736496,0.05517275631427765
349.01498669469765,375.81825311578467,439.5943087097466,367.2319813483025
Experiment 09-01_10:14
Epoch 0023 [Train seq (cond on sampled tp)] | Loss 9038548.333333 | MAPE 0.260906 | RMSE 147.537028 | Likelihood -9038544.388889 | KL fp 3.8946 | FP STD 1.0861 | ->nfe   61.33 | <-nfe   24.00
Epoch 0023 [Val seq (cond on sampled tp)] |  MAPE 0.056441 | RMSE 141.417862 |
Epoch 0023 [Test seq (cond on sampled tp)] | MAPE 0.070775 | RMSE 384.600362|
0.08532636612653732,0.0711163654923439,0.06981983780860901,0.05683804303407669
352.8524058476858,378.39936327245584,440.9092345653468,366.2404435613303
Experiment 09-01_10:14
Epoch 0024 [Train seq (cond on sampled tp)] | Loss 9021946.444444 | MAPE 0.250769 | RMSE 147.508254 | Likelihood -9021942.555556 | KL fp 3.7759 | FP STD 1.1138 | ->nfe   61.33 | <-nfe   24.00
Epoch 0024 [Val seq (cond on sampled tp)] |  MAPE 0.056954 | RMSE 141.044451 |
Epoch 0024 [Test seq (cond on sampled tp)] | MAPE 0.070785 | RMSE 383.643210|
0.08881834894418716,0.06865402311086655,0.06883116811513901,0.05683451518416405
351.14667074457645,376.571664826232,439.41779663550267,367.43670798519844
Experiment 09-01_10:14
Epoch 0025 [Train seq (cond on sampled tp)] | Loss 9008718.222222 | MAPE 0.257953 | RMSE 147.137181 | Likelihood -9008714.222222 | KL fp 3.9453 | FP STD 1.0868 | ->nfe   61.33 | <-nfe   24.00
Epoch 0025 [Val seq (cond on sampled tp)] |  MAPE 0.058911 | RMSE 141.058104 |
Epoch 0025 [Test seq (cond on sampled tp)] | MAPE 0.070365 | RMSE 383.128007|
0.08399688452482224,0.0710272565484047,0.07065088301897049,0.05578308925032616
348.3656708474588,377.01949966148965,441.3866820883929,365.74017416739986
Experiment 09-01_10:14
Epoch 0026 [Train seq (cond on sampled tp)] | Loss 9036229.944444 | MAPE 0.262959 | RMSE 147.152561 | Likelihood -9036225.944444 | KL fp 3.9743 | FP STD 1.0916 | ->nfe   61.33 | <-nfe   24.00
Epoch 0026 [Val seq (cond on sampled tp)] |  MAPE 0.058297 | RMSE 139.604855 |
Epoch 0026 [Test seq (cond on sampled tp)] | MAPE 0.071796 | RMSE 382.394334|
0.087422214448452,0.0714530423283577,0.0714646726846695,0.05684278532862663
348.9382556413097,374.3081534644951,440.3180136276507,366.0129138773658
Experiment 09-01_10:14
Epoch 0027 [Train seq (cond on sampled tp)] | Loss 9052390.277778 | MAPE 0.265923 | RMSE 147.466340 | Likelihood -9052386.250000 | KL fp 4.0917 | FP STD 1.0835 | ->nfe   61.33 | <-nfe   24.00
Epoch 0027 [Val seq (cond on sampled tp)] |  MAPE 0.057290 | RMSE 140.205165 |
Epoch 0027 [Test seq (cond on sampled tp)] | MAPE 0.072016 | RMSE 382.538569|
0.08936969190835953,0.0705486312508583,0.06924781948328018,0.05889783427119255
348.58503042658043,375.5569197871343,440.5067039784979,365.50562153679664
Experiment 09-01_10:14
Epoch 0028 [Train seq (cond on sampled tp)] | Loss 9024754.472222 | MAPE 0.258983 | RMSE 147.435586 | Likelihood -9024750.305556 | KL fp 4.2084 | FP STD 1.0358 | ->nfe   61.33 | <-nfe   24.00
Epoch 0028 [Val seq (cond on sampled tp)] |  MAPE 0.057532 | RMSE 140.387299 |
Epoch 0028 [Test seq (cond on sampled tp)] | MAPE 0.071455 | RMSE 382.972315|
0.08546245098114014,0.07473153620958328,0.06827805936336517,0.05734900012612343
348.594633851412,375.72492431298724,440.81478182452094,366.7549207236353
Experiment 09-01_10:14
Epoch 0029 [Train seq (cond on sampled tp)] | Loss 9010187.583333 | MAPE 0.254628 | RMSE 147.069101 | Likelihood -9010183.250000 | KL fp 4.4829 | FP STD 0.9802 | ->nfe   61.33 | <-nfe   24.00
Epoch 0029 [Val seq (cond on sampled tp)] |  MAPE 0.058421 | RMSE 140.317671 |
Epoch 0029 [Test seq (cond on sampled tp)] | MAPE 0.072377 | RMSE 382.589142|
0.09111183136701584,0.07149496674537659,0.06900579482316971,0.057893507182598114
349.208155599923,375.8933109939574,438.56196112978154,366.6931406162379
Experiment 09-01_10:14
Epoch 0030 [Train seq (cond on sampled tp)] | Loss 9045343.444444 | MAPE 0.249807 | RMSE 147.608131 | Likelihood -9045339.138889 | KL fp 4.4724 | FP STD 0.9774 | ->nfe   61.33 | <-nfe   24.00
Epoch 0030 [Val seq (cond on sampled tp)] |  MAPE 0.058225 | RMSE 140.305790 |
Epoch 0030 [Test seq (cond on sampled tp)] | MAPE 0.072281 | RMSE 382.672577|
0.09020949900150299,0.07200081646442413,0.06968995928764343,0.05722551792860031
349.5829993542306,374.4891103223163,439.69490487723414,366.92329324396945
Experiment 09-01_10:14
Epoch 0031 [Train seq (cond on sampled tp)] | Loss 9037661.027778 | MAPE 0.264038 | RMSE 147.337570 | Likelihood -9037656.555556 | KL fp 4.5154 | FP STD 1.0368 | ->nfe   61.33 | <-nfe   24.00
Epoch 0031 [Val seq (cond on sampled tp)] |  MAPE 0.057394 | RMSE 139.787702 |
Epoch 0031 [Test seq (cond on sampled tp)] | MAPE 0.072894 | RMSE 381.501386|
0.08888709545135498,0.0703810602426529,0.07357855886220932,0.05872991308569908
349.387443874991,373.2624746743235,437.47832089144714,365.8773061082089
Experiment 09-01_10:14
Epoch 0032 [Train seq (cond on sampled tp)] | Loss 8992121.555556 | MAPE 0.261311 | RMSE 146.866822 | Likelihood -8992116.944444 | KL fp 4.7486 | FP STD 1.0524 | ->nfe   61.33 | <-nfe   24.00
Epoch 0032 [Val seq (cond on sampled tp)] |  MAPE 0.058829 | RMSE 139.759957 |
Epoch 0032 [Test seq (cond on sampled tp)] | MAPE 0.072875 | RMSE 382.098502|
0.08770263195037842,0.07207460701465607,0.07069242745637894,0.06102928891777992
348.6480697816926,375.72719075813507,439.2088234826345,364.8099248238732
Experiment 09-01_10:14
Epoch 0033 [Train seq (cond on sampled tp)] | Loss 8986779.611111 | MAPE 0.259124 | RMSE 146.976642 | Likelihood -8986774.944444 | KL fp 4.7336 | FP STD 1.0726 | ->nfe   61.33 | <-nfe   24.00
Epoch 0033 [Val seq (cond on sampled tp)] |  MAPE 0.058450 | RMSE 140.668500 |
Epoch 0033 [Test seq (cond on sampled tp)] | MAPE 0.072102 | RMSE 383.166598|
0.08775050193071365,0.0727844163775444,0.07287737727165222,0.05499517172574997
349.3154689889928,375.37148266750364,440.5187283192396,367.4607121856703
Experiment 09-01_10:14
Epoch 0034 [Train seq (cond on sampled tp)] | Loss 9007489.972222 | MAPE 0.251965 | RMSE 147.216962 | Likelihood -9007485.333333 | KL fp 4.7596 | FP STD 1.0551 | ->nfe   61.33 | <-nfe   24.00
Epoch 0034 [Val seq (cond on sampled tp)] |  MAPE 0.058874 | RMSE 139.610276 |
Epoch 0034 [Test seq (cond on sampled tp)] | MAPE 0.072965 | RMSE 381.616791|
0.0904608741402626,0.07180290669202805,0.07017536461353302,0.059420134872198105
347.3929129062653,375.37114966390266,437.2807664990538,366.4223357343272
Experiment 09-01_10:14
Epoch 0035 [Train seq (cond on sampled tp)] | Loss 9013580.694444 | MAPE 0.260224 | RMSE 146.957271 | Likelihood -9013575.972222 | KL fp 4.8710 | FP STD 1.0563 | ->nfe   61.33 | <-nfe   24.00
Epoch 0035 [Val seq (cond on sampled tp)] |  MAPE 0.057404 | RMSE 140.151153 |
Epoch 0035 [Test seq (cond on sampled tp)] | MAPE 0.072381 | RMSE 382.617086|
0.08387061953544617,0.07415826618671417,0.07213190943002701,0.059365034103393555
348.2665556007352,375.2117527143839,439.9883521185532,367.00168170595623
Experiment 09-01_10:14
Epoch 0036 [Train seq (cond on sampled tp)] | Loss 9005086.472222 | MAPE 0.256186 | RMSE 147.138599 | Likelihood -9005081.722222 | KL fp 4.9919 | FP STD 1.0328 | ->nfe   61.33 | <-nfe   24.00
Epoch 0036 [Val seq (cond on sampled tp)] |  MAPE 0.058890 | RMSE 139.283757 |
Epoch 0036 [Test seq (cond on sampled tp)] | MAPE 0.073562 | RMSE 381.788227|
0.0910654067993164,0.07070811092853546,0.07369576394557953,0.05877861753106117
348.0438415271846,374.28371174150766,440.7660589814057,364.05929719621224
Experiment 09-01_10:14
Epoch 0037 [Train seq (cond on sampled tp)] | Loss 9006931.972222 | MAPE 0.262455 | RMSE 147.006169 | Likelihood -9006926.750000 | KL fp 5.0658 | FP STD 0.9962 | ->nfe   61.33 | <-nfe   24.00
Epoch 0037 [Val seq (cond on sampled tp)] |  MAPE 0.057601 | RMSE 140.253857 |
Epoch 0037 [Test seq (cond on sampled tp)] | MAPE 0.072817 | RMSE 383.287477|
0.08950226753950119,0.07237181812524796,0.0732596218585968,0.05613546073436737
350.66351169960643,375.55679497247814,440.08967481071403,366.83992592137514
Experiment 09-01_10:14
Epoch 0038 [Train seq (cond on sampled tp)] | Loss 9008607.583333 | MAPE 0.259943 | RMSE 147.072726 | Likelihood -9008602.444444 | KL fp 5.1326 | FP STD 0.9250 | ->nfe   61.33 | <-nfe   24.00
Epoch 0038 [Val seq (cond on sampled tp)] |  MAPE 0.057325 | RMSE 140.204698 |
Epoch 0038 [Test seq (cond on sampled tp)] | MAPE 0.072396 | RMSE 382.427253|
0.08748317509889603,0.07230804860591888,0.0728302150964737,0.056961335241794586
349.17888055407934,374.7327589429566,439.3964432889734,366.40092879931404
Experiment 09-01_10:14
Epoch 0039 [Train seq (cond on sampled tp)] | Loss 8995128.472222 | MAPE 0.264310 | RMSE 146.847315 | Likelihood -8995122.944444 | KL fp 5.3979 | FP STD 0.8926 | ->nfe   61.33 | <-nfe   24.00
Epoch 0039 [Val seq (cond on sampled tp)] |  MAPE 0.060012 | RMSE 138.843796 |
Epoch 0039 [Test seq (cond on sampled tp)] | MAPE 0.073596 | RMSE 380.822565|
0.09364019334316254,0.07153566926717758,0.0721776932477951,0.05703117325901985
347.3807349292704,373.09639756368597,436.8715128616193,365.9416150494502
Experiment 09-01_10:14
Epoch 0040 [Train seq (cond on sampled tp)] | Loss 9008736.527778 | MAPE 0.262833 | RMSE 147.012582 | Likelihood -9008731.027778 | KL fp 5.3575 | FP STD 0.9065 | ->nfe   61.33 | <-nfe   24.00
Epoch 0040 [Val seq (cond on sampled tp)] |  MAPE 0.056325 | RMSE 141.155748 |
Epoch 0040 [Test seq (cond on sampled tp)] | MAPE 0.071022 | RMSE 384.240189|
0.08559484034776688,0.07134994119405746,0.07144035398960114,0.05570225417613983
352.0447081870426,376.59417397909914,440.926652063583,367.39522315893004
Experiment 09-01_10:14
Epoch 0041 [Train seq (cond on sampled tp)] | Loss 9007918.833333 | MAPE 0.250429 | RMSE 147.291679 | Likelihood -9007913.250000 | KL fp 5.5097 | FP STD 0.8525 | ->nfe   61.33 | <-nfe   24.00
Epoch 0041 [Val seq (cond on sampled tp)] |  MAPE 0.058079 | RMSE 140.018142 |
Epoch 0041 [Test seq (cond on sampled tp)] | MAPE 0.071375 | RMSE 382.651951|
0.08537834882736206,0.07366696000099182,0.06954643875360489,0.05690646171569824
349.92092856815526,376.2463454972021,439.4101159509189,365.03041397258943
Experiment 09-01_10:14
Epoch 0042 [Train seq (cond on sampled tp)] | Loss 9022636.666667 | MAPE 0.261662 | RMSE 147.218072 | Likelihood -9022631.000000 | KL fp 5.5879 | FP STD 0.8242 | ->nfe   61.33 | <-nfe   24.00
Epoch 0042 [Val seq (cond on sampled tp)] |  MAPE 0.057023 | RMSE 140.447715 |
Epoch 0042 [Test seq (cond on sampled tp)] | MAPE 0.071282 | RMSE 383.112702|
0.08796276152133942,0.06850481033325195,0.07105501741170883,0.0576050691306591
350.19908400437026,374.8515122685248,440.60748192126744,366.7927292763585
Experiment 09-01_10:14
Epoch 0043 [Train seq (cond on sampled tp)] | Loss 9035155.388889 | MAPE 0.257214 | RMSE 147.535362 | Likelihood -9035149.638889 | KL fp 5.5902 | FP STD 0.8161 | ->nfe   61.33 | <-nfe   24.00
Epoch 0043 [Val seq (cond on sampled tp)] |  MAPE 0.059833 | RMSE 139.701733 |
Epoch 0043 [Test seq (cond on sampled tp)] | MAPE 0.073483 | RMSE 381.624281|
0.09141626209020615,0.07121862471103668,0.07251939922571182,0.0587761253118515
349.4764275848945,374.36477448472635,438.6434521624596,364.0124697383319
Experiment 09-01_10:14
Epoch 0044 [Train seq (cond on sampled tp)] | Loss 9001636.027778 | MAPE 0.260796 | RMSE 146.984729 | Likelihood -9001630.333333 | KL fp 5.5968 | FP STD 0.7927 | ->nfe   61.33 | <-nfe   24.00
Epoch 0044 [Val seq (cond on sampled tp)] |  MAPE 0.057600 | RMSE 140.828478 |
Epoch 0044 [Test seq (cond on sampled tp)] | MAPE 0.071301 | RMSE 383.741726|
0.08634532988071442,0.07217593491077423,0.06955701857805252,0.057125963270664215
351.1194374781892,376.15401599610766,440.88853821005597,366.80491238531687
Experiment 09-01_10:14
Epoch 0045 [Train seq (cond on sampled tp)] | Loss 9007012.916667 | MAPE 0.253795 | RMSE 147.381317 | Likelihood -9007007.055556 | KL fp 5.6429 | FP STD 0.7131 | ->nfe   61.33 | <-nfe   24.00
Epoch 0045 [Val seq (cond on sampled tp)] |  MAPE 0.058491 | RMSE 139.536279 |
Epoch 0045 [Test seq (cond on sampled tp)] | MAPE 0.071860 | RMSE 381.714835|
0.08744348585605621,0.07098628580570221,0.07169993966817856,0.05731220915913582
348.21935435871455,374.9930624358269,438.2856517158644,365.3612724071888
Experiment 09-01_10:14
Epoch 0046 [Train seq (cond on sampled tp)] | Loss 9025731.500000 | MAPE 0.260654 | RMSE 147.195038 | Likelihood -9025725.638889 | KL fp 5.7950 | FP STD 0.7356 | ->nfe   61.33 | <-nfe   24.00
Epoch 0046 [Val seq (cond on sampled tp)] |  MAPE 0.057974 | RMSE 140.458387 |
Epoch 0046 [Test seq (cond on sampled tp)] | MAPE 0.071318 | RMSE 383.141156|
0.08667951077222824,0.07038867473602295,0.07178317755460739,0.05642116442322731
350.49929787732816,375.5254859859714,440.60335053197224,365.93649124540724
Experiment 09-01_10:14
Epoch 0047 [Train seq (cond on sampled tp)] | Loss 9020503.527778 | MAPE 0.257226 | RMSE 147.188156 | Likelihood -9020497.722222 | KL fp 5.6792 | FP STD 0.8193 | ->nfe   61.33 | <-nfe   24.00
Epoch 0047 [Val seq (cond on sampled tp)] |  MAPE 0.058884 | RMSE 139.834542 |
Epoch 0047 [Test seq (cond on sampled tp)] | MAPE 0.070827 | RMSE 382.020051|
0.08430887758731842,0.0711238831281662,0.07102616131305695,0.05684902146458626
348.8199526618281,374.5471849447009,439.44071343583994,365.27235130105316
Experiment 09-01_10:14
Epoch 0048 [Train seq (cond on sampled tp)] | Loss 9018254.805556 | MAPE 0.266636 | RMSE 147.191736 | Likelihood -9018248.944444 | KL fp 5.7994 | FP STD 0.8477 | ->nfe   61.33 | <-nfe   24.00
Epoch 0048 [Val seq (cond on sampled tp)] |  MAPE 0.057985 | RMSE 140.166774 |
Epoch 0048 [Test seq (cond on sampled tp)] | MAPE 0.071877 | RMSE 382.487748|
0.08776483684778214,0.07152924686670303,0.07016011327505112,0.05805225297808647
348.94245361878797,375.9624731938016,439.19382822394033,365.8522370780313
Experiment 09-01_10:14
Epoch 0049 [Train seq (cond on sampled tp)] | Loss 9044277.166667 | MAPE 0.260157 | RMSE 147.206608 | Likelihood -9044271.111111 | KL fp 6.0115 | FP STD 0.8793 | ->nfe   61.33 | <-nfe   24.00
Epoch 0049 [Val seq (cond on sampled tp)] |  MAPE 0.058599 | RMSE 139.257251 |
Epoch 0049 [Test seq (cond on sampled tp)] | MAPE 0.073524 | RMSE 381.208963|
0.0910383015871048,0.07465104758739471,0.06901992857456207,0.05938772112131119
347.0773058700324,373.9194640895282,438.1753002509384,365.66377999468307
Experiment 09-01_10:14
Epoch 0050 [Train seq (cond on sampled tp)] | Loss 9030368.666667 | MAPE 0.264680 | RMSE 147.012362 | Likelihood -9030362.638889 | KL fp 6.1532 | FP STD 0.9202 | ->nfe   61.33 | <-nfe   24.00
Epoch 0050 [Val seq (cond on sampled tp)] |  MAPE 0.055157 | RMSE 141.656805 |
Epoch 0050 [Test seq (cond on sampled tp)] | MAPE 0.069605 | RMSE 384.732124|
0.08415538817644119,0.06914526969194412,0.0693359375,0.05578429996967316
352.5153808701118,377.43196820751683,441.5635748394562,367.41757153816144
Experiment 09-01_10:14
Epoch 0051 [Train seq (cond on sampled tp)] | Loss 9044773.194444 | MAPE 0.250785 | RMSE 147.591668 | Likelihood -9044767.111111 | KL fp 6.0872 | FP STD 0.9710 | ->nfe   61.33 | <-nfe   24.00
Epoch 0051 [Val seq (cond on sampled tp)] |  MAPE 0.057378 | RMSE 140.459562 |
Epoch 0051 [Test seq (cond on sampled tp)] | MAPE 0.071566 | RMSE 382.495926|
0.0863707885146141,0.07266028970479965,0.07072170078754425,0.056510575115680695
348.06418903343103,375.19973847272337,440.3813688157118,366.33840656556885
Experiment 09-01_10:14
Epoch 0052 [Train seq (cond on sampled tp)] | Loss 9033794.805556 | MAPE 0.260462 | RMSE 147.040439 | Likelihood -9033788.527778 | KL fp 6.3453 | FP STD 0.9963 | ->nfe   61.33 | <-nfe   24.00
Epoch 0052 [Val seq (cond on sampled tp)] |  MAPE 0.060320 | RMSE 139.172057 |
Epoch 0052 [Test seq (cond on sampled tp)] | MAPE 0.074676 | RMSE 380.417479|
0.08880209922790527,0.07510406523942947,0.07572685182094574,0.05907045304775238
347.30564483967146,372.437830382468,437.9414023302661,363.9850400428567
Experiment 09-01_10:14
Epoch 0053 [Train seq (cond on sampled tp)] | Loss 8983055.972222 | MAPE 0.269401 | RMSE 146.783064 | Likelihood -8983049.694444 | KL fp 6.3967 | FP STD 1.0315 | ->nfe   61.33 | <-nfe   24.00
Epoch 0053 [Val seq (cond on sampled tp)] |  MAPE 0.057508 | RMSE 139.979267 |
Epoch 0053 [Test seq (cond on sampled tp)] | MAPE 0.071990 | RMSE 382.099143|
0.08587068319320679,0.07273054867982864,0.07167816162109375,0.05767960473895073
348.2709299166383,375.03987288020454,439.1848272652415,365.90094287935364
Experiment 09-01_10:14
Epoch 0054 [Train seq (cond on sampled tp)] | Loss 9010158.472222 | MAPE 0.261915 | RMSE 147.225748 | Likelihood -9010152.166667 | KL fp 6.4448 | FP STD 1.0437 | ->nfe   61.33 | <-nfe   24.00
Epoch 0054 [Val seq (cond on sampled tp)] |  MAPE 0.058933 | RMSE 139.521434 |
Epoch 0054 [Test seq (cond on sampled tp)] | MAPE 0.072171 | RMSE 381.813004|
0.08692701160907745,0.07289627939462662,0.06974589824676514,0.059113893657922745
347.9547047569554,374.6681865330976,438.8288034644034,365.800321213637
Experiment 09-01_10:14
Epoch 0055 [Train seq (cond on sampled tp)] | Loss 9069033.916667 | MAPE 0.263710 | RMSE 147.461905 | Likelihood -9069027.611111 | KL fp 6.4639 | FP STD 1.0310 | ->nfe   61.33 | <-nfe   24.00
Epoch 0055 [Val seq (cond on sampled tp)] |  MAPE 0.057641 | RMSE 140.281560 |
Epoch 0055 [Test seq (cond on sampled tp)] | MAPE 0.072242 | RMSE 382.027626|
0.09120256453752518,0.07075895369052887,0.07094060629606247,0.05606478452682495
349.1557675307684,374.3935304262081,439.04340260958253,365.5178047988907
Experiment 09-01_10:14
Epoch 0056 [Train seq (cond on sampled tp)] | Loss 9030543.833333 | MAPE 0.256477 | RMSE 147.345213 | Likelihood -9030537.527778 | KL fp 6.4758 | FP STD 0.9971 | ->nfe   61.33 | <-nfe   24.00
Epoch 0056 [Val seq (cond on sampled tp)] |  MAPE 0.058329 | RMSE 139.817934 |
Epoch 0056 [Test seq (cond on sampled tp)] | MAPE 0.071618 | RMSE 381.848066|
0.08594837039709091,0.07093166559934616,0.07147958874702454,0.05811361223459244
349.5496879915644,374.75012508336806,439.298659797637,363.79379031946104
Experiment 09-01_10:14
Epoch 0057 [Train seq (cond on sampled tp)] | Loss 9058806.777778 | MAPE 0.254833 | RMSE 147.832083 | Likelihood -9058800.500000 | KL fp 6.4268 | FP STD 0.9846 | ->nfe   61.33 | <-nfe   24.00
Epoch 0057 [Val seq (cond on sampled tp)] |  MAPE 0.056522 | RMSE 141.837123 |
Epoch 0057 [Test seq (cond on sampled tp)] | MAPE 0.070437 | RMSE 385.412138|
0.08283466845750809,0.07280392199754715,0.07009761780500412,0.05601279437541962
352.6632932947516,378.71672708635407,442.1069228704749,368.16160683862734
Experiment 09-01_10:14
Epoch 0058 [Train seq (cond on sampled tp)] | Loss 9066109.555556 | MAPE 0.244819 | RMSE 147.783357 | Likelihood -9066103.222222 | KL fp 6.4528 | FP STD 0.9828 | ->nfe   61.33 | <-nfe   24.00
Epoch 0058 [Val seq (cond on sampled tp)] |  MAPE 0.057713 | RMSE 140.620687 |
Epoch 0058 [Test seq (cond on sampled tp)] | MAPE 0.070470 | RMSE 382.903763|
0.08430750668048859,0.06919766217470169,0.07165497541427612,0.056720517575740814
350.60832179584673,376.3834896086703,438.85463495900325,365.7686042773491
Experiment 09-01_10:14
Epoch 0059 [Train seq (cond on sampled tp)] | Loss 9019084.222222 | MAPE 0.258439 | RMSE 146.996381 | Likelihood -9019077.555556 | KL fp 6.7377 | FP STD 0.9733 | ->nfe   61.33 | <-nfe   24.00
Epoch 0059 [Val seq (cond on sampled tp)] |  MAPE 0.060447 | RMSE 138.864930 |
Epoch 0059 [Test seq (cond on sampled tp)] | MAPE 0.074149 | RMSE 380.853001|
0.08896581083536148,0.07509995996952057,0.07259418070316315,0.0599343478679657
347.36718460081977,373.588782118789,438.3805602726928,364.07547723652027
Experiment 09-01_10:14
Epoch 0060 [Train seq (cond on sampled tp)] | Loss 9041389.944444 | MAPE 0.264639 | RMSE 147.197449 | Likelihood -9041383.055556 | KL fp 6.8035 | FP STD 0.9323 | ->nfe   61.33 | <-nfe   24.00
Epoch 0060 [Val seq (cond on sampled tp)] |  MAPE 0.054379 | RMSE 142.692626 |
Epoch 0060 [Test seq (cond on sampled tp)] | MAPE 0.069002 | RMSE 386.519272|
0.08438199758529663,0.06997746974229813,0.06758694350719452,0.05406344309449196
354.6951045440295,378.6419400304198,443.9207066019786,368.8193367015889
Experiment 09-01_10:14
Epoch 0061 [Train seq (cond on sampled tp)] | Loss 9027791.805556 | MAPE 0.235209 | RMSE 147.955134 | Likelihood -9027785.277778 | KL fp 6.5389 | FP STD 0.9131 | ->nfe   61.33 | <-nfe   24.00
Epoch 0061 [Val seq (cond on sampled tp)] |  MAPE 0.056152 | RMSE 141.061828 |
Epoch 0061 [Test seq (cond on sampled tp)] | MAPE 0.071379 | RMSE 384.692807|
0.08668489009141922,0.07115926593542099,0.07069671899080276,0.05697501823306084
351.5938486023326,377.092930356696,442.08474512812586,367.99970278520607
Experiment 09-01_10:14
Epoch 0062 [Train seq (cond on sampled tp)] | Loss 9012339.000000 | MAPE 0.258867 | RMSE 147.198065 | Likelihood -9012332.166667 | KL fp 7.0014 | FP STD 0.9050 | ->nfe   61.33 | <-nfe   24.00
Epoch 0062 [Val seq (cond on sampled tp)] |  MAPE 0.061687 | RMSE 137.989540 |
Epoch 0062 [Test seq (cond on sampled tp)] | MAPE 0.073997 | RMSE 378.948861|
0.08992291241884232,0.0748806968331337,0.07311362028121948,0.05806908383965492
345.2523420449165,370.96716920099544,436.661643180392,362.91428912347885
Experiment 09-01_10:14
Epoch 0063 [Train seq (cond on sampled tp)] | Loss 8999468.694444 | MAPE 0.278679 | RMSE 146.954346 | Likelihood -8999461.472222 | KL fp 7.1330 | FP STD 0.9211 | ->nfe   61.33 | <-nfe   24.00
Epoch 0063 [Val seq (cond on sampled tp)] |  MAPE 0.057241 | RMSE 140.702715 |
Epoch 0063 [Test seq (cond on sampled tp)] | MAPE 0.070673 | RMSE 383.160696|
0.08708418905735016,0.06989768147468567,0.06994881480932236,0.05575963854789734
349.86546521484513,375.5423161908655,440.12368645075213,367.1113165648806
Experiment 09-01_10:14
Epoch 0064 [Train seq (cond on sampled tp)] | Loss 9033186.805556 | MAPE 0.254296 | RMSE 147.609013 | Likelihood -9033180.138889 | KL fp 6.7905 | FP STD 0.9467 | ->nfe   61.33 | <-nfe   24.00
Epoch 0064 [Val seq (cond on sampled tp)] |  MAPE 0.057258 | RMSE 140.783792 |
Epoch 0064 [Test seq (cond on sampled tp)] | MAPE 0.069978 | RMSE 383.230245|
0.08601060509681702,0.07070562988519669,0.0687788650393486,0.05441651865839958
349.9379297639797,376.0508401466483,440.3573123044512,366.57489855417
Experiment 09-01_10:14
Epoch 0065 [Train seq (cond on sampled tp)] | Loss 9012848.027778 | MAPE 0.254156 | RMSE 146.925453 | Likelihood -9012840.833333 | KL fp 7.1717 | FP STD 0.9196 | ->nfe   61.33 | <-nfe   24.00
Epoch 0065 [Val seq (cond on sampled tp)] |  MAPE 0.060167 | RMSE 139.008409 |
Epoch 0065 [Test seq (cond on sampled tp)] | MAPE 0.073703 | RMSE 380.638570|
0.08852328360080719,0.07353179901838303,0.07465484738349915,0.05810375511646271
347.5534019219205,373.5686851169407,437.73827440035444,363.6939174979422
Experiment 09-01_10:14
Epoch 0066 [Train seq (cond on sampled tp)] | Loss 9025468.111111 | MAPE 0.262380 | RMSE 147.455242 | Likelihood -9025460.694444 | KL fp 7.2490 | FP STD 0.9334 | ->nfe   61.33 | <-nfe   24.00
Epoch 0066 [Val seq (cond on sampled tp)] |  MAPE 0.056294 | RMSE 141.454291 |
Epoch 0066 [Test seq (cond on sampled tp)] | MAPE 0.069827 | RMSE 385.213470|
0.08337566256523132,0.07221437990665436,0.06844465434551239,0.055272892117500305
353.0865908314843,378.89947545490213,441.5122096273216,367.3556051362222
Experiment 09-01_10:14
Epoch 0067 [Train seq (cond on sampled tp)] | Loss 9028036.777778 | MAPE 0.244069 | RMSE 147.477638 | Likelihood -9028029.416667 | KL fp 7.1545 | FP STD 0.9254 | ->nfe   61.33 | <-nfe   24.00
Epoch 0067 [Val seq (cond on sampled tp)] |  MAPE 0.056641 | RMSE 140.664057 |
Epoch 0067 [Test seq (cond on sampled tp)] | MAPE 0.070955 | RMSE 383.663168|
0.08597409725189209,0.07134761661291122,0.06908132135868073,0.05741824954748154
350.63566160260996,375.50463961847396,441.23473769638764,367.2776325547201
Experiment 09-01_10:14
Epoch 0068 [Train seq (cond on sampled tp)] | Loss 9034797.861111 | MAPE 0.253896 | RMSE 147.399524 | Likelihood -9034790.361111 | KL fp 7.3446 | FP STD 0.9194 | ->nfe   61.33 | <-nfe   24.00
Epoch 0068 [Val seq (cond on sampled tp)] |  MAPE 0.059108 | RMSE 139.607555 |
Epoch 0068 [Test seq (cond on sampled tp)] | MAPE 0.072540 | RMSE 381.371565|
0.08834216743707657,0.07243818789720535,0.07193588465452194,0.057442862540483475
347.56471969260633,373.3811725301639,439.0016372406827,365.53872913824057
Experiment 09-01_10:14
Epoch 0069 [Train seq (cond on sampled tp)] | Loss 9022326.722222 | MAPE 0.268219 | RMSE 147.247887 | Likelihood -9022319.027778 | KL fp 7.5096 | FP STD 0.9208 | ->nfe   61.33 | <-nfe   24.00
Epoch 0069 [Val seq (cond on sampled tp)] |  MAPE 0.058282 | RMSE 139.574339 |
Epoch 0069 [Test seq (cond on sampled tp)] | MAPE 0.073144 | RMSE 381.780562|
0.09065566956996918,0.07331020385026932,0.07107728719711304,0.05753191187977791
348.42898532197347,375.22553634447644,438.3221204205875,365.1456045196217
Experiment 09-01_10:14
Epoch 0070 [Train seq (cond on sampled tp)] | Loss 9041316.333333 | MAPE 0.264402 | RMSE 147.350114 | Likelihood -9041308.638889 | KL fp 7.5424 | FP STD 0.9781 | ->nfe   61.33 | <-nfe   24.00
Epoch 0070 [Val seq (cond on sampled tp)] |  MAPE 0.057150 | RMSE 140.632146 |
Epoch 0070 [Test seq (cond on sampled tp)] | MAPE 0.071124 | RMSE 382.983438|
0.08571010082960129,0.07158699631690979,0.07051946222782135,0.05668007209897041
350.190060003136,375.34446679017395,440.25397499625143,366.1452495253762
Experiment 09-01_10:14
Epoch 0071 [Train seq (cond on sampled tp)] | Loss 9030159.083333 | MAPE 0.259918 | RMSE 147.222369 | Likelihood -9030151.305556 | KL fp 7.6536 | FP STD 1.0229 | ->nfe   61.33 | <-nfe   24.00
Epoch 0071 [Val seq (cond on sampled tp)] |  MAPE 0.057045 | RMSE 140.124916 |
Epoch 0071 [Test seq (cond on sampled tp)] | MAPE 0.072556 | RMSE 383.401006|
0.08846476674079895,0.07216225564479828,0.0716860443353653,0.05790920928120613
351.59865925156765,375.4274646985753,439.700217477772,366.8776831247712
Experiment 09-01_10:14
Epoch 0072 [Train seq (cond on sampled tp)] | Loss 9044842.888889 | MAPE 0.256739 | RMSE 147.748325 | Likelihood -9044835.166667 | KL fp 7.6236 | FP STD 1.0901 | ->nfe   61.33 | <-nfe   24.00
Epoch 0072 [Val seq (cond on sampled tp)] |  MAPE 0.055185 | RMSE 141.791426 |
Epoch 0072 [Test seq (cond on sampled tp)] | MAPE 0.069838 | RMSE 384.734027|
0.08508718013763428,0.07108797132968903,0.06843625754117966,0.05474149435758591
351.5872824598467,376.00207778681227,442.3428746459018,369.0038744715291
Experiment 09-01_10:14
Epoch 0073 [Train seq (cond on sampled tp)] | Loss 9041162.777778 | MAPE 0.246211 | RMSE 147.710122 | Likelihood -9041154.916667 | KL fp 7.7373 | FP STD 1.0863 | ->nfe   61.33 | <-nfe   24.00
Epoch 0073 [Val seq (cond on sampled tp)] |  MAPE 0.058262 | RMSE 139.749224 |
Epoch 0073 [Test seq (cond on sampled tp)] | MAPE 0.072643 | RMSE 381.936719|
0.09026242047548294,0.07083912193775177,0.07077206671237946,0.05869874358177185
349.95239631627044,374.53331377195275,438.34122695680816,364.91993984982514
Experiment 09-01_10:14
Epoch 0074 [Train seq (cond on sampled tp)] | Loss 9002089.000000 | MAPE 0.262369 | RMSE 147.037416 | Likelihood -9002081.055556 | KL fp 7.9484 | FP STD 1.0612 | ->nfe   61.33 | <-nfe   24.00
Epoch 0074 [Val seq (cond on sampled tp)] |  MAPE 0.059477 | RMSE 139.792913 |
Epoch 0074 [Test seq (cond on sampled tp)] | MAPE 0.070802 | RMSE 382.344149|
0.08682437986135483,0.0678568184375763,0.07126662880182266,0.05726112797856331
349.75256878970885,374.744809003407,439.54895205198704,365.3302658212155
Experiment 09-01_10:14
Epoch 0075 [Train seq (cond on sampled tp)] | Loss 9025344.750000 | MAPE 0.255977 | RMSE 147.473942 | Likelihood -9025337.027778 | KL fp 7.6859 | FP STD 1.0502 | ->nfe   61.33 | <-nfe   24.00
Epoch 0075 [Val seq (cond on sampled tp)] |  MAPE 0.056047 | RMSE 141.558927 |
Epoch 0075 [Test seq (cond on sampled tp)] | MAPE 0.071202 | RMSE 385.056048|
0.0858142226934433,0.07311294227838516,0.07109688967466354,0.054783932864665985
352.9247773074313,377.7391006038427,442.04757945271007,367.51273362293176
Experiment 09-01_10:14
Epoch 0076 [Train seq (cond on sampled tp)] | Loss 9042840.250000 | MAPE 0.247735 | RMSE 147.634175 | Likelihood -9042832.638889 | KL fp 7.5258 | FP STD 0.9976 | ->nfe   61.33 | <-nfe   24.00
Epoch 0076 [Val seq (cond on sampled tp)] |  MAPE 0.058129 | RMSE 140.716338 |
Epoch 0076 [Test seq (cond on sampled tp)] | MAPE 0.071164 | RMSE 382.569959|
0.08642339706420898,0.07195641100406647,0.07050596922636032,0.05577120557427406
349.2127865821926,375.20939986892654,440.42949563465885,365.4281521380092
Experiment 09-01_10:14
Epoch 0077 [Train seq (cond on sampled tp)] | Loss 9040982.138889 | MAPE 0.262827 | RMSE 147.443986 | Likelihood -9040974.194444 | KL fp 7.8282 | FP STD 0.9656 | ->nfe   61.33 | <-nfe   24.00
Epoch 0077 [Val seq (cond on sampled tp)] |  MAPE 0.059123 | RMSE 140.417834 |
Epoch 0077 [Test seq (cond on sampled tp)] | MAPE 0.073301 | RMSE 381.966278|
0.08761792629957199,0.07362577319145203,0.07233705371618271,0.05962148681282997
348.2439316592609,375.23917372790385,438.4975056941601,365.88450192649594
Experiment 09-01_10:14
Epoch 0078 [Train seq (cond on sampled tp)] | Loss 9086108.500000 | MAPE 0.264674 | RMSE 147.730137 | Likelihood -9086100.555556 | KL fp 7.8041 | FP STD 0.9979 | ->nfe   61.33 | <-nfe   24.00
Epoch 0078 [Val seq (cond on sampled tp)] |  MAPE 0.058403 | RMSE 139.351077 |
Epoch 0078 [Test seq (cond on sampled tp)] | MAPE 0.072223 | RMSE 382.300413|
0.08769101649522781,0.07218417525291443,0.07141292095184326,0.057604119181632996
349.5522917783547,373.70863065361493,439.24560683631205,366.69512200191593
Experiment 09-01_10:14
Epoch 0079 [Train seq (cond on sampled tp)] | Loss 9019622.666667 | MAPE 0.266253 | RMSE 147.095195 | Likelihood -9019614.694444 | KL fp 7.9042 | FP STD 0.9508 | ->nfe   61.33 | <-nfe   24.00
Epoch 0079 [Val seq (cond on sampled tp)] |  MAPE 0.057974 | RMSE 139.621776 |
Epoch 0079 [Test seq (cond on sampled tp)] | MAPE 0.072039 | RMSE 381.773773|
0.08520977199077606,0.07468601316213608,0.07115212082862854,0.057108622044324875
348.5774999013849,374.6063558924221,438.29345905454716,365.6177777064458
Experiment 09-01_10:14
Epoch 0080 [Train seq (cond on sampled tp)] | Loss 9011487.000000 | MAPE 0.259336 | RMSE 147.172664 | Likelihood -9011479.083333 | KL fp 7.8588 | FP STD 0.9033 | ->nfe   61.33 | <-nfe   24.00
Epoch 0080 [Val seq (cond on sampled tp)] |  MAPE 0.056814 | RMSE 140.728497 |
Epoch 0080 [Test seq (cond on sampled tp)] | MAPE 0.070220 | RMSE 384.123156|
0.08457141369581223,0.07042177021503448,0.070018470287323,0.0558687187731266
351.0627503559727,377.22330505285595,440.65499897879295,367.5515695110007
Experiment 09-01_10:14
Epoch 0081 [Train seq (cond on sampled tp)] | Loss 9030159.472222 | MAPE 0.249126 | RMSE 147.367185 | Likelihood -9030151.500000 | KL fp 7.8092 | FP STD 0.8744 | ->nfe   61.33 | <-nfe   24.00
Epoch 0081 [Val seq (cond on sampled tp)] |  MAPE 0.056734 | RMSE 141.429166 |
Epoch 0081 [Test seq (cond on sampled tp)] | MAPE 0.071209 | RMSE 384.353175|
0.08554069697856903,0.07143060863018036,0.07045852392911911,0.05740787833929062
351.7620711326052,377.27201310857924,441.02768833146973,367.3509263973619
Experiment 09-01_10:14
Epoch 0082 [Train seq (cond on sampled tp)] | Loss 9001170.111111 | MAPE 0.255684 | RMSE 146.929959 | Likelihood -9001162.083333 | KL fp 7.9746 | FP STD 0.9239 | ->nfe   61.33 | <-nfe   24.00
Epoch 0082 [Val seq (cond on sampled tp)] |  MAPE 0.059154 | RMSE 139.339948 |
Epoch 0082 [Test seq (cond on sampled tp)] | MAPE 0.072920 | RMSE 381.092213|
0.08997764438390732,0.07042548060417175,0.07316198945045471,0.058116864413022995
348.5192448954577,373.28313232049476,438.3103388296927,364.25613412817086
Experiment 09-01_10:14
Epoch 0083 [Train seq (cond on sampled tp)] | Loss 9009655.861111 | MAPE 0.268603 | RMSE 147.226921 | Likelihood -9009647.638889 | KL fp 8.2373 | FP STD 0.9542 | ->nfe   61.33 | <-nfe   24.00
Epoch 0083 [Val seq (cond on sampled tp)] |  MAPE 0.058566 | RMSE 139.698336 |
Epoch 0083 [Test seq (cond on sampled tp)] | MAPE 0.071667 | RMSE 381.931640|
0.08949340879917145,0.07076284289360046,0.06876606494188309,0.057645734399557114
348.36237418814335,374.3679882481941,439.8202757945568,365.17592079024047
Experiment 09-01_10:14
Epoch 0084 [Train seq (cond on sampled tp)] | Loss 9017727.250000 | MAPE 0.259704 | RMSE 147.243872 | Likelihood -9017719.250000 | KL fp 8.1108 | FP STD 0.9419 | ->nfe   61.33 | <-nfe   24.00
Epoch 0084 [Val seq (cond on sampled tp)] |  MAPE 0.056889 | RMSE 140.955404 |
Epoch 0084 [Test seq (cond on sampled tp)] | MAPE 0.071547 | RMSE 384.121397|
0.08750013262033463,0.07008245587348938,0.07082587480545044,0.05777867138385773
352.0391712934798,375.94285636250623,441.45926340943396,367.0442965433464
Experiment 09-01_10:14
Epoch 0085 [Train seq (cond on sampled tp)] | Loss 9022144.333333 | MAPE 0.244511 | RMSE 146.853964 | Likelihood -9022136.250000 | KL fp 8.1351 | FP STD 0.9127 | ->nfe   61.33 | <-nfe   24.00
Epoch 0085 [Val seq (cond on sampled tp)] |  MAPE 0.057277 | RMSE 140.043220 |
Epoch 0085 [Test seq (cond on sampled tp)] | MAPE 0.071559 | RMSE 382.335849|
0.08532992005348206,0.07204829901456833,0.07166985422372818,0.057189468294382095
349.1569534249604,375.36944301581076,439.2465317165293,365.5704660185229
Experiment 09-01_10:14
Epoch 0086 [Train seq (cond on sampled tp)] | Loss 9049622.583333 | MAPE 0.261407 | RMSE 147.390282 | Likelihood -9049614.111111 | KL fp 8.5342 | FP STD 0.8750 | ->nfe   61.33 | <-nfe   24.00
Epoch 0086 [Val seq (cond on sampled tp)] |  MAPE 0.059816 | RMSE 139.509681 |
Epoch 0086 [Test seq (cond on sampled tp)] | MAPE 0.073576 | RMSE 380.875687|
0.08851320296525955,0.0739421471953392,0.0737476572394371,0.05810118094086647
346.63466899604833,374.1797069925091,438.1917566830759,364.4966134959281
Experiment 09-01_10:14
Epoch 0087 [Train seq (cond on sampled tp)] | Loss 9046824.777778 | MAPE 0.262680 | RMSE 147.497610 | Likelihood -9046816.527778 | KL fp 8.4695 | FP STD 0.9279 | ->nfe   61.33 | <-nfe   24.00
Epoch 0087 [Val seq (cond on sampled tp)] |  MAPE 0.055122 | RMSE 141.377003 |
Epoch 0087 [Test seq (cond on sampled tp)] | MAPE 0.069202 | RMSE 385.275420|
0.08257228881120682,0.06907359510660172,0.06942155957221985,0.05574171990156174
353.1687362295819,377.5844690264683,442.52468151505406,367.82379443151854
Experiment 09-01_10:14
Epoch 0088 [Train seq (cond on sampled tp)] | Loss 9043138.166667 | MAPE 0.245462 | RMSE 147.747799 | Likelihood -9043129.777778 | KL fp 8.4675 | FP STD 0.9826 | ->nfe   61.33 | <-nfe   24.00
Epoch 0088 [Val seq (cond on sampled tp)] |  MAPE 0.056976 | RMSE 140.374743 |
Epoch 0088 [Test seq (cond on sampled tp)] | MAPE 0.071526 | RMSE 383.370354|
0.08796393126249313,0.07107238471508026,0.07174096256494522,0.055325429886579514
351.98519588897483,375.83885343322345,440.2446940338975,365.4126733913316
Experiment 09-01_10:14
Epoch 0089 [Train seq (cond on sampled tp)] | Loss 9027103.055556 | MAPE 0.256394 | RMSE 147.035003 | Likelihood -9027094.333333 | KL fp 8.8142 | FP STD 1.0111 | ->nfe   61.33 | <-nfe   24.00
Epoch 0089 [Val seq (cond on sampled tp)] |  MAPE 0.061460 | RMSE 138.435377 |
Epoch 0089 [Test seq (cond on sampled tp)] | MAPE 0.074354 | RMSE 379.863811|
0.09080427885055542,0.07413526624441147,0.07256752997636795,0.05990864709019661
346.9225417870681,372.2514691038841,436.41046475766365,363.87077032924753
Experiment 09-01_10:14
Epoch 0090 [Train seq (cond on sampled tp)] | Loss 9023445.527778 | MAPE 0.268500 | RMSE 146.995075 | Likelihood -9023437.000000 | KL fp 8.6582 | FP STD 1.0611 | ->nfe   61.33 | <-nfe   24.00
Epoch 0090 [Val seq (cond on sampled tp)] |  MAPE 0.054278 | RMSE 142.799138 |
Epoch 0090 [Test seq (cond on sampled tp)] | MAPE 0.068993 | RMSE 387.142684|
0.08375317603349686,0.07042865455150604,0.06811192631721497,0.05367802456021309
354.8062631563879,379.49948534220704,444.5212839392508,369.7437034622767
Experiment 09-01_10:14
Epoch 0091 [Train seq (cond on sampled tp)] | Loss 9085989.416667 | MAPE 0.231545 | RMSE 148.348715 | Likelihood -9085981.305556 | KL fp 8.1321 | FP STD 1.0622 | ->nfe   61.33 | <-nfe   24.00
Epoch 0091 [Val seq (cond on sampled tp)] |  MAPE 0.055996 | RMSE 141.480026 |
Epoch 0091 [Test seq (cond on sampled tp)] | MAPE 0.070569 | RMSE 385.881939|
0.08487040549516678,0.0711684376001358,0.06999488919973373,0.05624408647418022
354.01742321176795,378.86803028891205,442.00814825634154,368.6341555322838
Experiment 09-01_10:14
Epoch 0092 [Train seq (cond on sampled tp)] | Loss 9047694.472222 | MAPE 0.257836 | RMSE 147.433583 | Likelihood -9047685.861111 | KL fp 8.6702 | FP STD 1.0125 | ->nfe   61.33 | <-nfe   24.00
Epoch 0092 [Val seq (cond on sampled tp)] |  MAPE 0.060987 | RMSE 138.196242 |
Epoch 0092 [Test seq (cond on sampled tp)] | MAPE 0.074354 | RMSE 378.735896|
0.09173306077718735,0.07195571064949036,0.07441835105419159,0.059309788048267365
345.3803383590328,370.9114196813034,436.10887760397634,362.5429500417847
Experiment 09-01_10:14
Epoch 0093 [Train seq (cond on sampled tp)] | Loss 8997370.861111 | MAPE 0.267303 | RMSE 146.710362 | Likelihood -8997361.972222 | KL fp 8.8306 | FP STD 0.9722 | ->nfe   61.33 | <-nfe   24.00
Epoch 0093 [Val seq (cond on sampled tp)] |  MAPE 0.055648 | RMSE 141.545287 |
Epoch 0093 [Test seq (cond on sampled tp)] | MAPE 0.069686 | RMSE 385.397377|
0.08473888039588928,0.06965469568967819,0.06902854144573212,0.05532320961356163
352.76504884625405,378.18290878885574,442.02831498672117,368.61323735047824
Experiment 09-01_10:14
Epoch 0094 [Train seq (cond on sampled tp)] | Loss 9001438.000000 | MAPE 0.236902 | RMSE 147.448170 | Likelihood -9001429.694444 | KL fp 8.4673 | FP STD 0.9239 | ->nfe   61.33 | <-nfe   24.00
Epoch 0094 [Val seq (cond on sampled tp)] |  MAPE 0.056458 | RMSE 141.052074 |
Epoch 0094 [Test seq (cond on sampled tp)] | MAPE 0.071745 | RMSE 383.766987|
0.08894632756710052,0.07095422595739365,0.07125087082386017,0.05582840368151665
351.5532609897112,375.56328527959175,440.5509689581899,367.40043294068124
Experiment 09-01_10:14
Epoch 0095 [Train seq (cond on sampled tp)] | Loss 9017339.861111 | MAPE 0.259931 | RMSE 147.147514 | Likelihood -9017331.027778 | KL fp 8.9404 | FP STD 0.9139 | ->nfe   61.33 | <-nfe   24.00
Epoch 0095 [Val seq (cond on sampled tp)] |  MAPE 0.060872 | RMSE 138.520425 |
Epoch 0095 [Test seq (cond on sampled tp)] | MAPE 0.074617 | RMSE 379.411749|
0.09164606034755707,0.0737837702035904,0.0721452534198761,0.0608917661011219
346.0553717434538,372.32875677954286,436.4202926938664,362.84257519618615
Experiment 09-01_10:14
Epoch 0096 [Train seq (cond on sampled tp)] | Loss 9007785.500000 | MAPE 0.270516 | RMSE 147.163559 | Likelihood -9007776.250000 | KL fp 9.1475 | FP STD 0.9308 | ->nfe   61.33 | <-nfe   24.00
Epoch 0096 [Val seq (cond on sampled tp)] |  MAPE 0.056507 | RMSE 140.819393 |
Epoch 0096 [Test seq (cond on sampled tp)] | MAPE 0.071242 | RMSE 383.633752|
0.08714614063501358,0.07007493078708649,0.07051336765289307,0.05723501369357109
350.22016512830896,375.29473833908196,441.2920305761254,367.72807548513344
Experiment 09-01_10:14
Epoch 0097 [Train seq (cond on sampled tp)] | Loss 9009449.083333 | MAPE 0.249441 | RMSE 147.282521 | Likelihood -9009440.361111 | KL fp 8.8112 | FP STD 0.9752 | ->nfe   61.33 | <-nfe   24.00
Epoch 0097 [Val seq (cond on sampled tp)] |  MAPE 0.057036 | RMSE 140.337039 |
Epoch 0097 [Test seq (cond on sampled tp)] | MAPE 0.072771 | RMSE 382.298032|
0.08919519931077957,0.0725860670208931,0.07188587635755539,0.05741838365793228
349.50753300179383,375.3733766198663,439.4376733394623,364.87354401902036
Experiment 09-01_10:14
Epoch 0098 [Train seq (cond on sampled tp)] | Loss 8986278.500000 | MAPE 0.255952 | RMSE 146.903638 | Likelihood -8986269.750000 | KL fp 8.9392 | FP STD 0.9736 | ->nfe   61.33 | <-nfe   24.00
Epoch 0098 [Val seq (cond on sampled tp)] |  MAPE 0.058248 | RMSE 139.931952 |
Epoch 0098 [Test seq (cond on sampled tp)] | MAPE 0.072772 | RMSE 382.053549|
0.09006858617067337,0.07275945693254471,0.07038430124521255,0.05787726119160652
349.84623854630763,374.35114698635556,438.64001470454104,365.3767960954828
Experiment 09-01_10:14
Epoch 0099 [Train seq (cond on sampled tp)] | Loss 9034813.305556 | MAPE 0.259979 | RMSE 147.680807 | Likelihood -9034804.305556 | KL fp 9.0085 | FP STD 0.9033 | ->nfe   61.33 | <-nfe   24.00
Epoch 0099 [Val seq (cond on sampled tp)] |  MAPE 0.055656 | RMSE 141.628958 |
Epoch 0099 [Test seq (cond on sampled tp)] | MAPE 0.069971 | RMSE 385.196585|
0.0841815173625946,0.07061728090047836,0.06982234865427017,0.05526387691497803
352.053828891975,377.99803653590584,442.92569565898975,367.8087775937382
Experiment 09-01_10:14
Epoch 0100 [Train seq (cond on sampled tp)] | Loss 9027552.638889 | MAPE 0.240237 | RMSE 147.185122 | Likelihood -9027543.833333 | KL fp 8.9746 | FP STD 0.8380 | ->nfe   61.33 | <-nfe   24.00
Epoch 0100 [Val seq (cond on sampled tp)] |  MAPE 0.057844 | RMSE 140.646866 |
Epoch 0100 [Test seq (cond on sampled tp)] | MAPE 0.071430 | RMSE 383.284695|
0.08579288423061371,0.07193959504365921,0.06984881311655045,0.05813974887132645
351.92979147125357,375.24429542632623,440.2077102062162,365.75698472483066
