/nvme/yuanjingyang/CG-ODE/lstm/run_data_social.py
lstm/run_data_social.py --pred_length 20 --condition_length 40
Namespace(dataset='social', datapath='data/', pred_length=20, condition_length=40, training_end_time=320, add_popularity=True, features_inc=True, split_interval=5, niters=50, lr=0.005, batch_size=8, random_seed=1991, dropout=0.2, l2=1e-05, optimizer='AdamW', clip=10, edge_lamda=0.5, alias='run', feature_out_index=[0, 1], output_dim=2, num_atoms=80)
run
Experiment 09-03_22:54
Epoch 0001 [Train seq (cond on sampled tp)] | Loss 18.051017 | MAPE 1.923679 | RMSE 0.639294 |MAE 0.649157 | Likelihood -18.051017 | KL fp 0.0000 | FP STD 0.0000 | ->nfe    0.00 | <-nfe    0.00
Epoch 0001 [Val seq (cond on sampled tp)] |  MAPE 0.051381 | RMSE 0.220035 | MAE 0.158578 |
Best Val!
Epoch 0001 [Test seq (cond on sampled tp)] | MAPE 0.180183 | RMSE 0.295425| MAE 0.228249|
0.08128955960273743,0.118415966629982,0.10560496896505356,0.11316728591918945,0.07737038284540176,0.07182347774505615,0.07308816909790039,0.08879377692937851,0.15707813203334808,0.341266006231308,0.2485179901123047,0.6857767701148987
0.3009931140188045,0.3041182727179432,0.3075811092473202,0.30179585831184774,0.2749592534135744,0.30332413110337403,0.29237348481756475,0.2795457598021279,0.2814055383600178,0.3188358205377393,0.3007715273189833,0.2793964128587571
0.08128955960273743,0.118415966629982,0.10560496896505356,0.11316728591918945,0.07737038284540176,0.07182347774505615,0.07308816909790039,0.08879377692937851,0.15707813203334808,0.341266006231308,0.2485179901123047,0.6857767701148987
0.3009931140188045,0.3041182727179432,0.3075811092473202,0.30179585831184774,0.2749592534135744,0.30332413110337403,0.29237348481756475,0.2795457598021279,0.2814055383600178,0.3188358205377393,0.3007715273189833,0.2793964128587571
Epoch 0001 [Test seq (cond on sampled tp)] | Best Test MAPE 0.180183|Best Test RMSE 0.295425|Best Test MAE 0.228249|
Experiment 09-03_22:54
Epoch 0002 [Train seq (cond on sampled tp)] | Loss 1.923154 | MAPE 0.343871 | RMSE 0.184813 |MAE 0.358400 | Likelihood -1.923154 | KL fp 0.0000 | FP STD 0.0000 | ->nfe    0.00 | <-nfe    0.00
Epoch 0002 [Val seq (cond on sampled tp)] |  MAPE 0.040116 | RMSE 0.202897 | MAE 0.125498 |
Best Val!
Epoch 0002 [Test seq (cond on sampled tp)] | MAPE 0.347019 | RMSE 0.313597| MAE 0.200236|
0.10157455503940582,0.18161854147911072,0.18604789674282074,0.144886776804924,0.12915237247943878,0.10145372152328491,0.09345945715904236,0.1086864247918129,0.23036889731884003,0.7436197400093079,0.3552332818508148,1.7881278991699219
0.3082988271328099,0.3102976080518297,0.2971476256759504,0.30789116662652233,0.2911101578138927,0.3028843907936484,0.31299106638319374,0.3131518122715764,0.32074983328683376,0.34122472559425754,0.33138979490112247,0.3260313976466304
Experiment 09-03_22:54
Epoch 0003 [Train seq (cond on sampled tp)] | Loss 1.891340 | MAPE 0.362748 | RMSE 0.199601 |MAE 0.377711 | Likelihood -1.891340 | KL fp 0.0000 | FP STD 0.0000 | ->nfe    0.00 | <-nfe    0.00
Epoch 0003 [Val seq (cond on sampled tp)] |  MAPE 0.046806 | RMSE 0.207640 | MAE 0.128435 |
Epoch 0003 [Test seq (cond on sampled tp)] | MAPE 0.360581 | RMSE 0.350486| MAE 0.260823|
0.11178677529096603,0.1798398494720459,0.19622591137886047,0.16566719114780426,0.1757906973361969,0.1343218982219696,0.11028236150741577,0.12446748465299606,0.30147138237953186,0.7012189626693726,0.3756551444530487,1.7502497434616089
0.3287068838775072,0.32998956248365213,0.33819489202702585,0.33611404969482606,0.3312054968575015,0.33178060832612355,0.3460782704217612,0.3525925910022542,0.38247769175407054,0.3792373744130386,0.3697409617445829,0.37971457553603566
Experiment 09-03_22:54
Epoch 0004 [Train seq (cond on sampled tp)] | Loss 1.715980 | MAPE 0.387328 | RMSE 0.202423 |MAE 0.372851 | Likelihood -1.715980 | KL fp 0.0000 | FP STD 0.0000 | ->nfe    0.00 | <-nfe    0.00
Epoch 0004 [Val seq (cond on sampled tp)] |  MAPE 0.038990 | RMSE 0.207160 | MAE 0.156867 |
Best Val!
Epoch 0004 [Test seq (cond on sampled tp)] | MAPE 0.269771 | RMSE 0.342346| MAE 0.289038|
0.09427294135093689,0.1568939983844757,0.15936338901519775,0.12275072187185287,0.12660320103168488,0.09172742813825607,0.08352094143629074,0.09527873247861862,0.22473028302192688,0.5054196715354919,0.299512654542923,1.2771838903427124
0.3341721012719192,0.33414470995657436,0.3296371878069432,0.33173344664466003,0.3339184813162557,0.3310627894127524,0.3489986498398064,0.3461073435746632,0.3523946344718119,0.3568121498668808,0.3547043808940507,0.3544646113155005
Experiment 09-03_22:54
Epoch 0005 [Train seq (cond on sampled tp)] | Loss 1.587759 | MAPE 0.294439 | RMSE 0.199128 |MAE 0.374607 | Likelihood -1.587759 | KL fp 0.0000 | FP STD 0.0000 | ->nfe    0.00 | <-nfe    0.00
Epoch 0005 [Val seq (cond on sampled tp)] |  MAPE 0.034445 | RMSE 0.190103 | MAE 0.118594 |
Best Val!
Epoch 0005 [Test seq (cond on sampled tp)] | MAPE 0.254256 | RMSE 0.269608| MAE 0.168072|
0.08428101986646652,0.14398740231990814,0.15280364453792572,0.1178133487701416,0.10549233108758926,0.07218686491250992,0.06448749452829361,0.07881616801023483,0.20633414387702942,0.4380370080471039,0.27431002259254456,1.3125170469284058
0.2811484020893631,0.2747008294830394,0.27907214426802296,0.27448560929141674,0.2647985476063243,0.2577584383375972,0.2551892218278269,0.2569820438116222,0.26884856357275866,0.27203049378615896,0.27448256916975,0.27579575357311253
Experiment 09-03_22:54
Epoch 0006 [Train seq (cond on sampled tp)] | Loss 1.122771 | MAPE 0.196648 | RMSE 0.165714 |MAE 0.326048 | Likelihood -1.122771 | KL fp 0.0000 | FP STD 0.0000 | ->nfe    0.00 | <-nfe    0.00
Epoch 0006 [Val seq (cond on sampled tp)] |  MAPE 0.039855 | RMSE 0.196711 | MAE 0.116515 |
Epoch 0006 [Test seq (cond on sampled tp)] | MAPE 0.343706 | RMSE 0.330454| MAE 0.238997|
0.10729789733886719,0.1785058081150055,0.19166310131549835,0.1531619131565094,0.15898430347442627,0.11759992688894272,0.10063296556472778,0.11703260242938995,0.2719508111476898,0.648443877696991,0.3642413318157196,1.7149628400802612
0.31601032163038867,0.3093438267656187,0.31729321902507535,0.3176004573200462,0.3169350855289086,0.3164227328304624,0.3275583801760144,0.3337274310342727,0.34461579961329275,0.353974776549356,0.35363571487730755,0.3583343822811358
Experiment 09-03_22:54
Epoch 0007 [Train seq (cond on sampled tp)] | Loss 1.354715 | MAPE 0.335361 | RMSE 0.186150 |MAE 0.350999 | Likelihood -1.354715 | KL fp 0.0000 | FP STD 0.0000 | ->nfe    0.00 | <-nfe    0.00
Epoch 0007 [Val seq (cond on sampled tp)] |  MAPE 0.037402 | RMSE 0.182108 | MAE 0.121831 |
Epoch 0007 [Test seq (cond on sampled tp)] | MAPE 0.225822 | RMSE 0.265535| MAE 0.211529|
0.07976279407739639,0.13231025636196136,0.13910482823848724,0.10646010935306549,0.09715515375137329,0.06500548124313354,0.06793557852506638,0.07679199427366257,0.16696877777576447,0.410195916891098,0.23958654701709747,1.1285902261734009
0.27746121511401156,0.2745847205304043,0.2755537564462356,0.2706270058581788,0.26143321788015916,0.2555700223883359,0.2521807655040329,0.2575623425689416,0.2629549948120189,0.2662846984326612,0.26750364450396313,0.2647023585944376
Experiment 09-03_22:54
Epoch 0008 [Train seq (cond on sampled tp)] | Loss 1.102283 | MAPE 0.201798 | RMSE 0.165142 |MAE 0.317633 | Likelihood -1.102283 | KL fp 0.0000 | FP STD 0.0000 | ->nfe    0.00 | <-nfe    0.00
Epoch 0008 [Val seq (cond on sampled tp)] |  MAPE 0.041437 | RMSE 0.203947 | MAE 0.142574 |
Epoch 0008 [Test seq (cond on sampled tp)] | MAPE 0.328747 | RMSE 0.352124| MAE 0.285157|
0.10764782875776291,0.17208710312843323,0.18245427310466766,0.15045002102851868,0.15407836437225342,0.11711155623197556,0.09738729149103165,0.11587653309106827,0.2600996196269989,0.6124831438064575,0.35533079504966736,1.6199558973312378
0.3365478847698739,0.33173135790086905,0.33678928220681076,0.3401026014006709,0.33948866610927747,0.34184465346865167,0.3486348961519437,0.3608119267258087,0.36672416835791777,0.37239599116751076,0.37454685011590666,0.3758722135721538
Experiment 09-03_22:54
Epoch 0009 [Train seq (cond on sampled tp)] | Loss 1.406578 | MAPE 0.306166 | RMSE 0.190264 |MAE 0.364602 | Likelihood -1.406578 | KL fp 0.0000 | FP STD 0.0000 | ->nfe    0.00 | <-nfe    0.00
Epoch 0009 [Val seq (cond on sampled tp)] |  MAPE 0.032862 | RMSE 0.184860 | MAE 0.113316 |
Best Val!
Epoch 0009 [Test seq (cond on sampled tp)] | MAPE 0.261821 | RMSE 0.266846| MAE 0.165852|
0.08035460859537125,0.13857673108577728,0.15031825006008148,0.11547429859638214,0.11133336275815964,0.07565798610448837,0.06895013153553009,0.08135739713907242,0.2001071721315384,0.4891531467437744,0.2696875035762787,1.3608874082565308
0.27243208646985656,0.2696576305923902,0.2709066982426193,0.26962774733115064,0.2600181900593849,0.25620588469491945,0.25478144709152406,0.25984470339730353,0.2679783410671988,0.27250649129502924,0.2722348194400032,0.27595536514374325
Experiment 09-03_22:54
Epoch 0010 [Train seq (cond on sampled tp)] | Loss 1.084388 | MAPE 0.186968 | RMSE 0.164232 |MAE 0.327362 | Likelihood -1.084388 | KL fp 0.0000 | FP STD 0.0000 | ->nfe    0.00 | <-nfe    0.00
Epoch 0010 [Val seq (cond on sampled tp)] |  MAPE 0.034636 | RMSE 0.184041 | MAE 0.109495 |
Epoch 0010 [Test seq (cond on sampled tp)] | MAPE 0.307471 | RMSE 0.294969| MAE 0.199774|
0.09195630997419357,0.1586083322763443,0.17133820056915283,0.13383828103542328,0.13891799747943878,0.09921221435070038,0.08185075968503952,0.09978974610567093,0.24167774617671967,0.5795734524726868,0.33138829469680786,1.561498999595642
0.2851887906463531,0.28205928663134633,0.28643993260788336,0.28541493113656047,0.28146051105068093,0.2818650302688636,0.2903091380578579,0.2954521590708346,0.30747127402659846,0.3115974625318569,0.3153776710539267,0.3169909361452046
Experiment 09-03_22:54
Epoch 0011 [Train seq (cond on sampled tp)] | Loss 1.208589 | MAPE 0.272122 | RMSE 0.175043 |MAE 0.334321 | Likelihood -1.208589 | KL fp 0.0000 | FP STD 0.0000 | ->nfe    0.00 | <-nfe    0.00
Epoch 0011 [Val seq (cond on sampled tp)] |  MAPE 0.032886 | RMSE 0.180670 | MAE 0.123708 |
Epoch 0011 [Test seq (cond on sampled tp)] | MAPE 0.261497 | RMSE 0.283704| MAE 0.226904|
0.08628280460834503,0.1432580202817917,0.15065912902355194,0.11770880222320557,0.11464481800794601,0.0806833803653717,0.07502786070108414,0.08709946274757385,0.19776244461536407,0.4846007525920868,0.2778826653957367,1.3223586082458496
0.2814176907244451,0.278648317034814,0.28120166310212646,0.2785407682307801,0.2745128874480761,0.27373879046112215,0.2766937240881133,0.28322953725839445,0.2913494116038582,0.29293895569934686,0.2967513604948421,0.29542786095899537
Experiment 09-03_22:54
Epoch 0012 [Train seq (cond on sampled tp)] | Loss 1.153274 | MAPE 0.223854 | RMSE 0.170628 |MAE 0.332465 | Likelihood -1.153274 | KL fp 0.0000 | FP STD 0.0000 | ->nfe    0.00 | <-nfe    0.00
Epoch 0012 [Val seq (cond on sampled tp)] |  MAPE 0.032116 | RMSE 0.177966 | MAE 0.111015 |
Best Val!
Epoch 0012 [Test seq (cond on sampled tp)] | MAPE 0.275701 | RMSE 0.277425| MAE 0.199403|
0.0859837532043457,0.1455288976430893,0.1587955355644226,0.12289919704198837,0.12331373989582062,0.08650330454111099,0.07513482123613358,0.0905638039112091,0.21595895290374756,0.5275198221206665,0.3002939820289612,1.3759204149246216
0.2725916039853482,0.2687254068300044,0.2733973064854317,0.2726769906711145,0.2676320265337968,0.26501277886025104,0.26978170119969985,0.2759179416823089,0.28458273709310583,0.29160562654232325,0.29362075732199927,0.29354976261599086
Experiment 09-03_22:54
Epoch 0013 [Train seq (cond on sampled tp)] | Loss 1.137083 | MAPE 0.227717 | RMSE 0.169109 |MAE 0.336221 | Likelihood -1.137083 | KL fp 0.0000 | FP STD 0.0000 | ->nfe    0.00 | <-nfe    0.00
Epoch 0013 [Val seq (cond on sampled tp)] |  MAPE 0.032819 | RMSE 0.179290 | MAE 0.108715 |
Epoch 0013 [Test seq (cond on sampled tp)] | MAPE 0.284941 | RMSE 0.280188| MAE 0.192070|
0.08623209595680237,0.15020203590393066,0.16259491443634033,0.1252497285604477,0.12873946130275726,0.08868249505758286,0.07560338079929352,0.09193143993616104,0.22386708855628967,0.5254957675933838,0.30765318870544434,1.4530370235443115
0.274636812860644,0.27181087044485946,0.274411116614769,0.2741428406028761,0.2693428957056239,0.26837955659943413,0.27293288125702414,0.27768521041407024,0.2884384326361791,0.2940282356171749,0.2977673771189082,0.2986738392582951
