/nvme/yuanjingyang/CG-ODE/run_models_covid.py
run_models_covid.py --heavyBall
Namespace(save='experiments/', load=None, dataset='Dec', datapath='data/', pred_length=14, condition_length=21, features='Confirmed,Deaths,Recovered,Mortality_Rate,Testing_Rate,Population,Mobility', split_interval=3, feature_out='Deaths', niters=100, lr=0.005, batch_size=8, random_seed=1991, dropout=0.2, l2=1e-05, optimizer='AdamW', clip=10, edge_lamda=0.5, z0_encoder='GTrans', rec_dims=64, ode_dims=20, rec_layers=1, gen_layers=1, heavyBall=True, actv_h=None, gamma_guess=-3.0, gamma_act='sigmoid', corr=-100, corrf=True, sign=1, augment_dim=0, solver='rk4', alias='run', output_dim=1, feature_out_index=[1], num_atoms=50)
run
Experiment 06-19_23:18
Epoch 0001 [Train seq (cond on sampled tp)] | Loss 4396677.157227 | MAPE 0.063322 | RMSE 286.429224 | Likelihood -4396675.626224 | KL fp 1.5310 | FP STD 0.4182|
Epoch 0001 [Val seq (cond on sampled tp)] |  MAPE 0.057999 | RMSE 305.697844 |
Best Val!
Epoch 0001 [Test seq (cond on sampled tp)] | MAPE 0.121441 | RMSE 906.001356|
0.13448721170425415,0.1257597953081131,0.10407550632953644
851.1130580011095,937.0233454935901,929.867665315877
0.13448721170425415,0.1257597953081131,0.10407550632953644
851.1130580011095,937.0233454935901,929.867665315877
Epoch 0001 [Test seq (cond on sampled tp)] | Best Test MAPE 0.121441|Best Test RMSE 906.001356|
Experiment 06-19_23:18
Epoch 0002 [Train seq (cond on sampled tp)] | Loss 4195974.519740 | MAPE 0.095505 | RMSE 276.045403 | Likelihood -4195971.472461 | KL fp 3.0473 | FP STD 0.6321|
Epoch 0002 [Val seq (cond on sampled tp)] |  MAPE 0.066580 | RMSE 280.668329 |
Epoch 0002 [Test seq (cond on sampled tp)] | MAPE 0.109782 | RMSE 865.586074|
0.11900198459625244,0.112327441573143,0.09801709651947021
807.7558418235054,895.4679991490483,893.5343795848037
0.11900198459625244,0.112327441573143,0.09801709651947021
807.7558418235054,895.4679991490483,893.5343795848037
Epoch 0002 [Test seq (cond on sampled tp)] | Best Test MAPE 0.109782|Best Test RMSE 865.586074|
Experiment 06-19_23:18
Epoch 0003 [Train seq (cond on sampled tp)] | Loss 3836003.283762 | MAPE 0.237661 | RMSE 256.343453 | Likelihood -3835997.335778 | KL fp 5.9480 | FP STD 0.8022|
Epoch 0003 [Val seq (cond on sampled tp)] |  MAPE 0.103435 | RMSE 238.911153 |
Epoch 0003 [Test seq (cond on sampled tp)] | MAPE 0.136039 | RMSE 785.627255|
0.14479632675647736,0.13865163922309875,0.1246696338057518
723.9605479582434,816.2503828483023,816.6708333227041
Experiment 06-19_23:18
Epoch 0004 [Train seq (cond on sampled tp)] | Loss 3542065.837667 | MAPE 0.478324 | RMSE 238.907715 | Likelihood -3542057.890173 | KL fp 7.9475 | FP STD 0.7362|
Epoch 0004 [Val seq (cond on sampled tp)] |  MAPE 0.114609 | RMSE 204.486991 |
Epoch 0004 [Test seq (cond on sampled tp)] | MAPE 0.130272 | RMSE 711.576050|
0.13955964148044586,0.1273181140422821,0.12393856048583984
644.3006140381988,742.5265988501692,747.9009376247633
Experiment 06-19_23:18
Epoch 0005 [Train seq (cond on sampled tp)] | Loss 3138080.638817 | MAPE 0.348270 | RMSE 212.366985 | Likelihood -3138075.577852 | KL fp 5.0610 | FP STD 0.4983|
Epoch 0005 [Val seq (cond on sampled tp)] |  MAPE 0.031666 | RMSE 175.696632 |
Best Val!
Epoch 0005 [Test seq (cond on sampled tp)] | MAPE 0.063923 | RMSE 653.257069|
0.06800659000873566,0.06724479794502258,0.056517962366342545
587.4077321162873,688.5365367938001,683.8269380844835
0.06800659000873566,0.06724479794502258,0.056517962366342545
587.4077321162873,688.5365367938001,683.8269380844835
Epoch 0005 [Test seq (cond on sampled tp)] | Best Test MAPE 0.063923|Best Test RMSE 653.257069|
Experiment 06-19_23:18
Epoch 0006 [Train seq (cond on sampled tp)] | Loss 2834008.676505 | MAPE 0.048147 | RMSE 190.323993 | Likelihood -2834004.506292 | KL fp 4.1702 | FP STD 0.5184|
Epoch 0006 [Val seq (cond on sampled tp)] |  MAPE 0.032129 | RMSE 149.434468 |
Epoch 0006 [Test seq (cond on sampled tp)] | MAPE 0.071291 | RMSE 574.740698|
0.07821063697338104,0.074140764772892,0.06152269244194031
500.26472679472414,614.0733873080643,609.8839797453282
Experiment 06-19_23:18
Epoch 0007 [Train seq (cond on sampled tp)] | Loss 2509098.395216 | MAPE 0.039328 | RMSE 162.755465 | Likelihood -2509094.880167 | KL fp 3.5150 | FP STD 0.4531|
Epoch 0007 [Val seq (cond on sampled tp)] |  MAPE 0.026938 | RMSE 125.084510 |
Best Val!
Epoch 0007 [Test seq (cond on sampled tp)] | MAPE 0.053183 | RMSE 498.422998|
0.060572873800992966,0.05172381177544594,0.04725092276930809
422.97955402714206,537.0262737985918,535.26316541492
0.060572873800992966,0.05172381177544594,0.04725092276930809
422.97955402714206,537.0262737985918,535.26316541492
Epoch 0007 [Test seq (cond on sampled tp)] | Best Test MAPE 0.053183|Best Test RMSE 498.422998|
Experiment 06-19_23:18
Epoch 0008 [Train seq (cond on sampled tp)] | Loss 2281875.008413 | MAPE 0.037520 | RMSE 139.626755 | Likelihood -2281871.701635 | KL fp 3.3068 | FP STD 0.3997|
Epoch 0008 [Val seq (cond on sampled tp)] |  MAPE 0.042273 | RMSE 106.348617 |
Epoch 0008 [Test seq (cond on sampled tp)] | MAPE 0.050840 | RMSE 393.205709|
0.04869871214032173,0.05106567218899727,0.05275543034076691
325.27535210571983,416.4706997496943,437.8710747754412
0.04869871214032173,0.05106567218899727,0.05275543034076691
325.27535210571983,416.4706997496943,437.8710747754412
Epoch 0008 [Test seq (cond on sampled tp)] | Best Test MAPE 0.050840|Best Test RMSE 393.205709|
