/nvme/yuanjingyang/CG-ODE/run_models_covid.py
run_models_covid.py --heavyBall --gamma_guess 3.0 --corr 1
Namespace(save='experiments/', load=None, dataset='Dec', datapath='data/', pred_length=14, condition_length=21, features='Confirmed,Deaths,Recovered,Mortality_Rate,Testing_Rate,Population,Mobility', split_interval=3, feature_out='Deaths', niters=100, lr=0.005, batch_size=8, random_seed=1991, dropout=0.2, l2=1e-05, optimizer='AdamW', clip=10, edge_lamda=0.5, z0_encoder='GTrans', rec_dims=64, ode_dims=20, rec_layers=1, gen_layers=1, CVPR=False, graf_layer=1, heavyBall=True, actv_h=None, gamma_guess=3.0, gamma_act='sigmoid', corr=1, corrf=True, sign=1, augment_dim=0, solver='rk4', alias='run', output_dim=1, feature_out_index=[1], num_atoms=50)
run
Experiment 07-08_03:09
Epoch 0001 [Train seq (cond on sampled tp)] | Loss 4398734.557215 | MAPE 0.063363 | RMSE 286.493354 | Likelihood -4398733.035085 | KL fp 1.5221 | FP STD 0.4245|
Epoch 0001 [Val seq (cond on sampled tp)] |  MAPE 0.058042 | RMSE 305.918673 |
Best Val!
Epoch 0001 [Test seq (cond on sampled tp)] | MAPE 0.121982 | RMSE 906.501523|
0.13519132137298584,0.12625613808631897,0.10449869185686111
851.7077330281791,937.4858332262946,930.3110031059506
0.13519132137298584,0.12625613808631897,0.10449869185686111
851.7077330281791,937.4858332262946,930.3110031059506
Epoch 0001 [Test seq (cond on sampled tp)] | Best Test MAPE 0.121982|Best Test RMSE 906.501523|
Experiment 07-08_03:09
Epoch 0002 [Train seq (cond on sampled tp)] | Loss 4203587.487614 | MAPE 0.094937 | RMSE 276.290831 | Likelihood -4203584.409538 | KL fp 3.0781 | FP STD 0.6605|
Epoch 0002 [Val seq (cond on sampled tp)] |  MAPE 0.066966 | RMSE 281.345637 |
Epoch 0002 [Test seq (cond on sampled tp)] | MAPE 0.110577 | RMSE 867.168317|
0.11964757740497589,0.1133045181632042,0.09877906739711761
809.632709937043,896.8374643713319,895.0347758606924
0.11964757740497589,0.1133045181632042,0.09877906739711761
809.632709937043,896.8374643713319,895.0347758606924
Epoch 0002 [Test seq (cond on sampled tp)] | Best Test MAPE 0.110577|Best Test RMSE 867.168317|
Experiment 07-08_03:09
Epoch 0003 [Train seq (cond on sampled tp)] | Loss 3848560.623253 | MAPE 0.234985 | RMSE 256.775764 | Likelihood -3848554.670461 | KL fp 5.9528 | FP STD 0.8546|
Epoch 0003 [Val seq (cond on sampled tp)] |  MAPE 0.102094 | RMSE 240.063973 |
Epoch 0003 [Test seq (cond on sampled tp)] | MAPE 0.134007 | RMSE 789.083746|
0.14211644232273102,0.1368672102689743,0.12303794920444489
727.9567294832846,819.3902839917007,819.9042245896773
Experiment 07-08_03:09
Epoch 0004 [Train seq (cond on sampled tp)] | Loss 3561814.125222 | MAPE 0.491116 | RMSE 240.039560 | Likelihood -3561805.926270 | KL fp 8.1990 | FP STD 0.8105|
Epoch 0004 [Val seq (cond on sampled tp)] |  MAPE 0.119076 | RMSE 206.631683 |
Epoch 0004 [Test seq (cond on sampled tp)] | MAPE 0.133728 | RMSE 716.576645|
0.14141841232776642,0.13175028562545776,0.12801557779312134
651.1228762683738,746.5589394013041,752.0481201359391
Experiment 07-08_03:09
Epoch 0005 [Train seq (cond on sampled tp)] | Loss 3174655.657284 | MAPE 0.348780 | RMSE 214.413128 | Likelihood -3174650.365053 | KL fp 5.2922 | FP STD 0.5259|
Epoch 0005 [Val seq (cond on sampled tp)] |  MAPE 0.029512 | RMSE 177.431583 |
Best Val!
Epoch 0005 [Test seq (cond on sampled tp)] | MAPE 0.063549 | RMSE 661.017436|
0.06943295150995255,0.06526003032922745,0.055952537804841995
596.8527090078422,695.9329843813986,690.2666151567813
0.06943295150995255,0.06526003032922745,0.055952537804841995
596.8527090078422,695.9329843813986,690.2666151567813
Epoch 0005 [Test seq (cond on sampled tp)] | Best Test MAPE 0.063549|Best Test RMSE 661.017436|
Experiment 07-08_03:09
Epoch 0006 [Train seq (cond on sampled tp)] | Loss 2853146.183585 | MAPE 0.042629 | RMSE 191.222209 | Likelihood -2853141.985070 | KL fp 4.1985 | FP STD 0.5142|
Epoch 0006 [Val seq (cond on sampled tp)] |  MAPE 0.034248 | RMSE 152.637937 |
Epoch 0006 [Test seq (cond on sampled tp)] | MAPE 0.060471 | RMSE 579.418246|
0.06709711253643036,0.061124589294195175,0.05319209024310112
508.77214325275315,616.9695596218666,612.5130355755704
0.06709711253643036,0.061124589294195175,0.05319209024310112
508.77214325275315,616.9695596218666,612.5130355755704
Epoch 0006 [Test seq (cond on sampled tp)] | Best Test MAPE 0.060471|Best Test RMSE 579.418246|
Experiment 07-08_03:09
Epoch 0007 [Train seq (cond on sampled tp)] | Loss 2522851.886135 | MAPE 0.050640 | RMSE 163.150161 | Likelihood -2522848.124160 | KL fp 3.7620 | FP STD 0.4642|
Epoch 0007 [Val seq (cond on sampled tp)] |  MAPE 0.029856 | RMSE 122.719629 |
Epoch 0007 [Test seq (cond on sampled tp)] | MAPE 0.050691 | RMSE 478.839326|
0.05726153403520584,0.05129866302013397,0.043513864278793335
407.6467143863667,512.5784086361813,516.292855364085
0.05726153403520584,0.05129866302013397,0.043513864278793335
407.6467143863667,512.5784086361813,516.292855364085
Epoch 0007 [Test seq (cond on sampled tp)] | Best Test MAPE 0.050691|Best Test RMSE 478.839326|
Experiment 07-08_03:09
Epoch 0008 [Train seq (cond on sampled tp)] | Loss 2260036.832482 | MAPE 0.036199 | RMSE 136.859540 | Likelihood -2260033.377712 | KL fp 3.4548 | FP STD 0.4061|
Epoch 0008 [Val seq (cond on sampled tp)] |  MAPE 0.030744 | RMSE 99.188829 |
Epoch 0008 [Test seq (cond on sampled tp)] | MAPE 0.049894 | RMSE 395.518428|
0.05471755936741829,0.050400588661432266,0.04456242546439171
332.3284919511115,421.72106450828375,432.5057261181637
0.05471755936741829,0.050400588661432266,0.04456242546439171
332.3284919511115,421.72106450828375,432.5057261181637
Epoch 0008 [Test seq (cond on sampled tp)] | Best Test MAPE 0.049894|Best Test RMSE 395.518428|
Experiment 07-08_03:09
Epoch 0009 [Train seq (cond on sampled tp)] | Loss 2154154.114918 | MAPE 0.057521 | RMSE 124.785120 | Likelihood -2154150.477117 | KL fp 3.6378 | FP STD 0.2953|
Epoch 0009 [Val seq (cond on sampled tp)] |  MAPE 0.028272 | RMSE 86.330720 |
Best Val!
Epoch 0009 [Test seq (cond on sampled tp)] | MAPE 0.050051 | RMSE 366.666412|
0.05100194364786148,0.053599584847688675,0.04555264487862587
302.3355570595361,392.2334883395348,405.43019204913685
Experiment 07-08_03:09
Epoch 0010 [Train seq (cond on sampled tp)] | Loss 2081735.107798 | MAPE 0.039779 | RMSE 115.949406 | Likelihood -2081731.494670 | KL fp 3.6131 | FP STD 0.2237|
Epoch 0010 [Val seq (cond on sampled tp)] |  MAPE 0.028009 | RMSE 97.764680 |
Best Val!
Epoch 0010 [Test seq (cond on sampled tp)] | MAPE 0.058635 | RMSE 347.413178|
0.06320282071828842,0.05886086821556091,0.053840845823287964
292.4992921999983,377.2750157378567,372.4652248868342
Experiment 07-08_03:09
Epoch 0011 [Train seq (cond on sampled tp)] | Loss 2048800.771198 | MAPE 0.047370 | RMSE 110.989924 | Likelihood -2048797.270571 | KL fp 3.5006 | FP STD 0.1958|
Epoch 0011 [Val seq (cond on sampled tp)] |  MAPE 0.025168 | RMSE 73.871411 |
Best Val!
Epoch 0011 [Test seq (cond on sampled tp)] | MAPE 0.057365 | RMSE 316.317534|
0.05704469606280327,0.06064137443900108,0.05440899729728699
254.78051215703292,329.6822926129033,364.4897975252531
Experiment 07-08_03:09
Epoch 0012 [Train seq (cond on sampled tp)] | Loss 2000983.101953 | MAPE 0.036709 | RMSE 103.909639 | Likelihood -2000979.791339 | KL fp 3.3106 | FP STD 0.2143|
Epoch 0012 [Val seq (cond on sampled tp)] |  MAPE 0.024393 | RMSE 81.258563 |
Best Val!
Epoch 0012 [Test seq (cond on sampled tp)] | MAPE 0.049541 | RMSE 317.316130|
0.051153577864170074,0.05543380603194237,0.0420360267162323
260.5230166175342,348.5720872359116,342.85328494853303
0.051153577864170074,0.05543380603194237,0.0420360267162323
260.5230166175342,348.5720872359116,342.85328494853303
Epoch 0012 [Test seq (cond on sampled tp)] | Best Test MAPE 0.049541|Best Test RMSE 317.316130|
Experiment 07-08_03:09
Epoch 0013 [Train seq (cond on sampled tp)] | Loss 1997021.016124 | MAPE 0.053181 | RMSE 103.432986 | Likelihood -1997017.639892 | KL fp 3.3762 | FP STD 0.1894|
Epoch 0013 [Val seq (cond on sampled tp)] |  MAPE 0.024404 | RMSE 88.937379 |
Epoch 0013 [Test seq (cond on sampled tp)] | MAPE 0.052375 | RMSE 309.409837|
0.053278449922800064,0.05397794023156166,0.049867525696754456
256.9321408465667,329.6627775090782,341.63459326084063
Experiment 07-08_03:09
Epoch 0014 [Train seq (cond on sampled tp)] | Loss 1983085.534573 | MAPE 0.036912 | RMSE 102.618695 | Likelihood -1983082.212447 | KL fp 3.3221 | FP STD 0.1731|
Epoch 0014 [Val seq (cond on sampled tp)] |  MAPE 0.033872 | RMSE 90.805456 |
Epoch 0014 [Test seq (cond on sampled tp)] | MAPE 0.059999 | RMSE 291.891792|
0.05655398219823837,0.062269262969493866,0.06117492914199829
226.54611147622904,315.8619283998944,333.2673359144277
Experiment 07-08_03:09
Epoch 0015 [Train seq (cond on sampled tp)] | Loss 1958897.815614 | MAPE 0.039249 | RMSE 98.787599 | Likelihood -1958894.559588 | KL fp 3.2560 | FP STD 0.1838|
Epoch 0015 [Val seq (cond on sampled tp)] |  MAPE 0.038788 | RMSE 84.746690 |
Epoch 0015 [Test seq (cond on sampled tp)] | MAPE 0.062070 | RMSE 293.101325|
0.06315764039754868,0.062292665243148804,0.06075859069824219
227.28290637716248,313.5688595627761,338.45220997579554
Experiment 07-08_03:09
Epoch 0016 [Train seq (cond on sampled tp)] | Loss 1968066.525276 | MAPE 0.058094 | RMSE 99.647866 | Likelihood -1968063.266572 | KL fp 3.2587 | FP STD 0.1906|
Epoch 0016 [Val seq (cond on sampled tp)] |  MAPE 0.038817 | RMSE 90.597878 |
Epoch 0016 [Test seq (cond on sampled tp)] | MAPE 0.062619 | RMSE 283.615139|
0.06372981518507004,0.058861203491687775,0.06526607275009155
218.36678934192352,304.4352096505922,328.0434184296341
Experiment 07-08_03:09
Epoch 0017 [Train seq (cond on sampled tp)] | Loss 1978881.766782 | MAPE 0.058117 | RMSE 100.630221 | Likelihood -1978878.584945 | KL fp 3.1818 | FP STD 0.1778|
Epoch 0017 [Val seq (cond on sampled tp)] |  MAPE 0.030850 | RMSE 91.764602 |
Epoch 0017 [Test seq (cond on sampled tp)] | MAPE 0.058324 | RMSE 306.767670|
0.06423947960138321,0.06094345822930336,0.04979036748409271
262.20420834723456,340.03872711428033,318.060074415982
Experiment 07-08_03:09
Epoch 0018 [Train seq (cond on sampled tp)] | Loss 1954182.338635 | MAPE 0.040446 | RMSE 96.671154 | Likelihood -1954179.623305 | KL fp 2.7153 | FP STD 0.2509|
Epoch 0018 [Val seq (cond on sampled tp)] |  MAPE 0.031837 | RMSE 89.496937 |
Epoch 0018 [Test seq (cond on sampled tp)] | MAPE 0.070307 | RMSE 300.334497|
0.06936658918857574,0.06852702051401138,0.07302701473236084
232.51278526674614,323.42791652468713,345.06278867040993
Experiment 07-08_03:09
Epoch 0019 [Train seq (cond on sampled tp)] | Loss 1946145.682512 | MAPE 0.046739 | RMSE 96.140208 | Likelihood -1946142.598012 | KL fp 3.0845 | FP STD 0.1988|
Epoch 0019 [Val seq (cond on sampled tp)] |  MAPE 0.026316 | RMSE 78.448636 |
Epoch 0019 [Test seq (cond on sampled tp)] | MAPE 0.068676 | RMSE 301.231224|
0.06736758351325989,0.06946970522403717,0.06919041275978088
244.90440577651927,319.92345275862476,338.8658127673844
Experiment 07-08_03:09
Epoch 0020 [Train seq (cond on sampled tp)] | Loss 1945441.230498 | MAPE 0.048866 | RMSE 95.740492 | Likelihood -1945438.196215 | KL fp 3.0343 | FP STD 0.1798|
Epoch 0020 [Val seq (cond on sampled tp)] |  MAPE 0.027777 | RMSE 87.756062 |
Epoch 0020 [Test seq (cond on sampled tp)] | MAPE 0.068282 | RMSE 287.432142|
0.06531330198049545,0.06893651932477951,0.07059755176305771
231.21063009461741,307.05989847259445,324.0258959558634
Experiment 07-08_03:09
Epoch 0021 [Train seq (cond on sampled tp)] | Loss 1947591.425282 | MAPE 0.065605 | RMSE 96.349648 | Likelihood -1947588.320496 | KL fp 3.1048 | FP STD 0.1728|
Epoch 0021 [Val seq (cond on sampled tp)] |  MAPE 0.034217 | RMSE 82.509851 |
Epoch 0021 [Test seq (cond on sampled tp)] | MAPE 0.072818 | RMSE 318.155267|
0.075479656457901,0.07411731779575348,0.0688558965921402
258.6371432625252,337.7203794376348,358.1082784054287
Experiment 07-08_03:09
Epoch 0022 [Train seq (cond on sampled tp)] | Loss 1958339.663672 | MAPE 0.078124 | RMSE 98.175167 | Likelihood -1958336.703345 | KL fp 2.9603 | FP STD 0.1766|
Epoch 0022 [Val seq (cond on sampled tp)] |  MAPE 0.033374 | RMSE 88.744693 |
Epoch 0022 [Test seq (cond on sampled tp)] | MAPE 0.062495 | RMSE 242.599628|
0.07229356467723846,0.061650075018405914,0.0535421259701252
199.90715618443977,254.59491415285578,273.2968138078086
Experiment 07-08_03:09
Epoch 0023 [Train seq (cond on sampled tp)] | Loss 1921873.470540 | MAPE 0.046880 | RMSE 91.563882 | Likelihood -1921870.609790 | KL fp 2.8608 | FP STD 0.1947|
Epoch 0023 [Val seq (cond on sampled tp)] |  MAPE 0.027078 | RMSE 85.752070 |
Epoch 0023 [Test seq (cond on sampled tp)] | MAPE 0.047914 | RMSE 270.184624|
0.03936203569173813,0.04898819699883461,0.05539090186357498
217.499802442439,295.1639904358253,297.89008039879405
0.03936203569173813,0.04898819699883461,0.05539090186357498
217.499802442439,295.1639904358253,297.89008039879405
Epoch 0023 [Test seq (cond on sampled tp)] | Best Test MAPE 0.047914|Best Test RMSE 270.184624|
Experiment 07-08_03:09
Epoch 0024 [Train seq (cond on sampled tp)] | Loss 1930108.429564 | MAPE 0.070779 | RMSE 94.180514 | Likelihood -1930105.096166 | KL fp 3.3334 | FP STD 0.1459|
Epoch 0024 [Val seq (cond on sampled tp)] |  MAPE 0.023866 | RMSE 77.985923 |
Best Val!
Epoch 0024 [Test seq (cond on sampled tp)] | MAPE 0.046937 | RMSE 288.229631|
0.04701476916670799,0.04623691365122795,0.047559309750795364
229.92966825477308,307.80660527350614,326.95261984728
0.04701476916670799,0.04623691365122795,0.047559309750795364
229.92966825477308,307.80660527350614,326.95261984728
Epoch 0024 [Test seq (cond on sampled tp)] | Best Test MAPE 0.046937|Best Test RMSE 288.229631|
Experiment 07-08_03:09
Epoch 0025 [Train seq (cond on sampled tp)] | Loss 1917758.631393 | MAPE 0.059716 | RMSE 90.675925 | Likelihood -1917755.569557 | KL fp 3.0618 | FP STD 0.1648|
Epoch 0025 [Val seq (cond on sampled tp)] |  MAPE 0.027858 | RMSE 86.145240 |
Epoch 0025 [Test seq (cond on sampled tp)] | MAPE 0.066575 | RMSE 282.695858|
0.06107260659337044,0.06721579283475876,0.0714375227689743
227.944697583098,302.01108475104024,318.1317902025826
Experiment 07-08_03:09
Epoch 0026 [Train seq (cond on sampled tp)] | Loss 1952639.261227 | MAPE 0.068301 | RMSE 96.003896 | Likelihood -1952636.490184 | KL fp 2.7710 | FP STD 0.1985|
Epoch 0026 [Val seq (cond on sampled tp)] |  MAPE 0.034555 | RMSE 92.701191 |
Epoch 0026 [Test seq (cond on sampled tp)] | MAPE 0.071548 | RMSE 272.330675|
0.07703547924757004,0.07070893794298172,0.06689814478158951
208.76510050173616,297.2825097865665,310.944415752237
Experiment 07-08_03:09
Epoch 0027 [Train seq (cond on sampled tp)] | Loss 1929087.568478 | MAPE 0.068128 | RMSE 93.307917 | Likelihood -1929084.722492 | KL fp 2.8460 | FP STD 0.2337|
Epoch 0027 [Val seq (cond on sampled tp)] |  MAPE 0.037463 | RMSE 94.428291 |
Epoch 0027 [Test seq (cond on sampled tp)] | MAPE 0.068195 | RMSE 297.193868|
0.07884112000465393,0.06512915343046188,0.06061604246497154
260.09197591909674,294.69972800717005,336.7899011253158
Experiment 07-08_03:09
Epoch 0028 [Train seq (cond on sampled tp)] | Loss 1938782.190235 | MAPE 0.044911 | RMSE 95.334441 | Likelihood -1938779.306637 | KL fp 2.8836 | FP STD 0.1944|
Epoch 0028 [Val seq (cond on sampled tp)] |  MAPE 0.028880 | RMSE 86.405651 |
Epoch 0028 [Test seq (cond on sampled tp)] | MAPE 0.059600 | RMSE 293.274183|
0.055938396602869034,0.05978890135884285,0.06307388097047806
237.72933006888317,295.71643670499617,346.3767818431253
Experiment 07-08_03:09
Epoch 0029 [Train seq (cond on sampled tp)] | Loss 1908510.814833 | MAPE 0.047051 | RMSE 88.569275 | Likelihood -1908508.268484 | KL fp 2.5463 | FP STD 0.2181|
Epoch 0029 [Val seq (cond on sampled tp)] |  MAPE 0.033829 | RMSE 85.127289 |
Epoch 0029 [Test seq (cond on sampled tp)] | MAPE 0.045301 | RMSE 257.740085|
0.0461067296564579,0.04824223741889,0.04155340418219566
205.76756076335258,272.87917999546977,294.57351321444366
0.0461067296564579,0.04824223741889,0.04155340418219566
205.76756076335258,272.87917999546977,294.57351321444366
Epoch 0029 [Test seq (cond on sampled tp)] | Best Test MAPE 0.045301|Best Test RMSE 257.740085|
Experiment 07-08_03:09
Epoch 0030 [Train seq (cond on sampled tp)] | Loss 1940636.759954 | MAPE 0.119934 | RMSE 95.700477 | Likelihood -1940633.560379 | KL fp 3.1996 | FP STD 0.1837|
Epoch 0030 [Val seq (cond on sampled tp)] |  MAPE 0.025476 | RMSE 85.200442 |
Epoch 0030 [Test seq (cond on sampled tp)] | MAPE 0.047439 | RMSE 268.922817|
0.053001947700977325,0.047521255910396576,0.04179367795586586
214.80278018452182,292.0816318899564,299.8840400888317
Experiment 07-08_03:09
Epoch 0031 [Train seq (cond on sampled tp)] | Loss 1926930.794445 | MAPE 0.053545 | RMSE 92.507084 | Likelihood -1926927.747762 | KL fp 3.0467 | FP STD 0.1490|
Epoch 0031 [Val seq (cond on sampled tp)] |  MAPE 0.026786 | RMSE 87.165068 |
Epoch 0031 [Test seq (cond on sampled tp)] | MAPE 0.041223 | RMSE 255.750281|
0.04677227884531021,0.03661292791366577,0.04028329625725746
204.39525893474143,267.7160634422223,295.13951944377084
0.04677227884531021,0.03661292791366577,0.04028329625725746
204.39525893474143,267.7160634422223,295.13951944377084
Epoch 0031 [Test seq (cond on sampled tp)] | Best Test MAPE 0.041223|Best Test RMSE 255.750281|
Experiment 07-08_03:09
Epoch 0032 [Train seq (cond on sampled tp)] | Loss 1900169.655006 | MAPE 0.049979 | RMSE 88.508712 | Likelihood -1900166.551810 | KL fp 3.1032 | FP STD 0.1604|
Epoch 0032 [Val seq (cond on sampled tp)] |  MAPE 0.049951 | RMSE 87.532834 |
Epoch 0032 [Test seq (cond on sampled tp)] | MAPE 0.066732 | RMSE 265.175247|
0.06936316937208176,0.0635519027709961,0.06728149950504303
210.80381875098942,277.7916963526808,306.9302267006298
Experiment 07-08_03:09
Epoch 0033 [Train seq (cond on sampled tp)] | Loss 1932097.844622 | MAPE 0.151827 | RMSE 93.565996 | Likelihood -1932094.848239 | KL fp 2.9964 | FP STD 0.1819|
Epoch 0033 [Val seq (cond on sampled tp)] |  MAPE 0.027557 | RMSE 104.101762 |
Epoch 0033 [Test seq (cond on sampled tp)] | MAPE 0.055203 | RMSE 290.873111|
0.06262742727994919,0.05225236713886261,0.0507279708981514
264.9929244338422,301.4552205552261,306.1711888388586
Experiment 07-08_03:09
Epoch 0034 [Train seq (cond on sampled tp)] | Loss 1920564.564928 | MAPE 0.054038 | RMSE 92.166641 | Likelihood -1920561.549877 | KL fp 3.0151 | FP STD 0.1677|
Epoch 0034 [Val seq (cond on sampled tp)] |  MAPE 0.043729 | RMSE 92.606785 |
Epoch 0034 [Test seq (cond on sampled tp)] | MAPE 0.078201 | RMSE 273.440243|
0.06767480820417404,0.07938215136528015,0.08754730224609375
237.24423728512355,274.7375452136093,308.3389470209691
Experiment 07-08_03:09
Epoch 0035 [Train seq (cond on sampled tp)] | Loss 1917139.828061 | MAPE 0.049557 | RMSE 90.022739 | Likelihood -1917136.840569 | KL fp 2.9875 | FP STD 0.1389|
Epoch 0035 [Val seq (cond on sampled tp)] |  MAPE 0.038812 | RMSE 91.708656 |
Epoch 0035 [Test seq (cond on sampled tp)] | MAPE 0.074830 | RMSE 284.039490|
0.0673677995800972,0.07311416417360306,0.08400673419237137
242.53525033745095,270.1064171072209,339.47680333124384
Experiment 07-08_03:09
Epoch 0036 [Train seq (cond on sampled tp)] | Loss 1897645.293416 | MAPE 0.081922 | RMSE 88.643925 | Likelihood -1897641.956657 | KL fp 3.3368 | FP STD 0.1407|
Epoch 0036 [Val seq (cond on sampled tp)] |  MAPE 0.028615 | RMSE 75.869475 |
Epoch 0036 [Test seq (cond on sampled tp)] | MAPE 0.064296 | RMSE 249.647139|
0.06038642302155495,0.06421826034784317,0.0682847648859024
213.3783226894194,250.80820922071112,284.75488362800735
Experiment 07-08_03:09
Epoch 0037 [Train seq (cond on sampled tp)] | Loss 1901711.711653 | MAPE 0.066726 | RMSE 89.644877 | Likelihood -1901708.533140 | KL fp 3.1785 | FP STD 0.1418|
Epoch 0037 [Val seq (cond on sampled tp)] |  MAPE 0.033637 | RMSE 82.923787 |
Epoch 0037 [Test seq (cond on sampled tp)] | MAPE 0.068922 | RMSE 260.679672|
0.0651811957359314,0.07293405383825302,0.06865052133798599
210.27129982774633,266.67423654620256,305.09347952717707
Experiment 07-08_03:09
Epoch 0038 [Train seq (cond on sampled tp)] | Loss 1904101.849123 | MAPE 0.051831 | RMSE 89.865421 | Likelihood -1904099.259358 | KL fp 2.5898 | FP STD 0.2099|
Epoch 0038 [Val seq (cond on sampled tp)] |  MAPE 0.032002 | RMSE 82.409340 |
Epoch 0038 [Test seq (cond on sampled tp)] | MAPE 0.065552 | RMSE 266.892109|
0.06079309433698654,0.06322091817855835,0.07264220714569092
234.60929955459991,270.67324916308223,295.39377849744903
Experiment 07-08_03:09
Epoch 0039 [Train seq (cond on sampled tp)] | Loss 1918072.659951 | MAPE 0.077843 | RMSE 90.789173 | Likelihood -1918070.021642 | KL fp 2.6383 | FP STD 0.2091|
Epoch 0039 [Val seq (cond on sampled tp)] |  MAPE 0.028392 | RMSE 93.593567 |
Epoch 0039 [Test seq (cond on sampled tp)] | MAPE 0.056526 | RMSE 294.226233|
0.04702386260032654,0.05971221625804901,0.06284341216087341
253.62873487885793,316.7793864624086,312.27057828508276
Experiment 07-08_03:09
Epoch 0040 [Train seq (cond on sampled tp)] | Loss 1970219.393651 | MAPE 0.093222 | RMSE 99.401731 | Likelihood -1970216.669196 | KL fp 2.7245 | FP STD 0.1897|
Epoch 0040 [Val seq (cond on sampled tp)] |  MAPE 0.026789 | RMSE 96.176301 |
Epoch 0040 [Test seq (cond on sampled tp)] | MAPE 0.059425 | RMSE 272.797017|
0.04708025977015495,0.059550583362579346,0.07164444029331207
207.10703565729003,309.44140701431667,301.8426095459354
Experiment 07-08_03:09
Epoch 0041 [Train seq (cond on sampled tp)] | Loss 1906303.306530 | MAPE 0.062086 | RMSE 89.500717 | Likelihood -1906300.291779 | KL fp 3.0148 | FP STD 0.1447|
Epoch 0041 [Val seq (cond on sampled tp)] |  MAPE 0.036816 | RMSE 88.326794 |
Epoch 0041 [Test seq (cond on sampled tp)] | MAPE 0.058006 | RMSE 259.963269|
0.057760417461395264,0.05385376885533333,0.062404878437519073
194.8947632698221,272.5382713950465,312.4567720101454
Experiment 07-08_03:09
Epoch 0042 [Train seq (cond on sampled tp)] | Loss 1893697.723648 | MAPE 0.083997 | RMSE 86.605882 | Likelihood -1893694.648800 | KL fp 3.0748 | FP STD 0.1501|
Epoch 0042 [Val seq (cond on sampled tp)] |  MAPE 0.029702 | RMSE 93.235164 |
Epoch 0042 [Test seq (cond on sampled tp)] | MAPE 0.068661 | RMSE 298.793247|
0.05713231489062309,0.0729694664478302,0.0758804902434349
250.3934092083895,325.3945081551009,320.59182333225533
Experiment 07-08_03:09
Epoch 0043 [Train seq (cond on sampled tp)] | Loss 1916464.452112 | MAPE 0.082456 | RMSE 90.538095 | Likelihood -1916461.598764 | KL fp 2.8533 | FP STD 0.1800|
Epoch 0043 [Val seq (cond on sampled tp)] |  MAPE 0.033130 | RMSE 92.447816 |
Epoch 0043 [Test seq (cond on sampled tp)] | MAPE 0.065932 | RMSE 267.608879|
0.06592749804258347,0.06328809261322021,0.0685790553689003
221.23696112709106,290.24041758514613,291.34925883722445
Experiment 07-08_03:09
Epoch 0044 [Train seq (cond on sampled tp)] | Loss 1887788.835940 | MAPE 0.048584 | RMSE 86.306766 | Likelihood -1887786.022413 | KL fp 2.8135 | FP STD 0.1780|
Epoch 0044 [Val seq (cond on sampled tp)] |  MAPE 0.029039 | RMSE 85.476142 |
Epoch 0044 [Test seq (cond on sampled tp)] | MAPE 0.045796 | RMSE 238.819906|
0.04630656912922859,0.04730543866753578,0.043776366859674454
193.61152309457202,246.17949498282752,276.66870136049
Experiment 07-08_03:09
Epoch 0045 [Train seq (cond on sampled tp)] | Loss 1917927.953097 | MAPE 0.062371 | RMSE 90.866116 | Likelihood -1917925.524797 | KL fp 2.4283 | FP STD 0.2297|
Epoch 0045 [Val seq (cond on sampled tp)] |  MAPE 0.031571 | RMSE 100.068629 |
Epoch 0045 [Test seq (cond on sampled tp)] | MAPE 0.053196 | RMSE 264.937794|
0.05843706056475639,0.056678980588912964,0.04447150230407715
238.69821918847657,256.71969149249145,299.39547163826643
Experiment 07-08_03:09
Epoch 0046 [Train seq (cond on sampled tp)] | Loss 1899573.410948 | MAPE 0.098794 | RMSE 87.661315 | Likelihood -1899570.975373 | KL fp 2.4356 | FP STD 0.2810|
Epoch 0046 [Val seq (cond on sampled tp)] |  MAPE 0.027615 | RMSE 113.347924 |
Epoch 0046 [Test seq (cond on sampled tp)] | MAPE 0.046715 | RMSE 307.137933|
0.04795685037970543,0.04874219745397568,0.04344625771045685
294.38090493016017,316.8658775807203,310.16701650078784
Experiment 07-08_03:09
Epoch 0047 [Train seq (cond on sampled tp)] | Loss 1920052.174772 | MAPE 0.098483 | RMSE 92.347325 | Likelihood -1920049.525243 | KL fp 2.6495 | FP STD 0.2010|
Epoch 0047 [Val seq (cond on sampled tp)] |  MAPE 0.028223 | RMSE 86.265742 |
Epoch 0047 [Test seq (cond on sampled tp)] | MAPE 0.044233 | RMSE 259.084664|
0.046201229095458984,0.044014185667037964,0.0424850732088089
235.60357992823452,264.8339249652506,276.81648648066465
Experiment 07-08_03:09
Epoch 0048 [Train seq (cond on sampled tp)] | Loss 1904223.191777 | MAPE 0.077590 | RMSE 90.310856 | Likelihood -1904220.470778 | KL fp 2.7210 | FP STD 0.2034|
Epoch 0048 [Val seq (cond on sampled tp)] |  MAPE 0.026460 | RMSE 87.282629 |
Epoch 0048 [Test seq (cond on sampled tp)] | MAPE 0.049491 | RMSE 244.463258|
0.05013104900717735,0.050569675862789154,0.04777267202734947
200.69921719142306,229.29517514276222,303.39538198941
Experiment 07-08_03:09
Epoch 0049 [Train seq (cond on sampled tp)] | Loss 1868525.903702 | MAPE 0.063373 | RMSE 83.514008 | Likelihood -1868523.198989 | KL fp 2.7047 | FP STD 0.1990|
Epoch 0049 [Val seq (cond on sampled tp)] |  MAPE 0.030640 | RMSE 93.892028 |
Epoch 0049 [Test seq (cond on sampled tp)] | MAPE 0.054540 | RMSE 301.181909|
0.04523848369717598,0.05096576735377312,0.06741692125797272
264.28092297780404,307.18207650349655,332.08272689195985
Experiment 07-08_03:09
Epoch 0050 [Train seq (cond on sampled tp)] | Loss 1891393.253084 | MAPE 0.090201 | RMSE 86.647683 | Likelihood -1891390.390010 | KL fp 2.8631 | FP STD 0.1573|
Epoch 0050 [Val seq (cond on sampled tp)] |  MAPE 0.026854 | RMSE 91.170005 |
Epoch 0050 [Test seq (cond on sampled tp)] | MAPE 0.047820 | RMSE 252.055767|
0.05413275212049484,0.045936521142721176,0.04339133948087692
213.7045730237189,240.82091861744485,301.64180951917126
Experiment 07-08_03:09
Epoch 0051 [Train seq (cond on sampled tp)] | Loss 1886980.651879 | MAPE 0.071333 | RMSE 85.950695 | Likelihood -1886977.695082 | KL fp 2.9568 | FP STD 0.1638|
Epoch 0051 [Val seq (cond on sampled tp)] |  MAPE 0.028608 | RMSE 87.611400 |
Epoch 0051 [Test seq (cond on sampled tp)] | MAPE 0.062063 | RMSE 287.855301|
0.04660223424434662,0.07107039541006088,0.06851742416620255
251.9976980921651,306.95691371102885,304.61129175147136
Experiment 07-08_03:09
Epoch 0052 [Train seq (cond on sampled tp)] | Loss 1905150.137587 | MAPE 0.063058 | RMSE 89.020665 | Likelihood -1905147.370337 | KL fp 2.7672 | FP STD 0.1787|
Epoch 0052 [Val seq (cond on sampled tp)] |  MAPE 0.034424 | RMSE 103.480047 |
Epoch 0052 [Test seq (cond on sampled tp)] | MAPE 0.048931 | RMSE 256.881744|
0.04592064768075943,0.04446906968951225,0.05640449374914169
237.71507531338858,251.46146262896826,281.4686927528531
Experiment 07-08_03:09
Epoch 0053 [Train seq (cond on sampled tp)] | Loss 1887942.718259 | MAPE 0.101224 | RMSE 86.186191 | Likelihood -1887939.994229 | KL fp 2.7240 | FP STD 0.1866|
Epoch 0053 [Val seq (cond on sampled tp)] |  MAPE 0.023864 | RMSE 83.075100 |
Best Val!
Epoch 0053 [Test seq (cond on sampled tp)] | MAPE 0.048797 | RMSE 273.662032|
0.05240090563893318,0.047302160412073135,0.04668702930212021
214.89823172841605,296.28232945958825,309.8055337627138
Experiment 07-08_03:09
Epoch 0054 [Train seq (cond on sampled tp)] | Loss 1871606.142848 | MAPE 0.052393 | RMSE 83.960130 | Likelihood -1871603.139858 | KL fp 3.0030 | FP STD 0.1548|
Epoch 0054 [Val seq (cond on sampled tp)] |  MAPE 0.026651 | RMSE 83.611584 |
Epoch 0054 [Test seq (cond on sampled tp)] | MAPE 0.052894 | RMSE 265.371302|
0.055733632296323776,0.05076875910162926,0.05217944458127022
223.86328312443288,270.8029582325496,301.4476659596156
Experiment 07-08_03:09
Epoch 0055 [Train seq (cond on sampled tp)] | Loss 1862709.228907 | MAPE 0.066385 | RMSE 82.499377 | Likelihood -1862706.630851 | KL fp 2.5981 | FP STD 0.2165|
Epoch 0055 [Val seq (cond on sampled tp)] |  MAPE 0.030414 | RMSE 84.651737 |
Epoch 0055 [Test seq (cond on sampled tp)] | MAPE 0.055991 | RMSE 263.632738|
0.05893586203455925,0.05124196037650108,0.05779594928026199
210.27495021399957,262.56261158055236,318.0606516452483
Experiment 07-08_03:09
Epoch 0056 [Train seq (cond on sampled tp)] | Loss 1869168.455116 | MAPE 0.076662 | RMSE 82.437112 | Likelihood -1869165.875413 | KL fp 2.5797 | FP STD 0.1980|
Epoch 0056 [Val seq (cond on sampled tp)] |  MAPE 0.028225 | RMSE 78.942275 |
Epoch 0056 [Test seq (cond on sampled tp)] | MAPE 0.047718 | RMSE 278.917801|
0.04098998010158539,0.043636925518512726,0.058527182787656784
225.361662458924,287.42073635613,323.9710032356291
Experiment 07-08_03:09
Epoch 0057 [Train seq (cond on sampled tp)] | Loss 1888890.961743 | MAPE 0.084653 | RMSE 86.027441 | Likelihood -1888888.238066 | KL fp 2.7237 | FP STD 0.1572|
Epoch 0057 [Val seq (cond on sampled tp)] |  MAPE 0.028468 | RMSE 87.053554 |
Epoch 0057 [Test seq (cond on sampled tp)] | MAPE 0.060468 | RMSE 294.068586|
0.06447169929742813,0.06108449399471283,0.05584722384810448
220.57030129303448,288.4702784733637,373.1651779038339
Experiment 07-08_03:09
Epoch 0058 [Train seq (cond on sampled tp)] | Loss 1863361.463630 | MAPE 0.053166 | RMSE 80.537609 | Likelihood -1863358.517446 | KL fp 2.9462 | FP STD 0.1559|
Epoch 0058 [Val seq (cond on sampled tp)] |  MAPE 0.034546 | RMSE 86.194935 |
Epoch 0058 [Test seq (cond on sampled tp)] | MAPE 0.063308 | RMSE 293.258393|
0.04594021663069725,0.06569774448871613,0.07828578352928162
229.67793347424563,284.6706979125179,365.4265487071239
Experiment 07-08_03:09
Epoch 0059 [Train seq (cond on sampled tp)] | Loss 1877798.440157 | MAPE 0.093736 | RMSE 85.793322 | Likelihood -1877795.629736 | KL fp 2.8104 | FP STD 0.1649|
Epoch 0059 [Val seq (cond on sampled tp)] |  MAPE 0.028507 | RMSE 114.024895 |
Epoch 0059 [Test seq (cond on sampled tp)] | MAPE 0.075821 | RMSE 330.049300|
0.06682607531547546,0.07554510980844498,0.08509122580289841
284.19809057680175,325.01787210475055,380.9319369979367
Experiment 07-08_03:09
Epoch 0060 [Train seq (cond on sampled tp)] | Loss 1876095.776216 | MAPE 0.051981 | RMSE 85.153499 | Likelihood -1876093.308789 | KL fp 2.4674 | FP STD 0.2325|
Epoch 0060 [Val seq (cond on sampled tp)] |  MAPE 0.038464 | RMSE 88.421272 |
Epoch 0060 [Test seq (cond on sampled tp)] | MAPE 0.081137 | RMSE 327.972409|
0.07862960547208786,0.08075864613056183,0.08402340114116669
267.4379747016119,348.0131328340929,368.4661195415394
Experiment 07-08_03:09
Epoch 0061 [Train seq (cond on sampled tp)] | Loss 1951640.902941 | MAPE 0.061277 | RMSE 98.460927 | Likelihood -1951638.114898 | KL fp 2.7880 | FP STD 0.1597|
Epoch 0061 [Val seq (cond on sampled tp)] |  MAPE 0.030852 | RMSE 86.638589 |
Epoch 0061 [Test seq (cond on sampled tp)] | MAPE 0.054517 | RMSE 300.825730|
0.056640252470970154,0.05050339549779892,0.056406840682029724
235.1402839264255,303.3015594049922,364.03534769991774
Experiment 07-08_03:09
Epoch 0062 [Train seq (cond on sampled tp)] | Loss 1888848.822800 | MAPE 0.078195 | RMSE 85.309659 | Likelihood -1888846.442235 | KL fp 2.3806 | FP STD 0.2315|
Epoch 0062 [Val seq (cond on sampled tp)] |  MAPE 0.047607 | RMSE 101.242621 |
Epoch 0062 [Test seq (cond on sampled tp)] | MAPE 0.060210 | RMSE 312.197223|
0.05384590104222298,0.06548313051462173,0.06129951402544975
247.39375086842836,341.0779671680655,348.1199505917465
Experiment 07-08_03:09
Epoch 0063 [Train seq (cond on sampled tp)] | Loss 1915069.041824 | MAPE 0.162040 | RMSE 89.079591 | Likelihood -1915066.155370 | KL fp 2.8865 | FP STD 0.1624|
Epoch 0063 [Val seq (cond on sampled tp)] |  MAPE 0.028603 | RMSE 106.087297 |
Epoch 0063 [Test seq (cond on sampled tp)] | MAPE 0.051489 | RMSE 332.994210|
0.053405389189720154,0.05608518049120903,0.04497791826725006
282.0706222517687,317.8480253006144,399.06398296513805
Experiment 07-08_03:09
Epoch 0064 [Train seq (cond on sampled tp)] | Loss 1881564.797257 | MAPE 0.081769 | RMSE 86.012194 | Likelihood -1881562.248621 | KL fp 2.5486 | FP STD 0.2114|
Epoch 0064 [Val seq (cond on sampled tp)] |  MAPE 0.025540 | RMSE 93.190937 |
Epoch 0064 [Test seq (cond on sampled tp)] | MAPE 0.051477 | RMSE 281.316544|
0.05357682704925537,0.05664075165987015,0.04421230033040047
238.3913372744488,262.5325128674542,343.0257825586876
Experiment 07-08_03:09
Epoch 0065 [Train seq (cond on sampled tp)] | Loss 1862874.135565 | MAPE 0.063825 | RMSE 82.487698 | Likelihood -1862871.060593 | KL fp 3.0750 | FP STD 0.1353|
Epoch 0065 [Val seq (cond on sampled tp)] |  MAPE 0.030359 | RMSE 88.446728 |
Epoch 0065 [Test seq (cond on sampled tp)] | MAPE 0.050506 | RMSE 284.828301|
0.05384882166981697,0.047895848751068115,0.04977189004421234
252.29659195577733,267.7806500897703,334.40766195618187
Experiment 07-08_03:09
Epoch 0066 [Train seq (cond on sampled tp)] | Loss 1854942.184103 | MAPE 0.074074 | RMSE 80.505343 | Likelihood -1854939.412381 | KL fp 2.7717 | FP STD 0.1841|
Epoch 0066 [Val seq (cond on sampled tp)] |  MAPE 0.039015 | RMSE 84.558250 |
Epoch 0066 [Test seq (cond on sampled tp)] | MAPE 0.070777 | RMSE 286.131502|
0.06295036524534225,0.07047093659639359,0.07890944927930832
230.01218547883502,300.97876793886974,327.4035521149702
Experiment 07-08_03:09
Epoch 0067 [Train seq (cond on sampled tp)] | Loss 1896401.130265 | MAPE 0.123895 | RMSE 88.028006 | Likelihood -1896398.475202 | KL fp 2.6551 | FP STD 0.2080|
Epoch 0067 [Val seq (cond on sampled tp)] |  MAPE 0.030197 | RMSE 87.740198 |
Epoch 0067 [Test seq (cond on sampled tp)] | MAPE 0.060647 | RMSE 285.119602|
0.062297314405441284,0.05714115500450134,0.06250295788049698
255.62410604978163,299.98562465558246,299.7490747483635
Experiment 07-08_03:09
Epoch 0068 [Train seq (cond on sampled tp)] | Loss 1915667.627824 | MAPE 0.094707 | RMSE 92.665619 | Likelihood -1915664.868760 | KL fp 2.7591 | FP STD 0.1739|
Epoch 0068 [Val seq (cond on sampled tp)] |  MAPE 0.033314 | RMSE 88.780106 |
Epoch 0068 [Test seq (cond on sampled tp)] | MAPE 0.060844 | RMSE 287.360220|
0.0610705204308033,0.05731906741857529,0.06414163112640381
242.4127823181979,289.8578584841198,329.8100187039502
Experiment 07-08_03:09
Epoch 0069 [Train seq (cond on sampled tp)] | Loss 1881745.100486 | MAPE 0.090867 | RMSE 86.173815 | Likelihood -1881742.599039 | KL fp 2.5014 | FP STD 0.2324|
Epoch 0069 [Val seq (cond on sampled tp)] |  MAPE 0.030892 | RMSE 86.238739 |
Epoch 0069 [Test seq (cond on sampled tp)] | MAPE 0.070214 | RMSE 281.118998|
0.06396465748548508,0.07081875950098038,0.07585982978343964
248.12951822082758,292.1364728170723,303.09100324819934
Experiment 07-08_03:09
Epoch 0070 [Train seq (cond on sampled tp)] | Loss 1866387.870469 | MAPE 0.081795 | RMSE 81.751867 | Likelihood -1866385.231069 | KL fp 2.6394 | FP STD 0.1790|
Epoch 0070 [Val seq (cond on sampled tp)] |  MAPE 0.039734 | RMSE 82.041205 |
Epoch 0070 [Test seq (cond on sampled tp)] | MAPE 0.064858 | RMSE 268.249236|
0.0668211504817009,0.06484205275774002,0.06291203200817108
248.08145871114593,255.93182228134506,300.7344265502372
Experiment 07-08_03:09
Epoch 0071 [Train seq (cond on sampled tp)] | Loss 1857267.300410 | MAPE 0.076998 | RMSE 82.337941 | Likelihood -1857264.231380 | KL fp 3.0690 | FP STD 0.1552|
Epoch 0071 [Val seq (cond on sampled tp)] |  MAPE 0.029233 | RMSE 88.134145 |
Epoch 0071 [Test seq (cond on sampled tp)] | MAPE 0.057764 | RMSE 267.603269|
0.053744878619909286,0.054766930639743805,0.06478026509284973
250.83083816588422,273.51615297364066,278.4628145058151
Experiment 07-08_03:09
Epoch 0072 [Train seq (cond on sampled tp)] | Loss 1869574.912302 | MAPE 0.093832 | RMSE 82.390083 | Likelihood -1869572.331927 | KL fp 2.5804 | FP STD 0.1901|
Epoch 0072 [Val seq (cond on sampled tp)] |  MAPE 0.027016 | RMSE 93.837438 |
Epoch 0072 [Test seq (cond on sampled tp)] | MAPE 0.046202 | RMSE 266.809410|
0.04980063438415527,0.04843027889728546,0.040376223623752594
231.3533383971366,265.2778908522156,303.79699996461454
Experiment 07-08_03:09
Epoch 0073 [Train seq (cond on sampled tp)] | Loss 1855739.280325 | MAPE 0.099065 | RMSE 81.780003 | Likelihood -1855736.250244 | KL fp 3.0301 | FP STD 0.1447|
Epoch 0073 [Val seq (cond on sampled tp)] |  MAPE 0.042391 | RMSE 79.900564 |
Epoch 0073 [Test seq (cond on sampled tp)] | MAPE 0.048622 | RMSE 270.329074|
0.049388304352760315,0.04765632376074791,0.04882113263010979
226.2670487361118,275.1105033663746,309.60967109814254
Experiment 07-08_03:09
Epoch 0074 [Train seq (cond on sampled tp)] | Loss 1939343.674349 | MAPE 0.126398 | RMSE 92.684369 | Likelihood -1939340.655229 | KL fp 3.0191 | FP STD 0.1329|
Epoch 0074 [Val seq (cond on sampled tp)] |  MAPE 0.036937 | RMSE 87.657269 |
Epoch 0074 [Test seq (cond on sampled tp)] | MAPE 0.047022 | RMSE 274.402743|
0.04515032097697258,0.04504628852009773,0.050868500024080276
220.81898341741365,269.85858565181877,332.53066118028875
Experiment 07-08_03:09
Epoch 0075 [Train seq (cond on sampled tp)] | Loss 1890152.778727 | MAPE 0.118490 | RMSE 87.683021 | Likelihood -1890149.976326 | KL fp 2.8024 | FP STD 0.1675|
Epoch 0075 [Val seq (cond on sampled tp)] |  MAPE 0.028650 | RMSE 94.199096 |
Epoch 0075 [Test seq (cond on sampled tp)] | MAPE 0.053656 | RMSE 296.069455|
0.06497175991535187,0.05427489057183266,0.041722219437360764
261.38647750983597,285.30028040645175,341.52160665542084
Experiment 07-08_03:09
Epoch 0076 [Train seq (cond on sampled tp)] | Loss 1888117.487027 | MAPE 0.045877 | RMSE 87.171369 | Likelihood -1888114.314315 | KL fp 3.1727 | FP STD 0.1309|
Epoch 0076 [Val seq (cond on sampled tp)] |  MAPE 0.033809 | RMSE 93.430142 |
Epoch 0076 [Test seq (cond on sampled tp)] | MAPE 0.067919 | RMSE 282.182311|
0.06307802349328995,0.06632443517446518,0.07435539364814758
246.20266042429355,266.7286630407388,333.615609646791
Experiment 07-08_03:09
Epoch 0077 [Train seq (cond on sampled tp)] | Loss 1862658.347214 | MAPE 0.063625 | RMSE 80.731922 | Likelihood -1862655.588603 | KL fp 2.7586 | FP STD 0.1699|
Epoch 0077 [Val seq (cond on sampled tp)] |  MAPE 0.028759 | RMSE 93.022967 |
Epoch 0077 [Test seq (cond on sampled tp)] | MAPE 0.051859 | RMSE 269.170856|
0.04687551409006119,0.05294537916779518,0.0557575486600399
227.55860337229618,257.43491289061785,322.51905224730524
Experiment 07-08_03:09
Epoch 0078 [Train seq (cond on sampled tp)] | Loss 1878489.587037 | MAPE 0.117290 | RMSE 85.447853 | Likelihood -1878486.750784 | KL fp 2.8363 | FP STD 0.1776|
Epoch 0078 [Val seq (cond on sampled tp)] |  MAPE 0.026928 | RMSE 88.589294 |
Epoch 0078 [Test seq (cond on sampled tp)] | MAPE 0.043734 | RMSE 260.593520|
0.05129386857151985,0.04517688602209091,0.03473122417926788
236.1828939085132,261.78093477657995,283.81673224107135
Experiment 07-08_03:09
Epoch 0079 [Train seq (cond on sampled tp)] | Loss 1848711.705485 | MAPE 0.073734 | RMSE 78.855431 | Likelihood -1848708.720145 | KL fp 2.9853 | FP STD 0.1349|
Epoch 0079 [Val seq (cond on sampled tp)] |  MAPE 0.032647 | RMSE 88.043757 |
Epoch 0079 [Test seq (cond on sampled tp)] | MAPE 0.053544 | RMSE 255.990382|
0.05077720433473587,0.04781465604901314,0.06204158812761307
219.87827776124226,258.59979033730866,289.4930779612874
Experiment 07-08_03:09
Epoch 0080 [Train seq (cond on sampled tp)] | Loss 1863957.412793 | MAPE 0.082283 | RMSE 82.265427 | Likelihood -1863954.701913 | KL fp 2.7109 | FP STD 0.2057|
Epoch 0080 [Val seq (cond on sampled tp)] |  MAPE 0.029786 | RMSE 78.248740 |
Epoch 0080 [Test seq (cond on sampled tp)] | MAPE 0.049079 | RMSE 265.679006|
0.05268220230937004,0.04945825785398483,0.045096997171640396
214.32781003931805,261.7809646202336,320.9282435373989
Experiment 07-08_03:09
Epoch 0081 [Train seq (cond on sampled tp)] | Loss 1867679.452339 | MAPE 0.078392 | RMSE 83.922532 | Likelihood -1867676.899474 | KL fp 2.5529 | FP STD 0.2482|
Epoch 0081 [Val seq (cond on sampled tp)] |  MAPE 0.025737 | RMSE 84.935586 |
Epoch 0081 [Test seq (cond on sampled tp)] | MAPE 0.053480 | RMSE 290.102097|
0.05330049246549606,0.05137978494167328,0.05575935170054436
252.3761066716697,286.8696486428984,331.0605354387623
Experiment 07-08_03:09
Epoch 0082 [Train seq (cond on sampled tp)] | Loss 1872075.720011 | MAPE 0.062331 | RMSE 83.942905 | Likelihood -1872072.969218 | KL fp 2.7508 | FP STD 0.1816|
Epoch 0082 [Val seq (cond on sampled tp)] |  MAPE 0.029634 | RMSE 91.778978 |
Epoch 0082 [Test seq (cond on sampled tp)] | MAPE 0.056209 | RMSE 299.779549|
0.058053698390722275,0.05285261198878288,0.05772204324603081
257.48539096908,289.5728265480033,352.2804280683217
Experiment 07-08_03:09
Epoch 0083 [Train seq (cond on sampled tp)] | Loss 1860852.994387 | MAPE 0.069395 | RMSE 80.765997 | Likelihood -1860850.371196 | KL fp 2.6232 | FP STD 0.2106|
Epoch 0083 [Val seq (cond on sampled tp)] |  MAPE 0.033730 | RMSE 88.590545 |
Epoch 0083 [Test seq (cond on sampled tp)] | MAPE 0.055371 | RMSE 294.765449|
0.0539962500333786,0.05154382064938545,0.06057184189558029
265.82358753033935,285.7745095569232,332.69824916882266
Experiment 07-08_03:09
Epoch 0084 [Train seq (cond on sampled tp)] | Loss 1884636.804119 | MAPE 0.125066 | RMSE 85.824151 | Likelihood -1884634.156490 | KL fp 2.6476 | FP STD 0.2165|
Epoch 0084 [Val seq (cond on sampled tp)] |  MAPE 0.030643 | RMSE 92.919330 |
Epoch 0084 [Test seq (cond on sampled tp)] | MAPE 0.044374 | RMSE 289.155397|
0.04613420367240906,0.044608086347579956,0.04237929359078407
261.7546710423713,269.4742421596172,336.237279034464
Experiment 07-08_03:09
Epoch 0085 [Train seq (cond on sampled tp)] | Loss 1890775.282092 | MAPE 0.092466 | RMSE 88.224571 | Likelihood -1890772.321491 | KL fp 2.9606 | FP STD 0.1542|
Epoch 0085 [Val seq (cond on sampled tp)] |  MAPE 0.035138 | RMSE 95.441567 |
Epoch 0085 [Test seq (cond on sampled tp)] | MAPE 0.053369 | RMSE 286.091594|
0.05036509782075882,0.051625173538923264,0.05811535194516182
272.4303236609317,269.36293476460344,316.4815234535817
Experiment 07-08_03:09
Epoch 0086 [Train seq (cond on sampled tp)] | Loss 1851289.270636 | MAPE 0.092990 | RMSE 78.760159 | Likelihood -1851286.413033 | KL fp 2.8576 | FP STD 0.1675|
Epoch 0086 [Val seq (cond on sampled tp)] |  MAPE 0.038658 | RMSE 95.370479 |
Epoch 0086 [Test seq (cond on sampled tp)] | MAPE 0.067981 | RMSE 265.224431|
0.053162287920713425,0.07147732377052307,0.07930203527212143
224.97457321606367,269.03994533804826,301.658773492501
Experiment 07-08_03:09
Epoch 0087 [Train seq (cond on sampled tp)] | Loss 1854951.500418 | MAPE 0.114771 | RMSE 79.416460 | Likelihood -1854948.542353 | KL fp 2.9581 | FP STD 0.1562|
Epoch 0087 [Val seq (cond on sampled tp)] |  MAPE 0.028168 | RMSE 91.066323 |
Epoch 0087 [Test seq (cond on sampled tp)] | MAPE 0.049261 | RMSE 266.292687|
0.05540156364440918,0.04664751887321472,0.04573351889848709
234.88382267889375,241.64045475664872,322.35378226026756
Experiment 07-08_03:09
Epoch 0088 [Train seq (cond on sampled tp)] | Loss 1880561.107823 | MAPE 0.072915 | RMSE 86.118967 | Likelihood -1880558.373894 | KL fp 2.7339 | FP STD 0.2106|
Epoch 0088 [Val seq (cond on sampled tp)] |  MAPE 0.031380 | RMSE 94.713064 |
Epoch 0088 [Test seq (cond on sampled tp)] | MAPE 0.059387 | RMSE 281.232269|
0.06345698982477188,0.06102026253938675,0.053684037178754807
250.9631524870733,284.4791567496642,308.25449864924923
Experiment 07-08_03:09
Epoch 0089 [Train seq (cond on sampled tp)] | Loss 1896096.244919 | MAPE 0.070514 | RMSE 85.386500 | Likelihood -1896093.345451 | KL fp 2.8995 | FP STD 0.1543|
Epoch 0089 [Val seq (cond on sampled tp)] |  MAPE 0.040596 | RMSE 90.370794 |
Epoch 0089 [Test seq (cond on sampled tp)] | MAPE 0.052565 | RMSE 287.805891|
0.04624174162745476,0.0509641170501709,0.06048974022269249
232.62972691328596,285.39252026813875,345.3954255632231
Experiment 07-08_03:09
Epoch 0090 [Train seq (cond on sampled tp)] | Loss 1862390.878310 | MAPE 0.133311 | RMSE 82.657441 | Likelihood -1862387.668460 | KL fp 3.2099 | FP STD 0.1295|
Epoch 0090 [Val seq (cond on sampled tp)] |  MAPE 0.029871 | RMSE 91.992208 |
Epoch 0090 [Test seq (cond on sampled tp)] | MAPE 0.047172 | RMSE 289.571822|
0.05324678122997284,0.04720846936106682,0.0410601906478405
250.78007203773188,273.106678447269,344.8287165390957
Experiment 07-08_03:09
Epoch 0091 [Train seq (cond on sampled tp)] | Loss 1858450.746797 | MAPE 0.093832 | RMSE 80.353891 | Likelihood -1858447.849765 | KL fp 2.8970 | FP STD 0.1788|
Epoch 0091 [Val seq (cond on sampled tp)] |  MAPE 0.028256 | RMSE 95.756889 |
Epoch 0091 [Test seq (cond on sampled tp)] | MAPE 0.051736 | RMSE 280.824866|
0.04062630236148834,0.05345459654927254,0.06112752854824066
201.37000498150167,292.2705964726866,348.8339952613564
Experiment 07-08_03:09
Epoch 0092 [Train seq (cond on sampled tp)] | Loss 1868379.654450 | MAPE 0.066999 | RMSE 84.058949 | Likelihood -1868376.449558 | KL fp 3.2049 | FP STD 0.1526|
Epoch 0092 [Val seq (cond on sampled tp)] |  MAPE 0.029213 | RMSE 95.258535 |
Epoch 0092 [Test seq (cond on sampled tp)] | MAPE 0.047144 | RMSE 287.132731|
0.04355677589774132,0.047714605927467346,0.05016045272350311
227.73874834994592,286.48809693859886,347.1713486342155
Experiment 07-08_03:09
Epoch 0093 [Train seq (cond on sampled tp)] | Loss 1863721.119865 | MAPE 0.081000 | RMSE 80.480046 | Likelihood -1863718.303088 | KL fp 2.8168 | FP STD 0.1694|
Epoch 0093 [Val seq (cond on sampled tp)] |  MAPE 0.030265 | RMSE 86.853311 |
Epoch 0093 [Test seq (cond on sampled tp)] | MAPE 0.060815 | RMSE 298.024259|
0.0526374951004982,0.06318330019712448,0.06662511080503464
228.28887093713087,309.73043975770287,356.0534655251933
Experiment 07-08_03:09
Epoch 0094 [Train seq (cond on sampled tp)] | Loss 1875370.595239 | MAPE 0.096464 | RMSE 85.045814 | Likelihood -1875367.695027 | KL fp 2.9002 | FP STD 0.1588|
Epoch 0094 [Val seq (cond on sampled tp)] |  MAPE 0.031401 | RMSE 94.521978 |
Epoch 0094 [Test seq (cond on sampled tp)] | MAPE 0.048554 | RMSE 266.693010|
0.03993017226457596,0.04986867308616638,0.0558636374771595
234.15105968156539,253.79526228093778,312.1327091558973
Experiment 07-08_03:09
Epoch 0095 [Train seq (cond on sampled tp)] | Loss 1900252.997200 | MAPE 0.116838 | RMSE 89.666306 | Likelihood -1900250.234621 | KL fp 2.7626 | FP STD 0.1934|
Epoch 0095 [Val seq (cond on sampled tp)] |  MAPE 0.032548 | RMSE 91.471019 |
Epoch 0095 [Test seq (cond on sampled tp)] | MAPE 0.062658 | RMSE 289.007060|
0.06737259030342102,0.061963073909282684,0.05863821879029274
280.0683510323864,308.9358120022669,278.0170155539045
Experiment 07-08_03:09
Epoch 0096 [Train seq (cond on sampled tp)] | Loss 1858717.918316 | MAPE 0.089661 | RMSE 81.098683 | Likelihood -1858715.025713 | KL fp 2.8926 | FP STD 0.1564|
Epoch 0096 [Val seq (cond on sampled tp)] |  MAPE 0.032756 | RMSE 80.557772 |
Epoch 0096 [Test seq (cond on sampled tp)] | MAPE 0.063685 | RMSE 277.784637|
0.06415528059005737,0.06098763272166252,0.0659106895327568
270.83437339543883,270.90603190959035,291.6135070602869
Experiment 07-08_03:09
Epoch 0097 [Train seq (cond on sampled tp)] | Loss 1977890.875815 | MAPE 0.087827 | RMSE 98.628221 | Likelihood -1977888.139187 | KL fp 2.7366 | FP STD 0.1502|
Epoch 0097 [Val seq (cond on sampled tp)] |  MAPE 0.028114 | RMSE 87.806152 |
Epoch 0097 [Test seq (cond on sampled tp)] | MAPE 0.055657 | RMSE 273.182354|
0.058045223355293274,0.05807378515601158,0.05085102096199989
273.5284205982991,252.41106880691663,293.607571853997
Experiment 07-08_03:09
Epoch 0098 [Train seq (cond on sampled tp)] | Loss 1862616.930508 | MAPE 0.074904 | RMSE 82.741446 | Likelihood -1862613.971121 | KL fp 2.9594 | FP STD 0.1571|
Epoch 0098 [Val seq (cond on sampled tp)] |  MAPE 0.028145 | RMSE 87.938980 |
Epoch 0098 [Test seq (cond on sampled tp)] | MAPE 0.057848 | RMSE 270.496821|
0.05559275671839714,0.059563882648944855,0.05838843062520027
238.81928804799247,244.6965196294177,327.97465603305386
Experiment 07-08_03:09
Epoch 0099 [Train seq (cond on sampled tp)] | Loss 1855532.981069 | MAPE 0.074205 | RMSE 79.696350 | Likelihood -1855530.171986 | KL fp 2.8091 | FP STD 0.1840|
Epoch 0099 [Val seq (cond on sampled tp)] |  MAPE 0.031679 | RMSE 90.060326 |
Epoch 0099 [Test seq (cond on sampled tp)] | MAPE 0.046622 | RMSE 274.630191|
0.04744269326329231,0.04116949439048767,0.051252998411655426
250.95019426172996,251.5468551035771,321.3935233868287
Experiment 07-08_03:09
Epoch 0100 [Train seq (cond on sampled tp)] | Loss 1857381.996212 | MAPE 0.096532 | RMSE 81.920690 | Likelihood -1857379.298034 | KL fp 2.6982 | FP STD 0.2015|
Epoch 0100 [Val seq (cond on sampled tp)] |  MAPE 0.035088 | RMSE 102.993140 |
Epoch 0100 [Test seq (cond on sampled tp)] | MAPE 0.048629 | RMSE 303.826777|
0.052707403898239136,0.041253942996263504,0.05192665383219719
283.7186381346844,275.2723651222549,352.4893282959074
