/data2/yuanjingyang/CG-ODE/run_models_covid.py
run_models_covid.py --heavyBall --rec-layers 1 -e Cheb_cat --pred_length 7 --condition_length 14
Namespace(save='experiments/', load=None, dataset='Dec', datapath='data/', pred_length=7, condition_length=14, features='Confirmed,Deaths,Recovered,Mortality_Rate,Testing_Rate,Population,Mobility', split_interval=3, feature_out='Deaths', niters=100, lr=0.005, batch_size=8, random_seed=1991, dropout=0.2, l2=1e-05, optimizer='AdamW', clip=10, edge_lamda=0.5, z0_encoder='GTrans', rec_dims=64, ode_dims=20, rec_layers=1, gen_layers=1, encoder='Cheb_cat', graf_layer=1, cheb_K=2, heavyBall=True, actv_h=None, gamma_guess=-3.0, gamma_act='sigmoid', corr=-100, corrf=True, sign=1, augment_dim=0, solver='rk4', rtol=0.01, atol=0.01, alias='run', output_dim=1, feature_out_index=[1], num_atoms=50)
run
Experiment 09-03_23:29
Epoch 0001 [Train seq (cond on sampled tp)] | Loss 5118057.598822 | MAPE 0.039517 | RMSE 165.120273 | MAE 8.445846 | Likelihood -5118055.170671 | KL fp 2.4282 | FP STD 0.6594 | ->nfe   24.00 | <-nfe   24.00
Epoch 0001 [Val seq (cond on sampled tp)] |  MAPE 0.034176 | RMSE 167.615125 | MAE 10.043121 |
Best Val!
Epoch 0001 [Test seq (cond on sampled tp)] | MAPE 0.057281 | RMSE 425.327281| MAE 291.500153
0.06517747044563293,0.06392493844032288,0.05830381438136101,0.04171841964125633
398.21280428936484,417.40303889047095,480.9349618191632,404.7583190930114
0.06517747044563293,0.06392493844032288,0.05830381438136101,0.04171841964125633
398.21280428936484,417.40303889047095,480.9349618191632,404.7583190930114
Epoch 0001 [Test seq (cond on sampled tp)] | Best Test MAPE 0.057281|Best Test RMSE 425.327281|Best Test MAE 291.500153
Experiment 09-03_23:29
Epoch 0002 [Train seq (cond on sampled tp)] | Loss 4780108.623577 | MAPE 0.083189 | RMSE 156.736397 | MAE 7.921643 | Likelihood -4780099.726916 | KL fp 8.8967 | FP STD 0.8572 | ->nfe   24.00 | <-nfe   24.00
Epoch 0002 [Val seq (cond on sampled tp)] |  MAPE 0.045568 | RMSE 146.327637 | MAE 8.928064 |
Epoch 0002 [Test seq (cond on sampled tp)] | MAPE 0.060933 | RMSE 393.135643| MAE 253.182419
0.0710856169462204,0.062355030328035355,0.06329721212387085,0.04699605703353882
361.2007860075889,385.04593881769483,449.93888473880537,376.35696154050345
Experiment 09-03_23:29
Epoch 0003 [Train seq (cond on sampled tp)] | Loss 4349596.115984 | MAPE 0.222577 | RMSE 145.377407 | MAE 8.111072 | Likelihood -4349578.816336 | KL fp 17.2996 | FP STD 0.7643 | ->nfe   24.00 | <-nfe   24.00
Epoch 0003 [Val seq (cond on sampled tp)] |  MAPE 0.062612 | RMSE 122.540702 | MAE 8.103315 |
Epoch 0003 [Test seq (cond on sampled tp)] | MAPE 0.069203 | RMSE 351.274520| MAE 211.930099
0.0845014750957489,0.06673605740070343,0.0694338008761406,0.05613892897963524
313.83442589206174,343.3162263132927,409.95908713553354,337.9883388336053
Experiment 09-03_23:29
Epoch 0004 [Train seq (cond on sampled tp)] | Loss 3930790.257647 | MAPE 0.219047 | RMSE 133.314931 | MAE 7.615429 | Likelihood -3930777.569359 | KL fp 12.6883 | FP STD 0.6997 | ->nfe   24.00 | <-nfe   24.00
Epoch 0004 [Val seq (cond on sampled tp)] |  MAPE 0.019956 | RMSE 107.866445 | MAE 7.311297 |
Best Val!
Epoch 0004 [Test seq (cond on sampled tp)] | MAPE 0.039632 | RMSE 328.352780| MAE 190.442078
0.043212030082941055,0.04807669669389725,0.039505038410425186,0.02773461490869522
287.8480366226249,323.33451862970026,385.7461519574758,316.4824121298054
0.043212030082941055,0.04807669669389725,0.039505038410425186,0.02773461490869522
287.8480366226249,323.33451862970026,385.7461519574758,316.4824121298054
Epoch 0004 [Test seq (cond on sampled tp)] | Best Test MAPE 0.039632|Best Test RMSE 328.352780|Best Test MAE 190.442078
Experiment 09-03_23:29
Epoch 0005 [Train seq (cond on sampled tp)] | Loss 3487202.577758 | MAPE 0.035114 | RMSE 119.300946 | MAE 6.549020 | Likelihood -3487193.215234 | KL fp 9.3625 | FP STD 0.6937 | ->nfe   24.00 | <-nfe   24.00
Epoch 0005 [Val seq (cond on sampled tp)] |  MAPE 0.025011 | RMSE 92.516363 | MAE 7.399691 |
Epoch 0005 [Test seq (cond on sampled tp)] | MAPE 0.036988 | RMSE 271.276554| MAE 148.969193
0.04311434179544449,0.04320757836103439,0.034083981066942215,0.02754446491599083
230.5170563781561,263.7142007695073,326.78520516158625,264.08975451065874
0.04311434179544449,0.04320757836103439,0.034083981066942215,0.02754446491599083
230.5170563781561,263.7142007695073,326.78520516158625,264.08975451065874
Epoch 0005 [Test seq (cond on sampled tp)] | Best Test MAPE 0.036988|Best Test RMSE 271.276554|Best Test MAE 148.969193
Experiment 09-03_23:29
Epoch 0006 [Train seq (cond on sampled tp)] | Loss 3175188.836823 | MAPE 0.042758 | RMSE 108.128328 | MAE 6.548775 | Likelihood -3175178.393045 | KL fp 10.4438 | FP STD 0.6562 | ->nfe   24.00 | <-nfe   24.00
Epoch 0006 [Val seq (cond on sampled tp)] |  MAPE 0.029102 | RMSE 78.795510 | MAE 6.716913 |
Epoch 0006 [Test seq (cond on sampled tp)] | MAPE 0.030399 | RMSE 242.021943| MAE 131.414539
0.0352095365524292,0.030414318665862083,0.03286353126168251,0.023107461631298065
198.5134303548503,237.61937789246062,299.3054720933114,232.6494899118629
0.0352095365524292,0.030414318665862083,0.03286353126168251,0.023107461631298065
198.5134303548503,237.61937789246062,299.3054720933114,232.6494899118629
Epoch 0006 [Test seq (cond on sampled tp)] | Best Test MAPE 0.030399|Best Test RMSE 242.021943|Best Test MAE 131.414539
Experiment 09-03_23:29
Epoch 0007 [Train seq (cond on sampled tp)] | Loss 2884995.156273 | MAPE 0.045962 | RMSE 96.702961 | MAE 6.072874 | Likelihood -2884987.024195 | KL fp 8.1321 | FP STD 0.5920 | ->nfe   24.00 | <-nfe   24.00
Epoch 0007 [Val seq (cond on sampled tp)] |  MAPE 0.027276 | RMSE 71.394788 | MAE 6.594356 |
Epoch 0007 [Test seq (cond on sampled tp)] | MAPE 0.034326 | RMSE 210.599805| MAE 119.948772
0.0386919341981411,0.03548227623105049,0.03189285844564438,0.0312359519302845
161.3575222913391,203.1410185991495,264.1766838926176,213.7239933009394
Experiment 09-03_23:29
Epoch 0008 [Train seq (cond on sampled tp)] | Loss 2765647.118075 | MAPE 0.035272 | RMSE 91.716610 | MAE 5.909589 | Likelihood -2765639.335405 | KL fp 7.7827 | FP STD 0.5523 | ->nfe   24.00 | <-nfe   24.00
Epoch 0008 [Val seq (cond on sampled tp)] |  MAPE 0.042501 | RMSE 65.601261 | MAE 6.518587 |
Epoch 0008 [Test seq (cond on sampled tp)] | MAPE 0.042184 | RMSE 195.906969| MAE 113.844193
0.05186796188354492,0.039904288947582245,0.04071884974837303,0.03624553978443146
144.22322243877719,186.8260596450613,252.87123081718886,199.70736403548068
Experiment 09-03_23:29
Epoch 0009 [Train seq (cond on sampled tp)] | Loss 2666773.756577 | MAPE 0.050932 | RMSE 87.320039 | MAE 5.980500 | Likelihood -2666766.752349 | KL fp 7.0042 | FP STD 0.4276 | ->nfe   24.00 | <-nfe   24.00
Epoch 0009 [Val seq (cond on sampled tp)] |  MAPE 0.025972 | RMSE 67.022508 | MAE 6.552637 |
Epoch 0009 [Test seq (cond on sampled tp)] | MAPE 0.027478 | RMSE 189.619652| MAE 107.359781
0.02662477269768715,0.027006221935153008,0.02912001870572567,0.02716110832989216
141.241447473378,181.7222833921311,242.4648412012554,193.05003601722015
0.02662477269768715,0.027006221935153008,0.02912001870572567,0.02716110832989216
141.241447473378,181.7222833921311,242.4648412012554,193.05003601722015
Epoch 0009 [Test seq (cond on sampled tp)] | Best Test MAPE 0.027478|Best Test RMSE 189.619652|Best Test MAE 107.359781
Experiment 09-03_23:29
Epoch 0010 [Train seq (cond on sampled tp)] | Loss 2597374.994208 | MAPE 0.045240 | RMSE 83.739342 | MAE 5.568782 | Likelihood -2597369.122305 | KL fp 5.8719 | FP STD 0.4735 | ->nfe   24.00 | <-nfe   24.00
Epoch 0010 [Val seq (cond on sampled tp)] |  MAPE 0.036849 | RMSE 63.132862 | MAE 6.473382 |
Epoch 0010 [Test seq (cond on sampled tp)] | MAPE 0.041109 | RMSE 176.647487| MAE 101.937695
0.04535315930843353,0.040916990488767624,0.03734500706195831,0.0408218577504158
121.93959826487867,165.10159041102543,233.26886479178913,186.27989483234632
Experiment 09-03_23:29
Epoch 0011 [Train seq (cond on sampled tp)] | Loss 2596175.419406 | MAPE 0.079430 | RMSE 83.354603 | MAE 5.874261 | Likelihood -2596169.926850 | KL fp 5.4926 | FP STD 0.4220 | ->nfe   24.00 | <-nfe   24.00
Epoch 0011 [Val seq (cond on sampled tp)] |  MAPE 0.022831 | RMSE 56.205049 | MAE 5.918429 |
Epoch 0011 [Test seq (cond on sampled tp)] | MAPE 0.034810 | RMSE 198.922520| MAE 119.219820
0.03939950466156006,0.03752326965332031,0.037035949528217316,0.025280041620135307
149.94848724853813,194.57586084866745,263.1414632616836,188.02426705082513
Experiment 09-03_23:29
Epoch 0012 [Train seq (cond on sampled tp)] | Loss 2522590.233303 | MAPE 0.031580 | RMSE 80.393355 | MAE 5.571653 | Likelihood -2522584.720762 | KL fp 5.5125 | FP STD 0.3431 | ->nfe   24.00 | <-nfe   24.00
Epoch 0012 [Val seq (cond on sampled tp)] |  MAPE 0.023790 | RMSE 63.946305 | MAE 6.182166 |
Epoch 0012 [Test seq (cond on sampled tp)] | MAPE 0.031451 | RMSE 202.393688| MAE 120.818367
0.035187166184186935,0.035575684159994125,0.032498206943273544,0.022544430568814278
161.1962543667656,199.493166392987,262.4133041358612,186.47202580078869
Experiment 09-03_23:29
Epoch 0013 [Train seq (cond on sampled tp)] | Loss 2489719.136328 | MAPE 0.044411 | RMSE 78.009554 | MAE 5.520676 | Likelihood -2489714.190674 | KL fp 4.9457 | FP STD 0.3187 | ->nfe   24.00 | <-nfe   24.00
Epoch 0013 [Val seq (cond on sampled tp)] |  MAPE 0.018788 | RMSE 68.714092 | MAE 6.469778 |
Best Val!
Epoch 0013 [Test seq (cond on sampled tp)] | MAPE 0.034959 | RMSE 203.500574| MAE 134.238642
0.04007593169808388,0.045162755995988846,0.03285679966211319,0.021739894524216652
163.259421387787,208.73147372880786,274.30877617659263,167.70262347940476
Experiment 09-03_23:29
Epoch 0014 [Train seq (cond on sampled tp)] | Loss 2452948.333582 | MAPE 0.037531 | RMSE 76.310655 | MAE 5.506486 | Likelihood -2452942.970335 | KL fp 5.3632 | FP STD 0.3646 | ->nfe   24.00 | <-nfe   24.00
Epoch 0014 [Val seq (cond on sampled tp)] |  MAPE 0.023345 | RMSE 52.909030 | MAE 5.819467 |
Epoch 0014 [Test seq (cond on sampled tp)] | MAPE 0.026137 | RMSE 187.140585| MAE 107.222515
0.02602623589336872,0.03211596980690956,0.025874290615320206,0.020530208945274353
136.86591722147264,187.93821707545274,248.4276098660332,175.33059732794786
0.02602623589336872,0.03211596980690956,0.025874290615320206,0.020530208945274353
136.86591722147264,187.93821707545274,248.4276098660332,175.33059732794786
Epoch 0014 [Test seq (cond on sampled tp)] | Best Test MAPE 0.026137|Best Test RMSE 187.140585|Best Test MAE 107.222515
Experiment 09-03_23:29
Epoch 0015 [Train seq (cond on sampled tp)] | Loss 2565395.328750 | MAPE 0.100390 | RMSE 82.140490 | MAE 5.795935 | Likelihood -2565391.215505 | KL fp 4.1132 | FP STD 0.3863 | ->nfe   24.00 | <-nfe   24.00
Epoch 0015 [Val seq (cond on sampled tp)] |  MAPE 0.021203 | RMSE 82.923381 | MAE 7.096206 |
Epoch 0015 [Test seq (cond on sampled tp)] | MAPE 0.037568 | RMSE 214.108972| MAE 132.526949
0.0423615537583828,0.042640041559934616,0.03744975104928017,0.027820173650979996
148.70564596082087,202.1138389775673,306.0122163615368,199.6041884110902
Experiment 09-03_23:29
Epoch 0016 [Train seq (cond on sampled tp)] | Loss 2615768.634358 | MAPE 0.048128 | RMSE 84.737541 | MAE 6.097005 | Likelihood -2615763.834187 | KL fp 4.8002 | FP STD 0.6305 | ->nfe   24.00 | <-nfe   24.00
Epoch 0016 [Val seq (cond on sampled tp)] |  MAPE 0.017877 | RMSE 76.428674 | MAE 6.636444 |
Best Val!
Epoch 0016 [Test seq (cond on sampled tp)] | MAPE 0.039697 | RMSE 266.666032| MAE 167.574802
0.04568435624241829,0.048779167234897614,0.03916027024388313,0.025162581354379654
227.50822443924966,255.59713326101684,334.66096416746905,248.89780470606806
Experiment 09-03_23:29
Epoch 0017 [Train seq (cond on sampled tp)] | Loss 2609339.346880 | MAPE 0.036297 | RMSE 84.673838 | MAE 5.742817 | Likelihood -2609335.640483 | KL fp 3.7064 | FP STD 0.4285 | ->nfe   24.00 | <-nfe   24.00
Epoch 0017 [Val seq (cond on sampled tp)] |  MAPE 0.017569 | RMSE 62.359412 | MAE 6.333707 |
Best Val!
Epoch 0017 [Test seq (cond on sampled tp)] | MAPE 0.037151 | RMSE 225.722200| MAE 136.946165
0.041777659207582474,0.04658578708767891,0.03365175426006317,0.02658817730844021
158.42253380990346,217.88131983088866,297.5650926688142,229.0198544886447
Experiment 09-03_23:29
Epoch 0018 [Train seq (cond on sampled tp)] | Loss 2550663.386887 | MAPE 0.026281 | RMSE 80.958060 | MAE 5.642771 | Likelihood -2550659.441126 | KL fp 3.9458 | FP STD 0.4228 | ->nfe   24.00 | <-nfe   24.00
Epoch 0018 [Val seq (cond on sampled tp)] |  MAPE 0.025656 | RMSE 104.329336 | MAE 7.198836 |
Epoch 0018 [Test seq (cond on sampled tp)] | MAPE 0.037234 | RMSE 296.186018| MAE 172.573074
0.045116256922483444,0.039137110114097595,0.036959271878004074,0.027721459046006203
268.21992783441726,282.5421843504081,349.2873883888452,284.6945731832625
Experiment 09-03_23:29
Epoch 0019 [Train seq (cond on sampled tp)] | Loss 2497587.563945 | MAPE 0.065877 | RMSE 77.906321 | MAE 5.805203 | Likelihood -2497583.784028 | KL fp 3.7799 | FP STD 0.5007 | ->nfe   24.00 | <-nfe   24.00
Epoch 0019 [Val seq (cond on sampled tp)] |  MAPE 0.023772 | RMSE 69.507626 | MAE 6.648074 |
Epoch 0019 [Test seq (cond on sampled tp)] | MAPE 0.035263 | RMSE 171.553335| MAE 117.638531
0.03825724869966507,0.03903514891862869,0.036111004650592804,0.027650509029626846
130.08557880295572,152.101425864454,227.8370357157721,176.18930138312882
Experiment 09-03_23:29
Epoch 0020 [Train seq (cond on sampled tp)] | Loss 2363993.832318 | MAPE 0.037943 | RMSE 71.702410 | MAE 5.532127 | Likelihood -2363990.006566 | KL fp 3.8258 | FP STD 0.5066 | ->nfe   24.00 | <-nfe   24.00
Epoch 0020 [Val seq (cond on sampled tp)] |  MAPE 0.029697 | RMSE 55.375254 | MAE 6.055836 |
Epoch 0020 [Test seq (cond on sampled tp)] | MAPE 0.029476 | RMSE 150.993853| MAE 91.892096
0.026742752641439438,0.03157593309879303,0.028089774772524834,0.03149448707699776
115.93161625905807,153.52173095363406,192.75501574213317,141.76705006585627
Experiment 09-03_23:29
Epoch 0021 [Train seq (cond on sampled tp)] | Loss 2394230.503526 | MAPE 0.027192 | RMSE 73.420188 | MAE 5.240846 | Likelihood -2394226.815688 | KL fp 3.6878 | FP STD 0.3666 | ->nfe   24.00 | <-nfe   24.00
Epoch 0021 [Val seq (cond on sampled tp)] |  MAPE 0.015479 | RMSE 52.979115 | MAE 5.841141 |
Best Val!
Epoch 0021 [Test seq (cond on sampled tp)] | MAPE 0.025728 | RMSE 153.307064| MAE 94.121376
0.02917165867984295,0.031605012714862823,0.023276524618268013,0.018857469782233238
123.1223270648951,156.93005134653146,199.76738425603915,133.40849362718626
0.02917165867984295,0.031605012714862823,0.023276524618268013,0.018857469782233238
123.1223270648951,156.93005134653146,199.76738425603915,133.40849362718626
Epoch 0021 [Test seq (cond on sampled tp)] | Best Test MAPE 0.025728|Best Test RMSE 153.307064|Best Test MAE 94.121376
Experiment 09-03_23:29
Epoch 0022 [Train seq (cond on sampled tp)] | Loss 2343798.226956 | MAPE 0.025883 | RMSE 70.174803 | MAE 5.088995 | Likelihood -2343794.770629 | KL fp 3.4563 | FP STD 0.4085 | ->nfe   24.00 | <-nfe   24.00
Epoch 0022 [Val seq (cond on sampled tp)] |  MAPE 0.015261 | RMSE 56.041741 | MAE 5.810677 |
Best Val!
Epoch 0022 [Test seq (cond on sampled tp)] | MAPE 0.029251 | RMSE 174.789197| MAE 106.819841
0.03488074615597725,0.0400543212890625,0.02440738119184971,0.017661742866039276
153.4825862984951,176.09312056231784,222.40060104179125,147.18048019353654
Experiment 09-03_23:29
Epoch 0023 [Train seq (cond on sampled tp)] | Loss 2319510.662642 | MAPE 0.024525 | RMSE 69.144471 | MAE 5.234740 | Likelihood -2319506.844842 | KL fp 3.8178 | FP STD 0.3879 | ->nfe   24.00 | <-nfe   24.00
Epoch 0023 [Val seq (cond on sampled tp)] |  MAPE 0.019415 | RMSE 56.138005 | MAE 5.844322 |
Epoch 0023 [Test seq (cond on sampled tp)] | MAPE 0.036799 | RMSE 155.572591| MAE 100.038141
0.03990722447633743,0.03962680697441101,0.03939012810587883,0.0282736923545599
123.05769892869361,163.4059242920831,189.46084069340029,146.36589958900947
Experiment 09-03_23:29
Epoch 0024 [Train seq (cond on sampled tp)] | Loss 2353287.417785 | MAPE 0.035526 | RMSE 70.772574 | MAE 5.413619 | Likelihood -2353283.839383 | KL fp 3.5784 | FP STD 0.4196 | ->nfe   24.00 | <-nfe   24.00
Epoch 0024 [Val seq (cond on sampled tp)] |  MAPE 0.017408 | RMSE 55.626051 | MAE 6.024227 |
Epoch 0024 [Test seq (cond on sampled tp)] | MAPE 0.028242 | RMSE 143.245457| MAE 96.171839
0.03380557522177696,0.034183092415332794,0.02673920802772045,0.018239909783005714
124.08807592165131,145.9760521883641,170.8745256485735,132.04317623650607
Experiment 09-03_23:29
Epoch 0025 [Train seq (cond on sampled tp)] | Loss 2332009.913871 | MAPE 0.027331 | RMSE 69.709690 | MAE 5.479534 | Likelihood -2332005.859698 | KL fp 4.0542 | FP STD 0.3720 | ->nfe   24.00 | <-nfe   24.00
Epoch 0025 [Val seq (cond on sampled tp)] |  MAPE 0.015778 | RMSE 53.618635 | MAE 5.905380 |
Epoch 0025 [Test seq (cond on sampled tp)] | MAPE 0.027780 | RMSE 167.402015| MAE 98.031630
0.029383081942796707,0.03557415306568146,0.026751317083835602,0.019411319866776466
127.7298212108766,166.2982014240533,226.43823316193757,149.1418028044116
Experiment 09-03_23:29
Epoch 0026 [Train seq (cond on sampled tp)] | Loss 2393574.818493 | MAPE 0.022031 | RMSE 73.170728 | MAE 5.094234 | Likelihood -2393571.409739 | KL fp 3.4088 | FP STD 0.3527 | ->nfe   24.00 | <-nfe   24.00
Epoch 0026 [Val seq (cond on sampled tp)] |  MAPE 0.018603 | RMSE 56.937262 | MAE 6.044064 |
Epoch 0026 [Test seq (cond on sampled tp)] | MAPE 0.026763 | RMSE 143.809204| MAE 90.430665
0.026680730283260345,0.03264746442437172,0.024477245286107063,0.023248538374900818
93.54596025316914,138.64447000331458,179.8526197856178,163.19376543889476
Experiment 09-03_23:29
Epoch 0027 [Train seq (cond on sampled tp)] | Loss 2403154.514376 | MAPE 0.042757 | RMSE 73.587845 | MAE 5.741688 | Likelihood -2403150.476788 | KL fp 4.0376 | FP STD 0.3192 | ->nfe   24.00 | <-nfe   24.00
Epoch 0027 [Val seq (cond on sampled tp)] |  MAPE 0.016121 | RMSE 57.804062 | MAE 6.027193 |
Epoch 0027 [Test seq (cond on sampled tp)] | MAPE 0.028119 | RMSE 133.648119| MAE 88.371265
0.031160499900579453,0.03640138730406761,0.024407600983977318,0.020504767075181007
91.7459446481151,134.8652611752745,173.06787753472625,134.9133909101502
Experiment 09-03_23:29
Epoch 0028 [Train seq (cond on sampled tp)] | Loss 2323594.401654 | MAPE 0.023509 | RMSE 68.982860 | MAE 5.095744 | Likelihood -2323590.512849 | KL fp 3.8888 | FP STD 0.3397 | ->nfe   24.00 | <-nfe   24.00
Epoch 0028 [Val seq (cond on sampled tp)] |  MAPE 0.016934 | RMSE 54.047250 | MAE 5.768214 |
Epoch 0028 [Test seq (cond on sampled tp)] | MAPE 0.025691 | RMSE 147.776497| MAE 89.502083
0.030315909534692764,0.02913358435034752,0.02566501498222351,0.017647642642259598
119.26278675549847,146.5941863402161,190.7229154264112,134.52609964008843
0.030315909534692764,0.02913358435034752,0.02566501498222351,0.017647642642259598
119.26278675549847,146.5941863402161,190.7229154264112,134.52609964008843
Epoch 0028 [Test seq (cond on sampled tp)] | Best Test MAPE 0.025691|Best Test RMSE 147.776497|Best Test MAE 89.502083
Experiment 09-03_23:29
Epoch 0029 [Train seq (cond on sampled tp)] | Loss 2417036.173982 | MAPE 0.031811 | RMSE 75.029849 | MAE 5.678974 | Likelihood -2417032.080299 | KL fp 4.0937 | FP STD 0.3357 | ->nfe   24.00 | <-nfe   24.00
Epoch 0029 [Val seq (cond on sampled tp)] |  MAPE 0.020393 | RMSE 73.705190 | MAE 6.612350 |
Epoch 0029 [Test seq (cond on sampled tp)] | MAPE 0.027619 | RMSE 135.667170| MAE 94.687462
0.031680572777986526,0.028895502910017967,0.024403102695941925,0.025497568771243095
110.10374635287167,123.23354590344911,155.99800930220232,153.33337862318172
Experiment 09-03_23:29
Epoch 0030 [Train seq (cond on sampled tp)] | Loss 2277495.164016 | MAPE 0.022782 | RMSE 66.130954 | MAE 5.017948 | Likelihood -2277491.535413 | KL fp 3.6286 | FP STD 0.3946 | ->nfe   24.00 | <-nfe   24.00
Epoch 0030 [Val seq (cond on sampled tp)] |  MAPE 0.025374 | RMSE 53.303888 | MAE 5.774184 |
Epoch 0030 [Test seq (cond on sampled tp)] | MAPE 0.027428 | RMSE 138.316636| MAE 84.451693
0.03240146487951279,0.02850175090134144,0.02679375559091568,0.022015171125531197
113.83702028558197,150.99946321303597,173.23713088026193,115.19293004699767
Experiment 09-03_23:29
Epoch 0031 [Train seq (cond on sampled tp)] | Loss 2290545.352168 | MAPE 0.036457 | RMSE 67.166079 | MAE 5.225372 | Likelihood -2290541.860289 | KL fp 3.4919 | FP STD 0.4235 | ->nfe   24.00 | <-nfe   24.00
Epoch 0031 [Val seq (cond on sampled tp)] |  MAPE 0.017629 | RMSE 59.502876 | MAE 6.035733 |
Epoch 0031 [Test seq (cond on sampled tp)] | MAPE 0.025988 | RMSE 107.176105| MAE 74.345135
0.02796832099556923,0.034892696887254715,0.020558102056384087,0.02053450047969818
80.20637443495373,113.99377638576371,117.52196436996363,116.9823036830785
Experiment 09-03_23:29
Epoch 0032 [Train seq (cond on sampled tp)] | Loss 2280319.547692 | MAPE 0.024679 | RMSE 66.413142 | MAE 5.160164 | Likelihood -2280315.784631 | KL fp 3.7631 | FP STD 0.4287 | ->nfe   24.00 | <-nfe   24.00
Epoch 0032 [Val seq (cond on sampled tp)] |  MAPE 0.017115 | RMSE 52.767011 | MAE 5.662481 |
Epoch 0032 [Test seq (cond on sampled tp)] | MAPE 0.027103 | RMSE 121.641114| MAE 78.108040
0.030741244554519653,0.03294450789690018,0.020550476387143135,0.024175455793738365
101.55610075993711,131.6999356373229,147.13151137885114,106.17690960285339
Experiment 09-03_23:29
Epoch 0033 [Train seq (cond on sampled tp)] | Loss 2300983.426481 | MAPE 0.035553 | RMSE 67.788591 | MAE 5.357039 | Likelihood -2300979.849618 | KL fp 3.5769 | FP STD 0.3873 | ->nfe   24.00 | <-nfe   24.00
Epoch 0033 [Val seq (cond on sampled tp)] |  MAPE 0.019537 | RMSE 67.170623 | MAE 6.589203 |
Epoch 0033 [Test seq (cond on sampled tp)] | MAPE 0.032959 | RMSE 168.654966| MAE 112.068859
0.040189001709222794,0.042090415954589844,0.03198133781552315,0.017573632299900055
153.84780298845675,187.76120347731583,197.52194300570758,135.48891502167254
Experiment 09-03_23:29
Epoch 0034 [Train seq (cond on sampled tp)] | Loss 2349886.922203 | MAPE 0.024337 | RMSE 70.627293 | MAE 5.200887 | Likelihood -2349883.625423 | KL fp 3.2968 | FP STD 0.3810 | ->nfe   24.00 | <-nfe   24.00
Epoch 0034 [Val seq (cond on sampled tp)] |  MAPE 0.015076 | RMSE 52.979244 | MAE 5.680523 |
Best Val!
Epoch 0034 [Test seq (cond on sampled tp)] | MAPE 0.024255 | RMSE 134.178522| MAE 85.681199
0.02644478715956211,0.02869289368391037,0.023184843361377716,0.018698155879974365
93.90409211330996,142.23092743405002,160.78290511781717,139.79616159564253
0.02644478715956211,0.02869289368391037,0.023184843361377716,0.018698155879974365
93.90409211330996,142.23092743405002,160.78290511781717,139.79616159564253
Epoch 0034 [Test seq (cond on sampled tp)] | Best Test MAPE 0.024255|Best Test RMSE 134.178522|Best Test MAE 85.681199
Experiment 09-03_23:29
Epoch 0035 [Train seq (cond on sampled tp)] | Loss 2273352.456850 | MAPE 0.022837 | RMSE 66.306630 | MAE 4.951428 | Likelihood -2273348.919134 | KL fp 3.5377 | FP STD 0.3514 | ->nfe   24.00 | <-nfe   24.00
Epoch 0035 [Val seq (cond on sampled tp)] |  MAPE 0.017385 | RMSE 57.959985 | MAE 5.911171 |
Epoch 0035 [Test seq (cond on sampled tp)] | MAPE 0.023769 | RMSE 121.889862| MAE 81.490280
0.025791218504309654,0.029388131573796272,0.023943569511175156,0.01595434360206127
81.30985475616562,126.50111551509141,140.46216266534202,139.28631567521268
0.025791218504309654,0.029388131573796272,0.023943569511175156,0.01595434360206127
81.30985475616562,126.50111551509141,140.46216266534202,139.28631567521268
Epoch 0035 [Test seq (cond on sampled tp)] | Best Test MAPE 0.023769|Best Test RMSE 121.889862|Best Test MAE 81.490280
Experiment 09-03_23:29
Epoch 0036 [Train seq (cond on sampled tp)] | Loss 2280970.710145 | MAPE 0.021817 | RMSE 66.437775 | MAE 4.987246 | Likelihood -2280966.908712 | KL fp 3.8014 | FP STD 0.3531 | ->nfe   24.00 | <-nfe   24.00
Epoch 0036 [Val seq (cond on sampled tp)] |  MAPE 0.022129 | RMSE 63.627170 | MAE 6.063523 |
Epoch 0036 [Test seq (cond on sampled tp)] | MAPE 0.029763 | RMSE 158.990136| MAE 101.957714
0.03912325203418732,0.0320793017745018,0.02884361892938614,0.019006650894880295
157.14207842745367,167.1857359720021,185.20484857989004,126.42787979343204
Experiment 09-03_23:29
Epoch 0037 [Train seq (cond on sampled tp)] | Loss 2251891.461644 | MAPE 0.028632 | RMSE 64.511789 | MAE 5.088989 | Likelihood -2251887.781794 | KL fp 3.6798 | FP STD 0.3009 | ->nfe   24.00 | <-nfe   24.00
Epoch 0037 [Val seq (cond on sampled tp)] |  MAPE 0.016419 | RMSE 57.230668 | MAE 5.882765 |
Epoch 0037 [Test seq (cond on sampled tp)] | MAPE 0.026387 | RMSE 135.504372| MAE 92.621557
0.030751952901482582,0.03588087856769562,0.02305569313466549,0.015858905389904976
121.78591295281241,147.31759775863506,162.39906119841027,110.51491697956435
Experiment 09-03_23:29
Epoch 0038 [Train seq (cond on sampled tp)] | Loss 2223511.851332 | MAPE 0.026765 | RMSE 62.804678 | MAE 5.055195 | Likelihood -2223508.186323 | KL fp 3.6650 | FP STD 0.3044 | ->nfe   24.00 | <-nfe   24.00
Epoch 0038 [Val seq (cond on sampled tp)] |  MAPE 0.019177 | RMSE 57.931539 | MAE 5.868845 |
Epoch 0038 [Test seq (cond on sampled tp)] | MAPE 0.031464 | RMSE 145.679685| MAE 98.532188
0.03654685989022255,0.035474177449941635,0.030369803309440613,0.0234648697078228
123.87866575050363,159.3588227083772,177.32009478799915,122.1611584457699
Experiment 09-03_23:29
Epoch 0039 [Train seq (cond on sampled tp)] | Loss 2307140.088815 | MAPE 0.025721 | RMSE 67.778592 | MAE 5.245415 | Likelihood -2307136.817678 | KL fp 3.2711 | FP STD 0.2894 | ->nfe   24.00 | <-nfe   24.00
Epoch 0039 [Val seq (cond on sampled tp)] |  MAPE 0.028285 | RMSE 59.411451 | MAE 5.914364 |
Epoch 0039 [Test seq (cond on sampled tp)] | MAPE 0.033199 | RMSE 147.566332| MAE 97.382969
0.03510638326406479,0.030906004831194878,0.036175183951854706,0.030607175081968307
113.96968826731957,147.95728902287985,159.86161007258747,168.47674055897153
Experiment 09-03_23:29
Epoch 0040 [Train seq (cond on sampled tp)] | Loss 2319647.773472 | MAPE 0.090715 | RMSE 68.581745 | MAE 5.908686 | Likelihood -2319643.789992 | KL fp 3.9835 | FP STD 0.2820 | ->nfe   24.00 | <-nfe   24.00
Epoch 0040 [Val seq (cond on sampled tp)] |  MAPE 0.015893 | RMSE 63.754967 | MAE 6.219456 |
Epoch 0040 [Test seq (cond on sampled tp)] | MAPE 0.028821 | RMSE 164.185815| MAE 107.554434
0.03428900986909866,0.03834403306245804,0.0236514899879694,0.018999561667442322
141.19178833682219,180.79599929029126,189.06254132230953,145.6929294355083
Experiment 09-03_23:29
Epoch 0041 [Train seq (cond on sampled tp)] | Loss 2242371.066300 | MAPE 0.030317 | RMSE 63.877943 | MAE 5.252735 | Likelihood -2242367.132625 | KL fp 3.9337 | FP STD 0.2318 | ->nfe   24.00 | <-nfe   24.00
Epoch 0041 [Val seq (cond on sampled tp)] |  MAPE 0.017018 | RMSE 66.146588 | MAE 6.265625 |
Epoch 0041 [Test seq (cond on sampled tp)] | MAPE 0.030097 | RMSE 163.800300| MAE 108.167688
0.03653646633028984,0.04123518988490105,0.0255079735070467,0.017106449231505394
170.00519867970215,192.51168795686146,168.25636712506602,124.42794491818347
Experiment 09-03_23:29
Epoch 0042 [Train seq (cond on sampled tp)] | Loss 2272787.239743 | MAPE 0.023361 | RMSE 65.476039 | MAE 5.161369 | Likelihood -2272783.862509 | KL fp 3.3772 | FP STD 0.3309 | ->nfe   24.00 | <-nfe   24.00
Epoch 0042 [Val seq (cond on sampled tp)] |  MAPE 0.027549 | RMSE 69.195301 | MAE 6.505172 |
Epoch 0042 [Test seq (cond on sampled tp)] | MAPE 0.033610 | RMSE 132.463041| MAE 86.247007
0.03320418298244476,0.028158005326986313,0.0338863804936409,0.03919336572289467
99.53369306263833,111.528925269972,150.3544964720876,168.43504752388975
Experiment 09-03_23:29
Epoch 0043 [Train seq (cond on sampled tp)] | Loss 2296220.000221 | MAPE 0.051756 | RMSE 66.785966 | MAE 5.539755 | Likelihood -2296216.104996 | KL fp 3.8952 | FP STD 0.3538 | ->nfe   24.00 | <-nfe   24.00
Epoch 0043 [Val seq (cond on sampled tp)] |  MAPE 0.014500 | RMSE 56.760371 | MAE 5.811597 |
Best Val!
Epoch 0043 [Test seq (cond on sampled tp)] | MAPE 0.027025 | RMSE 166.586187| MAE 107.777828
0.029727080836892128,0.03403373435139656,0.027079233899712563,0.017260147258639336
158.03260640608318,177.06896939293173,190.09933669663343,141.14383454919312
Experiment 09-03_23:29
Epoch 0044 [Train seq (cond on sampled tp)] | Loss 2389099.634516 | MAPE 0.029676 | RMSE 73.235932 | MAE 5.597437 | Likelihood -2389095.891754 | KL fp 3.7428 | FP STD 0.2907 | ->nfe   24.00 | <-nfe   24.00
Epoch 0044 [Val seq (cond on sampled tp)] |  MAPE 0.015805 | RMSE 61.548612 | MAE 5.861124 |
Epoch 0044 [Test seq (cond on sampled tp)] | MAPE 0.028639 | RMSE 155.886655| MAE 98.206919
0.02929726243019104,0.031875669956207275,0.0289879459887743,0.0243962574750185
128.04916963319207,157.54931023730316,178.87056685631651,159.07757173192266
Experiment 09-03_23:29
Epoch 0045 [Train seq (cond on sampled tp)] | Loss 2282195.588992 | MAPE 0.024980 | RMSE 66.122623 | MAE 5.107997 | Likelihood -2282192.047570 | KL fp 3.5414 | FP STD 0.3393 | ->nfe   24.00 | <-nfe   24.00
Epoch 0045 [Val seq (cond on sampled tp)] |  MAPE 0.029850 | RMSE 59.983620 | MAE 6.091725 |
Epoch 0045 [Test seq (cond on sampled tp)] | MAPE 0.030870 | RMSE 149.358809| MAE 90.253763
0.029322480782866478,0.02794100157916546,0.03452181816101074,0.03169460594654083
142.1439081529701,153.52298407933907,159.02436920170442,142.74397289159006
Experiment 09-03_23:29
Epoch 0046 [Train seq (cond on sampled tp)] | Loss 2287315.258816 | MAPE 0.039456 | RMSE 66.050991 | MAE 5.273029 | Likelihood -2287311.329887 | KL fp 3.9289 | FP STD 0.3006 | ->nfe   24.00 | <-nfe   24.00
Epoch 0046 [Val seq (cond on sampled tp)] |  MAPE 0.015309 | RMSE 56.932800 | MAE 5.885493 |
Epoch 0046 [Test seq (cond on sampled tp)] | MAPE 0.029212 | RMSE 151.640482| MAE 99.766998
0.03365698829293251,0.03941654413938522,0.02630181983113289,0.017473790794610977
127.28714616223039,157.54415303733109,174.60913380855825,147.12149528535932
Experiment 09-03_23:29
Epoch 0047 [Train seq (cond on sampled tp)] | Loss 2257705.999408 | MAPE 0.024619 | RMSE 65.027769 | MAE 5.155551 | Likelihood -2257702.305544 | KL fp 3.6939 | FP STD 0.3747 | ->nfe   24.00 | <-nfe   24.00
Epoch 0047 [Val seq (cond on sampled tp)] |  MAPE 0.016717 | RMSE 57.083255 | MAE 5.843998 |
Epoch 0047 [Test seq (cond on sampled tp)] | MAPE 0.027700 | RMSE 186.054852| MAE 107.683064
0.029727838933467865,0.03673774003982544,0.025507325306534767,0.018828216940164566
138.67393044251324,185.4485798846947,241.77344444231255,178.3234530460029
Experiment 09-03_23:29
Epoch 0048 [Train seq (cond on sampled tp)] | Loss 2510100.777694 | MAPE 0.028113 | RMSE 79.455084 | MAE 5.306874 | Likelihood -2510097.690152 | KL fp 3.0875 | FP STD 0.4953 | ->nfe   24.00 | <-nfe   24.00
Epoch 0048 [Val seq (cond on sampled tp)] |  MAPE 0.018576 | RMSE 56.806114 | MAE 5.898586 |
Epoch 0048 [Test seq (cond on sampled tp)] | MAPE 0.027016 | RMSE 190.845867| MAE 108.532385
0.03033578395843506,0.03486467897891998,0.022324051707983017,0.020538996905088425
141.3642720841267,204.11746005670364,249.7028624810897,168.19887433667623
Experiment 09-03_23:29
Epoch 0049 [Train seq (cond on sampled tp)] | Loss 2448527.490191 | MAPE 0.027879 | RMSE 76.229232 | MAE 5.293191 | Likelihood -2448523.998317 | KL fp 3.4919 | FP STD 0.3999 | ->nfe   24.00 | <-nfe   24.00
Epoch 0049 [Val seq (cond on sampled tp)] |  MAPE 0.023913 | RMSE 65.940118 | MAE 6.188635 |
Epoch 0049 [Test seq (cond on sampled tp)] | MAPE 0.032594 | RMSE 180.660092| MAE 108.354771
0.03996411710977554,0.030588824301958084,0.032515425235033035,0.02730896882712841
153.37706931163146,184.54796971248425,220.66644440761718,164.04888633994136
Experiment 09-03_23:29
Epoch 0050 [Train seq (cond on sampled tp)] | Loss 2535884.851217 | MAPE 0.053023 | RMSE 80.577959 | MAE 5.622303 | Likelihood -2535881.241817 | KL fp 3.6094 | FP STD 0.3391 | ->nfe   24.00 | <-nfe   24.00
Epoch 0050 [Val seq (cond on sampled tp)] |  MAPE 0.018976 | RMSE 75.238838 | MAE 6.345414 |
Epoch 0050 [Test seq (cond on sampled tp)] | MAPE 0.033106 | RMSE 196.687898| MAE 122.135830
0.02871713787317276,0.034636128693819046,0.03656166046857834,0.03250855207443237
163.05778069061898,210.6570543116228,234.4946861071696,178.54207202890584
Experiment 09-03_23:29
Epoch 0051 [Train seq (cond on sampled tp)] | Loss 2620057.733178 | MAPE 0.028964 | RMSE 85.138798 | MAE 5.599994 | Likelihood -2620054.087251 | KL fp 3.6459 | FP STD 0.2972 | ->nfe   24.00 | <-nfe   24.00
Epoch 0051 [Val seq (cond on sampled tp)] |  MAPE 0.021896 | RMSE 78.225023 | MAE 6.617918 |
Epoch 0051 [Test seq (cond on sampled tp)] | MAPE 0.032656 | RMSE 170.141476| MAE 105.455082
0.02861795760691166,0.03652909770607948,0.0335686169564724,0.031906962394714355
110.35910400115388,171.30569919919478,225.68522395695294,173.21587754699337
Experiment 09-03_23:29
Epoch 0052 [Train seq (cond on sampled tp)] | Loss 2271987.486675 | MAPE 0.026864 | RMSE 65.875197 | MAE 5.276982 | Likelihood -2271983.571780 | KL fp 3.9149 | FP STD 0.3476 | ->nfe   24.00 | <-nfe   24.00
Epoch 0052 [Val seq (cond on sampled tp)] |  MAPE 0.017880 | RMSE 59.584978 | MAE 6.017939 |
Epoch 0052 [Test seq (cond on sampled tp)] | MAPE 0.028479 | RMSE 194.760702| MAE 122.725382
0.03307100757956505,0.033524222671985626,0.028506819158792496,0.01881418004631996
148.72713190815253,187.22188749248843,258.75738214107054,184.33640485875273
Experiment 09-03_23:29
Epoch 0053 [Train seq (cond on sampled tp)] | Loss 2322707.713033 | MAPE 0.037781 | RMSE 68.892976 | MAE 5.619754 | Likelihood -2322703.878062 | KL fp 3.8350 | FP STD 0.3106 | ->nfe   24.00 | <-nfe   24.00
Epoch 0053 [Val seq (cond on sampled tp)] |  MAPE 0.018909 | RMSE 59.342954 | MAE 6.074311 |
Epoch 0053 [Test seq (cond on sampled tp)] | MAPE 0.028054 | RMSE 156.292184| MAE 102.245272
0.03394041955471039,0.03321399167180061,0.024326549842953682,0.020733747631311417
130.62415520061748,158.7116649088056,200.9057712119042,134.9271432454382
Experiment 09-03_23:29
Epoch 0054 [Train seq (cond on sampled tp)] | Loss 2238032.079618 | MAPE 0.026888 | RMSE 63.502343 | MAE 5.318630 | Likelihood -2238028.208956 | KL fp 3.8707 | FP STD 0.3166 | ->nfe   24.00 | <-nfe   24.00
Epoch 0054 [Val seq (cond on sampled tp)] |  MAPE 0.033044 | RMSE 56.896227 | MAE 6.058289 |
Epoch 0054 [Test seq (cond on sampled tp)] | MAPE 0.029997 | RMSE 145.959933| MAE 88.003150
0.03050871565937996,0.02981419488787651,0.030966658145189285,0.028699547052383423
103.11778857361372,142.2492791611789,179.49419493572765,158.9784711741656
Experiment 09-03_23:29
Epoch 0055 [Train seq (cond on sampled tp)] | Loss 2336959.392666 | MAPE 0.137815 | RMSE 69.292542 | MAE 6.143464 | Likelihood -2336955.444889 | KL fp 3.9478 | FP STD 0.3512 | ->nfe   24.00 | <-nfe   24.00
Epoch 0055 [Val seq (cond on sampled tp)] |  MAPE 0.017090 | RMSE 60.350047 | MAE 6.187592 |
Epoch 0055 [Test seq (cond on sampled tp)] | MAPE 0.034010 | RMSE 167.447560| MAE 111.596930
0.03566199168562889,0.04380904138088226,0.03201337903738022,0.024555111303925514
133.8160832658952,164.02577565164873,196.36875387902222,175.57962603367454
Experiment 09-03_23:29
Epoch 0056 [Train seq (cond on sampled tp)] | Loss 2242337.050739 | MAPE 0.029356 | RMSE 63.920688 | MAE 5.192818 | Likelihood -2242333.259722 | KL fp 3.7910 | FP STD 0.3850 | ->nfe   24.00 | <-nfe   24.00
Epoch 0056 [Val seq (cond on sampled tp)] |  MAPE 0.015827 | RMSE 65.186665 | MAE 6.035897 |
Epoch 0056 [Test seq (cond on sampled tp)] | MAPE 0.027571 | RMSE 189.278004| MAE 115.270987
0.03245845064520836,0.034932952374219894,0.02806653454899788,0.014825460501015186
180.69002397925846,196.06589692626304,226.94470347972432,153.41139034471985
Experiment 09-03_23:29
Epoch 0057 [Train seq (cond on sampled tp)] | Loss 2428345.205148 | MAPE 0.034976 | RMSE 74.371377 | MAE 5.266515 | Likelihood -2428342.207052 | KL fp 2.9981 | FP STD 0.4372 | ->nfe   24.00 | <-nfe   24.00
Epoch 0057 [Val seq (cond on sampled tp)] |  MAPE 0.022784 | RMSE 53.122941 | MAE 5.829544 |
Epoch 0057 [Test seq (cond on sampled tp)] | MAPE 0.026321 | RMSE 148.128824| MAE 88.349037
0.033013492822647095,0.026477571576833725,0.021672073751688004,0.024121318012475967
120.45633042336338,159.47217625654952,171.88701094396285,140.69977872894825
Experiment 09-03_23:29
Epoch 0058 [Train seq (cond on sampled tp)] | Loss 2274131.985553 | MAPE 0.048907 | RMSE 65.609946 | MAE 5.491971 | Likelihood -2274127.790905 | KL fp 4.1946 | FP STD 0.4103 | ->nfe   24.00 | <-nfe   24.00
Epoch 0058 [Val seq (cond on sampled tp)] |  MAPE 0.015304 | RMSE 57.637696 | MAE 5.875589 |
Epoch 0058 [Test seq (cond on sampled tp)] | MAPE 0.027840 | RMSE 162.251404| MAE 104.160433
0.032158978283405304,0.03703737631440163,0.02553209662437439,0.016629721969366074
143.8379214819583,176.4985558988373,182.85667201390274,145.81246651306944
Experiment 09-03_23:29
Epoch 0059 [Train seq (cond on sampled tp)] | Loss 2250953.258955 | MAPE 0.037298 | RMSE 64.267367 | MAE 5.334350 | Likelihood -2250949.443236 | KL fp 3.8157 | FP STD 0.3445 | ->nfe   24.00 | <-nfe   24.00
Epoch 0059 [Val seq (cond on sampled tp)] |  MAPE 0.016033 | RMSE 54.434392 | MAE 5.651622 |
Epoch 0059 [Test seq (cond on sampled tp)] | MAPE 0.024497 | RMSE 175.004837| MAE 106.220331
0.027881521731615067,0.03150307014584541,0.022958924993872643,0.015645544975996017
152.84451351782306,192.03698374271556,209.54716801951776,145.5906813102233
Experiment 09-03_23:29
Epoch 0060 [Train seq (cond on sampled tp)] | Loss 2251765.235654 | MAPE 0.029627 | RMSE 64.533375 | MAE 4.983418 | Likelihood -2251761.651597 | KL fp 3.5841 | FP STD 0.4122 | ->nfe   24.00 | <-nfe   24.00
Epoch 0060 [Val seq (cond on sampled tp)] |  MAPE 0.016909 | RMSE 56.242115 | MAE 5.980157 |
Epoch 0060 [Test seq (cond on sampled tp)] | MAPE 0.023736 | RMSE 127.266581| MAE 84.252863
0.023527612909674644,0.028913861140608788,0.022161757573485374,0.020340509712696075
94.3966241782512,123.8779129009183,152.79746219464838,137.99432449832855
0.023527612909674644,0.028913861140608788,0.022161757573485374,0.020340509712696075
94.3966241782512,123.8779129009183,152.79746219464838,137.99432449832855
Epoch 0060 [Test seq (cond on sampled tp)] | Best Test MAPE 0.023736|Best Test RMSE 127.266581|Best Test MAE 84.252863
Experiment 09-03_23:29
Epoch 0061 [Train seq (cond on sampled tp)] | Loss 2224692.709042 | MAPE 0.038778 | RMSE 62.621962 | MAE 4.974402 | Likelihood -2224689.063142 | KL fp 3.6459 | FP STD 0.4418 | ->nfe   24.00 | <-nfe   24.00
Epoch 0061 [Val seq (cond on sampled tp)] |  MAPE 0.036647 | RMSE 55.994461 | MAE 6.014416 |
Epoch 0061 [Test seq (cond on sampled tp)] | MAPE 0.037631 | RMSE 136.869874| MAE 86.954664
0.043387364596128464,0.03640912473201752,0.03593127056956291,0.03479790315032005
109.97573418429631,130.58269350779221,154.62321896710728,152.29784885422708
Experiment 09-03_23:29
Epoch 0062 [Train seq (cond on sampled tp)] | Loss 2299867.452958 | MAPE 0.094820 | RMSE 67.098303 | MAE 5.780685 | Likelihood -2299863.498059 | KL fp 3.9549 | FP STD 0.3176 | ->nfe   24.00 | <-nfe   24.00
Epoch 0062 [Val seq (cond on sampled tp)] |  MAPE 0.019132 | RMSE 61.416686 | MAE 6.205794 |
Epoch 0062 [Test seq (cond on sampled tp)] | MAPE 0.028903 | RMSE 154.919804| MAE 104.605181
0.03651813417673111,0.03772146627306938,0.024461103603243828,0.016911132261157036
145.16726613203818,169.11669648869682,172.76044650034916,132.6348076015493
Experiment 09-03_23:29
Epoch 0063 [Train seq (cond on sampled tp)] | Loss 2220300.373561 | MAPE 0.032861 | RMSE 62.246626 | MAE 5.079304 | Likelihood -2220296.460371 | KL fp 3.9132 | FP STD 0.3572 | ->nfe   24.00 | <-nfe   24.00
Epoch 0063 [Val seq (cond on sampled tp)] |  MAPE 0.019652 | RMSE 51.877010 | MAE 5.701631 |
Epoch 0063 [Test seq (cond on sampled tp)] | MAPE 0.026862 | RMSE 149.537351| MAE 89.161095
0.0317331925034523,0.023973969742655754,0.03044796921312809,0.021294260397553444
134.18999619243232,152.7381721075318,170.05009601952597,141.17114087385212
Experiment 09-03_23:29
Epoch 0064 [Train seq (cond on sampled tp)] | Loss 2278221.288987 | MAPE 0.038891 | RMSE 65.403816 | MAE 5.209327 | Likelihood -2278217.660552 | KL fp 3.6284 | FP STD 0.3522 | ->nfe   24.00 | <-nfe   24.00
Epoch 0064 [Val seq (cond on sampled tp)] |  MAPE 0.020019 | RMSE 56.687470 | MAE 5.933579 |
Epoch 0064 [Test seq (cond on sampled tp)] | MAPE 0.026697 | RMSE 158.992149| MAE 98.378807
0.03527456521987915,0.028923384845256805,0.02573036588728428,0.016858883202075958
128.00602707978246,161.5646276455648,178.40221301703352,167.99572748473398
Experiment 09-03_23:29
Epoch 0065 [Train seq (cond on sampled tp)] | Loss 2341178.798952 | MAPE 0.040210 | RMSE 70.189846 | MAE 5.535416 | Likelihood -2341174.667487 | KL fp 4.1315 | FP STD 0.3460 | ->nfe   24.00 | <-nfe   24.00
Epoch 0065 [Val seq (cond on sampled tp)] |  MAPE 0.018880 | RMSE 61.541902 | MAE 6.294593 |
Epoch 0065 [Test seq (cond on sampled tp)] | MAPE 0.026511 | RMSE 144.188908| MAE 91.921968
0.027410335838794708,0.03458704799413681,0.024690277874469757,0.019356675446033478
115.09442879245937,151.81954363034095,165.17104061018082,144.67061861561592
Experiment 09-03_23:29
Epoch 0066 [Train seq (cond on sampled tp)] | Loss 2308305.349167 | MAPE 0.038677 | RMSE 67.186421 | MAE 5.387413 | Likelihood -2308301.849424 | KL fp 3.4997 | FP STD 0.4032 | ->nfe   24.00 | <-nfe   24.00
Epoch 0066 [Val seq (cond on sampled tp)] |  MAPE 0.017398 | RMSE 53.531786 | MAE 5.831665 |
Epoch 0066 [Test seq (cond on sampled tp)] | MAPE 0.026677 | RMSE 158.156395| MAE 100.774841
0.027198297902941704,0.03502008691430092,0.024602102115750313,0.019889118149876595
116.0830033720484,156.51375239096404,225.51930522961888,134.5095184248126
Experiment 09-03_23:29
Epoch 0067 [Train seq (cond on sampled tp)] | Loss 2237368.305470 | MAPE 0.057517 | RMSE 64.030778 | MAE 5.213494 | Likelihood -2237364.456938 | KL fp 3.8485 | FP STD 0.4647 | ->nfe   24.00 | <-nfe   24.00
Epoch 0067 [Val seq (cond on sampled tp)] |  MAPE 0.019517 | RMSE 51.065287 | MAE 5.598498 |
Epoch 0067 [Test seq (cond on sampled tp)] | MAPE 0.023512 | RMSE 167.610016| MAE 100.574814
0.02275232970714569,0.03062448836863041,0.024707626551389694,0.015964489430189133
125.04060278065681,160.40766546716213,226.97743899449566,158.0143572887445
0.02275232970714569,0.03062448836863041,0.024707626551389694,0.015964489430189133
125.04060278065681,160.40766546716213,226.97743899449566,158.0143572887445
Epoch 0067 [Test seq (cond on sampled tp)] | Best Test MAPE 0.023512|Best Test RMSE 167.610016|Best Test MAE 100.574814
Experiment 09-03_23:29
Epoch 0068 [Train seq (cond on sampled tp)] | Loss 2263992.788872 | MAPE 0.059531 | RMSE 65.463401 | MAE 5.173147 | Likelihood -2263988.810870 | KL fp 3.9780 | FP STD 0.2835 | ->nfe   24.00 | <-nfe   24.00
Epoch 0068 [Val seq (cond on sampled tp)] |  MAPE 0.022419 | RMSE 58.648433 | MAE 6.026564 |
Epoch 0068 [Test seq (cond on sampled tp)] | MAPE 0.026532 | RMSE 148.357512| MAE 87.578286
0.02925376407802105,0.0265496876090765,0.028221361339092255,0.0221040491014719
89.3224769182567,119.0274103476275,211.12954220987172,173.950620462748
Experiment 09-03_23:29
Epoch 0069 [Train seq (cond on sampled tp)] | Loss 2231961.483218 | MAPE 0.042969 | RMSE 62.787854 | MAE 5.111155 | Likelihood -2231957.812093 | KL fp 3.6711 | FP STD 0.3889 | ->nfe   24.00 | <-nfe   24.00
Epoch 0069 [Val seq (cond on sampled tp)] |  MAPE 0.026931 | RMSE 54.173822 | MAE 5.858632 |
Epoch 0069 [Test seq (cond on sampled tp)] | MAPE 0.029216 | RMSE 153.992272| MAE 92.085993
0.031587425619363785,0.030219795182347298,0.03146059066057205,0.023594381287693977
98.36617455647546,136.09523894133844,206.35992335904277,175.14775012828454
Experiment 09-03_23:29
Epoch 0070 [Train seq (cond on sampled tp)] | Loss 2359361.412884 | MAPE 0.062681 | RMSE 71.438200 | MAE 5.909210 | Likelihood -2359357.464140 | KL fp 3.9487 | FP STD 0.3557 | ->nfe   24.00 | <-nfe   24.00
Epoch 0070 [Val seq (cond on sampled tp)] |  MAPE 0.018726 | RMSE 63.361826 | MAE 5.854134 |
Epoch 0070 [Test seq (cond on sampled tp)] | MAPE 0.023415 | RMSE 183.884957| MAE 103.081120
0.021704580634832382,0.025394612923264503,0.02734333649277687,0.01921805739402771
147.3069048576814,190.46325104859469,235.52490413701477,162.2447695131495
0.021704580634832382,0.025394612923264503,0.02734333649277687,0.01921805739402771
147.3069048576814,190.46325104859469,235.52490413701477,162.2447695131495
Epoch 0070 [Test seq (cond on sampled tp)] | Best Test MAPE 0.023415|Best Test RMSE 183.884957|Best Test MAE 103.081120
Experiment 09-03_23:29
Epoch 0071 [Train seq (cond on sampled tp)] | Loss 2425761.177714 | MAPE 0.042782 | RMSE 74.655857 | MAE 5.447386 | Likelihood -2425757.923214 | KL fp 3.2545 | FP STD 0.3781 | ->nfe   24.00 | <-nfe   24.00
Epoch 0071 [Val seq (cond on sampled tp)] |  MAPE 0.018520 | RMSE 71.454644 | MAE 6.215146 |
Epoch 0071 [Test seq (cond on sampled tp)] | MAPE 0.030078 | RMSE 224.275742| MAE 128.878204
0.03408098220825195,0.034763988107442856,0.029396118596196175,0.022072793915867805
188.82660903921882,225.22635315666327,273.87002220487733,209.17998380581255
Experiment 09-03_23:29
Epoch 0072 [Train seq (cond on sampled tp)] | Loss 2318766.803404 | MAPE 0.043341 | RMSE 68.583934 | MAE 5.203788 | Likelihood -2318763.329580 | KL fp 3.4738 | FP STD 0.3950 | ->nfe   24.00 | <-nfe   24.00
Epoch 0072 [Val seq (cond on sampled tp)] |  MAPE 0.033057 | RMSE 74.658905 | MAE 6.672015 |
Epoch 0072 [Test seq (cond on sampled tp)] | MAPE 0.031498 | RMSE 206.723500| MAE 113.081377
0.031973522156476974,0.03366643935441971,0.03180941566824913,0.02854127064347267
175.6159083500837,183.77967447462737,267.0273423499923,200.47107607769755
Experiment 09-03_23:29
Epoch 0073 [Train seq (cond on sampled tp)] | Loss 2341811.901896 | MAPE 0.082341 | RMSE 69.592453 | MAE 5.559689 | Likelihood -2341808.187028 | KL fp 3.7149 | FP STD 0.3133 | ->nfe   24.00 | <-nfe   24.00
Epoch 0073 [Val seq (cond on sampled tp)] |  MAPE 0.018510 | RMSE 68.952026 | MAE 6.409583 |
Epoch 0073 [Test seq (cond on sampled tp)] | MAPE 0.028896 | RMSE 218.601128| MAE 129.297832
0.03261566534638405,0.03762757033109665,0.025594228878617287,0.019745787605643272
175.9509985940688,240.06292306653688,261.48189468871453,196.90869751295904
Experiment 09-03_23:29
Epoch 0074 [Train seq (cond on sampled tp)] | Loss 2427631.246118 | MAPE 0.047745 | RMSE 75.366165 | MAE 5.344608 | Likelihood -2427627.570219 | KL fp 3.6759 | FP STD 0.3207 | ->nfe   24.00 | <-nfe   24.00
Epoch 0074 [Val seq (cond on sampled tp)] |  MAPE 0.019878 | RMSE 67.538115 | MAE 6.438554 |
Epoch 0074 [Test seq (cond on sampled tp)] | MAPE 0.026241 | RMSE 196.938471| MAE 118.040293
0.03110642544925213,0.03325614333152771,0.023865366354584694,0.016735730692744255
171.36467989531857,183.29320346783183,247.89558033575346,185.2004193097305
Experiment 09-03_23:29
Epoch 0075 [Train seq (cond on sampled tp)] | Loss 2303205.851447 | MAPE 0.059538 | RMSE 66.965304 | MAE 5.438902 | Likelihood -2303202.406615 | KL fp 3.4448 | FP STD 0.4922 | ->nfe   24.00 | <-nfe   24.00
Epoch 0075 [Val seq (cond on sampled tp)] |  MAPE 0.023690 | RMSE 69.765294 | MAE 6.523073 |
Epoch 0075 [Test seq (cond on sampled tp)] | MAPE 0.029521 | RMSE 189.449128| MAE 118.494553
0.030433306470513344,0.03436121717095375,0.03211401030421257,0.021176757290959358
152.90392842607085,191.35119871586903,229.11324472026928,184.4281385289403
Experiment 09-03_23:29
Epoch 0076 [Train seq (cond on sampled tp)] | Loss 2278882.501185 | MAPE 0.061337 | RMSE 65.774678 | MAE 5.417523 | Likelihood -2278879.261023 | KL fp 3.2402 | FP STD 0.6551 | ->nfe   24.00 | <-nfe   24.00
Epoch 0076 [Val seq (cond on sampled tp)] |  MAPE 0.023205 | RMSE 76.983165 | MAE 6.488697 |
Epoch 0076 [Test seq (cond on sampled tp)] | MAPE 0.027489 | RMSE 151.155708| MAE 97.443024
0.03199033439159393,0.030580690130591393,0.025330638512969017,0.022053007036447525
121.39840708257873,145.82496330146975,176.42180234809416,160.97765882452447
Experiment 09-03_23:29
Epoch 0077 [Train seq (cond on sampled tp)] | Loss 2341940.660741 | MAPE 0.075406 | RMSE 69.584169 | MAE 5.689546 | Likelihood -2341936.667160 | KL fp 3.9936 | FP STD 0.5032 | ->nfe   24.00 | <-nfe   24.00
Epoch 0077 [Val seq (cond on sampled tp)] |  MAPE 0.022785 | RMSE 71.400981 | MAE 6.660965 |
Epoch 0077 [Test seq (cond on sampled tp)] | MAPE 0.032281 | RMSE 195.381232| MAE 132.488899
0.033611685037612915,0.0390329509973526,0.031734973192214966,0.024742931127548218
167.38864068762254,211.21152571237678,230.88444925167653,172.04031254512705
Experiment 09-03_23:29
Epoch 0078 [Train seq (cond on sampled tp)] | Loss 2421668.967322 | MAPE 0.071115 | RMSE 74.301049 | MAE 5.612778 | Likelihood -2421665.194735 | KL fp 3.7726 | FP STD 0.3212 | ->nfe   24.00 | <-nfe   24.00
Epoch 0078 [Val seq (cond on sampled tp)] |  MAPE 0.020525 | RMSE 58.202989 | MAE 6.026838 |
Epoch 0078 [Test seq (cond on sampled tp)] | MAPE 0.025324 | RMSE 154.140777| MAE 94.255920
0.02389896847307682,0.031237062066793442,0.023788513615727425,0.022371670231223106
115.3679109753336,158.6723973711244,192.07037081171578,150.45242967047758
Experiment 09-03_23:29
Epoch 0079 [Train seq (cond on sampled tp)] | Loss 2406799.801406 | MAPE 0.064286 | RMSE 73.262627 | MAE 5.602708 | Likelihood -2406796.574353 | KL fp 3.2271 | FP STD 0.4814 | ->nfe   24.00 | <-nfe   24.00
Epoch 0079 [Val seq (cond on sampled tp)] |  MAPE 0.022969 | RMSE 63.643199 | MAE 6.477582 |
Epoch 0079 [Test seq (cond on sampled tp)] | MAPE 0.033682 | RMSE 175.924404| MAE 121.061665
0.036964524537324905,0.03998241946101189,0.032168421894311905,0.02561130002140999
145.1480453816895,179.7860816533082,204.73040580846802,174.0330821191046
Experiment 09-03_23:29
Epoch 0080 [Train seq (cond on sampled tp)] | Loss 2331305.142243 | MAPE 0.067453 | RMSE 69.156500 | MAE 5.412840 | Likelihood -2331301.432297 | KL fp 3.7099 | FP STD 0.5197 | ->nfe   24.00 | <-nfe   24.00
Epoch 0080 [Val seq (cond on sampled tp)] |  MAPE 0.021734 | RMSE 68.230312 | MAE 6.369850 |
Epoch 0080 [Test seq (cond on sampled tp)] | MAPE 0.029620 | RMSE 170.637772| MAE 110.647566
0.033459603786468506,0.03561220318078995,0.0286527331918478,0.02075485698878765
143.3842289422899,171.61390964713496,211.10272232967532,156.4502279580474
Experiment 09-03_23:29
Epoch 0081 [Train seq (cond on sampled tp)] | Loss 2261233.655684 | MAPE 0.069361 | RMSE 64.999582 | MAE 5.139474 | Likelihood -2261230.049375 | KL fp 3.6063 | FP STD 0.3720 | ->nfe   24.00 | <-nfe   24.00
Epoch 0081 [Val seq (cond on sampled tp)] |  MAPE 0.020653 | RMSE 59.230620 | MAE 5.908992 |
Epoch 0081 [Test seq (cond on sampled tp)] | MAPE 0.027794 | RMSE 160.579295| MAE 102.531097
0.032852232456207275,0.031552135944366455,0.029424242675304413,0.017347780987620354
136.97461415121782,162.74435354068356,205.59218963156164,137.00602319104442
Experiment 09-03_23:29
Epoch 0082 [Train seq (cond on sampled tp)] | Loss 2236947.342917 | MAPE 0.069505 | RMSE 63.095036 | MAE 5.297349 | Likelihood -2236943.636489 | KL fp 3.7064 | FP STD 0.4412 | ->nfe   24.00 | <-nfe   24.00
Epoch 0082 [Val seq (cond on sampled tp)] |  MAPE 0.026624 | RMSE 63.967456 | MAE 6.331155 |
Epoch 0082 [Test seq (cond on sampled tp)] | MAPE 0.032768 | RMSE 157.357347| MAE 98.500757
0.03425132855772972,0.02856394276022911,0.03873712196946144,0.02952123060822487
116.41546104496817,159.77130873141772,187.79545471735997,165.44716277976784
Experiment 09-03_23:29
Epoch 0083 [Train seq (cond on sampled tp)] | Loss 2305748.668733 | MAPE 0.081210 | RMSE 67.481194 | MAE 5.653475 | Likelihood -2305745.197034 | KL fp 3.4717 | FP STD 0.5800 | ->nfe   24.00 | <-nfe   24.00
Epoch 0083 [Val seq (cond on sampled tp)] |  MAPE 0.024573 | RMSE 78.065609 | MAE 6.258290 |
Epoch 0083 [Test seq (cond on sampled tp)] | MAPE 0.034295 | RMSE 180.009368| MAE 113.532276
0.03634972870349884,0.035403426736593246,0.03852974623441696,0.026896221563220024
143.4230452956393,195.89228944116203,222.29303928036074,158.4290986431312
Experiment 09-03_23:29
Epoch 0084 [Train seq (cond on sampled tp)] | Loss 2418650.110976 | MAPE 0.068197 | RMSE 74.944775 | MAE 5.404201 | Likelihood -2418646.330192 | KL fp 3.7808 | FP STD 0.4066 | ->nfe   24.00 | <-nfe   24.00
Epoch 0084 [Val seq (cond on sampled tp)] |  MAPE 0.020948 | RMSE 76.249414 | MAE 6.423753 |
Epoch 0084 [Test seq (cond on sampled tp)] | MAPE 0.031638 | RMSE 203.399141| MAE 125.382231
0.03236794471740723,0.03698337450623512,0.03528961166739464,0.021912815049290657
188.9587731986795,218.54207975810974,231.95846712019375,174.137242704928
Experiment 09-03_23:29
Epoch 0085 [Train seq (cond on sampled tp)] | Loss 2426698.834603 | MAPE 0.066256 | RMSE 74.476406 | MAE 5.432920 | Likelihood -2426695.261508 | KL fp 3.5731 | FP STD 0.4272 | ->nfe   24.00 | <-nfe   24.00
Epoch 0085 [Val seq (cond on sampled tp)] |  MAPE 0.030838 | RMSE 73.006401 | MAE 6.741016 |
Epoch 0085 [Test seq (cond on sampled tp)] | MAPE 0.036945 | RMSE 219.418247| MAE 128.700590
0.039174627512693405,0.03624808415770531,0.04091840982437134,0.031438205391168594
200.18220216218023,228.91951540060975,244.34055064090364,204.23072124438087
Experiment 09-03_23:29
Epoch 0086 [Train seq (cond on sampled tp)] | Loss 2414110.794120 | MAPE 0.082745 | RMSE 73.957211 | MAE 5.497308 | Likelihood -2414106.927928 | KL fp 3.8662 | FP STD 0.3642 | ->nfe   24.00 | <-nfe   24.00
Epoch 0086 [Val seq (cond on sampled tp)] |  MAPE 0.020784 | RMSE 67.709765 | MAE 6.143555 |
Epoch 0086 [Test seq (cond on sampled tp)] | MAPE 0.031659 | RMSE 214.224105| MAE 128.990124
0.034210801124572754,0.04071292281150818,0.027716517448425293,0.02399543486535549
184.62316984536366,242.1817983199811,224.0521353948674,206.03931474053684
Experiment 09-03_23:29
Epoch 0087 [Train seq (cond on sampled tp)] | Loss 2332631.950571 | MAPE 0.066662 | RMSE 70.115334 | MAE 5.175131 | Likelihood -2332628.048592 | KL fp 3.9020 | FP STD 0.3111 | ->nfe   24.00 | <-nfe   24.00
Epoch 0087 [Val seq (cond on sampled tp)] |  MAPE 0.020212 | RMSE 58.044084 | MAE 6.049659 |
Epoch 0087 [Test seq (cond on sampled tp)] | MAPE 0.031528 | RMSE 165.968323| MAE 102.782887
0.023852253332734108,0.03311527520418167,0.038292620331048965,0.03085251897573471
112.50934422999052,160.16592958553952,223.0551623898223,168.1428545352136
Experiment 09-03_23:29
Epoch 0088 [Train seq (cond on sampled tp)] | Loss 2196412.080508 | MAPE 0.058459 | RMSE 60.611412 | MAE 5.039514 | Likelihood -2196408.000209 | KL fp 4.0803 | FP STD 0.2926 | ->nfe   24.00 | <-nfe   24.00
Epoch 0088 [Val seq (cond on sampled tp)] |  MAPE 0.027096 | RMSE 58.270018 | MAE 6.094614 |
Epoch 0088 [Test seq (cond on sampled tp)] | MAPE 0.030918 | RMSE 159.671599| MAE 103.334982
0.03196733072400093,0.033730071038007736,0.031176099553704262,0.026797642931342125
126.88446701133279,161.3417011539484,202.69505459248384,147.7651747706475
Experiment 09-03_23:29
Epoch 0089 [Train seq (cond on sampled tp)] | Loss 2277022.069902 | MAPE 0.064983 | RMSE 66.054264 | MAE 5.209014 | Likelihood -2277018.350074 | KL fp 3.7198 | FP STD 0.3939 | ->nfe   24.00 | <-nfe   24.00
Epoch 0089 [Val seq (cond on sampled tp)] |  MAPE 0.027095 | RMSE 58.227097 | MAE 5.996160 |
Epoch 0089 [Test seq (cond on sampled tp)] | MAPE 0.030307 | RMSE 151.737506| MAE 96.696774
0.03413437306880951,0.03332452103495598,0.030952371656894684,0.02281547337770462
121.18405906667346,157.36736106361127,192.75052691237968,135.64807551390103
Experiment 09-03_23:29
Epoch 0090 [Train seq (cond on sampled tp)] | Loss 2211010.567111 | MAPE 0.061345 | RMSE 61.591118 | MAE 5.056020 | Likelihood -2211006.465471 | KL fp 4.1016 | FP STD 0.3083 | ->nfe   24.00 | <-nfe   24.00
Epoch 0090 [Val seq (cond on sampled tp)] |  MAPE 0.018645 | RMSE 55.144163 | MAE 5.791399 |
Epoch 0090 [Test seq (cond on sampled tp)] | MAPE 0.025457 | RMSE 147.827242| MAE 96.205822
0.02823471650481224,0.032239578664302826,0.023824887350201607,0.01752823404967785
128.3370273074961,163.69585221150228,183.55704154294926,115.71904536824307
Experiment 09-03_23:29
Epoch 0091 [Train seq (cond on sampled tp)] | Loss 2197184.743609 | MAPE 0.067107 | RMSE 60.568085 | MAE 5.145816 | Likelihood -2197180.836194 | KL fp 3.9074 | FP STD 0.3611 | ->nfe   24.00 | <-nfe   24.00
Epoch 0091 [Val seq (cond on sampled tp)] |  MAPE 0.019192 | RMSE 52.876778 | MAE 5.822279 |
Epoch 0091 [Test seq (cond on sampled tp)] | MAPE 0.025164 | RMSE 133.774040| MAE 89.246817
0.024220241233706474,0.03220043703913689,0.023710420355200768,0.020524408668279648
107.6535150233145,142.12816069484612,151.05646191904535,134.2580232123019
Experiment 09-03_23:29
Epoch 0092 [Train seq (cond on sampled tp)] | Loss 2198656.954079 | MAPE 0.057582 | RMSE 61.117507 | MAE 5.119762 | Likelihood -2198652.847853 | KL fp 4.1062 | FP STD 0.3286 | ->nfe   24.00 | <-nfe   24.00
Epoch 0092 [Val seq (cond on sampled tp)] |  MAPE 0.030184 | RMSE 66.677058 | MAE 6.661669 |
Epoch 0092 [Test seq (cond on sampled tp)] | MAPE 0.032995 | RMSE 119.694096| MAE 81.780820
0.035390015691518784,0.029999803751707077,0.03431343659758568,0.03227507695555687
85.1265200396592,110.72864583210841,134.39670609570385,148.52451396991677
Experiment 09-03_23:29
Epoch 0093 [Train seq (cond on sampled tp)] | Loss 2224829.113871 | MAPE 0.058554 | RMSE 62.736422 | MAE 5.148128 | Likelihood -2224824.881462 | KL fp 4.2324 | FP STD 0.2866 | ->nfe   24.00 | <-nfe   24.00
Epoch 0093 [Val seq (cond on sampled tp)] |  MAPE 0.019768 | RMSE 51.935526 | MAE 5.700083 |
Epoch 0093 [Test seq (cond on sampled tp)] | MAPE 0.025106 | RMSE 132.141250| MAE 85.081329
0.028338059782981873,0.029496530070900917,0.024424364790320396,0.018164923414587975
114.1018125746147,138.29007387101217,138.2134614916362,137.95965074751024
Experiment 09-03_23:29
Epoch 0094 [Train seq (cond on sampled tp)] | Loss 2188520.849399 | MAPE 0.054300 | RMSE 60.237047 | MAE 5.037328 | Likelihood -2188516.365445 | KL fp 4.4840 | FP STD 0.2696 | ->nfe   24.00 | <-nfe   24.00
Epoch 0094 [Val seq (cond on sampled tp)] |  MAPE 0.019585 | RMSE 53.159566 | MAE 5.726927 |
Epoch 0094 [Test seq (cond on sampled tp)] | MAPE 0.021756 | RMSE 140.915695| MAE 87.237440
0.021635841578245163,0.024852124974131584,0.024145713075995445,0.016391493380069733
126.35474074134495,155.55124381735106,156.15969265266565,125.59710122426193
0.021635841578245163,0.024852124974131584,0.024145713075995445,0.016391493380069733
126.35474074134495,155.55124381735106,156.15969265266565,125.59710122426193
Epoch 0094 [Test seq (cond on sampled tp)] | Best Test MAPE 0.021756|Best Test RMSE 140.915695|Best Test MAE 87.237440
Experiment 09-03_23:29
Epoch 0095 [Train seq (cond on sampled tp)] | Loss 2241427.038976 | MAPE 0.077161 | RMSE 63.768128 | MAE 5.305573 | Likelihood -2241422.905074 | KL fp 4.1339 | FP STD 0.3326 | ->nfe   24.00 | <-nfe   24.00
Epoch 0095 [Val seq (cond on sampled tp)] |  MAPE 0.018270 | RMSE 62.594444 | MAE 6.076969 |
Epoch 0095 [Test seq (cond on sampled tp)] | MAPE 0.024490 | RMSE 157.422546| MAE 100.907457
0.02697638049721718,0.032024383544921875,0.024560250341892242,0.01440048310905695
151.70042049422605,175.12393490932357,179.24816399861675,123.61766519570534
Experiment 09-03_23:29
Epoch 0096 [Train seq (cond on sampled tp)] | Loss 2225704.080115 | MAPE 0.051266 | RMSE 62.950505 | MAE 5.269919 | Likelihood -2225699.952303 | KL fp 4.1278 | FP STD 0.3082 | ->nfe   24.00 | <-nfe   24.00
Epoch 0096 [Val seq (cond on sampled tp)] |  MAPE 0.018889 | RMSE 56.415836 | MAE 5.845584 |
Epoch 0096 [Test seq (cond on sampled tp)] | MAPE 0.023097 | RMSE 126.386475| MAE 80.648380
0.022953245788812637,0.028771987184882164,0.02173444628715515,0.01892841048538685
117.48085781575226,125.36564879757732,132.37642380018053,130.32296870419657
Experiment 09-03_23:29
Epoch 0097 [Train seq (cond on sampled tp)] | Loss 2213090.354496 | MAPE 0.053426 | RMSE 61.613812 | MAE 5.090444 | Likelihood -2213086.462027 | KL fp 3.8925 | FP STD 0.4082 | ->nfe   24.00 | <-nfe   24.00
Epoch 0097 [Val seq (cond on sampled tp)] |  MAPE 0.017264 | RMSE 60.564419 | MAE 5.818671 |
Epoch 0097 [Test seq (cond on sampled tp)] | MAPE 0.024201 | RMSE 149.818915| MAE 96.447857
0.028662201017141342,0.03159128502011299,0.020700667053461075,0.01584981381893158
151.2220725766414,176.32573173497678,163.20814451950613,108.51970947136746
Experiment 09-03_23:29
Epoch 0098 [Train seq (cond on sampled tp)] | Loss 2246918.428929 | MAPE 0.056861 | RMSE 63.485352 | MAE 5.153242 | Likelihood -2246914.225632 | KL fp 4.2033 | FP STD 0.2818 | ->nfe   24.00 | <-nfe   24.00
Epoch 0098 [Val seq (cond on sampled tp)] |  MAPE 0.022197 | RMSE 59.811067 | MAE 5.966111 |
Epoch 0098 [Test seq (cond on sampled tp)] | MAPE 0.023159 | RMSE 130.762616| MAE 86.335331
0.021858997642993927,0.02701854147017002,0.02415119670331478,0.01960885338485241
130.9263047123266,146.31733225681091,142.83257517544797,102.97425061180344
Experiment 09-03_23:29
Epoch 0099 [Train seq (cond on sampled tp)] | Loss 2193885.449710 | MAPE 0.066191 | RMSE 60.455447 | MAE 5.201274 | Likelihood -2193881.420546 | KL fp 4.0292 | FP STD 0.3214 | ->nfe   24.00 | <-nfe   24.00
Epoch 0099 [Val seq (cond on sampled tp)] |  MAPE 0.019834 | RMSE 54.043062 | MAE 5.879144 |
Epoch 0099 [Test seq (cond on sampled tp)] | MAPE 0.025733 | RMSE 139.673044| MAE 90.826714
0.02866842970252037,0.03060300275683403,0.023627903312444687,0.02003299817442894
134.57618660075042,154.1712344480967,145.22714563099078,124.71761071266158
Experiment 09-03_23:29
Epoch 0100 [Train seq (cond on sampled tp)] | Loss 2258960.087366 | MAPE 0.064346 | RMSE 65.533517 | MAE 5.476504 | Likelihood -2258956.203856 | KL fp 3.8835 | FP STD 0.4201 | ->nfe   24.00 | <-nfe   24.00
Epoch 0100 [Val seq (cond on sampled tp)] |  MAPE 0.020294 | RMSE 63.687050 | MAE 6.280918 |
Epoch 0100 [Test seq (cond on sampled tp)] | MAPE 0.028132 | RMSE 169.103341| MAE 109.691532
0.03196334093809128,0.03457971662282944,0.02708829566836357,0.018895315006375313
175.91119918868156,185.47417062424083,195.18885085987878,119.83914186055823
