/data2/yuanjingyang/CG-ODE/run_models_covid.py
run_models_covid.py --rec-layers 1 --encoder Cheb_cat
Namespace(save='experiments/', load=None, dataset='Dec', datapath='data/', pred_length=14, condition_length=21, features='Confirmed,Deaths,Recovered,Mortality_Rate,Testing_Rate,Population,Mobility', split_interval=3, feature_out='Deaths', niters=100, lr=0.005, batch_size=8, random_seed=1991, dropout=0.2, l2=1e-05, optimizer='AdamW', clip=10, edge_lamda=0.5, z0_encoder='GTrans', rec_dims=64, ode_dims=20, rec_layers=1, gen_layers=1, encoder='Cheb_cat', graf_layer=1, cheb_K=2, heavyBall=False, actv_h=None, gamma_guess=-3.0, gamma_act='sigmoid', corr=-100, corrf=True, sign=1, augment_dim=0, solver='rk4', rtol=0.01, atol=0.01, alias='run', output_dim=1, feature_out_index=[1], num_atoms=50)
run
Experiment 07-15_06:07
Epoch 0001 [Train seq (cond on sampled tp)] | Loss 4398937.042001 | MAPE 0.063982 | RMSE 286.570444 | Likelihood -4398935.567238 | KL fp 1.4748 | FP STD 0.4270 | ->nfe   52.00 | <-nfe   52.00
Epoch 0001 [Val seq (cond on sampled tp)] |  MAPE 0.058179 | RMSE 306.033240 |
Best Val!
Epoch 0001 [Test seq (cond on sampled tp)] | MAPE 0.121857 | RMSE 906.120591|
0.13465484976768494,0.12644831836223602,0.10446809232234955
851.1328847483218,937.2298277370392,929.999059139309
0.13465484976768494,0.12644831836223602,0.10446809232234955
851.1328847483218,937.2298277370392,929.999059139309
Epoch 0001 [Test seq (cond on sampled tp)] | Best Test MAPE 0.121857|Best Test RMSE 906.120591|
Experiment 07-15_06:07
Epoch 0002 [Train seq (cond on sampled tp)] | Loss 4206635.578596 | MAPE 0.089362 | RMSE 276.879408 | Likelihood -4206632.982424 | KL fp 2.5962 | FP STD 0.7227 | ->nfe   52.00 | <-nfe   52.00
Epoch 0002 [Val seq (cond on sampled tp)] |  MAPE 0.062209 | RMSE 283.641775 |
Epoch 0002 [Test seq (cond on sampled tp)] | MAPE 0.106749 | RMSE 868.846892|
0.11696138232946396,0.11065442860126495,0.09262991696596146
812.049452004002,900.0905162815571,894.4007071777169
0.11696138232946396,0.11065442860126495,0.09262991696596146
812.049452004002,900.0905162815571,894.4007071777169
Epoch 0002 [Test seq (cond on sampled tp)] | Best Test MAPE 0.106749|Best Test RMSE 868.846892|
Experiment 07-15_06:07
Epoch 0003 [Train seq (cond on sampled tp)] | Loss 3887934.108817 | MAPE 0.151068 | RMSE 259.938776 | Likelihood -3887930.108833 | KL fp 4.0000 | FP STD 0.8523 | ->nfe   52.00 | <-nfe   52.00
Epoch 0003 [Val seq (cond on sampled tp)] |  MAPE 0.060491 | RMSE 248.584516 |
Epoch 0003 [Test seq (cond on sampled tp)] | MAPE 0.098701 | RMSE 806.520295|
0.10712733864784241,0.09933199733495712,0.08964379131793976
744.4090357458056,838.8413884638741,836.3104611924928
0.10712733864784241,0.09933199733495712,0.08964379131793976
744.4090357458056,838.8413884638741,836.3104611924928
Epoch 0003 [Test seq (cond on sampled tp)] | Best Test MAPE 0.098701|Best Test RMSE 806.520295|
Experiment 07-15_06:07
Epoch 0004 [Train seq (cond on sampled tp)] | Loss 3507271.390440 | MAPE 0.100047 | RMSE 237.686343 | Likelihood -3507266.470331 | KL fp 4.9201 | FP STD 0.8324 | ->nfe   52.00 | <-nfe   52.00
Epoch 0004 [Val seq (cond on sampled tp)] |  MAPE 0.037915 | RMSE 207.625837 |
Best Val!
Epoch 0004 [Test seq (cond on sampled tp)] | MAPE 0.080604 | RMSE 723.687494|
0.09084378927946091,0.08338768035173416,0.06757906079292297
659.8667479120311,757.2429431827014,753.9527919571623
0.09084378927946091,0.08338768035173416,0.06757906079292297
659.8667479120311,757.2429431827014,753.9527919571623
Epoch 0004 [Test seq (cond on sampled tp)] | Best Test MAPE 0.080604|Best Test RMSE 723.687494|
Experiment 07-15_06:07
Epoch 0005 [Train seq (cond on sampled tp)] | Loss 3092893.207588 | MAPE 0.072890 | RMSE 210.646523 | Likelihood -3092888.608034 | KL fp 4.5996 | FP STD 0.7558 | ->nfe   52.00 | <-nfe   52.00
Epoch 0005 [Val seq (cond on sampled tp)] |  MAPE 0.034514 | RMSE 169.059179 |
Best Val!
Epoch 0005 [Test seq (cond on sampled tp)] | MAPE 0.075202 | RMSE 633.263060|
0.08454741537570953,0.0780716985464096,0.06298703700304031
569.815924224657,667.0974675787639,662.8757896468991
0.08454741537570953,0.0780716985464096,0.06298703700304031
569.815924224657,667.0974675787639,662.8757896468991
Epoch 0005 [Test seq (cond on sampled tp)] | Best Test MAPE 0.075202|Best Test RMSE 633.263060|
Experiment 07-15_06:07
Epoch 0006 [Train seq (cond on sampled tp)] | Loss 2762078.290777 | MAPE 0.059436 | RMSE 186.030097 | Likelihood -2762074.376923 | KL fp 3.9139 | FP STD 0.6207 | ->nfe   52.00 | <-nfe   52.00
Epoch 0006 [Val seq (cond on sampled tp)] |  MAPE 0.054070 | RMSE 145.109159 |
Epoch 0006 [Test seq (cond on sampled tp)] | MAPE 0.080860 | RMSE 560.840871|
0.08710432052612305,0.08012859523296356,0.07534743845462799
490.331807299914,588.064861431118,604.1259440298852
Experiment 07-15_06:07
Epoch 0007 [Train seq (cond on sampled tp)] | Loss 2478607.212065 | MAPE 0.063066 | RMSE 160.953992 | Likelihood -2478603.582796 | KL fp 3.6293 | FP STD 0.4866 | ->nfe   52.00 | <-nfe   52.00
Epoch 0007 [Val seq (cond on sampled tp)] |  MAPE 0.035633 | RMSE 125.517013 |
Epoch 0007 [Test seq (cond on sampled tp)] | MAPE 0.050715 | RMSE 482.788421|
0.049678731709718704,0.05702370032668114,0.04544126242399216
417.4138009817117,514.3693043427066,516.5821570670051
0.049678731709718704,0.05702370032668114,0.04544126242399216
417.4138009817117,514.3693043427066,516.5821570670051
Epoch 0007 [Test seq (cond on sampled tp)] | Best Test MAPE 0.050715|Best Test RMSE 482.788421|
Experiment 07-15_06:07
Epoch 0008 [Train seq (cond on sampled tp)] | Loss 2290113.505703 | MAPE 0.068989 | RMSE 141.066907 | Likelihood -2290109.770198 | KL fp 3.7355 | FP STD 0.4385 | ->nfe   52.00 | <-nfe   52.00
Epoch 0008 [Val seq (cond on sampled tp)] |  MAPE 0.037098 | RMSE 110.376575 |
Epoch 0008 [Test seq (cond on sampled tp)] | MAPE 0.052259 | RMSE 433.755111|
0.05548151955008507,0.05323639139533043,0.04805764928460121
371.51053568505966,458.35548431321297,471.3993132154522
Experiment 07-15_06:07
Epoch 0009 [Train seq (cond on sampled tp)] | Loss 2178633.753721 | MAPE 0.054339 | RMSE 129.428425 | Likelihood -2178630.606978 | KL fp 3.1467 | FP STD 0.3884 | ->nfe   52.00 | <-nfe   52.00
Epoch 0009 [Val seq (cond on sampled tp)] |  MAPE 0.049973 | RMSE 109.794659 |
Epoch 0009 [Test seq (cond on sampled tp)] | MAPE 0.079544 | RMSE 407.651940|
0.0774802640080452,0.07981603592634201,0.08133649826049805
330.6992237101563,438.3419576939903,453.9146395524163
Experiment 07-15_06:07
Epoch 0010 [Train seq (cond on sampled tp)] | Loss 2115474.244766 | MAPE 0.037465 | RMSE 119.951018 | Likelihood -2115471.067000 | KL fp 3.1778 | FP STD 0.3614 | ->nfe   52.00 | <-nfe   52.00
Epoch 0010 [Val seq (cond on sampled tp)] |  MAPE 0.056016 | RMSE 92.509501 |
Epoch 0010 [Test seq (cond on sampled tp)] | MAPE 0.071503 | RMSE 366.245577|
0.07040558010339737,0.07530384510755539,0.0687997117638588
298.9329722111631,383.0420995138785,416.76166000485216
Experiment 07-15_06:07
Epoch 0011 [Train seq (cond on sampled tp)] | Loss 2100340.385418 | MAPE 0.083484 | RMSE 118.650564 | Likelihood -2100337.364450 | KL fp 3.0210 | FP STD 0.2909 | ->nfe   52.00 | <-nfe   52.00
Epoch 0011 [Val seq (cond on sampled tp)] |  MAPE 0.045705 | RMSE 87.056005 |
Epoch 0011 [Test seq (cond on sampled tp)] | MAPE 0.062551 | RMSE 346.840078|
0.057906121015548706,0.06982487440109253,0.059921760112047195
272.26387418734055,378.9302582600128,389.3261004607834
Experiment 07-15_06:07
Epoch 0012 [Train seq (cond on sampled tp)] | Loss 2093385.067416 | MAPE 0.056446 | RMSE 116.788131 | Likelihood -2093382.322038 | KL fp 2.7454 | FP STD 0.2737 | ->nfe   52.00 | <-nfe   52.00
Epoch 0012 [Val seq (cond on sampled tp)] |  MAPE 0.040380 | RMSE 82.845666 |
Epoch 0012 [Test seq (cond on sampled tp)] | MAPE 0.055790 | RMSE 344.330840|
0.06259728968143463,0.05604555085301399,0.048728588968515396
258.6879001567333,370.787485461686,403.5171348592275
Experiment 07-15_06:07
Epoch 0013 [Train seq (cond on sampled tp)] | Loss 2094792.555034 | MAPE 0.056169 | RMSE 118.824256 | Likelihood -2094789.892103 | KL fp 2.6629 | FP STD 0.2731 | ->nfe   52.00 | <-nfe   52.00
Epoch 0013 [Val seq (cond on sampled tp)] |  MAPE 0.036467 | RMSE 103.256531 |
Epoch 0013 [Test seq (cond on sampled tp)] | MAPE 0.056251 | RMSE 379.365448|
0.05700426921248436,0.060170821845531464,0.05157804489135742
303.6323846364218,416.4231058971152,418.04085476182826
Experiment 07-15_06:07
Epoch 0014 [Train seq (cond on sampled tp)] | Loss 2173920.921572 | MAPE 0.041216 | RMSE 127.270561 | Likelihood -2173918.339840 | KL fp 2.5817 | FP STD 0.2585 | ->nfe   52.00 | <-nfe   52.00
Epoch 0014 [Val seq (cond on sampled tp)] |  MAPE 0.028342 | RMSE 105.940063 |
Best Val!
Epoch 0014 [Test seq (cond on sampled tp)] | MAPE 0.061905 | RMSE 377.048556|
0.06861662864685059,0.06525209546089172,0.05184748396277428
307.49131085284347,400.23079279335815,423.4235652688688
Experiment 07-15_06:07
Epoch 0015 [Train seq (cond on sampled tp)] | Loss 2873100.387213 | MAPE 0.041348 | RMSE 189.724761 | Likelihood -2873098.011307 | KL fp 2.3759 | FP STD 0.2411 | ->nfe   52.00 | <-nfe   52.00
Epoch 0015 [Val seq (cond on sampled tp)] |  MAPE 0.038299 | RMSE 202.172681 |
Epoch 0015 [Test seq (cond on sampled tp)] | MAPE 0.074641 | RMSE 781.734335|
0.07587967067956924,0.07673101872205734,0.07131361216306686
731.0514687763099,829.0591052512481,785.0924308640352
Experiment 07-15_06:07
Epoch 0016 [Train seq (cond on sampled tp)] | Loss 2685999.712291 | MAPE 0.078463 | RMSE 179.148860 | Likelihood -2685997.199747 | KL fp 2.5125 | FP STD 0.2959 | ->nfe   52.00 | <-nfe   52.00
Epoch 0016 [Val seq (cond on sampled tp)] |  MAPE 0.034483 | RMSE 199.793585 |
Epoch 0016 [Test seq (cond on sampled tp)] | MAPE 0.078142 | RMSE 749.584186|
0.08392523229122162,0.08121171593666077,0.06928964704275131
665.4753939853824,797.1623893536373,786.114773744903
Experiment 07-15_06:07
Epoch 0017 [Train seq (cond on sampled tp)] | Loss 3173262.731948 | MAPE 0.046855 | RMSE 214.712445 | Likelihood -3173260.719754 | KL fp 2.0122 | FP STD 0.2679 | ->nfe   52.00 | <-nfe   52.00
Epoch 0017 [Val seq (cond on sampled tp)] |  MAPE 0.059082 | RMSE 192.673947 |
Epoch 0017 [Test seq (cond on sampled tp)] | MAPE 0.086597 | RMSE 699.294578|
0.08463804423809052,0.0912364274263382,0.0839160829782486
612.5124998724516,735.8794483473499,749.4917861457856
Experiment 07-15_06:07
Epoch 0018 [Train seq (cond on sampled tp)] | Loss 2953591.658527 | MAPE 0.065713 | RMSE 199.657749 | Likelihood -2953589.512311 | KL fp 2.1462 | FP STD 0.2470 | ->nfe   52.00 | <-nfe   52.00
Epoch 0018 [Val seq (cond on sampled tp)] |  MAPE 0.042326 | RMSE 159.178169 |
Epoch 0018 [Test seq (cond on sampled tp)] | MAPE 0.073604 | RMSE 636.920638|
0.08193555474281311,0.08109092712402344,0.05778501555323601
572.6986554899531,676.8901544933269,661.1731051698943
Experiment 07-15_06:07
Epoch 0019 [Train seq (cond on sampled tp)] | Loss 2699736.757593 | MAPE 0.040679 | RMSE 181.133148 | Likelihood -2699734.498353 | KL fp 2.2592 | FP STD 0.1953 | ->nfe   52.00 | <-nfe   52.00
Epoch 0019 [Val seq (cond on sampled tp)] |  MAPE 0.030101 | RMSE 155.586811 |
Epoch 0019 [Test seq (cond on sampled tp)] | MAPE 0.070141 | RMSE 594.118388|
0.07400418072938919,0.07111848890781403,0.06530159711837769
532.6097891514951,619.693119616476,630.052254777332
Experiment 07-15_06:07
Epoch 0020 [Train seq (cond on sampled tp)] | Loss 3398836.457710 | MAPE 0.100988 | RMSE 223.877603 | Likelihood -3398833.509997 | KL fp 2.9477 | FP STD 0.2200 | ->nfe   52.00 | <-nfe   52.00
Epoch 0020 [Val seq (cond on sampled tp)] |  MAPE 0.118378 | RMSE 258.679912 |
Epoch 0020 [Test seq (cond on sampled tp)] | MAPE 0.106396 | RMSE 569.890340|
0.12013112008571625,0.10243166983127594,0.09662376344203949
511.2380805456495,598.0055915290425,600.42734781154
Experiment 07-15_06:07
Epoch 0021 [Train seq (cond on sampled tp)] | Loss 3952637.948767 | MAPE 0.141094 | RMSE 257.223470 | Likelihood -3952634.722255 | KL fp 3.2265 | FP STD 0.2376 | ->nfe   52.00 | <-nfe   52.00
Epoch 0021 [Val seq (cond on sampled tp)] |  MAPE 0.059962 | RMSE 201.821965 |
Epoch 0021 [Test seq (cond on sampled tp)] | MAPE 0.093858 | RMSE 676.513295|
0.10525479912757874,0.09464386850595474,0.08167602121829987
607.7362966369542,708.8331080021587,712.970480630159
Experiment 07-15_06:07
Epoch 0022 [Train seq (cond on sampled tp)] | Loss 3264686.106914 | MAPE 0.068687 | RMSE 220.937699 | Likelihood -3264683.890515 | KL fp 2.2164 | FP STD 0.2576 | ->nfe   52.00 | <-nfe   52.00
Epoch 0022 [Val seq (cond on sampled tp)] |  MAPE 0.080948 | RMSE 209.578865 |
Epoch 0022 [Test seq (cond on sampled tp)] | MAPE 0.147343 | RMSE 719.142620|
0.15352411568164825,0.14828243851661682,0.14022231101989746
653.0703924539835,749.943497871673,754.413969581688
Experiment 07-15_06:07
Epoch 0023 [Train seq (cond on sampled tp)] | Loss 3296606.755073 | MAPE 0.120347 | RMSE 223.087725 | Likelihood -3296604.304597 | KL fp 2.4505 | FP STD 0.2256 | ->nfe   52.00 | <-nfe   52.00
Epoch 0023 [Val seq (cond on sampled tp)] |  MAPE 0.057233 | RMSE 196.149875 |
Epoch 0023 [Test seq (cond on sampled tp)] | MAPE 0.086874 | RMSE 676.463531|
0.09345178306102753,0.08743050694465637,0.07974031567573547
610.6409030682436,709.2460125020091,709.5036777565005
Experiment 07-15_06:07
Epoch 0024 [Train seq (cond on sampled tp)] | Loss 3102888.491192 | MAPE 0.075703 | RMSE 210.092637 | Likelihood -3102885.920457 | KL fp 2.5707 | FP STD 0.1810 | ->nfe   52.00 | <-nfe   52.00
Epoch 0024 [Val seq (cond on sampled tp)] |  MAPE 0.053284 | RMSE 188.675254 |
Epoch 0024 [Test seq (cond on sampled tp)] | MAPE 0.068036 | RMSE 659.659008|
0.07222005724906921,0.07193119078874588,0.05995555594563484
596.9962311438825,693.5319702436219,688.4488225351249
Experiment 07-15_06:07
Epoch 0025 [Train seq (cond on sampled tp)] | Loss 3059937.401436 | MAPE 0.164730 | RMSE 206.186430 | Likelihood -3059934.940143 | KL fp 2.4613 | FP STD 0.2336 | ->nfe   52.00 | <-nfe   52.00
Epoch 0025 [Val seq (cond on sampled tp)] |  MAPE 0.042430 | RMSE 185.944233 |
Epoch 0025 [Test seq (cond on sampled tp)] | MAPE 0.074758 | RMSE 642.940295|
0.08456636965274811,0.0806933119893074,0.05901528149843216
583.5005891170977,672.5473264016443,672.7729696933432
Experiment 07-15_06:07
Epoch 0026 [Train seq (cond on sampled tp)] | Loss 2952280.093142 | MAPE 0.054688 | RMSE 199.230845 | Likelihood -2952277.686825 | KL fp 2.4063 | FP STD 0.2144 | ->nfe   52.00 | <-nfe   52.00
Epoch 0026 [Val seq (cond on sampled tp)] |  MAPE 0.054555 | RMSE 184.509580 |
Epoch 0026 [Test seq (cond on sampled tp)] | MAPE 0.076047 | RMSE 630.123795|
0.09522096067667007,0.0726487934589386,0.0602705292403698
565.4614818889081,661.4872211539691,663.4226829480584
Experiment 07-15_06:07
Epoch 0027 [Train seq (cond on sampled tp)] | Loss 2894664.344563 | MAPE 0.122754 | RMSE 194.832053 | Likelihood -2894661.671793 | KL fp 2.6728 | FP STD 0.1905 | ->nfe   52.00 | <-nfe   52.00
Epoch 0027 [Val seq (cond on sampled tp)] |  MAPE 0.041809 | RMSE 168.038750 |
Epoch 0027 [Test seq (cond on sampled tp)] | MAPE 0.068754 | RMSE 613.603261|
0.07772286981344223,0.0722024217247963,0.05633721873164177
547.3816652939702,640.0160642515154,653.4120541434785
Experiment 07-15_06:07
Epoch 0028 [Train seq (cond on sampled tp)] | Loss 2700401.611794 | MAPE 0.122726 | RMSE 180.086663 | Likelihood -2700398.944542 | KL fp 2.6673 | FP STD 0.1735 | ->nfe   52.00 | <-nfe   52.00
Epoch 0028 [Val seq (cond on sampled tp)] |  MAPE 0.031322 | RMSE 147.858152 |
Epoch 0028 [Test seq (cond on sampled tp)] | MAPE 0.066627 | RMSE 562.634892|
0.07196494191884995,0.06774228066205978,0.06017497926950455
491.1851897451714,588.3242356473172,608.3952508443832
Experiment 07-15_06:07
Epoch 0029 [Train seq (cond on sampled tp)] | Loss 2656922.325542 | MAPE 0.067285 | RMSE 175.764251 | Likelihood -2656919.784540 | KL fp 2.5410 | FP STD 0.2064 | ->nfe   52.00 | <-nfe   52.00
Epoch 0029 [Val seq (cond on sampled tp)] |  MAPE 0.044550 | RMSE 171.963812 |
Epoch 0029 [Test seq (cond on sampled tp)] | MAPE 0.077120 | RMSE 540.734675|
0.08253496140241623,0.08306331187486649,0.06576081365346909
479.3587676521626,568.0673100522507,574.7779462540295
Experiment 07-15_06:07
Epoch 0030 [Train seq (cond on sampled tp)] | Loss 2907301.319730 | MAPE 0.060806 | RMSE 192.303381 | Likelihood -2907298.688249 | KL fp 2.6315 | FP STD 0.2465 | ->nfe   52.00 | <-nfe   52.00
Epoch 0030 [Val seq (cond on sampled tp)] |  MAPE 0.054296 | RMSE 182.685693 |
Epoch 0030 [Test seq (cond on sampled tp)] | MAPE 0.082219 | RMSE 574.690230|
0.09443756192922592,0.08732710033655167,0.06489204615354538
511.3695153702457,598.887353765297,613.8138205107474
Experiment 07-15_06:07
Epoch 0031 [Train seq (cond on sampled tp)] | Loss 2947198.501170 | MAPE 0.065171 | RMSE 196.730636 | Likelihood -2947195.695329 | KL fp 2.8058 | FP STD 0.2211 | ->nfe   52.00 | <-nfe   52.00
Epoch 0031 [Val seq (cond on sampled tp)] |  MAPE 0.054592 | RMSE 189.050031 |
Epoch 0031 [Test seq (cond on sampled tp)] | MAPE 0.094068 | RMSE 619.648794|
0.10398761183023453,0.09215440601110458,0.08606202900409698
556.4240458049958,650.1566397799841,652.3656949901642
Experiment 07-15_06:07
Epoch 0032 [Train seq (cond on sampled tp)] | Loss 3159585.196221 | MAPE 0.082359 | RMSE 212.869221 | Likelihood -3159582.322202 | KL fp 2.8740 | FP STD 0.2284 | ->nfe   52.00 | <-nfe   52.00
Epoch 0032 [Val seq (cond on sampled tp)] |  MAPE 0.053121 | RMSE 201.031762 |
Epoch 0032 [Test seq (cond on sampled tp)] | MAPE 0.080925 | RMSE 677.231814|
0.0887017771601677,0.07384636998176575,0.08022674173116684
609.1459441299761,711.1051917613877,711.4443056206156
Experiment 07-15_06:07
Epoch 0033 [Train seq (cond on sampled tp)] | Loss 3294871.112023 | MAPE 0.080366 | RMSE 222.776090 | Likelihood -3294868.203636 | KL fp 2.9084 | FP STD 0.2136 | ->nfe   52.00 | <-nfe   52.00
Epoch 0033 [Val seq (cond on sampled tp)] |  MAPE 0.050925 | RMSE 213.235052 |
Epoch 0033 [Test seq (cond on sampled tp)] | MAPE 0.079923 | RMSE 732.202734|
0.07543777674436569,0.08476230502128601,0.07956913858652115
667.1677778115487,765.3788686003815,764.061556747884
Experiment 07-15_06:07
Epoch 0034 [Train seq (cond on sampled tp)] | Loss 3405734.814337 | MAPE 0.112089 | RMSE 230.266864 | Likelihood -3405731.851921 | KL fp 2.9624 | FP STD 0.1907 | ->nfe   52.00 | <-nfe   52.00
Epoch 0034 [Val seq (cond on sampled tp)] |  MAPE 0.108395 | RMSE 223.889996 |
Epoch 0034 [Test seq (cond on sampled tp)] | MAPE 0.186423 | RMSE 750.143724|
0.19917668402194977,0.18764226138591766,0.1724511682987213
686.0515878926307,783.2520347882921,781.1275504039018
Experiment 07-15_06:07
Epoch 0035 [Train seq (cond on sampled tp)] | Loss 3409487.320503 | MAPE 0.083956 | RMSE 230.613781 | Likelihood -3409484.379154 | KL fp 2.9413 | FP STD 0.2074 | ->nfe   52.00 | <-nfe   52.00
Epoch 0035 [Val seq (cond on sampled tp)] |  MAPE 0.192396 | RMSE 222.274921 |
Epoch 0035 [Test seq (cond on sampled tp)] | MAPE 0.215533 | RMSE 721.983773|
0.22852860391139984,0.21541479229927063,0.20265471935272217
653.5861649392526,757.184298899548,755.180855821968
Experiment 07-15_06:07
Epoch 0036 [Train seq (cond on sampled tp)] | Loss 3372730.514373 | MAPE 0.098416 | RMSE 228.142341 | Likelihood -3372727.700196 | KL fp 2.8142 | FP STD 0.2590 | ->nfe   52.00 | <-nfe   52.00
Epoch 0036 [Val seq (cond on sampled tp)] |  MAPE 0.137373 | RMSE 218.138986 |
Epoch 0036 [Test seq (cond on sampled tp)] | MAPE 0.214606 | RMSE 723.805992|
0.2268909364938736,0.21538613736629486,0.20153993368148804
660.4893072563704,756.8949316120435,754.0337359826814
Experiment 07-15_06:07
Epoch 0037 [Train seq (cond on sampled tp)] | Loss 3337676.721165 | MAPE 0.079024 | RMSE 225.900075 | Likelihood -3337674.291800 | KL fp 2.4294 | FP STD 0.3141 | ->nfe   52.00 | <-nfe   52.00
Epoch 0037 [Val seq (cond on sampled tp)] |  MAPE 0.085808 | RMSE 211.243657 |
Epoch 0037 [Test seq (cond on sampled tp)] | MAPE 0.172431 | RMSE 717.825611|
0.19218474626541138,0.1722077876329422,0.1529013067483902
652.6851030550644,748.6329624722651,752.1587681467258
Experiment 07-15_06:07
Epoch 0038 [Train seq (cond on sampled tp)] | Loss 3367856.018452 | MAPE 0.105673 | RMSE 227.763831 | Likelihood -3367853.544395 | KL fp 2.4741 | FP STD 0.3232 | ->nfe   52.00 | <-nfe   52.00
Epoch 0038 [Val seq (cond on sampled tp)] |  MAPE 0.068159 | RMSE 214.136447 |
Epoch 0038 [Test seq (cond on sampled tp)] | MAPE 0.127365 | RMSE 731.405108|
0.11578267812728882,0.11397390812635422,0.1523389220237732
666.3842266290523,764.9167438355628,762.9143546296661
Experiment 07-15_06:07
Epoch 0039 [Train seq (cond on sampled tp)] | Loss 3393129.528465 | MAPE 0.091332 | RMSE 229.480661 | Likelihood -3393126.958119 | KL fp 2.5703 | FP STD 0.3068 | ->nfe   52.00 | <-nfe   52.00
Epoch 0039 [Val seq (cond on sampled tp)] |  MAPE 0.064507 | RMSE 215.064816 |
Epoch 0039 [Test seq (cond on sampled tp)] | MAPE 0.105745 | RMSE 738.075002|
0.1097530946135521,0.11084557324647903,0.09663555771112442
673.9691202124916,772.5415441903432,767.7143430339178
Experiment 07-15_06:07
Epoch 0040 [Train seq (cond on sampled tp)] | Loss 3377875.914717 | MAPE 0.088232 | RMSE 228.561330 | Likelihood -3377873.353456 | KL fp 2.5613 | FP STD 0.3114 | ->nfe   52.00 | <-nfe   52.00
Epoch 0040 [Val seq (cond on sampled tp)] |  MAPE 0.053656 | RMSE 212.414468 |
Epoch 0040 [Test seq (cond on sampled tp)] | MAPE 0.096742 | RMSE 722.835290|
0.10435878485441208,0.09571138024330139,0.0901547446846962
654.4269200987991,756.3668917926009,757.7120577765672
Experiment 07-15_06:07
Epoch 0041 [Train seq (cond on sampled tp)] | Loss 3352733.196295 | MAPE 0.088408 | RMSE 226.884131 | Likelihood -3352730.386024 | KL fp 2.8103 | FP STD 0.2703 | ->nfe   52.00 | <-nfe   52.00
Epoch 0041 [Val seq (cond on sampled tp)] |  MAPE 0.077987 | RMSE 211.375157 |
Epoch 0041 [Test seq (cond on sampled tp)] | MAPE 0.119729 | RMSE 721.111704|
0.12774913012981415,0.1198921650648117,0.11154573410749435
655.3830940755186,752.2737201311767,755.6782963007473
Experiment 07-15_06:07
Epoch 0042 [Train seq (cond on sampled tp)] | Loss 3325343.796600 | MAPE 0.086476 | RMSE 225.191649 | Likelihood -3325340.971588 | KL fp 2.8250 | FP STD 0.2519 | ->nfe   52.00 | <-nfe   52.00
Epoch 0042 [Val seq (cond on sampled tp)] |  MAPE 0.205077 | RMSE 221.077245 |
Epoch 0042 [Test seq (cond on sampled tp)] | MAPE 0.238519 | RMSE 704.094503|
0.2558917999267578,0.2349424660205841,0.22472262382507324
638.9014252997093,735.4425113494596,737.9395723905853
Experiment 07-15_06:07
Epoch 0043 [Train seq (cond on sampled tp)] | Loss 3367658.795528 | MAPE 0.112967 | RMSE 227.658192 | Likelihood -3367655.825312 | KL fp 2.9702 | FP STD 0.2626 | ->nfe   52.00 | <-nfe   52.00
Epoch 0043 [Val seq (cond on sampled tp)] |  MAPE 0.202940 | RMSE 221.220037 |
Epoch 0043 [Test seq (cond on sampled tp)] | MAPE 0.221842 | RMSE 717.128104|
0.23212122917175293,0.22364360094070435,0.20976001024246216
651.214394420148,752.1141868094232,748.0557298757894
Experiment 07-15_06:07
Epoch 0044 [Train seq (cond on sampled tp)] | Loss 3384491.204234 | MAPE 0.111306 | RMSE 228.803740 | Likelihood -3384488.282461 | KL fp 2.9218 | FP STD 0.2501 | ->nfe   52.00 | <-nfe   52.00
Epoch 0044 [Val seq (cond on sampled tp)] |  MAPE 0.161840 | RMSE 223.133937 |
Epoch 0044 [Test seq (cond on sampled tp)] | MAPE 0.192606 | RMSE 739.081547|
0.21454112231731415,0.18015800416469574,0.1831180900335312
673.5672989761305,770.970127501708,772.707213309155
Experiment 07-15_06:07
Epoch 0045 [Train seq (cond on sampled tp)] | Loss 3313634.316104 | MAPE 0.082437 | RMSE 224.465204 | Likelihood -3313631.488184 | KL fp 2.8279 | FP STD 0.2230 | ->nfe   52.00 | <-nfe   52.00
Epoch 0045 [Val seq (cond on sampled tp)] |  MAPE 0.049384 | RMSE 205.504125 |
Epoch 0045 [Test seq (cond on sampled tp)] | MAPE 0.099941 | RMSE 710.197704|
0.10552128404378891,0.0950205847620964,0.0992804691195488
642.9510333221341,745.9886477018266,741.6534315298487
Experiment 07-15_06:07
Epoch 0046 [Train seq (cond on sampled tp)] | Loss 3199893.335065 | MAPE 0.093677 | RMSE 216.887896 | Likelihood -3199890.347263 | KL fp 2.9878 | FP STD 0.2055 | ->nfe   52.00 | <-nfe   52.00
Epoch 0046 [Val seq (cond on sampled tp)] |  MAPE 0.056915 | RMSE 197.410057 |
Epoch 0046 [Test seq (cond on sampled tp)] | MAPE 0.078785 | RMSE 657.382812|
0.08792288601398468,0.07896361500024796,0.06946925073862076
591.6026696609812,686.9371332225388,693.6086342455665
Experiment 07-15_06:07
Epoch 0047 [Train seq (cond on sampled tp)] | Loss 3137984.235201 | MAPE 0.106352 | RMSE 212.030709 | Likelihood -3137981.051098 | KL fp 3.1841 | FP STD 0.1935 | ->nfe   52.00 | <-nfe   52.00
Epoch 0047 [Val seq (cond on sampled tp)] |  MAPE 0.049284 | RMSE 195.019020 |
Epoch 0047 [Test seq (cond on sampled tp)] | MAPE 0.083638 | RMSE 656.526586|
0.09720160067081451,0.08257929980754852,0.07113388180732727
590.164410355284,689.5954883118073,689.8198587312488
Experiment 07-15_06:07
Epoch 0048 [Train seq (cond on sampled tp)] | Loss 3105675.189139 | MAPE 0.073007 | RMSE 210.037628 | Likelihood -3105671.955347 | KL fp 3.2338 | FP STD 0.1707 | ->nfe   52.00 | <-nfe   52.00
Epoch 0048 [Val seq (cond on sampled tp)] |  MAPE 0.050899 | RMSE 199.721505 |
Epoch 0048 [Test seq (cond on sampled tp)] | MAPE 0.076260 | RMSE 669.250064|
0.08661961555480957,0.07698680460453033,0.06517265737056732
600.6940517018626,704.0770110577394,702.9791293132392
Experiment 07-15_06:07
Epoch 0049 [Train seq (cond on sampled tp)] | Loss 3185092.591348 | MAPE 0.079134 | RMSE 215.491276 | Likelihood -3185089.182923 | KL fp 3.4084 | FP STD 0.1560 | ->nfe   52.00 | <-nfe   52.00
Epoch 0049 [Val seq (cond on sampled tp)] |  MAPE 0.047088 | RMSE 202.076766 |
Epoch 0049 [Test seq (cond on sampled tp)] | MAPE 0.080149 | RMSE 693.051037|
0.0914333239197731,0.08191638439893723,0.06709638983011246
627.0952628987083,727.6103438654511,724.4475049994996
Experiment 07-15_06:07
Epoch 0050 [Train seq (cond on sampled tp)] | Loss 3229919.306102 | MAPE 0.063586 | RMSE 218.762665 | Likelihood -3229916.071232 | KL fp 3.2349 | FP STD 0.1564 | ->nfe   52.00 | <-nfe   52.00
Epoch 0050 [Val seq (cond on sampled tp)] |  MAPE 0.042351 | RMSE 204.240715 |
Epoch 0050 [Test seq (cond on sampled tp)] | MAPE 0.069878 | RMSE 707.390157|
0.07927252352237701,0.07048456370830536,0.059876687824726105
642.321594880633,742.0708355676027,737.7780408090227
Experiment 07-15_06:07
Epoch 0051 [Train seq (cond on sampled tp)] | Loss 3200265.462188 | MAPE 0.061108 | RMSE 216.936965 | Likelihood -3200262.217638 | KL fp 3.2446 | FP STD 0.1780 | ->nfe   52.00 | <-nfe   52.00
Epoch 0051 [Val seq (cond on sampled tp)] |  MAPE 0.041514 | RMSE 196.138394 |
Epoch 0051 [Test seq (cond on sampled tp)] | MAPE 0.065736 | RMSE 684.436765|
0.07077114284038544,0.06696245074272156,0.059473805129528046
619.986390979673,718.0335342099281,715.2903693605836
Experiment 07-15_06:07
Epoch 0052 [Train seq (cond on sampled tp)] | Loss 3071781.101643 | MAPE 0.058258 | RMSE 207.945679 | Likelihood -3071778.060515 | KL fp 3.0411 | FP STD 0.2032 | ->nfe   52.00 | <-nfe   52.00
Epoch 0052 [Val seq (cond on sampled tp)] |  MAPE 0.060005 | RMSE 189.432417 |
Epoch 0052 [Test seq (cond on sampled tp)] | MAPE 0.083063 | RMSE 643.562318|
0.08912938833236694,0.07894129306077957,0.08111800253391266
579.1576857816876,672.1890080178342,679.3402590013343
Experiment 07-15_06:07
Epoch 0053 [Train seq (cond on sampled tp)] | Loss 2961351.380938 | MAPE 0.057743 | RMSE 199.790470 | Likelihood -2961348.443163 | KL fp 2.9378 | FP STD 0.2145 | ->nfe   52.00 | <-nfe   52.00
Epoch 0053 [Val seq (cond on sampled tp)] |  MAPE 0.040794 | RMSE 187.056768 |
Epoch 0053 [Test seq (cond on sampled tp)] | MAPE 0.076018 | RMSE 625.089273|
0.08810746669769287,0.0748361200094223,0.06510999798774719
560.1777619648963,656.2993790946324,658.7906771122372
Experiment 07-15_06:07
Epoch 0054 [Train seq (cond on sampled tp)] | Loss 2922914.051275 | MAPE 0.054303 | RMSE 196.916972 | Likelihood -2922910.790087 | KL fp 3.2612 | FP STD 0.1925 | ->nfe   52.00 | <-nfe   52.00
Epoch 0054 [Val seq (cond on sampled tp)] |  MAPE 0.041686 | RMSE 188.106197 |
Epoch 0054 [Test seq (cond on sampled tp)] | MAPE 0.080233 | RMSE 624.579378|
0.09378494322299957,0.08302555233240128,0.0638880804181099
565.2804613640914,654.9163114475009,653.5413625012575
Experiment 07-15_06:07
Epoch 0055 [Train seq (cond on sampled tp)] | Loss 2915117.788032 | MAPE 0.061915 | RMSE 196.193995 | Likelihood -2915114.482916 | KL fp 3.3051 | FP STD 0.1839 | ->nfe   52.00 | <-nfe   52.00
Epoch 0055 [Val seq (cond on sampled tp)] |  MAPE 0.036468 | RMSE 180.471875 |
Epoch 0055 [Test seq (cond on sampled tp)] | MAPE 0.078560 | RMSE 631.808073|
0.09274778515100479,0.07947030663490295,0.0634613111615181
568.4982959517117,660.7629113380987,666.1630102685078
Experiment 07-15_06:07
Epoch 0056 [Train seq (cond on sampled tp)] | Loss 2853091.096768 | MAPE 0.073860 | RMSE 192.033522 | Likelihood -2853088.026933 | KL fp 3.0698 | FP STD 0.1825 | ->nfe   52.00 | <-nfe   52.00
Epoch 0056 [Val seq (cond on sampled tp)] |  MAPE 0.037418 | RMSE 172.278226 |
Epoch 0056 [Test seq (cond on sampled tp)] | MAPE 0.068681 | RMSE 613.133228|
0.07886581122875214,0.0690554603934288,0.058120954781770706
548.3884344148771,640.82146987285,650.1897799873511
Experiment 07-15_06:07
Epoch 0057 [Train seq (cond on sampled tp)] | Loss 2791562.066472 | MAPE 0.090438 | RMSE 186.998488 | Likelihood -2791559.299788 | KL fp 2.7667 | FP STD 0.2078 | ->nfe   52.00 | <-nfe   52.00
Epoch 0057 [Val seq (cond on sampled tp)] |  MAPE 0.038797 | RMSE 156.089655 |
Epoch 0057 [Test seq (cond on sampled tp)] | MAPE 0.062952 | RMSE 593.634863|
0.0657988116145134,0.06654113531112671,0.05651530250906944
525.0469919445306,622.3664515379986,633.4911453603752
Experiment 07-15_06:07
Epoch 0058 [Train seq (cond on sampled tp)] | Loss 2716013.304195 | MAPE 0.124593 | RMSE 180.638440 | Likelihood -2716010.336668 | KL fp 2.9675 | FP STD 0.1889 | ->nfe   52.00 | <-nfe   52.00
Epoch 0058 [Val seq (cond on sampled tp)] |  MAPE 0.040793 | RMSE 156.671793 |
Epoch 0058 [Test seq (cond on sampled tp)] | MAPE 0.072644 | RMSE 567.905623|
0.07549984008073807,0.07180307060480118,0.07062978297472
504.6718302520956,588.6749421369998,610.3700977685588
Experiment 07-15_06:07
Epoch 0059 [Train seq (cond on sampled tp)] | Loss 2682664.958061 | MAPE 0.102909 | RMSE 177.188024 | Likelihood -2682661.608262 | KL fp 3.3498 | FP STD 0.1547 | ->nfe   52.00 | <-nfe   52.00
Epoch 0059 [Val seq (cond on sampled tp)] |  MAPE 0.040952 | RMSE 160.305677 |
Epoch 0059 [Test seq (cond on sampled tp)] | MAPE 0.078686 | RMSE 554.946548|
0.08194971829652786,0.07928701490163803,0.07482174038887024
483.3166987080004,585.1902468428536,596.3326986674468
Experiment 07-15_06:07
Epoch 0060 [Train seq (cond on sampled tp)] | Loss 2635041.942198 | MAPE 0.085978 | RMSE 173.698895 | Likelihood -2635038.902504 | KL fp 3.0397 | FP STD 0.1621 | ->nfe   52.00 | <-nfe   52.00
Epoch 0060 [Val seq (cond on sampled tp)] |  MAPE 0.122056 | RMSE 173.999854 |
Epoch 0060 [Test seq (cond on sampled tp)] | MAPE 0.245459 | RMSE 570.886862|
0.1686355322599411,0.3008713722229004,0.2668693959712982
492.57856289631604,607.4498693307951,612.6321541104417
Experiment 07-15_06:07
Epoch 0061 [Train seq (cond on sampled tp)] | Loss 2678968.742446 | MAPE 0.094269 | RMSE 176.940432 | Likelihood -2678965.817528 | KL fp 2.9249 | FP STD 0.1933 | ->nfe   52.00 | <-nfe   52.00
Epoch 0061 [Val seq (cond on sampled tp)] |  MAPE 0.041492 | RMSE 161.192880 |
Epoch 0061 [Test seq (cond on sampled tp)] | MAPE 0.082151 | RMSE 566.800780|
0.08981083333492279,0.08555413782596588,0.0710870772600174
494.89425953934847,597.4312721978989,608.0768094986028
Experiment 07-15_06:07
Epoch 0062 [Train seq (cond on sampled tp)] | Loss 2758665.431210 | MAPE 0.079760 | RMSE 182.990225 | Likelihood -2758662.459705 | KL fp 2.9715 | FP STD 0.1960 | ->nfe   52.00 | <-nfe   52.00
Epoch 0062 [Val seq (cond on sampled tp)] |  MAPE 0.038358 | RMSE 162.659081 |
Epoch 0062 [Test seq (cond on sampled tp)] | MAPE 0.079234 | RMSE 585.620142|
0.08988118916749954,0.08160144835710526,0.0662190392613411
520.3322256020666,613.7327645237787,622.7954369213056
Experiment 07-15_06:07
Epoch 0063 [Train seq (cond on sampled tp)] | Loss 2729174.823686 | MAPE 0.067549 | RMSE 181.279283 | Likelihood -2729171.844590 | KL fp 2.9791 | FP STD 0.1913 | ->nfe   52.00 | <-nfe   52.00
Epoch 0063 [Val seq (cond on sampled tp)] |  MAPE 0.029743 | RMSE 151.252505 |
Epoch 0063 [Test seq (cond on sampled tp)] | MAPE 0.078155 | RMSE 584.141072|
0.08532106876373291,0.07952875643968582,0.06961478292942047
517.7349708103558,612.3441128156618,622.3441320925265
Experiment 07-15_06:07
Epoch 0064 [Train seq (cond on sampled tp)] | Loss 2647827.321132 | MAPE 0.080933 | RMSE 175.023198 | Likelihood -2647824.559385 | KL fp 2.7617 | FP STD 0.2078 | ->nfe   52.00 | <-nfe   52.00
Epoch 0064 [Val seq (cond on sampled tp)] |  MAPE 0.033797 | RMSE 141.369681 |
Epoch 0064 [Test seq (cond on sampled tp)] | MAPE 0.067631 | RMSE 560.142050|
0.0709955170750618,0.06837116181850433,0.06352666765451431
491.14184560063705,586.7014786073067,602.5828262571047
Experiment 07-15_06:07
Epoch 0065 [Train seq (cond on sampled tp)] | Loss 2573795.809759 | MAPE 0.110109 | RMSE 169.020769 | Likelihood -2573793.103464 | KL fp 2.7063 | FP STD 0.1981 | ->nfe   52.00 | <-nfe   52.00
Epoch 0065 [Val seq (cond on sampled tp)] |  MAPE 0.034889 | RMSE 142.347746 |
Epoch 0065 [Test seq (cond on sampled tp)] | MAPE 0.072804 | RMSE 533.874158|
0.0823015570640564,0.07319355010986328,0.06291700899600983
469.0391441553679,559.5601509221327,573.0231779779942
Experiment 07-15_06:07
Epoch 0066 [Train seq (cond on sampled tp)] | Loss 2555464.964121 | MAPE 0.102848 | RMSE 165.646632 | Likelihood -2555461.880679 | KL fp 3.0834 | FP STD 0.1545 | ->nfe   52.00 | <-nfe   52.00
Epoch 0066 [Val seq (cond on sampled tp)] |  MAPE 0.033006 | RMSE 137.650181 |
Epoch 0066 [Test seq (cond on sampled tp)] | MAPE 0.075257 | RMSE 509.002166|
0.08682888746261597,0.07307089865207672,0.06587203592061996
445.4737471220947,528.5204880134734,553.0122625222699
Experiment 07-15_06:07
Epoch 0067 [Train seq (cond on sampled tp)] | Loss 2407175.250064 | MAPE 0.098243 | RMSE 152.627329 | Likelihood -2407171.997207 | KL fp 3.2529 | FP STD 0.1242 | ->nfe   52.00 | <-nfe   52.00
Epoch 0067 [Val seq (cond on sampled tp)] |  MAPE 0.031253 | RMSE 145.660645 |
Epoch 0067 [Test seq (cond on sampled tp)] | MAPE 0.078664 | RMSE 483.489495|
0.09086605161428452,0.07348597794771194,0.07163887470960617
422.3759618219294,499.1173928796712,528.975129377554
Experiment 07-15_06:07
Epoch 0068 [Train seq (cond on sampled tp)] | Loss 2324303.317609 | MAPE 0.099728 | RMSE 143.903582 | Likelihood -2324300.239153 | KL fp 3.0785 | FP STD 0.1344 | ->nfe   52.00 | <-nfe   52.00
Epoch 0068 [Val seq (cond on sampled tp)] |  MAPE 0.037596 | RMSE 140.446136 |
Epoch 0068 [Test seq (cond on sampled tp)] | MAPE 0.081935 | RMSE 466.038690|
0.09562170505523682,0.0777822881937027,0.07240240275859833
408.5913300597554,487.19634773877357,502.32839109490914
Experiment 07-15_06:07
Epoch 0069 [Train seq (cond on sampled tp)] | Loss 2323466.508675 | MAPE 0.136435 | RMSE 143.109101 | Likelihood -2323463.568597 | KL fp 2.9401 | FP STD 0.1497 | ->nfe   52.00 | <-nfe   52.00
Epoch 0069 [Val seq (cond on sampled tp)] |  MAPE 0.034172 | RMSE 160.251304 |
Epoch 0069 [Test seq (cond on sampled tp)] | MAPE 0.090973 | RMSE 474.395702|
0.10540615767240524,0.0886249914765358,0.07888681441545486
417.555086186242,481.68217607671556,523.9498425422037
Experiment 07-15_06:07
Epoch 0070 [Train seq (cond on sampled tp)] | Loss 2287180.970165 | MAPE 0.073742 | RMSE 139.634620 | Likelihood -2287178.142727 | KL fp 2.8274 | FP STD 0.1489 | ->nfe   52.00 | <-nfe   52.00
Epoch 0070 [Val seq (cond on sampled tp)] |  MAPE 0.057587 | RMSE 239.340753 |
Epoch 0070 [Test seq (cond on sampled tp)] | MAPE 0.095570 | RMSE 497.689696|
0.10548538714647293,0.09354118257761002,0.08768262714147568
434.7780504176815,507.1807955502653,551.110243054872
Experiment 07-15_06:07
Epoch 0071 [Train seq (cond on sampled tp)] | Loss 2320284.825595 | MAPE 0.080957 | RMSE 143.035814 | Likelihood -2320281.790548 | KL fp 3.0350 | FP STD 0.1334 | ->nfe   52.00 | <-nfe   52.00
Epoch 0071 [Val seq (cond on sampled tp)] |  MAPE 0.062635 | RMSE 238.378114 |
Epoch 0071 [Test seq (cond on sampled tp)] | MAPE 0.110402 | RMSE 511.659224|
0.12227144837379456,0.1078256368637085,0.10110795497894287
451.46630895893,518.263989198555,565.2473739434797
Experiment 07-15_06:07
Epoch 0072 [Train seq (cond on sampled tp)] | Loss 2334734.421371 | MAPE 0.072687 | RMSE 144.747054 | Likelihood -2334731.456177 | KL fp 2.9652 | FP STD 0.1478 | ->nfe   52.00 | <-nfe   52.00
Epoch 0072 [Val seq (cond on sampled tp)] |  MAPE 0.062682 | RMSE 251.228474 |
Epoch 0072 [Test seq (cond on sampled tp)] | MAPE 0.094782 | RMSE 501.280373|
0.10031670331954956,0.09544090926647186,0.0885876789689064
430.67523291919167,517.5317321189108,555.6341534679092
Experiment 07-15_06:07
Epoch 0073 [Train seq (cond on sampled tp)] | Loss 2265296.860776 | MAPE 0.100835 | RMSE 137.209281 | Likelihood -2265293.796605 | KL fp 3.0642 | FP STD 0.1491 | ->nfe   52.00 | <-nfe   52.00
Epoch 0073 [Val seq (cond on sampled tp)] |  MAPE 0.034036 | RMSE 114.565654 |
Epoch 0073 [Test seq (cond on sampled tp)] | MAPE 0.092593 | RMSE 448.851745|
0.10905232280492783,0.08741232007741928,0.08131459355354309
387.5086894187019,453.20547561233195,505.84106940816895
Experiment 07-15_06:07
Epoch 0074 [Train seq (cond on sampled tp)] | Loss 2132534.131912 | MAPE 0.064587 | RMSE 122.310924 | Likelihood -2132531.600560 | KL fp 2.5314 | FP STD 0.2112 | ->nfe   52.00 | <-nfe   52.00
Epoch 0074 [Val seq (cond on sampled tp)] |  MAPE 0.031917 | RMSE 113.388096 |
Epoch 0074 [Test seq (cond on sampled tp)] | MAPE 0.066140 | RMSE 392.871182|
0.07623516768217087,0.06102181226015091,0.06116222217679024
385.9241951147919,388.76336391820666,403.9259871870093
Experiment 07-15_06:07
Epoch 0075 [Train seq (cond on sampled tp)] | Loss 2134835.675668 | MAPE 0.121383 | RMSE 122.010759 | Likelihood -2134833.378290 | KL fp 2.2974 | FP STD 0.2628 | ->nfe   52.00 | <-nfe   52.00
Epoch 0075 [Val seq (cond on sampled tp)] |  MAPE 0.040809 | RMSE 127.335909 |
Epoch 0075 [Test seq (cond on sampled tp)] | MAPE 0.070436 | RMSE 370.083682|
0.08170349150896072,0.0682428851723671,0.06136125326156616
344.5038325258516,380.00602380093926,385.7411899512418
Experiment 07-15_06:07
Epoch 0076 [Train seq (cond on sampled tp)] | Loss 2089780.904147 | MAPE 0.115479 | RMSE 115.625156 | Likelihood -2089778.204018 | KL fp 2.7001 | FP STD 0.2377 | ->nfe   52.00 | <-nfe   52.00
Epoch 0076 [Val seq (cond on sampled tp)] |  MAPE 0.027785 | RMSE 98.220724 |
Best Val!
Epoch 0076 [Test seq (cond on sampled tp)] | MAPE 0.060327 | RMSE 314.746595|
0.07186415791511536,0.06126781180500984,0.04784877225756645
328.041667989754,306.6678272170069,309.5302893094632
Experiment 07-15_06:07
Epoch 0077 [Train seq (cond on sampled tp)] | Loss 2054331.893405 | MAPE 0.066119 | RMSE 107.183191 | Likelihood -2054328.927032 | KL fp 2.9664 | FP STD 0.2346 | ->nfe   52.00 | <-nfe   52.00
Epoch 0077 [Val seq (cond on sampled tp)] |  MAPE 0.033235 | RMSE 142.291404 |
Epoch 0077 [Test seq (cond on sampled tp)] | MAPE 0.073483 | RMSE 386.657324|
0.0795588493347168,0.07999270409345627,0.06089727580547333
373.9993106611294,395.07453806212317,390.8981245158385
Experiment 07-15_06:07
Epoch 0078 [Train seq (cond on sampled tp)] | Loss 2206369.866767 | MAPE 0.054494 | RMSE 128.800885 | Likelihood -2206367.501885 | KL fp 2.3649 | FP STD 0.2616 | ->nfe   52.00 | <-nfe   52.00
Epoch 0078 [Val seq (cond on sampled tp)] |  MAPE 0.027966 | RMSE 112.837186 |
Epoch 0078 [Test seq (cond on sampled tp)] | MAPE 0.050421 | RMSE 354.945511|
0.05835885927081108,0.04981139674782753,0.043093688786029816
305.9124798247041,368.89378552640324,390.0302672549914
0.05835885927081108,0.04981139674782753,0.043093688786029816
305.9124798247041,368.89378552640324,390.0302672549914
Epoch 0078 [Test seq (cond on sampled tp)] | Best Test MAPE 0.050421|Best Test RMSE 354.945511|
Experiment 07-15_06:07
Epoch 0079 [Train seq (cond on sampled tp)] | Loss 2198177.819054 | MAPE 0.065747 | RMSE 131.107147 | Likelihood -2198175.220752 | KL fp 2.5983 | FP STD 0.2620 | ->nfe   52.00 | <-nfe   52.00
Epoch 0079 [Val seq (cond on sampled tp)] |  MAPE 0.036630 | RMSE 157.019518 |
Epoch 0079 [Test seq (cond on sampled tp)] | MAPE 0.061836 | RMSE 457.074494|
0.06894802302122116,0.06408755481243134,0.052473075687885284
381.53483212545615,483.3358207550936,506.3528290628976
Experiment 07-15_06:07
Epoch 0080 [Train seq (cond on sampled tp)] | Loss 2531470.836304 | MAPE 0.082460 | RMSE 164.672331 | Likelihood -2531467.983426 | KL fp 2.8529 | FP STD 0.2043 | ->nfe   52.00 | <-nfe   52.00
Epoch 0080 [Val seq (cond on sampled tp)] |  MAPE 0.048421 | RMSE 189.710460 |
Epoch 0080 [Test seq (cond on sampled tp)] | MAPE 0.070432 | RMSE 484.480991|
0.08703620731830597,0.06591331213712692,0.0583462230861187
445.051998366483,490.28574257773397,518.1052318303686
Experiment 07-15_06:07
Epoch 0081 [Train seq (cond on sampled tp)] | Loss 2428937.399945 | MAPE 0.110451 | RMSE 153.825881 | Likelihood -2428934.015416 | KL fp 3.3845 | FP STD 0.1407 | ->nfe   52.00 | <-nfe   52.00
Epoch 0081 [Val seq (cond on sampled tp)] |  MAPE 0.039817 | RMSE 158.019610 |
Epoch 0081 [Test seq (cond on sampled tp)] | MAPE 0.058783 | RMSE 483.436773|
0.06283953785896301,0.060203488916158676,0.053305938839912415
418.8347302337761,499.96092034778076,531.5146693648257
Experiment 07-15_06:07
Epoch 0082 [Train seq (cond on sampled tp)] | Loss 2282306.147911 | MAPE 0.098253 | RMSE 140.155749 | Likelihood -2282302.676537 | KL fp 3.4714 | FP STD 0.1218 | ->nfe   52.00 | <-nfe   52.00
Epoch 0082 [Val seq (cond on sampled tp)] |  MAPE 0.039856 | RMSE 162.797324 |
Epoch 0082 [Test seq (cond on sampled tp)] | MAPE 0.065878 | RMSE 506.104478|
0.0728386715054512,0.06651998311281204,0.05827557295560837
459.4087402575184,514.6978178990076,544.2068770238025
Experiment 07-15_06:07
Epoch 0083 [Train seq (cond on sampled tp)] | Loss 2312020.384176 | MAPE 0.078820 | RMSE 144.219483 | Likelihood -2312017.135918 | KL fp 3.2483 | FP STD 0.1348 | ->nfe   52.00 | <-nfe   52.00
Epoch 0083 [Val seq (cond on sampled tp)] |  MAPE 0.039451 | RMSE 154.843186 |
Epoch 0083 [Test seq (cond on sampled tp)] | MAPE 0.059163 | RMSE 484.833648|
0.05825640633702278,0.06409755349159241,0.05513383820652962
419.729153740838,515.8576596310265,518.9141306613262
Experiment 07-15_06:07
Epoch 0084 [Train seq (cond on sampled tp)] | Loss 2338522.546471 | MAPE 0.102413 | RMSE 146.282521 | Likelihood -2338519.318036 | KL fp 3.2284 | FP STD 0.1538 | ->nfe   52.00 | <-nfe   52.00
Epoch 0084 [Val seq (cond on sampled tp)] |  MAPE 0.040451 | RMSE 163.042310 |
Epoch 0084 [Test seq (cond on sampled tp)] | MAPE 0.071874 | RMSE 541.722545|
0.07836969941854477,0.07288710027933121,0.06436572223901749
464.3655449912278,548.1272947500426,612.6747964866843
Experiment 07-15_06:07
Epoch 0085 [Train seq (cond on sampled tp)] | Loss 2398575.119806 | MAPE 0.085384 | RMSE 153.188336 | Likelihood -2398572.049472 | KL fp 3.0703 | FP STD 0.1467 | ->nfe   52.00 | <-nfe   52.00
Epoch 0085 [Val seq (cond on sampled tp)] |  MAPE 0.044771 | RMSE 160.434889 |
Epoch 0085 [Test seq (cond on sampled tp)] | MAPE 0.068275 | RMSE 483.910531|
0.07842689007520676,0.06871461123228073,0.057684652507305145
430.0292686259855,516.0641917436241,505.6381333275804
Experiment 07-15_06:07
Epoch 0086 [Train seq (cond on sampled tp)] | Loss 2293814.618838 | MAPE 0.083979 | RMSE 141.755994 | Likelihood -2293811.775280 | KL fp 2.8436 | FP STD 0.1631 | ->nfe   52.00 | <-nfe   52.00
Epoch 0086 [Val seq (cond on sampled tp)] |  MAPE 0.038644 | RMSE 156.430633 |
Epoch 0086 [Test seq (cond on sampled tp)] | MAPE 0.059903 | RMSE 475.787064|
0.06627404689788818,0.06209990382194519,0.051335904747247696
412.9234190500703,500.084992776228,514.3527789853964
Experiment 07-15_06:07
Epoch 0087 [Train seq (cond on sampled tp)] | Loss 2304805.536088 | MAPE 0.115838 | RMSE 142.827362 | Likelihood -2304802.484979 | KL fp 3.0511 | FP STD 0.1809 | ->nfe   52.00 | <-nfe   52.00
Epoch 0087 [Val seq (cond on sampled tp)] |  MAPE 0.038699 | RMSE 166.357983 |
Epoch 0087 [Test seq (cond on sampled tp)] | MAPE 0.073911 | RMSE 514.716083|
0.07893873751163483,0.07364732772111893,0.06914778798818588
444.11879041535724,519.5021655392786,580.5272926400619
Experiment 07-15_06:07
Epoch 0088 [Train seq (cond on sampled tp)] | Loss 2303359.081959 | MAPE 0.078881 | RMSE 143.592053 | Likelihood -2303356.187854 | KL fp 2.8941 | FP STD 0.1900 | ->nfe   52.00 | <-nfe   52.00
Epoch 0088 [Val seq (cond on sampled tp)] |  MAPE 0.045101 | RMSE 182.962214 |
Epoch 0088 [Test seq (cond on sampled tp)] | MAPE 0.079322 | RMSE 488.647004|
0.08138184994459152,0.08315055072307587,0.07343462854623795
446.99799006818813,519.4193573116042,499.5236637287567
Experiment 07-15_06:07
Epoch 0089 [Train seq (cond on sampled tp)] | Loss 2138819.119715 | MAPE 0.070912 | RMSE 122.031685 | Likelihood -2138816.085711 | KL fp 3.0340 | FP STD 0.1922 | ->nfe   52.00 | <-nfe   52.00
Epoch 0089 [Val seq (cond on sampled tp)] |  MAPE 0.039604 | RMSE 166.786253 |
Epoch 0089 [Test seq (cond on sampled tp)] | MAPE 0.078643 | RMSE 525.670067|
0.08959236741065979,0.07973885536193848,0.066598080098629
488.74806585295045,530.1197093581789,558.142426939576
Experiment 07-15_06:07
Epoch 0090 [Train seq (cond on sampled tp)] | Loss 2084948.916470 | MAPE 0.073647 | RMSE 112.759362 | Likelihood -2084945.976409 | KL fp 2.9401 | FP STD 0.1909 | ->nfe   52.00 | <-nfe   52.00
Epoch 0090 [Val seq (cond on sampled tp)] |  MAPE 0.033301 | RMSE 121.196380 |
Epoch 0090 [Test seq (cond on sampled tp)] | MAPE 0.054890 | RMSE 394.113156|
0.06010622903704643,0.05734994634985924,0.04721500352025032
319.11670083215637,420.3241122931208,442.89865516842565
Experiment 07-15_06:07
Epoch 0091 [Train seq (cond on sampled tp)] | Loss 2213394.121752 | MAPE 0.104084 | RMSE 131.606554 | Likelihood -2213391.148290 | KL fp 2.9735 | FP STD 0.1577 | ->nfe   52.00 | <-nfe   52.00
Epoch 0091 [Val seq (cond on sampled tp)] |  MAPE 0.038823 | RMSE 165.210826 |
Epoch 0091 [Test seq (cond on sampled tp)] | MAPE 0.080046 | RMSE 499.914541|
0.09506204724311829,0.07739341259002686,0.06768124550580978
492.9433442344059,502.86041179436666,503.9398680646333
Experiment 07-15_06:07
Epoch 0092 [Train seq (cond on sampled tp)] | Loss 2174127.793628 | MAPE 0.072218 | RMSE 126.203110 | Likelihood -2174124.512873 | KL fp 3.2808 | FP STD 0.1257 | ->nfe   52.00 | <-nfe   52.00
Epoch 0092 [Val seq (cond on sampled tp)] |  MAPE 0.041505 | RMSE 178.560466 |
Epoch 0092 [Test seq (cond on sampled tp)] | MAPE 0.081387 | RMSE 514.669298|
0.09071298688650131,0.08208473026752472,0.07136259973049164
483.1010181628683,549.6141828592126,511.2926938163697
Experiment 07-15_06:07
Epoch 0093 [Train seq (cond on sampled tp)] | Loss 2449860.711404 | MAPE 0.081509 | RMSE 156.740035 | Likelihood -2449857.311077 | KL fp 3.4003 | FP STD 0.1375 | ->nfe   52.00 | <-nfe   52.00
Epoch 0093 [Val seq (cond on sampled tp)] |  MAPE 0.041227 | RMSE 178.733713 |
Epoch 0093 [Test seq (cond on sampled tp)] | MAPE 0.074625 | RMSE 514.636552|
0.07738819718360901,0.07911791652441025,0.06736781448125839
454.18876857535787,542.7791620447491,546.9417245008832
Experiment 07-15_06:07
Epoch 0094 [Train seq (cond on sampled tp)] | Loss 2390514.436984 | MAPE 0.087605 | RMSE 150.465584 | Likelihood -2390511.530074 | KL fp 2.9069 | FP STD 0.1445 | ->nfe   52.00 | <-nfe   52.00
Epoch 0094 [Val seq (cond on sampled tp)] |  MAPE 0.043118 | RMSE 179.124951 |
Epoch 0094 [Test seq (cond on sampled tp)] | MAPE 0.083364 | RMSE 545.356977|
0.0884835347533226,0.08690866082906723,0.07469896972179413
463.2756839884865,556.1540928555683,616.6411537515154
Experiment 07-15_06:07
Epoch 0095 [Train seq (cond on sampled tp)] | Loss 2429037.216554 | MAPE 0.105126 | RMSE 155.738940 | Likelihood -2429034.186008 | KL fp 3.0305 | FP STD 0.1695 | ->nfe   52.00 | <-nfe   52.00
Epoch 0095 [Val seq (cond on sampled tp)] |  MAPE 0.042865 | RMSE 167.910219 |
Epoch 0095 [Test seq (cond on sampled tp)] | MAPE 0.071611 | RMSE 522.565875|
0.07509931176900864,0.07125914096832275,0.06847437471151352
442.09315689682415,526.5069443986471,599.0975244065027
Experiment 07-15_06:07
Epoch 0096 [Train seq (cond on sampled tp)] | Loss 2378168.389554 | MAPE 0.112752 | RMSE 149.369439 | Likelihood -2378165.552071 | KL fp 2.8375 | FP STD 0.1845 | ->nfe   52.00 | <-nfe   52.00
Epoch 0096 [Val seq (cond on sampled tp)] |  MAPE 0.047361 | RMSE 168.149406 |
Epoch 0096 [Test seq (cond on sampled tp)] | MAPE 0.076404 | RMSE 529.628228|
0.08294396847486496,0.07807937264442444,0.06818829476833344
437.9398503219363,551.1266585368558,599.8181755748986
Experiment 07-15_06:07
Epoch 0097 [Train seq (cond on sampled tp)] | Loss 2378659.482511 | MAPE 0.095397 | RMSE 150.604564 | Likelihood -2378656.475229 | KL fp 3.0073 | FP STD 0.1830 | ->nfe   52.00 | <-nfe   52.00
Epoch 0097 [Val seq (cond on sampled tp)] |  MAPE 0.037257 | RMSE 155.469557 |
Epoch 0097 [Test seq (cond on sampled tp)] | MAPE 0.069921 | RMSE 511.829677|
0.07803761959075928,0.06886908411979675,0.06285694241523743
439.8737567473195,533.5775482532974,562.0377267141415
Experiment 07-15_06:07
Epoch 0098 [Train seq (cond on sampled tp)] | Loss 2346501.957132 | MAPE 0.093671 | RMSE 147.924578 | Likelihood -2346498.872009 | KL fp 3.0851 | FP STD 0.1503 | ->nfe   52.00 | <-nfe   52.00
Epoch 0098 [Val seq (cond on sampled tp)] |  MAPE 0.037901 | RMSE 162.739499 |
Epoch 0098 [Test seq (cond on sampled tp)] | MAPE 0.067113 | RMSE 502.676979|
0.07806021720170975,0.06585250049829483,0.057424794882535934
432.7804545898532,516.3872396273944,558.8632435578493
Experiment 07-15_06:07
Epoch 0099 [Train seq (cond on sampled tp)] | Loss 2325440.915869 | MAPE 0.087577 | RMSE 144.466960 | Likelihood -2325437.839432 | KL fp 3.0764 | FP STD 0.1430 | ->nfe   52.00 | <-nfe   52.00
Epoch 0099 [Val seq (cond on sampled tp)] |  MAPE 0.041197 | RMSE 177.733578 |
Epoch 0099 [Test seq (cond on sampled tp)] | MAPE 0.074571 | RMSE 502.270484|
0.08370175957679749,0.07552450150251389,0.06448742002248764
436.72699567349855,514.464193360432,555.6202615096033
Experiment 07-15_06:07
Epoch 0100 [Train seq (cond on sampled tp)] | Loss 2288819.005792 | MAPE 0.077001 | RMSE 140.209001 | Likelihood -2288815.976021 | KL fp 3.0298 | FP STD 0.1611 | ->nfe   52.00 | <-nfe   52.00
Epoch 0100 [Val seq (cond on sampled tp)] |  MAPE 0.041256 | RMSE 183.715441 |
Epoch 0100 [Test seq (cond on sampled tp)] | MAPE 0.076414 | RMSE 519.855805|
0.08474607020616531,0.07869672775268555,0.06580065935850143
443.3037368723616,530.4428868879288,585.8207917102294
