/nvme/yuanjingyang/CG-ODE/run_models_covid.py
run_models_covid.py
Namespace(save='experiments/', load=None, dataset='Dec', datapath='data/', pred_length=14, condition_length=21, features='Confirmed,Deaths,Recovered,Mortality_Rate,Testing_Rate,Population,Mobility', split_interval=3, feature_out='Deaths', niters=100, lr=0.005, batch_size=8, random_seed=1991, dropout=0.2, l2=1e-05, optimizer='AdamW', clip=10, edge_lamda=0.5, z0_encoder='GTrans', rec_dims=64, ode_dims=20, rec_layers=1, gen_layers=1, encoder='base', graf_layer=1, cheb_K=2, heavyBall=False, actv_h=None, gamma_guess=-3.0, gamma_act='sigmoid', corr=-100, corrf=True, sign=1, augment_dim=0, solver='rk4', rtol=0.01, atol=0.01, alias='run', output_dim=1, feature_out_index=[1], num_atoms=50)
run
Experiment 09-03_18:36
Epoch 0001 [Train seq (cond on sampled tp)] | Loss 4390895.697169 | MAPE 0.063288 | RMSE 286.214709 | MAE 11.335379 | Likelihood -4390894.346659 | KL fp 1.3505 | FP STD 0.4945 | ->nfe   52.00 | <-nfe   52.00
Epoch 0001 [Val seq (cond on sampled tp)] |  MAPE 0.058121 | RMSE 304.542126 | MAE 13.493697 |
Best Val!
Epoch 0001 [Test seq (cond on sampled tp)] | MAPE 0.112916 | RMSE 902.268424| MAE 624.683573
0.1295088231563568,0.11457318812608719,0.09466535598039627
902.7337993561557,928.2577093673933,875.8137644499543
0.1295088231563568,0.11457318812608719,0.09466535598039627
902.7337993561557,928.2577093673933,875.8137644499543
Epoch 0001 [Test seq (cond on sampled tp)] | Best Test MAPE 0.112916|Best Test RMSE 902.268424|Best Test MAE 624.683573
Experiment 09-03_18:36
Epoch 0002 [Train seq (cond on sampled tp)] | Loss 4160282.791356 | MAPE 0.101205 | RMSE 274.601967 | MAE 10.721213 | Likelihood -4160279.979574 | KL fp 2.8118 | FP STD 0.9106 | ->nfe   52.00 | <-nfe   52.00
Epoch 0002 [Val seq (cond on sampled tp)] |  MAPE 0.064184 | RMSE 277.321564 | MAE 12.430363 |
Epoch 0002 [Test seq (cond on sampled tp)] | MAPE 0.103250 | RMSE 857.597880| MAE 567.041809
0.11924291402101517,0.1031394675374031,0.08736857026815414
854.5206258482003,881.9871030803115,836.2859110376068
0.11924291402101517,0.1031394675374031,0.08736857026815414
854.5206258482003,881.9871030803115,836.2859110376068
Epoch 0002 [Test seq (cond on sampled tp)] | Best Test MAPE 0.103250|Best Test RMSE 857.597880|Best Test MAE 567.041809
Experiment 09-03_18:36
Epoch 0003 [Train seq (cond on sampled tp)] | Loss 3782401.067234 | MAPE 0.244352 | RMSE 253.942160 | MAE 10.302392 | Likelihood -3782395.608346 | KL fp 5.4589 | FP STD 1.1910 | ->nfe   52.00 | <-nfe   52.00
Epoch 0003 [Val seq (cond on sampled tp)] |  MAPE 0.103301 | RMSE 234.431485 | MAE 10.924628 |
Epoch 0003 [Test seq (cond on sampled tp)] | MAPE 0.133691 | RMSE 771.394169| MAE 476.692322
0.14577625691890717,0.13693299889564514,0.11836317926645279
763.8278601884066,796.919969319379,753.4346769959557
Experiment 09-03_18:36
Epoch 0004 [Train seq (cond on sampled tp)] | Loss 3451077.175969 | MAPE 0.451099 | RMSE 233.412475 | MAE 10.664115 | Likelihood -3451070.641538 | KL fp 6.5344 | FP STD 1.0376 | ->nfe   52.00 | <-nfe   52.00
Epoch 0004 [Val seq (cond on sampled tp)] |  MAPE 0.074221 | RMSE 196.203030 | MAE 9.640165 |
Epoch 0004 [Test seq (cond on sampled tp)] | MAPE 0.105433 | RMSE 698.927980| MAE 411.397919
0.11427419632673264,0.10272645950317383,0.09929709881544113
684.7365597439646,724.6718222754353,687.3755569192143
Experiment 09-03_18:36
Epoch 0005 [Train seq (cond on sampled tp)] | Loss 3000088.487510 | MAPE 0.183728 | RMSE 204.357303 | MAE 8.689341 | Likelihood -3000085.141158 | KL fp 3.3464 | FP STD 0.6435 | ->nfe   52.00 | <-nfe   52.00
Epoch 0005 [Val seq (cond on sampled tp)] |  MAPE 0.030110 | RMSE 163.505465 | MAE 8.718055 |
Best Val!
Epoch 0005 [Test seq (cond on sampled tp)] | MAPE 0.057568 | RMSE 613.655685| MAE 330.369883
0.05994509533047676,0.06074817478656769,0.05201050266623497
599.9819007686815,643.4523098101366,597.5328442855673
0.05994509533047676,0.06074817478656769,0.05201050266623497
599.9819007686815,643.4523098101366,597.5328442855673
Epoch 0005 [Test seq (cond on sampled tp)] | Best Test MAPE 0.057568|Best Test RMSE 613.655685|Best Test MAE 330.369883
Experiment 09-03_18:36
Epoch 0006 [Train seq (cond on sampled tp)] | Loss 2686193.091762 | MAPE 0.040559 | RMSE 179.274756 | MAE 7.966520 | Likelihood -2686189.332018 | KL fp 3.7597 | FP STD 0.6426 | ->nfe   52.00 | <-nfe   52.00
Epoch 0006 [Val seq (cond on sampled tp)] |  MAPE 0.032259 | RMSE 157.554071 | MAE 8.707516 |
Epoch 0006 [Test seq (cond on sampled tp)] | MAPE 0.054991 | RMSE 566.403612| MAE 316.923340
0.06183866783976555,0.05472761020064354,0.048405636101961136
549.7614823721284,602.3816014371621,547.0677517456134
0.06183866783976555,0.05472761020064354,0.048405636101961136
549.7614823721284,602.3816014371621,547.0677517456134
Epoch 0006 [Test seq (cond on sampled tp)] | Best Test MAPE 0.054991|Best Test RMSE 566.403612|Best Test MAE 316.923340
Experiment 09-03_18:36
Epoch 0007 [Train seq (cond on sampled tp)] | Loss 2421579.468270 | MAPE 0.065347 | RMSE 155.580417 | MAE 7.522001 | Likelihood -2421576.269195 | KL fp 3.1991 | FP STD 0.5435 | ->nfe   52.00 | <-nfe   52.00
Epoch 0007 [Val seq (cond on sampled tp)] |  MAPE 0.027444 | RMSE 117.441400 | MAE 7.834762 |
Best Val!
Epoch 0007 [Test seq (cond on sampled tp)] | MAPE 0.050787 | RMSE 456.759425| MAE 247.912547
0.05655793100595474,0.05547090992331505,0.04033191502094269
427.8329478312768,489.97721566925946,452.4681100641237
0.05655793100595474,0.05547090992331505,0.04033191502094269
427.8329478312768,489.97721566925946,452.4681100641237
Epoch 0007 [Test seq (cond on sampled tp)] | Best Test MAPE 0.050787|Best Test RMSE 456.759425|Best Test MAE 247.912547
Experiment 09-03_18:36
Epoch 0008 [Train seq (cond on sampled tp)] | Loss 2287880.709533 | MAPE 0.037947 | RMSE 140.990735 | MAE 6.911935 | Likelihood -2287877.687775 | KL fp 3.0218 | FP STD 0.4516 | ->nfe   52.00 | <-nfe   52.00
Epoch 0008 [Val seq (cond on sampled tp)] |  MAPE 0.028466 | RMSE 104.963977 | MAE 7.579288 |
Epoch 0008 [Test seq (cond on sampled tp)] | MAPE 0.047468 | RMSE 413.920395| MAE 219.105672
0.0571078322827816,0.04310140386223793,0.04219606891274452
399.18164333420947,436.02492402957887,406.55461656461364
0.0571078322827816,0.04310140386223793,0.04219606891274452
399.18164333420947,436.02492402957887,406.55461656461364
Epoch 0008 [Test seq (cond on sampled tp)] | Best Test MAPE 0.047468|Best Test RMSE 413.920395|Best Test MAE 219.105672
Experiment 09-03_18:36
Epoch 0009 [Train seq (cond on sampled tp)] | Loss 2221150.951620 | MAPE 0.051927 | RMSE 132.473089 | MAE 7.399895 | Likelihood -2221147.778269 | KL fp 3.1734 | FP STD 0.3834 | ->nfe   52.00 | <-nfe   52.00
Epoch 0009 [Val seq (cond on sampled tp)] |  MAPE 0.032436 | RMSE 116.280687 | MAE 7.913460 |
Epoch 0009 [Test seq (cond on sampled tp)] | MAPE 0.060050 | RMSE 422.906557| MAE 250.597967
0.071095310151577,0.0590965636074543,0.049958236515522
422.3832494015358,442.2043857199971,404.1320367466554
Experiment 09-03_18:36
Epoch 0010 [Train seq (cond on sampled tp)] | Loss 2145305.399578 | MAPE 0.034991 | RMSE 124.335431 | MAE 6.632396 | Likelihood -2145302.713412 | KL fp 2.6862 | FP STD 0.3628 | ->nfe   52.00 | <-nfe   52.00
Epoch 0010 [Val seq (cond on sampled tp)] |  MAPE 0.026920 | RMSE 92.624415 | MAE 7.275897 |
Best Val!
Epoch 0010 [Test seq (cond on sampled tp)] | MAPE 0.058104 | RMSE 362.770242| MAE 214.047638
0.06930606812238693,0.054301436990499496,0.050703976303339005
343.8556087771436,385.72843021353765,358.72668696028177
Experiment 09-03_18:36
Epoch 0011 [Train seq (cond on sampled tp)] | Loss 2096304.763117 | MAPE 0.039523 | RMSE 118.236451 | MAE 6.613557 | Likelihood -2096301.938943 | KL fp 2.8242 | FP STD 0.3104 | ->nfe   52.00 | <-nfe   52.00
Epoch 0011 [Val seq (cond on sampled tp)] |  MAPE 0.032854 | RMSE 87.847741 | MAE 7.169266 |
Epoch 0011 [Test seq (cond on sampled tp)] | MAPE 0.055538 | RMSE 334.018876| MAE 200.502314
0.06564448028802872,0.05450877547264099,0.04646209627389908
312.9236752987859,353.78844755729375,335.34450569526257
Experiment 09-03_18:36
Epoch 0012 [Train seq (cond on sampled tp)] | Loss 2067308.852482 | MAPE 0.035097 | RMSE 113.511410 | MAE 6.406901 | Likelihood -2067305.835479 | KL fp 3.0170 | FP STD 0.2382 | ->nfe   52.00 | <-nfe   52.00
Epoch 0012 [Val seq (cond on sampled tp)] |  MAPE 0.024094 | RMSE 80.003686 | MAE 6.871908 |
Best Val!
Epoch 0012 [Test seq (cond on sampled tp)] | MAPE 0.050850 | RMSE 309.940657| MAE 194.104273
0.055070217698812485,0.04941779375076294,0.0480625182390213
287.52346371644177,330.5201156888942,311.77839185068615
Experiment 09-03_18:36
Epoch 0013 [Train seq (cond on sampled tp)] | Loss 2046284.988391 | MAPE 0.033465 | RMSE 108.822150 | MAE 6.377243 | Likelihood -2046281.894627 | KL fp 3.0938 | FP STD 0.2139 | ->nfe   52.00 | <-nfe   52.00
Epoch 0013 [Val seq (cond on sampled tp)] |  MAPE 0.026963 | RMSE 98.674274 | MAE 7.475841 |
Epoch 0013 [Test seq (cond on sampled tp)] | MAPE 0.049756 | RMSE 328.480311| MAE 214.173518
0.05652711167931557,0.049217693507671356,0.04352421686053276
330.434467784461,357.7736933104501,297.2327712626924
Experiment 09-03_18:36
Epoch 0014 [Train seq (cond on sampled tp)] | Loss 2027129.739124 | MAPE 0.043095 | RMSE 107.701088 | MAE 6.582390 | Likelihood -2027126.650156 | KL fp 3.0890 | FP STD 0.1991 | ->nfe   52.00 | <-nfe   52.00
Epoch 0014 [Val seq (cond on sampled tp)] |  MAPE 0.031400 | RMSE 99.674367 | MAE 7.501620 |
Epoch 0014 [Test seq (cond on sampled tp)] | MAPE 0.056039 | RMSE 337.450611| MAE 202.429586
0.06493617594242096,0.05482089892029762,0.04836006835103035
332.22481563694186,372.6497811283404,307.47723492967737
Experiment 09-03_18:36
Epoch 0015 [Train seq (cond on sampled tp)] | Loss 2045474.844036 | MAPE 0.031863 | RMSE 111.515111 | MAE 6.295668 | Likelihood -2045471.872013 | KL fp 2.9720 | FP STD 0.1892 | ->nfe   52.00 | <-nfe   52.00
Epoch 0015 [Val seq (cond on sampled tp)] |  MAPE 0.034638 | RMSE 85.768214 | MAE 7.093904 |
Epoch 0015 [Test seq (cond on sampled tp)] | MAPE 0.063813 | RMSE 308.894241| MAE 202.818878
0.0711168497800827,0.06341981887817383,0.05690372362732887
296.04332189309724,325.377257003313,305.2621440049519
Experiment 09-03_18:36
Epoch 0016 [Train seq (cond on sampled tp)] | Loss 2030753.884267 | MAPE 0.054145 | RMSE 106.216755 | MAE 6.757259 | Likelihood -2030750.793799 | KL fp 3.0905 | FP STD 0.2161 | ->nfe   52.00 | <-nfe   52.00
Epoch 0016 [Val seq (cond on sampled tp)] |  MAPE 0.027608 | RMSE 105.554104 | MAE 7.719298 |
Epoch 0016 [Test seq (cond on sampled tp)] | MAPE 0.057469 | RMSE 321.047075| MAE 205.375885
0.06492117047309875,0.058738697320222855,0.04874783381819725
307.88767483044853,348.63971150386755,306.61383999258743
Experiment 09-03_18:36
Epoch 0017 [Train seq (cond on sampled tp)] | Loss 2028887.365494 | MAPE 0.033227 | RMSE 108.313882 | MAE 6.383350 | Likelihood -2028884.377779 | KL fp 2.9877 | FP STD 0.1924 | ->nfe   52.00 | <-nfe   52.00
Epoch 0017 [Val seq (cond on sampled tp)] |  MAPE 0.031168 | RMSE 83.721803 | MAE 7.108149 |
Epoch 0017 [Test seq (cond on sampled tp)] | MAPE 0.063136 | RMSE 320.337086| MAE 208.600962
0.06942429393529892,0.060900039970874786,0.0590849369764328
302.49265228679525,346.2916378394084,312.2269682258405
Experiment 09-03_18:36
Epoch 0018 [Train seq (cond on sampled tp)] | Loss 2014142.844248 | MAPE 0.032614 | RMSE 105.555435 | MAE 6.279148 | Likelihood -2014139.855823 | KL fp 2.9884 | FP STD 0.1873 | ->nfe   52.00 | <-nfe   52.00
Epoch 0018 [Val seq (cond on sampled tp)] |  MAPE 0.028721 | RMSE 89.096493 | MAE 7.202637 |
Epoch 0018 [Test seq (cond on sampled tp)] | MAPE 0.053655 | RMSE 318.656373| MAE 195.047557
0.05782276391983032,0.05252641439437866,0.05061683431267738
290.6314246601699,350.7231368900546,314.6145583289178
Experiment 09-03_18:36
Epoch 0019 [Train seq (cond on sampled tp)] | Loss 2009196.932247 | MAPE 0.035323 | RMSE 105.199373 | MAE 6.252182 | Likelihood -2009194.107922 | KL fp 2.8243 | FP STD 0.2110 | ->nfe   52.00 | <-nfe   52.00
Epoch 0019 [Val seq (cond on sampled tp)] |  MAPE 0.029246 | RMSE 83.157630 | MAE 7.081979 |
Epoch 0019 [Test seq (cond on sampled tp)] | MAPE 0.058238 | RMSE 298.005708| MAE 189.591237
0.06039875000715256,0.06018341705203056,0.05413074418902397
273.4537066625721,312.690929173681,307.8724878094826
Experiment 09-03_18:36
Epoch 0020 [Train seq (cond on sampled tp)] | Loss 1990928.397596 | MAPE 0.036470 | RMSE 101.824914 | MAE 6.080971 | Likelihood -1990925.681757 | KL fp 2.7158 | FP STD 0.2248 | ->nfe   52.00 | <-nfe   52.00
Epoch 0020 [Val seq (cond on sampled tp)] |  MAPE 0.035839 | RMSE 83.873256 | MAE 7.102204 |
Epoch 0020 [Test seq (cond on sampled tp)] | MAPE 0.064963 | RMSE 306.679723| MAE 194.059067
0.06633880734443665,0.06808526068925858,0.06046352908015251
268.76190380613843,332.81228286377893,318.4649828670336
Experiment 09-03_18:36
Epoch 0021 [Train seq (cond on sampled tp)] | Loss 2005815.478296 | MAPE 0.047285 | RMSE 102.679425 | MAE 6.565501 | Likelihood -2005812.492130 | KL fp 2.9862 | FP STD 0.2098 | ->nfe   52.00 | <-nfe   52.00
Epoch 0021 [Val seq (cond on sampled tp)] |  MAPE 0.037938 | RMSE 83.341547 | MAE 7.170358 |
Epoch 0021 [Test seq (cond on sampled tp)] | MAPE 0.062374 | RMSE 325.108871| MAE 207.056946
0.06597626209259033,0.06353596597909927,0.05761026218533516
291.0438916641268,359.05323639051073,325.2294862862222
Experiment 09-03_18:36
Epoch 0022 [Train seq (cond on sampled tp)] | Loss 2019315.130630 | MAPE 0.052509 | RMSE 106.978322 | MAE 6.607750 | Likelihood -2019312.302665 | KL fp 2.8280 | FP STD 0.2072 | ->nfe   52.00 | <-nfe   52.00
Epoch 0022 [Val seq (cond on sampled tp)] |  MAPE 0.028081 | RMSE 85.458315 | MAE 7.328360 |
Epoch 0022 [Test seq (cond on sampled tp)] | MAPE 0.055940 | RMSE 301.187485| MAE 194.177170
0.06208708509802818,0.05663749575614929,0.04909660294651985
274.0500068418171,321.0841619614708,308.4282863365486
Experiment 09-03_18:36
Epoch 0023 [Train seq (cond on sampled tp)] | Loss 1994603.176355 | MAPE 0.051753 | RMSE 102.762256 | MAE 6.414557 | Likelihood -1994600.628805 | KL fp 2.5475 | FP STD 0.2545 | ->nfe   52.00 | <-nfe   52.00
Epoch 0023 [Val seq (cond on sampled tp)] |  MAPE 0.040556 | RMSE 87.003300 | MAE 7.278059 |
Epoch 0023 [Test seq (cond on sampled tp)] | MAPE 0.048518 | RMSE 295.777634| MAE 183.856700
0.056039903312921524,0.04599280282855034,0.043522413820028305
289.58577636859167,304.0643949067368,293.68273165952405
Experiment 09-03_18:36
Epoch 0024 [Train seq (cond on sampled tp)] | Loss 2000842.180560 | MAPE 0.127885 | RMSE 103.890377 | MAE 6.801452 | Likelihood -2000839.264947 | KL fp 2.9156 | FP STD 0.1791 | ->nfe   52.00 | <-nfe   52.00
Epoch 0024 [Val seq (cond on sampled tp)] |  MAPE 0.027500 | RMSE 83.803152 | MAE 7.185380 |
Epoch 0024 [Test seq (cond on sampled tp)] | MAPE 0.046476 | RMSE 283.553759| MAE 189.253199
0.04835648089647293,0.05082644894719124,0.040244415402412415
263.83023068822115,318.4097939369956,268.4212524186563
0.04835648089647293,0.05082644894719124,0.040244415402412415
263.83023068822115,318.4097939369956,268.4212524186563
Epoch 0024 [Test seq (cond on sampled tp)] | Best Test MAPE 0.046476|Best Test RMSE 283.553759|Best Test MAE 189.253199
Experiment 09-03_18:36
Epoch 0025 [Train seq (cond on sampled tp)] | Loss 1986492.743029 | MAPE 0.083396 | RMSE 99.567385 | MAE 6.477655 | Likelihood -1986489.993951 | KL fp 2.7491 | FP STD 0.2047 | ->nfe   52.00 | <-nfe   52.00
Epoch 0025 [Val seq (cond on sampled tp)] |  MAPE 0.026866 | RMSE 96.816237 | MAE 7.498656 |
Epoch 0025 [Test seq (cond on sampled tp)] | MAPE 0.052180 | RMSE 339.239489| MAE 213.996475
0.05391179397702217,0.05210675299167633,0.05052068457007408
312.3946822530755,357.16274520517953,348.1610394271593
Experiment 09-03_18:36
Epoch 0026 [Train seq (cond on sampled tp)] | Loss 2020558.118272 | MAPE 0.079042 | RMSE 107.032946 | MAE 6.569910 | Likelihood -2020555.676031 | KL fp 2.4422 | FP STD 0.2287 | ->nfe   52.00 | <-nfe   52.00
Epoch 0026 [Val seq (cond on sampled tp)] |  MAPE 0.032140 | RMSE 79.258687 | MAE 6.968024 |
Epoch 0026 [Test seq (cond on sampled tp)] | MAPE 0.048113 | RMSE 307.527160| MAE 195.645559
0.045714378356933594,0.05040305480360985,0.048220302909612656
288.3161106970958,325.74457977071546,308.52079042586416
Experiment 09-03_18:36
Epoch 0027 [Train seq (cond on sampled tp)] | Loss 2038681.195620 | MAPE 0.084443 | RMSE 107.672349 | MAE 6.667439 | Likelihood -2038678.666578 | KL fp 2.5290 | FP STD 0.2027 | ->nfe   52.00 | <-nfe   52.00
Epoch 0027 [Val seq (cond on sampled tp)] |  MAPE 0.053698 | RMSE 84.082540 | MAE 7.267234 |
Epoch 0027 [Test seq (cond on sampled tp)] | MAPE 0.073143 | RMSE 299.531437| MAE 193.836136
0.07719340920448303,0.06653779745101929,0.07569862902164459
271.1235592400631,304.95791205509,322.5128388917254
Experiment 09-03_18:36
Epoch 0028 [Train seq (cond on sampled tp)] | Loss 2001013.422514 | MAPE 0.154806 | RMSE 102.528981 | MAE 6.936094 | Likelihood -2001010.712691 | KL fp 2.7098 | FP STD 0.1955 | ->nfe   52.00 | <-nfe   52.00
Epoch 0028 [Val seq (cond on sampled tp)] |  MAPE 0.035831 | RMSE 90.481845 | MAE 7.443274 |
Epoch 0028 [Test seq (cond on sampled tp)] | MAPE 0.054750 | RMSE 308.189847| MAE 188.870738
0.056908588856458664,0.05353967845439911,0.053801897913217545
290.77404780172526,334.81481588708107,298.98067715573194
Experiment 09-03_18:36
Epoch 0029 [Train seq (cond on sampled tp)] | Loss 2016491.270033 | MAPE 0.099836 | RMSE 107.017874 | MAE 6.920159 | Likelihood -2016488.583473 | KL fp 2.6866 | FP STD 0.1639 | ->nfe   52.00 | <-nfe   52.00
Epoch 0029 [Val seq (cond on sampled tp)] |  MAPE 0.046423 | RMSE 87.298445 | MAE 7.354770 |
Epoch 0029 [Test seq (cond on sampled tp)] | MAPE 0.070023 | RMSE 292.057068| MAE 196.037608
0.07637952268123627,0.0640975832939148,0.06959167867898941
273.0653682042086,303.186836476289,299.91899948152667
Experiment 09-03_18:36
Epoch 0030 [Train seq (cond on sampled tp)] | Loss 1980507.568691 | MAPE 0.110761 | RMSE 100.351248 | MAE 6.658023 | Likelihood -1980505.173755 | KL fp 2.3949 | FP STD 0.2025 | ->nfe   52.00 | <-nfe   52.00
Epoch 0030 [Val seq (cond on sampled tp)] |  MAPE 0.069375 | RMSE 91.616047 | MAE 7.748495 |
Epoch 0030 [Test seq (cond on sampled tp)] | MAPE 0.092400 | RMSE 288.495821| MAE 196.435801
0.09503958374261856,0.08845190703868866,0.09370988607406616
279.924543404111,281.06652348687845,304.4963951962322
Experiment 09-03_18:36
Epoch 0031 [Train seq (cond on sampled tp)] | Loss 1987253.515814 | MAPE 0.174421 | RMSE 97.760274 | MAE 6.877818 | Likelihood -1987250.864929 | KL fp 2.6509 | FP STD 0.1971 | ->nfe   52.00 | <-nfe   52.00
Epoch 0031 [Val seq (cond on sampled tp)] |  MAPE 0.030418 | RMSE 92.806392 | MAE 7.662008 |
Epoch 0031 [Test seq (cond on sampled tp)] | MAPE 0.049140 | RMSE 281.691762| MAE 175.773636
0.05149291083216667,0.04697146639227867,0.048955295234918594
266.36115637419806,298.08048671877197,280.6336440762226
Experiment 09-03_18:36
Epoch 0032 [Train seq (cond on sampled tp)] | Loss 1974325.942403 | MAPE 0.042917 | RMSE 98.557822 | MAE 6.332384 | Likelihood -1974323.531385 | KL fp 2.4110 | FP STD 0.2004 | ->nfe   52.00 | <-nfe   52.00
Epoch 0032 [Val seq (cond on sampled tp)] |  MAPE 0.037556 | RMSE 100.687684 | MAE 7.581931 |
Epoch 0032 [Test seq (cond on sampled tp)] | MAPE 0.059917 | RMSE 291.241310| MAE 189.364924
0.0676027163863182,0.05769554153084755,0.05445268377661705
296.07584543491555,317.0105848982018,260.6374997002542
Experiment 09-03_18:36
Epoch 0033 [Train seq (cond on sampled tp)] | Loss 1963728.269686 | MAPE 0.048559 | RMSE 97.682778 | MAE 6.296653 | Likelihood -1963725.782451 | KL fp 2.4872 | FP STD 0.1973 | ->nfe   52.00 | <-nfe   52.00
Epoch 0033 [Val seq (cond on sampled tp)] |  MAPE 0.036144 | RMSE 85.402837 | MAE 7.012480 |
Epoch 0033 [Test seq (cond on sampled tp)] | MAPE 0.062889 | RMSE 284.533205| MAE 180.470271
0.06053222343325615,0.05814726650714874,0.06998710334300995
284.9234409231715,272.6652881739808,296.0108871519762
Experiment 09-03_18:36
Epoch 0034 [Train seq (cond on sampled tp)] | Loss 1965854.135925 | MAPE 0.092778 | RMSE 94.958053 | MAE 6.457142 | Likelihood -1965851.509005 | KL fp 2.6269 | FP STD 0.1973 | ->nfe   52.00 | <-nfe   52.00
Epoch 0034 [Val seq (cond on sampled tp)] |  MAPE 0.031684 | RMSE 96.313565 | MAE 7.384286 |
Epoch 0034 [Test seq (cond on sampled tp)] | MAPE 0.056253 | RMSE 319.227707| MAE 199.505076
0.052634403109550476,0.05623172968626022,0.059891801327466965
308.10022719887763,338.225331694715,311.3575617356996
Experiment 09-03_18:36
Epoch 0035 [Train seq (cond on sampled tp)] | Loss 1980017.134303 | MAPE 0.059532 | RMSE 100.134586 | MAE 6.557205 | Likelihood -1980014.673791 | KL fp 2.4605 | FP STD 0.1968 | ->nfe   52.00 | <-nfe   52.00
Epoch 0035 [Val seq (cond on sampled tp)] |  MAPE 0.035955 | RMSE 95.242623 | MAE 7.588799 |
Epoch 0035 [Test seq (cond on sampled tp)] | MAPE 0.068970 | RMSE 301.379957| MAE 203.820882
0.07237750291824341,0.0662391260266304,0.06829297542572021
283.7493942724812,311.8640153376147,308.5264626008602
Experiment 09-03_18:36
Epoch 0036 [Train seq (cond on sampled tp)] | Loss 1971244.368291 | MAPE 0.037808 | RMSE 98.495815 | MAE 6.357766 | Likelihood -1971242.111778 | KL fp 2.2565 | FP STD 0.2561 | ->nfe   52.00 | <-nfe   52.00
Epoch 0036 [Val seq (cond on sampled tp)] |  MAPE 0.046608 | RMSE 90.930788 | MAE 7.382159 |
Epoch 0036 [Test seq (cond on sampled tp)] | MAPE 0.072121 | RMSE 308.211094| MAE 199.641515
0.07511019706726074,0.0696280300617218,0.071624256670475
298.7775876383635,318.1725160977925,307.6831771481827
Experiment 09-03_18:36
Epoch 0037 [Train seq (cond on sampled tp)] | Loss 1980146.251326 | MAPE 0.054842 | RMSE 99.227581 | MAE 6.345511 | Likelihood -1980143.748938 | KL fp 2.5024 | FP STD 0.2180 | ->nfe   52.00 | <-nfe   52.00
Epoch 0037 [Val seq (cond on sampled tp)] |  MAPE 0.025445 | RMSE 93.717510 | MAE 7.333938 |
Epoch 0037 [Test seq (cond on sampled tp)] | MAPE 0.052663 | RMSE 289.796779| MAE 178.375956
0.050713662058115005,0.05536147952079773,0.05191247910261154
273.54659966356735,298.09315867694784,297.7505772454522
Experiment 09-03_18:36
Epoch 0038 [Train seq (cond on sampled tp)] | Loss 1962833.845161 | MAPE 0.032517 | RMSE 96.840283 | MAE 6.227463 | Likelihood -1962831.403710 | KL fp 2.4415 | FP STD 0.2203 | ->nfe   52.00 | <-nfe   52.00
Epoch 0038 [Val seq (cond on sampled tp)] |  MAPE 0.028692 | RMSE 92.946673 | MAE 7.469939 |
Epoch 0038 [Test seq (cond on sampled tp)] | MAPE 0.064509 | RMSE 304.781249| MAE 199.655207
0.07152903079986572,0.06290009617805481,0.05909804627299309
295.4048995658332,304.39457072605614,314.5442759970367
Experiment 09-03_18:36
Epoch 0039 [Train seq (cond on sampled tp)] | Loss 1961705.243655 | MAPE 0.041116 | RMSE 97.799763 | MAE 6.376001 | Likelihood -1961703.026384 | KL fp 2.2173 | FP STD 0.2424 | ->nfe   52.00 | <-nfe   52.00
Epoch 0039 [Val seq (cond on sampled tp)] |  MAPE 0.026985 | RMSE 86.286519 | MAE 7.267464 |
Epoch 0039 [Test seq (cond on sampled tp)] | MAPE 0.057428 | RMSE 298.142136| MAE 189.752101
0.05884823203086853,0.05977015942335129,0.05366429686546326
249.11426689122,332.48853363687596,312.8236074451543
Experiment 09-03_18:36
Epoch 0040 [Train seq (cond on sampled tp)] | Loss 2001932.252254 | MAPE 0.037747 | RMSE 102.504022 | MAE 6.646631 | Likelihood -2001929.827399 | KL fp 2.4249 | FP STD 0.2268 | ->nfe   52.00 | <-nfe   52.00
Epoch 0040 [Val seq (cond on sampled tp)] |  MAPE 0.029901 | RMSE 109.951183 | MAE 7.809384 |
Epoch 0040 [Test seq (cond on sampled tp)] | MAPE 0.055042 | RMSE 313.492443| MAE 208.001068
0.06427054107189178,0.05150710046291351,0.04934920370578766
298.84187917693197,300.21198239743865,341.4234678152631
Experiment 09-03_18:36
Epoch 0041 [Train seq (cond on sampled tp)] | Loss 1963544.586034 | MAPE 0.046203 | RMSE 95.753407 | MAE 6.414253 | Likelihood -1963542.108927 | KL fp 2.4771 | FP STD 0.2415 | ->nfe   52.00 | <-nfe   52.00
Epoch 0041 [Val seq (cond on sampled tp)] |  MAPE 0.025380 | RMSE 88.528592 | MAE 7.072556 |
Epoch 0041 [Test seq (cond on sampled tp)] | MAPE 0.055307 | RMSE 292.414156| MAE 192.759674
0.059476107358932495,0.05588171258568764,0.050562068819999695
260.53669067426955,326.46959802943366,290.2361780731341
Experiment 09-03_18:36
Epoch 0042 [Train seq (cond on sampled tp)] | Loss 1946884.552603 | MAPE 0.033241 | RMSE 95.398948 | MAE 6.132138 | Likelihood -1946882.023585 | KL fp 2.5290 | FP STD 0.1969 | ->nfe   52.00 | <-nfe   52.00
Epoch 0042 [Val seq (cond on sampled tp)] |  MAPE 0.026313 | RMSE 88.978170 | MAE 7.255535 |
Epoch 0042 [Test seq (cond on sampled tp)] | MAPE 0.067260 | RMSE 287.197558| MAE 193.355743
0.06397783756256104,0.06805799901485443,0.0697452649474144
280.13444038086425,293.8136766090033,287.64455604964957
Experiment 09-03_18:36
Epoch 0043 [Train seq (cond on sampled tp)] | Loss 1978266.784186 | MAPE 0.032404 | RMSE 97.819406 | MAE 6.142086 | Likelihood -1978264.222421 | KL fp 2.5618 | FP STD 0.1924 | ->nfe   52.00 | <-nfe   52.00
Epoch 0043 [Val seq (cond on sampled tp)] |  MAPE 0.038907 | RMSE 83.818835 | MAE 7.145098 |
Epoch 0043 [Test seq (cond on sampled tp)] | MAPE 0.070463 | RMSE 277.423856| MAE 183.324600
0.07638268172740936,0.06714414805173874,0.0678628459572792
272.91006989482815,287.2676914699946,272.0938056305215
Experiment 09-03_18:36
Epoch 0044 [Train seq (cond on sampled tp)] | Loss 1945313.678907 | MAPE 0.037618 | RMSE 94.422790 | MAE 6.384617 | Likelihood -1945310.932441 | KL fp 2.7465 | FP STD 0.1863 | ->nfe   52.00 | <-nfe   52.00
Epoch 0044 [Val seq (cond on sampled tp)] |  MAPE 0.029858 | RMSE 97.199622 | MAE 7.558141 |
Epoch 0044 [Test seq (cond on sampled tp)] | MAPE 0.058891 | RMSE 292.821482| MAE 184.200226
0.06909116357564926,0.05713896453380585,0.05044228583574295
290.73504636954243,310.70214082381216,277.02725779695396
Experiment 09-03_18:36
Epoch 0045 [Train seq (cond on sampled tp)] | Loss 1945305.299155 | MAPE 0.036890 | RMSE 94.012206 | MAE 6.261649 | Likelihood -1945302.698567 | KL fp 2.6006 | FP STD 0.2065 | ->nfe   52.00 | <-nfe   52.00
Epoch 0045 [Val seq (cond on sampled tp)] |  MAPE 0.037975 | RMSE 88.479424 | MAE 7.343844 |
Epoch 0045 [Test seq (cond on sampled tp)] | MAPE 0.075469 | RMSE 286.135117| MAE 187.794357
0.07416465878486633,0.07511136680841446,0.07712952047586441
265.5646990377298,286.4784159627039,306.36223708626363
Experiment 09-03_18:36
Epoch 0046 [Train seq (cond on sampled tp)] | Loss 1935119.646137 | MAPE 0.033685 | RMSE 93.277241 | MAE 6.179258 | Likelihood -1935117.352197 | KL fp 2.2939 | FP STD 0.2378 | ->nfe   52.00 | <-nfe   52.00
Epoch 0046 [Val seq (cond on sampled tp)] |  MAPE 0.042517 | RMSE 87.423742 | MAE 7.258543 |
Epoch 0046 [Test seq (cond on sampled tp)] | MAPE 0.079202 | RMSE 290.388907| MAE 194.122569
0.08207584917545319,0.07688672840595245,0.0786425918340683
288.5206340108104,294.94770458082905,287.6983826423082
Experiment 09-03_18:36
Epoch 0047 [Train seq (cond on sampled tp)] | Loss 1941105.673668 | MAPE 0.037414 | RMSE 91.278040 | MAE 6.370274 | Likelihood -1941103.039003 | KL fp 2.6347 | FP STD 0.2046 | ->nfe   52.00 | <-nfe   52.00
Epoch 0047 [Val seq (cond on sampled tp)] |  MAPE 0.030744 | RMSE 88.189344 | MAE 7.237216 |
Epoch 0047 [Test seq (cond on sampled tp)] | MAPE 0.063788 | RMSE 290.968602| MAE 193.870977
0.06973873823881149,0.06327160447835922,0.05835346505045891
267.4705591275421,323.64666545864486,281.7885815420845
Experiment 09-03_18:36
Epoch 0048 [Train seq (cond on sampled tp)] | Loss 1983924.239775 | MAPE 0.035962 | RMSE 102.262473 | MAE 6.565474 | Likelihood -1983921.910451 | KL fp 2.3293 | FP STD 0.2204 | ->nfe   52.00 | <-nfe   52.00
Epoch 0048 [Val seq (cond on sampled tp)] |  MAPE 0.036859 | RMSE 94.772141 | MAE 7.677398 |
Epoch 0048 [Test seq (cond on sampled tp)] | MAPE 0.083681 | RMSE 297.134826| MAE 203.438212
0.08019956201314926,0.08092556148767471,0.08991844207048416
223.52654694129734,329.90757465159845,337.97035511639183
Experiment 09-03_18:36
Epoch 0049 [Train seq (cond on sampled tp)] | Loss 1940160.545367 | MAPE 0.034034 | RMSE 93.213896 | MAE 6.189571 | Likelihood -1940158.100139 | KL fp 2.4452 | FP STD 0.2202 | ->nfe   52.00 | <-nfe   52.00
Epoch 0049 [Val seq (cond on sampled tp)] |  MAPE 0.032445 | RMSE 86.114593 | MAE 7.274347 |
Epoch 0049 [Test seq (cond on sampled tp)] | MAPE 0.069708 | RMSE 277.194089| MAE 186.540665
0.07581780850887299,0.06620563566684723,0.06710059195756912
254.88058631690646,292.8905512303188,283.81113052961825
Experiment 09-03_18:36
Epoch 0050 [Train seq (cond on sampled tp)] | Loss 1949338.483321 | MAPE 0.041156 | RMSE 93.716399 | MAE 6.538752 | Likelihood -1949335.811767 | KL fp 2.6716 | FP STD 0.1980 | ->nfe   52.00 | <-nfe   52.00
Epoch 0050 [Val seq (cond on sampled tp)] |  MAPE 0.030198 | RMSE 90.646835 | MAE 7.662487 |
Epoch 0050 [Test seq (cond on sampled tp)] | MAPE 0.058492 | RMSE 280.714549| MAE 187.566859
0.06486175954341888,0.05980832129716873,0.05080550163984299
275.5722313432542,307.7300079818346,258.8414089746847
Experiment 09-03_18:36
Epoch 0051 [Train seq (cond on sampled tp)] | Loss 1946719.088190 | MAPE 0.039315 | RMSE 92.383201 | MAE 6.400382 | Likelihood -1946716.376749 | KL fp 2.7114 | FP STD 0.1935 | ->nfe   52.00 | <-nfe   52.00
Epoch 0051 [Val seq (cond on sampled tp)] |  MAPE 0.037755 | RMSE 91.120536 | MAE 7.783912 |
Epoch 0051 [Test seq (cond on sampled tp)] | MAPE 0.066020 | RMSE 259.918478| MAE 180.658152
0.06766818463802338,0.06268637627363205,0.06770548969507217
231.81962782247322,265.7645368789824,282.1712689130486
Experiment 09-03_18:36
Epoch 0052 [Train seq (cond on sampled tp)] | Loss 1926871.422148 | MAPE 0.036505 | RMSE 90.845856 | MAE 6.135417 | Likelihood -1926868.919187 | KL fp 2.5030 | FP STD 0.2212 | ->nfe   52.00 | <-nfe   52.00
Epoch 0052 [Val seq (cond on sampled tp)] |  MAPE 0.035732 | RMSE 83.094094 | MAE 7.049061 |
Epoch 0052 [Test seq (cond on sampled tp)] | MAPE 0.072677 | RMSE 257.899114| MAE 171.543859
0.07892219722270966,0.07177690416574478,0.06733254343271255
256.4208881409625,264.2871455680355,252.98930776566428
Experiment 09-03_18:36
Epoch 0053 [Train seq (cond on sampled tp)] | Loss 1949949.879651 | MAPE 0.038815 | RMSE 93.518190 | MAE 6.381205 | Likelihood -1949947.270603 | KL fp 2.6090 | FP STD 0.2098 | ->nfe   52.00 | <-nfe   52.00
Epoch 0053 [Val seq (cond on sampled tp)] |  MAPE 0.028074 | RMSE 98.959124 | MAE 7.678618 |
Epoch 0053 [Test seq (cond on sampled tp)] | MAPE 0.065799 | RMSE 294.554913| MAE 196.944707
0.07191860675811768,0.06551841646432877,0.05995849892497063
271.16173679190064,318.0404479975778,294.46255332809295
Experiment 09-03_18:36
Epoch 0054 [Train seq (cond on sampled tp)] | Loss 1946357.099652 | MAPE 0.038710 | RMSE 94.100566 | MAE 6.294379 | Likelihood -1946354.631778 | KL fp 2.4679 | FP STD 0.2321 | ->nfe   52.00 | <-nfe   52.00
Epoch 0054 [Val seq (cond on sampled tp)] |  MAPE 0.033038 | RMSE 98.158747 | MAE 7.369599 |
Epoch 0054 [Test seq (cond on sampled tp)] | MAPE 0.067765 | RMSE 284.562222| MAE 184.673228
0.07451309263706207,0.06296158581972122,0.06581886857748032
265.4723826267056,320.20441469083465,268.00986747226307
Experiment 09-03_18:36
Epoch 0055 [Train seq (cond on sampled tp)] | Loss 1929701.050509 | MAPE 0.039269 | RMSE 92.918829 | MAE 6.094494 | Likelihood -1929698.908443 | KL fp 2.1421 | FP STD 0.2723 | ->nfe   52.00 | <-nfe   52.00
Epoch 0055 [Val seq (cond on sampled tp)] |  MAPE 0.044096 | RMSE 89.287889 | MAE 7.384623 |
Epoch 0055 [Test seq (cond on sampled tp)] | MAPE 0.074752 | RMSE 293.555672| MAE 190.534978
0.07696204632520676,0.0727851539850235,0.07450921088457108
255.73927763446898,277.6199346678837,347.3078043141271
Experiment 09-03_18:36
Epoch 0056 [Train seq (cond on sampled tp)] | Loss 1946650.720424 | MAPE 0.044656 | RMSE 90.167641 | MAE 6.213242 | Likelihood -1946648.304612 | KL fp 2.4158 | FP STD 0.2845 | ->nfe   52.00 | <-nfe   52.00
Epoch 0056 [Val seq (cond on sampled tp)] |  MAPE 0.036513 | RMSE 83.899214 | MAE 7.051017 |
Epoch 0056 [Test seq (cond on sampled tp)] | MAPE 0.062755 | RMSE 298.417427| MAE 179.627696
0.06739377975463867,0.059086717665195465,0.06178424134850502
275.2602887495761,306.09618586320215,313.895807753146
Experiment 09-03_18:36
Epoch 0057 [Train seq (cond on sampled tp)] | Loss 1894110.517519 | MAPE 0.046046 | RMSE 86.632639 | MAE 6.047484 | Likelihood -1894108.046430 | KL fp 2.4711 | FP STD 0.2277 | ->nfe   52.00 | <-nfe   52.00
Epoch 0057 [Val seq (cond on sampled tp)] |  MAPE 0.031498 | RMSE 87.275460 | MAE 7.148942 |
Epoch 0057 [Test seq (cond on sampled tp)] | MAPE 0.059549 | RMSE 295.000392| MAE 187.234767
0.07017789036035538,0.0565200038254261,0.05195007100701332
286.02163379716575,310.7052713183347,288.27426990194596
Experiment 09-03_18:36
Epoch 0058 [Train seq (cond on sampled tp)] | Loss 1953500.542763 | MAPE 0.049892 | RMSE 95.119537 | MAE 6.331557 | Likelihood -1953497.892152 | KL fp 2.6506 | FP STD 0.1945 | ->nfe   52.00 | <-nfe   52.00
Epoch 0058 [Val seq (cond on sampled tp)] |  MAPE 0.029021 | RMSE 86.253159 | MAE 7.179514 |
Epoch 0058 [Test seq (cond on sampled tp)] | MAPE 0.065545 | RMSE 292.036566| MAE 187.179077
0.07224719971418381,0.06027689948678017,0.06411232054233551
271.4353629319511,294.1853423014138,310.48899185397863
Experiment 09-03_18:36
Epoch 0059 [Train seq (cond on sampled tp)] | Loss 1973559.280567 | MAPE 0.055908 | RMSE 97.513537 | MAE 6.468386 | Likelihood -1973557.108129 | KL fp 2.1724 | FP STD 0.2535 | ->nfe   52.00 | <-nfe   52.00
Epoch 0059 [Val seq (cond on sampled tp)] |  MAPE 0.036219 | RMSE 93.143633 | MAE 7.349282 |
Epoch 0059 [Test seq (cond on sampled tp)] | MAPE 0.065821 | RMSE 285.612052| MAE 186.722921
0.06708097457885742,0.06509388983249664,0.0652875080704689
245.6092790770536,316.10227528048574,295.12460292222335
Experiment 09-03_18:36
Epoch 0060 [Train seq (cond on sampled tp)] | Loss 1945078.659210 | MAPE 0.081648 | RMSE 92.367909 | MAE 6.645037 | Likelihood -1945076.386960 | KL fp 2.2723 | FP STD 0.2947 | ->nfe   52.00 | <-nfe   52.00
Epoch 0060 [Val seq (cond on sampled tp)] |  MAPE 0.029481 | RMSE 93.864820 | MAE 7.615060 |
Epoch 0060 [Test seq (cond on sampled tp)] | MAPE 0.061358 | RMSE 295.872994| MAE 193.638809
0.05599410459399223,0.06499430537223816,0.0630856603384018
249.17507650244636,316.58334704308123,321.8605579284296
Experiment 09-03_18:36
Epoch 0061 [Train seq (cond on sampled tp)] | Loss 1897226.317895 | MAPE 0.070000 | RMSE 86.129785 | MAE 6.169650 | Likelihood -1897223.913250 | KL fp 2.4046 | FP STD 0.2546 | ->nfe   52.00 | <-nfe   52.00
Epoch 0061 [Val seq (cond on sampled tp)] |  MAPE 0.040929 | RMSE 89.918111 | MAE 7.493719 |
Epoch 0061 [Test seq (cond on sampled tp)] | MAPE 0.072651 | RMSE 291.194329| MAE 180.875453
0.07202527672052383,0.07303892821073532,0.07288885116577148
250.85928108453552,306.03063572132777,316.69306907477466
Experiment 09-03_18:36
Epoch 0062 [Train seq (cond on sampled tp)] | Loss 1890925.750943 | MAPE 0.082476 | RMSE 84.972947 | MAE 6.106393 | Likelihood -1890923.550116 | KL fp 2.2008 | FP STD 0.2865 | ->nfe   52.00 | <-nfe   52.00
Epoch 0062 [Val seq (cond on sampled tp)] |  MAPE 0.042411 | RMSE 85.996219 | MAE 7.079134 |
Epoch 0062 [Test seq (cond on sampled tp)] | MAPE 0.067025 | RMSE 292.429437| MAE 178.049484
0.07285057008266449,0.06469539552927017,0.06352945417165756
277.31970494359035,312.2505379298809,287.7180694707929
Experiment 09-03_18:36
Epoch 0063 [Train seq (cond on sampled tp)] | Loss 1905403.346867 | MAPE 0.084881 | RMSE 87.474023 | MAE 6.145548 | Likelihood -1905400.825968 | KL fp 2.5209 | FP STD 0.2296 | ->nfe   52.00 | <-nfe   52.00
Epoch 0063 [Val seq (cond on sampled tp)] |  MAPE 0.031927 | RMSE 79.331561 | MAE 6.994267 |
Epoch 0063 [Test seq (cond on sampled tp)] | MAPE 0.049263 | RMSE 291.149332| MAE 184.084712
0.047451380640268326,0.04602355882525444,0.05431379750370979
264.28331743604247,323.89313920643644,285.27154005000216
Experiment 09-03_18:36
Epoch 0064 [Train seq (cond on sampled tp)] | Loss 1909085.301832 | MAPE 0.077822 | RMSE 88.595905 | MAE 6.088789 | Likelihood -1909082.794237 | KL fp 2.5076 | FP STD 0.2372 | ->nfe   52.00 | <-nfe   52.00
Epoch 0064 [Val seq (cond on sampled tp)] |  MAPE 0.035995 | RMSE 80.346618 | MAE 6.938221 |
Epoch 0064 [Test seq (cond on sampled tp)] | MAPE 0.068371 | RMSE 264.640075| MAE 172.392949
0.06719575822353363,0.06239079684019089,0.07552570849657059
243.07823296986095,288.65174194000633,262.1902487936956
Experiment 09-03_18:36
Epoch 0065 [Train seq (cond on sampled tp)] | Loss 1916762.811235 | MAPE 0.072870 | RMSE 88.841610 | MAE 6.123372 | Likelihood -1916760.086396 | KL fp 2.7248 | FP STD 0.2153 | ->nfe   52.00 | <-nfe   52.00
Epoch 0065 [Val seq (cond on sampled tp)] |  MAPE 0.035983 | RMSE 82.785998 | MAE 7.007574 |
Epoch 0065 [Test seq (cond on sampled tp)] | MAPE 0.063738 | RMSE 262.759790| MAE 171.298976
0.0670381560921669,0.056005578488111496,0.06817150861024857
264.8434236723653,258.2641120297205,265.1718340293705
Experiment 09-03_18:36
Epoch 0066 [Train seq (cond on sampled tp)] | Loss 1920232.953217 | MAPE 0.073108 | RMSE 90.522801 | MAE 6.286595 | Likelihood -1920230.382624 | KL fp 2.5706 | FP STD 0.2351 | ->nfe   52.00 | <-nfe   52.00
Epoch 0066 [Val seq (cond on sampled tp)] |  MAPE 0.029094 | RMSE 85.336137 | MAE 7.019743 |
Epoch 0066 [Test seq (cond on sampled tp)] | MAPE 0.062904 | RMSE 262.188627| MAE 173.404277
0.06813213229179382,0.05829925835132599,0.06228206679224968
282.9056407399824,251.80382834410997,251.85641215531916
Experiment 09-03_18:36
Epoch 0067 [Train seq (cond on sampled tp)] | Loss 1896082.576104 | MAPE 0.067441 | RMSE 86.350703 | MAE 6.086024 | Likelihood -1896080.320344 | KL fp 2.2558 | FP STD 0.2917 | ->nfe   52.00 | <-nfe   52.00
Epoch 0067 [Val seq (cond on sampled tp)] |  MAPE 0.028255 | RMSE 80.147298 | MAE 6.903135 |
Epoch 0067 [Test seq (cond on sampled tp)] | MAPE 0.045882 | RMSE 271.833792| MAE 165.729889
0.04748060926795006,0.044803373515605927,0.045362796634435654
264.1004188750938,268.8484993913859,282.55245641296415
0.04748060926795006,0.044803373515605927,0.045362796634435654
264.1004188750938,268.8484993913859,282.55245641296415
Epoch 0067 [Test seq (cond on sampled tp)] | Best Test MAPE 0.045882|Best Test RMSE 271.833792|Best Test MAE 165.729889
Experiment 09-03_18:36
Epoch 0068 [Train seq (cond on sampled tp)] | Loss 1911874.007603 | MAPE 0.083106 | RMSE 87.486393 | MAE 6.300239 | Likelihood -1911871.667559 | KL fp 2.3400 | FP STD 0.3130 | ->nfe   52.00 | <-nfe   52.00
Epoch 0068 [Val seq (cond on sampled tp)] |  MAPE 0.026840 | RMSE 78.948408 | MAE 6.818857 |
Epoch 0068 [Test seq (cond on sampled tp)] | MAPE 0.042551 | RMSE 291.397994| MAE 175.099004
0.04794170707464218,0.04237187281250954,0.03733958303928375
282.8578209542738,280.8375447879076,310.49861614023337
0.04794170707464218,0.04237187281250954,0.03733958303928375
282.8578209542738,280.8375447879076,310.49861614023337
Epoch 0068 [Test seq (cond on sampled tp)] | Best Test MAPE 0.042551|Best Test RMSE 291.397994|Best Test MAE 175.099004
Experiment 09-03_18:36
Epoch 0069 [Train seq (cond on sampled tp)] | Loss 1889687.452316 | MAPE 0.074433 | RMSE 82.774136 | MAE 5.992286 | Likelihood -1889684.831265 | KL fp 2.6211 | FP STD 0.2529 | ->nfe   52.00 | <-nfe   52.00
Epoch 0069 [Val seq (cond on sampled tp)] |  MAPE 0.025873 | RMSE 80.004916 | MAE 6.843002 |
Epoch 0069 [Test seq (cond on sampled tp)] | MAPE 0.043676 | RMSE 281.190433| MAE 165.639379
0.04849952459335327,0.04283174127340317,0.039695534855127335
266.98734462048947,305.112184798477,271.4717699411856
Experiment 09-03_18:36
Epoch 0070 [Train seq (cond on sampled tp)] | Loss 1905869.812783 | MAPE 0.073108 | RMSE 87.241149 | MAE 6.214653 | Likelihood -1905867.331148 | KL fp 2.4816 | FP STD 0.2659 | ->nfe   52.00 | <-nfe   52.00
Epoch 0070 [Val seq (cond on sampled tp)] |  MAPE 0.027383 | RMSE 84.362059 | MAE 7.069036 |
Epoch 0070 [Test seq (cond on sampled tp)] | MAPE 0.052460 | RMSE 276.187360| MAE 170.492752
0.05203043669462204,0.056646790355443954,0.048702631145715714
251.84556279593255,298.78165365781746,277.93486478399933
Experiment 09-03_18:36
Epoch 0071 [Train seq (cond on sampled tp)] | Loss 1896165.354820 | MAPE 0.067005 | RMSE 84.772141 | MAE 6.111894 | Likelihood -1896163.136054 | KL fp 2.2188 | FP STD 0.3132 | ->nfe   52.00 | <-nfe   52.00
Epoch 0071 [Val seq (cond on sampled tp)] |  MAPE 0.028783 | RMSE 87.515180 | MAE 7.252919 |
Epoch 0071 [Test seq (cond on sampled tp)] | MAPE 0.044225 | RMSE 260.084570| MAE 160.465591
0.05591403692960739,0.04105990380048752,0.03570224717259407
248.07909682448056,261.0319065746561,271.1427063144056
Experiment 09-03_18:36
Epoch 0072 [Train seq (cond on sampled tp)] | Loss 1888541.134160 | MAPE 0.068571 | RMSE 82.575156 | MAE 6.031376 | Likelihood -1888538.750980 | KL fp 2.3832 | FP STD 0.2946 | ->nfe   52.00 | <-nfe   52.00
Epoch 0072 [Val seq (cond on sampled tp)] |  MAPE 0.026419 | RMSE 81.570689 | MAE 7.006493 |
Epoch 0072 [Test seq (cond on sampled tp)] | MAPE 0.045948 | RMSE 297.735236| MAE 178.423345
0.05045783519744873,0.0448538213968277,0.04253142699599266
254.2473881380102,327.66975562294425,311.2885643779739
Experiment 09-03_18:36
Epoch 0073 [Train seq (cond on sampled tp)] | Loss 1889176.924035 | MAPE 0.073807 | RMSE 82.800792 | MAE 6.011125 | Likelihood -1889174.078966 | KL fp 2.8451 | FP STD 0.2211 | ->nfe   52.00 | <-nfe   52.00
Epoch 0073 [Val seq (cond on sampled tp)] |  MAPE 0.026023 | RMSE 82.210605 | MAE 6.961361 |
Epoch 0073 [Test seq (cond on sampled tp)] | MAPE 0.046301 | RMSE 310.801638| MAE 177.848597
0.05376329645514488,0.04291187971830368,0.04222667217254639
325.2053197596866,322.94955343288524,284.25004122690996
Experiment 09-03_18:36
Epoch 0074 [Train seq (cond on sampled tp)] | Loss 1881595.733717 | MAPE 0.069306 | RMSE 85.017537 | MAE 5.971595 | Likelihood -1881593.014845 | KL fp 2.7189 | FP STD 0.2100 | ->nfe   52.00 | <-nfe   52.00
Epoch 0074 [Val seq (cond on sampled tp)] |  MAPE 0.026704 | RMSE 80.852504 | MAE 6.899201 |
Epoch 0074 [Test seq (cond on sampled tp)] | MAPE 0.055116 | RMSE 281.388665| MAE 177.190781
0.05309952795505524,0.05510597676038742,0.0571432039141655
248.01958560514933,299.4989305072724,296.64747860465627
Experiment 09-03_18:36
Epoch 0075 [Train seq (cond on sampled tp)] | Loss 1875858.457439 | MAPE 0.078870 | RMSE 81.173036 | MAE 5.970653 | Likelihood -1875855.996436 | KL fp 2.4610 | FP STD 0.2670 | ->nfe   52.00 | <-nfe   52.00
Epoch 0075 [Val seq (cond on sampled tp)] |  MAPE 0.026330 | RMSE 75.976703 | MAE 6.801276 |
Epoch 0075 [Test seq (cond on sampled tp)] | MAPE 0.066090 | RMSE 312.443950| MAE 190.637822
0.06633953750133514,0.06416518241167068,0.067765012383461
289.08176287168305,324.3196966343549,323.93039134588776
Experiment 09-03_18:36
Epoch 0076 [Train seq (cond on sampled tp)] | Loss 1884362.313522 | MAPE 0.074895 | RMSE 84.382194 | MAE 5.991750 | Likelihood -1884359.672667 | KL fp 2.6409 | FP STD 0.2436 | ->nfe   52.00 | <-nfe   52.00
Epoch 0076 [Val seq (cond on sampled tp)] |  MAPE 0.030374 | RMSE 86.075092 | MAE 7.034095 |
Epoch 0076 [Test seq (cond on sampled tp)] | MAPE 0.063752 | RMSE 281.962510| MAE 177.858943
0.07082626968622208,0.05928218737244606,0.061148207634687424
273.6998527127846,316.244231666761,255.94344468065597
Experiment 09-03_18:36
Epoch 0077 [Train seq (cond on sampled tp)] | Loss 1900554.645093 | MAPE 0.072002 | RMSE 87.966646 | MAE 6.085858 | Likelihood -1900552.096953 | KL fp 2.5481 | FP STD 0.2353 | ->nfe   52.00 | <-nfe   52.00
Epoch 0077 [Val seq (cond on sampled tp)] |  MAPE 0.033133 | RMSE 83.893842 | MAE 7.073272 |
Epoch 0077 [Test seq (cond on sampled tp)] | MAPE 0.077947 | RMSE 277.548172| MAE 184.032623
0.08354075998067856,0.07440344989299774,0.07589821517467499
268.2582710747238,283.13410581383516,281.25213888075587
Experiment 09-03_18:36
Epoch 0078 [Train seq (cond on sampled tp)] | Loss 1884524.818804 | MAPE 0.073761 | RMSE 83.226607 | MAE 5.941602 | Likelihood -1884522.250855 | KL fp 2.5679 | FP STD 0.2243 | ->nfe   52.00 | <-nfe   52.00
Epoch 0078 [Val seq (cond on sampled tp)] |  MAPE 0.030652 | RMSE 79.232596 | MAE 6.968909 |
Epoch 0078 [Test seq (cond on sampled tp)] | MAPE 0.080088 | RMSE 302.567791| MAE 194.795634
0.07689403742551804,0.079781174659729,0.08358878642320633
266.0635644211736,308.49585947383474,333.143948804417
Experiment 09-03_18:36
Epoch 0079 [Train seq (cond on sampled tp)] | Loss 1877307.132864 | MAPE 0.072973 | RMSE 81.693200 | MAE 5.939347 | Likelihood -1877304.346926 | KL fp 2.7859 | FP STD 0.2049 | ->nfe   52.00 | <-nfe   52.00
Epoch 0079 [Val seq (cond on sampled tp)] |  MAPE 0.032146 | RMSE 89.114889 | MAE 7.120704 |
Epoch 0079 [Test seq (cond on sampled tp)] | MAPE 0.072809 | RMSE 274.405243| MAE 178.563588
0.07709453254938126,0.07041019946336746,0.0709235668182373
251.38933481007106,312.656323400791,259.1700696453971
Experiment 09-03_18:36
Epoch 0080 [Train seq (cond on sampled tp)] | Loss 1883060.016944 | MAPE 0.078540 | RMSE 85.158143 | MAE 6.031211 | Likelihood -1883057.282871 | KL fp 2.7341 | FP STD 0.2005 | ->nfe   52.00 | <-nfe   52.00
Epoch 0080 [Val seq (cond on sampled tp)] |  MAPE 0.029335 | RMSE 89.632671 | MAE 7.105548 |
Epoch 0080 [Test seq (cond on sampled tp)] | MAPE 0.074317 | RMSE 290.328176| MAE 185.212606
0.07492852956056595,0.07236267626285553,0.07566121965646744
274.5307644418017,313.80318274357893,282.6505821018241
Experiment 09-03_18:36
Epoch 0081 [Train seq (cond on sampled tp)] | Loss 1871802.905124 | MAPE 0.078328 | RMSE 81.356032 | MAE 5.956297 | Likelihood -1871800.279547 | KL fp 2.6256 | FP STD 0.2151 | ->nfe   52.00 | <-nfe   52.00
Epoch 0081 [Val seq (cond on sampled tp)] |  MAPE 0.036911 | RMSE 86.342738 | MAE 7.160963 |
Epoch 0081 [Test seq (cond on sampled tp)] | MAPE 0.090049 | RMSE 326.212486| MAE 211.048218
0.08208110928535461,0.08721622079610825,0.1008482277393341
336.0245991739295,325.56688540912756,317.04597211997503
Experiment 09-03_18:36
Epoch 0082 [Train seq (cond on sampled tp)] | Loss 1907989.152826 | MAPE 0.087193 | RMSE 84.606118 | MAE 6.236664 | Likelihood -1907986.436418 | KL fp 2.7164 | FP STD 0.2288 | ->nfe   52.00 | <-nfe   52.00
Epoch 0082 [Val seq (cond on sampled tp)] |  MAPE 0.031909 | RMSE 87.941767 | MAE 7.294516 |
Epoch 0082 [Test seq (cond on sampled tp)] | MAPE 0.075590 | RMSE 299.581615| MAE 193.782043
0.07890935242176056,0.06799746304750443,0.0798618271946907
317.1331542112871,296.36228093753766,285.24941115189
Experiment 09-03_18:36
Epoch 0083 [Train seq (cond on sampled tp)] | Loss 1922921.308984 | MAPE 0.078720 | RMSE 90.466679 | MAE 6.463511 | Likelihood -1922918.213487 | KL fp 3.0955 | FP STD 0.1835 | ->nfe   52.00 | <-nfe   52.00
Epoch 0083 [Val seq (cond on sampled tp)] |  MAPE 0.036418 | RMSE 92.260014 | MAE 7.462298 |
Epoch 0083 [Test seq (cond on sampled tp)] | MAPE 0.101563 | RMSE 303.732869| MAE 202.585322
0.09873759001493454,0.09533941000699997,0.11061079800128937
286.0549417288574,280.6502772580138,344.49338935965085
Experiment 09-03_18:36
Epoch 0084 [Train seq (cond on sampled tp)] | Loss 1888782.328179 | MAPE 0.076168 | RMSE 84.544019 | MAE 6.032179 | Likelihood -1888779.567251 | KL fp 2.7609 | FP STD 0.2315 | ->nfe   52.00 | <-nfe   52.00
Epoch 0084 [Val seq (cond on sampled tp)] |  MAPE 0.038476 | RMSE 79.118795 | MAE 7.045825 |
Epoch 0084 [Test seq (cond on sampled tp)] | MAPE 0.078228 | RMSE 280.569639| MAE 179.924133
0.08397907763719559,0.07068613916635513,0.08001996576786041
280.9299567952838,277.87293352807865,282.9060273527236
Experiment 09-03_18:36
Epoch 0085 [Train seq (cond on sampled tp)] | Loss 1900588.162389 | MAPE 0.091985 | RMSE 84.011523 | MAE 6.265718 | Likelihood -1900585.318581 | KL fp 2.8438 | FP STD 0.2632 | ->nfe   52.00 | <-nfe   52.00
Epoch 0085 [Val seq (cond on sampled tp)] |  MAPE 0.034934 | RMSE 100.355228 | MAE 7.392563 |
Epoch 0085 [Test seq (cond on sampled tp)] | MAPE 0.070546 | RMSE 290.295516| MAE 184.474040
0.07046028971672058,0.06550255417823792,0.07567368447780609
299.6965783296499,318.7625732814315,252.42739519265731
Experiment 09-03_18:36
Epoch 0086 [Train seq (cond on sampled tp)] | Loss 1941107.001449 | MAPE 0.081030 | RMSE 95.510175 | MAE 6.299196 | Likelihood -1941104.294482 | KL fp 2.7070 | FP STD 0.2125 | ->nfe   52.00 | <-nfe   52.00
Epoch 0086 [Val seq (cond on sampled tp)] |  MAPE 0.032622 | RMSE 81.147035 | MAE 7.091438 |
Epoch 0086 [Test seq (cond on sampled tp)] | MAPE 0.081898 | RMSE 265.984184| MAE 178.655111
0.0736551433801651,0.0770849660038948,0.0949527695775032
249.6062133015723,263.9658033012989,284.38053566040696
Experiment 09-03_18:36
Epoch 0087 [Train seq (cond on sampled tp)] | Loss 1897101.706865 | MAPE 0.077464 | RMSE 85.336671 | MAE 5.953425 | Likelihood -1897098.726420 | KL fp 2.9804 | FP STD 0.2045 | ->nfe   52.00 | <-nfe   52.00
Epoch 0087 [Val seq (cond on sampled tp)] |  MAPE 0.027563 | RMSE 77.945065 | MAE 6.904525 |
Epoch 0087 [Test seq (cond on sampled tp)] | MAPE 0.065017 | RMSE 272.698049| MAE 173.285283
0.06754685938358307,0.06502393633127213,0.06247919797897339
239.5030662642965,292.954374647316,285.6367065434693
Experiment 09-03_18:36
Epoch 0088 [Train seq (cond on sampled tp)] | Loss 1873550.337447 | MAPE 0.080501 | RMSE 81.670634 | MAE 5.954581 | Likelihood -1873547.330506 | KL fp 3.0069 | FP STD 0.2112 | ->nfe   52.00 | <-nfe   52.00
Epoch 0088 [Val seq (cond on sampled tp)] |  MAPE 0.028075 | RMSE 86.400274 | MAE 6.990091 |
Epoch 0088 [Test seq (cond on sampled tp)] | MAPE 0.062522 | RMSE 267.369775| MAE 169.470881
0.06027363985776901,0.062690868973732,0.06460081785917282
263.61883586913893,275.2157108524148,263.2747792231531
Experiment 09-03_18:36
Epoch 0089 [Train seq (cond on sampled tp)] | Loss 1874125.890081 | MAPE 0.074845 | RMSE 81.798045 | MAE 5.962457 | Likelihood -1874122.842953 | KL fp 3.0471 | FP STD 0.2230 | ->nfe   52.00 | <-nfe   52.00
Epoch 0089 [Val seq (cond on sampled tp)] |  MAPE 0.032883 | RMSE 86.216989 | MAE 7.060742 |
Epoch 0089 [Test seq (cond on sampled tp)] | MAPE 0.074586 | RMSE 302.757148| MAE 188.524043
0.07916057109832764,0.07103963941335678,0.07355878502130508
283.53127583213814,320.0787012595496,304.66146683655285
Experiment 09-03_18:36
Epoch 0090 [Train seq (cond on sampled tp)] | Loss 1874530.149479 | MAPE 0.070079 | RMSE 80.785055 | MAE 5.931842 | Likelihood -1874527.190288 | KL fp 2.9592 | FP STD 0.2316 | ->nfe   52.00 | <-nfe   52.00
Epoch 0090 [Val seq (cond on sampled tp)] |  MAPE 0.039707 | RMSE 87.207155 | MAE 7.189430 |
Epoch 0090 [Test seq (cond on sampled tp)] | MAPE 0.073980 | RMSE 289.505529| MAE 187.761632
0.07292807847261429,0.0742281824350357,0.07478354126214981
279.04079562852456,309.4068670456427,280.06892287881567
Experiment 09-03_18:36
Epoch 0091 [Train seq (cond on sampled tp)] | Loss 1874643.108117 | MAPE 0.074484 | RMSE 80.012417 | MAE 5.909721 | Likelihood -1874640.263188 | KL fp 2.8449 | FP STD 0.2431 | ->nfe   52.00 | <-nfe   52.00
Epoch 0091 [Val seq (cond on sampled tp)] |  MAPE 0.028147 | RMSE 94.125280 | MAE 7.258158 |
Epoch 0091 [Test seq (cond on sampled tp)] | MAPE 0.073175 | RMSE 319.997633| MAE 198.741282
0.0727522149682045,0.06530099362134933,0.08147193491458893
322.46007504805925,351.61873439138594,285.91409057180095
Experiment 09-03_18:36
Epoch 0092 [Train seq (cond on sampled tp)] | Loss 1899723.529491 | MAPE 0.068847 | RMSE 88.304280 | MAE 6.161532 | Likelihood -1899720.781366 | KL fp 2.7481 | FP STD 0.2459 | ->nfe   52.00 | <-nfe   52.00
Epoch 0092 [Val seq (cond on sampled tp)] |  MAPE 0.029222 | RMSE 90.725004 | MAE 7.220345 |
Epoch 0092 [Test seq (cond on sampled tp)] | MAPE 0.074848 | RMSE 276.247793| MAE 181.758769
0.06927274912595749,0.07067912071943283,0.08459115773439407
255.53704935635068,308.77369595303935,264.4326326070593
Experiment 09-03_18:36
Epoch 0093 [Train seq (cond on sampled tp)] | Loss 1895182.615410 | MAPE 0.068330 | RMSE 84.980653 | MAE 6.070023 | Likelihood -1895179.966641 | KL fp 2.6488 | FP STD 0.2537 | ->nfe   52.00 | <-nfe   52.00
Epoch 0093 [Val seq (cond on sampled tp)] |  MAPE 0.028710 | RMSE 93.338383 | MAE 7.351932 |
Epoch 0093 [Test seq (cond on sampled tp)] | MAPE 0.048602 | RMSE 272.728265| MAE 171.527227
0.046910956501960754,0.05066294968128204,0.048231858760118484
227.64936717460913,296.18031880933614,294.35510813896195
Experiment 09-03_18:36
Epoch 0094 [Train seq (cond on sampled tp)] | Loss 1957208.165366 | MAPE 0.126684 | RMSE 89.366591 | MAE 6.703782 | Likelihood -1957205.154727 | KL fp 3.0106 | FP STD 0.2367 | ->nfe   52.00 | <-nfe   52.00
Epoch 0094 [Val seq (cond on sampled tp)] |  MAPE 0.035124 | RMSE 105.401543 | MAE 7.659581 |
Epoch 0094 [Test seq (cond on sampled tp)] | MAPE 0.045619 | RMSE 285.257812| MAE 178.397664
0.0436607263982296,0.04945438355207443,0.04374104365706444
293.4681759791,309.1390893473357,253.16616949150216
Experiment 09-03_18:36
Epoch 0095 [Train seq (cond on sampled tp)] | Loss 1929204.868396 | MAPE 0.109835 | RMSE 94.396422 | MAE 6.314592 | Likelihood -1929201.870031 | KL fp 2.9984 | FP STD 0.1737 | ->nfe   52.00 | <-nfe   52.00
Epoch 0095 [Val seq (cond on sampled tp)] |  MAPE 0.033706 | RMSE 83.221267 | MAE 7.098263 |
Epoch 0095 [Test seq (cond on sampled tp)] | MAPE 0.052524 | RMSE 293.241123| MAE 185.912842
0.05142101272940636,0.050041235983371735,0.056110262870788574
270.2041907289744,332.6185878750615,276.90059136809367
Experiment 09-03_18:36
Epoch 0096 [Train seq (cond on sampled tp)] | Loss 1880152.825447 | MAPE 0.097816 | RMSE 81.548996 | MAE 6.068656 | Likelihood -1880149.827703 | KL fp 2.9977 | FP STD 0.2010 | ->nfe   52.00 | <-nfe   52.00
Epoch 0096 [Val seq (cond on sampled tp)] |  MAPE 0.028855 | RMSE 93.801887 | MAE 7.598902 |
Epoch 0096 [Test seq (cond on sampled tp)] | MAPE 0.048928 | RMSE 320.917533| MAE 190.088196
0.04561051353812218,0.05087682232260704,0.050297047942876816
302.68970033270045,325.09631986151425,334.96657948965594
Experiment 09-03_18:36
Epoch 0097 [Train seq (cond on sampled tp)] | Loss 1888852.630835 | MAPE 0.074539 | RMSE 84.061484 | MAE 6.241894 | Likelihood -1888849.873886 | KL fp 2.7569 | FP STD 0.2708 | ->nfe   52.00 | <-nfe   52.00
Epoch 0097 [Val seq (cond on sampled tp)] |  MAPE 0.035262 | RMSE 88.215080 | MAE 7.287144 |
Epoch 0097 [Test seq (cond on sampled tp)] | MAPE 0.059814 | RMSE 317.246386| MAE 190.495305
0.06147158518433571,0.05819498002529144,0.05977427214384079
301.21754233858957,330.52088389011067,320.0007324210368
Experiment 09-03_18:36
Epoch 0098 [Train seq (cond on sampled tp)] | Loss 1880628.040196 | MAPE 0.072351 | RMSE 83.532637 | MAE 6.031396 | Likelihood -1880625.366922 | KL fp 2.6733 | FP STD 0.2583 | ->nfe   52.00 | <-nfe   52.00
Epoch 0098 [Val seq (cond on sampled tp)] |  MAPE 0.032659 | RMSE 85.961261 | MAE 7.302694 |
Epoch 0098 [Test seq (cond on sampled tp)] | MAPE 0.059472 | RMSE 327.633841| MAE 196.608653
0.0580381415784359,0.058737028390169144,0.06164124235510826
282.2678803016737,357.975285023282,342.6583575516581
Experiment 09-03_18:36
Epoch 0099 [Train seq (cond on sampled tp)] | Loss 1896596.758388 | MAPE 0.075663 | RMSE 83.163504 | MAE 6.027191 | Likelihood -1896593.547101 | KL fp 3.2113 | FP STD 0.2130 | ->nfe   52.00 | <-nfe   52.00
Epoch 0099 [Val seq (cond on sampled tp)] |  MAPE 0.028419 | RMSE 81.984388 | MAE 7.105991 |
Epoch 0099 [Test seq (cond on sampled tp)] | MAPE 0.046947 | RMSE 301.180950| MAE 175.809107
0.043830741196870804,0.0462760291993618,0.05073292553424835
258.5105171941753,311.3052159858553,333.7271176612713
Experiment 09-03_18:36
Epoch 0100 [Train seq (cond on sampled tp)] | Loss 1897451.195032 | MAPE 0.083010 | RMSE 85.512160 | MAE 6.115233 | Likelihood -1897448.028372 | KL fp 3.1667 | FP STD 0.2220 | ->nfe   52.00 | <-nfe   52.00
Epoch 0100 [Val seq (cond on sampled tp)] |  MAPE 0.026859 | RMSE 89.663360 | MAE 7.102164 |
Epoch 0100 [Test seq (cond on sampled tp)] | MAPE 0.045169 | RMSE 300.955189| MAE 179.872635
0.04532836005091667,0.04232432320713997,0.047853998839855194
274.94667096548017,316.8601451153174,311.0587514843458
