/nvme/yuanjingyang/CG-ODE/run_models_covid.py
run_models_covid.py --heavyBall --gamma_guess 0.0 --corr -10
Namespace(save='experiments/', load=None, dataset='Dec', datapath='data/', pred_length=14, condition_length=21, features='Confirmed,Deaths,Recovered,Mortality_Rate,Testing_Rate,Population,Mobility', split_interval=3, feature_out='Deaths', niters=100, lr=0.005, batch_size=8, random_seed=1991, dropout=0.2, l2=1e-05, optimizer='AdamW', clip=10, edge_lamda=0.5, z0_encoder='GTrans', rec_dims=64, ode_dims=20, rec_layers=1, gen_layers=1, CVPR=False, graf_layer=1, heavyBall=True, actv_h=None, gamma_guess=0.0, gamma_act='sigmoid', corr=-10, corrf=True, sign=1, augment_dim=0, solver='rk4', alias='run', output_dim=1, feature_out_index=[1], num_atoms=50)
run
Experiment 07-08_01:39
Epoch 0001 [Train seq (cond on sampled tp)] | Loss 4397470.496640 | MAPE 0.063342 | RMSE 286.454395 | Likelihood -4397468.983622 | KL fp 1.5130 | FP STD 0.4251|
Epoch 0001 [Val seq (cond on sampled tp)] |  MAPE 0.058012 | RMSE 305.770926 |
Best Val!
Epoch 0001 [Test seq (cond on sampled tp)] | MAPE 0.121599 | RMSE 906.159961|
0.13468679785728455,0.12589892745018005,0.10421212762594223
851.3023478764757,937.1656737205008,930.0118614834975
0.13468679785728455,0.12589892745018005,0.10421212762594223
851.3023478764757,937.1656737205008,930.0118614834975
Epoch 0001 [Test seq (cond on sampled tp)] | Best Test MAPE 0.121599|Best Test RMSE 906.159961|
Experiment 07-08_01:39
Epoch 0002 [Train seq (cond on sampled tp)] | Loss 4197887.801638 | MAPE 0.095362 | RMSE 276.109156 | Likelihood -4197884.737353 | KL fp 3.0643 | FP STD 0.6602|
Epoch 0002 [Val seq (cond on sampled tp)] |  MAPE 0.066767 | RMSE 280.833205 |
Epoch 0002 [Test seq (cond on sampled tp)] | MAPE 0.109877 | RMSE 865.926494|
0.11909117549657822,0.112608402967453,0.09793048352003098
808.1909969184264,895.6127092666785,893.9757756785135
0.11909117549657822,0.112608402967453,0.09793048352003098
808.1909969184264,895.6127092666785,893.9757756785135
Epoch 0002 [Test seq (cond on sampled tp)] | Best Test MAPE 0.109877|Best Test RMSE 865.926494|
Experiment 07-08_01:39
Epoch 0003 [Train seq (cond on sampled tp)] | Loss 3838687.459158 | MAPE 0.237302 | RMSE 256.452438 | Likelihood -3838681.506803 | KL fp 5.9524 | FP STD 0.8453|
Epoch 0003 [Val seq (cond on sampled tp)] |  MAPE 0.102627 | RMSE 239.256025 |
Epoch 0003 [Test seq (cond on sampled tp)] | MAPE 0.135216 | RMSE 786.509759|
0.14351072907447815,0.13789185881614685,0.12424413114786148
724.9392215903345,816.9979345139129,817.5921201919696
Experiment 07-08_01:39
Epoch 0004 [Train seq (cond on sampled tp)] | Loss 3549366.522236 | MAPE 0.482271 | RMSE 239.366874 | Likelihood -3549358.423046 | KL fp 8.0992 | FP STD 0.7737|
Epoch 0004 [Val seq (cond on sampled tp)] |  MAPE 0.115537 | RMSE 207.280993 |
Epoch 0004 [Test seq (cond on sampled tp)] | MAPE 0.131937 | RMSE 715.462778|
0.14100874960422516,0.12922631204128265,0.1255744993686676
649.921581808144,745.7769019619742,750.6898494051987
Experiment 07-08_01:39
Epoch 0005 [Train seq (cond on sampled tp)] | Loss 3161623.887347 | MAPE 0.374174 | RMSE 213.969512 | Likelihood -3161618.676937 | KL fp 5.2104 | FP STD 0.4893|
Epoch 0005 [Val seq (cond on sampled tp)] |  MAPE 0.042520 | RMSE 177.924613 |
Best Val!
Epoch 0005 [Test seq (cond on sampled tp)] | MAPE 0.061899 | RMSE 658.599393|
0.06454906612634659,0.06306345760822296,0.05808349326252937
593.1464300659661,693.414738810764,689.2370102149188
0.06454906612634659,0.06306345760822296,0.05808349326252937
593.1464300659661,693.414738810764,689.2370102149188
Epoch 0005 [Test seq (cond on sampled tp)] | Best Test MAPE 0.061899|Best Test RMSE 658.599393|
Experiment 07-08_01:39
Epoch 0006 [Train seq (cond on sampled tp)] | Loss 2870346.682324 | MAPE 0.068209 | RMSE 192.956277 | Likelihood -2870342.522023 | KL fp 4.1603 | FP STD 0.5389|
Epoch 0006 [Val seq (cond on sampled tp)] |  MAPE 0.034180 | RMSE 158.605791 |
Best Val!
Epoch 0006 [Test seq (cond on sampled tp)] | MAPE 0.071207 | RMSE 589.184623|
0.07614374160766602,0.07528910785913467,0.06218820437788963
515.3273534851415,626.5095021226733,625.7170137130682
Experiment 07-08_01:39
Epoch 0007 [Train seq (cond on sampled tp)] | Loss 2573882.449600 | MAPE 0.044033 | RMSE 168.618705 | Likelihood -2573878.757021 | KL fp 3.6926 | FP STD 0.4851|
Epoch 0007 [Val seq (cond on sampled tp)] |  MAPE 0.027264 | RMSE 122.463966 |
Best Val!
Epoch 0007 [Test seq (cond on sampled tp)] | MAPE 0.059103 | RMSE 494.286736|
0.06722523272037506,0.061214789748191833,0.04886813834309578
417.748821811624,529.0606061690853,536.0507788446912
0.06722523272037506,0.061214789748191833,0.04886813834309578
417.748821811624,529.0606061690853,536.0507788446912
Epoch 0007 [Test seq (cond on sampled tp)] | Best Test MAPE 0.059103|Best Test RMSE 494.286736|
Experiment 07-08_01:39
Epoch 0008 [Train seq (cond on sampled tp)] | Loss 2287155.527630 | MAPE 0.045060 | RMSE 140.487917 | Likelihood -2287151.969163 | KL fp 3.5585 | FP STD 0.4144|
Epoch 0008 [Val seq (cond on sampled tp)] |  MAPE 0.025740 | RMSE 101.445899 |
Best Val!
Epoch 0008 [Test seq (cond on sampled tp)] | MAPE 0.051715 | RMSE 414.052538|
0.05777350813150406,0.05220215767621994,0.04517064988613129
348.15165966141825,443.86510830994587,450.14084601377823
0.05777350813150406,0.05220215767621994,0.04517064988613129
348.15165966141825,443.86510830994587,450.14084601377823
Epoch 0008 [Test seq (cond on sampled tp)] | Best Test MAPE 0.051715|Best Test RMSE 414.052538|
Experiment 07-08_01:39
Epoch 0009 [Train seq (cond on sampled tp)] | Loss 2162089.829235 | MAPE 0.034880 | RMSE 125.919927 | Likelihood -2162086.246870 | KL fp 3.5824 | FP STD 0.3579|
Epoch 0009 [Val seq (cond on sampled tp)] |  MAPE 0.030088 | RMSE 102.243204 |
Epoch 0009 [Test seq (cond on sampled tp)] | MAPE 0.061400 | RMSE 404.286079|
0.062161702662706375,0.06114020198583603,0.060897424817085266
356.37301604147865,430.94119378402434,425.54402680568785
Experiment 07-08_01:39
Epoch 0010 [Train seq (cond on sampled tp)] | Loss 2115446.458095 | MAPE 0.047140 | RMSE 119.817678 | Likelihood -2115443.231117 | KL fp 3.2270 | FP STD 0.2931|
Epoch 0010 [Val seq (cond on sampled tp)] |  MAPE 0.031930 | RMSE 86.428088 |
Epoch 0010 [Test seq (cond on sampled tp)] | MAPE 0.060225 | RMSE 356.720082|
0.06933373957872391,0.05586807429790497,0.05547324940562248
284.1133961554787,379.71366679380924,406.3331837913315
Experiment 07-08_01:39
Epoch 0011 [Train seq (cond on sampled tp)] | Loss 2045398.194249 | MAPE 0.033994 | RMSE 111.537218 | Likelihood -2045395.042077 | KL fp 3.1522 | FP STD 0.2577|
Epoch 0011 [Val seq (cond on sampled tp)] |  MAPE 0.027101 | RMSE 79.803772 |
Epoch 0011 [Test seq (cond on sampled tp)] | MAPE 0.047257 | RMSE 317.222391|
0.045646291226148605,0.05440621078014374,0.04171806573867798
246.42892452743854,341.107628267824,364.130621309167
0.045646291226148605,0.05440621078014374,0.04171806573867798
246.42892452743854,341.107628267824,364.130621309167
Epoch 0011 [Test seq (cond on sampled tp)] | Best Test MAPE 0.047257|Best Test RMSE 317.222391|
Experiment 07-08_01:39
Epoch 0012 [Train seq (cond on sampled tp)] | Loss 2015032.748555 | MAPE 0.042871 | RMSE 107.780304 | Likelihood -2015029.380782 | KL fp 3.3678 | FP STD 0.2321|
Epoch 0012 [Val seq (cond on sampled tp)] |  MAPE 0.026689 | RMSE 104.587956 |
Epoch 0012 [Test seq (cond on sampled tp)] | MAPE 0.058867 | RMSE 376.991968|
0.06492654234170914,0.06139416620135307,0.050279319286346436
321.42372491385885,417.7813797310742,391.77079954355963
Experiment 07-08_01:39
Epoch 0013 [Train seq (cond on sampled tp)] | Loss 2053533.145381 | MAPE 0.035751 | RMSE 112.245069 | Likelihood -2053529.949036 | KL fp 3.1963 | FP STD 0.2071|
Epoch 0013 [Val seq (cond on sampled tp)] |  MAPE 0.027885 | RMSE 87.741839 |
Epoch 0013 [Test seq (cond on sampled tp)] | MAPE 0.055668 | RMSE 321.092139|
0.054454267024993896,0.056617043912410736,0.05593293905258179
261.05991888836553,358.47619124218,343.7403066815121
Experiment 07-08_01:39
Epoch 0014 [Train seq (cond on sampled tp)] | Loss 2001479.456213 | MAPE 0.034753 | RMSE 103.918525 | Likelihood -2001476.492194 | KL fp 2.9640 | FP STD 0.2248|
Epoch 0014 [Val seq (cond on sampled tp)] |  MAPE 0.043113 | RMSE 97.193810 |
Epoch 0014 [Test seq (cond on sampled tp)] | MAPE 0.071167 | RMSE 300.409422|
0.07120563089847565,0.07115393131971359,0.07114221155643463
253.83786194389913,335.31137581358615,312.0790289534047
Experiment 07-08_01:39
Epoch 0015 [Train seq (cond on sampled tp)] | Loss 1963557.486003 | MAPE 0.039737 | RMSE 98.972818 | Likelihood -1963554.392344 | KL fp 3.0937 | FP STD 0.2266|
Epoch 0015 [Val seq (cond on sampled tp)] |  MAPE 0.026506 | RMSE 98.837096 |
Epoch 0015 [Test seq (cond on sampled tp)] | MAPE 0.055434 | RMSE 339.653961|
0.056819114834070206,0.06142422929406166,0.048059143126010895
282.57460298123044,367.57665016972993,368.8106306087177
Experiment 07-08_01:39
Epoch 0016 [Train seq (cond on sampled tp)] | Loss 2011688.908445 | MAPE 0.041036 | RMSE 107.001851 | Likelihood -2011685.710486 | KL fp 3.1980 | FP STD 0.1714|
Epoch 0016 [Val seq (cond on sampled tp)] |  MAPE 0.030372 | RMSE 101.212672 |
Epoch 0016 [Test seq (cond on sampled tp)] | MAPE 0.062878 | RMSE 319.757419|
0.06344562023878098,0.059178028255701065,0.06600897759199142
264.8963388053901,334.0079410545504,360.36797599814554
Experiment 07-08_01:39
Epoch 0017 [Train seq (cond on sampled tp)] | Loss 1954725.432527 | MAPE 0.033612 | RMSE 98.519422 | Likelihood -1954722.353059 | KL fp 3.0795 | FP STD 0.1765|
Epoch 0017 [Val seq (cond on sampled tp)] |  MAPE 0.024147 | RMSE 85.952513 |
Best Val!
Epoch 0017 [Test seq (cond on sampled tp)] | MAPE 0.054516 | RMSE 300.610846|
0.05508130416274071,0.06082668527960777,0.04764118045568466
240.69241750364716,325.8132972846566,335.32682285346635
Experiment 07-08_01:39
Epoch 0018 [Train seq (cond on sampled tp)] | Loss 1963923.215969 | MAPE 0.039266 | RMSE 99.882637 | Likelihood -1963920.089931 | KL fp 3.1260 | FP STD 0.1826|
Epoch 0018 [Val seq (cond on sampled tp)] |  MAPE 0.024841 | RMSE 90.762434 |
Epoch 0018 [Test seq (cond on sampled tp)] | MAPE 0.053325 | RMSE 311.054486|
0.05156055837869644,0.059684593230485916,0.04873042181134224
238.319695668969,338.10470133155496,356.73906123734196
Experiment 07-08_01:39
Epoch 0019 [Train seq (cond on sampled tp)] | Loss 1982924.570752 | MAPE 0.036667 | RMSE 102.921733 | Likelihood -1982921.695421 | KL fp 2.8753 | FP STD 0.2125|
Epoch 0019 [Val seq (cond on sampled tp)] |  MAPE 0.030339 | RMSE 93.333690 |
Epoch 0019 [Test seq (cond on sampled tp)] | MAPE 0.059055 | RMSE 312.718897|
0.058667633682489395,0.06359195709228516,0.054905202239751816
257.4448666705165,335.86488168607326,344.84694295078214
Experiment 07-08_01:39
Epoch 0020 [Train seq (cond on sampled tp)] | Loss 1976788.468147 | MAPE 0.032576 | RMSE 101.567205 | Likelihood -1976785.792162 | KL fp 2.6760 | FP STD 0.2281|
Epoch 0020 [Val seq (cond on sampled tp)] |  MAPE 0.043314 | RMSE 84.072502 |
Epoch 0020 [Test seq (cond on sampled tp)] | MAPE 0.082446 | RMSE 287.775385|
0.07929391413927078,0.08539029210805893,0.08265388011932373
223.0460994951492,316.59304516997844,323.68701124697606
Experiment 07-08_01:39
Epoch 0021 [Train seq (cond on sampled tp)] | Loss 1954525.051088 | MAPE 0.041916 | RMSE 97.881709 | Likelihood -1954522.097398 | KL fp 2.9537 | FP STD 0.2459|
Epoch 0021 [Val seq (cond on sampled tp)] |  MAPE 0.032452 | RMSE 104.415327 |
Epoch 0021 [Test seq (cond on sampled tp)] | MAPE 0.057172 | RMSE 339.285643|
0.06414470821619034,0.05663364380598068,0.05073864012956619
295.21088860338466,371.2197378238393,351.4263013954704
Experiment 07-08_01:39
Epoch 0022 [Train seq (cond on sampled tp)] | Loss 1978326.940762 | MAPE 0.035460 | RMSE 100.889815 | Likelihood -1978324.323850 | KL fp 2.6169 | FP STD 0.2192|
Epoch 0022 [Val seq (cond on sampled tp)] |  MAPE 0.034087 | RMSE 87.724160 |
Epoch 0022 [Test seq (cond on sampled tp)] | MAPE 0.063107 | RMSE 302.571166|
0.06152214854955673,0.06279176473617554,0.0650085061788559
255.98434400369098,321.79058359047735,329.9385714606584
Experiment 07-08_01:39
Epoch 0023 [Train seq (cond on sampled tp)] | Loss 1959804.094541 | MAPE 0.034428 | RMSE 97.161819 | Likelihood -1959801.341493 | KL fp 2.7530 | FP STD 0.2074|
Epoch 0023 [Val seq (cond on sampled tp)] |  MAPE 0.025724 | RMSE 86.803905 |
Epoch 0023 [Test seq (cond on sampled tp)] | MAPE 0.054972 | RMSE 321.186986|
0.056466009467840195,0.05618291720747948,0.05226752161979675
273.36595492581,336.8902477996358,353.3047551335815
Experiment 07-08_01:39
Epoch 0024 [Train seq (cond on sampled tp)] | Loss 1988094.417187 | MAPE 0.039551 | RMSE 103.239434 | Likelihood -1988091.599231 | KL fp 2.8180 | FP STD 0.1788|
Epoch 0024 [Val seq (cond on sampled tp)] |  MAPE 0.024690 | RMSE 83.095851 |
Epoch 0024 [Test seq (cond on sampled tp)] | MAPE 0.060889 | RMSE 286.396146|
0.06577817350625992,0.06419656425714493,0.052692756056785583
234.5928987096583,313.32908768178544,311.26645287839807
Experiment 07-08_01:39
Epoch 0025 [Train seq (cond on sampled tp)] | Loss 1942617.659610 | MAPE 0.036681 | RMSE 96.458581 | Likelihood -1942614.833361 | KL fp 2.8262 | FP STD 0.1847|
Epoch 0025 [Val seq (cond on sampled tp)] |  MAPE 0.031399 | RMSE 96.951950 |
Epoch 0025 [Test seq (cond on sampled tp)] | MAPE 0.072360 | RMSE 365.489289|
0.07904546707868576,0.07430854439735413,0.06372646987438202
323.20764175294494,384.73034387737084,388.5298814119707
Experiment 07-08_01:39
Epoch 0026 [Train seq (cond on sampled tp)] | Loss 2033681.326594 | MAPE 0.042010 | RMSE 109.879433 | Likelihood -2033678.847182 | KL fp 2.4794 | FP STD 0.2023|
Epoch 0026 [Val seq (cond on sampled tp)] |  MAPE 0.032436 | RMSE 94.480922 |
Epoch 0026 [Test seq (cond on sampled tp)] | MAPE 0.066008 | RMSE 339.688959|
0.07293562591075897,0.06494507938623428,0.06014193221926689
274.6913751148732,353.03324029048594,391.34226148602966
Experiment 07-08_01:39
Epoch 0027 [Train seq (cond on sampled tp)] | Loss 1970251.622790 | MAPE 0.036600 | RMSE 99.698443 | Likelihood -1970249.152445 | KL fp 2.4703 | FP STD 0.2124|
Epoch 0027 [Val seq (cond on sampled tp)] |  MAPE 0.025225 | RMSE 87.330346 |
Epoch 0027 [Test seq (cond on sampled tp)] | MAPE 0.049973 | RMSE 279.362924|
0.04863718897104263,0.05363376438617706,0.047647956758737564
216.04129198778182,290.4633555846589,331.5841239414215
Experiment 07-08_01:39
Epoch 0028 [Train seq (cond on sampled tp)] | Loss 1949396.377220 | MAPE 0.048177 | RMSE 96.893627 | Likelihood -1949393.716166 | KL fp 2.6611 | FP STD 0.2004|
Epoch 0028 [Val seq (cond on sampled tp)] |  MAPE 0.025886 | RMSE 93.788414 |
Epoch 0028 [Test seq (cond on sampled tp)] | MAPE 0.058783 | RMSE 324.283957|
0.05243479460477829,0.06459539383649826,0.05931832268834114
285.1182046537892,335.0792117171699,352.65445419347816
Experiment 07-08_01:39
Epoch 0029 [Train seq (cond on sampled tp)] | Loss 1942692.324605 | MAPE 0.046100 | RMSE 96.550821 | Likelihood -1942689.839245 | KL fp 2.4854 | FP STD 0.2176|
Epoch 0029 [Val seq (cond on sampled tp)] |  MAPE 0.030804 | RMSE 97.667169 |
Epoch 0029 [Test seq (cond on sampled tp)] | MAPE 0.058280 | RMSE 286.982651|
0.06106073409318924,0.0549493283033371,0.05882859602570534
213.49117187544314,302.6413538538645,344.81542843599675
Experiment 07-08_01:39
Epoch 0030 [Train seq (cond on sampled tp)] | Loss 1940793.733103 | MAPE 0.041051 | RMSE 95.903255 | Likelihood -1940791.534694 | KL fp 2.1984 | FP STD 0.2725|
Epoch 0030 [Val seq (cond on sampled tp)] |  MAPE 0.030059 | RMSE 82.015237 |
Epoch 0030 [Test seq (cond on sampled tp)] | MAPE 0.061819 | RMSE 289.197643|
0.06166138872504234,0.06072821840643883,0.06306598335504532
221.07496607485888,317.936375808903,328.5815870906342
Experiment 07-08_01:39
Epoch 0031 [Train seq (cond on sampled tp)] | Loss 1940048.503185 | MAPE 0.041009 | RMSE 96.060246 | Likelihood -1940045.812114 | KL fp 2.6911 | FP STD 0.1964|
Epoch 0031 [Val seq (cond on sampled tp)] |  MAPE 0.028415 | RMSE 81.126583 |
Epoch 0031 [Test seq (cond on sampled tp)] | MAPE 0.047728 | RMSE 290.918925|
0.04845067858695984,0.046918224543333054,0.047815121710300446
242.05952263854442,308.589507882235,322.107743523033
Experiment 07-08_01:39
Epoch 0032 [Train seq (cond on sampled tp)] | Loss 1926278.512869 | MAPE 0.073206 | RMSE 92.787283 | Likelihood -1926276.209754 | KL fp 2.3031 | FP STD 0.2370|
Epoch 0032 [Val seq (cond on sampled tp)] |  MAPE 0.025267 | RMSE 78.842945 |
Epoch 0032 [Test seq (cond on sampled tp)] | MAPE 0.051026 | RMSE 278.873753|
0.05365176126360893,0.05575064197182655,0.04367659613490105
235.72796158920139,279.44044255887513,321.45285424148904
Experiment 07-08_01:39
Epoch 0033 [Train seq (cond on sampled tp)] | Loss 1908630.278561 | MAPE 0.051060 | RMSE 90.454926 | Likelihood -1908627.479050 | KL fp 2.7995 | FP STD 0.1786|
Epoch 0033 [Val seq (cond on sampled tp)] |  MAPE 0.026141 | RMSE 84.670086 |
Epoch 0033 [Test seq (cond on sampled tp)] | MAPE 0.059951 | RMSE 299.176871|
0.05616911128163338,0.05201057344675064,0.07167457789182663
243.6873717619565,340.64361187684113,313.19962933008077
Experiment 07-08_01:39
Epoch 0034 [Train seq (cond on sampled tp)] | Loss 1919669.773147 | MAPE 0.044127 | RMSE 91.667216 | Likelihood -1919667.408504 | KL fp 2.3646 | FP STD 0.2150|
Epoch 0034 [Val seq (cond on sampled tp)] |  MAPE 0.029772 | RMSE 83.042120 |
Epoch 0034 [Test seq (cond on sampled tp)] | MAPE 0.063399 | RMSE 262.404659|
0.06557663530111313,0.06186812371015549,0.06275218725204468
206.09482799187367,284.2232149869183,296.89593347248797
Experiment 07-08_01:39
Epoch 0035 [Train seq (cond on sampled tp)] | Loss 1917126.266940 | MAPE 0.035446 | RMSE 91.997120 | Likelihood -1917123.356961 | KL fp 2.9100 | FP STD 0.1508|
Epoch 0035 [Val seq (cond on sampled tp)] |  MAPE 0.026869 | RMSE 90.340810 |
Epoch 0035 [Test seq (cond on sampled tp)] | MAPE 0.053499 | RMSE 280.641984|
0.04812246188521385,0.05616394057869911,0.056210629642009735
222.5295012043347,319.5111744915974,299.8852775437634
Experiment 07-08_01:39
Epoch 0036 [Train seq (cond on sampled tp)] | Loss 1920686.088352 | MAPE 0.044493 | RMSE 91.460971 | Likelihood -1920683.534368 | KL fp 2.5540 | FP STD 0.1773|
Epoch 0036 [Val seq (cond on sampled tp)] |  MAPE 0.038987 | RMSE 80.490886 |
Epoch 0036 [Test seq (cond on sampled tp)] | MAPE 0.062524 | RMSE 275.615684|
0.06324230879545212,0.06648296117782593,0.057845719158649445
233.5477567597257,281.93085643912764,311.3684388108403
Experiment 07-08_01:39
Epoch 0037 [Train seq (cond on sampled tp)] | Loss 1925675.326313 | MAPE 0.128296 | RMSE 93.392189 | Likelihood -1925672.439887 | KL fp 2.8864 | FP STD 0.1453|
Epoch 0037 [Val seq (cond on sampled tp)] |  MAPE 0.027287 | RMSE 84.061881 |
Epoch 0037 [Test seq (cond on sampled tp)] | MAPE 0.056860 | RMSE 266.451404|
0.051346439868211746,0.0642581358551979,0.054975636303424835
220.96492934400246,262.5279598204732,315.8613224185576
Experiment 07-08_01:39
Epoch 0038 [Train seq (cond on sampled tp)] | Loss 1896830.460345 | MAPE 0.039044 | RMSE 89.753037 | Likelihood -1896827.787134 | KL fp 2.6732 | FP STD 0.1774|
Epoch 0038 [Val seq (cond on sampled tp)] |  MAPE 0.031832 | RMSE 83.176981 |
Epoch 0038 [Test seq (cond on sampled tp)] | MAPE 0.068939 | RMSE 284.685668|
0.07232550531625748,0.06813264638185501,0.06635851413011551
241.03892968771663,282.761521648544,330.25655273589956
Experiment 07-08_01:39
Epoch 0039 [Train seq (cond on sampled tp)] | Loss 1878555.986611 | MAPE 0.034247 | RMSE 86.780186 | Likelihood -1878553.379220 | KL fp 2.6074 | FP STD 0.1951|
Epoch 0039 [Val seq (cond on sampled tp)] |  MAPE 0.033616 | RMSE 83.600949 |
Epoch 0039 [Test seq (cond on sampled tp)] | MAPE 0.064995 | RMSE 279.874882|
0.06863486021757126,0.06447009742259979,0.061880968511104584
233.92270524951186,277.62867230799486,328.07326973177805
Experiment 07-08_01:39
Epoch 0040 [Train seq (cond on sampled tp)] | Loss 1917411.452825 | MAPE 0.042183 | RMSE 91.076008 | Likelihood -1917408.888161 | KL fp 2.5647 | FP STD 0.1974|
Epoch 0040 [Val seq (cond on sampled tp)] |  MAPE 0.039022 | RMSE 82.665825 |
Epoch 0040 [Test seq (cond on sampled tp)] | MAPE 0.077227 | RMSE 291.999078|
0.07277499884366989,0.07779962569475174,0.0811072364449501
244.23619779324275,317.5606733366082,314.2003615330511
Experiment 07-08_01:39
Epoch 0041 [Train seq (cond on sampled tp)] | Loss 1911881.451167 | MAPE 0.060995 | RMSE 91.998237 | Likelihood -1911878.782768 | KL fp 2.6684 | FP STD 0.1753|
Epoch 0041 [Val seq (cond on sampled tp)] |  MAPE 0.028211 | RMSE 94.280649 |
Epoch 0041 [Test seq (cond on sampled tp)] | MAPE 0.051286 | RMSE 279.825400|
0.051895610988140106,0.0492963008582592,0.05266478285193443
263.9175415731209,271.89524349921976,303.66341358484397
Experiment 07-08_01:39
Epoch 0042 [Train seq (cond on sampled tp)] | Loss 1896037.456435 | MAPE 0.034589 | RMSE 88.535580 | Likelihood -1896034.866235 | KL fp 2.5902 | FP STD 0.1953|
Epoch 0042 [Val seq (cond on sampled tp)] |  MAPE 0.026744 | RMSE 81.581960 |
Epoch 0042 [Test seq (cond on sampled tp)] | MAPE 0.057801 | RMSE 283.871112|
0.057429876178503036,0.06099485233426094,0.05497727170586586
238.4149645313817,322.69139185140966,290.50697872426406
Experiment 07-08_01:39
Epoch 0043 [Train seq (cond on sampled tp)] | Loss 1901152.824471 | MAPE 0.036425 | RMSE 89.655480 | Likelihood -1901150.337049 | KL fp 2.4874 | FP STD 0.2051|
Epoch 0043 [Val seq (cond on sampled tp)] |  MAPE 0.026004 | RMSE 84.711649 |
Epoch 0043 [Test seq (cond on sampled tp)] | MAPE 0.043775 | RMSE 242.448086|
0.045768506824970245,0.04251979663968086,0.04303567484021187
209.04900928071868,244.99732141392894,273.2979286648547
0.045768506824970245,0.04251979663968086,0.04303567484021187
209.04900928071868,244.99732141392894,273.2979286648547
Epoch 0043 [Test seq (cond on sampled tp)] | Best Test MAPE 0.043775|Best Test RMSE 242.448086|
Experiment 07-08_01:39
Epoch 0044 [Train seq (cond on sampled tp)] | Loss 1891697.770561 | MAPE 0.056739 | RMSE 88.601810 | Likelihood -1891694.955774 | KL fp 2.8148 | FP STD 0.1682|
Epoch 0044 [Val seq (cond on sampled tp)] |  MAPE 0.040935 | RMSE 86.655301 |
Epoch 0044 [Test seq (cond on sampled tp)] | MAPE 0.061065 | RMSE 265.368418|
0.05915902554988861,0.06304425746202469,0.060991887003183365
242.98555609078906,252.20092126616032,300.9187753780079
Experiment 07-08_01:39
Epoch 0045 [Train seq (cond on sampled tp)] | Loss 1878073.593799 | MAPE 0.105220 | RMSE 84.429895 | Likelihood -1878071.091963 | KL fp 2.5018 | FP STD 0.1914|
Epoch 0045 [Val seq (cond on sampled tp)] |  MAPE 0.032278 | RMSE 90.260063 |
Epoch 0045 [Test seq (cond on sampled tp)] | MAPE 0.066245 | RMSE 261.113459|
0.06947401165962219,0.06578683853149414,0.0634731724858284
210.5218868520563,249.7772288710482,323.0412609095005
Experiment 07-08_01:39
Epoch 0046 [Train seq (cond on sampled tp)] | Loss 1881588.146111 | MAPE 0.062333 | RMSE 86.171197 | Likelihood -1881585.460362 | KL fp 2.6857 | FP STD 0.1787|
Epoch 0046 [Val seq (cond on sampled tp)] |  MAPE 0.035152 | RMSE 91.246709 |
Epoch 0046 [Test seq (cond on sampled tp)] | MAPE 0.068976 | RMSE 280.049841|
0.07106830179691315,0.06566717475652695,0.07019209116697311
245.63551981289268,294.92405007476077,299.58995414566226
Experiment 07-08_01:39
Epoch 0047 [Train seq (cond on sampled tp)] | Loss 1898999.415918 | MAPE 0.060868 | RMSE 89.418816 | Likelihood -1898996.860886 | KL fp 2.5550 | FP STD 0.1776|
Epoch 0047 [Val seq (cond on sampled tp)] |  MAPE 0.029088 | RMSE 89.333560 |
Epoch 0047 [Test seq (cond on sampled tp)] | MAPE 0.061962 | RMSE 278.919411|
0.056473348289728165,0.059147682040929794,0.07026567310094833
219.66721990319812,301.8182529478627,315.2727613710071
Experiment 07-08_01:39
Epoch 0048 [Train seq (cond on sampled tp)] | Loss 1927505.621627 | MAPE 0.086472 | RMSE 93.572663 | Likelihood -1927503.198023 | KL fp 2.4236 | FP STD 0.2064|
Epoch 0048 [Val seq (cond on sampled tp)] |  MAPE 0.029733 | RMSE 94.149244 |
Epoch 0048 [Test seq (cond on sampled tp)] | MAPE 0.050162 | RMSE 285.165186|
0.055543139576911926,0.05003713443875313,0.04490562900900841
209.19425967566605,317.58549537880344,328.7158014531702
Experiment 07-08_01:39
Epoch 0049 [Train seq (cond on sampled tp)] | Loss 1927806.503006 | MAPE 0.102836 | RMSE 93.892843 | Likelihood -1927804.447591 | KL fp 2.0554 | FP STD 0.2917|
Epoch 0049 [Val seq (cond on sampled tp)] |  MAPE 0.038198 | RMSE 89.311382 |
Epoch 0049 [Test seq (cond on sampled tp)] | MAPE 0.047574 | RMSE 270.498128|
0.04487082362174988,0.04641410708427429,0.05143832415342331
204.5546515451311,278.5980527570141,328.34167845782235
Experiment 07-08_01:39
Epoch 0050 [Train seq (cond on sampled tp)] | Loss 1904737.024993 | MAPE 0.050740 | RMSE 87.962501 | Likelihood -1904734.865424 | KL fp 2.1596 | FP STD 0.2623|
Epoch 0050 [Val seq (cond on sampled tp)] |  MAPE 0.045452 | RMSE 90.683370 |
Epoch 0050 [Test seq (cond on sampled tp)] | MAPE 0.051793 | RMSE 258.996578|
0.043210361152887344,0.04892653226852417,0.06324176490306854
200.85624329044393,265.8206191447533,310.31287134922394
Experiment 07-08_01:39
Epoch 0051 [Train seq (cond on sampled tp)] | Loss 1901887.521599 | MAPE 0.080239 | RMSE 89.448684 | Likelihood -1901884.808706 | KL fp 2.7129 | FP STD 0.1719|
Epoch 0051 [Val seq (cond on sampled tp)] |  MAPE 0.031991 | RMSE 95.033141 |
Epoch 0051 [Test seq (cond on sampled tp)] | MAPE 0.069127 | RMSE 281.688622|
0.06443502008914948,0.07222211360931396,0.0707230195403099
218.9306129376383,318.53741685632474,307.5978375858647
Experiment 07-08_01:39
Epoch 0052 [Train seq (cond on sampled tp)] | Loss 1964280.026586 | MAPE 0.062063 | RMSE 100.098736 | Likelihood -1964277.361952 | KL fp 2.6646 | FP STD 0.1643|
Epoch 0052 [Val seq (cond on sampled tp)] |  MAPE 0.039429 | RMSE 98.641569 |
Epoch 0052 [Test seq (cond on sampled tp)] | MAPE 0.071662 | RMSE 279.249038|
0.0718458890914917,0.06434168666601181,0.07879836112260818
231.46362598959257,287.73155077693514,318.55193601279524
Experiment 07-08_01:39
Epoch 0053 [Train seq (cond on sampled tp)] | Loss 1894166.320000 | MAPE 0.075577 | RMSE 88.307996 | Likelihood -1894163.698921 | KL fp 2.6211 | FP STD 0.1801|
Epoch 0053 [Val seq (cond on sampled tp)] |  MAPE 0.038389 | RMSE 95.380693 |
Epoch 0053 [Test seq (cond on sampled tp)] | MAPE 0.048099 | RMSE 243.795414|
0.05492784455418587,0.041096560657024384,0.048273175954818726
218.12374641473588,248.68365949535163,264.5788369040502
Experiment 07-08_01:39
Epoch 0054 [Train seq (cond on sampled tp)] | Loss 1939201.683240 | MAPE 0.118369 | RMSE 93.718876 | Likelihood -1939199.196451 | KL fp 2.4868 | FP STD 0.2060|
Epoch 0054 [Val seq (cond on sampled tp)] |  MAPE 0.031862 | RMSE 92.032560 |
Epoch 0054 [Test seq (cond on sampled tp)] | MAPE 0.047996 | RMSE 283.835261|
0.05304350703954697,0.05350518971681595,0.0374397374689579
259.14082802599825,348.35169907724,244.01325527520015
Experiment 07-08_01:39
Epoch 0055 [Train seq (cond on sampled tp)] | Loss 1975637.840627 | MAPE 0.091819 | RMSE 99.822881 | Likelihood -1975635.589401 | KL fp 2.2512 | FP STD 0.2148|
Epoch 0055 [Val seq (cond on sampled tp)] |  MAPE 0.025101 | RMSE 95.464684 |
Epoch 0055 [Test seq (cond on sampled tp)] | MAPE 0.059511 | RMSE 301.967688|
0.057792529463768005,0.059338442981243134,0.06140207126736641
240.43989633586187,324.3306328039336,341.1325347280731
Experiment 07-08_01:39
Epoch 0056 [Train seq (cond on sampled tp)] | Loss 1960667.603313 | MAPE 0.047923 | RMSE 98.715845 | Likelihood -1960665.178879 | KL fp 2.4244 | FP STD 0.1917|
Epoch 0056 [Val seq (cond on sampled tp)] |  MAPE 0.031008 | RMSE 80.551314 |
Epoch 0056 [Test seq (cond on sampled tp)] | MAPE 0.063056 | RMSE 268.212555|
0.05141478031873703,0.063504658639431,0.07424826174974442
216.09613384440732,291.676940295252,296.86459192281586
Experiment 07-08_01:39
Epoch 0057 [Train seq (cond on sampled tp)] | Loss 1916247.244870 | MAPE 0.092074 | RMSE 91.150549 | Likelihood -1916244.605704 | KL fp 2.6392 | FP STD 0.1606|
Epoch 0057 [Val seq (cond on sampled tp)] |  MAPE 0.025829 | RMSE 91.115440 |
Epoch 0057 [Test seq (cond on sampled tp)] | MAPE 0.059300 | RMSE 299.257312|
0.05705549195408821,0.06283853203058243,0.05800550803542137
255.64833328715446,289.05814185903847,353.06545958221403
Experiment 07-08_01:39
Epoch 0058 [Train seq (cond on sampled tp)] | Loss 1917763.227784 | MAPE 0.081837 | RMSE 91.705755 | Likelihood -1917760.574867 | KL fp 2.6529 | FP STD 0.1529|
Epoch 0058 [Val seq (cond on sampled tp)] |  MAPE 0.028191 | RMSE 89.475378 |
Epoch 0058 [Test seq (cond on sampled tp)] | MAPE 0.061307 | RMSE 252.113779|
0.06240573897957802,0.05937938019633293,0.06213712692260742
204.75249922162124,254.792256063641,296.79658174834157
Experiment 07-08_01:39
Epoch 0059 [Train seq (cond on sampled tp)] | Loss 1903685.371407 | MAPE 0.067887 | RMSE 89.128364 | Likelihood -1903682.781221 | KL fp 2.5902 | FP STD 0.1713|
Epoch 0059 [Val seq (cond on sampled tp)] |  MAPE 0.028726 | RMSE 86.565780 |
Epoch 0059 [Test seq (cond on sampled tp)] | MAPE 0.045483 | RMSE 286.912959|
0.045839980244636536,0.046367842704057693,0.044242482632398605
238.5248775023268,302.88349915850483,319.330500813812
Experiment 07-08_01:39
Epoch 0060 [Train seq (cond on sampled tp)] | Loss 1916893.377185 | MAPE 0.090879 | RMSE 91.600611 | Likelihood -1916890.820112 | KL fp 2.5571 | FP STD 0.1833|
Epoch 0060 [Val seq (cond on sampled tp)] |  MAPE 0.044027 | RMSE 99.309402 |
Epoch 0060 [Test seq (cond on sampled tp)] | MAPE 0.056031 | RMSE 283.090614|
0.05115504935383797,0.054500237107276917,0.06243839114904404
248.24330460507892,291.2708951732047,309.75764215754225
Experiment 07-08_01:39
Epoch 0061 [Train seq (cond on sampled tp)] | Loss 1927371.972749 | MAPE 0.118102 | RMSE 94.726683 | Likelihood -1927369.409898 | KL fp 2.5629 | FP STD 0.1805|
Epoch 0061 [Val seq (cond on sampled tp)] |  MAPE 0.033262 | RMSE 89.530083 |
Epoch 0061 [Test seq (cond on sampled tp)] | MAPE 0.062387 | RMSE 271.491540|
0.06026040017604828,0.06074431166052818,0.06615503877401352
245.68434397616792,258.67338841674456,310.116888245384
Experiment 07-08_01:39
Epoch 0062 [Train seq (cond on sampled tp)] | Loss 1909226.552950 | MAPE 0.098382 | RMSE 91.364727 | Likelihood -1909224.159391 | KL fp 2.3936 | FP STD 0.1945|
Epoch 0062 [Val seq (cond on sampled tp)] |  MAPE 0.035349 | RMSE 88.577357 |
Epoch 0062 [Test seq (cond on sampled tp)] | MAPE 0.059391 | RMSE 266.779263|
0.060822054743766785,0.06098872423171997,0.05636242404580116
242.93462179926104,266.38046979367687,291.0226983200795
Experiment 07-08_01:39
Epoch 0063 [Train seq (cond on sampled tp)] | Loss 1917120.975981 | MAPE 0.048108 | RMSE 92.664560 | Likelihood -1917118.592057 | KL fp 2.3839 | FP STD 0.1973|
Epoch 0063 [Val seq (cond on sampled tp)] |  MAPE 0.036164 | RMSE 85.701164 |
Epoch 0063 [Test seq (cond on sampled tp)] | MAPE 0.057716 | RMSE 239.109987|
0.05102071166038513,0.05787583068013191,0.06425193697214127
195.14493812292443,251.15634137425238,271.0286827533204
Experiment 07-08_01:39
Epoch 0064 [Train seq (cond on sampled tp)] | Loss 1883585.331269 | MAPE 0.068113 | RMSE 84.831751 | Likelihood -1883582.579502 | KL fp 2.7518 | FP STD 0.1502|
Epoch 0064 [Val seq (cond on sampled tp)] |  MAPE 0.038268 | RMSE 81.781775 |
Epoch 0064 [Test seq (cond on sampled tp)] | MAPE 0.061829 | RMSE 262.298670|
0.06730132550001144,0.05982685461640358,0.05835835263133049
220.71111102808123,270.5107871000711,295.6741106142031
Experiment 07-08_01:39
Epoch 0065 [Train seq (cond on sampled tp)] | Loss 1897176.965771 | MAPE 0.116995 | RMSE 86.906196 | Likelihood -1897174.224432 | KL fp 2.7413 | FP STD 0.1525|
Epoch 0065 [Val seq (cond on sampled tp)] |  MAPE 0.026912 | RMSE 83.785000 |
Epoch 0065 [Test seq (cond on sampled tp)] | MAPE 0.046320 | RMSE 258.896110|
0.05404583364725113,0.05034797638654709,0.0345652773976326
225.88702755747175,273.9400025553041,276.86130045114646
Experiment 07-08_01:39
Epoch 0066 [Train seq (cond on sampled tp)] | Loss 1916683.135328 | MAPE 0.094670 | RMSE 92.429078 | Likelihood -1916680.448297 | KL fp 2.6870 | FP STD 0.1746|
Epoch 0066 [Val seq (cond on sampled tp)] |  MAPE 0.033049 | RMSE 85.954694 |
Epoch 0066 [Test seq (cond on sampled tp)] | MAPE 0.062153 | RMSE 289.607790|
0.05713793635368347,0.06076911464333534,0.06855223327875137
238.2222652403633,293.70703143183346,336.8940741353282
Experiment 07-08_01:39
Epoch 0067 [Train seq (cond on sampled tp)] | Loss 1907987.659106 | MAPE 0.057920 | RMSE 90.132652 | Likelihood -1907985.280210 | KL fp 2.3789 | FP STD 0.2143|
Epoch 0067 [Val seq (cond on sampled tp)] |  MAPE 0.037049 | RMSE 88.925014 |
Epoch 0067 [Test seq (cond on sampled tp)] | MAPE 0.052520 | RMSE 248.381290|
0.044430866837501526,0.05211900919675827,0.06101001426577568
217.5174202793882,253.46423256053308,274.16221817566327
Experiment 07-08_01:39
Epoch 0068 [Train seq (cond on sampled tp)] | Loss 1899410.084052 | MAPE 0.094629 | RMSE 88.019987 | Likelihood -1899407.468701 | KL fp 2.6154 | FP STD 0.1887|
Epoch 0068 [Val seq (cond on sampled tp)] |  MAPE 0.040861 | RMSE 85.883381 |
Epoch 0068 [Test seq (cond on sampled tp)] | MAPE 0.066454 | RMSE 259.872172|
0.06488995254039764,0.0666503980755806,0.0678229033946991
226.21296312877385,264.4378471399281,288.9657067672564
Experiment 07-08_01:39
Epoch 0069 [Train seq (cond on sampled tp)] | Loss 1890898.449396 | MAPE 0.128161 | RMSE 88.369969 | Likelihood -1890895.898441 | KL fp 2.5510 | FP STD 0.2068|
Epoch 0069 [Val seq (cond on sampled tp)] |  MAPE 0.036520 | RMSE 87.720673 |
Epoch 0069 [Test seq (cond on sampled tp)] | MAPE 0.059930 | RMSE 272.762492|
0.05649694427847862,0.06492219120264053,0.058371443301439285
235.96421206403312,276.6798973995039,305.6433660125801
Experiment 07-08_01:39
Epoch 0070 [Train seq (cond on sampled tp)] | Loss 1916585.915762 | MAPE 0.076904 | RMSE 92.077626 | Likelihood -1916583.362539 | KL fp 2.5532 | FP STD 0.2196|
Epoch 0070 [Val seq (cond on sampled tp)] |  MAPE 0.041945 | RMSE 99.324240 |
Epoch 0070 [Test seq (cond on sampled tp)] | MAPE 0.061800 | RMSE 290.440884|
0.061123769730329514,0.06286127120256424,0.06141462177038193
239.55123245091016,347.76996033657076,284.00145796280697
Experiment 07-08_01:39
Epoch 0071 [Train seq (cond on sampled tp)] | Loss 1943447.373555 | MAPE 0.102517 | RMSE 95.548904 | Likelihood -1943445.177872 | KL fp 2.1957 | FP STD 0.2771|
Epoch 0071 [Val seq (cond on sampled tp)] |  MAPE 0.035518 | RMSE 98.935343 |
Epoch 0071 [Test seq (cond on sampled tp)] | MAPE 0.047530 | RMSE 280.704436|
0.05128735303878784,0.04411666840314865,0.0471871942281723
245.382298987213,329.3458834379139,267.3851242823729
Experiment 07-08_01:39
Epoch 0072 [Train seq (cond on sampled tp)] | Loss 1931811.614049 | MAPE 0.095468 | RMSE 93.518600 | Likelihood -1931809.319273 | KL fp 2.2948 | FP STD 0.2305|
Epoch 0072 [Val seq (cond on sampled tp)] |  MAPE 0.038245 | RMSE 87.874594 |
Epoch 0072 [Test seq (cond on sampled tp)] | MAPE 0.052337 | RMSE 275.405353|
0.04793654382228851,0.05222010985016823,0.056855447590351105
221.52683951386118,304.7103004289484,299.97891853011936
Experiment 07-08_01:39
Epoch 0073 [Train seq (cond on sampled tp)] | Loss 1891132.691322 | MAPE 0.118103 | RMSE 87.859136 | Likelihood -1891130.029586 | KL fp 2.6617 | FP STD 0.1836|
Epoch 0073 [Val seq (cond on sampled tp)] |  MAPE 0.032515 | RMSE 93.136870 |
Epoch 0073 [Test seq (cond on sampled tp)] | MAPE 0.054073 | RMSE 274.808035|
0.05427129566669464,0.05372076854109764,0.054226893931627274
232.48826415273095,299.87622446602865,292.05961773668747
Experiment 07-08_01:39
Epoch 0074 [Train seq (cond on sampled tp)] | Loss 1894760.466798 | MAPE 0.065349 | RMSE 89.437778 | Likelihood -1894757.619258 | KL fp 2.8475 | FP STD 0.2005|
Epoch 0074 [Val seq (cond on sampled tp)] |  MAPE 0.038385 | RMSE 91.739537 |
Epoch 0074 [Test seq (cond on sampled tp)] | MAPE 0.053854 | RMSE 279.217711|
0.046791475266218185,0.057711485773324966,0.05706033483147621
234.53199741719678,274.1519594586185,328.96917598766
Experiment 07-08_01:39
Epoch 0075 [Train seq (cond on sampled tp)] | Loss 1946573.908027 | MAPE 0.077220 | RMSE 95.062852 | Likelihood -1946571.584064 | KL fp 2.3240 | FP STD 0.2466|
Epoch 0075 [Val seq (cond on sampled tp)] |  MAPE 0.040656 | RMSE 89.710953 |
Epoch 0075 [Test seq (cond on sampled tp)] | MAPE 0.067062 | RMSE 286.270128|
0.07399442791938782,0.06168413907289505,0.06550706923007965
241.35947160045325,324.9822831709446,292.4686281253085
Experiment 07-08_01:39
Epoch 0076 [Train seq (cond on sampled tp)] | Loss 1894381.640725 | MAPE 0.148718 | RMSE 87.862726 | Likelihood -1894378.913093 | KL fp 2.7276 | FP STD 0.1839|
Epoch 0076 [Val seq (cond on sampled tp)] |  MAPE 0.032065 | RMSE 86.383358 |
Epoch 0076 [Test seq (cond on sampled tp)] | MAPE 0.042601 | RMSE 276.890725|
0.04118967801332474,0.04451435059309006,0.04209958761930466
237.0009229939833,282.6050274897812,311.06622335525276
0.04118967801332474,0.04451435059309006,0.04209958761930466
237.0009229939833,282.6050274897812,311.06622335525276
Epoch 0076 [Test seq (cond on sampled tp)] | Best Test MAPE 0.042601|Best Test RMSE 276.890725|
Experiment 07-08_01:39
Epoch 0077 [Train seq (cond on sampled tp)] | Loss 1883710.274456 | MAPE 0.097241 | RMSE 85.793890 | Likelihood -1883707.347362 | KL fp 2.9271 | FP STD 0.1663|
Epoch 0077 [Val seq (cond on sampled tp)] |  MAPE 0.037992 | RMSE 90.421620 |
Epoch 0077 [Test seq (cond on sampled tp)] | MAPE 0.062327 | RMSE 282.320419|
0.06377463042736053,0.06569382548332214,0.057511311024427414
237.14251055536204,293.46964014613167,316.34910749439456
Experiment 07-08_01:39
Epoch 0078 [Train seq (cond on sampled tp)] | Loss 1884606.025334 | MAPE 0.066785 | RMSE 85.583563 | Likelihood -1884603.335101 | KL fp 2.6902 | FP STD 0.1827|
Epoch 0078 [Val seq (cond on sampled tp)] |  MAPE 0.030038 | RMSE 92.342322 |
Epoch 0078 [Test seq (cond on sampled tp)] | MAPE 0.044655 | RMSE 253.254799|
0.04816103354096413,0.0464424230158329,0.03936229646205902
215.51542505700144,272.8839038858833,271.3650677592825
Experiment 07-08_01:39
Epoch 0079 [Train seq (cond on sampled tp)] | Loss 1885269.560165 | MAPE 0.072628 | RMSE 84.356915 | Likelihood -1885266.314785 | KL fp 3.2454 | FP STD 0.1123|
Epoch 0079 [Val seq (cond on sampled tp)] |  MAPE 0.033244 | RMSE 89.414458 |
Epoch 0079 [Test seq (cond on sampled tp)] | MAPE 0.045072 | RMSE 254.908195|
0.04793063923716545,0.0426996648311615,0.04458528384566307
226.2377413806105,274.12633948601143,264.3605049217829
Experiment 07-08_01:39
Epoch 0080 [Train seq (cond on sampled tp)] | Loss 1889162.225593 | MAPE 0.096804 | RMSE 86.371615 | Likelihood -1889159.171202 | KL fp 3.0544 | FP STD 0.1417|
Epoch 0080 [Val seq (cond on sampled tp)] |  MAPE 0.029235 | RMSE 91.939550 |
Epoch 0080 [Test seq (cond on sampled tp)] | MAPE 0.052451 | RMSE 262.162824|
0.05225013568997383,0.056767787784338,0.048334427177906036
209.2003936122014,288.71552824536474,288.57255099454625
Experiment 07-08_01:39
Epoch 0081 [Train seq (cond on sampled tp)] | Loss 1908623.609623 | MAPE 0.092295 | RMSE 91.234932 | Likelihood -1908620.858693 | KL fp 2.7509 | FP STD 0.1675|
Epoch 0081 [Val seq (cond on sampled tp)] |  MAPE 0.032212 | RMSE 96.698529 |
Epoch 0081 [Test seq (cond on sampled tp)] | MAPE 0.053793 | RMSE 266.263008|
0.04239780455827713,0.055139631032943726,0.06384167820215225
223.20610395719467,262.1945693325855,313.38834983531217
Experiment 07-08_01:39
Epoch 0082 [Train seq (cond on sampled tp)] | Loss 1875601.846082 | MAPE 0.079384 | RMSE 84.456030 | Likelihood -1875599.297840 | KL fp 2.5482 | FP STD 0.2088|
Epoch 0082 [Val seq (cond on sampled tp)] |  MAPE 0.034609 | RMSE 92.652356 |
Epoch 0082 [Test seq (cond on sampled tp)] | MAPE 0.065543 | RMSE 292.887067|
0.057535409927368164,0.0678204745054245,0.07127320766448975
232.94316802870608,330.5506532666363,315.1673786458554
Experiment 07-08_01:39
Epoch 0083 [Train seq (cond on sampled tp)] | Loss 1877613.941284 | MAPE 0.097467 | RMSE 84.532231 | Likelihood -1877611.294798 | KL fp 2.6465 | FP STD 0.1835|
Epoch 0083 [Val seq (cond on sampled tp)] |  MAPE 0.032308 | RMSE 96.554450 |
Epoch 0083 [Test seq (cond on sampled tp)] | MAPE 0.054113 | RMSE 297.920104|
0.05664355307817459,0.05528564751148224,0.05041038244962692
258.3118119395627,320.1464630641732,315.3020377352484
Experiment 07-08_01:39
Epoch 0084 [Train seq (cond on sampled tp)] | Loss 1894904.440067 | MAPE 0.086377 | RMSE 87.712992 | Likelihood -1894901.483054 | KL fp 2.9570 | FP STD 0.1532|
Epoch 0084 [Val seq (cond on sampled tp)] |  MAPE 0.038878 | RMSE 100.089252 |
Epoch 0084 [Test seq (cond on sampled tp)] | MAPE 0.067029 | RMSE 279.317631|
0.06278177350759506,0.06662815064191818,0.07167638838291168
248.57251834223348,271.9866293818503,317.39374452326564
Experiment 07-08_01:39
Epoch 0085 [Train seq (cond on sampled tp)] | Loss 1886091.491915 | MAPE 0.103035 | RMSE 84.937168 | Likelihood -1886089.004939 | KL fp 2.4870 | FP STD 0.1999|
Epoch 0085 [Val seq (cond on sampled tp)] |  MAPE 0.037764 | RMSE 87.476604 |
Epoch 0085 [Test seq (cond on sampled tp)] | MAPE 0.066778 | RMSE 281.972869|
0.06301923841238022,0.06913755089044571,0.06817604601383209
246.12646012771566,315.89818622856956,283.8939612777982
Experiment 07-08_01:39
Epoch 0086 [Train seq (cond on sampled tp)] | Loss 1872041.370893 | MAPE 0.131901 | RMSE 84.071251 | Likelihood -1872038.734839 | KL fp 2.6361 | FP STD 0.1846|
Epoch 0086 [Val seq (cond on sampled tp)] |  MAPE 0.029706 | RMSE 89.691814 |
Epoch 0086 [Test seq (cond on sampled tp)] | MAPE 0.054984 | RMSE 276.773802|
0.04816379398107529,0.06418722122907639,0.05260113626718521
240.25274777304838,283.2611427640579,306.80751549220565
Experiment 07-08_01:39
Epoch 0087 [Train seq (cond on sampled tp)] | Loss 1869415.909133 | MAPE 0.093293 | RMSE 83.837477 | Likelihood -1869413.357722 | KL fp 2.5514 | FP STD 0.2018|
Epoch 0087 [Val seq (cond on sampled tp)] |  MAPE 0.038548 | RMSE 89.158668 |
Epoch 0087 [Test seq (cond on sampled tp)] | MAPE 0.063873 | RMSE 246.472484|
0.06166566535830498,0.06650284677743912,0.06345026195049286
197.6492908853963,270.7845372708715,270.98362496652817
Experiment 07-08_01:39
Epoch 0088 [Train seq (cond on sampled tp)] | Loss 1915834.588961 | MAPE 0.094022 | RMSE 89.298478 | Likelihood -1915832.245728 | KL fp 2.3432 | FP STD 0.2249|
Epoch 0088 [Val seq (cond on sampled tp)] |  MAPE 0.031652 | RMSE 93.387419 |
Epoch 0088 [Test seq (cond on sampled tp)] | MAPE 0.043711 | RMSE 262.952173|
0.04847441986203194,0.04863005504012108,0.03402768447995186
201.92196628586498,287.08795200687194,299.8466014064525
Experiment 07-08_01:39
Epoch 0089 [Train seq (cond on sampled tp)] | Loss 1880665.787624 | MAPE 0.100818 | RMSE 86.362539 | Likelihood -1880663.134186 | KL fp 2.6534 | FP STD 0.2063|
Epoch 0089 [Val seq (cond on sampled tp)] |  MAPE 0.030343 | RMSE 97.781095 |
Epoch 0089 [Test seq (cond on sampled tp)] | MAPE 0.045803 | RMSE 293.029162|
0.04483456909656525,0.04883522912859917,0.0437394380569458
265.2280121659475,319.3159191928896,294.5435557774096
Experiment 07-08_01:39
Epoch 0090 [Train seq (cond on sampled tp)] | Loss 1909640.373002 | MAPE 0.093677 | RMSE 91.014427 | Likelihood -1909637.905467 | KL fp 2.4675 | FP STD 0.1857|
Epoch 0090 [Val seq (cond on sampled tp)] |  MAPE 0.033514 | RMSE 85.351837 |
Epoch 0090 [Test seq (cond on sampled tp)] | MAPE 0.043326 | RMSE 258.558867|
0.046301793307065964,0.04264680668711662,0.04102899506688118
211.57989219500516,272.1694239118347,291.927283861067
Experiment 07-08_01:39
Epoch 0091 [Train seq (cond on sampled tp)] | Loss 1877239.229159 | MAPE 0.099156 | RMSE 84.069184 | Likelihood -1877236.715716 | KL fp 2.5134 | FP STD 0.1854|
Epoch 0091 [Val seq (cond on sampled tp)] |  MAPE 0.030710 | RMSE 83.960809 |
Epoch 0091 [Test seq (cond on sampled tp)] | MAPE 0.044704 | RMSE 260.560157|
0.04962420463562012,0.044639747589826584,0.039848215878009796
234.36519146142416,270.0798493038679,277.2354313124497
Experiment 07-08_01:39
Epoch 0092 [Train seq (cond on sampled tp)] | Loss 1863650.051541 | MAPE 0.105274 | RMSE 82.747626 | Likelihood -1863647.264963 | KL fp 2.7866 | FP STD 0.1612|
Epoch 0092 [Val seq (cond on sampled tp)] |  MAPE 0.029635 | RMSE 91.646367 |
Epoch 0092 [Test seq (cond on sampled tp)] | MAPE 0.045784 | RMSE 270.692780|
0.055301036685705185,0.04799782112240791,0.03405279666185379
250.3759906994878,275.1646382168319,286.53771021455447
Experiment 07-08_01:39
Epoch 0093 [Train seq (cond on sampled tp)] | Loss 1862518.843141 | MAPE 0.080284 | RMSE 81.828954 | Likelihood -1862516.116016 | KL fp 2.7271 | FP STD 0.1724|
Epoch 0093 [Val seq (cond on sampled tp)] |  MAPE 0.039109 | RMSE 93.133378 |
Epoch 0093 [Test seq (cond on sampled tp)] | MAPE 0.053532 | RMSE 260.459567|
0.0479765422642231,0.052414748817682266,0.06020345538854599
218.22397467968545,237.37667850907343,325.778047046605
Experiment 07-08_01:39
Epoch 0094 [Train seq (cond on sampled tp)] | Loss 1868512.454209 | MAPE 0.107533 | RMSE 83.163915 | Likelihood -1868509.837215 | KL fp 2.6170 | FP STD 0.1844|
Epoch 0094 [Val seq (cond on sampled tp)] |  MAPE 0.029711 | RMSE 94.317087 |
Epoch 0094 [Test seq (cond on sampled tp)] | MAPE 0.050692 | RMSE 277.110768|
0.04620581120252609,0.052882738411426544,0.05298790708184242
242.25054824499367,286.2335966915834,302.84815966503743
Experiment 07-08_01:39
Epoch 0095 [Train seq (cond on sampled tp)] | Loss 1896427.007307 | MAPE 0.104793 | RMSE 90.465419 | Likelihood -1896424.184182 | KL fp 2.8231 | FP STD 0.1841|
Epoch 0095 [Val seq (cond on sampled tp)] |  MAPE 0.033862 | RMSE 92.631510 |
Epoch 0095 [Test seq (cond on sampled tp)] | MAPE 0.051470 | RMSE 299.028485|
0.053687743842601776,0.04620622843503952,0.05451734736561775
267.4681347843141,305.42511357123203,324.1922052386516
Experiment 07-08_01:39
Epoch 0096 [Train seq (cond on sampled tp)] | Loss 1892008.459570 | MAPE 0.100190 | RMSE 87.290478 | Likelihood -1892006.258097 | KL fp 2.2015 | FP STD 0.2583|
Epoch 0096 [Val seq (cond on sampled tp)] |  MAPE 0.037333 | RMSE 94.135172 |
Epoch 0096 [Test seq (cond on sampled tp)] | MAPE 0.059997 | RMSE 292.447934|
0.055530913174152374,0.053273022174835205,0.07118558883666992
230.029677093522,299.54977935645354,347.76434415060436
Experiment 07-08_01:39
Epoch 0097 [Train seq (cond on sampled tp)] | Loss 1891396.450554 | MAPE 0.117914 | RMSE 86.786320 | Likelihood -1891393.835276 | KL fp 2.6153 | FP STD 0.1936|
Epoch 0097 [Val seq (cond on sampled tp)] |  MAPE 0.031442 | RMSE 88.644771 |
Epoch 0097 [Test seq (cond on sampled tp)] | MAPE 0.056920 | RMSE 285.889199|
0.053727712482213974,0.06058133766055107,0.056450776755809784
246.25778858241216,304.64809360555665,306.761715342707
Experiment 07-08_01:39
Epoch 0098 [Train seq (cond on sampled tp)] | Loss 1879804.852278 | MAPE 0.101232 | RMSE 85.160862 | Likelihood -1879802.144166 | KL fp 2.7081 | FP STD 0.1648|
Epoch 0098 [Val seq (cond on sampled tp)] |  MAPE 0.032517 | RMSE 85.990151 |
Epoch 0098 [Test seq (cond on sampled tp)] | MAPE 0.057534 | RMSE 270.693903|
0.052875421941280365,0.06350816041231155,0.056217942386865616
246.49486556518778,267.60907530855525,297.9777676270497
Experiment 07-08_01:39
Epoch 0099 [Train seq (cond on sampled tp)] | Loss 1870996.668920 | MAPE 0.101428 | RMSE 84.031827 | Likelihood -1870994.152184 | KL fp 2.5167 | FP STD 0.2058|
Epoch 0099 [Val seq (cond on sampled tp)] |  MAPE 0.040565 | RMSE 90.491119 |
Epoch 0099 [Test seq (cond on sampled tp)] | MAPE 0.075060 | RMSE 273.280308|
0.06996265053749084,0.07007654756307602,0.0851406678557396
225.76941361707966,271.440457329043,322.6310537982976
Experiment 07-08_01:39
Epoch 0100 [Train seq (cond on sampled tp)] | Loss 1848697.940812 | MAPE 0.106975 | RMSE 79.741152 | Likelihood -1848695.163208 | KL fp 2.7776 | FP STD 0.1690|
Epoch 0100 [Val seq (cond on sampled tp)] |  MAPE 0.040361 | RMSE 91.336934 |
Epoch 0100 [Test seq (cond on sampled tp)] | MAPE 0.066461 | RMSE 276.118018|
0.060575421899557114,0.06630660593509674,0.07250063866376877
247.135045003233,279.1260495949814,302.09295961673786
