/data2/yuanjingyang/CG-ODE/run_models_covid.py
run_models_covid.py --encoder Cheb --rec-layers 0
Namespace(save='experiments/', load=None, dataset='Dec', datapath='data/', pred_length=14, condition_length=21, features='Confirmed,Deaths,Recovered,Mortality_Rate,Testing_Rate,Population,Mobility', split_interval=3, feature_out='Deaths', niters=100, lr=0.005, batch_size=8, random_seed=1991, dropout=0.2, l2=1e-05, optimizer='AdamW', clip=10, edge_lamda=0.5, z0_encoder='GTrans', rec_dims=64, ode_dims=20, rec_layers=0, gen_layers=1, encoder='Cheb', graf_layer=1, cheb_K=2, heavyBall=False, actv_h=None, gamma_guess=-3.0, gamma_act='sigmoid', corr=-100, corrf=True, sign=1, augment_dim=0, solver='rk4', rtol=0.01, atol=0.01, alias='run', output_dim=1, feature_out_index=[1], num_atoms=50)
run
Experiment 07-15_21:50
Epoch 0001 [Train seq (cond on sampled tp)] | Loss 4396945.654704 | MAPE 0.064084 | RMSE 286.491181 | Likelihood -4396944.417905 | KL fp 1.2368 | FP STD 0.6687 | ->nfe   52.00 | <-nfe   52.00
Epoch 0001 [Val seq (cond on sampled tp)] |  MAPE 0.058478 | RMSE 305.146468 |
Best Val!
Epoch 0001 [Test seq (cond on sampled tp)] | MAPE 0.121752 | RMSE 905.051674|
0.13462796807289124,0.12666334211826324,0.10396341234445572
849.6775859112679,936.7249129280165,928.7525235497344
0.13462796807289124,0.12666334211826324,0.10396341234445572
849.6775859112679,936.7249129280165,928.7525235497344
Epoch 0001 [Test seq (cond on sampled tp)] | Best Test MAPE 0.121752|Best Test RMSE 905.051674|
Experiment 07-15_21:50
Epoch 0002 [Train seq (cond on sampled tp)] | Loss 4177319.614096 | MAPE 0.094082 | RMSE 275.464741 | Likelihood -4177317.074517 | KL fp 2.5396 | FP STD 1.4015 | ->nfe   52.00 | <-nfe   52.00
Epoch 0002 [Val seq (cond on sampled tp)] |  MAPE 0.068229 | RMSE 278.014655 |
Epoch 0002 [Test seq (cond on sampled tp)] | MAPE 0.112547 | RMSE 860.241770|
0.12214076519012451,0.11515878140926361,0.10034020990133286
803.2808895398919,891.4357800761645,886.0086413235483
0.12214076519012451,0.11515878140926361,0.10034020990133286
803.2808895398919,891.4357800761645,886.0086413235483
Epoch 0002 [Test seq (cond on sampled tp)] | Best Test MAPE 0.112547|Best Test RMSE 860.241770|
Experiment 07-15_21:50
Epoch 0003 [Train seq (cond on sampled tp)] | Loss 3790502.904082 | MAPE 0.195799 | RMSE 254.453030 | Likelihood -3790498.104285 | KL fp 4.7998 | FP STD 1.5357 | ->nfe   52.00 | <-nfe   52.00
Epoch 0003 [Val seq (cond on sampled tp)] |  MAPE 0.033950 | RMSE 234.508379 |
Best Val!
Epoch 0003 [Test seq (cond on sampled tp)] | MAPE 0.080251 | RMSE 771.265132|
0.08879842609167099,0.08399858325719833,0.06795581430196762
711.4400449089158,802.5542037769162,799.8011471609677
0.08879842609167099,0.08399858325719833,0.06795581430196762
711.4400449089158,802.5542037769162,799.8011471609677
Epoch 0003 [Test seq (cond on sampled tp)] | Best Test MAPE 0.080251|Best Test RMSE 771.265132|
Experiment 07-15_21:50
Epoch 0004 [Train seq (cond on sampled tp)] | Loss 3343143.559351 | MAPE 0.072675 | RMSE 227.526488 | Likelihood -3343138.967286 | KL fp 4.5921 | FP STD 1.1155 | ->nfe   52.00 | <-nfe   52.00
Epoch 0004 [Val seq (cond on sampled tp)] |  MAPE 0.041434 | RMSE 194.142073 |
Epoch 0004 [Test seq (cond on sampled tp)] | MAPE 0.085490 | RMSE 689.938861|
0.0954667180776596,0.08743317425251007,0.07356919348239899
623.25,725.1031392153809,721.4634432873228
Experiment 07-15_21:50
Epoch 0005 [Train seq (cond on sampled tp)] | Loss 3068031.468327 | MAPE 0.073918 | RMSE 208.259228 | Likelihood -3068026.561160 | KL fp 4.9072 | FP STD 0.9425 | ->nfe   52.00 | <-nfe   52.00
Epoch 0005 [Val seq (cond on sampled tp)] |  MAPE 0.040043 | RMSE 171.743683 |
Epoch 0005 [Test seq (cond on sampled tp)] | MAPE 0.084129 | RMSE 625.346208|
0.09335590153932571,0.08540078997612,0.0736314207315445
557.0828876836911,660.5406166542675,658.4151188649909
Experiment 07-15_21:50
Epoch 0006 [Train seq (cond on sampled tp)] | Loss 2999302.969457 | MAPE 0.079611 | RMSE 201.553298 | Likelihood -2999297.452981 | KL fp 5.5165 | FP STD 0.8477 | ->nfe   52.00 | <-nfe   52.00
Epoch 0006 [Val seq (cond on sampled tp)] |  MAPE 0.039341 | RMSE 203.338340 |
Epoch 0006 [Test seq (cond on sampled tp)] | MAPE 0.085896 | RMSE 665.128713|
0.09342361986637115,0.09072720259428024,0.07353837043046951
592.0263138155262,705.1105409792141,698.2492839237287
Experiment 07-15_21:50
Epoch 0007 [Train seq (cond on sampled tp)] | Loss 2766271.716745 | MAPE 0.050937 | RMSE 186.042777 | Likelihood -2766267.711646 | KL fp 4.0051 | FP STD 0.6301 | ->nfe   52.00 | <-nfe   52.00
Epoch 0007 [Val seq (cond on sampled tp)] |  MAPE 0.034841 | RMSE 163.220913 |
Epoch 0007 [Test seq (cond on sampled tp)] | MAPE 0.061142 | RMSE 588.614349|
0.06681349128484726,0.06310951709747314,0.05350249260663986
505.75384637687137,626.1208200100042,633.9683795348157
0.06681349128484726,0.06310951709747314,0.05350249260663986
505.75384637687137,626.1208200100042,633.9683795348157
Epoch 0007 [Test seq (cond on sampled tp)] | Best Test MAPE 0.061142|Best Test RMSE 588.614349|
Experiment 07-15_21:50
Epoch 0008 [Train seq (cond on sampled tp)] | Loss 2691278.099350 | MAPE 0.077976 | RMSE 177.932248 | Likelihood -2691274.718921 | KL fp 3.3804 | FP STD 0.4651 | ->nfe   52.00 | <-nfe   52.00
Epoch 0008 [Val seq (cond on sampled tp)] |  MAPE 0.055647 | RMSE 138.179959 |
Epoch 0008 [Test seq (cond on sampled tp)] | MAPE 0.069076 | RMSE 522.147484|
0.07285194098949432,0.07083941251039505,0.06353609263896942
448.98642796859684,548.9976662063328,568.4583592929213
Experiment 07-15_21:50
Epoch 0009 [Train seq (cond on sampled tp)] | Loss 2702884.759774 | MAPE 0.063995 | RMSE 175.799312 | Likelihood -2702880.721242 | KL fp 4.0385 | FP STD 0.5764 | ->nfe   52.00 | <-nfe   52.00
Epoch 0009 [Val seq (cond on sampled tp)] |  MAPE 0.034049 | RMSE 147.813663 |
Epoch 0009 [Test seq (cond on sampled tp)] | MAPE 0.054341 | RMSE 535.135826|
0.05230863764882088,0.061867598444223404,0.048847779631614685
455.14707444407463,566.7625991100683,583.4978041946688
0.05230863764882088,0.061867598444223404,0.048847779631614685
455.14707444407463,566.7625991100683,583.4978041946688
Epoch 0009 [Test seq (cond on sampled tp)] | Best Test MAPE 0.054341|Best Test RMSE 535.135826|
Experiment 07-15_21:50
Epoch 0010 [Train seq (cond on sampled tp)] | Loss 2440660.595624 | MAPE 0.054785 | RMSE 155.995220 | Likelihood -2440657.569142 | KL fp 3.0265 | FP STD 0.4732 | ->nfe   52.00 | <-nfe   52.00
Epoch 0010 [Val seq (cond on sampled tp)] |  MAPE 0.039445 | RMSE 134.666805 |
Epoch 0010 [Test seq (cond on sampled tp)] | MAPE 0.063823 | RMSE 485.426159|
0.06459055095911026,0.06233852356672287,0.06453847140073776
394.9749992088107,509.65906189824585,551.6444167214964
Experiment 07-15_21:50
Epoch 0011 [Train seq (cond on sampled tp)] | Loss 2472886.191636 | MAPE 0.050335 | RMSE 158.656546 | Likelihood -2472883.194660 | KL fp 2.9970 | FP STD 0.4456 | ->nfe   52.00 | <-nfe   52.00
Epoch 0011 [Val seq (cond on sampled tp)] |  MAPE 0.034186 | RMSE 160.518088 |
Epoch 0011 [Test seq (cond on sampled tp)] | MAPE 0.059709 | RMSE 550.625128|
0.06537184119224548,0.05594486743211746,0.05781170725822449
489.480001506701,569.8325686111667,592.5628131261698
Experiment 07-15_21:50
Epoch 0012 [Train seq (cond on sampled tp)] | Loss 2347589.256502 | MAPE 0.049335 | RMSE 146.272207 | Likelihood -2347586.362123 | KL fp 2.8944 | FP STD 0.4277 | ->nfe   52.00 | <-nfe   52.00
Epoch 0012 [Val seq (cond on sampled tp)] |  MAPE 0.035246 | RMSE 133.618612 |
Epoch 0012 [Test seq (cond on sampled tp)] | MAPE 0.060481 | RMSE 461.866854|
0.0648871660232544,0.06463436037302017,0.05192125216126442
392.04033593496473,487.1471960557712,506.41302930513154
Experiment 07-15_21:50
Epoch 0013 [Train seq (cond on sampled tp)] | Loss 2427948.863522 | MAPE 0.049841 | RMSE 152.128147 | Likelihood -2427945.831757 | KL fp 3.0318 | FP STD 0.4216 | ->nfe   52.00 | <-nfe   52.00
Epoch 0013 [Val seq (cond on sampled tp)] |  MAPE 0.032111 | RMSE 170.416929 |
Best Val!
Epoch 0013 [Test seq (cond on sampled tp)] | MAPE 0.058641 | RMSE 569.476563|
0.062761090695858,0.0562441386282444,0.056918200105428696
497.91322348879226,593.9264211583788,616.5900430999515
Experiment 07-15_21:50
Epoch 0014 [Train seq (cond on sampled tp)] | Loss 2347850.413015 | MAPE 0.043158 | RMSE 147.061538 | Likelihood -2347847.874551 | KL fp 2.5385 | FP STD 0.3694 | ->nfe   52.00 | <-nfe   52.00
Epoch 0014 [Val seq (cond on sampled tp)] |  MAPE 0.037326 | RMSE 121.109580 |
Epoch 0014 [Test seq (cond on sampled tp)] | MAPE 0.060964 | RMSE 444.664448|
0.059734199196100235,0.06171515956521034,0.06144120916724205
361.37249220852436,474.6358801755299,497.98497090775743
Experiment 07-15_21:50
Epoch 0015 [Train seq (cond on sampled tp)] | Loss 2455954.507866 | MAPE 0.087235 | RMSE 153.052863 | Likelihood -2455951.312844 | KL fp 3.1950 | FP STD 0.3045 | ->nfe   52.00 | <-nfe   52.00
Epoch 0015 [Val seq (cond on sampled tp)] |  MAPE 0.053201 | RMSE 196.649176 |
Epoch 0015 [Test seq (cond on sampled tp)] | MAPE 0.084891 | RMSE 595.582465|
0.08722848445177078,0.09071909636259079,0.07672642171382904
525.8722218847464,615.8812537738099,644.993919544983
Experiment 07-15_21:50
Epoch 0016 [Train seq (cond on sampled tp)] | Loss 2273536.309920 | MAPE 0.056011 | RMSE 139.179382 | Likelihood -2273533.523126 | KL fp 2.7868 | FP STD 0.2431 | ->nfe   52.00 | <-nfe   52.00
Epoch 0016 [Val seq (cond on sampled tp)] |  MAPE 0.033439 | RMSE 109.537923 |
Epoch 0016 [Test seq (cond on sampled tp)] | MAPE 0.056381 | RMSE 417.752330|
0.056593671441078186,0.055628251284360886,0.05692044273018837
334.73753710930004,457.64567352920534,460.8737794939087
Experiment 07-15_21:50
Epoch 0017 [Train seq (cond on sampled tp)] | Loss 2348484.216638 | MAPE 0.069844 | RMSE 142.626464 | Likelihood -2348481.342434 | KL fp 2.8742 | FP STD 0.2728 | ->nfe   52.00 | <-nfe   52.00
Epoch 0017 [Val seq (cond on sampled tp)] |  MAPE 0.031824 | RMSE 161.362527 |
Best Val!
Epoch 0017 [Test seq (cond on sampled tp)] | MAPE 0.064403 | RMSE 515.068054|
0.07129056006669998,0.06641314923763275,0.05550630763173103
461.5764088967286,551.2629817065535,532.3647715617553
Experiment 07-15_21:50
Epoch 0018 [Train seq (cond on sampled tp)] | Loss 2147818.132473 | MAPE 0.042420 | RMSE 123.430422 | Likelihood -2147815.188292 | KL fp 2.9442 | FP STD 0.2740 | ->nfe   52.00 | <-nfe   52.00
Epoch 0018 [Val seq (cond on sampled tp)] |  MAPE 0.025799 | RMSE 120.955732 |
Best Val!
Epoch 0018 [Test seq (cond on sampled tp)] | MAPE 0.054911 | RMSE 437.100366|
0.06131250411272049,0.05669502168893814,0.04672667756676674
359.8814040763985,462.91152299872596,488.508172270434
Experiment 07-15_21:50
Epoch 0019 [Train seq (cond on sampled tp)] | Loss 2227788.365875 | MAPE 0.047667 | RMSE 133.183716 | Likelihood -2227785.741373 | KL fp 2.6245 | FP STD 0.3297 | ->nfe   52.00 | <-nfe   52.00
Epoch 0019 [Val seq (cond on sampled tp)] |  MAPE 0.031162 | RMSE 180.335652 |
Epoch 0019 [Test seq (cond on sampled tp)] | MAPE 0.071214 | RMSE 569.359027|
0.07750200480222702,0.07814757525920868,0.05799378082156181
516.9498887706621,579.3529526549424,611.7742383837358
Experiment 07-15_21:50
Epoch 0020 [Train seq (cond on sampled tp)] | Loss 2119310.082308 | MAPE 0.044560 | RMSE 118.980273 | Likelihood -2119307.671052 | KL fp 2.4113 | FP STD 0.3658 | ->nfe   52.00 | <-nfe   52.00
Epoch 0020 [Val seq (cond on sampled tp)] |  MAPE 0.034486 | RMSE 177.111310 |
Epoch 0020 [Test seq (cond on sampled tp)] | MAPE 0.067737 | RMSE 561.420289|
0.08040084689855576,0.06920607388019562,0.05360545590519905
528.292562175543,560.0518112192835,595.9164947792601
Experiment 07-15_21:50
Epoch 0021 [Train seq (cond on sampled tp)] | Loss 2102780.548788 | MAPE 0.039538 | RMSE 114.718494 | Likelihood -2102777.866717 | KL fp 2.6821 | FP STD 0.2800 | ->nfe   52.00 | <-nfe   52.00
Epoch 0021 [Val seq (cond on sampled tp)] |  MAPE 0.031645 | RMSE 200.755380 |
Epoch 0021 [Test seq (cond on sampled tp)] | MAPE 0.071718 | RMSE 618.426100|
0.07560798525810242,0.07496467232704163,0.0645819827914238
587.5826005762934,619.7345449868031,647.961153349489
Experiment 07-15_21:50
Epoch 0022 [Train seq (cond on sampled tp)] | Loss 2126111.807385 | MAPE 0.035610 | RMSE 117.230776 | Likelihood -2126108.987343 | KL fp 2.8200 | FP STD 0.2537 | ->nfe   52.00 | <-nfe   52.00
Epoch 0022 [Val seq (cond on sampled tp)] |  MAPE 0.039476 | RMSE 124.548587 |
Epoch 0022 [Test seq (cond on sampled tp)] | MAPE 0.063854 | RMSE 392.403236|
0.0624120756983757,0.06384897977113724,0.06530215591192245
293.07824787076913,420.37706288521497,463.7543968794258
Experiment 07-15_21:50
Epoch 0023 [Train seq (cond on sampled tp)] | Loss 2253905.316650 | MAPE 0.045938 | RMSE 134.049523 | Likelihood -2253902.349798 | KL fp 2.9669 | FP STD 0.2305 | ->nfe   52.00 | <-nfe   52.00
Epoch 0023 [Val seq (cond on sampled tp)] |  MAPE 0.043088 | RMSE 194.724756 |
Epoch 0023 [Test seq (cond on sampled tp)] | MAPE 0.084375 | RMSE 576.540051|
0.08538953959941864,0.08626937866210938,0.08146694302558899
530.4503393344188,575.5253578253524,623.6444549981985
Experiment 07-15_21:50
Epoch 0024 [Train seq (cond on sampled tp)] | Loss 2170769.473557 | MAPE 0.051313 | RMSE 128.014935 | Likelihood -2170766.650200 | KL fp 2.8234 | FP STD 0.2575 | ->nfe   52.00 | <-nfe   52.00
Epoch 0024 [Val seq (cond on sampled tp)] |  MAPE 0.036781 | RMSE 165.410362 |
Epoch 0024 [Test seq (cond on sampled tp)] | MAPE 0.075122 | RMSE 532.299622|
0.07994021475315094,0.08214364945888519,0.06328196078538895
482.5508392905353,558.0451930623541,556.3028345694456
Experiment 07-15_21:50
Epoch 0025 [Train seq (cond on sampled tp)] | Loss 2159633.596265 | MAPE 0.036772 | RMSE 123.175089 | Likelihood -2159630.948472 | KL fp 2.6478 | FP STD 0.2868 | ->nfe   52.00 | <-nfe   52.00
Epoch 0025 [Val seq (cond on sampled tp)] |  MAPE 0.038071 | RMSE 118.874314 |
Epoch 0025 [Test seq (cond on sampled tp)] | MAPE 0.071412 | RMSE 384.937921|
0.06773983687162399,0.07617922872304916,0.07031837850809097
303.6782965779741,414.8674863736612,436.2679795721891
Experiment 07-15_21:50
Epoch 0026 [Train seq (cond on sampled tp)] | Loss 2155653.041714 | MAPE 0.071486 | RMSE 123.160579 | Likelihood -2155650.097095 | KL fp 2.9446 | FP STD 0.2806 | ->nfe   52.00 | <-nfe   52.00
Epoch 0026 [Val seq (cond on sampled tp)] |  MAPE 0.029778 | RMSE 164.890784 |
Epoch 0026 [Test seq (cond on sampled tp)] | MAPE 0.069690 | RMSE 546.954214|
0.08061080425977707,0.07499396800994873,0.05346411466598511
489.1067751524201,571.9333440183393,579.8225213373486
Experiment 07-15_21:50
Epoch 0027 [Train seq (cond on sampled tp)] | Loss 2122503.352456 | MAPE 0.041943 | RMSE 121.265253 | Likelihood -2122500.523870 | KL fp 2.8286 | FP STD 0.2728 | ->nfe   52.00 | <-nfe   52.00
Epoch 0027 [Val seq (cond on sampled tp)] |  MAPE 0.027608 | RMSE 138.174214 |
Epoch 0027 [Test seq (cond on sampled tp)] | MAPE 0.066322 | RMSE 491.685110|
0.07667582482099533,0.0698622316122055,0.05242862179875374
433.5775053263257,513.3373951408566,528.140428768713
Experiment 07-15_21:50
Epoch 0028 [Train seq (cond on sampled tp)] | Loss 2446389.875777 | MAPE 0.042515 | RMSE 155.383945 | Likelihood -2446387.589680 | KL fp 2.2861 | FP STD 0.2588 | ->nfe   52.00 | <-nfe   52.00
Epoch 0028 [Val seq (cond on sampled tp)] |  MAPE 0.032134 | RMSE 169.384386 |
Epoch 0028 [Test seq (cond on sampled tp)] | MAPE 0.069881 | RMSE 575.066311|
0.07634255290031433,0.07551594823598862,0.057784438133239746
519.1018084152664,606.9407920052828,599.1563339396488
Experiment 07-15_21:50
Epoch 0029 [Train seq (cond on sampled tp)] | Loss 2121899.455228 | MAPE 0.046450 | RMSE 122.343986 | Likelihood -2121896.729838 | KL fp 2.7254 | FP STD 0.2677 | ->nfe   52.00 | <-nfe   52.00
Epoch 0029 [Val seq (cond on sampled tp)] |  MAPE 0.033163 | RMSE 132.228924 |
Epoch 0029 [Test seq (cond on sampled tp)] | MAPE 0.075549 | RMSE 410.235746|
0.07938756793737411,0.07718817889690399,0.07007133960723877
333.2349841890854,425.3946329586211,472.0776220601862
Experiment 07-15_21:50
Epoch 0030 [Train seq (cond on sampled tp)] | Loss 2125924.508325 | MAPE 0.068740 | RMSE 120.740405 | Likelihood -2125921.681036 | KL fp 2.8273 | FP STD 0.2665 | ->nfe   52.00 | <-nfe   52.00
Epoch 0030 [Val seq (cond on sampled tp)] |  MAPE 0.055521 | RMSE 181.137163 |
Epoch 0030 [Test seq (cond on sampled tp)] | MAPE 0.089447 | RMSE 549.138236|
0.0846652239561081,0.09134258329868317,0.09233440458774567
522.8233748121826,564.1925369499317,560.398797732472
Experiment 07-15_21:50
Epoch 0031 [Train seq (cond on sampled tp)] | Loss 2151618.200197 | MAPE 0.040281 | RMSE 120.984627 | Likelihood -2151615.509197 | KL fp 2.6910 | FP STD 0.2577 | ->nfe   52.00 | <-nfe   52.00
Epoch 0031 [Val seq (cond on sampled tp)] |  MAPE 0.024417 | RMSE 121.558564 |
Best Val!
Epoch 0031 [Test seq (cond on sampled tp)] | MAPE 0.056121 | RMSE 353.380496|
0.06513205915689468,0.05622057616710663,0.04701117053627968
289.7025818619848,358.31756384874575,412.1213413547034
Experiment 07-15_21:50
Epoch 0032 [Train seq (cond on sampled tp)] | Loss 2179803.252895 | MAPE 0.051412 | RMSE 122.407317 | Likelihood -2179799.954566 | KL fp 3.2983 | FP STD 0.1987 | ->nfe   52.00 | <-nfe   52.00
Epoch 0032 [Val seq (cond on sampled tp)] |  MAPE 0.049302 | RMSE 195.508691 |
Epoch 0032 [Test seq (cond on sampled tp)] | MAPE 0.093042 | RMSE 573.196347|
0.10851779580116272,0.09077291190624237,0.07983480393886566
542.8490236704861,595.2083931279867,581.5316253223035
Experiment 07-15_21:50
Epoch 0033 [Train seq (cond on sampled tp)] | Loss 2125973.889928 | MAPE 0.166422 | RMSE 119.399566 | Likelihood -2125970.638574 | KL fp 3.2514 | FP STD 0.1644 | ->nfe   52.00 | <-nfe   52.00
Epoch 0033 [Val seq (cond on sampled tp)] |  MAPE 0.030245 | RMSE 140.393789 |
Epoch 0033 [Test seq (cond on sampled tp)] | MAPE 0.061368 | RMSE 439.872857|
0.06544535607099533,0.06777000427246094,0.05088978633284569
379.96767954656355,466.00896920016464,473.64192368813804
Experiment 07-15_21:50
Epoch 0034 [Train seq (cond on sampled tp)] | Loss 2100353.154690 | MAPE 0.038961 | RMSE 114.082098 | Likelihood -2100349.992063 | KL fp 3.1626 | FP STD 0.2072 | ->nfe   52.00 | <-nfe   52.00
Epoch 0034 [Val seq (cond on sampled tp)] |  MAPE 0.030426 | RMSE 129.373422 |
Epoch 0034 [Test seq (cond on sampled tp)] | MAPE 0.067394 | RMSE 364.599410|
0.07229498028755188,0.07371900230646133,0.05616803094744682
292.8393197429266,389.46120634794937,411.4977027578647
Experiment 07-15_21:50
Epoch 0035 [Train seq (cond on sampled tp)] | Loss 2187909.809500 | MAPE 0.048147 | RMSE 124.489039 | Likelihood -2187906.361699 | KL fp 3.4478 | FP STD 0.2512 | ->nfe   52.00 | <-nfe   52.00
Epoch 0035 [Val seq (cond on sampled tp)] |  MAPE 0.026857 | RMSE 138.722245 |
Epoch 0035 [Test seq (cond on sampled tp)] | MAPE 0.062743 | RMSE 455.693610|
0.0691387802362442,0.0678270161151886,0.051263704895973206
396.3797500503778,474.87802710274985,495.82305311471754
Experiment 07-15_21:50
Epoch 0036 [Train seq (cond on sampled tp)] | Loss 2080730.644954 | MAPE 0.043853 | RMSE 116.359242 | Likelihood -2080727.769140 | KL fp 2.8758 | FP STD 0.2442 | ->nfe   52.00 | <-nfe   52.00
Epoch 0036 [Val seq (cond on sampled tp)] |  MAPE 0.036189 | RMSE 191.324955 |
Epoch 0036 [Test seq (cond on sampled tp)] | MAPE 0.085455 | RMSE 622.508068|
0.09880264848470688,0.09025196731090546,0.06730890274047852
579.7601066389442,642.6895391633507,645.0745596440771
Experiment 07-15_21:50
Epoch 0037 [Train seq (cond on sampled tp)] | Loss 2187000.858230 | MAPE 0.039442 | RMSE 125.365534 | Likelihood -2186997.902265 | KL fp 2.9560 | FP STD 0.2319 | ->nfe   52.00 | <-nfe   52.00
Epoch 0037 [Val seq (cond on sampled tp)] |  MAPE 0.032472 | RMSE 151.762452 |
Epoch 0037 [Test seq (cond on sampled tp)] | MAPE 0.071248 | RMSE 496.028422|
0.07698854058980942,0.07561322301626205,0.06114325299859047
446.7339287819988,525.2159674838532,516.1353686291999
Experiment 07-15_21:50
Epoch 0038 [Train seq (cond on sampled tp)] | Loss 2182412.425288 | MAPE 0.047391 | RMSE 124.336537 | Likelihood -2182409.415620 | KL fp 3.0097 | FP STD 0.2582 | ->nfe   52.00 | <-nfe   52.00
Epoch 0038 [Val seq (cond on sampled tp)] |  MAPE 0.029213 | RMSE 146.551592 |
Epoch 0038 [Test seq (cond on sampled tp)] | MAPE 0.070308 | RMSE 482.640714|
0.07778440415859222,0.07250036299228668,0.06063802167773247
437.7861028801622,505.60469674934785,504.5313419402208
Experiment 07-15_21:50
Epoch 0039 [Train seq (cond on sampled tp)] | Loss 2060778.930508 | MAPE 0.036582 | RMSE 113.119389 | Likelihood -2060775.803163 | KL fp 3.1273 | FP STD 0.2070 | ->nfe   52.00 | <-nfe   52.00
Epoch 0039 [Val seq (cond on sampled tp)] |  MAPE 0.028612 | RMSE 135.067590 |
Epoch 0039 [Test seq (cond on sampled tp)] | MAPE 0.067764 | RMSE 484.358234|
0.06945003569126129,0.0714397057890892,0.06240199878811836
425.9401733224984,505.3385313332044,521.7959970141587
Experiment 07-15_21:50
Epoch 0040 [Train seq (cond on sampled tp)] | Loss 2065571.903751 | MAPE 0.059517 | RMSE 112.267215 | Likelihood -2065568.631501 | KL fp 3.2722 | FP STD 0.1799 | ->nfe   52.00 | <-nfe   52.00
Epoch 0040 [Val seq (cond on sampled tp)] |  MAPE 0.031618 | RMSE 127.813115 |
Epoch 0040 [Test seq (cond on sampled tp)] | MAPE 0.067644 | RMSE 385.051344|
0.07826176285743713,0.07196260243654251,0.05270795524120331
332.7841009010196,399.8053823424592,422.5645475841531
Experiment 07-15_21:50
Epoch 0041 [Train seq (cond on sampled tp)] | Loss 2085119.313888 | MAPE 0.045217 | RMSE 113.058012 | Likelihood -2085115.921959 | KL fp 3.3919 | FP STD 0.2055 | ->nfe   52.00 | <-nfe   52.00
Epoch 0041 [Val seq (cond on sampled tp)] |  MAPE 0.052030 | RMSE 117.889162 |
Epoch 0041 [Test seq (cond on sampled tp)] | MAPE 0.078212 | RMSE 427.132315|
0.07945914566516876,0.07645104080438614,0.07872671633958817
370.56340128917213,438.82232309899643,472.0112220593913
Experiment 07-15_21:50
Epoch 0042 [Train seq (cond on sampled tp)] | Loss 2221563.866878 | MAPE 0.087910 | RMSE 132.345247 | Likelihood -2221560.957431 | KL fp 2.9094 | FP STD 0.2484 | ->nfe   52.00 | <-nfe   52.00
Epoch 0042 [Val seq (cond on sampled tp)] |  MAPE 0.039052 | RMSE 147.098879 |
Epoch 0042 [Test seq (cond on sampled tp)] | MAPE 0.069129 | RMSE 507.480102|
0.07786886394023895,0.06659387052059174,0.06292401254177094
464.33754896088254,518.5076843692868,539.5950738748455
Experiment 07-15_21:50
Epoch 0043 [Train seq (cond on sampled tp)] | Loss 2081651.094313 | MAPE 0.052254 | RMSE 114.833747 | Likelihood -2081648.369967 | KL fp 2.7243 | FP STD 0.2575 | ->nfe   52.00 | <-nfe   52.00
Epoch 0043 [Val seq (cond on sampled tp)] |  MAPE 0.038975 | RMSE 176.100696 |
Epoch 0043 [Test seq (cond on sampled tp)] | MAPE 0.076751 | RMSE 548.182592|
0.08469119668006897,0.08115827292203903,0.06440472602844238
522.3971489681007,549.9246823429551,572.2259442300742
Experiment 07-15_21:50
Epoch 0044 [Train seq (cond on sampled tp)] | Loss 2051863.826576 | MAPE 0.050513 | RMSE 107.215003 | Likelihood -2051861.229906 | KL fp 2.5967 | FP STD 0.2468 | ->nfe   52.00 | <-nfe   52.00
Epoch 0044 [Val seq (cond on sampled tp)] |  MAPE 0.038817 | RMSE 144.483252 |
Epoch 0044 [Test seq (cond on sampled tp)] | MAPE 0.062596 | RMSE 447.171783|
0.07051493227481842,0.06626782566308975,0.05100618675351143
410.22863289877756,459.9894699881727,471.2972456422804
Experiment 07-15_21:50
Epoch 0045 [Train seq (cond on sampled tp)] | Loss 2084400.444298 | MAPE 0.046561 | RMSE 110.305620 | Likelihood -2084397.432968 | KL fp 3.0113 | FP STD 0.2592 | ->nfe   52.00 | <-nfe   52.00
Epoch 0045 [Val seq (cond on sampled tp)] |  MAPE 0.035235 | RMSE 163.385084 |
Epoch 0045 [Test seq (cond on sampled tp)] | MAPE 0.061297 | RMSE 557.631160|
0.0661868005990982,0.062237031757831573,0.05546686053276062
498.8203584458036,593.1333113221681,580.9398097049298
Experiment 07-15_21:50
Epoch 0046 [Train seq (cond on sampled tp)] | Loss 2117235.176504 | MAPE 0.051629 | RMSE 120.713498 | Likelihood -2117232.598680 | KL fp 2.5778 | FP STD 0.2857 | ->nfe   52.00 | <-nfe   52.00
Epoch 0046 [Val seq (cond on sampled tp)] |  MAPE 0.027313 | RMSE 125.472194 |
Epoch 0046 [Test seq (cond on sampled tp)] | MAPE 0.064959 | RMSE 409.019515|
0.07348715513944626,0.06700226664543152,0.05438767001032829
354.76254162115254,423.7525258036818,448.54347615365003
Experiment 07-15_21:50
Epoch 0047 [Train seq (cond on sampled tp)] | Loss 2108566.053085 | MAPE 0.045886 | RMSE 116.857832 | Likelihood -2108563.181318 | KL fp 2.8718 | FP STD 0.2511 | ->nfe   52.00 | <-nfe   52.00
Epoch 0047 [Val seq (cond on sampled tp)] |  MAPE 0.041524 | RMSE 154.120451 |
Epoch 0047 [Test seq (cond on sampled tp)] | MAPE 0.073044 | RMSE 491.551202|
0.07395738363265991,0.07671604305505753,0.06845740973949432
432.96636705407036,506.0427971031699,535.6444424709362
Experiment 07-15_21:50
Epoch 0048 [Train seq (cond on sampled tp)] | Loss 2057457.417820 | MAPE 0.109684 | RMSE 111.993678 | Likelihood -2057454.417045 | KL fp 3.0008 | FP STD 0.2138 | ->nfe   52.00 | <-nfe   52.00
Epoch 0048 [Val seq (cond on sampled tp)] |  MAPE 0.035035 | RMSE 150.688349 |
Epoch 0048 [Test seq (cond on sampled tp)] | MAPE 0.063803 | RMSE 520.428425|
0.0731976181268692,0.06409809738397598,0.05411364510655403
472.70071794952884,567.1794248736461,521.4051327902325
Experiment 07-15_21:50
Epoch 0049 [Train seq (cond on sampled tp)] | Loss 2373194.762024 | MAPE 0.045379 | RMSE 144.167995 | Likelihood -2373191.808279 | KL fp 2.9537 | FP STD 0.1887 | ->nfe   52.00 | <-nfe   52.00
Epoch 0049 [Val seq (cond on sampled tp)] |  MAPE 0.035961 | RMSE 153.159543 |
Epoch 0049 [Test seq (cond on sampled tp)] | MAPE 0.068902 | RMSE 570.899267|
0.07306034117937088,0.07276954501867294,0.060877349227666855
516.4096000269553,603.2868824199644,593.0013174521622
Experiment 07-15_21:50
Epoch 0050 [Train seq (cond on sampled tp)] | Loss 2177759.860596 | MAPE 0.053502 | RMSE 126.412979 | Likelihood -2177757.111604 | KL fp 2.7490 | FP STD 0.2033 | ->nfe   52.00 | <-nfe   52.00
Epoch 0050 [Val seq (cond on sampled tp)] |  MAPE 0.056006 | RMSE 147.582372 |
Epoch 0050 [Test seq (cond on sampled tp)] | MAPE 0.072027 | RMSE 519.112291|
0.07622835040092468,0.07178282737731934,0.06806891411542892
489.9169253557178,550.997306027897,516.4226406249052
Experiment 07-15_21:50
Epoch 0051 [Train seq (cond on sampled tp)] | Loss 2371648.499025 | MAPE 0.159082 | RMSE 146.736040 | Likelihood -2371645.719874 | KL fp 2.7792 | FP STD 0.1891 | ->nfe   52.00 | <-nfe   52.00
Epoch 0051 [Val seq (cond on sampled tp)] |  MAPE 0.029174 | RMSE 169.357039 |
Epoch 0051 [Test seq (cond on sampled tp)] | MAPE 0.074721 | RMSE 732.412743|
0.08117503672838211,0.07957550883293152,0.06341211497783661
622.3798076737387,786.9093816952496,787.9490386439976
Experiment 07-15_21:50
Epoch 0052 [Train seq (cond on sampled tp)] | Loss 3328099.718260 | MAPE 0.062921 | RMSE 221.820232 | Likelihood -3328097.201720 | KL fp 2.5165 | FP STD 0.1876 | ->nfe   52.00 | <-nfe   52.00
Epoch 0052 [Val seq (cond on sampled tp)] |  MAPE 0.070151 | RMSE 295.758281 |
Epoch 0052 [Test seq (cond on sampled tp)] | MAPE 0.117547 | RMSE 890.327722|
0.12402153760194778,0.11758901178836823,0.11103077977895737
829.4384395481078,923.9599896640547,917.5847372313905
Experiment 07-15_21:50
Epoch 0053 [Train seq (cond on sampled tp)] | Loss 3967235.993182 | MAPE 0.129380 | RMSE 263.442470 | Likelihood -3967233.531684 | KL fp 2.4615 | FP STD 0.1893 | ->nfe   52.00 | <-nfe   52.00
Epoch 0053 [Val seq (cond on sampled tp)] |  MAPE 0.075205 | RMSE 270.602294 |
Epoch 0053 [Test seq (cond on sampled tp)] | MAPE 0.116029 | RMSE 836.930877|
0.12472246587276459,0.12032045423984528,0.10304485261440277
776.748994205979,870.0853765579559,863.9582599871362
Experiment 07-15_21:50
Epoch 0054 [Train seq (cond on sampled tp)] | Loss 3736113.127421 | MAPE 0.384045 | RMSE 250.366098 | Likelihood -3736109.306599 | KL fp 3.8208 | FP STD 0.2636 | ->nfe   52.00 | <-nfe   52.00
Epoch 0054 [Val seq (cond on sampled tp)] |  MAPE 0.162613 | RMSE 227.034930 |
Epoch 0054 [Test seq (cond on sampled tp)] | MAPE 0.184924 | RMSE 747.076682|
0.20127183198928833,0.1782740354537964,0.1752251386642456
682.2058661064121,779.2144682306663,779.8097123657797
Experiment 07-15_21:50
Epoch 0055 [Train seq (cond on sampled tp)] | Loss 3667678.541184 | MAPE 0.641691 | RMSE 245.704954 | Likelihood -3667674.583994 | KL fp 3.9572 | FP STD 0.3235 | ->nfe   52.00 | <-nfe   52.00
Epoch 0055 [Val seq (cond on sampled tp)] |  MAPE 0.111697 | RMSE 245.889632 |
Epoch 0055 [Test seq (cond on sampled tp)] | MAPE 0.143726 | RMSE 796.129960|
0.15484465658664703,0.14378425478935242,0.1325484961271286
729.524074311465,830.6175413510119,828.2482644111003
Experiment 07-15_21:50
Epoch 0056 [Train seq (cond on sampled tp)] | Loss 3702217.220364 | MAPE 0.464654 | RMSE 248.623024 | Likelihood -3702213.811160 | KL fp 3.4092 | FP STD 0.3342 | ->nfe   52.00 | <-nfe   52.00
Epoch 0056 [Val seq (cond on sampled tp)] |  MAPE 0.126478 | RMSE 238.827139 |
Epoch 0056 [Test seq (cond on sampled tp)] | MAPE 0.156803 | RMSE 781.035386|
0.17105431854724884,0.15172673761844635,0.14762839674949646
718.0188237435004,814.313361059488,810.7739743603022
Experiment 07-15_21:50
Epoch 0057 [Train seq (cond on sampled tp)] | Loss 3684685.626328 | MAPE 0.556083 | RMSE 247.210992 | Likelihood -3684681.892766 | KL fp 3.7336 | FP STD 0.4345 | ->nfe   52.00 | <-nfe   52.00
Epoch 0057 [Val seq (cond on sampled tp)] |  MAPE 0.136357 | RMSE 232.833724 |
Epoch 0057 [Test seq (cond on sampled tp)] | MAPE 0.168785 | RMSE 766.003447|
0.18021388351917267,0.1700255572795868,0.1561145782470703
701.8582700588488,798.8961916294256,797.2558795643968
Experiment 07-15_21:50
Epoch 0058 [Train seq (cond on sampled tp)] | Loss 3680275.163891 | MAPE 0.590388 | RMSE 246.783151 | Likelihood -3680271.425724 | KL fp 3.7382 | FP STD 0.5481 | ->nfe   52.00 | <-nfe   52.00
Epoch 0058 [Val seq (cond on sampled tp)] |  MAPE 0.130109 | RMSE 239.230325 |
Epoch 0058 [Test seq (cond on sampled tp)] | MAPE 0.158514 | RMSE 779.109617|
0.17313426733016968,0.15814003348350525,0.1442662626504898
715.9094303750999,813.9089322522515,807.5104875479947
Experiment 07-15_21:50
Epoch 0059 [Train seq (cond on sampled tp)] | Loss 3688543.086794 | MAPE 0.520728 | RMSE 247.526090 | Likelihood -3688539.371438 | KL fp 3.7154 | FP STD 0.6433 | ->nfe   52.00 | <-nfe   52.00
Epoch 0059 [Val seq (cond on sampled tp)] |  MAPE 0.119218 | RMSE 242.626505 |
Epoch 0059 [Test seq (cond on sampled tp)] | MAPE 0.153017 | RMSE 790.424003|
0.16714566946029663,0.15220439434051514,0.13970157504081726
724.889215673678,826.3615280251132,820.0212649681714
Experiment 07-15_21:50
Epoch 0060 [Train seq (cond on sampled tp)] | Loss 3699339.962216 | MAPE 0.494961 | RMSE 248.354470 | Likelihood -3699336.412262 | KL fp 3.5500 | FP STD 0.6468 | ->nfe   52.00 | <-nfe   52.00
Epoch 0060 [Val seq (cond on sampled tp)] |  MAPE 0.118554 | RMSE 242.416343 |
Epoch 0060 [Test seq (cond on sampled tp)] | MAPE 0.152362 | RMSE 786.421829|
0.16238875687122345,0.1540570855140686,0.14064013957977295
720.5012794922712,819.3678584738359,819.3963479293766
Experiment 07-15_21:50
Epoch 0061 [Train seq (cond on sampled tp)] | Loss 3689772.527181 | MAPE 0.504432 | RMSE 247.724800 | Likelihood -3689768.841237 | KL fp 3.6859 | FP STD 0.5936 | ->nfe   52.00 | <-nfe   52.00
Epoch 0061 [Val seq (cond on sampled tp)] |  MAPE 0.123922 | RMSE 240.608514 |
Epoch 0061 [Test seq (cond on sampled tp)] | MAPE 0.155923 | RMSE 784.198598|
0.1711256355047226,0.1561790555715561,0.14046287536621094
724.013186171357,816.6196712668634,811.962937885714
Experiment 07-15_21:50
Epoch 0062 [Train seq (cond on sampled tp)] | Loss 3686635.151381 | MAPE 0.522694 | RMSE 247.478583 | Likelihood -3686631.206705 | KL fp 3.9447 | FP STD 0.5298 | ->nfe   52.00 | <-nfe   52.00
Epoch 0062 [Val seq (cond on sampled tp)] |  MAPE 0.127077 | RMSE 239.071127 |
Epoch 0062 [Test seq (cond on sampled tp)] | MAPE 0.156368 | RMSE 779.055296|
0.16931435465812683,0.15557190775871277,0.14421865344047546
712.3849687844347,814.9135690366188,809.8673502494097
Experiment 07-15_21:50
Epoch 0063 [Train seq (cond on sampled tp)] | Loss 3678273.140652 | MAPE 0.534152 | RMSE 246.950811 | Likelihood -3678268.797125 | KL fp 4.3435 | FP STD 0.4698 | ->nfe   52.00 | <-nfe   52.00
Epoch 0063 [Val seq (cond on sampled tp)] |  MAPE 0.128120 | RMSE 237.416211 |
Epoch 0063 [Test seq (cond on sampled tp)] | MAPE 0.160163 | RMSE 777.863269|
0.17623481154441833,0.15127113461494446,0.15298429131507874
713.3949204332758,808.9896862754184,811.2051990711105
Experiment 07-15_21:50
Epoch 0064 [Train seq (cond on sampled tp)] | Loss 3679983.607123 | MAPE 0.544835 | RMSE 247.008517 | Likelihood -3679979.073669 | KL fp 4.5335 | FP STD 0.4442 | ->nfe   52.00 | <-nfe   52.00
Epoch 0064 [Val seq (cond on sampled tp)] |  MAPE 0.132910 | RMSE 236.802298 |
Epoch 0064 [Test seq (cond on sampled tp)] | MAPE 0.161461 | RMSE 776.017272|
0.17691871523857117,0.16135883331298828,0.14610645174980164
712.7941936491907,808.7256565115268,806.5319661984886
Experiment 07-15_21:50
Epoch 0065 [Train seq (cond on sampled tp)] | Loss 3679089.804531 | MAPE 0.554738 | RMSE 246.886470 | Likelihood -3679085.209548 | KL fp 4.5950 | FP STD 0.4094 | ->nfe   52.00 | <-nfe   52.00
Epoch 0065 [Val seq (cond on sampled tp)] |  MAPE 0.130092 | RMSE 235.549988 |
Epoch 0065 [Test seq (cond on sampled tp)] | MAPE 0.164121 | RMSE 773.989342|
0.1801193505525589,0.16030524671077728,0.15193966031074524
712.81799921158,806.2569767140003,802.8930501629716
Experiment 07-15_21:50
Epoch 0066 [Train seq (cond on sampled tp)] | Loss 3681365.900832 | MAPE 0.564058 | RMSE 246.965635 | Likelihood -3681361.139947 | KL fp 4.7609 | FP STD 0.3579 | ->nfe   52.00 | <-nfe   52.00
Epoch 0066 [Val seq (cond on sampled tp)] |  MAPE 0.132917 | RMSE 235.136754 |
Epoch 0066 [Test seq (cond on sampled tp)] | MAPE 0.164660 | RMSE 771.212887|
0.17553144693374634,0.16477416455745697,0.1536746621131897
706.2005071153659,804.5028356071841,802.935318067402
Experiment 07-15_21:50
Epoch 0067 [Train seq (cond on sampled tp)] | Loss 3679133.514726 | MAPE 0.570583 | RMSE 246.797697 | Likelihood -3679128.376331 | KL fp 5.1384 | FP STD 0.3175 | ->nfe   52.00 | <-nfe   52.00
Epoch 0067 [Val seq (cond on sampled tp)] |  MAPE 0.132977 | RMSE 234.861104 |
Epoch 0067 [Test seq (cond on sampled tp)] | MAPE 0.165028 | RMSE 770.547575|
0.17962513864040375,0.16267439723014832,0.15278442203998566
706.9573006907843,804.024175631554,800.6612501551452
Experiment 07-15_21:50
Epoch 0068 [Train seq (cond on sampled tp)] | Loss 3682285.924573 | MAPE 0.576354 | RMSE 246.964869 | Likelihood -3682280.848173 | KL fp 5.0764 | FP STD 0.3633 | ->nfe   52.00 | <-nfe   52.00
Epoch 0068 [Val seq (cond on sampled tp)] |  MAPE 0.135139 | RMSE 234.685103 |
Epoch 0068 [Test seq (cond on sampled tp)] | MAPE 0.168006 | RMSE 769.847558|
0.18104569613933563,0.16773447394371033,0.15523816645145416
705.7949861680798,805.0156054388015,798.7320811761601
Experiment 07-15_21:50
Epoch 0069 [Train seq (cond on sampled tp)] | Loss 3684315.951184 | MAPE 0.574942 | RMSE 247.077549 | Likelihood -3684310.728007 | KL fp 5.2232 | FP STD 0.4002 | ->nfe   52.00 | <-nfe   52.00
Epoch 0069 [Val seq (cond on sampled tp)] |  MAPE 0.132720 | RMSE 234.924348 |
Epoch 0069 [Test seq (cond on sampled tp)] | MAPE 0.164836 | RMSE 769.281483|
0.17691825330257416,0.16394123435020447,0.15364906191825867
707.042696730544,801.3359548279361,799.4657982052765
Experiment 07-15_21:50
Epoch 0070 [Train seq (cond on sampled tp)] | Loss 3681742.717050 | MAPE 0.569738 | RMSE 246.914187 | Likelihood -3681737.465278 | KL fp 5.2518 | FP STD 0.4411 | ->nfe   52.00 | <-nfe   52.00
Epoch 0070 [Val seq (cond on sampled tp)] |  MAPE 0.135231 | RMSE 235.464990 |
Epoch 0070 [Test seq (cond on sampled tp)] | MAPE 0.163507 | RMSE 770.793816|
0.17874057590961456,0.1589847356081009,0.152796670794487
707.4997128974683,803.1892289491935,801.6925065135634
Experiment 07-15_21:50
Epoch 0071 [Train seq (cond on sampled tp)] | Loss 3675273.127206 | MAPE 0.570835 | RMSE 246.559916 | Likelihood -3675267.716663 | KL fp 5.4105 | FP STD 0.4582 | ->nfe   52.00 | <-nfe   52.00
Epoch 0071 [Val seq (cond on sampled tp)] |  MAPE 0.134324 | RMSE 234.387066 |
Epoch 0071 [Test seq (cond on sampled tp)] | MAPE 0.164947 | RMSE 771.535197|
0.18317297101020813,0.15935468673706055,0.15231384336948395
707.351154837539,804.8699429100332,802.3844932449779
Experiment 07-15_21:50
Epoch 0072 [Train seq (cond on sampled tp)] | Loss 3679352.406571 | MAPE 0.576034 | RMSE 246.761234 | Likelihood -3679346.420141 | KL fp 5.9864 | FP STD 0.4470 | ->nfe   52.00 | <-nfe   52.00
Epoch 0072 [Val seq (cond on sampled tp)] |  MAPE 0.134172 | RMSE 234.560668 |
Epoch 0072 [Test seq (cond on sampled tp)] | MAPE 0.168126 | RMSE 771.517339|
0.179610937833786,0.1679094284772873,0.1568583995103836
705.7623094923673,803.2169694422547,805.572738801407
Experiment 07-15_21:50
Epoch 0073 [Train seq (cond on sampled tp)] | Loss 3680619.765805 | MAPE 0.570635 | RMSE 246.863603 | Likelihood -3680613.832896 | KL fp 5.9329 | FP STD 0.4550 | ->nfe   52.00 | <-nfe   52.00
Epoch 0073 [Val seq (cond on sampled tp)] |  MAPE 0.132971 | RMSE 235.669873 |
Epoch 0073 [Test seq (cond on sampled tp)] | MAPE 0.162336 | RMSE 772.837312|
0.17758941650390625,0.15871235728263855,0.15070711076259613
708.181363599749,805.8858867730592,804.444684238761
Experiment 07-15_21:50
Epoch 0074 [Train seq (cond on sampled tp)] | Loss 3681498.028735 | MAPE 0.562276 | RMSE 246.956284 | Likelihood -3681491.830799 | KL fp 6.1979 | FP STD 0.4068 | ->nfe   52.00 | <-nfe   52.00
Epoch 0074 [Val seq (cond on sampled tp)] |  MAPE 0.132349 | RMSE 235.780188 |
Epoch 0074 [Test seq (cond on sampled tp)] | MAPE 0.162598 | RMSE 773.173687|
0.17466431856155396,0.1627712994813919,0.1503572016954422
708.8197055669375,807.7884159852752,802.9129389292466
Experiment 07-15_21:50
Epoch 0075 [Train seq (cond on sampled tp)] | Loss 3681260.723898 | MAPE 0.559729 | RMSE 246.923012 | Likelihood -3681254.228434 | KL fp 6.4955 | FP STD 0.3793 | ->nfe   52.00 | <-nfe   52.00
Epoch 0075 [Val seq (cond on sampled tp)] |  MAPE 0.131898 | RMSE 235.521861 |
Epoch 0075 [Test seq (cond on sampled tp)] | MAPE 0.162423 | RMSE 773.071253|
0.17551417648792267,0.158982515335083,0.1527712196111679
708.0974067880775,806.7278041570155,804.3885488369411
Experiment 07-15_21:50
Epoch 0076 [Train seq (cond on sampled tp)] | Loss 3681396.716387 | MAPE 0.564192 | RMSE 246.930202 | Likelihood -3681390.126056 | KL fp 6.5903 | FP STD 0.3610 | ->nfe   52.00 | <-nfe   52.00
Epoch 0076 [Val seq (cond on sampled tp)] |  MAPE 0.133572 | RMSE 235.680605 |
Epoch 0076 [Test seq (cond on sampled tp)] | MAPE 0.165562 | RMSE 771.799243|
0.17984218895435333,0.16310270130634308,0.15374240279197693
706.2748889419756,805.8416795500218,803.2811618605282
Experiment 07-15_21:50
Epoch 0077 [Train seq (cond on sampled tp)] | Loss 3679586.306434 | MAPE 0.566661 | RMSE 246.804328 | Likelihood -3679579.408058 | KL fp 6.8984 | FP STD 0.3107 | ->nfe   52.00 | <-nfe   52.00
Epoch 0077 [Val seq (cond on sampled tp)] |  MAPE 0.134897 | RMSE 234.923217 |
Epoch 0077 [Test seq (cond on sampled tp)] | MAPE 0.165278 | RMSE 771.261585|
0.18028691411018372,0.16182348132133484,0.15372435748577118
708.1162510492186,804.4666323098802,801.201870629369
Experiment 07-15_21:50
Epoch 0078 [Train seq (cond on sampled tp)] | Loss 3679891.823723 | MAPE 0.569155 | RMSE 246.819072 | Likelihood -3679884.407083 | KL fp 7.4166 | FP STD 0.2653 | ->nfe   52.00 | <-nfe   52.00
Epoch 0078 [Val seq (cond on sampled tp)] |  MAPE 0.133702 | RMSE 234.519689 |
Epoch 0078 [Test seq (cond on sampled tp)] | MAPE 0.164753 | RMSE 770.678662|
0.178602933883667,0.16225096583366394,0.15340465307235718
707.0918213004588,803.6158519466873,801.3283113056721
Experiment 07-15_21:50
Epoch 0079 [Train seq (cond on sampled tp)] | Loss 3679628.837561 | MAPE 0.572067 | RMSE 246.796588 | Likelihood -3679621.480374 | KL fp 7.3572 | FP STD 0.2852 | ->nfe   52.00 | <-nfe   52.00
Epoch 0079 [Val seq (cond on sampled tp)] |  MAPE 0.136050 | RMSE 234.717466 |
Epoch 0079 [Test seq (cond on sampled tp)] | MAPE 0.165867 | RMSE 769.848385|
0.17898613214492798,0.16443128883838654,0.1541844755411148
704.5282552886009,803.965989641353,801.0509113033952
Experiment 07-15_21:50
Epoch 0080 [Train seq (cond on sampled tp)] | Loss 3682359.999915 | MAPE 0.575266 | RMSE 246.929689 | Likelihood -3682352.580706 | KL fp 7.4192 | FP STD 0.3436 | ->nfe   52.00 | <-nfe   52.00
Epoch 0080 [Val seq (cond on sampled tp)] |  MAPE 0.134374 | RMSE 235.114483 |
Epoch 0080 [Test seq (cond on sampled tp)] | MAPE 0.165528 | RMSE 771.865973|
0.17823314666748047,0.1643074005842209,0.15404389798641205
706.6009305116997,805.0729392421534,803.9240480294143
Experiment 07-15_21:50
Epoch 0081 [Train seq (cond on sampled tp)] | Loss 3679490.491000 | MAPE 0.568959 | RMSE 246.776718 | Likelihood -3679483.053111 | KL fp 7.4379 | FP STD 0.4114 | ->nfe   52.00 | <-nfe   52.00
Epoch 0081 [Val seq (cond on sampled tp)] |  MAPE 0.134364 | RMSE 234.908185 |
Epoch 0081 [Test seq (cond on sampled tp)] | MAPE 0.164059 | RMSE 772.575657|
0.17890974879264832,0.16011124849319458,0.15315473079681396
708.2026987381508,805.2603616222519,804.2639103553013
Experiment 07-15_21:50
Epoch 0082 [Train seq (cond on sampled tp)] | Loss 3678691.555125 | MAPE 0.565510 | RMSE 246.755310 | Likelihood -3678684.094626 | KL fp 7.4605 | FP STD 0.4550 | ->nfe   52.00 | <-nfe   52.00
Epoch 0082 [Val seq (cond on sampled tp)] |  MAPE 0.132003 | RMSE 235.040646 |
Epoch 0082 [Test seq (cond on sampled tp)] | MAPE 0.165953 | RMSE 771.797557|
0.18223677575588226,0.1626022458076477,0.15302126109600067
706.8268219656071,805.7957635157932,802.7700869489346
Experiment 07-15_21:50
Epoch 0083 [Train seq (cond on sampled tp)] | Loss 3680555.983926 | MAPE 0.564616 | RMSE 246.848834 | Likelihood -3680548.400694 | KL fp 7.5832 | FP STD 0.4833 | ->nfe   52.00 | <-nfe   52.00
Epoch 0083 [Val seq (cond on sampled tp)] |  MAPE 0.132594 | RMSE 234.766648 |
Epoch 0083 [Test seq (cond on sampled tp)] | MAPE 0.166357 | RMSE 771.679485|
0.1813661903142929,0.1637490838766098,0.1539563536643982
707.3221066105597,804.4994561837814,803.2168916301499
Experiment 07-15_21:50
Epoch 0084 [Train seq (cond on sampled tp)] | Loss 3679145.784441 | MAPE 0.567413 | RMSE 246.776615 | Likelihood -3679138.039576 | KL fp 7.7449 | FP STD 0.5018 | ->nfe   52.00 | <-nfe   52.00
Epoch 0084 [Val seq (cond on sampled tp)] |  MAPE 0.133063 | RMSE 234.681133 |
Epoch 0084 [Test seq (cond on sampled tp)] | MAPE 0.165682 | RMSE 770.623630|
0.1786559671163559,0.16021417081356049,0.15817445516586304
704.6936612812691,803.886807952463,803.2904207072309
Experiment 07-15_21:50
Epoch 0085 [Train seq (cond on sampled tp)] | Loss 3681839.414496 | MAPE 0.572612 | RMSE 246.894292 | Likelihood -3681831.549322 | KL fp 7.8652 | FP STD 0.5134 | ->nfe   52.00 | <-nfe   52.00
Epoch 0085 [Val seq (cond on sampled tp)] |  MAPE 0.134578 | RMSE 235.288462 |
Epoch 0085 [Test seq (cond on sampled tp)] | MAPE 0.166684 | RMSE 770.055601|
0.1825193166732788,0.16234317421913147,0.1551891714334488
707.1518578070767,802.9398716591423,800.0750746023775
Experiment 07-15_21:50
Epoch 0086 [Train seq (cond on sampled tp)] | Loss 3680384.321784 | MAPE 0.574156 | RMSE 246.780116 | Likelihood -3680375.959875 | KL fp 8.3619 | FP STD 0.4605 | ->nfe   52.00 | <-nfe   52.00
Epoch 0086 [Val seq (cond on sampled tp)] |  MAPE 0.134225 | RMSE 234.598027 |
Epoch 0086 [Test seq (cond on sampled tp)] | MAPE 0.164370 | RMSE 770.752125|
0.18114082515239716,0.16103464365005493,0.15093350410461426
705.4945738629036,804.5817624704155,802.1800374604195
Experiment 07-15_21:50
Epoch 0087 [Train seq (cond on sampled tp)] | Loss 3679147.130246 | MAPE 0.564888 | RMSE 246.784093 | Likelihood -3679138.345076 | KL fp 8.7852 | FP STD 0.3976 | ->nfe   52.00 | <-nfe   52.00
Epoch 0087 [Val seq (cond on sampled tp)] |  MAPE 0.130500 | RMSE 235.085656 |
Epoch 0087 [Test seq (cond on sampled tp)] | MAPE 0.166721 | RMSE 774.820162|
0.18307062983512878,0.16387362778186798,0.15321825444698334
710.6594428768256,808.4773110607372,805.323731489393
Experiment 07-15_21:50
Epoch 0088 [Train seq (cond on sampled tp)] | Loss 3680497.482009 | MAPE 0.558995 | RMSE 246.881044 | Likelihood -3680488.234534 | KL fp 9.2475 | FP STD 0.3753 | ->nfe   52.00 | <-nfe   52.00
Epoch 0088 [Val seq (cond on sampled tp)] |  MAPE 0.132029 | RMSE 234.800622 |
Epoch 0088 [Test seq (cond on sampled tp)] | MAPE 0.163179 | RMSE 773.913062|
0.1752779185771942,0.16159529983997345,0.15266287326812744
710.291555454519,807.7645077620085,803.6831231897307
Experiment 07-15_21:50
Epoch 0089 [Train seq (cond on sampled tp)] | Loss 3678289.539706 | MAPE 0.561227 | RMSE 246.764059 | Likelihood -3678280.181979 | KL fp 9.3577 | FP STD 0.3786 | ->nfe   52.00 | <-nfe   52.00
Epoch 0089 [Val seq (cond on sampled tp)] |  MAPE 0.130966 | RMSE 236.257639 |
Epoch 0089 [Test seq (cond on sampled tp)] | MAPE 0.164532 | RMSE 773.991894|
0.17908141016960144,0.16010631620883942,0.15440836548805237
708.3565045229697,806.8927283102754,806.7264483702019
Experiment 07-15_21:50
Epoch 0090 [Train seq (cond on sampled tp)] | Loss 3680654.961123 | MAPE 0.559611 | RMSE 246.889898 | Likelihood -3680645.396959 | KL fp 9.5642 | FP STD 0.3930 | ->nfe   52.00 | <-nfe   52.00
Epoch 0090 [Val seq (cond on sampled tp)] |  MAPE 0.132208 | RMSE 235.229932 |
Epoch 0090 [Test seq (cond on sampled tp)] | MAPE 0.163503 | RMSE 772.401979|
0.17814898490905762,0.16189426183700562,0.15046711266040802
707.799649441846,806.9891960243334,802.4170907327435
Experiment 07-15_21:50
Epoch 0091 [Train seq (cond on sampled tp)] | Loss 3682539.701830 | MAPE 0.564985 | RMSE 246.951667 | Likelihood -3682530.083050 | KL fp 9.6188 | FP STD 0.4073 | ->nfe   52.00 | <-nfe   52.00
Epoch 0091 [Val seq (cond on sampled tp)] |  MAPE 0.135775 | RMSE 235.883197 |
Epoch 0091 [Test seq (cond on sampled tp)] | MAPE 0.165226 | RMSE 769.665180|
0.17822480201721191,0.16076356172561646,0.15668871998786926
706.1371369996058,802.7927814822452,800.0656223085704
Experiment 07-15_21:50
Epoch 0092 [Train seq (cond on sampled tp)] | Loss 3683432.891371 | MAPE 0.569691 | RMSE 246.995163 | Likelihood -3683423.412197 | KL fp 9.4792 | FP STD 0.4393 | ->nfe   52.00 | <-nfe   52.00
Epoch 0092 [Val seq (cond on sampled tp)] |  MAPE 0.135021 | RMSE 234.877935 |
Epoch 0092 [Test seq (cond on sampled tp)] | MAPE 0.163798 | RMSE 768.892311|
0.17705634236335754,0.16362816095352173,0.15070946514606476
704.3363898024863,803.1881784488614,799.1523634451693
Experiment 07-15_21:50
Epoch 0093 [Train seq (cond on sampled tp)] | Loss 3680892.142040 | MAPE 0.572840 | RMSE 246.793769 | Likelihood -3680882.478275 | KL fp 9.6638 | FP STD 0.4442 | ->nfe   52.00 | <-nfe   52.00
Epoch 0093 [Val seq (cond on sampled tp)] |  MAPE 0.134885 | RMSE 234.857179 |
Epoch 0093 [Test seq (cond on sampled tp)] | MAPE 0.165721 | RMSE 770.564348|
0.1823127269744873,0.16228683292865753,0.1525634229183197
707.125276206416,802.9957970002084,801.571971191608
Experiment 07-15_21:50
Epoch 0094 [Train seq (cond on sampled tp)] | Loss 3678015.013730 | MAPE 0.567449 | RMSE 246.681653 | Likelihood -3678004.970738 | KL fp 10.0430 | FP STD 0.4300 | ->nfe   52.00 | <-nfe   52.00
Epoch 0094 [Val seq (cond on sampled tp)] |  MAPE 0.132814 | RMSE 235.609714 |
Epoch 0094 [Test seq (cond on sampled tp)] | MAPE 0.166993 | RMSE 771.970619|
0.18256068229675293,0.1641579419374466,0.15426139533519745
708.8413521374158,805.1178873307933,801.9526170541499
Experiment 07-15_21:50
Epoch 0095 [Train seq (cond on sampled tp)] | Loss 3677657.687740 | MAPE 0.565334 | RMSE 246.649988 | Likelihood -3677647.345384 | KL fp 10.3424 | FP STD 0.4621 | ->nfe   52.00 | <-nfe   52.00
Epoch 0095 [Val seq (cond on sampled tp)] |  MAPE 0.132579 | RMSE 234.907005 |
Epoch 0095 [Test seq (cond on sampled tp)] | MAPE 0.164839 | RMSE 771.094189|
0.18101593852043152,0.16007941961288452,0.15342207252979279
705.2224161567754,804.1443822473673,803.915768286703
Experiment 07-15_21:50
Epoch 0096 [Train seq (cond on sampled tp)] | Loss 3680982.040390 | MAPE 0.566930 | RMSE 246.855430 | Likelihood -3680971.448892 | KL fp 10.5915 | FP STD 0.4873 | ->nfe   52.00 | <-nfe   52.00
Epoch 0096 [Val seq (cond on sampled tp)] |  MAPE 0.133461 | RMSE 235.894715 |
Epoch 0096 [Test seq (cond on sampled tp)] | MAPE 0.165377 | RMSE 773.188585|
0.17850112915039062,0.16297294199466705,0.15465669333934784
709.065406009911,807.2889430061581,803.2114058577605
Experiment 07-15_21:50
Epoch 0097 [Train seq (cond on sampled tp)] | Loss 3680586.968586 | MAPE 0.563229 | RMSE 246.840330 | Likelihood -3680576.133838 | KL fp 10.8347 | FP STD 0.4597 | ->nfe   52.00 | <-nfe   52.00
Epoch 0097 [Val seq (cond on sampled tp)] |  MAPE 0.131841 | RMSE 235.379547 |
Epoch 0097 [Test seq (cond on sampled tp)] | MAPE 0.163923 | RMSE 772.463742|
0.1776689887046814,0.16259925067424774,0.15149930119514465
706.3570051680665,807.0372513087608,803.9969682778661
Experiment 07-15_21:50
Epoch 0098 [Train seq (cond on sampled tp)] | Loss 3682701.369505 | MAPE 0.562903 | RMSE 246.962265 | Likelihood -3682690.415255 | KL fp 10.9542 | FP STD 0.4460 | ->nfe   52.00 | <-nfe   52.00
Epoch 0098 [Val seq (cond on sampled tp)] |  MAPE 0.132828 | RMSE 234.955107 |
Epoch 0098 [Test seq (cond on sampled tp)] | MAPE 0.167173 | RMSE 772.647737|
0.18257437646389008,0.16275416314601898,0.15619134902954102
707.9826975286896,805.9666944111276,803.9938199389346
Experiment 07-15_21:50
Epoch 0099 [Train seq (cond on sampled tp)] | Loss 3680897.110441 | MAPE 0.564877 | RMSE 246.855779 | Likelihood -3680885.727286 | KL fp 11.3832 | FP STD 0.4179 | ->nfe   52.00 | <-nfe   52.00
Epoch 0099 [Val seq (cond on sampled tp)] |  MAPE 0.132610 | RMSE 235.028846 |
Epoch 0099 [Test seq (cond on sampled tp)] | MAPE 0.164789 | RMSE 771.039386|
0.18102532625198364,0.16122138500213623,0.15211914479732513
705.657051973549,805.0457285148466,802.4153771582396
Experiment 07-15_21:50
Epoch 0100 [Train seq (cond on sampled tp)] | Loss 3681898.292451 | MAPE 0.570329 | RMSE 246.894453 | Likelihood -3681886.696243 | KL fp 11.5962 | FP STD 0.3959 | ->nfe   52.00 | <-nfe   52.00
Epoch 0100 [Val seq (cond on sampled tp)] |  MAPE 0.135322 | RMSE 234.468765 |
Epoch 0100 [Test seq (cond on sampled tp)] | MAPE 0.165292 | RMSE 771.432289|
0.18132109940052032,0.16185924410820007,0.15269675850868225
707.699993818002,804.0036535986637,802.5932188848844
