/data2/yuanjingyang/CG-ODE/run_models_covid.py
run_models_covid.py --rec-layers 2 --encoder Cheb
Namespace(save='experiments/', load=None, dataset='Dec', datapath='data/', pred_length=14, condition_length=21, features='Confirmed,Deaths,Recovered,Mortality_Rate,Testing_Rate,Population,Mobility', split_interval=3, feature_out='Deaths', niters=100, lr=0.005, batch_size=8, random_seed=1991, dropout=0.2, l2=1e-05, optimizer='AdamW', clip=10, edge_lamda=0.5, z0_encoder='GTrans', rec_dims=64, ode_dims=20, rec_layers=2, gen_layers=1, encoder='Cheb', graf_layer=1, cheb_K=2, heavyBall=False, actv_h=None, gamma_guess=-3.0, gamma_act='sigmoid', corr=-100, corrf=True, sign=1, augment_dim=0, solver='rk4', rtol=0.01, atol=0.01, alias='run', output_dim=1, feature_out_index=[1], num_atoms=50)
run
Experiment 07-15_08:46
Epoch 0001 [Train seq (cond on sampled tp)] | Loss 4385806.262195 | MAPE 0.063537 | RMSE 285.955209 | Likelihood -4385804.717160 | KL fp 1.5450 | FP STD 0.3580 | ->nfe   52.00 | <-nfe   52.00
Epoch 0001 [Val seq (cond on sampled tp)] |  MAPE 0.058596 | RMSE 304.785850 |
Best Val!
Epoch 0001 [Test seq (cond on sampled tp)] | MAPE 0.119754 | RMSE 903.961784|
0.13152766227722168,0.1252192109823227,0.10251564532518387
849.1705143844786,935.2161849005822,927.498652290126
0.13152766227722168,0.1252192109823227,0.10251564532518387
849.1705143844786,935.2161849005822,927.498652290126
Epoch 0001 [Test seq (cond on sampled tp)] | Best Test MAPE 0.119754|Best Test RMSE 903.961784|
Experiment 07-15_08:46
Epoch 0002 [Train seq (cond on sampled tp)] | Loss 4190060.888193 | MAPE 0.097637 | RMSE 276.109572 | Likelihood -4190057.964437 | KL fp 2.9238 | FP STD 0.6874 | ->nfe   52.00 | <-nfe   52.00
Epoch 0002 [Val seq (cond on sampled tp)] |  MAPE 0.065942 | RMSE 282.892537 |
Epoch 0002 [Test seq (cond on sampled tp)] | MAPE 0.113104 | RMSE 867.763024|
0.125840961933136,0.1123216450214386,0.10115054994821548
810.5761454052297,899.8065417077162,892.9063850706859
0.125840961933136,0.1123216450214386,0.10115054994821548
810.5761454052297,899.8065417077162,892.9063850706859
Epoch 0002 [Test seq (cond on sampled tp)] | Best Test MAPE 0.113104|Best Test RMSE 867.763024|
Experiment 07-15_08:46
Epoch 0003 [Train seq (cond on sampled tp)] | Loss 3868509.038181 | MAPE 0.193437 | RMSE 258.934454 | Likelihood -3868503.923634 | KL fp 5.1145 | FP STD 0.8984 | ->nfe   52.00 | <-nfe   52.00
Epoch 0003 [Val seq (cond on sampled tp)] |  MAPE 0.075988 | RMSE 246.358637 |
Epoch 0003 [Test seq (cond on sampled tp)] | MAPE 0.114554 | RMSE 800.730275|
0.12194719165563583,0.11652445793151855,0.10519088804721832
737.2310102674737,833.8323797382781,831.1274345730624
Experiment 07-15_08:46
Epoch 0004 [Train seq (cond on sampled tp)] | Loss 3476056.566754 | MAPE 0.254748 | RMSE 235.826172 | Likelihood -3476050.851762 | KL fp 5.7150 | FP STD 0.8232 | ->nfe   52.00 | <-nfe   52.00
Epoch 0004 [Val seq (cond on sampled tp)] |  MAPE 0.032118 | RMSE 202.102455 |
Best Val!
Epoch 0004 [Test seq (cond on sampled tp)] | MAPE 0.070112 | RMSE 709.376337|
0.07665479183197021,0.07157755643129349,0.062102239578962326
637.7055795976698,745.8480073044374,744.5754243191216
0.07665479183197021,0.07157755643129349,0.062102239578962326
637.7055795976698,745.8480073044374,744.5754243191216
Epoch 0004 [Test seq (cond on sampled tp)] | Best Test MAPE 0.070112|Best Test RMSE 709.376337|
Experiment 07-15_08:46
Epoch 0005 [Train seq (cond on sampled tp)] | Loss 3010582.403251 | MAPE 0.049523 | RMSE 205.097141 | Likelihood -3010577.589997 | KL fp 4.8133 | FP STD 0.6586 | ->nfe   52.00 | <-nfe   52.00
Epoch 0005 [Val seq (cond on sampled tp)] |  MAPE 0.038444 | RMSE 161.594382 |
Epoch 0005 [Test seq (cond on sampled tp)] | MAPE 0.063741 | RMSE 604.762385|
0.07096957415342331,0.06452380120754242,0.055729568004608154
535.3143936043566,638.1238369235238,640.84892427935
0.07096957415342331,0.06452380120754242,0.055729568004608154
535.3143936043566,638.1238369235238,640.84892427935
Epoch 0005 [Test seq (cond on sampled tp)] | Best Test MAPE 0.063741|Best Test RMSE 604.762385|
Experiment 07-15_08:46
Epoch 0006 [Train seq (cond on sampled tp)] | Loss 2683671.664961 | MAPE 0.057687 | RMSE 178.969056 | Likelihood -2683667.181324 | KL fp 4.4836 | FP STD 0.5869 | ->nfe   52.00 | <-nfe   52.00
Epoch 0006 [Val seq (cond on sampled tp)] |  MAPE 0.025612 | RMSE 137.542614 |
Best Val!
Epoch 0006 [Test seq (cond on sampled tp)] | MAPE 0.051590 | RMSE 527.356625|
0.05712161958217621,0.0538884736597538,0.043759554624557495
447.71724824379953,572.7831450470588,561.5694803405897
0.05712161958217621,0.0538884736597538,0.043759554624557495
447.71724824379953,572.7831450470588,561.5694803405897
Epoch 0006 [Test seq (cond on sampled tp)] | Best Test MAPE 0.051590|Best Test RMSE 527.356625|
Experiment 07-15_08:46
Epoch 0007 [Train seq (cond on sampled tp)] | Loss 2452761.135937 | MAPE 0.045651 | RMSE 158.215335 | Likelihood -2452757.114770 | KL fp 4.0212 | FP STD 0.4908 | ->nfe   52.00 | <-nfe   52.00
Epoch 0007 [Val seq (cond on sampled tp)] |  MAPE 0.028311 | RMSE 121.501640 |
Epoch 0007 [Test seq (cond on sampled tp)] | MAPE 0.053201 | RMSE 453.654715|
0.05735982581973076,0.0543561726808548,0.04788632318377495
387.34414204296417,481.9688300346818,491.65117207223255
Experiment 07-15_08:46
Epoch 0008 [Train seq (cond on sampled tp)] | Loss 2246871.335344 | MAPE 0.034948 | RMSE 135.942859 | Likelihood -2246867.430619 | KL fp 3.9047 | FP STD 0.3799 | ->nfe   52.00 | <-nfe   52.00
Epoch 0008 [Val seq (cond on sampled tp)] |  MAPE 0.026314 | RMSE 101.881485 |
Epoch 0008 [Test seq (cond on sampled tp)] | MAPE 0.052239 | RMSE 389.441276|
0.05348178744316101,0.052877072244882584,0.05035688355565071
311.9827719602478,422.68409450794337,433.65696048259156
Experiment 07-15_08:46
Epoch 0009 [Train seq (cond on sampled tp)] | Loss 2157045.687781 | MAPE 0.039483 | RMSE 125.132270 | Likelihood -2157041.818615 | KL fp 3.8692 | FP STD 0.3187 | ->nfe   52.00 | <-nfe   52.00
Epoch 0009 [Val seq (cond on sampled tp)] |  MAPE 0.026505 | RMSE 102.452995 |
Epoch 0009 [Test seq (cond on sampled tp)] | MAPE 0.060099 | RMSE 362.284389|
0.05943135544657707,0.05970882624387741,0.06115662306547165
294.8694891388392,382.57942394357804,409.4042546798946
Experiment 07-15_08:46
Epoch 0010 [Train seq (cond on sampled tp)] | Loss 2103468.799999 | MAPE 0.037566 | RMSE 117.664378 | Likelihood -2103464.731537 | KL fp 4.0685 | FP STD 0.3091 | ->nfe   52.00 | <-nfe   52.00
Epoch 0010 [Val seq (cond on sampled tp)] |  MAPE 0.043054 | RMSE 90.475216 |
Epoch 0010 [Test seq (cond on sampled tp)] | MAPE 0.057287 | RMSE 356.271605|
0.060384444892406464,0.06121111288666725,0.05026550963521004
278.296056947453,377.2403080265946,413.27845107747873
Experiment 07-15_08:46
Epoch 0011 [Train seq (cond on sampled tp)] | Loss 2109145.099509 | MAPE 0.109953 | RMSE 118.312815 | Likelihood -2109141.279169 | KL fp 3.8203 | FP STD 0.2587 | ->nfe   52.00 | <-nfe   52.00
Epoch 0011 [Val seq (cond on sampled tp)] |  MAPE 0.028845 | RMSE 90.315544 |
Epoch 0011 [Test seq (cond on sampled tp)] | MAPE 0.056425 | RMSE 325.282886|
0.061634138226509094,0.055902548134326935,0.051736991852521896
263.821124888626,336.19489557769907,375.83263811835184
Experiment 07-15_08:46
Epoch 0012 [Train seq (cond on sampled tp)] | Loss 2087547.275483 | MAPE 0.046660 | RMSE 115.251252 | Likelihood -2087543.537814 | KL fp 3.7377 | FP STD 0.2712 | ->nfe   52.00 | <-nfe   52.00
Epoch 0012 [Val seq (cond on sampled tp)] |  MAPE 0.025912 | RMSE 99.042713 |
Epoch 0012 [Test seq (cond on sampled tp)] | MAPE 0.052476 | RMSE 347.237234|
0.05665551498532295,0.05426415428519249,0.04650702327489853
283.41574475494474,362.6487410360058,395.64721501610495
Experiment 07-15_08:46
Epoch 0013 [Train seq (cond on sampled tp)] | Loss 2073569.494371 | MAPE 0.038940 | RMSE 114.863417 | Likelihood -2073566.171960 | KL fp 3.3224 | FP STD 0.2906 | ->nfe   52.00 | <-nfe   52.00
Epoch 0013 [Val seq (cond on sampled tp)] |  MAPE 0.027065 | RMSE 91.171676 |
Epoch 0013 [Test seq (cond on sampled tp)] | MAPE 0.049262 | RMSE 362.753164|
0.053177785128355026,0.04806406795978546,0.04654384404420853
234.53773517016404,333.06639963001373,520.6553562578608
0.053177785128355026,0.04806406795978546,0.04654384404420853
234.53773517016404,333.06639963001373,520.6553562578608
Epoch 0013 [Test seq (cond on sampled tp)] | Best Test MAPE 0.049262|Best Test RMSE 362.753164|
Experiment 07-15_08:46
Epoch 0014 [Train seq (cond on sampled tp)] | Loss 2041078.670801 | MAPE 0.036115 | RMSE 108.829037 | Likelihood -2041075.332906 | KL fp 3.3379 | FP STD 0.2840 | ->nfe   52.00 | <-nfe   52.00
Epoch 0014 [Val seq (cond on sampled tp)] |  MAPE 0.025200 | RMSE 99.590514 |
Best Val!
Epoch 0014 [Test seq (cond on sampled tp)] | MAPE 0.050300 | RMSE 309.798284|
0.0569094754755497,0.0525636188685894,0.04142715781927109
250.07604312238706,328.80396420207586,350.5148445501274
Experiment 07-15_08:46
Epoch 0015 [Train seq (cond on sampled tp)] | Loss 2001563.991594 | MAPE 0.035278 | RMSE 105.348262 | Likelihood -2001560.843447 | KL fp 3.1481 | FP STD 0.2768 | ->nfe   52.00 | <-nfe   52.00
Epoch 0015 [Val seq (cond on sampled tp)] |  MAPE 0.035618 | RMSE 77.820268 |
Epoch 0015 [Test seq (cond on sampled tp)] | MAPE 0.056881 | RMSE 300.545152|
0.059283412992954254,0.05524183064699173,0.05611635744571686
235.13780866228214,314.31166111441047,352.18598602159057
Experiment 07-15_08:46
Epoch 0016 [Train seq (cond on sampled tp)] | Loss 2019022.786027 | MAPE 0.050088 | RMSE 104.225012 | Likelihood -2019019.235840 | KL fp 3.5502 | FP STD 0.2203 | ->nfe   52.00 | <-nfe   52.00
Epoch 0016 [Val seq (cond on sampled tp)] |  MAPE 0.056382 | RMSE 86.639257 |
Epoch 0016 [Test seq (cond on sampled tp)] | MAPE 0.070285 | RMSE 312.050756|
0.0721350908279419,0.07254771888256073,0.0661720335483551
243.58678830655,336.6919493394518,355.87352915045534
Experiment 07-15_08:46
Epoch 0017 [Train seq (cond on sampled tp)] | Loss 2027197.210328 | MAPE 0.063523 | RMSE 109.249530 | Likelihood -2027193.869712 | KL fp 3.3406 | FP STD 0.2345 | ->nfe   52.00 | <-nfe   52.00
Epoch 0017 [Val seq (cond on sampled tp)] |  MAPE 0.029148 | RMSE 90.786327 |
Epoch 0017 [Test seq (cond on sampled tp)] | MAPE 0.052189 | RMSE 300.839970|
0.05708391219377518,0.05165231600403786,0.04783034697175026
221.65089033771102,311.4122819912535,369.4567379951271
Experiment 07-15_08:46
Epoch 0018 [Train seq (cond on sampled tp)] | Loss 2019630.603260 | MAPE 0.067101 | RMSE 108.709104 | Likelihood -2019627.529770 | KL fp 3.0735 | FP STD 0.2920 | ->nfe   52.00 | <-nfe   52.00
Epoch 0018 [Val seq (cond on sampled tp)] |  MAPE 0.023446 | RMSE 93.754516 |
Best Val!
Epoch 0018 [Test seq (cond on sampled tp)] | MAPE 0.052463 | RMSE 300.669651|
0.06110304594039917,0.053146831691265106,0.04313813894987106
240.77568333928573,315.7609608152977,345.47231030503735
Experiment 07-15_08:46
Epoch 0019 [Train seq (cond on sampled tp)] | Loss 2035202.856400 | MAPE 0.056386 | RMSE 110.308552 | Likelihood -2035199.835159 | KL fp 3.0212 | FP STD 0.2636 | ->nfe   52.00 | <-nfe   52.00
Epoch 0019 [Val seq (cond on sampled tp)] |  MAPE 0.027013 | RMSE 89.080900 |
Epoch 0019 [Test seq (cond on sampled tp)] | MAPE 0.048095 | RMSE 285.523698|
0.053007788956165314,0.04988677427172661,0.04139191657304764
217.17633964131545,294.7641536041993,344.63059933789975
0.053007788956165314,0.04988677427172661,0.04139191657304764
217.17633964131545,294.7641536041993,344.63059933789975
Epoch 0019 [Test seq (cond on sampled tp)] | Best Test MAPE 0.048095|Best Test RMSE 285.523698|
Experiment 07-15_08:46
Epoch 0020 [Train seq (cond on sampled tp)] | Loss 1996679.503042 | MAPE 0.058666 | RMSE 102.061995 | Likelihood -1996676.458057 | KL fp 3.0450 | FP STD 0.2679 | ->nfe   52.00 | <-nfe   52.00
Epoch 0020 [Val seq (cond on sampled tp)] |  MAPE 0.019936 | RMSE 79.397376 |
Best Val!
Epoch 0020 [Test seq (cond on sampled tp)] | MAPE 0.051952 | RMSE 277.782328|
0.05469266697764397,0.05578399449586868,0.045380182564258575
212.15877935228133,287.7692217732814,333.41898378766615
Experiment 07-15_08:46
Epoch 0021 [Train seq (cond on sampled tp)] | Loss 1988507.246759 | MAPE 0.052410 | RMSE 98.689661 | Likelihood -1988503.877760 | KL fp 3.3690 | FP STD 0.2484 | ->nfe   52.00 | <-nfe   52.00
Epoch 0021 [Val seq (cond on sampled tp)] |  MAPE 0.025137 | RMSE 85.142849 |
Epoch 0021 [Test seq (cond on sampled tp)] | MAPE 0.050011 | RMSE 309.267469|
0.05315632373094559,0.05097249522805214,0.04590423405170441
241.30574971133615,324.8512520177504,361.64540428090606
Experiment 07-15_08:46
Epoch 0022 [Train seq (cond on sampled tp)] | Loss 2028256.127349 | MAPE 0.053521 | RMSE 106.722878 | Likelihood -2028252.619148 | KL fp 3.5082 | FP STD 0.2305 | ->nfe   52.00 | <-nfe   52.00
Epoch 0022 [Val seq (cond on sampled tp)] |  MAPE 0.038761 | RMSE 93.636457 |
Epoch 0022 [Test seq (cond on sampled tp)] | MAPE 0.065664 | RMSE 301.307942|
0.0660867840051651,0.06110509857535362,0.06980057060718536
252.4976717095625,294.2406275057882,357.185526022542
Experiment 07-15_08:46
Epoch 0023 [Train seq (cond on sampled tp)] | Loss 2031861.638019 | MAPE 0.047225 | RMSE 109.483750 | Likelihood -2031858.665301 | KL fp 2.9727 | FP STD 0.2194 | ->nfe   52.00 | <-nfe   52.00
Epoch 0023 [Val seq (cond on sampled tp)] |  MAPE 0.036053 | RMSE 79.230590 |
Epoch 0023 [Test seq (cond on sampled tp)] | MAPE 0.064780 | RMSE 300.271702|
0.06703349202871323,0.060458987951278687,0.06684892624616623
231.0244508163584,303.1390202943197,366.65163558206035
Experiment 07-15_08:46
Epoch 0024 [Train seq (cond on sampled tp)] | Loss 2066587.456759 | MAPE 0.058826 | RMSE 111.978632 | Likelihood -2066583.803516 | KL fp 3.6532 | FP STD 0.2268 | ->nfe   52.00 | <-nfe   52.00
Epoch 0024 [Val seq (cond on sampled tp)] |  MAPE 0.022119 | RMSE 82.886202 |
Epoch 0024 [Test seq (cond on sampled tp)] | MAPE 0.050406 | RMSE 296.497447|
0.049702491611242294,0.05210534855723381,0.04940924420952797
256.82888880536785,313.2856499067584,319.37780086834465
Experiment 07-15_08:46
Epoch 0025 [Train seq (cond on sampled tp)] | Loss 2001480.909452 | MAPE 0.048847 | RMSE 105.602225 | Likelihood -2001477.901764 | KL fp 3.0077 | FP STD 0.2127 | ->nfe   52.00 | <-nfe   52.00
Epoch 0025 [Val seq (cond on sampled tp)] |  MAPE 0.022797 | RMSE 83.453182 |
Epoch 0025 [Test seq (cond on sampled tp)] | MAPE 0.044213 | RMSE 256.394116|
0.04763999953866005,0.0408153235912323,0.04418350011110306
206.96400087032043,263.5820851746188,298.63626234518136
0.04763999953866005,0.0408153235912323,0.04418350011110306
206.96400087032043,263.5820851746188,298.63626234518136
Epoch 0025 [Test seq (cond on sampled tp)] | Best Test MAPE 0.044213|Best Test RMSE 256.394116|
Experiment 07-15_08:46
Epoch 0026 [Train seq (cond on sampled tp)] | Loss 1967501.678991 | MAPE 0.050305 | RMSE 96.498377 | Likelihood -1967498.172609 | KL fp 3.5064 | FP STD 0.1932 | ->nfe   52.00 | <-nfe   52.00
Epoch 0026 [Val seq (cond on sampled tp)] |  MAPE 0.020624 | RMSE 90.309042 |
Epoch 0026 [Test seq (cond on sampled tp)] | MAPE 0.044680 | RMSE 300.125721|
0.052116308361291885,0.04468352347612381,0.03723917901515961
247.4177735885197,310.200590344377,342.7587982094697
Experiment 07-15_08:46
Epoch 0027 [Train seq (cond on sampled tp)] | Loss 2031292.394941 | MAPE 0.056027 | RMSE 109.763580 | Likelihood -2031289.314340 | KL fp 3.0806 | FP STD 0.2064 | ->nfe   52.00 | <-nfe   52.00
Epoch 0027 [Val seq (cond on sampled tp)] |  MAPE 0.027889 | RMSE 81.618234 |
Epoch 0027 [Test seq (cond on sampled tp)] | MAPE 0.051308 | RMSE 260.652055|
0.056021008640527725,0.05424225702881813,0.04366176202893257
192.58912303788082,262.55131938822933,326.8157212023314
Experiment 07-15_08:46
Epoch 0028 [Train seq (cond on sampled tp)] | Loss 2020110.398244 | MAPE 0.054685 | RMSE 103.979750 | Likelihood -2020107.279964 | KL fp 3.1183 | FP STD 0.2880 | ->nfe   52.00 | <-nfe   52.00
Epoch 0028 [Val seq (cond on sampled tp)] |  MAPE 0.028702 | RMSE 89.052609 |
Epoch 0028 [Test seq (cond on sampled tp)] | MAPE 0.048370 | RMSE 286.544066|
0.05364575609564781,0.04853105545043945,0.04293186217546463
237.51669349226805,288.8139674816646,333.30153624383433
Experiment 07-15_08:46
Epoch 0029 [Train seq (cond on sampled tp)] | Loss 1969152.407482 | MAPE 0.072210 | RMSE 97.975647 | Likelihood -1969149.410408 | KL fp 2.9971 | FP STD 0.2721 | ->nfe   52.00 | <-nfe   52.00
Epoch 0029 [Val seq (cond on sampled tp)] |  MAPE 0.024326 | RMSE 77.336379 |
Epoch 0029 [Test seq (cond on sampled tp)] | MAPE 0.049331 | RMSE 278.796687|
0.045050181448459625,0.050025079399347305,0.05291886255145073
228.49907685809148,289.47229735762284,318.41868810969623
Experiment 07-15_08:46
Epoch 0030 [Train seq (cond on sampled tp)] | Loss 1966935.817730 | MAPE 0.066819 | RMSE 96.904694 | Likelihood -1966932.600995 | KL fp 3.2167 | FP STD 0.2282 | ->nfe   52.00 | <-nfe   52.00
Epoch 0030 [Val seq (cond on sampled tp)] |  MAPE 0.034360 | RMSE 90.867348 |
Epoch 0030 [Test seq (cond on sampled tp)] | MAPE 0.045293 | RMSE 287.644944|
0.046303872019052505,0.04629337787628174,0.04328133910894394
236.12048367835433,298.12396488289903,328.6903819516172
Experiment 07-15_08:46
Epoch 0031 [Train seq (cond on sampled tp)] | Loss 2003773.321459 | MAPE 0.067847 | RMSE 103.288404 | Likelihood -2003770.473929 | KL fp 2.8475 | FP STD 0.3176 | ->nfe   52.00 | <-nfe   52.00
Epoch 0031 [Val seq (cond on sampled tp)] |  MAPE 0.023205 | RMSE 79.503228 |
Epoch 0031 [Test seq (cond on sampled tp)] | MAPE 0.046837 | RMSE 287.379474|
0.04526768624782562,0.042367562651634216,0.05287514626979828
233.52590360867893,300.4856745753448,328.1268452329068
Experiment 07-15_08:46
Epoch 0032 [Train seq (cond on sampled tp)] | Loss 2035838.834693 | MAPE 0.068032 | RMSE 108.081717 | Likelihood -2035836.431259 | KL fp 2.4034 | FP STD 0.3283 | ->nfe   52.00 | <-nfe   52.00
Epoch 0032 [Val seq (cond on sampled tp)] |  MAPE 0.026580 | RMSE 82.533093 |
Epoch 0032 [Test seq (cond on sampled tp)] | MAPE 0.044132 | RMSE 288.828565|
0.043316662311553955,0.043001048266887665,0.04607943445444107
242.77988841489733,301.0409025365158,322.6649045449474
0.043316662311553955,0.043001048266887665,0.04607943445444107
242.77988841489733,301.0409025365158,322.6649045449474
Epoch 0032 [Test seq (cond on sampled tp)] | Best Test MAPE 0.044132|Best Test RMSE 288.828565|
Experiment 07-15_08:46
Epoch 0033 [Train seq (cond on sampled tp)] | Loss 1995913.273885 | MAPE 0.077023 | RMSE 101.129460 | Likelihood -1995910.299340 | KL fp 2.9745 | FP STD 0.2893 | ->nfe   52.00 | <-nfe   52.00
Epoch 0033 [Val seq (cond on sampled tp)] |  MAPE 0.027791 | RMSE 92.425255 |
Epoch 0033 [Test seq (cond on sampled tp)] | MAPE 0.042621 | RMSE 288.365291|
0.04582509025931358,0.047511324286460876,0.03452703729271889
237.75280952598646,309.2474358220291,318.0956273276953
0.04582509025931358,0.047511324286460876,0.03452703729271889
237.75280952598646,309.2474358220291,318.0956273276953
Epoch 0033 [Test seq (cond on sampled tp)] | Best Test MAPE 0.042621|Best Test RMSE 288.365291|
Experiment 07-15_08:46
Epoch 0034 [Train seq (cond on sampled tp)] | Loss 1980216.680441 | MAPE 0.070614 | RMSE 101.496373 | Likelihood -1980213.711796 | KL fp 2.9686 | FP STD 0.2291 | ->nfe   52.00 | <-nfe   52.00
Epoch 0034 [Val seq (cond on sampled tp)] |  MAPE 0.026655 | RMSE 83.824806 |
Epoch 0034 [Test seq (cond on sampled tp)] | MAPE 0.042759 | RMSE 259.018140|
0.04310249164700508,0.04319861903786659,0.04197453334927559
195.2101932052986,275.07125497314325,306.7729718374811
Experiment 07-15_08:46
Epoch 0035 [Train seq (cond on sampled tp)] | Loss 1969230.034356 | MAPE 0.074149 | RMSE 95.301457 | Likelihood -1969226.966780 | KL fp 3.0676 | FP STD 0.2458 | ->nfe   52.00 | <-nfe   52.00
Epoch 0035 [Val seq (cond on sampled tp)] |  MAPE 0.026184 | RMSE 87.871841 |
Epoch 0035 [Test seq (cond on sampled tp)] | MAPE 0.044493 | RMSE 275.475554|
0.049489811062812805,0.0464596152305603,0.03752964735031128
220.7075005097244,282.6496423357015,323.0695189312975
Experiment 07-15_08:46
Epoch 0036 [Train seq (cond on sampled tp)] | Loss 1938210.329676 | MAPE 0.077188 | RMSE 93.758641 | Likelihood -1938207.290245 | KL fp 3.0394 | FP STD 0.2309 | ->nfe   52.00 | <-nfe   52.00
Epoch 0036 [Val seq (cond on sampled tp)] |  MAPE 0.025479 | RMSE 82.294254 |
Epoch 0036 [Test seq (cond on sampled tp)] | MAPE 0.045125 | RMSE 285.435315|
0.04910775646567345,0.046755626797676086,0.03951266035437584
240.4902057517104,284.9775621649887,330.83817560478116
Experiment 07-15_08:46
Epoch 0037 [Train seq (cond on sampled tp)] | Loss 1960593.947719 | MAPE 0.072217 | RMSE 99.455467 | Likelihood -1960590.986452 | KL fp 2.9613 | FP STD 0.1979 | ->nfe   52.00 | <-nfe   52.00
Epoch 0037 [Val seq (cond on sampled tp)] |  MAPE 0.027602 | RMSE 88.958152 |
Epoch 0037 [Test seq (cond on sampled tp)] | MAPE 0.045118 | RMSE 276.718901|
0.04614724963903427,0.04573705419898033,0.043468739837408066
247.32797051688271,277.9227776064783,304.90595373819775
Experiment 07-15_08:46
Epoch 0038 [Train seq (cond on sampled tp)] | Loss 1924630.932026 | MAPE 0.072516 | RMSE 90.044742 | Likelihood -1924627.676302 | KL fp 3.2557 | FP STD 0.2074 | ->nfe   52.00 | <-nfe   52.00
Epoch 0038 [Val seq (cond on sampled tp)] |  MAPE 0.027719 | RMSE 100.416754 |
Epoch 0038 [Test seq (cond on sampled tp)] | MAPE 0.044917 | RMSE 336.144770|
0.04631165415048599,0.04468802362680435,0.04375080391764641
274.1543104485136,367.43619769287835,366.8438019102953
Experiment 07-15_08:46
Epoch 0039 [Train seq (cond on sampled tp)] | Loss 2012560.873908 | MAPE 0.081539 | RMSE 105.678267 | Likelihood -2012558.059103 | KL fp 2.8148 | FP STD 0.2421 | ->nfe   52.00 | <-nfe   52.00
Epoch 0039 [Val seq (cond on sampled tp)] |  MAPE 0.027404 | RMSE 84.376178 |
Epoch 0039 [Test seq (cond on sampled tp)] | MAPE 0.044636 | RMSE 311.212607|
0.05101669579744339,0.043982237577438354,0.03890891373157501
268.6490217272343,322.36217985365465,342.62661893087056
Experiment 07-15_08:46
Epoch 0040 [Train seq (cond on sampled tp)] | Loss 1956347.205246 | MAPE 0.080203 | RMSE 95.104585 | Likelihood -1956344.075275 | KL fp 3.1300 | FP STD 0.2472 | ->nfe   52.00 | <-nfe   52.00
Epoch 0040 [Val seq (cond on sampled tp)] |  MAPE 0.028402 | RMSE 90.173211 |
Epoch 0040 [Test seq (cond on sampled tp)] | MAPE 0.049070 | RMSE 307.265689|
0.051946382969617844,0.050997380167245865,0.04426741600036621
277.64804609433145,337.43164817115183,306.71737295921145
Experiment 07-15_08:46
Epoch 0041 [Train seq (cond on sampled tp)] | Loss 1961225.013184 | MAPE 0.088683 | RMSE 95.815711 | Likelihood -1961221.780900 | KL fp 3.2323 | FP STD 0.2495 | ->nfe   52.00 | <-nfe   52.00
Epoch 0041 [Val seq (cond on sampled tp)] |  MAPE 0.028139 | RMSE 88.290893 |
Epoch 0041 [Test seq (cond on sampled tp)] | MAPE 0.045633 | RMSE 300.196438|
0.04587969556450844,0.04884486272931099,0.04217536747455597
239.8976018533741,333.77114867450723,326.9205632680514
Experiment 07-15_08:46
Epoch 0042 [Train seq (cond on sampled tp)] | Loss 1961729.256069 | MAPE 0.077459 | RMSE 97.506341 | Likelihood -1961726.231488 | KL fp 3.0246 | FP STD 0.2203 | ->nfe   52.00 | <-nfe   52.00
Epoch 0042 [Val seq (cond on sampled tp)] |  MAPE 0.026842 | RMSE 87.937111 |
Epoch 0042 [Test seq (cond on sampled tp)] | MAPE 0.043479 | RMSE 276.589780|
0.04177853465080261,0.04618176445364952,0.04247643053531647
215.92244882422486,296.44381845469474,317.40307329561256
Experiment 07-15_08:46
Epoch 0043 [Train seq (cond on sampled tp)] | Loss 1936127.515055 | MAPE 0.075194 | RMSE 92.505107 | Likelihood -1936124.331543 | KL fp 3.1835 | FP STD 0.2112 | ->nfe   52.00 | <-nfe   52.00
Epoch 0043 [Val seq (cond on sampled tp)] |  MAPE 0.025617 | RMSE 86.951478 |
Epoch 0043 [Test seq (cond on sampled tp)] | MAPE 0.049680 | RMSE 299.949725|
0.046073850244283676,0.04777562618255615,0.0551912859082222
290.9088533157766,302.49293638447165,306.4473853698217
Experiment 07-15_08:46
Epoch 0044 [Train seq (cond on sampled tp)] | Loss 1935426.768415 | MAPE 0.079112 | RMSE 93.897650 | Likelihood -1935423.539225 | KL fp 3.2292 | FP STD 0.2181 | ->nfe   52.00 | <-nfe   52.00
Epoch 0044 [Val seq (cond on sampled tp)] |  MAPE 0.027551 | RMSE 89.839802 |
Epoch 0044 [Test seq (cond on sampled tp)] | MAPE 0.046826 | RMSE 301.999414|
0.047706279903650284,0.049923766404390335,0.042847756296396255
266.7424875933716,313.89824684919796,325.3575076934602
Experiment 07-15_08:46
Epoch 0045 [Train seq (cond on sampled tp)] | Loss 1961245.679077 | MAPE 0.072579 | RMSE 97.633231 | Likelihood -1961242.347122 | KL fp 3.3320 | FP STD 0.1792 | ->nfe   52.00 | <-nfe   52.00
Epoch 0045 [Val seq (cond on sampled tp)] |  MAPE 0.039126 | RMSE 110.896740 |
Epoch 0045 [Test seq (cond on sampled tp)] | MAPE 0.055930 | RMSE 289.394437|
0.058197230100631714,0.05653160437941551,0.05305971950292587
285.9485175473026,277.4813056766167,304.75348644437196
Experiment 07-15_08:46
Epoch 0046 [Train seq (cond on sampled tp)] | Loss 1970362.864028 | MAPE 0.070681 | RMSE 98.278238 | Likelihood -1970359.788824 | KL fp 3.0752 | FP STD 0.2368 | ->nfe   52.00 | <-nfe   52.00
Epoch 0046 [Val seq (cond on sampled tp)] |  MAPE 0.037934 | RMSE 102.153865 |
Epoch 0046 [Test seq (cond on sampled tp)] | MAPE 0.055467 | RMSE 293.694410|
0.05741063132882118,0.059439629316329956,0.04955111816525459
284.2314335405217,312.1705888813038,284.68120876692933
Experiment 07-15_08:46
Epoch 0047 [Train seq (cond on sampled tp)] | Loss 1972012.216399 | MAPE 0.087535 | RMSE 100.474451 | Likelihood -1972009.150231 | KL fp 3.0662 | FP STD 0.2639 | ->nfe   52.00 | <-nfe   52.00
Epoch 0047 [Val seq (cond on sampled tp)] |  MAPE 0.027208 | RMSE 82.574091 |
Epoch 0047 [Test seq (cond on sampled tp)] | MAPE 0.046130 | RMSE 308.823952|
0.051537301391363144,0.04980571195483208,0.03704770654439926
290.1280697812606,327.70032041485706,308.64346593197143
Experiment 07-15_08:46
Epoch 0048 [Train seq (cond on sampled tp)] | Loss 1959747.364516 | MAPE 0.072556 | RMSE 100.276814 | Likelihood -1959744.591113 | KL fp 2.7734 | FP STD 0.2348 | ->nfe   52.00 | <-nfe   52.00
Epoch 0048 [Val seq (cond on sampled tp)] |  MAPE 0.028205 | RMSE 86.869225 |
Epoch 0048 [Test seq (cond on sampled tp)] | MAPE 0.049549 | RMSE 292.222712|
0.053677815943956375,0.0503605492413044,0.04460790380835533
270.4472857600904,296.9657229799426,309.25512829215944
Experiment 07-15_08:46
Epoch 0049 [Train seq (cond on sampled tp)] | Loss 1947477.577250 | MAPE 0.079156 | RMSE 92.943032 | Likelihood -1947474.440116 | KL fp 3.1371 | FP STD 0.2655 | ->nfe   52.00 | <-nfe   52.00
Epoch 0049 [Val seq (cond on sampled tp)] |  MAPE 0.030626 | RMSE 96.278486 |
Epoch 0049 [Test seq (cond on sampled tp)] | MAPE 0.049930 | RMSE 299.055936|
0.0578523688018322,0.05204686149954796,0.039889659732580185
260.4151433288779,338.67226967970083,298.0803949859836
Experiment 07-15_08:46
Epoch 0050 [Train seq (cond on sampled tp)] | Loss 1962252.299990 | MAPE 0.078828 | RMSE 98.093832 | Likelihood -1962249.467217 | KL fp 2.8328 | FP STD 0.2386 | ->nfe   52.00 | <-nfe   52.00
Epoch 0050 [Val seq (cond on sampled tp)] |  MAPE 0.028429 | RMSE 86.692465 |
Epoch 0050 [Test seq (cond on sampled tp)] | MAPE 0.042971 | RMSE 239.565358|
0.04419718682765961,0.04603896662592888,0.03867657482624054
194.24980896065253,256.56960252044667,267.87666238401584
Experiment 07-15_08:46
Epoch 0051 [Train seq (cond on sampled tp)] | Loss 1946193.390286 | MAPE 0.073300 | RMSE 93.035125 | Likelihood -1946190.396453 | KL fp 2.9938 | FP STD 0.2361 | ->nfe   52.00 | <-nfe   52.00
Epoch 0051 [Val seq (cond on sampled tp)] |  MAPE 0.029035 | RMSE 84.989177 |
Epoch 0051 [Test seq (cond on sampled tp)] | MAPE 0.043524 | RMSE 257.781868|
0.04700235277414322,0.04382586479187012,0.03974280133843422
227.01372308464084,271.9892863239286,274.34259489732904
Experiment 07-15_08:46
Epoch 0052 [Train seq (cond on sampled tp)] | Loss 1935824.636498 | MAPE 0.087912 | RMSE 92.331556 | Likelihood -1935821.623088 | KL fp 3.0134 | FP STD 0.3127 | ->nfe   52.00 | <-nfe   52.00
Epoch 0052 [Val seq (cond on sampled tp)] |  MAPE 0.030175 | RMSE 88.577156 |
Epoch 0052 [Test seq (cond on sampled tp)] | MAPE 0.045847 | RMSE 289.570206|
0.052470047026872635,0.047048863023519516,0.03802084922790527
252.6210338011267,321.74470663866407,294.3448763780338
Experiment 07-15_08:46
Epoch 0053 [Train seq (cond on sampled tp)] | Loss 1933937.154037 | MAPE 0.081695 | RMSE 91.796996 | Likelihood -1933934.051157 | KL fp 3.1029 | FP STD 0.2630 | ->nfe   52.00 | <-nfe   52.00
Epoch 0053 [Val seq (cond on sampled tp)] |  MAPE 0.029415 | RMSE 85.172817 |
Epoch 0053 [Test seq (cond on sampled tp)] | MAPE 0.060203 | RMSE 308.363501|
0.06513818353414536,0.06212468817830086,0.05334576591849327
287.12248311913856,328.47239943030223,309.4956204253947
Experiment 07-15_08:46
Epoch 0054 [Train seq (cond on sampled tp)] | Loss 1907965.237171 | MAPE 0.078892 | RMSE 86.847734 | Likelihood -1907961.885267 | KL fp 3.3519 | FP STD 0.2295 | ->nfe   52.00 | <-nfe   52.00
Epoch 0054 [Val seq (cond on sampled tp)] |  MAPE 0.027849 | RMSE 87.050595 |
Epoch 0054 [Test seq (cond on sampled tp)] | MAPE 0.056320 | RMSE 278.696846|
0.05474843457341194,0.059121567755937576,0.05509115755558014
247.7253866431537,292.16825471378644,296.19689661186527
Experiment 07-15_08:46
Epoch 0055 [Train seq (cond on sampled tp)] | Loss 1922918.830482 | MAPE 0.080183 | RMSE 90.779683 | Likelihood -1922915.573216 | KL fp 3.2573 | FP STD 0.2272 | ->nfe   52.00 | <-nfe   52.00
Epoch 0055 [Val seq (cond on sampled tp)] |  MAPE 0.028577 | RMSE 83.560592 |
Epoch 0055 [Test seq (cond on sampled tp)] | MAPE 0.044278 | RMSE 255.198137|
0.04845813289284706,0.039987169206142426,0.04438760504126549
219.435755475834,268.8619534259171,277.2967019953537
Experiment 07-15_08:46
Epoch 0056 [Train seq (cond on sampled tp)] | Loss 1913430.648079 | MAPE 0.075790 | RMSE 88.398695 | Likelihood -1913427.550241 | KL fp 3.0978 | FP STD 0.2554 | ->nfe   52.00 | <-nfe   52.00
Epoch 0056 [Val seq (cond on sampled tp)] |  MAPE 0.028729 | RMSE 87.214926 |
Epoch 0056 [Test seq (cond on sampled tp)] | MAPE 0.049652 | RMSE 295.707603|
0.05575861781835556,0.04597047343850136,0.047226276248693466
248.2735543961539,328.2185818932255,310.63067147739935
Experiment 07-15_08:46
Epoch 0057 [Train seq (cond on sampled tp)] | Loss 1937593.920836 | MAPE 0.088246 | RMSE 92.515024 | Likelihood -1937591.166139 | KL fp 2.7547 | FP STD 0.3007 | ->nfe   52.00 | <-nfe   52.00
Epoch 0057 [Val seq (cond on sampled tp)] |  MAPE 0.030510 | RMSE 88.468488 |
Epoch 0057 [Test seq (cond on sampled tp)] | MAPE 0.047808 | RMSE 314.369373|
0.05122118443250656,0.048929933458566666,0.043272219598293304
250.65329484918007,358.2993576431585,334.15546531517333
Experiment 07-15_08:46
Epoch 0058 [Train seq (cond on sampled tp)] | Loss 1963238.487830 | MAPE 0.087746 | RMSE 93.746344 | Likelihood -1963235.441508 | KL fp 3.0463 | FP STD 0.2880 | ->nfe   52.00 | <-nfe   52.00
Epoch 0058 [Val seq (cond on sampled tp)] |  MAPE 0.032396 | RMSE 102.316442 |
Epoch 0058 [Test seq (cond on sampled tp)] | MAPE 0.048035 | RMSE 296.749208|
0.05497273430228233,0.04963427409529686,0.0394989438354969
279.4773861603117,309.15276108665114,301.6174755588608
Experiment 07-15_08:46
Epoch 0059 [Train seq (cond on sampled tp)] | Loss 1935149.679635 | MAPE 0.098546 | RMSE 92.728016 | Likelihood -1935146.502569 | KL fp 3.1771 | FP STD 0.2781 | ->nfe   52.00 | <-nfe   52.00
Epoch 0059 [Val seq (cond on sampled tp)] |  MAPE 0.028743 | RMSE 85.299487 |
Epoch 0059 [Test seq (cond on sampled tp)] | MAPE 0.042963 | RMSE 259.937551|
0.04564707726240158,0.03997563198208809,0.043266694992780685
210.31377228441318,268.49757040334646,301.001310732196
Experiment 07-15_08:46
Epoch 0060 [Train seq (cond on sampled tp)] | Loss 1937815.600510 | MAPE 0.086422 | RMSE 91.900336 | Likelihood -1937812.120352 | KL fp 3.4802 | FP STD 0.2420 | ->nfe   52.00 | <-nfe   52.00
Epoch 0060 [Val seq (cond on sampled tp)] |  MAPE 0.027038 | RMSE 96.110380 |
Epoch 0060 [Test seq (cond on sampled tp)] | MAPE 0.045089 | RMSE 305.821043|
0.05083905905485153,0.04299211502075195,0.041434381157159805
283.40744741449544,315.0650726437318,318.9906077183151
Experiment 07-15_08:46
Epoch 0061 [Train seq (cond on sampled tp)] | Loss 1984301.277468 | MAPE 0.080197 | RMSE 101.338045 | Likelihood -1984298.091208 | KL fp 3.1863 | FP STD 0.2390 | ->nfe   52.00 | <-nfe   52.00
Epoch 0061 [Val seq (cond on sampled tp)] |  MAPE 0.030351 | RMSE 90.174998 |
Epoch 0061 [Test seq (cond on sampled tp)] | MAPE 0.068882 | RMSE 306.635774|
0.07357902079820633,0.06611654162406921,0.06695053726434708
273.27082777438943,330.47625434741906,316.16023923795353
Experiment 07-15_08:46
Epoch 0062 [Train seq (cond on sampled tp)] | Loss 1928803.611390 | MAPE 0.073307 | RMSE 90.892538 | Likelihood -1928800.294727 | KL fp 3.3167 | FP STD 0.2557 | ->nfe   52.00 | <-nfe   52.00
Epoch 0062 [Val seq (cond on sampled tp)] |  MAPE 0.029051 | RMSE 87.976301 |
Epoch 0062 [Test seq (cond on sampled tp)] | MAPE 0.051506 | RMSE 293.928174|
0.05386663228273392,0.053155649453401566,0.04749559238553047
266.87734191009923,300.0315087619965,314.8756699079813
Experiment 07-15_08:46
Epoch 0063 [Train seq (cond on sampled tp)] | Loss 1913336.505988 | MAPE 0.078945 | RMSE 90.618352 | Likelihood -1913333.509871 | KL fp 2.9961 | FP STD 0.2731 | ->nfe   52.00 | <-nfe   52.00
Epoch 0063 [Val seq (cond on sampled tp)] |  MAPE 0.028027 | RMSE 85.249576 |
Epoch 0063 [Test seq (cond on sampled tp)] | MAPE 0.043327 | RMSE 273.891354|
0.050240930169820786,0.04362240061163902,0.03611632436513901
248.1458429532923,293.1548492264796,280.3733699239284
Experiment 07-15_08:46
Epoch 0064 [Train seq (cond on sampled tp)] | Loss 1903795.811438 | MAPE 0.075685 | RMSE 87.106772 | Likelihood -1903792.543710 | KL fp 3.2677 | FP STD 0.2170 | ->nfe   52.00 | <-nfe   52.00
Epoch 0064 [Val seq (cond on sampled tp)] |  MAPE 0.028100 | RMSE 78.139642 |
Epoch 0064 [Test seq (cond on sampled tp)] | MAPE 0.044295 | RMSE 244.658739|
0.04861260950565338,0.04626726359128952,0.03800616040825844
212.50283086349697,243.1789866153118,278.29440065782853
Experiment 07-15_08:46
Epoch 0065 [Train seq (cond on sampled tp)] | Loss 1942435.741309 | MAPE 0.082175 | RMSE 89.664875 | Likelihood -1942432.364676 | KL fp 3.3766 | FP STD 0.2730 | ->nfe   52.00 | <-nfe   52.00
Epoch 0065 [Val seq (cond on sampled tp)] |  MAPE 0.030286 | RMSE 108.645738 |
Epoch 0065 [Test seq (cond on sampled tp)] | MAPE 0.045681 | RMSE 335.777606|
0.05021679773926735,0.046377476304769516,0.04044770076870918
318.3724847760874,348.1203208841736,340.84001241418235
Experiment 07-15_08:46
Epoch 0066 [Train seq (cond on sampled tp)] | Loss 1927209.246490 | MAPE 0.085481 | RMSE 93.572487 | Likelihood -1927206.447945 | KL fp 2.7985 | FP STD 0.2871 | ->nfe   52.00 | <-nfe   52.00
Epoch 0066 [Val seq (cond on sampled tp)] |  MAPE 0.028289 | RMSE 72.953177 |
Epoch 0066 [Test seq (cond on sampled tp)] | MAPE 0.042719 | RMSE 234.917163|
0.04575425013899803,0.04132438451051712,0.0410781130194664
209.99330346465814,242.13033196245777,252.627852841388
Experiment 07-15_08:46
Epoch 0067 [Train seq (cond on sampled tp)] | Loss 1896677.019364 | MAPE 0.081336 | RMSE 84.001275 | Likelihood -1896673.624520 | KL fp 3.3948 | FP STD 0.2169 | ->nfe   52.00 | <-nfe   52.00
Epoch 0067 [Val seq (cond on sampled tp)] |  MAPE 0.028731 | RMSE 77.699966 |
Epoch 0067 [Test seq (cond on sampled tp)] | MAPE 0.043660 | RMSE 248.696012|
0.04954485967755318,0.0452212318778038,0.03621494397521019
234.307256876521,260.1968605690699,251.5839198955291
Experiment 07-15_08:46
Epoch 0068 [Train seq (cond on sampled tp)] | Loss 1900675.516036 | MAPE 0.080243 | RMSE 86.656238 | Likelihood -1900672.096050 | KL fp 3.4200 | FP STD 0.2205 | ->nfe   52.00 | <-nfe   52.00
Epoch 0068 [Val seq (cond on sampled tp)] |  MAPE 0.033406 | RMSE 88.975327 |
Epoch 0068 [Test seq (cond on sampled tp)] | MAPE 0.044796 | RMSE 261.183302|
0.04882264882326126,0.04426771029829979,0.041298914700746536
228.74534660567414,289.0463576573834,265.7582018960092
Experiment 07-15_08:46
Epoch 0069 [Train seq (cond on sampled tp)] | Loss 1918494.076384 | MAPE 0.078678 | RMSE 90.293051 | Likelihood -1918491.172226 | KL fp 2.9042 | FP STD 0.2717 | ->nfe   52.00 | <-nfe   52.00
Epoch 0069 [Val seq (cond on sampled tp)] |  MAPE 0.030057 | RMSE 84.100099 |
Epoch 0069 [Test seq (cond on sampled tp)] | MAPE 0.047806 | RMSE 248.141825|
0.050954725593328476,0.04616273194551468,0.046300943940877914
211.3541071135122,272.84094210272036,260.2304267375358
Experiment 07-15_08:46
Epoch 0070 [Train seq (cond on sampled tp)] | Loss 1908527.463127 | MAPE 0.076797 | RMSE 85.030584 | Likelihood -1908524.316087 | KL fp 3.1470 | FP STD 0.3347 | ->nfe   52.00 | <-nfe   52.00
Epoch 0070 [Val seq (cond on sampled tp)] |  MAPE 0.029950 | RMSE 94.881726 |
Epoch 0070 [Test seq (cond on sampled tp)] | MAPE 0.046386 | RMSE 280.019412|
0.04994822293519974,0.04695824161171913,0.04225284978747368
248.31655074722667,310.657845345969,281.0838398058487
Experiment 07-15_08:46
Epoch 0071 [Train seq (cond on sampled tp)] | Loss 1939239.570277 | MAPE 0.072037 | RMSE 91.510319 | Likelihood -1939236.553638 | KL fp 3.0166 | FP STD 0.2948 | ->nfe   52.00 | <-nfe   52.00
Epoch 0071 [Val seq (cond on sampled tp)] |  MAPE 0.028986 | RMSE 97.336517 |
Epoch 0071 [Test seq (cond on sampled tp)] | MAPE 0.048600 | RMSE 297.563241|
0.05597781017422676,0.04947442561388016,0.04034699499607086
261.7185839551712,309.85848584474815,321.11265303238986
Experiment 07-15_08:46
Epoch 0072 [Train seq (cond on sampled tp)] | Loss 1916616.065458 | MAPE 0.073133 | RMSE 87.074848 | Likelihood -1916612.576681 | KL fp 3.4888 | FP STD 0.1855 | ->nfe   52.00 | <-nfe   52.00
Epoch 0072 [Val seq (cond on sampled tp)] |  MAPE 0.032554 | RMSE 84.614723 |
Epoch 0072 [Test seq (cond on sampled tp)] | MAPE 0.051645 | RMSE 296.594891|
0.05987527221441269,0.05223384127020836,0.04282550886273384
285.0020970317587,303.7711155212095,301.011458980385
Experiment 07-15_08:46
Epoch 0073 [Train seq (cond on sampled tp)] | Loss 1947068.693912 | MAPE 0.124644 | RMSE 91.335988 | Likelihood -1947064.627337 | KL fp 4.0666 | FP STD 0.1847 | ->nfe   52.00 | <-nfe   52.00
Epoch 0073 [Val seq (cond on sampled tp)] |  MAPE 0.030008 | RMSE 95.316547 |
Epoch 0073 [Test seq (cond on sampled tp)] | MAPE 0.050485 | RMSE 322.027485|
0.057798489928245544,0.04685850813984871,0.04679730907082558
281.52197960372473,342.1524468347406,342.4080282535735
Experiment 07-15_08:46
Epoch 0074 [Train seq (cond on sampled tp)] | Loss 1995619.431068 | MAPE 0.088186 | RMSE 105.435543 | Likelihood -1995616.253775 | KL fp 3.1773 | FP STD 0.1785 | ->nfe   52.00 | <-nfe   52.00
Epoch 0074 [Val seq (cond on sampled tp)] |  MAPE 0.029490 | RMSE 83.409089 |
Epoch 0074 [Test seq (cond on sampled tp)] | MAPE 0.047623 | RMSE 271.662462|
0.050758711993694305,0.04354286566376686,0.04856812208890915
233.90476160181092,268.5502746228348,312.5323483257373
Experiment 07-15_08:46
Epoch 0075 [Train seq (cond on sampled tp)] | Loss 1981178.451880 | MAPE 0.092497 | RMSE 94.859870 | Likelihood -1981174.385784 | KL fp 4.0661 | FP STD 0.2003 | ->nfe   52.00 | <-nfe   52.00
Epoch 0075 [Val seq (cond on sampled tp)] |  MAPE 0.029295 | RMSE 77.345530 |
Epoch 0075 [Test seq (cond on sampled tp)] | MAPE 0.044677 | RMSE 271.769904|
0.05049535632133484,0.04308437183499336,0.04045051336288452
223.9138541102359,268.53341563481445,322.86244168376106
Experiment 07-15_08:46
Epoch 0076 [Train seq (cond on sampled tp)] | Loss 1915399.090796 | MAPE 0.088810 | RMSE 88.805967 | Likelihood -1915395.490230 | KL fp 3.6006 | FP STD 0.2121 | ->nfe   52.00 | <-nfe   52.00
Epoch 0076 [Val seq (cond on sampled tp)] |  MAPE 0.031815 | RMSE 76.777447 |
Epoch 0076 [Test seq (cond on sampled tp)] | MAPE 0.063449 | RMSE 271.512961|
0.06338057667016983,0.06657981872558594,0.060388002544641495
222.45705343953472,298.37272202733277,293.7091061960797
Experiment 07-15_08:46
Epoch 0077 [Train seq (cond on sampled tp)] | Loss 1919236.963392 | MAPE 0.090010 | RMSE 87.391992 | Likelihood -1919233.067513 | KL fp 3.8959 | FP STD 0.2354 | ->nfe   52.00 | <-nfe   52.00
Epoch 0077 [Val seq (cond on sampled tp)] |  MAPE 0.030553 | RMSE 100.697092 |
Epoch 0077 [Test seq (cond on sampled tp)] | MAPE 0.052623 | RMSE 330.814197|
0.05751575157046318,0.051696766167879105,0.04865550994873047
299.46400034060855,339.7755348204164,353.2030555325081
Experiment 07-15_08:46
Epoch 0078 [Train seq (cond on sampled tp)] | Loss 1919743.597263 | MAPE 0.087821 | RMSE 91.870794 | Likelihood -1919739.983656 | KL fp 3.6136 | FP STD 0.2218 | ->nfe   52.00 | <-nfe   52.00
Epoch 0078 [Val seq (cond on sampled tp)] |  MAPE 0.030359 | RMSE 99.755482 |
Epoch 0078 [Test seq (cond on sampled tp)] | MAPE 0.046958 | RMSE 290.838564|
0.05464833229780197,0.04658035188913345,0.03964526206254959
294.3565546238099,290.50856538577307,287.6505719836135
Experiment 07-15_08:46
Epoch 0079 [Train seq (cond on sampled tp)] | Loss 1976391.192063 | MAPE 0.088950 | RMSE 95.479078 | Likelihood -1976386.866242 | KL fp 4.3258 | FP STD 0.2173 | ->nfe   52.00 | <-nfe   52.00
Epoch 0079 [Val seq (cond on sampled tp)] |  MAPE 0.031103 | RMSE 99.452373 |
Epoch 0079 [Test seq (cond on sampled tp)] | MAPE 0.061438 | RMSE 333.392863|
0.06417301297187805,0.0637107715010643,0.056430790573358536
284.83231086465594,377.11053999457505,338.23573741179393
Experiment 07-15_08:46
Epoch 0080 [Train seq (cond on sampled tp)] | Loss 1972952.518549 | MAPE 0.091086 | RMSE 101.581089 | Likelihood -1972949.145349 | KL fp 3.3732 | FP STD 0.2234 | ->nfe   52.00 | <-nfe   52.00
Epoch 0080 [Val seq (cond on sampled tp)] |  MAPE 0.029200 | RMSE 90.087181 |
Epoch 0080 [Test seq (cond on sampled tp)] | MAPE 0.051673 | RMSE 305.150107|
0.05332322046160698,0.049862246960401535,0.051832105964422226
252.19329299418334,335.09953045699723,328.15749839063557
Experiment 07-15_08:46
Epoch 0081 [Train seq (cond on sampled tp)] | Loss 1930065.236382 | MAPE 0.079713 | RMSE 88.277152 | Likelihood -1930061.302701 | KL fp 3.9337 | FP STD 0.2258 | ->nfe   52.00 | <-nfe   52.00
Epoch 0081 [Val seq (cond on sampled tp)] |  MAPE 0.028366 | RMSE 85.223941 |
Epoch 0081 [Test seq (cond on sampled tp)] | MAPE 0.042205 | RMSE 264.138870|
0.05030623823404312,0.041836127638816833,0.03447122871875763
229.43331172968323,282.4198033291929,280.563495487207
0.05030623823404312,0.041836127638816833,0.03447122871875763
229.43331172968323,282.4198033291929,280.563495487207
Epoch 0081 [Test seq (cond on sampled tp)] | Best Test MAPE 0.042205|Best Test RMSE 264.138870|
Experiment 07-15_08:46
Epoch 0082 [Train seq (cond on sampled tp)] | Loss 1911903.879380 | MAPE 0.091203 | RMSE 86.951668 | Likelihood -1911899.749229 | KL fp 4.1302 | FP STD 0.2250 | ->nfe   52.00 | <-nfe   52.00
Epoch 0082 [Val seq (cond on sampled tp)] |  MAPE 0.036632 | RMSE 101.517168 |
Epoch 0082 [Test seq (cond on sampled tp)] | MAPE 0.045604 | RMSE 318.291434|
0.05326566472649574,0.04465477913618088,0.038891058415174484
281.85038695201393,347.2646685166805,325.7592453599744
Experiment 07-15_08:46
Epoch 0083 [Train seq (cond on sampled tp)] | Loss 1964509.763060 | MAPE 0.089807 | RMSE 100.035294 | Likelihood -1964506.147232 | KL fp 3.6158 | FP STD 0.2107 | ->nfe   52.00 | <-nfe   52.00
Epoch 0083 [Val seq (cond on sampled tp)] |  MAPE 0.027246 | RMSE 89.838054 |
Epoch 0083 [Test seq (cond on sampled tp)] | MAPE 0.046376 | RMSE 287.632140|
0.05150873214006424,0.048032648861408234,0.03958803787827492
253.24163979290608,312.6171155543151,297.03766596174296
Experiment 07-15_08:46
Epoch 0084 [Train seq (cond on sampled tp)] | Loss 1916238.545569 | MAPE 0.070206 | RMSE 90.038610 | Likelihood -1916234.950792 | KL fp 3.5948 | FP STD 0.2411 | ->nfe   52.00 | <-nfe   52.00
Epoch 0084 [Val seq (cond on sampled tp)] |  MAPE 0.029572 | RMSE 88.223255 |
Epoch 0084 [Test seq (cond on sampled tp)] | MAPE 0.058350 | RMSE 283.364024|
0.06523337215185165,0.0542152002453804,0.055601801723241806
271.37235143801956,288.0400362796811,290.6796857152216
Experiment 07-15_08:46
Epoch 0085 [Train seq (cond on sampled tp)] | Loss 1879627.379796 | MAPE 0.076978 | RMSE 82.083042 | Likelihood -1879624.044515 | KL fp 3.3353 | FP STD 0.2910 | ->nfe   52.00 | <-nfe   52.00
Epoch 0085 [Val seq (cond on sampled tp)] |  MAPE 0.030153 | RMSE 79.244199 |
Epoch 0085 [Test seq (cond on sampled tp)] | MAPE 0.055149 | RMSE 272.894177|
0.05081871524453163,0.055762603878974915,0.058864526450634
230.6490841083051,293.103410718811,294.93003672481376
Experiment 07-15_08:46
Epoch 0086 [Train seq (cond on sampled tp)] | Loss 1900007.577315 | MAPE 0.080750 | RMSE 86.952387 | Likelihood -1900004.125023 | KL fp 3.4523 | FP STD 0.2465 | ->nfe   52.00 | <-nfe   52.00
Epoch 0086 [Val seq (cond on sampled tp)] |  MAPE 0.034234 | RMSE 77.980275 |
Epoch 0086 [Test seq (cond on sampled tp)] | MAPE 0.058953 | RMSE 289.510371|
0.06295333802700043,0.05505049601197243,0.058854129165410995
233.24567084674905,302.07104141658465,333.21439935497983
Experiment 07-15_08:46
Epoch 0087 [Train seq (cond on sampled tp)] | Loss 1942954.237709 | MAPE 0.080441 | RMSE 94.759212 | Likelihood -1942951.119939 | KL fp 3.1178 | FP STD 0.2783 | ->nfe   52.00 | <-nfe   52.00
Epoch 0087 [Val seq (cond on sampled tp)] |  MAPE 0.027410 | RMSE 88.708554 |
Epoch 0087 [Test seq (cond on sampled tp)] | MAPE 0.043240 | RMSE 272.217453|
0.049470655620098114,0.04518728703260422,0.035060957074165344
223.15129396891248,284.22960568878113,309.2714599465977
Experiment 07-15_08:46
Epoch 0088 [Train seq (cond on sampled tp)] | Loss 1947986.676390 | MAPE 0.074561 | RMSE 94.014428 | Likelihood -1947983.617852 | KL fp 3.0585 | FP STD 0.2727 | ->nfe   52.00 | <-nfe   52.00
Epoch 0088 [Val seq (cond on sampled tp)] |  MAPE 0.025063 | RMSE 85.276160 |
Epoch 0088 [Test seq (cond on sampled tp)] | MAPE 0.043104 | RMSE 252.613461|
0.049116916954517365,0.04010521620512009,0.04008926451206207
218.7448570824009,261.5943006355452,277.5012246594598
Experiment 07-15_08:46
Epoch 0089 [Train seq (cond on sampled tp)] | Loss 1934107.292835 | MAPE 0.076917 | RMSE 87.945734 | Likelihood -1934103.839329 | KL fp 3.4535 | FP STD 0.2486 | ->nfe   52.00 | <-nfe   52.00
Epoch 0089 [Val seq (cond on sampled tp)] |  MAPE 0.032998 | RMSE 87.979828 |
Epoch 0089 [Test seq (cond on sampled tp)] | MAPE 0.051079 | RMSE 271.570165|
0.06252223253250122,0.050802744925022125,0.039910536259412766
242.45104209406895,288.1612775426289,284.0981757025201
Experiment 07-15_08:46
Epoch 0090 [Train seq (cond on sampled tp)] | Loss 1910258.365428 | MAPE 0.078745 | RMSE 86.764325 | Likelihood -1910254.645483 | KL fp 3.7199 | FP STD 0.2109 | ->nfe   52.00 | <-nfe   52.00
Epoch 0090 [Val seq (cond on sampled tp)] |  MAPE 0.031913 | RMSE 84.270514 |
Epoch 0090 [Test seq (cond on sampled tp)] | MAPE 0.048050 | RMSE 276.204954|
0.0523681677877903,0.04544999822974205,0.04633065685629845
247.61247444343348,276.8957808228576,304.10660651324235
Experiment 07-15_08:46
Epoch 0091 [Train seq (cond on sampled tp)] | Loss 1919795.823688 | MAPE 0.073868 | RMSE 92.985011 | Likelihood -1919792.398217 | KL fp 3.4255 | FP STD 0.2154 | ->nfe   52.00 | <-nfe   52.00
Epoch 0091 [Val seq (cond on sampled tp)] |  MAPE 0.026083 | RMSE 80.136529 |
Epoch 0091 [Test seq (cond on sampled tp)] | MAPE 0.046182 | RMSE 258.566509|
0.05035421624779701,0.04638080671429634,0.04181032255291939
206.94148289733985,285.0023848584429,283.7556579832374
Experiment 07-15_08:46
Epoch 0092 [Train seq (cond on sampled tp)] | Loss 1912039.342942 | MAPE 0.066994 | RMSE 87.883312 | Likelihood -1912035.759213 | KL fp 3.5837 | FP STD 0.2447 | ->nfe   52.00 | <-nfe   52.00
Epoch 0092 [Val seq (cond on sampled tp)] |  MAPE 0.025957 | RMSE 85.860483 |
Epoch 0092 [Test seq (cond on sampled tp)] | MAPE 0.047850 | RMSE 283.990399|
0.05856027454137802,0.05024726688861847,0.03474154695868492
246.70213884865288,318.51253409402904,286.7565251001274
Experiment 07-15_08:46
Epoch 0093 [Train seq (cond on sampled tp)] | Loss 1926154.194278 | MAPE 0.072194 | RMSE 92.815223 | Likelihood -1926150.888412 | KL fp 3.3059 | FP STD 0.2752 | ->nfe   52.00 | <-nfe   52.00
Epoch 0093 [Val seq (cond on sampled tp)] |  MAPE 0.027979 | RMSE 77.916816 |
Epoch 0093 [Test seq (cond on sampled tp)] | MAPE 0.056666 | RMSE 259.913299|
0.062422286719083786,0.05386383831501007,0.053710851818323135
210.06109602327604,281.2527777640605,288.426022252674
Experiment 07-15_08:46
Epoch 0094 [Train seq (cond on sampled tp)] | Loss 1887659.379684 | MAPE 0.077078 | RMSE 84.164725 | Likelihood -1887655.797214 | KL fp 3.5825 | FP STD 0.2277 | ->nfe   52.00 | <-nfe   52.00
Epoch 0094 [Val seq (cond on sampled tp)] |  MAPE 0.027430 | RMSE 75.853828 |
Epoch 0094 [Test seq (cond on sampled tp)] | MAPE 0.055900 | RMSE 250.202006|
0.06241822615265846,0.055264148861169815,0.05001865327358246
187.61163343460342,260.0893476288485,302.90503617057936
Experiment 07-15_08:46
Epoch 0095 [Train seq (cond on sampled tp)] | Loss 1947344.879762 | MAPE 0.081105 | RMSE 91.829753 | Likelihood -1947340.917944 | KL fp 3.9618 | FP STD 0.1998 | ->nfe   52.00 | <-nfe   52.00
Epoch 0095 [Val seq (cond on sampled tp)] |  MAPE 0.029925 | RMSE 78.547411 |
Epoch 0095 [Test seq (cond on sampled tp)] | MAPE 0.052551 | RMSE 244.763457|
0.05781903117895126,0.05000995099544525,0.04982472211122513
200.3326042953318,256.32771687334167,277.6300511697176
Experiment 07-15_08:46
Epoch 0096 [Train seq (cond on sampled tp)] | Loss 1954466.430892 | MAPE 0.075575 | RMSE 95.611267 | Likelihood -1954463.036015 | KL fp 3.3949 | FP STD 0.1956 | ->nfe   52.00 | <-nfe   52.00
Epoch 0096 [Val seq (cond on sampled tp)] |  MAPE 0.032973 | RMSE 106.256916 |
Epoch 0096 [Test seq (cond on sampled tp)] | MAPE 0.050668 | RMSE 308.100330|
0.059473466128110886,0.054843563586473465,0.03768574073910713
271.1615207076771,336.3119831347078,316.82748657589667
Experiment 07-15_08:46
Epoch 0097 [Train seq (cond on sampled tp)] | Loss 1955106.558602 | MAPE 0.091765 | RMSE 94.773167 | Likelihood -1955102.442800 | KL fp 4.1158 | FP STD 0.2206 | ->nfe   52.00 | <-nfe   52.00
Epoch 0097 [Val seq (cond on sampled tp)] |  MAPE 0.033786 | RMSE 82.853218 |
Epoch 0097 [Test seq (cond on sampled tp)] | MAPE 0.048494 | RMSE 274.658762|
0.05090678110718727,0.04629949480295181,0.04827427119016647
223.52784886619833,284.29196589949566,316.15647085343676
Experiment 07-15_08:46
Epoch 0098 [Train seq (cond on sampled tp)] | Loss 1898775.727212 | MAPE 0.092886 | RMSE 87.312710 | Likelihood -1898771.928344 | KL fp 3.7989 | FP STD 0.2091 | ->nfe   52.00 | <-nfe   52.00
Epoch 0098 [Val seq (cond on sampled tp)] |  MAPE 0.028431 | RMSE 81.314124 |
Epoch 0098 [Test seq (cond on sampled tp)] | MAPE 0.044700 | RMSE 270.097903|
0.04619930312037468,0.044504497200250626,0.04339724779129028
219.92590193915314,282.48691894493095,307.88088707323163
Experiment 07-15_08:46
Epoch 0099 [Train seq (cond on sampled tp)] | Loss 1898135.144209 | MAPE 0.074439 | RMSE 84.309535 | Likelihood -1898131.047234 | KL fp 4.0970 | FP STD 0.2106 | ->nfe   52.00 | <-nfe   52.00
Epoch 0099 [Val seq (cond on sampled tp)] |  MAPE 0.028219 | RMSE 88.798606 |
Epoch 0099 [Test seq (cond on sampled tp)] | MAPE 0.046885 | RMSE 304.246477|
0.052769336849451065,0.04679796099662781,0.041088398545980453
270.1202423227478,309.2089200686164,333.4102671634453
Experiment 07-15_08:46
Epoch 0100 [Train seq (cond on sampled tp)] | Loss 1909519.199551 | MAPE 0.074241 | RMSE 90.505262 | Likelihood -1909515.737050 | KL fp 3.4625 | FP STD 0.2214 | ->nfe   52.00 | <-nfe   52.00
Epoch 0100 [Val seq (cond on sampled tp)] |  MAPE 0.025355 | RMSE 83.483096 |
Epoch 0100 [Test seq (cond on sampled tp)] | MAPE 0.049206 | RMSE 277.262880|
0.054507721215486526,0.04758177697658539,0.04552881047129631
246.08451768396566,284.54765363204103,301.1564688828716
