/data2/yuanjingyang/CG-ODE/run_models_covid.py
run_models_covid.py --rec-layers 4
Namespace(save='experiments/', load=None, dataset='Dec', datapath='data/', pred_length=14, condition_length=21, features='Confirmed,Deaths,Recovered,Mortality_Rate,Testing_Rate,Population,Mobility', split_interval=3, feature_out='Deaths', niters=100, lr=0.005, batch_size=8, random_seed=1991, dropout=0.2, l2=1e-05, optimizer='AdamW', clip=10, edge_lamda=0.5, z0_encoder='GTrans', rec_dims=64, ode_dims=20, rec_layers=4, gen_layers=1, encoder='base', graf_layer=1, cheb_K=2, heavyBall=False, actv_h=None, gamma_guess=-3.0, gamma_act='sigmoid', corr=-100, corrf=True, sign=1, augment_dim=0, solver='rk4', rtol=0.01, atol=0.01, alias='run', output_dim=1, feature_out_index=[1], num_atoms=50)
run
Experiment 07-15_05:14
Epoch 0001 [Train seq (cond on sampled tp)] | Loss 4402177.123216 | MAPE 0.063772 | RMSE 286.756074 | Likelihood -4402175.388771 | KL fp 1.7344 | FP STD 0.4508 | ->nfe   52.00 | <-nfe   52.00
Epoch 0001 [Val seq (cond on sampled tp)] |  MAPE 0.058874 | RMSE 307.866854 |
Best Val!
Epoch 0001 [Test seq (cond on sampled tp)] | MAPE 0.125312 | RMSE 908.801147|
0.13953278958797455,0.12972880899906158,0.10667356103658676
853.8436625050279,939.6152137976482,932.94456560934
0.13953278958797455,0.12972880899906158,0.10667356103658676
853.8436625050279,939.6152137976482,932.94456560934
Epoch 0001 [Test seq (cond on sampled tp)] | Best Test MAPE 0.125312|Best Test RMSE 908.801147|
Experiment 07-15_05:14
Epoch 0002 [Train seq (cond on sampled tp)] | Loss 4253588.184693 | MAPE 0.084579 | RMSE 279.319470 | Likelihood -4253585.097168 | KL fp 3.0875 | FP STD 0.9007 | ->nfe   52.00 | <-nfe   52.00
Epoch 0002 [Val seq (cond on sampled tp)] |  MAPE 0.063478 | RMSE 290.822809 |
Epoch 0002 [Test seq (cond on sampled tp)] | MAPE 0.111439 | RMSE 881.399561|
0.12034965306520462,0.1150709018111229,0.09889661520719528
823.7043234680755,914.1575698423112,906.3367889476847
0.12034965306520462,0.1150709018111229,0.09889661520719528
823.7043234680755,914.1575698423112,906.3367889476847
Epoch 0002 [Test seq (cond on sampled tp)] | Best Test MAPE 0.111439|Best Test RMSE 881.399561|
Experiment 07-15_05:14
Epoch 0003 [Train seq (cond on sampled tp)] | Loss 3987007.707502 | MAPE 0.183034 | RMSE 265.376143 | Likelihood -3987001.452619 | KL fp 6.2549 | FP STD 1.2238 | ->nfe   52.00 | <-nfe   52.00
Epoch 0003 [Val seq (cond on sampled tp)] |  MAPE 0.082899 | RMSE 262.055725 |
Epoch 0003 [Test seq (cond on sampled tp)] | MAPE 0.129064 | RMSE 828.796767|
0.14020028710365295,0.1312674731016159,0.11572379618883133
765.8228825910074,860.2297294909075,860.3376880620772
Experiment 07-15_05:14
Epoch 0004 [Train seq (cond on sampled tp)] | Loss 3722417.047912 | MAPE 0.380090 | RMSE 250.128038 | Likelihood -3722407.252529 | KL fp 9.7954 | FP STD 1.3550 | ->nfe   52.00 | <-nfe   52.00
Epoch 0004 [Val seq (cond on sampled tp)] |  MAPE 0.136031 | RMSE 229.978905 |
Epoch 0004 [Test seq (cond on sampled tp)] | MAPE 0.167264 | RMSE 759.011974|
0.18355704843997955,0.16420774161815643,0.1540273129940033
694.0862473425043,795.9874370867922,786.9622370228446
Experiment 07-15_05:14
Epoch 0005 [Train seq (cond on sampled tp)] | Loss 3653478.079785 | MAPE 0.617228 | RMSE 244.695794 | Likelihood -3653465.841233 | KL fp 12.2386 | FP STD 1.2102 | ->nfe   52.00 | <-nfe   52.00
Epoch 0005 [Val seq (cond on sampled tp)] |  MAPE 0.146558 | RMSE 220.434434 |
Epoch 0005 [Test seq (cond on sampled tp)] | MAPE 0.176862 | RMSE 734.987895|
0.1963772475719452,0.16954360902309418,0.1646660566329956
668.4043031728626,768.8687306686363,767.6906522161124
Experiment 07-15_05:14
Epoch 0006 [Train seq (cond on sampled tp)] | Loss 3571489.618467 | MAPE 0.603546 | RMSE 240.134619 | Likelihood -3571479.012007 | KL fp 10.6065 | FP STD 0.9385 | ->nfe   52.00 | <-nfe   52.00
Epoch 0006 [Val seq (cond on sampled tp)] |  MAPE 0.123743 | RMSE 223.455340 |
Epoch 0006 [Test seq (cond on sampled tp)] | MAPE 0.154088 | RMSE 747.377742|
0.17296180129051208,0.14874300360679626,0.14055904746055603
678.9679208180604,781.8235094955894,781.3417946072001
Experiment 07-15_05:14
Epoch 0007 [Train seq (cond on sampled tp)] | Loss 3526456.286356 | MAPE 0.504358 | RMSE 237.985040 | Likelihood -3526447.206579 | KL fp 9.0798 | FP STD 0.7616 | ->nfe   52.00 | <-nfe   52.00
Epoch 0007 [Val seq (cond on sampled tp)] |  MAPE 0.105524 | RMSE 229.891049 |
Epoch 0007 [Test seq (cond on sampled tp)] | MAPE 0.136245 | RMSE 763.720942|
0.14736048877239227,0.13607004284858704,0.1253054440021515
695.9102402609118,798.2256886369919,797.0268972876637
Experiment 07-15_05:14
Epoch 0008 [Train seq (cond on sampled tp)] | Loss 3485862.150939 | MAPE 0.426327 | RMSE 235.956856 | Likelihood -3485855.208280 | KL fp 6.9427 | FP STD 0.6855 | ->nfe   52.00 | <-nfe   52.00
Epoch 0008 [Val seq (cond on sampled tp)] |  MAPE 0.099051 | RMSE 219.152300 |
Epoch 0008 [Test seq (cond on sampled tp)] | MAPE 0.130975 | RMSE 744.538124|
0.1440265029668808,0.13139228522777557,0.11750661581754684
680.9245323455456,776.2913032489801,776.3985365133038
Experiment 07-15_05:14
Epoch 0009 [Train seq (cond on sampled tp)] | Loss 3362105.227453 | MAPE 0.432053 | RMSE 228.094240 | Likelihood -3362098.746767 | KL fp 6.4807 | FP STD 0.5348 | ->nfe   52.00 | <-nfe   52.00
Epoch 0009 [Val seq (cond on sampled tp)] |  MAPE 0.098136 | RMSE 206.439865 |
Epoch 0009 [Test seq (cond on sampled tp)] | MAPE 0.126311 | RMSE 710.799681|
0.14278700947761536,0.12399888783693314,0.1121470034122467
643.1282434320545,745.9213681749571,743.3494299452983
Experiment 07-15_05:14
Epoch 0010 [Train seq (cond on sampled tp)] | Loss 3171629.908880 | MAPE 0.416428 | RMSE 215.832038 | Likelihood -3171624.831294 | KL fp 5.0776 | FP STD 0.4358 | ->nfe   52.00 | <-nfe   52.00
Epoch 0010 [Val seq (cond on sampled tp)] |  MAPE 0.094732 | RMSE 183.407983 |
Epoch 0010 [Test seq (cond on sampled tp)] | MAPE 0.119156 | RMSE 667.975142|
0.13389842212200165,0.11781749129295349,0.10575255751609802
599.91707760323,701.6104243096735,702.3979240786522
Experiment 07-15_05:14
Epoch 0011 [Train seq (cond on sampled tp)] | Loss 2998438.470337 | MAPE 0.391554 | RMSE 203.262959 | Likelihood -2998433.965575 | KL fp 4.5048 | FP STD 0.4032 | ->nfe   52.00 | <-nfe   52.00
Epoch 0011 [Val seq (cond on sampled tp)] |  MAPE 0.077988 | RMSE 176.547571 |
Epoch 0011 [Test seq (cond on sampled tp)] | MAPE 0.100979 | RMSE 635.792723|
0.1071547195315361,0.1064419373869896,0.0893409252166748
564.6501959177912,673.2940479463634,669.4339259777622
0.1071547195315361,0.1064419373869896,0.0893409252166748
564.6501959177912,673.2940479463634,669.4339259777622
Epoch 0011 [Test seq (cond on sampled tp)] | Best Test MAPE 0.100979|Best Test RMSE 635.792723|
Experiment 07-15_05:14
Epoch 0012 [Train seq (cond on sampled tp)] | Loss 2800392.116298 | MAPE 0.318857 | RMSE 189.103332 | Likelihood -2800388.439076 | KL fp 3.6772 | FP STD 0.3304 | ->nfe   52.00 | <-nfe   52.00
Epoch 0012 [Val seq (cond on sampled tp)] |  MAPE 0.069967 | RMSE 152.737827 |
Epoch 0012 [Test seq (cond on sampled tp)] | MAPE 0.088405 | RMSE 579.961448|
0.09753374010324478,0.08877819776535034,0.07890456169843674
509.4758949155495,615.614504986684,614.7939441390099
0.09753374010324478,0.08877819776535034,0.07890456169843674
509.4758949155495,615.614504986684,614.7939441390099
Epoch 0012 [Test seq (cond on sampled tp)] | Best Test MAPE 0.088405|Best Test RMSE 579.961448|
Experiment 07-15_05:14
Epoch 0013 [Train seq (cond on sampled tp)] | Loss 2604365.150077 | MAPE 0.285236 | RMSE 172.660779 | Likelihood -2604361.771201 | KL fp 3.3789 | FP STD 0.2675 | ->nfe   52.00 | <-nfe   52.00
Epoch 0013 [Val seq (cond on sampled tp)] |  MAPE 0.073697 | RMSE 133.496423 |
Epoch 0013 [Test seq (cond on sampled tp)] | MAPE 0.081161 | RMSE 520.855784|
0.0823448896408081,0.08452651649713516,0.076612688601017
440.50129469162744,562.1933886573196,559.8726696758827
0.0823448896408081,0.08452651649713516,0.076612688601017
440.50129469162744,562.1933886573196,559.8726696758827
Epoch 0013 [Test seq (cond on sampled tp)] | Best Test MAPE 0.081161|Best Test RMSE 520.855784|
Experiment 07-15_05:14
Epoch 0014 [Train seq (cond on sampled tp)] | Loss 2446345.526564 | MAPE 0.302921 | RMSE 157.563837 | Likelihood -2446342.213238 | KL fp 3.3133 | FP STD 0.2493 | ->nfe   52.00 | <-nfe   52.00
Epoch 0014 [Val seq (cond on sampled tp)] |  MAPE 0.065932 | RMSE 133.096843 |
Epoch 0014 [Test seq (cond on sampled tp)] | MAPE 0.072298 | RMSE 493.351830|
0.07525891810655594,0.07323894649744034,0.06839638948440552
423.6418925519524,525.1628913965646,531.250705881884
0.07525891810655594,0.07323894649744034,0.06839638948440552
423.6418925519524,525.1628913965646,531.250705881884
Epoch 0014 [Test seq (cond on sampled tp)] | Best Test MAPE 0.072298|Best Test RMSE 493.351830|
Experiment 07-15_05:14
Epoch 0015 [Train seq (cond on sampled tp)] | Loss 2345756.901100 | MAPE 0.237522 | RMSE 147.865676 | Likelihood -2345753.597266 | KL fp 3.3038 | FP STD 0.2019 | ->nfe   52.00 | <-nfe   52.00
Epoch 0015 [Val seq (cond on sampled tp)] |  MAPE 0.050354 | RMSE 112.834611 |
Best Val!
Epoch 0015 [Test seq (cond on sampled tp)] | MAPE 0.057996 | RMSE 448.409854|
0.06404991447925568,0.05872983857989311,0.05120811238884926
373.5262289987144,477.6795964608495,494.02373741046085
0.06404991447925568,0.05872983857989311,0.05120811238884926
373.5262289987144,477.6795964608495,494.02373741046085
Epoch 0015 [Test seq (cond on sampled tp)] | Best Test MAPE 0.057996|Best Test RMSE 448.409854|
Experiment 07-15_05:14
Epoch 0016 [Train seq (cond on sampled tp)] | Loss 2254846.177905 | MAPE 0.148678 | RMSE 138.730651 | Likelihood -2254843.159254 | KL fp 3.0187 | FP STD 0.1912 | ->nfe   52.00 | <-nfe   52.00
Epoch 0016 [Val seq (cond on sampled tp)] |  MAPE 0.044795 | RMSE 108.950672 |
Best Val!
Epoch 0016 [Test seq (cond on sampled tp)] | MAPE 0.056346 | RMSE 425.088979|
0.06062899902462959,0.058955542743206024,0.049453720450401306
341.2252165908903,465.3862475138259,468.6554738024512
0.06062899902462959,0.058955542743206024,0.049453720450401306
341.2252165908903,465.3862475138259,468.6554738024512
Epoch 0016 [Test seq (cond on sampled tp)] | Best Test MAPE 0.056346|Best Test RMSE 425.088979|
Experiment 07-15_05:14
Epoch 0017 [Train seq (cond on sampled tp)] | Loss 2240161.387947 | MAPE 0.132564 | RMSE 133.436396 | Likelihood -2240158.725951 | KL fp 2.6620 | FP STD 0.2531 | ->nfe   52.00 | <-nfe   52.00
Epoch 0017 [Val seq (cond on sampled tp)] |  MAPE 0.045562 | RMSE 131.134533 |
Epoch 0017 [Test seq (cond on sampled tp)] | MAPE 0.057567 | RMSE 420.033528|
0.06058312579989433,0.058805305510759354,0.05331111699342728
350.41794242732493,461.41407989462135,448.2685613836866
Experiment 07-15_05:14
Epoch 0018 [Train seq (cond on sampled tp)] | Loss 2191203.203166 | MAPE 0.140078 | RMSE 128.975733 | Likelihood -2191200.763072 | KL fp 2.4401 | FP STD 0.2380 | ->nfe   52.00 | <-nfe   52.00
Epoch 0018 [Val seq (cond on sampled tp)] |  MAPE 0.039886 | RMSE 123.944741 |
Best Val!
Epoch 0018 [Test seq (cond on sampled tp)] | MAPE 0.050053 | RMSE 410.448604|
0.05409412086009979,0.04930564761161804,0.046759746968746185
349.8142029170628,454.0827464515691,427.448863900701
0.05409412086009979,0.04930564761161804,0.046759746968746185
349.8142029170628,454.0827464515691,427.448863900701
Epoch 0018 [Test seq (cond on sampled tp)] | Best Test MAPE 0.050053|Best Test RMSE 410.448604|
Experiment 07-15_05:14
Epoch 0019 [Train seq (cond on sampled tp)] | Loss 2121130.054441 | MAPE 0.173625 | RMSE 122.168218 | Likelihood -2121127.627350 | KL fp 2.4271 | FP STD 0.2496 | ->nfe   52.00 | <-nfe   52.00
Epoch 0019 [Val seq (cond on sampled tp)] |  MAPE 0.051528 | RMSE 96.338210 |
Epoch 0019 [Test seq (cond on sampled tp)] | MAPE 0.059086 | RMSE 335.669903|
0.06758978962898254,0.05783197656273842,0.05183698609471321
272.40054090897104,366.7685109507085,367.8406584378622
Experiment 07-15_05:14
Epoch 0020 [Train seq (cond on sampled tp)] | Loss 2134449.564612 | MAPE 0.198505 | RMSE 121.569438 | Likelihood -2134446.702130 | KL fp 2.8625 | FP STD 0.2028 | ->nfe   52.00 | <-nfe   52.00
Epoch 0020 [Val seq (cond on sampled tp)] |  MAPE 0.027387 | RMSE 101.670313 |
Best Val!
Epoch 0020 [Test seq (cond on sampled tp)] | MAPE 0.057604 | RMSE 348.644017|
0.06596613675355911,0.059368934482336044,0.04747778922319412
295.07976940566425,362.0296409653497,388.8226419268816
Experiment 07-15_05:14
Epoch 0021 [Train seq (cond on sampled tp)] | Loss 2087670.426330 | MAPE 0.062156 | RMSE 117.462491 | Likelihood -2087667.738964 | KL fp 2.6874 | FP STD 0.1850 | ->nfe   52.00 | <-nfe   52.00
Epoch 0021 [Val seq (cond on sampled tp)] |  MAPE 0.032101 | RMSE 94.087082 |
Epoch 0021 [Test seq (cond on sampled tp)] | MAPE 0.057947 | RMSE 343.301682|
0.05316394567489624,0.06334090977907181,0.057336341589689255
295.7343877958733,365.5086567032305,368.6620022120533
Experiment 07-15_05:14
Epoch 0022 [Train seq (cond on sampled tp)] | Loss 2091881.168329 | MAPE 0.131629 | RMSE 114.579367 | Likelihood -2091878.188153 | KL fp 2.9802 | FP STD 0.1736 | ->nfe   52.00 | <-nfe   52.00
Epoch 0022 [Val seq (cond on sampled tp)] |  MAPE 0.034414 | RMSE 110.571805 |
Epoch 0022 [Test seq (cond on sampled tp)] | MAPE 0.052577 | RMSE 338.417668|
0.053491901606321335,0.05936780944466591,0.044872116297483444
262.3901853633249,377.214109459071,375.6487097342409
Experiment 07-15_05:14
Epoch 0023 [Train seq (cond on sampled tp)] | Loss 2051801.500055 | MAPE 0.130398 | RMSE 110.583541 | Likelihood -2051798.722345 | KL fp 2.7777 | FP STD 0.1773 | ->nfe   52.00 | <-nfe   52.00
Epoch 0023 [Val seq (cond on sampled tp)] |  MAPE 0.044722 | RMSE 123.321651 |
Epoch 0023 [Test seq (cond on sampled tp)] | MAPE 0.070538 | RMSE 388.814869|
0.07203037291765213,0.07290329784154892,0.06668002158403397
343.53442103739764,421.17354647460945,401.7366402570221
Experiment 07-15_05:14
Epoch 0024 [Train seq (cond on sampled tp)] | Loss 2075736.740741 | MAPE 0.157108 | RMSE 115.924276 | Likelihood -2075734.015971 | KL fp 2.7248 | FP STD 0.1631 | ->nfe   52.00 | <-nfe   52.00
Epoch 0024 [Val seq (cond on sampled tp)] |  MAPE 0.032320 | RMSE 93.248324 |
Epoch 0024 [Test seq (cond on sampled tp)] | MAPE 0.062958 | RMSE 351.013031|
0.06578995287418365,0.06066106632351875,0.06242198497056961
302.58605439196964,380.5757357281202,369.87730229090835
Experiment 07-15_05:14
Epoch 0025 [Train seq (cond on sampled tp)] | Loss 2077308.275585 | MAPE 0.069063 | RMSE 114.906319 | Likelihood -2077305.892532 | KL fp 2.3831 | FP STD 0.2266 | ->nfe   52.00 | <-nfe   52.00
Epoch 0025 [Val seq (cond on sampled tp)] |  MAPE 0.038522 | RMSE 99.875924 |
Epoch 0025 [Test seq (cond on sampled tp)] | MAPE 0.065545 | RMSE 334.912929|
0.07061956077814102,0.05887356027960777,0.06714208424091339
281.5137097016769,354.76192501098535,368.4631511426889
Experiment 07-15_05:14
Epoch 0026 [Train seq (cond on sampled tp)] | Loss 2048398.221139 | MAPE 0.117659 | RMSE 109.573474 | Likelihood -2048395.697249 | KL fp 2.5239 | FP STD 0.2132 | ->nfe   52.00 | <-nfe   52.00
Epoch 0026 [Val seq (cond on sampled tp)] |  MAPE 0.030143 | RMSE 116.391748 |
Epoch 0026 [Test seq (cond on sampled tp)] | MAPE 0.063916 | RMSE 340.070580|
0.06122581660747528,0.07128506153821945,0.05923629179596901
284.32105257525336,375.30083766226795,360.5898488067849
Experiment 07-15_05:14
Epoch 0027 [Train seq (cond on sampled tp)] | Loss 2041864.222931 | MAPE 0.066137 | RMSE 110.722958 | Likelihood -2041861.464410 | KL fp 2.7585 | FP STD 0.1646 | ->nfe   52.00 | <-nfe   52.00
Epoch 0027 [Val seq (cond on sampled tp)] |  MAPE 0.033850 | RMSE 84.535054 |
Epoch 0027 [Test seq (cond on sampled tp)] | MAPE 0.043858 | RMSE 284.698886|
0.04223664104938507,0.045767705887556076,0.04356967657804489
216.6991542150084,311.79906390173784,325.5984394157933
0.04223664104938507,0.045767705887556076,0.04356967657804489
216.6991542150084,311.79906390173784,325.5984394157933
Epoch 0027 [Test seq (cond on sampled tp)] | Best Test MAPE 0.043858|Best Test RMSE 284.698886|
Experiment 07-15_05:14
Epoch 0028 [Train seq (cond on sampled tp)] | Loss 1994484.070963 | MAPE 0.116293 | RMSE 101.085396 | Likelihood -1994481.213219 | KL fp 2.8577 | FP STD 0.1547 | ->nfe   52.00 | <-nfe   52.00
Epoch 0028 [Val seq (cond on sampled tp)] |  MAPE 0.039490 | RMSE 88.625163 |
Epoch 0028 [Test seq (cond on sampled tp)] | MAPE 0.047746 | RMSE 289.939105|
0.05167372524738312,0.046119775623083115,0.045444000512361526
232.53829489731365,323.7338799075562,313.5451397925026
Experiment 07-15_05:14
Epoch 0029 [Train seq (cond on sampled tp)] | Loss 2007603.488905 | MAPE 0.159287 | RMSE 104.358897 | Likelihood -2007600.704883 | KL fp 2.7840 | FP STD 0.1696 | ->nfe   52.00 | <-nfe   52.00
Epoch 0029 [Val seq (cond on sampled tp)] |  MAPE 0.029063 | RMSE 103.977748 |
Epoch 0029 [Test seq (cond on sampled tp)] | MAPE 0.059333 | RMSE 327.100220|
0.052750665694475174,0.06339919567108154,0.06185005232691765
282.1901508734846,354.1372990275099,344.9732100105746
Experiment 07-15_05:14
Epoch 0030 [Train seq (cond on sampled tp)] | Loss 2014769.564109 | MAPE 0.077574 | RMSE 106.688939 | Likelihood -2014767.123430 | KL fp 2.4407 | FP STD 0.2053 | ->nfe   52.00 | <-nfe   52.00
Epoch 0030 [Val seq (cond on sampled tp)] |  MAPE 0.034549 | RMSE 95.929504 |
Epoch 0030 [Test seq (cond on sampled tp)] | MAPE 0.066633 | RMSE 307.100658|
0.060254599899053574,0.06388115882873535,0.07576213032007217
252.94558456316253,332.0447188444653,336.3116695306602
Experiment 07-15_05:14
Epoch 0031 [Train seq (cond on sampled tp)] | Loss 2012687.474443 | MAPE 0.067037 | RMSE 106.402116 | Likelihood -2012685.261071 | KL fp 2.2134 | FP STD 0.2275 | ->nfe   52.00 | <-nfe   52.00
Epoch 0031 [Val seq (cond on sampled tp)] |  MAPE 0.036850 | RMSE 108.128301 |
Epoch 0031 [Test seq (cond on sampled tp)] | MAPE 0.069185 | RMSE 313.351050|
0.062340445816516876,0.07166463136672974,0.07355126738548279
251.6061142316498,355.81545866502205,332.6315764099975
Experiment 07-15_05:14
Epoch 0032 [Train seq (cond on sampled tp)] | Loss 1980903.236403 | MAPE 0.112656 | RMSE 99.965632 | Likelihood -1980900.728005 | KL fp 2.5084 | FP STD 0.2017 | ->nfe   52.00 | <-nfe   52.00
Epoch 0032 [Val seq (cond on sampled tp)] |  MAPE 0.037273 | RMSE 96.503476 |
Epoch 0032 [Test seq (cond on sampled tp)] | MAPE 0.060430 | RMSE 282.290749|
0.05581505596637726,0.05999481678009033,0.06547871977090836
248.1796460605704,300.2561146338239,298.43648560037025
Experiment 07-15_05:14
Epoch 0033 [Train seq (cond on sampled tp)] | Loss 1987558.828317 | MAPE 0.124749 | RMSE 100.337537 | Likelihood -1987556.133157 | KL fp 2.6952 | FP STD 0.1597 | ->nfe   52.00 | <-nfe   52.00
Epoch 0033 [Val seq (cond on sampled tp)] |  MAPE 0.033574 | RMSE 110.506111 |
Epoch 0033 [Test seq (cond on sampled tp)] | MAPE 0.063778 | RMSE 307.970364|
0.0636189803481102,0.06458518654108047,0.06312867999076843
274.147542392778,326.80002725290586,322.96352348214185
Experiment 07-15_05:14
Epoch 0034 [Train seq (cond on sampled tp)] | Loss 2017454.385114 | MAPE 0.088812 | RMSE 104.758373 | Likelihood -2017452.223850 | KL fp 2.1613 | FP STD 0.2412 | ->nfe   52.00 | <-nfe   52.00
Epoch 0034 [Val seq (cond on sampled tp)] |  MAPE 0.031958 | RMSE 94.329687 |
Epoch 0034 [Test seq (cond on sampled tp)] | MAPE 0.060404 | RMSE 295.218982|
0.05796768143773079,0.06654592603445053,0.05669800192117691
254.21455320752193,316.23038476718204,315.2120070286029
Experiment 07-15_05:14
Epoch 0035 [Train seq (cond on sampled tp)] | Loss 2019914.051326 | MAPE 0.066386 | RMSE 106.253065 | Likelihood -2019911.441411 | KL fp 2.6099 | FP STD 0.1714 | ->nfe   52.00 | <-nfe   52.00
Epoch 0035 [Val seq (cond on sampled tp)] |  MAPE 0.031935 | RMSE 85.823763 |
Epoch 0035 [Test seq (cond on sampled tp)] | MAPE 0.048819 | RMSE 297.227892|
0.04562345892190933,0.04794386774301529,0.052889738231897354
267.5380229986011,320.92736717207526,303.2182846152257
Experiment 07-15_05:14
Epoch 0036 [Train seq (cond on sampled tp)] | Loss 2009548.528082 | MAPE 0.117951 | RMSE 105.138856 | Likelihood -2009545.907239 | KL fp 2.6208 | FP STD 0.1638 | ->nfe   52.00 | <-nfe   52.00
Epoch 0036 [Val seq (cond on sampled tp)] |  MAPE 0.038423 | RMSE 101.769376 |
Epoch 0036 [Test seq (cond on sampled tp)] | MAPE 0.057199 | RMSE 318.848396|
0.05120053142309189,0.0645904690027237,0.055806372314691544
261.120886157159,363.3223431059532,332.10195864749124
Experiment 07-15_05:14
Epoch 0037 [Train seq (cond on sampled tp)] | Loss 2021765.163300 | MAPE 0.141257 | RMSE 107.557669 | Likelihood -2021762.682084 | KL fp 2.4812 | FP STD 0.1653 | ->nfe   52.00 | <-nfe   52.00
Epoch 0037 [Val seq (cond on sampled tp)] |  MAPE 0.034851 | RMSE 110.939564 |
Epoch 0037 [Test seq (cond on sampled tp)] | MAPE 0.060875 | RMSE 326.048407|
0.06364130228757858,0.06474914401769638,0.05423578992486
279.09594564414584,391.1822425353687,307.8670319715965
Experiment 07-15_05:14
Epoch 0038 [Train seq (cond on sampled tp)] | Loss 2025245.234636 | MAPE 0.093903 | RMSE 106.140700 | Likelihood -2025242.883748 | KL fp 2.3509 | FP STD 0.1857 | ->nfe   52.00 | <-nfe   52.00
Epoch 0038 [Val seq (cond on sampled tp)] |  MAPE 0.035668 | RMSE 107.388332 |
Epoch 0038 [Test seq (cond on sampled tp)] | MAPE 0.064704 | RMSE 318.047447|
0.07361035794019699,0.06804966926574707,0.052450940012931824
265.28491464367136,342.8754101346435,345.9820149769349
Experiment 07-15_05:14
Epoch 0039 [Train seq (cond on sampled tp)] | Loss 2010940.389473 | MAPE 0.112426 | RMSE 104.966085 | Likelihood -2010937.780430 | KL fp 2.6090 | FP STD 0.1588 | ->nfe   52.00 | <-nfe   52.00
Epoch 0039 [Val seq (cond on sampled tp)] |  MAPE 0.040929 | RMSE 92.462725 |
Epoch 0039 [Test seq (cond on sampled tp)] | MAPE 0.060013 | RMSE 292.581739|
0.05574440956115723,0.062265899032354355,0.06202871724963188
231.72635902881225,332.31136566479336,313.70749214036954
Experiment 07-15_05:14
Epoch 0040 [Train seq (cond on sampled tp)] | Loss 2019495.091471 | MAPE 0.106565 | RMSE 103.495462 | Likelihood -2019492.491088 | KL fp 2.6004 | FP STD 0.1729 | ->nfe   52.00 | <-nfe   52.00
Epoch 0040 [Val seq (cond on sampled tp)] |  MAPE 0.026988 | RMSE 100.788406 |
Best Val!
Epoch 0040 [Test seq (cond on sampled tp)] | MAPE 0.058923 | RMSE 310.051802|
0.060087401419878006,0.06137264147400856,0.055309638381004333
242.56709767608632,353.28519596425207,334.3031114310784
Experiment 07-15_05:14
Epoch 0041 [Train seq (cond on sampled tp)] | Loss 1999476.403150 | MAPE 0.063681 | RMSE 103.810281 | Likelihood -1999474.047143 | KL fp 2.3560 | FP STD 0.1809 | ->nfe   52.00 | <-nfe   52.00
Epoch 0041 [Val seq (cond on sampled tp)] |  MAPE 0.027860 | RMSE 103.135989 |
Epoch 0041 [Test seq (cond on sampled tp)] | MAPE 0.049475 | RMSE 326.908547|
0.05003088340163231,0.050553567707538605,0.04784192889928818
264.7705964604076,362.4044054988846,353.5506394952497
Experiment 07-15_05:14
Epoch 0042 [Train seq (cond on sampled tp)] | Loss 2011413.490872 | MAPE 0.091796 | RMSE 106.023766 | Likelihood -2011410.788993 | KL fp 2.7019 | FP STD 0.1429 | ->nfe   52.00 | <-nfe   52.00
Epoch 0042 [Val seq (cond on sampled tp)] |  MAPE 0.042987 | RMSE 98.991141 |
Epoch 0042 [Test seq (cond on sampled tp)] | MAPE 0.051956 | RMSE 319.266020|
0.05609281361103058,0.05493675172328949,0.04483892396092415
277.3208177138889,348.03715229124606,332.44009093744995
Experiment 07-15_05:14
Epoch 0043 [Train seq (cond on sampled tp)] | Loss 2030928.347580 | MAPE 0.137204 | RMSE 107.065895 | Likelihood -2030926.114612 | KL fp 2.2330 | FP STD 0.1931 | ->nfe   52.00 | <-nfe   52.00
Epoch 0043 [Val seq (cond on sampled tp)] |  MAPE 0.038345 | RMSE 95.384399 |
Epoch 0043 [Test seq (cond on sampled tp)] | MAPE 0.051327 | RMSE 286.266567|
0.058411311358213425,0.0567961111664772,0.03877377510070801
255.13437023458835,316.5797194230862,287.0856116866535
Experiment 07-15_05:14
Epoch 0044 [Train seq (cond on sampled tp)] | Loss 2014644.407626 | MAPE 0.137836 | RMSE 102.045621 | Likelihood -2014641.956088 | KL fp 2.4515 | FP STD 0.1815 | ->nfe   52.00 | <-nfe   52.00
Epoch 0044 [Val seq (cond on sampled tp)] |  MAPE 0.040793 | RMSE 93.559384 |
Epoch 0044 [Test seq (cond on sampled tp)] | MAPE 0.058024 | RMSE 281.615064|
0.06085992604494095,0.0636126771569252,0.04959963634610176
235.76891327897746,320.55980087574926,288.5164775407117
Experiment 07-15_05:14
Epoch 0045 [Train seq (cond on sampled tp)] | Loss 1999496.117115 | MAPE 0.129463 | RMSE 101.415704 | Likelihood -1999493.874757 | KL fp 2.2424 | FP STD 0.2359 | ->nfe   52.00 | <-nfe   52.00
Epoch 0045 [Val seq (cond on sampled tp)] |  MAPE 0.037230 | RMSE 89.796063 |
Epoch 0045 [Test seq (cond on sampled tp)] | MAPE 0.050128 | RMSE 312.952455|
0.055019695311784744,0.0495794303715229,0.045785680413246155
259.9874696499814,341.98633927395406,336.8835574052257
Experiment 07-15_05:14
Epoch 0046 [Train seq (cond on sampled tp)] | Loss 2006062.629480 | MAPE 0.114984 | RMSE 103.998453 | Likelihood -2006060.666044 | KL fp 1.9634 | FP STD 0.2989 | ->nfe   52.00 | <-nfe   52.00
Epoch 0046 [Val seq (cond on sampled tp)] |  MAPE 0.033118 | RMSE 100.474689 |
Epoch 0046 [Test seq (cond on sampled tp)] | MAPE 0.062405 | RMSE 313.828798|
0.06385426968336105,0.06252887099981308,0.060832299292087555
251.50543607445147,349.0772546120701,340.903704786997
Experiment 07-15_05:14
Epoch 0047 [Train seq (cond on sampled tp)] | Loss 1995142.380399 | MAPE 0.075798 | RMSE 102.509886 | Likelihood -1995139.940275 | KL fp 2.4401 | FP STD 0.2055 | ->nfe   52.00 | <-nfe   52.00
Epoch 0047 [Val seq (cond on sampled tp)] |  MAPE 0.032548 | RMSE 104.748000 |
Epoch 0047 [Test seq (cond on sampled tp)] | MAPE 0.063211 | RMSE 325.071048|
0.0727517306804657,0.06195491552352905,0.05492555350065231
277.9539783174546,359.4604680976755,337.7986988392643
Experiment 07-15_05:14
Epoch 0048 [Train seq (cond on sampled tp)] | Loss 2012275.003143 | MAPE 0.116342 | RMSE 106.140426 | Likelihood -2012272.963108 | KL fp 2.0400 | FP STD 0.2462 | ->nfe   52.00 | <-nfe   52.00
Epoch 0048 [Val seq (cond on sampled tp)] |  MAPE 0.042882 | RMSE 88.520605 |
Epoch 0048 [Test seq (cond on sampled tp)] | MAPE 0.052669 | RMSE 303.968992|
0.055200234055519104,0.051116980612277985,0.05168939381837845
249.21664771840585,346.09090433367356,316.59942405585645
Experiment 07-15_05:14
Epoch 0049 [Train seq (cond on sampled tp)] | Loss 2060456.125831 | MAPE 0.136904 | RMSE 109.661412 | Likelihood -2060453.517431 | KL fp 2.6084 | FP STD 0.1657 | ->nfe   52.00 | <-nfe   52.00
Epoch 0049 [Val seq (cond on sampled tp)] |  MAPE 0.033441 | RMSE 101.345354 |
Epoch 0049 [Test seq (cond on sampled tp)] | MAPE 0.056281 | RMSE 310.872468|
0.06540275365114212,0.05619329214096069,0.04724676534533501
297.196654696011,296.2724938717734,339.14825528446994
Experiment 07-15_05:14
Epoch 0050 [Train seq (cond on sampled tp)] | Loss 2034749.623141 | MAPE 0.050891 | RMSE 103.408045 | Likelihood -2034747.116265 | KL fp 2.5069 | FP STD 0.2018 | ->nfe   52.00 | <-nfe   52.00
Epoch 0050 [Val seq (cond on sampled tp)] |  MAPE 0.035096 | RMSE 105.314341 |
Epoch 0050 [Test seq (cond on sampled tp)] | MAPE 0.067222 | RMSE 324.104070|
0.06592024117708206,0.07415839284658432,0.06158801540732384
291.1079455073324,334.87217710642966,346.3320863889166
Experiment 07-15_05:14
Epoch 0051 [Train seq (cond on sampled tp)] | Loss 2028354.357046 | MAPE 0.071040 | RMSE 105.004908 | Likelihood -2028352.038234 | KL fp 2.3188 | FP STD 0.2529 | ->nfe   52.00 | <-nfe   52.00
Epoch 0051 [Val seq (cond on sampled tp)] |  MAPE 0.044148 | RMSE 88.539283 |
Epoch 0051 [Test seq (cond on sampled tp)] | MAPE 0.080337 | RMSE 299.299094|
0.06964373588562012,0.08602027595043182,0.08534608781337738
260.154851722969,323.74333969983076,313.9990918577632
Experiment 07-15_05:14
Epoch 0052 [Train seq (cond on sampled tp)] | Loss 2042956.103562 | MAPE 0.053671 | RMSE 111.231524 | Likelihood -2042953.837357 | KL fp 2.2662 | FP STD 0.2248 | ->nfe   52.00 | <-nfe   52.00
Epoch 0052 [Val seq (cond on sampled tp)] |  MAPE 0.029422 | RMSE 95.176532 |
Epoch 0052 [Test seq (cond on sampled tp)] | MAPE 0.057155 | RMSE 316.557137|
0.04457678645849228,0.06284238398075104,0.06404532492160797
263.9649449974371,331.11001759234045,354.59644756398785
Experiment 07-15_05:14
Epoch 0053 [Train seq (cond on sampled tp)] | Loss 2022146.040885 | MAPE 0.055431 | RMSE 106.864723 | Likelihood -2022143.986138 | KL fp 2.0547 | FP STD 0.2988 | ->nfe   52.00 | <-nfe   52.00
Epoch 0053 [Val seq (cond on sampled tp)] |  MAPE 0.031639 | RMSE 99.106551 |
Epoch 0053 [Test seq (cond on sampled tp)] | MAPE 0.048281 | RMSE 312.783322|
0.04960738867521286,0.05246679112315178,0.04276818782091141
271.48946802776715,352.79071566936113,314.06978225388065
Experiment 07-15_05:14
Epoch 0054 [Train seq (cond on sampled tp)] | Loss 2021934.685080 | MAPE 0.126839 | RMSE 105.826830 | Likelihood -2021932.379332 | KL fp 2.3057 | FP STD 0.2135 | ->nfe   52.00 | <-nfe   52.00
Epoch 0054 [Val seq (cond on sampled tp)] |  MAPE 0.040961 | RMSE 98.366874 |
Epoch 0054 [Test seq (cond on sampled tp)] | MAPE 0.052874 | RMSE 326.984199|
0.05388611555099487,0.05824298784136772,0.04649169743061066
294.2346932084998,356.229736265798,330.488168755706
Experiment 07-15_05:14
Epoch 0055 [Train seq (cond on sampled tp)] | Loss 2004135.604224 | MAPE 0.141629 | RMSE 101.158155 | Likelihood -2004133.247733 | KL fp 2.3565 | FP STD 0.1847 | ->nfe   52.00 | <-nfe   52.00
Epoch 0055 [Val seq (cond on sampled tp)] |  MAPE 0.031312 | RMSE 95.112069 |
Epoch 0055 [Test seq (cond on sampled tp)] | MAPE 0.048474 | RMSE 270.148088|
0.05731067433953285,0.05011022090911865,0.03800015524029732
243.79952221292396,290.9192059232254,275.72553438609924
Experiment 07-15_05:14
Epoch 0056 [Train seq (cond on sampled tp)] | Loss 1985140.581523 | MAPE 0.083184 | RMSE 97.919760 | Likelihood -1985137.698150 | KL fp 2.8834 | FP STD 0.1473 | ->nfe   52.00 | <-nfe   52.00
Epoch 0056 [Val seq (cond on sampled tp)] |  MAPE 0.037720 | RMSE 94.914425 |
Epoch 0056 [Test seq (cond on sampled tp)] | MAPE 0.069132 | RMSE 277.801494|
0.06982581317424774,0.06991349160671234,0.06765788048505783
248.1992489664302,303.3078958541963,281.8973383609714
Experiment 07-15_05:14
Epoch 0057 [Train seq (cond on sampled tp)] | Loss 1993444.608211 | MAPE 0.109680 | RMSE 99.700185 | Likelihood -1993441.940523 | KL fp 2.6677 | FP STD 0.1623 | ->nfe   52.00 | <-nfe   52.00
Epoch 0057 [Val seq (cond on sampled tp)] |  MAPE 0.031577 | RMSE 108.507209 |
Epoch 0057 [Test seq (cond on sampled tp)] | MAPE 0.064170 | RMSE 364.308964|
0.0687645897269249,0.06389240175485611,0.05985245481133461
348.412392593174,373.64655759152924,370.86794314149074
Experiment 07-15_05:14
Epoch 0058 [Train seq (cond on sampled tp)] | Loss 2034586.614874 | MAPE 0.105778 | RMSE 109.577339 | Likelihood -2034584.157892 | KL fp 2.4570 | FP STD 0.1851 | ->nfe   52.00 | <-nfe   52.00
Epoch 0058 [Val seq (cond on sampled tp)] |  MAPE 0.032103 | RMSE 97.835835 |
Epoch 0058 [Test seq (cond on sampled tp)] | MAPE 0.060903 | RMSE 292.445648|
0.05898435413837433,0.06194702908396721,0.06177779659628868
258.0483391004484,310.98753994332316,308.3010653160316
Experiment 07-15_05:14
Epoch 0059 [Train seq (cond on sampled tp)] | Loss 1990263.334283 | MAPE 0.086932 | RMSE 101.286365 | Likelihood -1990260.771019 | KL fp 2.5633 | FP STD 0.1710 | ->nfe   52.00 | <-nfe   52.00
Epoch 0059 [Val seq (cond on sampled tp)] |  MAPE 0.039413 | RMSE 102.551345 |
Epoch 0059 [Test seq (cond on sampled tp)] | MAPE 0.066516 | RMSE 293.005866|
0.06385371834039688,0.07060631364583969,0.06508927792310715
240.48197047803814,339.07629580228695,299.4593305024908
Experiment 07-15_05:14
Epoch 0060 [Train seq (cond on sampled tp)] | Loss 1970377.784451 | MAPE 0.115143 | RMSE 98.482737 | Likelihood -1970375.277280 | KL fp 2.5072 | FP STD 0.1926 | ->nfe   52.00 | <-nfe   52.00
Epoch 0060 [Val seq (cond on sampled tp)] |  MAPE 0.032889 | RMSE 95.515567 |
Epoch 0060 [Test seq (cond on sampled tp)] | MAPE 0.054275 | RMSE 267.815099|
0.0410849004983902,0.05771692097187042,0.064021997153759
230.28181613785748,279.0076443845222,294.1558366750522
Experiment 07-15_05:14
Epoch 0061 [Train seq (cond on sampled tp)] | Loss 1989672.481958 | MAPE 0.101357 | RMSE 98.511324 | Likelihood -1989670.039177 | KL fp 2.4428 | FP STD 0.2058 | ->nfe   52.00 | <-nfe   52.00
Epoch 0061 [Val seq (cond on sampled tp)] |  MAPE 0.031215 | RMSE 109.226372 |
Epoch 0061 [Test seq (cond on sampled tp)] | MAPE 0.060938 | RMSE 313.474451|
0.06039580702781677,0.06599642336368561,0.05642104521393776
283.09085058952365,344.555113969449,312.7773893882037
Experiment 07-15_05:14
Epoch 0062 [Train seq (cond on sampled tp)] | Loss 2019368.657355 | MAPE 0.102126 | RMSE 104.811791 | Likelihood -2019365.895556 | KL fp 2.7618 | FP STD 0.1733 | ->nfe   52.00 | <-nfe   52.00
Epoch 0062 [Val seq (cond on sampled tp)] |  MAPE 0.037002 | RMSE 89.228070 |
Epoch 0062 [Test seq (cond on sampled tp)] | MAPE 0.069157 | RMSE 281.647428|
0.06935051828622818,0.06898945569992065,0.06912998855113983
243.07124245013026,296.8504989889692,305.02054234100365
Experiment 07-15_05:14
Epoch 0063 [Train seq (cond on sampled tp)] | Loss 1972055.245001 | MAPE 0.095797 | RMSE 97.381494 | Likelihood -1972052.578297 | KL fp 2.6667 | FP STD 0.1437 | ->nfe   52.00 | <-nfe   52.00
Epoch 0063 [Val seq (cond on sampled tp)] |  MAPE 0.038956 | RMSE 101.273874 |
Epoch 0063 [Test seq (cond on sampled tp)] | MAPE 0.048849 | RMSE 307.519696|
0.057559408247470856,0.04516268149018288,0.04382370784878731
279.63109068020316,349.4119054747563,293.5160903809193
Experiment 07-15_05:14
Epoch 0064 [Train seq (cond on sampled tp)] | Loss 2049670.297405 | MAPE 0.212110 | RMSE 108.548406 | Likelihood -2049667.530401 | KL fp 2.7670 | FP STD 0.1695 | ->nfe   52.00 | <-nfe   52.00
Epoch 0064 [Val seq (cond on sampled tp)] |  MAPE 0.038725 | RMSE 100.575920 |
Epoch 0064 [Test seq (cond on sampled tp)] | MAPE 0.047105 | RMSE 333.305408|
0.05335491523146629,0.04764001816511154,0.04031994566321373
276.6542432577169,359.99307719038154,363.26890436011723
Experiment 07-15_05:14
Epoch 0065 [Train seq (cond on sampled tp)] | Loss 2023045.920242 | MAPE 0.096581 | RMSE 106.428598 | Likelihood -2023043.323257 | KL fp 2.5970 | FP STD 0.1540 | ->nfe   52.00 | <-nfe   52.00
Epoch 0065 [Val seq (cond on sampled tp)] |  MAPE 0.038761 | RMSE 91.310709 |
Epoch 0065 [Test seq (cond on sampled tp)] | MAPE 0.046965 | RMSE 280.083204|
0.05222655087709427,0.04515530541539192,0.04351238161325455
231.38076539278282,302.55575415946066,306.3130929906523
Experiment 07-15_05:14
Epoch 0066 [Train seq (cond on sampled tp)] | Loss 2009734.774204 | MAPE 0.137706 | RMSE 102.587746 | Likelihood -2009732.288736 | KL fp 2.4855 | FP STD 0.2248 | ->nfe   52.00 | <-nfe   52.00
Epoch 0066 [Val seq (cond on sampled tp)] |  MAPE 0.028349 | RMSE 106.444776 |
Epoch 0066 [Test seq (cond on sampled tp)] | MAPE 0.046928 | RMSE 315.719481|
0.05188339948654175,0.051289234310388565,0.03761059418320656
271.08369037531565,367.15502515967285,308.9197281455168
Experiment 07-15_05:14
Epoch 0067 [Train seq (cond on sampled tp)] | Loss 1986311.689789 | MAPE 0.083569 | RMSE 101.141659 | Likelihood -1986309.049359 | KL fp 2.6404 | FP STD 0.1760 | ->nfe   52.00 | <-nfe   52.00
Epoch 0067 [Val seq (cond on sampled tp)] |  MAPE 0.031110 | RMSE 94.387525 |
Epoch 0067 [Test seq (cond on sampled tp)] | MAPE 0.047540 | RMSE 252.120241|
0.04808807373046875,0.049938902258872986,0.04459356516599655
220.54198154773164,289.1063818043455,246.71235940108474
Experiment 07-15_05:14
Epoch 0068 [Train seq (cond on sampled tp)] | Loss 1978420.913308 | MAPE 0.101493 | RMSE 97.219543 | Likelihood -1978418.320558 | KL fp 2.5928 | FP STD 0.1836 | ->nfe   52.00 | <-nfe   52.00
Epoch 0068 [Val seq (cond on sampled tp)] |  MAPE 0.036460 | RMSE 96.261459 |
Epoch 0068 [Test seq (cond on sampled tp)] | MAPE 0.046946 | RMSE 289.142763|
0.048052966594696045,0.04914799705147743,0.04363691061735153
271.90930818013567,297.07444616206897,298.44453525739084
Experiment 07-15_05:14
Epoch 0069 [Train seq (cond on sampled tp)] | Loss 1987861.715737 | MAPE 0.139641 | RMSE 100.125255 | Likelihood -1987858.907453 | KL fp 2.8083 | FP STD 0.1589 | ->nfe   52.00 | <-nfe   52.00
Epoch 0069 [Val seq (cond on sampled tp)] |  MAPE 0.033849 | RMSE 102.243577 |
Epoch 0069 [Test seq (cond on sampled tp)] | MAPE 0.045761 | RMSE 290.582607|
0.05080990493297577,0.04662855342030525,0.03984478488564491
278.8383688402656,316.1192293858442,276.79022404160156
Experiment 07-15_05:14
Epoch 0070 [Train seq (cond on sampled tp)] | Loss 2007513.437482 | MAPE 0.101675 | RMSE 102.937817 | Likelihood -2007511.093374 | KL fp 2.3441 | FP STD 0.1994 | ->nfe   52.00 | <-nfe   52.00
Epoch 0070 [Val seq (cond on sampled tp)] |  MAPE 0.035685 | RMSE 100.769035 |
Epoch 0070 [Test seq (cond on sampled tp)] | MAPE 0.063038 | RMSE 301.759291|
0.053027037531137466,0.05535879358649254,0.08072871714830399
282.94625980475513,321.96713487171326,300.36447911246097
Experiment 07-15_05:14
Epoch 0071 [Train seq (cond on sampled tp)] | Loss 1995131.819749 | MAPE 0.122662 | RMSE 100.250154 | Likelihood -1995129.681732 | KL fp 2.1380 | FP STD 0.2652 | ->nfe   52.00 | <-nfe   52.00
Epoch 0071 [Val seq (cond on sampled tp)] |  MAPE 0.031932 | RMSE 104.128817 |
Epoch 0071 [Test seq (cond on sampled tp)] | MAPE 0.053305 | RMSE 311.948056|
0.054933078587055206,0.04917781427502632,0.05580313131213188
275.97043263273696,349.01328547420655,310.8604489960085
Experiment 07-15_05:14
Epoch 0072 [Train seq (cond on sampled tp)] | Loss 1981179.223950 | MAPE 0.097475 | RMSE 98.942294 | Likelihood -1981176.703263 | KL fp 2.5207 | FP STD 0.1872 | ->nfe   52.00 | <-nfe   52.00
Epoch 0072 [Val seq (cond on sampled tp)] |  MAPE 0.033936 | RMSE 96.831971 |
Epoch 0072 [Test seq (cond on sampled tp)] | MAPE 0.051343 | RMSE 285.338470|
0.0425553135573864,0.05137357488274574,0.06010105833411217
243.0461552745692,322.4421338589298,290.52712061441014
Experiment 07-15_05:14
Epoch 0073 [Train seq (cond on sampled tp)] | Loss 2014753.787778 | MAPE 0.089421 | RMSE 103.873807 | Likelihood -2014751.479984 | KL fp 2.3078 | FP STD 0.2515 | ->nfe   52.00 | <-nfe   52.00
Epoch 0073 [Val seq (cond on sampled tp)] |  MAPE 0.038768 | RMSE 104.802917 |
Epoch 0073 [Test seq (cond on sampled tp)] | MAPE 0.057009 | RMSE 329.074217|
0.05938506871461868,0.06145430728793144,0.05018861964344978
276.1048544031778,377.4332515491978,333.6845441431173
Experiment 07-15_05:14
Epoch 0074 [Train seq (cond on sampled tp)] | Loss 2014690.973166 | MAPE 0.065990 | RMSE 105.394971 | Likelihood -2014688.881172 | KL fp 2.0920 | FP STD 0.2831 | ->nfe   52.00 | <-nfe   52.00
Epoch 0074 [Val seq (cond on sampled tp)] |  MAPE 0.042212 | RMSE 94.041381 |
Epoch 0074 [Test seq (cond on sampled tp)] | MAPE 0.063819 | RMSE 280.362482|
0.06244506314396858,0.068267323076725,0.060745153576135635
236.27822252061233,299.1942956717257,305.6149282594029
Experiment 07-15_05:14
Epoch 0075 [Train seq (cond on sampled tp)] | Loss 1981893.828863 | MAPE 0.090272 | RMSE 99.680365 | Likelihood -1981891.734354 | KL fp 2.0945 | FP STD 0.2817 | ->nfe   52.00 | <-nfe   52.00
Epoch 0075 [Val seq (cond on sampled tp)] |  MAPE 0.033709 | RMSE 95.399515 |
Epoch 0075 [Test seq (cond on sampled tp)] | MAPE 0.052451 | RMSE 291.721593|
0.048507485538721085,0.049015648663043976,0.059829823672771454
251.03273410802424,333.2932267538601,290.83881919372453
Experiment 07-15_05:14
Epoch 0076 [Train seq (cond on sampled tp)] | Loss 1979210.320111 | MAPE 0.150578 | RMSE 100.307001 | Likelihood -1979207.686041 | KL fp 2.6341 | FP STD 0.1815 | ->nfe   52.00 | <-nfe   52.00
Epoch 0076 [Val seq (cond on sampled tp)] |  MAPE 0.035463 | RMSE 87.336396 |
Epoch 0076 [Test seq (cond on sampled tp)] | MAPE 0.044006 | RMSE 274.126631|
0.04832104593515396,0.047054070979356766,0.03664170205593109
240.9764316795317,313.18410120885767,268.21935985308744
Experiment 07-15_05:14
Epoch 0077 [Train seq (cond on sampled tp)] | Loss 2003882.046286 | MAPE 0.106661 | RMSE 101.931273 | Likelihood -2003879.265200 | KL fp 2.7811 | FP STD 0.1766 | ->nfe   52.00 | <-nfe   52.00
Epoch 0077 [Val seq (cond on sampled tp)] |  MAPE 0.034988 | RMSE 86.814730 |
Epoch 0077 [Test seq (cond on sampled tp)] | MAPE 0.046077 | RMSE 244.992870|
0.049553487449884415,0.04883677512407303,0.03984128683805466
193.38241340023657,276.64873655504016,264.9474594141261
Experiment 07-15_05:14
Epoch 0078 [Train seq (cond on sampled tp)] | Loss 1989611.468406 | MAPE 0.095784 | RMSE 100.304810 | Likelihood -1989609.331264 | KL fp 2.1371 | FP STD 0.2860 | ->nfe   52.00 | <-nfe   52.00
Epoch 0078 [Val seq (cond on sampled tp)] |  MAPE 0.037609 | RMSE 99.181661 |
Epoch 0078 [Test seq (cond on sampled tp)] | MAPE 0.050499 | RMSE 293.894312|
0.04487815871834755,0.04777541011571884,0.05884203687310219
240.2686972433155,340.91218398218035,300.5020538615335
Experiment 07-15_05:14
Epoch 0079 [Train seq (cond on sampled tp)] | Loss 2000926.894849 | MAPE 0.162117 | RMSE 103.114823 | Likelihood -2000924.449008 | KL fp 2.4458 | FP STD 0.1981 | ->nfe   52.00 | <-nfe   52.00
Epoch 0079 [Val seq (cond on sampled tp)] |  MAPE 0.037489 | RMSE 93.421638 |
Epoch 0079 [Test seq (cond on sampled tp)] | MAPE 0.047177 | RMSE 272.297814|
0.051857832819223404,0.05292826518416405,0.036745794117450714
220.3185371513255,326.5220010772628,270.0529028033211
Experiment 07-15_05:14
Epoch 0080 [Train seq (cond on sampled tp)] | Loss 1986650.053969 | MAPE 0.125275 | RMSE 100.385798 | Likelihood -1986647.372766 | KL fp 2.6812 | FP STD 0.1904 | ->nfe   52.00 | <-nfe   52.00
Epoch 0080 [Val seq (cond on sampled tp)] |  MAPE 0.040002 | RMSE 86.057768 |
Epoch 0080 [Test seq (cond on sampled tp)] | MAPE 0.047657 | RMSE 266.655525|
0.04916100949048996,0.05120226740837097,0.04260886460542679
239.205512778761,298.161200632309,262.5998619573133
Experiment 07-15_05:14
Epoch 0081 [Train seq (cond on sampled tp)] | Loss 1958485.327479 | MAPE 0.118652 | RMSE 95.569416 | Likelihood -1958482.709116 | KL fp 2.6184 | FP STD 0.1999 | ->nfe   52.00 | <-nfe   52.00
Epoch 0081 [Val seq (cond on sampled tp)] |  MAPE 0.031361 | RMSE 103.453341 |
Epoch 0081 [Test seq (cond on sampled tp)] | MAPE 0.046119 | RMSE 290.993468|
0.047418013215065,0.04739772528409958,0.04354064539074898
243.83082794480686,337.86221303957626,291.2873634832105
Experiment 07-15_05:14
Epoch 0082 [Train seq (cond on sampled tp)] | Loss 2009011.347346 | MAPE 0.093519 | RMSE 105.730584 | Likelihood -2009008.931578 | KL fp 2.4158 | FP STD 0.1979 | ->nfe   52.00 | <-nfe   52.00
Epoch 0082 [Val seq (cond on sampled tp)] |  MAPE 0.029277 | RMSE 107.544354 |
Epoch 0082 [Test seq (cond on sampled tp)] | MAPE 0.055769 | RMSE 304.936938|
0.051454704254865646,0.05982261523604393,0.056030724197626114
267.5960254049002,355.53547862695785,291.67931073783757
Experiment 07-15_05:14
Epoch 0083 [Train seq (cond on sampled tp)] | Loss 2008368.216836 | MAPE 0.089738 | RMSE 105.144708 | Likelihood -2008366.102997 | KL fp 2.1138 | FP STD 0.2478 | ->nfe   52.00 | <-nfe   52.00
Epoch 0083 [Val seq (cond on sampled tp)] |  MAPE 0.042274 | RMSE 99.848186 |
Epoch 0083 [Test seq (cond on sampled tp)] | MAPE 0.052202 | RMSE 281.156708|
0.05944519490003586,0.0483333021402359,0.048826802521944046
262.8570339795,291.2126987916221,289.4003903547817
Experiment 07-15_05:14
Epoch 0084 [Train seq (cond on sampled tp)] | Loss 2001354.215839 | MAPE 0.133290 | RMSE 100.119902 | Likelihood -2001351.577809 | KL fp 2.6380 | FP STD 0.2187 | ->nfe   52.00 | <-nfe   52.00
Epoch 0084 [Val seq (cond on sampled tp)] |  MAPE 0.031168 | RMSE 104.425376 |
Epoch 0084 [Test seq (cond on sampled tp)] | MAPE 0.056441 | RMSE 325.860751|
0.06189150735735893,0.057529449462890625,0.04990345239639282
316.2768886790497,353.5718522273797,307.73351143887464
Experiment 07-15_05:14
Epoch 0085 [Train seq (cond on sampled tp)] | Loss 1997885.536618 | MAPE 0.133007 | RMSE 101.324567 | Likelihood -1997882.819214 | KL fp 2.7174 | FP STD 0.1872 | ->nfe   52.00 | <-nfe   52.00
Epoch 0085 [Val seq (cond on sampled tp)] |  MAPE 0.041437 | RMSE 88.966234 |
Epoch 0085 [Test seq (cond on sampled tp)] | MAPE 0.048474 | RMSE 284.030068|
0.05142933130264282,0.04914182052016258,0.044852178543806076
263.61399040547906,302.5333788402529,285.9428346496901
Experiment 07-15_05:14
Epoch 0086 [Train seq (cond on sampled tp)] | Loss 1955655.378399 | MAPE 0.118203 | RMSE 97.260945 | Likelihood -1955652.893587 | KL fp 2.4848 | FP STD 0.2049 | ->nfe   52.00 | <-nfe   52.00
Epoch 0086 [Val seq (cond on sampled tp)] |  MAPE 0.034205 | RMSE 93.824668 |
Epoch 0086 [Test seq (cond on sampled tp)] | MAPE 0.055973 | RMSE 269.018101|
0.058166760951280594,0.04515908285975456,0.06459280848503113
252.3418285530562,287.9193951872642,266.79307876142514
Experiment 07-15_05:14
Epoch 0087 [Train seq (cond on sampled tp)] | Loss 1991121.733540 | MAPE 0.146711 | RMSE 98.936692 | Likelihood -1991119.378589 | KL fp 2.3550 | FP STD 0.3054 | ->nfe   52.00 | <-nfe   52.00
Epoch 0087 [Val seq (cond on sampled tp)] |  MAPE 0.031885 | RMSE 90.403150 |
Epoch 0087 [Test seq (cond on sampled tp)] | MAPE 0.047374 | RMSE 255.998200|
0.048473794013261795,0.04437687247991562,0.04927033185958862
229.9956096727718,279.2440688716593,258.7549214507813
Experiment 07-15_05:14
Epoch 0088 [Train seq (cond on sampled tp)] | Loss 1978405.161532 | MAPE 0.080215 | RMSE 99.744590 | Likelihood -1978402.637491 | KL fp 2.5240 | FP STD 0.2042 | ->nfe   52.00 | <-nfe   52.00
Epoch 0088 [Val seq (cond on sampled tp)] |  MAPE 0.036200 | RMSE 82.593313 |
Epoch 0088 [Test seq (cond on sampled tp)] | MAPE 0.072085 | RMSE 262.153331|
0.0744083821773529,0.07381191104650497,0.06803345680236816
247.20348399648415,266.9511747258288,272.30533471179
Experiment 07-15_05:14
Epoch 0089 [Train seq (cond on sampled tp)] | Loss 2028065.500641 | MAPE 0.169646 | RMSE 103.726061 | Likelihood -2028062.508633 | KL fp 2.9920 | FP STD 0.1754 | ->nfe   52.00 | <-nfe   52.00
Epoch 0089 [Val seq (cond on sampled tp)] |  MAPE 0.042343 | RMSE 86.726593 |
Epoch 0089 [Test seq (cond on sampled tp)] | MAPE 0.054106 | RMSE 256.741970|
0.05552961304783821,0.04946158453822136,0.05732651427388191
230.69195335717714,274.9185816973818,264.615375356384
Experiment 07-15_05:14
Epoch 0090 [Train seq (cond on sampled tp)] | Loss 1965457.657607 | MAPE 0.142272 | RMSE 96.943147 | Likelihood -1965454.741930 | KL fp 2.9157 | FP STD 0.1463 | ->nfe   52.00 | <-nfe   52.00
Epoch 0090 [Val seq (cond on sampled tp)] |  MAPE 0.055918 | RMSE 87.299774 |
Epoch 0090 [Test seq (cond on sampled tp)] | MAPE 0.058192 | RMSE 254.291944|
0.05901088938117027,0.06156425178050995,0.054001882672309875
234.5291992748451,268.8410020346599,259.505629755888
Experiment 07-15_05:14
Epoch 0091 [Train seq (cond on sampled tp)] | Loss 1979496.903576 | MAPE 0.197618 | RMSE 97.458071 | Likelihood -1979494.439657 | KL fp 2.4639 | FP STD 0.2465 | ->nfe   52.00 | <-nfe   52.00
Epoch 0091 [Val seq (cond on sampled tp)] |  MAPE 0.035778 | RMSE 88.277118 |
Epoch 0091 [Test seq (cond on sampled tp)] | MAPE 0.045977 | RMSE 261.978121|
0.05291961133480072,0.04776374623179436,0.03724893927574158
230.93192652273095,284.6786565585836,270.3237786664355
Experiment 07-15_05:14
Epoch 0092 [Train seq (cond on sampled tp)] | Loss 2013349.458220 | MAPE 0.080341 | RMSE 104.909498 | Likelihood -2013347.102784 | KL fp 2.3554 | FP STD 0.2147 | ->nfe   52.00 | <-nfe   52.00
Epoch 0092 [Val seq (cond on sampled tp)] |  MAPE 0.033983 | RMSE 98.450059 |
Epoch 0092 [Test seq (cond on sampled tp)] | MAPE 0.051039 | RMSE 304.728259|
0.056063439697027206,0.04884612560272217,0.04820651561021805
279.36416366008723,341.9242880375713,292.89632604814284
Experiment 07-15_05:14
Epoch 0093 [Train seq (cond on sampled tp)] | Loss 2014733.915275 | MAPE 0.112676 | RMSE 105.382639 | Likelihood -2014730.752577 | KL fp 3.1627 | FP STD 0.1516 | ->nfe   52.00 | <-nfe   52.00
Epoch 0093 [Val seq (cond on sampled tp)] |  MAPE 0.039375 | RMSE 86.763657 |
Epoch 0093 [Test seq (cond on sampled tp)] | MAPE 0.065431 | RMSE 246.017026|
0.06943757086992264,0.060851261019706726,0.0660049319267273
200.5387372959399,272.4783965060349,265.033945349459
Experiment 07-15_05:14
Epoch 0094 [Train seq (cond on sampled tp)] | Loss 1987733.966192 | MAPE 0.110569 | RMSE 99.634256 | Likelihood -1987730.921936 | KL fp 3.0443 | FP STD 0.1430 | ->nfe   52.00 | <-nfe   52.00
Epoch 0094 [Val seq (cond on sampled tp)] |  MAPE 0.036112 | RMSE 93.620077 |
Epoch 0094 [Test seq (cond on sampled tp)] | MAPE 0.052015 | RMSE 272.431181|
0.0579126812517643,0.05135798454284668,0.046774204820394516
243.91334270597005,297.40085007444077,275.97934988418973
Experiment 07-15_05:14
Epoch 0095 [Train seq (cond on sampled tp)] | Loss 1978271.417850 | MAPE 0.118623 | RMSE 99.930877 | Likelihood -1978268.410430 | KL fp 3.0074 | FP STD 0.1495 | ->nfe   52.00 | <-nfe   52.00
Epoch 0095 [Val seq (cond on sampled tp)] |  MAPE 0.045996 | RMSE 91.685780 |
Epoch 0095 [Test seq (cond on sampled tp)] | MAPE 0.075064 | RMSE 290.759538|
0.08487008512020111,0.07514683157205582,0.06517419964075089
266.0094130148405,317.09771512500686,289.17148621103706
Experiment 07-15_05:14
Epoch 0096 [Train seq (cond on sampled tp)] | Loss 1996850.776062 | MAPE 0.153395 | RMSE 100.757399 | Likelihood -1996848.065231 | KL fp 2.7108 | FP STD 0.1995 | ->nfe   52.00 | <-nfe   52.00
Epoch 0096 [Val seq (cond on sampled tp)] |  MAPE 0.033922 | RMSE 89.554963 |
Epoch 0096 [Test seq (cond on sampled tp)] | MAPE 0.060796 | RMSE 284.691648|
0.06718828529119492,0.061615318059921265,0.05358535051345825
265.6480284135382,300.01145811451937,288.4154582585684
Experiment 07-15_05:14
Epoch 0097 [Train seq (cond on sampled tp)] | Loss 1966833.602114 | MAPE 0.089944 | RMSE 97.880921 | Likelihood -1966830.620167 | KL fp 2.9819 | FP STD 0.1493 | ->nfe   52.00 | <-nfe   52.00
Epoch 0097 [Val seq (cond on sampled tp)] |  MAPE 0.032627 | RMSE 93.752667 |
Epoch 0097 [Test seq (cond on sampled tp)] | MAPE 0.060359 | RMSE 257.103954|
0.06350217014551163,0.060033854097127914,0.05754202604293823
222.79178550274244,301.1434329144503,247.37664223810623
Experiment 07-15_05:14
Epoch 0098 [Train seq (cond on sampled tp)] | Loss 1987087.520222 | MAPE 0.101251 | RMSE 99.894494 | Likelihood -1987084.476946 | KL fp 3.0433 | FP STD 0.1300 | ->nfe   52.00 | <-nfe   52.00
Epoch 0098 [Val seq (cond on sampled tp)] |  MAPE 0.031681 | RMSE 109.708251 |
Epoch 0098 [Test seq (cond on sampled tp)] | MAPE 0.055972 | RMSE 336.583602|
0.04805731773376465,0.0629122406244278,0.05694513022899628
279.14124728799936,392.046672923008,338.5628865144554
Experiment 07-15_05:14
Epoch 0099 [Train seq (cond on sampled tp)] | Loss 2015549.812918 | MAPE 0.110239 | RMSE 106.354849 | Likelihood -2015547.166991 | KL fp 2.6459 | FP STD 0.1693 | ->nfe   52.00 | <-nfe   52.00
Epoch 0099 [Val seq (cond on sampled tp)] |  MAPE 0.033238 | RMSE 92.452411 |
Epoch 0099 [Test seq (cond on sampled tp)] | MAPE 0.049041 | RMSE 291.953895|
0.04999833554029465,0.045176103711128235,0.051947154104709625
270.73296056723495,326.7245949381528,278.404129594013
Experiment 07-15_05:14
Epoch 0100 [Train seq (cond on sampled tp)] | Loss 1977064.319723 | MAPE 0.100179 | RMSE 97.778661 | Likelihood -1977061.483472 | KL fp 2.8363 | FP STD 0.1799 | ->nfe   52.00 | <-nfe   52.00
Epoch 0100 [Val seq (cond on sampled tp)] |  MAPE 0.029059 | RMSE 95.830406 |
Epoch 0100 [Test seq (cond on sampled tp)] | MAPE 0.048613 | RMSE 253.423267|
0.052829235792160034,0.045261118561029434,0.04774785041809082
236.04494242357745,254.2152677235378,270.0095918435121
