/data2/yuanjingyang/CG-ODE/run_models_covid.py
run_models_covid.py --rec-layers 1 --encoder Cheb
Namespace(save='experiments/', load=None, dataset='Dec', datapath='data/', pred_length=14, condition_length=21, features='Confirmed,Deaths,Recovered,Mortality_Rate,Testing_Rate,Population,Mobility', split_interval=3, feature_out='Deaths', niters=100, lr=0.005, batch_size=8, random_seed=1991, dropout=0.2, l2=1e-05, optimizer='AdamW', clip=10, edge_lamda=0.5, z0_encoder='GTrans', rec_dims=64, ode_dims=20, rec_layers=1, gen_layers=1, encoder='Cheb', graf_layer=1, cheb_K=2, heavyBall=False, actv_h=None, gamma_guess=-3.0, gamma_act='sigmoid', corr=-100, corrf=True, sign=1, augment_dim=0, solver='rk4', rtol=0.01, atol=0.01, alias='run', output_dim=1, feature_out_index=[1], num_atoms=50)
run
Experiment 07-15_06:28
Epoch 0001 [Train seq (cond on sampled tp)] | Loss 4421441.615545 | MAPE 0.064850 | RMSE 287.704364 | Likelihood -4421440.129550 | KL fp 1.4860 | FP STD 0.3286 | ->nfe   52.00 | <-nfe   52.00
Epoch 0001 [Val seq (cond on sampled tp)] |  MAPE 0.059982 | RMSE 310.049593 |
Best Val!
Epoch 0001 [Test seq (cond on sampled tp)] | MAPE 0.129068 | RMSE 912.774844|
0.14386296272277832,0.13318610191345215,0.11015520989894867
858.3053433947618,943.9299828377102,936.0892051508766
0.14386296272277832,0.13318610191345215,0.11015520989894867
858.3053433947618,943.9299828377102,936.0892051508766
Epoch 0001 [Test seq (cond on sampled tp)] | Best Test MAPE 0.129068|Best Test RMSE 912.774844|
Experiment 07-15_06:28
Epoch 0002 [Train seq (cond on sampled tp)] | Loss 4299693.689354 | MAPE 0.070132 | RMSE 281.645184 | Likelihood -4299691.725116 | KL fp 1.9642 | FP STD 0.6896 | ->nfe   52.00 | <-nfe   52.00
Epoch 0002 [Val seq (cond on sampled tp)] |  MAPE 0.060716 | RMSE 296.043520 |
Epoch 0002 [Test seq (cond on sampled tp)] | MAPE 0.113328 | RMSE 889.884005|
0.12312355637550354,0.11613628268241882,0.10072451084852219
833.7504872562295,921.1408347804368,914.7606927497486
0.12312355637550354,0.11613628268241882,0.10072451084852219
833.7504872562295,921.1408347804368,914.7606927497486
Epoch 0002 [Test seq (cond on sampled tp)] | Best Test MAPE 0.113328|Best Test RMSE 889.884005|
Experiment 07-15_06:28
Epoch 0003 [Train seq (cond on sampled tp)] | Loss 4052267.852265 | MAPE 0.119626 | RMSE 268.899247 | Likelihood -4052263.964241 | KL fp 3.8880 | FP STD 1.1077 | ->nfe   52.00 | <-nfe   52.00
Epoch 0003 [Val seq (cond on sampled tp)] |  MAPE 0.057547 | RMSE 269.270600 |
Best Val!
Epoch 0003 [Test seq (cond on sampled tp)] | MAPE 0.099598 | RMSE 843.904534|
0.10359905660152435,0.10702112317085266,0.08817246556282043
784.8025229317245,877.6442545245767,869.2668246861834
0.10359905660152435,0.10702112317085266,0.08817246556282043
784.8025229317245,877.6442545245767,869.2668246861834
Epoch 0003 [Test seq (cond on sampled tp)] | Best Test MAPE 0.099598|Best Test RMSE 843.904534|
Experiment 07-15_06:28
Epoch 0004 [Train seq (cond on sampled tp)] | Loss 3687225.926099 | MAPE 0.128562 | RMSE 248.669747 | Likelihood -3687220.716434 | KL fp 5.2097 | FP STD 1.0760 | ->nfe   52.00 | <-nfe   52.00
Epoch 0004 [Val seq (cond on sampled tp)] |  MAPE 0.033483 | RMSE 230.461926 |
Best Val!
Epoch 0004 [Test seq (cond on sampled tp)] | MAPE 0.078104 | RMSE 768.748740|
0.08666367083787918,0.07993392646312714,0.0677148625254631
702.5671676074822,802.7403456286472,800.9387070806355
0.08666367083787918,0.07993392646312714,0.0677148625254631
702.5671676074822,802.7403456286472,800.9387070806355
Epoch 0004 [Test seq (cond on sampled tp)] | Best Test MAPE 0.078104|Best Test RMSE 768.748740|
Experiment 07-15_06:28
Epoch 0005 [Train seq (cond on sampled tp)] | Loss 3266625.126499 | MAPE 0.049952 | RMSE 222.818542 | Likelihood -3266619.714643 | KL fp 5.4119 | FP STD 0.8581 | ->nfe   52.00 | <-nfe   52.00
Epoch 0005 [Val seq (cond on sampled tp)] |  MAPE 0.039584 | RMSE 190.584545 |
Epoch 0005 [Test seq (cond on sampled tp)] | MAPE 0.074507 | RMSE 679.678005|
0.08074510097503662,0.07694616913795471,0.06582947820425034
616.4258623305807,713.2594636596139,709.3486889393678
0.08074510097503662,0.07694616913795471,0.06582947820425034
616.4258623305807,713.2594636596139,709.3486889393678
Epoch 0005 [Test seq (cond on sampled tp)] | Best Test MAPE 0.074507|Best Test RMSE 679.678005|
Experiment 07-15_06:28
Epoch 0006 [Train seq (cond on sampled tp)] | Loss 2942392.895316 | MAPE 0.057395 | RMSE 199.615060 | Likelihood -2942387.165155 | KL fp 5.7302 | FP STD 0.6984 | ->nfe   52.00 | <-nfe   52.00
Epoch 0006 [Val seq (cond on sampled tp)] |  MAPE 0.043204 | RMSE 160.109935 |
Epoch 0006 [Test seq (cond on sampled tp)] | MAPE 0.067132 | RMSE 598.125770|
0.06478586047887802,0.07075925916433334,0.06584977358579636
525.1045729185759,634.098917756528,635.1738197139425
0.06478586047887802,0.07075925916433334,0.06584977358579636
525.1045729185759,634.098917756528,635.1738197139425
Epoch 0006 [Test seq (cond on sampled tp)] | Best Test MAPE 0.067132|Best Test RMSE 598.125770|
Experiment 07-15_06:28
Epoch 0007 [Train seq (cond on sampled tp)] | Loss 2679439.184164 | MAPE 0.059479 | RMSE 178.414449 | Likelihood -2679433.711586 | KL fp 5.4726 | FP STD 0.5312 | ->nfe   52.00 | <-nfe   52.00
Epoch 0007 [Val seq (cond on sampled tp)] |  MAPE 0.026367 | RMSE 140.461085 |
Best Val!
Epoch 0007 [Test seq (cond on sampled tp)] | MAPE 0.058221 | RMSE 531.316628|
0.06383579224348068,0.062070686370134354,0.04875754192471504
450.0597009008916,573.386731403858,570.5034509098083
0.06383579224348068,0.062070686370134354,0.04875754192471504
450.0597009008916,573.386731403858,570.5034509098083
Epoch 0007 [Test seq (cond on sampled tp)] | Best Test MAPE 0.058221|Best Test RMSE 531.316628|
Experiment 07-15_06:28
Epoch 0008 [Train seq (cond on sampled tp)] | Loss 2397000.880799 | MAPE 0.060053 | RMSE 153.148350 | Likelihood -2396996.466970 | KL fp 4.4138 | FP STD 0.4375 | ->nfe   52.00 | <-nfe   52.00
Epoch 0008 [Val seq (cond on sampled tp)] |  MAPE 0.026058 | RMSE 118.185228 |
Best Val!
Epoch 0008 [Test seq (cond on sampled tp)] | MAPE 0.048788 | RMSE 450.592095|
0.05343293026089668,0.05101839080452919,0.04191342368721962
379.87512339583384,477.52436128955765,494.37680151378464
0.05343293026089668,0.05101839080452919,0.04191342368721962
379.87512339583384,477.52436128955765,494.37680151378464
Epoch 0008 [Test seq (cond on sampled tp)] | Best Test MAPE 0.048788|Best Test RMSE 450.592095|
Experiment 07-15_06:28
Epoch 0009 [Train seq (cond on sampled tp)] | Loss 2308963.136811 | MAPE 0.035376 | RMSE 141.888183 | Likelihood -2308958.376231 | KL fp 4.7606 | FP STD 0.3987 | ->nfe   52.00 | <-nfe   52.00
Epoch 0009 [Val seq (cond on sampled tp)] |  MAPE 0.040189 | RMSE 106.530365 |
Epoch 0009 [Test seq (cond on sampled tp)] | MAPE 0.053483 | RMSE 423.413187|
0.05799127370119095,0.05208921432495117,0.05036946013569832
358.08538175273225,449.84710944386427,462.307071247023
Experiment 07-15_06:28
Epoch 0010 [Train seq (cond on sampled tp)] | Loss 2169679.960138 | MAPE 0.044306 | RMSE 127.463999 | Likelihood -2169675.572722 | KL fp 4.3874 | FP STD 0.3567 | ->nfe   52.00 | <-nfe   52.00
Epoch 0010 [Val seq (cond on sampled tp)] |  MAPE 0.054233 | RMSE 97.603421 |
Epoch 0010 [Test seq (cond on sampled tp)] | MAPE 0.075846 | RMSE 366.498571|
0.07618473470211029,0.07215237617492676,0.07920221984386444
290.76761285861943,389.425739069723,419.3023595807684
Experiment 07-15_06:28
Epoch 0011 [Train seq (cond on sampled tp)] | Loss 2131346.465801 | MAPE 0.076625 | RMSE 123.112100 | Likelihood -2131342.147450 | KL fp 4.3184 | FP STD 0.2946 | ->nfe   52.00 | <-nfe   52.00
Epoch 0011 [Val seq (cond on sampled tp)] |  MAPE 0.032134 | RMSE 93.318193 |
Epoch 0011 [Test seq (cond on sampled tp)] | MAPE 0.062022 | RMSE 358.803853|
0.06877973675727844,0.06360967457294464,0.05367710813879967
282.6482879613814,371.2873297730479,422.47594236240246
Experiment 07-15_06:28
Epoch 0012 [Train seq (cond on sampled tp)] | Loss 2131669.373853 | MAPE 0.046831 | RMSE 121.702774 | Likelihood -2131665.081329 | KL fp 4.2925 | FP STD 0.2824 | ->nfe   52.00 | <-nfe   52.00
Epoch 0012 [Val seq (cond on sampled tp)] |  MAPE 0.032235 | RMSE 97.321235 |
Epoch 0012 [Test seq (cond on sampled tp)] | MAPE 0.062647 | RMSE 370.624808|
0.06503403186798096,0.062305204570293427,0.06060030683875084
298.78464757246144,397.59167574912834,415.4981009282714
Experiment 07-15_06:28
Epoch 0013 [Train seq (cond on sampled tp)] | Loss 2113071.805470 | MAPE 0.034051 | RMSE 119.633425 | Likelihood -2113068.276228 | KL fp 3.5292 | FP STD 0.2853 | ->nfe   52.00 | <-nfe   52.00
Epoch 0013 [Val seq (cond on sampled tp)] |  MAPE 0.030385 | RMSE 97.462302 |
Epoch 0013 [Test seq (cond on sampled tp)] | MAPE 0.056421 | RMSE 334.242638|
0.051904693245887756,0.057133231312036514,0.06022438034415245
271.7940252976507,356.9104732807655,374.0234158779367
Experiment 07-15_06:28
Epoch 0014 [Train seq (cond on sampled tp)] | Loss 2081658.974326 | MAPE 0.086521 | RMSE 112.180573 | Likelihood -2081654.698297 | KL fp 4.2760 | FP STD 0.2828 | ->nfe   52.00 | <-nfe   52.00
Epoch 0014 [Val seq (cond on sampled tp)] |  MAPE 0.034152 | RMSE 121.945464 |
Epoch 0014 [Test seq (cond on sampled tp)] | MAPE 0.056974 | RMSE 392.485785|
0.06268310546875,0.06295003741979599,0.045287784188985825
364.4318351900668,408.09421782843236,404.9313020439393
Experiment 07-15_06:28
Epoch 0015 [Train seq (cond on sampled tp)] | Loss 2072346.957737 | MAPE 0.043907 | RMSE 113.993802 | Likelihood -2072343.348607 | KL fp 3.6091 | FP STD 0.2189 | ->nfe   52.00 | <-nfe   52.00
Epoch 0015 [Val seq (cond on sampled tp)] |  MAPE 0.036344 | RMSE 84.963337 |
Epoch 0015 [Test seq (cond on sampled tp)] | MAPE 0.050204 | RMSE 309.731582|
0.048681944608688354,0.05038075149059296,0.051549799740314484
242.46157878620687,343.28342198903226,343.44974386727966
Experiment 07-15_06:28
Epoch 0016 [Train seq (cond on sampled tp)] | Loss 2052801.143145 | MAPE 0.073822 | RMSE 109.199228 | Likelihood -2052797.075520 | KL fp 4.0676 | FP STD 0.2096 | ->nfe   52.00 | <-nfe   52.00
Epoch 0016 [Val seq (cond on sampled tp)] |  MAPE 0.033920 | RMSE 81.536011 |
Epoch 0016 [Test seq (cond on sampled tp)] | MAPE 0.054348 | RMSE 315.225728|
0.05579538270831108,0.055597007274627686,0.051652874797582626
255.97855287357572,341.6046806068383,348.0939505902106
Experiment 07-15_06:28
Epoch 0017 [Train seq (cond on sampled tp)] | Loss 2055877.071880 | MAPE 0.081484 | RMSE 111.214796 | Likelihood -2055873.227942 | KL fp 3.8439 | FP STD 0.2448 | ->nfe   52.00 | <-nfe   52.00
Epoch 0017 [Val seq (cond on sampled tp)] |  MAPE 0.040663 | RMSE 79.399987 |
Epoch 0017 [Test seq (cond on sampled tp)] | MAPE 0.056257 | RMSE 301.820517|
0.05613236129283905,0.05789172649383545,0.054747626185417175
250.2178738120041,312.55048342227855,342.6931936878817
Experiment 07-15_06:28
Epoch 0018 [Train seq (cond on sampled tp)] | Loss 2008329.749283 | MAPE 0.040139 | RMSE 105.065196 | Likelihood -2008326.204246 | KL fp 3.5450 | FP STD 0.2558 | ->nfe   52.00 | <-nfe   52.00
Epoch 0018 [Val seq (cond on sampled tp)] |  MAPE 0.036974 | RMSE 72.136098 |
Epoch 0018 [Test seq (cond on sampled tp)] | MAPE 0.052697 | RMSE 291.723977|
0.05511944741010666,0.05428861454129219,0.04868421331048012
226.73924140684161,296.7452611247566,351.68742780344024
Experiment 07-15_06:28
Epoch 0019 [Train seq (cond on sampled tp)] | Loss 2038643.845219 | MAPE 0.091577 | RMSE 107.653850 | Likelihood -2038640.129813 | KL fp 3.7154 | FP STD 0.2412 | ->nfe   52.00 | <-nfe   52.00
Epoch 0019 [Val seq (cond on sampled tp)] |  MAPE 0.030041 | RMSE 82.608839 |
Epoch 0019 [Test seq (cond on sampled tp)] | MAPE 0.054379 | RMSE 301.525883|
0.06356094777584076,0.056925103068351746,0.04265192896127701
258.8765240177255,309.2663824480443,336.4347424650136
Experiment 07-15_06:28
Epoch 0020 [Train seq (cond on sampled tp)] | Loss 2000548.476097 | MAPE 0.036500 | RMSE 101.775528 | Likelihood -2000544.806522 | KL fp 3.6696 | FP STD 0.2749 | ->nfe   52.00 | <-nfe   52.00
Epoch 0020 [Val seq (cond on sampled tp)] |  MAPE 0.024503 | RMSE 84.754324 |
Best Val!
Epoch 0020 [Test seq (cond on sampled tp)] | MAPE 0.047688 | RMSE 314.097136|
0.055933695286512375,0.04600675404071808,0.04112394154071808
274.63777280265,329.40787312236483,338.2457617066325
0.055933695286512375,0.04600675404071808,0.04112394154071808
274.63777280265,329.40787312236483,338.2457617066325
Epoch 0020 [Test seq (cond on sampled tp)] | Best Test MAPE 0.047688|Best Test RMSE 314.097136|
Experiment 07-15_06:28
Epoch 0021 [Train seq (cond on sampled tp)] | Loss 2081610.255934 | MAPE 0.039793 | RMSE 117.910347 | Likelihood -2081607.391608 | KL fp 2.8643 | FP STD 0.2896 | ->nfe   52.00 | <-nfe   52.00
Epoch 0021 [Val seq (cond on sampled tp)] |  MAPE 0.027066 | RMSE 87.003272 |
Epoch 0021 [Test seq (cond on sampled tp)] | MAPE 0.055542 | RMSE 308.714157|
0.0615985207259655,0.05492086336016655,0.050107549875974655
258.5076914958238,316.4688101732934,351.1659708207787
Experiment 07-15_06:28
Epoch 0022 [Train seq (cond on sampled tp)] | Loss 2014385.217096 | MAPE 0.032810 | RMSE 104.354207 | Likelihood -2014381.798056 | KL fp 3.4190 | FP STD 0.2817 | ->nfe   52.00 | <-nfe   52.00
Epoch 0022 [Val seq (cond on sampled tp)] |  MAPE 0.024966 | RMSE 89.147449 |
Epoch 0022 [Test seq (cond on sampled tp)] | MAPE 0.058419 | RMSE 318.693402|
0.06741977483034134,0.058356184512376785,0.04948124289512634
277.83378011861697,321.1092955482603,357.13713008800977
Experiment 07-15_06:28
Epoch 0023 [Train seq (cond on sampled tp)] | Loss 1982974.797088 | MAPE 0.041957 | RMSE 101.416021 | Likelihood -1982971.640286 | KL fp 3.1568 | FP STD 0.2977 | ->nfe   52.00 | <-nfe   52.00
Epoch 0023 [Val seq (cond on sampled tp)] |  MAPE 0.030753 | RMSE 75.365840 |
Epoch 0023 [Test seq (cond on sampled tp)] | MAPE 0.061204 | RMSE 294.129071|
0.06342584639787674,0.05885417014360428,0.06133271008729935
224.5398158595709,303.289594488502,354.5578011763385
Experiment 07-15_06:28
Epoch 0024 [Train seq (cond on sampled tp)] | Loss 1979397.694274 | MAPE 0.034088 | RMSE 100.216422 | Likelihood -1979394.270106 | KL fp 3.4242 | FP STD 0.2405 | ->nfe   52.00 | <-nfe   52.00
Epoch 0024 [Val seq (cond on sampled tp)] |  MAPE 0.025843 | RMSE 77.543593 |
Epoch 0024 [Test seq (cond on sampled tp)] | MAPE 0.055807 | RMSE 277.760886|
0.05633445456624031,0.054518330842256546,0.05656857416033745
220.37860710320774,277.8903504531958,335.01370074595457
Experiment 07-15_06:28
Epoch 0025 [Train seq (cond on sampled tp)] | Loss 1970200.798904 | MAPE 0.032420 | RMSE 97.236347 | Likelihood -1970197.281035 | KL fp 3.5179 | FP STD 0.2453 | ->nfe   52.00 | <-nfe   52.00
Epoch 0025 [Val seq (cond on sampled tp)] |  MAPE 0.026934 | RMSE 75.769751 |
Epoch 0025 [Test seq (cond on sampled tp)] | MAPE 0.060403 | RMSE 269.064811|
0.06288570165634155,0.05601239576935768,0.06231047585606575
226.8155913953007,264.1897548401527,316.1890875133106
Experiment 07-15_06:28
Epoch 0026 [Train seq (cond on sampled tp)] | Loss 1959623.783231 | MAPE 0.049607 | RMSE 97.164010 | Likelihood -1959620.326981 | KL fp 3.4562 | FP STD 0.2470 | ->nfe   52.00 | <-nfe   52.00
Epoch 0026 [Val seq (cond on sampled tp)] |  MAPE 0.029989 | RMSE 82.634928 |
Epoch 0026 [Test seq (cond on sampled tp)] | MAPE 0.060973 | RMSE 289.551874|
0.061115674674510956,0.059231024235486984,0.06257148832082748
227.38389894625345,296.28227672272266,344.98944730237764
Experiment 07-15_06:28
Epoch 0027 [Train seq (cond on sampled tp)] | Loss 1957323.468665 | MAPE 0.034737 | RMSE 98.439533 | Likelihood -1957320.058820 | KL fp 3.4098 | FP STD 0.2550 | ->nfe   52.00 | <-nfe   52.00
Epoch 0027 [Val seq (cond on sampled tp)] |  MAPE 0.024614 | RMSE 83.574808 |
Epoch 0027 [Test seq (cond on sampled tp)] | MAPE 0.054965 | RMSE 274.299615|
0.05840818211436272,0.054111480712890625,0.052376534789800644
219.5427421369242,281.94156641935575,321.4145371440128
Experiment 07-15_06:28
Epoch 0028 [Train seq (cond on sampled tp)] | Loss 1980519.853654 | MAPE 0.048040 | RMSE 99.729140 | Likelihood -1980516.463224 | KL fp 3.3904 | FP STD 0.2887 | ->nfe   52.00 | <-nfe   52.00
Epoch 0028 [Val seq (cond on sampled tp)] |  MAPE 0.029454 | RMSE 87.107768 |
Epoch 0028 [Test seq (cond on sampled tp)] | MAPE 0.051913 | RMSE 278.400377|
0.06324618309736252,0.05188562348484993,0.04060865193605423
239.73091197475972,282.964082305511,312.50613743973094
Experiment 07-15_06:28
Epoch 0029 [Train seq (cond on sampled tp)] | Loss 1989195.712020 | MAPE 0.049967 | RMSE 97.736182 | Likelihood -1989191.843471 | KL fp 3.8685 | FP STD 0.2111 | ->nfe   52.00 | <-nfe   52.00
Epoch 0029 [Val seq (cond on sampled tp)] |  MAPE 0.035163 | RMSE 94.039506 |
Epoch 0029 [Test seq (cond on sampled tp)] | MAPE 0.056721 | RMSE 245.251391|
0.06065962836146355,0.054302558302879333,0.05520177260041237
210.89208770423323,235.82925497062487,289.03282955833924
Experiment 07-15_06:28
Epoch 0030 [Train seq (cond on sampled tp)] | Loss 2007416.668316 | MAPE 0.055070 | RMSE 103.748947 | Likelihood -2007413.354964 | KL fp 3.3134 | FP STD 0.2152 | ->nfe   52.00 | <-nfe   52.00
Epoch 0030 [Val seq (cond on sampled tp)] |  MAPE 0.029483 | RMSE 88.408600 |
Epoch 0030 [Test seq (cond on sampled tp)] | MAPE 0.052102 | RMSE 288.853231|
0.05626974627375603,0.049824636429548264,0.050212256610393524
252.16818389469753,293.1339950645438,321.2575145035521
Experiment 07-15_06:28
Epoch 0031 [Train seq (cond on sampled tp)] | Loss 1970096.424954 | MAPE 0.053401 | RMSE 98.551931 | Likelihood -1970093.117841 | KL fp 3.3071 | FP STD 0.2721 | ->nfe   52.00 | <-nfe   52.00
Epoch 0031 [Val seq (cond on sampled tp)] |  MAPE 0.028390 | RMSE 82.616714 |
Epoch 0031 [Test seq (cond on sampled tp)] | MAPE 0.049265 | RMSE 262.129183|
0.0513187013566494,0.0523601658642292,0.044115133583545685
230.1387404235758,261.1220230802067,295.1267868433836
Experiment 07-15_06:28
Epoch 0032 [Train seq (cond on sampled tp)] | Loss 1938457.214708 | MAPE 0.058840 | RMSE 92.308564 | Likelihood -1938454.379703 | KL fp 2.8350 | FP STD 0.3325 | ->nfe   52.00 | <-nfe   52.00
Epoch 0032 [Val seq (cond on sampled tp)] |  MAPE 0.024654 | RMSE 81.744293 |
Epoch 0032 [Test seq (cond on sampled tp)] | MAPE 0.045518 | RMSE 246.806631|
0.0471498966217041,0.04966063052415848,0.03974460810422897
206.76644621710264,241.58450740631113,292.06893984982383
0.0471498966217041,0.04966063052415848,0.03974460810422897
206.76644621710264,241.58450740631113,292.06893984982383
Epoch 0032 [Test seq (cond on sampled tp)] | Best Test MAPE 0.045518|Best Test RMSE 246.806631|
Experiment 07-15_06:28
Epoch 0033 [Train seq (cond on sampled tp)] | Loss 1941583.650214 | MAPE 0.063225 | RMSE 91.899938 | Likelihood -1941580.546426 | KL fp 3.1038 | FP STD 0.2837 | ->nfe   52.00 | <-nfe   52.00
Epoch 0033 [Val seq (cond on sampled tp)] |  MAPE 0.028375 | RMSE 84.357854 |
Epoch 0033 [Test seq (cond on sampled tp)] | MAPE 0.054471 | RMSE 269.645765|
0.056966375559568405,0.056455083191394806,0.049990251660346985
244.18452455315426,258.1994898571645,306.5532809521046
Experiment 07-15_06:28
Epoch 0034 [Train seq (cond on sampled tp)] | Loss 1963496.798234 | MAPE 0.080713 | RMSE 97.207778 | Likelihood -1963493.472402 | KL fp 3.3258 | FP STD 0.2634 | ->nfe   52.00 | <-nfe   52.00
Epoch 0034 [Val seq (cond on sampled tp)] |  MAPE 0.032357 | RMSE 87.625053 |
Epoch 0034 [Test seq (cond on sampled tp)] | MAPE 0.054894 | RMSE 317.983931|
0.06134692579507828,0.05338405445218086,0.049950551241636276
286.7112141380243,339.34158445068294,327.89899359406394
Experiment 07-15_06:28
Epoch 0035 [Train seq (cond on sampled tp)] | Loss 2003121.725408 | MAPE 0.067612 | RMSE 105.003847 | Likelihood -2003118.736542 | KL fp 2.9889 | FP STD 0.2165 | ->nfe   52.00 | <-nfe   52.00
Epoch 0035 [Val seq (cond on sampled tp)] |  MAPE 0.029103 | RMSE 90.415504 |
Epoch 0035 [Test seq (cond on sampled tp)] | MAPE 0.051293 | RMSE 281.878569|
0.055464811623096466,0.05040508136153221,0.04800907149910927
264.4174463561359,269.80927870442116,311.40898299101775
Experiment 07-15_06:28
Epoch 0036 [Train seq (cond on sampled tp)] | Loss 1978701.518611 | MAPE 0.072689 | RMSE 95.944832 | Likelihood -1978698.010563 | KL fp 3.5080 | FP STD 0.1882 | ->nfe   52.00 | <-nfe   52.00
Epoch 0036 [Val seq (cond on sampled tp)] |  MAPE 0.032641 | RMSE 89.039709 |
Epoch 0036 [Test seq (cond on sampled tp)] | MAPE 0.046842 | RMSE 239.026405|
0.051872432231903076,0.04716896265745163,0.04148551821708679
203.84387216384505,231.59799829122014,281.637344381032
Experiment 07-15_06:28
Epoch 0037 [Train seq (cond on sampled tp)] | Loss 1947279.249104 | MAPE 0.078859 | RMSE 93.063885 | Likelihood -1947275.606035 | KL fp 3.6431 | FP STD 0.1802 | ->nfe   52.00 | <-nfe   52.00
Epoch 0037 [Val seq (cond on sampled tp)] |  MAPE 0.030493 | RMSE 78.736932 |
Epoch 0037 [Test seq (cond on sampled tp)] | MAPE 0.040845 | RMSE 259.864193|
0.04356055706739426,0.03727945312857628,0.04169479385018349
214.21371483870962,272.0647470042747,293.3141180969644
0.04356055706739426,0.03727945312857628,0.04169479385018349
214.21371483870962,272.0647470042747,293.3141180969644
Epoch 0037 [Test seq (cond on sampled tp)] | Best Test MAPE 0.040845|Best Test RMSE 259.864193|
Experiment 07-15_06:28
Epoch 0038 [Train seq (cond on sampled tp)] | Loss 1960027.305386 | MAPE 0.068853 | RMSE 95.912589 | Likelihood -1960023.956172 | KL fp 3.3492 | FP STD 0.2061 | ->nfe   52.00 | <-nfe   52.00
Epoch 0038 [Val seq (cond on sampled tp)] |  MAPE 0.030125 | RMSE 98.881143 |
Epoch 0038 [Test seq (cond on sampled tp)] | MAPE 0.050177 | RMSE 284.994736|
0.06139468029141426,0.04785337299108505,0.041282910853624344
284.4076217552898,267.52454618688733,303.0520401886448
Experiment 07-15_06:28
Epoch 0039 [Train seq (cond on sampled tp)] | Loss 1944223.654155 | MAPE 0.066299 | RMSE 92.585418 | Likelihood -1944220.296769 | KL fp 3.3574 | FP STD 0.2452 | ->nfe   52.00 | <-nfe   52.00
Epoch 0039 [Val seq (cond on sampled tp)] |  MAPE 0.040891 | RMSE 105.754710 |
Epoch 0039 [Test seq (cond on sampled tp)] | MAPE 0.057182 | RMSE 345.125110|
0.0634593516588211,0.05839327722787857,0.04969437047839165
307.02701173919536,366.8040391339768,361.5442789272152
Experiment 07-15_06:28
Epoch 0040 [Train seq (cond on sampled tp)] | Loss 2020507.251202 | MAPE 0.058874 | RMSE 106.707569 | Likelihood -2020504.410340 | KL fp 2.8409 | FP STD 0.2426 | ->nfe   52.00 | <-nfe   52.00
Epoch 0040 [Val seq (cond on sampled tp)] |  MAPE 0.041082 | RMSE 90.728594 |
Epoch 0040 [Test seq (cond on sampled tp)] | MAPE 0.059217 | RMSE 266.012486|
0.06773591786623001,0.056152522563934326,0.05376235023140907
244.33758505139974,252.4549310025455,301.2449429036113
Experiment 07-15_06:28
Epoch 0041 [Train seq (cond on sampled tp)] | Loss 1933457.622109 | MAPE 0.055128 | RMSE 89.213248 | Likelihood -1933454.167981 | KL fp 3.4541 | FP STD 0.2099 | ->nfe   52.00 | <-nfe   52.00
Epoch 0041 [Val seq (cond on sampled tp)] |  MAPE 0.029006 | RMSE 86.563984 |
Epoch 0041 [Test seq (cond on sampled tp)] | MAPE 0.047927 | RMSE 283.419517|
0.05478445068001747,0.047048237174749374,0.04194969683885574
242.2332537426478,289.1288234723408,318.8964736987538
Experiment 07-15_06:28
Epoch 0042 [Train seq (cond on sampled tp)] | Loss 2005228.275958 | MAPE 0.062498 | RMSE 103.214573 | Likelihood -2005224.667704 | KL fp 3.6083 | FP STD 0.1959 | ->nfe   52.00 | <-nfe   52.00
Epoch 0042 [Val seq (cond on sampled tp)] |  MAPE 0.033927 | RMSE 107.712676 |
Epoch 0042 [Test seq (cond on sampled tp)] | MAPE 0.057336 | RMSE 275.934996|
0.061409734189510345,0.051467351615428925,0.05912977084517479
254.6985120318727,250.71705759431288,322.3894190261213
Experiment 07-15_06:28
Epoch 0043 [Train seq (cond on sampled tp)] | Loss 1939850.497671 | MAPE 0.055068 | RMSE 92.973516 | Likelihood -1939847.365726 | KL fp 3.1319 | FP STD 0.2463 | ->nfe   52.00 | <-nfe   52.00
Epoch 0043 [Val seq (cond on sampled tp)] |  MAPE 0.027424 | RMSE 85.903630 |
Epoch 0043 [Test seq (cond on sampled tp)] | MAPE 0.047616 | RMSE 254.987730|
0.056933701038360596,0.04515399783849716,0.04076138511300087
228.8059443201815,237.02552110743264,299.131725269153
Experiment 07-15_06:28
Epoch 0044 [Train seq (cond on sampled tp)] | Loss 1929915.420535 | MAPE 0.055674 | RMSE 89.855553 | Likelihood -1929912.120493 | KL fp 3.3000 | FP STD 0.2766 | ->nfe   52.00 | <-nfe   52.00
Epoch 0044 [Val seq (cond on sampled tp)] |  MAPE 0.030392 | RMSE 92.443321 |
Epoch 0044 [Test seq (cond on sampled tp)] | MAPE 0.046300 | RMSE 287.432202|
0.05009901523590088,0.047912824898958206,0.04088716581463814
253.85932066303968,313.5030900964136,294.93419552079746
Experiment 07-15_06:28
Epoch 0045 [Train seq (cond on sampled tp)] | Loss 1928262.681050 | MAPE 0.057473 | RMSE 93.185378 | Likelihood -1928259.738368 | KL fp 2.9427 | FP STD 0.2541 | ->nfe   52.00 | <-nfe   52.00
Epoch 0045 [Val seq (cond on sampled tp)] |  MAPE 0.033249 | RMSE 77.562018 |
Epoch 0045 [Test seq (cond on sampled tp)] | MAPE 0.047260 | RMSE 248.757077|
0.053416598588228226,0.047494545578956604,0.04086850583553314
236.88067275529255,239.74307536923772,269.6474839953082
Experiment 07-15_06:28
Epoch 0046 [Train seq (cond on sampled tp)] | Loss 1916254.500262 | MAPE 0.054975 | RMSE 89.000563 | Likelihood -1916251.216956 | KL fp 3.2833 | FP STD 0.2066 | ->nfe   52.00 | <-nfe   52.00
Epoch 0046 [Val seq (cond on sampled tp)] |  MAPE 0.029045 | RMSE 82.431799 |
Epoch 0046 [Test seq (cond on sampled tp)] | MAPE 0.051263 | RMSE 255.430711|
0.05601740628480911,0.05065533518791199,0.04711734130978584
254.15270538841406,236.53771336459224,275.6017138689453
Experiment 07-15_06:28
Epoch 0047 [Train seq (cond on sampled tp)] | Loss 1939295.754860 | MAPE 0.066585 | RMSE 91.939737 | Likelihood -1939292.148507 | KL fp 3.6064 | FP STD 0.2064 | ->nfe   52.00 | <-nfe   52.00
Epoch 0047 [Val seq (cond on sampled tp)] |  MAPE 0.027251 | RMSE 83.040703 |
Epoch 0047 [Test seq (cond on sampled tp)] | MAPE 0.044931 | RMSE 261.086551|
0.05039336904883385,0.04173627868294716,0.04266349598765373
248.40639742416056,253.39587358518685,281.45738187601336
Experiment 07-15_06:28
Epoch 0048 [Train seq (cond on sampled tp)] | Loss 1907173.015022 | MAPE 0.064372 | RMSE 88.582560 | Likelihood -1907169.476027 | KL fp 3.5390 | FP STD 0.1988 | ->nfe   52.00 | <-nfe   52.00
Epoch 0048 [Val seq (cond on sampled tp)] |  MAPE 0.028372 | RMSE 83.198393 |
Epoch 0048 [Test seq (cond on sampled tp)] | MAPE 0.041956 | RMSE 253.251388|
0.046291597187519073,0.03687554970383644,0.04270102456212044
238.34015050710613,257.2135390828018,264.20047430880965
Experiment 07-15_06:28
Epoch 0049 [Train seq (cond on sampled tp)] | Loss 2004875.292870 | MAPE 0.061895 | RMSE 100.065659 | Likelihood -2004872.108158 | KL fp 3.1847 | FP STD 0.2460 | ->nfe   52.00 | <-nfe   52.00
Epoch 0049 [Val seq (cond on sampled tp)] |  MAPE 0.029948 | RMSE 76.966013 |
Epoch 0049 [Test seq (cond on sampled tp)] | MAPE 0.056646 | RMSE 271.141015|
0.055212825536727905,0.0571204349398613,0.05760587006807327
244.3198866880263,270.00677074843884,299.09638653367244
Experiment 07-15_06:28
Epoch 0050 [Train seq (cond on sampled tp)] | Loss 1918985.774210 | MAPE 0.068398 | RMSE 89.175478 | Likelihood -1918982.353418 | KL fp 3.4208 | FP STD 0.2621 | ->nfe   52.00 | <-nfe   52.00
Epoch 0050 [Val seq (cond on sampled tp)] |  MAPE 0.029493 | RMSE 74.862804 |
Epoch 0050 [Test seq (cond on sampled tp)] | MAPE 0.055387 | RMSE 268.578396|
0.06009187921881676,0.051369376480579376,0.05470089614391327
237.86219093206049,264.4301213222503,303.4428745662023
Experiment 07-15_06:28
Epoch 0051 [Train seq (cond on sampled tp)] | Loss 1932091.862165 | MAPE 0.061903 | RMSE 93.742100 | Likelihood -1932088.873217 | KL fp 2.9889 | FP STD 0.2529 | ->nfe   52.00 | <-nfe   52.00
Epoch 0051 [Val seq (cond on sampled tp)] |  MAPE 0.030722 | RMSE 73.491470 |
Epoch 0051 [Test seq (cond on sampled tp)] | MAPE 0.048251 | RMSE 254.105388|
0.04954273998737335,0.04510617256164551,0.050103701651096344
231.12560843619212,251.77499565584347,279.4155591363874
Experiment 07-15_06:28
Epoch 0052 [Train seq (cond on sampled tp)] | Loss 1894078.572243 | MAPE 0.056779 | RMSE 83.808875 | Likelihood -1894075.154165 | KL fp 3.4181 | FP STD 0.2455 | ->nfe   52.00 | <-nfe   52.00
Epoch 0052 [Val seq (cond on sampled tp)] |  MAPE 0.028303 | RMSE 78.252274 |
Epoch 0052 [Test seq (cond on sampled tp)] | MAPE 0.046963 | RMSE 274.753869|
0.048737600445747375,0.04645887762308121,0.045691292732954025
234.6653867744453,306.6841438067837,282.9120750118312
Experiment 07-15_06:28
Epoch 0053 [Train seq (cond on sampled tp)] | Loss 1919901.047054 | MAPE 0.062739 | RMSE 91.470509 | Likelihood -1919897.739807 | KL fp 3.3072 | FP STD 0.2152 | ->nfe   52.00 | <-nfe   52.00
Epoch 0053 [Val seq (cond on sampled tp)] |  MAPE 0.031209 | RMSE 80.652151 |
Epoch 0053 [Test seq (cond on sampled tp)] | MAPE 0.042921 | RMSE 237.518202|
0.049896739423274994,0.038195472210645676,0.04066930711269379
220.9782052318735,220.3088031604729,271.26759735545266
Experiment 07-15_06:28
Epoch 0054 [Train seq (cond on sampled tp)] | Loss 1902948.698441 | MAPE 0.057613 | RMSE 84.246491 | Likelihood -1902945.207644 | KL fp 3.4908 | FP STD 0.2234 | ->nfe   52.00 | <-nfe   52.00
Epoch 0054 [Val seq (cond on sampled tp)] |  MAPE 0.034369 | RMSE 84.921733 |
Epoch 0054 [Test seq (cond on sampled tp)] | MAPE 0.060590 | RMSE 259.090406|
0.05954142287373543,0.0571778230369091,0.06505189836025238
220.95963467622315,254.50526455753328,301.80631982697116
Experiment 07-15_06:28
Epoch 0055 [Train seq (cond on sampled tp)] | Loss 1956270.526329 | MAPE 0.059749 | RMSE 95.957222 | Likelihood -1956267.180630 | KL fp 3.3457 | FP STD 0.2158 | ->nfe   52.00 | <-nfe   52.00
Epoch 0055 [Val seq (cond on sampled tp)] |  MAPE 0.030120 | RMSE 117.752032 |
Epoch 0055 [Test seq (cond on sampled tp)] | MAPE 0.051164 | RMSE 512.873770|
0.05662572756409645,0.04811190441250801,0.04875453934073448
406.6518781464067,532.5619388859853,599.4074939054399
Experiment 07-15_06:28
Epoch 0056 [Train seq (cond on sampled tp)] | Loss 2067376.613915 | MAPE 0.070535 | RMSE 109.004450 | Likelihood -2067373.175862 | KL fp 3.4381 | FP STD 0.2030 | ->nfe   52.00 | <-nfe   52.00
Epoch 0056 [Val seq (cond on sampled tp)] |  MAPE 0.031063 | RMSE 134.441829 |
Epoch 0056 [Test seq (cond on sampled tp)] | MAPE 0.059540 | RMSE 650.365644|
0.06332683563232422,0.05386623367667198,0.061426300555467606
577.2592842475555,668.1542907517694,705.6833567542882
Experiment 07-15_06:28
Epoch 0057 [Train seq (cond on sampled tp)] | Loss 1929308.180455 | MAPE 0.065919 | RMSE 89.137148 | Likelihood -1929304.610997 | KL fp 3.5695 | FP STD 0.2011 | ->nfe   52.00 | <-nfe   52.00
Epoch 0057 [Val seq (cond on sampled tp)] |  MAPE 0.033274 | RMSE 80.223327 |
Epoch 0057 [Test seq (cond on sampled tp)] | MAPE 0.050520 | RMSE 250.427349|
0.05071885883808136,0.04651808738708496,0.05432369187474251
254.95364161941285,224.9678709699454,271.3605333546129
Experiment 07-15_06:28
Epoch 0058 [Train seq (cond on sampled tp)] | Loss 1924390.557449 | MAPE 0.069876 | RMSE 91.604966 | Likelihood -1924386.797765 | KL fp 3.7597 | FP STD 0.2035 | ->nfe   52.00 | <-nfe   52.00
Epoch 0058 [Val seq (cond on sampled tp)] |  MAPE 0.025991 | RMSE 81.180707 |
Epoch 0058 [Test seq (cond on sampled tp)] | MAPE 0.057152 | RMSE 271.871192|
0.05647021532058716,0.055772747844457626,0.05921242758631706
249.8959549117392,264.9422549113297,300.7753652021721
Experiment 07-15_06:28
Epoch 0059 [Train seq (cond on sampled tp)] | Loss 1982295.072017 | MAPE 0.061771 | RMSE 102.208739 | Likelihood -1982291.781603 | KL fp 3.2904 | FP STD 0.2106 | ->nfe   52.00 | <-nfe   52.00
Epoch 0059 [Val seq (cond on sampled tp)] |  MAPE 0.028722 | RMSE 79.286001 |
Epoch 0059 [Test seq (cond on sampled tp)] | MAPE 0.069480 | RMSE 247.699343|
0.07538717985153198,0.06661777943372726,0.06643437594175339
211.4922981753709,252.23499397882918,279.37073542606424
Experiment 07-15_06:28
Epoch 0060 [Train seq (cond on sampled tp)] | Loss 1898483.605733 | MAPE 0.062957 | RMSE 86.978662 | Likelihood -1898480.332700 | KL fp 3.2730 | FP STD 0.2250 | ->nfe   52.00 | <-nfe   52.00
Epoch 0060 [Val seq (cond on sampled tp)] |  MAPE 0.027998 | RMSE 77.485126 |
Epoch 0060 [Test seq (cond on sampled tp)] | MAPE 0.047826 | RMSE 241.874167|
0.042956408113241196,0.047617509961128235,0.05290376394987106
200.96225547350926,249.29334502749967,275.36690013053493
Experiment 07-15_06:28
Epoch 0061 [Train seq (cond on sampled tp)] | Loss 1926528.026887 | MAPE 0.066796 | RMSE 90.944076 | Likelihood -1926524.514115 | KL fp 3.5128 | FP STD 0.2316 | ->nfe   52.00 | <-nfe   52.00
Epoch 0061 [Val seq (cond on sampled tp)] |  MAPE 0.033375 | RMSE 97.862697 |
Epoch 0061 [Test seq (cond on sampled tp)] | MAPE 0.050274 | RMSE 295.558281|
0.05639210715889931,0.051476381719112396,0.042953938245773315
271.9139052623091,307.90432006144374,306.8566185940919
Experiment 07-15_06:28
Epoch 0062 [Train seq (cond on sampled tp)] | Loss 1953430.401864 | MAPE 0.066141 | RMSE 97.492194 | Likelihood -1953427.505355 | KL fp 2.8965 | FP STD 0.2391 | ->nfe   52.00 | <-nfe   52.00
Epoch 0062 [Val seq (cond on sampled tp)] |  MAPE 0.029082 | RMSE 87.824082 |
Epoch 0062 [Test seq (cond on sampled tp)] | MAPE 0.050596 | RMSE 245.324738|
0.054357998073101044,0.04868368059396744,0.04874703288078308
222.77735522265274,242.2598279095195,270.93703142981394
Experiment 07-15_06:28
Epoch 0063 [Train seq (cond on sampled tp)] | Loss 1917584.715279 | MAPE 0.067040 | RMSE 86.250294 | Likelihood -1917581.426833 | KL fp 3.2884 | FP STD 0.2376 | ->nfe   52.00 | <-nfe   52.00
Epoch 0063 [Val seq (cond on sampled tp)] |  MAPE 0.026861 | RMSE 80.564758 |
Epoch 0063 [Test seq (cond on sampled tp)] | MAPE 0.048896 | RMSE 247.051068|
0.056473180651664734,0.04537247121334076,0.04484154284000397
238.82451389566356,224.23331180937413,278.095377635983
Experiment 07-15_06:28
Epoch 0064 [Train seq (cond on sampled tp)] | Loss 1915903.423375 | MAPE 0.075021 | RMSE 86.019717 | Likelihood -1915900.025068 | KL fp 3.3983 | FP STD 0.2589 | ->nfe   52.00 | <-nfe   52.00
Epoch 0064 [Val seq (cond on sampled tp)] |  MAPE 0.026583 | RMSE 83.641345 |
Epoch 0064 [Test seq (cond on sampled tp)] | MAPE 0.043491 | RMSE 253.944391|
0.04847241938114166,0.04484763368964195,0.0371520034968853
243.95314451498672,247.96166695933064,269.9183615002877
Experiment 07-15_06:28
Epoch 0065 [Train seq (cond on sampled tp)] | Loss 1901607.650788 | MAPE 0.068001 | RMSE 88.657606 | Likelihood -1901604.240892 | KL fp 3.4099 | FP STD 0.2266 | ->nfe   52.00 | <-nfe   52.00
Epoch 0065 [Val seq (cond on sampled tp)] |  MAPE 0.027052 | RMSE 90.524680 |
Epoch 0065 [Test seq (cond on sampled tp)] | MAPE 0.045804 | RMSE 249.693569|
0.048198945820331573,0.04759593307971954,0.04161759465932846
229.32500306606343,231.75263786254948,288.0030653048679
Experiment 07-15_06:28
Epoch 0066 [Train seq (cond on sampled tp)] | Loss 1901363.028467 | MAPE 0.064846 | RMSE 88.165352 | Likelihood -1901359.637401 | KL fp 3.3911 | FP STD 0.2217 | ->nfe   52.00 | <-nfe   52.00
Epoch 0066 [Val seq (cond on sampled tp)] |  MAPE 0.028636 | RMSE 81.604425 |
Epoch 0066 [Test seq (cond on sampled tp)] | MAPE 0.053221 | RMSE 249.971535|
0.053834833204746246,0.05599160119891167,0.04983652010560036
220.97358262640807,249.13203232673635,279.80898897730214
Experiment 07-15_06:28
Epoch 0067 [Train seq (cond on sampled tp)] | Loss 1881322.563398 | MAPE 0.071030 | RMSE 82.271217 | Likelihood -1881319.275084 | KL fp 3.2883 | FP STD 0.2464 | ->nfe   52.00 | <-nfe   52.00
Epoch 0067 [Val seq (cond on sampled tp)] |  MAPE 0.034673 | RMSE 89.736947 |
Epoch 0067 [Test seq (cond on sampled tp)] | MAPE 0.060300 | RMSE 267.666171|
0.06526552140712738,0.06249464675784111,0.05314052477478981
245.8813468296243,280.51970463320396,276.59746247932213
Experiment 07-15_06:28
Epoch 0068 [Train seq (cond on sampled tp)] | Loss 1899781.289938 | MAPE 0.078581 | RMSE 84.494875 | Likelihood -1899778.135292 | KL fp 3.1546 | FP STD 0.2715 | ->nfe   52.00 | <-nfe   52.00
Epoch 0068 [Val seq (cond on sampled tp)] |  MAPE 0.039162 | RMSE 78.757108 |
Epoch 0068 [Test seq (cond on sampled tp)] | MAPE 0.052505 | RMSE 229.257878|
0.05673247575759888,0.04759526997804642,0.053188543766736984
201.04907477715486,226.96992676619078,259.7546318162585
Experiment 07-15_06:28
Epoch 0069 [Train seq (cond on sampled tp)] | Loss 1897791.762602 | MAPE 0.082153 | RMSE 84.772229 | Likelihood -1897788.215120 | KL fp 3.5475 | FP STD 0.2304 | ->nfe   52.00 | <-nfe   52.00
Epoch 0069 [Val seq (cond on sampled tp)] |  MAPE 0.036879 | RMSE 70.616261 |
Epoch 0069 [Test seq (cond on sampled tp)] | MAPE 0.056828 | RMSE 252.744858|
0.05591361224651337,0.05623576417565346,0.058333951979875565
227.6473252368672,260.6593202822412,269.92792730190035
Experiment 07-15_06:28
Epoch 0070 [Train seq (cond on sampled tp)] | Loss 1889873.847570 | MAPE 0.072910 | RMSE 83.518266 | Likelihood -1889870.199774 | KL fp 3.6478 | FP STD 0.2195 | ->nfe   52.00 | <-nfe   52.00
Epoch 0070 [Val seq (cond on sampled tp)] |  MAPE 0.036406 | RMSE 76.446708 |
Epoch 0070 [Test seq (cond on sampled tp)] | MAPE 0.062690 | RMSE 279.742422|
0.0648716539144516,0.059340767562389374,0.06385612487792969
253.73017933673165,280.13107980907796,305.36600733791573
Experiment 07-15_06:28
Epoch 0071 [Train seq (cond on sampled tp)] | Loss 1894678.280510 | MAPE 0.067165 | RMSE 85.277908 | Likelihood -1894674.865670 | KL fp 3.4148 | FP STD 0.2150 | ->nfe   52.00 | <-nfe   52.00
Epoch 0071 [Val seq (cond on sampled tp)] |  MAPE 0.026033 | RMSE 70.891288 |
Epoch 0071 [Test seq (cond on sampled tp)] | MAPE 0.061407 | RMSE 274.809593|
0.06158846616744995,0.06306160986423492,0.05957139655947685
234.44703059806494,287.75779203177103,302.22395721137
Experiment 07-15_06:28
Epoch 0072 [Train seq (cond on sampled tp)] | Loss 1888171.481406 | MAPE 0.065461 | RMSE 84.279216 | Likelihood -1888167.572157 | KL fp 3.9092 | FP STD 0.1835 | ->nfe   52.00 | <-nfe   52.00
Epoch 0072 [Val seq (cond on sampled tp)] |  MAPE 0.025083 | RMSE 77.741594 |
Epoch 0072 [Test seq (cond on sampled tp)] | MAPE 0.043720 | RMSE 271.978357|
0.05010243132710457,0.044889748096466064,0.03616677597165108
215.29493760014424,284.2562939056935,316.383840255788
Experiment 07-15_06:28
Epoch 0073 [Train seq (cond on sampled tp)] | Loss 1905667.873585 | MAPE 0.069004 | RMSE 88.563207 | Likelihood -1905664.276446 | KL fp 3.5971 | FP STD 0.1941 | ->nfe   52.00 | <-nfe   52.00
Epoch 0073 [Val seq (cond on sampled tp)] |  MAPE 0.024887 | RMSE 76.054148 |
Epoch 0073 [Test seq (cond on sampled tp)] | MAPE 0.042028 | RMSE 261.664317|
0.048376038670539856,0.03883066028356552,0.03887815773487091
220.4663026972603,262.3574464113798,302.1692018762005
Experiment 07-15_06:28
Epoch 0074 [Train seq (cond on sampled tp)] | Loss 1899900.815085 | MAPE 0.069085 | RMSE 87.295126 | Likelihood -1899897.286291 | KL fp 3.5288 | FP STD 0.1791 | ->nfe   52.00 | <-nfe   52.00
Epoch 0074 [Val seq (cond on sampled tp)] |  MAPE 0.025505 | RMSE 78.476528 |
Epoch 0074 [Test seq (cond on sampled tp)] | MAPE 0.043125 | RMSE 243.022626|
0.0473264716565609,0.0395420677959919,0.042507026344537735
209.90623836906326,244.3108131816928,274.8508260174963
Experiment 07-15_06:28
Epoch 0075 [Train seq (cond on sampled tp)] | Loss 1914221.408797 | MAPE 0.073685 | RMSE 85.731362 | Likelihood -1914217.202408 | KL fp 4.2064 | FP STD 0.1933 | ->nfe   52.00 | <-nfe   52.00
Epoch 0075 [Val seq (cond on sampled tp)] |  MAPE 0.025405 | RMSE 82.312553 |
Epoch 0075 [Test seq (cond on sampled tp)] | MAPE 0.050358 | RMSE 261.672408|
0.05218328535556793,0.05000532045960426,0.048884887248277664
252.90844903591102,281.0300250862886,251.07875071877348
Experiment 07-15_06:28
Epoch 0076 [Train seq (cond on sampled tp)] | Loss 1900629.289192 | MAPE 0.077228 | RMSE 87.893123 | Likelihood -1900625.718688 | KL fp 3.5705 | FP STD 0.2067 | ->nfe   52.00 | <-nfe   52.00
Epoch 0076 [Val seq (cond on sampled tp)] |  MAPE 0.025297 | RMSE 81.746013 |
Epoch 0076 [Test seq (cond on sampled tp)] | MAPE 0.041603 | RMSE 229.984706|
0.047269392758607864,0.03797388821840286,0.03956562280654907
204.81724895318266,232.31464385612887,252.82222632711705
Experiment 07-15_06:28
Epoch 0077 [Train seq (cond on sampled tp)] | Loss 1944147.344989 | MAPE 0.066620 | RMSE 88.591196 | Likelihood -1944143.704233 | KL fp 3.6408 | FP STD 0.2308 | ->nfe   52.00 | <-nfe   52.00
Epoch 0077 [Val seq (cond on sampled tp)] |  MAPE 0.025454 | RMSE 89.395201 |
Epoch 0077 [Test seq (cond on sampled tp)] | MAPE 0.047742 | RMSE 362.758386|
0.05503661185503006,0.04856780543923378,0.03962069749832153
258.8468568719736,315.3527662594701,514.0755355490086
Experiment 07-15_06:28
Epoch 0078 [Train seq (cond on sampled tp)] | Loss 1916101.157815 | MAPE 0.079097 | RMSE 86.800564 | Likelihood -1916097.496032 | KL fp 3.6618 | FP STD 0.2745 | ->nfe   52.00 | <-nfe   52.00
Epoch 0078 [Val seq (cond on sampled tp)] |  MAPE 0.027713 | RMSE 80.269048 |
Epoch 0078 [Test seq (cond on sampled tp)] | MAPE 0.045890 | RMSE 246.438918|
0.045773085206747055,0.04669743403792381,0.04519827291369438
207.8564427224954,266.9010379569551,264.55927384047607
Experiment 07-15_06:28
Epoch 0079 [Train seq (cond on sampled tp)] | Loss 1950742.907331 | MAPE 0.066792 | RMSE 96.062746 | Likelihood -1950739.600210 | KL fp 3.3071 | FP STD 0.2357 | ->nfe   52.00 | <-nfe   52.00
Epoch 0079 [Val seq (cond on sampled tp)] |  MAPE 0.027925 | RMSE 94.568324 |
Epoch 0079 [Test seq (cond on sampled tp)] | MAPE 0.049925 | RMSE 265.504656|
0.05058424919843674,0.05108237639069557,0.048107195645570755
223.30326387281042,268.61671113316834,304.5939920615638
Experiment 07-15_06:28
Epoch 0080 [Train seq (cond on sampled tp)] | Loss 1947898.947234 | MAPE 0.071407 | RMSE 93.345833 | Likelihood -1947894.809549 | KL fp 4.1377 | FP STD 0.2124 | ->nfe   52.00 | <-nfe   52.00
Epoch 0080 [Val seq (cond on sampled tp)] |  MAPE 0.030962 | RMSE 87.920580 |
Epoch 0080 [Test seq (cond on sampled tp)] | MAPE 0.049309 | RMSE 299.763349|
0.05415026843547821,0.05094889551401138,0.0428277850151062
258.18461781252574,306.3938565188604,334.7115712632296
Experiment 07-15_06:28
Epoch 0081 [Train seq (cond on sampled tp)] | Loss 1928911.717133 | MAPE 0.073504 | RMSE 93.082853 | Likelihood -1928908.060432 | KL fp 3.6567 | FP STD 0.1862 | ->nfe   52.00 | <-nfe   52.00
Epoch 0081 [Val seq (cond on sampled tp)] |  MAPE 0.033226 | RMSE 92.997664 |
Epoch 0081 [Test seq (cond on sampled tp)] | MAPE 0.057542 | RMSE 391.258413|
0.054370276629924774,0.057229332625865936,0.06102564558386803
263.9413701468567,358.0494902942888,551.7843781768382
Experiment 07-15_06:28
Epoch 0082 [Train seq (cond on sampled tp)] | Loss 2041881.797040 | MAPE 0.080323 | RMSE 106.663723 | Likelihood -2041877.891256 | KL fp 3.9058 | FP STD 0.1825 | ->nfe   52.00 | <-nfe   52.00
Epoch 0082 [Val seq (cond on sampled tp)] |  MAPE 0.032374 | RMSE 199.044456 |
Epoch 0082 [Test seq (cond on sampled tp)] | MAPE 0.077458 | RMSE 754.117908|
0.08323262631893158,0.0799059197306633,0.06923644244670868
718.4959985970694,809.9804781598134,733.8772462067482
Experiment 07-15_06:28
Epoch 0083 [Train seq (cond on sampled tp)] | Loss 2435435.999314 | MAPE 0.083604 | RMSE 151.069943 | Likelihood -2435432.132736 | KL fp 3.8666 | FP STD 0.1881 | ->nfe   52.00 | <-nfe   52.00
Epoch 0083 [Val seq (cond on sampled tp)] |  MAPE 0.034970 | RMSE 218.478599 |
Epoch 0083 [Test seq (cond on sampled tp)] | MAPE 0.071244 | RMSE 764.217611|
0.07718051970005035,0.06798617541790009,0.06856551766395569
708.9334418688401,789.402938935497,794.3164514222276
Experiment 07-15_06:28
Epoch 0084 [Train seq (cond on sampled tp)] | Loss 2662511.633816 | MAPE 0.080042 | RMSE 170.811395 | Likelihood -2662507.953072 | KL fp 3.6807 | FP STD 0.2047 | ->nfe   52.00 | <-nfe   52.00
Epoch 0084 [Val seq (cond on sampled tp)] |  MAPE 0.033270 | RMSE 188.686216 |
Epoch 0084 [Test seq (cond on sampled tp)] | MAPE 0.061586 | RMSE 694.960552|
0.06681260466575623,0.06080767139792442,0.05713848024606705
640.2674978085331,726.9823330040422,717.6318258689479
Experiment 07-15_06:28
Epoch 0085 [Train seq (cond on sampled tp)] | Loss 2539683.721713 | MAPE 0.081487 | RMSE 164.553711 | Likelihood -2539680.393053 | KL fp 3.3287 | FP STD 0.1974 | ->nfe   52.00 | <-nfe   52.00
Epoch 0085 [Val seq (cond on sampled tp)] |  MAPE 0.035764 | RMSE 146.284438 |
Epoch 0085 [Test seq (cond on sampled tp)] | MAPE 0.059154 | RMSE 580.020622|
0.05533472076058388,0.062011122703552246,0.060116011649370193
531.7419193086059,623.3951395383189,584.9248082018747
Experiment 07-15_06:28
Epoch 0086 [Train seq (cond on sampled tp)] | Loss 2279424.266814 | MAPE 0.071067 | RMSE 140.346667 | Likelihood -2279420.830087 | KL fp 3.4367 | FP STD 0.1738 | ->nfe   52.00 | <-nfe   52.00
Epoch 0086 [Val seq (cond on sampled tp)] |  MAPE 0.028174 | RMSE 113.243433 |
Epoch 0086 [Test seq (cond on sampled tp)] | MAPE 0.054412 | RMSE 524.851708|
0.057374656200408936,0.05560280755162239,0.050257358700037
474.28385158573553,560.5834850849603,539.6877859003296
Experiment 07-15_06:28
Epoch 0087 [Train seq (cond on sampled tp)] | Loss 2137962.799008 | MAPE 0.066587 | RMSE 121.032628 | Likelihood -2137959.409940 | KL fp 3.3891 | FP STD 0.2393 | ->nfe   52.00 | <-nfe   52.00
Epoch 0087 [Val seq (cond on sampled tp)] |  MAPE 0.029360 | RMSE 119.195574 |
Epoch 0087 [Test seq (cond on sampled tp)] | MAPE 0.051083 | RMSE 491.978704|
0.05488033965229988,0.055185046046972275,0.04318453371524811
461.06552882968816,509.896496850096,504.97408658761884
Experiment 07-15_06:28
Epoch 0088 [Train seq (cond on sampled tp)] | Loss 2044393.147601 | MAPE 0.065534 | RMSE 110.504868 | Likelihood -2044390.020324 | KL fp 3.1273 | FP STD 0.2325 | ->nfe   52.00 | <-nfe   52.00
Epoch 0088 [Val seq (cond on sampled tp)] |  MAPE 0.026111 | RMSE 105.715651 |
Epoch 0088 [Test seq (cond on sampled tp)] | MAPE 0.050668 | RMSE 442.680801|
0.05016252398490906,0.05361807718873024,0.04822247475385666
416.3824113720463,462.3992626778291,449.260729560241
Experiment 07-15_06:28
Epoch 0089 [Train seq (cond on sampled tp)] | Loss 1990559.726620 | MAPE 0.068418 | RMSE 99.760666 | Likelihood -1990556.195098 | KL fp 3.5315 | FP STD 0.2327 | ->nfe   52.00 | <-nfe   52.00
Epoch 0089 [Val seq (cond on sampled tp)] |  MAPE 0.026279 | RMSE 101.801301 |
Epoch 0089 [Test seq (cond on sampled tp)] | MAPE 0.048171 | RMSE 366.000700|
0.05173920467495918,0.05031278356909752,0.04245999827980995
305.72103552503546,391.5223892065433,400.7586750464673
Experiment 07-15_06:28
Epoch 0090 [Train seq (cond on sampled tp)] | Loss 1993340.054264 | MAPE 0.071240 | RMSE 100.897657 | Likelihood -1993336.538788 | KL fp 3.5155 | FP STD 0.2198 | ->nfe   52.00 | <-nfe   52.00
Epoch 0090 [Val seq (cond on sampled tp)] |  MAPE 0.026592 | RMSE 86.334645 |
Epoch 0090 [Test seq (cond on sampled tp)] | MAPE 0.047013 | RMSE 292.114048|
0.045231301337480545,0.04707815870642662,0.04872874543070793
237.38506264874798,330.97773008542435,307.9793519864603
Experiment 07-15_06:28
Epoch 0091 [Train seq (cond on sampled tp)] | Loss 1987188.509844 | MAPE 0.070810 | RMSE 102.195897 | Likelihood -1987185.105892 | KL fp 3.4040 | FP STD 0.1902 | ->nfe   52.00 | <-nfe   52.00
Epoch 0091 [Val seq (cond on sampled tp)] |  MAPE 0.028205 | RMSE 93.182931 |
Epoch 0091 [Test seq (cond on sampled tp)] | MAPE 0.042582 | RMSE 294.780098|
0.040412407368421555,0.04390362650156021,0.043429162353277206
228.97258637771466,340.8287464035274,314.53896072267423
Experiment 07-15_06:28
Epoch 0092 [Train seq (cond on sampled tp)] | Loss 1954618.103310 | MAPE 0.073938 | RMSE 95.287617 | Likelihood -1954614.412339 | KL fp 3.6910 | FP STD 0.2116 | ->nfe   52.00 | <-nfe   52.00
Epoch 0092 [Val seq (cond on sampled tp)] |  MAPE 0.029773 | RMSE 89.078685 |
Epoch 0092 [Test seq (cond on sampled tp)] | MAPE 0.058380 | RMSE 295.015861|
0.05544637516140938,0.06048459932208061,0.059208426624536514
245.92203731569077,331.1770792378301,307.94846616357745
Experiment 07-15_06:28
Epoch 0093 [Train seq (cond on sampled tp)] | Loss 1954807.765982 | MAPE 0.069646 | RMSE 98.012603 | Likelihood -1954804.365779 | KL fp 3.4002 | FP STD 0.2001 | ->nfe   52.00 | <-nfe   52.00
Epoch 0093 [Val seq (cond on sampled tp)] |  MAPE 0.026477 | RMSE 97.036534 |
Epoch 0093 [Test seq (cond on sampled tp)] | MAPE 0.045178 | RMSE 319.975378|
0.0490075908601284,0.04531121999025345,0.04121667891740799
262.70094986980916,344.6981242696281,352.52706013155927
Experiment 07-15_06:28
Epoch 0094 [Train seq (cond on sampled tp)] | Loss 1957810.503586 | MAPE 0.071792 | RMSE 91.447103 | Likelihood -1957806.634348 | KL fp 3.8692 | FP STD 0.1886 | ->nfe   52.00 | <-nfe   52.00
Epoch 0094 [Val seq (cond on sampled tp)] |  MAPE 0.025449 | RMSE 106.673833 |
Epoch 0094 [Test seq (cond on sampled tp)] | MAPE 0.046146 | RMSE 347.654705|
0.052760809659957886,0.04651659354567528,0.039161670953035355
311.7763872152604,377.64930822126496,353.538419499918
Experiment 07-15_06:28
Epoch 0095 [Train seq (cond on sampled tp)] | Loss 1966090.330095 | MAPE 0.064777 | RMSE 94.855095 | Likelihood -1966086.589013 | KL fp 3.7411 | FP STD 0.1777 | ->nfe   52.00 | <-nfe   52.00
Epoch 0095 [Val seq (cond on sampled tp)] |  MAPE 0.025163 | RMSE 99.066621 |
Epoch 0095 [Test seq (cond on sampled tp)] | MAPE 0.042769 | RMSE 345.708808|
0.04507121071219444,0.04369669780135155,0.03953983634710312
287.6330670315915,365.1968005404757,384.2965570363596
Experiment 07-15_06:28
Epoch 0096 [Train seq (cond on sampled tp)] | Loss 1956702.056891 | MAPE 0.068352 | RMSE 95.403202 | Likelihood -1956698.574062 | KL fp 3.4828 | FP STD 0.2170 | ->nfe   52.00 | <-nfe   52.00
Epoch 0096 [Val seq (cond on sampled tp)] |  MAPE 0.025750 | RMSE 99.940046 |
Epoch 0096 [Test seq (cond on sampled tp)] | MAPE 0.044390 | RMSE 390.337778|
0.050339289009571075,0.04396704584360123,0.038862865418195724
360.86219452514,401.75997576289257,408.3911651223616
Experiment 07-15_06:28
Epoch 0097 [Train seq (cond on sampled tp)] | Loss 1989187.640078 | MAPE 0.069607 | RMSE 99.689071 | Likelihood -1989184.369248 | KL fp 3.2708 | FP STD 0.2508 | ->nfe   52.00 | <-nfe   52.00
Epoch 0097 [Val seq (cond on sampled tp)] |  MAPE 0.025524 | RMSE 101.552706 |
Epoch 0097 [Test seq (cond on sampled tp)] | MAPE 0.056283 | RMSE 376.199536|
0.07626340538263321,0.04675128683447838,0.045834798365831375
363.82632360784453,375.51495892307673,389.25732571783414
Experiment 07-15_06:28
Epoch 0098 [Train seq (cond on sampled tp)] | Loss 1985854.292655 | MAPE 0.068858 | RMSE 98.042675 | Likelihood -1985851.215606 | KL fp 3.0770 | FP STD 0.2422 | ->nfe   52.00 | <-nfe   52.00
Epoch 0098 [Val seq (cond on sampled tp)] |  MAPE 0.044221 | RMSE 87.239918 |
Epoch 0098 [Test seq (cond on sampled tp)] | MAPE 0.340162 | RMSE 429.666737|
0.3972688615322113,0.3254784345626831,0.29773983359336853
418.1967427240437,440.5965416341803,430.2069269549248
Experiment 07-15_06:28
Epoch 0099 [Train seq (cond on sampled tp)] | Loss 2027842.050782 | MAPE 0.098296 | RMSE 103.700872 | Likelihood -2027838.702112 | KL fp 3.3487 | FP STD 0.2357 | ->nfe   52.00 | <-nfe   52.00
Epoch 0099 [Val seq (cond on sampled tp)] |  MAPE 0.044916 | RMSE 117.364179 |
Epoch 0099 [Test seq (cond on sampled tp)] | MAPE 0.353944 | RMSE 484.485896|
0.41849613189697266,0.34325656294822693,0.30007827281951904
502.0947681962042,474.9105836891825,476.45233562760507
Experiment 07-15_06:28
Epoch 0100 [Train seq (cond on sampled tp)] | Loss 2072933.672176 | MAPE 0.080287 | RMSE 116.157222 | Likelihood -2072930.564376 | KL fp 3.1078 | FP STD 0.1979 | ->nfe   52.00 | <-nfe   52.00
Epoch 0100 [Val seq (cond on sampled tp)] |  MAPE 0.041681 | RMSE 85.715141 |
Epoch 0100 [Test seq (cond on sampled tp)] | MAPE 0.360679 | RMSE 417.573625|
0.41846320033073425,0.34770190715789795,0.31587299704551697
420.99942473238605,424.1096556316538,407.61179448097425
