/data2/yuanjingyang/CG-ODE/run_models_covid.py
run_models_covid.py --rec-layers 2 --encoder Cheb
Namespace(save='experiments/', load=None, dataset='Dec', datapath='data/', pred_length=14, condition_length=21, features='Confirmed,Deaths,Recovered,Mortality_Rate,Testing_Rate,Population,Mobility', split_interval=3, feature_out='Deaths', niters=100, lr=0.005, batch_size=8, random_seed=1991, dropout=0.2, l2=1e-05, optimizer='AdamW', clip=10, edge_lamda=0.5, z0_encoder='GTrans', rec_dims=64, ode_dims=20, rec_layers=2, gen_layers=1, encoder='Cheb', graf_layer=1, cheb_K=2, heavyBall=False, actv_h=None, gamma_guess=-3.0, gamma_act='sigmoid', corr=-100, corrf=True, sign=1, augment_dim=0, solver='rk4', rtol=0.01, atol=0.01, alias='run', output_dim=1, feature_out_index=[1], num_atoms=50)
run
Experiment 07-15_07:35
Epoch 0001 [Train seq (cond on sampled tp)] | Loss 4386136.885999 | MAPE 0.063536 | RMSE 285.970299 | Likelihood -4386135.283134 | KL fp 1.6029 | FP STD 0.3526 | ->nfe   52.00 | <-nfe   52.00
Epoch 0001 [Val seq (cond on sampled tp)] |  MAPE 0.058556 | RMSE 304.857677 |
Best Val!
Epoch 0001 [Test seq (cond on sampled tp)] | MAPE 0.119970 | RMSE 904.047177|
0.13187287747859955,0.12531232833862305,0.10272436589002609
849.1764760637215,935.2475942230485,927.7174610300272
0.13187287747859955,0.12531232833862305,0.10272436589002609
849.1764760637215,935.2475942230485,927.7174610300272
Epoch 0001 [Test seq (cond on sampled tp)] | Best Test MAPE 0.119970|Best Test RMSE 904.047177|
Experiment 07-15_07:35
Epoch 0002 [Train seq (cond on sampled tp)] | Loss 4190800.106119 | MAPE 0.096907 | RMSE 276.148520 | Likelihood -4190797.008918 | KL fp 3.0972 | FP STD 0.6877 | ->nfe   52.00 | <-nfe   52.00
Epoch 0002 [Val seq (cond on sampled tp)] |  MAPE 0.065438 | RMSE 282.954861 |
Epoch 0002 [Test seq (cond on sampled tp)] | MAPE 0.112637 | RMSE 867.708005|
0.1255531907081604,0.11187797039747238,0.10047834366559982
810.2879503608578,899.89450770632,892.9415574381114
0.1255531907081604,0.11187797039747238,0.10047834366559982
810.2879503608578,899.89450770632,892.9415574381114
Epoch 0002 [Test seq (cond on sampled tp)] | Best Test MAPE 0.112637|Best Test RMSE 867.708005|
Experiment 07-15_07:35
Epoch 0003 [Train seq (cond on sampled tp)] | Loss 3864770.328276 | MAPE 0.179701 | RMSE 258.748894 | Likelihood -3864765.196102 | KL fp 5.1322 | FP STD 0.9501 | ->nfe   52.00 | <-nfe   52.00
Epoch 0003 [Val seq (cond on sampled tp)] |  MAPE 0.064930 | RMSE 246.236016 |
Epoch 0003 [Test seq (cond on sampled tp)] | MAPE 0.102572 | RMSE 801.487703|
0.1076384112238884,0.10549518465995789,0.09458143264055252
738.4859934352174,833.8359026211332,832.1412139775316
0.1076384112238884,0.10549518465995789,0.09458143264055252
738.4859934352174,833.8359026211332,832.1412139775316
Epoch 0003 [Test seq (cond on sampled tp)] | Best Test MAPE 0.102572|Best Test RMSE 801.487703|
Experiment 07-15_07:35
Epoch 0004 [Train seq (cond on sampled tp)] | Loss 3444800.108185 | MAPE 0.184961 | RMSE 234.054081 | Likelihood -3444795.017110 | KL fp 5.0911 | FP STD 0.8047 | ->nfe   52.00 | <-nfe   52.00
Epoch 0004 [Val seq (cond on sampled tp)] |  MAPE 0.031613 | RMSE 202.042993 |
Best Val!
Epoch 0004 [Test seq (cond on sampled tp)] | MAPE 0.071262 | RMSE 707.981276|
0.07903643697500229,0.07340381294488907,0.061345841735601425
636.1889705504175,742.6933250002992,745.0615326937769
0.07903643697500229,0.07340381294488907,0.061345841735601425
636.1889705504175,742.6933250002992,745.0615326937769
Epoch 0004 [Test seq (cond on sampled tp)] | Best Test MAPE 0.071262|Best Test RMSE 707.981276|
Experiment 07-15_07:35
Epoch 0005 [Train seq (cond on sampled tp)] | Loss 3028160.603659 | MAPE 0.044580 | RMSE 206.153040 | Likelihood -3028155.684991 | KL fp 4.9187 | FP STD 0.6584 | ->nfe   52.00 | <-nfe   52.00
Epoch 0005 [Val seq (cond on sampled tp)] |  MAPE 0.036970 | RMSE 161.401007 |
Epoch 0005 [Test seq (cond on sampled tp)] | MAPE 0.068276 | RMSE 608.609358|
0.07452668994665146,0.07112108170986176,0.05917937308549881
537.1046220244245,645.7528793973744,642.9705718382452
0.07452668994665146,0.07112108170986176,0.05917937308549881
537.1046220244245,645.7528793973744,642.9705718382452
Epoch 0005 [Test seq (cond on sampled tp)] | Best Test MAPE 0.068276|Best Test RMSE 608.609358|
Experiment 07-15_07:35
Epoch 0006 [Train seq (cond on sampled tp)] | Loss 2794441.468944 | MAPE 0.058132 | RMSE 186.837949 | Likelihood -2794435.842986 | KL fp 5.6260 | FP STD 0.5866 | ->nfe   52.00 | <-nfe   52.00
Epoch 0006 [Val seq (cond on sampled tp)] |  MAPE 0.030357 | RMSE 151.316153 |
Best Val!
Epoch 0006 [Test seq (cond on sampled tp)] | MAPE 0.063719 | RMSE 563.292722|
0.0693064033985138,0.0675710067152977,0.05428064242005348
491.1269088789577,601.8213241901619,596.929932027202
0.0693064033985138,0.0675710067152977,0.05428064242005348
491.1269088789577,601.8213241901619,596.929932027202
Epoch 0006 [Test seq (cond on sampled tp)] | Best Test MAPE 0.063719|Best Test RMSE 563.292722|
Experiment 07-15_07:35
Epoch 0007 [Train seq (cond on sampled tp)] | Loss 2573486.825227 | MAPE 0.072231 | RMSE 169.481628 | Likelihood -2573483.226167 | KL fp 3.5991 | FP STD 0.4434 | ->nfe   52.00 | <-nfe   52.00
Epoch 0007 [Val seq (cond on sampled tp)] |  MAPE 0.038560 | RMSE 125.030934 |
Epoch 0007 [Test seq (cond on sampled tp)] | MAPE 0.053736 | RMSE 483.894697|
0.057911891490221024,0.052427396178245544,0.05086921527981758
411.4584957805586,514.3284760248065,525.8971204047423
0.057911891490221024,0.052427396178245544,0.05086921527981758
411.4584957805586,514.3284760248065,525.8971204047423
Epoch 0007 [Test seq (cond on sampled tp)] | Best Test MAPE 0.053736|Best Test RMSE 483.894697|
Experiment 07-15_07:35
Epoch 0008 [Train seq (cond on sampled tp)] | Loss 2455132.759955 | MAPE 0.047752 | RMSE 155.023162 | Likelihood -2455128.211778 | KL fp 4.5482 | FP STD 0.5150 | ->nfe   52.00 | <-nfe   52.00
Epoch 0008 [Val seq (cond on sampled tp)] |  MAPE 0.031966 | RMSE 118.891133 |
Epoch 0008 [Test seq (cond on sampled tp)] | MAPE 0.057066 | RMSE 469.092251|
0.06587439030408859,0.06008950620889664,0.04523434862494469
392.566634471143,508.6982313955888,506.0118884472973
Experiment 07-15_07:35
Epoch 0009 [Train seq (cond on sampled tp)] | Loss 2235570.126187 | MAPE 0.053032 | RMSE 134.991960 | Likelihood -2235566.427563 | KL fp 3.6986 | FP STD 0.4620 | ->nfe   52.00 | <-nfe   52.00
Epoch 0009 [Val seq (cond on sampled tp)] |  MAPE 0.033317 | RMSE 100.013822 |
Epoch 0009 [Test seq (cond on sampled tp)] | MAPE 0.062777 | RMSE 410.482981|
0.06692638248205185,0.06108054146170616,0.06032547354698181
335.47681784662853,439.3939896323117,456.57813542700444
Experiment 07-15_07:35
Epoch 0010 [Train seq (cond on sampled tp)] | Loss 2136461.730979 | MAPE 0.052606 | RMSE 123.994581 | Likelihood -2136458.061498 | KL fp 3.6695 | FP STD 0.3637 | ->nfe   52.00 | <-nfe   52.00
Epoch 0010 [Val seq (cond on sampled tp)] |  MAPE 0.050105 | RMSE 101.238570 |
Epoch 0010 [Test seq (cond on sampled tp)] | MAPE 0.087307 | RMSE 407.857668|
0.08785773813724518,0.08800208568572998,0.08605991303920746
314.122027940576,440.81409063232087,468.6368863523229
Experiment 07-15_07:35
Epoch 0011 [Train seq (cond on sampled tp)] | Loss 2132632.235031 | MAPE 0.053371 | RMSE 122.186786 | Likelihood -2132628.801309 | KL fp 3.4337 | FP STD 0.3237 | ->nfe   52.00 | <-nfe   52.00
Epoch 0011 [Val seq (cond on sampled tp)] |  MAPE 0.030170 | RMSE 93.331006 |
Best Val!
Epoch 0011 [Test seq (cond on sampled tp)] | MAPE 0.058278 | RMSE 328.508472|
0.06824380159378052,0.05707887187600136,0.049512043595314026
266.92789288495123,336.08412497840476,382.5133984581455
Experiment 07-15_07:35
Epoch 0012 [Train seq (cond on sampled tp)] | Loss 2066472.739953 | MAPE 0.040746 | RMSE 111.160321 | Likelihood -2066468.890555 | KL fp 3.8494 | FP STD 0.3626 | ->nfe   52.00 | <-nfe   52.00
Epoch 0012 [Val seq (cond on sampled tp)] |  MAPE 0.021715 | RMSE 85.594184 |
Best Val!
Epoch 0012 [Test seq (cond on sampled tp)] | MAPE 0.056163 | RMSE 365.470745|
0.06362707167863846,0.056507427245378494,0.04835497587919235
297.1640566463246,386.9487005728279,412.2994777767733
Experiment 07-15_07:35
Epoch 0013 [Train seq (cond on sampled tp)] | Loss 2081187.365349 | MAPE 0.046392 | RMSE 115.303151 | Likelihood -2081183.920343 | KL fp 3.4450 | FP STD 0.3132 | ->nfe   52.00 | <-nfe   52.00
Epoch 0013 [Val seq (cond on sampled tp)] |  MAPE 0.025708 | RMSE 87.649025 |
Epoch 0013 [Test seq (cond on sampled tp)] | MAPE 0.055318 | RMSE 330.393702|
0.06273207068443298,0.057841766625642776,0.04537902772426605
278.3563784746094,348.20103523323996,364.62369300417106
Experiment 07-15_07:35
Epoch 0014 [Train seq (cond on sampled tp)] | Loss 2057011.323349 | MAPE 0.044357 | RMSE 112.661461 | Likelihood -2057008.223966 | KL fp 3.0994 | FP STD 0.3378 | ->nfe   52.00 | <-nfe   52.00
Epoch 0014 [Val seq (cond on sampled tp)] |  MAPE 0.024688 | RMSE 115.804578 |
Epoch 0014 [Test seq (cond on sampled tp)] | MAPE 0.053714 | RMSE 402.472701|
0.059867408126592636,0.055583514273166656,0.0456901378929615
344.4093562717192,433.3391065320553,429.669640537937
0.059867408126592636,0.055583514273166656,0.0456901378929615
344.4093562717192,433.3391065320553,429.669640537937
Epoch 0014 [Test seq (cond on sampled tp)] | Best Test MAPE 0.053714|Best Test RMSE 402.472701|
Experiment 07-15_07:35
Epoch 0015 [Train seq (cond on sampled tp)] | Loss 2183732.201535 | MAPE 0.044726 | RMSE 129.287826 | Likelihood -2183729.529158 | KL fp 2.6724 | FP STD 0.3186 | ->nfe   52.00 | <-nfe   52.00
Epoch 0015 [Val seq (cond on sampled tp)] |  MAPE 0.024592 | RMSE 78.646630 |
Epoch 0015 [Test seq (cond on sampled tp)] | MAPE 0.045686 | RMSE 315.275229|
0.04909467697143555,0.042926326394081116,0.045036666095256805
253.55450443395796,325.5961719484736,366.67500937478684
0.04909467697143555,0.042926326394081116,0.045036666095256805
253.55450443395796,325.5961719484736,366.67500937478684
Epoch 0015 [Test seq (cond on sampled tp)] | Best Test MAPE 0.045686|Best Test RMSE 315.275229|
Experiment 07-15_07:35
Epoch 0016 [Train seq (cond on sampled tp)] | Loss 2062039.151070 | MAPE 0.050440 | RMSE 111.235784 | Likelihood -2062036.169769 | KL fp 2.9813 | FP STD 0.2831 | ->nfe   52.00 | <-nfe   52.00
Epoch 0016 [Val seq (cond on sampled tp)] |  MAPE 0.028898 | RMSE 80.221255 |
Epoch 0016 [Test seq (cond on sampled tp)] | MAPE 0.051922 | RMSE 318.934218|
0.055223893374204636,0.05093361437320709,0.04960879310965538
254.10959741812192,350.32167137860597,352.3713861113016
Experiment 07-15_07:35
Epoch 0017 [Train seq (cond on sampled tp)] | Loss 2053829.162892 | MAPE 0.054829 | RMSE 110.209006 | Likelihood -2053826.011860 | KL fp 3.1510 | FP STD 0.2612 | ->nfe   52.00 | <-nfe   52.00
Epoch 0017 [Val seq (cond on sampled tp)] |  MAPE 0.030784 | RMSE 90.937795 |
Epoch 0017 [Test seq (cond on sampled tp)] | MAPE 0.045720 | RMSE 304.909379|
0.051614388823509216,0.04578095301985741,0.039764367043972015
246.05543550945995,325.5202206660901,343.1524806846076
Experiment 07-15_07:35
Epoch 0018 [Train seq (cond on sampled tp)] | Loss 2011698.842729 | MAPE 0.058069 | RMSE 103.076233 | Likelihood -2011695.646870 | KL fp 3.1959 | FP STD 0.2484 | ->nfe   52.00 | <-nfe   52.00
Epoch 0018 [Val seq (cond on sampled tp)] |  MAPE 0.031394 | RMSE 94.282467 |
Epoch 0018 [Test seq (cond on sampled tp)] | MAPE 0.050806 | RMSE 315.046316|
0.05805961415171623,0.054654330015182495,0.039704788476228714
272.26926871665114,340.23098771275966,332.6386928786247
Experiment 07-15_07:35
Epoch 0019 [Train seq (cond on sampled tp)] | Loss 2044013.458144 | MAPE 0.058857 | RMSE 109.955768 | Likelihood -2044010.977874 | KL fp 2.4803 | FP STD 0.3171 | ->nfe   52.00 | <-nfe   52.00
Epoch 0019 [Val seq (cond on sampled tp)] |  MAPE 0.033460 | RMSE 96.698059 |
Epoch 0019 [Test seq (cond on sampled tp)] | MAPE 0.055266 | RMSE 285.344589|
0.058473553508520126,0.0511837899684906,0.056140899658203125
227.50600095107382,288.91280583421707,339.6149589056701
Experiment 07-15_07:35
Epoch 0020 [Train seq (cond on sampled tp)] | Loss 1979060.132170 | MAPE 0.058820 | RMSE 99.709243 | Likelihood -1979057.484239 | KL fp 2.6479 | FP STD 0.3427 | ->nfe   52.00 | <-nfe   52.00
Epoch 0020 [Val seq (cond on sampled tp)] |  MAPE 0.031119 | RMSE 76.272947 |
Epoch 0020 [Test seq (cond on sampled tp)] | MAPE 0.048772 | RMSE 288.382741|
0.0510040745139122,0.05086043104529381,0.0444503054022789
230.73087847371013,306.96617790075834,327.451165252164
Experiment 07-15_07:35
Epoch 0021 [Train seq (cond on sampled tp)] | Loss 2019298.521403 | MAPE 0.070097 | RMSE 104.551739 | Likelihood -2019295.332689 | KL fp 3.1887 | FP STD 0.2509 | ->nfe   52.00 | <-nfe   52.00
Epoch 0021 [Val seq (cond on sampled tp)] |  MAPE 0.024645 | RMSE 85.024304 |
Epoch 0021 [Test seq (cond on sampled tp)] | MAPE 0.050165 | RMSE 314.004914|
0.05216851457953453,0.05104482173919678,0.047280941158533096
262.11815978199604,323.9330804734212,355.96350322048465
Experiment 07-15_07:35
Epoch 0022 [Train seq (cond on sampled tp)] | Loss 2003191.927648 | MAPE 0.066313 | RMSE 103.285555 | Likelihood -2003189.198692 | KL fp 2.7290 | FP STD 0.2863 | ->nfe   52.00 | <-nfe   52.00
Epoch 0022 [Val seq (cond on sampled tp)] |  MAPE 0.024544 | RMSE 89.774808 |
Epoch 0022 [Test seq (cond on sampled tp)] | MAPE 0.045613 | RMSE 323.026884|
0.0522659532725811,0.041445184499025345,0.04312797635793686
254.18800713005717,347.37325701253974,367.5193872437208
0.0522659532725811,0.041445184499025345,0.04312797635793686
254.18800713005717,347.37325701253974,367.5193872437208
Epoch 0022 [Test seq (cond on sampled tp)] | Best Test MAPE 0.045613|Best Test RMSE 323.026884|
Experiment 07-15_07:35
Epoch 0023 [Train seq (cond on sampled tp)] | Loss 2046889.864496 | MAPE 0.067229 | RMSE 110.791717 | Likelihood -2046887.119515 | KL fp 2.7450 | FP STD 0.2834 | ->nfe   52.00 | <-nfe   52.00
Epoch 0023 [Val seq (cond on sampled tp)] |  MAPE 0.027836 | RMSE 84.918797 |
Epoch 0023 [Test seq (cond on sampled tp)] | MAPE 0.043092 | RMSE 286.723910|
0.04525855556130409,0.043713439255952835,0.04030439257621765
210.74735874679425,298.5741768179224,350.85019506193805
0.04525855556130409,0.043713439255952835,0.04030439257621765
210.74735874679425,298.5741768179224,350.85019506193805
Epoch 0023 [Test seq (cond on sampled tp)] | Best Test MAPE 0.043092|Best Test RMSE 286.723910|
Experiment 07-15_07:35
Epoch 0024 [Train seq (cond on sampled tp)] | Loss 1980814.683772 | MAPE 0.072610 | RMSE 99.275771 | Likelihood -1980811.501551 | KL fp 3.1822 | FP STD 0.2345 | ->nfe   52.00 | <-nfe   52.00
Epoch 0024 [Val seq (cond on sampled tp)] |  MAPE 0.026037 | RMSE 78.936489 |
Epoch 0024 [Test seq (cond on sampled tp)] | MAPE 0.050366 | RMSE 295.432923|
0.05449572950601578,0.05226572975516319,0.04433697089552879
232.97190851312953,304.49742147923024,348.8294376375079
Experiment 07-15_07:35
Epoch 0025 [Train seq (cond on sampled tp)] | Loss 2065511.747974 | MAPE 0.070415 | RMSE 113.676039 | Likelihood -2065509.043313 | KL fp 2.7047 | FP STD 0.2212 | ->nfe   52.00 | <-nfe   52.00
Epoch 0025 [Val seq (cond on sampled tp)] |  MAPE 0.023515 | RMSE 86.265058 |
Epoch 0025 [Test seq (cond on sampled tp)] | MAPE 0.045852 | RMSE 314.896151|
0.045086249709129333,0.04533623531460762,0.04713280871510506
235.52608998261744,332.89301256184393,376.2693516618115
Experiment 07-15_07:35
Epoch 0026 [Train seq (cond on sampled tp)] | Loss 2066592.901380 | MAPE 0.134875 | RMSE 112.126969 | Likelihood -2066589.486507 | KL fp 3.4149 | FP STD 0.1967 | ->nfe   52.00 | <-nfe   52.00
Epoch 0026 [Val seq (cond on sampled tp)] |  MAPE 0.030649 | RMSE 94.723663 |
Epoch 0026 [Test seq (cond on sampled tp)] | MAPE 0.050089 | RMSE 295.230261|
0.05581042170524597,0.048492610454559326,0.04596402868628502
225.34116495882415,304.7331311984307,355.616487156459
Experiment 07-15_07:35
Epoch 0027 [Train seq (cond on sampled tp)] | Loss 2010070.192099 | MAPE 0.071994 | RMSE 106.787110 | Likelihood -2010067.177869 | KL fp 3.0142 | FP STD 0.1865 | ->nfe   52.00 | <-nfe   52.00
Epoch 0027 [Val seq (cond on sampled tp)] |  MAPE 0.026048 | RMSE 84.201761 |
Epoch 0027 [Test seq (cond on sampled tp)] | MAPE 0.053624 | RMSE 295.712516|
0.04940832033753395,0.051907118409872055,0.059556569904088974
239.17700689029454,311.83938924949814,336.1211532877691
Experiment 07-15_07:35
Epoch 0028 [Train seq (cond on sampled tp)] | Loss 2000821.330431 | MAPE 0.075870 | RMSE 103.311896 | Likelihood -2000818.286720 | KL fp 3.0437 | FP STD 0.2190 | ->nfe   52.00 | <-nfe   52.00
Epoch 0028 [Val seq (cond on sampled tp)] |  MAPE 0.033070 | RMSE 82.757166 |
Epoch 0028 [Test seq (cond on sampled tp)] | MAPE 0.061521 | RMSE 307.011397|
0.06310992687940598,0.06469038128852844,0.05676158145070076
260.0472312869337,326.8559865407088,334.13097403937275
Experiment 07-15_07:35
Epoch 0029 [Train seq (cond on sampled tp)] | Loss 2055133.188517 | MAPE 0.080544 | RMSE 112.144756 | Likelihood -2055130.319529 | KL fp 2.8690 | FP STD 0.2298 | ->nfe   52.00 | <-nfe   52.00
Epoch 0029 [Val seq (cond on sampled tp)] |  MAPE 0.049644 | RMSE 97.011955 |
Epoch 0029 [Test seq (cond on sampled tp)] | MAPE 0.089918 | RMSE 282.975525|
0.09474373608827591,0.08219034224748611,0.09281975775957108
253.20387659947073,265.91321128800655,329.8094857262295
Experiment 07-15_07:35
Epoch 0030 [Train seq (cond on sampled tp)] | Loss 1976585.998094 | MAPE 0.077228 | RMSE 100.189753 | Likelihood -1976583.028167 | KL fp 2.9699 | FP STD 0.2157 | ->nfe   52.00 | <-nfe   52.00
Epoch 0030 [Val seq (cond on sampled tp)] |  MAPE 0.031969 | RMSE 83.452696 |
Epoch 0030 [Test seq (cond on sampled tp)] | MAPE 0.061335 | RMSE 285.178413|
0.06163335591554642,0.0589924193918705,0.06337952613830566
238.60306342333496,288.80943652346264,328.1227380874419
Experiment 07-15_07:35
Epoch 0031 [Train seq (cond on sampled tp)] | Loss 2026614.531910 | MAPE 0.086882 | RMSE 104.160434 | Likelihood -2026611.304798 | KL fp 3.2271 | FP STD 0.2177 | ->nfe   52.00 | <-nfe   52.00
Epoch 0031 [Val seq (cond on sampled tp)] |  MAPE 0.038212 | RMSE 87.702717 |
Epoch 0031 [Test seq (cond on sampled tp)] | MAPE 0.057521 | RMSE 282.555179|
0.051523540169000626,0.056035444140434265,0.06500301510095596
234.64338799814922,296.55920045582803,316.46294708069695
Experiment 07-15_07:35
Epoch 0032 [Train seq (cond on sampled tp)] | Loss 1980235.958036 | MAPE 0.074153 | RMSE 100.265425 | Likelihood -1980233.269945 | KL fp 2.6881 | FP STD 0.2274 | ->nfe   52.00 | <-nfe   52.00
Epoch 0032 [Val seq (cond on sampled tp)] |  MAPE 0.025928 | RMSE 76.466656 |
Epoch 0032 [Test seq (cond on sampled tp)] | MAPE 0.047167 | RMSE 289.022548|
0.04733841493725777,0.04823950678110123,0.04592399671673775
245.74824357205486,317.7141625148303,303.6052381382772
Experiment 07-15_07:35
Epoch 0033 [Train seq (cond on sampled tp)] | Loss 1969378.196619 | MAPE 0.076062 | RMSE 97.738192 | Likelihood -1969375.020747 | KL fp 3.1759 | FP STD 0.1980 | ->nfe   52.00 | <-nfe   52.00
Epoch 0033 [Val seq (cond on sampled tp)] |  MAPE 0.024707 | RMSE 91.521626 |
Epoch 0033 [Test seq (cond on sampled tp)] | MAPE 0.047476 | RMSE 329.754864|
0.049598328769207,0.04713881015777588,0.0456918329000473
273.86062262581675,358.79928886147474,356.604680896788
Experiment 07-15_07:35
Epoch 0034 [Train seq (cond on sampled tp)] | Loss 2022374.229897 | MAPE 0.071519 | RMSE 109.399155 | Likelihood -2022371.541942 | KL fp 2.6880 | FP STD 0.2022 | ->nfe   52.00 | <-nfe   52.00
Epoch 0034 [Val seq (cond on sampled tp)] |  MAPE 0.026229 | RMSE 86.716084 |
Epoch 0034 [Test seq (cond on sampled tp)] | MAPE 0.047291 | RMSE 266.537313|
0.047206632792949677,0.04677193611860275,0.04789358004927635
209.57692688187313,272.8472844376502,317.1877278324305
Experiment 07-15_07:35
Epoch 0035 [Train seq (cond on sampled tp)] | Loss 1986474.932997 | MAPE 0.068394 | RMSE 96.902932 | Likelihood -1986471.834806 | KL fp 3.0982 | FP STD 0.2127 | ->nfe   52.00 | <-nfe   52.00
Epoch 0035 [Val seq (cond on sampled tp)] |  MAPE 0.029957 | RMSE 96.469575 |
Epoch 0035 [Test seq (cond on sampled tp)] | MAPE 0.045030 | RMSE 281.709902|
0.049388423562049866,0.042433515191078186,0.04326670244336128
241.27385730482695,276.9236836431655,326.93216517345
Experiment 07-15_07:35
Epoch 0036 [Train seq (cond on sampled tp)] | Loss 2033257.729679 | MAPE 0.092463 | RMSE 108.331366 | Likelihood -2033254.886823 | KL fp 2.8429 | FP STD 0.2084 | ->nfe   52.00 | <-nfe   52.00
Epoch 0036 [Val seq (cond on sampled tp)] |  MAPE 0.031265 | RMSE 78.274635 |
Epoch 0036 [Test seq (cond on sampled tp)] | MAPE 0.065263 | RMSE 266.152987|
0.06087668240070343,0.06484532356262207,0.07006829977035522
231.6099394725969,268.5550455679431,298.2939772690693
Experiment 07-15_07:35
Epoch 0037 [Train seq (cond on sampled tp)] | Loss 1968399.528692 | MAPE 0.078765 | RMSE 96.609459 | Likelihood -1968396.483364 | KL fp 3.0453 | FP STD 0.1928 | ->nfe   52.00 | <-nfe   52.00
Epoch 0037 [Val seq (cond on sampled tp)] |  MAPE 0.033274 | RMSE 101.350071 |
Epoch 0037 [Test seq (cond on sampled tp)] | MAPE 0.049850 | RMSE 284.319352|
0.05697529762983322,0.05064588040113449,0.04192886874079704
245.17739910368982,272.4719022211281,335.3087546389149
Experiment 07-15_07:35
Epoch 0038 [Train seq (cond on sampled tp)] | Loss 1941181.035454 | MAPE 0.084932 | RMSE 95.025049 | Likelihood -1941178.471450 | KL fp 2.5640 | FP STD 0.2688 | ->nfe   52.00 | <-nfe   52.00
Epoch 0038 [Val seq (cond on sampled tp)] |  MAPE 0.029676 | RMSE 93.660238 |
Epoch 0038 [Test seq (cond on sampled tp)] | MAPE 0.044282 | RMSE 306.181584|
0.04421759024262428,0.043434008955955505,0.04519444331526756
246.5619534214474,315.1244793728345,356.85831834917343
Experiment 07-15_07:35
Epoch 0039 [Train seq (cond on sampled tp)] | Loss 2017281.551001 | MAPE 0.082903 | RMSE 107.818432 | Likelihood -2017279.036046 | KL fp 2.5150 | FP STD 0.2328 | ->nfe   52.00 | <-nfe   52.00
Epoch 0039 [Val seq (cond on sampled tp)] |  MAPE 0.035785 | RMSE 91.826794 |
Epoch 0039 [Test seq (cond on sampled tp)] | MAPE 0.049984 | RMSE 275.965259|
0.05430644378066063,0.04694903641939163,0.04869570583105087
253.4483968064308,258.72332290015913,315.72405623819674
Experiment 07-15_07:35
Epoch 0040 [Train seq (cond on sampled tp)] | Loss 1998415.659061 | MAPE 0.086928 | RMSE 99.498822 | Likelihood -1998412.489484 | KL fp 3.1696 | FP STD 0.1976 | ->nfe   52.00 | <-nfe   52.00
Epoch 0040 [Val seq (cond on sampled tp)] |  MAPE 0.032793 | RMSE 94.480095 |
Epoch 0040 [Test seq (cond on sampled tp)] | MAPE 0.050465 | RMSE 314.483639|
0.05496370047330856,0.04880496487021446,0.04762522503733635
285.78575891741,300.26436268728264,357.40079480185824
Experiment 07-15_07:35
Epoch 0041 [Train seq (cond on sampled tp)] | Loss 1967869.066553 | MAPE 0.093763 | RMSE 100.086782 | Likelihood -1967866.410875 | KL fp 2.6557 | FP STD 0.2349 | ->nfe   52.00 | <-nfe   52.00
Epoch 0041 [Val seq (cond on sampled tp)] |  MAPE 0.029327 | RMSE 82.174203 |
Epoch 0041 [Test seq (cond on sampled tp)] | MAPE 0.045606 | RMSE 280.008635|
0.04741887003183365,0.04698382318019867,0.04241522401571274
225.670641159301,279.63107671090495,334.7241868314867
Experiment 07-15_07:35
Epoch 0042 [Train seq (cond on sampled tp)] | Loss 1992570.985461 | MAPE 0.088893 | RMSE 101.692487 | Likelihood -1992567.938779 | KL fp 3.0467 | FP STD 0.2221 | ->nfe   52.00 | <-nfe   52.00
Epoch 0042 [Val seq (cond on sampled tp)] |  MAPE 0.031136 | RMSE 80.095103 |
Epoch 0042 [Test seq (cond on sampled tp)] | MAPE 0.046340 | RMSE 280.513101|
0.050683215260505676,0.05031722038984299,0.038020625710487366
239.85826706880462,280.2691228979746,321.41191201867423
Experiment 07-15_07:35
Epoch 0043 [Train seq (cond on sampled tp)] | Loss 1955558.156867 | MAPE 0.081620 | RMSE 96.710530 | Likelihood -1955555.082508 | KL fp 3.0744 | FP STD 0.1931 | ->nfe   52.00 | <-nfe   52.00
Epoch 0043 [Val seq (cond on sampled tp)] |  MAPE 0.027321 | RMSE 84.278718 |
Epoch 0043 [Test seq (cond on sampled tp)] | MAPE 0.042723 | RMSE 289.573760|
0.044981926679611206,0.04300819709897041,0.04017920419573784
248.3648871871787,295.38107008151354,324.97532358242216
0.044981926679611206,0.04300819709897041,0.04017920419573784
248.3648871871787,295.38107008151354,324.97532358242216
Epoch 0043 [Test seq (cond on sampled tp)] | Best Test MAPE 0.042723|Best Test RMSE 289.573760|
Experiment 07-15_07:35
Epoch 0044 [Train seq (cond on sampled tp)] | Loss 1931264.169987 | MAPE 0.079099 | RMSE 92.895455 | Likelihood -1931261.239248 | KL fp 2.9307 | FP STD 0.1906 | ->nfe   52.00 | <-nfe   52.00
Epoch 0044 [Val seq (cond on sampled tp)] |  MAPE 0.030275 | RMSE 91.837407 |
Epoch 0044 [Test seq (cond on sampled tp)] | MAPE 0.049092 | RMSE 278.871695|
0.05367002263665199,0.04727417230606079,0.04633062332868576
244.70098941105653,274.1224492585385,317.7916475459983
Experiment 07-15_07:35
Epoch 0045 [Train seq (cond on sampled tp)] | Loss 1935006.873166 | MAPE 0.082019 | RMSE 92.512175 | Likelihood -1935004.106893 | KL fp 2.7663 | FP STD 0.2407 | ->nfe   52.00 | <-nfe   52.00
Epoch 0045 [Val seq (cond on sampled tp)] |  MAPE 0.034828 | RMSE 98.417944 |
Epoch 0045 [Test seq (cond on sampled tp)] | MAPE 0.055533 | RMSE 299.432084|
0.062170084565877914,0.05519213154911995,0.04923783615231514
273.7352735764976,298.35147320316685,326.20950419170805
Experiment 07-15_07:35
Epoch 0046 [Train seq (cond on sampled tp)] | Loss 1974607.605560 | MAPE 0.080601 | RMSE 98.579366 | Likelihood -1974605.066831 | KL fp 2.5387 | FP STD 0.2535 | ->nfe   52.00 | <-nfe   52.00
Epoch 0046 [Val seq (cond on sampled tp)] |  MAPE 0.025698 | RMSE 82.999079 |
Epoch 0046 [Test seq (cond on sampled tp)] | MAPE 0.046752 | RMSE 269.609168|
0.05081568658351898,0.048041582107543945,0.041400063782930374
239.50794284845753,260.67914605411,308.6404157753809
Experiment 07-15_07:35
Epoch 0047 [Train seq (cond on sampled tp)] | Loss 1940472.670364 | MAPE 0.070165 | RMSE 90.503745 | Likelihood -1940469.857196 | KL fp 2.8132 | FP STD 0.2456 | ->nfe   52.00 | <-nfe   52.00
Epoch 0047 [Val seq (cond on sampled tp)] |  MAPE 0.028894 | RMSE 101.135405 |
Epoch 0047 [Test seq (cond on sampled tp)] | MAPE 0.050659 | RMSE 322.799747|
0.05648718774318695,0.054968032985925674,0.040522463619709015
271.6315432944046,342.431642357274,354.3360538563639
Experiment 07-15_07:35
Epoch 0048 [Train seq (cond on sampled tp)] | Loss 1984709.330553 | MAPE 0.095971 | RMSE 102.273437 | Likelihood -1984706.939957 | KL fp 2.3906 | FP STD 0.2804 | ->nfe   52.00 | <-nfe   52.00
Epoch 0048 [Val seq (cond on sampled tp)] |  MAPE 0.034625 | RMSE 83.634199 |
Epoch 0048 [Test seq (cond on sampled tp)] | MAPE 0.055996 | RMSE 305.111385|
0.05950368568301201,0.05477851629257202,0.05370562896132469
257.62287723531074,334.323944700346,323.38733306593815
Experiment 07-15_07:35
Epoch 0049 [Train seq (cond on sampled tp)] | Loss 1954530.418719 | MAPE 0.087631 | RMSE 96.265082 | Likelihood -1954527.872435 | KL fp 2.5463 | FP STD 0.2392 | ->nfe   52.00 | <-nfe   52.00
Epoch 0049 [Val seq (cond on sampled tp)] |  MAPE 0.027368 | RMSE 87.954931 |
Epoch 0049 [Test seq (cond on sampled tp)] | MAPE 0.056462 | RMSE 298.185368|
0.06230766326189041,0.05609993636608124,0.050977323204278946
280.0711126214198,297.96267855639235,316.52231358942134
Experiment 07-15_07:35
Epoch 0050 [Train seq (cond on sampled tp)] | Loss 1961860.560943 | MAPE 0.079467 | RMSE 95.230255 | Likelihood -1961858.154963 | KL fp 2.4060 | FP STD 0.3775 | ->nfe   52.00 | <-nfe   52.00
Epoch 0050 [Val seq (cond on sampled tp)] |  MAPE 0.026980 | RMSE 84.061135 |
Epoch 0050 [Test seq (cond on sampled tp)] | MAPE 0.045457 | RMSE 286.998701|
0.04954898729920387,0.04322047159075737,0.04360182210803032
237.68390905780728,302.0982481950202,321.21394496114266
Experiment 07-15_07:35
Epoch 0051 [Train seq (cond on sampled tp)] | Loss 2029561.310526 | MAPE 0.079170 | RMSE 107.917780 | Likelihood -2029558.879773 | KL fp 2.4308 | FP STD 0.3005 | ->nfe   52.00 | <-nfe   52.00
Epoch 0051 [Val seq (cond on sampled tp)] |  MAPE 0.027689 | RMSE 81.976875 |
Epoch 0051 [Test seq (cond on sampled tp)] | MAPE 0.053498 | RMSE 294.498190|
0.06005881354212761,0.05469098314642906,0.04574309289455414
263.55930606317054,307.9665414050689,311.9687233922657
Experiment 07-15_07:35
Epoch 0052 [Train seq (cond on sampled tp)] | Loss 1986570.228528 | MAPE 0.073940 | RMSE 100.241899 | Likelihood -1986567.893439 | KL fp 2.3351 | FP STD 0.2949 | ->nfe   52.00 | <-nfe   52.00
Epoch 0052 [Val seq (cond on sampled tp)] |  MAPE 0.029732 | RMSE 89.453266 |
Epoch 0052 [Test seq (cond on sampled tp)] | MAPE 0.053860 | RMSE 311.790007|
0.06042070314288139,0.052097633481025696,0.04906018450856209
276.92271033629584,322.2786061779466,336.16870532145015
Experiment 07-15_07:35
Epoch 0053 [Train seq (cond on sampled tp)] | Loss 2006760.462612 | MAPE 0.095846 | RMSE 100.654568 | Likelihood -2006758.137293 | KL fp 2.3253 | FP STD 0.3960 | ->nfe   52.00 | <-nfe   52.00
Epoch 0053 [Val seq (cond on sampled tp)] |  MAPE 0.032550 | RMSE 98.547280 |
Epoch 0053 [Test seq (cond on sampled tp)] | MAPE 0.051486 | RMSE 346.365755|
0.06217567250132561,0.04516337439417839,0.04711972177028656
336.25309013449976,354.564036881915,348.2801382328599
Experiment 07-15_07:35
Epoch 0054 [Train seq (cond on sampled tp)] | Loss 1969182.195082 | MAPE 0.100401 | RMSE 98.596845 | Likelihood -1969179.792209 | KL fp 2.4029 | FP STD 0.2907 | ->nfe   52.00 | <-nfe   52.00
Epoch 0054 [Val seq (cond on sampled tp)] |  MAPE 0.032768 | RMSE 92.352511 |
Epoch 0054 [Test seq (cond on sampled tp)] | MAPE 0.046950 | RMSE 275.871357|
0.05281452089548111,0.0451369546353817,0.04289799928665161
266.00515443784167,279.98667658033304,281.6222397778627
Experiment 07-15_07:35
Epoch 0055 [Train seq (cond on sampled tp)] | Loss 1925622.780497 | MAPE 0.089595 | RMSE 90.149514 | Likelihood -1925620.075628 | KL fp 2.7049 | FP STD 0.2579 | ->nfe   52.00 | <-nfe   52.00
Epoch 0055 [Val seq (cond on sampled tp)] |  MAPE 0.028249 | RMSE 87.308513 |
Epoch 0055 [Test seq (cond on sampled tp)] | MAPE 0.056907 | RMSE 266.998787|
0.057001255452632904,0.055388443171978,0.05833154544234276
241.59475851878491,273.3653976365699,286.03620564099924
Experiment 07-15_07:35
Epoch 0056 [Train seq (cond on sampled tp)] | Loss 1944492.660082 | MAPE 0.084793 | RMSE 93.939303 | Likelihood -1944489.903606 | KL fp 2.7565 | FP STD 0.2383 | ->nfe   52.00 | <-nfe   52.00
Epoch 0056 [Val seq (cond on sampled tp)] |  MAPE 0.029075 | RMSE 84.782148 |
Epoch 0056 [Test seq (cond on sampled tp)] | MAPE 0.052083 | RMSE 253.345991|
0.054673805832862854,0.04874378442764282,0.05283031985163689
228.68886648949484,245.55954916781388,285.7895587228477
Experiment 07-15_07:35
Epoch 0057 [Train seq (cond on sampled tp)] | Loss 1933278.413771 | MAPE 0.084137 | RMSE 90.186625 | Likelihood -1933275.512930 | KL fp 2.9008 | FP STD 0.2266 | ->nfe   52.00 | <-nfe   52.00
Epoch 0057 [Val seq (cond on sampled tp)] |  MAPE 0.028205 | RMSE 85.436777 |
Epoch 0057 [Test seq (cond on sampled tp)] | MAPE 0.045264 | RMSE 264.483451|
0.050200946629047394,0.04299281910061836,0.042597319930791855
230.07564992301988,265.25740741306356,298.11729549792983
Experiment 07-15_07:35
Epoch 0058 [Train seq (cond on sampled tp)] | Loss 1959375.162884 | MAPE 0.081267 | RMSE 93.447405 | Likelihood -1959372.078584 | KL fp 3.0843 | FP STD 0.1871 | ->nfe   52.00 | <-nfe   52.00
Epoch 0058 [Val seq (cond on sampled tp)] |  MAPE 0.030864 | RMSE 96.278197 |
Epoch 0058 [Test seq (cond on sampled tp)] | MAPE 0.048067 | RMSE 297.977111|
0.052127618342638016,0.047961000353097916,0.044111669063568115
265.1322046404397,312.0702920617405,316.728837098866
Experiment 07-15_07:35
Epoch 0059 [Train seq (cond on sampled tp)] | Loss 1937659.999862 | MAPE 0.083273 | RMSE 94.824596 | Likelihood -1937657.033010 | KL fp 2.9669 | FP STD 0.2006 | ->nfe   52.00 | <-nfe   52.00
Epoch 0059 [Val seq (cond on sampled tp)] |  MAPE 0.028306 | RMSE 88.960380 |
Epoch 0059 [Test seq (cond on sampled tp)] | MAPE 0.051020 | RMSE 303.148505|
0.05748291686177254,0.04861654341220856,0.046961355954408646
288.5972945775826,306.51534423255225,314.3328749112953
Experiment 07-15_07:35
Epoch 0060 [Train seq (cond on sampled tp)] | Loss 1940471.110751 | MAPE 0.076123 | RMSE 94.787953 | Likelihood -1940468.209174 | KL fp 2.9016 | FP STD 0.2091 | ->nfe   52.00 | <-nfe   52.00
Epoch 0060 [Val seq (cond on sampled tp)] |  MAPE 0.030478 | RMSE 83.544068 |
Epoch 0060 [Test seq (cond on sampled tp)] | MAPE 0.043518 | RMSE 262.732091|
0.04726146534085274,0.044665489345788956,0.03862834349274635
237.2591788925141,269.20564571995885,281.7314490343597
Experiment 07-15_07:35
Epoch 0061 [Train seq (cond on sampled tp)] | Loss 1923708.985909 | MAPE 0.101945 | RMSE 89.291840 | Likelihood -1923706.343685 | KL fp 2.6422 | FP STD 0.2965 | ->nfe   52.00 | <-nfe   52.00
Epoch 0061 [Val seq (cond on sampled tp)] |  MAPE 0.030422 | RMSE 81.514114 |
Epoch 0061 [Test seq (cond on sampled tp)] | MAPE 0.043804 | RMSE 247.753302|
0.04514960199594498,0.04720880836248398,0.03905387222766876
220.17206517006193,249.65026318081462,273.4375785714173
Experiment 07-15_07:35
Epoch 0062 [Train seq (cond on sampled tp)] | Loss 1937703.112659 | MAPE 0.108125 | RMSE 91.933360 | Likelihood -1937700.160890 | KL fp 2.9518 | FP STD 0.2547 | ->nfe   52.00 | <-nfe   52.00
Epoch 0062 [Val seq (cond on sampled tp)] |  MAPE 0.029659 | RMSE 81.407989 |
Epoch 0062 [Test seq (cond on sampled tp)] | MAPE 0.047443 | RMSE 261.461961|
0.05119971185922623,0.048323944211006165,0.04280465468764305
224.04896228280103,261.28308701961555,299.05383346899265
Experiment 07-15_07:35
Epoch 0063 [Train seq (cond on sampled tp)] | Loss 1941791.488045 | MAPE 0.103011 | RMSE 94.212709 | Likelihood -1941788.504740 | KL fp 2.9833 | FP STD 0.2306 | ->nfe   52.00 | <-nfe   52.00
Epoch 0063 [Val seq (cond on sampled tp)] |  MAPE 0.034961 | RMSE 96.766214 |
Epoch 0063 [Test seq (cond on sampled tp)] | MAPE 0.047074 | RMSE 262.116582|
0.059171345084905624,0.043993014842271805,0.038056280463933945
247.1540748576685,276.55805787392995,262.6376127385413
Experiment 07-15_07:35
Epoch 0064 [Train seq (cond on sampled tp)] | Loss 1973665.623770 | MAPE 0.100776 | RMSE 98.716703 | Likelihood -1973663.087619 | KL fp 2.5362 | FP STD 0.3014 | ->nfe   52.00 | <-nfe   52.00
Epoch 0064 [Val seq (cond on sampled tp)] |  MAPE 0.037239 | RMSE 95.280338 |
Epoch 0064 [Test seq (cond on sampled tp)] | MAPE 0.046242 | RMSE 264.721628|
0.05322739854454994,0.044805943965911865,0.04069267213344574
241.63469167060842,267.04730971309186,285.4828831339981
Experiment 07-15_07:35
Epoch 0065 [Train seq (cond on sampled tp)] | Loss 1945355.551398 | MAPE 0.116395 | RMSE 91.844292 | Likelihood -1945353.012823 | KL fp 2.5386 | FP STD 0.3262 | ->nfe   52.00 | <-nfe   52.00
Epoch 0065 [Val seq (cond on sampled tp)] |  MAPE 0.037156 | RMSE 90.211430 |
Epoch 0065 [Test seq (cond on sampled tp)] | MAPE 0.049872 | RMSE 261.900031|
0.056646063923835754,0.046710580587387085,0.04626046121120453
242.76136044477917,259.8906621062019,283.0480717784525
Experiment 07-15_07:35
Epoch 0066 [Train seq (cond on sampled tp)] | Loss 1940537.992971 | MAPE 0.106275 | RMSE 91.878490 | Likelihood -1940535.160978 | KL fp 2.8320 | FP STD 0.3158 | ->nfe   52.00 | <-nfe   52.00
Epoch 0066 [Val seq (cond on sampled tp)] |  MAPE 0.043113 | RMSE 94.370876 |
Epoch 0066 [Test seq (cond on sampled tp)] | MAPE 0.056805 | RMSE 273.991179|
0.06155961751937866,0.05779503285884857,0.05105980858206749
229.42532656345944,286.8362718956583,305.7119380438062
Experiment 07-15_07:35
Epoch 0067 [Train seq (cond on sampled tp)] | Loss 1946180.200522 | MAPE 0.135020 | RMSE 94.564281 | Likelihood -1946176.856624 | KL fp 3.3439 | FP STD 0.2268 | ->nfe   52.00 | <-nfe   52.00
Epoch 0067 [Val seq (cond on sampled tp)] |  MAPE 0.041067 | RMSE 87.760347 |
Epoch 0067 [Test seq (cond on sampled tp)] | MAPE 0.048589 | RMSE 265.613137|
0.049771957099437714,0.04784223437309265,0.04815230146050453
239.84430170946317,273.83775705241965,283.1573519043784
Experiment 07-15_07:35
Epoch 0068 [Train seq (cond on sampled tp)] | Loss 1964943.129160 | MAPE 0.146733 | RMSE 98.556988 | Likelihood -1964939.919727 | KL fp 3.2094 | FP STD 0.2177 | ->nfe   52.00 | <-nfe   52.00
Epoch 0068 [Val seq (cond on sampled tp)] |  MAPE 0.033089 | RMSE 88.660873 |
Epoch 0068 [Test seq (cond on sampled tp)] | MAPE 0.045884 | RMSE 284.963885|
0.04831599071621895,0.04651239141821861,0.04282449930906296
257.8776660065776,310.97320774867404,286.0407805278821
Experiment 07-15_07:35
Epoch 0069 [Train seq (cond on sampled tp)] | Loss 1992805.704095 | MAPE 0.118226 | RMSE 102.178432 | Likelihood -1992802.962854 | KL fp 2.7412 | FP STD 0.2591 | ->nfe   52.00 | <-nfe   52.00
Epoch 0069 [Val seq (cond on sampled tp)] |  MAPE 0.035028 | RMSE 88.362220 |
Epoch 0069 [Test seq (cond on sampled tp)] | MAPE 0.053016 | RMSE 279.181284|
0.058432359248399734,0.05677509680390358,0.043841276317834854
251.67900252603513,290.6256317197435,295.23921709776295
Experiment 07-15_07:35
Epoch 0070 [Train seq (cond on sampled tp)] | Loss 1994150.206462 | MAPE 0.089980 | RMSE 95.022647 | Likelihood -1994147.017420 | KL fp 3.1890 | FP STD 0.2839 | ->nfe   52.00 | <-nfe   52.00
Epoch 0070 [Val seq (cond on sampled tp)] |  MAPE 0.030224 | RMSE 80.229827 |
Epoch 0070 [Test seq (cond on sampled tp)] | MAPE 0.044595 | RMSE 270.887409|
0.05111907050013542,0.04490496590733528,0.03776153549551964
244.4785985648846,284.7424960600367,283.44113145413456
Experiment 07-15_07:35
Epoch 0071 [Train seq (cond on sampled tp)] | Loss 1961628.829943 | MAPE 0.089764 | RMSE 96.107881 | Likelihood -1961625.836591 | KL fp 2.9934 | FP STD 0.2377 | ->nfe   52.00 | <-nfe   52.00
Epoch 0071 [Val seq (cond on sampled tp)] |  MAPE 0.032350 | RMSE 79.332897 |
Epoch 0071 [Test seq (cond on sampled tp)] | MAPE 0.065289 | RMSE 297.732790|
0.06418436020612717,0.06384743750095367,0.06783595681190491
259.25103965558174,300.976340951411,332.97098925807336
Experiment 07-15_07:35
Epoch 0072 [Train seq (cond on sampled tp)] | Loss 1922209.926974 | MAPE 0.078812 | RMSE 88.926257 | Likelihood -1922206.788140 | KL fp 3.1388 | FP STD 0.2652 | ->nfe   52.00 | <-nfe   52.00
Epoch 0072 [Val seq (cond on sampled tp)] |  MAPE 0.030027 | RMSE 78.973449 |
Epoch 0072 [Test seq (cond on sampled tp)] | MAPE 0.046718 | RMSE 248.677875|
0.052467554807662964,0.045987918972969055,0.041697703301906586
221.2242481482308,260.13696812929146,264.6724095462162
Experiment 07-15_07:35
Epoch 0073 [Train seq (cond on sampled tp)] | Loss 1930076.550214 | MAPE 0.069428 | RMSE 93.080783 | Likelihood -1930074.131826 | KL fp 2.4184 | FP STD 0.4407 | ->nfe   52.00 | <-nfe   52.00
Epoch 0073 [Val seq (cond on sampled tp)] |  MAPE 0.023927 | RMSE 76.389888 |
Epoch 0073 [Test seq (cond on sampled tp)] | MAPE 0.045409 | RMSE 254.464843|
0.05219041183590889,0.04486941546201706,0.039167262613773346
241.3792804514298,260.3945323926753,261.6207148478499
Experiment 07-15_07:35
Epoch 0074 [Train seq (cond on sampled tp)] | Loss 1936974.372261 | MAPE 0.063296 | RMSE 91.368341 | Likelihood -1936971.779421 | KL fp 2.5928 | FP STD 0.3984 | ->nfe   52.00 | <-nfe   52.00
Epoch 0074 [Val seq (cond on sampled tp)] |  MAPE 0.027044 | RMSE 89.418278 |
Epoch 0074 [Test seq (cond on sampled tp)] | MAPE 0.046672 | RMSE 229.224274|
0.05167290195822716,0.047021426260471344,0.041320398449897766
196.3225283971506,225.92065981501116,265.42963403697036
Experiment 07-15_07:35
Epoch 0075 [Train seq (cond on sampled tp)] | Loss 1946238.275730 | MAPE 0.068052 | RMSE 95.246257 | Likelihood -1946235.858252 | KL fp 2.4175 | FP STD 0.3568 | ->nfe   52.00 | <-nfe   52.00
Epoch 0075 [Val seq (cond on sampled tp)] |  MAPE 0.025601 | RMSE 75.002790 |
Epoch 0075 [Test seq (cond on sampled tp)] | MAPE 0.053590 | RMSE 236.292242|
0.06418080627918243,0.05318227782845497,0.043405599892139435
214.1500003648144,246.32986490425802,248.39685988353395
Experiment 07-15_07:35
Epoch 0076 [Train seq (cond on sampled tp)] | Loss 1936890.311318 | MAPE 0.069833 | RMSE 89.603545 | Likelihood -1936887.824740 | KL fp 2.4866 | FP STD 0.3340 | ->nfe   52.00 | <-nfe   52.00
Epoch 0076 [Val seq (cond on sampled tp)] |  MAPE 0.028063 | RMSE 89.022510 |
Epoch 0076 [Test seq (cond on sampled tp)] | MAPE 0.049489 | RMSE 254.237482|
0.05779445916414261,0.05195321515202522,0.038720741868019104
235.41991240387887,274.54126511327945,252.75126730641728
Experiment 07-15_07:35
Epoch 0077 [Train seq (cond on sampled tp)] | Loss 1928227.841919 | MAPE 0.073281 | RMSE 89.309469 | Likelihood -1928225.209657 | KL fp 2.6323 | FP STD 0.3330 | ->nfe   52.00 | <-nfe   52.00
Epoch 0077 [Val seq (cond on sampled tp)] |  MAPE 0.026881 | RMSE 80.590160 |
Epoch 0077 [Test seq (cond on sampled tp)] | MAPE 0.050257 | RMSE 271.914515|
0.052111461758613586,0.051780786365270615,0.04688015952706337
241.51048113901805,277.8330349553487,296.40002793943864
Experiment 07-15_07:35
Epoch 0078 [Train seq (cond on sampled tp)] | Loss 1924617.545657 | MAPE 0.074333 | RMSE 90.678043 | Likelihood -1924614.827707 | KL fp 2.7180 | FP STD 0.3037 | ->nfe   52.00 | <-nfe   52.00
Epoch 0078 [Val seq (cond on sampled tp)] |  MAPE 0.026507 | RMSE 78.439701 |
Epoch 0078 [Test seq (cond on sampled tp)] | MAPE 0.054874 | RMSE 276.836255|
0.056123580783605576,0.05394228920340538,0.05455715209245682
247.2395172828365,281.90766163320217,301.361584624683
Experiment 07-15_07:35
Epoch 0079 [Train seq (cond on sampled tp)] | Loss 1949553.935158 | MAPE 0.087582 | RMSE 93.566288 | Likelihood -1949550.701241 | KL fp 3.2339 | FP STD 0.2594 | ->nfe   52.00 | <-nfe   52.00
Epoch 0079 [Val seq (cond on sampled tp)] |  MAPE 0.027523 | RMSE 82.703563 |
Epoch 0079 [Test seq (cond on sampled tp)] | MAPE 0.047605 | RMSE 282.590170|
0.04895873740315437,0.049247920513153076,0.04460689797997475
224.0705368154189,311.46980190702277,312.23017100770386
Experiment 07-15_07:35
Epoch 0080 [Train seq (cond on sampled tp)] | Loss 1956683.601987 | MAPE 0.091695 | RMSE 96.787297 | Likelihood -1956680.918248 | KL fp 2.6837 | FP STD 0.2769 | ->nfe   52.00 | <-nfe   52.00
Epoch 0080 [Val seq (cond on sampled tp)] |  MAPE 0.033037 | RMSE 93.513154 |
Epoch 0080 [Test seq (cond on sampled tp)] | MAPE 0.052997 | RMSE 261.843173|
0.058390062302351,0.048086900264024734,0.05251513049006462
215.6592635820451,259.6949382207901,310.1753158497626
Experiment 07-15_07:35
Epoch 0081 [Train seq (cond on sampled tp)] | Loss 1945083.307950 | MAPE 0.085372 | RMSE 91.684369 | Likelihood -1945080.535237 | KL fp 2.7727 | FP STD 0.2994 | ->nfe   52.00 | <-nfe   52.00
Epoch 0081 [Val seq (cond on sampled tp)] |  MAPE 0.029954 | RMSE 87.708399 |
Epoch 0081 [Test seq (cond on sampled tp)] | MAPE 0.053709 | RMSE 283.443548|
0.05830464884638786,0.05599410459399223,0.046827562153339386
246.65644598053788,310.7080623350479,292.9661349883293
Experiment 07-15_07:35
Epoch 0082 [Train seq (cond on sampled tp)] | Loss 1967505.176092 | MAPE 0.101696 | RMSE 95.975378 | Likelihood -1967502.280315 | KL fp 2.8958 | FP STD 0.3492 | ->nfe   52.00 | <-nfe   52.00
Epoch 0082 [Val seq (cond on sampled tp)] |  MAPE 0.031940 | RMSE 89.162482 |
Epoch 0082 [Test seq (cond on sampled tp)] | MAPE 0.061284 | RMSE 310.720917|
0.06081199645996094,0.05862514674663544,0.06441434472799301
284.34432526867846,334.17013584026324,313.64829028706663
Experiment 07-15_07:35
Epoch 0083 [Train seq (cond on sampled tp)] | Loss 1947898.191284 | MAPE 0.084735 | RMSE 95.490250 | Likelihood -1947895.607939 | KL fp 2.5833 | FP STD 0.3064 | ->nfe   52.00 | <-nfe   52.00
Epoch 0083 [Val seq (cond on sampled tp)] |  MAPE 0.029343 | RMSE 88.602127 |
Epoch 0083 [Test seq (cond on sampled tp)] | MAPE 0.048298 | RMSE 321.560245|
0.05589553713798523,0.05002789944410324,0.038971710950136185
295.8970075254226,353.09638158369734,315.68734532762
Experiment 07-15_07:35
Epoch 0084 [Train seq (cond on sampled tp)] | Loss 1952914.941954 | MAPE 0.079277 | RMSE 94.067112 | Likelihood -1952911.920395 | KL fp 3.0216 | FP STD 0.3059 | ->nfe   52.00 | <-nfe   52.00
Epoch 0084 [Val seq (cond on sampled tp)] |  MAPE 0.029010 | RMSE 86.875275 |
Epoch 0084 [Test seq (cond on sampled tp)] | MAPE 0.048876 | RMSE 244.096029|
0.055867936462163925,0.04517713934183121,0.045582711696624756
229.17666834235112,228.52888049161314,274.5825382512515
Experiment 07-15_07:35
Epoch 0085 [Train seq (cond on sampled tp)] | Loss 1922993.766036 | MAPE 0.084378 | RMSE 87.598135 | Likelihood -1922990.980328 | KL fp 2.7857 | FP STD 0.3612 | ->nfe   52.00 | <-nfe   52.00
Epoch 0085 [Val seq (cond on sampled tp)] |  MAPE 0.033977 | RMSE 84.381010 |
Epoch 0085 [Test seq (cond on sampled tp)] | MAPE 0.052736 | RMSE 252.650196|
0.060634125024080276,0.054774489253759384,0.04279908910393715
240.22617109975758,243.4187733490373,274.30564328409287
Experiment 07-15_07:35
Epoch 0086 [Train seq (cond on sampled tp)] | Loss 1964656.323576 | MAPE 0.093037 | RMSE 94.321116 | Likelihood -1964653.163439 | KL fp 3.1601 | FP STD 0.3513 | ->nfe   52.00 | <-nfe   52.00
Epoch 0086 [Val seq (cond on sampled tp)] |  MAPE 0.029474 | RMSE 83.874767 |
Epoch 0086 [Test seq (cond on sampled tp)] | MAPE 0.061200 | RMSE 260.864200|
0.06414689868688583,0.05982915684580803,0.059624724090099335
222.13862859147213,288.7014569585682,271.75251551273635
Experiment 07-15_07:35
Epoch 0087 [Train seq (cond on sampled tp)] | Loss 1941717.323197 | MAPE 0.081651 | RMSE 96.803230 | Likelihood -1941714.421375 | KL fp 2.9018 | FP STD 0.2528 | ->nfe   52.00 | <-nfe   52.00
Epoch 0087 [Val seq (cond on sampled tp)] |  MAPE 0.028472 | RMSE 83.740968 |
Epoch 0087 [Test seq (cond on sampled tp)] | MAPE 0.048749 | RMSE 259.659563|
0.05321236327290535,0.04882647469639778,0.0442093163728714
234.58631307314158,266.0637699640821,278.32860524926286
Experiment 07-15_07:35
Epoch 0088 [Train seq (cond on sampled tp)] | Loss 1947989.141626 | MAPE 0.092700 | RMSE 90.146160 | Likelihood -1947985.706492 | KL fp 3.4351 | FP STD 0.2893 | ->nfe   52.00 | <-nfe   52.00
Epoch 0088 [Val seq (cond on sampled tp)] |  MAPE 0.032894 | RMSE 86.466858 |
Epoch 0088 [Test seq (cond on sampled tp)] | MAPE 0.056635 | RMSE 275.054474|
0.06472108513116837,0.05516145005822182,0.05002139136195183
232.50931600959564,306.7054521442356,285.94865415402813
Experiment 07-15_07:35
Epoch 0089 [Train seq (cond on sampled tp)] | Loss 1943038.904858 | MAPE 0.083313 | RMSE 95.208392 | Likelihood -1943035.885647 | KL fp 3.0192 | FP STD 0.2611 | ->nfe   52.00 | <-nfe   52.00
Epoch 0089 [Val seq (cond on sampled tp)] |  MAPE 0.028555 | RMSE 83.655412 |
Epoch 0089 [Test seq (cond on sampled tp)] | MAPE 0.049170 | RMSE 302.233672|
0.05900504067540169,0.04763176292181015,0.040873125195503235
263.427246241728,320.184773314566,323.08899702713495
Experiment 07-15_07:35
Epoch 0090 [Train seq (cond on sampled tp)] | Loss 1948401.203277 | MAPE 0.086071 | RMSE 91.362312 | Likelihood -1948397.960963 | KL fp 3.2423 | FP STD 0.2539 | ->nfe   52.00 | <-nfe   52.00
Epoch 0090 [Val seq (cond on sampled tp)] |  MAPE 0.031417 | RMSE 78.233965 |
Epoch 0090 [Test seq (cond on sampled tp)] | MAPE 0.051845 | RMSE 258.319140|
0.047511614859104156,0.05536079406738281,0.05266333371400833
219.7259034712339,282.1721272113885,273.0593885723397
Experiment 07-15_07:35
Epoch 0091 [Train seq (cond on sampled tp)] | Loss 1915044.737108 | MAPE 0.092832 | RMSE 89.969723 | Likelihood -1915041.827241 | KL fp 2.9099 | FP STD 0.2749 | ->nfe   52.00 | <-nfe   52.00
Epoch 0091 [Val seq (cond on sampled tp)] |  MAPE 0.034617 | RMSE 82.231761 |
Epoch 0091 [Test seq (cond on sampled tp)] | MAPE 0.060326 | RMSE 249.041875|
0.060928620398044586,0.05989399179816246,0.06015421077609062
227.56885118849198,249.5770015195711,269.9797735479456
Experiment 07-15_07:35
Epoch 0092 [Train seq (cond on sampled tp)] | Loss 1964122.392224 | MAPE 0.110798 | RMSE 93.325647 | Likelihood -1964119.300255 | KL fp 3.0920 | FP STD 0.2899 | ->nfe   52.00 | <-nfe   52.00
Epoch 0092 [Val seq (cond on sampled tp)] |  MAPE 0.031828 | RMSE 89.278097 |
Epoch 0092 [Test seq (cond on sampled tp)] | MAPE 0.058515 | RMSE 268.601241|
0.05678177624940872,0.06131177395582199,0.057452939450740814
245.7874383359532,270.57567391119994,289.44061081247736
Experiment 07-15_07:35
Epoch 0093 [Train seq (cond on sampled tp)] | Loss 1923132.943182 | MAPE 0.095742 | RMSE 92.516556 | Likelihood -1923130.103697 | KL fp 2.8395 | FP STD 0.2836 | ->nfe   52.00 | <-nfe   52.00
Epoch 0093 [Val seq (cond on sampled tp)] |  MAPE 0.030045 | RMSE 85.611310 |
Epoch 0093 [Test seq (cond on sampled tp)] | MAPE 0.055209 | RMSE 264.468657|
0.056989897042512894,0.05484078451991081,0.05379781499505043
240.2063484667922,263.6223180280835,289.5773050931305
Experiment 07-15_07:35
Epoch 0094 [Train seq (cond on sampled tp)] | Loss 1942651.890083 | MAPE 0.093260 | RMSE 90.075931 | Likelihood -1942648.751050 | KL fp 3.1390 | FP STD 0.2943 | ->nfe   52.00 | <-nfe   52.00
Epoch 0094 [Val seq (cond on sampled tp)] |  MAPE 0.030451 | RMSE 99.989863 |
Epoch 0094 [Test seq (cond on sampled tp)] | MAPE 0.057529 | RMSE 347.353049|
0.054083965718746185,0.05653594061732292,0.06196567043662071
336.1070328035401,359.8763350965162,346.07577972533704
Experiment 07-15_07:35
Epoch 0095 [Train seq (cond on sampled tp)] | Loss 1995304.897006 | MAPE 0.103157 | RMSE 97.909001 | Likelihood -1995301.461154 | KL fp 3.4359 | FP STD 0.2913 | ->nfe   52.00 | <-nfe   52.00
Epoch 0095 [Val seq (cond on sampled tp)] |  MAPE 0.041046 | RMSE 99.490681 |
Epoch 0095 [Test seq (cond on sampled tp)] | MAPE 0.070530 | RMSE 314.994543|
0.06838059425354004,0.06808038800954819,0.07512900978326797
288.89635089855324,339.71306826496976,316.3742097975118
Experiment 07-15_07:35
Epoch 0096 [Train seq (cond on sampled tp)] | Loss 2044453.496091 | MAPE 0.091637 | RMSE 105.237354 | Likelihood -2044450.094565 | KL fp 3.4015 | FP STD 0.2709 | ->nfe   52.00 | <-nfe   52.00
Epoch 0096 [Val seq (cond on sampled tp)] |  MAPE 0.029467 | RMSE 84.986632 |
Epoch 0096 [Test seq (cond on sampled tp)] | MAPE 0.046855 | RMSE 309.456950|
0.04619608819484711,0.04987383633852005,0.04449392110109329
237.81994896349633,321.15807293683275,369.39282951892824
Experiment 07-15_07:35
Epoch 0097 [Train seq (cond on sampled tp)] | Loss 1990919.256266 | MAPE 0.104995 | RMSE 103.101736 | Likelihood -1990916.115896 | KL fp 3.1404 | FP STD 0.2743 | ->nfe   52.00 | <-nfe   52.00
Epoch 0097 [Val seq (cond on sampled tp)] |  MAPE 0.029477 | RMSE 86.827145 |
Epoch 0097 [Test seq (cond on sampled tp)] | MAPE 0.045736 | RMSE 297.360442|
0.05166465789079666,0.0459582693874836,0.039583757519721985
253.3033707952778,317.40642075657513,321.37153586231
Experiment 07-15_07:35
Epoch 0098 [Train seq (cond on sampled tp)] | Loss 1964551.515926 | MAPE 0.095553 | RMSE 98.957145 | Likelihood -1964548.809871 | KL fp 2.7061 | FP STD 0.3035 | ->nfe   52.00 | <-nfe   52.00
Epoch 0098 [Val seq (cond on sampled tp)] |  MAPE 0.034309 | RMSE 88.502563 |
Epoch 0098 [Test seq (cond on sampled tp)] | MAPE 0.054205 | RMSE 283.592613|
0.0530727356672287,0.055957112461328506,0.05358452349901199
265.20013079747906,278.6482577776147,306.92945036278286
Experiment 07-15_07:35
Epoch 0099 [Train seq (cond on sampled tp)] | Loss 1960436.976967 | MAPE 0.102764 | RMSE 95.199732 | Likelihood -1960433.886451 | KL fp 3.0905 | FP STD 0.2755 | ->nfe   52.00 | <-nfe   52.00
Epoch 0099 [Val seq (cond on sampled tp)] |  MAPE 0.029927 | RMSE 99.417434 |
Epoch 0099 [Test seq (cond on sampled tp)] | MAPE 0.058180 | RMSE 344.312891|
0.05962948501110077,0.05981200933456421,0.055097416043281555
293.7452127269481,380.1730485910331,359.0204120241633
Experiment 07-15_07:35
Epoch 0100 [Train seq (cond on sampled tp)] | Loss 2056073.259303 | MAPE 0.088400 | RMSE 113.104346 | Likelihood -2056070.352831 | KL fp 2.9065 | FP STD 0.2326 | ->nfe   52.00 | <-nfe   52.00
Epoch 0100 [Val seq (cond on sampled tp)] |  MAPE 0.031045 | RMSE 88.604048 |
Epoch 0100 [Test seq (cond on sampled tp)] | MAPE 0.066183 | RMSE 297.572074|
0.06740739941596985,0.06714778393507004,0.06399502605199814
249.17793748895588,334.51675733436736,309.0215278706323
