/nvme/yuanjingyang/CG-ODE/run_models_covid.py
run_models_covid.py
Namespace(save='experiments/', load=None, dataset='Dec', datapath='data/', pred_length=14, condition_length=21, features='Confirmed,Deaths,Recovered,Mortality_Rate,Testing_Rate,Population,Mobility', split_interval=3, feature_out='Deaths', niters=100, lr=0.005, batch_size=8, random_seed=1991, dropout=0.2, l2=1e-05, optimizer='AdamW', clip=10, edge_lamda=0.5, z0_encoder='GTrans', rec_dims=64, ode_dims=20, rec_layers=1, gen_layers=1, augment_dim=0, solver='rk4', alias='run', output_dim=1, feature_out_index=[1], num_atoms=50)
run
Experiment 52532
Epoch 0001 [Train seq (cond on sampled tp)] | Loss 4390895.754622 | MAPE 0.063295 | RMSE 286.214707 | Likelihood -4390894.404317 | KL fp 1.3503 | FP STD 0.4947|
Epoch 0001 [Val seq (cond on sampled tp)] |  MAPE 0.058154 | RMSE 304.542318 |
Best Val!
Epoch 0001 [Test seq (cond on sampled tp)] | MAPE 0.119560 | RMSE 903.784450|
0.13180766999721527,0.12380409240722656,0.1030680239200592
848.6126913969647,934.8295967715186,927.9110612014495
0.13180766999721527,0.12380409240722656,0.1030680239200592
848.6126913969647,934.8295967715186,927.9110612014495
Epoch 0001 [Test seq (cond on sampled tp)] | Best Test MAPE 0.119560|Best Test RMSE 903.784450|
Experiment 52532
Epoch 0002 [Train seq (cond on sampled tp)] | Loss 4160198.747837 | MAPE 0.101608 | RMSE 274.599357 | Likelihood -4160195.930297 | KL fp 2.8175 | FP STD 0.9124|
Epoch 0002 [Val seq (cond on sampled tp)] |  MAPE 0.064254 | RMSE 277.309563 |
Epoch 0002 [Test seq (cond on sampled tp)] | MAPE 0.107800 | RMSE 858.712353|
0.1169879138469696,0.10944526642560959,0.09696796536445618
799.9333565991607,888.0114371448152,888.1922652218944
0.1169879138469696,0.10944526642560959,0.09696796536445618
799.9333565991607,888.0114371448152,888.1922652218944
Epoch 0002 [Test seq (cond on sampled tp)] | Best Test MAPE 0.107800|Best Test RMSE 858.712353|
Experiment 52532
Epoch 0003 [Train seq (cond on sampled tp)] | Loss 3782455.547519 | MAPE 0.245401 | RMSE 253.943880 | Likelihood -3782450.081349 | KL fp 5.4662 | FP STD 1.1928|
Epoch 0003 [Val seq (cond on sampled tp)] |  MAPE 0.103280 | RMSE 234.464541 |
Epoch 0003 [Test seq (cond on sampled tp)] | MAPE 0.137509 | RMSE 771.894804|
0.14434805512428284,0.142241433262825,0.12593720853328705
709.589912378974,801.7892101419176,804.3052902971607
Experiment 52532
Epoch 0004 [Train seq (cond on sampled tp)] | Loss 3454213.807707 | MAPE 0.452040 | RMSE 233.600881 | Likelihood -3454207.258317 | KL fp 6.5494 | FP STD 1.0394|
Epoch 0004 [Val seq (cond on sampled tp)] |  MAPE 0.075074 | RMSE 196.565699 |
Epoch 0004 [Test seq (cond on sampled tp)] | MAPE 0.106949 | RMSE 700.225976|
0.11181914806365967,0.1032504066824913,0.10577826201915741
631.4171808321341,729.8349984756828,739.4257484697162
0.11181914806365967,0.1032504066824913,0.10577826201915741
631.4171808321341,729.8349984756828,739.4257484697162
Epoch 0004 [Test seq (cond on sampled tp)] | Best Test MAPE 0.106949|Best Test RMSE 700.225976|
Experiment 52532
Epoch 0005 [Train seq (cond on sampled tp)] | Loss 3004106.551980 | MAPE 0.192507 | RMSE 204.611005 | Likelihood -3004103.138074 | KL fp 3.4139 | FP STD 0.6336|
Epoch 0005 [Val seq (cond on sampled tp)] |  MAPE 0.030293 | RMSE 161.362576 |
Best Val!
Epoch 0005 [Test seq (cond on sampled tp)] | MAPE 0.058983 | RMSE 609.682794|
0.05914486572146416,0.06167731061577797,0.056127846240997314
542.282185536276,642.8515089038837,643.9146876722102
0.05914486572146416,0.06167731061577797,0.056127846240997314
542.282185536276,642.8515089038837,643.9146876722102
Epoch 0005 [Test seq (cond on sampled tp)] | Best Test MAPE 0.058983|Best Test RMSE 609.682794|
Experiment 52532
Epoch 0006 [Train seq (cond on sampled tp)] | Loss 2669675.694121 | MAPE 0.040462 | RMSE 178.125077 | Likelihood -2669671.940762 | KL fp 3.7534 | FP STD 0.6257|
Epoch 0006 [Val seq (cond on sampled tp)] |  MAPE 0.029299 | RMSE 145.245085 |
Best Val!
Epoch 0006 [Test seq (cond on sampled tp)] | MAPE 0.055253 | RMSE 542.680014|
0.05639833211898804,0.05962830409407616,0.04973360523581505
465.52666746922245,585.86717244611,576.6462032737231
0.05639833211898804,0.05962830409407616,0.04973360523581505
465.52666746922245,585.86717244611,576.6462032737231
Epoch 0006 [Test seq (cond on sampled tp)] | Best Test MAPE 0.055253|Best Test RMSE 542.680014|
Experiment 52532
Epoch 0007 [Train seq (cond on sampled tp)] | Loss 2397422.184425 | MAPE 0.043206 | RMSE 152.626200 | Likelihood -2397419.043446 | KL fp 3.1410 | FP STD 0.5419|
Epoch 0007 [Val seq (cond on sampled tp)] |  MAPE 0.028803 | RMSE 123.489906 |
Best Val!
Epoch 0007 [Test seq (cond on sampled tp)] | MAPE 0.057558 | RMSE 471.209254|
0.059020087122917175,0.0672454684972763,0.046409815549850464
395.9526486841577,507.32572438720274,510.34939012406
Experiment 52532
Epoch 0008 [Train seq (cond on sampled tp)] | Loss 2297812.006709 | MAPE 0.037368 | RMSE 142.122914 | Likelihood -2297809.246013 | KL fp 2.7607 | FP STD 0.4442|
Epoch 0008 [Val seq (cond on sampled tp)] |  MAPE 0.034237 | RMSE 111.321097 |
Epoch 0008 [Test seq (cond on sampled tp)] | MAPE 0.058811 | RMSE 435.906981|
0.0679774060845375,0.055901430547237396,0.052553169429302216
371.186673891992,460.18165570783026,476.35261361726566
Experiment 52532
Epoch 0009 [Train seq (cond on sampled tp)] | Loss 2210871.069631 | MAPE 0.041014 | RMSE 129.480703 | Likelihood -2210867.913857 | KL fp 3.1558 | FP STD 0.3681|
Epoch 0009 [Val seq (cond on sampled tp)] |  MAPE 0.036130 | RMSE 109.954350 |
Epoch 0009 [Test seq (cond on sampled tp)] | MAPE 0.054578 | RMSE 426.287282|
0.05255500599741936,0.05691021308302879,0.0542694553732872
359.1265445494109,453.37231181998754,466.36298899033574
0.05255500599741936,0.05691021308302879,0.0542694553732872
359.1265445494109,453.37231181998754,466.36298899033574
Epoch 0009 [Test seq (cond on sampled tp)] | Best Test MAPE 0.054578|Best Test RMSE 426.287282|
Experiment 52532
Epoch 0010 [Train seq (cond on sampled tp)] | Loss 2165085.035373 | MAPE 0.038331 | RMSE 126.257418 | Likelihood -2165082.180700 | KL fp 2.8547 | FP STD 0.2929|
Epoch 0010 [Val seq (cond on sampled tp)] |  MAPE 0.030664 | RMSE 90.705778 |
Epoch 0010 [Test seq (cond on sampled tp)] | MAPE 0.058797 | RMSE 376.491897|
0.060269054025411606,0.061214517802000046,0.05490856617689133
303.7007033042564,404.831813071799,420.94317460911515
Experiment 52532
Epoch 0011 [Train seq (cond on sampled tp)] | Loss 2081250.884441 | MAPE 0.039877 | RMSE 116.305287 | Likelihood -2081247.913344 | KL fp 2.9711 | FP STD 0.2705|
Epoch 0011 [Val seq (cond on sampled tp)] |  MAPE 0.038415 | RMSE 89.879737 |
Epoch 0011 [Test seq (cond on sampled tp)] | MAPE 0.062057 | RMSE 335.962585|
0.06650006771087646,0.0634332075715065,0.056238655000925064
277.56093081069605,354.77470844185046,375.55211439292947
Experiment 52532
Epoch 0012 [Train seq (cond on sampled tp)] | Loss 2051685.847133 | MAPE 0.040493 | RMSE 110.601824 | Likelihood -2051682.799477 | KL fp 3.0477 | FP STD 0.2509|
Epoch 0012 [Val seq (cond on sampled tp)] |  MAPE 0.033277 | RMSE 95.027001 |
Epoch 0012 [Test seq (cond on sampled tp)] | MAPE 0.062663 | RMSE 338.235027|
0.06474290043115616,0.06569802761077881,0.05754835158586502
277.58106923924043,365.2903810668986,371.8336321528756
Experiment 52532
Epoch 0013 [Train seq (cond on sampled tp)] | Loss 2073304.214471 | MAPE 0.042756 | RMSE 112.838463 | Likelihood -2073301.342297 | KL fp 2.8722 | FP STD 0.2518|
Epoch 0013 [Val seq (cond on sampled tp)] |  MAPE 0.033654 | RMSE 85.171730 |
Epoch 0013 [Test seq (cond on sampled tp)] | MAPE 0.063776 | RMSE 307.401273|
0.069179467856884,0.05954140052199364,0.06260740756988525
236.5726715118422,322.59940328525096,363.0317436189293
Experiment 52532
Epoch 0014 [Train seq (cond on sampled tp)] | Loss 2026579.698364 | MAPE 0.043127 | RMSE 106.267773 | Likelihood -2026576.809999 | KL fp 2.8884 | FP STD 0.2866|
Epoch 0014 [Val seq (cond on sampled tp)] |  MAPE 0.028175 | RMSE 86.265423 |
Best Val!
Epoch 0014 [Test seq (cond on sampled tp)] | MAPE 0.061725 | RMSE 308.169674|
0.0615726038813591,0.06476644426584244,0.05883532762527466
248.15428038822944,332.02794263058644,344.326800165918
Experiment 52532
Epoch 0015 [Train seq (cond on sampled tp)] | Loss 1994478.879283 | MAPE 0.037335 | RMSE 103.992986 | Likelihood -1994476.114939 | KL fp 2.7643 | FP STD 0.2578|
Epoch 0015 [Val seq (cond on sampled tp)] |  MAPE 0.028214 | RMSE 88.371141 |
Epoch 0015 [Test seq (cond on sampled tp)] | MAPE 0.053826 | RMSE 319.247446|
0.049503810703754425,0.05719780921936035,0.05477723851799965
272.39130573037755,330.71192146640254,354.639110135219
0.049503810703754425,0.05719780921936035,0.05477723851799965
272.39130573037755,330.71192146640254,354.639110135219
Epoch 0015 [Test seq (cond on sampled tp)] | Best Test MAPE 0.053826|Best Test RMSE 319.247446|
Experiment 52532
Epoch 0016 [Train seq (cond on sampled tp)] | Loss 1999028.429983 | MAPE 0.034681 | RMSE 102.896430 | Likelihood -1999025.386139 | KL fp 3.0438 | FP STD 0.2148|
Epoch 0016 [Val seq (cond on sampled tp)] |  MAPE 0.030128 | RMSE 88.995164 |
Epoch 0016 [Test seq (cond on sampled tp)] | MAPE 0.050989 | RMSE 294.517055|
0.05526655539870262,0.05150129646062851,0.046198029071092606
217.21048439532103,316.439802233379,349.90087882141705
0.05526655539870262,0.05150129646062851,0.046198029071092606
217.21048439532103,316.439802233379,349.90087882141705
Epoch 0016 [Test seq (cond on sampled tp)] | Best Test MAPE 0.050989|Best Test RMSE 294.517055|
Experiment 52532
Epoch 0017 [Train seq (cond on sampled tp)] | Loss 1979673.918878 | MAPE 0.035582 | RMSE 99.924240 | Likelihood -1979670.782010 | KL fp 3.1369 | FP STD 0.2148|
Epoch 0017 [Val seq (cond on sampled tp)] |  MAPE 0.028258 | RMSE 85.883418 |
Epoch 0017 [Test seq (cond on sampled tp)] | MAPE 0.057840 | RMSE 311.128398|
0.05862835422158241,0.06084786355495453,0.05404297634959221
250.18489256697734,335.307717813056,347.89258399684235
Experiment 52532
Epoch 0018 [Train seq (cond on sampled tp)] | Loss 2000809.495635 | MAPE 0.047066 | RMSE 103.984507 | Likelihood -2000806.461524 | KL fp 3.0341 | FP STD 0.2138|
Epoch 0018 [Val seq (cond on sampled tp)] |  MAPE 0.033020 | RMSE 83.338931 |
Epoch 0018 [Test seq (cond on sampled tp)] | MAPE 0.057333 | RMSE 309.610785|
0.0576520636677742,0.05696125701069832,0.05738639831542969
231.45137347021728,324.3738800558701,373.00710030105324
Experiment 52532
Epoch 0019 [Train seq (cond on sampled tp)] | Loss 1990069.609834 | MAPE 0.036210 | RMSE 102.572096 | Likelihood -1990067.054636 | KL fp 2.5552 | FP STD 0.2942|
Epoch 0019 [Val seq (cond on sampled tp)] |  MAPE 0.039162 | RMSE 82.933761 |
Epoch 0019 [Test seq (cond on sampled tp)] | MAPE 0.079258 | RMSE 287.659355|
0.08259103447198868,0.07715713977813721,0.0780256986618042
232.26194129689006,319.16280866902395,311.5533160632382
Experiment 52532
Epoch 0020 [Train seq (cond on sampled tp)] | Loss 1966886.932475 | MAPE 0.038688 | RMSE 98.519605 | Likelihood -1966884.304133 | KL fp 2.6283 | FP STD 0.2819|
Epoch 0020 [Val seq (cond on sampled tp)] |  MAPE 0.031892 | RMSE 68.216291 |
Epoch 0020 [Test seq (cond on sampled tp)] | MAPE 0.050628 | RMSE 266.380630|
0.05733880400657654,0.04877661541104317,0.045767344534397125
200.45141439074456,283.09227183905955,315.5982043081044
0.05733880400657654,0.04877661541104317,0.045767344534397125
200.45141439074456,283.09227183905955,315.5982043081044
Epoch 0020 [Test seq (cond on sampled tp)] | Best Test MAPE 0.050628|Best Test RMSE 266.380630|
Experiment 52532
Epoch 0021 [Train seq (cond on sampled tp)] | Loss 1975200.220567 | MAPE 0.030583 | RMSE 98.299173 | Likelihood -1975197.050678 | KL fp 3.1699 | FP STD 0.1975|
Epoch 0021 [Val seq (cond on sampled tp)] |  MAPE 0.032497 | RMSE 82.322969 |
Epoch 0021 [Test seq (cond on sampled tp)] | MAPE 0.059629 | RMSE 303.835008|
0.057421840727329254,0.061142563819885254,0.06032159551978111
264.2770504130088,320.37673136481055,326.8512419664334
Experiment 52532
Epoch 0022 [Train seq (cond on sampled tp)] | Loss 1964465.692674 | MAPE 0.076534 | RMSE 98.850710 | Likelihood -1964462.462918 | KL fp 3.2298 | FP STD 0.1849|
Epoch 0022 [Val seq (cond on sampled tp)] |  MAPE 0.026482 | RMSE 83.044924 |
Best Val!
Epoch 0022 [Test seq (cond on sampled tp)] | MAPE 0.056183 | RMSE 293.628717|
0.056195855140686035,0.05927392840385437,0.05307887867093086
251.45496148664475,305.7647303279108,323.66645881601636
Experiment 52532
Epoch 0023 [Train seq (cond on sampled tp)] | Loss 1954182.603510 | MAPE 0.034930 | RMSE 96.793761 | Likelihood -1954179.521645 | KL fp 3.0819 | FP STD 0.2151|
Epoch 0023 [Val seq (cond on sampled tp)] |  MAPE 0.032388 | RMSE 72.495437 |
Epoch 0023 [Test seq (cond on sampled tp)] | MAPE 0.062757 | RMSE 260.452286|
0.06441017240285873,0.05823531001806259,0.06562624871730804
193.59205255510878,274.2673479016414,313.49745812366643
Experiment 52532
Epoch 0024 [Train seq (cond on sampled tp)] | Loss 1943805.510275 | MAPE 0.037384 | RMSE 94.765011 | Likelihood -1943802.516012 | KL fp 2.9943 | FP STD 0.2268|
Epoch 0024 [Val seq (cond on sampled tp)] |  MAPE 0.027725 | RMSE 73.236427 |
Epoch 0024 [Test seq (cond on sampled tp)] | MAPE 0.063624 | RMSE 277.383731|
0.06017717719078064,0.06098836660385132,0.06970519572496414
231.8436046805044,290.01006178665597,310.29752607376685
Experiment 52532
Epoch 0025 [Train seq (cond on sampled tp)] | Loss 1929952.030975 | MAPE 0.055496 | RMSE 92.314250 | Likelihood -1929948.796900 | KL fp 3.2341 | FP STD 0.1944|
Epoch 0025 [Val seq (cond on sampled tp)] |  MAPE 0.028568 | RMSE 81.571057 |
Epoch 0025 [Test seq (cond on sampled tp)] | MAPE 0.055462 | RMSE 285.637012|
0.05382978171110153,0.05097709223628044,0.0615796260535717
243.9783385620535,292.73860460315103,320.1940939687989
Experiment 52532
Epoch 0026 [Train seq (cond on sampled tp)] | Loss 1917803.308685 | MAPE 0.038626 | RMSE 91.589229 | Likelihood -1917799.999313 | KL fp 3.3094 | FP STD 0.1814|
Epoch 0026 [Val seq (cond on sampled tp)] |  MAPE 0.026419 | RMSE 74.487733 |
Best Val!
Epoch 0026 [Test seq (cond on sampled tp)] | MAPE 0.061282 | RMSE 272.074982|
0.06501299142837524,0.05780661478638649,0.061025798320770264
211.81099697017623,264.36278045046356,340.05116802475476
Experiment 52532
Epoch 0027 [Train seq (cond on sampled tp)] | Loss 1928377.762687 | MAPE 0.031108 | RMSE 93.070295 | Likelihood -1928374.712004 | KL fp 3.0507 | FP STD 0.2026|
Epoch 0027 [Val seq (cond on sampled tp)] |  MAPE 0.026782 | RMSE 76.703566 |
Epoch 0027 [Test seq (cond on sampled tp)] | MAPE 0.056792 | RMSE 267.277834|
0.05872557684779167,0.054108113050460815,0.05754115432500839
228.77685122461583,273.4663056255743,299.5903453050515
Experiment 52532
Epoch 0028 [Train seq (cond on sampled tp)] | Loss 1938330.020652 | MAPE 0.032749 | RMSE 93.570950 | Likelihood -1938326.746684 | KL fp 3.2740 | FP STD 0.1905|
Epoch 0028 [Val seq (cond on sampled tp)] |  MAPE 0.033959 | RMSE 84.369713 |
Epoch 0028 [Test seq (cond on sampled tp)] | MAPE 0.058862 | RMSE 274.521252|
0.059871695935726166,0.055344026535749435,0.06136997044086456
216.42448704744572,287.6540619824445,319.48520603464567
Experiment 52532
Epoch 0029 [Train seq (cond on sampled tp)] | Loss 1917170.219515 | MAPE 0.045168 | RMSE 89.733665 | Likelihood -1917166.854315 | KL fp 3.3652 | FP STD 0.2017|
Epoch 0029 [Val seq (cond on sampled tp)] |  MAPE 0.024956 | RMSE 82.600247 |
Best Val!
Epoch 0029 [Test seq (cond on sampled tp)] | MAPE 0.057011 | RMSE 314.559603|
0.05418754369020462,0.05642659589648247,0.060419127345085144
244.76268800105134,327.1400216268257,371.77610029424966
Experiment 52532
Epoch 0030 [Train seq (cond on sampled tp)] | Loss 1931063.440912 | MAPE 0.031115 | RMSE 92.829089 | Likelihood -1931060.448094 | KL fp 2.9928 | FP STD 0.2166|
Epoch 0030 [Val seq (cond on sampled tp)] |  MAPE 0.032901 | RMSE 79.393290 |
Epoch 0030 [Test seq (cond on sampled tp)] | MAPE 0.066661 | RMSE 279.485036|
0.06117422133684158,0.06409241259098053,0.07471685856580734
213.248827663835,291.4777006908076,333.7285807733584
Experiment 52532
Epoch 0031 [Train seq (cond on sampled tp)] | Loss 1902478.926693 | MAPE 0.032168 | RMSE 87.449290 | Likelihood -1902475.702058 | KL fp 3.2246 | FP STD 0.2014|
Epoch 0031 [Val seq (cond on sampled tp)] |  MAPE 0.029762 | RMSE 74.905142 |
Epoch 0031 [Test seq (cond on sampled tp)] | MAPE 0.051476 | RMSE 278.574792|
0.051641739904880524,0.045081738382577896,0.05770409107208252
231.18148478251885,276.96666089982745,327.5762315858707
Experiment 52532
Epoch 0032 [Train seq (cond on sampled tp)] | Loss 1906944.520388 | MAPE 0.033020 | RMSE 89.226465 | Likelihood -1906941.318006 | KL fp 3.2024 | FP STD 0.2177|
Epoch 0032 [Val seq (cond on sampled tp)] |  MAPE 0.031154 | RMSE 83.737998 |
Epoch 0032 [Test seq (cond on sampled tp)] | MAPE 0.061549 | RMSE 298.020907|
0.06266029179096222,0.06238766014575958,0.05959855020046234
246.47378790654392,311.0180234930124,336.57090866933225
Experiment 52532
Epoch 0033 [Train seq (cond on sampled tp)] | Loss 1919069.674907 | MAPE 0.043168 | RMSE 90.878377 | Likelihood -1919066.593059 | KL fp 3.0818 | FP STD 0.2464|
Epoch 0033 [Val seq (cond on sampled tp)] |  MAPE 0.024933 | RMSE 86.911832 |
Best Val!
Epoch 0033 [Test seq (cond on sampled tp)] | MAPE 0.052178 | RMSE 286.146493|
0.05384869873523712,0.04694667086005211,0.05573810636997223
239.58066393440436,290.08548039758904,328.77333567368265
Experiment 52532
Epoch 0034 [Train seq (cond on sampled tp)] | Loss 1965457.278500 | MAPE 0.032732 | RMSE 100.257273 | Likelihood -1965454.157277 | KL fp 3.1212 | FP STD 0.2006|
Epoch 0034 [Val seq (cond on sampled tp)] |  MAPE 0.025758 | RMSE 77.591330 |
Epoch 0034 [Test seq (cond on sampled tp)] | MAPE 0.052265 | RMSE 250.344369|
0.05396575853228569,0.05213724821805954,0.05069076269865036
224.07609791374446,235.24206283103368,291.7149454090414
Experiment 52532
Epoch 0035 [Train seq (cond on sampled tp)] | Loss 1953354.071321 | MAPE 0.036103 | RMSE 94.448692 | Likelihood -1953350.877970 | KL fp 3.1934 | FP STD 0.2128|
Epoch 0035 [Val seq (cond on sampled tp)] |  MAPE 0.029765 | RMSE 97.839448 |
Epoch 0035 [Test seq (cond on sampled tp)] | MAPE 0.048899 | RMSE 298.903167|
0.04667828604578972,0.050893332809209824,0.0491248220205307
270.8764853443355,307.5515708787715,318.2814448330282
0.04667828604578972,0.050893332809209824,0.0491248220205307
270.8764853443355,307.5515708787715,318.2814448330282
Epoch 0035 [Test seq (cond on sampled tp)] | Best Test MAPE 0.048899|Best Test RMSE 298.903167|
Experiment 52532
Epoch 0036 [Train seq (cond on sampled tp)] | Loss 1913932.259703 | MAPE 0.051458 | RMSE 89.018165 | Likelihood -1913928.930294 | KL fp 3.3294 | FP STD 0.2048|
Epoch 0036 [Val seq (cond on sampled tp)] |  MAPE 0.023412 | RMSE 76.019603 |
Best Val!
Epoch 0036 [Test seq (cond on sampled tp)] | MAPE 0.059115 | RMSE 264.711471|
0.05916742980480194,0.060739994049072266,0.05743863806128502
225.66787161944433,275.8896830030076,292.57685956001376
Experiment 52532
Epoch 0037 [Train seq (cond on sampled tp)] | Loss 1901186.982741 | MAPE 0.036528 | RMSE 88.061355 | Likelihood -1901183.647799 | KL fp 3.3349 | FP STD 0.1846|
Epoch 0037 [Val seq (cond on sampled tp)] |  MAPE 0.037157 | RMSE 79.398409 |
Epoch 0037 [Test seq (cond on sampled tp)] | MAPE 0.064472 | RMSE 264.515787|
0.06011537089943886,0.06387001276016235,0.0694316029548645
217.66758091468284,252.53193640854616,323.34784385395244
Experiment 52532
Epoch 0038 [Train seq (cond on sampled tp)] | Loss 1916759.140139 | MAPE 0.030155 | RMSE 91.038823 | Likelihood -1916755.623300 | KL fp 3.5168 | FP STD 0.1736|
Epoch 0038 [Val seq (cond on sampled tp)] |  MAPE 0.026596 | RMSE 79.975191 |
Epoch 0038 [Test seq (cond on sampled tp)] | MAPE 0.047325 | RMSE 250.139938|
0.04750502109527588,0.04577014967799187,0.04870130866765976
221.92777541353402,243.40893606490704,285.0831019194228
0.04750502109527588,0.04577014967799187,0.04870130866765976
221.92777541353402,243.40893606490704,285.0831019194228
Epoch 0038 [Test seq (cond on sampled tp)] | Best Test MAPE 0.047325|Best Test RMSE 250.139938|
Experiment 52532
Epoch 0039 [Train seq (cond on sampled tp)] | Loss 1904747.069284 | MAPE 0.035092 | RMSE 89.449006 | Likelihood -1904743.671388 | KL fp 3.3979 | FP STD 0.1748|
Epoch 0039 [Val seq (cond on sampled tp)] |  MAPE 0.027866 | RMSE 77.572163 |
Epoch 0039 [Test seq (cond on sampled tp)] | MAPE 0.054569 | RMSE 281.315998|
0.05145656317472458,0.05645757541060448,0.05579264834523201
222.08389813874396,300.2129842919856,321.65111145463186
Experiment 52532
Epoch 0040 [Train seq (cond on sampled tp)] | Loss 1910352.103437 | MAPE 0.031454 | RMSE 89.597411 | Likelihood -1910348.698370 | KL fp 3.4051 | FP STD 0.1948|
Epoch 0040 [Val seq (cond on sampled tp)] |  MAPE 0.025297 | RMSE 88.314507 |
Epoch 0040 [Test seq (cond on sampled tp)] | MAPE 0.046215 | RMSE 271.248798|
0.050459135323762894,0.048800237476825714,0.03938574716448784
234.14502884163483,289.2470019291471,290.35436323568484
0.050459135323762894,0.048800237476825714,0.03938574716448784
234.14502884163483,289.2470019291471,290.35436323568484
Epoch 0040 [Test seq (cond on sampled tp)] | Best Test MAPE 0.046215|Best Test RMSE 271.248798|
Experiment 52532
Epoch 0041 [Train seq (cond on sampled tp)] | Loss 1949373.452879 | MAPE 0.033883 | RMSE 96.652119 | Likelihood -1949370.218022 | KL fp 3.2349 | FP STD 0.2014|
Epoch 0041 [Val seq (cond on sampled tp)] |  MAPE 0.030753 | RMSE 86.395306 |
Epoch 0041 [Test seq (cond on sampled tp)] | MAPE 0.053672 | RMSE 302.667469|
0.05505988001823425,0.0514397993683815,0.054516252130270004
251.68604109336297,318.33972370331037,337.9766425916146
Experiment 52532
Epoch 0042 [Train seq (cond on sampled tp)] | Loss 1927306.613400 | MAPE 0.038721 | RMSE 94.733803 | Likelihood -1927303.338106 | KL fp 3.2753 | FP STD 0.1876|
Epoch 0042 [Val seq (cond on sampled tp)] |  MAPE 0.032471 | RMSE 91.995048 |
Epoch 0042 [Test seq (cond on sampled tp)] | MAPE 0.052075 | RMSE 265.098320|
0.05797599256038666,0.049821630120277405,0.04842596873641014
233.52750942073183,256.5262535297313,305.2411956142224
Experiment 52532
Epoch 0043 [Train seq (cond on sampled tp)] | Loss 1912850.456914 | MAPE 0.039934 | RMSE 88.752025 | Likelihood -1912846.926121 | KL fp 3.5308 | FP STD 0.1653|
Epoch 0043 [Val seq (cond on sampled tp)] |  MAPE 0.033104 | RMSE 83.744138 |
Epoch 0043 [Test seq (cond on sampled tp)] | MAPE 0.054193 | RMSE 265.468498|
0.06288638710975647,0.04826648533344269,0.05142579600214958
230.96150923909377,252.4051879543089,313.03879801471896
Experiment 52532
Epoch 0044 [Train seq (cond on sampled tp)] | Loss 1879298.906711 | MAPE 0.028729 | RMSE 83.262852 | Likelihood -1879295.502694 | KL fp 3.4040 | FP STD 0.1827|
Epoch 0044 [Val seq (cond on sampled tp)] |  MAPE 0.026778 | RMSE 81.562713 |
Epoch 0044 [Test seq (cond on sampled tp)] | MAPE 0.062066 | RMSE 283.034990|
0.06548824161291122,0.061145637184381485,0.05956270173192024
234.33568836980422,307.17004655402195,307.599234495959
Experiment 52532
Epoch 0045 [Train seq (cond on sampled tp)] | Loss 1909089.710868 | MAPE 0.029463 | RMSE 90.847643 | Likelihood -1909086.392698 | KL fp 3.3182 | FP STD 0.1818|
Epoch 0045 [Val seq (cond on sampled tp)] |  MAPE 0.027242 | RMSE 95.415651 |
Epoch 0045 [Test seq (cond on sampled tp)] | MAPE 0.054160 | RMSE 295.842377|
0.057939521968364716,0.054499294608831406,0.050039853900671005
262.6640558774649,296.0928512519341,328.77022276203786
Experiment 52532
Epoch 0046 [Train seq (cond on sampled tp)] | Loss 1917407.963283 | MAPE 0.035907 | RMSE 91.643719 | Likelihood -1917404.467705 | KL fp 3.4956 | FP STD 0.1646|
Epoch 0046 [Val seq (cond on sampled tp)] |  MAPE 0.026343 | RMSE 94.786448 |
Epoch 0046 [Test seq (cond on sampled tp)] | MAPE 0.055717 | RMSE 285.559498|
0.064607173204422,0.054298195987939835,0.04824667051434517
247.7506464421435,271.0382814290262,337.88956683360317
Experiment 52532
Epoch 0047 [Train seq (cond on sampled tp)] | Loss 1905772.591336 | MAPE 0.032725 | RMSE 89.369523 | Likelihood -1905769.208979 | KL fp 3.3824 | FP STD 0.1895|
Epoch 0047 [Val seq (cond on sampled tp)] |  MAPE 0.032013 | RMSE 89.673975 |
Epoch 0047 [Test seq (cond on sampled tp)] | MAPE 0.055153 | RMSE 289.424171|
0.06197114661335945,0.051450252532958984,0.05203700438141823
262.4751327507046,274.60115963884783,331.19622204970875
Experiment 52532
Epoch 0048 [Train seq (cond on sampled tp)] | Loss 1953617.563662 | MAPE 0.070666 | RMSE 96.528714 | Likelihood -1953614.067267 | KL fp 3.4964 | FP STD 0.1955|
Epoch 0048 [Val seq (cond on sampled tp)] |  MAPE 0.026502 | RMSE 93.401007 |
Epoch 0048 [Test seq (cond on sampled tp)] | MAPE 0.052829 | RMSE 311.675983|
0.06296268105506897,0.05422195419669151,0.0413026288151741
271.77148891578014,321.6735413233423,341.5829191060349
Experiment 52532
Epoch 0049 [Train seq (cond on sampled tp)] | Loss 1912925.062088 | MAPE 0.032312 | RMSE 91.074648 | Likelihood -1912921.556912 | KL fp 3.5052 | FP STD 0.1811|
Epoch 0049 [Val seq (cond on sampled tp)] |  MAPE 0.026511 | RMSE 77.417544 |
Epoch 0049 [Test seq (cond on sampled tp)] | MAPE 0.064829 | RMSE 266.241414|
0.06636785715818405,0.061218876391649246,0.06690151244401932
218.00863658350787,264.6067689752097,316.10883707198064
Experiment 52532
Epoch 0050 [Train seq (cond on sampled tp)] | Loss 1921123.121273 | MAPE 0.030918 | RMSE 91.275928 | Likelihood -1921119.983229 | KL fp 3.1380 | FP STD 0.2211|
Epoch 0050 [Val seq (cond on sampled tp)] |  MAPE 0.038946 | RMSE 79.746663 |
Epoch 0050 [Test seq (cond on sampled tp)] | MAPE 0.071472 | RMSE 272.851847|
0.07337751239538193,0.06546220183372498,0.07557635754346848
215.84559368330872,275.43810273362686,327.2718432358641
Experiment 52532
Epoch 0051 [Train seq (cond on sampled tp)] | Loss 1890728.987405 | MAPE 0.038342 | RMSE 84.247471 | Likelihood -1890725.696269 | KL fp 3.2911 | FP STD 0.2383|
Epoch 0051 [Val seq (cond on sampled tp)] |  MAPE 0.026077 | RMSE 80.837647 |
Epoch 0051 [Test seq (cond on sampled tp)] | MAPE 0.057151 | RMSE 282.911594|
0.06184614077210426,0.057979483157396317,0.05162830278277397
261.8073152387076,279.46700107078834,307.46046493817704
Experiment 52532
Epoch 0052 [Train seq (cond on sampled tp)] | Loss 1883222.106815 | MAPE 0.030341 | RMSE 85.866580 | Likelihood -1883218.590956 | KL fp 3.5159 | FP STD 0.1851|
Epoch 0052 [Val seq (cond on sampled tp)] |  MAPE 0.028692 | RMSE 81.439518 |
Epoch 0052 [Test seq (cond on sampled tp)] | MAPE 0.063455 | RMSE 271.528858|
0.06488639861345291,0.06000043824315071,0.06547689437866211
230.35252365939036,265.46448091034705,318.7695704776414
Experiment 52532
Epoch 0053 [Train seq (cond on sampled tp)] | Loss 1863072.659596 | MAPE 0.031605 | RMSE 81.448611 | Likelihood -1863068.949849 | KL fp 3.7097 | FP STD 0.1646|
Epoch 0053 [Val seq (cond on sampled tp)] |  MAPE 0.027209 | RMSE 88.751092 |
Epoch 0053 [Test seq (cond on sampled tp)] | MAPE 0.052806 | RMSE 284.662341|
0.054632022976875305,0.050603680312633514,0.05318143591284752
272.5913264394155,262.4330718249893,318.9626251616324
Experiment 52532
Epoch 0054 [Train seq (cond on sampled tp)] | Loss 1868106.854497 | MAPE 0.030462 | RMSE 82.977652 | Likelihood -1868103.379154 | KL fp 3.4753 | FP STD 0.1707|
Epoch 0054 [Val seq (cond on sampled tp)] |  MAPE 0.031667 | RMSE 87.236887 |
Epoch 0054 [Test seq (cond on sampled tp)] | MAPE 0.063084 | RMSE 280.335671|
0.06077949330210686,0.05938968062400818,0.06908225268125534
263.4017843523464,263.86795348241895,313.73727563839145
Experiment 52532
Epoch 0055 [Train seq (cond on sampled tp)] | Loss 1882161.209341 | MAPE 0.041126 | RMSE 83.181926 | Likelihood -1882157.697725 | KL fp 3.5116 | FP STD 0.1731|
Epoch 0055 [Val seq (cond on sampled tp)] |  MAPE 0.025412 | RMSE 89.682614 |
Epoch 0055 [Test seq (cond on sampled tp)] | MAPE 0.056798 | RMSE 300.770038|
0.06213294342160225,0.05277621001005173,0.0554845854640007
272.05291592353865,295.7405693762694,334.51662888412585
Experiment 52532
Epoch 0056 [Train seq (cond on sampled tp)] | Loss 1891551.506665 | MAPE 0.038285 | RMSE 86.529422 | Likelihood -1891548.300137 | KL fp 3.2065 | FP STD 0.2053|
Epoch 0056 [Val seq (cond on sampled tp)] |  MAPE 0.033976 | RMSE 81.219703 |
Epoch 0056 [Test seq (cond on sampled tp)] | MAPE 0.069048 | RMSE 255.758044|
0.06328745186328888,0.05961501598358154,0.08424103260040283
213.59071184744903,238.20344016459964,315.4799790596861
Experiment 52532
Epoch 0057 [Train seq (cond on sampled tp)] | Loss 1866503.263621 | MAPE 0.033991 | RMSE 79.771750 | Likelihood -1866499.918880 | KL fp 3.3447 | FP STD 0.2041|
Epoch 0057 [Val seq (cond on sampled tp)] |  MAPE 0.038395 | RMSE 72.797480 |
Epoch 0057 [Test seq (cond on sampled tp)] | MAPE 0.069093 | RMSE 262.012114|
0.06985966861248016,0.06630998104810715,0.07111014425754547
192.7511247535277,270.37582350776114,322.90939373530153
Experiment 52532
Epoch 0058 [Train seq (cond on sampled tp)] | Loss 1869157.470886 | MAPE 0.036565 | RMSE 82.676698 | Likelihood -1869153.940388 | KL fp 3.5305 | FP STD 0.1808|
Epoch 0058 [Val seq (cond on sampled tp)] |  MAPE 0.025748 | RMSE 91.655238 |
Epoch 0058 [Test seq (cond on sampled tp)] | MAPE 0.055626 | RMSE 278.006421|
0.06693058460950851,0.051509931683540344,0.0484360046684742
230.3952870204814,283.266727771724,320.35724687448544
Experiment 52532
Epoch 0059 [Train seq (cond on sampled tp)] | Loss 1865611.276253 | MAPE 0.034547 | RMSE 82.255205 | Likelihood -1865607.606877 | KL fp 3.6694 | FP STD 0.1640|
Epoch 0059 [Val seq (cond on sampled tp)] |  MAPE 0.029492 | RMSE 85.487338 |
Epoch 0059 [Test seq (cond on sampled tp)] | MAPE 0.063604 | RMSE 300.316470|
0.06846316903829575,0.06187830865383148,0.06047157943248749
244.06896598349,328.6600280875361,328.2204146987204
Experiment 52532
Epoch 0060 [Train seq (cond on sampled tp)] | Loss 1882551.883058 | MAPE 0.031474 | RMSE 85.453166 | Likelihood -1882548.516419 | KL fp 3.3666 | FP STD 0.1990|
Epoch 0060 [Val seq (cond on sampled tp)] |  MAPE 0.026376 | RMSE 84.936020 |
Epoch 0060 [Test seq (cond on sampled tp)] | MAPE 0.050249 | RMSE 271.765513|
0.052074212580919266,0.04972630366683006,0.048946503549814224
220.78031891169556,263.00412900751195,331.5120897116725
Experiment 52532
Epoch 0061 [Train seq (cond on sampled tp)] | Loss 1864915.438746 | MAPE 0.028644 | RMSE 79.975192 | Likelihood -1864911.994851 | KL fp 3.4439 | FP STD 0.2078|
Epoch 0061 [Val seq (cond on sampled tp)] |  MAPE 0.031161 | RMSE 78.387777 |
Epoch 0061 [Test seq (cond on sampled tp)] | MAPE 0.064036 | RMSE 278.835716|
0.06020302698016167,0.06299423426389694,0.06891193985939026
232.7371690206573,273.2863367879924,330.4836418039477
Experiment 52532
Epoch 0062 [Train seq (cond on sampled tp)] | Loss 1884920.220285 | MAPE 0.042737 | RMSE 86.936625 | Likelihood -1884916.762973 | KL fp 3.4573 | FP STD 0.2017|
Epoch 0062 [Val seq (cond on sampled tp)] |  MAPE 0.026056 | RMSE 85.563390 |
Epoch 0062 [Test seq (cond on sampled tp)] | MAPE 0.057112 | RMSE 283.069824|
0.06885357946157455,0.057682301849126816,0.044800739735364914
268.7329064331348,298.6180016969841,281.858563822354
Experiment 52532
Epoch 0063 [Train seq (cond on sampled tp)] | Loss 1869518.594177 | MAPE 0.034764 | RMSE 83.511570 | Likelihood -1869515.015218 | KL fp 3.5790 | FP STD 0.1989|
Epoch 0063 [Val seq (cond on sampled tp)] |  MAPE 0.025933 | RMSE 81.964100 |
Epoch 0063 [Test seq (cond on sampled tp)] | MAPE 0.054419 | RMSE 296.075411|
0.04958222806453705,0.05522136390209198,0.05845334008336067
242.10926962324262,312.5723416267025,333.54462313909363
Experiment 52532
Epoch 0064 [Train seq (cond on sampled tp)] | Loss 1918141.748260 | MAPE 0.034983 | RMSE 90.513663 | Likelihood -1918138.308056 | KL fp 3.4402 | FP STD 0.1592|
Epoch 0064 [Val seq (cond on sampled tp)] |  MAPE 0.026851 | RMSE 83.344887 |
Epoch 0064 [Test seq (cond on sampled tp)] | MAPE 0.053977 | RMSE 291.408248|
0.048514749854803085,0.055002402514219284,0.05841473862528801
242.98218813320452,306.2370022751986,325.00555283717847
Experiment 52532
Epoch 0065 [Train seq (cond on sampled tp)] | Loss 1865190.337737 | MAPE 0.035516 | RMSE 79.735544 | Likelihood -1865186.724713 | KL fp 3.6130 | FP STD 0.1756|
Epoch 0065 [Val seq (cond on sampled tp)] |  MAPE 0.023963 | RMSE 92.719951 |
Epoch 0065 [Test seq (cond on sampled tp)] | MAPE 0.049914 | RMSE 288.780938|
0.05529562756419182,0.049350857734680176,0.04509526118636131
249.10376853833424,270.7408816562434,346.4981624229774
Experiment 52532
Epoch 0066 [Train seq (cond on sampled tp)] | Loss 1872732.745258 | MAPE 0.038870 | RMSE 80.365547 | Likelihood -1872729.380580 | KL fp 3.3647 | FP STD 0.2144|
Epoch 0066 [Val seq (cond on sampled tp)] |  MAPE 0.026044 | RMSE 94.193176 |
Epoch 0066 [Test seq (cond on sampled tp)] | MAPE 0.049104 | RMSE 295.300182|
0.042696285992860794,0.04867953062057495,0.05593586713075638
264.6671848756472,269.9813361604835,351.2520240155208
Experiment 52532
Epoch 0067 [Train seq (cond on sampled tp)] | Loss 1867987.732094 | MAPE 0.043320 | RMSE 81.968956 | Likelihood -1867984.311424 | KL fp 3.4207 | FP STD 0.2247|
Epoch 0067 [Val seq (cond on sampled tp)] |  MAPE 0.026279 | RMSE 84.481761 |
Epoch 0067 [Test seq (cond on sampled tp)] | MAPE 0.050923 | RMSE 266.527133|
0.05303744226694107,0.04923303797841072,0.050497110933065414
233.86025140562046,256.5099900588669,309.211156109381
Experiment 52532
Epoch 0068 [Train seq (cond on sampled tp)] | Loss 1845233.646843 | MAPE 0.043731 | RMSE 78.154265 | Likelihood -1845230.159190 | KL fp 3.4877 | FP STD 0.1961|
Epoch 0068 [Val seq (cond on sampled tp)] |  MAPE 0.026347 | RMSE 91.328583 |
Epoch 0068 [Test seq (cond on sampled tp)] | MAPE 0.050913 | RMSE 269.893158|
0.051630981266498566,0.050115589052438736,0.05099266767501831
233.4243135499171,284.3794505146249,291.87570931391326
Experiment 52532
Epoch 0069 [Train seq (cond on sampled tp)] | Loss 1858294.034491 | MAPE 0.050408 | RMSE 80.757981 | Likelihood -1858290.521638 | KL fp 3.5129 | FP STD 0.1917|
Epoch 0069 [Val seq (cond on sampled tp)] |  MAPE 0.024811 | RMSE 89.274889 |
Epoch 0069 [Test seq (cond on sampled tp)] | MAPE 0.054370 | RMSE 252.441223|
0.05341203138232231,0.05288930609822273,0.05680796876549721
225.30846043535516,234.10952464872076,297.9056845295168
Experiment 52532
Epoch 0070 [Train seq (cond on sampled tp)] | Loss 1899471.207664 | MAPE 0.050562 | RMSE 86.269040 | Likelihood -1899467.944695 | KL fp 3.2630 | FP STD 0.2285|
Epoch 0070 [Val seq (cond on sampled tp)] |  MAPE 0.025420 | RMSE 82.111651 |
Epoch 0070 [Test seq (cond on sampled tp)] | MAPE 0.049046 | RMSE 271.099150|
0.05185096710920334,0.048020388931035995,0.047265924513339996
233.9030665281026,273.84256425910127,305.5518189481123
Experiment 52532
Epoch 0071 [Train seq (cond on sampled tp)] | Loss 1893474.362058 | MAPE 0.058401 | RMSE 86.989878 | Likelihood -1893470.825063 | KL fp 3.5370 | FP STD 0.2167|
Epoch 0071 [Val seq (cond on sampled tp)] |  MAPE 0.026574 | RMSE 87.935321 |
Epoch 0071 [Test seq (cond on sampled tp)] | MAPE 0.048394 | RMSE 276.331686|
0.053415291011333466,0.04492812976241112,0.04683756083250046
239.10011142040483,258.65665586835377,331.23828988735585
Experiment 52532
Epoch 0072 [Train seq (cond on sampled tp)] | Loss 1868258.962560 | MAPE 0.054308 | RMSE 83.791509 | Likelihood -1868255.668401 | KL fp 3.2942 | FP STD 0.2362|
Epoch 0072 [Val seq (cond on sampled tp)] |  MAPE 0.036502 | RMSE 82.888105 |
Epoch 0072 [Test seq (cond on sampled tp)] | MAPE 0.064454 | RMSE 261.442486|
0.06389320641756058,0.059323232620954514,0.0701444149017334
231.10492070702432,231.3140789597555,321.90845699903565
Experiment 52532
Epoch 0073 [Train seq (cond on sampled tp)] | Loss 1899020.728875 | MAPE 0.062928 | RMSE 87.673595 | Likelihood -1899017.183501 | KL fp 3.5454 | FP STD 0.2075|
Epoch 0073 [Val seq (cond on sampled tp)] |  MAPE 0.027233 | RMSE 80.168268 |
Epoch 0073 [Test seq (cond on sampled tp)] | MAPE 0.054791 | RMSE 294.172298|
0.05401178076863289,0.05324109271168709,0.057120341807603836
261.8416595721544,288.47814583604077,332.1970894664792
Experiment 52532
Epoch 0074 [Train seq (cond on sampled tp)] | Loss 1863194.488100 | MAPE 0.055514 | RMSE 83.460280 | Likelihood -1863191.036913 | KL fp 3.4512 | FP STD 0.2187|
Epoch 0074 [Val seq (cond on sampled tp)] |  MAPE 0.029234 | RMSE 78.911114 |
Epoch 0074 [Test seq (cond on sampled tp)] | MAPE 0.050543 | RMSE 266.646277|
0.04828520491719246,0.05071072280406952,0.052633970975875854
213.16467739168232,267.19921757931854,319.5749374168757
Experiment 52532
Epoch 0075 [Train seq (cond on sampled tp)] | Loss 1858432.844357 | MAPE 0.058778 | RMSE 82.799227 | Likelihood -1858429.662829 | KL fp 3.1815 | FP STD 0.2410|
Epoch 0075 [Val seq (cond on sampled tp)] |  MAPE 0.029746 | RMSE 83.682418 |
Epoch 0075 [Test seq (cond on sampled tp)] | MAPE 0.059609 | RMSE 294.069723|
0.06256578117609024,0.0550583191215992,0.06120188161730766
256.49095378784807,304.0946347356362,321.62357899025375
Experiment 52532
Epoch 0076 [Train seq (cond on sampled tp)] | Loss 1832570.645472 | MAPE 0.054610 | RMSE 74.220195 | Likelihood -1832567.103533 | KL fp 3.5419 | FP STD 0.2041|
Epoch 0076 [Val seq (cond on sampled tp)] |  MAPE 0.030531 | RMSE 87.938258 |
Epoch 0076 [Test seq (cond on sampled tp)] | MAPE 0.060369 | RMSE 271.269921|
0.05629497393965721,0.057045262306928635,0.06776557117700577
233.15338299068276,271.9303679253202,308.72601121382695
Experiment 52532
Epoch 0077 [Train seq (cond on sampled tp)] | Loss 1842845.329487 | MAPE 0.053286 | RMSE 78.448657 | Likelihood -1842841.853717 | KL fp 3.4758 | FP STD 0.1979|
Epoch 0077 [Val seq (cond on sampled tp)] |  MAPE 0.025294 | RMSE 88.715296 |
Epoch 0077 [Test seq (cond on sampled tp)] | MAPE 0.051208 | RMSE 286.776788|
0.05065036565065384,0.04943221062421799,0.053540680557489395
235.06067202160807,270.7446906219954,354.52500132219166
Experiment 52532
Epoch 0078 [Train seq (cond on sampled tp)] | Loss 1839682.053990 | MAPE 0.054759 | RMSE 76.255109 | Likelihood -1839678.619934 | KL fp 3.4341 | FP STD 0.2223|
Epoch 0078 [Val seq (cond on sampled tp)] |  MAPE 0.030442 | RMSE 89.976030 |
Epoch 0078 [Test seq (cond on sampled tp)] | MAPE 0.066318 | RMSE 320.769596|
0.06523734331130981,0.06246497109532356,0.07125206291675568
290.0858843730594,310.9617892523131,361.26111574593796
Experiment 52532
Epoch 0079 [Train seq (cond on sampled tp)] | Loss 1872021.218198 | MAPE 0.053499 | RMSE 84.968420 | Likelihood -1872017.851429 | KL fp 3.3668 | FP STD 0.1922|
Epoch 0079 [Val seq (cond on sampled tp)] |  MAPE 0.021461 | RMSE 88.589867 |
Best Val!
Epoch 0079 [Test seq (cond on sampled tp)] | MAPE 0.054024 | RMSE 282.594858|
0.053261321038007736,0.04728753864765167,0.06152442842721939
239.82074197460486,280.51463587039444,327.4491969183922
Experiment 52532
Epoch 0080 [Train seq (cond on sampled tp)] | Loss 1864848.064109 | MAPE 0.055076 | RMSE 79.149809 | Likelihood -1864844.502461 | KL fp 3.5616 | FP STD 0.2147|
Epoch 0080 [Val seq (cond on sampled tp)] |  MAPE 0.026315 | RMSE 84.338777 |
Epoch 0080 [Test seq (cond on sampled tp)] | MAPE 0.047367 | RMSE 291.215686|
0.045519378036260605,0.04878858104348183,0.047792013734579086
268.28019983778154,282.7716337877617,322.59522576674937
Experiment 52532
Epoch 0081 [Train seq (cond on sampled tp)] | Loss 1851542.071800 | MAPE 0.061740 | RMSE 79.514604 | Likelihood -1851538.518631 | KL fp 3.5532 | FP STD 0.2121|
Epoch 0081 [Val seq (cond on sampled tp)] |  MAPE 0.024156 | RMSE 82.943399 |
Epoch 0081 [Test seq (cond on sampled tp)] | MAPE 0.049247 | RMSE 289.477572|
0.051716506481170654,0.049124885350465775,0.04689863696694374
250.86817224141845,267.34301760565955,350.221525876837
Experiment 52532
Epoch 0082 [Train seq (cond on sampled tp)] | Loss 1865397.392442 | MAPE 0.055514 | RMSE 81.511722 | Likelihood -1865393.657124 | KL fp 3.7353 | FP STD 0.1753|
Epoch 0082 [Val seq (cond on sampled tp)] |  MAPE 0.030671 | RMSE 90.517905 |
Epoch 0082 [Test seq (cond on sampled tp)] | MAPE 0.060831 | RMSE 325.467752|
0.06067121773958206,0.05889928340911865,0.0629211962223053
266.450306107912,330.14462976474414,379.80831925459455
Experiment 52532
Epoch 0083 [Train seq (cond on sampled tp)] | Loss 1865531.366314 | MAPE 0.067654 | RMSE 81.355157 | Likelihood -1865527.371608 | KL fp 3.9947 | FP STD 0.1500|
Epoch 0083 [Val seq (cond on sampled tp)] |  MAPE 0.026331 | RMSE 86.801385 |
Epoch 0083 [Test seq (cond on sampled tp)] | MAPE 0.051023 | RMSE 323.388254|
0.055029261857271194,0.0486186258494854,0.049422018229961395
265.5018538070874,311.6753118230573,392.9875952240732
Experiment 52532
Epoch 0084 [Train seq (cond on sampled tp)] | Loss 1861130.756833 | MAPE 0.056871 | RMSE 82.047942 | Likelihood -1861126.959177 | KL fp 3.7977 | FP STD 0.1641|
Epoch 0084 [Val seq (cond on sampled tp)] |  MAPE 0.029332 | RMSE 80.276369 |
Epoch 0084 [Test seq (cond on sampled tp)] | MAPE 0.057550 | RMSE 290.918930|
0.057665955275297165,0.05507243424654007,0.05991024896502495
225.04184506720077,304.6928525170881,343.02209294737855
Experiment 52532
Epoch 0085 [Train seq (cond on sampled tp)] | Loss 1871065.782236 | MAPE 0.060000 | RMSE 81.067961 | Likelihood -1871062.146076 | KL fp 3.6362 | FP STD 0.1724|
Epoch 0085 [Val seq (cond on sampled tp)] |  MAPE 0.035621 | RMSE 88.723081 |
Epoch 0085 [Test seq (cond on sampled tp)] | MAPE 0.052778 | RMSE 300.447939|
0.053151778876781464,0.05128907412290573,0.05389319360256195
225.19801182792446,304.67091621534865,371.4748897974128
Experiment 52532
Epoch 0086 [Train seq (cond on sampled tp)] | Loss 1841776.434085 | MAPE 0.070404 | RMSE 77.964281 | Likelihood -1841772.698197 | KL fp 3.7359 | FP STD 0.1596|
Epoch 0086 [Val seq (cond on sampled tp)] |  MAPE 0.026158 | RMSE 92.025377 |
Epoch 0086 [Test seq (cond on sampled tp)] | MAPE 0.050929 | RMSE 310.376831|
0.05316254124045372,0.045332688838243484,0.05429308861494064
268.0690355346921,291.7269565664099,371.3345021675201
Experiment 52532
Epoch 0087 [Train seq (cond on sampled tp)] | Loss 1838706.035442 | MAPE 0.058716 | RMSE 75.741889 | Likelihood -1838702.269380 | KL fp 3.7661 | FP STD 0.1773|
Epoch 0087 [Val seq (cond on sampled tp)] |  MAPE 0.039152 | RMSE 81.194416 |
Epoch 0087 [Test seq (cond on sampled tp)] | MAPE 0.066161 | RMSE 316.459396|
0.06450650840997696,0.06573087722063065,0.06824613362550735
256.9273821286863,310.20926656452417,382.2415384936598
Experiment 52532
Epoch 0088 [Train seq (cond on sampled tp)] | Loss 1855957.337028 | MAPE 0.069171 | RMSE 78.456089 | Likelihood -1855953.451745 | KL fp 3.8853 | FP STD 0.1801|
Epoch 0088 [Val seq (cond on sampled tp)] |  MAPE 0.031942 | RMSE 82.327785 |
Epoch 0088 [Test seq (cond on sampled tp)] | MAPE 0.044694 | RMSE 308.335486|
0.04563019797205925,0.04634653776884079,0.04210623353719711
240.52069167745216,324.09376054623453,360.3920066226497
0.04563019797205925,0.04634653776884079,0.04210623353719711
240.52069167745216,324.09376054623453,360.3920066226497
Epoch 0088 [Test seq (cond on sampled tp)] | Best Test MAPE 0.044694|Best Test RMSE 308.335486|
Experiment 52532
Epoch 0089 [Train seq (cond on sampled tp)] | Loss 1862821.149167 | MAPE 0.063004 | RMSE 78.810548 | Likelihood -1862817.287601 | KL fp 3.8616 | FP STD 0.1586|
Epoch 0089 [Val seq (cond on sampled tp)] |  MAPE 0.035914 | RMSE 74.599009 |
Epoch 0089 [Test seq (cond on sampled tp)] | MAPE 0.059985 | RMSE 309.891288|
0.05505050718784332,0.0577336922287941,0.06717019528150558
249.10364308857467,302.5287434691124,378.04147837902656
Experiment 52532
Epoch 0090 [Train seq (cond on sampled tp)] | Loss 1851670.140590 | MAPE 0.072168 | RMSE 77.997463 | Likelihood -1851666.160247 | KL fp 3.9803 | FP STD 0.1598|
Epoch 0090 [Val seq (cond on sampled tp)] |  MAPE 0.025796 | RMSE 84.386151 |
Epoch 0090 [Test seq (cond on sampled tp)] | MAPE 0.044554 | RMSE 267.014085|
0.04767535254359245,0.04366154223680496,0.04232436418533325
197.25053469509277,262.50421127574316,341.2875093854154
0.04767535254359245,0.04366154223680496,0.04232436418533325
197.25053469509277,262.50421127574316,341.2875093854154
Epoch 0090 [Test seq (cond on sampled tp)] | Best Test MAPE 0.044554|Best Test RMSE 267.014085|
Experiment 52532
Epoch 0091 [Train seq (cond on sampled tp)] | Loss 1855187.626768 | MAPE 0.067076 | RMSE 81.474218 | Likelihood -1855184.242009 | KL fp 3.3848 | FP STD 0.2289|
Epoch 0091 [Val seq (cond on sampled tp)] |  MAPE 0.032471 | RMSE 79.258675 |
Epoch 0091 [Test seq (cond on sampled tp)] | MAPE 0.049208 | RMSE 269.737084|
0.045323703438043594,0.049231141805648804,0.0530700758099556
200.0854309726223,286.66312982314275,322.4626916404439
Experiment 52532
Epoch 0092 [Train seq (cond on sampled tp)] | Loss 1851396.016021 | MAPE 0.067872 | RMSE 80.711166 | Likelihood -1851392.447952 | KL fp 3.5681 | FP STD 0.1979|
Epoch 0092 [Val seq (cond on sampled tp)] |  MAPE 0.034218 | RMSE 80.641450 |
Epoch 0092 [Test seq (cond on sampled tp)] | MAPE 0.057397 | RMSE 283.005766|
0.05354619026184082,0.05519482493400574,0.06344915181398392
212.0336426725721,265.4291925354105,371.55446269692413
Experiment 52532
Epoch 0093 [Train seq (cond on sampled tp)] | Loss 1855870.997876 | MAPE 0.065723 | RMSE 78.281689 | Likelihood -1855866.998475 | KL fp 3.9994 | FP STD 0.1725|
Epoch 0093 [Val seq (cond on sampled tp)] |  MAPE 0.024941 | RMSE 81.010063 |
Epoch 0093 [Test seq (cond on sampled tp)] | MAPE 0.045479 | RMSE 308.385425|
0.0497826524078846,0.04456067085266113,0.04209339991211891
256.3070972973632,298.2410413574899,370.60813620993264
Experiment 52532
Epoch 0094 [Train seq (cond on sampled tp)] | Loss 1852689.798855 | MAPE 0.061973 | RMSE 79.410740 | Likelihood -1852686.073185 | KL fp 3.7257 | FP STD 0.1823|
Epoch 0094 [Val seq (cond on sampled tp)] |  MAPE 0.030344 | RMSE 74.799220 |
Epoch 0094 [Test seq (cond on sampled tp)] | MAPE 0.052731 | RMSE 278.078909|
0.05080465227365494,0.0488397479057312,0.058549173176288605
231.15436367014576,263.56105495216855,339.52130824147105
Experiment 52532
Epoch 0095 [Train seq (cond on sampled tp)] | Loss 1848358.912021 | MAPE 0.064300 | RMSE 78.913639 | Likelihood -1848355.252306 | KL fp 3.6597 | FP STD 0.1854|
Epoch 0095 [Val seq (cond on sampled tp)] |  MAPE 0.029722 | RMSE 81.988715 |
Epoch 0095 [Test seq (cond on sampled tp)] | MAPE 0.058409 | RMSE 296.633077|
0.05862521380186081,0.05126442015171051,0.06533625721931458
254.09958216465057,277.4021082967828,358.3975402747625
Experiment 52532
Epoch 0096 [Train seq (cond on sampled tp)] | Loss 1851201.760752 | MAPE 0.065911 | RMSE 79.040758 | Likelihood -1851197.661005 | KL fp 4.0997 | FP STD 0.1737|
Epoch 0096 [Val seq (cond on sampled tp)] |  MAPE 0.027542 | RMSE 77.530079 |
Epoch 0096 [Test seq (cond on sampled tp)] | MAPE 0.048431 | RMSE 278.329379|
0.049744863063097,0.04569292813539505,0.04985398054122925
228.084696782248,270.9468640250335,335.9565750398405
Experiment 52532
Epoch 0097 [Train seq (cond on sampled tp)] | Loss 1860047.507689 | MAPE 0.060497 | RMSE 83.722812 | Likelihood -1860043.649880 | KL fp 3.8578 | FP STD 0.1743|
Epoch 0097 [Val seq (cond on sampled tp)] |  MAPE 0.026789 | RMSE 81.480448 |
Epoch 0097 [Test seq (cond on sampled tp)] | MAPE 0.046424 | RMSE 267.076238|
0.04852810129523277,0.043196890503168106,0.04754609987139702
211.61757961001254,248.41139013740894,341.1997444679582
Experiment 52532
Epoch 0098 [Train seq (cond on sampled tp)] | Loss 1842668.163869 | MAPE 0.059783 | RMSE 79.202902 | Likelihood -1842664.272787 | KL fp 3.8911 | FP STD 0.1650|
Epoch 0098 [Val seq (cond on sampled tp)] |  MAPE 0.023682 | RMSE 74.628851 |
Epoch 0098 [Test seq (cond on sampled tp)] | MAPE 0.047102 | RMSE 272.813115|
0.045504458248615265,0.04633786901831627,0.04946346953511238
222.47499859534778,267.3733929357968,328.5909548739892
Experiment 52532
Epoch 0099 [Train seq (cond on sampled tp)] | Loss 1834257.665908 | MAPE 0.057838 | RMSE 74.955981 | Likelihood -1834253.634166 | KL fp 4.0317 | FP STD 0.1797|
Epoch 0099 [Val seq (cond on sampled tp)] |  MAPE 0.022815 | RMSE 83.909067 |
Epoch 0099 [Test seq (cond on sampled tp)] | MAPE 0.046234 | RMSE 282.231629|
0.04801712557673454,0.04322149232029915,0.047463949769735336
239.58985136061168,259.37936743310945,347.7256686311783
Experiment 52532
Epoch 0100 [Train seq (cond on sampled tp)] | Loss 1837134.000575 | MAPE 0.058337 | RMSE 77.615710 | Likelihood -1837129.983192 | KL fp 4.0174 | FP STD 0.1605|
Epoch 0100 [Val seq (cond on sampled tp)] |  MAPE 0.026202 | RMSE 82.207697 |
Epoch 0100 [Test seq (cond on sampled tp)] | MAPE 0.052346 | RMSE 289.841880|
0.054626405239105225,0.049481458961963654,0.05293132737278938
254.70890247496257,271.27956348110706,343.53717275209095
