/nvme/yuanjingyang/CG-ODE/run_models_covid.py
run_models_covid.py --heavyBall --gamma_guess 0.0 --corr 5
Namespace(save='experiments/', load=None, dataset='Dec', datapath='data/', pred_length=14, condition_length=21, features='Confirmed,Deaths,Recovered,Mortality_Rate,Testing_Rate,Population,Mobility', split_interval=3, feature_out='Deaths', niters=100, lr=0.005, batch_size=8, random_seed=1991, dropout=0.2, l2=1e-05, optimizer='AdamW', clip=10, edge_lamda=0.5, z0_encoder='GTrans', rec_dims=64, ode_dims=20, rec_layers=1, gen_layers=1, CVPR=False, graf_layer=1, heavyBall=True, actv_h=None, gamma_guess=0.0, gamma_act='sigmoid', corr=5, corrf=True, sign=1, augment_dim=0, solver='rk4', alias='run', output_dim=1, feature_out_index=[1], num_atoms=50)
run
Experiment 07-08_02:13
Epoch 0001 [Train seq (cond on sampled tp)] | Loss 4402689.415262 | MAPE 0.063431 | RMSE 286.616966 | Likelihood -4402687.884235 | KL fp 1.5310 | FP STD 0.4238|
Epoch 0001 [Val seq (cond on sampled tp)] |  MAPE 0.058137 | RMSE 306.391026 |
Best Val!
Epoch 0001 [Test seq (cond on sampled tp)] | MAPE 0.123196 | RMSE 907.567013|
0.13680799305438995,0.1273970603942871,0.10538289695978165
852.9661482145701,938.4794550228577,931.2554362257436
0.13680799305438995,0.1273970603942871,0.10538289695978165
852.9661482145701,938.4794550228577,931.2554362257436
Epoch 0001 [Test seq (cond on sampled tp)] | Best Test MAPE 0.123196|Best Test RMSE 907.567013|
Experiment 07-08_02:13
Epoch 0002 [Train seq (cond on sampled tp)] | Loss 4221488.822070 | MAPE 0.093069 | RMSE 276.858703 | Likelihood -4221485.705481 | KL fp 3.1166 | FP STD 0.6579|
Epoch 0002 [Val seq (cond on sampled tp)] |  MAPE 0.067014 | RMSE 282.930355 |
Epoch 0002 [Test seq (cond on sampled tp)] | MAPE 0.110696 | RMSE 870.983257|
0.11932708323001862,0.11367787420749664,0.09908221662044525
814.1177356500717,900.5545860746032,898.2774487874
0.11932708323001862,0.11367787420749664,0.09908221662044525
814.1177356500717,900.5545860746032,898.2774487874
Epoch 0002 [Test seq (cond on sampled tp)] | Best Test MAPE 0.110696|Best Test RMSE 870.983257|
Experiment 07-08_02:13
Epoch 0003 [Train seq (cond on sampled tp)] | Loss 3882679.660898 | MAPE 0.227010 | RMSE 257.841527 | Likelihood -3882673.618864 | KL fp 6.0420 | FP STD 0.8569|
Epoch 0003 [Val seq (cond on sampled tp)] |  MAPE 0.099919 | RMSE 242.839051 |
Epoch 0003 [Test seq (cond on sampled tp)] | MAPE 0.130754 | RMSE 797.565490|
0.13769353926181793,0.13480573892593384,0.11976194381713867
737.767959794948,827.4981873091929,827.4303218398513
Experiment 07-08_02:13
Epoch 0004 [Train seq (cond on sampled tp)] | Loss 3599110.598234 | MAPE 0.479251 | RMSE 241.536453 | Likelihood -3599101.988875 | KL fp 8.6094 | FP STD 0.8208|
Epoch 0004 [Val seq (cond on sampled tp)] |  MAPE 0.131541 | RMSE 210.250307 |
Epoch 0004 [Test seq (cond on sampled tp)] | MAPE 0.141646 | RMSE 725.001451|
0.14928267896175385,0.13907262682914734,0.13658194243907928
661.9012624629145,754.3203480617502,758.7827422918895
Experiment 07-08_02:13
Epoch 0005 [Train seq (cond on sampled tp)] | Loss 3266217.997015 | MAPE 0.435429 | RMSE 219.235782 | Likelihood -3266211.783605 | KL fp 6.2134 | FP STD 0.5424|
Epoch 0005 [Val seq (cond on sampled tp)] |  MAPE 0.059418 | RMSE 180.651647 |
Epoch 0005 [Test seq (cond on sampled tp)] | MAPE 0.076788 | RMSE 673.155130|
0.08638235926628113,0.07585100084543228,0.06813202053308487
609.5697509309332,707.3671474206305,702.528491415117
0.08638235926628113,0.07585100084543228,0.06813202053308487
609.5697509309332,707.3671474206305,702.528491415117
Epoch 0005 [Test seq (cond on sampled tp)] | Best Test MAPE 0.076788|Best Test RMSE 673.155130|
Experiment 07-08_02:13
Epoch 0006 [Train seq (cond on sampled tp)] | Loss 2914969.437760 | MAPE 0.115001 | RMSE 193.063655 | Likelihood -2914965.325740 | KL fp 4.1120 | FP STD 0.5220|
Epoch 0006 [Val seq (cond on sampled tp)] |  MAPE 0.031498 | RMSE 148.892329 |
Best Val!
Epoch 0006 [Test seq (cond on sampled tp)] | MAPE 0.056094 | RMSE 591.396640|
0.061475999653339386,0.05721805617213249,0.049588173627853394
522.8112410325547,625.6123000708985,625.7663801291981
0.061475999653339386,0.05721805617213249,0.049588173627853394
522.8112410325547,625.6123000708985,625.7663801291981
Epoch 0006 [Test seq (cond on sampled tp)] | Best Test MAPE 0.056094|Best Test RMSE 591.396640|
Experiment 07-08_02:13
Epoch 0007 [Train seq (cond on sampled tp)] | Loss 2601579.633280 | MAPE 0.055237 | RMSE 167.100901 | Likelihood -2601575.576030 | KL fp 4.0573 | FP STD 0.4679|
Epoch 0007 [Val seq (cond on sampled tp)] |  MAPE 0.029997 | RMSE 139.677621 |
Best Val!
Epoch 0007 [Test seq (cond on sampled tp)] | MAPE 0.067997 | RMSE 547.091551|
0.07088567316532135,0.07273943722248077,0.060364969074726105
487.510448605976,580.4451955180609,573.3190102377558
Experiment 07-08_02:13
Epoch 0008 [Train seq (cond on sampled tp)] | Loss 2358324.087615 | MAPE 0.038400 | RMSE 143.807263 | Likelihood -2358320.318713 | KL fp 3.7689 | FP STD 0.4290|
Epoch 0008 [Val seq (cond on sampled tp)] |  MAPE 0.023217 | RMSE 105.744824 |
Best Val!
Epoch 0008 [Test seq (cond on sampled tp)] | MAPE 0.054083 | RMSE 454.238754|
0.061825212091207504,0.0569043904542923,0.04351941868662834
398.07342680088556,482.0808412496809,482.56199407433655
0.061825212091207504,0.0569043904542923,0.04351941868662834
398.07342680088556,482.0808412496809,482.56199407433655
Epoch 0008 [Test seq (cond on sampled tp)] | Best Test MAPE 0.054083|Best Test RMSE 454.238754|
Experiment 07-08_02:13
Epoch 0009 [Train seq (cond on sampled tp)] | Loss 2312040.075198 | MAPE 0.054620 | RMSE 137.879635 | Likelihood -2312036.791177 | KL fp 3.2840 | FP STD 0.3308|
Epoch 0009 [Val seq (cond on sampled tp)] |  MAPE 0.040261 | RMSE 97.726220 |
Epoch 0009 [Test seq (cond on sampled tp)] | MAPE 0.058372 | RMSE 434.576149|
0.05472506582736969,0.06122932210564613,0.059160564094781876
376.9206025478045,465.20237531637775,461.6054693945903
Experiment 07-08_02:13
Epoch 0010 [Train seq (cond on sampled tp)] | Loss 2163297.259955 | MAPE 0.041621 | RMSE 122.763678 | Likelihood -2163293.463071 | KL fp 3.7969 | FP STD 0.2784|
Epoch 0010 [Val seq (cond on sampled tp)] |  MAPE 0.030112 | RMSE 102.536279 |
Epoch 0010 [Test seq (cond on sampled tp)] | MAPE 0.047319 | RMSE 405.415172|
0.055928729474544525,0.05140318349003792,0.03462594375014305
359.20823304526306,424.32499705414483,432.71228532940916
0.055928729474544525,0.05140318349003792,0.03462594375014305
359.20823304526306,424.32499705414483,432.71228532940916
Epoch 0010 [Test seq (cond on sampled tp)] | Best Test MAPE 0.047319|Best Test RMSE 405.415172|
Experiment 07-08_02:13
Epoch 0011 [Train seq (cond on sampled tp)] | Loss 2180389.341624 | MAPE 0.083093 | RMSE 125.147048 | Likelihood -2180385.728183 | KL fp 3.6134 | FP STD 0.2215|
Epoch 0011 [Val seq (cond on sampled tp)] |  MAPE 0.046356 | RMSE 101.861584 |
Epoch 0011 [Test seq (cond on sampled tp)] | MAPE 0.054134 | RMSE 342.061408|
0.056073278188705444,0.05191294476389885,0.05441443622112274
288.8040804334315,364.5275624009795,372.8525806200086
Experiment 07-08_02:13
Epoch 0012 [Train seq (cond on sampled tp)] | Loss 2063798.679212 | MAPE 0.032853 | RMSE 109.714071 | Likelihood -2063795.207672 | KL fp 3.4715 | FP STD 0.2232|
Epoch 0012 [Val seq (cond on sampled tp)] |  MAPE 0.026403 | RMSE 90.504146 |
Epoch 0012 [Test seq (cond on sampled tp)] | MAPE 0.044259 | RMSE 344.132157|
0.05175720900297165,0.04543115198612213,0.03558730706572533
292.2550256197488,370.0057643132063,370.1356803592434
0.05175720900297165,0.04543115198612213,0.03558730706572533
292.2550256197488,370.0057643132063,370.1356803592434
Epoch 0012 [Test seq (cond on sampled tp)] | Best Test MAPE 0.044259|Best Test RMSE 344.132157|
Experiment 07-08_02:13
Epoch 0013 [Train seq (cond on sampled tp)] | Loss 2052840.665271 | MAPE 0.045263 | RMSE 108.313005 | Likelihood -2052837.034368 | KL fp 3.6309 | FP STD 0.2195|
Epoch 0013 [Val seq (cond on sampled tp)] |  MAPE 0.027898 | RMSE 99.105068 |
Epoch 0013 [Test seq (cond on sampled tp)] | MAPE 0.044719 | RMSE 350.681116|
0.043838635087013245,0.04985075071454048,0.0404680110514164
295.4395956663561,375.118127227944,381.4856239099974
Experiment 07-08_02:13
Epoch 0014 [Train seq (cond on sampled tp)] | Loss 2005505.384292 | MAPE 0.033407 | RMSE 101.764903 | Likelihood -2005501.695296 | KL fp 3.6890 | FP STD 0.1844|
Epoch 0014 [Val seq (cond on sampled tp)] |  MAPE 0.027708 | RMSE 94.814591 |
Epoch 0014 [Test seq (cond on sampled tp)] | MAPE 0.044766 | RMSE 322.595650|
0.04324011877179146,0.049182500690221786,0.04187494143843651
273.32575573845946,341.28797865585597,353.1732157348572
Experiment 07-08_02:13
Epoch 0015 [Train seq (cond on sampled tp)] | Loss 2035874.376062 | MAPE 0.042498 | RMSE 104.531562 | Likelihood -2035870.997128 | KL fp 3.3789 | FP STD 0.1675|
Epoch 0015 [Val seq (cond on sampled tp)] |  MAPE 0.029790 | RMSE 86.658608 |
Epoch 0015 [Test seq (cond on sampled tp)] | MAPE 0.042887 | RMSE 306.575976|
0.04082384333014488,0.04706750437617302,0.04077049344778061
254.31428943828539,327.71066697622155,337.7029713742537
0.04082384333014488,0.04706750437617302,0.04077049344778061
254.31428943828539,327.71066697622155,337.7029713742537
Epoch 0015 [Test seq (cond on sampled tp)] | Best Test MAPE 0.042887|Best Test RMSE 306.575976|
Experiment 07-08_02:13
Epoch 0016 [Train seq (cond on sampled tp)] | Loss 1981274.071018 | MAPE 0.032292 | RMSE 98.634515 | Likelihood -1981270.579413 | KL fp 3.4916 | FP STD 0.1700|
Epoch 0016 [Val seq (cond on sampled tp)] |  MAPE 0.031038 | RMSE 78.451126 |
Epoch 0016 [Test seq (cond on sampled tp)] | MAPE 0.045030 | RMSE 280.520734|
0.04552919417619705,0.047632887959480286,0.041927769780159
209.90661986345262,297.3602875721639,334.2952942384921
Experiment 07-08_02:13
Epoch 0017 [Train seq (cond on sampled tp)] | Loss 1974535.085899 | MAPE 0.033036 | RMSE 97.156107 | Likelihood -1974531.637588 | KL fp 3.4483 | FP STD 0.1727|
Epoch 0017 [Val seq (cond on sampled tp)] |  MAPE 0.029928 | RMSE 87.894221 |
Epoch 0017 [Test seq (cond on sampled tp)] | MAPE 0.050863 | RMSE 316.419361|
0.055924732238054276,0.05213470757007599,0.04452894255518913
256.5682474995688,342.16135174066636,350.52848493382106
Experiment 07-08_02:13
Epoch 0018 [Train seq (cond on sampled tp)] | Loss 1987718.267416 | MAPE 0.033973 | RMSE 98.711613 | Likelihood -1987715.047211 | KL fp 3.2202 | FP STD 0.1970|
Epoch 0018 [Val seq (cond on sampled tp)] |  MAPE 0.033705 | RMSE 92.985891 |
Epoch 0018 [Test seq (cond on sampled tp)] | MAPE 0.048715 | RMSE 312.496837|
0.05177241191267967,0.04989581182599068,0.04447797313332558
256.57674290550966,326.6543830067186,354.2593836971718
Experiment 07-08_02:13
Epoch 0019 [Train seq (cond on sampled tp)] | Loss 2003774.055065 | MAPE 0.030742 | RMSE 101.310445 | Likelihood -2003770.990811 | KL fp 3.0643 | FP STD 0.2188|
Epoch 0019 [Val seq (cond on sampled tp)] |  MAPE 0.029491 | RMSE 85.225276 |
Epoch 0019 [Test seq (cond on sampled tp)] | MAPE 0.053635 | RMSE 308.576190|
0.052288301289081573,0.0555972196161747,0.05302009359002113
256.99148818589305,317.87817045214035,350.8589126165958
Experiment 07-08_02:13
Epoch 0020 [Train seq (cond on sampled tp)] | Loss 1995815.002144 | MAPE 0.030673 | RMSE 100.094645 | Likelihood -1995811.626485 | KL fp 3.3757 | FP STD 0.1808|
Epoch 0020 [Val seq (cond on sampled tp)] |  MAPE 0.032085 | RMSE 84.854330 |
Epoch 0020 [Test seq (cond on sampled tp)] | MAPE 0.057105 | RMSE 299.584290|
0.05799974128603935,0.060128528624773026,0.05318716913461685
245.83545373379326,325.1399938872485,327.77742305183256
Experiment 07-08_02:13
Epoch 0021 [Train seq (cond on sampled tp)] | Loss 1966389.857687 | MAPE 0.037050 | RMSE 96.048809 | Likelihood -1966386.715076 | KL fp 3.1426 | FP STD 0.2171|
Epoch 0021 [Val seq (cond on sampled tp)] |  MAPE 0.026949 | RMSE 87.776530 |
Epoch 0021 [Test seq (cond on sampled tp)] | MAPE 0.057903 | RMSE 288.339674|
0.05960007384419441,0.059038933366537094,0.05507136881351471
242.37837639473946,301.4164866716816,321.2241599529836
Experiment 07-08_02:13
Epoch 0022 [Train seq (cond on sampled tp)] | Loss 1949523.437749 | MAPE 0.032423 | RMSE 92.236193 | Likelihood -1949520.380989 | KL fp 3.0568 | FP STD 0.1951|
Epoch 0022 [Val seq (cond on sampled tp)] |  MAPE 0.022263 | RMSE 77.120324 |
Best Val!
Epoch 0022 [Test seq (cond on sampled tp)] | MAPE 0.046854 | RMSE 240.618769|
0.04787389189004898,0.04546453803777695,0.047222767025232315
195.84392701842964,244.22908047568782,281.7832999398651
Experiment 07-08_02:13
Epoch 0023 [Train seq (cond on sampled tp)] | Loss 1940794.976343 | MAPE 0.051946 | RMSE 91.816397 | Likelihood -1940791.720008 | KL fp 3.2563 | FP STD 0.1853|
Epoch 0023 [Val seq (cond on sampled tp)] |  MAPE 0.028309 | RMSE 86.355088 |
Epoch 0023 [Test seq (cond on sampled tp)] | MAPE 0.067252 | RMSE 285.901889|
0.06947176903486252,0.06876372545957565,0.06352180242538452
262.8998591431726,305.9348633696395,288.87094328609794
Experiment 07-08_02:13
Epoch 0024 [Train seq (cond on sampled tp)] | Loss 1957823.645561 | MAPE 0.034529 | RMSE 94.460620 | Likelihood -1957820.393621 | KL fp 3.2519 | FP STD 0.1789|
Epoch 0024 [Val seq (cond on sampled tp)] |  MAPE 0.024637 | RMSE 87.889085 |
Epoch 0024 [Test seq (cond on sampled tp)] | MAPE 0.051981 | RMSE 277.086475|
0.05653500556945801,0.05285800248384476,0.0465487465262413
233.1420905263569,301.34978897039235,296.7675463430933
Experiment 07-08_02:13
Epoch 0025 [Train seq (cond on sampled tp)] | Loss 1959164.163533 | MAPE 0.034455 | RMSE 94.903113 | Likelihood -1959160.900600 | KL fp 3.2629 | FP STD 0.1725|
Epoch 0025 [Val seq (cond on sampled tp)] |  MAPE 0.031588 | RMSE 81.334058 |
Epoch 0025 [Test seq (cond on sampled tp)] | MAPE 0.064169 | RMSE 291.709524|
0.068260557949543,0.06373681873083115,0.060508377850055695
266.828655226533,299.3352139533536,308.9647026765355
Experiment 07-08_02:13
Epoch 0026 [Train seq (cond on sampled tp)] | Loss 1964202.465492 | MAPE 0.028648 | RMSE 93.326631 | Likelihood -1964199.633056 | KL fp 2.8324 | FP STD 0.2142|
Epoch 0026 [Val seq (cond on sampled tp)] |  MAPE 0.025055 | RMSE 76.763645 |
Epoch 0026 [Test seq (cond on sampled tp)] | MAPE 0.052456 | RMSE 247.448004|
0.05010496824979782,0.05067465826869011,0.0565873421728611
190.5719803315797,257.215133691624,294.5568970929046
Experiment 07-08_02:13
Epoch 0027 [Train seq (cond on sampled tp)] | Loss 1950725.681540 | MAPE 0.032640 | RMSE 94.140540 | Likelihood -1950722.524835 | KL fp 3.1567 | FP STD 0.2060|
Epoch 0027 [Val seq (cond on sampled tp)] |  MAPE 0.022002 | RMSE 88.745233 |
Best Val!
Epoch 0027 [Test seq (cond on sampled tp)] | MAPE 0.060202 | RMSE 290.956812|
0.0583806075155735,0.06186671182513237,0.060359589755535126
265.80082416162674,297.2894738298011,309.78013876780415
Experiment 07-08_02:13
Epoch 0028 [Train seq (cond on sampled tp)] | Loss 1951781.588998 | MAPE 0.035760 | RMSE 93.538883 | Likelihood -1951778.414033 | KL fp 3.1750 | FP STD 0.1740|
Epoch 0028 [Val seq (cond on sampled tp)] |  MAPE 0.023542 | RMSE 83.121907 |
Epoch 0028 [Test seq (cond on sampled tp)] | MAPE 0.054049 | RMSE 273.279130|
0.05359593406319618,0.05408370494842529,0.054468411952257156
262.0430993892035,276.7522018882596,281.0420898193009
Experiment 07-08_02:13
Epoch 0029 [Train seq (cond on sampled tp)] | Loss 1923095.715952 | MAPE 0.032324 | RMSE 88.737620 | Likelihood -1923092.779274 | KL fp 2.9367 | FP STD 0.2000|
Epoch 0029 [Val seq (cond on sampled tp)] |  MAPE 0.025603 | RMSE 87.394183 |
Epoch 0029 [Test seq (cond on sampled tp)] | MAPE 0.054096 | RMSE 267.003757|
0.050488993525505066,0.057817377150058746,0.05398137494921684
219.14342299907153,284.15943753023583,297.70840914391385
Experiment 07-08_02:13
Epoch 0030 [Train seq (cond on sampled tp)] | Loss 1946004.670555 | MAPE 0.029488 | RMSE 90.754001 | Likelihood -1946002.068989 | KL fp 2.6016 | FP STD 0.2246|
Epoch 0030 [Val seq (cond on sampled tp)] |  MAPE 0.037775 | RMSE 85.717747 |
Epoch 0030 [Test seq (cond on sampled tp)] | MAPE 0.080881 | RMSE 291.759822|
0.07872189581394196,0.08030259609222412,0.08361894637346268
247.76288122416562,287.86760465967683,339.6489801066684
Experiment 07-08_02:13
Epoch 0031 [Train seq (cond on sampled tp)] | Loss 1961296.033320 | MAPE 0.046117 | RMSE 96.165130 | Likelihood -1961293.035302 | KL fp 2.9980 | FP STD 0.1840|
Epoch 0031 [Val seq (cond on sampled tp)] |  MAPE 0.027307 | RMSE 90.310886 |
Epoch 0031 [Test seq (cond on sampled tp)] | MAPE 0.064082 | RMSE 302.753850|
0.06488775461912155,0.06437701731920242,0.06298070400953293
261.93950577852894,322.879669923642,323.44237315169454
Experiment 07-08_02:13
Epoch 0032 [Train seq (cond on sampled tp)] | Loss 1992421.223511 | MAPE 0.068382 | RMSE 101.771371 | Likelihood -1992418.378279 | KL fp 2.8452 | FP STD 0.2160|
Epoch 0032 [Val seq (cond on sampled tp)] |  MAPE 0.044297 | RMSE 120.887009 |
Epoch 0032 [Test seq (cond on sampled tp)] | MAPE 0.077248 | RMSE 284.699951|
0.07219940423965454,0.0744149312376976,0.0851307287812233
246.81530923952022,292.2023859844406,315.0821569448197
Experiment 07-08_02:13
Epoch 0033 [Train seq (cond on sampled tp)] | Loss 1918914.934506 | MAPE 0.032270 | RMSE 87.922095 | Likelihood -1918912.361314 | KL fp 2.5732 | FP STD 0.2475|
Epoch 0033 [Val seq (cond on sampled tp)] |  MAPE 0.034183 | RMSE 82.273164 |
Epoch 0033 [Test seq (cond on sampled tp)] | MAPE 0.068066 | RMSE 282.102685|
0.05984595790505409,0.06723062694072723,0.07712029665708542
228.81300361867548,281.7682170242059,335.7268351092894
Experiment 07-08_02:13
Epoch 0034 [Train seq (cond on sampled tp)] | Loss 1936994.759906 | MAPE 0.043960 | RMSE 91.406303 | Likelihood -1936992.196734 | KL fp 2.5632 | FP STD 0.2241|
Epoch 0034 [Val seq (cond on sampled tp)] |  MAPE 0.030619 | RMSE 97.095123 |
Epoch 0034 [Test seq (cond on sampled tp)] | MAPE 0.053570 | RMSE 281.674447|
0.05721540376543999,0.05392814427614212,0.04956533759832382
230.36212152011885,298.0151002885592,316.6461204957358
Experiment 07-08_02:13
Epoch 0035 [Train seq (cond on sampled tp)] | Loss 1929558.615955 | MAPE 0.053990 | RMSE 89.008542 | Likelihood -1929556.025705 | KL fp 2.5903 | FP STD 0.2314|
Epoch 0035 [Val seq (cond on sampled tp)] |  MAPE 0.030434 | RMSE 93.211008 |
Epoch 0035 [Test seq (cond on sampled tp)] | MAPE 0.056300 | RMSE 241.998658|
0.05201556161046028,0.05371737480163574,0.06316769123077393
195.53031854101297,249.94515804722042,280.52049835974555
Experiment 07-08_02:13
Epoch 0036 [Train seq (cond on sampled tp)] | Loss 1890700.867218 | MAPE 0.033403 | RMSE 82.536635 | Likelihood -1890698.405850 | KL fp 2.4614 | FP STD 0.2640|
Epoch 0036 [Val seq (cond on sampled tp)] |  MAPE 0.034090 | RMSE 89.748901 |
Epoch 0036 [Test seq (cond on sampled tp)] | MAPE 0.078473 | RMSE 270.437497|
0.07998033612966537,0.07747969776391983,0.0779590979218483
233.53097191539712,246.66487101683126,331.11664768627986
Experiment 07-08_02:13
Epoch 0037 [Train seq (cond on sampled tp)] | Loss 1910498.093271 | MAPE 0.036303 | RMSE 85.665463 | Likelihood -1910495.592004 | KL fp 2.5013 | FP STD 0.2649|
Epoch 0037 [Val seq (cond on sampled tp)] |  MAPE 0.024118 | RMSE 78.994876 |
Epoch 0037 [Test seq (cond on sampled tp)] | MAPE 0.067524 | RMSE 296.105397|
0.06878563016653061,0.07057751715183258,0.06320783495903015
235.76083617725826,350.2157147744801,302.33963982994356
Experiment 07-08_02:13
Epoch 0038 [Train seq (cond on sampled tp)] | Loss 1942621.682298 | MAPE 0.038883 | RMSE 94.142459 | Likelihood -1942619.078796 | KL fp 2.6035 | FP STD 0.2295|
Epoch 0038 [Val seq (cond on sampled tp)] |  MAPE 0.032701 | RMSE 85.929190 |
Epoch 0038 [Test seq (cond on sampled tp)] | MAPE 0.076732 | RMSE 285.475459|
0.07594327628612518,0.0752730667591095,0.07897907495498657
230.9030759187716,308.2169487552558,317.3063508858592
Experiment 07-08_02:13
Epoch 0039 [Train seq (cond on sampled tp)] | Loss 1919757.076757 | MAPE 0.032600 | RMSE 87.288083 | Likelihood -1919754.754423 | KL fp 2.3223 | FP STD 0.2619|
Epoch 0039 [Val seq (cond on sampled tp)] |  MAPE 0.032379 | RMSE 78.139508 |
Epoch 0039 [Test seq (cond on sampled tp)] | MAPE 0.063546 | RMSE 258.921473|
0.06137422099709511,0.06155681610107422,0.0677078440785408
193.56060299361025,257.8791959183602,325.3246215320937
Experiment 07-08_02:13
Epoch 0040 [Train seq (cond on sampled tp)] | Loss 1907383.893946 | MAPE 0.036055 | RMSE 86.254077 | Likelihood -1907381.102565 | KL fp 2.7914 | FP STD 0.1991|
Epoch 0040 [Val seq (cond on sampled tp)] |  MAPE 0.023901 | RMSE 76.858230 |
Epoch 0040 [Test seq (cond on sampled tp)] | MAPE 0.067658 | RMSE 291.733612|
0.06651348620653152,0.0667509064078331,0.06971103698015213
257.78558192808225,295.7277834005456,321.68746964250874
Experiment 07-08_02:13
Epoch 0041 [Train seq (cond on sampled tp)] | Loss 1968488.146070 | MAPE 0.038195 | RMSE 98.805472 | Likelihood -1968485.289948 | KL fp 2.8561 | FP STD 0.1942|
Epoch 0041 [Val seq (cond on sampled tp)] |  MAPE 0.031899 | RMSE 101.429138 |
Epoch 0041 [Test seq (cond on sampled tp)] | MAPE 0.085886 | RMSE 308.986473|
0.08159219473600388,0.08202062547206879,0.09404470026493073
274.8679086170301,285.6965719955351,366.39493719209605
Experiment 07-08_02:13
Epoch 0042 [Train seq (cond on sampled tp)] | Loss 1943751.679243 | MAPE 0.032269 | RMSE 90.505300 | Likelihood -1943748.913592 | KL fp 2.7657 | FP STD 0.1852|
Epoch 0042 [Val seq (cond on sampled tp)] |  MAPE 0.034015 | RMSE 86.250988 |
Epoch 0042 [Test seq (cond on sampled tp)] | MAPE 0.076552 | RMSE 290.538195|
0.07439196109771729,0.07505160570144653,0.08021291345357895
277.12941189541755,293.34986044823677,301.13531271257443
Experiment 07-08_02:13
Epoch 0043 [Train seq (cond on sampled tp)] | Loss 1936228.937887 | MAPE 0.040348 | RMSE 92.008459 | Likelihood -1936226.112693 | KL fp 2.8252 | FP STD 0.1944|
Epoch 0043 [Val seq (cond on sampled tp)] |  MAPE 0.026725 | RMSE 89.932977 |
Epoch 0043 [Test seq (cond on sampled tp)] | MAPE 0.063202 | RMSE 311.749559|
0.06283006817102432,0.0653681755065918,0.06140698119997978
280.9642854305508,324.67536671265964,329.6090250205537
Experiment 07-08_02:13
Epoch 0044 [Train seq (cond on sampled tp)] | Loss 1936122.398608 | MAPE 0.035968 | RMSE 90.741799 | Likelihood -1936120.025335 | KL fp 2.3733 | FP STD 0.2432|
Epoch 0044 [Val seq (cond on sampled tp)] |  MAPE 0.038282 | RMSE 89.416670 |
Epoch 0044 [Test seq (cond on sampled tp)] | MAPE 0.084833 | RMSE 282.799827|
0.08405603468418121,0.07997870445251465,0.09046438336372375
273.062550068661,273.66001660363173,301.67691482362386
Experiment 07-08_02:13
Epoch 0045 [Train seq (cond on sampled tp)] | Loss 1908609.017383 | MAPE 0.034985 | RMSE 86.049238 | Likelihood -1908606.354878 | KL fp 2.6625 | FP STD 0.2216|
Epoch 0045 [Val seq (cond on sampled tp)] |  MAPE 0.030974 | RMSE 84.233148 |
Epoch 0045 [Test seq (cond on sampled tp)] | MAPE 0.066534 | RMSE 303.363308|
0.06638824194669724,0.0663750097155571,0.06683831661939621
278.80484325958184,315.7410182808056,315.54406140426727
Experiment 07-08_02:13
Epoch 0046 [Train seq (cond on sampled tp)] | Loss 1912004.233879 | MAPE 0.041291 | RMSE 87.879454 | Likelihood -1912001.649654 | KL fp 2.5842 | FP STD 0.2448|
Epoch 0046 [Val seq (cond on sampled tp)] |  MAPE 0.027781 | RMSE 83.815835 |
Epoch 0046 [Test seq (cond on sampled tp)] | MAPE 0.059505 | RMSE 254.808488|
0.05063081160187721,0.06083923578262329,0.06704611331224442
196.63389998929483,271.69926791859416,296.0922971600241
Experiment 07-08_02:13
Epoch 0047 [Train seq (cond on sampled tp)] | Loss 1890947.050458 | MAPE 0.037010 | RMSE 82.542248 | Likelihood -1890944.702462 | KL fp 2.3480 | FP STD 0.2672|
Epoch 0047 [Val seq (cond on sampled tp)] |  MAPE 0.028604 | RMSE 86.721737 |
Epoch 0047 [Test seq (cond on sampled tp)] | MAPE 0.060435 | RMSE 265.254303|
0.054168011993169785,0.05237564444541931,0.07476142048835754
227.0670932648542,264.6959192875855,303.99989720393
Experiment 07-08_02:13
Epoch 0048 [Train seq (cond on sampled tp)] | Loss 1920774.156718 | MAPE 0.042887 | RMSE 89.253102 | Likelihood -1920771.604274 | KL fp 2.5524 | FP STD 0.2455|
Epoch 0048 [Val seq (cond on sampled tp)] |  MAPE 0.025580 | RMSE 99.001825 |
Epoch 0048 [Test seq (cond on sampled tp)] | MAPE 0.049980 | RMSE 322.900620|
0.04943249002099037,0.05047327280044556,0.05003337189555168
277.7384673573324,330.68863990542525,360.27475409401086
Experiment 07-08_02:13
Epoch 0049 [Train seq (cond on sampled tp)] | Loss 1935036.259201 | MAPE 0.037218 | RMSE 90.581418 | Likelihood -1935033.845589 | KL fp 2.4136 | FP STD 0.2613|
Epoch 0049 [Val seq (cond on sampled tp)] |  MAPE 0.029099 | RMSE 96.762712 |
Epoch 0049 [Test seq (cond on sampled tp)] | MAPE 0.055356 | RMSE 281.027425|
0.05389796942472458,0.05218053236603737,0.05998868867754936
221.67904198694563,258.2599677408405,363.1432654614429
Experiment 07-08_02:13
Epoch 0050 [Train seq (cond on sampled tp)] | Loss 1911808.137909 | MAPE 0.035286 | RMSE 85.418717 | Likelihood -1911805.633050 | KL fp 2.5049 | FP STD 0.2153|
Epoch 0050 [Val seq (cond on sampled tp)] |  MAPE 0.029643 | RMSE 81.350452 |
Epoch 0050 [Test seq (cond on sampled tp)] | MAPE 0.065350 | RMSE 297.829727|
0.06885269284248352,0.06363117694854736,0.06356551498174667
248.27448267995646,298.2186959682441,346.9960036693506
Experiment 07-08_02:13
Epoch 0051 [Train seq (cond on sampled tp)] | Loss 1913916.530091 | MAPE 0.046715 | RMSE 87.698569 | Likelihood -1913914.029094 | KL fp 2.5010 | FP STD 0.2308|
Epoch 0051 [Val seq (cond on sampled tp)] |  MAPE 0.029105 | RMSE 97.628946 |
Epoch 0051 [Test seq (cond on sampled tp)] | MAPE 0.052310 | RMSE 268.609070|
0.06037089228630066,0.05413929000496864,0.04241864010691643
217.08557860323197,277.2346845409138,311.50694715367104
Experiment 07-08_02:13
Epoch 0052 [Train seq (cond on sampled tp)] | Loss 1911234.211530 | MAPE 0.037034 | RMSE 87.733092 | Likelihood -1911231.890919 | KL fp 2.3206 | FP STD 0.2750|
Epoch 0052 [Val seq (cond on sampled tp)] |  MAPE 0.035701 | RMSE 86.587666 |
Epoch 0052 [Test seq (cond on sampled tp)] | MAPE 0.065353 | RMSE 276.363050|
0.06468239426612854,0.06336794793605804,0.06800896674394608
215.84746675893604,283.49366174572583,329.7480216961127
Experiment 07-08_02:13
Epoch 0053 [Train seq (cond on sampled tp)] | Loss 1913714.296788 | MAPE 0.042825 | RMSE 85.582752 | Likelihood -1913711.844529 | KL fp 2.4523 | FP STD 0.2226|
Epoch 0053 [Val seq (cond on sampled tp)] |  MAPE 0.032195 | RMSE 94.011926 |
Epoch 0053 [Test seq (cond on sampled tp)] | MAPE 0.065513 | RMSE 294.264253|
0.05987095087766647,0.06886635720729828,0.0678020715713501
249.2605862220299,311.3580886615923,322.1740843472671
Experiment 07-08_02:13
Epoch 0054 [Train seq (cond on sampled tp)] | Loss 1919161.231669 | MAPE 0.032754 | RMSE 89.453857 | Likelihood -1919158.487205 | KL fp 2.7445 | FP STD 0.1968|
Epoch 0054 [Val seq (cond on sampled tp)] |  MAPE 0.029186 | RMSE 104.972857 |
Epoch 0054 [Test seq (cond on sampled tp)] | MAPE 0.053415 | RMSE 294.511689|
0.057154543697834015,0.04737405851483345,0.0557168573141098
255.842152569216,283.98455338715166,343.7083611144774
Experiment 07-08_02:13
Epoch 0055 [Train seq (cond on sampled tp)] | Loss 1888164.994947 | MAPE 0.034230 | RMSE 81.994120 | Likelihood -1888162.492969 | KL fp 2.5020 | FP STD 0.2116|
Epoch 0055 [Val seq (cond on sampled tp)] |  MAPE 0.032706 | RMSE 90.253173 |
Epoch 0055 [Test seq (cond on sampled tp)] | MAPE 0.052938 | RMSE 261.618314|
0.058271296322345734,0.052608687430620193,0.04793268069624901
217.9311369876962,270.92950536071186,295.9942989315841
Experiment 07-08_02:13
Epoch 0056 [Train seq (cond on sampled tp)] | Loss 1899225.881141 | MAPE 0.039045 | RMSE 85.146666 | Likelihood -1899223.328974 | KL fp 2.5522 | FP STD 0.2195|
Epoch 0056 [Val seq (cond on sampled tp)] |  MAPE 0.028440 | RMSE 88.358893 |
Epoch 0056 [Test seq (cond on sampled tp)] | MAPE 0.069166 | RMSE 295.506699|
0.06785372644662857,0.06998658180236816,0.06965871900320053
233.6848589045726,307.65421691811736,345.1810213496681
Experiment 07-08_02:13
Epoch 0057 [Train seq (cond on sampled tp)] | Loss 1891575.536213 | MAPE 0.038567 | RMSE 85.152793 | Likelihood -1891572.978971 | KL fp 2.5572 | FP STD 0.2153|
Epoch 0057 [Val seq (cond on sampled tp)] |  MAPE 0.035884 | RMSE 93.474757 |
Epoch 0057 [Test seq (cond on sampled tp)] | MAPE 0.070888 | RMSE 289.616674|
0.07729078829288483,0.06900159269571304,0.06637174636125565
268.3763536295625,275.4984403313384,324.9752274212605
Experiment 07-08_02:13
Epoch 0058 [Train seq (cond on sampled tp)] | Loss 1916149.354774 | MAPE 0.034986 | RMSE 85.677656 | Likelihood -1916146.883756 | KL fp 2.4710 | FP STD 0.2113|
Epoch 0058 [Val seq (cond on sampled tp)] |  MAPE 0.025909 | RMSE 88.166241 |
Epoch 0058 [Test seq (cond on sampled tp)] | MAPE 0.049231 | RMSE 251.467833|
0.053137149661779404,0.04334010183811188,0.05121689662337303
223.5446159327037,249.5293929955948,281.3294887671749
Experiment 07-08_02:13
Epoch 0059 [Train seq (cond on sampled tp)] | Loss 1921357.293144 | MAPE 0.035472 | RMSE 87.957563 | Likelihood -1921354.735841 | KL fp 2.5573 | FP STD 0.2151|
Epoch 0059 [Val seq (cond on sampled tp)] |  MAPE 0.022985 | RMSE 94.921740 |
Epoch 0059 [Test seq (cond on sampled tp)] | MAPE 0.050012 | RMSE 288.667393|
0.05121518671512604,0.053199995309114456,0.04562181979417801
259.69811199737285,301.64147281996884,304.6625951359963
Experiment 07-08_02:13
Epoch 0060 [Train seq (cond on sampled tp)] | Loss 1900077.423504 | MAPE 0.042951 | RMSE 87.616453 | Likelihood -1900074.633559 | KL fp 2.7899 | FP STD 0.1871|
Epoch 0060 [Val seq (cond on sampled tp)] |  MAPE 0.020703 | RMSE 80.434993 |
Best Val!
Epoch 0060 [Test seq (cond on sampled tp)] | MAPE 0.050555 | RMSE 276.487040|
0.05173169821500778,0.048342861235141754,0.051588982343673706
228.0526083768831,276.6008518605827,324.80765943093155
Experiment 07-08_02:13
Epoch 0061 [Train seq (cond on sampled tp)] | Loss 1897954.331551 | MAPE 0.036836 | RMSE 82.234211 | Likelihood -1897951.650024 | KL fp 2.6815 | FP STD 0.1776|
Epoch 0061 [Val seq (cond on sampled tp)] |  MAPE 0.023991 | RMSE 86.324297 |
Epoch 0061 [Test seq (cond on sampled tp)] | MAPE 0.060365 | RMSE 274.962091|
0.06234674155712128,0.05826884135603905,0.06047942116856575
211.6145523115081,261.2649068713592,352.0068136769514
Experiment 07-08_02:13
Epoch 0062 [Train seq (cond on sampled tp)] | Loss 1874925.953654 | MAPE 0.039434 | RMSE 81.319986 | Likelihood -1874923.160791 | KL fp 2.7929 | FP STD 0.1992|
Epoch 0062 [Val seq (cond on sampled tp)] |  MAPE 0.023314 | RMSE 84.405281 |
Epoch 0062 [Test seq (cond on sampled tp)] | MAPE 0.049787 | RMSE 255.414973|
0.04984382539987564,0.0516510084271431,0.047864798456430435
219.5286854832416,247.05998607372663,299.6562483705287
Experiment 07-08_02:13
Epoch 0063 [Train seq (cond on sampled tp)] | Loss 1899237.542019 | MAPE 0.042784 | RMSE 84.687157 | Likelihood -1899234.863269 | KL fp 2.6787 | FP STD 0.1812|
Epoch 0063 [Val seq (cond on sampled tp)] |  MAPE 0.028920 | RMSE 92.184449 |
Epoch 0063 [Test seq (cond on sampled tp)] | MAPE 0.058245 | RMSE 250.366497|
0.056911762803792953,0.05820446461439133,0.05961903557181358
201.16655878897964,242.79661305813144,307.13631949022243
Experiment 07-08_02:13
Epoch 0064 [Train seq (cond on sampled tp)] | Loss 1876022.864844 | MAPE 0.040009 | RMSE 79.614915 | Likelihood -1876020.123325 | KL fp 2.7415 | FP STD 0.1872|
Epoch 0064 [Val seq (cond on sampled tp)] |  MAPE 0.033429 | RMSE 110.812051 |
Epoch 0064 [Test seq (cond on sampled tp)] | MAPE 0.075040 | RMSE 300.524881|
0.06735453754663467,0.0743502527475357,0.08341513574123383
267.0343640105146,292.78932005368637,341.75096013032646
Experiment 07-08_02:13
Epoch 0065 [Train seq (cond on sampled tp)] | Loss 1878854.977299 | MAPE 0.046956 | RMSE 82.664084 | Likelihood -1878852.273809 | KL fp 2.7035 | FP STD 0.2047|
Epoch 0065 [Val seq (cond on sampled tp)] |  MAPE 0.025943 | RMSE 89.946724 |
Epoch 0065 [Test seq (cond on sampled tp)] | MAPE 0.063564 | RMSE 314.469820|
0.06555764377117157,0.05940962955355644,0.06572355329990387
259.47171389671746,327.06405861466953,356.873686512469
Experiment 07-08_02:13
Epoch 0066 [Train seq (cond on sampled tp)] | Loss 1911498.575796 | MAPE 0.053329 | RMSE 87.871156 | Likelihood -1911496.201975 | KL fp 2.3738 | FP STD 0.2485|
Epoch 0066 [Val seq (cond on sampled tp)] |  MAPE 0.026458 | RMSE 95.857535 |
Epoch 0066 [Test seq (cond on sampled tp)] | MAPE 0.056990 | RMSE 287.169028|
0.05414830893278122,0.054369568824768066,0.062450703233480453
258.4321870675168,289.0704931327305,314.0044038305832
Experiment 07-08_02:13
Epoch 0067 [Train seq (cond on sampled tp)] | Loss 1878225.315080 | MAPE 0.048832 | RMSE 81.573156 | Likelihood -1878222.830301 | KL fp 2.4848 | FP STD 0.2179|
Epoch 0067 [Val seq (cond on sampled tp)] |  MAPE 0.025221 | RMSE 86.439432 |
Epoch 0067 [Test seq (cond on sampled tp)] | MAPE 0.052414 | RMSE 274.382372|
0.0512017086148262,0.05301225557923317,0.05302828550338745
229.37802280024562,265.76043606037376,328.00865794594506
Experiment 07-08_02:13
Epoch 0068 [Train seq (cond on sampled tp)] | Loss 1887889.572922 | MAPE 0.059924 | RMSE 84.062903 | Likelihood -1887886.987938 | KL fp 2.5850 | FP STD 0.2079|
Epoch 0068 [Val seq (cond on sampled tp)] |  MAPE 0.023903 | RMSE 79.459671 |
Epoch 0068 [Test seq (cond on sampled tp)] | MAPE 0.050394 | RMSE 302.944670|
0.05398481711745262,0.04877782613039017,0.04841816797852516
262.4195263552238,300.97961153955265,345.4348708512214
Experiment 07-08_02:13
Epoch 0069 [Train seq (cond on sampled tp)] | Loss 1935607.041439 | MAPE 0.062407 | RMSE 94.970800 | Likelihood -1935604.158817 | KL fp 2.8826 | FP STD 0.2091|
Epoch 0069 [Val seq (cond on sampled tp)] |  MAPE 0.032497 | RMSE 93.467684 |
Epoch 0069 [Test seq (cond on sampled tp)] | MAPE 0.054418 | RMSE 305.578540|
0.05043051019310951,0.05734845995903015,0.05547487735748291
269.70433753927654,308.4260319549892,338.60525043920984
Experiment 07-08_02:13
Epoch 0070 [Train seq (cond on sampled tp)] | Loss 1930722.261611 | MAPE 0.064089 | RMSE 87.449214 | Likelihood -1930719.935153 | KL fp 2.3265 | FP STD 0.2607|
Epoch 0070 [Val seq (cond on sampled tp)] |  MAPE 0.028731 | RMSE 85.294152 |
Epoch 0070 [Test seq (cond on sampled tp)] | MAPE 0.059459 | RMSE 301.583675|
0.05185234546661377,0.06621860712766647,0.06030677631497383
240.31731952254293,336.7919192543075,327.64178705561966
Experiment 07-08_02:13
Epoch 0071 [Train seq (cond on sampled tp)] | Loss 1910530.623149 | MAPE 0.067043 | RMSE 86.827827 | Likelihood -1910527.947194 | KL fp 2.6760 | FP STD 0.2286|
Epoch 0071 [Val seq (cond on sampled tp)] |  MAPE 0.028853 | RMSE 86.301196 |
Epoch 0071 [Test seq (cond on sampled tp)] | MAPE 0.048955 | RMSE 295.859143|
0.05922780930995941,0.04626186192035675,0.04137462005019188
270.9386461913472,279.69657108194946,336.94221268267944
Experiment 07-08_02:13
Epoch 0072 [Train seq (cond on sampled tp)] | Loss 1890608.508823 | MAPE 0.068815 | RMSE 84.629113 | Likelihood -1890605.978819 | KL fp 2.5300 | FP STD 0.2361|
Epoch 0072 [Val seq (cond on sampled tp)] |  MAPE 0.028783 | RMSE 90.438318 |
Epoch 0072 [Test seq (cond on sampled tp)] | MAPE 0.058102 | RMSE 294.353748|
0.05421488732099533,0.05423201620578766,0.06585950404405594
251.0072988231617,277.1428867705249,354.91105840055195
Experiment 07-08_02:13
Epoch 0073 [Train seq (cond on sampled tp)] | Loss 1868696.599411 | MAPE 0.070808 | RMSE 79.148661 | Likelihood -1868694.063640 | KL fp 2.5358 | FP STD 0.2280|
Epoch 0073 [Val seq (cond on sampled tp)] |  MAPE 0.033289 | RMSE 88.142978 |
Epoch 0073 [Test seq (cond on sampled tp)] | MAPE 0.059296 | RMSE 285.685676|
0.05704495310783386,0.05559088662266731,0.06525295972824097
258.14002680231516,260.436757558337,338.4802431457411
Experiment 07-08_02:13
Epoch 0074 [Train seq (cond on sampled tp)] | Loss 1867878.394439 | MAPE 0.072216 | RMSE 80.313459 | Likelihood -1867875.493545 | KL fp 2.9009 | FP STD 0.1900|
Epoch 0074 [Val seq (cond on sampled tp)] |  MAPE 0.030555 | RMSE 85.305048 |
Epoch 0074 [Test seq (cond on sampled tp)] | MAPE 0.053298 | RMSE 306.268842|
0.05397551879286766,0.05260847136378288,0.05330901965498924
251.67695377705923,301.48969976186584,365.639871492429
Experiment 07-08_02:13
Epoch 0075 [Train seq (cond on sampled tp)] | Loss 1878158.642043 | MAPE 0.065888 | RMSE 80.469932 | Likelihood -1878155.901015 | KL fp 2.7410 | FP STD 0.2063|
Epoch 0075 [Val seq (cond on sampled tp)] |  MAPE 0.028744 | RMSE 99.467655 |
Epoch 0075 [Test seq (cond on sampled tp)] | MAPE 0.064233 | RMSE 314.765592|
0.06550929695367813,0.058788519352674484,0.06840025633573532
265.0306733427284,303.1464811976217,376.11962026727616
Experiment 07-08_02:13
Epoch 0076 [Train seq (cond on sampled tp)] | Loss 1884956.482473 | MAPE 0.061630 | RMSE 82.875578 | Likelihood -1884953.857697 | KL fp 2.6248 | FP STD 0.2186|
Epoch 0076 [Val seq (cond on sampled tp)] |  MAPE 0.029075 | RMSE 95.104188 |
Epoch 0076 [Test seq (cond on sampled tp)] | MAPE 0.061800 | RMSE 314.280990|
0.06465895473957062,0.055631741881370544,0.0651087537407875
261.2084895251301,307.14674831422195,374.48773344396744
Experiment 07-08_02:13
Epoch 0077 [Train seq (cond on sampled tp)] | Loss 1871901.588646 | MAPE 0.065339 | RMSE 82.774501 | Likelihood -1871898.687566 | KL fp 2.9011 | FP STD 0.1823|
Epoch 0077 [Val seq (cond on sampled tp)] |  MAPE 0.029771 | RMSE 79.667004 |
Epoch 0077 [Test seq (cond on sampled tp)] | MAPE 0.058358 | RMSE 307.183704|
0.055572718381881714,0.05968014523386955,0.0598222054541111
233.93338394722545,315.791070171403,371.8266565215571
Experiment 07-08_02:13
Epoch 0078 [Train seq (cond on sampled tp)] | Loss 1884932.188498 | MAPE 0.069725 | RMSE 83.055090 | Likelihood -1884929.544672 | KL fp 2.6438 | FP STD 0.1831|
Epoch 0078 [Val seq (cond on sampled tp)] |  MAPE 0.029878 | RMSE 84.431850 |
Epoch 0078 [Test seq (cond on sampled tp)] | MAPE 0.055235 | RMSE 290.639057|
0.05127362906932831,0.052707113325595856,0.06172407791018486
243.7031605637276,281.4146046094623,346.79940617740397
Experiment 07-08_02:13
Epoch 0079 [Train seq (cond on sampled tp)] | Loss 1852170.542634 | MAPE 0.066910 | RMSE 78.294604 | Likelihood -1852167.595014 | KL fp 2.9476 | FP STD 0.1641|
Epoch 0079 [Val seq (cond on sampled tp)] |  MAPE 0.026476 | RMSE 94.332415 |
Epoch 0079 [Test seq (cond on sampled tp)] | MAPE 0.044172 | RMSE 306.150218|
0.049727510660886765,0.04394855350255966,0.03884030133485794
271.6407036417775,311.1715764654606,335.6383726386183
Experiment 07-08_02:13
Epoch 0080 [Train seq (cond on sampled tp)] | Loss 1856711.225300 | MAPE 0.070494 | RMSE 78.063212 | Likelihood -1856708.426502 | KL fp 2.7988 | FP STD 0.1736|
Epoch 0080 [Val seq (cond on sampled tp)] |  MAPE 0.028661 | RMSE 78.584859 |
Epoch 0080 [Test seq (cond on sampled tp)] | MAPE 0.047184 | RMSE 302.894049|
0.04490425065159798,0.04719119891524315,0.04945775493979454
263.99363747067844,310.19361393329814,334.4948967286347
Experiment 07-08_02:13
Epoch 0081 [Train seq (cond on sampled tp)] | Loss 1851344.393573 | MAPE 0.073607 | RMSE 77.261861 | Likelihood -1851341.869237 | KL fp 2.5243 | FP STD 0.2176|
Epoch 0081 [Val seq (cond on sampled tp)] |  MAPE 0.029001 | RMSE 86.675828 |
Epoch 0081 [Test seq (cond on sampled tp)] | MAPE 0.046791 | RMSE 279.701024|
0.05197218433022499,0.04542495310306549,0.04297440126538277
258.8163411330513,258.2851047050526,322.0016255781949
Experiment 07-08_02:13
Epoch 0082 [Train seq (cond on sampled tp)] | Loss 1862974.479500 | MAPE 0.073452 | RMSE 80.597199 | Likelihood -1862971.912614 | KL fp 2.5669 | FP STD 0.2242|
Epoch 0082 [Val seq (cond on sampled tp)] |  MAPE 0.027985 | RMSE 84.239677 |
Epoch 0082 [Test seq (cond on sampled tp)] | MAPE 0.057094 | RMSE 276.094520|
0.06371883302927017,0.05425521731376648,0.05330909788608551
253.41104979114468,247.85556057157564,327.01695053544245
Experiment 07-08_02:13
Epoch 0083 [Train seq (cond on sampled tp)] | Loss 1848641.096367 | MAPE 0.070217 | RMSE 78.047226 | Likelihood -1848638.664695 | KL fp 2.4317 | FP STD 0.2296|
Epoch 0083 [Val seq (cond on sampled tp)] |  MAPE 0.028345 | RMSE 83.773548 |
Epoch 0083 [Test seq (cond on sampled tp)] | MAPE 0.049274 | RMSE 293.738599|
0.05341239646077156,0.05004405230283737,0.044364817440509796
261.307215624636,297.4949054185634,322.41367546213047
Experiment 07-08_02:13
Epoch 0084 [Train seq (cond on sampled tp)] | Loss 1860049.436166 | MAPE 0.077502 | RMSE 79.850365 | Likelihood -1860046.784037 | KL fp 2.6521 | FP STD 0.1899|
Epoch 0084 [Val seq (cond on sampled tp)] |  MAPE 0.033541 | RMSE 92.453081 |
Epoch 0084 [Test seq (cond on sampled tp)] | MAPE 0.045388 | RMSE 287.551816|
0.05139707773923874,0.04302125796675682,0.041745904833078384
253.77736151743323,292.2269692593413,316.6511166686453
Experiment 07-08_02:13
Epoch 0085 [Train seq (cond on sampled tp)] | Loss 1863353.821840 | MAPE 0.084984 | RMSE 79.766950 | Likelihood -1863351.532466 | KL fp 2.2894 | FP STD 0.2414|
Epoch 0085 [Val seq (cond on sampled tp)] |  MAPE 0.033182 | RMSE 96.403312 |
Epoch 0085 [Test seq (cond on sampled tp)] | MAPE 0.055308 | RMSE 265.210661|
0.05296436324715614,0.05329069867730141,0.05966755747795105
234.44543941501612,265.07053896085847,296.11600345135014
Experiment 07-08_02:13
Epoch 0086 [Train seq (cond on sampled tp)] | Loss 1883434.097525 | MAPE 0.088104 | RMSE 84.174082 | Likelihood -1883431.441573 | KL fp 2.6560 | FP STD 0.1864|
Epoch 0086 [Val seq (cond on sampled tp)] |  MAPE 0.028703 | RMSE 91.052135 |
Epoch 0086 [Test seq (cond on sampled tp)] | MAPE 0.045749 | RMSE 293.896139|
0.04465767741203308,0.046297721564769745,0.046290382742881775
245.71677674713217,287.0285808939591,348.94305812338496
Experiment 07-08_02:13
Epoch 0087 [Train seq (cond on sampled tp)] | Loss 1853509.523722 | MAPE 0.087355 | RMSE 79.552531 | Likelihood -1853507.000722 | KL fp 2.5230 | FP STD 0.2193|
Epoch 0087 [Val seq (cond on sampled tp)] |  MAPE 0.027565 | RMSE 83.237785 |
Epoch 0087 [Test seq (cond on sampled tp)] | MAPE 0.048593 | RMSE 300.413869|
0.05142602324485779,0.047743041068315506,0.046608805656433105
242.5483440857719,293.2863628350285,365.4069007626977
Experiment 07-08_02:13
Epoch 0088 [Train seq (cond on sampled tp)] | Loss 1856210.011176 | MAPE 0.088170 | RMSE 78.160284 | Likelihood -1856207.681244 | KL fp 2.3299 | FP STD 0.2548|
Epoch 0088 [Val seq (cond on sampled tp)] |  MAPE 0.031713 | RMSE 104.432745 |
Epoch 0088 [Test seq (cond on sampled tp)] | MAPE 0.045807 | RMSE 310.832629|
0.050259318202733994,0.04473022744059563,0.04243224859237671
288.98637511135365,301.40311202358214,342.10839839150395
Experiment 07-08_02:13
Epoch 0089 [Train seq (cond on sampled tp)] | Loss 1895500.524772 | MAPE 0.090720 | RMSE 86.458777 | Likelihood -1895497.734660 | KL fp 2.7901 | FP STD 0.1873|
Epoch 0089 [Val seq (cond on sampled tp)] |  MAPE 0.027659 | RMSE 93.683831 |
Epoch 0089 [Test seq (cond on sampled tp)] | MAPE 0.042595 | RMSE 285.032058|
0.04719814658164978,0.041859328746795654,0.03872901201248169
262.9173319458038,265.8345203082173,326.3443230508231
0.04719814658164978,0.041859328746795654,0.03872901201248169
262.9173319458038,265.8345203082173,326.3443230508231
Epoch 0089 [Test seq (cond on sampled tp)] | Best Test MAPE 0.042595|Best Test RMSE 285.032058|
Experiment 07-08_02:13
Epoch 0090 [Train seq (cond on sampled tp)] | Loss 1918087.856672 | MAPE 0.080386 | RMSE 89.865928 | Likelihood -1918085.012514 | KL fp 2.8442 | FP STD 0.1548|
Epoch 0090 [Val seq (cond on sampled tp)] |  MAPE 0.034229 | RMSE 137.939610 |
Epoch 0090 [Test seq (cond on sampled tp)] | MAPE 0.052509 | RMSE 330.343023|
0.054692868143320084,0.048878543078899384,0.053954992443323135
312.89412646292993,297.80521370939766,380.3297294782515
Experiment 07-08_02:13
Epoch 0091 [Train seq (cond on sampled tp)] | Loss 1882295.467291 | MAPE 0.075311 | RMSE 85.867883 | Likelihood -1882292.602768 | KL fp 2.8645 | FP STD 0.1793|
Epoch 0091 [Val seq (cond on sampled tp)] |  MAPE 0.029114 | RMSE 102.050147 |
Epoch 0091 [Test seq (cond on sampled tp)] | MAPE 0.044772 | RMSE 281.493080|
0.04795510694384575,0.044399384409189224,0.041961200535297394
256.71914371546194,285.4846755957314,302.2754202503075
Experiment 07-08_02:13
Epoch 0092 [Train seq (cond on sampled tp)] | Loss 1883366.925970 | MAPE 0.076897 | RMSE 85.583678 | Likelihood -1883364.091006 | KL fp 2.8350 | FP STD 0.1627|
Epoch 0092 [Val seq (cond on sampled tp)] |  MAPE 0.026141 | RMSE 80.502435 |
Epoch 0092 [Test seq (cond on sampled tp)] | MAPE 0.049292 | RMSE 286.801485|
0.050837498158216476,0.046296317130327225,0.05074343457818031
261.815760005963,299.2363588160703,299.35233473701186
Experiment 07-08_02:13
Epoch 0093 [Train seq (cond on sampled tp)] | Loss 1860447.753692 | MAPE 0.071723 | RMSE 78.499954 | Likelihood -1860445.070859 | KL fp 2.6828 | FP STD 0.1804|
Epoch 0093 [Val seq (cond on sampled tp)] |  MAPE 0.027273 | RMSE 92.594731 |
Epoch 0093 [Test seq (cond on sampled tp)] | MAPE 0.055543 | RMSE 323.202676|
0.048917897045612335,0.06114886328577995,0.05656221881508827
309.88819808521265,319.49982883406994,340.22000005511137
Experiment 07-08_02:13
Epoch 0094 [Train seq (cond on sampled tp)] | Loss 1873060.200308 | MAPE 0.079298 | RMSE 84.140068 | Likelihood -1873057.514387 | KL fp 2.6859 | FP STD 0.2165|
Epoch 0094 [Val seq (cond on sampled tp)] |  MAPE 0.028267 | RMSE 89.900884 |
Epoch 0094 [Test seq (cond on sampled tp)] | MAPE 0.051734 | RMSE 339.531654|
0.052145060151815414,0.05472749099135399,0.04832838103175163
300.69715869957935,358.416428107725,359.48137556068184
Experiment 07-08_02:13
Epoch 0095 [Train seq (cond on sampled tp)] | Loss 1901495.074177 | MAPE 0.075456 | RMSE 84.794909 | Likelihood -1901492.478629 | KL fp 2.5955 | FP STD 0.1886|
Epoch 0095 [Val seq (cond on sampled tp)] |  MAPE 0.029201 | RMSE 96.547627 |
Epoch 0095 [Test seq (cond on sampled tp)] | MAPE 0.046331 | RMSE 298.796909|
0.05193201079964638,0.04653299227356911,0.04052921384572983
286.3633372788842,305.3027314199793,304.72465799061945
Experiment 07-08_02:13
Epoch 0096 [Train seq (cond on sampled tp)] | Loss 1860494.891486 | MAPE 0.077740 | RMSE 80.860664 | Likelihood -1860492.012776 | KL fp 2.8787 | FP STD 0.1885|
Epoch 0096 [Val seq (cond on sampled tp)] |  MAPE 0.030043 | RMSE 90.925300 |
Epoch 0096 [Test seq (cond on sampled tp)] | MAPE 0.045913 | RMSE 293.927735|
0.045888978987932205,0.04624171927571297,0.04560684412717819
275.94302797407295,294.6323980827635,311.2077782607626
Experiment 07-08_02:13
Epoch 0097 [Train seq (cond on sampled tp)] | Loss 1867567.550597 | MAPE 0.077453 | RMSE 79.652100 | Likelihood -1867564.938698 | KL fp 2.6119 | FP STD 0.2011|
Epoch 0097 [Val seq (cond on sampled tp)] |  MAPE 0.035720 | RMSE 102.357509 |
Epoch 0097 [Test seq (cond on sampled tp)] | MAPE 0.048727 | RMSE 276.204363|
0.04722953587770462,0.049288783222436905,0.049664173275232315
267.4094618978543,262.28555228510015,298.91807510587245
Experiment 07-08_02:13
Epoch 0098 [Train seq (cond on sampled tp)] | Loss 1863368.629297 | MAPE 0.076171 | RMSE 79.770661 | Likelihood -1863366.114903 | KL fp 2.5144 | FP STD 0.2206|
Epoch 0098 [Val seq (cond on sampled tp)] |  MAPE 0.034128 | RMSE 85.893378 |
Epoch 0098 [Test seq (cond on sampled tp)] | MAPE 0.052962 | RMSE 267.483867|
0.055537205189466476,0.05231224000453949,0.05103673040866852
234.07135330385904,274.1273797206328,294.25286744567165
Experiment 07-08_02:13
Epoch 0099 [Train seq (cond on sampled tp)] | Loss 1853202.523186 | MAPE 0.076088 | RMSE 78.352647 | Likelihood -1853199.556493 | KL fp 2.9667 | FP STD 0.1640|
Epoch 0099 [Val seq (cond on sampled tp)] |  MAPE 0.029331 | RMSE 83.788354 |
Epoch 0099 [Test seq (cond on sampled tp)] | MAPE 0.049286 | RMSE 289.521287|
0.050172533839941025,0.048098981380462646,0.04958684742450714
267.3866582311092,273.2487134004477,327.92848877461074
Experiment 07-08_02:13
Epoch 0100 [Train seq (cond on sampled tp)] | Loss 1865884.655141 | MAPE 0.076329 | RMSE 81.507742 | Likelihood -1865881.851932 | KL fp 2.8032 | FP STD 0.1760|
Epoch 0100 [Val seq (cond on sampled tp)] |  MAPE 0.032071 | RMSE 115.550926 |
Epoch 0100 [Test seq (cond on sampled tp)] | MAPE 0.055155 | RMSE 327.369716|
0.056332383304834366,0.05729040876030922,0.05184312164783478
300.0458298327107,334.55985544443314,347.5034622129685
