/data2/yuanjingyang/CG-ODE/run_models_covid.py
run_models_covid.py --rec-layers 1 -e Cheb_cat
Namespace(save='experiments/', load=None, dataset='Dec', datapath='data/', pred_length=14, condition_length=21, features='Confirmed,Deaths,Recovered,Mortality_Rate,Testing_Rate,Population,Mobility', split_interval=3, feature_out='Deaths', niters=100, lr=0.005, batch_size=8, random_seed=1991, dropout=0.2, l2=1e-05, optimizer='AdamW', clip=10, edge_lamda=0.5, z0_encoder='GTrans', rec_dims=64, ode_dims=20, rec_layers=1, gen_layers=1, encoder='Cheb_cat', graf_layer=1, cheb_K=2, heavyBall=False, actv_h=None, gamma_guess=-3.0, gamma_act='sigmoid', corr=-100, corrf=True, sign=1, augment_dim=0, solver='rk4', rtol=0.01, atol=0.01, alias='run', output_dim=1, feature_out_index=[1], num_atoms=50)
run
Experiment 07-17_18:21
Epoch 0001 [Train seq (cond on sampled tp)] | Loss 4360368.900697 | MAPE 0.063743 | RMSE 284.709369 | Likelihood -4360366.724478 | KL fp 2.1762 | FP STD 0.8403 | ->nfe   52.00 | <-nfe   52.00
Epoch 0001 [Val seq (cond on sampled tp)] |  MAPE 0.059110 | RMSE 299.234492 |
Best Val!
Epoch 0001 [Test seq (cond on sampled tp)] | MAPE 0.114684 | RMSE 895.375700|
0.12444917112588882,0.11877088248729706,0.10083165019750595
839.6810778503943,926.7527650349904,919.6932572874501
0.12444917112588882,0.11877088248729706,0.10083165019750595
839.6810778503943,926.7527650349904,919.6932572874501
Epoch 0001 [Test seq (cond on sampled tp)] | Best Test MAPE 0.114684|Best Test RMSE 895.375700|
Experiment 07-17_18:21
Epoch 0002 [Train seq (cond on sampled tp)] | Loss 4060271.216343 | MAPE 0.130721 | RMSE 269.362415 | Likelihood -4060263.081884 | KL fp 8.1345 | FP STD 1.4355 | ->nfe   52.00 | <-nfe   52.00
Epoch 0002 [Val seq (cond on sampled tp)] |  MAPE 0.074447 | RMSE 262.932739 |
Epoch 0002 [Test seq (cond on sampled tp)] | MAPE 0.121827 | RMSE 831.174852|
0.1328292042016983,0.12236936390399933,0.11028201878070831
770.412186754597,861.6051517371516,861.5072184839777
Experiment 07-17_18:21
Epoch 0003 [Train seq (cond on sampled tp)] | Loss 3641498.069780 | MAPE 0.307186 | RMSE 245.647988 | Likelihood -3641483.574870 | KL fp 14.4949 | FP STD 1.4179 | ->nfe   52.00 | <-nfe   52.00
Epoch 0003 [Val seq (cond on sampled tp)] |  MAPE 0.098305 | RMSE 215.448324 |
Epoch 0003 [Test seq (cond on sampled tp)] | MAPE 0.121238 | RMSE 732.533234|
0.1316976398229599,0.11869926005601883,0.11331842839717865
670.5909474113113,760.3366030910257,766.6721512484982
Experiment 07-17_18:21
Epoch 0004 [Train seq (cond on sampled tp)] | Loss 3234862.801384 | MAPE 0.372148 | RMSE 219.599223 | Likelihood -3234850.229317 | KL fp 12.5721 | FP STD 1.0724 | ->nfe   52.00 | <-nfe   52.00
Epoch 0004 [Val seq (cond on sampled tp)] |  MAPE 0.035488 | RMSE 184.255671 |
Best Val!
Epoch 0004 [Test seq (cond on sampled tp)] | MAPE 0.063631 | RMSE 672.690443|
0.07006886601448059,0.06521572917699814,0.055609073489904404
599.1941984866008,712.6500280642666,706.2271013986931
0.07006886601448059,0.06521572917699814,0.055609073489904404
599.1941984866008,712.6500280642666,706.2271013986931
Epoch 0004 [Test seq (cond on sampled tp)] | Best Test MAPE 0.063631|Best Test RMSE 672.690443|
Experiment 07-17_18:21
Epoch 0005 [Train seq (cond on sampled tp)] | Loss 2822546.928553 | MAPE 0.103436 | RMSE 191.226876 | Likelihood -2822539.758296 | KL fp 7.1703 | FP STD 0.8048 | ->nfe   52.00 | <-nfe   52.00
Epoch 0005 [Val seq (cond on sampled tp)] |  MAPE 0.036989 | RMSE 149.066549 |
Epoch 0005 [Test seq (cond on sampled tp)] | MAPE 0.063583 | RMSE 550.529671|
0.0698080062866211,0.06453701853752136,0.05640299618244171
488.9108111404369,581.9559422757018,580.7222604223124
0.0698080062866211,0.06453701853752136,0.05640299618244171
488.9108111404369,581.9559422757018,580.7222604223124
Epoch 0005 [Test seq (cond on sampled tp)] | Best Test MAPE 0.063583|Best Test RMSE 550.529671|
Experiment 07-17_18:21
Epoch 0006 [Train seq (cond on sampled tp)] | Loss 2605676.717025 | MAPE 0.060672 | RMSE 169.956359 | Likelihood -2605667.860935 | KL fp 8.8561 | FP STD 0.7789 | ->nfe   52.00 | <-nfe   52.00
Epoch 0006 [Val seq (cond on sampled tp)] |  MAPE 0.032239 | RMSE 126.887542 |
Best Val!
Epoch 0006 [Test seq (cond on sampled tp)] | MAPE 0.050034 | RMSE 484.202692|
0.052284207195043564,0.047432687133550644,0.050384439527988434
403.0999992247581,522.5933230055662,526.9147523556348
0.052284207195043564,0.047432687133550644,0.050384439527988434
403.0999992247581,522.5933230055662,526.9147523556348
Epoch 0006 [Test seq (cond on sampled tp)] | Best Test MAPE 0.050034|Best Test RMSE 484.202692|
Experiment 07-17_18:21
Epoch 0007 [Train seq (cond on sampled tp)] | Loss 2306211.159601 | MAPE 0.045052 | RMSE 142.367345 | Likelihood -2306204.914818 | KL fp 6.2448 | FP STD 0.6134 | ->nfe   52.00 | <-nfe   52.00
Epoch 0007 [Val seq (cond on sampled tp)] |  MAPE 0.034210 | RMSE 114.000039 |
Epoch 0007 [Test seq (cond on sampled tp)] | MAPE 0.050834 | RMSE 418.538033|
0.053323760628700256,0.049517471343278885,0.04966022074222565
345.2405637740154,451.0091982155131,459.3643366109302
Experiment 07-17_18:21
Epoch 0008 [Train seq (cond on sampled tp)] | Loss 2213589.328151 | MAPE 0.066464 | RMSE 131.430517 | Likelihood -2213583.349633 | KL fp 5.9785 | FP STD 0.5142 | ->nfe   52.00 | <-nfe   52.00
Epoch 0008 [Val seq (cond on sampled tp)] |  MAPE 0.038656 | RMSE 102.115451 |
Epoch 0008 [Test seq (cond on sampled tp)] | MAPE 0.048790 | RMSE 382.606768|
0.045693594962358475,0.04987897723913193,0.05079740285873413
303.6916353392039,414.20060432717867,429.9280644770704
0.045693594962358475,0.04987897723913193,0.05079740285873413
303.6916353392039,414.20060432717867,429.9280644770704
Epoch 0008 [Test seq (cond on sampled tp)] | Best Test MAPE 0.048790|Best Test RMSE 382.606768|
Experiment 07-17_18:21
Epoch 0009 [Train seq (cond on sampled tp)] | Loss 2106829.392649 | MAPE 0.056812 | RMSE 118.950023 | Likelihood -2106824.133423 | KL fp 5.2592 | FP STD 0.4972 | ->nfe   52.00 | <-nfe   52.00
Epoch 0009 [Val seq (cond on sampled tp)] |  MAPE 0.028369 | RMSE 106.560236 |
Best Val!
Epoch 0009 [Test seq (cond on sampled tp)] | MAPE 0.054179 | RMSE 387.199790|
0.05165771394968033,0.05376506596803665,0.057113341987133026
332.7287277197447,418.67301531147194,410.19762767475873
Experiment 07-17_18:21
Epoch 0010 [Train seq (cond on sampled tp)] | Loss 2059534.248438 | MAPE 0.055827 | RMSE 111.217430 | Likelihood -2059529.412143 | KL fp 4.8363 | FP STD 0.4358 | ->nfe   52.00 | <-nfe   52.00
Epoch 0010 [Val seq (cond on sampled tp)] |  MAPE 0.035472 | RMSE 125.285662 |
Epoch 0010 [Test seq (cond on sampled tp)] | MAPE 0.056916 | RMSE 439.323558|
0.052041348069906235,0.06425066292285919,0.054455868899822235
381.7171727863445,465.43375267055995,470.81974722286236
Experiment 07-17_18:21
Epoch 0011 [Train seq (cond on sampled tp)] | Loss 2109471.610948 | MAPE 0.049041 | RMSE 118.175610 | Likelihood -2109467.346645 | KL fp 4.2643 | FP STD 0.3932 | ->nfe   52.00 | <-nfe   52.00
Epoch 0011 [Val seq (cond on sampled tp)] |  MAPE 0.035014 | RMSE 105.260224 |
Epoch 0011 [Test seq (cond on sampled tp)] | MAPE 0.048945 | RMSE 379.720483|
0.04383270815014839,0.05219089984893799,0.0508120097219944
320.052961925835,404.14361618117886,414.9648705011064
Experiment 07-17_18:21
Epoch 0012 [Train seq (cond on sampled tp)] | Loss 2131301.727987 | MAPE 0.055114 | RMSE 121.166562 | Likelihood -2131297.704360 | KL fp 4.0236 | FP STD 0.3738 | ->nfe   52.00 | <-nfe   52.00
Epoch 0012 [Val seq (cond on sampled tp)] |  MAPE 0.032916 | RMSE 117.466539 |
Epoch 0012 [Test seq (cond on sampled tp)] | MAPE 0.061993 | RMSE 368.671536|
0.06816565245389938,0.06176247447729111,0.056049566715955734
298.94555576643046,397.0258374778649,410.0432141860172
Experiment 07-17_18:21
Epoch 0013 [Train seq (cond on sampled tp)] | Loss 2072384.669035 | MAPE 0.057440 | RMSE 114.737673 | Likelihood -2072380.495269 | KL fp 4.1738 | FP STD 0.3279 | ->nfe   52.00 | <-nfe   52.00
Epoch 0013 [Val seq (cond on sampled tp)] |  MAPE 0.072544 | RMSE 96.636268 |
Epoch 0013 [Test seq (cond on sampled tp)] | MAPE 0.089098 | RMSE 365.727741|
0.08761768043041229,0.09273505955934525,0.08694244176149368
301.13279618384314,401.3300543193844,394.7203717506863
Experiment 07-17_18:21
Epoch 0014 [Train seq (cond on sampled tp)] | Loss 2137019.891925 | MAPE 0.205984 | RMSE 123.680714 | Likelihood -2137016.147982 | KL fp 3.7439 | FP STD 0.3438 | ->nfe   52.00 | <-nfe   52.00
Epoch 0014 [Val seq (cond on sampled tp)] |  MAPE 0.032962 | RMSE 114.707955 |
Epoch 0014 [Test seq (cond on sampled tp)] | MAPE 0.055624 | RMSE 313.768377|
0.06071982905268669,0.05244651809334755,0.05370457097887993
236.47419917403252,333.605575024609,371.22535692622074
Experiment 07-17_18:21
Epoch 0015 [Train seq (cond on sampled tp)] | Loss 2068454.249516 | MAPE 0.044725 | RMSE 112.011956 | Likelihood -2068450.698794 | KL fp 3.5507 | FP STD 0.4262 | ->nfe   52.00 | <-nfe   52.00
Epoch 0015 [Val seq (cond on sampled tp)] |  MAPE 0.039117 | RMSE 116.599919 |
Epoch 0015 [Test seq (cond on sampled tp)] | MAPE 0.067426 | RMSE 382.990181|
0.07154199481010437,0.06988824903964996,0.060848116874694824
328.0726267726401,413.5783631913062,407.3195536062564
Experiment 07-17_18:21
Epoch 0016 [Train seq (cond on sampled tp)] | Loss 2108178.013157 | MAPE 0.064104 | RMSE 118.249637 | Likelihood -2108174.812505 | KL fp 3.2007 | FP STD 0.3716 | ->nfe   52.00 | <-nfe   52.00
Epoch 0016 [Val seq (cond on sampled tp)] |  MAPE 0.039304 | RMSE 119.401654 |
Epoch 0016 [Test seq (cond on sampled tp)] | MAPE 0.060040 | RMSE 406.182555|
0.06549961119890213,0.06477532535791397,0.04984496533870697
334.1081879421694,435.28706404509654,449.15241358029016
Experiment 07-17_18:21
Epoch 0017 [Train seq (cond on sampled tp)] | Loss 2052259.733408 | MAPE 0.048481 | RMSE 109.967400 | Likelihood -2052256.207215 | KL fp 3.5262 | FP STD 0.2962 | ->nfe   52.00 | <-nfe   52.00
Epoch 0017 [Val seq (cond on sampled tp)] |  MAPE 0.049051 | RMSE 94.146391 |
Epoch 0017 [Test seq (cond on sampled tp)] | MAPE 0.062083 | RMSE 344.255247|
0.05460052192211151,0.06441879272460938,0.06722908467054367
274.2617363031161,360.77724256111276,397.7267631490242
Experiment 07-17_18:21
Epoch 0018 [Train seq (cond on sampled tp)] | Loss 2052147.984914 | MAPE 0.095254 | RMSE 108.903249 | Likelihood -2052144.838456 | KL fp 3.1465 | FP STD 0.3897 | ->nfe   52.00 | <-nfe   52.00
Epoch 0018 [Val seq (cond on sampled tp)] |  MAPE 0.035921 | RMSE 132.343805 |
Epoch 0018 [Test seq (cond on sampled tp)] | MAPE 0.057270 | RMSE 308.579944|
0.06379525363445282,0.051628440618515015,0.05638738349080086
267.66132693667197,307.58112496949485,350.497380963824
Experiment 07-17_18:21
Epoch 0019 [Train seq (cond on sampled tp)] | Loss 2049577.705603 | MAPE 0.041916 | RMSE 108.472266 | Likelihood -2049574.339843 | KL fp 3.3658 | FP STD 0.4048 | ->nfe   52.00 | <-nfe   52.00
Epoch 0019 [Val seq (cond on sampled tp)] |  MAPE 0.025323 | RMSE 93.063109 |
Best Val!
Epoch 0019 [Test seq (cond on sampled tp)] | MAPE 0.056372 | RMSE 338.981292|
0.06570766121149063,0.06051572039723396,0.04289120063185692
289.86326248336474,366.3659372812926,360.7146768915842
Experiment 07-17_18:21
Epoch 0020 [Train seq (cond on sampled tp)] | Loss 2031126.764865 | MAPE 0.040853 | RMSE 109.995450 | Likelihood -2031123.838173 | KL fp 2.9267 | FP STD 0.3963 | ->nfe   52.00 | <-nfe   52.00
Epoch 0020 [Val seq (cond on sampled tp)] |  MAPE 0.028548 | RMSE 93.144482 |
Epoch 0020 [Test seq (cond on sampled tp)] | MAPE 0.046589 | RMSE 279.991980|
0.04818996414542198,0.04748000577092171,0.04409603029489517
218.53518917156111,275.7202499817523,345.7204999164788
0.04818996414542198,0.04748000577092171,0.04409603029489517
218.53518917156111,275.7202499817523,345.7204999164788
Epoch 0020 [Test seq (cond on sampled tp)] | Best Test MAPE 0.046589|Best Test RMSE 279.991980|
Experiment 07-17_18:21
Epoch 0021 [Train seq (cond on sampled tp)] | Loss 1985673.833380 | MAPE 0.037909 | RMSE 99.669293 | Likelihood -1985670.492979 | KL fp 3.3404 | FP STD 0.3446 | ->nfe   52.00 | <-nfe   52.00
Epoch 0021 [Val seq (cond on sampled tp)] |  MAPE 0.040530 | RMSE 95.591967 |
Epoch 0021 [Test seq (cond on sampled tp)] | MAPE 0.065968 | RMSE 323.389596|
0.06393476575613022,0.0659242495894432,0.0680449828505516
258.30231500607965,348.4776266132447,363.38884562545394
Experiment 07-17_18:21
Epoch 0022 [Train seq (cond on sampled tp)] | Loss 2020742.249407 | MAPE 0.049955 | RMSE 104.695009 | Likelihood -2020739.046862 | KL fp 3.2025 | FP STD 0.3027 | ->nfe   52.00 | <-nfe   52.00
Epoch 0022 [Val seq (cond on sampled tp)] |  MAPE 0.031759 | RMSE 104.167261 |
Epoch 0022 [Test seq (cond on sampled tp)] | MAPE 0.056007 | RMSE 302.874933|
0.06543508917093277,0.04763806238770485,0.0549493208527565
256.07533681516463,304.2063187624478,348.3431430536562
Experiment 07-17_18:21
Epoch 0023 [Train seq (cond on sampled tp)] | Loss 1983265.347302 | MAPE 0.040564 | RMSE 99.286244 | Likelihood -1983262.123380 | KL fp 3.2239 | FP STD 0.2929 | ->nfe   52.00 | <-nfe   52.00
Epoch 0023 [Val seq (cond on sampled tp)] |  MAPE 0.036132 | RMSE 95.169031 |
Epoch 0023 [Test seq (cond on sampled tp)] | MAPE 0.061334 | RMSE 316.139169|
0.06692171096801758,0.0590372160077095,0.058043286204338074
266.292162154653,320.9479854664927,361.1773607765304
Experiment 07-17_18:21
Epoch 0024 [Train seq (cond on sampled tp)] | Loss 1990910.871358 | MAPE 0.046290 | RMSE 101.599044 | Likelihood -1990908.103219 | KL fp 2.7681 | FP STD 0.3965 | ->nfe   52.00 | <-nfe   52.00
Epoch 0024 [Val seq (cond on sampled tp)] |  MAPE 0.024637 | RMSE 93.066131 |
Best Val!
Epoch 0024 [Test seq (cond on sampled tp)] | MAPE 0.057119 | RMSE 280.596664|
0.05545153468847275,0.057730354368686676,0.058175068348646164
233.29618379862112,294.71420213064044,313.77960517694584
Experiment 07-17_18:21
Epoch 0025 [Train seq (cond on sampled tp)] | Loss 2013519.803409 | MAPE 0.073614 | RMSE 106.898355 | Likelihood -2013517.183777 | KL fp 2.6196 | FP STD 0.4362 | ->nfe   52.00 | <-nfe   52.00
Epoch 0025 [Val seq (cond on sampled tp)] |  MAPE 0.026608 | RMSE 114.134600 |
Epoch 0025 [Test seq (cond on sampled tp)] | MAPE 0.060850 | RMSE 371.005460|
0.06383064389228821,0.056361716240644455,0.06235899776220322
327.0415206820076,399.7261953512679,386.24866504623674
Experiment 07-17_18:21
Epoch 0026 [Train seq (cond on sampled tp)] | Loss 2069073.531396 | MAPE 0.070381 | RMSE 114.200156 | Likelihood -2069070.864169 | KL fp 2.6672 | FP STD 0.3610 | ->nfe   52.00 | <-nfe   52.00
Epoch 0026 [Val seq (cond on sampled tp)] |  MAPE 0.036853 | RMSE 114.918530 |
Epoch 0026 [Test seq (cond on sampled tp)] | MAPE 0.052059 | RMSE 314.649007|
0.05986397713422775,0.054257582873106,0.04205566644668579
268.078711039314,331.2377002433449,344.6306106724996
Experiment 07-17_18:21
Epoch 0027 [Train seq (cond on sampled tp)] | Loss 1983214.579799 | MAPE 0.067565 | RMSE 98.705201 | Likelihood -1983211.743339 | KL fp 2.8365 | FP STD 0.3163 | ->nfe   52.00 | <-nfe   52.00
Epoch 0027 [Val seq (cond on sampled tp)] |  MAPE 0.043748 | RMSE 88.621785 |
Epoch 0027 [Test seq (cond on sampled tp)] | MAPE 0.056496 | RMSE 318.187921|
0.04660029709339142,0.0673760175704956,0.05551240220665932
263.67119675838694,345.3456941059205,345.5468718205969
Experiment 07-17_18:21
Epoch 0028 [Train seq (cond on sampled tp)] | Loss 2084480.391481 | MAPE 0.116459 | RMSE 110.909522 | Likelihood -2084477.541437 | KL fp 2.8500 | FP STD 0.3317 | ->nfe   52.00 | <-nfe   52.00
Epoch 0028 [Val seq (cond on sampled tp)] |  MAPE 0.023367 | RMSE 91.668832 |
Best Val!
Epoch 0028 [Test seq (cond on sampled tp)] | MAPE 0.062147 | RMSE 302.427258|
0.06829833984375,0.061594340950250626,0.0565485842525959
254.5927277658378,329.86713707946114,322.8219081397667
Experiment 07-17_18:21
Epoch 0029 [Train seq (cond on sampled tp)] | Loss 1976818.341675 | MAPE 0.040534 | RMSE 97.952677 | Likelihood -1976815.288507 | KL fp 3.0532 | FP STD 0.2934 | ->nfe   52.00 | <-nfe   52.00
Epoch 0029 [Val seq (cond on sampled tp)] |  MAPE 0.022663 | RMSE 96.619532 |
Best Val!
Epoch 0029 [Test seq (cond on sampled tp)] | MAPE 0.054933 | RMSE 316.657222|
0.060094140470027924,0.0598127543926239,0.0448918379843235
253.7527016481795,360.44542756151037,335.7735355675012
Experiment 07-17_18:21
Epoch 0030 [Train seq (cond on sampled tp)] | Loss 1976591.210570 | MAPE 0.050052 | RMSE 98.644158 | Likelihood -1976588.023733 | KL fp 3.1868 | FP STD 0.3184 | ->nfe   52.00 | <-nfe   52.00
Epoch 0030 [Val seq (cond on sampled tp)] |  MAPE 0.025873 | RMSE 84.958224 |
Epoch 0030 [Test seq (cond on sampled tp)] | MAPE 0.047478 | RMSE 239.765081|
0.047221336513757706,0.049927592277526855,0.045284707099199295
174.14308614792893,253.94389913177673,291.2082588114561
Experiment 07-17_18:21
Epoch 0031 [Train seq (cond on sampled tp)] | Loss 2054585.407599 | MAPE 0.039714 | RMSE 110.647989 | Likelihood -2054582.877320 | KL fp 2.5303 | FP STD 0.4221 | ->nfe   52.00 | <-nfe   52.00
Epoch 0031 [Val seq (cond on sampled tp)] |  MAPE 0.024128 | RMSE 87.114631 |
Epoch 0031 [Test seq (cond on sampled tp)] | MAPE 0.050745 | RMSE 275.074609|
0.06015389785170555,0.052039969712495804,0.04004044830799103
228.74635413761243,298.8512772893902,297.6261943487166
Experiment 07-17_18:21
Epoch 0032 [Train seq (cond on sampled tp)] | Loss 2032012.514467 | MAPE 0.085931 | RMSE 106.158307 | Likelihood -2032009.372487 | KL fp 3.1420 | FP STD 0.3899 | ->nfe   52.00 | <-nfe   52.00
Epoch 0032 [Val seq (cond on sampled tp)] |  MAPE 0.035011 | RMSE 101.828397 |
Epoch 0032 [Test seq (cond on sampled tp)] | MAPE 0.065949 | RMSE 274.790428|
0.07598467916250229,0.06766630709171295,0.05419580265879631
237.892053054006,302.49872158820773,283.98050934439146
Experiment 07-17_18:21
Epoch 0033 [Train seq (cond on sampled tp)] | Loss 1972126.492046 | MAPE 0.045868 | RMSE 100.459510 | Likelihood -1972123.595851 | KL fp 2.8962 | FP STD 0.3709 | ->nfe   52.00 | <-nfe   52.00
Epoch 0033 [Val seq (cond on sampled tp)] |  MAPE 0.026866 | RMSE 95.401342 |
Epoch 0033 [Test seq (cond on sampled tp)] | MAPE 0.051857 | RMSE 291.145300|
0.061124131083488464,0.053854264318943024,0.040593259036540985
229.7174980410722,314.6344356948235,329.0839677232849
Experiment 07-17_18:21
Epoch 0034 [Train seq (cond on sampled tp)] | Loss 1952036.526645 | MAPE 0.038453 | RMSE 96.374233 | Likelihood -1952033.568891 | KL fp 2.9578 | FP STD 0.3136 | ->nfe   52.00 | <-nfe   52.00
Epoch 0034 [Val seq (cond on sampled tp)] |  MAPE 0.039422 | RMSE 88.660582 |
Epoch 0034 [Test seq (cond on sampled tp)] | MAPE 0.061647 | RMSE 243.440851|
0.055409617722034454,0.06685025990009308,0.06268161535263062
195.43309277090202,269.0108762903463,265.8785848371395
Experiment 07-17_18:21
Epoch 0035 [Train seq (cond on sampled tp)] | Loss 1960218.939534 | MAPE 0.062398 | RMSE 94.684675 | Likelihood -1960215.795892 | KL fp 3.1436 | FP STD 0.2918 | ->nfe   52.00 | <-nfe   52.00
Epoch 0035 [Val seq (cond on sampled tp)] |  MAPE 0.033170 | RMSE 85.743765 |
Epoch 0035 [Test seq (cond on sampled tp)] | MAPE 0.062804 | RMSE 278.818791|
0.06688342988491058,0.06241597980260849,0.05911300703883171
234.73397509201774,282.77945248903785,318.9429440550457
Experiment 07-17_18:21
Epoch 0036 [Train seq (cond on sampled tp)] | Loss 2009812.813060 | MAPE 0.128696 | RMSE 104.074353 | Likelihood -2009809.542382 | KL fp 3.2707 | FP STD 0.3844 | ->nfe   52.00 | <-nfe   52.00
Epoch 0036 [Val seq (cond on sampled tp)] |  MAPE 0.030384 | RMSE 99.747518 |
Epoch 0036 [Test seq (cond on sampled tp)] | MAPE 0.055991 | RMSE 337.987238|
0.06446082144975662,0.056243494153022766,0.04726855829358101
287.8383878151071,366.70466659152294,359.4186603913325
Experiment 07-17_18:21
Epoch 0037 [Train seq (cond on sampled tp)] | Loss 2070704.361584 | MAPE 0.051406 | RMSE 115.275766 | Likelihood -2070701.546636 | KL fp 2.8149 | FP STD 0.2931 | ->nfe   52.00 | <-nfe   52.00
Epoch 0037 [Val seq (cond on sampled tp)] |  MAPE 0.036810 | RMSE 105.179553 |
Epoch 0037 [Test seq (cond on sampled tp)] | MAPE 0.065417 | RMSE 275.177935|
0.07313411682844162,0.061756160110235214,0.061359260231256485
267.87763939436974,270.47680700015667,287.1793592426169
Experiment 07-17_18:21
Epoch 0038 [Train seq (cond on sampled tp)] | Loss 1982212.353365 | MAPE 0.047226 | RMSE 101.694402 | Likelihood -1982209.240264 | KL fp 3.1131 | FP STD 0.2922 | ->nfe   52.00 | <-nfe   52.00
Epoch 0038 [Val seq (cond on sampled tp)] |  MAPE 0.034127 | RMSE 109.180541 |
Epoch 0038 [Test seq (cond on sampled tp)] | MAPE 0.052566 | RMSE 313.617774|
0.04978547990322113,0.06144465133547783,0.046467576175928116
262.5823680295385,348.311440201151,329.95951456201414
Experiment 07-17_18:21
Epoch 0039 [Train seq (cond on sampled tp)] | Loss 1954931.958695 | MAPE 0.133895 | RMSE 96.005491 | Likelihood -1954928.737210 | KL fp 3.2215 | FP STD 0.2715 | ->nfe   52.00 | <-nfe   52.00
Epoch 0039 [Val seq (cond on sampled tp)] |  MAPE 0.033107 | RMSE 119.268408 |
Epoch 0039 [Test seq (cond on sampled tp)] | MAPE 0.060900 | RMSE 296.754408|
0.07024236768484116,0.05911881476640701,0.053339309990406036
288.5640499741782,295.0150419893874,306.6841310697376
Experiment 07-17_18:21
Epoch 0040 [Train seq (cond on sampled tp)] | Loss 1964138.102193 | MAPE 0.079168 | RMSE 96.173434 | Likelihood -1964134.924516 | KL fp 3.1777 | FP STD 0.3393 | ->nfe   52.00 | <-nfe   52.00
Epoch 0040 [Val seq (cond on sampled tp)] |  MAPE 0.029388 | RMSE 96.084359 |
Epoch 0040 [Test seq (cond on sampled tp)] | MAPE 0.059387 | RMSE 312.957004|
0.0635739117860794,0.06393933296203613,0.050646327435970306
238.90688562701578,347.21064841821885,352.7534771267322
Experiment 07-17_18:21
Epoch 0041 [Train seq (cond on sampled tp)] | Loss 2005934.612114 | MAPE 0.083638 | RMSE 106.468610 | Likelihood -2005931.411102 | KL fp 3.2010 | FP STD 0.2937 | ->nfe   52.00 | <-nfe   52.00
Epoch 0041 [Val seq (cond on sampled tp)] |  MAPE 0.030336 | RMSE 102.396680 |
Epoch 0041 [Test seq (cond on sampled tp)] | MAPE 0.064867 | RMSE 288.588814|
0.07070276886224747,0.06353706121444702,0.06035972386598587
242.23388265527595,297.3076452725358,326.22491522337776
Experiment 07-17_18:21
Epoch 0042 [Train seq (cond on sampled tp)] | Loss 1980171.375864 | MAPE 0.044254 | RMSE 98.297205 | Likelihood -1980168.218072 | KL fp 3.1578 | FP STD 0.3614 | ->nfe   52.00 | <-nfe   52.00
Epoch 0042 [Val seq (cond on sampled tp)] |  MAPE 0.029988 | RMSE 94.657798 |
Epoch 0042 [Test seq (cond on sampled tp)] | MAPE 0.060617 | RMSE 315.899607|
0.06639280170202255,0.05690808221697807,0.05855017900466919
276.20049047295333,333.2015859431044,338.2967447375159
Experiment 07-17_18:21
Epoch 0043 [Train seq (cond on sampled tp)] | Loss 1953627.605257 | MAPE 0.056374 | RMSE 95.129785 | Likelihood -1953624.416140 | KL fp 3.1891 | FP STD 0.3274 | ->nfe   52.00 | <-nfe   52.00
Epoch 0043 [Val seq (cond on sampled tp)] |  MAPE 0.033639 | RMSE 98.442664 |
Epoch 0043 [Test seq (cond on sampled tp)] | MAPE 0.062613 | RMSE 323.059534|
0.06679197400808334,0.06798124313354492,0.05306663364171982
271.7832891294091,355.56805343703195,341.8272590066509
Experiment 07-17_18:21
Epoch 0044 [Train seq (cond on sampled tp)] | Loss 1961373.350241 | MAPE 0.039657 | RMSE 97.881045 | Likelihood -1961369.983040 | KL fp 3.3672 | FP STD 0.2584 | ->nfe   52.00 | <-nfe   52.00
Epoch 0044 [Val seq (cond on sampled tp)] |  MAPE 0.030021 | RMSE 86.577233 |
Epoch 0044 [Test seq (cond on sampled tp)] | MAPE 0.062640 | RMSE 275.834704|
0.06790807843208313,0.061607684940099716,0.05840465798974037
231.70802613418465,308.57191220200195,287.22417475292707
Experiment 07-17_18:21
Epoch 0045 [Train seq (cond on sampled tp)] | Loss 1924762.488304 | MAPE 0.043018 | RMSE 91.698131 | Likelihood -1924759.298729 | KL fp 3.1896 | FP STD 0.2871 | ->nfe   52.00 | <-nfe   52.00
Epoch 0045 [Val seq (cond on sampled tp)] |  MAPE 0.029137 | RMSE 91.355050 |
Epoch 0045 [Test seq (cond on sampled tp)] | MAPE 0.054856 | RMSE 288.737023|
0.06631959974765778,0.05335785821080208,0.044889435172080994
257.91934907059607,305.0912133075943,303.2005060599339
Experiment 07-17_18:21
Epoch 0046 [Train seq (cond on sampled tp)] | Loss 1916735.806024 | MAPE 0.054743 | RMSE 89.173226 | Likelihood -1916732.455728 | KL fp 3.3503 | FP STD 0.2605 | ->nfe   52.00 | <-nfe   52.00
Epoch 0046 [Val seq (cond on sampled tp)] |  MAPE 0.025491 | RMSE 93.975183 |
Epoch 0046 [Test seq (cond on sampled tp)] | MAPE 0.053793 | RMSE 295.107083|
0.06336294859647751,0.055292095988988876,0.04272426664829254
262.02468872226524,325.82495060614986,297.4716110404487
Experiment 07-17_18:21
Epoch 0047 [Train seq (cond on sampled tp)] | Loss 1942124.425239 | MAPE 0.063663 | RMSE 95.861744 | Likelihood -1942121.332192 | KL fp 3.0930 | FP STD 0.3333 | ->nfe   52.00 | <-nfe   52.00
Epoch 0047 [Val seq (cond on sampled tp)] |  MAPE 0.028546 | RMSE 96.817357 |
Epoch 0047 [Test seq (cond on sampled tp)] | MAPE 0.055211 | RMSE 286.843776|
0.06369520723819733,0.052647046744823456,0.04929082468152046
277.4349867536537,285.22949915375165,297.86684315311095
Experiment 07-17_18:21
Epoch 0048 [Train seq (cond on sampled tp)] | Loss 1936504.658561 | MAPE 0.043326 | RMSE 95.617738 | Likelihood -1936501.612805 | KL fp 3.0458 | FP STD 0.3160 | ->nfe   52.00 | <-nfe   52.00
Epoch 0048 [Val seq (cond on sampled tp)] |  MAPE 0.035039 | RMSE 92.022230 |
Epoch 0048 [Test seq (cond on sampled tp)] | MAPE 0.067761 | RMSE 321.481381|
0.0665104016661644,0.0744861364364624,0.06228720396757126
296.90989268631654,353.57030550867813,313.9639459794707
Experiment 07-17_18:21
Epoch 0049 [Train seq (cond on sampled tp)] | Loss 1924464.329004 | MAPE 0.062761 | RMSE 93.898589 | Likelihood -1924461.329109 | KL fp 2.9999 | FP STD 0.3411 | ->nfe   52.00 | <-nfe   52.00
Epoch 0049 [Val seq (cond on sampled tp)] |  MAPE 0.036692 | RMSE 79.613725 |
Epoch 0049 [Test seq (cond on sampled tp)] | MAPE 0.065418 | RMSE 243.588886|
0.07015769928693771,0.0674968957901001,0.058600135147571564
219.7290590135952,239.82668709664068,271.21091308242006
Experiment 07-17_18:21
Epoch 0050 [Train seq (cond on sampled tp)] | Loss 1938660.173241 | MAPE 0.042596 | RMSE 92.891695 | Likelihood -1938657.054855 | KL fp 3.1184 | FP STD 0.3401 | ->nfe   52.00 | <-nfe   52.00
Epoch 0050 [Val seq (cond on sampled tp)] |  MAPE 0.040745 | RMSE 98.914721 |
Epoch 0050 [Test seq (cond on sampled tp)] | MAPE 0.077861 | RMSE 329.884630|
0.06899131834506989,0.07615983486175537,0.08843140304088593
292.1937633018542,314.69630697706003,382.7638183331857
Experiment 07-17_18:21
Epoch 0051 [Train seq (cond on sampled tp)] | Loss 2026471.073903 | MAPE 0.047998 | RMSE 108.197660 | Likelihood -2026467.863792 | KL fp 3.2101 | FP STD 0.2994 | ->nfe   52.00 | <-nfe   52.00
Epoch 0051 [Val seq (cond on sampled tp)] |  MAPE 0.033909 | RMSE 110.043377 |
Epoch 0051 [Test seq (cond on sampled tp)] | MAPE 0.056167 | RMSE 291.210855|
0.06056176871061325,0.05460450053215027,0.05333347246050835
248.7054058645489,304.41222821611484,320.51492993696877
Experiment 07-17_18:21
Epoch 0052 [Train seq (cond on sampled tp)] | Loss 1984971.368276 | MAPE 0.037116 | RMSE 102.167396 | Likelihood -1984968.343081 | KL fp 3.0252 | FP STD 0.3135 | ->nfe   52.00 | <-nfe   52.00
Epoch 0052 [Val seq (cond on sampled tp)] |  MAPE 0.032835 | RMSE 98.967176 |
Epoch 0052 [Test seq (cond on sampled tp)] | MAPE 0.067142 | RMSE 325.838418|
0.06833446025848389,0.06628970056772232,0.06680253148078918
279.21905602949096,356.3154435503743,341.9807537530438
Experiment 07-17_18:21
Epoch 0053 [Train seq (cond on sampled tp)] | Loss 1956387.631180 | MAPE 0.047873 | RMSE 96.509891 | Likelihood -1956384.276754 | KL fp 3.3544 | FP STD 0.2907 | ->nfe   52.00 | <-nfe   52.00
Epoch 0053 [Val seq (cond on sampled tp)] |  MAPE 0.023931 | RMSE 92.435197 |
Epoch 0053 [Test seq (cond on sampled tp)] | MAPE 0.054966 | RMSE 303.955519|
0.06621622294187546,0.05765567347407341,0.04102578014135361
254.8386744589604,332.5324937130205,324.4953895088496
Experiment 07-17_18:21
Epoch 0054 [Train seq (cond on sampled tp)] | Loss 1925441.309062 | MAPE 0.048061 | RMSE 92.242420 | Likelihood -1925438.022069 | KL fp 3.2870 | FP STD 0.2872 | ->nfe   52.00 | <-nfe   52.00
Epoch 0054 [Val seq (cond on sampled tp)] |  MAPE 0.026158 | RMSE 93.804724 |
Epoch 0054 [Test seq (cond on sampled tp)] | MAPE 0.059577 | RMSE 282.358747|
0.06594394892454147,0.06468827277421951,0.04809841886162758
217.88102401310675,328.8509231969708,300.3442946228545
Experiment 07-17_18:21
Epoch 0055 [Train seq (cond on sampled tp)] | Loss 1941930.442140 | MAPE 0.108599 | RMSE 96.353852 | Likelihood -1941927.219614 | KL fp 3.2225 | FP STD 0.3062 | ->nfe   52.00 | <-nfe   52.00
Epoch 0055 [Val seq (cond on sampled tp)] |  MAPE 0.030195 | RMSE 85.996474 |
Epoch 0055 [Test seq (cond on sampled tp)] | MAPE 0.055591 | RMSE 286.965994|
0.06627104431390762,0.05597150698304176,0.04453120008111
237.90466348150892,306.63782841081434,316.35549129894997
Experiment 07-17_18:21
Epoch 0056 [Train seq (cond on sampled tp)] | Loss 1963319.454927 | MAPE 0.116988 | RMSE 99.655044 | Likelihood -1963316.428336 | KL fp 3.0266 | FP STD 0.3861 | ->nfe   52.00 | <-nfe   52.00
Epoch 0056 [Val seq (cond on sampled tp)] |  MAPE 0.038574 | RMSE 96.997116 |
Epoch 0056 [Test seq (cond on sampled tp)] | MAPE 0.055477 | RMSE 269.922414|
0.06423286348581314,0.053739506751298904,0.04845999553799629
221.10792578229754,290.3529371730205,298.30637826318764
Experiment 07-17_18:21
Epoch 0057 [Train seq (cond on sampled tp)] | Loss 1903018.159104 | MAPE 0.082660 | RMSE 88.352239 | Likelihood -1903015.274930 | KL fp 2.8842 | FP STD 0.3878 | ->nfe   52.00 | <-nfe   52.00
Epoch 0057 [Val seq (cond on sampled tp)] |  MAPE 0.032678 | RMSE 106.737279 |
Epoch 0057 [Test seq (cond on sampled tp)] | MAPE 0.059540 | RMSE 314.433286|
0.07119536399841309,0.06035376340150833,0.04707186669111252
289.86237305400647,357.9230888054024,295.51439527119487
Experiment 07-17_18:21
Epoch 0058 [Train seq (cond on sampled tp)] | Loss 1958139.232800 | MAPE 0.081757 | RMSE 94.272966 | Likelihood -1958136.121670 | KL fp 3.1111 | FP STD 0.3231 | ->nfe   52.00 | <-nfe   52.00
Epoch 0058 [Val seq (cond on sampled tp)] |  MAPE 0.034722 | RMSE 113.362342 |
Epoch 0058 [Test seq (cond on sampled tp)] | MAPE 0.069791 | RMSE 330.077221|
0.0846727192401886,0.0719822570681572,0.0527171790599823
320.4160991000608,364.9336198200982,304.88194436535593
Experiment 07-17_18:21
Epoch 0059 [Train seq (cond on sampled tp)] | Loss 1967428.286660 | MAPE 0.043993 | RMSE 97.135435 | Likelihood -1967425.283425 | KL fp 3.0032 | FP STD 0.3234 | ->nfe   52.00 | <-nfe   52.00
Epoch 0059 [Val seq (cond on sampled tp)] |  MAPE 0.037539 | RMSE 111.888307 |
Epoch 0059 [Test seq (cond on sampled tp)] | MAPE 0.055344 | RMSE 346.983713|
0.06683491915464401,0.056576285511255264,0.04262062907218933
345.4908306489479,363.6364298650508,331.82387788931044
Experiment 07-17_18:21
Epoch 0060 [Train seq (cond on sampled tp)] | Loss 1964246.685765 | MAPE 0.117284 | RMSE 96.431416 | Likelihood -1964243.584253 | KL fp 3.1015 | FP STD 0.2899 | ->nfe   52.00 | <-nfe   52.00
Epoch 0060 [Val seq (cond on sampled tp)] |  MAPE 0.034114 | RMSE 114.820291 |
Epoch 0060 [Test seq (cond on sampled tp)] | MAPE 0.055442 | RMSE 256.938282|
0.061487987637519836,0.060242775827646255,0.04459521174430847
253.09373263674468,246.14263998492825,271.57847335070574
Experiment 07-17_18:21
Epoch 0061 [Train seq (cond on sampled tp)] | Loss 1941161.801784 | MAPE 0.121689 | RMSE 93.595838 | Likelihood -1941158.318679 | KL fp 3.4831 | FP STD 0.3240 | ->nfe   52.00 | <-nfe   52.00
Epoch 0061 [Val seq (cond on sampled tp)] |  MAPE 0.029198 | RMSE 110.664638 |
Epoch 0061 [Test seq (cond on sampled tp)] | MAPE 0.057132 | RMSE 323.260508|
0.06404493004083633,0.0621032640337944,0.0452483706176281
289.62061660472307,359.36279327095065,320.79811359716564
Experiment 07-17_18:21
Epoch 0062 [Train seq (cond on sampled tp)] | Loss 1940838.581633 | MAPE 0.083810 | RMSE 95.421257 | Likelihood -1940835.166591 | KL fp 3.4150 | FP STD 0.2693 | ->nfe   52.00 | <-nfe   52.00
Epoch 0062 [Val seq (cond on sampled tp)] |  MAPE 0.029069 | RMSE 96.040015 |
Epoch 0062 [Test seq (cond on sampled tp)] | MAPE 0.057347 | RMSE 290.660582|
0.06326616555452347,0.061081718653440475,0.047694068402051926
260.1821026944398,318.0732890192133,293.72635543137767
Experiment 07-17_18:21
Epoch 0063 [Train seq (cond on sampled tp)] | Loss 2005944.298478 | MAPE 0.089303 | RMSE 103.374613 | Likelihood -2005941.387303 | KL fp 2.9112 | FP STD 0.2821 | ->nfe   52.00 | <-nfe   52.00
Epoch 0063 [Val seq (cond on sampled tp)] |  MAPE 0.032245 | RMSE 101.007865 |
Epoch 0063 [Test seq (cond on sampled tp)] | MAPE 0.064165 | RMSE 347.834688|
0.07422052323818207,0.06419578194618225,0.05407727137207985
321.56448614546974,368.98706362825243,352.95251318343094
Experiment 07-17_18:21
Epoch 0064 [Train seq (cond on sampled tp)] | Loss 1934705.198564 | MAPE 0.107252 | RMSE 94.262169 | Likelihood -1934701.678898 | KL fp 3.5197 | FP STD 0.2553 | ->nfe   52.00 | <-nfe   52.00
Epoch 0064 [Val seq (cond on sampled tp)] |  MAPE 0.029740 | RMSE 103.219261 |
Epoch 0064 [Test seq (cond on sampled tp)] | MAPE 0.064379 | RMSE 305.758662|
0.07614762336015701,0.06659449636936188,0.050394389778375626
293.5964093147258,321.6618833301515,302.01769401808235
Experiment 07-17_18:21
Epoch 0065 [Train seq (cond on sampled tp)] | Loss 1919220.354869 | MAPE 0.069457 | RMSE 92.532454 | Likelihood -1919217.016619 | KL fp 3.3382 | FP STD 0.2570 | ->nfe   52.00 | <-nfe   52.00
Epoch 0065 [Val seq (cond on sampled tp)] |  MAPE 0.038244 | RMSE 98.419056 |
Epoch 0065 [Test seq (cond on sampled tp)] | MAPE 0.047037 | RMSE 236.186645|
0.04939389228820801,0.043540630489587784,0.0481756255030632
210.89439374364602,243.00864021419073,254.6569000022383
Experiment 07-17_18:21
Epoch 0066 [Train seq (cond on sampled tp)] | Loss 1896555.350115 | MAPE 0.055196 | RMSE 87.066615 | Likelihood -1896552.089796 | KL fp 3.2603 | FP STD 0.2423 | ->nfe   52.00 | <-nfe   52.00
Epoch 0066 [Val seq (cond on sampled tp)] |  MAPE 0.032758 | RMSE 106.303240 |
Epoch 0066 [Test seq (cond on sampled tp)] | MAPE 0.063355 | RMSE 276.219912|
0.07640016078948975,0.06217131391167641,0.05149317532777786
277.6822458989771,270.7657399626105,280.21175028895556
Experiment 07-17_18:21
Epoch 0067 [Train seq (cond on sampled tp)] | Loss 1901356.047680 | MAPE 0.058208 | RMSE 87.658633 | Likelihood -1901352.634273 | KL fp 3.4134 | FP STD 0.2707 | ->nfe   52.00 | <-nfe   52.00
Epoch 0067 [Val seq (cond on sampled tp)] |  MAPE 0.027940 | RMSE 99.028730 |
Epoch 0067 [Test seq (cond on sampled tp)] | MAPE 0.061870 | RMSE 312.329224|
0.07180378586053848,0.06656009703874588,0.047246482223272324
289.42009637808496,339.152194357489,308.4153804125209
Experiment 07-17_18:21
Epoch 0068 [Train seq (cond on sampled tp)] | Loss 1930043.048914 | MAPE 0.079956 | RMSE 94.335755 | Likelihood -1930039.495425 | KL fp 3.5535 | FP STD 0.2311 | ->nfe   52.00 | <-nfe   52.00
Epoch 0068 [Val seq (cond on sampled tp)] |  MAPE 0.028373 | RMSE 108.178004 |
Epoch 0068 [Test seq (cond on sampled tp)] | MAPE 0.057753 | RMSE 289.568506|
0.06691695749759674,0.05989127978682518,0.04645080491900444
276.7375928790666,321.28083509602624,270.68708872053725
Experiment 07-17_18:21
Epoch 0069 [Train seq (cond on sampled tp)] | Loss 1930028.110711 | MAPE 0.086929 | RMSE 94.842603 | Likelihood -1930024.930859 | KL fp 3.1799 | FP STD 0.2760 | ->nfe   52.00 | <-nfe   52.00
Epoch 0069 [Val seq (cond on sampled tp)] |  MAPE 0.031591 | RMSE 97.411578 |
Epoch 0069 [Test seq (cond on sampled tp)] | MAPE 0.053360 | RMSE 292.244111|
0.06073620542883873,0.057954248040914536,0.041388969868421555
265.87109188477035,316.6981138442413,294.1631270443323
Experiment 07-17_18:21
Epoch 0070 [Train seq (cond on sampled tp)] | Loss 1927137.093924 | MAPE 0.113849 | RMSE 93.540212 | Likelihood -1927133.656651 | KL fp 3.4373 | FP STD 0.2799 | ->nfe   52.00 | <-nfe   52.00
Epoch 0070 [Val seq (cond on sampled tp)] |  MAPE 0.035871 | RMSE 111.106605 |
Epoch 0070 [Test seq (cond on sampled tp)] | MAPE 0.070411 | RMSE 312.730325|
0.07981153577566147,0.07382920384407043,0.057593584060668945
311.5958294610183,304.2740720756535,322.321074396323
Experiment 07-17_18:21
Epoch 0071 [Train seq (cond on sampled tp)] | Loss 1906356.264652 | MAPE 0.075532 | RMSE 89.323780 | Likelihood -1906353.356981 | KL fp 2.9077 | FP STD 0.4603 | ->nfe   52.00 | <-nfe   52.00
Epoch 0071 [Val seq (cond on sampled tp)] |  MAPE 0.034713 | RMSE 136.210602 |
Epoch 0071 [Test seq (cond on sampled tp)] | MAPE 0.064654 | RMSE 426.868537|
0.07721606642007828,0.06729119271039963,0.04945586994290352
415.3267162728639,456.6657865715364,408.6131078110442
Experiment 07-17_18:21
Epoch 0072 [Train seq (cond on sampled tp)] | Loss 2071827.709547 | MAPE 0.076090 | RMSE 111.525831 | Likelihood -2071824.548149 | KL fp 3.1614 | FP STD 0.2976 | ->nfe   52.00 | <-nfe   52.00
Epoch 0072 [Val seq (cond on sampled tp)] |  MAPE 0.032063 | RMSE 128.278924 |
Epoch 0072 [Test seq (cond on sampled tp)] | MAPE 0.061586 | RMSE 412.447557|
0.06694479286670685,0.06395813077688217,0.053854912519454956
388.6731435280807,460.6222523662963,388.04727482614794
Experiment 07-17_18:21
Epoch 0073 [Train seq (cond on sampled tp)] | Loss 1998091.685561 | MAPE 0.106848 | RMSE 102.359775 | Likelihood -1998088.550409 | KL fp 3.1352 | FP STD 0.2870 | ->nfe   52.00 | <-nfe   52.00
Epoch 0073 [Val seq (cond on sampled tp)] |  MAPE 0.047298 | RMSE 102.075359 |
Epoch 0073 [Test seq (cond on sampled tp)] | MAPE 0.057410 | RMSE 308.412498|
0.0651017352938652,0.06370067596435547,0.04342850670218468
308.96609340670375,319.14703214192673,297.124368951791
Experiment 07-17_18:21
Epoch 0074 [Train seq (cond on sampled tp)] | Loss 1906250.311676 | MAPE 0.177584 | RMSE 88.804425 | Likelihood -1906247.057348 | KL fp 3.2543 | FP STD 0.3093 | ->nfe   52.00 | <-nfe   52.00
Epoch 0074 [Val seq (cond on sampled tp)] |  MAPE 0.030343 | RMSE 103.919177 |
Epoch 0074 [Test seq (cond on sampled tp)] | MAPE 0.052121 | RMSE 305.274400|
0.06100250035524368,0.05360043793916702,0.04175901785492897
305.10000921828896,331.42729924902085,279.29589204372485
Experiment 07-17_18:21
Epoch 0075 [Train seq (cond on sampled tp)] | Loss 1894582.896352 | MAPE 0.108287 | RMSE 86.557101 | Likelihood -1894579.780646 | KL fp 3.1157 | FP STD 0.3108 | ->nfe   52.00 | <-nfe   52.00
Epoch 0075 [Val seq (cond on sampled tp)] |  MAPE 0.029920 | RMSE 100.842423 |
Epoch 0075 [Test seq (cond on sampled tp)] | MAPE 0.057267 | RMSE 269.335949|
0.07031973451375961,0.05870441347360611,0.042777590453624725
240.32070857241996,247.87524426362145,319.81189539712244
Experiment 07-17_18:21
Epoch 0076 [Train seq (cond on sampled tp)] | Loss 2039113.813652 | MAPE 0.068444 | RMSE 105.924651 | Likelihood -2039110.270149 | KL fp 3.5435 | FP STD 0.3033 | ->nfe   52.00 | <-nfe   52.00
Epoch 0076 [Val seq (cond on sampled tp)] |  MAPE 0.038039 | RMSE 111.463962 |
Epoch 0076 [Test seq (cond on sampled tp)] | MAPE 0.058295 | RMSE 232.169660|
0.06500199437141418,0.05881505459547043,0.05106763541698456
224.21420073782124,234.01412217000922,238.2806577861493
Experiment 07-17_18:21
Epoch 0077 [Train seq (cond on sampled tp)] | Loss 1942381.713710 | MAPE 0.112098 | RMSE 93.881972 | Likelihood -1942378.616392 | KL fp 3.0973 | FP STD 0.3915 | ->nfe   52.00 | <-nfe   52.00
Epoch 0077 [Val seq (cond on sampled tp)] |  MAPE 0.029138 | RMSE 101.554471 |
Epoch 0077 [Test seq (cond on sampled tp)] | MAPE 0.054270 | RMSE 241.209517|
0.0655265599489212,0.05687576159834862,0.04040670394897461
236.29595287213448,287.3775146692935,199.95508284674835
Experiment 07-17_18:21
Epoch 0078 [Train seq (cond on sampled tp)] | Loss 1944931.900601 | MAPE 0.121542 | RMSE 93.602128 | Likelihood -1944928.657184 | KL fp 3.2434 | FP STD 0.3254 | ->nfe   52.00 | <-nfe   52.00
Epoch 0078 [Val seq (cond on sampled tp)] |  MAPE 0.032013 | RMSE 120.421213 |
Epoch 0078 [Test seq (cond on sampled tp)] | MAPE 0.061337 | RMSE 304.896322|
0.06871892511844635,0.06559062004089355,0.04970055818557739
317.07398830951115,331.19839220624243,266.41658521008037
Experiment 07-17_18:21
Epoch 0079 [Train seq (cond on sampled tp)] | Loss 1945756.044764 | MAPE 0.071909 | RMSE 95.176703 | Likelihood -1945752.759876 | KL fp 3.2849 | FP STD 0.4116 | ->nfe   52.00 | <-nfe   52.00
Epoch 0079 [Val seq (cond on sampled tp)] |  MAPE 0.034601 | RMSE 108.149586 |
Epoch 0079 [Test seq (cond on sampled tp)] | MAPE 0.058089 | RMSE 268.880491|
0.06789188832044601,0.05837048217654228,0.04800430312752724
260.85447032301363,273.95782636201506,271.82917717290763
Experiment 07-17_18:21
Epoch 0080 [Train seq (cond on sampled tp)] | Loss 1897508.149324 | MAPE 0.080143 | RMSE 87.339093 | Likelihood -1897504.906210 | KL fp 3.2431 | FP STD 0.4485 | ->nfe   52.00 | <-nfe   52.00
Epoch 0080 [Val seq (cond on sampled tp)] |  MAPE 0.028822 | RMSE 100.979490 |
Epoch 0080 [Test seq (cond on sampled tp)] | MAPE 0.055946 | RMSE 293.438565|
0.06247555464506149,0.05873195454478264,0.04663119092583656
290.61823916867297,285.64291519307807,304.0545412627478
Experiment 07-17_18:21
Epoch 0081 [Train seq (cond on sampled tp)] | Loss 1900216.844831 | MAPE 0.156020 | RMSE 86.910590 | Likelihood -1900213.287774 | KL fp 3.5571 | FP STD 0.3017 | ->nfe   52.00 | <-nfe   52.00
Epoch 0081 [Val seq (cond on sampled tp)] |  MAPE 0.026803 | RMSE 101.570649 |
Epoch 0081 [Test seq (cond on sampled tp)] | MAPE 0.053534 | RMSE 316.224798|
0.06287862360477448,0.0544971264898777,0.043225906789302826
309.6764945067675,326.1691590455787,312.8287395884528
Experiment 07-17_18:21
Epoch 0082 [Train seq (cond on sampled tp)] | Loss 1889213.414454 | MAPE 0.134139 | RMSE 85.978499 | Likelihood -1889209.543274 | KL fp 3.8712 | FP STD 0.2447 | ->nfe   52.00 | <-nfe   52.00
Epoch 0082 [Val seq (cond on sampled tp)] |  MAPE 0.033133 | RMSE 106.288247 |
Epoch 0082 [Test seq (cond on sampled tp)] | MAPE 0.058573 | RMSE 292.223180|
0.06986207515001297,0.0614018552005291,0.0444558747112751
254.175228680924,296.82314020726216,325.671169951379
Experiment 07-17_18:21
Epoch 0083 [Train seq (cond on sampled tp)] | Loss 1904153.483807 | MAPE 0.092384 | RMSE 89.362849 | Likelihood -1904149.285935 | KL fp 4.1979 | FP STD 0.2284 | ->nfe   52.00 | <-nfe   52.00
Epoch 0083 [Val seq (cond on sampled tp)] |  MAPE 0.030304 | RMSE 103.414098 |
Epoch 0083 [Test seq (cond on sampled tp)] | MAPE 0.054535 | RMSE 314.532032|
0.06360819935798645,0.055924538522958755,0.04407323896884918
283.63466819131963,339.4029684607959,320.558460444425
Experiment 07-17_18:21
Epoch 0084 [Train seq (cond on sampled tp)] | Loss 1928453.300490 | MAPE 0.103133 | RMSE 93.825008 | Likelihood -1928449.785001 | KL fp 3.5155 | FP STD 0.2842 | ->nfe   52.00 | <-nfe   52.00
Epoch 0084 [Val seq (cond on sampled tp)] |  MAPE 0.028417 | RMSE 94.274305 |
Epoch 0084 [Test seq (cond on sampled tp)] | MAPE 0.046861 | RMSE 289.741947|
0.052026424556970596,0.04953962564468384,0.03901613503694534
271.42180618918593,282.8666039407975,314.93743178209223
Experiment 07-17_18:21
Epoch 0085 [Train seq (cond on sampled tp)] | Loss 1915573.185931 | MAPE 0.178425 | RMSE 89.150026 | Likelihood -1915569.116202 | KL fp 4.0697 | FP STD 0.2233 | ->nfe   52.00 | <-nfe   52.00
Epoch 0085 [Val seq (cond on sampled tp)] |  MAPE 0.030583 | RMSE 133.580303 |
Epoch 0085 [Test seq (cond on sampled tp)] | MAPE 0.064384 | RMSE 414.325461|
0.07322876155376434,0.06882456690073013,0.05109729245305061
420.92628511415154,445.9496713475636,376.1004270803212
Experiment 07-17_18:21
Epoch 0086 [Train seq (cond on sampled tp)] | Loss 1941643.123525 | MAPE 0.111249 | RMSE 96.858228 | Likelihood -1941639.369795 | KL fp 3.7537 | FP STD 0.2364 | ->nfe   52.00 | <-nfe   52.00
Epoch 0086 [Val seq (cond on sampled tp)] |  MAPE 0.029740 | RMSE 100.592211 |
Epoch 0086 [Test seq (cond on sampled tp)] | MAPE 0.052495 | RMSE 280.699123|
0.06215733289718628,0.05132520571351051,0.04400121420621872
283.7382982168604,282.987121504672,275.3719501646818
Experiment 07-17_18:21
Epoch 0087 [Train seq (cond on sampled tp)] | Loss 1912736.654222 | MAPE 0.083424 | RMSE 89.486899 | Likelihood -1912733.532141 | KL fp 3.1221 | FP STD 0.3488 | ->nfe   52.00 | <-nfe   52.00
Epoch 0087 [Val seq (cond on sampled tp)] |  MAPE 0.033119 | RMSE 116.515515 |
Epoch 0087 [Test seq (cond on sampled tp)] | MAPE 0.063616 | RMSE 346.763317|
0.07342859357595444,0.06791002303361893,0.04951070621609688
331.5639667733815,362.24040273691173,346.48558095900614
Experiment 07-17_18:21
Epoch 0088 [Train seq (cond on sampled tp)] | Loss 1922260.198837 | MAPE 0.065134 | RMSE 93.415800 | Likelihood -1922256.760519 | KL fp 3.4383 | FP STD 0.3041 | ->nfe   52.00 | <-nfe   52.00
Epoch 0088 [Val seq (cond on sampled tp)] |  MAPE 0.026949 | RMSE 100.158931 |
Epoch 0088 [Test seq (cond on sampled tp)] | MAPE 0.052696 | RMSE 316.655634|
0.06129292771220207,0.055535100400447845,0.041258733719587326
283.0900916669462,358.4219536733206,308.45485640122445
Experiment 07-17_18:21
Epoch 0089 [Train seq (cond on sampled tp)] | Loss 1911187.502095 | MAPE 0.077189 | RMSE 90.478140 | Likelihood -1911183.982831 | KL fp 3.5193 | FP STD 0.2269 | ->nfe   52.00 | <-nfe   52.00
Epoch 0089 [Val seq (cond on sampled tp)] |  MAPE 0.030728 | RMSE 119.987219 |
Epoch 0089 [Test seq (cond on sampled tp)] | MAPE 0.059007 | RMSE 336.032325|
0.06863557547330856,0.06218886747956276,0.04619581997394562
321.5640974207164,371.9071204615475,314.6257573491083
Experiment 07-17_18:21
Epoch 0090 [Train seq (cond on sampled tp)] | Loss 1904370.295718 | MAPE 0.099068 | RMSE 87.724220 | Likelihood -1904366.635655 | KL fp 3.6601 | FP STD 0.2767 | ->nfe   52.00 | <-nfe   52.00
Epoch 0090 [Val seq (cond on sampled tp)] |  MAPE 0.032760 | RMSE 129.123087 |
Epoch 0090 [Test seq (cond on sampled tp)] | MAPE 0.063248 | RMSE 420.625877|
0.07141275703907013,0.06753117591142654,0.05079967901110649
416.03815930753274,447.5624607247574,398.27701179581027
Experiment 07-17_18:21
Epoch 0091 [Train seq (cond on sampled tp)] | Loss 1895623.473985 | MAPE 0.136285 | RMSE 86.311650 | Likelihood -1895620.073117 | KL fp 3.4009 | FP STD 0.2985 | ->nfe   52.00 | <-nfe   52.00
Epoch 0091 [Val seq (cond on sampled tp)] |  MAPE 0.027531 | RMSE 102.741769 |
Epoch 0091 [Test seq (cond on sampled tp)] | MAPE 0.054926 | RMSE 325.678671|
0.06496402621269226,0.05835947021842003,0.04145574942231178
285.1845482534073,328.9215688237851,362.92989595099493
Experiment 07-17_18:21
Epoch 0092 [Train seq (cond on sampled tp)] | Loss 1926751.892406 | MAPE 0.088645 | RMSE 90.350176 | Likelihood -1926748.731775 | KL fp 3.1606 | FP STD 0.3661 | ->nfe   52.00 | <-nfe   52.00
Epoch 0092 [Val seq (cond on sampled tp)] |  MAPE 0.031158 | RMSE 116.638476 |
Epoch 0092 [Test seq (cond on sampled tp)] | MAPE 0.064302 | RMSE 380.272494|
0.07508296519517899,0.06810635328292847,0.04971625283360481
369.57243031644015,409.18465040248026,362.0604015561492
Experiment 07-17_18:21
Epoch 0093 [Train seq (cond on sampled tp)] | Loss 1891478.463631 | MAPE 0.079461 | RMSE 87.163083 | Likelihood -1891475.335205 | KL fp 3.1284 | FP STD 0.3641 | ->nfe   52.00 | <-nfe   52.00
Epoch 0093 [Val seq (cond on sampled tp)] |  MAPE 0.026669 | RMSE 105.104770 |
Epoch 0093 [Test seq (cond on sampled tp)] | MAPE 0.050974 | RMSE 326.076209|
0.05812409892678261,0.055155400186777115,0.039643850177526474
325.70025521942716,337.6974538140612,314.83091940357446
Experiment 07-17_18:21
Epoch 0094 [Train seq (cond on sampled tp)] | Loss 2000242.890493 | MAPE 0.080014 | RMSE 101.525804 | Likelihood -2000239.625055 | KL fp 3.2654 | FP STD 0.2591 | ->nfe   52.00 | <-nfe   52.00
Epoch 0094 [Val seq (cond on sampled tp)] |  MAPE 0.029157 | RMSE 105.917960 |
Epoch 0094 [Test seq (cond on sampled tp)] | MAPE 0.058643 | RMSE 323.323859|
0.06342662125825882,0.0635199174284935,0.048983898013830185
311.18331363924386,325.85330288336803,332.9349598645357
Experiment 07-17_18:21
Epoch 0095 [Train seq (cond on sampled tp)] | Loss 1901126.562337 | MAPE 0.084747 | RMSE 87.153636 | Likelihood -1901122.650625 | KL fp 3.9117 | FP STD 0.2576 | ->nfe   52.00 | <-nfe   52.00
Epoch 0095 [Val seq (cond on sampled tp)] |  MAPE 0.030074 | RMSE 97.304968 |
Epoch 0095 [Test seq (cond on sampled tp)] | MAPE 0.055919 | RMSE 306.338214|
0.06210584193468094,0.06074844300746918,0.04490378126502037
273.7406105695682,328.35333721846047,316.92069443710994
Experiment 07-17_18:21
Epoch 0096 [Train seq (cond on sampled tp)] | Loss 1906440.983609 | MAPE 0.078249 | RMSE 89.581111 | Likelihood -1906437.496233 | KL fp 3.4874 | FP STD 0.2831 | ->nfe   52.00 | <-nfe   52.00
Epoch 0096 [Val seq (cond on sampled tp)] |  MAPE 0.026423 | RMSE 97.739699 |
Epoch 0096 [Test seq (cond on sampled tp)] | MAPE 0.047332 | RMSE 319.342029|
0.05388952046632767,0.04834316298365593,0.039762530475854874
284.9236054410024,362.4404476945144,310.6620325007548
Experiment 07-17_18:21
Epoch 0097 [Train seq (cond on sampled tp)] | Loss 1937468.263970 | MAPE 0.153965 | RMSE 95.531678 | Likelihood -1937464.349596 | KL fp 3.9144 | FP STD 0.2773 | ->nfe   52.00 | <-nfe   52.00
Epoch 0097 [Val seq (cond on sampled tp)] |  MAPE 0.035971 | RMSE 130.718447 |
Epoch 0097 [Test seq (cond on sampled tp)] | MAPE 0.066545 | RMSE 407.013032|
0.07839755713939667,0.06937436014413834,0.05186193808913231
405.51504673069775,427.42475580504225,388.09929463991557
Experiment 07-17_18:21
Epoch 0098 [Train seq (cond on sampled tp)] | Loss 1950018.824221 | MAPE 0.097382 | RMSE 97.827809 | Likelihood -1950015.349736 | KL fp 3.4745 | FP STD 0.2328 | ->nfe   52.00 | <-nfe   52.00
Epoch 0098 [Val seq (cond on sampled tp)] |  MAPE 0.027593 | RMSE 86.061062 |
Epoch 0098 [Test seq (cond on sampled tp)] | MAPE 0.046956 | RMSE 258.314364|
0.055772773921489716,0.047659602016210556,0.037435296922922134
203.1844047749482,272.04520534278856,299.7134829716541
Experiment 07-17_18:21
Epoch 0099 [Train seq (cond on sampled tp)] | Loss 1877758.763306 | MAPE 0.098878 | RMSE 85.097665 | Likelihood -1877754.829349 | KL fp 3.9340 | FP STD 0.2620 | ->nfe   52.00 | <-nfe   52.00
Epoch 0099 [Val seq (cond on sampled tp)] |  MAPE 0.029939 | RMSE 111.771251 |
Epoch 0099 [Test seq (cond on sampled tp)] | MAPE 0.052294 | RMSE 352.729608|
0.061532553285360336,0.0549372173845768,0.04041130840778351
324.01617918708934,375.7514762113384,358.4211689828044
Experiment 07-17_18:21
Epoch 0100 [Train seq (cond on sampled tp)] | Loss 1886816.038810 | MAPE 0.090008 | RMSE 86.389800 | Likelihood -1886812.491675 | KL fp 3.5471 | FP STD 0.2473 | ->nfe   52.00 | <-nfe   52.00
Epoch 0100 [Val seq (cond on sampled tp)] |  MAPE 0.026925 | RMSE 104.798831 |
Epoch 0100 [Test seq (cond on sampled tp)] | MAPE 0.050861 | RMSE 312.494769|
0.059859346598386765,0.05458501726388931,0.038138940930366516
298.17031888251387,329.72316750192124,309.59082118580324
