/nvme/yuanjingyang/CG-ODE/run_models_covid.py
run_models_covid.py --heavyBall --rec-layers 1 -e Cheb_cat
Namespace(save='experiments/', load=None, dataset='Dec', datapath='data/', pred_length=14, condition_length=21, features='Confirmed,Deaths,Recovered,Mortality_Rate,Testing_Rate,Population,Mobility', split_interval=3, feature_out='Deaths', niters=100, lr=0.005, batch_size=8, random_seed=1991, dropout=0.2, l2=1e-05, optimizer='AdamW', clip=10, edge_lamda=0.5, z0_encoder='GTrans', rec_dims=64, ode_dims=20, rec_layers=1, gen_layers=1, encoder='Cheb_cat', graf_layer=1, cheb_K=2, heavyBall=True, actv_h=None, gamma_guess=-3.0, gamma_act='sigmoid', corr=-100, corrf=True, sign=1, augment_dim=0, solver='rk4', rtol=0.01, atol=0.01, alias='run', output_dim=1, feature_out_index=[1], num_atoms=50)
run
Experiment 09-03_19:01
Epoch 0001 [Train seq (cond on sampled tp)] | Loss 4369253.451964 | MAPE 0.063706 | RMSE 285.037639 | MAE 11.257367 | Likelihood -4369251.139459 | KL fp 2.3125 | FP STD 0.5773 | ->nfe   52.00 | <-nfe   52.00
Epoch 0001 [Val seq (cond on sampled tp)] |  MAPE 0.059028 | RMSE 300.926356 | MAE 13.354374 |
Best Val!
Epoch 0001 [Test seq (cond on sampled tp)] | MAPE 0.109646 | RMSE 896.974728| MAE 617.491801
0.12438322603702545,0.11190816760063171,0.09264526516199112
897.2518459161843,923.3428399029258,870.3294993851466
0.12438322603702545,0.11190816760063171,0.09264526516199112
897.2518459161843,923.3428399029258,870.3294993851466
Epoch 0001 [Test seq (cond on sampled tp)] | Best Test MAPE 0.109646|Best Test RMSE 896.974728|Best Test MAE 617.491801
Experiment 09-03_19:01
Epoch 0002 [Train seq (cond on sampled tp)] | Loss 4105295.806290 | MAPE 0.124673 | RMSE 271.201440 | MAE 10.597106 | Likelihood -4105287.935390 | KL fp 7.8709 | FP STD 0.7334 | ->nfe   52.00 | <-nfe   52.00
Epoch 0002 [Val seq (cond on sampled tp)] |  MAPE 0.071522 | RMSE 268.494952 | MAE 12.060561 |
Epoch 0002 [Test seq (cond on sampled tp)] | MAPE 0.109955 | RMSE 842.647472| MAE 551.372579
0.12595894932746887,0.11115799844264984,0.09274938702583313
839.4575257271806,868.1767533169728,820.308135702676
Experiment 09-03_19:01
Epoch 0003 [Train seq (cond on sampled tp)] | Loss 3700063.777122 | MAPE 0.283272 | RMSE 248.427538 | MAE 10.313142 | Likelihood -3700049.909435 | KL fp 13.8677 | FP STD 0.8124 | ->nfe   52.00 | <-nfe   52.00
Epoch 0003 [Val seq (cond on sampled tp)] |  MAPE 0.107980 | RMSE 218.597974 | MAE 10.519077 |
Epoch 0003 [Test seq (cond on sampled tp)] | MAPE 0.129092 | RMSE 746.058019| MAE 453.738932
0.14650727808475494,0.1252911537885666,0.11547905951738358
738.7433163826256,772.580901912544,726.8498383435192
Experiment 09-03_19:01
Epoch 0004 [Train seq (cond on sampled tp)] | Loss 3304713.330536 | MAPE 0.436461 | RMSE 223.683681 | MAE 10.252012 | Likelihood -3304700.247031 | KL fp 13.0835 | FP STD 0.7716 | ->nfe   52.00 | <-nfe   52.00
Epoch 0004 [Val seq (cond on sampled tp)] |  MAPE 0.044934 | RMSE 177.777842 | MAE 9.126223 |
Best Val!
Epoch 0004 [Test seq (cond on sampled tp)] | MAPE 0.063050 | RMSE 665.870209| MAE 377.012563
0.07350948452949524,0.06375343352556229,0.051888465881347656
648.218809508024,699.9120257218045,649.4797918334334
0.07350948452949524,0.06375343352556229,0.051888465881347656
648.218809508024,699.9120257218045,649.4797918334334
Epoch 0004 [Test seq (cond on sampled tp)] | Best Test MAPE 0.063050|Best Test RMSE 665.870209|Best Test MAE 377.012563
Experiment 09-03_19:01
Epoch 0005 [Train seq (cond on sampled tp)] | Loss 2993335.466493 | MAPE 0.128712 | RMSE 201.536212 | MAE 9.050202 | Likelihood -2993327.876913 | KL fp 7.5896 | FP STD 0.7605 | ->nfe   52.00 | <-nfe   52.00
Epoch 0005 [Val seq (cond on sampled tp)] |  MAPE 0.035378 | RMSE 176.499541 | MAE 9.492751 |
Best Val!
Epoch 0005 [Test seq (cond on sampled tp)] | MAPE 0.077475 | RMSE 637.118148| MAE 376.834991
0.0871199294924736,0.08142751455307007,0.06387626379728317
632.8524956496577,664.4481027514489,614.0538453588578
Experiment 09-03_19:01
Epoch 0006 [Train seq (cond on sampled tp)] | Loss 2652330.890686 | MAPE 0.049671 | RMSE 175.070203 | MAE 8.128178 | Likelihood -2652323.145370 | KL fp 7.7453 | FP STD 0.7995 | ->nfe   52.00 | <-nfe   52.00
Epoch 0006 [Val seq (cond on sampled tp)] |  MAPE 0.030396 | RMSE 138.583205 | MAE 8.418745 |
Best Val!
Epoch 0006 [Test seq (cond on sampled tp)] | MAPE 0.064114 | RMSE 532.359749| MAE 302.612905
0.07319977879524231,0.0652463361620903,0.053896550089120865
514.3818802699022,560.7452908852646,521.9520751467513
Experiment 09-03_19:01
Epoch 0007 [Train seq (cond on sampled tp)] | Loss 2388223.385778 | MAPE 0.049750 | RMSE 150.738839 | MAE 7.477290 | Likelihood -2388216.502939 | KL fp 6.8828 | FP STD 0.6683 | ->nfe   52.00 | <-nfe   52.00
Epoch 0007 [Val seq (cond on sampled tp)] |  MAPE 0.036567 | RMSE 123.133669 | MAE 8.473819 |
Epoch 0007 [Test seq (cond on sampled tp)] | MAPE 0.057249 | RMSE 448.146667| MAE 259.152435
0.06021112948656082,0.05844595655798912,0.053090523928403854
425.606699312875,476.9851936905379,441.8481073853321
0.06021112948656082,0.05844595655798912,0.053090523928403854
425.606699312875,476.9851936905379,441.8481073853321
Epoch 0007 [Test seq (cond on sampled tp)] | Best Test MAPE 0.057249|Best Test RMSE 448.146667|Best Test MAE 259.152435
Experiment 09-03_19:01
Epoch 0008 [Train seq (cond on sampled tp)] | Loss 2280513.672551 | MAPE 0.054415 | RMSE 139.656252 | MAE 7.468378 | Likelihood -2280507.184425 | KL fp 6.4881 | FP STD 0.5125 | ->nfe   52.00 | <-nfe   52.00
Epoch 0008 [Val seq (cond on sampled tp)] |  MAPE 0.049891 | RMSE 117.518474 | MAE 8.191331 |
Epoch 0008 [Test seq (cond on sampled tp)] | MAPE 0.072014 | RMSE 453.548141| MAE 262.698074
0.08330617845058441,0.06913966685533524,0.06359753012657166
445.1830206499345,473.9399025720455,441.5214993349701
Experiment 09-03_19:01
Epoch 0009 [Train seq (cond on sampled tp)] | Loss 2199078.460432 | MAPE 0.074775 | RMSE 130.729967 | MAE 7.480861 | Likelihood -2199072.869673 | KL fp 5.5908 | FP STD 0.4474 | ->nfe   52.00 | <-nfe   52.00
Epoch 0009 [Val seq (cond on sampled tp)] |  MAPE 0.031092 | RMSE 110.677905 | MAE 8.294522 |
Epoch 0009 [Test seq (cond on sampled tp)] | MAPE 0.055674 | RMSE 398.697254| MAE 244.685511
0.05877310782670975,0.06020350009202957,0.04804442450404167
375.5368240931906,438.82458411647815,381.73035312901175
0.05877310782670975,0.06020350009202957,0.04804442450404167
375.5368240931906,438.82458411647815,381.73035312901175
Epoch 0009 [Test seq (cond on sampled tp)] | Best Test MAPE 0.055674|Best Test RMSE 398.697254|Best Test MAE 244.685511
Experiment 09-03_19:01
Epoch 0010 [Train seq (cond on sampled tp)] | Loss 2083102.243910 | MAPE 0.042743 | RMSE 116.384842 | MAE 6.781589 | Likelihood -2083096.914689 | KL fp 5.3292 | FP STD 0.3944 | ->nfe   52.00 | <-nfe   52.00
Epoch 0010 [Val seq (cond on sampled tp)] |  MAPE 0.042270 | RMSE 130.314029 | MAE 8.330404 |
Epoch 0010 [Test seq (cond on sampled tp)] | MAPE 0.058691 | RMSE 451.686004| MAE 272.042277
0.0697660744190216,0.05696142092347145,0.04934633523225784
452.972112138264,473.67727014286845,428.40862867710774
Experiment 09-03_19:01
Epoch 0011 [Train seq (cond on sampled tp)] | Loss 2102672.564021 | MAPE 0.069989 | RMSE 117.201021 | MAE 6.783007 | Likelihood -2102667.962883 | KL fp 4.6011 | FP STD 0.3948 | ->nfe   52.00 | <-nfe   52.00
Epoch 0011 [Val seq (cond on sampled tp)] |  MAPE 0.029757 | RMSE 98.512164 | MAE 7.837862 |
Best Val!
Epoch 0011 [Test seq (cond on sampled tp)] | MAPE 0.045128 | RMSE 336.742167| MAE 207.100708
0.04875556379556656,0.045351542532444,0.041276101022958755
317.41069117942453,354.9727102186871,337.8431010654206
0.04875556379556656,0.045351542532444,0.041276101022958755
317.41069117942453,354.9727102186871,337.8431010654206
Epoch 0011 [Test seq (cond on sampled tp)] | Best Test MAPE 0.045128|Best Test RMSE 336.742167|Best Test MAE 207.100708
Experiment 09-03_19:01
Epoch 0012 [Train seq (cond on sampled tp)] | Loss 2029876.016765 | MAPE 0.047297 | RMSE 108.915280 | MAE 6.536761 | Likelihood -2029871.054601 | KL fp 4.9622 | FP STD 0.3689 | ->nfe   52.00 | <-nfe   52.00
Epoch 0012 [Val seq (cond on sampled tp)] |  MAPE 0.040181 | RMSE 91.239479 | MAE 7.534095 |
Epoch 0012 [Test seq (cond on sampled tp)] | MAPE 0.062524 | RMSE 328.729527| MAE 206.137090
0.0628485307097435,0.06405486911535263,0.06066928803920746
302.7598057866995,369.3009020433067,314.1278725495399
Experiment 09-03_19:01
Epoch 0013 [Train seq (cond on sampled tp)] | Loss 2051357.309612 | MAPE 0.079522 | RMSE 112.661623 | MAE 7.209149 | Likelihood -2051352.366181 | KL fp 4.9434 | FP STD 0.3385 | ->nfe   52.00 | <-nfe   52.00
Epoch 0013 [Val seq (cond on sampled tp)] |  MAPE 0.038218 | RMSE 113.952807 | MAE 8.230695 |
Epoch 0013 [Test seq (cond on sampled tp)] | MAPE 0.048792 | RMSE 393.299863| MAE 228.544205
0.04882246255874634,0.05007478594779968,0.04747854918241501
390.3056494594973,424.01919915258554,365.5747401353108
Experiment 09-03_19:01
Epoch 0014 [Train seq (cond on sampled tp)] | Loss 2167735.090925 | MAPE 0.115556 | RMSE 126.821321 | MAE 8.191501 | Likelihood -2167730.683618 | KL fp 4.4073 | FP STD 0.3751 | ->nfe   52.00 | <-nfe   52.00
Epoch 0014 [Val seq (cond on sampled tp)] |  MAPE 0.053082 | RMSE 100.139546 | MAE 7.768552 |
Epoch 0014 [Test seq (cond on sampled tp)] | MAPE 0.071400 | RMSE 344.786718| MAE 206.704549
0.07463683933019638,0.07583428919315338,0.06372739374637604
323.3896039415924,367.80667476270736,343.16387530231094
Experiment 09-03_19:01
Epoch 0015 [Train seq (cond on sampled tp)] | Loss 2193675.296545 | MAPE 0.045300 | RMSE 127.573603 | MAE 7.709179 | Likelihood -2193671.729406 | KL fp 3.5671 | FP STD 0.4450 | ->nfe   52.00 | <-nfe   52.00
Epoch 0015 [Val seq (cond on sampled tp)] |  MAPE 0.036170 | RMSE 112.225438 | MAE 8.740243 |
Epoch 0015 [Test seq (cond on sampled tp)] | MAPE 0.061669 | RMSE 368.759804| MAE 244.890925
0.06968509405851364,0.062375448644161224,0.0529462993144989
347.89356085949623,394.67120413706397,363.7146460482448
Experiment 09-03_19:01
Epoch 0016 [Train seq (cond on sampled tp)] | Loss 2110068.945415 | MAPE 0.074798 | RMSE 120.405125 | MAE 7.421112 | Likelihood -2110064.471385 | KL fp 4.4740 | FP STD 0.4285 | ->nfe   52.00 | <-nfe   52.00
Epoch 0016 [Val seq (cond on sampled tp)] |  MAPE 0.036975 | RMSE 107.836229 | MAE 7.916419 |
Epoch 0016 [Test seq (cond on sampled tp)] | MAPE 0.054359 | RMSE 385.811518| MAE 247.140823
0.06407217681407928,0.05431430786848068,0.04469021037220955
377.6972787497945,403.7930898059054,375.94418634951654
Experiment 09-03_19:01
Epoch 0017 [Train seq (cond on sampled tp)] | Loss 2068905.324569 | MAPE 0.051560 | RMSE 114.763671 | MAE 6.521910 | Likelihood -2068901.789190 | KL fp 3.5354 | FP STD 0.3330 | ->nfe   52.00 | <-nfe   52.00
Epoch 0017 [Val seq (cond on sampled tp)] |  MAPE 0.035970 | RMSE 99.911391 | MAE 7.913144 |
Epoch 0017 [Test seq (cond on sampled tp)] | MAPE 0.051617 | RMSE 334.068031| MAE 218.428085
0.053904302418231964,0.05173530429601669,0.04921126738190651
309.43902115360305,350.4797827621445,342.28528853866914
Experiment 09-03_19:01
Epoch 0018 [Train seq (cond on sampled tp)] | Loss 2036978.911343 | MAPE 0.040076 | RMSE 110.281397 | MAE 6.878622 | Likelihood -2036974.552579 | KL fp 4.3588 | FP STD 0.3221 | ->nfe   52.00 | <-nfe   52.00
Epoch 0018 [Val seq (cond on sampled tp)] |  MAPE 0.036775 | RMSE 87.935348 | MAE 7.470919 |
Epoch 0018 [Test seq (cond on sampled tp)] | MAPE 0.044856 | RMSE 315.837484| MAE 201.430501
0.047530993819236755,0.04692574217915535,0.040111687034368515
295.05595338003263,339.1697007951919,313.28679702071713
0.047530993819236755,0.04692574217915535,0.040111687034368515
295.05595338003263,339.1697007951919,313.28679702071713
Epoch 0018 [Test seq (cond on sampled tp)] | Best Test MAPE 0.044856|Best Test RMSE 315.837484|Best Test MAE 201.430501
Experiment 09-03_19:01
Epoch 0019 [Train seq (cond on sampled tp)] | Loss 2029562.946000 | MAPE 0.077898 | RMSE 109.126339 | MAE 7.188110 | Likelihood -2029558.690683 | KL fp 4.2553 | FP STD 0.3766 | ->nfe   52.00 | <-nfe   52.00
Epoch 0019 [Val seq (cond on sampled tp)] |  MAPE 0.032318 | RMSE 124.237542 | MAE 8.615589 |
Epoch 0019 [Test seq (cond on sampled tp)] | MAPE 0.060154 | RMSE 402.222168| MAE 261.046977
0.06861966103315353,0.06416988372802734,0.04767217859625816
401.86693226738623,428.6826295466146,376.11694075779144
Experiment 09-03_19:01
Epoch 0020 [Train seq (cond on sampled tp)] | Loss 2031316.504095 | MAPE 0.039485 | RMSE 109.097642 | MAE 6.639049 | Likelihood -2031312.824935 | KL fp 3.6792 | FP STD 0.3105 | ->nfe   52.00 | <-nfe   52.00
Epoch 0020 [Val seq (cond on sampled tp)] |  MAPE 0.025490 | RMSE 83.366256 | MAE 7.214484 |
Best Val!
Epoch 0020 [Test seq (cond on sampled tp)] | MAPE 0.049547 | RMSE 318.697936| MAE 202.076228
0.057562511414289474,0.048952773213386536,0.04212450981140137
297.2580686457476,338.6494661704046,320.18627390942294
Experiment 09-03_19:01
Epoch 0021 [Train seq (cond on sampled tp)] | Loss 1967972.592797 | MAPE 0.042707 | RMSE 99.623854 | MAE 6.320654 | Likelihood -1967969.064335 | KL fp 3.5285 | FP STD 0.3893 | ->nfe   52.00 | <-nfe   52.00
Epoch 0021 [Val seq (cond on sampled tp)] |  MAPE 0.024441 | RMSE 88.596023 | MAE 7.275004 |
Best Val!
Epoch 0021 [Test seq (cond on sampled tp)] | MAPE 0.054491 | RMSE 338.218883| MAE 221.821421
0.0580984391272068,0.057819563895463943,0.047555722296237946
328.1901840015938,356.5432017126396,329.9232628581986
Experiment 09-03_19:01
Epoch 0022 [Train seq (cond on sampled tp)] | Loss 2002144.857748 | MAPE 0.035070 | RMSE 106.235944 | MAE 6.360616 | Likelihood -2002141.338767 | KL fp 3.5190 | FP STD 0.3369 | ->nfe   52.00 | <-nfe   52.00
Epoch 0022 [Val seq (cond on sampled tp)] |  MAPE 0.035233 | RMSE 93.872280 | MAE 7.467233 |
Epoch 0022 [Test seq (cond on sampled tp)] | MAPE 0.063806 | RMSE 350.591997| MAE 227.918254
0.06618010997772217,0.06421665102243423,0.061021532863378525
340.9354892241346,376.81798905439746,334.02251280789443
Experiment 09-03_19:01
Epoch 0023 [Train seq (cond on sampled tp)] | Loss 2011971.921791 | MAPE 0.032681 | RMSE 106.374577 | MAE 6.260433 | Likelihood -2011968.592466 | KL fp 3.3293 | FP STD 0.3408 | ->nfe   52.00 | <-nfe   52.00
Epoch 0023 [Val seq (cond on sampled tp)] |  MAPE 0.034312 | RMSE 107.006425 | MAE 7.622804 |
Epoch 0023 [Test seq (cond on sampled tp)] | MAPE 0.057859 | RMSE 377.915174| MAE 239.494115
0.06559904664754868,0.056779343634843826,0.05119999870657921
344.254368617887,413.53262794488177,375.95852497316775
Experiment 09-03_19:01
Epoch 0024 [Train seq (cond on sampled tp)] | Loss 2000429.057850 | MAPE 0.047757 | RMSE 105.284733 | MAE 6.571504 | Likelihood -2000425.882956 | KL fp 3.1749 | FP STD 0.3725 | ->nfe   52.00 | <-nfe   52.00
Epoch 0024 [Val seq (cond on sampled tp)] |  MAPE 0.029921 | RMSE 97.887012 | MAE 7.563478 |
Epoch 0024 [Test seq (cond on sampled tp)] | MAPE 0.061450 | RMSE 325.514523| MAE 215.029434
0.0681300237774849,0.06322193890810013,0.05299767479300499
292.8877104582915,362.52607664828747,321.12978052105353
Experiment 09-03_19:01
Epoch 0025 [Train seq (cond on sampled tp)] | Loss 2010499.934321 | MAPE 0.055240 | RMSE 107.136874 | MAE 6.976018 | Likelihood -2010496.699629 | KL fp 3.2347 | FP STD 0.3431 | ->nfe   52.00 | <-nfe   52.00
Epoch 0025 [Val seq (cond on sampled tp)] |  MAPE 0.027428 | RMSE 120.794966 | MAE 7.955776 |
Epoch 0025 [Test seq (cond on sampled tp)] | MAPE 0.063816 | RMSE 407.427978| MAE 258.181590
0.0734710693359375,0.06176423281431198,0.05621130019426346
405.0529865030006,410.38208187614623,406.84886628820783
Experiment 09-03_19:01
Epoch 0026 [Train seq (cond on sampled tp)] | Loss 2057705.512118 | MAPE 0.050784 | RMSE 112.837527 | MAE 6.911857 | Likelihood -2057702.771417 | KL fp 2.7407 | FP STD 0.3278 | ->nfe   52.00 | <-nfe   52.00
Epoch 0026 [Val seq (cond on sampled tp)] |  MAPE 0.030212 | RMSE 100.746666 | MAE 7.964848 |
Epoch 0026 [Test seq (cond on sampled tp)] | MAPE 0.057640 | RMSE 322.142370| MAE 214.533249
0.06641004234552383,0.05872857943177223,0.04778074100613594
304.79835803773614,333.8699690747882,327.75878373050506
Experiment 09-03_19:01
Epoch 0027 [Train seq (cond on sampled tp)] | Loss 1957859.262484 | MAPE 0.046537 | RMSE 98.768740 | MAE 6.508452 | Likelihood -1957856.528408 | KL fp 2.7341 | FP STD 0.3485 | ->nfe   52.00 | <-nfe   52.00
Epoch 0027 [Val seq (cond on sampled tp)] |  MAPE 0.030471 | RMSE 96.672242 | MAE 7.617154 |
Epoch 0027 [Test seq (cond on sampled tp)] | MAPE 0.057692 | RMSE 317.203696| MAE 216.144852
0.05891505628824234,0.061651866883039474,0.052510231733322144
276.1932068317394,344.13335442092796,331.2845265025217
Experiment 09-03_19:01
Epoch 0028 [Train seq (cond on sampled tp)] | Loss 1940326.178971 | MAPE 0.067105 | RMSE 95.712443 | MAE 6.423660 | Likelihood -1940323.552871 | KL fp 2.6261 | FP STD 0.3782 | ->nfe   52.00 | <-nfe   52.00
Epoch 0028 [Val seq (cond on sampled tp)] |  MAPE 0.029512 | RMSE 94.595531 | MAE 7.609359 |
Epoch 0028 [Test seq (cond on sampled tp)] | MAPE 0.059483 | RMSE 312.754159| MAE 205.813975
0.06012289971113205,0.058797046542167664,0.05952809378504753
292.85368573743443,337.39197345224443,308.01681670811416
Experiment 09-03_19:01
Epoch 0029 [Train seq (cond on sampled tp)] | Loss 1941555.492948 | MAPE 0.069480 | RMSE 95.267995 | MAE 6.609845 | Likelihood -1941552.686300 | KL fp 2.8066 | FP STD 0.3417 | ->nfe   52.00 | <-nfe   52.00
Epoch 0029 [Val seq (cond on sampled tp)] |  MAPE 0.039217 | RMSE 101.048860 | MAE 7.780349 |
Epoch 0029 [Test seq (cond on sampled tp)] | MAPE 0.055300 | RMSE 308.970572| MAE 201.660736
0.05003496631979942,0.05731295049190521,0.05855230614542961
281.77549518632736,337.1374904990544,307.9987317344018
Experiment 09-03_19:01
Epoch 0030 [Train seq (cond on sampled tp)] | Loss 1949019.278028 | MAPE 0.122352 | RMSE 96.031928 | MAE 6.818764 | Likelihood -1949016.465309 | KL fp 2.8127 | FP STD 0.2912 | ->nfe   52.00 | <-nfe   52.00
Epoch 0030 [Val seq (cond on sampled tp)] |  MAPE 0.038146 | RMSE 97.797867 | MAE 7.782108 |
Epoch 0030 [Test seq (cond on sampled tp)] | MAPE 0.058294 | RMSE 312.650896| MAE 204.608826
0.06179342791438103,0.06617314368486404,0.046915777027606964
301.2992439004785,320.71485095798107,315.938594211755
Experiment 09-03_19:01
Epoch 0031 [Train seq (cond on sampled tp)] | Loss 1950677.370087 | MAPE 0.050547 | RMSE 97.333268 | MAE 6.763757 | Likelihood -1950674.472128 | KL fp 2.8980 | FP STD 0.3154 | ->nfe   52.00 | <-nfe   52.00
Epoch 0031 [Val seq (cond on sampled tp)] |  MAPE 0.032715 | RMSE 100.871655 | MAE 7.916591 |
Epoch 0031 [Test seq (cond on sampled tp)] | MAPE 0.053015 | RMSE 380.675511| MAE 239.094783
0.06397023051977158,0.05282660201191902,0.04224829748272896
383.49193277042997,410.14140092168213,348.39319785624406
Experiment 09-03_19:01
Epoch 0032 [Train seq (cond on sampled tp)] | Loss 2033061.045091 | MAPE 0.067282 | RMSE 108.997106 | MAE 7.237581 | Likelihood -2033058.348369 | KL fp 2.6967 | FP STD 0.2877 | ->nfe   52.00 | <-nfe   52.00
Epoch 0032 [Val seq (cond on sampled tp)] |  MAPE 0.029262 | RMSE 93.549828 | MAE 7.348212 |
Epoch 0032 [Test seq (cond on sampled tp)] | MAPE 0.055060 | RMSE 364.754195| MAE 217.240682
0.06406493484973907,0.05025598406791687,0.05085785686969757
342.50914677567374,390.84701690687115,360.9064218221948
Experiment 09-03_19:01
Epoch 0033 [Train seq (cond on sampled tp)] | Loss 1988135.201359 | MAPE 0.048837 | RMSE 100.872615 | MAE 6.439151 | Likelihood -1988132.696044 | KL fp 2.5053 | FP STD 0.3523 | ->nfe   52.00 | <-nfe   52.00
Epoch 0033 [Val seq (cond on sampled tp)] |  MAPE 0.030064 | RMSE 88.411433 | MAE 7.334524 |
Epoch 0033 [Test seq (cond on sampled tp)] | MAPE 0.048448 | RMSE 337.373217| MAE 200.914169
0.05318203940987587,0.0454472154378891,0.04671480879187584
322.1507071620362,354.8560667721492,335.1128774383342
Experiment 09-03_19:01
Epoch 0034 [Train seq (cond on sampled tp)] | Loss 1977822.428766 | MAPE 0.064267 | RMSE 101.191154 | MAE 6.423508 | Likelihood -1977819.813502 | KL fp 2.6153 | FP STD 0.2923 | ->nfe   52.00 | <-nfe   52.00
Epoch 0034 [Val seq (cond on sampled tp)] |  MAPE 0.028332 | RMSE 90.453804 | MAE 7.296056 |
Epoch 0034 [Test seq (cond on sampled tp)] | MAPE 0.053737 | RMSE 315.507685| MAE 199.672089
0.054864175617694855,0.05385714769363403,0.052490606904029846
309.75557400150205,304.4246366097856,332.3428434989988
Experiment 09-03_19:01
Epoch 0035 [Train seq (cond on sampled tp)] | Loss 1913100.968400 | MAPE 0.060639 | RMSE 90.145754 | MAE 6.349082 | Likelihood -1913098.280297 | KL fp 2.6881 | FP STD 0.2675 | ->nfe   52.00 | <-nfe   52.00
Epoch 0035 [Val seq (cond on sampled tp)] |  MAPE 0.031935 | RMSE 95.531986 | MAE 7.446791 |
Epoch 0035 [Test seq (cond on sampled tp)] | MAPE 0.053726 | RMSE 311.837243| MAE 204.733515
0.060716837644577026,0.05589761584997177,0.04456459358334541
296.33742117306076,341.08851490485574,298.0857940677482
Experiment 09-03_19:01
Epoch 0036 [Train seq (cond on sampled tp)] | Loss 1943185.635637 | MAPE 0.068540 | RMSE 96.219897 | MAE 7.058827 | Likelihood -1943182.877512 | KL fp 2.7581 | FP STD 0.2929 | ->nfe   52.00 | <-nfe   52.00
Epoch 0036 [Val seq (cond on sampled tp)] |  MAPE 0.033983 | RMSE 102.608013 | MAE 7.830963 |
Epoch 0036 [Test seq (cond on sampled tp)] | MAPE 0.060769 | RMSE 307.311722| MAE 206.327525
0.07247059047222137,0.05837003514170647,0.05146782845258713
315.0751894389655,328.18101902760924,278.67895675400393
Experiment 09-03_19:01
Epoch 0037 [Train seq (cond on sampled tp)] | Loss 1954305.437387 | MAPE 0.051697 | RMSE 97.720925 | MAE 6.712437 | Likelihood -1954302.944370 | KL fp 2.4930 | FP STD 0.3043 | ->nfe   52.00 | <-nfe   52.00
Epoch 0037 [Val seq (cond on sampled tp)] |  MAPE 0.047699 | RMSE 93.862308 | MAE 7.479785 |
Epoch 0037 [Test seq (cond on sampled tp)] | MAPE 0.054490 | RMSE 303.149522| MAE 196.003215
0.05122929438948631,0.05479758232831955,0.05744461715221405
289.3881881444023,326.3593327338748,293.7010464528514
Experiment 09-03_19:01
Epoch 0038 [Train seq (cond on sampled tp)] | Loss 2059876.023942 | MAPE 0.130914 | RMSE 110.857765 | MAE 7.459991 | Likelihood -2059873.173259 | KL fp 2.8507 | FP STD 0.2465 | ->nfe   52.00 | <-nfe   52.00
Epoch 0038 [Val seq (cond on sampled tp)] |  MAPE 0.030526 | RMSE 103.539036 | MAE 8.020863 |
Epoch 0038 [Test seq (cond on sampled tp)] | MAPE 0.055629 | RMSE 317.636039| MAE 221.487946
0.06258068233728409,0.055657368153333664,0.04864904284477234
288.5328593722039,337.0163316702916,327.3589271541254
Experiment 09-03_19:01
Epoch 0039 [Train seq (cond on sampled tp)] | Loss 1980026.369356 | MAPE 0.140439 | RMSE 101.816483 | MAE 7.541049 | Likelihood -1980023.511653 | KL fp 2.8577 | FP STD 0.3213 | ->nfe   52.00 | <-nfe   52.00
Epoch 0039 [Val seq (cond on sampled tp)] |  MAPE 0.031019 | RMSE 105.480833 | MAE 8.171882 |
Epoch 0039 [Test seq (cond on sampled tp)] | MAPE 0.053525 | RMSE 296.832853| MAE 206.723989
0.06416724622249603,0.05286228656768799,0.0435439832508564
287.43337543246435,302.1306758879343,300.9345080328941
Experiment 09-03_19:01
Epoch 0040 [Train seq (cond on sampled tp)] | Loss 1939701.315832 | MAPE 0.050250 | RMSE 95.596206 | MAE 6.859704 | Likelihood -1939698.455694 | KL fp 2.8601 | FP STD 0.2723 | ->nfe   52.00 | <-nfe   52.00
Epoch 0040 [Val seq (cond on sampled tp)] |  MAPE 0.036104 | RMSE 92.456134 | MAE 7.536681 |
Epoch 0040 [Test seq (cond on sampled tp)] | MAPE 0.061029 | RMSE 263.239080| MAE 177.042750
0.05777570232748985,0.055533330887556076,0.069778673350811
214.01623587651008,283.43612871774127,292.26487611839366
Experiment 09-03_19:01
Epoch 0041 [Train seq (cond on sampled tp)] | Loss 1921751.659809 | MAPE 0.051145 | RMSE 91.029998 | MAE 6.598174 | Likelihood -1921749.017069 | KL fp 2.6427 | FP STD 0.2993 | ->nfe   52.00 | <-nfe   52.00
Epoch 0041 [Val seq (cond on sampled tp)] |  MAPE 0.039269 | RMSE 116.438649 | MAE 8.228872 |
Epoch 0041 [Test seq (cond on sampled tp)] | MAPE 0.062818 | RMSE 290.038702| MAE 196.057933
0.06161182373762131,0.057725485414266586,0.06911711394786835
266.7158629750019,286.9311491891391,316.46909406765144
Experiment 09-03_19:01
Epoch 0042 [Train seq (cond on sampled tp)] | Loss 1971761.264106 | MAPE 0.141731 | RMSE 99.886031 | MAE 7.426034 | Likelihood -1971758.087996 | KL fp 3.1761 | FP STD 0.2748 | ->nfe   52.00 | <-nfe   52.00
Epoch 0042 [Val seq (cond on sampled tp)] |  MAPE 0.032111 | RMSE 112.282950 | MAE 8.501900 |
Epoch 0042 [Test seq (cond on sampled tp)] | MAPE 0.057689 | RMSE 357.141503| MAE 231.263443
0.07134947925806046,0.061070580035448074,0.04064634069800377
363.53178592112135,378.7343849916456,329.1583371836418
Experiment 09-03_19:01
Epoch 0043 [Train seq (cond on sampled tp)] | Loss 2033674.999999 | MAPE 0.041386 | RMSE 110.995715 | MAE 6.951104 | Likelihood -2033672.252372 | KL fp 2.7476 | FP STD 0.2512 | ->nfe   52.00 | <-nfe   52.00
Epoch 0043 [Val seq (cond on sampled tp)] |  MAPE 0.033196 | RMSE 108.786362 | MAE 8.136722 |
Epoch 0043 [Test seq (cond on sampled tp)] | MAPE 0.061190 | RMSE 304.397404| MAE 200.600444
0.06365003436803818,0.060801029205322266,0.05911809206008911
285.2117497360514,321.6209677166587,306.3594957317302
Experiment 09-03_19:01
Epoch 0044 [Train seq (cond on sampled tp)] | Loss 1949082.442854 | MAPE 0.038503 | RMSE 95.461302 | MAE 6.610639 | Likelihood -1949079.642688 | KL fp 2.8002 | FP STD 0.2537 | ->nfe   52.00 | <-nfe   52.00
Epoch 0044 [Val seq (cond on sampled tp)] |  MAPE 0.044288 | RMSE 102.149257 | MAE 7.825542 |
Epoch 0044 [Test seq (cond on sampled tp)] | MAPE 0.069657 | RMSE 315.965785| MAE 203.443705
0.0784413143992424,0.06456859409809113,0.06596191972494125
299.60237972602954,318.010735864373,330.28424074953983
Experiment 09-03_19:01
Epoch 0045 [Train seq (cond on sampled tp)] | Loss 1967159.604701 | MAPE 0.110242 | RMSE 99.425839 | MAE 7.135233 | Likelihood -1967156.485283 | KL fp 3.1194 | FP STD 0.2599 | ->nfe   52.00 | <-nfe   52.00
Epoch 0045 [Val seq (cond on sampled tp)] |  MAPE 0.036798 | RMSE 116.650637 | MAE 8.099271 |
Epoch 0045 [Test seq (cond on sampled tp)] | MAPE 0.058377 | RMSE 368.116727| MAE 244.301483
0.0697527676820755,0.057268500328063965,0.04811031371355057
378.62027481369773,394.19401552408175,331.53589077956553
Experiment 09-03_19:01
Epoch 0046 [Train seq (cond on sampled tp)] | Loss 2041728.902024 | MAPE 0.069721 | RMSE 110.495333 | MAE 7.800431 | Likelihood -2041726.169760 | KL fp 2.7323 | FP STD 0.3331 | ->nfe   52.00 | <-nfe   52.00
Epoch 0046 [Val seq (cond on sampled tp)] |  MAPE 0.043854 | RMSE 105.604926 | MAE 7.855486 |
Epoch 0046 [Test seq (cond on sampled tp)] | MAPE 0.060676 | RMSE 288.441280| MAE 183.863734
0.06441479176282883,0.05806536227464676,0.05954809859395027
273.2341458117927,299.3790318100117,292.7106613193308
Experiment 09-03_19:01
Epoch 0047 [Train seq (cond on sampled tp)] | Loss 1908419.560887 | MAPE 0.051490 | RMSE 89.515611 | MAE 6.355377 | Likelihood -1908417.215856 | KL fp 2.3450 | FP STD 0.3548 | ->nfe   52.00 | <-nfe   52.00
Epoch 0047 [Val seq (cond on sampled tp)] |  MAPE 0.037979 | RMSE 95.096174 | MAE 7.633068 |
Epoch 0047 [Test seq (cond on sampled tp)] | MAPE 0.051427 | RMSE 276.323296| MAE 185.472605
0.04946425184607506,0.05593632534146309,0.04888063296675682
246.6181020956288,292.73142554225365,289.6203603426389
Experiment 09-03_19:01
Epoch 0048 [Train seq (cond on sampled tp)] | Loss 1933408.145691 | MAPE 0.131366 | RMSE 95.642953 | MAE 6.961409 | Likelihood -1933404.991761 | KL fp 3.1539 | FP STD 0.2395 | ->nfe   52.00 | <-nfe   52.00
Epoch 0048 [Val seq (cond on sampled tp)] |  MAPE 0.027971 | RMSE 96.840700 | MAE 7.743086 |
Epoch 0048 [Test seq (cond on sampled tp)] | MAPE 0.054205 | RMSE 295.455910| MAE 198.361460
0.06040855124592781,0.05596618354320526,0.0462411493062973
274.8203958952101,337.2974623755714,274.24987180945044
Experiment 09-03_19:01
Epoch 0049 [Train seq (cond on sampled tp)] | Loss 1935450.541224 | MAPE 0.064556 | RMSE 95.045522 | MAE 6.743426 | Likelihood -1935447.864393 | KL fp 2.6768 | FP STD 0.3386 | ->nfe   52.00 | <-nfe   52.00
Epoch 0049 [Val seq (cond on sampled tp)] |  MAPE 0.029122 | RMSE 100.916324 | MAE 7.735778 |
Epoch 0049 [Test seq (cond on sampled tp)] | MAPE 0.051447 | RMSE 282.969837| MAE 187.474803
0.057046107947826385,0.054144371300935745,0.043151501566171646
278.83394195739515,292.52689513102894,277.5486725333054
Experiment 09-03_19:01
Epoch 0050 [Train seq (cond on sampled tp)] | Loss 1890326.648492 | MAPE 0.049855 | RMSE 87.564576 | MAE 6.299105 | Likelihood -1890323.886131 | KL fp 2.7624 | FP STD 0.3311 | ->nfe   52.00 | <-nfe   52.00
Epoch 0050 [Val seq (cond on sampled tp)] |  MAPE 0.038262 | RMSE 101.986030 | MAE 7.664641 |
Epoch 0050 [Test seq (cond on sampled tp)] | MAPE 0.062757 | RMSE 333.266345| MAE 207.204773
0.07031624764204025,0.0627247765660286,0.05522991716861725
348.9511068903493,337.58519757981094,313.2627316846037
Experiment 09-03_19:01
Epoch 0051 [Train seq (cond on sampled tp)] | Loss 1947036.271115 | MAPE 0.070116 | RMSE 93.976454 | MAE 6.399818 | Likelihood -1947033.654015 | KL fp 2.6171 | FP STD 0.3069 | ->nfe   52.00 | <-nfe   52.00
Epoch 0051 [Val seq (cond on sampled tp)] |  MAPE 0.028531 | RMSE 90.361314 | MAE 7.470206 |
Epoch 0051 [Test seq (cond on sampled tp)] | MAPE 0.049119 | RMSE 293.931471| MAE 184.342987
0.04428548365831375,0.05594167485833168,0.047130558639764786
266.348147989619,314.46913352108186,300.9771326446579
Experiment 09-03_19:01
Epoch 0052 [Train seq (cond on sampled tp)] | Loss 1905713.686308 | MAPE 0.065581 | RMSE 88.054338 | MAE 6.328574 | Likelihood -1905710.874225 | KL fp 2.8121 | FP STD 0.2833 | ->nfe   52.00 | <-nfe   52.00
Epoch 0052 [Val seq (cond on sampled tp)] |  MAPE 0.040157 | RMSE 89.455048 | MAE 7.448039 |
Epoch 0052 [Test seq (cond on sampled tp)] | MAPE 0.061367 | RMSE 289.424622| MAE 185.481059
0.06295771151781082,0.0590331070125103,0.0621095634996891
255.35974165136133,315.0461151760167,297.8680103040607
Experiment 09-03_19:01
Epoch 0053 [Train seq (cond on sampled tp)] | Loss 1933646.547592 | MAPE 0.068556 | RMSE 94.968309 | MAE 6.600402 | Likelihood -1933643.304140 | KL fp 3.2435 | FP STD 0.2022 | ->nfe   52.00 | <-nfe   52.00
Epoch 0053 [Val seq (cond on sampled tp)] |  MAPE 0.038642 | RMSE 118.462530 | MAE 8.406884 |
Epoch 0053 [Test seq (cond on sampled tp)] | MAPE 0.058049 | RMSE 349.593041| MAE 225.716604
0.0730970948934555,0.058092739433050156,0.04295624792575836
353.2523995849144,363.8363084891336,331.69041476955584
Experiment 09-03_19:01
Epoch 0054 [Train seq (cond on sampled tp)] | Loss 1999303.699343 | MAPE 0.072561 | RMSE 104.950875 | MAE 7.177296 | Likelihood -1999301.031916 | KL fp 2.6674 | FP STD 0.2615 | ->nfe   52.00 | <-nfe   52.00
Epoch 0054 [Val seq (cond on sampled tp)] |  MAPE 0.037396 | RMSE 104.362401 | MAE 7.892774 |
Epoch 0054 [Test seq (cond on sampled tp)] | MAPE 0.058002 | RMSE 308.731638| MAE 197.827189
0.06465952843427658,0.05484151095151901,0.054505832493305206
307.91628326543565,315.3862711025957,302.8923591806172
Experiment 09-03_19:01
Epoch 0055 [Train seq (cond on sampled tp)] | Loss 1917626.303703 | MAPE 0.071998 | RMSE 91.779421 | MAE 6.659225 | Likelihood -1917623.524616 | KL fp 2.7791 | FP STD 0.2827 | ->nfe   52.00 | <-nfe   52.00
Epoch 0055 [Val seq (cond on sampled tp)] |  MAPE 0.028324 | RMSE 103.988548 | MAE 7.817576 |
Epoch 0055 [Test seq (cond on sampled tp)] | MAPE 0.051426 | RMSE 295.150723| MAE 195.264603
0.057753197848796844,0.05379854887723923,0.042726676911115646
284.56457966514387,322.859767836595,278.02782010079494
Experiment 09-03_19:01
Epoch 0056 [Train seq (cond on sampled tp)] | Loss 1888278.081969 | MAPE 0.068681 | RMSE 85.890350 | MAE 6.307545 | Likelihood -1888275.089609 | KL fp 2.9924 | FP STD 0.2471 | ->nfe   52.00 | <-nfe   52.00
Epoch 0056 [Val seq (cond on sampled tp)] |  MAPE 0.033778 | RMSE 93.856590 | MAE 7.434693 |
Epoch 0056 [Test seq (cond on sampled tp)] | MAPE 0.043811 | RMSE 273.120983| MAE 185.029968
0.04994823783636093,0.041395481675863266,0.04008965566754341
276.77694369744745,278.20998701520404,264.37601950158034
0.04994823783636093,0.041395481675863266,0.04008965566754341
276.77694369744745,278.20998701520404,264.37601950158034
Epoch 0056 [Test seq (cond on sampled tp)] | Best Test MAPE 0.043811|Best Test RMSE 273.120983|Best Test MAE 185.029968
Experiment 09-03_19:01
Epoch 0057 [Train seq (cond on sampled tp)] | Loss 1923132.350050 | MAPE 0.090519 | RMSE 91.768582 | MAE 6.568213 | Likelihood -1923129.265552 | KL fp 3.0845 | FP STD 0.2460 | ->nfe   52.00 | <-nfe   52.00
Epoch 0057 [Val seq (cond on sampled tp)] |  MAPE 0.032399 | RMSE 110.735807 | MAE 8.277176 |
Epoch 0057 [Test seq (cond on sampled tp)] | MAPE 0.054095 | RMSE 283.310195| MAE 193.856949
0.06700513511896133,0.053283002227544785,0.04199748858809471
293.66373733404674,288.3762732958452,267.89057350903556
Experiment 09-03_19:01
Epoch 0058 [Train seq (cond on sampled tp)] | Loss 1926323.368993 | MAPE 0.081859 | RMSE 92.185156 | MAE 6.918368 | Likelihood -1926320.453075 | KL fp 2.9159 | FP STD 0.3083 | ->nfe   52.00 | <-nfe   52.00
Epoch 0058 [Val seq (cond on sampled tp)] |  MAPE 0.033409 | RMSE 122.420438 | MAE 8.518629 |
Epoch 0058 [Test seq (cond on sampled tp)] | MAPE 0.058591 | RMSE 335.409649| MAE 220.992396
0.07122981548309326,0.05585702136158943,0.048684749752283096
385.02792106547287,335.9998488652934,285.20117625546357
Experiment 09-03_19:01
Epoch 0059 [Train seq (cond on sampled tp)] | Loss 1946272.252372 | MAPE 0.049503 | RMSE 97.814573 | MAE 6.718465 | Likelihood -1946269.389812 | KL fp 2.8626 | FP STD 0.2714 | ->nfe   52.00 | <-nfe   52.00
Epoch 0059 [Val seq (cond on sampled tp)] |  MAPE 0.032268 | RMSE 99.670267 | MAE 7.565749 |
Epoch 0059 [Test seq (cond on sampled tp)] | MAPE 0.042638 | RMSE 283.007468| MAE 177.617594
0.040767550468444824,0.04329315200448036,0.04385478049516678
281.7465893759852,283.4540031027962,283.8218108470524
0.040767550468444824,0.04329315200448036,0.04385478049516678
281.7465893759852,283.4540031027962,283.8218108470524
Epoch 0059 [Test seq (cond on sampled tp)] | Best Test MAPE 0.042638|Best Test RMSE 283.007468|Best Test MAE 177.617594
Experiment 09-03_19:01
Epoch 0060 [Train seq (cond on sampled tp)] | Loss 1893458.162766 | MAPE 0.111014 | RMSE 86.423345 | MAE 6.331131 | Likelihood -1893455.158111 | KL fp 3.0047 | FP STD 0.2398 | ->nfe   52.00 | <-nfe   52.00
Epoch 0060 [Val seq (cond on sampled tp)] |  MAPE 0.041420 | RMSE 106.311035 | MAE 7.772250 |
Epoch 0060 [Test seq (cond on sampled tp)] | MAPE 0.048503 | RMSE 322.229771| MAE 197.044108
0.05824561417102814,0.048950985074043274,0.03831140324473381
342.0341151661629,329.97669188519967,294.6785059603092
Experiment 09-03_19:01
Epoch 0061 [Train seq (cond on sampled tp)] | Loss 1891803.798448 | MAPE 0.142094 | RMSE 88.016392 | MAE 6.456599 | Likelihood -1891800.553222 | KL fp 3.2452 | FP STD 0.2262 | ->nfe   52.00 | <-nfe   52.00
Epoch 0061 [Val seq (cond on sampled tp)] |  MAPE 0.044232 | RMSE 100.730176 | MAE 7.712452 |
Epoch 0061 [Test seq (cond on sampled tp)] | MAPE 0.059512 | RMSE 324.794703| MAE 200.176051
0.05563700571656227,0.062175214290618896,0.06072414666414261
322.7058814733627,334.0209574263268,317.6572691203524
Experiment 09-03_19:01
Epoch 0062 [Train seq (cond on sampled tp)] | Loss 1922725.991199 | MAPE 0.101123 | RMSE 92.649401 | MAE 6.769742 | Likelihood -1922722.967200 | KL fp 3.0240 | FP STD 0.2380 | ->nfe   52.00 | <-nfe   52.00
Epoch 0062 [Val seq (cond on sampled tp)] |  MAPE 0.036858 | RMSE 102.274738 | MAE 8.061821 |
Epoch 0062 [Test seq (cond on sampled tp)] | MAPE 0.055503 | RMSE 289.418611| MAE 179.078974
0.06183981895446777,0.05477876216173172,0.04989100247621536
276.8515932544005,312.6993114399199,278.7049290916829
Experiment 09-03_19:01
Epoch 0063 [Train seq (cond on sampled tp)] | Loss 1927943.081093 | MAPE 0.058556 | RMSE 92.033879 | MAE 6.773887 | Likelihood -1927940.016141 | KL fp 3.0650 | FP STD 0.2717 | ->nfe   52.00 | <-nfe   52.00
Epoch 0063 [Val seq (cond on sampled tp)] |  MAPE 0.036902 | RMSE 88.244486 | MAE 7.392551 |
Epoch 0063 [Test seq (cond on sampled tp)] | MAPE 0.054980 | RMSE 254.386178| MAE 165.394816
0.06311154365539551,0.05115656554698944,0.050672583281993866
240.11582491581015,277.1504414347919,245.89226871233672
Experiment 09-03_19:01
Epoch 0064 [Train seq (cond on sampled tp)] | Loss 1906393.271927 | MAPE 0.073538 | RMSE 89.642195 | MAE 6.452974 | Likelihood -1906390.128415 | KL fp 3.1435 | FP STD 0.2876 | ->nfe   52.00 | <-nfe   52.00
Epoch 0064 [Val seq (cond on sampled tp)] |  MAPE 0.051307 | RMSE 109.282760 | MAE 7.877678 |
Epoch 0064 [Test seq (cond on sampled tp)] | MAPE 0.071713 | RMSE 318.831474| MAE 205.161560
0.08564893901348114,0.06516848504543304,0.06432115286588669
331.04158537863486,342.60415843214747,282.8486786251617
Experiment 09-03_19:01
Epoch 0065 [Train seq (cond on sampled tp)] | Loss 1942598.188447 | MAPE 0.133891 | RMSE 95.925195 | MAE 6.863856 | Likelihood -1942594.611844 | KL fp 3.5766 | FP STD 0.1987 | ->nfe   52.00 | <-nfe   52.00
Epoch 0065 [Val seq (cond on sampled tp)] |  MAPE 0.030801 | RMSE 96.617713 | MAE 8.004183 |
Epoch 0065 [Test seq (cond on sampled tp)] | MAPE 0.050746 | RMSE 264.512734| MAE 178.297897
0.05636671558022499,0.04955434799194336,0.046315889805555344
231.73576513725715,275.70904330924657,286.09339329579075
Experiment 09-03_19:01
Epoch 0066 [Train seq (cond on sampled tp)] | Loss 1947078.118332 | MAPE 0.085643 | RMSE 97.242093 | MAE 6.914706 | Likelihood -1947074.777744 | KL fp 3.3406 | FP STD 0.2800 | ->nfe   52.00 | <-nfe   52.00
Epoch 0066 [Val seq (cond on sampled tp)] |  MAPE 0.031275 | RMSE 117.601049 | MAE 8.295234 |
Epoch 0066 [Test seq (cond on sampled tp)] | MAPE 0.053025 | RMSE 373.321802| MAE 242.002268
0.0627913624048233,0.05665818974375725,0.03962467238306999
399.8483110818401,401.4060054981739,318.71108831118505
Experiment 09-03_19:01
Epoch 0067 [Train seq (cond on sampled tp)] | Loss 2016434.168875 | MAPE 0.078081 | RMSE 107.536709 | MAE 6.980177 | Likelihood -2016431.189240 | KL fp 2.9796 | FP STD 0.2981 | ->nfe   52.00 | <-nfe   52.00
Epoch 0067 [Val seq (cond on sampled tp)] |  MAPE 0.057165 | RMSE 111.984941 | MAE 8.264793 |
Epoch 0067 [Test seq (cond on sampled tp)] | MAPE 0.070106 | RMSE 294.093935| MAE 198.008967
0.07485418766736984,0.0649590790271759,0.07050563395023346
290.974668678392,293.449487241842,297.85765004024995
Experiment 09-03_19:01
Epoch 0068 [Train seq (cond on sampled tp)] | Loss 1986316.300799 | MAPE 0.129115 | RMSE 101.171591 | MAE 7.105160 | Likelihood -1986312.733922 | KL fp 3.5669 | FP STD 0.2330 | ->nfe   52.00 | <-nfe   52.00
Epoch 0068 [Val seq (cond on sampled tp)] |  MAPE 0.040348 | RMSE 123.936192 | MAE 8.448540 |
Epoch 0068 [Test seq (cond on sampled tp)] | MAPE 0.062162 | RMSE 380.354247| MAE 249.447403
0.07622537016868591,0.06035568192601204,0.04990510269999504
408.43751434582987,405.0340649254085,327.5911609766051
Experiment 09-03_19:01
Epoch 0069 [Train seq (cond on sampled tp)] | Loss 1986687.718331 | MAPE 0.097400 | RMSE 102.171238 | MAE 6.999789 | Likelihood -1986684.604016 | KL fp 3.1143 | FP STD 0.3234 | ->nfe   52.00 | <-nfe   52.00
Epoch 0069 [Val seq (cond on sampled tp)] |  MAPE 0.034502 | RMSE 110.691700 | MAE 8.160784 |
Epoch 0069 [Test seq (cond on sampled tp)] | MAPE 0.057103 | RMSE 338.763641| MAE 222.836599
0.06843601912260056,0.059164438396692276,0.043708544224500656
331.3995299295097,366.2270897271255,318.66430220531447
Experiment 09-03_19:01
Epoch 0070 [Train seq (cond on sampled tp)] | Loss 1956365.858022 | MAPE 0.067872 | RMSE 98.482853 | MAE 6.602073 | Likelihood -1956362.885451 | KL fp 2.9726 | FP STD 0.4003 | ->nfe   52.00 | <-nfe   52.00
Epoch 0070 [Val seq (cond on sampled tp)] |  MAPE 0.031722 | RMSE 95.948584 | MAE 7.764320 |
Epoch 0070 [Test seq (cond on sampled tp)] | MAPE 0.049414 | RMSE 305.859342| MAE 200.381266
0.057866714894771576,0.051058199256658554,0.03931652754545212
284.9375205637194,358.3763624843302,274.26414332263704
Experiment 09-03_19:01
Epoch 0071 [Train seq (cond on sampled tp)] | Loss 1955891.514081 | MAPE 0.079479 | RMSE 96.646568 | MAE 6.486621 | Likelihood -1955888.479648 | KL fp 3.0344 | FP STD 0.3329 | ->nfe   52.00 | <-nfe   52.00
Epoch 0071 [Val seq (cond on sampled tp)] |  MAPE 0.042372 | RMSE 98.237346 | MAE 7.572166 |
Epoch 0071 [Test seq (cond on sampled tp)] | MAPE 0.048049 | RMSE 325.716808| MAE 192.293299
0.052842095494270325,0.048769719898700714,0.042536601424217224
331.4067082151476,330.6564021004281,315.08731428764315
Experiment 09-03_19:01
Epoch 0072 [Train seq (cond on sampled tp)] | Loss 2010536.746187 | MAPE 0.180141 | RMSE 104.991745 | MAE 7.426183 | Likelihood -2010533.684861 | KL fp 3.0613 | FP STD 0.3715 | ->nfe   52.00 | <-nfe   52.00
Epoch 0072 [Val seq (cond on sampled tp)] |  MAPE 0.035380 | RMSE 120.680832 | MAE 8.634282 |
Epoch 0072 [Test seq (cond on sampled tp)] | MAPE 0.058834 | RMSE 329.557938| MAE 232.855703
0.06813701242208481,0.06628568470478058,0.04207843542098999
338.65787492689435,376.01662197301863,273.99931569257615
Experiment 09-03_19:01
Epoch 0073 [Train seq (cond on sampled tp)] | Loss 1927865.282074 | MAPE 0.110160 | RMSE 93.850809 | MAE 6.562487 | Likelihood -1927862.047247 | KL fp 3.2348 | FP STD 0.3442 | ->nfe   52.00 | <-nfe   52.00
Epoch 0073 [Val seq (cond on sampled tp)] |  MAPE 0.038800 | RMSE 106.264838 | MAE 7.716326 |
Epoch 0073 [Test seq (cond on sampled tp)] | MAPE 0.051113 | RMSE 319.029651| MAE 209.841304
0.059562165290117264,0.057044923305511475,0.036731719970703125
328.5898968509227,341.17091574458686,287.32814156900815
Experiment 09-03_19:01
Epoch 0074 [Train seq (cond on sampled tp)] | Loss 1918787.540623 | MAPE 0.133427 | RMSE 91.999417 | MAE 6.539615 | Likelihood -1918784.362738 | KL fp 3.1779 | FP STD 0.3267 | ->nfe   52.00 | <-nfe   52.00
Epoch 0074 [Val seq (cond on sampled tp)] |  MAPE 0.033158 | RMSE 98.194989 | MAE 7.480342 |
Epoch 0074 [Test seq (cond on sampled tp)] | MAPE 0.059598 | RMSE 300.363140| MAE 189.881129
0.0656982883810997,0.051559943705797195,0.06153691187500954
292.68308906563084,299.06784869825105,309.3384826933112
Experiment 09-03_19:01
Epoch 0075 [Train seq (cond on sampled tp)] | Loss 1933063.596118 | MAPE 0.093628 | RMSE 94.694794 | MAE 6.667911 | Likelihood -1933060.392605 | KL fp 3.2035 | FP STD 0.3376 | ->nfe   52.00 | <-nfe   52.00
Epoch 0075 [Val seq (cond on sampled tp)] |  MAPE 0.040585 | RMSE 105.189004 | MAE 7.871874 |
Epoch 0075 [Test seq (cond on sampled tp)] | MAPE 0.052787 | RMSE 299.008703| MAE 193.614365
0.06302626430988312,0.047720931470394135,0.04761260747909546
302.55038320088113,330.1181606637236,264.3575644368816
Experiment 09-03_19:01
Epoch 0076 [Train seq (cond on sampled tp)] | Loss 1947815.569552 | MAPE 0.121645 | RMSE 96.092284 | MAE 7.006478 | Likelihood -1947812.261788 | KL fp 3.3078 | FP STD 0.2860 | ->nfe   52.00 | <-nfe   52.00
Epoch 0076 [Val seq (cond on sampled tp)] |  MAPE 0.076476 | RMSE 122.206564 | MAE 8.548635 |
Epoch 0076 [Test seq (cond on sampled tp)] | MAPE 0.093585 | RMSE 363.452165| MAE 235.457784
0.09910722821950912,0.09905485808849335,0.08259405195713043
388.3227555783977,413.2012977956386,288.8324422351132
Experiment 09-03_19:01
Epoch 0077 [Train seq (cond on sampled tp)] | Loss 1960848.212782 | MAPE 0.199706 | RMSE 97.030785 | MAE 7.256139 | Likelihood -1960845.567674 | KL fp 2.6451 | FP STD 0.4859 | ->nfe   52.00 | <-nfe   52.00
Epoch 0077 [Val seq (cond on sampled tp)] |  MAPE 0.054669 | RMSE 99.654011 | MAE 8.238725 |
Epoch 0077 [Test seq (cond on sampled tp)] | MAPE 0.062266 | RMSE 261.298167| MAE 189.502452
0.06564962863922119,0.06649123877286911,0.05465586110949516
281.0179459349527,249.39017027792013,253.48638554417474
Experiment 09-03_19:01
Epoch 0078 [Train seq (cond on sampled tp)] | Loss 1937382.322482 | MAPE 0.194468 | RMSE 94.305152 | MAE 7.159198 | Likelihood -1937378.592011 | KL fp 3.7305 | FP STD 0.2419 | ->nfe   52.00 | <-nfe   52.00
Epoch 0078 [Val seq (cond on sampled tp)] |  MAPE 0.052541 | RMSE 117.297623 | MAE 8.411584 |
Epoch 0078 [Test seq (cond on sampled tp)] | MAPE 0.055363 | RMSE 372.382305| MAE 238.492111
0.06248844042420387,0.055555932223796844,0.048043664544820786
385.07706209277126,411.1856142607618,320.88423973841407
Experiment 09-03_19:01
Epoch 0079 [Train seq (cond on sampled tp)] | Loss 2041331.472204 | MAPE 0.229538 | RMSE 110.885984 | MAE 7.686312 | Likelihood -2041328.011419 | KL fp 3.4608 | FP STD 0.2738 | ->nfe   52.00 | <-nfe   52.00
Epoch 0079 [Val seq (cond on sampled tp)] |  MAPE 0.046738 | RMSE 102.754291 | MAE 8.151647 |
Epoch 0079 [Test seq (cond on sampled tp)] | MAPE 0.056202 | RMSE 280.405157| MAE 194.060832
0.06378044188022614,0.05567190423607826,0.04915386065840721
314.71869880100866,286.57964098135096,239.91713250360007
Experiment 09-03_19:01
Epoch 0080 [Train seq (cond on sampled tp)] | Loss 1934039.075299 | MAPE 0.127040 | RMSE 93.971390 | MAE 7.053923 | Likelihood -1934035.810028 | KL fp 3.2653 | FP STD 0.3994 | ->nfe   52.00 | <-nfe   52.00
Epoch 0080 [Val seq (cond on sampled tp)] |  MAPE 0.049456 | RMSE 97.908798 | MAE 8.208773 |
Epoch 0080 [Test seq (cond on sampled tp)] | MAPE 0.063749 | RMSE 250.013616| MAE 181.034877
0.07349397242069244,0.05841725319623947,0.05933672934770584
254.26789053329168,244.73302577758074,251.03993083770558
Experiment 09-03_19:01
Epoch 0081 [Train seq (cond on sampled tp)] | Loss 1908246.190092 | MAPE 0.150309 | RMSE 88.936802 | MAE 6.771340 | Likelihood -1908242.287332 | KL fp 3.9028 | FP STD 0.2754 | ->nfe   52.00 | <-nfe   52.00
Epoch 0081 [Val seq (cond on sampled tp)] |  MAPE 0.058165 | RMSE 102.245502 | MAE 7.784040 |
Epoch 0081 [Test seq (cond on sampled tp)] | MAPE 0.075299 | RMSE 293.584156| MAE 194.564234
0.07300260663032532,0.07276425510644913,0.08012925088405609
334.310005365529,292.57436287634636,253.86809905687244
Experiment 09-03_19:01
Epoch 0082 [Train seq (cond on sampled tp)] | Loss 1889174.658652 | MAPE 0.136158 | RMSE 87.535477 | MAE 6.676029 | Likelihood -1889170.683140 | KL fp 3.9755 | FP STD 0.2628 | ->nfe   52.00 | <-nfe   52.00
Epoch 0082 [Val seq (cond on sampled tp)] |  MAPE 0.041976 | RMSE 98.556922 | MAE 7.566907 |
Epoch 0082 [Test seq (cond on sampled tp)] | MAPE 0.054302 | RMSE 295.395941| MAE 183.709900
0.06431712210178375,0.049717873334884644,0.048871107399463654
322.4667255121061,284.27991542228233,279.44118343579925
Experiment 09-03_19:01
Epoch 0083 [Train seq (cond on sampled tp)] | Loss 1950893.287021 | MAPE 0.139875 | RMSE 97.622476 | MAE 7.252759 | Likelihood -1950889.432475 | KL fp 3.8545 | FP STD 0.3660 | ->nfe   52.00 | <-nfe   52.00
Epoch 0083 [Val seq (cond on sampled tp)] |  MAPE 0.065798 | RMSE 118.294550 | MAE 8.653195 |
Epoch 0083 [Test seq (cond on sampled tp)] | MAPE 0.060329 | RMSE 309.638859| MAE 205.060028
0.0699663832783699,0.06429953128099442,0.04672129824757576
303.2812999098362,329.6366489219607,295.9986275306019
Experiment 09-03_19:01
Epoch 0084 [Train seq (cond on sampled tp)] | Loss 1962257.279217 | MAPE 0.193186 | RMSE 98.841458 | MAE 7.342445 | Likelihood -1962253.636509 | KL fp 3.6427 | FP STD 0.4370 | ->nfe   52.00 | <-nfe   52.00
Epoch 0084 [Val seq (cond on sampled tp)] |  MAPE 0.055449 | RMSE 116.356734 | MAE 8.610258 |
Epoch 0084 [Test seq (cond on sampled tp)] | MAPE 0.060928 | RMSE 287.978076| MAE 197.692006
0.06956660747528076,0.057668380439281464,0.0555504709482193
288.72023656127743,291.2482698446465,283.96572196305664
Experiment 09-03_19:01
Epoch 0085 [Train seq (cond on sampled tp)] | Loss 1949379.730526 | MAPE 0.244106 | RMSE 96.129544 | MAE 7.361445 | Likelihood -1949375.690073 | KL fp 4.0405 | FP STD 0.3186 | ->nfe   52.00 | <-nfe   52.00
Epoch 0085 [Val seq (cond on sampled tp)] |  MAPE 0.050822 | RMSE 108.908102 | MAE 8.360578 |
Epoch 0085 [Test seq (cond on sampled tp)] | MAPE 0.050058 | RMSE 288.906547| MAE 196.257879
0.0503360740840435,0.052583593875169754,0.0472555048763752
299.03216277684913,292.5225418664346,275.164936333647
Experiment 09-03_19:01
Epoch 0086 [Train seq (cond on sampled tp)] | Loss 1944597.227055 | MAPE 0.191585 | RMSE 96.199709 | MAE 7.224677 | Likelihood -1944593.181319 | KL fp 4.0457 | FP STD 0.2912 | ->nfe   52.00 | <-nfe   52.00
Epoch 0086 [Val seq (cond on sampled tp)] |  MAPE 0.029148 | RMSE 109.654171 | MAE 8.190412 |
Epoch 0086 [Test seq (cond on sampled tp)] | MAPE 0.055460 | RMSE 311.504634| MAE 211.493993
0.06939909607172012,0.05383942648768425,0.043140631169080734
340.6795369184947,317.13810575993546,276.6962600262244
Experiment 09-03_19:01
Epoch 0087 [Train seq (cond on sampled tp)] | Loss 1958808.514387 | MAPE 0.082225 | RMSE 99.000727 | MAE 7.024594 | Likelihood -1958804.652686 | KL fp 3.8617 | FP STD 0.3850 | ->nfe   52.00 | <-nfe   52.00
Epoch 0087 [Val seq (cond on sampled tp)] |  MAPE 0.034373 | RMSE 109.301212 | MAE 8.331437 |
Epoch 0087 [Test seq (cond on sampled tp)] | MAPE 0.054526 | RMSE 287.947662| MAE 193.648956
0.06140124052762985,0.057931091636419296,0.04424557462334633
281.17615697281303,325.03514233079477,257.63168659444824
Experiment 09-03_19:01
Epoch 0088 [Train seq (cond on sampled tp)] | Loss 1923858.013988 | MAPE 0.088989 | RMSE 91.631157 | MAE 6.875698 | Likelihood -1923854.032798 | KL fp 3.9812 | FP STD 0.4772 | ->nfe   52.00 | <-nfe   52.00
Epoch 0088 [Val seq (cond on sampled tp)] |  MAPE 0.030838 | RMSE 99.494621 | MAE 7.697279 |
Epoch 0088 [Test seq (cond on sampled tp)] | MAPE 0.051113 | RMSE 284.014317| MAE 198.629278
0.05932481586933136,0.05423055589199066,0.03978380560874939
298.43682591546906,293.96925328169954,259.63687081672356
Experiment 09-03_19:01
Epoch 0089 [Train seq (cond on sampled tp)] | Loss 1924667.558131 | MAPE 0.109914 | RMSE 93.764599 | MAE 6.904937 | Likelihood -1924663.200932 | KL fp 4.3572 | FP STD 0.3791 | ->nfe   52.00 | <-nfe   52.00
Epoch 0089 [Val seq (cond on sampled tp)] |  MAPE 0.036401 | RMSE 102.966640 | MAE 8.153304 |
Epoch 0089 [Test seq (cond on sampled tp)] | MAPE 0.059003 | RMSE 282.709746| MAE 201.086512
0.06958464533090591,0.05365724489092827,0.0537668876349926
296.59814722533247,273.9366800695007,277.59440961589985
Experiment 09-03_19:01
Epoch 0090 [Train seq (cond on sampled tp)] | Loss 1958601.680105 | MAPE 0.085250 | RMSE 98.936845 | MAE 7.244430 | Likelihood -1958596.807430 | KL fp 4.8727 | FP STD 0.3109 | ->nfe   52.00 | <-nfe   52.00
Epoch 0090 [Val seq (cond on sampled tp)] |  MAPE 0.030478 | RMSE 132.303694 | MAE 8.838903 |
Epoch 0090 [Test seq (cond on sampled tp)] | MAPE 0.063391 | RMSE 362.321122| MAE 251.110011
0.07775527983903885,0.06369972229003906,0.048716992139816284
384.30466836222536,361.1725046636302,341.4861934434539
Experiment 09-03_19:01
Epoch 0091 [Train seq (cond on sampled tp)] | Loss 1984559.983695 | MAPE 0.038500 | RMSE 103.367145 | MAE 6.837041 | Likelihood -1984555.096520 | KL fp 4.8872 | FP STD 0.3475 | ->nfe   52.00 | <-nfe   52.00
Epoch 0091 [Val seq (cond on sampled tp)] |  MAPE 0.029919 | RMSE 100.999004 | MAE 7.836470 |
Epoch 0091 [Test seq (cond on sampled tp)] | MAPE 0.052556 | RMSE 277.244347| MAE 180.889048
0.057557933032512665,0.053008779883384705,0.04710153862833977
285.2908877356583,292.85445937359395,253.58769439781577
Experiment 09-03_19:01
Epoch 0092 [Train seq (cond on sampled tp)] | Loss 1930104.373906 | MAPE 0.054204 | RMSE 93.667977 | MAE 6.493517 | Likelihood -1930099.393810 | KL fp 4.9801 | FP STD 0.3323 | ->nfe   52.00 | <-nfe   52.00
Epoch 0092 [Val seq (cond on sampled tp)] |  MAPE 0.023399 | RMSE 101.352408 | MAE 7.670603 |
Best Val!
Epoch 0092 [Test seq (cond on sampled tp)] | MAPE 0.047806 | RMSE 274.574709| MAE 179.281148
0.053287990391254425,0.049647338688373566,0.040481191128492355
295.3860159816304,297.4874078217429,230.8507025655326
Experiment 09-03_19:01
Epoch 0093 [Train seq (cond on sampled tp)] | Loss 1907425.616119 | MAPE 0.087147 | RMSE 89.543961 | MAE 6.531726 | Likelihood -1907420.584070 | KL fp 5.0320 | FP STD 0.4202 | ->nfe   52.00 | <-nfe   52.00
Epoch 0093 [Val seq (cond on sampled tp)] |  MAPE 0.025569 | RMSE 95.689551 | MAE 7.499028 |
Epoch 0093 [Test seq (cond on sampled tp)] | MAPE 0.057553 | RMSE 303.653488| MAE 196.960617
0.06933039426803589,0.058038271963596344,0.045290544629096985
294.2803855381802,309.2702853088217,307.40979367938166
Experiment 09-03_19:01
Epoch 0094 [Train seq (cond on sampled tp)] | Loss 1970654.687864 | MAPE 0.064383 | RMSE 101.306452 | MAE 6.847532 | Likelihood -1970649.361296 | KL fp 5.3266 | FP STD 0.4141 | ->nfe   52.00 | <-nfe   52.00
Epoch 0094 [Val seq (cond on sampled tp)] |  MAPE 0.027244 | RMSE 110.161556 | MAE 7.956670 |
Epoch 0094 [Test seq (cond on sampled tp)] | MAPE 0.051162 | RMSE 298.032435| MAE 198.767782
0.05670258402824402,0.055051013827323914,0.04173348471522331
320.7489039342146,324.6170821136805,248.7313199644347
Experiment 09-03_19:01
Epoch 0095 [Train seq (cond on sampled tp)] | Loss 1937880.872864 | MAPE 0.058744 | RMSE 93.865635 | MAE 6.674938 | Likelihood -1937875.293231 | KL fp 5.5796 | FP STD 0.3025 | ->nfe   52.00 | <-nfe   52.00
Epoch 0095 [Val seq (cond on sampled tp)] |  MAPE 0.035341 | RMSE 127.167516 | MAE 8.071280 |
Epoch 0095 [Test seq (cond on sampled tp)] | MAPE 0.048489 | RMSE 352.162427| MAE 212.812185
0.05366453900933266,0.05349113419651985,0.03831201791763306
378.792695613313,392.36273475573597,285.3318517533575
Experiment 09-03_19:01
Epoch 0096 [Train seq (cond on sampled tp)] | Loss 1947216.585999 | MAPE 0.086260 | RMSE 97.588187 | MAE 6.641822 | Likelihood -1947210.839225 | KL fp 5.7468 | FP STD 0.2629 | ->nfe   52.00 | <-nfe   52.00
Epoch 0096 [Val seq (cond on sampled tp)] |  MAPE 0.037709 | RMSE 115.069769 | MAE 7.942343 |
Epoch 0096 [Test seq (cond on sampled tp)] | MAPE 0.046956 | RMSE 300.237902| MAE 190.162506
0.049184106290340424,0.046708930283784866,0.04497601091861725
347.594040782491,302.1292278355406,250.9904365085451
Experiment 09-03_19:01
Epoch 0097 [Train seq (cond on sampled tp)] | Loss 1903148.688100 | MAPE 0.121200 | RMSE 89.064631 | MAE 6.412295 | Likelihood -1903143.255658 | KL fp 5.4324 | FP STD 0.3439 | ->nfe   52.00 | <-nfe   52.00
Epoch 0097 [Val seq (cond on sampled tp)] |  MAPE 0.033306 | RMSE 110.030101 | MAE 7.859741 |
Epoch 0097 [Test seq (cond on sampled tp)] | MAPE 0.050913 | RMSE 296.780955| MAE 198.567286
0.05254214257001877,0.053049247711896896,0.04714826121926308
282.6896072771336,300.01864525392415,307.6346123041099
Experiment 09-03_19:01
Epoch 0098 [Train seq (cond on sampled tp)] | Loss 2002033.523631 | MAPE 0.100070 | RMSE 104.070241 | MAE 6.912247 | Likelihood -2002027.671885 | KL fp 5.8517 | FP STD 0.3263 | ->nfe   52.00 | <-nfe   52.00
Epoch 0098 [Val seq (cond on sampled tp)] |  MAPE 0.030005 | RMSE 135.646427 | MAE 8.787809 |
Epoch 0098 [Test seq (cond on sampled tp)] | MAPE 0.061344 | RMSE 400.540220| MAE 275.759232
0.07394250482320786,0.06882523745298386,0.04126369208097458
401.28917254269396,433.8485838976543,366.48290376223554
Experiment 09-03_19:01
Epoch 0099 [Train seq (cond on sampled tp)] | Loss 2147839.195970 | MAPE 0.105387 | RMSE 126.362078 | MAE 8.129483 | Likelihood -2147833.523074 | KL fp 5.6729 | FP STD 0.5506 | ->nfe   52.00 | <-nfe   52.00
Epoch 0099 [Val seq (cond on sampled tp)] |  MAPE 0.070679 | RMSE 142.836800 | MAE 9.393793 |
Epoch 0099 [Test seq (cond on sampled tp)] | MAPE 0.087800 | RMSE 341.189847| MAE 217.082458
0.09646338224411011,0.0807054340839386,0.08623149991035461
329.8448735769589,339.37082179748455,354.35384637040414
Experiment 09-03_19:01
Epoch 0100 [Train seq (cond on sampled tp)] | Loss 1993089.673269 | MAPE 0.133248 | RMSE 102.746281 | MAE 7.024050 | Likelihood -1993083.750254 | KL fp 5.9230 | FP STD 0.5224 | ->nfe   52.00 | <-nfe   52.00
Epoch 0100 [Val seq (cond on sampled tp)] |  MAPE 0.036603 | RMSE 155.099464 | MAE 9.210232 |
Epoch 0100 [Test seq (cond on sampled tp)] | MAPE 0.060630 | RMSE 453.366280| MAE 300.537323
0.06736420840024948,0.06106036156415939,0.05346634238958359
467.47103854142665,474.39670569577106,418.2310964048465
