/data2/yuanjingyang/CG-ODE/run_models_covid.py
run_models_covid.py --rec-layers 1 -e Cheb_cat
Namespace(save='experiments/', load=None, dataset='Dec', datapath='data/', pred_length=14, condition_length=21, features='Confirmed,Deaths,Recovered,Mortality_Rate,Testing_Rate,Population,Mobility', split_interval=3, feature_out='Deaths', niters=100, lr=0.005, batch_size=8, random_seed=1991, dropout=0.2, l2=1e-05, optimizer='AdamW', clip=10, edge_lamda=0.5, z0_encoder='GTrans', rec_dims=64, ode_dims=20, rec_layers=1, gen_layers=1, encoder='Cheb_cat', graf_layer=1, cheb_K=2, heavyBall=False, actv_h=None, gamma_guess=-3.0, gamma_act='sigmoid', corr=-100, corrf=True, sign=1, augment_dim=0, solver='rk4', rtol=0.01, atol=0.01, alias='run', output_dim=1, feature_out_index=[1], num_atoms=50)
run
Experiment 07-17_19:18
Epoch 0001 [Train seq (cond on sampled tp)] | Loss 4360362.223450 | MAPE 0.063743 | RMSE 284.709098 | Likelihood -4360360.046998 | KL fp 2.1765 | FP STD 0.8408 | ->nfe   52.00 | <-nfe   52.00
Epoch 0001 [Val seq (cond on sampled tp)] |  MAPE 0.059134 | RMSE 299.232142 |
Best Val!
Epoch 0001 [Test seq (cond on sampled tp)] | MAPE 0.114686 | RMSE 895.369677|
0.1244363784790039,0.11877848953008652,0.10084441304206848
839.6790681563998,926.7511464789239,919.6788162179229
0.1244363784790039,0.11877848953008652,0.10084441304206848
839.6790681563998,926.7511464789239,919.6788162179229
Epoch 0001 [Test seq (cond on sampled tp)] | Best Test MAPE 0.114686|Best Test RMSE 895.369677|
Experiment 07-17_19:18
Epoch 0002 [Train seq (cond on sampled tp)] | Loss 4060118.741562 | MAPE 0.130750 | RMSE 269.355476 | Likelihood -4060110.629520 | KL fp 8.1120 | FP STD 1.4448 | ->nfe   52.00 | <-nfe   52.00
Epoch 0002 [Val seq (cond on sampled tp)] |  MAPE 0.074269 | RMSE 262.924835 |
Epoch 0002 [Test seq (cond on sampled tp)] | MAPE 0.121598 | RMSE 831.204786|
0.13252219557762146,0.12210620939731598,0.11016656458377838
770.3394949630974,861.6559275604155,861.6189340421902
Experiment 07-17_19:18
Epoch 0003 [Train seq (cond on sampled tp)] | Loss 3642199.214958 | MAPE 0.306919 | RMSE 245.697886 | Likelihood -3642184.836249 | KL fp 14.3787 | FP STD 1.4436 | ->nfe   52.00 | <-nfe   52.00
Epoch 0003 [Val seq (cond on sampled tp)] |  MAPE 0.098334 | RMSE 215.006359 |
Epoch 0003 [Test seq (cond on sampled tp)] | MAPE 0.121141 | RMSE 732.059248|
0.13129904866218567,0.11941368877887726,0.11270949989557266
669.7236603629888,760.209140631708,766.244942887064
Experiment 07-17_19:18
Epoch 0004 [Train seq (cond on sampled tp)] | Loss 3210194.338580 | MAPE 0.367033 | RMSE 218.137084 | Likelihood -3210182.347941 | KL fp 11.9906 | FP STD 1.0331 | ->nfe   52.00 | <-nfe   52.00
Epoch 0004 [Val seq (cond on sampled tp)] |  MAPE 0.036724 | RMSE 180.161131 |
Best Val!
Epoch 0004 [Test seq (cond on sampled tp)] | MAPE 0.061112 | RMSE 658.409793|
0.06807807832956314,0.06277795135974884,0.05247955769300461
583.7998908016342,698.5778857793882,692.8516029785887
0.06807807832956314,0.06277795135974884,0.05247955769300461
583.7998908016342,698.5778857793882,692.8516029785887
Epoch 0004 [Test seq (cond on sampled tp)] | Best Test MAPE 0.061112|Best Test RMSE 658.409793|
Experiment 07-17_19:18
Epoch 0005 [Train seq (cond on sampled tp)] | Loss 2800720.455331 | MAPE 0.098724 | RMSE 189.179816 | Likelihood -2800712.915716 | KL fp 7.5396 | FP STD 0.7701 | ->nfe   52.00 | <-nfe   52.00
Epoch 0005 [Val seq (cond on sampled tp)] |  MAPE 0.034456 | RMSE 154.149418 |
Best Val!
Epoch 0005 [Test seq (cond on sampled tp)] | MAPE 0.072411 | RMSE 562.169528|
0.07998088747262955,0.07533056288957596,0.061921317130327225
501.27579422409775,595.0651224866065,590.1676668540898
Experiment 07-17_19:18
Epoch 0006 [Train seq (cond on sampled tp)] | Loss 2517871.097009 | MAPE 0.047742 | RMSE 164.031417 | Likelihood -2517863.484004 | KL fp 7.6130 | FP STD 0.6855 | ->nfe   52.00 | <-nfe   52.00
Epoch 0006 [Val seq (cond on sampled tp)] |  MAPE 0.029043 | RMSE 126.711147 |
Best Val!
Epoch 0006 [Test seq (cond on sampled tp)] | MAPE 0.055553 | RMSE 482.411963|
0.05832504481077194,0.05928270146250725,0.04905273765325546
411.3087344076223,515.9639340593487,519.9632198530969
0.05832504481077194,0.05928270146250725,0.04905273765325546
411.3087344076223,515.9639340593487,519.9632198530969
Epoch 0006 [Test seq (cond on sampled tp)] | Best Test MAPE 0.055553|Best Test RMSE 482.411963|
Experiment 07-17_19:18
Epoch 0007 [Train seq (cond on sampled tp)] | Loss 2301278.616582 | MAPE 0.044683 | RMSE 142.577753 | Likelihood -2301272.271924 | KL fp 6.3447 | FP STD 0.5506 | ->nfe   52.00 | <-nfe   52.00
Epoch 0007 [Val seq (cond on sampled tp)] |  MAPE 0.026424 | RMSE 120.726969 |
Best Val!
Epoch 0007 [Test seq (cond on sampled tp)] | MAPE 0.050405 | RMSE 437.909517|
0.0542430579662323,0.050924185663461685,0.04604852944612503
371.17101432493354,472.3033486277649,470.25418658423445
0.0542430579662323,0.050924185663461685,0.04604852944612503
371.17101432493354,472.3033486277649,470.25418658423445
Epoch 0007 [Test seq (cond on sampled tp)] | Best Test MAPE 0.050405|Best Test RMSE 437.909517|
Experiment 07-17_19:18
Epoch 0008 [Train seq (cond on sampled tp)] | Loss 2309353.697475 | MAPE 0.053807 | RMSE 142.696882 | Likelihood -2309348.362514 | KL fp 5.3350 | FP STD 0.4563 | ->nfe   52.00 | <-nfe   52.00
Epoch 0008 [Val seq (cond on sampled tp)] |  MAPE 0.044679 | RMSE 257.480020 |
Epoch 0008 [Test seq (cond on sampled tp)] | MAPE 0.077749 | RMSE 849.066660|
0.0812595933675766,0.07767593860626221,0.0743112564086914
787.3826896751033,876.6117299009865,883.2055607275126
Experiment 07-17_19:18
Epoch 0009 [Train seq (cond on sampled tp)] | Loss 2983768.535685 | MAPE 0.103392 | RMSE 199.235738 | Likelihood -2983763.440447 | KL fp 5.0952 | FP STD 0.5231 | ->nfe   52.00 | <-nfe   52.00
Epoch 0009 [Val seq (cond on sampled tp)] |  MAPE 0.049568 | RMSE 117.185125 |
Epoch 0009 [Test seq (cond on sampled tp)] | MAPE 0.069357 | RMSE 441.038549|
0.07694752514362335,0.06324204057455063,0.06788202375173569
382.43510478903477,474.80522322316546,465.87531862076577
Experiment 07-17_19:18
Epoch 0010 [Train seq (cond on sampled tp)] | Loss 2283649.053721 | MAPE 0.046189 | RMSE 140.459916 | Likelihood -2283645.383769 | KL fp 3.6700 | FP STD 0.4945 | ->nfe   52.00 | <-nfe   52.00
Epoch 0010 [Val seq (cond on sampled tp)] |  MAPE 0.030726 | RMSE 115.232569 |
Epoch 0010 [Test seq (cond on sampled tp)] | MAPE 0.051554 | RMSE 412.188217|
0.05183964595198631,0.0522913932800293,0.05053141340613365
348.44789782692044,432.200420088875,455.916333470298
Experiment 07-17_19:18
Epoch 0011 [Train seq (cond on sampled tp)] | Loss 2187119.259293 | MAPE 0.043586 | RMSE 127.262473 | Likelihood -2187114.563391 | KL fp 4.6959 | FP STD 0.4424 | ->nfe   52.00 | <-nfe   52.00
Epoch 0011 [Val seq (cond on sampled tp)] |  MAPE 0.030736 | RMSE 98.553181 |
Epoch 0011 [Test seq (cond on sampled tp)] | MAPE 0.055523 | RMSE 381.462433|
0.055437762290239334,0.05614597722887993,0.054984256625175476
320.85084638348707,417.69866156716375,405.83779087216607
Experiment 07-17_19:18
Epoch 0012 [Train seq (cond on sampled tp)] | Loss 2114743.136209 | MAPE 0.097125 | RMSE 118.727182 | Likelihood -2114738.870712 | KL fp 4.2655 | FP STD 0.4451 | ->nfe   52.00 | <-nfe   52.00
Epoch 0012 [Val seq (cond on sampled tp)] |  MAPE 0.033419 | RMSE 102.772694 |
Epoch 0012 [Test seq (cond on sampled tp)] | MAPE 0.048436 | RMSE 384.073628|
0.052844032645225525,0.052376821637153625,0.04008669778704643
318.52509222194726,422.1271838853783,411.56860758566125
0.052844032645225525,0.052376821637153625,0.04008669778704643
318.52509222194726,422.1271838853783,411.56860758566125
Epoch 0012 [Test seq (cond on sampled tp)] | Best Test MAPE 0.048436|Best Test RMSE 384.073628|
Experiment 07-17_19:18
Epoch 0013 [Train seq (cond on sampled tp)] | Loss 2064495.488700 | MAPE 0.043582 | RMSE 113.131213 | Likelihood -2064491.160610 | KL fp 4.3281 | FP STD 0.4081 | ->nfe   52.00 | <-nfe   52.00
Epoch 0013 [Val seq (cond on sampled tp)] |  MAPE 0.027078 | RMSE 93.449581 |
Epoch 0013 [Test seq (cond on sampled tp)] | MAPE 0.052151 | RMSE 339.081282|
0.05849582701921463,0.054382339119911194,0.04357350245118141
278.48340670944833,364.48962605264916,374.27081187958004
Experiment 07-17_19:18
Epoch 0014 [Train seq (cond on sampled tp)] | Loss 2070243.184794 | MAPE 0.054889 | RMSE 114.804624 | Likelihood -2070239.358653 | KL fp 3.8261 | FP STD 0.5428 | ->nfe   52.00 | <-nfe   52.00
Epoch 0014 [Val seq (cond on sampled tp)] |  MAPE 0.028769 | RMSE 106.830386 |
Epoch 0014 [Test seq (cond on sampled tp)] | MAPE 0.049983 | RMSE 352.199439|
0.043747108429670334,0.05901297554373741,0.047189295291900635
282.7956003238028,390.1046534264876,383.6980624462417
Experiment 07-17_19:18
Epoch 0015 [Train seq (cond on sampled tp)] | Loss 2055773.191353 | MAPE 0.044673 | RMSE 112.177883 | Likelihood -2055769.340290 | KL fp 3.8511 | FP STD 0.4235 | ->nfe   52.00 | <-nfe   52.00
Epoch 0015 [Val seq (cond on sampled tp)] |  MAPE 0.031061 | RMSE 98.403347 |
Epoch 0015 [Test seq (cond on sampled tp)] | MAPE 0.049069 | RMSE 328.420630|
0.05206680670380592,0.04900986701250076,0.046130627393722534
258.41386681542457,351.9493704710949,374.8986529717065
Experiment 07-17_19:18
Epoch 0016 [Train seq (cond on sampled tp)] | Loss 2037731.708737 | MAPE 0.036850 | RMSE 108.210923 | Likelihood -2037727.629364 | KL fp 4.0794 | FP STD 0.3893 | ->nfe   52.00 | <-nfe   52.00
Epoch 0016 [Val seq (cond on sampled tp)] |  MAPE 0.033182 | RMSE 87.924367 |
Epoch 0016 [Test seq (cond on sampled tp)] | MAPE 0.051363 | RMSE 324.554843|
0.05824267119169235,0.04928448051214218,0.04656153917312622
266.30133014594577,346.161428202219,361.20177013685856
Experiment 07-17_19:18
Epoch 0017 [Train seq (cond on sampled tp)] | Loss 2022550.215128 | MAPE 0.064187 | RMSE 106.628332 | Likelihood -2022546.267554 | KL fp 3.9476 | FP STD 0.4046 | ->nfe   52.00 | <-nfe   52.00
Epoch 0017 [Val seq (cond on sampled tp)] |  MAPE 0.031571 | RMSE 98.257047 |
Epoch 0017 [Test seq (cond on sampled tp)] | MAPE 0.052710 | RMSE 304.595905|
0.055566757917404175,0.0543438121676445,0.048220280557870865
250.17450940543483,316.58545696620365,347.0277478999338
Experiment 07-17_19:18
Epoch 0018 [Train seq (cond on sampled tp)] | Loss 2017037.861836 | MAPE 0.041811 | RMSE 105.277356 | Likelihood -2017033.682420 | KL fp 4.1794 | FP STD 0.3027 | ->nfe   52.00 | <-nfe   52.00
Epoch 0018 [Val seq (cond on sampled tp)] |  MAPE 0.029632 | RMSE 111.107194 |
Epoch 0018 [Test seq (cond on sampled tp)] | MAPE 0.051470 | RMSE 362.646400|
0.057969994843006134,0.050778426229953766,0.045661311596632004
303.40511541913725,372.5731681495596,411.9609166838524
Experiment 07-17_19:18
Epoch 0019 [Train seq (cond on sampled tp)] | Loss 2046332.962395 | MAPE 0.047619 | RMSE 111.424260 | Likelihood -2046329.209680 | KL fp 3.7527 | FP STD 0.3761 | ->nfe   52.00 | <-nfe   52.00
Epoch 0019 [Val seq (cond on sampled tp)] |  MAPE 0.027628 | RMSE 83.585248 |
Epoch 0019 [Test seq (cond on sampled tp)] | MAPE 0.047774 | RMSE 309.956396|
0.049244992434978485,0.05851602926850319,0.03556159883737564
242.64774816078554,333.77094971701774,353.45049158262606
0.049244992434978485,0.05851602926850319,0.03556159883737564
242.64774816078554,333.77094971701774,353.45049158262606
Epoch 0019 [Test seq (cond on sampled tp)] | Best Test MAPE 0.047774|Best Test RMSE 309.956396|
Experiment 07-17_19:18
Epoch 0020 [Train seq (cond on sampled tp)] | Loss 2027436.767659 | MAPE 0.035809 | RMSE 106.970660 | Likelihood -2027433.253954 | KL fp 3.5137 | FP STD 0.3784 | ->nfe   52.00 | <-nfe   52.00
Epoch 0020 [Val seq (cond on sampled tp)] |  MAPE 0.027320 | RMSE 76.068695 |
Epoch 0020 [Test seq (cond on sampled tp)] | MAPE 0.049398 | RMSE 286.725449|
0.04862932488322258,0.052151698619127274,0.0474114790558815
231.76292776779465,304.46035764118784,323.95306131830273
Experiment 07-17_19:18
Epoch 0021 [Train seq (cond on sampled tp)] | Loss 2073752.199661 | MAPE 0.062960 | RMSE 112.112365 | Likelihood -2073747.874125 | KL fp 4.3255 | FP STD 0.3586 | ->nfe   52.00 | <-nfe   52.00
Epoch 0021 [Val seq (cond on sampled tp)] |  MAPE 0.027536 | RMSE 110.612495 |
Epoch 0021 [Test seq (cond on sampled tp)] | MAPE 0.053968 | RMSE 341.436497|
0.06115860864520073,0.059099845588207245,0.041646022349596024
293.3287937622217,361.8223839123279,369.158312076269
Experiment 07-17_19:18
Epoch 0022 [Train seq (cond on sampled tp)] | Loss 2098184.666066 | MAPE 0.038758 | RMSE 118.680051 | Likelihood -2098181.220301 | KL fp 3.4458 | FP STD 0.3270 | ->nfe   52.00 | <-nfe   52.00
Epoch 0022 [Val seq (cond on sampled tp)] |  MAPE 0.032324 | RMSE 88.766936 |
Epoch 0022 [Test seq (cond on sampled tp)] | MAPE 0.052853 | RMSE 273.729138|
0.054990723729133606,0.048749350011348724,0.054819297045469284
212.07393868354026,285.86457403375465,323.2489003268225
Experiment 07-17_19:18
Epoch 0023 [Train seq (cond on sampled tp)] | Loss 1992190.956890 | MAPE 0.033338 | RMSE 102.111074 | Likelihood -1992187.341501 | KL fp 3.6154 | FP STD 0.3550 | ->nfe   52.00 | <-nfe   52.00
Epoch 0023 [Val seq (cond on sampled tp)] |  MAPE 0.026956 | RMSE 79.336186 |
Epoch 0023 [Test seq (cond on sampled tp)] | MAPE 0.052998 | RMSE 291.795910|
0.05238911882042885,0.0522175207734108,0.05438588187098503
239.40794486085878,303.2936644161892,332.6861203709887
Experiment 07-17_19:18
Epoch 0024 [Train seq (cond on sampled tp)] | Loss 1984970.022094 | MAPE 0.041684 | RMSE 100.530673 | Likelihood -1984966.211575 | KL fp 3.8105 | FP STD 0.3110 | ->nfe   52.00 | <-nfe   52.00
Epoch 0024 [Val seq (cond on sampled tp)] |  MAPE 0.026082 | RMSE 92.856718 |
Best Val!
Epoch 0024 [Test seq (cond on sampled tp)] | MAPE 0.052228 | RMSE 322.754473|
0.05281719192862511,0.054776862263679504,0.04908977076411247
269.6780487915173,355.33577870093524,343.2495903129383
Experiment 07-17_19:18
Epoch 0025 [Train seq (cond on sampled tp)] | Loss 2027108.464980 | MAPE 0.041876 | RMSE 107.546078 | Likelihood -2027104.953622 | KL fp 3.5114 | FP STD 0.3130 | ->nfe   52.00 | <-nfe   52.00
Epoch 0025 [Val seq (cond on sampled tp)] |  MAPE 0.027886 | RMSE 88.359771 |
Epoch 0025 [Test seq (cond on sampled tp)] | MAPE 0.052096 | RMSE 288.332881|
0.05457307770848274,0.051283080130815506,0.05043179914355278
221.59611874703492,314.7221616958361,328.68036334712787
Experiment 07-17_19:18
Epoch 0026 [Train seq (cond on sampled tp)] | Loss 1979267.981831 | MAPE 0.037383 | RMSE 99.012562 | Likelihood -1979264.329505 | KL fp 3.6523 | FP STD 0.3497 | ->nfe   52.00 | <-nfe   52.00
Epoch 0026 [Val seq (cond on sampled tp)] |  MAPE 0.032438 | RMSE 78.654875 |
Epoch 0026 [Test seq (cond on sampled tp)] | MAPE 0.043985 | RMSE 288.068061|
0.044259607791900635,0.04039057716727257,0.047304827719926834
210.67276906377816,300.8443067019883,352.6871068135324
0.044259607791900635,0.04039057716727257,0.047304827719926834
210.67276906377816,300.8443067019883,352.6871068135324
Epoch 0026 [Test seq (cond on sampled tp)] | Best Test MAPE 0.043985|Best Test RMSE 288.068061|
Experiment 07-17_19:18
Epoch 0027 [Train seq (cond on sampled tp)] | Loss 1961080.965145 | MAPE 0.065477 | RMSE 95.905276 | Likelihood -1961077.340150 | KL fp 3.6250 | FP STD 0.3206 | ->nfe   52.00 | <-nfe   52.00
Epoch 0027 [Val seq (cond on sampled tp)] |  MAPE 0.028458 | RMSE 81.564227 |
Epoch 0027 [Test seq (cond on sampled tp)] | MAPE 0.050267 | RMSE 273.968695|
0.05355677381157875,0.04891740530729294,0.04832610860466957
220.30596621517086,284.0619568201627,317.53816207662345
Experiment 07-17_19:18
Epoch 0028 [Train seq (cond on sampled tp)] | Loss 1971294.712836 | MAPE 0.061578 | RMSE 97.666314 | Likelihood -1971290.933158 | KL fp 3.7797 | FP STD 0.3431 | ->nfe   52.00 | <-nfe   52.00
Epoch 0028 [Val seq (cond on sampled tp)] |  MAPE 0.038999 | RMSE 84.743988 |
Epoch 0028 [Test seq (cond on sampled tp)] | MAPE 0.056321 | RMSE 276.248503|
0.05571718141436577,0.0575203113257885,0.05572673678398132
230.69739717322344,283.70491106517704,314.3432016721532
Experiment 07-17_19:18
Epoch 0029 [Train seq (cond on sampled tp)] | Loss 1954517.580877 | MAPE 0.071318 | RMSE 96.792520 | Likelihood -1954513.912571 | KL fp 3.6683 | FP STD 0.3243 | ->nfe   52.00 | <-nfe   52.00
Epoch 0029 [Val seq (cond on sampled tp)] |  MAPE 0.032902 | RMSE 93.176328 |
Epoch 0029 [Test seq (cond on sampled tp)] | MAPE 0.049897 | RMSE 250.752643|
0.06073407083749771,0.04949764534831047,0.03945959359407425
205.58819009429993,266.67000323433456,279.99973493291026
Experiment 07-17_19:18
Epoch 0030 [Train seq (cond on sampled tp)] | Loss 1989443.351157 | MAPE 0.049249 | RMSE 101.075709 | Likelihood -1989439.795822 | KL fp 3.5553 | FP STD 0.4856 | ->nfe   52.00 | <-nfe   52.00
Epoch 0030 [Val seq (cond on sampled tp)] |  MAPE 0.035092 | RMSE 95.356460 |
Epoch 0030 [Test seq (cond on sampled tp)] | MAPE 0.063836 | RMSE 294.238899|
0.06188793480396271,0.0684545561671257,0.061164241284132004
257.90368841875835,313.83056734486524,310.9824402197012
Experiment 07-17_19:18
Epoch 0031 [Train seq (cond on sampled tp)] | Loss 2002855.824404 | MAPE 0.080346 | RMSE 103.841027 | Likelihood -2002852.529422 | KL fp 3.2950 | FP STD 0.4153 | ->nfe   52.00 | <-nfe   52.00
Epoch 0031 [Val seq (cond on sampled tp)] |  MAPE 0.029020 | RMSE 103.686304 |
Epoch 0031 [Test seq (cond on sampled tp)] | MAPE 0.054469 | RMSE 288.100884|
0.05901854485273361,0.050572603940963745,0.05381601303815842
279.99842354466927,277.8328662388595,306.4713613251653
Experiment 07-17_19:18
Epoch 0032 [Train seq (cond on sampled tp)] | Loss 2014625.543096 | MAPE 0.043501 | RMSE 101.515715 | Likelihood -2014621.387145 | KL fp 4.1560 | FP STD 0.3251 | ->nfe   52.00 | <-nfe   52.00
Epoch 0032 [Val seq (cond on sampled tp)] |  MAPE 0.026084 | RMSE 89.622191 |
Epoch 0032 [Test seq (cond on sampled tp)] | MAPE 0.052483 | RMSE 303.773549|
0.05999882519245148,0.05238448083400726,0.04506535455584526
262.4713079557459,319.70512536945665,329.1442146878781
Experiment 07-17_19:18
Epoch 0033 [Train seq (cond on sampled tp)] | Loss 2013220.862619 | MAPE 0.040673 | RMSE 106.306113 | Likelihood -2013217.275626 | KL fp 3.5870 | FP STD 0.3700 | ->nfe   52.00 | <-nfe   52.00
Epoch 0033 [Val seq (cond on sampled tp)] |  MAPE 0.022620 | RMSE 101.889565 |
Best Val!
Epoch 0033 [Test seq (cond on sampled tp)] | MAPE 0.052901 | RMSE 328.739328|
0.059461694210767746,0.05048202723264694,0.04875974729657173
279.63004298090004,339.7097681293548,366.8781728993972
Experiment 07-17_19:18
Epoch 0034 [Train seq (cond on sampled tp)] | Loss 2064330.560345 | MAPE 0.036644 | RMSE 112.353922 | Likelihood -2064327.336686 | KL fp 3.2237 | FP STD 0.3595 | ->nfe   52.00 | <-nfe   52.00
Epoch 0034 [Val seq (cond on sampled tp)] |  MAPE 0.030973 | RMSE 93.236992 |
Epoch 0034 [Test seq (cond on sampled tp)] | MAPE 0.056557 | RMSE 266.768294|
0.055326636880636215,0.05542851984500885,0.058915961533784866
206.4793043503392,277.25052130248554,316.5750552791549
Experiment 07-17_19:18
Epoch 0035 [Train seq (cond on sampled tp)] | Loss 2039112.101690 | MAPE 0.082558 | RMSE 103.983607 | Likelihood -2039107.641643 | KL fp 4.4600 | FP STD 0.3613 | ->nfe   52.00 | <-nfe   52.00
Epoch 0035 [Val seq (cond on sampled tp)] |  MAPE 0.027274 | RMSE 99.763965 |
Epoch 0035 [Test seq (cond on sampled tp)] | MAPE 0.054500 | RMSE 313.108272|
0.057069115340709686,0.05804935470223427,0.04838128015398979
261.1423372655227,343.4513702840622,334.73110710314927
Experiment 07-17_19:18
Epoch 0036 [Train seq (cond on sampled tp)] | Loss 2013676.066354 | MAPE 0.052454 | RMSE 106.018011 | Likelihood -2013672.674655 | KL fp 3.3917 | FP STD 0.3789 | ->nfe   52.00 | <-nfe   52.00
Epoch 0036 [Val seq (cond on sampled tp)] |  MAPE 0.027106 | RMSE 81.491657 |
Epoch 0036 [Test seq (cond on sampled tp)] | MAPE 0.042919 | RMSE 249.713381|
0.04899969324469566,0.04374189302325249,0.036015238612890244
196.54680978713444,263.76812733914613,288.8252066562058
0.04899969324469566,0.04374189302325249,0.036015238612890244
196.54680978713444,263.76812733914613,288.8252066562058
Epoch 0036 [Test seq (cond on sampled tp)] | Best Test MAPE 0.042919|Best Test RMSE 249.713381|
Experiment 07-17_19:18
Epoch 0037 [Train seq (cond on sampled tp)] | Loss 1960409.724999 | MAPE 0.069382 | RMSE 94.506674 | Likelihood -1960405.660812 | KL fp 4.0642 | FP STD 0.3110 | ->nfe   52.00 | <-nfe   52.00
Epoch 0037 [Val seq (cond on sampled tp)] |  MAPE 0.024414 | RMSE 89.869809 |
Epoch 0037 [Test seq (cond on sampled tp)] | MAPE 0.045507 | RMSE 277.721545|
0.052102040499448776,0.04652513936161995,0.0378936342895031
225.4126597764642,309.364759931541,298.38721434991146
Experiment 07-17_19:18
Epoch 0038 [Train seq (cond on sampled tp)] | Loss 1958365.871270 | MAPE 0.068909 | RMSE 94.675957 | Likelihood -1958361.783463 | KL fp 4.0878 | FP STD 0.2841 | ->nfe   52.00 | <-nfe   52.00
Epoch 0038 [Val seq (cond on sampled tp)] |  MAPE 0.024257 | RMSE 99.717864 |
Epoch 0038 [Test seq (cond on sampled tp)] | MAPE 0.051262 | RMSE 331.831054|
0.05699682608246803,0.053778026252985,0.043011415749788284
278.0674378635514,347.91768961925465,369.508034418739
Experiment 07-17_19:18
Epoch 0039 [Train seq (cond on sampled tp)] | Loss 1963099.822387 | MAPE 0.073154 | RMSE 97.442159 | Likelihood -1963095.918514 | KL fp 3.9039 | FP STD 0.2921 | ->nfe   52.00 | <-nfe   52.00
Epoch 0039 [Val seq (cond on sampled tp)] |  MAPE 0.027327 | RMSE 81.860865 |
Epoch 0039 [Test seq (cond on sampled tp)] | MAPE 0.049071 | RMSE 251.347816|
0.05188003554940224,0.047628000378608704,0.04770633950829506
206.37146991226766,282.6487025664544,265.0232743317085
Experiment 07-17_19:18
Epoch 0040 [Train seq (cond on sampled tp)] | Loss 1955286.532846 | MAPE 0.045822 | RMSE 94.958449 | Likelihood -1955283.140956 | KL fp 3.3919 | FP STD 0.3377 | ->nfe   52.00 | <-nfe   52.00
Epoch 0040 [Val seq (cond on sampled tp)] |  MAPE 0.043246 | RMSE 83.933009 |
Epoch 0040 [Test seq (cond on sampled tp)] | MAPE 0.061877 | RMSE 252.793792|
0.05986315757036209,0.0594317652285099,0.06633635610342026
196.1382444540075,258.01090093249934,304.23223037673046
Experiment 07-17_19:18
Epoch 0041 [Train seq (cond on sampled tp)] | Loss 1977181.369172 | MAPE 0.089618 | RMSE 96.403282 | Likelihood -1977177.185081 | KL fp 4.1841 | FP STD 0.2943 | ->nfe   52.00 | <-nfe   52.00
Epoch 0041 [Val seq (cond on sampled tp)] |  MAPE 0.028300 | RMSE 99.856068 |
Epoch 0041 [Test seq (cond on sampled tp)] | MAPE 0.056668 | RMSE 305.966920|
0.059077925980091095,0.06107256934046745,0.04985373467206955
250.317735588192,330.2637440364897,337.31928031910655
Experiment 07-17_19:18
Epoch 0042 [Train seq (cond on sampled tp)] | Loss 2029671.850744 | MAPE 0.037754 | RMSE 110.527200 | Likelihood -2029668.538193 | KL fp 3.3126 | FP STD 0.3154 | ->nfe   52.00 | <-nfe   52.00
Epoch 0042 [Val seq (cond on sampled tp)] |  MAPE 0.036575 | RMSE 100.892502 |
Epoch 0042 [Test seq (cond on sampled tp)] | MAPE 0.056518 | RMSE 253.038997|
0.059283673763275146,0.05420422554016113,0.05606650188565254
210.63489405544846,249.01567157008412,299.4664265406057
Experiment 07-17_19:18
Epoch 0043 [Train seq (cond on sampled tp)] | Loss 1970385.434528 | MAPE 0.033125 | RMSE 93.721002 | Likelihood -1970381.008464 | KL fp 4.4261 | FP STD 0.2629 | ->nfe   52.00 | <-nfe   52.00
Epoch 0043 [Val seq (cond on sampled tp)] |  MAPE 0.029433 | RMSE 98.190837 |
Epoch 0043 [Test seq (cond on sampled tp)] | MAPE 0.050699 | RMSE 276.505221|
0.06003269553184509,0.051449988037347794,0.040613941848278046
236.00590068099993,292.0426847012265,301.46707687158806
Experiment 07-17_19:18
Epoch 0044 [Train seq (cond on sampled tp)] | Loss 1982738.979266 | MAPE 0.072085 | RMSE 100.637741 | Likelihood -1982734.826941 | KL fp 4.1523 | FP STD 0.2655 | ->nfe   52.00 | <-nfe   52.00
Epoch 0044 [Val seq (cond on sampled tp)] |  MAPE 0.023952 | RMSE 81.943879 |
Epoch 0044 [Test seq (cond on sampled tp)] | MAPE 0.047580 | RMSE 274.652354|
0.0499945804476738,0.04932885244488716,0.04341624304652214
223.8954049187924,294.63823156542327,305.4234253458631
Experiment 07-17_19:18
Epoch 0045 [Train seq (cond on sampled tp)] | Loss 1939134.161789 | MAPE 0.033772 | RMSE 93.490713 | Likelihood -1939129.868113 | KL fp 4.2937 | FP STD 0.2509 | ->nfe   52.00 | <-nfe   52.00
Epoch 0045 [Val seq (cond on sampled tp)] |  MAPE 0.025678 | RMSE 87.992204 |
Epoch 0045 [Test seq (cond on sampled tp)] | MAPE 0.057306 | RMSE 277.034606|
0.06548263132572174,0.0591452494263649,0.047290682792663574
249.26687035434531,273.86319006942136,307.9737585209168
Experiment 07-17_19:18
Epoch 0046 [Train seq (cond on sampled tp)] | Loss 1938742.362618 | MAPE 0.066200 | RMSE 93.386316 | Likelihood -1938738.020287 | KL fp 4.3423 | FP STD 0.2810 | ->nfe   52.00 | <-nfe   52.00
Epoch 0046 [Val seq (cond on sampled tp)] |  MAPE 0.023667 | RMSE 92.290419 |
Epoch 0046 [Test seq (cond on sampled tp)] | MAPE 0.053380 | RMSE 279.172264|
0.061904992908239365,0.05538030341267586,0.04285364970564842
237.55057849592788,297.8390793490673,302.127133318906
Experiment 07-17_19:18
Epoch 0047 [Train seq (cond on sampled tp)] | Loss 1931037.827104 | MAPE 0.032974 | RMSE 93.029895 | Likelihood -1931033.728424 | KL fp 4.0987 | FP STD 0.3091 | ->nfe   52.00 | <-nfe   52.00
Epoch 0047 [Val seq (cond on sampled tp)] |  MAPE 0.025250 | RMSE 88.097522 |
Epoch 0047 [Test seq (cond on sampled tp)] | MAPE 0.050369 | RMSE 269.066694|
0.054654691368341446,0.05007943511009216,0.046373460441827774
238.32898907025557,270.25540582012417,298.615686334459
Experiment 07-17_19:18
Epoch 0048 [Train seq (cond on sampled tp)] | Loss 1940509.700471 | MAPE 0.052142 | RMSE 92.581496 | Likelihood -1940505.376893 | KL fp 4.3236 | FP STD 0.3463 | ->nfe   52.00 | <-nfe   52.00
Epoch 0048 [Val seq (cond on sampled tp)] |  MAPE 0.034449 | RMSE 84.237736 |
Epoch 0048 [Test seq (cond on sampled tp)] | MAPE 0.062548 | RMSE 283.423486|
0.06494327634572983,0.06715910881757736,0.0555422306060791
235.582489533921,304.0569308328623,310.6310361586556
Experiment 07-17_19:18
Epoch 0049 [Train seq (cond on sampled tp)] | Loss 1964257.455207 | MAPE 0.055866 | RMSE 99.334527 | Likelihood -1964253.234545 | KL fp 4.2207 | FP STD 0.3609 | ->nfe   52.00 | <-nfe   52.00
Epoch 0049 [Val seq (cond on sampled tp)] |  MAPE 0.032758 | RMSE 94.916812 |
Epoch 0049 [Test seq (cond on sampled tp)] | MAPE 0.059166 | RMSE 308.668677|
0.06504036486148834,0.05959206819534302,0.05286477133631706
263.57185927181223,338.3535849337199,324.0805865251728
Experiment 07-17_19:18
Epoch 0050 [Train seq (cond on sampled tp)] | Loss 2003023.085762 | MAPE 0.043969 | RMSE 105.342744 | Likelihood -2003019.508488 | KL fp 3.5773 | FP STD 0.3854 | ->nfe   52.00 | <-nfe   52.00
Epoch 0050 [Val seq (cond on sampled tp)] |  MAPE 0.026487 | RMSE 83.748481 |
Epoch 0050 [Test seq (cond on sampled tp)] | MAPE 0.043759 | RMSE 270.931623|
0.045966021716594696,0.04719436541199684,0.03811679407954216
245.46797620820115,291.1380417860229,276.1888506982134
Experiment 07-17_19:18
Epoch 0051 [Train seq (cond on sampled tp)] | Loss 1950985.269002 | MAPE 0.033947 | RMSE 92.252902 | Likelihood -1950980.877891 | KL fp 4.3911 | FP STD 0.2930 | ->nfe   52.00 | <-nfe   52.00
Epoch 0051 [Val seq (cond on sampled tp)] |  MAPE 0.021652 | RMSE 90.802649 |
Best Val!
Epoch 0051 [Test seq (cond on sampled tp)] | MAPE 0.053157 | RMSE 284.887727|
0.0586826354265213,0.05926481634378433,0.041524313390254974
255.19170949258913,312.5743036663443,286.8971668995705
Experiment 07-17_19:18
Epoch 0052 [Train seq (cond on sampled tp)] | Loss 1927639.987993 | MAPE 0.045977 | RMSE 90.502402 | Likelihood -1927635.717292 | KL fp 4.2707 | FP STD 0.3118 | ->nfe   52.00 | <-nfe   52.00
Epoch 0052 [Val seq (cond on sampled tp)] |  MAPE 0.023729 | RMSE 83.246419 |
Epoch 0052 [Test seq (cond on sampled tp)] | MAPE 0.051730 | RMSE 259.953590|
0.06144712492823601,0.05043311044573784,0.04331011697649956
229.47420368366028,257.80758328645027,292.57898239193463
Experiment 07-17_19:18
Epoch 0053 [Train seq (cond on sampled tp)] | Loss 1923112.040287 | MAPE 0.045595 | RMSE 91.029906 | Likelihood -1923108.204697 | KL fp 3.8356 | FP STD 0.3742 | ->nfe   52.00 | <-nfe   52.00
Epoch 0053 [Val seq (cond on sampled tp)] |  MAPE 0.025948 | RMSE 83.011568 |
Epoch 0053 [Test seq (cond on sampled tp)] | MAPE 0.041630 | RMSE 258.309540|
0.04412947967648506,0.04495290294289589,0.035807207226753235
219.37265846328708,280.2848578901472,275.271102165665
0.04412947967648506,0.04495290294289589,0.035807207226753235
219.37265846328708,280.2848578901472,275.271102165665
Epoch 0053 [Test seq (cond on sampled tp)] | Best Test MAPE 0.041630|Best Test RMSE 258.309540|
Experiment 07-17_19:18
Epoch 0054 [Train seq (cond on sampled tp)] | Loss 1927344.845374 | MAPE 0.107846 | RMSE 93.049822 | Likelihood -1927340.599165 | KL fp 4.2462 | FP STD 0.2265 | ->nfe   52.00 | <-nfe   52.00
Epoch 0054 [Val seq (cond on sampled tp)] |  MAPE 0.023809 | RMSE 75.724724 |
Epoch 0054 [Test seq (cond on sampled tp)] | MAPE 0.049074 | RMSE 236.458540|
0.051368433982133865,0.049313515424728394,0.04653901979327202
196.98879647710933,241.7528599882533,270.63396347742463
Experiment 07-17_19:18
Epoch 0055 [Train seq (cond on sampled tp)] | Loss 1988101.925912 | MAPE 0.051687 | RMSE 96.892007 | Likelihood -1988097.089290 | KL fp 4.8366 | FP STD 0.2985 | ->nfe   52.00 | <-nfe   52.00
Epoch 0055 [Val seq (cond on sampled tp)] |  MAPE 0.023504 | RMSE 78.213063 |
Epoch 0055 [Test seq (cond on sampled tp)] | MAPE 0.052400 | RMSE 280.492249|
0.0601302795112133,0.05463913828134537,0.04243048280477524
218.99319517110573,302.54042860004677,319.9431223866205
Experiment 07-17_19:18
Epoch 0056 [Train seq (cond on sampled tp)] | Loss 1948247.483779 | MAPE 0.035290 | RMSE 95.897109 | Likelihood -1948243.506230 | KL fp 3.9775 | FP STD 0.3638 | ->nfe   52.00 | <-nfe   52.00
Epoch 0056 [Val seq (cond on sampled tp)] |  MAPE 0.020250 | RMSE 102.474654 |
Best Val!
Epoch 0056 [Test seq (cond on sampled tp)] | MAPE 0.053251 | RMSE 357.131555|
0.05878658965229988,0.05523335933685303,0.045733995735645294
315.94630922436806,389.90605839740425,365.5422983390568
Experiment 07-17_19:18
Epoch 0057 [Train seq (cond on sampled tp)] | Loss 1953729.264474 | MAPE 0.032531 | RMSE 95.744154 | Likelihood -1953725.341627 | KL fp 3.9228 | FP STD 0.2737 | ->nfe   52.00 | <-nfe   52.00
Epoch 0057 [Val seq (cond on sampled tp)] |  MAPE 0.022136 | RMSE 85.900751 |
Epoch 0057 [Test seq (cond on sampled tp)] | MAPE 0.049075 | RMSE 265.120066|
0.057854704558849335,0.05032960698008537,0.03903994709253311
218.58148866612652,276.0858109356582,300.6928977378748
Experiment 07-17_19:18
Epoch 0058 [Train seq (cond on sampled tp)] | Loss 1921589.803216 | MAPE 0.045781 | RMSE 90.353799 | Likelihood -1921585.861313 | KL fp 3.9419 | FP STD 0.2900 | ->nfe   52.00 | <-nfe   52.00
Epoch 0058 [Val seq (cond on sampled tp)] |  MAPE 0.024374 | RMSE 87.253903 |
Epoch 0058 [Test seq (cond on sampled tp)] | MAPE 0.046131 | RMSE 268.718169|
0.050636786967515945,0.04588814452290535,0.04186949133872986
229.3882915086339,284.13454119483606,292.63167442196
Experiment 07-17_19:18
Epoch 0059 [Train seq (cond on sampled tp)] | Loss 1913588.374477 | MAPE 0.047658 | RMSE 90.043623 | Likelihood -1913584.473450 | KL fp 3.9010 | FP STD 0.2685 | ->nfe   52.00 | <-nfe   52.00
Epoch 0059 [Val seq (cond on sampled tp)] |  MAPE 0.027536 | RMSE 92.783602 |
Epoch 0059 [Test seq (cond on sampled tp)] | MAPE 0.050935 | RMSE 260.624313|
0.05741187930107117,0.04966031014919281,0.04573311284184456
250.4098593431377,259.1498420315938,272.31323875272756
Experiment 07-17_19:18
Epoch 0060 [Train seq (cond on sampled tp)] | Loss 1920369.864548 | MAPE 0.034961 | RMSE 89.562396 | Likelihood -1920366.088408 | KL fp 3.7761 | FP STD 0.2210 | ->nfe   52.00 | <-nfe   52.00
Epoch 0060 [Val seq (cond on sampled tp)] |  MAPE 0.038347 | RMSE 83.878103 |
Epoch 0060 [Test seq (cond on sampled tp)] | MAPE 0.059408 | RMSE 236.344666|
0.06574270874261856,0.05275660380721092,0.05972384661436081
200.6214952964911,218.7355530943701,289.676948297582
Experiment 07-17_19:18
Epoch 0061 [Train seq (cond on sampled tp)] | Loss 1964011.659096 | MAPE 0.052300 | RMSE 92.376475 | Likelihood -1964007.213855 | KL fp 4.4452 | FP STD 0.2413 | ->nfe   52.00 | <-nfe   52.00
Epoch 0061 [Val seq (cond on sampled tp)] |  MAPE 0.021546 | RMSE 90.443720 |
Epoch 0061 [Test seq (cond on sampled tp)] | MAPE 0.051627 | RMSE 288.567423|
0.06055709347128868,0.054576411843299866,0.03974875062704086
267.93816334184277,313.9253120767741,283.83879392623555
Experiment 07-17_19:18
Epoch 0062 [Train seq (cond on sampled tp)] | Loss 1912072.224047 | MAPE 0.034963 | RMSE 89.940885 | Likelihood -1912068.282853 | KL fp 3.9412 | FP STD 0.2417 | ->nfe   52.00 | <-nfe   52.00
Epoch 0062 [Val seq (cond on sampled tp)] |  MAPE 0.026587 | RMSE 84.702423 |
Epoch 0062 [Test seq (cond on sampled tp)] | MAPE 0.055880 | RMSE 253.019568|
0.06711523234844208,0.05533434823155403,0.045190609991550446
220.63666753851228,255.89969195712214,282.52234424908767
Experiment 07-17_19:18
Epoch 0063 [Train seq (cond on sampled tp)] | Loss 1894058.870774 | MAPE 0.033517 | RMSE 82.814621 | Likelihood -1894054.663926 | KL fp 4.2068 | FP STD 0.2216 | ->nfe   52.00 | <-nfe   52.00
Epoch 0063 [Val seq (cond on sampled tp)] |  MAPE 0.021812 | RMSE 87.107087 |
Epoch 0063 [Test seq (cond on sampled tp)] | MAPE 0.044234 | RMSE 265.600786|
0.04798321798443794,0.04885639250278473,0.0358632393181324
228.81925181242946,292.17361598029345,275.80949040959416
Experiment 07-17_19:18
Epoch 0064 [Train seq (cond on sampled tp)] | Loss 1889037.812062 | MAPE 0.062111 | RMSE 83.217359 | Likelihood -1889033.536380 | KL fp 4.2757 | FP STD 0.2303 | ->nfe   52.00 | <-nfe   52.00
Epoch 0064 [Val seq (cond on sampled tp)] |  MAPE 0.026283 | RMSE 98.021183 |
Epoch 0064 [Test seq (cond on sampled tp)] | MAPE 0.054817 | RMSE 298.119909|
0.06641462445259094,0.055223073810338974,0.0428120419383049
266.0775997007264,309.607614570443,318.67451312036235
Experiment 07-17_19:18
Epoch 0065 [Train seq (cond on sampled tp)] | Loss 1908464.774429 | MAPE 0.033140 | RMSE 87.973318 | Likelihood -1908460.821950 | KL fp 3.9525 | FP STD 0.2861 | ->nfe   52.00 | <-nfe   52.00
Epoch 0065 [Val seq (cond on sampled tp)] |  MAPE 0.025559 | RMSE 102.748646 |
Epoch 0065 [Test seq (cond on sampled tp)] | MAPE 0.053670 | RMSE 307.738046|
0.06582363694906235,0.05305908992886543,0.042128633707761765
298.53964874870474,329.2483390239046,295.4261487664895
Experiment 07-17_19:18
Epoch 0066 [Train seq (cond on sampled tp)] | Loss 1897588.301613 | MAPE 0.035994 | RMSE 83.897254 | Likelihood -1897584.476131 | KL fp 3.8255 | FP STD 0.3148 | ->nfe   52.00 | <-nfe   52.00
Epoch 0066 [Val seq (cond on sampled tp)] |  MAPE 0.025706 | RMSE 89.157469 |
Epoch 0066 [Test seq (cond on sampled tp)] | MAPE 0.041834 | RMSE 272.768750|
0.046262115240097046,0.03998500108718872,0.039254069328308105
238.59840573388163,289.50508685081854,290.20275778324367
Experiment 07-17_19:18
Epoch 0067 [Train seq (cond on sampled tp)] | Loss 1888791.050013 | MAPE 0.047391 | RMSE 83.149021 | Likelihood -1888787.220368 | KL fp 3.8296 | FP STD 0.3642 | ->nfe   52.00 | <-nfe   52.00
Epoch 0067 [Val seq (cond on sampled tp)] |  MAPE 0.026524 | RMSE 91.806027 |
Epoch 0067 [Test seq (cond on sampled tp)] | MAPE 0.051944 | RMSE 275.780348|
0.06046104431152344,0.05538457632064819,0.03998519480228424
236.12028515673956,282.2661089291451,308.9546513042003
Experiment 07-17_19:18
Epoch 0068 [Train seq (cond on sampled tp)] | Loss 1916947.732318 | MAPE 0.041394 | RMSE 89.240191 | Likelihood -1916943.574049 | KL fp 4.1583 | FP STD 0.2897 | ->nfe   52.00 | <-nfe   52.00
Epoch 0068 [Val seq (cond on sampled tp)] |  MAPE 0.029946 | RMSE 94.372511 |
Epoch 0068 [Test seq (cond on sampled tp)] | MAPE 0.057064 | RMSE 303.399741|
0.06458619982004166,0.06116405501961708,0.045440495014190674
273.4123059821924,336.3225758107832,300.4643411663021
Experiment 07-17_19:18
Epoch 0069 [Train seq (cond on sampled tp)] | Loss 1910289.481751 | MAPE 0.034697 | RMSE 90.139305 | Likelihood -1910285.926552 | KL fp 3.5552 | FP STD 0.3279 | ->nfe   52.00 | <-nfe   52.00
Epoch 0069 [Val seq (cond on sampled tp)] |  MAPE 0.030480 | RMSE 81.621318 |
Epoch 0069 [Test seq (cond on sampled tp)] | MAPE 0.055857 | RMSE 268.222974|
0.06358233839273453,0.052024781703948975,0.051965221762657166
216.82936299369143,298.9220477398748,288.91751093521486
Experiment 07-17_19:18
Epoch 0070 [Train seq (cond on sampled tp)] | Loss 1905395.663068 | MAPE 0.034768 | RMSE 84.144458 | Likelihood -1905391.730952 | KL fp 3.9321 | FP STD 0.3568 | ->nfe   52.00 | <-nfe   52.00
Epoch 0070 [Val seq (cond on sampled tp)] |  MAPE 0.023479 | RMSE 108.638615 |
Epoch 0070 [Test seq (cond on sampled tp)] | MAPE 0.056169 | RMSE 342.893718|
0.06269659847021103,0.061889007687568665,0.04392235353589058
317.6369414323529,368.50362532137996,342.54058837968387
Experiment 07-17_19:18
Epoch 0071 [Train seq (cond on sampled tp)] | Loss 1900789.214993 | MAPE 0.040812 | RMSE 84.894129 | Likelihood -1900785.574553 | KL fp 3.6404 | FP STD 0.3882 | ->nfe   52.00 | <-nfe   52.00
Epoch 0071 [Val seq (cond on sampled tp)] |  MAPE 0.021519 | RMSE 100.043345 |
Epoch 0071 [Test seq (cond on sampled tp)] | MAPE 0.050158 | RMSE 293.398950|
0.057577524334192276,0.05322068929672241,0.039676520973443985
272.09018782841105,306.8979115683259,301.2087497691593
Experiment 07-17_19:18
Epoch 0072 [Train seq (cond on sampled tp)] | Loss 1892124.398488 | MAPE 0.041607 | RMSE 84.807966 | Likelihood -1892120.315325 | KL fp 4.0832 | FP STD 0.2751 | ->nfe   52.00 | <-nfe   52.00
Epoch 0072 [Val seq (cond on sampled tp)] |  MAPE 0.020311 | RMSE 95.857453 |
Epoch 0072 [Test seq (cond on sampled tp)] | MAPE 0.050259 | RMSE 308.441062|
0.05818086490035057,0.05487098917365074,0.037724416702985764
312.7778764554808,331.84605570580464,280.6992524259728
Experiment 07-17_19:18
Epoch 0073 [Train seq (cond on sampled tp)] | Loss 1940491.218787 | MAPE 0.043096 | RMSE 94.326864 | Likelihood -1940487.357917 | KL fp 3.8609 | FP STD 0.2814 | ->nfe   52.00 | <-nfe   52.00
Epoch 0073 [Val seq (cond on sampled tp)] |  MAPE 0.021277 | RMSE 93.520840 |
Epoch 0073 [Test seq (cond on sampled tp)] | MAPE 0.050913 | RMSE 291.207479|
0.05692270025610924,0.05075124278664589,0.045064542442560196
273.65739015692594,306.12958091713386,293.8354662902353
Experiment 07-17_19:18
Epoch 0074 [Train seq (cond on sampled tp)] | Loss 1891851.642167 | MAPE 0.050065 | RMSE 84.548428 | Likelihood -1891848.004956 | KL fp 3.6372 | FP STD 0.4326 | ->nfe   52.00 | <-nfe   52.00
Epoch 0074 [Val seq (cond on sampled tp)] |  MAPE 0.024741 | RMSE 119.216444 |
Epoch 0074 [Test seq (cond on sampled tp)] | MAPE 0.059885 | RMSE 356.715219|
0.0704236850142479,0.06511121243238449,0.04411935806274414
348.9747819506447,375.9888005313456,345.1820737849809
Experiment 07-17_19:18
Epoch 0075 [Train seq (cond on sampled tp)] | Loss 1928149.793923 | MAPE 0.042413 | RMSE 92.242055 | Likelihood -1928146.548436 | KL fp 3.2455 | FP STD 0.4564 | ->nfe   52.00 | <-nfe   52.00
Epoch 0075 [Val seq (cond on sampled tp)] |  MAPE 0.024670 | RMSE 104.179570 |
Epoch 0075 [Test seq (cond on sampled tp)] | MAPE 0.050046 | RMSE 261.942484|
0.06146063283085823,0.053423915058374405,0.03525320068001747
242.95293557858074,294.57269105010397,248.30182616122661
Experiment 07-17_19:18
Epoch 0076 [Train seq (cond on sampled tp)] | Loss 1890062.799954 | MAPE 0.040205 | RMSE 80.786878 | Likelihood -1890059.180934 | KL fp 3.6190 | FP STD 0.4283 | ->nfe   52.00 | <-nfe   52.00
Epoch 0076 [Val seq (cond on sampled tp)] |  MAPE 0.028813 | RMSE 92.892542 |
Epoch 0076 [Test seq (cond on sampled tp)] | MAPE 0.063770 | RMSE 299.500375|
0.06137040629982948,0.06336629390716553,0.06657195091247559
281.0920250780872,314.2888301387754,303.120270581662
Experiment 07-17_19:18
Epoch 0077 [Train seq (cond on sampled tp)] | Loss 1907837.588673 | MAPE 0.061243 | RMSE 88.833353 | Likelihood -1907834.058873 | KL fp 3.5298 | FP STD 0.4250 | ->nfe   52.00 | <-nfe   52.00
Epoch 0077 [Val seq (cond on sampled tp)] |  MAPE 0.028576 | RMSE 110.633743 |
Epoch 0077 [Test seq (cond on sampled tp)] | MAPE 0.052481 | RMSE 315.871402|
0.061716288328170776,0.054498810321092606,0.041226912289857864
313.2465707114764,360.5851039456566,273.7825323135134
Experiment 07-17_19:18
Epoch 0078 [Train seq (cond on sampled tp)] | Loss 1894619.225954 | MAPE 0.044502 | RMSE 84.533019 | Likelihood -1894615.758428 | KL fp 3.4675 | FP STD 0.3903 | ->nfe   52.00 | <-nfe   52.00
Epoch 0078 [Val seq (cond on sampled tp)] |  MAPE 0.025023 | RMSE 103.526982 |
Epoch 0078 [Test seq (cond on sampled tp)] | MAPE 0.048536 | RMSE 283.590170|
0.0553329661488533,0.04932145029306412,0.040954045951366425
266.5073580128699,288.2943103410125,295.9688407375006
Experiment 07-17_19:18
Epoch 0079 [Train seq (cond on sampled tp)] | Loss 1908423.847146 | MAPE 0.043249 | RMSE 84.067005 | Likelihood -1908419.911008 | KL fp 3.9361 | FP STD 0.3117 | ->nfe   52.00 | <-nfe   52.00
Epoch 0079 [Val seq (cond on sampled tp)] |  MAPE 0.028811 | RMSE 91.224392 |
Epoch 0079 [Test seq (cond on sampled tp)] | MAPE 0.052945 | RMSE 282.734281|
0.05345320701599121,0.05529634281992912,0.05008576437830925
237.6095717637444,311.30148921503735,299.2917812311257
Experiment 07-17_19:18
Epoch 0080 [Train seq (cond on sampled tp)] | Loss 1952190.288562 | MAPE 0.066327 | RMSE 94.280857 | Likelihood -1952185.699818 | KL fp 4.5887 | FP STD 0.2785 | ->nfe   52.00 | <-nfe   52.00
Epoch 0080 [Val seq (cond on sampled tp)] |  MAPE 0.025054 | RMSE 99.571244 |
Epoch 0080 [Test seq (cond on sampled tp)] | MAPE 0.045177 | RMSE 276.363460|
0.050405386835336685,0.046276453882455826,0.0388505756855011
260.8452456678097,289.59977771055003,278.64535591859413
Experiment 07-17_19:18
Epoch 0081 [Train seq (cond on sampled tp)] | Loss 1894163.356072 | MAPE 0.043393 | RMSE 86.396861 | Likelihood -1894159.744104 | KL fp 3.6120 | FP STD 0.3032 | ->nfe   52.00 | <-nfe   52.00
Epoch 0081 [Val seq (cond on sampled tp)] |  MAPE 0.024685 | RMSE 96.696590 |
Epoch 0081 [Test seq (cond on sampled tp)] | MAPE 0.045051 | RMSE 268.629487|
0.05095483735203743,0.04774540662765503,0.03645359352231026
252.79742693014106,258.73721284828747,294.35382089417493
Experiment 07-17_19:18
Epoch 0082 [Train seq (cond on sampled tp)] | Loss 1893808.198968 | MAPE 0.052880 | RMSE 82.395934 | Likelihood -1893803.715645 | KL fp 4.4833 | FP STD 0.2700 | ->nfe   52.00 | <-nfe   52.00
Epoch 0082 [Val seq (cond on sampled tp)] |  MAPE 0.027685 | RMSE 103.811028 |
Epoch 0082 [Test seq (cond on sampled tp)] | MAPE 0.053080 | RMSE 317.959218|
0.06243027001619339,0.05527558550238609,0.04153478145599365
302.9234897214146,317.8650829164789,333.08908108417484
Experiment 07-17_19:18
Epoch 0083 [Train seq (cond on sampled tp)] | Loss 1884102.633655 | MAPE 0.047067 | RMSE 81.168982 | Likelihood -1884098.005391 | KL fp 4.6283 | FP STD 0.2486 | ->nfe   52.00 | <-nfe   52.00
Epoch 0083 [Val seq (cond on sampled tp)] |  MAPE 0.026810 | RMSE 103.212756 |
Epoch 0083 [Test seq (cond on sampled tp)] | MAPE 0.044973 | RMSE 276.004513|
0.05211866274476051,0.04394470155239105,0.038855113089084625
233.0828799080919,285.9468919222589,308.9837677775323
Experiment 07-17_19:18
Epoch 0084 [Train seq (cond on sampled tp)] | Loss 1875790.537483 | MAPE 0.052338 | RMSE 80.966214 | Likelihood -1875786.407553 | KL fp 4.1299 | FP STD 0.3476 | ->nfe   52.00 | <-nfe   52.00
Epoch 0084 [Val seq (cond on sampled tp)] |  MAPE 0.024262 | RMSE 93.804203 |
Epoch 0084 [Test seq (cond on sampled tp)] | MAPE 0.040538 | RMSE 245.878007|
0.043950557708740234,0.039144452661275864,0.03851982578635216
217.05220606169843,264.946913904465,255.6349020087046
0.043950557708740234,0.039144452661275864,0.03851982578635216
217.05220606169843,264.946913904465,255.6349020087046
Epoch 0084 [Test seq (cond on sampled tp)] | Best Test MAPE 0.040538|Best Test RMSE 245.878007|
Experiment 07-17_19:18
Epoch 0085 [Train seq (cond on sampled tp)] | Loss 1895005.342564 | MAPE 0.084105 | RMSE 83.274724 | Likelihood -1895000.776941 | KL fp 4.5656 | FP STD 0.2693 | ->nfe   52.00 | <-nfe   52.00
Epoch 0085 [Val seq (cond on sampled tp)] |  MAPE 0.026351 | RMSE 116.669878 |
Epoch 0085 [Test seq (cond on sampled tp)] | MAPE 0.045519 | RMSE 338.660319|
0.05191029980778694,0.04886212199926376,0.03578311204910278
346.00651411859286,370.7866215898303,299.18781987657854
Experiment 07-17_19:18
Epoch 0086 [Train seq (cond on sampled tp)] | Loss 1906149.572808 | MAPE 0.069176 | RMSE 87.537058 | Likelihood -1906145.466944 | KL fp 4.1059 | FP STD 0.2689 | ->nfe   52.00 | <-nfe   52.00
Epoch 0086 [Val seq (cond on sampled tp)] |  MAPE 0.030214 | RMSE 91.729328 |
Epoch 0086 [Test seq (cond on sampled tp)] | MAPE 0.048600 | RMSE 256.733061|
0.0453156977891922,0.0499965101480484,0.05048851668834686
197.42313575477925,259.86492885728154,312.91111707240447
Experiment 07-17_19:18
Epoch 0087 [Train seq (cond on sampled tp)] | Loss 1904322.293173 | MAPE 0.052828 | RMSE 83.324116 | Likelihood -1904317.674497 | KL fp 4.6187 | FP STD 0.2687 | ->nfe   52.00 | <-nfe   52.00
Epoch 0087 [Val seq (cond on sampled tp)] |  MAPE 0.023680 | RMSE 98.114042 |
Epoch 0087 [Test seq (cond on sampled tp)] | MAPE 0.048040 | RMSE 300.881651|
0.05622079595923424,0.05153696984052658,0.03636078163981438
278.068168350856,316.85977527527854,307.717009299941
Experiment 07-17_19:18
Epoch 0088 [Train seq (cond on sampled tp)] | Loss 1877723.050816 | MAPE 0.057296 | RMSE 84.877372 | Likelihood -1877718.621897 | KL fp 4.4289 | FP STD 0.3344 | ->nfe   52.00 | <-nfe   52.00
Epoch 0088 [Val seq (cond on sampled tp)] |  MAPE 0.024809 | RMSE 103.799118 |
Epoch 0088 [Test seq (cond on sampled tp)] | MAPE 0.046073 | RMSE 313.448113|
0.05374503508210182,0.05200154334306717,0.032473281025886536
288.7472808313526,361.15594580111787,290.4411111783248
Experiment 07-17_19:18
Epoch 0089 [Train seq (cond on sampled tp)] | Loss 1900841.463977 | MAPE 0.054005 | RMSE 89.355725 | Likelihood -1900837.283177 | KL fp 4.1808 | FP STD 0.3137 | ->nfe   52.00 | <-nfe   52.00
Epoch 0089 [Val seq (cond on sampled tp)] |  MAPE 0.024841 | RMSE 89.499056 |
Epoch 0089 [Test seq (cond on sampled tp)] | MAPE 0.040198 | RMSE 262.815319|
0.04737403243780136,0.038597140461206436,0.03462162986397743
233.0273421457233,280.24368581200895,275.17493015807236
0.04737403243780136,0.038597140461206436,0.03462162986397743
233.0273421457233,280.24368581200895,275.17493015807236
Epoch 0089 [Test seq (cond on sampled tp)] | Best Test MAPE 0.040198|Best Test RMSE 262.815319|
Experiment 07-17_19:18
Epoch 0090 [Train seq (cond on sampled tp)] | Loss 1878083.983235 | MAPE 0.064969 | RMSE 82.813000 | Likelihood -1878079.666599 | KL fp 4.3166 | FP STD 0.2886 | ->nfe   52.00 | <-nfe   52.00
Epoch 0090 [Val seq (cond on sampled tp)] |  MAPE 0.025020 | RMSE 93.655306 |
Epoch 0090 [Test seq (cond on sampled tp)] | MAPE 0.045307 | RMSE 257.450703|
0.039242587983608246,0.04648473113775253,0.050194885581731796
224.19061887989426,272.2027622012679,275.95872653351626
Experiment 07-17_19:18
Epoch 0091 [Train seq (cond on sampled tp)] | Loss 1897215.199334 | MAPE 0.072017 | RMSE 84.424441 | Likelihood -1897211.058680 | KL fp 4.1407 | FP STD 0.3902 | ->nfe   52.00 | <-nfe   52.00
Epoch 0091 [Val seq (cond on sampled tp)] |  MAPE 0.027231 | RMSE 112.596378 |
Epoch 0091 [Test seq (cond on sampled tp)] | MAPE 0.047621 | RMSE 313.974148|
0.04935671389102936,0.05136585235595703,0.042139481753110886
328.0166249597724,331.5028751760684,282.40294239791484
Experiment 07-17_19:18
Epoch 0092 [Train seq (cond on sampled tp)] | Loss 1919994.906312 | MAPE 0.084439 | RMSE 89.747372 | Likelihood -1919991.161560 | KL fp 3.7448 | FP STD 0.4367 | ->nfe   52.00 | <-nfe   52.00
Epoch 0092 [Val seq (cond on sampled tp)] |  MAPE 0.025188 | RMSE 116.690935 |
Epoch 0092 [Test seq (cond on sampled tp)] | MAPE 0.047249 | RMSE 315.107900|
0.05308442935347557,0.04833148792386055,0.04033070430159569
319.0010041128397,324.307796506652,302.0149002946709
Experiment 07-17_19:18
Epoch 0093 [Train seq (cond on sampled tp)] | Loss 1930468.889685 | MAPE 0.061655 | RMSE 90.853861 | Likelihood -1930464.944788 | KL fp 3.9449 | FP STD 0.2837 | ->nfe   52.00 | <-nfe   52.00
Epoch 0093 [Val seq (cond on sampled tp)] |  MAPE 0.025917 | RMSE 100.210082 |
Epoch 0093 [Test seq (cond on sampled tp)] | MAPE 0.046524 | RMSE 258.855936|
0.05551034212112427,0.04613041132688522,0.03793036937713623
219.23841902139324,249.5786136170325,307.7507742679131
Experiment 07-17_19:18
Epoch 0094 [Train seq (cond on sampled tp)] | Loss 1942860.866501 | MAPE 0.098106 | RMSE 90.410315 | Likelihood -1942856.150033 | KL fp 4.7165 | FP STD 0.3708 | ->nfe   52.00 | <-nfe   52.00
Epoch 0094 [Val seq (cond on sampled tp)] |  MAPE 0.028589 | RMSE 110.085248 |
Epoch 0094 [Test seq (cond on sampled tp)] | MAPE 0.042873 | RMSE 330.951715|
0.04553570970892906,0.045839615166187286,0.037242334336042404
280.75261574916806,362.7016465016391,349.4008823149993
Experiment 07-17_19:18
Epoch 0095 [Train seq (cond on sampled tp)] | Loss 1931894.178680 | MAPE 0.065236 | RMSE 95.184461 | Likelihood -1931890.080256 | KL fp 4.0984 | FP STD 0.3201 | ->nfe   52.00 | <-nfe   52.00
Epoch 0095 [Val seq (cond on sampled tp)] |  MAPE 0.029043 | RMSE 106.228500 |
Epoch 0095 [Test seq (cond on sampled tp)] | MAPE 0.049613 | RMSE 266.452681|
0.04943276196718216,0.05037161707878113,0.04903551936149597
192.94030407745294,286.373199470551,320.0445403572759
Experiment 07-17_19:18
Epoch 0096 [Train seq (cond on sampled tp)] | Loss 1908929.946327 | MAPE 0.057411 | RMSE 86.908813 | Likelihood -1908925.391940 | KL fp 4.5544 | FP STD 0.2566 | ->nfe   52.00 | <-nfe   52.00
Epoch 0096 [Val seq (cond on sampled tp)] |  MAPE 0.024033 | RMSE 104.833243 |
Epoch 0096 [Test seq (cond on sampled tp)] | MAPE 0.046345 | RMSE 346.451879|
0.05261939391493797,0.0479247085750103,0.038489580154418945
339.3416420069898,354.19632841476493,345.8176678178835
Experiment 07-17_19:18
Epoch 0097 [Train seq (cond on sampled tp)] | Loss 1927708.787369 | MAPE 0.102264 | RMSE 91.746527 | Likelihood -1927704.255301 | KL fp 4.5321 | FP STD 0.2732 | ->nfe   52.00 | <-nfe   52.00
Epoch 0097 [Val seq (cond on sampled tp)] |  MAPE 0.026101 | RMSE 108.607994 |
Epoch 0097 [Test seq (cond on sampled tp)] | MAPE 0.048024 | RMSE 311.021334|
0.05270013213157654,0.04874014854431152,0.04263101518154144
291.69432309354255,315.29107335524105,326.0786067998022
Experiment 07-17_19:18
Epoch 0098 [Train seq (cond on sampled tp)] | Loss 1894916.854797 | MAPE 0.062715 | RMSE 85.891163 | Likelihood -1894912.679025 | KL fp 4.1758 | FP STD 0.2467 | ->nfe   52.00 | <-nfe   52.00
Epoch 0098 [Val seq (cond on sampled tp)] |  MAPE 0.027544 | RMSE 101.560038 |
Epoch 0098 [Test seq (cond on sampled tp)] | MAPE 0.048841 | RMSE 304.594202|
0.06022113561630249,0.05058726295828819,0.03571333736181259
288.90451763947897,310.5599152136347,314.31817329340026
Experiment 07-17_19:18
Epoch 0099 [Train seq (cond on sampled tp)] | Loss 1879224.846347 | MAPE 0.081235 | RMSE 82.992097 | Likelihood -1879220.253605 | KL fp 4.5927 | FP STD 0.2771 | ->nfe   52.00 | <-nfe   52.00
Epoch 0099 [Val seq (cond on sampled tp)] |  MAPE 0.027716 | RMSE 125.851894 |
Epoch 0099 [Test seq (cond on sampled tp)] | MAPE 0.049659 | RMSE 358.419229|
0.05976555868983269,0.053243931382894516,0.03596626594662666
350.0505320664432,383.08225699580504,342.12489724148986
Experiment 07-17_19:18
Epoch 0100 [Train seq (cond on sampled tp)] | Loss 1889463.520386 | MAPE 0.064562 | RMSE 86.518530 | Likelihood -1889459.065465 | KL fp 4.4549 | FP STD 0.1860 | ->nfe   52.00 | <-nfe   52.00
Epoch 0100 [Val seq (cond on sampled tp)] |  MAPE 0.024223 | RMSE 99.418534 |
Epoch 0100 [Test seq (cond on sampled tp)] | MAPE 0.043661 | RMSE 266.326162|
0.047862060368061066,0.043163836002349854,0.03995687887072563
218.18833249626343,263.1726797655866,317.61747334647697
