/data2/yuanjingyang/CG-ODE/run_models_covid.py
run_models_covid.py --rec-layers 2 --encoder Cheb_cat
Namespace(save='experiments/', load=None, dataset='Dec', datapath='data/', pred_length=14, condition_length=21, features='Confirmed,Deaths,Recovered,Mortality_Rate,Testing_Rate,Population,Mobility', split_interval=3, feature_out='Deaths', niters=100, lr=0.005, batch_size=8, random_seed=1991, dropout=0.2, l2=1e-05, optimizer='AdamW', clip=10, edge_lamda=0.5, z0_encoder='GTrans', rec_dims=64, ode_dims=20, rec_layers=2, gen_layers=1, encoder='Cheb_cat', graf_layer=1, cheb_K=2, heavyBall=False, actv_h=None, gamma_guess=-3.0, gamma_act='sigmoid', corr=-100, corrf=True, sign=1, augment_dim=0, solver='rk4', rtol=0.01, atol=0.01, alias='run', output_dim=1, feature_out_index=[1], num_atoms=50)
run
Experiment 07-15_16:33
Epoch 0001 [Train seq (cond on sampled tp)] | Loss 4384634.517925 | MAPE 0.063758 | RMSE 285.906887 | Likelihood -4384632.741837 | KL fp 1.7761 | FP STD 0.8682 | ->nfe   52.00 | <-nfe   52.00
Epoch 0001 [Val seq (cond on sampled tp)] |  MAPE 0.057959 | RMSE 302.277126 |
Best Val!
Epoch 0001 [Test seq (cond on sampled tp)] | MAPE 0.116011 | RMSE 900.218461|
0.12731130421161652,0.11891090124845505,0.10181045532226562
844.9759611965301,931.5984918407715,924.0809285446811
0.12731130421161652,0.11891090124845505,0.10181045532226562
844.9759611965301,931.5984918407715,924.0809285446811
Epoch 0001 [Test seq (cond on sampled tp)] | Best Test MAPE 0.116011|Best Test RMSE 900.218461|
Experiment 07-15_16:33
Epoch 0002 [Train seq (cond on sampled tp)] | Loss 4101896.121739 | MAPE 0.115991 | RMSE 271.594055 | Likelihood -4101889.460641 | KL fp 6.6611 | FP STD 1.6562 | ->nfe   52.00 | <-nfe   52.00
Epoch 0002 [Val seq (cond on sampled tp)] |  MAPE 0.073475 | RMSE 266.997264 |
Epoch 0002 [Test seq (cond on sampled tp)] | MAPE 0.113839 | RMSE 838.921172|
0.11861719936132431,0.11857500672340393,0.10432452708482742
779.5842241220637,872.3599099568938,864.8193814317531
0.11861719936132431,0.11857500672340393,0.10432452708482742
779.5842241220637,872.3599099568938,864.8193814317531
Epoch 0002 [Test seq (cond on sampled tp)] | Best Test MAPE 0.113839|Best Test RMSE 838.921172|
Experiment 07-15_16:33
Epoch 0003 [Train seq (cond on sampled tp)] | Loss 3663834.057418 | MAPE 0.290623 | RMSE 247.026615 | Likelihood -3663820.647715 | KL fp 13.4097 | FP STD 1.9357 | ->nfe   52.00 | <-nfe   52.00
Epoch 0003 [Val seq (cond on sampled tp)] |  MAPE 0.116205 | RMSE 215.965881 |
Epoch 0003 [Test seq (cond on sampled tp)] | MAPE 0.140112 | RMSE 729.948310|
0.15961237251758575,0.13936340808868408,0.12135948985815048
668.3102993744747,761.3517173422543,760.182913843767
Experiment 07-15_16:33
Epoch 0004 [Train seq (cond on sampled tp)] | Loss 3334043.605193 | MAPE 0.476351 | RMSE 225.461039 | Likelihood -3334030.337635 | KL fp 13.2676 | FP STD 1.5654 | ->nfe   52.00 | <-nfe   52.00
Epoch 0004 [Val seq (cond on sampled tp)] |  MAPE 0.079089 | RMSE 192.971399 |
Epoch 0004 [Test seq (cond on sampled tp)] | MAPE 0.098128 | RMSE 680.849392|
0.10457469522953033,0.09874873608350754,0.09105945378541946
604.1234610988055,724.284474498798,714.1402392037575
0.10457469522953033,0.09874873608350754,0.09105945378541946
604.1234610988055,724.284474498798,714.1402392037575
Epoch 0004 [Test seq (cond on sampled tp)] | Best Test MAPE 0.098128|Best Test RMSE 680.849392|
Experiment 07-15_16:33
Epoch 0005 [Train seq (cond on sampled tp)] | Loss 2973637.742304 | MAPE 0.284271 | RMSE 202.425187 | Likelihood -2973630.423650 | KL fp 7.3187 | FP STD 1.0375 | ->nfe   52.00 | <-nfe   52.00
Epoch 0005 [Val seq (cond on sampled tp)] |  MAPE 0.029150 | RMSE 163.338868 |
Best Val!
Epoch 0005 [Test seq (cond on sampled tp)] | MAPE 0.066780 | RMSE 601.568668|
0.0725257471203804,0.07119245082139969,0.056621041148900986
535.7825176785819,640.5057571950466,628.4177302957007
0.0725257471203804,0.07119245082139969,0.056621041148900986
535.7825176785819,640.5057571950466,628.4177302957007
Epoch 0005 [Test seq (cond on sampled tp)] | Best Test MAPE 0.066780|Best Test RMSE 601.568668|
Experiment 07-15_16:33
Epoch 0006 [Train seq (cond on sampled tp)] | Loss 2635851.820457 | MAPE 0.072282 | RMSE 175.663184 | Likelihood -2635845.446144 | KL fp 6.3743 | FP STD 0.7400 | ->nfe   52.00 | <-nfe   52.00
Epoch 0006 [Val seq (cond on sampled tp)] |  MAPE 0.031091 | RMSE 144.418466 |
Epoch 0006 [Test seq (cond on sampled tp)] | MAPE 0.063263 | RMSE 520.925808|
0.06716331094503403,0.06629045307636261,0.05633637309074402
450.58619805204864,549.3957476173255,562.7954779491391
0.06716331094503403,0.06629045307636261,0.05633637309074402
450.58619805204864,549.3957476173255,562.7954779491391
Epoch 0006 [Test seq (cond on sampled tp)] | Best Test MAPE 0.063263|Best Test RMSE 520.925808|
Experiment 07-15_16:33
Epoch 0007 [Train seq (cond on sampled tp)] | Loss 2355900.252377 | MAPE 0.058796 | RMSE 148.129133 | Likelihood -2355894.118321 | KL fp 6.1341 | FP STD 0.6085 | ->nfe   52.00 | <-nfe   52.00
Epoch 0007 [Val seq (cond on sampled tp)] |  MAPE 0.040228 | RMSE 117.136226 |
Epoch 0007 [Test seq (cond on sampled tp)] | MAPE 0.053943 | RMSE 430.722964|
0.05591598525643349,0.056192588061094284,0.049719419330358505
362.176773999935,451.62918625239445,478.3629309948671
0.05591598525643349,0.056192588061094284,0.049719419330358505
362.176773999935,451.62918625239445,478.3629309948671
Epoch 0007 [Test seq (cond on sampled tp)] | Best Test MAPE 0.053943|Best Test RMSE 430.722964|
Experiment 07-15_16:33
Epoch 0008 [Train seq (cond on sampled tp)] | Loss 2220974.673675 | MAPE 0.052030 | RMSE 132.722451 | Likelihood -2220969.313294 | KL fp 5.3604 | FP STD 0.4958 | ->nfe   52.00 | <-nfe   52.00
Epoch 0008 [Val seq (cond on sampled tp)] |  MAPE 0.031797 | RMSE 101.035677 |
Epoch 0008 [Test seq (cond on sampled tp)] | MAPE 0.051727 | RMSE 398.732334|
0.051836032420396805,0.048605721443891525,0.05473896861076355
333.17145548501,423.5553941044784,439.4701532811984
0.051836032420396805,0.048605721443891525,0.05473896861076355
333.17145548501,423.5553941044784,439.4701532811984
Epoch 0008 [Test seq (cond on sampled tp)] | Best Test MAPE 0.051727|Best Test RMSE 398.732334|
Experiment 07-15_16:33
Epoch 0009 [Train seq (cond on sampled tp)] | Loss 2200151.611017 | MAPE 0.148463 | RMSE 129.342434 | Likelihood -2200146.626040 | KL fp 4.9850 | FP STD 0.4389 | ->nfe   52.00 | <-nfe   52.00
Epoch 0009 [Val seq (cond on sampled tp)] |  MAPE 0.027259 | RMSE 112.115998 |
Best Val!
Epoch 0009 [Test seq (cond on sampled tp)] | MAPE 0.050654 | RMSE 425.714485|
0.056167762726545334,0.051605552434921265,0.04418877139687538
357.44889276300745,444.03807550704477,475.6564871312069
0.056167762726545334,0.051605552434921265,0.04418877139687538
357.44889276300745,444.03807550704477,475.6564871312069
Epoch 0009 [Test seq (cond on sampled tp)] | Best Test MAPE 0.050654|Best Test RMSE 425.714485|
Experiment 07-15_16:33
Epoch 0010 [Train seq (cond on sampled tp)] | Loss 2174098.378648 | MAPE 0.041874 | RMSE 126.873873 | Likelihood -2174093.982298 | KL fp 4.3964 | FP STD 0.4237 | ->nfe   52.00 | <-nfe   52.00
Epoch 0010 [Val seq (cond on sampled tp)] |  MAPE 0.028512 | RMSE 100.031167 |
Epoch 0010 [Test seq (cond on sampled tp)] | MAPE 0.056326 | RMSE 389.109706|
0.06013070046901703,0.05814565345644951,0.050702523440122604
318.9467162591582,407.76555764311433,440.6168438961452
Experiment 07-15_16:33
Epoch 0011 [Train seq (cond on sampled tp)] | Loss 2158122.429627 | MAPE 0.039117 | RMSE 126.024997 | Likelihood -2158118.833522 | KL fp 3.5961 | FP STD 0.4269 | ->nfe   52.00 | <-nfe   52.00
Epoch 0011 [Val seq (cond on sampled tp)] |  MAPE 0.033050 | RMSE 92.625870 |
Epoch 0011 [Test seq (cond on sampled tp)] | MAPE 0.052211 | RMSE 345.246876|
0.054270096123218536,0.05311816930770874,0.0492447093129158
276.45628610143774,369.1238570927108,390.160483807625
Experiment 07-15_16:33
Epoch 0012 [Train seq (cond on sampled tp)] | Loss 2102480.056763 | MAPE 0.078392 | RMSE 117.065352 | Likelihood -2102475.739217 | KL fp 4.3175 | FP STD 0.3426 | ->nfe   52.00 | <-nfe   52.00
Epoch 0012 [Val seq (cond on sampled tp)] |  MAPE 0.022914 | RMSE 92.455944 |
Best Val!
Epoch 0012 [Test seq (cond on sampled tp)] | MAPE 0.050446 | RMSE 361.051964|
0.05957853049039841,0.052455585449934006,0.03930320963263512
302.2210361432506,388.0727017905279,392.86215378297766
0.05957853049039841,0.052455585449934006,0.03930320963263512
302.2210361432506,388.0727017905279,392.86215378297766
Epoch 0012 [Test seq (cond on sampled tp)] | Best Test MAPE 0.050446|Best Test RMSE 361.051964|
Experiment 07-15_16:33
Epoch 0013 [Train seq (cond on sampled tp)] | Loss 2072388.972936 | MAPE 0.052313 | RMSE 114.243474 | Likelihood -2072384.732165 | KL fp 4.2408 | FP STD 0.3360 | ->nfe   52.00 | <-nfe   52.00
Epoch 0013 [Val seq (cond on sampled tp)] |  MAPE 0.029294 | RMSE 87.402608 |
Epoch 0013 [Test seq (cond on sampled tp)] | MAPE 0.056656 | RMSE 313.011406|
0.06086026132106781,0.06051535904407501,0.04859277606010437
237.5425619757436,335.97913114135525,365.51252543517575
Experiment 07-15_16:33
Epoch 0014 [Train seq (cond on sampled tp)] | Loss 2034409.591482 | MAPE 0.041361 | RMSE 109.799583 | Likelihood -2034405.910275 | KL fp 3.6812 | FP STD 0.3655 | ->nfe   52.00 | <-nfe   52.00
Epoch 0014 [Val seq (cond on sampled tp)] |  MAPE 0.024089 | RMSE 87.641585 |
Epoch 0014 [Test seq (cond on sampled tp)] | MAPE 0.045391 | RMSE 302.451349|
0.04301474615931511,0.04970039427280426,0.04345807805657387
233.76944270744627,324.4013958431745,349.1832098805726
0.04301474615931511,0.04970039427280426,0.04345807805657387
233.76944270744627,324.4013958431745,349.1832098805726
Epoch 0014 [Test seq (cond on sampled tp)] | Best Test MAPE 0.045391|Best Test RMSE 302.451349|
Experiment 07-15_16:33
Epoch 0015 [Train seq (cond on sampled tp)] | Loss 2029518.106071 | MAPE 0.043839 | RMSE 107.380743 | Likelihood -2029514.261852 | KL fp 3.8442 | FP STD 0.3543 | ->nfe   52.00 | <-nfe   52.00
Epoch 0015 [Val seq (cond on sampled tp)] |  MAPE 0.031292 | RMSE 87.278517 |
Epoch 0015 [Test seq (cond on sampled tp)] | MAPE 0.054540 | RMSE 313.297285|
0.05577968433499336,0.05239667743444443,0.05544266477227211
255.9753406092079,318.6751137522351,365.2414013361574
Experiment 07-15_16:33
Epoch 0016 [Train seq (cond on sampled tp)] | Loss 2030802.739521 | MAPE 0.084129 | RMSE 108.823233 | Likelihood -2030799.016939 | KL fp 3.7226 | FP STD 0.4116 | ->nfe   52.00 | <-nfe   52.00
Epoch 0016 [Val seq (cond on sampled tp)] |  MAPE 0.033675 | RMSE 91.557908 |
Epoch 0016 [Test seq (cond on sampled tp)] | MAPE 0.061324 | RMSE 314.696661|
0.06850694119930267,0.062193937599658966,0.053271856158971786
278.07946256421025,308.1763775624277,357.8341423585793
Experiment 07-15_16:33
Epoch 0017 [Train seq (cond on sampled tp)] | Loss 1996864.689839 | MAPE 0.037776 | RMSE 103.071993 | Likelihood -1996860.668444 | KL fp 4.0214 | FP STD 0.3623 | ->nfe   52.00 | <-nfe   52.00
Epoch 0017 [Val seq (cond on sampled tp)] |  MAPE 0.032372 | RMSE 86.029874 |
Epoch 0017 [Test seq (cond on sampled tp)] | MAPE 0.065345 | RMSE 338.920441|
0.06760162860155106,0.06271675229072571,0.06571701169013977
267.4249018416198,353.8893828762033,395.44703738301035
Experiment 07-15_16:33
Epoch 0018 [Train seq (cond on sampled tp)] | Loss 2043815.955788 | MAPE 0.059081 | RMSE 110.884996 | Likelihood -2043812.362969 | KL fp 3.5928 | FP STD 0.4361 | ->nfe   52.00 | <-nfe   52.00
Epoch 0018 [Val seq (cond on sampled tp)] |  MAPE 0.030585 | RMSE 94.194244 |
Epoch 0018 [Test seq (cond on sampled tp)] | MAPE 0.067352 | RMSE 334.273500|
0.07479982078075409,0.0691252201795578,0.05813179910182953
261.3405345521433,349.366223056122,392.11374306443275
Experiment 07-15_16:33
Epoch 0019 [Train seq (cond on sampled tp)] | Loss 2025901.927693 | MAPE 0.045036 | RMSE 107.330186 | Likelihood -2025898.813385 | KL fp 3.1143 | FP STD 0.6127 | ->nfe   52.00 | <-nfe   52.00
Epoch 0019 [Val seq (cond on sampled tp)] |  MAPE 0.036625 | RMSE 87.987212 |
Epoch 0019 [Test seq (cond on sampled tp)] | MAPE 0.053042 | RMSE 325.133952|
0.054956864565610886,0.05715065449476242,0.0470188744366169
276.5501197793991,353.8328966475559,345.0188400652927
Experiment 07-15_16:33
Epoch 0020 [Train seq (cond on sampled tp)] | Loss 2016317.571061 | MAPE 0.112061 | RMSE 105.335414 | Likelihood -2016314.266360 | KL fp 3.3047 | FP STD 0.4486 | ->nfe   52.00 | <-nfe   52.00
Epoch 0020 [Val seq (cond on sampled tp)] |  MAPE 0.027099 | RMSE 93.642386 |
Epoch 0020 [Test seq (cond on sampled tp)] | MAPE 0.047658 | RMSE 290.521833|
0.04868415370583534,0.05114312842488289,0.04314589500427246
238.2655425150687,292.6018786252064,340.69807702348425
Experiment 07-15_16:33
Epoch 0021 [Train seq (cond on sampled tp)] | Loss 2002917.292645 | MAPE 0.078244 | RMSE 100.918814 | Likelihood -2002913.209744 | KL fp 4.0829 | FP STD 0.3710 | ->nfe   52.00 | <-nfe   52.00
Epoch 0021 [Val seq (cond on sampled tp)] |  MAPE 0.036142 | RMSE 101.208629 |
Epoch 0021 [Test seq (cond on sampled tp)] | MAPE 0.059573 | RMSE 333.626286|
0.06856473535299301,0.05934013053774834,0.050813253968954086
283.8016197540106,363.39071603440834,353.6865225733093
Experiment 07-15_16:33
Epoch 0022 [Train seq (cond on sampled tp)] | Loss 2009742.493717 | MAPE 0.067389 | RMSE 105.379414 | Likelihood -2009739.117267 | KL fp 3.3765 | FP STD 0.4710 | ->nfe   52.00 | <-nfe   52.00
Epoch 0022 [Val seq (cond on sampled tp)] |  MAPE 0.030088 | RMSE 88.039800 |
Epoch 0022 [Test seq (cond on sampled tp)] | MAPE 0.054465 | RMSE 304.846885|
0.0575743094086647,0.05397602543234825,0.05184478685259819
251.81243794985585,318.8910227256327,343.83719348697576
Experiment 07-15_16:33
Epoch 0023 [Train seq (cond on sampled tp)] | Loss 1976438.622665 | MAPE 0.034128 | RMSE 98.295884 | Likelihood -1976434.697963 | KL fp 3.9247 | FP STD 0.3107 | ->nfe   52.00 | <-nfe   52.00
Epoch 0023 [Val seq (cond on sampled tp)] |  MAPE 0.022354 | RMSE 84.195524 |
Best Val!
Epoch 0023 [Test seq (cond on sampled tp)] | MAPE 0.046291 | RMSE 259.339137|
0.050084616988897324,0.04716161638498306,0.041626427322626114
211.84038249646832,257.0094842607953,309.1675440800667
Experiment 07-15_16:33
Epoch 0024 [Train seq (cond on sampled tp)] | Loss 1971397.999699 | MAPE 0.067028 | RMSE 97.476649 | Likelihood -1971394.057679 | KL fp 3.9420 | FP STD 0.3046 | ->nfe   52.00 | <-nfe   52.00
Epoch 0024 [Val seq (cond on sampled tp)] |  MAPE 0.022230 | RMSE 85.503278 |
Best Val!
Epoch 0024 [Test seq (cond on sampled tp)] | MAPE 0.048619 | RMSE 329.898277|
0.053333576768636703,0.05199947580695152,0.04052449017763138
289.04000588153883,339.8573804737805,360.7974457711695
Experiment 07-15_16:33
Epoch 0025 [Train seq (cond on sampled tp)] | Loss 2012912.187492 | MAPE 0.041722 | RMSE 104.238458 | Likelihood -2012908.037116 | KL fp 4.1504 | FP STD 0.2842 | ->nfe   52.00 | <-nfe   52.00
Epoch 0025 [Val seq (cond on sampled tp)] |  MAPE 0.029926 | RMSE 90.601344 |
Epoch 0025 [Test seq (cond on sampled tp)] | MAPE 0.061310 | RMSE 305.100354|
0.07111208140850067,0.061624374240636826,0.05119461938738823
250.65909213262142,327.37664661670664,337.2653235028766
Experiment 07-15_16:33
Epoch 0026 [Train seq (cond on sampled tp)] | Loss 1973890.573552 | MAPE 0.035544 | RMSE 99.904995 | Likelihood -1973887.049881 | KL fp 3.5237 | FP STD 0.4006 | ->nfe   52.00 | <-nfe   52.00
Epoch 0026 [Val seq (cond on sampled tp)] |  MAPE 0.027773 | RMSE 87.459159 |
Epoch 0026 [Test seq (cond on sampled tp)] | MAPE 0.051797 | RMSE 322.314476|
0.06262791156768799,0.048747919499874115,0.04401407018303871
261.3451531260911,348.91116347861384,356.68711122284753
Experiment 07-15_16:33
Epoch 0027 [Train seq (cond on sampled tp)] | Loss 1973046.583248 | MAPE 0.033033 | RMSE 99.086946 | Likelihood -1973042.783473 | KL fp 3.7998 | FP STD 0.3626 | ->nfe   52.00 | <-nfe   52.00
Epoch 0027 [Val seq (cond on sampled tp)] |  MAPE 0.023361 | RMSE 84.672009 |
Epoch 0027 [Test seq (cond on sampled tp)] | MAPE 0.052441 | RMSE 297.813711|
0.055525168776512146,0.05509356036782265,0.046705108135938644
240.64791287013065,317.1447569722697,335.64846286703
Experiment 07-15_16:33
Epoch 0028 [Train seq (cond on sampled tp)] | Loss 1973928.346748 | MAPE 0.030713 | RMSE 98.484892 | Likelihood -1973924.329763 | KL fp 4.0170 | FP STD 0.3507 | ->nfe   52.00 | <-nfe   52.00
Epoch 0028 [Val seq (cond on sampled tp)] |  MAPE 0.023238 | RMSE 104.240576 |
Epoch 0028 [Test seq (cond on sampled tp)] | MAPE 0.059532 | RMSE 348.017743|
0.07044699788093567,0.06213603913784027,0.04601339250802994
322.6388388159429,369.472977699317,351.9414124715931
Experiment 07-15_16:33
Epoch 0029 [Train seq (cond on sampled tp)] | Loss 2002327.983509 | MAPE 0.044611 | RMSE 104.280377 | Likelihood -2002323.880783 | KL fp 4.1027 | FP STD 0.2944 | ->nfe   52.00 | <-nfe   52.00
Epoch 0029 [Val seq (cond on sampled tp)] |  MAPE 0.030647 | RMSE 88.842057 |
Epoch 0029 [Test seq (cond on sampled tp)] | MAPE 0.047616 | RMSE 276.301417|
0.056622352451086044,0.04620556905865669,0.040018580853939056
231.35798998791893,289.24936527588096,308.2968967772786
Experiment 07-15_16:33
Epoch 0030 [Train seq (cond on sampled tp)] | Loss 1967241.792628 | MAPE 0.034657 | RMSE 97.884283 | Likelihood -1967238.036393 | KL fp 3.7562 | FP STD 0.3423 | ->nfe   52.00 | <-nfe   52.00
Epoch 0030 [Val seq (cond on sampled tp)] |  MAPE 0.023553 | RMSE 82.367326 |
Epoch 0030 [Test seq (cond on sampled tp)] | MAPE 0.046712 | RMSE 270.572117|
0.05356433615088463,0.044936470687389374,0.04163401573896408
221.85903991893142,283.63333229276844,306.223978486336
Experiment 07-15_16:33
Epoch 0031 [Train seq (cond on sampled tp)] | Loss 1984728.761878 | MAPE 0.054763 | RMSE 100.096101 | Likelihood -1984724.605490 | KL fp 4.1564 | FP STD 0.3733 | ->nfe   52.00 | <-nfe   52.00
Epoch 0031 [Val seq (cond on sampled tp)] |  MAPE 0.023189 | RMSE 101.963013 |
Epoch 0031 [Test seq (cond on sampled tp)] | MAPE 0.053494 | RMSE 306.297709|
0.061449214816093445,0.053530097007751465,0.04550144076347351
259.82109229236954,323.2054783725053,335.8665564625332
Experiment 07-15_16:33
Epoch 0032 [Train seq (cond on sampled tp)] | Loss 1965904.883563 | MAPE 0.037095 | RMSE 100.110974 | Likelihood -1965901.239707 | KL fp 3.6439 | FP STD 0.3293 | ->nfe   52.00 | <-nfe   52.00
Epoch 0032 [Val seq (cond on sampled tp)] |  MAPE 0.021725 | RMSE 83.756273 |
Best Val!
Epoch 0032 [Test seq (cond on sampled tp)] | MAPE 0.047112 | RMSE 262.081700|
0.05844559147953987,0.0432799868285656,0.039609141647815704
211.05975161077018,288.87057817905236,286.3147716019905
Experiment 07-15_16:33
Epoch 0033 [Train seq (cond on sampled tp)] | Loss 1967505.967163 | MAPE 0.044611 | RMSE 97.025056 | Likelihood -1967502.079425 | KL fp 3.8877 | FP STD 0.3596 | ->nfe   52.00 | <-nfe   52.00
Epoch 0033 [Val seq (cond on sampled tp)] |  MAPE 0.025518 | RMSE 108.328318 |
Epoch 0033 [Test seq (cond on sampled tp)] | MAPE 0.055956 | RMSE 320.644398|
0.06992591917514801,0.05654384568333626,0.04139962047338486
272.44678379456053,337.07446553024454,352.41194600566536
Experiment 07-15_16:33
Epoch 0034 [Train seq (cond on sampled tp)] | Loss 1958568.685780 | MAPE 0.047705 | RMSE 97.001012 | Likelihood -1958564.882613 | KL fp 3.8032 | FP STD 0.3256 | ->nfe   52.00 | <-nfe   52.00
Epoch 0034 [Val seq (cond on sampled tp)] |  MAPE 0.026932 | RMSE 102.906032 |
Epoch 0034 [Test seq (cond on sampled tp)] | MAPE 0.056492 | RMSE 304.835313|
0.06816957145929337,0.05696198344230652,0.0443446971476078
253.00139729110194,324.4415273782011,337.063015714421
Experiment 07-15_16:33
Epoch 0035 [Train seq (cond on sampled tp)] | Loss 1945466.336647 | MAPE 0.035785 | RMSE 95.470863 | Likelihood -1945462.745794 | KL fp 3.5909 | FP STD 0.3347 | ->nfe   52.00 | <-nfe   52.00
Epoch 0035 [Val seq (cond on sampled tp)] |  MAPE 0.025812 | RMSE 87.402823 |
Epoch 0035 [Test seq (cond on sampled tp)] | MAPE 0.050612 | RMSE 265.461106|
0.054669808596372604,0.05170482024550438,0.045461300760507584
225.9623430325283,272.20878935111557,298.21218588867225
Experiment 07-15_16:33
Epoch 0036 [Train seq (cond on sampled tp)] | Loss 1954731.846958 | MAPE 0.083357 | RMSE 95.790303 | Likelihood -1954728.147398 | KL fp 3.6996 | FP STD 0.3685 | ->nfe   52.00 | <-nfe   52.00
Epoch 0036 [Val seq (cond on sampled tp)] |  MAPE 0.024960 | RMSE 88.803549 |
Epoch 0036 [Test seq (cond on sampled tp)] | MAPE 0.056496 | RMSE 299.293414|
0.06167696416378021,0.06290089339017868,0.04490974172949791
241.22967854826652,327.81959596705013,328.83096674051245
Experiment 07-15_16:33
Epoch 0037 [Train seq (cond on sampled tp)] | Loss 1960586.820532 | MAPE 0.043023 | RMSE 98.290720 | Likelihood -1960583.214122 | KL fp 3.6064 | FP STD 0.3770 | ->nfe   52.00 | <-nfe   52.00
Epoch 0037 [Val seq (cond on sampled tp)] |  MAPE 0.023113 | RMSE 92.021588 |
Epoch 0037 [Test seq (cond on sampled tp)] | MAPE 0.045526 | RMSE 311.921692|
0.04851476103067398,0.048541124910116196,0.039521683007478714
258.5462664108689,343.69449551891285,333.52431508062494
Experiment 07-15_16:33
Epoch 0038 [Train seq (cond on sampled tp)] | Loss 1964395.601092 | MAPE 0.061138 | RMSE 98.953220 | Likelihood -1964392.100754 | KL fp 3.5003 | FP STD 0.3301 | ->nfe   52.00 | <-nfe   52.00
Epoch 0038 [Val seq (cond on sampled tp)] |  MAPE 0.032142 | RMSE 81.413136 |
Epoch 0038 [Test seq (cond on sampled tp)] | MAPE 0.050584 | RMSE 294.743527|
0.048219017684459686,0.051047906279563904,0.052486419677734375
240.4647437125659,317.87515975222095,325.8906785641467
Experiment 07-15_16:33
Epoch 0039 [Train seq (cond on sampled tp)] | Loss 1958783.258606 | MAPE 0.064941 | RMSE 95.335816 | Likelihood -1958779.147758 | KL fp 4.1108 | FP STD 0.2938 | ->nfe   52.00 | <-nfe   52.00
Epoch 0039 [Val seq (cond on sampled tp)] |  MAPE 0.028408 | RMSE 93.008783 |
Epoch 0039 [Test seq (cond on sampled tp)] | MAPE 0.058476 | RMSE 283.856862|
0.06889434903860092,0.0609201118350029,0.04561244696378708
237.0357469085623,323.66155886589314,290.8732810434812
Experiment 07-15_16:33
Epoch 0040 [Train seq (cond on sampled tp)] | Loss 1949105.344760 | MAPE 0.049632 | RMSE 95.873651 | Likelihood -1949101.323593 | KL fp 4.0212 | FP STD 0.3296 | ->nfe   52.00 | <-nfe   52.00
Epoch 0040 [Val seq (cond on sampled tp)] |  MAPE 0.020366 | RMSE 87.863686 |
Best Val!
Epoch 0040 [Test seq (cond on sampled tp)] | MAPE 0.049276 | RMSE 284.851136|
0.05325092375278473,0.0549396276473999,0.03963640704751015
227.0110559669947,316.17564590350725,311.3667075371097
Experiment 07-15_16:33
Epoch 0041 [Train seq (cond on sampled tp)] | Loss 1924618.934675 | MAPE 0.038220 | RMSE 92.790623 | Likelihood -1924615.404004 | KL fp 3.5307 | FP STD 0.3733 | ->nfe   52.00 | <-nfe   52.00
Epoch 0041 [Val seq (cond on sampled tp)] |  MAPE 0.022463 | RMSE 74.642776 |
Epoch 0041 [Test seq (cond on sampled tp)] | MAPE 0.049835 | RMSE 270.746872|
0.055513639003038406,0.04896552860736847,0.045026786625385284
232.9988599757518,273.4828890899758,305.7588663882047
Experiment 07-15_16:33
Epoch 0042 [Train seq (cond on sampled tp)] | Loss 1956377.305420 | MAPE 0.057671 | RMSE 94.441002 | Likelihood -1956373.678645 | KL fp 3.6268 | FP STD 0.5390 | ->nfe   52.00 | <-nfe   52.00
Epoch 0042 [Val seq (cond on sampled tp)] |  MAPE 0.022673 | RMSE 89.592804 |
Epoch 0042 [Test seq (cond on sampled tp)] | MAPE 0.053034 | RMSE 314.404124|
0.05824512988328934,0.05635898560285568,0.04449813812971115
263.0241641703287,334.35902999246184,345.8291779368826
Experiment 07-15_16:33
Epoch 0043 [Train seq (cond on sampled tp)] | Loss 1932606.555935 | MAPE 0.041530 | RMSE 91.923940 | Likelihood -1932602.839830 | KL fp 3.7161 | FP STD 0.4048 | ->nfe   52.00 | <-nfe   52.00
Epoch 0043 [Val seq (cond on sampled tp)] |  MAPE 0.022317 | RMSE 85.530254 |
Epoch 0043 [Test seq (cond on sampled tp)] | MAPE 0.050513 | RMSE 305.903407|
0.055752258747816086,0.05449778586626053,0.04128822684288025
257.59076070387306,343.6688085933898,316.45065274857626
Experiment 07-15_16:33
Epoch 0044 [Train seq (cond on sampled tp)] | Loss 1981887.515555 | MAPE 0.038564 | RMSE 99.575052 | Likelihood -1981884.263305 | KL fp 3.2522 | FP STD 0.4271 | ->nfe   52.00 | <-nfe   52.00
Epoch 0044 [Val seq (cond on sampled tp)] |  MAPE 0.029183 | RMSE 92.062166 |
Epoch 0044 [Test seq (cond on sampled tp)] | MAPE 0.053695 | RMSE 334.630066|
0.05534699186682701,0.06367286294698715,0.04206441715359688
298.7273919269875,353.8010563862126,351.36174823819397
Experiment 07-15_16:33
Epoch 0045 [Train seq (cond on sampled tp)] | Loss 1944583.608594 | MAPE 0.087684 | RMSE 94.689090 | Likelihood -1944579.826744 | KL fp 3.7819 | FP STD 0.3911 | ->nfe   52.00 | <-nfe   52.00
Epoch 0045 [Val seq (cond on sampled tp)] |  MAPE 0.026876 | RMSE 97.941822 |
Epoch 0045 [Test seq (cond on sampled tp)] | MAPE 0.058105 | RMSE 316.995590|
0.066112220287323,0.06418385356664658,0.04401898384094238
254.3116782365686,355.0216432662944,341.65344740687163
Experiment 07-15_16:33
Epoch 0046 [Train seq (cond on sampled tp)] | Loss 1925227.331960 | MAPE 0.045210 | RMSE 90.847814 | Likelihood -1925223.751374 | KL fp 3.5806 | FP STD 0.3064 | ->nfe   52.00 | <-nfe   52.00
Epoch 0046 [Val seq (cond on sampled tp)] |  MAPE 0.022889 | RMSE 95.754115 |
Epoch 0046 [Test seq (cond on sampled tp)] | MAPE 0.045606 | RMSE 309.955631|
0.04969872906804085,0.04834849387407303,0.03877057880163193
257.3686102897943,344.4860642137792,328.01221871296195
Experiment 07-15_16:33
Epoch 0047 [Train seq (cond on sampled tp)] | Loss 1929016.578090 | MAPE 0.048352 | RMSE 92.681627 | Likelihood -1929013.165213 | KL fp 3.4129 | FP STD 0.3079 | ->nfe   52.00 | <-nfe   52.00
Epoch 0047 [Val seq (cond on sampled tp)] |  MAPE 0.022100 | RMSE 87.371789 |
Epoch 0047 [Test seq (cond on sampled tp)] | MAPE 0.046831 | RMSE 278.986698|
0.05247782543301582,0.049060650169849396,0.0389547161757946
241.5281346836223,297.4289437201766,298.0030148756888
Experiment 07-15_16:33
Epoch 0048 [Train seq (cond on sampled tp)] | Loss 1909567.663623 | MAPE 0.060229 | RMSE 87.787757 | Likelihood -1909564.196732 | KL fp 3.4669 | FP STD 0.3818 | ->nfe   52.00 | <-nfe   52.00
Epoch 0048 [Val seq (cond on sampled tp)] |  MAPE 0.022030 | RMSE 86.715076 |
Epoch 0048 [Test seq (cond on sampled tp)] | MAPE 0.047836 | RMSE 236.343443|
0.04943648353219032,0.05203292891383171,0.04203949496150017
191.05682646139604,245.4347147792056,272.5387873771365
Experiment 07-15_16:33
Epoch 0049 [Train seq (cond on sampled tp)] | Loss 1937605.031719 | MAPE 0.067889 | RMSE 92.905091 | Likelihood -1937601.406286 | KL fp 3.6254 | FP STD 0.3219 | ->nfe   52.00 | <-nfe   52.00
Epoch 0049 [Val seq (cond on sampled tp)] |  MAPE 0.031742 | RMSE 119.177499 |
Epoch 0049 [Test seq (cond on sampled tp)] | MAPE 0.051261 | RMSE 362.527293|
0.06074858456850052,0.05498136579990387,0.03805399686098099
358.5559579758786,390.2010899843823,338.82483029583295
Experiment 07-15_16:33
Epoch 0050 [Train seq (cond on sampled tp)] | Loss 1964327.751286 | MAPE 0.042006 | RMSE 98.825660 | Likelihood -1964324.199593 | KL fp 3.5517 | FP STD 0.2993 | ->nfe   52.00 | <-nfe   52.00
Epoch 0050 [Val seq (cond on sampled tp)] |  MAPE 0.025842 | RMSE 100.393800 |
Epoch 0050 [Test seq (cond on sampled tp)] | MAPE 0.052067 | RMSE 277.208084|
0.056480977684259415,0.051880691200494766,0.047837838530540466
257.6148560593896,307.6799778178619,266.3294189063611
Experiment 07-15_16:33
Epoch 0051 [Train seq (cond on sampled tp)] | Loss 1904157.049074 | MAPE 0.048645 | RMSE 86.410428 | Likelihood -1904153.992644 | KL fp 3.0564 | FP STD 0.3481 | ->nfe   52.00 | <-nfe   52.00
Epoch 0051 [Val seq (cond on sampled tp)] |  MAPE 0.025624 | RMSE 92.489394 |
Epoch 0051 [Test seq (cond on sampled tp)] | MAPE 0.052994 | RMSE 289.885822|
0.05232449248433113,0.05743349716067314,0.049224186688661575
283.3511376146212,300.6980680433448,285.6082599033158
Experiment 07-15_16:33
Epoch 0052 [Train seq (cond on sampled tp)] | Loss 1928753.208821 | MAPE 0.119897 | RMSE 87.150633 | Likelihood -1928749.785823 | KL fp 3.4230 | FP STD 0.3507 | ->nfe   52.00 | <-nfe   52.00
Epoch 0052 [Val seq (cond on sampled tp)] |  MAPE 0.026904 | RMSE 105.916983 |
Epoch 0052 [Test seq (cond on sampled tp)] | MAPE 0.057462 | RMSE 339.202756|
0.06550302356481552,0.06310398131608963,0.043778084218502045
321.82861316234766,366.66346116023067,329.1161933876849
Experiment 07-15_16:33
Epoch 0053 [Train seq (cond on sampled tp)] | Loss 1922337.387448 | MAPE 0.103264 | RMSE 90.886726 | Likelihood -1922333.960644 | KL fp 3.4268 | FP STD 0.2869 | ->nfe   52.00 | <-nfe   52.00
Epoch 0053 [Val seq (cond on sampled tp)] |  MAPE 0.029841 | RMSE 91.303291 |
Epoch 0053 [Test seq (cond on sampled tp)] | MAPE 0.052754 | RMSE 261.514550|
0.05396236479282379,0.05699450522661209,0.04730414226651192
230.99802995642625,289.92883016785345,263.6167910054289
Experiment 07-15_16:33
Epoch 0054 [Train seq (cond on sampled tp)] | Loss 1951279.820299 | MAPE 0.060653 | RMSE 93.633473 | Likelihood -1951276.411861 | KL fp 3.4084 | FP STD 0.2668 | ->nfe   52.00 | <-nfe   52.00
Epoch 0054 [Val seq (cond on sampled tp)] |  MAPE 0.028957 | RMSE 105.059144 |
Epoch 0054 [Test seq (cond on sampled tp)] | MAPE 0.060706 | RMSE 307.143604|
0.06801719218492508,0.06423481553792953,0.04986725375056267
286.8491409913929,324.1920847468365,310.3895863467394
Experiment 07-15_16:33
Epoch 0055 [Train seq (cond on sampled tp)] | Loss 1970276.049064 | MAPE 0.059340 | RMSE 97.796252 | Likelihood -1970272.321453 | KL fp 3.7276 | FP STD 0.2760 | ->nfe   52.00 | <-nfe   52.00
Epoch 0055 [Val seq (cond on sampled tp)] |  MAPE 0.024780 | RMSE 93.260467 |
Epoch 0055 [Test seq (cond on sampled tp)] | MAPE 0.052122 | RMSE 272.000373|
0.05262784659862518,0.053934335708618164,0.04980340972542763
236.412245875716,287.47845027932095,292.1104243261442
Experiment 07-15_16:33
Epoch 0056 [Train seq (cond on sampled tp)] | Loss 1940979.290573 | MAPE 0.040828 | RMSE 93.852397 | Likelihood -1940976.367766 | KL fp 2.9228 | FP STD 0.3054 | ->nfe   52.00 | <-nfe   52.00
Epoch 0056 [Val seq (cond on sampled tp)] |  MAPE 0.023131 | RMSE 103.419282 |
Epoch 0056 [Test seq (cond on sampled tp)] | MAPE 0.057293 | RMSE 318.963107|
0.06675217300653458,0.05990355461835861,0.0452236644923687
320.15551640960365,324.3584051631775,312.3754001598077
Experiment 07-15_16:33
Epoch 0057 [Train seq (cond on sampled tp)] | Loss 1947426.909683 | MAPE 0.057346 | RMSE 89.593364 | Likelihood -1947423.367600 | KL fp 3.5421 | FP STD 0.3509 | ->nfe   52.00 | <-nfe   52.00
Epoch 0057 [Val seq (cond on sampled tp)] |  MAPE 0.023242 | RMSE 112.885983 |
Epoch 0057 [Test seq (cond on sampled tp)] | MAPE 0.054719 | RMSE 348.648713|
0.059991128742694855,0.05588848516345024,0.04827709496021271
336.2064562883943,377.4843332841775,332.25534937379115
Experiment 07-15_16:33
Epoch 0058 [Train seq (cond on sampled tp)] | Loss 1997967.526964 | MAPE 0.063848 | RMSE 101.584594 | Likelihood -1997964.658257 | KL fp 2.8687 | FP STD 0.3403 | ->nfe   52.00 | <-nfe   52.00
Epoch 0058 [Val seq (cond on sampled tp)] |  MAPE 0.029149 | RMSE 98.750356 |
Epoch 0058 [Test seq (cond on sampled tp)] | MAPE 0.047508 | RMSE 312.752402|
0.05300923064351082,0.04880224168300629,0.040713898837566376
273.6715926525806,347.5221215980358,317.0634917686046
Experiment 07-15_16:33
Epoch 0059 [Train seq (cond on sampled tp)] | Loss 1941648.192279 | MAPE 0.100276 | RMSE 94.232753 | Likelihood -1941644.945743 | KL fp 3.2465 | FP STD 0.3457 | ->nfe   52.00 | <-nfe   52.00
Epoch 0059 [Val seq (cond on sampled tp)] |  MAPE 0.028162 | RMSE 92.523234 |
Epoch 0059 [Test seq (cond on sampled tp)] | MAPE 0.050221 | RMSE 315.896286|
0.05420760065317154,0.05228995531797409,0.044166743755340576
275.7660211800939,345.5567179386041,326.36611918212344
Experiment 07-15_16:33
Epoch 0060 [Train seq (cond on sampled tp)] | Loss 1944229.361715 | MAPE 0.076029 | RMSE 95.169687 | Likelihood -1944226.277663 | KL fp 3.0841 | FP STD 0.3006 | ->nfe   52.00 | <-nfe   52.00
Epoch 0060 [Val seq (cond on sampled tp)] |  MAPE 0.032030 | RMSE 89.768561 |
Epoch 0060 [Test seq (cond on sampled tp)] | MAPE 0.052869 | RMSE 324.883662|
0.059926535934209824,0.05716324225068092,0.041516322642564774
276.7727802277529,339.9533056171097,357.9249004679613
Experiment 07-15_16:33
Epoch 0061 [Train seq (cond on sampled tp)] | Loss 1938755.539915 | MAPE 0.119766 | RMSE 92.205465 | Likelihood -1938752.188188 | KL fp 3.3517 | FP STD 0.3158 | ->nfe   52.00 | <-nfe   52.00
Epoch 0061 [Val seq (cond on sampled tp)] |  MAPE 0.034067 | RMSE 99.917808 |
Epoch 0061 [Test seq (cond on sampled tp)] | MAPE 0.051916 | RMSE 270.550645|
0.060011643916368484,0.05063588172197342,0.04510197043418884
237.58444222528544,269.17866975300996,304.888824512313
Experiment 07-15_16:33
Epoch 0062 [Train seq (cond on sampled tp)] | Loss 1928889.283477 | MAPE 0.095185 | RMSE 91.804923 | Likelihood -1928885.934897 | KL fp 3.3486 | FP STD 0.2560 | ->nfe   52.00 | <-nfe   52.00
Epoch 0062 [Val seq (cond on sampled tp)] |  MAPE 0.030753 | RMSE 94.820199 |
Epoch 0062 [Test seq (cond on sampled tp)] | MAPE 0.057982 | RMSE 279.010355|
0.06558898091316223,0.056024350225925446,0.05233166739344597
229.64820242057198,281.3532310548432,326.02963103451197
Experiment 07-15_16:33
Epoch 0063 [Train seq (cond on sampled tp)] | Loss 1978752.288437 | MAPE 0.146403 | RMSE 98.870669 | Likelihood -1978748.599053 | KL fp 3.6894 | FP STD 0.2866 | ->nfe   52.00 | <-nfe   52.00
Epoch 0063 [Val seq (cond on sampled tp)] |  MAPE 0.024381 | RMSE 89.365747 |
Epoch 0063 [Test seq (cond on sampled tp)] | MAPE 0.048419 | RMSE 292.454452|
0.05614391341805458,0.05075332149863243,0.03835976496338844
255.0964278464126,304.9312294395246,317.33569813763467
Experiment 07-15_16:33
Epoch 0064 [Train seq (cond on sampled tp)] | Loss 1918560.253524 | MAPE 0.088408 | RMSE 91.244240 | Likelihood -1918556.751442 | KL fp 3.5021 | FP STD 0.2492 | ->nfe   52.00 | <-nfe   52.00
Epoch 0064 [Val seq (cond on sampled tp)] |  MAPE 0.023554 | RMSE 93.242323 |
Epoch 0064 [Test seq (cond on sampled tp)] | MAPE 0.052205 | RMSE 298.799707|
0.06495107710361481,0.053661685436964035,0.03800360858440399
277.6476099527961,314.8556092679627,303.8959011734117
Experiment 07-15_16:33
Epoch 0065 [Train seq (cond on sampled tp)] | Loss 1897406.352562 | MAPE 0.065409 | RMSE 85.997686 | Likelihood -1897403.292096 | KL fp 3.0605 | FP STD 0.3634 | ->nfe   52.00 | <-nfe   52.00
Epoch 0065 [Val seq (cond on sampled tp)] |  MAPE 0.037320 | RMSE 93.240946 |
Epoch 0065 [Test seq (cond on sampled tp)] | MAPE 0.046429 | RMSE 277.348160|
0.05267823114991188,0.049751367419958115,0.03685840219259262
264.58246883060866,283.60042864036717,283.8615832364429
Experiment 07-15_16:33
Epoch 0066 [Train seq (cond on sampled tp)] | Loss 1926846.492509 | MAPE 0.171023 | RMSE 91.197501 | Likelihood -1926843.548428 | KL fp 2.9441 | FP STD 0.4032 | ->nfe   52.00 | <-nfe   52.00
Epoch 0066 [Val seq (cond on sampled tp)] |  MAPE 0.048610 | RMSE 96.327931 |
Epoch 0066 [Test seq (cond on sampled tp)] | MAPE 0.054630 | RMSE 288.934891|
0.06217924878001213,0.05564357340335846,0.04606642946600914
290.22709319600057,298.87637233060093,277.7012080231197
Experiment 07-15_16:33
Epoch 0067 [Train seq (cond on sampled tp)] | Loss 1910366.774470 | MAPE 0.199644 | RMSE 87.432068 | Likelihood -1910363.740829 | KL fp 3.0336 | FP STD 0.3838 | ->nfe   52.00 | <-nfe   52.00
Epoch 0067 [Val seq (cond on sampled tp)] |  MAPE 0.039573 | RMSE 90.385511 |
Epoch 0067 [Test seq (cond on sampled tp)] | MAPE 0.049725 | RMSE 280.714378|
0.05407201498746872,0.05205519497394562,0.04304811358451843
269.82337973200174,288.77769077181154,283.5420631273251
Experiment 07-15_16:33
Epoch 0068 [Train seq (cond on sampled tp)] | Loss 1902619.512454 | MAPE 0.132236 | RMSE 86.088016 | Likelihood -1902616.245076 | KL fp 3.2674 | FP STD 0.3018 | ->nfe   52.00 | <-nfe   52.00
Epoch 0068 [Val seq (cond on sampled tp)] |  MAPE 0.027501 | RMSE 90.888115 |
Epoch 0068 [Test seq (cond on sampled tp)] | MAPE 0.053974 | RMSE 302.262992|
0.0614989697933197,0.056808870285749435,0.0436151921749115
281.396739497813,324.06444671546427,301.3277907860475
Experiment 07-15_16:33
Epoch 0069 [Train seq (cond on sampled tp)] | Loss 1925127.856190 | MAPE 0.047174 | RMSE 89.209972 | Likelihood -1925124.768885 | KL fp 3.0873 | FP STD 0.2655 | ->nfe   52.00 | <-nfe   52.00
Epoch 0069 [Val seq (cond on sampled tp)] |  MAPE 0.031927 | RMSE 91.186242 |
Epoch 0069 [Test seq (cond on sampled tp)] | MAPE 0.050912 | RMSE 268.885992|
0.05716610699892044,0.053102560341358185,0.042468227446079254
253.4633078721652,290.4632076528799,262.7314604543963
Experiment 07-15_16:33
Epoch 0070 [Train seq (cond on sampled tp)] | Loss 1906797.314486 | MAPE 0.061721 | RMSE 84.963731 | Likelihood -1906793.741968 | KL fp 3.5725 | FP STD 0.2406 | ->nfe   52.00 | <-nfe   52.00
Epoch 0070 [Val seq (cond on sampled tp)] |  MAPE 0.030845 | RMSE 106.764755 |
Epoch 0070 [Test seq (cond on sampled tp)] | MAPE 0.059416 | RMSE 315.889629|
0.06432189792394638,0.061549633741378784,0.05237627774477005
297.70301633927056,352.8649706332438,297.100900894797
Experiment 07-15_16:33
Epoch 0071 [Train seq (cond on sampled tp)] | Loss 1918452.014185 | MAPE 0.125792 | RMSE 88.287463 | Likelihood -1918448.692540 | KL fp 3.3216 | FP STD 0.2809 | ->nfe   52.00 | <-nfe   52.00
Epoch 0071 [Val seq (cond on sampled tp)] |  MAPE 0.034296 | RMSE 109.955176 |
Epoch 0071 [Test seq (cond on sampled tp)] | MAPE 0.052273 | RMSE 301.955867|
0.05890650674700737,0.058388713747262955,0.0395248606801033
266.9448093707761,353.60634229676936,285.31644986313006
Experiment 07-15_16:33
Epoch 0072 [Train seq (cond on sampled tp)] | Loss 1951831.054787 | MAPE 0.093263 | RMSE 93.865538 | Likelihood -1951827.684209 | KL fp 3.3706 | FP STD 0.2567 | ->nfe   52.00 | <-nfe   52.00
Epoch 0072 [Val seq (cond on sampled tp)] |  MAPE 0.035886 | RMSE 123.152146 |
Epoch 0072 [Test seq (cond on sampled tp)] | MAPE 0.057260 | RMSE 356.758293|
0.061207063496112823,0.06135008856654167,0.049223534762859344
316.5691077790124,368.5601418018503,385.14562992457803
Experiment 07-15_16:33
Epoch 0073 [Train seq (cond on sampled tp)] | Loss 2078351.340656 | MAPE 0.156838 | RMSE 111.647350 | Likelihood -2078347.601643 | KL fp 3.7390 | FP STD 0.2949 | ->nfe   52.00 | <-nfe   52.00
Epoch 0073 [Val seq (cond on sampled tp)] |  MAPE 0.034952 | RMSE 98.026010 |
Epoch 0073 [Test seq (cond on sampled tp)] | MAPE 0.049246 | RMSE 294.001710|
0.05033435672521591,0.05191230773925781,0.04549182951450348
261.2140824591967,301.8024110448755,318.98863616122753
Experiment 07-15_16:33
Epoch 0074 [Train seq (cond on sampled tp)] | Loss 1922022.698574 | MAPE 0.108646 | RMSE 92.203680 | Likelihood -1922019.478936 | KL fp 3.2196 | FP STD 0.2944 | ->nfe   52.00 | <-nfe   52.00
Epoch 0074 [Val seq (cond on sampled tp)] |  MAPE 0.036691 | RMSE 108.213737 |
Epoch 0074 [Test seq (cond on sampled tp)] | MAPE 0.063705 | RMSE 297.738236|
0.07824387401342392,0.061132363975048065,0.05173751711845398
277.90935460145994,309.97749414272,305.32785913260517
Experiment 07-15_16:33
Epoch 0075 [Train seq (cond on sampled tp)] | Loss 1987225.941843 | MAPE 0.087028 | RMSE 100.497683 | Likelihood -1987222.636777 | KL fp 3.3051 | FP STD 0.4000 | ->nfe   52.00 | <-nfe   52.00
Epoch 0075 [Val seq (cond on sampled tp)] |  MAPE 0.028665 | RMSE 106.752479 |
Epoch 0075 [Test seq (cond on sampled tp)] | MAPE 0.054019 | RMSE 350.551336|
0.06641567498445511,0.054343994706869125,0.041297730058431625
329.8382771336583,393.86631218600047,327.94941730776105
Experiment 07-15_16:33
Epoch 0076 [Train seq (cond on sampled tp)] | Loss 1999628.170875 | MAPE 0.089573 | RMSE 103.780465 | Likelihood -1999625.361841 | KL fp 2.8090 | FP STD 0.3534 | ->nfe   52.00 | <-nfe   52.00
Epoch 0076 [Val seq (cond on sampled tp)] |  MAPE 0.034151 | RMSE 101.625601 |
Epoch 0076 [Test seq (cond on sampled tp)] | MAPE 0.057190 | RMSE 280.419226|
0.05359295383095741,0.06905795633792877,0.04892046004533768
254.62008310176557,274.7334503659866,311.9041444298232
Experiment 07-15_16:33
Epoch 0077 [Train seq (cond on sampled tp)] | Loss 1938454.451407 | MAPE 0.145360 | RMSE 91.427061 | Likelihood -1938451.075558 | KL fp 3.3758 | FP STD 0.3551 | ->nfe   52.00 | <-nfe   52.00
Epoch 0077 [Val seq (cond on sampled tp)] |  MAPE 0.031522 | RMSE 101.677454 |
Epoch 0077 [Test seq (cond on sampled tp)] | MAPE 0.050671 | RMSE 306.784938|
0.055716972798109055,0.05118761956691742,0.0451088547706604
265.46798300360064,310.4579908175984,344.428841072434
Experiment 07-15_16:33
Epoch 0078 [Train seq (cond on sampled tp)] | Loss 1910631.826731 | MAPE 0.107413 | RMSE 89.273593 | Likelihood -1910628.687077 | KL fp 3.1397 | FP STD 0.3398 | ->nfe   52.00 | <-nfe   52.00
Epoch 0078 [Val seq (cond on sampled tp)] |  MAPE 0.031336 | RMSE 93.355519 |
Epoch 0078 [Test seq (cond on sampled tp)] | MAPE 0.051625 | RMSE 296.590427|
0.047096531838178635,0.06178262084722519,0.0459970161318779
266.70578651859057,324.2072904601314,298.8582047769477
Experiment 07-15_16:33
Epoch 0079 [Train seq (cond on sampled tp)] | Loss 1908837.959651 | MAPE 0.106779 | RMSE 90.336206 | Likelihood -1908834.627155 | KL fp 3.3325 | FP STD 0.4034 | ->nfe   52.00 | <-nfe   52.00
Epoch 0079 [Val seq (cond on sampled tp)] |  MAPE 0.034726 | RMSE 100.179063 |
Epoch 0079 [Test seq (cond on sampled tp)] | MAPE 0.055577 | RMSE 271.924135|
0.06360036879777908,0.05569177120923996,0.04743777960538864
279.4345154727669,265.26977718447307,271.0681129808521
Experiment 07-15_16:33
Epoch 0080 [Train seq (cond on sampled tp)] | Loss 1888841.110416 | MAPE 0.043209 | RMSE 86.263916 | Likelihood -1888837.641422 | KL fp 3.4690 | FP STD 0.2850 | ->nfe   52.00 | <-nfe   52.00
Epoch 0080 [Val seq (cond on sampled tp)] |  MAPE 0.025208 | RMSE 88.745249 |
Epoch 0080 [Test seq (cond on sampled tp)] | MAPE 0.051939 | RMSE 288.864632|
0.06057174503803253,0.05341596528887749,0.04182858392596245
269.3655160743483,291.6522838715651,305.5760952692471
Experiment 07-15_16:33
Epoch 0081 [Train seq (cond on sampled tp)] | Loss 1890137.796116 | MAPE 0.094033 | RMSE 84.442217 | Likelihood -1890134.086156 | KL fp 3.7100 | FP STD 0.3024 | ->nfe   52.00 | <-nfe   52.00
Epoch 0081 [Val seq (cond on sampled tp)] |  MAPE 0.034751 | RMSE 120.380285 |
Epoch 0081 [Test seq (cond on sampled tp)] | MAPE 0.050942 | RMSE 351.208530|
0.05789319798350334,0.0567479133605957,0.03818551450967789
341.0479598788124,388.5513358939845,324.02629378261884
Experiment 07-15_16:33
Epoch 0082 [Train seq (cond on sampled tp)] | Loss 1902579.561944 | MAPE 0.136602 | RMSE 85.476479 | Likelihood -1902576.163616 | KL fp 3.3983 | FP STD 0.3290 | ->nfe   52.00 | <-nfe   52.00
Epoch 0082 [Val seq (cond on sampled tp)] |  MAPE 0.026326 | RMSE 99.588651 |
Epoch 0082 [Test seq (cond on sampled tp)] | MAPE 0.055273 | RMSE 301.414951|
0.061274684965610504,0.05905390530824661,0.04549132287502289
274.10416587494615,318.3785948952913,311.7620912851657
Experiment 07-15_16:33
Epoch 0083 [Train seq (cond on sampled tp)] | Loss 1932221.176324 | MAPE 0.095795 | RMSE 88.195298 | Likelihood -1932217.554727 | KL fp 3.6216 | FP STD 0.3291 | ->nfe   52.00 | <-nfe   52.00
Epoch 0083 [Val seq (cond on sampled tp)] |  MAPE 0.028022 | RMSE 108.201725 |
Epoch 0083 [Test seq (cond on sampled tp)] | MAPE 0.057263 | RMSE 348.583106|
0.06471637636423111,0.06039182469248772,0.04668109491467476
320.76678151735103,386.69327315069756,338.28926231850755
Experiment 07-15_16:33
Epoch 0084 [Train seq (cond on sampled tp)] | Loss 1913274.943845 | MAPE 0.074178 | RMSE 88.109776 | Likelihood -1913271.346913 | KL fp 3.5969 | FP STD 0.2937 | ->nfe   52.00 | <-nfe   52.00
Epoch 0084 [Val seq (cond on sampled tp)] |  MAPE 0.026802 | RMSE 95.387829 |
Epoch 0084 [Test seq (cond on sampled tp)] | MAPE 0.055533 | RMSE 325.611831|
0.06757741421461105,0.05577445030212402,0.04324750229716301
300.8452026167278,334.01569480340294,341.9745970097779
Experiment 07-15_16:33
Epoch 0085 [Train seq (cond on sampled tp)] | Loss 1905542.185480 | MAPE 0.079508 | RMSE 86.743274 | Likelihood -1905538.375920 | KL fp 3.8096 | FP STD 0.2954 | ->nfe   52.00 | <-nfe   52.00
Epoch 0085 [Val seq (cond on sampled tp)] |  MAPE 0.028331 | RMSE 106.483975 |
Epoch 0085 [Test seq (cond on sampled tp)] | MAPE 0.052068 | RMSE 341.746591|
0.06609269231557846,0.05302303284406662,0.037089213728904724
327.6221980994267,356.2144719126386,341.4031021021924
Experiment 07-15_16:33
Epoch 0086 [Train seq (cond on sampled tp)] | Loss 1892834.402111 | MAPE 0.088288 | RMSE 86.065365 | Likelihood -1892830.891282 | KL fp 3.5108 | FP STD 0.3754 | ->nfe   52.00 | <-nfe   52.00
Epoch 0086 [Val seq (cond on sampled tp)] |  MAPE 0.029216 | RMSE 102.452347 |
Epoch 0086 [Test seq (cond on sampled tp)] | MAPE 0.054367 | RMSE 275.750347|
0.05725358799099922,0.05733933672308922,0.04850694537162781
259.1375419058381,288.3480698305435,279.7654290874768
Experiment 07-15_16:33
Epoch 0087 [Train seq (cond on sampled tp)] | Loss 1886142.629496 | MAPE 0.076200 | RMSE 83.299923 | Likelihood -1886139.195195 | KL fp 3.4343 | FP STD 0.4479 | ->nfe   52.00 | <-nfe   52.00
Epoch 0087 [Val seq (cond on sampled tp)] |  MAPE 0.027337 | RMSE 106.582073 |
Epoch 0087 [Test seq (cond on sampled tp)] | MAPE 0.052618 | RMSE 318.408251|
0.061781205236911774,0.049871042370796204,0.04620279744267464
299.6008021100745,316.54497113364476,339.0789800142439
Experiment 07-15_16:33
Epoch 0088 [Train seq (cond on sampled tp)] | Loss 1893651.942755 | MAPE 0.076620 | RMSE 85.445437 | Likelihood -1893648.044936 | KL fp 3.8978 | FP STD 0.3905 | ->nfe   52.00 | <-nfe   52.00
Epoch 0088 [Val seq (cond on sampled tp)] |  MAPE 0.029308 | RMSE 104.824789 |
Epoch 0088 [Test seq (cond on sampled tp)] | MAPE 0.047582 | RMSE 316.838045|
0.05294574797153473,0.053699344396591187,0.03610074147582054
294.5483433368791,346.24599501293875,309.7197952383735
Experiment 07-15_16:33
Epoch 0089 [Train seq (cond on sampled tp)] | Loss 1891923.831634 | MAPE 0.080157 | RMSE 86.081845 | Likelihood -1891919.956196 | KL fp 3.8754 | FP STD 0.3002 | ->nfe   52.00 | <-nfe   52.00
Epoch 0089 [Val seq (cond on sampled tp)] |  MAPE 0.029285 | RMSE 104.839479 |
Epoch 0089 [Test seq (cond on sampled tp)] | MAPE 0.052907 | RMSE 287.076072|
0.06520406901836395,0.055522020906209946,0.037995874881744385
270.81608438661834,314.8833365311667,275.5287955686302
Experiment 07-15_16:33
Epoch 0090 [Train seq (cond on sampled tp)] | Loss 1883019.634376 | MAPE 0.059045 | RMSE 82.689162 | Likelihood -1883015.883959 | KL fp 3.7504 | FP STD 0.3162 | ->nfe   52.00 | <-nfe   52.00
Epoch 0090 [Val seq (cond on sampled tp)] |  MAPE 0.031374 | RMSE 99.600824 |
Epoch 0090 [Test seq (cond on sampled tp)] | MAPE 0.046451 | RMSE 261.268316|
0.05083908140659332,0.048563070595264435,0.03994978964328766
243.40506041884174,270.7098019558952,269.6900854453126
Experiment 07-15_16:33
Epoch 0091 [Train seq (cond on sampled tp)] | Loss 1921573.268432 | MAPE 0.080767 | RMSE 91.682818 | Likelihood -1921569.165350 | KL fp 4.1031 | FP STD 0.3221 | ->nfe   52.00 | <-nfe   52.00
Epoch 0091 [Val seq (cond on sampled tp)] |  MAPE 0.029993 | RMSE 122.465736 |
Epoch 0091 [Test seq (cond on sampled tp)] | MAPE 0.056584 | RMSE 362.651441|
0.06763213872909546,0.05773509666323662,0.04438425600528717
360.1753153847443,367.6394293326003,360.13957797637295
Experiment 07-15_16:33
Epoch 0092 [Train seq (cond on sampled tp)] | Loss 1898114.479748 | MAPE 0.095310 | RMSE 88.180797 | Likelihood -1898110.660769 | KL fp 3.8190 | FP STD 0.4234 | ->nfe   52.00 | <-nfe   52.00
Epoch 0092 [Val seq (cond on sampled tp)] |  MAPE 0.034424 | RMSE 93.935374 |
Epoch 0092 [Test seq (cond on sampled tp)] | MAPE 0.046524 | RMSE 300.945901|
0.049031198024749756,0.05103990435600281,0.03950194641947746
300.45431745108937,290.88423921725285,311.4991472701009
Experiment 07-15_16:33
Epoch 0093 [Train seq (cond on sampled tp)] | Loss 1905718.342702 | MAPE 0.110786 | RMSE 85.233049 | Likelihood -1905714.484908 | KL fp 3.8578 | FP STD 0.4300 | ->nfe   52.00 | <-nfe   52.00
Epoch 0093 [Val seq (cond on sampled tp)] |  MAPE 0.028166 | RMSE 108.215185 |
Epoch 0093 [Test seq (cond on sampled tp)] | MAPE 0.054277 | RMSE 334.890056|
0.06305010616779327,0.05599319189786911,0.04378855973482132
323.12780462999467,340.4314702513562,341.11089197649494
Experiment 07-15_16:33
Epoch 0094 [Train seq (cond on sampled tp)] | Loss 1893236.474901 | MAPE 0.077939 | RMSE 83.768151 | Likelihood -1893232.165633 | KL fp 4.3093 | FP STD 0.3130 | ->nfe   52.00 | <-nfe   52.00
Epoch 0094 [Val seq (cond on sampled tp)] |  MAPE 0.028497 | RMSE 96.818628 |
Epoch 0094 [Test seq (cond on sampled tp)] | MAPE 0.046526 | RMSE 315.409269|
0.0544293075799942,0.04848037660121918,0.03666748106479645
295.9152248744562,330.76523490989797,319.54734831085676
Experiment 07-15_16:33
Epoch 0095 [Train seq (cond on sampled tp)] | Loss 1890279.912022 | MAPE 0.069438 | RMSE 85.160097 | Likelihood -1890275.346575 | KL fp 4.5654 | FP STD 0.2507 | ->nfe   52.00 | <-nfe   52.00
Epoch 0095 [Val seq (cond on sampled tp)] |  MAPE 0.025398 | RMSE 96.527992 |
Epoch 0095 [Test seq (cond on sampled tp)] | MAPE 0.050513 | RMSE 319.968669|
0.0608566477894783,0.05450435355305672,0.0361771397292614
277.75344563569325,317.8057582864099,364.3468042264128
Experiment 07-15_16:33
Epoch 0096 [Train seq (cond on sampled tp)] | Loss 1921453.731489 | MAPE 0.080195 | RMSE 89.256498 | Likelihood -1921449.062714 | KL fp 4.6688 | FP STD 0.3395 | ->nfe   52.00 | <-nfe   52.00
Epoch 0096 [Val seq (cond on sampled tp)] |  MAPE 0.028020 | RMSE 98.507872 |
Epoch 0096 [Test seq (cond on sampled tp)] | MAPE 0.049011 | RMSE 329.640989|
0.05949247628450394,0.04940963536500931,0.038130879402160645
270.51553790863846,341.3450989284891,377.062329065103
Experiment 07-15_16:33
Epoch 0097 [Train seq (cond on sampled tp)] | Loss 1954092.427870 | MAPE 0.105577 | RMSE 96.985511 | Likelihood -1954088.031734 | KL fp 4.3961 | FP STD 0.4924 | ->nfe   52.00 | <-nfe   52.00
Epoch 0097 [Val seq (cond on sampled tp)] |  MAPE 0.029132 | RMSE 97.288357 |
Epoch 0097 [Test seq (cond on sampled tp)] | MAPE 0.050059 | RMSE 352.511495|
0.060672760009765625,0.054611869156360626,0.03489375114440918
309.97731771857116,373.04402387653926,374.51314229276386
Experiment 07-15_16:33
Epoch 0098 [Train seq (cond on sampled tp)] | Loss 1929797.612511 | MAPE 0.092347 | RMSE 93.567712 | Likelihood -1929793.454124 | KL fp 4.1584 | FP STD 0.3409 | ->nfe   52.00 | <-nfe   52.00
Epoch 0098 [Val seq (cond on sampled tp)] |  MAPE 0.029922 | RMSE 92.423570 |
Epoch 0098 [Test seq (cond on sampled tp)] | MAPE 0.049355 | RMSE 320.231866|
0.05605559051036835,0.05172858014702797,0.040282003581523895
287.43981707046083,316.64832869052066,356.60745224966905
Experiment 07-15_16:33
Epoch 0099 [Train seq (cond on sampled tp)] | Loss 1904815.527870 | MAPE 0.134022 | RMSE 87.729260 | Likelihood -1904810.931386 | KL fp 4.5965 | FP STD 0.3062 | ->nfe   52.00 | <-nfe   52.00
Epoch 0099 [Val seq (cond on sampled tp)] |  MAPE 0.036361 | RMSE 96.218689 |
Epoch 0099 [Test seq (cond on sampled tp)] | MAPE 0.052691 | RMSE 362.824463|
0.05143005773425102,0.06094419211149216,0.04570016637444496
330.01399118067707,375.3718989215895,383.0874981645838
Experiment 07-15_16:33
Epoch 0100 [Train seq (cond on sampled tp)] | Loss 1919091.073709 | MAPE 0.156707 | RMSE 91.168759 | Likelihood -1919086.806193 | KL fp 4.2675 | FP STD 0.3216 | ->nfe   52.00 | <-nfe   52.00
Epoch 0100 [Val seq (cond on sampled tp)] |  MAPE 0.033536 | RMSE 109.767154 |
Epoch 0100 [Test seq (cond on sampled tp)] | MAPE 0.046091 | RMSE 348.558315|
0.05248589068651199,0.04710780084133148,0.0386793427169323
310.2739087282397,359.31238584969486,376.0886489579285
