/nvme/yuanjingyang/CG-ODE/run_models_covid.py
run_models_covid.py
Namespace(save='experiments/', load=None, dataset='Dec', datapath='data/', pred_length=14, condition_length=21, features='Confirmed,Deaths,Recovered,Mortality_Rate,Testing_Rate,Population,Mobility', split_interval=3, feature_out='Deaths', niters=100, lr=0.005, batch_size=8, random_seed=1991, dropout=0.2, l2=1e-05, optimizer='AdamW', clip=10, edge_lamda=0.5, z0_encoder='GTrans', rec_dims=64, ode_dims=20, rec_layers=1, gen_layers=1, CVPR=False, graf_layer=1, debug=False, heavyBall=False, actv_h=None, gamma_guess=-3.0, gamma_act='sigmoid', corr=-100, corrf=True, sign=1, augment_dim=0, solver='rk4', alias='run', output_dim=1, feature_out_index=[1], num_atoms=50)
run
Experiment 07-02_12:41
Epoch 0001 [Train seq (cond on sampled tp)] | Loss 4390896.087089 | MAPE 0.063288 | RMSE 286.214720 | Likelihood -4390894.736391 | KL fp 1.3507 | FP STD 0.4944|
Epoch 0001 [Val seq (cond on sampled tp)] |  MAPE 0.058120 | RMSE 304.541920 |
Best Val!
Epoch 0001 [Test seq (cond on sampled tp)] | MAPE 0.119556 | RMSE 903.784567|
0.13173389434814453,0.12383478879928589,0.10309823602437973
848.6128386961866,934.8293293430625,927.9115326904823
0.13173389434814453,0.12383478879928589,0.10309823602437973
848.6128386961866,934.8293293430625,927.9115326904823
Epoch 0001 [Test seq (cond on sampled tp)] | Best Test MAPE 0.119556|Best Test RMSE 903.784567|
Experiment 07-02_12:41
Epoch 0002 [Train seq (cond on sampled tp)] | Loss 4160121.939546 | MAPE 0.101275 | RMSE 274.595583 | Likelihood -4160119.108220 | KL fp 2.8313 | FP STD 0.9091|
Epoch 0002 [Val seq (cond on sampled tp)] |  MAPE 0.064167 | RMSE 277.311267 |
Epoch 0002 [Test seq (cond on sampled tp)] | MAPE 0.107760 | RMSE 858.731926|
0.11683976650238037,0.1094137579202652,0.09702642261981964
799.95101412524,888.0249503814631,888.2198137285612
0.11683976650238037,0.1094137579202652,0.09702642261981964
799.95101412524,888.0249503814631,888.2198137285612
Epoch 0002 [Test seq (cond on sampled tp)] | Best Test MAPE 0.107760|Best Test RMSE 858.731926|
Experiment 07-02_12:41
Epoch 0003 [Train seq (cond on sampled tp)] | Loss 3782132.375743 | MAPE 0.244571 | RMSE 253.927232 | Likelihood -3782126.880478 | KL fp 5.4953 | FP STD 1.1884|
Epoch 0003 [Val seq (cond on sampled tp)] |  MAPE 0.103252 | RMSE 234.421404 |
Epoch 0003 [Test seq (cond on sampled tp)] | MAPE 0.137314 | RMSE 771.791890|
0.14397314190864563,0.14208288490772247,0.12588509917259216
709.3939094396004,801.7326549417829,804.2491063097303
Experiment 07-02_12:41
Epoch 0004 [Train seq (cond on sampled tp)] | Loss 3450356.519914 | MAPE 0.450734 | RMSE 233.366696 | Likelihood -3450350.003275 | KL fp 6.5166 | FP STD 1.0393|
Epoch 0004 [Val seq (cond on sampled tp)] |  MAPE 0.072244 | RMSE 196.774260 |
Epoch 0004 [Test seq (cond on sampled tp)] | MAPE 0.104179 | RMSE 700.824474|
0.10808967053890228,0.1017599105834961,0.10268783569335938
632.3433106311792,730.7942596928358,739.3358506118853
0.10808967053890228,0.1017599105834961,0.10268783569335938
632.3433106311792,730.7942596928358,739.3358506118853
Epoch 0004 [Test seq (cond on sampled tp)] | Best Test MAPE 0.104179|Best Test RMSE 700.824474|
Experiment 07-02_12:41
Epoch 0005 [Train seq (cond on sampled tp)] | Loss 2996239.704591 | MAPE 0.178373 | RMSE 204.075344 | Likelihood -2996236.382240 | KL fp 3.3224 | FP STD 0.6451|
Epoch 0005 [Val seq (cond on sampled tp)] |  MAPE 0.029175 | RMSE 164.217106 |
Best Val!
Epoch 0005 [Test seq (cond on sampled tp)] | MAPE 0.060118 | RMSE 615.955046|
0.06300032138824463,0.06175580248236656,0.055597495287656784
550.0828346712884,650.1566157473136,647.6256876082048
0.06300032138824463,0.06175580248236656,0.055597495287656784
550.0828346712884,650.1566157473136,647.6256876082048
Epoch 0005 [Test seq (cond on sampled tp)] | Best Test MAPE 0.060118|Best Test RMSE 615.955046|
Experiment 07-02_12:41
Epoch 0006 [Train seq (cond on sampled tp)] | Loss 2681629.877739 | MAPE 0.041325 | RMSE 178.836951 | Likelihood -2681625.972057 | KL fp 3.9057 | FP STD 0.6575|
Epoch 0006 [Val seq (cond on sampled tp)] |  MAPE 0.031209 | RMSE 139.274095 |
Epoch 0006 [Test seq (cond on sampled tp)] | MAPE 0.054691 | RMSE 540.033543|
0.05698584020137787,0.056824058294296265,0.05026296153664589
460.58722708082126,583.9020144681812,575.6113869182923
0.05698584020137787,0.056824058294296265,0.05026296153664589
460.58722708082126,583.9020144681812,575.6113869182923
Epoch 0006 [Test seq (cond on sampled tp)] | Best Test MAPE 0.054691|Best Test RMSE 540.033543|
Experiment 07-02_12:41
Epoch 0007 [Train seq (cond on sampled tp)] | Loss 2407579.064765 | MAPE 0.044929 | RMSE 154.203817 | Likelihood -2407575.947045 | KL fp 3.1177 | FP STD 0.5514|
Epoch 0007 [Val seq (cond on sampled tp)] |  MAPE 0.030318 | RMSE 137.252633 |
Epoch 0007 [Test seq (cond on sampled tp)] | MAPE 0.052416 | RMSE 485.286040|
0.05431552603840828,0.058631956577301025,0.04430069401860237
403.2757276355719,522.9770250689795,529.6053660509871
0.05431552603840828,0.058631956577301025,0.04430069401860237
403.2757276355719,522.9770250689795,529.6053660509871
Epoch 0007 [Test seq (cond on sampled tp)] | Best Test MAPE 0.052416|Best Test RMSE 485.286040|
Experiment 07-02_12:41
Epoch 0008 [Train seq (cond on sampled tp)] | Loss 2291212.323669 | MAPE 0.036961 | RMSE 140.942901 | Likelihood -2291209.380525 | KL fp 2.9431 | FP STD 0.4193|
Epoch 0008 [Val seq (cond on sampled tp)] |  MAPE 0.027768 | RMSE 103.889378 |
Best Val!
Epoch 0008 [Test seq (cond on sampled tp)] | MAPE 0.048650 | RMSE 399.648306|
0.05686267837882042,0.04474920034408569,0.04433676600456238
337.18289501026,422.12568477883457,439.6363376416922
0.05686267837882042,0.04474920034408569,0.04433676600456238
337.18289501026,422.12568477883457,439.6363376416922
Epoch 0008 [Test seq (cond on sampled tp)] | Best Test MAPE 0.048650|Best Test RMSE 399.648306|
Experiment 07-02_12:41
Epoch 0009 [Train seq (cond on sampled tp)] | Loss 2190226.479669 | MAPE 0.039460 | RMSE 128.122174 | Likelihood -2190223.247866 | KL fp 3.2318 | FP STD 0.3429|
Epoch 0009 [Val seq (cond on sampled tp)] |  MAPE 0.036540 | RMSE 111.258181 |
Epoch 0009 [Test seq (cond on sampled tp)] | MAPE 0.059941 | RMSE 410.588289|
0.057332515716552734,0.06413659453392029,0.05835535377264023
346.266955812275,434.60934326127875,450.88856716488164
Experiment 07-02_12:41
Epoch 0010 [Train seq (cond on sampled tp)] | Loss 2094914.806810 | MAPE 0.041402 | RMSE 117.663547 | Likelihood -2094911.826105 | KL fp 2.9807 | FP STD 0.3132|
Epoch 0010 [Val seq (cond on sampled tp)] |  MAPE 0.030131 | RMSE 91.265982 |
Epoch 0010 [Test seq (cond on sampled tp)] | MAPE 0.056238 | RMSE 368.015522|
0.06662869453430176,0.053866565227508545,0.048219870775938034
297.98345696531544,403.48582688862814,402.5772829532238
Experiment 07-02_12:41
Epoch 0011 [Train seq (cond on sampled tp)] | Loss 2091911.744614 | MAPE 0.036304 | RMSE 117.275348 | Likelihood -2091908.801735 | KL fp 2.9429 | FP STD 0.2862|
Epoch 0011 [Val seq (cond on sampled tp)] |  MAPE 0.032320 | RMSE 95.863204 |
Epoch 0011 [Test seq (cond on sampled tp)] | MAPE 0.056120 | RMSE 354.959344|
0.05866757407784462,0.06106867268681526,0.04862416535615921
286.0169220299736,366.9888239102112,411.8722875479728
Experiment 07-02_12:41
Epoch 0012 [Train seq (cond on sampled tp)] | Loss 2070277.765062 | MAPE 0.034285 | RMSE 113.724254 | Likelihood -2070274.957492 | KL fp 2.8076 | FP STD 0.2901|
Epoch 0012 [Val seq (cond on sampled tp)] |  MAPE 0.023081 | RMSE 81.160317 |
Best Val!
Epoch 0012 [Test seq (cond on sampled tp)] | MAPE 0.049731 | RMSE 307.894466|
0.04913133382797241,0.05278915911912918,0.047271329909563065
236.28014853929224,335.95958648325546,351.44366324846436
Experiment 07-02_12:41
Epoch 0013 [Train seq (cond on sampled tp)] | Loss 2031252.899941 | MAPE 0.034044 | RMSE 107.469107 | Likelihood -2031250.048645 | KL fp 2.8513 | FP STD 0.2719|
Epoch 0013 [Val seq (cond on sampled tp)] |  MAPE 0.024451 | RMSE 90.112237 |
Epoch 0013 [Test seq (cond on sampled tp)] | MAPE 0.051516 | RMSE 325.162877|
0.05556615814566612,0.05352175235748291,0.045458853244781494
270.69358253383103,367.7207670230225,337.07428011122414
Experiment 07-02_12:41
Epoch 0014 [Train seq (cond on sampled tp)] | Loss 2058134.003938 | MAPE 0.036481 | RMSE 111.531398 | Likelihood -2058130.899294 | KL fp 3.1046 | FP STD 0.2535|
Epoch 0014 [Val seq (cond on sampled tp)] |  MAPE 0.031410 | RMSE 96.864233 |
Epoch 0014 [Test seq (cond on sampled tp)] | MAPE 0.066695 | RMSE 342.422622|
0.07143205404281616,0.06823711097240448,0.06041701138019562
288.6031553015317,373.0554374017352,365.60927316603994
Experiment 07-02_12:41
Epoch 0015 [Train seq (cond on sampled tp)] | Loss 2019269.191226 | MAPE 0.035287 | RMSE 106.820137 | Likelihood -2019266.157239 | KL fp 3.0340 | FP STD 0.2158|
Epoch 0015 [Val seq (cond on sampled tp)] |  MAPE 0.034817 | RMSE 88.958761 |
Epoch 0015 [Test seq (cond on sampled tp)] | MAPE 0.061318 | RMSE 301.938916|
0.06129465997219086,0.06251202523708344,0.06014735996723175
239.52044373862955,329.330060976067,336.9662446002567
Experiment 07-02_12:41
Epoch 0016 [Train seq (cond on sampled tp)] | Loss 2040487.333650 | MAPE 0.035422 | RMSE 109.568763 | Likelihood -2040484.569532 | KL fp 2.7641 | FP STD 0.2623|
Epoch 0016 [Val seq (cond on sampled tp)] |  MAPE 0.026061 | RMSE 90.889453 |
Epoch 0016 [Test seq (cond on sampled tp)] | MAPE 0.048358 | RMSE 322.009105|
0.05145511031150818,0.04987509921193123,0.0437428243458271
252.399570064511,346.76705527630503,366.8606896697982
0.05145511031150818,0.04987509921193123,0.0437428243458271
252.399570064511,346.76705527630503,366.8606896697982
Epoch 0016 [Test seq (cond on sampled tp)] | Best Test MAPE 0.048358|Best Test RMSE 322.009105|
Experiment 07-02_12:41
Epoch 0017 [Train seq (cond on sampled tp)] | Loss 2020369.579856 | MAPE 0.044832 | RMSE 106.482422 | Likelihood -2020366.620742 | KL fp 2.9591 | FP STD 0.2643|
Epoch 0017 [Val seq (cond on sampled tp)] |  MAPE 0.029806 | RMSE 84.442716 |
Epoch 0017 [Test seq (cond on sampled tp)] | MAPE 0.060691 | RMSE 318.571915|
0.06361882388591766,0.06589298695325851,0.052560146898031235
255.268134150152,367.731984602917,332.7156255723497
Experiment 07-02_12:41
Epoch 0018 [Train seq (cond on sampled tp)] | Loss 1988727.377413 | MAPE 0.031582 | RMSE 102.534712 | Likelihood -1988724.408289 | KL fp 2.9691 | FP STD 0.2183|
Epoch 0018 [Val seq (cond on sampled tp)] |  MAPE 0.032209 | RMSE 84.753546 |
Epoch 0018 [Test seq (cond on sampled tp)] | MAPE 0.064594 | RMSE 316.171039|
0.06324809044599533,0.06761201471090317,0.06292238086462021
244.59576824579366,352.8255367387684,351.0918126893591
Experiment 07-02_12:41
Epoch 0019 [Train seq (cond on sampled tp)] | Loss 2010984.624284 | MAPE 0.037157 | RMSE 106.030853 | Likelihood -2010981.720881 | KL fp 2.9034 | FP STD 0.2360|
Epoch 0019 [Val seq (cond on sampled tp)] |  MAPE 0.022651 | RMSE 74.229805 |
Best Val!
Epoch 0019 [Test seq (cond on sampled tp)] | MAPE 0.058961 | RMSE 288.899361|
0.058202113956213,0.06071167439222336,0.05797035992145538
226.0870528552,307.316726379317,333.2943050068513
Experiment 07-02_12:41
Epoch 0020 [Train seq (cond on sampled tp)] | Loss 1973258.183512 | MAPE 0.033359 | RMSE 98.417085 | Likelihood -1973255.182228 | KL fp 3.0013 | FP STD 0.2308|
Epoch 0020 [Val seq (cond on sampled tp)] |  MAPE 0.034381 | RMSE 79.865494 |
Epoch 0020 [Test seq (cond on sampled tp)] | MAPE 0.061085 | RMSE 301.244074|
0.06681177765130997,0.05894908308982849,0.05749339982867241
247.93720853272507,323.248634471207,332.54637834443486
Experiment 07-02_12:41
Epoch 0021 [Train seq (cond on sampled tp)] | Loss 1969193.143911 | MAPE 0.049783 | RMSE 97.435084 | Likelihood -1969189.958256 | KL fp 3.1857 | FP STD 0.2182|
Epoch 0021 [Val seq (cond on sampled tp)] |  MAPE 0.030914 | RMSE 82.724068 |
Epoch 0021 [Test seq (cond on sampled tp)] | MAPE 0.061594 | RMSE 280.723398|
0.06849473714828491,0.060349445790052414,0.055936720222234726
224.23578550267126,300.2019892922097,317.732419851988
Experiment 07-02_12:41
Epoch 0022 [Train seq (cond on sampled tp)] | Loss 1949187.642855 | MAPE 0.037173 | RMSE 96.192397 | Likelihood -1949184.635422 | KL fp 3.0074 | FP STD 0.2184|
Epoch 0022 [Val seq (cond on sampled tp)] |  MAPE 0.034307 | RMSE 84.744985 |
Epoch 0022 [Test seq (cond on sampled tp)] | MAPE 0.060347 | RMSE 268.608498|
0.06896371394395828,0.06192098557949066,0.05015705153346062
234.09279677085325,282.636112121222,289.0965858281623
Experiment 07-02_12:41
Epoch 0023 [Train seq (cond on sampled tp)] | Loss 1946401.956086 | MAPE 0.039614 | RMSE 93.710835 | Likelihood -1946398.878000 | KL fp 3.0781 | FP STD 0.2029|
Epoch 0023 [Val seq (cond on sampled tp)] |  MAPE 0.027220 | RMSE 81.723796 |
Epoch 0023 [Test seq (cond on sampled tp)] | MAPE 0.049399 | RMSE 310.431419|
0.05306385084986687,0.051253803074359894,0.04387817159295082
263.73277491146223,327.57382278655905,339.98766062167607
Experiment 07-02_12:41
Epoch 0024 [Train seq (cond on sampled tp)] | Loss 1964434.130906 | MAPE 0.040579 | RMSE 98.389956 | Likelihood -1964431.421247 | KL fp 2.7097 | FP STD 0.2425|
Epoch 0024 [Val seq (cond on sampled tp)] |  MAPE 0.024226 | RMSE 80.920778 |
Epoch 0024 [Test seq (cond on sampled tp)] | MAPE 0.053015 | RMSE 306.597455|
0.054725367575883865,0.05333121493458748,0.050989024341106415
234.17775867116416,335.11188663265887,350.50271931898044
Experiment 07-02_12:41
Epoch 0025 [Train seq (cond on sampled tp)] | Loss 1951816.677877 | MAPE 0.031760 | RMSE 96.208619 | Likelihood -1951813.807678 | KL fp 2.8702 | FP STD 0.2334|
Epoch 0025 [Val seq (cond on sampled tp)] |  MAPE 0.039967 | RMSE 86.070789 |
Epoch 0025 [Test seq (cond on sampled tp)] | MAPE 0.067094 | RMSE 323.353408|
0.06614016741514206,0.06601887196302414,0.06912386417388916
269.62559399563685,342.63935349358223,357.7952779698189
Experiment 07-02_12:41
Epoch 0026 [Train seq (cond on sampled tp)] | Loss 1964573.286409 | MAPE 0.038616 | RMSE 97.866700 | Likelihood -1964570.358991 | KL fp 2.9274 | FP STD 0.2428|
Epoch 0026 [Val seq (cond on sampled tp)] |  MAPE 0.023029 | RMSE 72.045477 |
Epoch 0026 [Test seq (cond on sampled tp)] | MAPE 0.053898 | RMSE 268.513793|
0.05790575221180916,0.05177925527095795,0.052008893340826035
208.40313622280257,293.4522427073952,303.6860014883794
Experiment 07-02_12:41
Epoch 0027 [Train seq (cond on sampled tp)] | Loss 1933263.552496 | MAPE 0.033084 | RMSE 92.830806 | Likelihood -1933260.636668 | KL fp 2.9158 | FP STD 0.2516|
Epoch 0027 [Val seq (cond on sampled tp)] |  MAPE 0.035212 | RMSE 81.558294 |
Epoch 0027 [Test seq (cond on sampled tp)] | MAPE 0.060377 | RMSE 291.409594|
0.05953216552734375,0.0591878779232502,0.062411971390247345
242.00265526694125,303.83136770254646,328.3947581608147
Experiment 07-02_12:41
Epoch 0028 [Train seq (cond on sampled tp)] | Loss 1923794.667895 | MAPE 0.044094 | RMSE 90.172545 | Likelihood -1923791.536694 | KL fp 3.1312 | FP STD 0.2055|
Epoch 0028 [Val seq (cond on sampled tp)] |  MAPE 0.025267 | RMSE 88.160326 |
Epoch 0028 [Test seq (cond on sampled tp)] | MAPE 0.059251 | RMSE 281.283166|
0.06367752701044083,0.05927852541208267,0.054798200726509094
253.64961068371463,285.5777586752862,304.6221276023789
Experiment 07-02_12:41
Epoch 0029 [Train seq (cond on sampled tp)] | Loss 1918584.885015 | MAPE 0.031796 | RMSE 89.449598 | Likelihood -1918582.015104 | KL fp 2.8699 | FP STD 0.2362|
Epoch 0029 [Val seq (cond on sampled tp)] |  MAPE 0.027147 | RMSE 81.955301 |
Epoch 0029 [Test seq (cond on sampled tp)] | MAPE 0.054210 | RMSE 280.912449|
0.057181499898433685,0.05550738051533699,0.04994135722517967
261.72370331133556,277.95438587113534,303.05925833490056
Experiment 07-02_12:41
Epoch 0030 [Train seq (cond on sampled tp)] | Loss 1916688.531976 | MAPE 0.036001 | RMSE 90.004229 | Likelihood -1916685.739237 | KL fp 2.7927 | FP STD 0.2462|
Epoch 0030 [Val seq (cond on sampled tp)] |  MAPE 0.022904 | RMSE 75.787323 |
Epoch 0030 [Test seq (cond on sampled tp)] | MAPE 0.055707 | RMSE 266.948049|
0.05726628005504608,0.05328918248414993,0.05656580626964569
231.1044305341202,262.69239972827535,307.04731669158093
Experiment 07-02_12:41
Epoch 0031 [Train seq (cond on sampled tp)] | Loss 1905837.230317 | MAPE 0.030741 | RMSE 88.001312 | Likelihood -1905834.321317 | KL fp 2.9090 | FP STD 0.2278|
Epoch 0031 [Val seq (cond on sampled tp)] |  MAPE 0.032026 | RMSE 80.908048 |
Epoch 0031 [Test seq (cond on sampled tp)] | MAPE 0.061003 | RMSE 312.486157|
0.0639566034078598,0.05783553794026375,0.06121758371591568
249.92622348905286,325.778274866511,361.7539737169448
Experiment 07-02_12:41
Epoch 0032 [Train seq (cond on sampled tp)] | Loss 1958334.212625 | MAPE 0.037151 | RMSE 97.254933 | Likelihood -1958331.254127 | KL fp 2.9585 | FP STD 0.2107|
Epoch 0032 [Val seq (cond on sampled tp)] |  MAPE 0.031539 | RMSE 91.923643 |
Epoch 0032 [Test seq (cond on sampled tp)] | MAPE 0.054771 | RMSE 300.481634|
0.0517381988465786,0.05556035786867142,0.057015445083379745
223.97166917659473,319.4944126076386,357.97882051526454
Experiment 07-02_12:41
Epoch 0033 [Train seq (cond on sampled tp)] | Loss 1943165.039564 | MAPE 0.029883 | RMSE 94.671137 | Likelihood -1943162.010129 | KL fp 3.0294 | FP STD 0.2069|
Epoch 0033 [Val seq (cond on sampled tp)] |  MAPE 0.030843 | RMSE 86.199102 |
Epoch 0033 [Test seq (cond on sampled tp)] | MAPE 0.061032 | RMSE 268.825755|
0.05463952571153641,0.06127185747027397,0.06718473136425018
204.6889408346235,296.09750822153165,305.690816021679
Experiment 07-02_12:41
Epoch 0034 [Train seq (cond on sampled tp)] | Loss 1927169.182482 | MAPE 0.041157 | RMSE 90.591264 | Likelihood -1927166.010276 | KL fp 3.1722 | FP STD 0.1850|
Epoch 0034 [Val seq (cond on sampled tp)] |  MAPE 0.022598 | RMSE 79.221554 |
Best Val!
Epoch 0034 [Test seq (cond on sampled tp)] | MAPE 0.055797 | RMSE 297.759999|
0.055564574897289276,0.05981714650988579,0.05200974643230438
228.75041837393434,313.6499466961536,350.87963124838126
Experiment 07-02_12:41
Epoch 0035 [Train seq (cond on sampled tp)] | Loss 1934985.482729 | MAPE 0.031538 | RMSE 93.190926 | Likelihood -1934982.386224 | KL fp 3.0965 | FP STD 0.1917|
Epoch 0035 [Val seq (cond on sampled tp)] |  MAPE 0.026065 | RMSE 84.273692 |
Epoch 0035 [Test seq (cond on sampled tp)] | MAPE 0.047645 | RMSE 276.600069|
0.049282774329185486,0.0466962568461895,0.046955402940511703
225.49620631509524,283.39582797299613,320.9081717368693
0.049282774329185486,0.0466962568461895,0.046955402940511703
225.49620631509524,283.39582797299613,320.9081717368693
Epoch 0035 [Test seq (cond on sampled tp)] | Best Test MAPE 0.047645|Best Test RMSE 276.600069|
Experiment 07-02_12:41
Epoch 0036 [Train seq (cond on sampled tp)] | Loss 1940392.811816 | MAPE 0.032019 | RMSE 93.176899 | Likelihood -1940389.907135 | KL fp 2.9047 | FP STD 0.2127|
Epoch 0036 [Val seq (cond on sampled tp)] |  MAPE 0.026409 | RMSE 84.437115 |
Epoch 0036 [Test seq (cond on sampled tp)] | MAPE 0.063063 | RMSE 291.336709|
0.0620703399181366,0.0617481991648674,0.06537000089883804
258.63243101939094,289.5060043634674,325.8716915827455
Experiment 07-02_12:41
Epoch 0037 [Train seq (cond on sampled tp)] | Loss 1974312.194533 | MAPE 0.046562 | RMSE 99.401803 | Likelihood -1974309.176841 | KL fp 3.0177 | FP STD 0.2370|
Epoch 0037 [Val seq (cond on sampled tp)] |  MAPE 0.028275 | RMSE 92.062914 |
Epoch 0037 [Test seq (cond on sampled tp)] | MAPE 0.067117 | RMSE 297.199058|
0.06798951327800751,0.0677405521273613,0.06562130898237228
259.49643241767313,288.0876602702726,344.01308114663317
Experiment 07-02_12:41
Epoch 0038 [Train seq (cond on sampled tp)] | Loss 1919220.420345 | MAPE 0.031982 | RMSE 91.937779 | Likelihood -1919217.619387 | KL fp 2.8010 | FP STD 0.2216|
Epoch 0038 [Val seq (cond on sampled tp)] |  MAPE 0.025344 | RMSE 73.352824 |
Epoch 0038 [Test seq (cond on sampled tp)] | MAPE 0.067206 | RMSE 263.952488|
0.06532083451747894,0.06788697838783264,0.06841118633747101
196.23507108822318,275.91899003602487,319.7034025858968
Experiment 07-02_12:41
Epoch 0039 [Train seq (cond on sampled tp)] | Loss 1911056.421369 | MAPE 0.033705 | RMSE 87.536530 | Likelihood -1911053.361905 | KL fp 3.0595 | FP STD 0.2254|
Epoch 0039 [Val seq (cond on sampled tp)] |  MAPE 0.023547 | RMSE 83.074697 |
Epoch 0039 [Test seq (cond on sampled tp)] | MAPE 0.046356 | RMSE 277.668918|
0.04640446603298187,0.04715621471405029,0.04550642520189285
221.93919845872202,290.90273019946034,320.16482571481833
0.04640446603298187,0.04715621471405029,0.04550642520189285
221.93919845872202,290.90273019946034,320.16482571481833
Epoch 0039 [Test seq (cond on sampled tp)] | Best Test MAPE 0.046356|Best Test RMSE 277.668918|
Experiment 07-02_12:41
Epoch 0040 [Train seq (cond on sampled tp)] | Loss 1935362.340408 | MAPE 0.028355 | RMSE 91.922154 | Likelihood -1935359.543910 | KL fp 2.7965 | FP STD 0.2225|
Epoch 0040 [Val seq (cond on sampled tp)] |  MAPE 0.032229 | RMSE 89.388589 |
Epoch 0040 [Test seq (cond on sampled tp)] | MAPE 0.059676 | RMSE 251.391984|
0.05680482089519501,0.05896780267357826,0.06325671076774597
186.30368353846362,257.6636312617673,310.2086369485866
Experiment 07-02_12:41
Epoch 0041 [Train seq (cond on sampled tp)] | Loss 1917461.182571 | MAPE 0.032540 | RMSE 89.100422 | Likelihood -1917457.998683 | KL fp 3.1839 | FP STD 0.2085|
Epoch 0041 [Val seq (cond on sampled tp)] |  MAPE 0.026109 | RMSE 81.828828 |
Epoch 0041 [Test seq (cond on sampled tp)] | MAPE 0.059145 | RMSE 286.018569|
0.06247497722506523,0.0563078299164772,0.05865173041820526
227.25475276933153,292.4727684973423,338.3281852543474
Experiment 07-02_12:41
Epoch 0042 [Train seq (cond on sampled tp)] | Loss 1939147.344458 | MAPE 0.031723 | RMSE 96.707550 | Likelihood -1939144.198997 | KL fp 3.1455 | FP STD 0.1952|
Epoch 0042 [Val seq (cond on sampled tp)] |  MAPE 0.024604 | RMSE 84.478993 |
Epoch 0042 [Test seq (cond on sampled tp)] | MAPE 0.056442 | RMSE 267.133114|
0.054072678089141846,0.05500037595629692,0.06025254726409912
212.5370280239422,252.16685944033168,336.69545308037647
Experiment 07-02_12:41
Epoch 0043 [Train seq (cond on sampled tp)] | Loss 1894828.682072 | MAPE 0.030025 | RMSE 87.689674 | Likelihood -1894825.735247 | KL fp 2.9468 | FP STD 0.2470|
Epoch 0043 [Val seq (cond on sampled tp)] |  MAPE 0.025874 | RMSE 86.954679 |
Epoch 0043 [Test seq (cond on sampled tp)] | MAPE 0.051991 | RMSE 290.142159|
0.05159514397382736,0.049557168036699295,0.05482092127203941
250.93546854719443,274.84755717942994,344.64345253464484
Experiment 07-02_12:41
Epoch 0044 [Train seq (cond on sampled tp)] | Loss 1891443.234175 | MAPE 0.037883 | RMSE 86.474184 | Likelihood -1891440.189332 | KL fp 3.0448 | FP STD 0.2477|
Epoch 0044 [Val seq (cond on sampled tp)] |  MAPE 0.025105 | RMSE 84.315966 |
Epoch 0044 [Test seq (cond on sampled tp)] | MAPE 0.053346 | RMSE 267.610276|
0.0579264834523201,0.0507526770234108,0.05136030167341232
199.700547304583,256.658576712332,346.4717024880964
Experiment 07-02_12:41
Epoch 0045 [Train seq (cond on sampled tp)] | Loss 1888290.697224 | MAPE 0.028620 | RMSE 84.811834 | Likelihood -1888287.653964 | KL fp 3.0433 | FP STD 0.2156|
Epoch 0045 [Val seq (cond on sampled tp)] |  MAPE 0.031471 | RMSE 78.116500 |
Epoch 0045 [Test seq (cond on sampled tp)] | MAPE 0.061788 | RMSE 265.491989|
0.05439954996109009,0.06674804538488388,0.06421689689159393
206.5893325991204,267.19870590536175,322.6879297401748
Experiment 07-02_12:41
Epoch 0046 [Train seq (cond on sampled tp)] | Loss 1891435.702229 | MAPE 0.029656 | RMSE 85.307123 | Likelihood -1891432.879005 | KL fp 2.8232 | FP STD 0.2324|
Epoch 0046 [Val seq (cond on sampled tp)] |  MAPE 0.030429 | RMSE 73.178086 |
Epoch 0046 [Test seq (cond on sampled tp)] | MAPE 0.061938 | RMSE 283.985820|
0.05467716231942177,0.0621432401239872,0.0689936950802803
245.80881321923752,273.54955561104464,332.5990923769937
Experiment 07-02_12:41
Epoch 0047 [Train seq (cond on sampled tp)] | Loss 1892593.681639 | MAPE 0.029464 | RMSE 85.094798 | Likelihood -1892590.633114 | KL fp 3.0485 | FP STD 0.2440|
Epoch 0047 [Val seq (cond on sampled tp)] |  MAPE 0.026558 | RMSE 75.011731 |
Epoch 0047 [Test seq (cond on sampled tp)] | MAPE 0.064199 | RMSE 305.339513|
0.06424803286790848,0.06407462805509567,0.06427447497844696
263.43070127644575,314.77606127213676,337.8117772887736
Experiment 07-02_12:41
Epoch 0048 [Train seq (cond on sampled tp)] | Loss 1952376.929288 | MAPE 0.030292 | RMSE 97.337168 | Likelihood -1952374.106894 | KL fp 2.8224 | FP STD 0.2285|
Epoch 0048 [Val seq (cond on sampled tp)] |  MAPE 0.024964 | RMSE 78.406219 |
Epoch 0048 [Test seq (cond on sampled tp)] | MAPE 0.059048 | RMSE 289.971229|
0.06348752975463867,0.054165467619895935,0.05949179455637932
267.6042145127763,288.2877387481126,314.0217324286649
Experiment 07-02_12:41
Epoch 0049 [Train seq (cond on sampled tp)] | Loss 1918677.550588 | MAPE 0.028648 | RMSE 90.598118 | Likelihood -1918674.737119 | KL fp 2.8135 | FP STD 0.2392|
Epoch 0049 [Val seq (cond on sampled tp)] |  MAPE 0.021345 | RMSE 79.837894 |
Best Val!
Epoch 0049 [Test seq (cond on sampled tp)] | MAPE 0.047811 | RMSE 282.938819|
0.0517430454492569,0.04602258652448654,0.045666635036468506
237.15392548933278,293.8503684913463,317.81216199588715
Experiment 07-02_12:41
Epoch 0050 [Train seq (cond on sampled tp)] | Loss 1934478.973375 | MAPE 0.030116 | RMSE 94.369150 | Likelihood -1934476.285809 | KL fp 2.6876 | FP STD 0.2425|
Epoch 0050 [Val seq (cond on sampled tp)] |  MAPE 0.021699 | RMSE 86.920385 |
Epoch 0050 [Test seq (cond on sampled tp)] | MAPE 0.049536 | RMSE 293.569960|
0.05419646203517914,0.048751454800367355,0.04565967619419098
256.6083013320107,300.84950037352564,323.25207849293093
Experiment 07-02_12:41
Epoch 0051 [Train seq (cond on sampled tp)] | Loss 1901995.817006 | MAPE 0.028895 | RMSE 87.601053 | Likelihood -1901993.259189 | KL fp 2.5578 | FP STD 0.2589|
Epoch 0051 [Val seq (cond on sampled tp)] |  MAPE 0.028874 | RMSE 91.303345 |
Epoch 0051 [Test seq (cond on sampled tp)] | MAPE 0.074463 | RMSE 268.503147|
0.06201278418302536,0.07889892160892487,0.08247678726911545
221.7403993130255,275.5448296103558,308.22421070139836
Experiment 07-02_12:41
Epoch 0052 [Train seq (cond on sampled tp)] | Loss 1916749.219392 | MAPE 0.031787 | RMSE 87.525834 | Likelihood -1916746.327918 | KL fp 2.8915 | FP STD 0.2365|
Epoch 0052 [Val seq (cond on sampled tp)] |  MAPE 0.024661 | RMSE 75.665888 |
Epoch 0052 [Test seq (cond on sampled tp)] | MAPE 0.063602 | RMSE 262.196525|
0.06402180343866348,0.060951679944992065,0.06583201885223389
218.933476625892,242.32708074521923,325.32901615134176
Experiment 07-02_12:41
Epoch 0053 [Train seq (cond on sampled tp)] | Loss 1929631.866933 | MAPE 0.047966 | RMSE 91.603095 | Likelihood -1929628.649632 | KL fp 3.2173 | FP STD 0.1916|
Epoch 0053 [Val seq (cond on sampled tp)] |  MAPE 0.029566 | RMSE 79.191249 |
Epoch 0053 [Test seq (cond on sampled tp)] | MAPE 0.061639 | RMSE 250.656657|
0.06058402732014656,0.05861567333340645,0.06571685522794724
219.61685386144663,239.40746352975296,292.945654089628
Experiment 07-02_12:41
Epoch 0054 [Train seq (cond on sampled tp)] | Loss 1936933.538471 | MAPE 0.032189 | RMSE 94.156786 | Likelihood -1936930.709754 | KL fp 2.8287 | FP STD 0.2120|
Epoch 0054 [Val seq (cond on sampled tp)] |  MAPE 0.024078 | RMSE 76.632404 |
Epoch 0054 [Test seq (cond on sampled tp)] | MAPE 0.050376 | RMSE 273.617803|
0.0539708137512207,0.04862906411290169,0.048527128994464874
228.97119599143906,266.65649720192454,325.22571488890605
Experiment 07-02_12:41
Epoch 0055 [Train seq (cond on sampled tp)] | Loss 1923990.121521 | MAPE 0.041948 | RMSE 90.061188 | Likelihood -1923986.936110 | KL fp 3.1854 | FP STD 0.2204|
Epoch 0055 [Val seq (cond on sampled tp)] |  MAPE 0.024806 | RMSE 78.182726 |
Epoch 0055 [Test seq (cond on sampled tp)] | MAPE 0.051373 | RMSE 289.727284|
0.05443766340613365,0.050238482654094696,0.04944276809692383
246.63635617544304,284.2304715147551,338.31502285222274
Experiment 07-02_12:41
Epoch 0056 [Train seq (cond on sampled tp)] | Loss 1916985.455005 | MAPE 0.030757 | RMSE 92.165212 | Likelihood -1916982.416082 | KL fp 3.0389 | FP STD 0.2004|
Epoch 0056 [Val seq (cond on sampled tp)] |  MAPE 0.027287 | RMSE 79.436427 |
Epoch 0056 [Test seq (cond on sampled tp)] | MAPE 0.053390 | RMSE 274.183061|
0.056921910494565964,0.05165110528469086,0.051596641540527344
234.33926394225958,257.47677383115547,330.733146301516
Experiment 07-02_12:41
Epoch 0057 [Train seq (cond on sampled tp)] | Loss 1894531.771184 | MAPE 0.030829 | RMSE 85.092606 | Likelihood -1894528.463700 | KL fp 3.3075 | FP STD 0.1803|
Epoch 0057 [Val seq (cond on sampled tp)] |  MAPE 0.026578 | RMSE 78.809895 |
Epoch 0057 [Test seq (cond on sampled tp)] | MAPE 0.055869 | RMSE 254.275418|
0.05420137941837311,0.054624006152153015,0.0587821789085865
195.1214365465773,234.35416574065843,333.3506505918355
Experiment 07-02_12:41
Epoch 0058 [Train seq (cond on sampled tp)] | Loss 1882786.692489 | MAPE 0.041242 | RMSE 82.627020 | Likelihood -1882783.488947 | KL fp 3.2035 | FP STD 0.2021|
Epoch 0058 [Val seq (cond on sampled tp)] |  MAPE 0.023851 | RMSE 76.116690 |
Epoch 0058 [Test seq (cond on sampled tp)] | MAPE 0.056138 | RMSE 263.861849|
0.05863770470023155,0.055745553225278854,0.05403062701225281
233.64278958487034,239.13113393857773,318.8116239450814
Experiment 07-02_12:41
Epoch 0059 [Train seq (cond on sampled tp)] | Loss 1865636.504448 | MAPE 0.033441 | RMSE 80.847615 | Likelihood -1865633.287330 | KL fp 3.2171 | FP STD 0.2010|
Epoch 0059 [Val seq (cond on sampled tp)] |  MAPE 0.029214 | RMSE 78.771863 |
Epoch 0059 [Test seq (cond on sampled tp)] | MAPE 0.065152 | RMSE 272.474543|
0.0661391094326973,0.06390461325645447,0.0654107928276062
237.6979438278758,274.20458830953214,305.5210968574838
Experiment 07-02_12:41
Epoch 0060 [Train seq (cond on sampled tp)] | Loss 1880585.573868 | MAPE 0.043501 | RMSE 83.383362 | Likelihood -1880582.443581 | KL fp 3.1303 | FP STD 0.2015|
Epoch 0060 [Val seq (cond on sampled tp)] |  MAPE 0.025400 | RMSE 78.185901 |
Epoch 0060 [Test seq (cond on sampled tp)] | MAPE 0.056127 | RMSE 271.188297|
0.06192733719944954,0.05580829456448555,0.050646714866161346
218.61296600670784,278.39122090145014,316.5607045852343
Experiment 07-02_12:41
Epoch 0061 [Train seq (cond on sampled tp)] | Loss 1883347.890449 | MAPE 0.033316 | RMSE 83.370140 | Likelihood -1883344.554645 | KL fp 3.3358 | FP STD 0.1984|
Epoch 0061 [Val seq (cond on sampled tp)] |  MAPE 0.025020 | RMSE 71.419672 |
Epoch 0061 [Test seq (cond on sampled tp)] | MAPE 0.056460 | RMSE 289.250870|
0.06504832953214645,0.05392935499548912,0.05040276050567627
245.35452665479804,263.3518321561481,359.04625180817584
Experiment 07-02_12:41
Epoch 0062 [Train seq (cond on sampled tp)] | Loss 1886846.064986 | MAPE 0.035112 | RMSE 86.553827 | Likelihood -1886843.044460 | KL fp 3.0205 | FP STD 0.2114|
Epoch 0062 [Val seq (cond on sampled tp)] |  MAPE 0.026744 | RMSE 74.064445 |
Epoch 0062 [Test seq (cond on sampled tp)] | MAPE 0.065234 | RMSE 287.681177|
0.059676360338926315,0.06541699916124344,0.07060745358467102
241.16738384626143,283.03193834795394,338.8442096856607
Experiment 07-02_12:41
Epoch 0063 [Train seq (cond on sampled tp)] | Loss 1876738.463829 | MAPE 0.037053 | RMSE 81.803709 | Likelihood -1876735.329310 | KL fp 3.1345 | FP STD 0.2023|
Epoch 0063 [Val seq (cond on sampled tp)] |  MAPE 0.024293 | RMSE 78.371720 |
Epoch 0063 [Test seq (cond on sampled tp)] | MAPE 0.051476 | RMSE 294.125477|
0.05376265570521355,0.04809495806694031,0.05256964638829231
239.6747796494241,291.0701966450705,351.6314543488679
Experiment 07-02_12:41
Epoch 0064 [Train seq (cond on sampled tp)] | Loss 1867062.642618 | MAPE 0.037557 | RMSE 78.752760 | Likelihood -1867059.421764 | KL fp 3.2209 | FP STD 0.1878|
Epoch 0064 [Val seq (cond on sampled tp)] |  MAPE 0.024178 | RMSE 80.489315 |
Epoch 0064 [Test seq (cond on sampled tp)] | MAPE 0.055623 | RMSE 289.559237|
0.05867115035653114,0.05539853125810623,0.05279858782887459
248.05660266358564,294.3232438578374,326.2978652627075
Experiment 07-02_12:41
Epoch 0065 [Train seq (cond on sampled tp)] | Loss 1889916.190332 | MAPE 0.035851 | RMSE 87.911401 | Likelihood -1889913.121077 | KL fp 3.0693 | FP STD 0.1999|
Epoch 0065 [Val seq (cond on sampled tp)] |  MAPE 0.026221 | RMSE 80.728882 |
Epoch 0065 [Test seq (cond on sampled tp)] | MAPE 0.050718 | RMSE 317.948812|
0.05252620950341225,0.0467984564602375,0.05283033847808838
281.5723985496448,320.1263178418794,352.1477184719503
Experiment 07-02_12:41
Epoch 0066 [Train seq (cond on sampled tp)] | Loss 1891503.892227 | MAPE 0.038386 | RMSE 86.913837 | Likelihood -1891500.912734 | KL fp 2.9795 | FP STD 0.2043|
Epoch 0066 [Val seq (cond on sampled tp)] |  MAPE 0.030837 | RMSE 78.982952 |
Epoch 0066 [Test seq (cond on sampled tp)] | MAPE 0.064005 | RMSE 312.028618|
0.05741872638463974,0.06327652931213379,0.07131902128458023
242.0093699761437,323.399001331946,370.6774836363817
Experiment 07-02_12:41
Epoch 0067 [Train seq (cond on sampled tp)] | Loss 1896504.506757 | MAPE 0.053195 | RMSE 85.655992 | Likelihood -1896501.492827 | KL fp 3.0139 | FP STD 0.2267|
Epoch 0067 [Val seq (cond on sampled tp)] |  MAPE 0.027865 | RMSE 82.308078 |
Epoch 0067 [Test seq (cond on sampled tp)] | MAPE 0.060549 | RMSE 304.993455|
0.06401652842760086,0.0612545870244503,0.05637558922171593
251.00296468617657,326.3682855494694,337.609114306027
Experiment 07-02_12:41
Epoch 0068 [Train seq (cond on sampled tp)] | Loss 1879282.921796 | MAPE 0.047237 | RMSE 84.106465 | Likelihood -1879280.129499 | KL fp 2.7923 | FP STD 0.2616|
Epoch 0068 [Val seq (cond on sampled tp)] |  MAPE 0.034195 | RMSE 85.426109 |
Epoch 0068 [Test seq (cond on sampled tp)] | MAPE 0.058450 | RMSE 276.858131|
0.06107854098081589,0.05096845328807831,0.06330292671918869
219.1237610489789,277.94408441717195,333.50654744322486
Experiment 07-02_12:41
Epoch 0069 [Train seq (cond on sampled tp)] | Loss 1872433.245769 | MAPE 0.043191 | RMSE 81.113544 | Likelihood -1872430.457564 | KL fp 2.7882 | FP STD 0.2601|
Epoch 0069 [Val seq (cond on sampled tp)] |  MAPE 0.034940 | RMSE 81.318271 |
Epoch 0069 [Test seq (cond on sampled tp)] | MAPE 0.063977 | RMSE 271.883191|
0.05572711303830147,0.06414951384067535,0.0720549151301384
212.10749596313187,274.42647580909534,329.1155999417226
Experiment 07-02_12:41
Epoch 0070 [Train seq (cond on sampled tp)] | Loss 1905997.435715 | MAPE 0.052304 | RMSE 85.023208 | Likelihood -1905994.389842 | KL fp 3.0459 | FP STD 0.2181|
Epoch 0070 [Val seq (cond on sampled tp)] |  MAPE 0.028650 | RMSE 74.560843 |
Epoch 0070 [Test seq (cond on sampled tp)] | MAPE 0.052226 | RMSE 248.999471|
0.05500262230634689,0.051735103130340576,0.049940962344408035
216.16629521620618,233.4535051407453,297.37861231517644
Experiment 07-02_12:41
Epoch 0071 [Train seq (cond on sampled tp)] | Loss 1870473.020577 | MAPE 0.048515 | RMSE 81.626788 | Likelihood -1870470.032544 | KL fp 2.9880 | FP STD 0.2318|
Epoch 0071 [Val seq (cond on sampled tp)] |  MAPE 0.023578 | RMSE 80.738616 |
Epoch 0071 [Test seq (cond on sampled tp)] | MAPE 0.042597 | RMSE 247.556578|
0.04351617395877838,0.03808733448386192,0.046188466250896454
183.11433416038187,225.9551773859143,333.60022388331817
0.04351617395877838,0.03808733448386192,0.046188466250896454
183.11433416038187,225.9551773859143,333.60022388331817
Epoch 0071 [Test seq (cond on sampled tp)] | Best Test MAPE 0.042597|Best Test RMSE 247.556578|
Experiment 07-02_12:41
Epoch 0072 [Train seq (cond on sampled tp)] | Loss 1892355.805072 | MAPE 0.050364 | RMSE 84.576257 | Likelihood -1892352.916999 | KL fp 2.8881 | FP STD 0.2471|
Epoch 0072 [Val seq (cond on sampled tp)] |  MAPE 0.021935 | RMSE 77.831944 |
Epoch 0072 [Test seq (cond on sampled tp)] | MAPE 0.050883 | RMSE 268.298451|
0.04942304641008377,0.048401784151792526,0.05482311546802521
211.87051064565355,270.9705357598866,322.05430685289707
Experiment 07-02_12:41
Epoch 0073 [Train seq (cond on sampled tp)] | Loss 1868827.356192 | MAPE 0.055819 | RMSE 82.452959 | Likelihood -1868824.387932 | KL fp 2.9683 | FP STD 0.2287|
Epoch 0073 [Val seq (cond on sampled tp)] |  MAPE 0.026281 | RMSE 79.595584 |
Epoch 0073 [Test seq (cond on sampled tp)] | MAPE 0.058320 | RMSE 274.980983|
0.05671092867851257,0.05176595598459244,0.066482312977314
211.28348477223676,248.297507727625,365.3619566607886
Experiment 07-02_12:41
Epoch 0074 [Train seq (cond on sampled tp)] | Loss 1855141.455104 | MAPE 0.052754 | RMSE 77.146208 | Likelihood -1855138.102544 | KL fp 3.3526 | FP STD 0.1936|
Epoch 0074 [Val seq (cond on sampled tp)] |  MAPE 0.026342 | RMSE 81.001166 |
Epoch 0074 [Test seq (cond on sampled tp)] | MAPE 0.058870 | RMSE 287.470591|
0.0588698610663414,0.05405375361442566,0.06368725746870041
225.92288161560793,279.63557478886696,356.8533158911375
Experiment 07-02_12:41
Epoch 0075 [Train seq (cond on sampled tp)] | Loss 1901001.515765 | MAPE 0.057805 | RMSE 89.587511 | Likelihood -1900998.703651 | KL fp 2.8121 | FP STD 0.2168|
Epoch 0075 [Val seq (cond on sampled tp)] |  MAPE 0.027153 | RMSE 78.634529 |
Epoch 0075 [Test seq (cond on sampled tp)] | MAPE 0.065481 | RMSE 256.119734|
0.062389686703681946,0.06290750205516815,0.07114643603563309
210.74266001453051,269.08662057969366,288.5299215419434
Experiment 07-02_12:41
Epoch 0076 [Train seq (cond on sampled tp)] | Loss 1867841.949463 | MAPE 0.053515 | RMSE 82.357324 | Likelihood -1867839.127188 | KL fp 2.8223 | FP STD 0.2213|
Epoch 0076 [Val seq (cond on sampled tp)] |  MAPE 0.035455 | RMSE 86.954805 |
Epoch 0076 [Test seq (cond on sampled tp)] | MAPE 0.072532 | RMSE 279.333172|
0.0666828602552414,0.06608933955430984,0.08482460677623749
244.9510394318628,243.14341189923283,349.90506524984744
Experiment 07-02_12:41
Epoch 0077 [Train seq (cond on sampled tp)] | Loss 1927709.272361 | MAPE 0.074604 | RMSE 88.547670 | Likelihood -1927705.948857 | KL fp 3.3235 | FP STD 0.2217|
Epoch 0077 [Val seq (cond on sampled tp)] |  MAPE 0.031835 | RMSE 79.008866 |
Epoch 0077 [Test seq (cond on sampled tp)] | MAPE 0.056687 | RMSE 258.850960|
0.056180186569690704,0.05059964954853058,0.06328165531158447
201.34281632951297,240.16878830314317,335.04127544229533
Experiment 07-02_12:41
Epoch 0078 [Train seq (cond on sampled tp)] | Loss 1891248.221469 | MAPE 0.055668 | RMSE 84.422440 | Likelihood -1891245.145119 | KL fp 3.0764 | FP STD 0.2001|
Epoch 0078 [Val seq (cond on sampled tp)] |  MAPE 0.028520 | RMSE 94.363762 |
Epoch 0078 [Test seq (cond on sampled tp)] | MAPE 0.063115 | RMSE 271.062096|
0.05998677760362625,0.0593484491109848,0.07001052051782608
212.04321309287405,267.0125670029409,334.1305064080501
Experiment 07-02_12:41
Epoch 0079 [Train seq (cond on sampled tp)] | Loss 1882290.721316 | MAPE 0.058063 | RMSE 83.311391 | Likelihood -1882287.429377 | KL fp 3.2919 | FP STD 0.1997|
Epoch 0079 [Val seq (cond on sampled tp)] |  MAPE 0.028047 | RMSE 74.356661 |
Epoch 0079 [Test seq (cond on sampled tp)] | MAPE 0.052029 | RMSE 234.177694|
0.04619905725121498,0.049520306289196014,0.06036728248000145
174.64887207086394,213.8674293663016,314.0167814982187
Experiment 07-02_12:41
Epoch 0080 [Train seq (cond on sampled tp)] | Loss 1873168.069490 | MAPE 0.057336 | RMSE 80.719775 | Likelihood -1873164.905214 | KL fp 3.1643 | FP STD 0.2372|
Epoch 0080 [Val seq (cond on sampled tp)] |  MAPE 0.032046 | RMSE 83.728020 |
Epoch 0080 [Test seq (cond on sampled tp)] | MAPE 0.056638 | RMSE 272.485230|
0.056395940482616425,0.05214250460267067,0.06137537956237793
235.44710625478072,260.71257521454544,321.2960083785667
Experiment 07-02_12:41
Epoch 0081 [Train seq (cond on sampled tp)] | Loss 1904332.680925 | MAPE 0.066129 | RMSE 88.654814 | Likelihood -1904329.621791 | KL fp 3.0591 | FP STD 0.2673|
Epoch 0081 [Val seq (cond on sampled tp)] |  MAPE 0.030015 | RMSE 91.248742 |
Epoch 0081 [Test seq (cond on sampled tp)] | MAPE 0.058039 | RMSE 305.439763|
0.05921439081430435,0.05812903121113777,0.0567735992372036
278.17578188081,299.05649811114284,339.08700948281694
Experiment 07-02_12:41
Epoch 0082 [Train seq (cond on sampled tp)] | Loss 1878241.686963 | MAPE 0.058889 | RMSE 82.925871 | Likelihood -1878238.548079 | KL fp 3.1389 | FP STD 0.2356|
Epoch 0082 [Val seq (cond on sampled tp)] |  MAPE 0.029822 | RMSE 76.439669 |
Epoch 0082 [Test seq (cond on sampled tp)] | MAPE 0.062331 | RMSE 258.661286|
0.06085142865777016,0.0576215498149395,0.0685214176774025
203.46639579731587,251.8418092275387,320.6756538934629
Experiment 07-02_12:41
Epoch 0083 [Train seq (cond on sampled tp)] | Loss 1875042.118098 | MAPE 0.067161 | RMSE 81.045497 | Likelihood -1875038.939265 | KL fp 3.1788 | FP STD 0.2205|
Epoch 0083 [Val seq (cond on sampled tp)] |  MAPE 0.025180 | RMSE 79.919149 |
Epoch 0083 [Test seq (cond on sampled tp)] | MAPE 0.048431 | RMSE 277.323695|
0.04758777096867561,0.04652750864624977,0.05117909610271454
226.8512556445302,253.75788165099425,351.3619483524077
Experiment 07-02_12:41
Epoch 0084 [Train seq (cond on sampled tp)] | Loss 1877989.794385 | MAPE 0.060005 | RMSE 83.776846 | Likelihood -1877986.659520 | KL fp 3.1349 | FP STD 0.2128|
Epoch 0084 [Val seq (cond on sampled tp)] |  MAPE 0.026483 | RMSE 69.962162 |
Epoch 0084 [Test seq (cond on sampled tp)] | MAPE 0.056504 | RMSE 249.148857|
0.04931000620126724,0.054256465286016464,0.06594520062208176
186.89902646549552,235.7526096753756,324.79493530534
Experiment 07-02_12:41
Epoch 0085 [Train seq (cond on sampled tp)] | Loss 1871114.078329 | MAPE 0.057138 | RMSE 79.014221 | Likelihood -1871110.826654 | KL fp 3.2517 | FP STD 0.2250|
Epoch 0085 [Val seq (cond on sampled tp)] |  MAPE 0.028370 | RMSE 78.914740 |
Epoch 0085 [Test seq (cond on sampled tp)] | MAPE 0.056560 | RMSE 267.576205|
0.05337739735841751,0.0561385340988636,0.06016435846686363
215.70383522610348,262.0120166614501,325.01276417242445
Experiment 07-02_12:41
Epoch 0086 [Train seq (cond on sampled tp)] | Loss 1869548.761591 | MAPE 0.052672 | RMSE 81.243922 | Likelihood -1869545.602383 | KL fp 3.1592 | FP STD 0.2380|
Epoch 0086 [Val seq (cond on sampled tp)] |  MAPE 0.027252 | RMSE 80.259506 |
Epoch 0086 [Test seq (cond on sampled tp)] | MAPE 0.050950 | RMSE 255.300021|
0.04659288749098778,0.04777432233095169,0.05848144739866257
218.95922137466601,255.12091955335612,291.8199225335721
Experiment 07-02_12:41
Epoch 0087 [Train seq (cond on sampled tp)] | Loss 1865659.925801 | MAPE 0.053583 | RMSE 81.658553 | Likelihood -1865656.852252 | KL fp 3.0735 | FP STD 0.2341|
Epoch 0087 [Val seq (cond on sampled tp)] |  MAPE 0.028215 | RMSE 75.822109 |
Epoch 0087 [Test seq (cond on sampled tp)] | MAPE 0.054970 | RMSE 268.708811|
0.05138713866472244,0.053139492869377136,0.06038219481706619
222.85060158096948,259.0965674222644,324.17926416182144
Experiment 07-02_12:41
Epoch 0088 [Train seq (cond on sampled tp)] | Loss 1855191.409814 | MAPE 0.057746 | RMSE 77.158194 | Likelihood -1855187.977690 | KL fp 3.4321 | FP STD 0.1995|
Epoch 0088 [Val seq (cond on sampled tp)] |  MAPE 0.024755 | RMSE 80.194149 |
Epoch 0088 [Test seq (cond on sampled tp)] | MAPE 0.048277 | RMSE 279.396754|
0.042199015617370605,0.0464177206158638,0.056213367730379105
251.92907297987662,260.1917712236496,326.0694184142389
Experiment 07-02_12:41
Epoch 0089 [Train seq (cond on sampled tp)] | Loss 1851836.917627 | MAPE 0.055147 | RMSE 78.906146 | Likelihood -1851833.640077 | KL fp 3.2775 | FP STD 0.1936|
Epoch 0089 [Val seq (cond on sampled tp)] |  MAPE 0.031447 | RMSE 89.804157 |
Epoch 0089 [Test seq (cond on sampled tp)] | MAPE 0.045379 | RMSE 243.193048|
0.04109439253807068,0.04368460550904274,0.05135874077677727
220.80534413822505,209.82218103968418,298.95161868185295
Experiment 07-02_12:41
Epoch 0090 [Train seq (cond on sampled tp)] | Loss 1866760.196194 | MAPE 0.053561 | RMSE 78.272178 | Likelihood -1866756.699995 | KL fp 3.4962 | FP STD 0.1707|
Epoch 0090 [Val seq (cond on sampled tp)] |  MAPE 0.026385 | RMSE 72.601212 |
Epoch 0090 [Test seq (cond on sampled tp)] | MAPE 0.045398 | RMSE 262.534323|
0.04286063089966774,0.0450461246073246,0.04828735068440437
232.96671905553376,274.98272673024394,279.6535244726946
Experiment 07-02_12:41
Epoch 0091 [Train seq (cond on sampled tp)] | Loss 1860181.182599 | MAPE 0.053603 | RMSE 79.963362 | Likelihood -1860177.661196 | KL fp 3.5214 | FP STD 0.1642|
Epoch 0091 [Val seq (cond on sampled tp)] |  MAPE 0.025262 | RMSE 84.010550 |
Epoch 0091 [Test seq (cond on sampled tp)] | MAPE 0.048382 | RMSE 283.031616|
0.047360628843307495,0.043193016201257706,0.05459241569042206
260.66892615442293,281.253472200789,307.1724500382481
Experiment 07-02_12:41
Epoch 0092 [Train seq (cond on sampled tp)] | Loss 1868234.981207 | MAPE 0.051935 | RMSE 81.716896 | Likelihood -1868231.497432 | KL fp 3.4838 | FP STD 0.1837|
Epoch 0092 [Val seq (cond on sampled tp)] |  MAPE 0.027740 | RMSE 82.275123 |
Epoch 0092 [Test seq (cond on sampled tp)] | MAPE 0.045372 | RMSE 270.428314|
0.04816736280918121,0.04220600053668022,0.04574411362409592
247.6910168814162,265.234948913223,298.3589752714002
Experiment 07-02_12:41
Epoch 0093 [Train seq (cond on sampled tp)] | Loss 1857145.461804 | MAPE 0.056948 | RMSE 80.242084 | Likelihood -1857142.248621 | KL fp 3.2132 | FP STD 0.2133|
Epoch 0093 [Val seq (cond on sampled tp)] |  MAPE 0.030281 | RMSE 75.188110 |
Epoch 0093 [Test seq (cond on sampled tp)] | MAPE 0.049888 | RMSE 255.974621|
0.04449915885925293,0.048472121357917786,0.05669277533888817
197.8085307658646,262.69738114891817,307.41795145209073
Experiment 07-02_12:41
Epoch 0094 [Train seq (cond on sampled tp)] | Loss 1865658.200125 | MAPE 0.061967 | RMSE 79.021259 | Likelihood -1865654.565701 | KL fp 3.6344 | FP STD 0.1974|
Epoch 0094 [Val seq (cond on sampled tp)] |  MAPE 0.026095 | RMSE 72.052519 |
Epoch 0094 [Test seq (cond on sampled tp)] | MAPE 0.047236 | RMSE 247.408310|
0.04373622313141823,0.04496987164020538,0.05300155654549599
186.53099608376084,243.9345855577884,311.7593472937099
Experiment 07-02_12:41
Epoch 0095 [Train seq (cond on sampled tp)] | Loss 1850836.754790 | MAPE 0.058855 | RMSE 77.513277 | Likelihood -1850833.223027 | KL fp 3.5318 | FP STD 0.1804|
Epoch 0095 [Val seq (cond on sampled tp)] |  MAPE 0.026330 | RMSE 75.852141 |
Epoch 0095 [Test seq (cond on sampled tp)] | MAPE 0.055397 | RMSE 276.306881|
0.052779264748096466,0.05134109780192375,0.062071479856967926
226.58079236499725,272.0473304408628,330.292519499761
Experiment 07-02_12:41
Epoch 0096 [Train seq (cond on sampled tp)] | Loss 1867039.476959 | MAPE 0.050799 | RMSE 79.695037 | Likelihood -1867036.175017 | KL fp 3.3019 | FP STD 0.2210|
Epoch 0096 [Val seq (cond on sampled tp)] |  MAPE 0.025970 | RMSE 83.765860 |
Epoch 0096 [Test seq (cond on sampled tp)] | MAPE 0.050321 | RMSE 290.814843|
0.05746601149439812,0.040351346135139465,0.053146012127399445
259.2367553270562,270.1612221202369,343.0465529632968
Experiment 07-02_12:41
Epoch 0097 [Train seq (cond on sampled tp)] | Loss 1853861.343231 | MAPE 0.052243 | RMSE 78.781860 | Likelihood -1853858.058094 | KL fp 3.2851 | FP STD 0.2399|
Epoch 0097 [Val seq (cond on sampled tp)] |  MAPE 0.022485 | RMSE 89.335557 |
Epoch 0097 [Test seq (cond on sampled tp)] | MAPE 0.043690 | RMSE 277.726742|
0.048918161541223526,0.0395764596760273,0.04257415607571602
231.242423862383,258.30142276030926,343.63637894946453
Experiment 07-02_12:41
Epoch 0098 [Train seq (cond on sampled tp)] | Loss 1838607.259164 | MAPE 0.054423 | RMSE 74.196503 | Likelihood -1838603.853129 | KL fp 3.4060 | FP STD 0.1987|
Epoch 0098 [Val seq (cond on sampled tp)] |  MAPE 0.022168 | RMSE 87.356610 |
Epoch 0098 [Test seq (cond on sampled tp)] | MAPE 0.045256 | RMSE 247.924429|
0.04780827462673187,0.04244674742221832,0.04551272839307785
223.91162982022618,228.04817199442752,291.8134838813998
Experiment 07-02_12:41
Epoch 0099 [Train seq (cond on sampled tp)] | Loss 1873081.789479 | MAPE 0.058487 | RMSE 80.332097 | Likelihood -1873078.112136 | KL fp 3.6773 | FP STD 0.1765|
Epoch 0099 [Val seq (cond on sampled tp)] |  MAPE 0.023055 | RMSE 87.737643 |
Epoch 0099 [Test seq (cond on sampled tp)] | MAPE 0.045566 | RMSE 250.505125|
0.04625662788748741,0.041153598576784134,0.04928884282708168
196.52892201276634,230.62967474936957,324.35677935338424
Experiment 07-02_12:41
Epoch 0100 [Train seq (cond on sampled tp)] | Loss 1845397.157870 | MAPE 0.056055 | RMSE 75.348708 | Likelihood -1845393.546122 | KL fp 3.6117 | FP STD 0.1832|
Epoch 0100 [Val seq (cond on sampled tp)] |  MAPE 0.026378 | RMSE 88.462328 |
Epoch 0100 [Test seq (cond on sampled tp)] | MAPE 0.052424 | RMSE 297.978104|
0.04148973524570465,0.05081625655293465,0.0649668499827385
247.69170290403352,310.5716755034174,335.6709349385198
