/nvme/yuanjingyang/CG-ODE/run_models_covid.py
run_models_covid.py --heavyBall --gamma_guess 0.0 --corr 5 --solver dopri5 --rtol 1e-2 --atol 1e-4
Namespace(save='experiments/', load=None, dataset='Dec', datapath='data/', pred_length=14, condition_length=21, features='Confirmed,Deaths,Recovered,Mortality_Rate,Testing_Rate,Population,Mobility', split_interval=3, feature_out='Deaths', niters=100, lr=0.005, batch_size=8, random_seed=1991, dropout=0.2, l2=1e-05, optimizer='AdamW', clip=10, edge_lamda=0.5, z0_encoder='GTrans', rec_dims=64, ode_dims=20, rec_layers=1, gen_layers=1, CVPR=False, graf_layer=1, heavyBall=True, actv_h=None, gamma_guess=0.0, gamma_act='sigmoid', corr=5, corrf=True, sign=1, augment_dim=0, solver='dopri5', rtol=0.01, atol=0.0001, alias='run', output_dim=1, feature_out_index=[1], num_atoms=50)
run
Experiment 07-14_01:50
Epoch 0001 [Train seq (cond on sampled tp)] | Loss 4402595.918159 | MAPE 0.063384 | RMSE 286.628683 | Likelihood -4402594.420466 | KL fp 1.4977 | FP STD 0.4269 | ->nfe   91.25 | <-nfe 2047.25
Epoch 0001 [Val seq (cond on sampled tp)] |  MAPE 0.057981 | RMSE 306.356818 |
Best Val!
Epoch 0001 [Test seq (cond on sampled tp)] | MAPE 0.123667 | RMSE 907.411898|
0.13760559260845184,0.12786181271076202,0.1055346429347992
852.4583567541584,938.3962382703801,931.3810981547779
0.13760559260845184,0.12786181271076202,0.1055346429347992
852.4583567541584,938.3962382703801,931.3810981547779
Epoch 0001 [Test seq (cond on sampled tp)] | Best Test MAPE 0.123667|Best Test RMSE 907.411898|
Experiment 07-14_01:50
Epoch 0002 [Train seq (cond on sampled tp)] | Loss 4221549.536406 | MAPE 0.092166 | RMSE 276.914269 | Likelihood -4221546.390708 | KL fp 3.1457 | FP STD 0.5838 | ->nfe  104.75 | <-nfe 3932.00
Epoch 0002 [Val seq (cond on sampled tp)] |  MAPE 0.066562 | RMSE 282.639484 |
Epoch 0002 [Test seq (cond on sampled tp)] | MAPE 0.111860 | RMSE 870.384056|
0.12232379615306854,0.11316116154193878,0.10009471327066422
813.2709803626341,901.7902680224488,896.0909203311905
0.12232379615306854,0.11316116154193878,0.10009471327066422
813.2709803626341,901.7902680224488,896.0909203311905
Epoch 0002 [Test seq (cond on sampled tp)] | Best Test MAPE 0.111860|Best Test RMSE 870.384056|
Experiment 07-14_01:50
Epoch 0003 [Train seq (cond on sampled tp)] | Loss 3881352.272952 | MAPE 0.231290 | RMSE 257.853125 | Likelihood -3881346.320096 | KL fp 5.9529 | FP STD 0.6886 | ->nfe  112.25 | <-nfe 4088.75
Epoch 0003 [Val seq (cond on sampled tp)] |  MAPE 0.100219 | RMSE 240.804308 |
Epoch 0003 [Test seq (cond on sampled tp)] | MAPE 0.129753 | RMSE 795.841954|
0.1380295604467392,0.1318797618150711,0.11934830993413925
734.8232780743953,829.5837058428764,823.1188781093531
Experiment 07-14_01:50
Epoch 0004 [Train seq (cond on sampled tp)] | Loss 3603338.931185 | MAPE 0.488891 | RMSE 241.918343 | Likelihood -3603330.352306 | KL fp 8.5789 | FP STD 0.7022 | ->nfe  113.75 | <-nfe 7827.50
Epoch 0004 [Val seq (cond on sampled tp)] |  MAPE 0.142304 | RMSE 209.123907 |
Epoch 0004 [Test seq (cond on sampled tp)] | MAPE 0.156505 | RMSE 720.889555|
0.16665750741958618,0.15202593803405762,0.15083040297031403
655.9806828329627,753.2049853791463,753.482995826714
Experiment 07-14_01:50
Epoch 0005 [Train seq (cond on sampled tp)] | Loss 3282115.529198 | MAPE 0.443853 | RMSE 220.539468 | Likelihood -3282109.034943 | KL fp 6.4943 | FP STD 0.5722 | ->nfe  121.25 | <-nfe 3118.25
Epoch 0005 [Val seq (cond on sampled tp)] |  MAPE 0.069885 | RMSE 181.416292 |
Epoch 0005 [Test seq (cond on sampled tp)] | MAPE 0.088633 | RMSE 672.407556|
0.09487936645746231,0.09115035831928253,0.07986993342638016
608.579878693011,704.9815157151285,703.6612732700302
0.09487936645746231,0.09115035831928253,0.07986993342638016
608.579878693011,704.9815157151285,703.6612732700302
Epoch 0005 [Test seq (cond on sampled tp)] | Best Test MAPE 0.088633|Best Test RMSE 672.407556|
Experiment 07-14_01:50
Epoch 0006 [Train seq (cond on sampled tp)] | Loss 2930120.467956 | MAPE 0.098981 | RMSE 194.390605 | Likelihood -2930116.349882 | KL fp 4.1181 | FP STD 0.5201 | ->nfe  121.25 | <-nfe 9506.75
Epoch 0006 [Val seq (cond on sampled tp)] |  MAPE 0.037320 | RMSE 153.440631 |
Best Val!
Epoch 0006 [Test seq (cond on sampled tp)] | MAPE 0.057371 | RMSE 597.022786|
0.0559844970703125,0.05973900482058525,0.0563904270529747
526.1598794568054,630.0770042224998,634.8314736999104
0.0559844970703125,0.05973900482058525,0.0563904270529747
526.1598794568054,630.0770042224998,634.8314736999104
Epoch 0006 [Test seq (cond on sampled tp)] | Best Test MAPE 0.057371|Best Test RMSE 597.022786|
Experiment 07-14_01:50
Epoch 0007 [Train seq (cond on sampled tp)] | Loss 2619779.003519 | MAPE 0.057871 | RMSE 169.149370 | Likelihood -2619774.870229 | KL fp 4.1333 | FP STD 0.4586 | ->nfe  125.00 | <-nfe 28873.25
Epoch 0007 [Val seq (cond on sampled tp)] |  MAPE 0.029266 | RMSE 125.424611 |
Best Val!
Epoch 0007 [Test seq (cond on sampled tp)] | MAPE 0.051716 | RMSE 516.947695|
0.0558781772851944,0.059156715869903564,0.040114253759384155
449.9120747434992,549.5170606996656,551.4139495424467
0.0558781772851944,0.059156715869903564,0.040114253759384155
449.9120747434992,549.5170606996656,551.4139495424467
Epoch 0007 [Test seq (cond on sampled tp)] | Best Test MAPE 0.051716|Best Test RMSE 516.947695|
Experiment 07-14_01:50
Epoch 0008 [Train seq (cond on sampled tp)] | Loss 2343263.991173 | MAPE 0.035564 | RMSE 142.768758 | Likelihood -2343260.027406 | KL fp 3.9638 | FP STD 0.3555 | ->nfe  128.00 | <-nfe 1324.25
Epoch 0008 [Val seq (cond on sampled tp)] |  MAPE 0.024729 | RMSE 102.848417 |
Best Val!
Epoch 0008 [Test seq (cond on sampled tp)] | MAPE 0.046018 | RMSE 441.925410|
0.05084504559636116,0.04604242369532585,0.041167002171278
364.72759526803014,479.31657075465273,481.7320637553618
0.05084504559636116,0.04604242369532585,0.041167002171278
364.72759526803014,479.31657075465273,481.7320637553618
Epoch 0008 [Test seq (cond on sampled tp)] | Best Test MAPE 0.046018|Best Test RMSE 441.925410|
Experiment 07-14_01:50
Epoch 0009 [Train seq (cond on sampled tp)] | Loss 2246064.517000 | MAPE 0.041995 | RMSE 132.450529 | Likelihood -2246060.462455 | KL fp 4.0545 | FP STD 0.2633 | ->nfe  139.25 | <-nfe 2409.50
Epoch 0009 [Val seq (cond on sampled tp)] |  MAPE 0.035867 | RMSE 95.604154 |
Epoch 0009 [Test seq (cond on sampled tp)] | MAPE 0.051526 | RMSE 400.282268|
0.04853017255663872,0.051445383578538895,0.05460124835371971
327.76210885335723,431.00792118591045,442.07677500633304
Experiment 07-14_01:50
Epoch 0010 [Train seq (cond on sampled tp)] | Loss 2137609.622652 | MAPE 0.037458 | RMSE 119.694952 | Likelihood -2137605.750395 | KL fp 3.8723 | FP STD 0.2380 | ->nfe  143.75 | <-nfe 1784.75
Epoch 0010 [Val seq (cond on sampled tp)] |  MAPE 0.036936 | RMSE 86.782766 |
Epoch 0010 [Test seq (cond on sampled tp)] | MAPE 0.053042 | RMSE 364.908232|
0.05018273741006851,0.057480186223983765,0.05146266520023346
289.4521630382126,394.9101361385904,410.3623970041602
Experiment 07-14_01:50
Epoch 0011 [Train seq (cond on sampled tp)] | Loss 2077033.062431 | MAPE 0.041997 | RMSE 112.601809 | Likelihood -2077029.420454 | KL fp 3.6420 | FP STD 0.2341 | ->nfe  149.00 | <-nfe 1857.50
Epoch 0011 [Val seq (cond on sampled tp)] |  MAPE 0.030623 | RMSE 92.408142 |
Epoch 0011 [Test seq (cond on sampled tp)] | MAPE 0.055392 | RMSE 376.186234|
0.054896123707294464,0.05756668746471405,0.05371307581663132
321.5299363978415,401.6099047894611,405.41886133355956
Experiment 07-14_01:50
Epoch 0012 [Train seq (cond on sampled tp)] | Loss 2074422.709392 | MAPE 0.039114 | RMSE 111.940609 | Likelihood -2074419.172837 | KL fp 3.5366 | FP STD 0.2039 | ->nfe  151.25 | <-nfe 1567.25
Epoch 0012 [Val seq (cond on sampled tp)] |  MAPE 0.025143 | RMSE 85.969917 |
Epoch 0012 [Test seq (cond on sampled tp)] | MAPE 0.047756 | RMSE 352.637611|
0.05021192133426666,0.04791391268372536,0.045142315328121185
277.95663443242364,386.9488419029058,393.0073552110698
Experiment 07-14_01:50
Epoch 0013 [Train seq (cond on sampled tp)] | Loss 2048399.917857 | MAPE 0.036510 | RMSE 107.448954 | Likelihood -2048396.705781 | KL fp 3.2121 | FP STD 0.1956 | ->nfe  152.75 | <-nfe 1676.75
Epoch 0013 [Val seq (cond on sampled tp)] |  MAPE 0.033446 | RMSE 97.035316 |
Epoch 0013 [Test seq (cond on sampled tp)] | MAPE 0.046488 | RMSE 316.545489|
0.04216725751757622,0.04658931493759155,0.05070783942937851
250.53364918709025,339.2163994045689,359.8864187142938
Experiment 07-14_01:50
Epoch 0014 [Train seq (cond on sampled tp)] | Loss 2016268.961825 | MAPE 0.059485 | RMSE 104.760464 | Likelihood -2016265.528460 | KL fp 3.4334 | FP STD 0.2033 | ->nfe  155.75 | <-nfe 1860.50
Epoch 0014 [Val seq (cond on sampled tp)] |  MAPE 0.024209 | RMSE 93.325314 |
Best Val!
Epoch 0014 [Test seq (cond on sampled tp)] | MAPE 0.041169 | RMSE 348.394209|
0.04541003704071045,0.041034549474716187,0.03706175833940506
293.9815310950673,360.3439654517611,390.8571310274382
0.04541003704071045,0.041034549474716187,0.03706175833940506
293.9815310950673,360.3439654517611,390.8571310274382
Epoch 0014 [Test seq (cond on sampled tp)] | Best Test MAPE 0.041169|Best Test RMSE 348.394209|
Experiment 07-14_01:50
Epoch 0015 [Train seq (cond on sampled tp)] | Loss 2009144.927408 | MAPE 0.036277 | RMSE 102.964434 | Likelihood -2009141.781082 | KL fp 3.1463 | FP STD 0.1936 | ->nfe  156.50 | <-nfe 3004.25
Epoch 0015 [Val seq (cond on sampled tp)] |  MAPE 0.024970 | RMSE 84.005394 |
Epoch 0015 [Test seq (cond on sampled tp)] | MAPE 0.040599 | RMSE 316.579018|
0.03948643431067467,0.04114476963877678,0.04116666316986084
250.22456320523372,342.35018393086926,357.16230772927315
0.03948643431067467,0.04114476963877678,0.04116666316986084
250.22456320523372,342.35018393086926,357.16230772927315
Epoch 0015 [Test seq (cond on sampled tp)] | Best Test MAPE 0.040599|Best Test RMSE 316.579018|
Experiment 07-14_01:50
Epoch 0016 [Train seq (cond on sampled tp)] | Loss 1979373.940071 | MAPE 0.032639 | RMSE 97.982186 | Likelihood -1979370.785756 | KL fp 3.1543 | FP STD 0.1839 | ->nfe  157.25 | <-nfe 4434.50
Epoch 0016 [Val seq (cond on sampled tp)] |  MAPE 0.036185 | RMSE 89.919427 |
Epoch 0016 [Test seq (cond on sampled tp)] | MAPE 0.066517 | RMSE 308.276618|
0.06661028414964676,0.06602726876735687,0.06691331416368484
240.87083221614859,334.9782525590281,348.98077042295614
Experiment 07-14_01:50
Epoch 0017 [Train seq (cond on sampled tp)] | Loss 1954218.450125 | MAPE 0.034096 | RMSE 94.486717 | Likelihood -1954215.231972 | KL fp 3.2182 | FP STD 0.2024 | ->nfe  159.50 | <-nfe 2277.50
Epoch 0017 [Val seq (cond on sampled tp)] |  MAPE 0.026510 | RMSE 94.264992 |
Epoch 0017 [Test seq (cond on sampled tp)] | MAPE 0.050428 | RMSE 317.892246|
0.04747023805975914,0.05131661891937256,0.05249829217791557
250.72812716167286,333.44785012052483,369.50076116295077
Experiment 07-14_01:50
Epoch 0018 [Train seq (cond on sampled tp)] | Loss 1998187.069685 | MAPE 0.042849 | RMSE 100.950022 | Likelihood -1998184.056545 | KL fp 3.0131 | FP STD 0.1960 | ->nfe  164.75 | <-nfe 2965.25
Epoch 0018 [Val seq (cond on sampled tp)] |  MAPE 0.027300 | RMSE 92.906250 |
Epoch 0018 [Test seq (cond on sampled tp)] | MAPE 0.069250 | RMSE 299.545535|
0.0688079446554184,0.07025524228811264,0.06868595629930496
247.0864600701544,319.923013200051,331.62713201350095
Experiment 07-14_01:50
Epoch 0019 [Train seq (cond on sampled tp)] | Loss 1960143.810691 | MAPE 0.033370 | RMSE 96.327304 | Likelihood -1960140.551657 | KL fp 3.2590 | FP STD 0.1681 | ->nfe  164.00 | <-nfe 3684.50
Epoch 0019 [Val seq (cond on sampled tp)] |  MAPE 0.023609 | RMSE 81.366635 |
Best Val!
Epoch 0019 [Test seq (cond on sampled tp)] | MAPE 0.061210 | RMSE 297.834276|
0.05792778730392456,0.06198796257376671,0.06371405720710754
245.32161607265675,315.43723375261203,332.7439776878013
Experiment 07-14_01:50
Epoch 0020 [Train seq (cond on sampled tp)] | Loss 1972235.371882 | MAPE 0.034352 | RMSE 96.797299 | Likelihood -1972232.462940 | KL fp 2.9089 | FP STD 0.1891 | ->nfe  167.00 | <-nfe 3451.25
Epoch 0020 [Val seq (cond on sampled tp)] |  MAPE 0.029262 | RMSE 86.508399 |
Epoch 0020 [Test seq (cond on sampled tp)] | MAPE 0.082011 | RMSE 286.405092|
0.07904303073883057,0.08078335225582123,0.08620641380548477
234.92930286311667,296.43253869978577,327.85343524203006
Experiment 07-14_01:50
Epoch 0021 [Train seq (cond on sampled tp)] | Loss 1961783.166511 | MAPE 0.033890 | RMSE 95.700314 | Likelihood -1961780.208825 | KL fp 2.9577 | FP STD 0.1998 | ->nfe  167.00 | <-nfe 4496.00
Epoch 0021 [Val seq (cond on sampled tp)] |  MAPE 0.030620 | RMSE 88.231311 |
Epoch 0021 [Test seq (cond on sampled tp)] | MAPE 0.066918 | RMSE 295.652982|
0.06774865090847015,0.06981148570775986,0.06319405138492584
237.37681015634195,317.3378153679451,332.24432133973335
Experiment 07-14_01:50
Epoch 0022 [Train seq (cond on sampled tp)] | Loss 1934175.414511 | MAPE 0.031458 | RMSE 90.866022 | Likelihood -1934172.527213 | KL fp 2.8873 | FP STD 0.1993 | ->nfe  169.25 | <-nfe 5603.75
Epoch 0022 [Val seq (cond on sampled tp)] |  MAPE 0.024877 | RMSE 78.957369 |
Epoch 0022 [Test seq (cond on sampled tp)] | MAPE 0.062819 | RMSE 281.547485|
0.06541413813829422,0.0599154457449913,0.0631280243396759
241.79981874217773,285.28465773241294,317.55797945021
Experiment 07-14_01:50
Epoch 0023 [Train seq (cond on sampled tp)] | Loss 1960663.256168 | MAPE 0.033662 | RMSE 95.366506 | Likelihood -1960660.728451 | KL fp 2.5277 | FP STD 0.2599 | ->nfe  170.00 | <-nfe 7873.25
Epoch 0023 [Val seq (cond on sampled tp)] |  MAPE 0.027397 | RMSE 84.837088 |
Epoch 0023 [Test seq (cond on sampled tp)] | MAPE 0.057525 | RMSE 308.891622|
0.0622723326086998,0.05560344457626343,0.05469917133450508
270.27126130519315,320.46673725599044,335.93686627847205
Experiment 07-14_01:50
Epoch 0024 [Train seq (cond on sampled tp)] | Loss 1944260.718086 | MAPE 0.036853 | RMSE 92.370098 | Likelihood -1944258.126762 | KL fp 2.5913 | FP STD 0.2558 | ->nfe  174.50 | <-nfe 7065.50
Epoch 0024 [Val seq (cond on sampled tp)] |  MAPE 0.025414 | RMSE 84.951040 |
Epoch 0024 [Test seq (cond on sampled tp)] | MAPE 0.050479 | RMSE 277.442335|
0.05533358454704285,0.05017998069524765,0.045922305434942245
227.09037641982982,289.8001736110591,315.43645358455325
Experiment 07-14_01:50
Epoch 0025 [Train seq (cond on sampled tp)] | Loss 1956374.828907 | MAPE 0.036324 | RMSE 93.422633 | Likelihood -1956372.402639 | KL fp 2.4263 | FP STD 0.2417 | ->nfe  175.25 | <-nfe 5537.75
Epoch 0025 [Val seq (cond on sampled tp)] |  MAPE 0.037355 | RMSE 77.497943 |
Epoch 0025 [Test seq (cond on sampled tp)] | MAPE 0.063987 | RMSE 286.752028|
0.06288538128137589,0.062291424721479416,0.06678524613380432
230.32487246278896,288.9957693245699,340.93544339434703
Experiment 07-14_01:50
Epoch 0026 [Train seq (cond on sampled tp)] | Loss 1947277.863053 | MAPE 0.041584 | RMSE 93.649422 | Likelihood -1947275.135505 | KL fp 2.7275 | FP STD 0.2059 | ->nfe  176.00 | <-nfe 5741.75
Epoch 0026 [Val seq (cond on sampled tp)] |  MAPE 0.026424 | RMSE 82.382608 |
Epoch 0026 [Test seq (cond on sampled tp)] | MAPE 0.056928 | RMSE 295.030723|
0.06815361231565475,0.05486813560128212,0.047761041671037674
256.39358781958646,297.0202144846374,331.67836688952144
Experiment 07-14_01:50
Epoch 0027 [Train seq (cond on sampled tp)] | Loss 1944530.464160 | MAPE 0.036531 | RMSE 93.747983 | Likelihood -1944527.744365 | KL fp 2.7198 | FP STD 0.2038 | ->nfe  175.25 | <-nfe 6720.50
Epoch 0027 [Val seq (cond on sampled tp)] |  MAPE 0.027804 | RMSE 86.748990 |
Epoch 0027 [Test seq (cond on sampled tp)] | MAPE 0.056357 | RMSE 287.703939|
0.0599740594625473,0.05689939856529236,0.052198655903339386
237.24664117748853,296.13914065013427,329.7260344778677
Experiment 07-14_01:50
Epoch 0028 [Train seq (cond on sampled tp)] | Loss 1951662.213713 | MAPE 0.039257 | RMSE 93.544143 | Likelihood -1951659.759272 | KL fp 2.4544 | FP STD 0.2387 | ->nfe  174.50 | <-nfe 5594.00
Epoch 0028 [Val seq (cond on sampled tp)] |  MAPE 0.025816 | RMSE 86.908492 |
Epoch 0028 [Test seq (cond on sampled tp)] | MAPE 0.057573 | RMSE 273.286066|
0.06050150841474533,0.055957287549972534,0.05625905841588974
204.046132574842,272.30094507272645,343.51112154484895
Experiment 07-14_01:50
Epoch 0029 [Train seq (cond on sampled tp)] | Loss 1926999.177947 | MAPE 0.034205 | RMSE 89.776749 | Likelihood -1926996.418071 | KL fp 2.7599 | FP STD 0.1999 | ->nfe  176.00 | <-nfe 7759.25
Epoch 0029 [Val seq (cond on sampled tp)] |  MAPE 0.036207 | RMSE 85.641978 |
Epoch 0029 [Test seq (cond on sampled tp)] | MAPE 0.077996 | RMSE 271.247680|
0.07885263115167618,0.07456730306148529,0.08056805282831192
215.69224494925635,273.79645724515865,324.2543369023767
Experiment 07-14_01:50
Epoch 0030 [Train seq (cond on sampled tp)] | Loss 1926803.033456 | MAPE 0.038151 | RMSE 90.746990 | Likelihood -1926800.189977 | KL fp 2.8435 | FP STD 0.1888 | ->nfe  176.75 | <-nfe 6830.00
Epoch 0030 [Val seq (cond on sampled tp)] |  MAPE 0.038450 | RMSE 84.258421 |
Epoch 0030 [Test seq (cond on sampled tp)] | MAPE 0.076151 | RMSE 282.794739|
0.07579725235700607,0.07751351594924927,0.07514259964227676
216.04098460998088,282.8432649012523,349.4999664699555
Experiment 07-14_01:50
Epoch 0031 [Train seq (cond on sampled tp)] | Loss 1935353.381944 | MAPE 0.044446 | RMSE 92.440423 | Likelihood -1935350.571190 | KL fp 2.8108 | FP STD 0.2004 | ->nfe  179.00 | <-nfe 7116.50
Epoch 0031 [Val seq (cond on sampled tp)] |  MAPE 0.032912 | RMSE 95.950905 |
Epoch 0031 [Test seq (cond on sampled tp)] | MAPE 0.064389 | RMSE 274.261708|
0.06785527616739273,0.062195491045713425,0.06311700493097305
212.17018522874508,294.74174341701246,315.8731944942464
Experiment 07-14_01:50
Epoch 0032 [Train seq (cond on sampled tp)] | Loss 1925699.013164 | MAPE 0.034763 | RMSE 89.093934 | Likelihood -1925696.459595 | KL fp 2.5536 | FP STD 0.2208 | ->nfe  173.75 | <-nfe 8922.50
Epoch 0032 [Val seq (cond on sampled tp)] |  MAPE 0.027575 | RMSE 91.943225 |
Epoch 0032 [Test seq (cond on sampled tp)] | MAPE 0.058116 | RMSE 283.129825|
0.06059794872999191,0.0581962876021862,0.055553071200847626
234.33553000985574,307.101456667825,307.9524872037893
Experiment 07-14_01:50
Epoch 0033 [Train seq (cond on sampled tp)] | Loss 1919571.737030 | MAPE 0.032862 | RMSE 88.910730 | Likelihood -1919569.102974 | KL fp 2.6341 | FP STD 0.2066 | ->nfe  178.25 | <-nfe 8501.75
Epoch 0033 [Val seq (cond on sampled tp)] |  MAPE 0.030411 | RMSE 98.461788 |
Epoch 0033 [Test seq (cond on sampled tp)] | MAPE 0.059165 | RMSE 276.795608|
0.06228962913155556,0.0606871172785759,0.0545189268887043
222.5932827630924,298.6390745950704,309.1544668527369
Experiment 07-14_01:50
Epoch 0034 [Train seq (cond on sampled tp)] | Loss 1914937.720963 | MAPE 0.040825 | RMSE 87.836014 | Likelihood -1914935.042173 | KL fp 2.6788 | FP STD 0.2201 | ->nfe  178.25 | <-nfe 6617.00
Epoch 0034 [Val seq (cond on sampled tp)] |  MAPE 0.028188 | RMSE 86.963941 |
Epoch 0034 [Test seq (cond on sampled tp)] | MAPE 0.054845 | RMSE 281.095623|
0.06156068295240402,0.06029317155480385,0.04268074780702591
244.54549678945224,290.3784438022217,308.36292791530565
Experiment 07-14_01:50
Epoch 0035 [Train seq (cond on sampled tp)] | Loss 1923206.028255 | MAPE 0.036483 | RMSE 89.781306 | Likelihood -1923203.473488 | KL fp 2.5548 | FP STD 0.2590 | ->nfe  177.50 | <-nfe 7836.50
Epoch 0035 [Val seq (cond on sampled tp)] |  MAPE 0.027150 | RMSE 90.137715 |
Epoch 0035 [Test seq (cond on sampled tp)] | MAPE 0.055733 | RMSE 285.756825|
0.057620830833911896,0.0584636852145195,0.05111496150493622
244.2109343758997,310.9203575676575,302.1391830555911
Experiment 07-14_01:50
Epoch 0036 [Train seq (cond on sampled tp)] | Loss 1920535.687739 | MAPE 0.033498 | RMSE 87.855145 | Likelihood -1920533.121853 | KL fp 2.5659 | FP STD 0.2217 | ->nfe  179.00 | <-nfe 6671.75
Epoch 0036 [Val seq (cond on sampled tp)] |  MAPE 0.025516 | RMSE 89.045760 |
Epoch 0036 [Test seq (cond on sampled tp)] | MAPE 0.060117 | RMSE 283.525235|
0.06474936008453369,0.05888841673731804,0.05671422928571701
260.41344831344634,272.2433280862912,317.9189288364252
Experiment 07-14_01:50
Epoch 0037 [Train seq (cond on sampled tp)] | Loss 1906287.881873 | MAPE 0.034210 | RMSE 87.129936 | Likelihood -1906285.348495 | KL fp 2.5334 | FP STD 0.2337 | ->nfe  177.50 | <-nfe 7231.25
Epoch 0037 [Val seq (cond on sampled tp)] |  MAPE 0.025897 | RMSE 88.454192 |
Epoch 0037 [Test seq (cond on sampled tp)] | MAPE 0.056824 | RMSE 295.596172|
0.056188181042671204,0.055079445242881775,0.0592036135494709
267.63536294742516,299.817001477568,319.33615223616636
Experiment 07-14_01:50
Epoch 0038 [Train seq (cond on sampled tp)] | Loss 1939451.473682 | MAPE 0.041206 | RMSE 91.215529 | Likelihood -1939448.941905 | KL fp 2.5318 | FP STD 0.2148 | ->nfe  179.75 | <-nfe 6878.75
Epoch 0038 [Val seq (cond on sampled tp)] |  MAPE 0.023975 | RMSE 85.478382 |
Epoch 0038 [Test seq (cond on sampled tp)] | MAPE 0.057491 | RMSE 285.947362|
0.054294489324092865,0.05923658236861229,0.058940667659044266
240.01046526662122,296.6032177000108,321.22840394336237
Experiment 07-14_01:50
Epoch 0039 [Train seq (cond on sampled tp)] | Loss 1906764.875331 | MAPE 0.035098 | RMSE 87.380562 | Likelihood -1906762.071223 | KL fp 2.8041 | FP STD 0.1803 | ->nfe  177.50 | <-nfe 9533.00
Epoch 0039 [Val seq (cond on sampled tp)] |  MAPE 0.037900 | RMSE 86.480190 |
Epoch 0039 [Test seq (cond on sampled tp)] | MAPE 0.059077 | RMSE 275.135157|
0.05612592399120331,0.06006700545549393,0.06103761866688728
198.55158138063268,293.7006075495929,333.15328210149755
Experiment 07-14_01:50
Epoch 0040 [Train seq (cond on sampled tp)] | Loss 1915325.406950 | MAPE 0.048668 | RMSE 87.103302 | Likelihood -1915322.699044 | KL fp 2.7079 | FP STD 0.1943 | ->nfe  182.75 | <-nfe 7484.00
Epoch 0040 [Val seq (cond on sampled tp)] |  MAPE 0.024759 | RMSE 84.886626 |
Epoch 0040 [Test seq (cond on sampled tp)] | MAPE 0.068598 | RMSE 302.815192|
0.06323659420013428,0.06660488992929459,0.07595230638980865
243.94122306920576,289.03150509503286,375.47284772004485
Experiment 07-14_01:50
Epoch 0041 [Train seq (cond on sampled tp)] | Loss 1917452.351440 | MAPE 0.038602 | RMSE 89.814413 | Likelihood -1917449.560018 | KL fp 2.7914 | FP STD 0.1898 | ->nfe  182.00 | <-nfe 7085.75
Epoch 0041 [Val seq (cond on sampled tp)] |  MAPE 0.034852 | RMSE 86.042646 |
Epoch 0041 [Test seq (cond on sampled tp)] | MAPE 0.057922 | RMSE 287.854934|
0.06096552312374115,0.05520296469330788,0.05759838968515396
223.80735123929688,286.26053474064497,353.49691697736205
Experiment 07-14_01:50
Epoch 0042 [Train seq (cond on sampled tp)] | Loss 1901346.410036 | MAPE 0.036566 | RMSE 86.791309 | Likelihood -1901343.830873 | KL fp 2.5792 | FP STD 0.2072 | ->nfe  183.50 | <-nfe 6158.00
Epoch 0042 [Val seq (cond on sampled tp)] |  MAPE 0.030049 | RMSE 88.824487 |
Epoch 0042 [Test seq (cond on sampled tp)] | MAPE 0.060064 | RMSE 293.495960|
0.06122071295976639,0.060292527079582214,0.058679837733507156
220.76963212532198,302.65565468449455,357.0625929896606
Experiment 07-14_01:50
Epoch 0043 [Train seq (cond on sampled tp)] | Loss 1928557.958766 | MAPE 0.036949 | RMSE 89.819114 | Likelihood -1928555.406152 | KL fp 2.5526 | FP STD 0.1988 | ->nfe  179.00 | <-nfe 7472.75
Epoch 0043 [Val seq (cond on sampled tp)] |  MAPE 0.032549 | RMSE 85.073670 |
Epoch 0043 [Test seq (cond on sampled tp)] | MAPE 0.068016 | RMSE 260.927365|
0.06623592972755432,0.06807103753089905,0.0697418674826622
222.64734412013541,250.3885340201304,309.7462166839169
Experiment 07-14_01:50
Epoch 0044 [Train seq (cond on sampled tp)] | Loss 1931778.524927 | MAPE 0.067147 | RMSE 92.707740 | Likelihood -1931775.875063 | KL fp 2.6499 | FP STD 0.2039 | ->nfe  189.50 | <-nfe 6117.50
Epoch 0044 [Val seq (cond on sampled tp)] |  MAPE 0.026024 | RMSE 100.306761 |
Epoch 0044 [Test seq (cond on sampled tp)] | MAPE 0.060572 | RMSE 311.117341|
0.06851235777139664,0.06032709777355194,0.05287652835249901
258.8031044539458,328.66044407564476,345.8884732648661
Experiment 07-14_01:50
Epoch 0045 [Train seq (cond on sampled tp)] | Loss 1909719.210547 | MAPE 0.036168 | RMSE 88.818671 | Likelihood -1909716.543579 | KL fp 2.6670 | FP STD 0.2062 | ->nfe  185.00 | <-nfe 8131.25
Epoch 0045 [Val seq (cond on sampled tp)] |  MAPE 0.033308 | RMSE 106.496538 |
Epoch 0045 [Test seq (cond on sampled tp)] | MAPE 0.065286 | RMSE 318.181652|
0.06270391494035721,0.06468462198972702,0.06846942752599716
243.7511698689875,344.72469767555094,366.0690892782399
Experiment 07-14_01:50
Epoch 0046 [Train seq (cond on sampled tp)] | Loss 1885233.661272 | MAPE 0.034452 | RMSE 81.825177 | Likelihood -1885231.047721 | KL fp 2.6136 | FP STD 0.1975 | ->nfe  185.00 | <-nfe 6521.00
Epoch 0046 [Val seq (cond on sampled tp)] |  MAPE 0.038546 | RMSE 89.249869 |
Epoch 0046 [Test seq (cond on sampled tp)] | MAPE 0.070401 | RMSE 264.744118|
0.0673362985253334,0.06524249166250229,0.07862373441457748
212.87077946491388,257.7115787319227,323.6499966205778
Experiment 07-14_01:50
Epoch 0047 [Train seq (cond on sampled tp)] | Loss 1921797.722499 | MAPE 0.050200 | RMSE 90.805642 | Likelihood -1921794.703586 | KL fp 3.0189 | FP STD 0.1565 | ->nfe  191.75 | <-nfe 5310.50
Epoch 0047 [Val seq (cond on sampled tp)] |  MAPE 0.029100 | RMSE 89.919859 |
Epoch 0047 [Test seq (cond on sampled tp)] | MAPE 0.066280 | RMSE 293.771471|
0.07148081064224243,0.06793393194675446,0.05942589044570923
258.8906320726959,306.009050621873,316.4147298246401
Experiment 07-14_01:50
Epoch 0048 [Train seq (cond on sampled tp)] | Loss 1915925.794474 | MAPE 0.037834 | RMSE 88.806231 | Likelihood -1915922.884789 | KL fp 2.9097 | FP STD 0.1656 | ->nfe  186.50 | <-nfe 5855.75
Epoch 0048 [Val seq (cond on sampled tp)] |  MAPE 0.040356 | RMSE 117.516609 |
Epoch 0048 [Test seq (cond on sampled tp)] | MAPE 0.079672 | RMSE 323.065189|
0.07353731244802475,0.074439637362957,0.09103932231664658
314.7407042908495,292.80795754214057,361.6469056621389
Experiment 07-14_01:50
Epoch 0049 [Train seq (cond on sampled tp)] | Loss 1911763.408866 | MAPE 0.035380 | RMSE 87.760972 | Likelihood -1911760.564551 | KL fp 2.8443 | FP STD 0.1914 | ->nfe  195.50 | <-nfe 7174.25
Epoch 0049 [Val seq (cond on sampled tp)] |  MAPE 0.030707 | RMSE 88.984961 |
Epoch 0049 [Test seq (cond on sampled tp)] | MAPE 0.073041 | RMSE 306.950142|
0.07348769903182983,0.07083223015069962,0.07480267435312271
260.7824913841035,317.45846184973556,342.6094715561728
Experiment 07-14_01:50
Epoch 0050 [Train seq (cond on sampled tp)] | Loss 1882818.550053 | MAPE 0.035599 | RMSE 82.227914 | Likelihood -1882815.783900 | KL fp 2.7662 | FP STD 0.1940 | ->nfe  194.75 | <-nfe 6388.25
Epoch 0050 [Val seq (cond on sampled tp)] |  MAPE 0.028445 | RMSE 88.463548 |
Epoch 0050 [Test seq (cond on sampled tp)] | MAPE 0.068495 | RMSE 290.353252|
0.06493938714265823,0.07052531838417053,0.07002082467079163
254.8070195020145,301.7559030077125,314.49683275432204
Experiment 07-14_01:50
Epoch 0051 [Train seq (cond on sampled tp)] | Loss 1889646.125405 | MAPE 0.036218 | RMSE 84.538380 | Likelihood -1889643.263857 | KL fp 2.8615 | FP STD 0.1847 | ->nfe  195.50 | <-nfe 6209.00
Epoch 0051 [Val seq (cond on sampled tp)] |  MAPE 0.027102 | RMSE 87.415447 |
Epoch 0051 [Test seq (cond on sampled tp)] | MAPE 0.058692 | RMSE 287.282353|
0.06446467339992523,0.0609237402677536,0.050688594579696655
234.70998560723828,308.8259648450888,318.31110715383466
Experiment 07-14_01:50
Epoch 0052 [Train seq (cond on sampled tp)] | Loss 1910351.283795 | MAPE 0.035585 | RMSE 85.179900 | Likelihood -1910348.562471 | KL fp 2.7213 | FP STD 0.1837 | ->nfe  192.50 | <-nfe 6165.50
Epoch 0052 [Val seq (cond on sampled tp)] |  MAPE 0.030513 | RMSE 89.605047 |
Epoch 0052 [Test seq (cond on sampled tp)] | MAPE 0.062088 | RMSE 268.896004|
0.06264220923185349,0.061515338718891144,0.06210572272539139
226.17760409410565,231.68607532607564,348.8243312363689
Experiment 07-14_01:50
Epoch 0053 [Train seq (cond on sampled tp)] | Loss 1905254.948252 | MAPE 0.051500 | RMSE 88.838078 | Likelihood -1905252.147030 | KL fp 2.8012 | FP STD 0.2070 | ->nfe  205.25 | <-nfe 5284.25
Epoch 0053 [Val seq (cond on sampled tp)] |  MAPE 0.023329 | RMSE 84.166464 |
Best Val!
Epoch 0053 [Test seq (cond on sampled tp)] | MAPE 0.051148 | RMSE 281.162457|
0.04826803505420685,0.05298790708184242,0.05218731611967087
218.89021399151218,307.13371222889225,317.463445238188
Experiment 07-14_01:50
Epoch 0054 [Train seq (cond on sampled tp)] | Loss 1924802.131905 | MAPE 0.035027 | RMSE 90.210238 | Likelihood -1924799.338735 | KL fp 2.7932 | FP STD 0.1711 | ->nfe  199.25 | <-nfe 7214.00
Epoch 0054 [Val seq (cond on sampled tp)] |  MAPE 0.029526 | RMSE 99.393286 |
Epoch 0054 [Test seq (cond on sampled tp)] | MAPE 0.057747 | RMSE 293.587692|
0.057219937443733215,0.059194546192884445,0.05682624131441116
246.29232662884567,304.9599615113433,329.51078794934773
Experiment 07-14_01:50
Epoch 0055 [Train seq (cond on sampled tp)] | Loss 1889025.408100 | MAPE 0.032892 | RMSE 82.822032 | Likelihood -1889022.680766 | KL fp 2.7273 | FP STD 0.2017 | ->nfe  205.25 | <-nfe 4333.25
Epoch 0055 [Val seq (cond on sampled tp)] |  MAPE 0.031566 | RMSE 85.496793 |
Epoch 0055 [Test seq (cond on sampled tp)] | MAPE 0.060453 | RMSE 286.833628|
0.06541477888822556,0.05786290392279625,0.058082520961761475
228.7058871400122,284.275875581274,347.51912042720755
Experiment 07-14_01:50
Epoch 0056 [Train seq (cond on sampled tp)] | Loss 1870602.703402 | MAPE 0.043349 | RMSE 80.356215 | Likelihood -1870600.113470 | KL fp 2.5899 | FP STD 0.2116 | ->nfe  206.00 | <-nfe 5283.50
Epoch 0056 [Val seq (cond on sampled tp)] |  MAPE 0.026234 | RMSE 88.074476 |
Epoch 0056 [Test seq (cond on sampled tp)] | MAPE 0.053304 | RMSE 308.489534|
0.05075015127658844,0.05555021017789841,0.05361297354102135
227.0447195763425,338.76899162629985,359.65489100664263
Experiment 07-14_01:50
Epoch 0057 [Train seq (cond on sampled tp)] | Loss 1871511.823939 | MAPE 0.036889 | RMSE 80.280550 | Likelihood -1871509.190520 | KL fp 2.6334 | FP STD 0.1959 | ->nfe  207.50 | <-nfe 5320.25
Epoch 0057 [Val seq (cond on sampled tp)] |  MAPE 0.028344 | RMSE 91.246351 |
Epoch 0057 [Test seq (cond on sampled tp)] | MAPE 0.059383 | RMSE 315.356446|
0.060073722153902054,0.06077408045530319,0.057302262634038925
258.1278450206409,325.7647612733765,362.17673085801636
Experiment 07-14_01:50
Epoch 0058 [Train seq (cond on sampled tp)] | Loss 1875341.565580 | MAPE 0.035757 | RMSE 81.569212 | Likelihood -1875339.001875 | KL fp 2.5637 | FP STD 0.2046 | ->nfe  207.50 | <-nfe 3633.50
Epoch 0058 [Val seq (cond on sampled tp)] |  MAPE 0.025273 | RMSE 96.436513 |
Epoch 0058 [Test seq (cond on sampled tp)] | MAPE 0.050713 | RMSE 302.552838|
0.05811217799782753,0.05104461684823036,0.04298330098390579
262.7071504070645,319.27267196316694,325.67869039131193
Experiment 07-14_01:50
Epoch 0059 [Train seq (cond on sampled tp)] | Loss 1868433.253048 | MAPE 0.034864 | RMSE 79.376605 | Likelihood -1868430.714764 | KL fp 2.5383 | FP STD 0.2087 | ->nfe  206.00 | <-nfe 4157.00
Epoch 0059 [Val seq (cond on sampled tp)] |  MAPE 0.023157 | RMSE 81.605541 |
Best Val!
Epoch 0059 [Test seq (cond on sampled tp)] | MAPE 0.060902 | RMSE 268.792654|
0.05885324254631996,0.06403055787086487,0.0598217137157917
229.64291233891805,277.70095482821085,299.0340960910645
Experiment 07-14_01:50
Epoch 0060 [Train seq (cond on sampled tp)] | Loss 1882228.469397 | MAPE 0.037724 | RMSE 82.769847 | Likelihood -1882225.721563 | KL fp 2.7478 | FP STD 0.1751 | ->nfe  209.00 | <-nfe 11137.25
Epoch 0060 [Val seq (cond on sampled tp)] |  MAPE 0.027288 | RMSE 89.063794 |
Epoch 0060 [Test seq (cond on sampled tp)] | MAPE 0.068661 | RMSE 309.323887|
0.06370006501674652,0.06797147542238235,0.0743107870221138
255.19983744361986,325.33811738712694,347.4337054568828
Experiment 07-14_01:50
Epoch 0061 [Train seq (cond on sampled tp)] | Loss 1904528.483753 | MAPE 0.038004 | RMSE 85.300676 | Likelihood -1904525.814868 | KL fp 2.6689 | FP STD 0.1757 | ->nfe  209.00 | <-nfe 3671.00
Epoch 0061 [Val seq (cond on sampled tp)] |  MAPE 0.023557 | RMSE 87.974925 |
Epoch 0061 [Test seq (cond on sampled tp)] | MAPE 0.062250 | RMSE 274.145750|
0.058543283492326736,0.06129894033074379,0.06690845638513565
238.97043161759575,264.59637599086653,318.87044293098097
Experiment 07-14_01:50
Epoch 0062 [Train seq (cond on sampled tp)] | Loss 1879019.889037 | MAPE 0.033864 | RMSE 81.090887 | Likelihood -1879017.269129 | KL fp 2.6199 | FP STD 0.1795 | ->nfe  208.25 | <-nfe 3074.00
Epoch 0062 [Val seq (cond on sampled tp)] |  MAPE 0.029711 | RMSE 103.745006 |
Epoch 0062 [Test seq (cond on sampled tp)] | MAPE 0.055806 | RMSE 309.097268|
0.06094643846154213,0.053320277482271194,0.05315181612968445
276.0401776689401,324.0025920999707,327.2490331345534
Experiment 07-14_01:50
Epoch 0063 [Train seq (cond on sampled tp)] | Loss 1923804.260392 | MAPE 0.072291 | RMSE 90.434190 | Likelihood -1923801.909669 | KL fp 2.3507 | FP STD 0.2463 | ->nfe  210.50 | <-nfe 4459.25
Epoch 0063 [Val seq (cond on sampled tp)] |  MAPE 0.027025 | RMSE 99.632905 |
Epoch 0063 [Test seq (cond on sampled tp)] | MAPE 0.059969 | RMSE 346.899658|
0.06899385154247284,0.06392426043748856,0.0469885990023613
315.6355443783225,363.20584298025824,361.85758809578664
Experiment 07-14_01:50
Epoch 0064 [Train seq (cond on sampled tp)] | Loss 1911946.541344 | MAPE 0.045911 | RMSE 87.968774 | Likelihood -1911944.221911 | KL fp 2.3194 | FP STD 0.2554 | ->nfe  208.25 | <-nfe 4176.50
Epoch 0064 [Val seq (cond on sampled tp)] |  MAPE 0.023804 | RMSE 94.506288 |
Epoch 0064 [Test seq (cond on sampled tp)] | MAPE 0.055512 | RMSE 329.904274|
0.0625355988740921,0.055709026753902435,0.048291582614183426
302.38716903995777,372.65774763850004,314.66790529858616
Experiment 07-14_01:50
Epoch 0065 [Train seq (cond on sampled tp)] | Loss 1950663.773184 | MAPE 0.038345 | RMSE 91.949730 | Likelihood -1950661.372858 | KL fp 2.4003 | FP STD 0.2020 | ->nfe  209.00 | <-nfe 1375.25
Epoch 0065 [Val seq (cond on sampled tp)] |  MAPE 0.032824 | RMSE 91.603425 |
Epoch 0065 [Test seq (cond on sampled tp)] | MAPE 0.060474 | RMSE 308.236791|
0.060918886214494705,0.06426013261079788,0.056241605430841446
280.7701183797877,319.47352932207076,324.4667259519842
Experiment 07-14_01:50
Epoch 0066 [Train seq (cond on sampled tp)] | Loss 1902017.621495 | MAPE 0.080689 | RMSE 86.119617 | Likelihood -1902014.823362 | KL fp 2.7981 | FP STD 0.1605 | ->nfe  215.00 | <-nfe 2012.00
Epoch 0066 [Val seq (cond on sampled tp)] |  MAPE 0.028705 | RMSE 93.472767 |
Epoch 0066 [Test seq (cond on sampled tp)] | MAPE 0.056325 | RMSE 321.169601|
0.06889266520738602,0.05586739256978035,0.04421423003077507
282.416608266936,327.76260940656425,353.32958675293526
Experiment 07-14_01:50
Epoch 0067 [Train seq (cond on sampled tp)] | Loss 1922369.767556 | MAPE 0.040825 | RMSE 89.186518 | Likelihood -1922367.011132 | KL fp 2.7564 | FP STD 0.1648 | ->nfe  200.00 | <-nfe 1391.00
Epoch 0067 [Val seq (cond on sampled tp)] |  MAPE 0.040931 | RMSE 99.074280 |
Epoch 0067 [Test seq (cond on sampled tp)] | MAPE 0.077012 | RMSE 295.986062|
0.0742059201002121,0.07816962152719498,0.07866142690181732
244.273676245006,302.3757234385724,341.308786145332
Experiment 07-14_01:50
Epoch 0068 [Train seq (cond on sampled tp)] | Loss 1876590.313322 | MAPE 0.038959 | RMSE 80.462747 | Likelihood -1876587.622378 | KL fp 2.6909 | FP STD 0.1667 | ->nfe  214.25 | <-nfe 1610.00
Epoch 0068 [Val seq (cond on sampled tp)] |  MAPE 0.028236 | RMSE 92.875641 |
Epoch 0068 [Test seq (cond on sampled tp)] | MAPE 0.065501 | RMSE 320.684372|
0.06736943125724792,0.06583854556083679,0.06329551339149475
292.4657565425395,316.4528005880182,353.1345573927876
Experiment 07-14_01:50
Epoch 0069 [Train seq (cond on sampled tp)] | Loss 1870508.855399 | MAPE 0.036182 | RMSE 80.857925 | Likelihood -1870506.298547 | KL fp 2.5569 | FP STD 0.1888 | ->nfe  212.00 | <-nfe 1995.50
Epoch 0069 [Val seq (cond on sampled tp)] |  MAPE 0.024353 | RMSE 95.654320 |
Epoch 0069 [Test seq (cond on sampled tp)] | MAPE 0.049435 | RMSE 322.797166|
0.05590775981545448,0.04861697927117348,0.043781135231256485
274.3699458532221,323.38771959909053,370.6338321038704
Experiment 07-14_01:50
Epoch 0070 [Train seq (cond on sampled tp)] | Loss 1885235.933304 | MAPE 0.043514 | RMSE 81.980718 | Likelihood -1885233.355583 | KL fp 2.5777 | FP STD 0.1764 | ->nfe  210.50 | <-nfe 1214.00
Epoch 0070 [Val seq (cond on sampled tp)] |  MAPE 0.023810 | RMSE 107.322664 |
Epoch 0070 [Test seq (cond on sampled tp)] | MAPE 0.056520 | RMSE 335.103566|
0.06116095930337906,0.05443985015153885,0.05395776778459549
305.622839971917,346.63523244904,353.0526253265935
Experiment 07-14_01:50
Epoch 0071 [Train seq (cond on sampled tp)] | Loss 1877749.636163 | MAPE 0.040724 | RMSE 83.897298 | Likelihood -1877746.997445 | KL fp 2.6387 | FP STD 0.1950 | ->nfe  215.00 | <-nfe 1724.75
Epoch 0071 [Val seq (cond on sampled tp)] |  MAPE 0.023731 | RMSE 97.588026 |
Epoch 0071 [Test seq (cond on sampled tp)] | MAPE 0.052768 | RMSE 342.647272|
0.05885379761457443,0.04865982010960579,0.05078939348459244
298.9900317109251,339.44630926701797,389.5054757317283
Experiment 07-14_01:50
Epoch 0072 [Train seq (cond on sampled tp)] | Loss 1894430.418649 | MAPE 0.053294 | RMSE 83.142258 | Likelihood -1894428.390827 | KL fp 2.0278 | FP STD 0.2846 | ->nfe  219.50 | <-nfe 1338.50
Epoch 0072 [Val seq (cond on sampled tp)] |  MAPE 0.027351 | RMSE 89.353947 |
Epoch 0072 [Test seq (cond on sampled tp)] | MAPE 0.050090 | RMSE 313.832850|
0.049967002123594284,0.05004270747303963,0.05025950446724892
238.98539606270924,326.9767886448517,375.53636641475885
Experiment 07-14_01:50
Epoch 0073 [Train seq (cond on sampled tp)] | Loss 1873244.677901 | MAPE 0.079211 | RMSE 80.266988 | Likelihood -1873242.191175 | KL fp 2.4867 | FP STD 0.1869 | ->nfe  221.75 | <-nfe 1352.75
Epoch 0073 [Val seq (cond on sampled tp)] |  MAPE 0.032773 | RMSE 93.576089 |
Epoch 0073 [Test seq (cond on sampled tp)] | MAPE 0.061821 | RMSE 309.860588|
0.05688652768731117,0.06144699826836586,0.06713063269853592
262.88086952553243,318.295006146028,348.4058898217709
Experiment 07-14_01:50
Epoch 0074 [Train seq (cond on sampled tp)] | Loss 1880785.796787 | MAPE 0.076912 | RMSE 83.126911 | Likelihood -1880783.499140 | KL fp 2.2976 | FP STD 0.2429 | ->nfe  233.75 | <-nfe 1289.00
Epoch 0074 [Val seq (cond on sampled tp)] |  MAPE 0.030600 | RMSE 91.960143 |
Epoch 0074 [Test seq (cond on sampled tp)] | MAPE 0.067439 | RMSE 324.210193|
0.07317915558815002,0.06859501451253891,0.06054271385073662
282.6113718518772,341.1510158639426,348.8681923377366
Experiment 07-14_01:50
Epoch 0075 [Train seq (cond on sampled tp)] | Loss 1876831.802901 | MAPE 0.042496 | RMSE 81.459245 | Likelihood -1876829.254167 | KL fp 2.5487 | FP STD 0.1889 | ->nfe  223.25 | <-nfe 1125.50
Epoch 0075 [Val seq (cond on sampled tp)] |  MAPE 0.032784 | RMSE 85.349526 |
Epoch 0075 [Test seq (cond on sampled tp)] | MAPE 0.067710 | RMSE 286.709646|
0.073271244764328,0.06761045008897781,0.062247805297374725
245.26755161455827,271.8076928179186,343.05369249943953
Experiment 07-14_01:50
Epoch 0076 [Train seq (cond on sampled tp)] | Loss 1888541.088228 | MAPE 0.043116 | RMSE 82.084090 | Likelihood -1888538.732435 | KL fp 2.3558 | FP STD 0.2130 | ->nfe  230.00 | <-nfe  715.25
Epoch 0076 [Val seq (cond on sampled tp)] |  MAPE 0.040017 | RMSE 104.951281 |
Epoch 0076 [Test seq (cond on sampled tp)] | MAPE 0.067029 | RMSE 310.568495|
0.06742962449789047,0.0611565038561821,0.07250045239925385
281.5011933811294,307.7009505997666,342.50334168077836
Experiment 07-14_01:50
Epoch 0077 [Train seq (cond on sampled tp)] | Loss 1908135.836133 | MAPE 0.080606 | RMSE 88.840233 | Likelihood -1908133.260791 | KL fp 2.5753 | FP STD 0.2100 | ->nfe  236.75 | <-nfe 1626.50
Epoch 0077 [Val seq (cond on sampled tp)] |  MAPE 0.028043 | RMSE 111.052379 |
Epoch 0077 [Test seq (cond on sampled tp)] | MAPE 0.057754 | RMSE 353.818612|
0.06299986690282822,0.05410153418779373,0.05615951120853424
350.7231925785633,360.57337152097074,350.15927179642125
Experiment 07-14_01:50
Epoch 0078 [Train seq (cond on sampled tp)] | Loss 1974312.962361 | MAPE 0.074938 | RMSE 99.262608 | Likelihood -1974310.458859 | KL fp 2.5035 | FP STD 0.1986 | ->nfe  228.50 | <-nfe  677.00
Epoch 0078 [Val seq (cond on sampled tp)] |  MAPE 0.053209 | RMSE 108.805419 |
Epoch 0078 [Test seq (cond on sampled tp)] | MAPE 0.089879 | RMSE 334.859447|
0.0872819572687149,0.08660033345222473,0.09575433284044266
313.0117434897611,359.22210878160047,332.34448900952157
Experiment 07-14_01:50
Epoch 0079 [Train seq (cond on sampled tp)] | Loss 1919957.328254 | MAPE 0.087090 | RMSE 86.596864 | Likelihood -1919954.944120 | KL fp 2.3841 | FP STD 0.2179 | ->nfe  235.25 | <-nfe  773.75
Epoch 0079 [Val seq (cond on sampled tp)] |  MAPE 0.027854 | RMSE 116.580691 |
Epoch 0079 [Test seq (cond on sampled tp)] | MAPE 0.052554 | RMSE 306.240819|
0.06720937788486481,0.048710860311985016,0.041740864515304565
288.0567435419626,327.2353654099752,303.43034878287966
Experiment 07-14_01:50
Epoch 0080 [Train seq (cond on sampled tp)] | Loss 1937694.825334 | MAPE 0.074851 | RMSE 96.470827 | Likelihood -1937691.961692 | KL fp 2.8636 | FP STD 0.1843 | ->nfe  239.75 | <-nfe 1872.50
Epoch 0080 [Val seq (cond on sampled tp)] |  MAPE 0.022728 | RMSE 95.728967 |
Best Val!
Epoch 0080 [Test seq (cond on sampled tp)] | MAPE 0.049459 | RMSE 274.155747|
0.057328030467033386,0.04531600698828697,0.04573420062661171
251.46034416484042,285.17341215477995,285.8334851797459
Experiment 07-14_01:50
Epoch 0081 [Train seq (cond on sampled tp)] | Loss 1888198.457746 | MAPE 0.038208 | RMSE 83.417656 | Likelihood -1888195.572810 | KL fp 2.8849 | FP STD 0.1415 | ->nfe  235.25 | <-nfe  985.25
Epoch 0081 [Val seq (cond on sampled tp)] |  MAPE 0.031395 | RMSE 90.687839 |
Epoch 0081 [Test seq (cond on sampled tp)] | MAPE 0.061237 | RMSE 278.069755|
0.06770722568035126,0.056318361312150955,0.059686820954084396
247.23031392812655,274.4847018733467,312.49424994709904
Experiment 07-14_01:50
Epoch 0082 [Train seq (cond on sampled tp)] | Loss 1932395.796549 | MAPE 0.092363 | RMSE 92.426778 | Likelihood -1932392.910302 | KL fp 2.8862 | FP STD 0.1531 | ->nfe  242.00 | <-nfe 1424.75
Epoch 0082 [Val seq (cond on sampled tp)] |  MAPE 0.023613 | RMSE 93.514814 |
Epoch 0082 [Test seq (cond on sampled tp)] | MAPE 0.052210 | RMSE 321.139861|
0.0628410205245018,0.050948143005371094,0.042840760201215744
298.380406842507,329.733367662419,335.3058072491438
Experiment 07-14_01:50
Epoch 0083 [Train seq (cond on sampled tp)] | Loss 1905406.391915 | MAPE 0.055084 | RMSE 86.444456 | Likelihood -1905403.523272 | KL fp 2.8686 | FP STD 0.1551 | ->nfe  236.00 | <-nfe  921.50
Epoch 0083 [Val seq (cond on sampled tp)] |  MAPE 0.026274 | RMSE 89.446693 |
Epoch 0083 [Test seq (cond on sampled tp)] | MAPE 0.057524 | RMSE 261.873539|
0.056783527135849,0.05877778306603432,0.05701082944869995
226.95256938400146,280.04883781672794,278.6192097873009
Experiment 07-14_01:50
Epoch 0084 [Train seq (cond on sampled tp)] | Loss 1899373.384689 | MAPE 0.053091 | RMSE 85.433426 | Likelihood -1899370.547793 | KL fp 2.8369 | FP STD 0.1595 | ->nfe  242.00 | <-nfe  738.50
Epoch 0084 [Val seq (cond on sampled tp)] |  MAPE 0.022824 | RMSE 88.952687 |
Epoch 0084 [Test seq (cond on sampled tp)] | MAPE 0.049702 | RMSE 276.588385|
0.05672901123762131,0.048968035727739334,0.04340943321585655
251.66629070060216,273.20202003279553,304.89684474835093
Experiment 07-14_01:50
Epoch 0085 [Train seq (cond on sampled tp)] | Loss 1867597.799659 | MAPE 0.064073 | RMSE 80.610357 | Likelihood -1867595.090869 | KL fp 2.7088 | FP STD 0.1770 | ->nfe  248.00 | <-nfe  907.25
Epoch 0085 [Val seq (cond on sampled tp)] |  MAPE 0.022736 | RMSE 95.002729 |
Epoch 0085 [Test seq (cond on sampled tp)] | MAPE 0.056440 | RMSE 308.606603|
0.05565570667386055,0.0571424663066864,0.05652248114347458
266.8546977055116,314.4561649697776,344.50894627353296
Experiment 07-14_01:50
Epoch 0086 [Train seq (cond on sampled tp)] | Loss 1897132.515521 | MAPE 0.053009 | RMSE 86.349806 | Likelihood -1897129.813291 | KL fp 2.7022 | FP STD 0.1877 | ->nfe  242.75 | <-nfe  884.75
Epoch 0086 [Val seq (cond on sampled tp)] |  MAPE 0.028486 | RMSE 98.285453 |
Epoch 0086 [Test seq (cond on sampled tp)] | MAPE 0.060716 | RMSE 301.356229|
0.06371593475341797,0.05697639286518097,0.061456821858882904
298.66059070038017,290.8418411482433,314.56625643495204
Experiment 07-14_01:50
Epoch 0087 [Train seq (cond on sampled tp)] | Loss 1927238.647389 | MAPE 0.052261 | RMSE 87.212163 | Likelihood -1927236.353728 | KL fp 2.2937 | FP STD 0.2163 | ->nfe  247.25 | <-nfe  746.75
Epoch 0087 [Val seq (cond on sampled tp)] |  MAPE 0.042442 | RMSE 91.090041 |
Epoch 0087 [Test seq (cond on sampled tp)] | MAPE 0.067281 | RMSE 332.195893|
0.06581337004899979,0.06406015157699585,0.07196874171495438
300.12229278245894,333.95519207297855,362.51019382218755
Experiment 07-14_01:50
Epoch 0088 [Train seq (cond on sampled tp)] | Loss 1895522.744266 | MAPE 0.119054 | RMSE 86.319748 | Likelihood -1895519.933903 | KL fp 2.8104 | FP STD 0.1631 | ->nfe  248.75 | <-nfe 1110.50
Epoch 0088 [Val seq (cond on sampled tp)] |  MAPE 0.026362 | RMSE 95.252394 |
Epoch 0088 [Test seq (cond on sampled tp)] | MAPE 0.065866 | RMSE 292.394077|
0.06821966916322708,0.06538448482751846,0.06399315595626831
249.87532828892893,293.5590203647301,333.74788154758375
Experiment 07-14_01:50
Epoch 0089 [Train seq (cond on sampled tp)] | Loss 1874463.410270 | MAPE 0.044925 | RMSE 82.380710 | Likelihood -1874460.962291 | KL fp 2.4480 | FP STD 0.2054 | ->nfe  245.75 | <-nfe 1469.00
Epoch 0089 [Val seq (cond on sampled tp)] |  MAPE 0.043760 | RMSE 91.823418 |
Epoch 0089 [Test seq (cond on sampled tp)] | MAPE 0.092573 | RMSE 308.838454|
0.08574558049440384,0.0902351438999176,0.10173961520195007
276.5402180289514,299.80690400239286,350.1682408143263
Experiment 07-14_01:50
Epoch 0090 [Train seq (cond on sampled tp)] | Loss 1878345.284993 | MAPE 0.044563 | RMSE 80.585340 | Likelihood -1878342.923596 | KL fp 2.3614 | FP STD 0.2145 | ->nfe  260.00 | <-nfe 1489.25
Epoch 0090 [Val seq (cond on sampled tp)] |  MAPE 0.023076 | RMSE 100.753077 |
Epoch 0090 [Test seq (cond on sampled tp)] | MAPE 0.059389 | RMSE 317.531824|
0.056439999490976334,0.06341414153575897,0.058313850313425064
249.7908578316068,339.84686349148495,362.9577497795026
Experiment 07-14_01:50
Epoch 0091 [Train seq (cond on sampled tp)] | Loss 1889328.763638 | MAPE 0.043567 | RMSE 84.956133 | Likelihood -1889326.223750 | KL fp 2.5399 | FP STD 0.2035 | ->nfe  244.25 | <-nfe 1019.75
Epoch 0091 [Val seq (cond on sampled tp)] |  MAPE 0.024236 | RMSE 97.971631 |
Epoch 0091 [Test seq (cond on sampled tp)] | MAPE 0.051715 | RMSE 333.796531|
0.0581388846039772,0.055466730147600174,0.04154006764292717
312.5977097244956,356.0252251421239,332.7666576409061
Experiment 07-14_01:50
Epoch 0092 [Train seq (cond on sampled tp)] | Loss 1876502.627694 | MAPE 0.055022 | RMSE 80.384485 | Likelihood -1876499.935932 | KL fp 2.6918 | FP STD 0.1685 | ->nfe  253.25 | <-nfe 1469.00
Epoch 0092 [Val seq (cond on sampled tp)] |  MAPE 0.023188 | RMSE 95.734557 |
Epoch 0092 [Test seq (cond on sampled tp)] | MAPE 0.049321 | RMSE 335.269142|
0.06050551310181618,0.048816878348588943,0.038639895617961884
294.4315630371513,350.0064285123918,361.36943311173957
Experiment 07-14_01:50
Epoch 0093 [Train seq (cond on sampled tp)] | Loss 1897641.228039 | MAPE 0.041708 | RMSE 84.328810 | Likelihood -1897638.393769 | KL fp 2.8343 | FP STD 0.1493 | ->nfe  263.00 | <-nfe 1432.25
Epoch 0093 [Val seq (cond on sampled tp)] |  MAPE 0.031359 | RMSE 106.499583 |
Epoch 0093 [Test seq (cond on sampled tp)] | MAPE 0.058072 | RMSE 303.255875|
0.05670366808772087,0.05830242484807968,0.05920959264039993
279.74142636549203,276.87076746200563,353.1554301047911
Experiment 07-14_01:50
Epoch 0094 [Train seq (cond on sampled tp)] | Loss 1871643.006411 | MAPE 0.065605 | RMSE 82.201305 | Likelihood -1871640.357426 | KL fp 2.6490 | FP STD 0.1856 | ->nfe  255.50 | <-nfe  880.25
Epoch 0094 [Val seq (cond on sampled tp)] |  MAPE 0.023512 | RMSE 88.524433 |
Epoch 0094 [Test seq (cond on sampled tp)] | MAPE 0.048184 | RMSE 301.927957|
0.051160719245672226,0.04554634913802147,0.047845032066106796
254.30044976366045,312.34476144158396,339.1386608011537
Experiment 07-14_01:50
Epoch 0095 [Train seq (cond on sampled tp)] | Loss 1906373.547426 | MAPE 0.063278 | RMSE 87.827926 | Likelihood -1906371.171752 | KL fp 2.3757 | FP STD 0.2267 | ->nfe  254.00 | <-nfe  590.00
Epoch 0095 [Val seq (cond on sampled tp)] |  MAPE 0.024900 | RMSE 80.926676 |
Epoch 0095 [Test seq (cond on sampled tp)] | MAPE 0.055931 | RMSE 274.406868|
0.046197619289159775,0.059088774025440216,0.062506303191185
232.59119515256805,259.0549229893151,331.5744872950873
Experiment 07-14_01:50
Epoch 0096 [Train seq (cond on sampled tp)] | Loss 1889008.396091 | MAPE 0.047757 | RMSE 81.922698 | Likelihood -1889005.680451 | KL fp 2.7156 | FP STD 0.1805 | ->nfe  257.00 | <-nfe  501.50
Epoch 0096 [Val seq (cond on sampled tp)] |  MAPE 0.036080 | RMSE 102.274127 |
Epoch 0096 [Test seq (cond on sampled tp)] | MAPE 0.063231 | RMSE 308.576456|
0.05957764387130737,0.06810373812913895,0.06201028823852539
267.21994686025965,336.3379067247699,322.17151390990483
Experiment 07-14_01:50
Epoch 0097 [Train seq (cond on sampled tp)] | Loss 1922510.646679 | MAPE 0.137293 | RMSE 92.069641 | Likelihood -1922507.820732 | KL fp 2.8259 | FP STD 0.1712 | ->nfe  271.25 | <-nfe  762.50
Epoch 0097 [Val seq (cond on sampled tp)] |  MAPE 0.027213 | RMSE 106.639873 |
Epoch 0097 [Test seq (cond on sampled tp)] | MAPE 0.049965 | RMSE 352.298583|
0.05096155032515526,0.052029598504304886,0.04690343886613846
336.24879181939076,365.2825533063412,355.36440364082614
Experiment 07-14_01:50
Epoch 0098 [Train seq (cond on sampled tp)] | Loss 1901875.718674 | MAPE 0.057759 | RMSE 85.663714 | Likelihood -1901873.047245 | KL fp 2.6714 | FP STD 0.1789 | ->nfe  255.50 | <-nfe  577.25
Epoch 0098 [Val seq (cond on sampled tp)] |  MAPE 0.029967 | RMSE 101.332200 |
Epoch 0098 [Test seq (cond on sampled tp)] | MAPE 0.052421 | RMSE 304.946169|
0.04629571735858917,0.05123833566904068,0.0597301609814167
283.8264764781468,287.85851288002584,343.1535165745792
Experiment 07-14_01:50
Epoch 0099 [Train seq (cond on sampled tp)] | Loss 1881590.588433 | MAPE 0.077919 | RMSE 82.100894 | Likelihood -1881587.800513 | KL fp 2.7879 | FP STD 0.1685 | ->nfe  263.00 | <-nfe  719.00
Epoch 0099 [Val seq (cond on sampled tp)] |  MAPE 0.031161 | RMSE 86.358466 |
Epoch 0099 [Test seq (cond on sampled tp)] | MAPE 0.060642 | RMSE 271.750924|
0.058955878019332886,0.059699542820453644,0.06327062100172043
214.28186752499616,254.65148518367215,346.3194199362779
Experiment 07-14_01:50
Epoch 0100 [Train seq (cond on sampled tp)] | Loss 1883398.929716 | MAPE 0.096844 | RMSE 84.328546 | Likelihood -1883395.850910 | KL fp 3.0788 | FP STD 0.1297 | ->nfe  259.25 | <-nfe  647.00
Epoch 0100 [Val seq (cond on sampled tp)] |  MAPE 0.024631 | RMSE 91.264933 |
Epoch 0100 [Test seq (cond on sampled tp)] | MAPE 0.059038 | RMSE 268.250059|
0.05861230567097664,0.06145358830690384,0.05704835429787636
238.83439280702433,255.5777768116782,310.33800877027613
