/nvme/yuanjingyang/CG-ODE/run_models_covid.py
run_models_covid.py --heavyBall --gamma_guess -3.0 --corr 0
Namespace(save='experiments/', load=None, dataset='Dec', datapath='data/', pred_length=14, condition_length=21, features='Confirmed,Deaths,Recovered,Mortality_Rate,Testing_Rate,Population,Mobility', split_interval=3, feature_out='Deaths', niters=100, lr=0.005, batch_size=8, random_seed=1991, dropout=0.2, l2=1e-05, optimizer='AdamW', clip=10, edge_lamda=0.5, z0_encoder='GTrans', rec_dims=64, ode_dims=20, rec_layers=1, gen_layers=1, CVPR=False, graf_layer=1, heavyBall=True, actv_h=None, gamma_guess=-3.0, gamma_act='sigmoid', corr=0, corrf=True, sign=1, augment_dim=0, solver='rk4', alias='run', output_dim=1, feature_out_index=[1], num_atoms=50)
run
Experiment 07-07_00:58
Epoch 0001 [Train seq (cond on sampled tp)] | Loss 4397444.906813 | MAPE 0.063332 | RMSE 286.452672 | Likelihood -4397443.374497 | KL fp 1.5323 | FP STD 0.4178|
Epoch 0001 [Val seq (cond on sampled tp)] |  MAPE 0.058019 | RMSE 305.789782 |
Best Val!
Epoch 0001 [Test seq (cond on sampled tp)] | MAPE 0.121672 | RMSE 906.210046|
0.1347934603691101,0.12597955763339996,0.10424363613128662
851.3596478574727,937.2163237481516,930.0541650893242
0.1347934603691101,0.12597955763339996,0.10424363613128662
851.3596478574727,937.2163237481516,930.0541650893242
Epoch 0001 [Test seq (cond on sampled tp)] | Best Test MAPE 0.121672|Best Test RMSE 906.210046|
Experiment 07-07_00:58
Epoch 0002 [Train seq (cond on sampled tp)] | Loss 4199428.218564 | MAPE 0.095196 | RMSE 276.155438 | Likelihood -4199425.169954 | KL fp 3.0486 | FP STD 0.6318|
Epoch 0002 [Val seq (cond on sampled tp)] |  MAPE 0.066578 | RMSE 280.978494 |
Epoch 0002 [Test seq (cond on sampled tp)] | MAPE 0.109813 | RMSE 866.331118|
0.11904890835285187,0.11229968816041946,0.09809151291847229
808.6252608594416,896.1791813024893,894.1889132057051
0.11904890835285187,0.11229968816041946,0.09809151291847229
808.6252608594416,896.1791813024893,894.1889132057051
Epoch 0002 [Test seq (cond on sampled tp)] | Best Test MAPE 0.109813|Best Test RMSE 866.331118|
Experiment 07-07_00:58
Epoch 0003 [Train seq (cond on sampled tp)] | Loss 3842014.936013 | MAPE 0.236219 | RMSE 256.546131 | Likelihood -3842008.985158 | KL fp 5.9509 | FP STD 0.8026|
Epoch 0003 [Val seq (cond on sampled tp)] |  MAPE 0.102954 | RMSE 239.443626 |
Epoch 0003 [Test seq (cond on sampled tp)] | MAPE 0.135120 | RMSE 787.268599|
0.14348921179771423,0.137859508395195,0.12401048094034195
725.8610404202722,817.7962765872684,818.14848132842
Experiment 07-07_00:58
Epoch 0004 [Train seq (cond on sampled tp)] | Loss 3550216.386945 | MAPE 0.480446 | RMSE 239.359066 | Likelihood -3550208.383422 | KL fp 8.0035 | FP STD 0.7482|
Epoch 0004 [Val seq (cond on sampled tp)] |  MAPE 0.117123 | RMSE 206.838243 |
Epoch 0004 [Test seq (cond on sampled tp)] | MAPE 0.132060 | RMSE 714.345182|
0.14120042324066162,0.12939627468585968,0.12558387219905853
648.7486994206616,744.4827482890386,749.8040994153073
Experiment 07-07_00:58
Epoch 0005 [Train seq (cond on sampled tp)] | Loss 3155670.871246 | MAPE 0.357928 | RMSE 213.345578 | Likelihood -3155665.719076 | KL fp 5.1522 | FP STD 0.5025|
Epoch 0005 [Val seq (cond on sampled tp)] |  MAPE 0.035676 | RMSE 175.228328 |
Best Val!
Epoch 0005 [Test seq (cond on sampled tp)] | MAPE 0.057543 | RMSE 654.385449|
0.06009525805711746,0.05863293632864952,0.053900301456451416
587.8501084460222,689.8075365636417,685.4987007646331
0.06009525805711746,0.05863293632864952,0.053900301456451416
587.8501084460222,689.8075365636417,685.4987007646331
Epoch 0005 [Test seq (cond on sampled tp)] | Best Test MAPE 0.057543|Best Test RMSE 654.385449|
Experiment 07-07_00:58
Epoch 0006 [Train seq (cond on sampled tp)] | Loss 2848014.709844 | MAPE 0.055985 | RMSE 191.119776 | Likelihood -2848010.634645 | KL fp 4.0752 | FP STD 0.5183|
Epoch 0006 [Val seq (cond on sampled tp)] |  MAPE 0.033216 | RMSE 149.179619 |
Best Val!
Epoch 0006 [Test seq (cond on sampled tp)] | MAPE 0.070393 | RMSE 574.049381|
0.07680612057447433,0.07425831258296967,0.060115888714790344
499.23472685701665,613.6268206328664,609.2865961515976
Experiment 07-07_00:58
Epoch 0007 [Train seq (cond on sampled tp)] | Loss 2512321.654564 | MAPE 0.041392 | RMSE 162.683818 | Likelihood -2512317.957187 | KL fp 3.6974 | FP STD 0.4574|
Epoch 0007 [Val seq (cond on sampled tp)] |  MAPE 0.031856 | RMSE 122.900569 |
Best Val!
Epoch 0007 [Test seq (cond on sampled tp)] | MAPE 0.048517 | RMSE 496.621616|
0.053039032965898514,0.050785064697265625,0.041728366166353226
428.11348524661076,532.5511419103333,529.2002220332112
0.053039032965898514,0.050785064697265625,0.041728366166353226
428.11348524661076,532.5511419103333,529.2002220332112
Epoch 0007 [Test seq (cond on sampled tp)] | Best Test MAPE 0.048517|Best Test RMSE 496.621616|
Experiment 07-07_00:58
Epoch 0008 [Train seq (cond on sampled tp)] | Loss 2300482.378211 | MAPE 0.054637 | RMSE 141.422588 | Likelihood -2300478.942735 | KL fp 3.4355 | FP STD 0.3818|
Epoch 0008 [Val seq (cond on sampled tp)] |  MAPE 0.028286 | RMSE 107.522781 |
Best Val!
Epoch 0008 [Test seq (cond on sampled tp)] | MAPE 0.050833 | RMSE 422.523630|
0.06016554683446884,0.05083255097270012,0.04150237888097763
358.9156412027762,448.4211887277406,460.23406069629397
Experiment 07-07_00:58
Epoch 0009 [Train seq (cond on sampled tp)] | Loss 2151495.230581 | MAPE 0.035610 | RMSE 124.734861 | Likelihood -2151491.748284 | KL fp 3.4823 | FP STD 0.3050|
Epoch 0009 [Val seq (cond on sampled tp)] |  MAPE 0.034300 | RMSE 101.551860 |
Epoch 0009 [Test seq (cond on sampled tp)] | MAPE 0.054560 | RMSE 387.861714|
0.05973048135638237,0.057300642132759094,0.046650130301713943
340.0128674035734,412.86389252391643,410.7083819451461
Experiment 07-07_00:58
Epoch 0010 [Train seq (cond on sampled tp)] | Loss 2064451.194374 | MAPE 0.034658 | RMSE 113.478764 | Likelihood -2064447.644767 | KL fp 3.5496 | FP STD 0.2635|
Epoch 0010 [Val seq (cond on sampled tp)] |  MAPE 0.032561 | RMSE 100.732900 |
Epoch 0010 [Test seq (cond on sampled tp)] | MAPE 0.054888 | RMSE 358.345337|
0.06295540928840637,0.0572158508002758,0.04449158161878586
296.4991304793321,388.505932226266,390.0309482912862
Experiment 07-07_00:58
Epoch 0011 [Train seq (cond on sampled tp)] | Loss 2032251.956836 | MAPE 0.033876 | RMSE 109.399995 | Likelihood -2032248.652801 | KL fp 3.3040 | FP STD 0.2334|
Epoch 0011 [Val seq (cond on sampled tp)] |  MAPE 0.025619 | RMSE 96.795557 |
Best Val!
Epoch 0011 [Test seq (cond on sampled tp)] | MAPE 0.049996 | RMSE 332.958172|
0.05354449152946472,0.05206809565424919,0.04437592253088951
285.23236141784474,354.39878667963865,359.24336719694634
Experiment 07-07_00:58
Epoch 0012 [Train seq (cond on sampled tp)] | Loss 2003476.009153 | MAPE 0.030939 | RMSE 105.470994 | Likelihood -2003472.714698 | KL fp 3.2945 | FP STD 0.2145|
Epoch 0012 [Val seq (cond on sampled tp)] |  MAPE 0.024688 | RMSE 82.785550 |
Best Val!
Epoch 0012 [Test seq (cond on sampled tp)] | MAPE 0.048051 | RMSE 299.543228|
0.051699619740247726,0.04771047085523605,0.04474277049303055
226.56039654195965,332.9109772146302,339.1583101959909
0.051699619740247726,0.04771047085523605,0.04474277049303055
226.56039654195965,332.9109772146302,339.1583101959909
Epoch 0012 [Test seq (cond on sampled tp)] | Best Test MAPE 0.048051|Best Test RMSE 299.543228|
Experiment 07-07_00:58
Epoch 0013 [Train seq (cond on sampled tp)] | Loss 1984916.678728 | MAPE 0.032684 | RMSE 102.702572 | Likelihood -1984913.214868 | KL fp 3.4639 | FP STD 0.1882|
Epoch 0013 [Val seq (cond on sampled tp)] |  MAPE 0.031183 | RMSE 84.572119 |
Epoch 0013 [Test seq (cond on sampled tp)] | MAPE 0.053949 | RMSE 335.907687|
0.05713992938399315,0.05588587746024132,0.048821840435266495
282.1579372665245,373.55379465346084,352.0113301621128
Experiment 07-07_00:58
Epoch 0014 [Train seq (cond on sampled tp)] | Loss 1978509.696890 | MAPE 0.031498 | RMSE 101.170244 | Likelihood -1978506.156103 | KL fp 3.5408 | FP STD 0.1675|
Epoch 0014 [Val seq (cond on sampled tp)] |  MAPE 0.033140 | RMSE 106.411215 |
Epoch 0014 [Test seq (cond on sampled tp)] | MAPE 0.055646 | RMSE 356.253087|
0.06136384978890419,0.057811371982097626,0.047763384878635406
330.48067502124843,376.32451504652204,361.95407167208384
Experiment 07-07_00:58
Epoch 0015 [Train seq (cond on sampled tp)] | Loss 1989413.536296 | MAPE 0.037933 | RMSE 102.516595 | Likelihood -1989410.074177 | KL fp 3.4621 | FP STD 0.1561|
Epoch 0015 [Val seq (cond on sampled tp)] |  MAPE 0.025085 | RMSE 81.855493 |
Epoch 0015 [Test seq (cond on sampled tp)] | MAPE 0.046097 | RMSE 270.840371|
0.05182597413659096,0.04555425047874451,0.0409109853208065
206.5411108441852,293.81672114602327,312.1632810926038
0.05182597413659096,0.04555425047874451,0.0409109853208065
206.5411108441852,293.81672114602327,312.1632810926038
Epoch 0015 [Test seq (cond on sampled tp)] | Best Test MAPE 0.046097|Best Test RMSE 270.840371|
Experiment 07-07_00:58
Epoch 0016 [Train seq (cond on sampled tp)] | Loss 1952663.444563 | MAPE 0.034493 | RMSE 97.664156 | Likelihood -1952660.086349 | KL fp 3.3582 | FP STD 0.1880|
Epoch 0016 [Val seq (cond on sampled tp)] |  MAPE 0.022396 | RMSE 82.739915 |
Best Val!
Epoch 0016 [Test seq (cond on sampled tp)] | MAPE 0.053022 | RMSE 279.211656|
0.05374758690595627,0.05497847869992256,0.05034039542078972
213.70491118011304,304.7322595328562,319.19779819885974
Experiment 07-07_00:58
Epoch 0017 [Train seq (cond on sampled tp)] | Loss 1949476.942568 | MAPE 0.035355 | RMSE 97.270908 | Likelihood -1949473.753648 | KL fp 3.1889 | FP STD 0.2037|
Epoch 0017 [Val seq (cond on sampled tp)] |  MAPE 0.034825 | RMSE 90.267509 |
Epoch 0017 [Test seq (cond on sampled tp)] | MAPE 0.056213 | RMSE 275.536213|
0.05161818489432335,0.05965690314769745,0.05736476927995682
220.44534115626033,298.0514060107753,308.1118912018814
Experiment 07-07_00:58
Epoch 0018 [Train seq (cond on sampled tp)] | Loss 1943844.518921 | MAPE 0.037481 | RMSE 96.840173 | Likelihood -1943841.522755 | KL fp 2.9962 | FP STD 0.2419|
Epoch 0018 [Val seq (cond on sampled tp)] |  MAPE 0.026642 | RMSE 85.931165 |
Epoch 0018 [Test seq (cond on sampled tp)] | MAPE 0.052250 | RMSE 279.960507|
0.05513666942715645,0.051873281598091125,0.04974006488919258
227.12713262620122,299.2404708173679,313.5139176535868
Experiment 07-07_00:58
Epoch 0019 [Train seq (cond on sampled tp)] | Loss 1956882.233870 | MAPE 0.034830 | RMSE 97.933615 | Likelihood -1956879.411728 | KL fp 2.8221 | FP STD 0.2448|
Epoch 0019 [Val seq (cond on sampled tp)] |  MAPE 0.033750 | RMSE 77.236469 |
Epoch 0019 [Test seq (cond on sampled tp)] | MAPE 0.072251 | RMSE 263.325794|
0.07428476959466934,0.06949680298566818,0.07297129184007645
221.54313208718523,274.8606465101907,293.57360395222867
Experiment 07-07_00:58
Epoch 0020 [Train seq (cond on sampled tp)] | Loss 1919035.831451 | MAPE 0.041481 | RMSE 92.156406 | Likelihood -1919032.537199 | KL fp 3.2943 | FP STD 0.1884|
Epoch 0020 [Val seq (cond on sampled tp)] |  MAPE 0.026107 | RMSE 94.775284 |
Epoch 0020 [Test seq (cond on sampled tp)] | MAPE 0.062426 | RMSE 301.959301|
0.0609869658946991,0.0648915022611618,0.06140020117163658
249.18572861171242,328.8251815174744,327.8669938023649
Experiment 07-07_00:58
Epoch 0021 [Train seq (cond on sampled tp)] | Loss 1970762.343659 | MAPE 0.038279 | RMSE 100.228225 | Likelihood -1970759.217720 | KL fp 3.1259 | FP STD 0.1734|
Epoch 0021 [Val seq (cond on sampled tp)] |  MAPE 0.034585 | RMSE 89.764049 |
Epoch 0021 [Test seq (cond on sampled tp)] | MAPE 0.066562 | RMSE 266.910519|
0.06630655378103256,0.06670078635215759,0.06667724996805191
216.15087142722788,287.46806887896264,297.1126154339462
Experiment 07-07_00:58
Epoch 0022 [Train seq (cond on sampled tp)] | Loss 1916969.315531 | MAPE 0.029394 | RMSE 91.422790 | Likelihood -1916966.035652 | KL fp 3.2799 | FP STD 0.1683|
Epoch 0022 [Val seq (cond on sampled tp)] |  MAPE 0.027504 | RMSE 89.076087 |
Epoch 0022 [Test seq (cond on sampled tp)] | MAPE 0.056484 | RMSE 287.606263|
0.06698962301015854,0.06015656888484955,0.04230711981654167
252.34863191872074,311.47534513184183,298.99481339565074
Experiment 07-07_00:58
Epoch 0023 [Train seq (cond on sampled tp)] | Loss 1904423.020102 | MAPE 0.034837 | RMSE 88.953584 | Likelihood -1904419.908942 | KL fp 3.1112 | FP STD 0.1977|
Epoch 0023 [Val seq (cond on sampled tp)] |  MAPE 0.025395 | RMSE 86.280475 |
Epoch 0023 [Test seq (cond on sampled tp)] | MAPE 0.065797 | RMSE 293.164060|
0.07340254634618759,0.0656852126121521,0.058302320539951324
248.43816823809502,319.2279872011538,311.8260232084551
Experiment 07-07_00:58
Epoch 0024 [Train seq (cond on sampled tp)] | Loss 1943053.492357 | MAPE 0.038825 | RMSE 96.633839 | Likelihood -1943050.335362 | KL fp 3.1570 | FP STD 0.1782|
Epoch 0024 [Val seq (cond on sampled tp)] |  MAPE 0.027898 | RMSE 84.737811 |
Epoch 0024 [Test seq (cond on sampled tp)] | MAPE 0.048485 | RMSE 267.470679|
0.05396975949406624,0.04526589438319206,0.046220216900110245
224.0021710971793,267.1428105901411,311.26705525561164
Experiment 07-07_00:58
Epoch 0025 [Train seq (cond on sampled tp)] | Loss 1914244.932036 | MAPE 0.032003 | RMSE 92.506020 | Likelihood -1914241.861199 | KL fp 3.0708 | FP STD 0.2099|
Epoch 0025 [Val seq (cond on sampled tp)] |  MAPE 0.023858 | RMSE 86.886656 |
Epoch 0025 [Test seq (cond on sampled tp)] | MAPE 0.048741 | RMSE 279.253823|
0.05784095451235771,0.04974198341369629,0.03864048048853874
223.64594298242926,315.61654691650756,298.4989792696116
Experiment 07-07_00:58
Epoch 0026 [Train seq (cond on sampled tp)] | Loss 1921112.672124 | MAPE 0.028882 | RMSE 92.273071 | Likelihood -1921109.848992 | KL fp 2.8231 | FP STD 0.2141|
Epoch 0026 [Val seq (cond on sampled tp)] |  MAPE 0.033626 | RMSE 80.272865 |
Epoch 0026 [Test seq (cond on sampled tp)] | MAPE 0.060962 | RMSE 256.559911|
0.06726279109716415,0.057789742946624756,0.057832736521959305
199.36827966730314,264.4809628073446,305.83049073383773
Experiment 07-07_00:58
Epoch 0027 [Train seq (cond on sampled tp)] | Loss 1934724.118247 | MAPE 0.035978 | RMSE 94.646547 | Likelihood -1934720.918950 | KL fp 3.1993 | FP STD 0.1776|
Epoch 0027 [Val seq (cond on sampled tp)] |  MAPE 0.031713 | RMSE 86.694760 |
Epoch 0027 [Test seq (cond on sampled tp)] | MAPE 0.069072 | RMSE 281.376920|
0.06904491037130356,0.06895354390144348,0.06921884417533875
245.078885578195,298.0384177207697,301.01345744418137
Experiment 07-07_00:58
Epoch 0028 [Train seq (cond on sampled tp)] | Loss 1961564.834420 | MAPE 0.054958 | RMSE 99.124644 | Likelihood -1961561.916975 | KL fp 2.9174 | FP STD 0.1899|
Epoch 0028 [Val seq (cond on sampled tp)] |  MAPE 0.024579 | RMSE 84.234420 |
Epoch 0028 [Test seq (cond on sampled tp)] | MAPE 0.052029 | RMSE 255.425318|
0.05779152736067772,0.0527784526348114,0.04551586136221886
206.2664292698887,285.4928031054373,274.51672023303064
Experiment 07-07_00:58
Epoch 0029 [Train seq (cond on sampled tp)] | Loss 1905282.291554 | MAPE 0.034777 | RMSE 90.675931 | Likelihood -1905279.520243 | KL fp 2.7713 | FP STD 0.2292|
Epoch 0029 [Val seq (cond on sampled tp)] |  MAPE 0.022616 | RMSE 82.564443 |
Epoch 0029 [Test seq (cond on sampled tp)] | MAPE 0.050839 | RMSE 256.176391|
0.057998429983854294,0.052058763802051544,0.04245847463607788
223.2548029298586,273.75884688900925,271.5155238425604
Experiment 07-07_00:58
Epoch 0030 [Train seq (cond on sampled tp)] | Loss 1904453.007111 | MAPE 0.039472 | RMSE 89.803638 | Likelihood -1904450.181539 | KL fp 2.8256 | FP STD 0.2150|
Epoch 0030 [Val seq (cond on sampled tp)] |  MAPE 0.026826 | RMSE 87.130313 |
Epoch 0030 [Test seq (cond on sampled tp)] | MAPE 0.050507 | RMSE 264.604459|
0.05803122743964195,0.05457117408514023,0.03891893848776817
200.36519392723878,296.9756145292068,296.47256934664296
Experiment 07-07_00:58
Epoch 0031 [Train seq (cond on sampled tp)] | Loss 1907503.653724 | MAPE 0.032927 | RMSE 90.240436 | Likelihood -1907500.734615 | KL fp 2.9191 | FP STD 0.1711|
Epoch 0031 [Val seq (cond on sampled tp)] |  MAPE 0.022111 | RMSE 82.892185 |
Best Val!
Epoch 0031 [Test seq (cond on sampled tp)] | MAPE 0.047228 | RMSE 229.350149|
0.058129534125328064,0.04132094606757164,0.04223277047276497
212.25132508420296,221.86095906276526,253.93816145618996
Experiment 07-07_00:58
Epoch 0032 [Train seq (cond on sampled tp)] | Loss 1875958.598878 | MAPE 0.032636 | RMSE 85.597787 | Likelihood -1875956.092637 | KL fp 2.5062 | FP STD 0.2428|
Epoch 0032 [Val seq (cond on sampled tp)] |  MAPE 0.023175 | RMSE 83.292685 |
Epoch 0032 [Test seq (cond on sampled tp)] | MAPE 0.049966 | RMSE 260.641392|
0.05125979334115982,0.05380873382091522,0.04482962563633919
195.1776134223646,302.18605868322254,284.56050268352425
Experiment 07-07_00:58
Epoch 0033 [Train seq (cond on sampled tp)] | Loss 1884795.698196 | MAPE 0.036165 | RMSE 86.156711 | Likelihood -1884793.090575 | KL fp 2.6076 | FP STD 0.2270|
Epoch 0033 [Val seq (cond on sampled tp)] |  MAPE 0.027314 | RMSE 84.985876 |
Epoch 0033 [Test seq (cond on sampled tp)] | MAPE 0.058667 | RMSE 237.201364|
0.058332059532403946,0.0552600659430027,0.06240926682949066
200.6910911388445,239.37463283261658,271.53836918104224
Experiment 07-07_00:58
Epoch 0034 [Train seq (cond on sampled tp)] | Loss 1887286.662094 | MAPE 0.035559 | RMSE 86.641769 | Likelihood -1887283.990454 | KL fp 2.6716 | FP STD 0.2226|
Epoch 0034 [Val seq (cond on sampled tp)] |  MAPE 0.033173 | RMSE 87.704696 |
Epoch 0034 [Test seq (cond on sampled tp)] | MAPE 0.061322 | RMSE 263.028790|
0.06594335287809372,0.0606205016374588,0.05740197002887726
233.6005538306791,274.4277853552734,281.05803170786635
Experiment 07-07_00:58
Epoch 0035 [Train seq (cond on sampled tp)] | Loss 1902034.001075 | MAPE 0.034141 | RMSE 88.971566 | Likelihood -1902031.359109 | KL fp 2.6420 | FP STD 0.2028|
Epoch 0035 [Val seq (cond on sampled tp)] |  MAPE 0.033044 | RMSE 81.822040 |
Epoch 0035 [Test seq (cond on sampled tp)] | MAPE 0.061719 | RMSE 275.425326|
0.06390731036663055,0.05839552730321884,0.06285266578197479
238.56019942563765,285.90674014877646,301.8090378244164
Experiment 07-07_00:58
Epoch 0036 [Train seq (cond on sampled tp)] | Loss 1905572.849772 | MAPE 0.035973 | RMSE 88.989817 | Likelihood -1905570.299269 | KL fp 2.5505 | FP STD 0.2245|
Epoch 0036 [Val seq (cond on sampled tp)] |  MAPE 0.039356 | RMSE 91.710599 |
Epoch 0036 [Test seq (cond on sampled tp)] | MAPE 0.070179 | RMSE 254.617817|
0.07414671778678894,0.0649586170911789,0.07143202424049377
222.27877871886466,239.97652066139722,301.5981520376078
Experiment 07-07_00:58
Epoch 0037 [Train seq (cond on sampled tp)] | Loss 1923423.307182 | MAPE 0.034279 | RMSE 92.500678 | Likelihood -1923420.391591 | KL fp 2.9156 | FP STD 0.2006|
Epoch 0037 [Val seq (cond on sampled tp)] |  MAPE 0.027402 | RMSE 99.047791 |
Epoch 0037 [Test seq (cond on sampled tp)] | MAPE 0.053790 | RMSE 295.890697|
0.06273110955953598,0.05528777837753296,0.04335158318281174
254.81534368047775,312.30692785703616,320.54982062075777
Experiment 07-07_00:58
Epoch 0038 [Train seq (cond on sampled tp)] | Loss 1936242.774582 | MAPE 0.042968 | RMSE 95.527012 | Likelihood -1936239.997970 | KL fp 2.7766 | FP STD 0.1757|
Epoch 0038 [Val seq (cond on sampled tp)] |  MAPE 0.027378 | RMSE 106.819736 |
Epoch 0038 [Test seq (cond on sampled tp)] | MAPE 0.053486 | RMSE 291.847577|
0.05961078405380249,0.051479484885931015,0.04936658591032028
260.2907628979561,279.3795721102386,335.87239485405763
Experiment 07-07_00:58
Epoch 0039 [Train seq (cond on sampled tp)] | Loss 1882076.470495 | MAPE 0.032197 | RMSE 86.183447 | Likelihood -1882073.839466 | KL fp 2.6310 | FP STD 0.2082|
Epoch 0039 [Val seq (cond on sampled tp)] |  MAPE 0.026926 | RMSE 96.656750 |
Epoch 0039 [Test seq (cond on sampled tp)] | MAPE 0.054253 | RMSE 296.300396|
0.059675440192222595,0.057255104184150696,0.04582776874303818
256.6222600925337,297.0528151692894,335.2261130565458
Experiment 07-07_00:58
Epoch 0040 [Train seq (cond on sampled tp)] | Loss 1906364.932855 | MAPE 0.040947 | RMSE 89.476150 | Likelihood -1906362.209626 | KL fp 2.7232 | FP STD 0.1893|
Epoch 0040 [Val seq (cond on sampled tp)] |  MAPE 0.027404 | RMSE 88.410602 |
Epoch 0040 [Test seq (cond on sampled tp)] | MAPE 0.054401 | RMSE 282.813124|
0.06333944946527481,0.058066949248313904,0.04179596155881882
235.46663278742915,297.39115655984125,315.58158117196893
Experiment 07-07_00:58
Epoch 0041 [Train seq (cond on sampled tp)] | Loss 1916403.806047 | MAPE 0.037196 | RMSE 92.770074 | Likelihood -1916400.749097 | KL fp 3.0569 | FP STD 0.1512|
Epoch 0041 [Val seq (cond on sampled tp)] |  MAPE 0.024973 | RMSE 93.354081 |
Epoch 0041 [Test seq (cond on sampled tp)] | MAPE 0.054822 | RMSE 288.003907|
0.06132379546761513,0.05183859169483185,0.05130328610539436
247.10702703990432,281.2199706190867,335.68472466735807
Experiment 07-07_00:58
Epoch 0042 [Train seq (cond on sampled tp)] | Loss 1929138.753955 | MAPE 0.033775 | RMSE 93.443716 | Likelihood -1929136.106347 | KL fp 2.6476 | FP STD 0.1880|
Epoch 0042 [Val seq (cond on sampled tp)] |  MAPE 0.028199 | RMSE 92.426016 |
Epoch 0042 [Test seq (cond on sampled tp)] | MAPE 0.058641 | RMSE 275.717393|
0.05932500213384628,0.057637009769678116,0.05896008014678955
235.06147799565116,281.16987747623324,310.92082241705845
Experiment 07-07_00:58
Epoch 0043 [Train seq (cond on sampled tp)] | Loss 1897252.932924 | MAPE 0.039240 | RMSE 88.759177 | Likelihood -1897250.287673 | KL fp 2.6453 | FP STD 0.2075|
Epoch 0043 [Val seq (cond on sampled tp)] |  MAPE 0.026975 | RMSE 89.203096 |
Epoch 0043 [Test seq (cond on sampled tp)] | MAPE 0.054138 | RMSE 291.551768|
0.06497521698474884,0.055191874504089355,0.042246509343385696
235.90524613973722,299.16826107978096,339.5817970312896
Experiment 07-07_00:58
Epoch 0044 [Train seq (cond on sampled tp)] | Loss 1882733.318541 | MAPE 0.037865 | RMSE 86.852919 | Likelihood -1882730.787747 | KL fp 2.5308 | FP STD 0.2228|
Epoch 0044 [Val seq (cond on sampled tp)] |  MAPE 0.034593 | RMSE 87.924606 |
Epoch 0044 [Test seq (cond on sampled tp)] | MAPE 0.076808 | RMSE 276.375506|
0.07778670638799667,0.0730186477303505,0.0796198844909668
227.20123754889627,283.6751828676594,318.2500981932292
Experiment 07-07_00:58
Epoch 0045 [Train seq (cond on sampled tp)] | Loss 1874931.735190 | MAPE 0.034853 | RMSE 83.664710 | Likelihood -1874929.259238 | KL fp 2.4760 | FP STD 0.2277|
Epoch 0045 [Val seq (cond on sampled tp)] |  MAPE 0.033197 | RMSE 89.353956 |
Epoch 0045 [Test seq (cond on sampled tp)] | MAPE 0.069169 | RMSE 255.708564|
0.07074570655822754,0.06711415946483612,0.06964793801307678
212.4876007411962,235.10129133524555,319.53679854595777
Experiment 07-07_00:58
Epoch 0046 [Train seq (cond on sampled tp)] | Loss 1869244.419710 | MAPE 0.032675 | RMSE 83.715197 | Likelihood -1869241.460915 | KL fp 2.9588 | FP STD 0.1665|
Epoch 0046 [Val seq (cond on sampled tp)] |  MAPE 0.024180 | RMSE 75.438121 |
Epoch 0046 [Test seq (cond on sampled tp)] | MAPE 0.065871 | RMSE 261.692227|
0.06599856913089752,0.06403221935033798,0.06758293509483337
204.9947979522895,249.43298198113257,330.64890036487344
Experiment 07-07_00:58
Epoch 0047 [Train seq (cond on sampled tp)] | Loss 1854675.446259 | MAPE 0.033525 | RMSE 81.323112 | Likelihood -1854672.753948 | KL fp 2.6923 | FP STD 0.2162|
Epoch 0047 [Val seq (cond on sampled tp)] |  MAPE 0.026013 | RMSE 86.779469 |
Epoch 0047 [Test seq (cond on sampled tp)] | MAPE 0.051739 | RMSE 254.186863|
0.05455111339688301,0.04687205329537392,0.05379440262913704
200.33038141717296,254.54319531515668,307.6870112224434
Experiment 07-07_00:58
Epoch 0048 [Train seq (cond on sampled tp)] | Loss 1903658.747172 | MAPE 0.033266 | RMSE 88.955755 | Likelihood -1903656.306043 | KL fp 2.4411 | FP STD 0.2688|
Epoch 0048 [Val seq (cond on sampled tp)] |  MAPE 0.032862 | RMSE 86.106161 |
Epoch 0048 [Test seq (cond on sampled tp)] | MAPE 0.074607 | RMSE 284.607662|
0.06959695369005203,0.07458961009979248,0.07963519543409348
238.78475695958903,299.32478702072103,315.713440579428
Experiment 07-07_00:58
Epoch 0049 [Train seq (cond on sampled tp)] | Loss 1909785.345572 | MAPE 0.045547 | RMSE 90.783225 | Likelihood -1909782.381553 | KL fp 2.9640 | FP STD 0.1785|
Epoch 0049 [Val seq (cond on sampled tp)] |  MAPE 0.025975 | RMSE 82.599481 |
Epoch 0049 [Test seq (cond on sampled tp)] | MAPE 0.053547 | RMSE 316.816330|
0.06170543655753136,0.052598562091588974,0.04633801802992821
275.2200965818085,309.68195630759635,365.54693611080916
Experiment 07-07_00:58
Epoch 0050 [Train seq (cond on sampled tp)] | Loss 1863907.466925 | MAPE 0.038367 | RMSE 82.332136 | Likelihood -1863904.718688 | KL fp 2.7482 | FP STD 0.1927|
Epoch 0050 [Val seq (cond on sampled tp)] |  MAPE 0.027635 | RMSE 77.119520 |
Epoch 0050 [Test seq (cond on sampled tp)] | MAPE 0.057198 | RMSE 278.047418|
0.059647463262081146,0.05686395615339279,0.0550818033516407
216.30006645861206,271.12966800960754,346.71251825179314
Experiment 07-07_00:58
Epoch 0051 [Train seq (cond on sampled tp)] | Loss 1850303.245259 | MAPE 0.032362 | RMSE 80.441188 | Likelihood -1850300.927696 | KL fp 2.3176 | FP STD 0.2429|
Epoch 0051 [Val seq (cond on sampled tp)] |  MAPE 0.025051 | RMSE 78.048513 |
Epoch 0051 [Test seq (cond on sampled tp)] | MAPE 0.052884 | RMSE 287.196380|
0.05065580829977989,0.053565748035907745,0.05443064495921135
228.43126701482876,286.5293669504053,346.62850476050005
Experiment 07-07_00:58
Epoch 0052 [Train seq (cond on sampled tp)] | Loss 1846549.157984 | MAPE 0.032123 | RMSE 79.511062 | Likelihood -1846546.544393 | KL fp 2.6136 | FP STD 0.2193|
Epoch 0052 [Val seq (cond on sampled tp)] |  MAPE 0.027929 | RMSE 86.578939 |
Epoch 0052 [Test seq (cond on sampled tp)] | MAPE 0.064125 | RMSE 297.126557|
0.062151115387678146,0.05784636363387108,0.07237633317708969
236.20751106019046,287.8164698423285,367.3556902036499
Experiment 07-07_00:58
Epoch 0053 [Train seq (cond on sampled tp)] | Loss 1864246.310528 | MAPE 0.037477 | RMSE 81.885781 | Likelihood -1864243.696584 | KL fp 2.6139 | FP STD 0.2245|
Epoch 0053 [Val seq (cond on sampled tp)] |  MAPE 0.025301 | RMSE 83.097340 |
Epoch 0053 [Test seq (cond on sampled tp)] | MAPE 0.064549 | RMSE 287.894464|
0.06601159274578094,0.06096135824918747,0.0666745975613594
242.6586063150244,269.7424263301937,351.2823606089551
Experiment 07-07_00:58
Epoch 0054 [Train seq (cond on sampled tp)] | Loss 1850402.156109 | MAPE 0.034403 | RMSE 80.544706 | Likelihood -1850399.256865 | KL fp 2.8992 | FP STD 0.1724|
Epoch 0054 [Val seq (cond on sampled tp)] |  MAPE 0.023492 | RMSE 84.490263 |
Epoch 0054 [Test seq (cond on sampled tp)] | MAPE 0.060559 | RMSE 295.664300|
0.0642019733786583,0.05568290129303932,0.06179303675889969
263.00996594711006,283.17869248056076,340.804241830996
Experiment 07-07_00:58
Epoch 0055 [Train seq (cond on sampled tp)] | Loss 1877359.712641 | MAPE 0.037741 | RMSE 84.214344 | Likelihood -1877357.092286 | KL fp 2.6204 | FP STD 0.2193|
Epoch 0055 [Val seq (cond on sampled tp)] |  MAPE 0.025897 | RMSE 82.823814 |
Epoch 0055 [Test seq (cond on sampled tp)] | MAPE 0.057115 | RMSE 300.164655|
0.05464024469256401,0.05369333550333977,0.06301289051771164
258.03852970535235,272.9434035885462,369.5120304198498
Experiment 07-07_00:58
Epoch 0056 [Train seq (cond on sampled tp)] | Loss 1857210.877127 | MAPE 0.036375 | RMSE 80.136200 | Likelihood -1857208.223007 | KL fp 2.6541 | FP STD 0.2172|
Epoch 0056 [Val seq (cond on sampled tp)] |  MAPE 0.025794 | RMSE 84.924053 |
Epoch 0056 [Test seq (cond on sampled tp)] | MAPE 0.053011 | RMSE 273.915386|
0.0511721633374691,0.04798896610736847,0.05987262725830078
244.41520609149913,246.35974711790885,330.9712034301474
Experiment 07-07_00:58
Epoch 0057 [Train seq (cond on sampled tp)] | Loss 1869108.058810 | MAPE 0.045852 | RMSE 82.627659 | Likelihood -1869105.330017 | KL fp 2.7288 | FP STD 0.1820|
Epoch 0057 [Val seq (cond on sampled tp)] |  MAPE 0.025872 | RMSE 96.101209 |
Epoch 0057 [Test seq (cond on sampled tp)] | MAPE 0.048841 | RMSE 293.056652|
0.058947399258613586,0.05150444060564041,0.03607051447033882
283.46702574990974,317.5889147152337,278.114016637062
Experiment 07-07_00:58
Epoch 0058 [Train seq (cond on sampled tp)] | Loss 1889271.679627 | MAPE 0.043499 | RMSE 87.291183 | Likelihood -1889268.957514 | KL fp 2.7221 | FP STD 0.1906|
Epoch 0058 [Val seq (cond on sampled tp)] |  MAPE 0.027931 | RMSE 90.211909 |
Epoch 0058 [Test seq (cond on sampled tp)] | MAPE 0.048837 | RMSE 240.991980|
0.05303039029240608,0.042995404452085495,0.050484102219343185
211.4446403612539,225.74920404067873,285.78209574779174
Experiment 07-07_00:58
Epoch 0059 [Train seq (cond on sampled tp)] | Loss 1870587.330984 | MAPE 0.042930 | RMSE 82.629110 | Likelihood -1870584.716070 | KL fp 2.6149 | FP STD 0.1957|
Epoch 0059 [Val seq (cond on sampled tp)] |  MAPE 0.021422 | RMSE 80.328789 |
Best Val!
Epoch 0059 [Test seq (cond on sampled tp)] | MAPE 0.048334 | RMSE 262.657404|
0.05587354674935341,0.04789493605494499,0.041234057396650314
224.6154004626575,270.92121490850434,292.43559654221303
Experiment 07-07_00:58
Epoch 0060 [Train seq (cond on sampled tp)] | Loss 1900264.109131 | MAPE 0.049763 | RMSE 90.662128 | Likelihood -1900261.206083 | KL fp 2.9030 | FP STD 0.1749|
Epoch 0060 [Val seq (cond on sampled tp)] |  MAPE 0.022241 | RMSE 75.578333 |
Epoch 0060 [Test seq (cond on sampled tp)] | MAPE 0.045403 | RMSE 262.733319|
0.04874977096915245,0.0465860515832901,0.04087431728839874
218.7964593520654,299.40042950453494,270.00306711220895
0.04874977096915245,0.0465860515832901,0.04087431728839874
218.7964593520654,299.40042950453494,270.00306711220895
Epoch 0060 [Test seq (cond on sampled tp)] | Best Test MAPE 0.045403|Best Test RMSE 262.733319|
Experiment 07-07_00:58
Epoch 0061 [Train seq (cond on sampled tp)] | Loss 1872164.029857 | MAPE 0.047338 | RMSE 84.233438 | Likelihood -1872161.563243 | KL fp 2.4666 | FP STD 0.2278|
Epoch 0061 [Val seq (cond on sampled tp)] |  MAPE 0.024249 | RMSE 91.640554 |
Epoch 0061 [Test seq (cond on sampled tp)] | MAPE 0.044700 | RMSE 315.666793|
0.05280378833413124,0.03952595964074135,0.04176894202828407
290.3355278811052,318.4393339005092,338.225516482716
0.05280378833413124,0.03952595964074135,0.04176894202828407
290.3355278811052,318.4393339005092,338.225516482716
Epoch 0061 [Test seq (cond on sampled tp)] | Best Test MAPE 0.044700|Best Test RMSE 315.666793|
Experiment 07-07_00:58
Epoch 0062 [Train seq (cond on sampled tp)] | Loss 1896647.793740 | MAPE 0.051277 | RMSE 87.544501 | Likelihood -1896645.417152 | KL fp 2.3766 | FP STD 0.2422|
Epoch 0062 [Val seq (cond on sampled tp)] |  MAPE 0.033296 | RMSE 86.225636 |
Epoch 0062 [Test seq (cond on sampled tp)] | MAPE 0.071056 | RMSE 297.094305|
0.07021922618150711,0.07209048420190811,0.07085754722356796
270.55514398639696,314.2555936256346,306.4721770609854
Experiment 07-07_00:58
Epoch 0063 [Train seq (cond on sampled tp)] | Loss 1853891.950072 | MAPE 0.059282 | RMSE 80.946151 | Likelihood -1853889.188997 | KL fp 2.7611 | FP STD 0.2109|
Epoch 0063 [Val seq (cond on sampled tp)] |  MAPE 0.027969 | RMSE 94.654099 |
Epoch 0063 [Test seq (cond on sampled tp)] | MAPE 0.054833 | RMSE 297.931149|
0.061733026057481766,0.05046698451042175,0.052300162613391876
279.1259656275281,280.08890887537837,334.57857120936484
Experiment 07-07_00:58
Epoch 0064 [Train seq (cond on sampled tp)] | Loss 1894939.730172 | MAPE 0.066982 | RMSE 89.970084 | Likelihood -1894936.956612 | KL fp 2.7736 | FP STD 0.1975|
Epoch 0064 [Val seq (cond on sampled tp)] |  MAPE 0.031540 | RMSE 96.012176 |
Epoch 0064 [Test seq (cond on sampled tp)] | MAPE 0.058606 | RMSE 273.055370|
0.05708105117082596,0.054048869758844376,0.06468713283538818
245.64245326032307,259.5257844848947,313.99787270378124
Experiment 07-07_00:58
Epoch 0065 [Train seq (cond on sampled tp)] | Loss 1921927.547491 | MAPE 0.063465 | RMSE 92.413721 | Likelihood -1921925.043989 | KL fp 2.5035 | FP STD 0.1998|
Epoch 0065 [Val seq (cond on sampled tp)] |  MAPE 0.028197 | RMSE 85.979345 |
Epoch 0065 [Test seq (cond on sampled tp)] | MAPE 0.065673 | RMSE 287.511741|
0.0687573105096817,0.062323711812496185,0.06593772768974304
250.79218239410892,313.7648402864795,297.97820023031886
Experiment 07-07_00:58
Epoch 0066 [Train seq (cond on sampled tp)] | Loss 1856124.137085 | MAPE 0.071128 | RMSE 80.954828 | Likelihood -1856121.319198 | KL fp 2.8179 | FP STD 0.1774|
Epoch 0066 [Val seq (cond on sampled tp)] |  MAPE 0.025190 | RMSE 83.023734 |
Epoch 0066 [Test seq (cond on sampled tp)] | MAPE 0.043045 | RMSE 311.885146|
0.04632948711514473,0.041808195412158966,0.04099690169095993
257.59532519535367,309.6790677459489,368.38104423273467
0.04632948711514473,0.041808195412158966,0.04099690169095993
257.59532519535367,309.6790677459489,368.38104423273467
Epoch 0066 [Test seq (cond on sampled tp)] | Best Test MAPE 0.043045|Best Test RMSE 311.885146|
Experiment 07-07_00:58
Epoch 0067 [Train seq (cond on sampled tp)] | Loss 1859410.499008 | MAPE 0.068041 | RMSE 82.819973 | Likelihood -1859407.713442 | KL fp 2.7856 | FP STD 0.1727|
Epoch 0067 [Val seq (cond on sampled tp)] |  MAPE 0.026044 | RMSE 83.394948 |
Epoch 0067 [Test seq (cond on sampled tp)] | MAPE 0.057726 | RMSE 260.618575|
0.057370565831661224,0.054829809814691544,0.06097683683037758
230.46784957451223,246.17217202854184,305.21570241388304
Experiment 07-07_00:58
Epoch 0068 [Train seq (cond on sampled tp)] | Loss 1857685.271274 | MAPE 0.070927 | RMSE 80.608868 | Likelihood -1857682.636263 | KL fp 2.6350 | FP STD 0.1993|
Epoch 0068 [Val seq (cond on sampled tp)] |  MAPE 0.044293 | RMSE 87.369621 |
Epoch 0068 [Test seq (cond on sampled tp)] | MAPE 0.068640 | RMSE 298.629094|
0.06262743473052979,0.06476478278636932,0.07852794975042343
258.90573513829315,272.7507017635335,364.2308462706035
Experiment 07-07_00:58
Epoch 0069 [Train seq (cond on sampled tp)] | Loss 1855616.719698 | MAPE 0.072238 | RMSE 80.426384 | Likelihood -1855613.948157 | KL fp 2.7715 | FP STD 0.1896|
Epoch 0069 [Val seq (cond on sampled tp)] |  MAPE 0.031028 | RMSE 92.095547 |
Epoch 0069 [Test seq (cond on sampled tp)] | MAPE 0.043496 | RMSE 283.346738|
0.04630294814705849,0.04353466257452965,0.0406508669257164
239.58077806608358,280.9513275240037,329.50810877731067
Experiment 07-07_00:58
Epoch 0070 [Train seq (cond on sampled tp)] | Loss 1881857.888110 | MAPE 0.072714 | RMSE 86.325448 | Likelihood -1881855.206305 | KL fp 2.6818 | FP STD 0.2243|
Epoch 0070 [Val seq (cond on sampled tp)] |  MAPE 0.026171 | RMSE 85.557193 |
Epoch 0070 [Test seq (cond on sampled tp)] | MAPE 0.062625 | RMSE 275.125747|
0.060061659663915634,0.06565278768539429,0.062159255146980286
251.95483381203465,268.0400652188027,305.38234231860883
Experiment 07-07_00:58
Epoch 0071 [Train seq (cond on sampled tp)] | Loss 1848339.923253 | MAPE 0.075707 | RMSE 79.362011 | Likelihood -1848337.277652 | KL fp 2.6456 | FP STD 0.2035|
Epoch 0071 [Val seq (cond on sampled tp)] |  MAPE 0.032573 | RMSE 91.656527 |
Epoch 0071 [Test seq (cond on sampled tp)] | MAPE 0.064002 | RMSE 298.135120|
0.06703361123800278,0.0579015277326107,0.06707049161195755
270.9392228895625,293.03756691762237,330.42856877470507
Experiment 07-07_00:58
Epoch 0072 [Train seq (cond on sampled tp)] | Loss 1864737.166277 | MAPE 0.076630 | RMSE 82.740573 | Likelihood -1864734.854934 | KL fp 2.3113 | FP STD 0.2744|
Epoch 0072 [Val seq (cond on sampled tp)] |  MAPE 0.034252 | RMSE 90.774650 |
Epoch 0072 [Test seq (cond on sampled tp)] | MAPE 0.063191 | RMSE 293.269633|
0.0641099214553833,0.062411852180957794,0.06305094808340073
255.86087070173508,293.74587763064864,330.2021516245768
Experiment 07-07_00:58
Epoch 0073 [Train seq (cond on sampled tp)] | Loss 1846912.391639 | MAPE 0.078375 | RMSE 80.854598 | Likelihood -1846909.959812 | KL fp 2.4318 | FP STD 0.2533|
Epoch 0073 [Val seq (cond on sampled tp)] |  MAPE 0.030813 | RMSE 94.257056 |
Epoch 0073 [Test seq (cond on sampled tp)] | MAPE 0.062792 | RMSE 280.124378|
0.06314284354448318,0.05826293304562569,0.06696993857622147
244.48291255474277,268.0319477226549,327.8582725431829
Experiment 07-07_00:58
Epoch 0074 [Train seq (cond on sampled tp)] | Loss 1845492.312771 | MAPE 0.075224 | RMSE 79.819413 | Likelihood -1845489.759539 | KL fp 2.5532 | FP STD 0.2026|
Epoch 0074 [Val seq (cond on sampled tp)] |  MAPE 0.026501 | RMSE 82.746489 |
Epoch 0074 [Test seq (cond on sampled tp)] | MAPE 0.062072 | RMSE 256.447612|
0.06569554656744003,0.057869162410497665,0.06265100836753845
205.07265290318455,273.4288927216727,290.841290483315
Experiment 07-07_00:58
Epoch 0075 [Train seq (cond on sampled tp)] | Loss 1836650.450576 | MAPE 0.077777 | RMSE 78.746042 | Likelihood -1836647.953125 | KL fp 2.4975 | FP STD 0.2221|
Epoch 0075 [Val seq (cond on sampled tp)] |  MAPE 0.029812 | RMSE 91.597151 |
Epoch 0075 [Test seq (cond on sampled tp)] | MAPE 0.059421 | RMSE 281.445864|
0.06157699599862099,0.05584391951560974,0.060841772705316544
250.219692532882,266.3737388520122,327.74415994034126
Experiment 07-07_00:58
Epoch 0076 [Train seq (cond on sampled tp)] | Loss 1840333.379840 | MAPE 0.076056 | RMSE 79.789441 | Likelihood -1840330.661219 | KL fp 2.7186 | FP STD 0.2012|
Epoch 0076 [Val seq (cond on sampled tp)] |  MAPE 0.031300 | RMSE 94.126738 |
Epoch 0076 [Test seq (cond on sampled tp)] | MAPE 0.060065 | RMSE 290.774988|
0.06575040519237518,0.053223975002765656,0.061222027987241745
254.4538038254685,283.5020116771661,334.3691471450379
Experiment 07-07_00:58
Epoch 0077 [Train seq (cond on sampled tp)] | Loss 1840941.469251 | MAPE 0.075158 | RMSE 78.009018 | Likelihood -1840938.631850 | KL fp 2.8374 | FP STD 0.1827|
Epoch 0077 [Val seq (cond on sampled tp)] |  MAPE 0.028202 | RMSE 84.722505 |
Epoch 0077 [Test seq (cond on sampled tp)] | MAPE 0.057020 | RMSE 285.551074|
0.058991000056266785,0.05685357004404068,0.05521496757864952
234.83135571085901,293.274708571162,328.5471570033745
Experiment 07-07_00:58
Epoch 0078 [Train seq (cond on sampled tp)] | Loss 1852644.416884 | MAPE 0.074348 | RMSE 79.819165 | Likelihood -1852641.893202 | KL fp 2.5237 | FP STD 0.2286|
Epoch 0078 [Val seq (cond on sampled tp)] |  MAPE 0.037344 | RMSE 80.849865 |
Epoch 0078 [Test seq (cond on sampled tp)] | MAPE 0.065875 | RMSE 283.758832|
0.060969278216362,0.06237243488430977,0.0742829293012619
232.17404065969563,267.80859827962956,351.2938584717928
Experiment 07-07_00:58
Epoch 0079 [Train seq (cond on sampled tp)] | Loss 1842315.937530 | MAPE 0.075196 | RMSE 78.741391 | Likelihood -1842313.290159 | KL fp 2.6474 | FP STD 0.2017|
Epoch 0079 [Val seq (cond on sampled tp)] |  MAPE 0.028637 | RMSE 88.518961 |
Epoch 0079 [Test seq (cond on sampled tp)] | MAPE 0.062141 | RMSE 309.117638|
0.06688868254423141,0.057423993945121765,0.06211066246032715
263.59241441570356,311.5932595147077,352.16724098785795
Experiment 07-07_00:58
Epoch 0080 [Train seq (cond on sampled tp)] | Loss 1873126.851056 | MAPE 0.076837 | RMSE 85.710911 | Likelihood -1873124.016156 | KL fp 2.8349 | FP STD 0.1634|
Epoch 0080 [Val seq (cond on sampled tp)] |  MAPE 0.030103 | RMSE 94.355079 |
Epoch 0080 [Test seq (cond on sampled tp)] | MAPE 0.058518 | RMSE 311.888528|
0.062418632209300995,0.0572989322245121,0.05583519488573074
279.8616845872261,309.12627628123107,346.6776240255491
Experiment 07-07_00:58
Epoch 0081 [Train seq (cond on sampled tp)] | Loss 1854123.732878 | MAPE 0.074055 | RMSE 81.449488 | Likelihood -1854121.398265 | KL fp 2.3346 | FP STD 0.2206|
Epoch 0081 [Val seq (cond on sampled tp)] |  MAPE 0.030493 | RMSE 88.659678 |
Epoch 0081 [Test seq (cond on sampled tp)] | MAPE 0.056056 | RMSE 281.262599|
0.055461954325437546,0.049316659569740295,0.0633896067738533
230.24714981949288,288.6221713806824,324.918475351895
Experiment 07-07_00:58
Epoch 0082 [Train seq (cond on sampled tp)] | Loss 1855599.087642 | MAPE 0.071665 | RMSE 80.524567 | Likelihood -1855596.513952 | KL fp 2.5737 | FP STD 0.1943|
Epoch 0082 [Val seq (cond on sampled tp)] |  MAPE 0.033088 | RMSE 86.506528 |
Epoch 0082 [Test seq (cond on sampled tp)] | MAPE 0.061806 | RMSE 270.603491|
0.05684560164809227,0.06140989065170288,0.06716218590736389
212.85512605408402,280.44486144784327,318.51048599300464
Experiment 07-07_00:58
Epoch 0083 [Train seq (cond on sampled tp)] | Loss 1845527.557621 | MAPE 0.076758 | RMSE 78.398878 | Likelihood -1845524.771767 | KL fp 2.7859 | FP STD 0.1754|
Epoch 0083 [Val seq (cond on sampled tp)] |  MAPE 0.032870 | RMSE 95.516636 |
Epoch 0083 [Test seq (cond on sampled tp)] | MAPE 0.058073 | RMSE 305.306299|
0.061989735811948776,0.05801462009549141,0.054213181138038635
285.5569667334348,304.2372891757353,326.12464066672425
Experiment 07-07_00:58
Epoch 0084 [Train seq (cond on sampled tp)] | Loss 1897683.843854 | MAPE 0.080823 | RMSE 88.816111 | Likelihood -1897681.283109 | KL fp 2.5607 | FP STD 0.2075|
Epoch 0084 [Val seq (cond on sampled tp)] |  MAPE 0.043393 | RMSE 116.638761 |
Epoch 0084 [Test seq (cond on sampled tp)] | MAPE 0.061907 | RMSE 286.530747|
0.062199611216783524,0.05062032490968704,0.07290153950452805
262.7988180148457,281.6693540305725,315.1240703080296
Experiment 07-07_00:58
Epoch 0085 [Train seq (cond on sampled tp)] | Loss 1892460.710903 | MAPE 0.076143 | RMSE 86.202262 | Likelihood -1892458.028718 | KL fp 2.6822 | FP STD 0.1957|
Epoch 0085 [Val seq (cond on sampled tp)] |  MAPE 0.032526 | RMSE 81.596892 |
Epoch 0085 [Test seq (cond on sampled tp)] | MAPE 0.061974 | RMSE 284.243456|
0.05706768482923508,0.05820378661155701,0.07065127044916153
230.75141352492295,301.15299267980055,320.8259604131187
Experiment 07-07_00:58
Epoch 0086 [Train seq (cond on sampled tp)] | Loss 1879206.348499 | MAPE 0.079274 | RMSE 85.930555 | Likelihood -1879203.532056 | KL fp 2.8164 | FP STD 0.1774|
Epoch 0086 [Val seq (cond on sampled tp)] |  MAPE 0.026666 | RMSE 83.568261 |
Epoch 0086 [Test seq (cond on sampled tp)] | MAPE 0.055271 | RMSE 284.020565|
0.050885699689388275,0.054582614451646805,0.06034431234002113
221.65867975899343,314.18702133442747,316.21599372501703
Experiment 07-07_00:58
Epoch 0087 [Train seq (cond on sampled tp)] | Loss 1850868.551844 | MAPE 0.077121 | RMSE 80.963097 | Likelihood -1850866.162362 | KL fp 2.3895 | FP STD 0.2398|
Epoch 0087 [Val seq (cond on sampled tp)] |  MAPE 0.030056 | RMSE 88.318510 |
Epoch 0087 [Test seq (cond on sampled tp)] | MAPE 0.055002 | RMSE 283.598121|
0.057810112833976746,0.05413612350821495,0.05305853858590126
262.471278190586,287.6119618948419,300.71112331854306
Experiment 07-07_00:58
Epoch 0088 [Train seq (cond on sampled tp)] | Loss 1848364.990010 | MAPE 0.077462 | RMSE 79.665972 | Likelihood -1848362.623404 | KL fp 2.3666 | FP STD 0.2406|
Epoch 0088 [Val seq (cond on sampled tp)] |  MAPE 0.032036 | RMSE 90.602239 |
Epoch 0088 [Test seq (cond on sampled tp)] | MAPE 0.056483 | RMSE 285.727745|
0.056903015822172165,0.05500347167253494,0.05754254385828972
279.8297333871081,262.9650196556569,314.3884813212787
Experiment 07-07_00:58
Epoch 0089 [Train seq (cond on sampled tp)] | Loss 1831224.902516 | MAPE 0.077129 | RMSE 75.883214 | Likelihood -1831222.384459 | KL fp 2.5181 | FP STD 0.2253|
Epoch 0089 [Val seq (cond on sampled tp)] |  MAPE 0.038201 | RMSE 80.805793 |
Epoch 0089 [Test seq (cond on sampled tp)] | MAPE 0.062581 | RMSE 275.293402|
0.06590759754180908,0.05823171138763428,0.06360423564910889
228.18646432249218,290.87222011993515,306.8215202890762
Experiment 07-07_00:58
Epoch 0090 [Train seq (cond on sampled tp)] | Loss 1835628.518832 | MAPE 0.076883 | RMSE 77.941236 | Likelihood -1835625.896769 | KL fp 2.6221 | FP STD 0.1849|
Epoch 0090 [Val seq (cond on sampled tp)] |  MAPE 0.036409 | RMSE 88.764567 |
Epoch 0090 [Test seq (cond on sampled tp)] | MAPE 0.053635 | RMSE 297.263087|
0.05304362252354622,0.05339185148477554,0.05446958914399147
239.81057791775993,317.40381170915384,334.5748701710874
Experiment 07-07_00:58
Epoch 0091 [Train seq (cond on sampled tp)] | Loss 1843400.570125 | MAPE 0.080969 | RMSE 79.146074 | Likelihood -1843398.060413 | KL fp 2.5097 | FP STD 0.2178|
Epoch 0091 [Val seq (cond on sampled tp)] |  MAPE 0.032044 | RMSE 82.994176 |
Epoch 0091 [Test seq (cond on sampled tp)] | MAPE 0.057186 | RMSE 289.349221|
0.05458522215485573,0.054567065089941025,0.06240660697221756
264.09269797743366,268.82703837690883,335.1279256679455
Experiment 07-07_00:58
Epoch 0092 [Train seq (cond on sampled tp)] | Loss 1836402.218921 | MAPE 0.074719 | RMSE 77.526575 | Likelihood -1836399.502484 | KL fp 2.7164 | FP STD 0.1895|
Epoch 0092 [Val seq (cond on sampled tp)] |  MAPE 0.028196 | RMSE 91.846318 |
Epoch 0092 [Test seq (cond on sampled tp)] | MAPE 0.057116 | RMSE 283.161075|
0.05659877136349678,0.053185008466243744,0.061565712094306946
264.75360006995186,253.40893797131545,331.3206882123421
Experiment 07-07_00:58
Epoch 0093 [Train seq (cond on sampled tp)] | Loss 1858257.631874 | MAPE 0.076492 | RMSE 80.502981 | Likelihood -1858255.107345 | KL fp 2.5245 | FP STD 0.1938|
Epoch 0093 [Val seq (cond on sampled tp)] |  MAPE 0.029114 | RMSE 85.686716 |
Epoch 0093 [Test seq (cond on sampled tp)] | MAPE 0.044353 | RMSE 270.854996|
0.04535709694027901,0.04195015877485275,0.0457506887614727
232.9160340256763,258.93038700102386,320.7185657823694
Experiment 07-07_00:58
Epoch 0094 [Train seq (cond on sampled tp)] | Loss 1900832.601614 | MAPE 0.079696 | RMSE 90.016465 | Likelihood -1900829.753086 | KL fp 2.8485 | FP STD 0.1837|
Epoch 0094 [Val seq (cond on sampled tp)] |  MAPE 0.029215 | RMSE 87.904173 |
Epoch 0094 [Test seq (cond on sampled tp)] | MAPE 0.047363 | RMSE 284.070810|
0.04860676825046539,0.042013268917798996,0.05146993696689606
268.6565389814661,261.63179339006183,321.924098197075
Experiment 07-07_00:58
Epoch 0095 [Train seq (cond on sampled tp)] | Loss 1899490.581237 | MAPE 0.078323 | RMSE 88.366399 | Likelihood -1899488.019280 | KL fp 2.5620 | FP STD 0.1888|
Epoch 0095 [Val seq (cond on sampled tp)] |  MAPE 0.027905 | RMSE 83.797418 |
Epoch 0095 [Test seq (cond on sampled tp)] | MAPE 0.054182 | RMSE 319.936438|
0.050169676542282104,0.050831422209739685,0.06154567748308182
287.16313144709227,340.374162228128,332.2720200566096
Experiment 07-07_00:58
Epoch 0096 [Train seq (cond on sampled tp)] | Loss 1877792.280410 | MAPE 0.077695 | RMSE 84.606780 | Likelihood -1877789.860645 | KL fp 2.4198 | FP STD 0.2119|
Epoch 0096 [Val seq (cond on sampled tp)] |  MAPE 0.032552 | RMSE 85.575202 |
Epoch 0096 [Test seq (cond on sampled tp)] | MAPE 0.046772 | RMSE 307.451515|
0.048577919602394104,0.04577193036675453,0.04596538096666336
275.2039584562693,298.01015869849135,349.14042885707175
Experiment 07-07_00:58
Epoch 0097 [Train seq (cond on sampled tp)] | Loss 1859988.182569 | MAPE 0.081461 | RMSE 83.405163 | Likelihood -1859985.541911 | KL fp 2.6407 | FP STD 0.1907|
Epoch 0097 [Val seq (cond on sampled tp)] |  MAPE 0.036737 | RMSE 82.285078 |
Epoch 0097 [Test seq (cond on sampled tp)] | MAPE 0.055598 | RMSE 303.465025|
0.05728481337428093,0.055863745510578156,0.05364420637488365
275.3035256766611,272.7107270075748,362.3808209259977
Experiment 07-07_00:58
Epoch 0098 [Train seq (cond on sampled tp)] | Loss 1855980.493303 | MAPE 0.078755 | RMSE 81.902401 | Likelihood -1855977.920561 | KL fp 2.5727 | FP STD 0.1931|
Epoch 0098 [Val seq (cond on sampled tp)] |  MAPE 0.027353 | RMSE 83.959576 |
Epoch 0098 [Test seq (cond on sampled tp)] | MAPE 0.059737 | RMSE 283.582440|
0.058235786855220795,0.05773922801017761,0.06323613226413727
260.7011129866921,305.47879938712606,284.56740743626983
Experiment 07-07_00:58
Epoch 0099 [Train seq (cond on sampled tp)] | Loss 1852080.165015 | MAPE 0.078380 | RMSE 79.946561 | Likelihood -1852077.584655 | KL fp 2.5804 | FP STD 0.1878|
Epoch 0099 [Val seq (cond on sampled tp)] |  MAPE 0.036148 | RMSE 79.729508 |
Epoch 0099 [Test seq (cond on sampled tp)] | MAPE 0.071763 | RMSE 281.417325|
0.06470590084791183,0.06455142050981522,0.08603160828351974
248.92249829264128,281.61194765581234,313.717528200131
Experiment 07-07_00:58
Epoch 0100 [Train seq (cond on sampled tp)] | Loss 1825914.624660 | MAPE 0.081658 | RMSE 75.078645 | Likelihood -1825912.034837 | KL fp 2.5898 | FP STD 0.1921|
Epoch 0100 [Val seq (cond on sampled tp)] |  MAPE 0.036345 | RMSE 95.485918 |
Epoch 0100 [Test seq (cond on sampled tp)] | MAPE 0.071557 | RMSE 288.218261|
0.06956560909748077,0.06136349216103554,0.08374284207820892
223.19801851439004,312.83184880219596,328.624916793447
