/data2/yuanjingyang/CG-ODE/run_models_covid.py
run_models_covid.py --encoder Cheb --rec-layers 0
Namespace(save='experiments/', load=None, dataset='Dec', datapath='data/', pred_length=14, condition_length=21, features='Confirmed,Deaths,Recovered,Mortality_Rate,Testing_Rate,Population,Mobility', split_interval=3, feature_out='Deaths', niters=100, lr=0.005, batch_size=8, random_seed=1991, dropout=0.2, l2=1e-05, optimizer='AdamW', clip=10, edge_lamda=0.5, z0_encoder='GTrans', rec_dims=64, ode_dims=20, rec_layers=0, gen_layers=1, encoder='Cheb', graf_layer=1, cheb_K=2, heavyBall=False, actv_h=None, gamma_guess=-3.0, gamma_act='sigmoid', corr=-100, corrf=True, sign=1, augment_dim=0, solver='rk4', rtol=0.01, atol=0.01, alias='run', output_dim=1, feature_out_index=[1], num_atoms=50)
run
Experiment 07-15_22:15
Epoch 0001 [Train seq (cond on sampled tp)] | Loss 4396957.248737 | MAPE 0.064090 | RMSE 286.491540 | Likelihood -4396955.998954 | KL fp 1.2498 | FP STD 0.6672 | ->nfe   52.00 | <-nfe   52.00
Epoch 0001 [Val seq (cond on sampled tp)] |  MAPE 0.058491 | RMSE 305.142154 |
Best Val!
Epoch 0001 [Test seq (cond on sampled tp)] | MAPE 0.121750 | RMSE 905.069041|
0.13460849225521088,0.1267230063676834,0.10391925275325775
849.6595641785009,936.7402921834846,928.8072660676164
0.13460849225521088,0.1267230063676834,0.10391925275325775
849.6595641785009,936.7402921834846,928.8072660676164
Epoch 0001 [Test seq (cond on sampled tp)] | Best Test MAPE 0.121750|Best Test RMSE 905.069041|
Experiment 07-15_22:15
Epoch 0002 [Train seq (cond on sampled tp)] | Loss 4177118.522801 | MAPE 0.094224 | RMSE 275.459193 | Likelihood -4177115.919840 | KL fp 2.6030 | FP STD 1.3817 | ->nfe   52.00 | <-nfe   52.00
Epoch 0002 [Val seq (cond on sampled tp)] |  MAPE 0.068430 | RMSE 278.044693 |
Epoch 0002 [Test seq (cond on sampled tp)] | MAPE 0.112491 | RMSE 860.005652|
0.12192332744598389,0.11514440178871155,0.1004062369465828
803.0317552874233,891.1489423771988,885.8362574426495
0.12192332744598389,0.11514440178871155,0.1004062369465828
803.0317552874233,891.1489423771988,885.8362574426495
Epoch 0002 [Test seq (cond on sampled tp)] | Best Test MAPE 0.112491|Best Test RMSE 860.005652|
Experiment 07-15_22:15
Epoch 0003 [Train seq (cond on sampled tp)] | Loss 3789805.834032 | MAPE 0.196992 | RMSE 254.422577 | Likelihood -3789800.940837 | KL fp 4.8932 | FP STD 1.5146 | ->nfe   52.00 | <-nfe   52.00
Epoch 0003 [Val seq (cond on sampled tp)] |  MAPE 0.034569 | RMSE 233.962312 |
Best Val!
Epoch 0003 [Test seq (cond on sampled tp)] | MAPE 0.082679 | RMSE 770.662709|
0.09244430065155029,0.08627289533615112,0.06932030618190765
710.631827143986,802.157364548877,799.1989348716626
0.09244430065155029,0.08627289533615112,0.06932030618190765
710.631827143986,802.157364548877,799.1989348716626
Epoch 0003 [Test seq (cond on sampled tp)] | Best Test MAPE 0.082679|Best Test RMSE 770.662709|
Experiment 07-15_22:15
Epoch 0004 [Train seq (cond on sampled tp)] | Loss 3328280.252246 | MAPE 0.070483 | RMSE 226.602773 | Likelihood -3328275.623289 | KL fp 4.6290 | FP STD 1.0869 | ->nfe   52.00 | <-nfe   52.00
Epoch 0004 [Val seq (cond on sampled tp)] |  MAPE 0.041667 | RMSE 191.678065 |
Epoch 0004 [Test seq (cond on sampled tp)] | MAPE 0.085944 | RMSE 681.261060|
0.09307704865932465,0.08897753804922104,0.07577619701623917
614.314760525905,715.3792263548055,714.0891926083184
Experiment 07-15_22:15
Epoch 0005 [Train seq (cond on sampled tp)] | Loss 3033079.785015 | MAPE 0.067005 | RMSE 205.856397 | Likelihood -3033074.414613 | KL fp 5.3704 | FP STD 0.9746 | ->nfe   52.00 | <-nfe   52.00
Epoch 0005 [Val seq (cond on sampled tp)] |  MAPE 0.046352 | RMSE 173.790452 |
Epoch 0005 [Test seq (cond on sampled tp)] | MAPE 0.088807 | RMSE 618.589492|
0.10536662489175797,0.08666196465492249,0.07439123094081879
553.5601819134032,653.6320639319953,648.5762291357894
Experiment 07-15_22:15
Epoch 0006 [Train seq (cond on sampled tp)] | Loss 2859769.035086 | MAPE 0.069415 | RMSE 191.451005 | Likelihood -2859763.429214 | KL fp 5.6059 | FP STD 0.6556 | ->nfe   52.00 | <-nfe   52.00
Epoch 0006 [Val seq (cond on sampled tp)] |  MAPE 0.037322 | RMSE 163.202358 |
Epoch 0006 [Test seq (cond on sampled tp)] | MAPE 0.070004 | RMSE 575.831946|
0.07713857293128967,0.07382088154554367,0.059051912277936935
497.7619913171354,616.5044353044024,613.229412618149
0.07713857293128967,0.07382088154554367,0.059051912277936935
497.7619913171354,616.5044353044024,613.229412618149
Epoch 0006 [Test seq (cond on sampled tp)] | Best Test MAPE 0.070004|Best Test RMSE 575.831946|
Experiment 07-15_22:15
Epoch 0007 [Train seq (cond on sampled tp)] | Loss 2755011.321221 | MAPE 0.058675 | RMSE 183.758421 | Likelihood -2755006.378277 | KL fp 4.9429 | FP STD 0.4142 | ->nfe   52.00 | <-nfe   52.00
Epoch 0007 [Val seq (cond on sampled tp)] |  MAPE 0.050832 | RMSE 184.944111 |
Epoch 0007 [Test seq (cond on sampled tp)] | MAPE 0.080481 | RMSE 586.352382|
0.0865178108215332,0.0842706635594368,0.07065537571907043
503.7986483953684,626.8417862587019,628.4167108694676
Experiment 07-15_22:15
Epoch 0008 [Train seq (cond on sampled tp)] | Loss 2620623.603817 | MAPE 0.113591 | RMSE 171.710008 | Likelihood -2620619.035230 | KL fp 4.5686 | FP STD 0.2634 | ->nfe   52.00 | <-nfe   52.00
Epoch 0008 [Val seq (cond on sampled tp)] |  MAPE 0.060859 | RMSE 158.570038 |
Epoch 0008 [Test seq (cond on sampled tp)] | MAPE 0.085909 | RMSE 527.912960|
0.09350144118070602,0.08651761710643768,0.0777069702744484
461.3839067143543,556.2387920219157,566.1161817595396
Experiment 07-15_22:15
Epoch 0009 [Train seq (cond on sampled tp)] | Loss 2698389.313654 | MAPE 0.200984 | RMSE 178.152388 | Likelihood -2698385.369229 | KL fp 3.9444 | FP STD 0.2198 | ->nfe   52.00 | <-nfe   52.00
Epoch 0009 [Val seq (cond on sampled tp)] |  MAPE 0.078867 | RMSE 252.623964 |
Epoch 0009 [Test seq (cond on sampled tp)] | MAPE 0.123026 | RMSE 689.345321|
0.13654622435569763,0.12900350987911224,0.10352762043476105
616.560900276688,705.3762072468846,746.0988540401332
Experiment 07-15_22:15
Epoch 0010 [Train seq (cond on sampled tp)] | Loss 2644024.945104 | MAPE 0.112061 | RMSE 175.474262 | Likelihood -2644020.900146 | KL fp 4.0450 | FP STD 0.4144 | ->nfe   52.00 | <-nfe   52.00
Epoch 0010 [Val seq (cond on sampled tp)] |  MAPE 0.044555 | RMSE 212.854190 |
Epoch 0010 [Test seq (cond on sampled tp)] | MAPE 0.094276 | RMSE 634.954223|
0.10592465847730637,0.09572797268629074,0.08117639273405075
621.3968136384351,645.6449053078635,637.8209486211628
Experiment 07-15_22:15
Epoch 0011 [Train seq (cond on sampled tp)] | Loss 2835874.545635 | MAPE 0.054578 | RMSE 188.235538 | Likelihood -2835868.432923 | KL fp 6.1127 | FP STD 0.6743 | ->nfe   52.00 | <-nfe   52.00
Epoch 0011 [Val seq (cond on sampled tp)] |  MAPE 0.047806 | RMSE 229.443927 |
Epoch 0011 [Test seq (cond on sampled tp)] | MAPE 0.088854 | RMSE 755.757872|
0.09958872944116592,0.08781842887401581,0.07915358245372772
693.0037427748857,785.5547402950351,788.7151339362014
Experiment 07-15_22:15
Epoch 0012 [Train seq (cond on sampled tp)] | Loss 3162487.179056 | MAPE 0.083293 | RMSE 214.171160 | Likelihood -3162477.930889 | KL fp 9.2482 | FP STD 0.7536 | ->nfe   52.00 | <-nfe   52.00
Epoch 0012 [Val seq (cond on sampled tp)] |  MAPE 0.061404 | RMSE 227.733826 |
Epoch 0012 [Test seq (cond on sampled tp)] | MAPE 0.100611 | RMSE 728.560178|
0.1073867604136467,0.1035599410533905,0.09088543057441711
654.61322072656,757.0980781906661,773.9692338846552
Experiment 07-15_22:15
Epoch 0013 [Train seq (cond on sampled tp)] | Loss 3188181.028015 | MAPE 0.212542 | RMSE 217.228303 | Likelihood -3188161.289067 | KL fp 19.7389 | FP STD 1.0394 | ->nfe   52.00 | <-nfe   52.00
Epoch 0013 [Val seq (cond on sampled tp)] |  MAPE 0.109446 | RMSE 245.286487 |
Epoch 0013 [Test seq (cond on sampled tp)] | MAPE 0.147462 | RMSE 771.118614|
0.16140414774417877,0.14352145791053772,0.13745944201946259
735.1320884711809,795.6173310706599,782.6064224755634
Experiment 07-15_22:15
Epoch 0014 [Train seq (cond on sampled tp)] | Loss 3554654.816475 | MAPE 0.509075 | RMSE 239.381851 | Likelihood -3554629.466425 | KL fp 25.3501 | FP STD 1.1547 | ->nfe   52.00 | <-nfe   52.00
Epoch 0014 [Val seq (cond on sampled tp)] |  MAPE 0.144359 | RMSE 215.338124 |
Epoch 0014 [Test seq (cond on sampled tp)] | MAPE 0.170310 | RMSE 726.032179|
0.18702460825443268,0.16541825234889984,0.15848657488822937
660.3678898916876,758.8982556970335,758.830391128347
Experiment 07-15_22:15
Epoch 0015 [Train seq (cond on sampled tp)] | Loss 3521224.678028 | MAPE 0.599576 | RMSE 236.999254 | Likelihood -3521198.113729 | KL fp 26.5643 | FP STD 1.1693 | ->nfe   52.00 | <-nfe   52.00
Epoch 0015 [Val seq (cond on sampled tp)] |  MAPE 0.120639 | RMSE 224.119397 |
Epoch 0015 [Test seq (cond on sampled tp)] | MAPE 0.151589 | RMSE 750.190317|
0.16767920553684235,0.14887186884880066,0.13821499049663544
683.6092862520228,786.57366152192,780.3880044567574
Experiment 07-15_22:15
Epoch 0016 [Train seq (cond on sampled tp)] | Loss 3477915.042769 | MAPE 0.498684 | RMSE 235.055017 | Likelihood -3477889.189230 | KL fp 25.8535 | FP STD 1.1165 | ->nfe   52.00 | <-nfe   52.00
Epoch 0016 [Val seq (cond on sampled tp)] |  MAPE 0.108251 | RMSE 222.106578 |
Epoch 0016 [Test seq (cond on sampled tp)] | MAPE 0.139127 | RMSE 751.272335|
0.15269994735717773,0.13724946975708008,0.12743183970451355
686.7395112049401,783.8936471231285,783.1838465520085
Experiment 07-15_22:15
Epoch 0017 [Train seq (cond on sampled tp)] | Loss 3435383.598499 | MAPE 0.466274 | RMSE 232.541102 | Likelihood -3435361.547177 | KL fp 22.0513 | FP STD 0.9308 | ->nfe   52.00 | <-nfe   52.00
Epoch 0017 [Val seq (cond on sampled tp)] |  MAPE 0.118000 | RMSE 212.561673 |
Epoch 0017 [Test seq (cond on sampled tp)] | MAPE 0.142176 | RMSE 724.779188|
0.15260496735572815,0.14070932567119598,0.13321331143379211
657.239682307756,758.0766781797208,759.0212035905189
Experiment 07-15_22:15
Epoch 0018 [Train seq (cond on sampled tp)] | Loss 3362495.124383 | MAPE 0.520003 | RMSE 227.394637 | Likelihood -3362474.956380 | KL fp 20.1680 | FP STD 0.8043 | ->nfe   52.00 | <-nfe   52.00
Epoch 0018 [Val seq (cond on sampled tp)] |  MAPE 0.104456 | RMSE 212.952047 |
Epoch 0018 [Test seq (cond on sampled tp)] | MAPE 0.131767 | RMSE 724.345272|
0.1443365216255188,0.13137555122375488,0.11958978325128555
657.4237836053697,757.9101612328469,757.7018707908804
Experiment 07-15_22:15
Epoch 0019 [Train seq (cond on sampled tp)] | Loss 3190547.007476 | MAPE 0.414937 | RMSE 216.946022 | Likelihood -3190534.884008 | KL fp 12.1235 | FP STD 0.6949 | ->nfe   52.00 | <-nfe   52.00
Epoch 0019 [Val seq (cond on sampled tp)] |  MAPE 0.089302 | RMSE 192.743991 |
Epoch 0019 [Test seq (cond on sampled tp)] | MAPE 0.113390 | RMSE 678.586216|
0.12057794630527496,0.1154792532324791,0.10411421209573746
606.9963704586709,714.9216303204149,713.8406466081908
Experiment 07-15_22:15
Epoch 0020 [Train seq (cond on sampled tp)] | Loss 2952291.104873 | MAPE 0.209588 | RMSE 199.801187 | Likelihood -2952281.786274 | KL fp 9.3186 | FP STD 0.7155 | ->nfe   52.00 | <-nfe   52.00
Epoch 0020 [Val seq (cond on sampled tp)] |  MAPE 0.032503 | RMSE 182.910903 |
Best Val!
Epoch 0020 [Test seq (cond on sampled tp)] | MAPE 0.071475 | RMSE 644.027676|
0.07639849185943604,0.07910997420549393,0.05891619250178337
576.7483745100631,674.1170382433602,681.2176139090944
Experiment 07-15_22:15
Epoch 0021 [Train seq (cond on sampled tp)] | Loss 2692775.079290 | MAPE 0.101198 | RMSE 179.563830 | Likelihood -2692768.307463 | KL fp 6.7718 | FP STD 0.6606 | ->nfe   52.00 | <-nfe   52.00
Epoch 0021 [Val seq (cond on sampled tp)] |  MAPE 0.034850 | RMSE 187.581160 |
Epoch 0021 [Test seq (cond on sampled tp)] | MAPE 0.071402 | RMSE 602.379895|
0.07983294129371643,0.07505514472723007,0.059316881000995636
533.5777239540646,642.055999310029,631.5059629568037
Experiment 07-15_22:15
Epoch 0022 [Train seq (cond on sampled tp)] | Loss 2462105.418679 | MAPE 0.103489 | RMSE 158.694882 | Likelihood -2462099.960981 | KL fp 5.4577 | FP STD 0.5970 | ->nfe   52.00 | <-nfe   52.00
Epoch 0022 [Val seq (cond on sampled tp)] |  MAPE 0.049471 | RMSE 129.592556 |
Epoch 0022 [Test seq (cond on sampled tp)] | MAPE 0.054543 | RMSE 483.378748|
0.05719849467277527,0.05542103201150894,0.05100824683904648
406.6419455430047,522.6773323475967,520.8169664095055
0.05719849467277527,0.05542103201150894,0.05100824683904648
406.6419455430047,522.6773323475967,520.8169664095055
Epoch 0022 [Test seq (cond on sampled tp)] | Best Test MAPE 0.054543|Best Test RMSE 483.378748|
Experiment 07-15_22:15
Epoch 0023 [Train seq (cond on sampled tp)] | Loss 2475983.859285 | MAPE 0.213402 | RMSE 157.407414 | Likelihood -2475977.710424 | KL fp 6.1489 | FP STD 0.4899 | ->nfe   52.00 | <-nfe   52.00
Epoch 0023 [Val seq (cond on sampled tp)] |  MAPE 0.050601 | RMSE 177.945864 |
Epoch 0023 [Test seq (cond on sampled tp)] | MAPE 0.072043 | RMSE 576.209904|
0.07809090614318848,0.07344621419906616,0.06459090113639832
529.1296214067022,613.4679341660817,586.0321556877234
Experiment 07-15_22:15
Epoch 0024 [Train seq (cond on sampled tp)] | Loss 2281277.775151 | MAPE 0.179907 | RMSE 139.369092 | Likelihood -2281273.535094 | KL fp 4.2401 | FP STD 0.3599 | ->nfe   52.00 | <-nfe   52.00
Epoch 0024 [Val seq (cond on sampled tp)] |  MAPE 0.058406 | RMSE 135.442302 |
Epoch 0024 [Test seq (cond on sampled tp)] | MAPE 0.069090 | RMSE 410.503073|
0.08299893885850906,0.06611332297325134,0.05815889686346054
350.6429808223744,437.7587627620948,443.1074749708021
Experiment 07-15_22:15
Epoch 0025 [Train seq (cond on sampled tp)] | Loss 2527218.619843 | MAPE 0.204616 | RMSE 158.192741 | Likelihood -2527212.122772 | KL fp 6.4971 | FP STD 0.2936 | ->nfe   52.00 | <-nfe   52.00
Epoch 0025 [Val seq (cond on sampled tp)] |  MAPE 0.054871 | RMSE 123.864574 |
Epoch 0025 [Test seq (cond on sampled tp)] | MAPE 0.062050 | RMSE 472.292918|
0.06227078661322594,0.06448376923799515,0.059394966810941696
388.7005595570966,515.1830985193517,512.9950962241257
Experiment 07-15_22:15
Epoch 0026 [Train seq (cond on sampled tp)] | Loss 2211342.421652 | MAPE 0.147576 | RMSE 133.091240 | Likelihood -2211338.239563 | KL fp 4.1821 | FP STD 0.2450 | ->nfe   52.00 | <-nfe   52.00
Epoch 0026 [Val seq (cond on sampled tp)] |  MAPE 0.028956 | RMSE 111.621146 |
Best Val!
Epoch 0026 [Test seq (cond on sampled tp)] | MAPE 0.056575 | RMSE 395.672188|
0.061814505606889725,0.06216521933674812,0.045744623988866806
304.1041274177317,437.18683434545466,445.7256022487378
Experiment 07-15_22:15
Epoch 0027 [Train seq (cond on sampled tp)] | Loss 2290552.721432 | MAPE 0.086396 | RMSE 136.922665 | Likelihood -2290547.381812 | KL fp 5.3396 | FP STD 0.2596 | ->nfe   52.00 | <-nfe   52.00
Epoch 0027 [Val seq (cond on sampled tp)] |  MAPE 0.050973 | RMSE 153.660785 |
Epoch 0027 [Test seq (cond on sampled tp)] | MAPE 0.067203 | RMSE 509.507496|
0.07163922488689423,0.07029552012681961,0.059673652052879333
475.96676288896475,526.2389547534466,526.3167712984264
Experiment 07-15_22:15
Epoch 0028 [Train seq (cond on sampled tp)] | Loss 2255020.422343 | MAPE 0.105179 | RMSE 137.052640 | Likelihood -2255016.535316 | KL fp 3.8870 | FP STD 0.2475 | ->nfe   52.00 | <-nfe   52.00
Epoch 0028 [Val seq (cond on sampled tp)] |  MAPE 0.027576 | RMSE 114.240225 |
Best Val!
Epoch 0028 [Test seq (cond on sampled tp)] | MAPE 0.052443 | RMSE 418.362554|
0.058810338377952576,0.05439956486225128,0.044120464473962784
357.53109567560693,449.06835852128347,448.4882070634634
0.058810338377952576,0.05439956486225128,0.044120464473962784
357.53109567560693,449.06835852128347,448.4882070634634
Epoch 0028 [Test seq (cond on sampled tp)] | Best Test MAPE 0.052443|Best Test RMSE 418.362554|
Experiment 07-15_22:15
Epoch 0029 [Train seq (cond on sampled tp)] | Loss 2312407.757743 | MAPE 0.088346 | RMSE 139.400888 | Likelihood -2312402.800149 | KL fp 4.9576 | FP STD 0.2659 | ->nfe   52.00 | <-nfe   52.00
Epoch 0029 [Val seq (cond on sampled tp)] |  MAPE 0.034717 | RMSE 121.595497 |
Epoch 0029 [Test seq (cond on sampled tp)] | MAPE 0.062334 | RMSE 433.305140|
0.0649336501955986,0.06591472029685974,0.05615491792559624
350.7410124472187,451.4827827558876,497.6916245276788
Experiment 07-15_22:15
Epoch 0030 [Train seq (cond on sampled tp)] | Loss 2174873.607232 | MAPE 0.090967 | RMSE 127.965279 | Likelihood -2174869.655467 | KL fp 3.9518 | FP STD 0.2290 | ->nfe   52.00 | <-nfe   52.00
Epoch 0030 [Val seq (cond on sampled tp)] |  MAPE 0.037419 | RMSE 126.328766 |
Epoch 0030 [Test seq (cond on sampled tp)] | MAPE 0.052258 | RMSE 460.971370|
0.05341604724526405,0.054605573415756226,0.04875357076525688
395.0840693763797,489.8062754804189,498.02376637566203
0.05341604724526405,0.054605573415756226,0.04875357076525688
395.0840693763797,489.8062754804189,498.02376637566203
Epoch 0030 [Test seq (cond on sampled tp)] | Best Test MAPE 0.052258|Best Test RMSE 460.971370|
Experiment 07-15_22:15
Epoch 0031 [Train seq (cond on sampled tp)] | Loss 2180932.665066 | MAPE 0.125668 | RMSE 129.881116 | Likelihood -2180928.186925 | KL fp 4.4781 | FP STD 0.2006 | ->nfe   52.00 | <-nfe   52.00
Epoch 0031 [Val seq (cond on sampled tp)] |  MAPE 0.036623 | RMSE 137.706869 |
Epoch 0031 [Test seq (cond on sampled tp)] | MAPE 0.055481 | RMSE 471.416357|
0.055822115391492844,0.05932735279202461,0.05129221826791763
416.3537220621427,497.639741680666,500.2556065402966
Experiment 07-15_22:15
Epoch 0032 [Train seq (cond on sampled tp)] | Loss 2150532.762895 | MAPE 0.099754 | RMSE 126.623209 | Likelihood -2150528.883903 | KL fp 3.8790 | FP STD 0.2096 | ->nfe   52.00 | <-nfe   52.00
Epoch 0032 [Val seq (cond on sampled tp)] |  MAPE 0.042915 | RMSE 101.939569 |
Epoch 0032 [Test seq (cond on sampled tp)] | MAPE 0.048016 | RMSE 388.083709|
0.045406896620988846,0.05130194127559662,0.04733799025416374
309.44446189906193,404.6497134868626,450.15695179570423
0.045406896620988846,0.05130194127559662,0.04733799025416374
309.44446189906193,404.6497134868626,450.15695179570423
Epoch 0032 [Test seq (cond on sampled tp)] | Best Test MAPE 0.048016|Best Test RMSE 388.083709|
Experiment 07-15_22:15
Epoch 0033 [Train seq (cond on sampled tp)] | Loss 2223946.417628 | MAPE 0.141679 | RMSE 131.258786 | Likelihood -2223942.139321 | KL fp 4.2783 | FP STD 0.2602 | ->nfe   52.00 | <-nfe   52.00
Epoch 0033 [Val seq (cond on sampled tp)] |  MAPE 0.043845 | RMSE 173.476077 |
Epoch 0033 [Test seq (cond on sampled tp)] | MAPE 0.065059 | RMSE 551.000224|
0.06652709096670151,0.0691184476017952,0.05953162536025047
499.4304568706238,581.735120136304,571.8350942360918
Experiment 07-15_22:15
Epoch 0034 [Train seq (cond on sampled tp)] | Loss 2076914.669576 | MAPE 0.127978 | RMSE 113.989179 | Likelihood -2076910.653462 | KL fp 4.0161 | FP STD 0.2748 | ->nfe   52.00 | <-nfe   52.00
Epoch 0034 [Val seq (cond on sampled tp)] |  MAPE 0.050031 | RMSE 116.066959 |
Epoch 0034 [Test seq (cond on sampled tp)] | MAPE 0.057938 | RMSE 408.420825|
0.05346733331680298,0.06376522034406662,0.05658287554979324
345.1600738244503,432.09010562034393,448.01229405564305
Experiment 07-15_22:15
Epoch 0035 [Train seq (cond on sampled tp)] | Loss 2150102.305924 | MAPE 0.170604 | RMSE 123.121227 | Likelihood -2150097.808090 | KL fp 4.4978 | FP STD 0.1955 | ->nfe   52.00 | <-nfe   52.00
Epoch 0035 [Val seq (cond on sampled tp)] |  MAPE 0.036666 | RMSE 131.768922 |
Epoch 0035 [Test seq (cond on sampled tp)] | MAPE 0.061318 | RMSE 451.763044|
0.06705193966627121,0.06544743478298187,0.05145333334803581
412.30235795469326,479.61846815984893,463.3683065337982
Experiment 07-15_22:15
Epoch 0036 [Train seq (cond on sampled tp)] | Loss 2106692.870678 | MAPE 0.082298 | RMSE 118.220412 | Likelihood -2106688.607772 | KL fp 4.2629 | FP STD 0.1858 | ->nfe   52.00 | <-nfe   52.00
Epoch 0036 [Val seq (cond on sampled tp)] |  MAPE 0.039639 | RMSE 129.965568 |
Epoch 0036 [Test seq (cond on sampled tp)] | MAPE 0.064113 | RMSE 430.472376|
0.07041879743337631,0.06583752483129501,0.05608314275741577
371.96416998146475,461.23238448747287,458.2205732504816
Experiment 07-15_22:15
Epoch 0037 [Train seq (cond on sampled tp)] | Loss 2102815.757296 | MAPE 0.116699 | RMSE 119.103013 | Likelihood -2102812.101618 | KL fp 3.6557 | FP STD 0.2012 | ->nfe   52.00 | <-nfe   52.00
Epoch 0037 [Val seq (cond on sampled tp)] |  MAPE 0.045590 | RMSE 113.369883 |
Epoch 0037 [Test seq (cond on sampled tp)] | MAPE 0.053969 | RMSE 402.372439|
0.055763281881809235,0.056671544909477234,0.04947248473763466
333.9750879556737,422.3708752388119,450.7713527942964
Experiment 07-15_22:15
Epoch 0038 [Train seq (cond on sampled tp)] | Loss 2088543.480302 | MAPE 0.156561 | RMSE 116.981505 | Likelihood -2088539.401176 | KL fp 4.0791 | FP STD 0.2163 | ->nfe   52.00 | <-nfe   52.00
Epoch 0038 [Val seq (cond on sampled tp)] |  MAPE 0.041504 | RMSE 107.051417 |
Epoch 0038 [Test seq (cond on sampled tp)] | MAPE 0.052355 | RMSE 362.527814|
0.0566093809902668,0.054063066840171814,0.04639113321900368
295.6686146473785,388.42156544146724,403.4932620255263
Experiment 07-15_22:15
Epoch 0039 [Train seq (cond on sampled tp)] | Loss 2167607.964323 | MAPE 0.151356 | RMSE 127.528945 | Likelihood -2167603.610773 | KL fp 4.3536 | FP STD 0.2008 | ->nfe   52.00 | <-nfe   52.00
Epoch 0039 [Val seq (cond on sampled tp)] |  MAPE 0.043397 | RMSE 163.642999 |
Epoch 0039 [Test seq (cond on sampled tp)] | MAPE 0.071337 | RMSE 516.671211|
0.0815618708729744,0.07369020581245422,0.05875825881958008
488.37538392613527,540.303213482948,521.3350350302577
Experiment 07-15_22:15
Epoch 0040 [Train seq (cond on sampled tp)] | Loss 2073199.864045 | MAPE 0.103133 | RMSE 115.222528 | Likelihood -2073196.251642 | KL fp 3.6124 | FP STD 0.1896 | ->nfe   52.00 | <-nfe   52.00
Epoch 0040 [Val seq (cond on sampled tp)] |  MAPE 0.048573 | RMSE 112.257234 |
Epoch 0040 [Test seq (cond on sampled tp)] | MAPE 0.054652 | RMSE 332.011655|
0.05743533372879028,0.0565638430416584,0.049958255141973495
249.04672942542328,325.62284068381933,421.3653959154691
Experiment 07-15_22:15
Epoch 0041 [Train seq (cond on sampled tp)] | Loss 2290557.680231 | MAPE 0.139146 | RMSE 133.604109 | Likelihood -2290552.900013 | KL fp 4.7802 | FP STD 0.1944 | ->nfe   52.00 | <-nfe   52.00
Epoch 0041 [Val seq (cond on sampled tp)] |  MAPE 0.031344 | RMSE 197.709027 |
Epoch 0041 [Test seq (cond on sampled tp)] | MAPE 0.068323 | RMSE 582.370271|
0.0762719064950943,0.07058437168598175,0.05811256170272827
605.3428780451621,549.270994136774,592.496940920373
Experiment 07-15_22:15
Epoch 0042 [Train seq (cond on sampled tp)] | Loss 2313130.533166 | MAPE 0.066741 | RMSE 139.660104 | Likelihood -2313127.379161 | KL fp 3.1540 | FP STD 0.2012 | ->nfe   52.00 | <-nfe   52.00
Epoch 0042 [Val seq (cond on sampled tp)] |  MAPE 0.039832 | RMSE 163.576882 |
Epoch 0042 [Test seq (cond on sampled tp)] | MAPE 0.077257 | RMSE 556.179682|
0.08375328034162521,0.0805901288986206,0.0674271211028099
587.9732668242664,553.1241949146684,527.4415844432443
Experiment 07-15_22:15
Epoch 0043 [Train seq (cond on sampled tp)] | Loss 2266530.640182 | MAPE 0.083479 | RMSE 134.371774 | Likelihood -2266526.578153 | KL fp 4.0620 | FP STD 0.2257 | ->nfe   52.00 | <-nfe   52.00
Epoch 0043 [Val seq (cond on sampled tp)] |  MAPE 0.034618 | RMSE 182.413882 |
Epoch 0043 [Test seq (cond on sampled tp)] | MAPE 0.073973 | RMSE 583.915636|
0.0871182307600975,0.07509808987379074,0.059702713042497635
606.1323339420196,600.0830671665382,545.5315068811333
Experiment 07-15_22:15
Epoch 0044 [Train seq (cond on sampled tp)] | Loss 2144054.811100 | MAPE 0.064382 | RMSE 123.364922 | Likelihood -2144051.685050 | KL fp 3.1261 | FP STD 0.2308 | ->nfe   52.00 | <-nfe   52.00
Epoch 0044 [Val seq (cond on sampled tp)] |  MAPE 0.027072 | RMSE 156.679073 |
Best Val!
Epoch 0044 [Test seq (cond on sampled tp)] | MAPE 0.061648 | RMSE 572.458610|
0.06843899935483932,0.06574984639883041,0.050753701478242874
591.5443242057183,562.1793808474303,563.6521256502099
Experiment 07-15_22:15
Epoch 0045 [Train seq (cond on sampled tp)] | Loss 2087004.099086 | MAPE 0.058971 | RMSE 114.685819 | Likelihood -2087000.361638 | KL fp 3.7374 | FP STD 0.2096 | ->nfe   52.00 | <-nfe   52.00
Epoch 0045 [Val seq (cond on sampled tp)] |  MAPE 0.034084 | RMSE 195.058565 |
Epoch 0045 [Test seq (cond on sampled tp)] | MAPE 0.079025 | RMSE 615.047837|
0.0877135768532753,0.08142072707414627,0.06794121861457825
625.4945543328096,609.0667553725125,610.5822016731245
Experiment 07-15_22:15
Epoch 0046 [Train seq (cond on sampled tp)] | Loss 2165325.691988 | MAPE 0.049064 | RMSE 124.589784 | Likelihood -2165322.188576 | KL fp 3.5034 | FP STD 0.2003 | ->nfe   52.00 | <-nfe   52.00
Epoch 0046 [Val seq (cond on sampled tp)] |  MAPE 0.029202 | RMSE 135.180030 |
Epoch 0046 [Test seq (cond on sampled tp)] | MAPE 0.067960 | RMSE 529.467448|
0.07557188719511032,0.07009924203157425,0.05820978060364723
532.2150352536088,525.4481420654183,530.7391661635685
Experiment 07-15_22:15
Epoch 0047 [Train seq (cond on sampled tp)] | Loss 2068078.826780 | MAPE 0.059029 | RMSE 114.871958 | Likelihood -2068075.003656 | KL fp 3.8231 | FP STD 0.1721 | ->nfe   52.00 | <-nfe   52.00
Epoch 0047 [Val seq (cond on sampled tp)] |  MAPE 0.028159 | RMSE 157.273020 |
Epoch 0047 [Test seq (cond on sampled tp)] | MAPE 0.061448 | RMSE 513.988299|
0.07064120471477509,0.06323294341564178,0.05046899616718292
493.98541856010286,519.5365121913954,528.4429664117027
Experiment 07-15_22:15
Epoch 0048 [Train seq (cond on sampled tp)] | Loss 2078002.374061 | MAPE 0.062913 | RMSE 114.009838 | Likelihood -2077998.713380 | KL fp 3.6607 | FP STD 0.1938 | ->nfe   52.00 | <-nfe   52.00
Epoch 0048 [Val seq (cond on sampled tp)] |  MAPE 0.032638 | RMSE 194.807246 |
Epoch 0048 [Test seq (cond on sampled tp)] | MAPE 0.071391 | RMSE 555.559458|
0.07725904881954193,0.07515423744916916,0.06176116690039635
538.0825912441323,547.6931166264553,580.9026650395056
Experiment 07-15_22:15
Epoch 0049 [Train seq (cond on sampled tp)] | Loss 2110769.125029 | MAPE 0.066693 | RMSE 116.894502 | Likelihood -2110765.633886 | KL fp 3.4911 | FP STD 0.1943 | ->nfe   52.00 | <-nfe   52.00
Epoch 0049 [Val seq (cond on sampled tp)] |  MAPE 0.033703 | RMSE 163.145976 |
Epoch 0049 [Test seq (cond on sampled tp)] | MAPE 0.060171 | RMSE 517.454855|
0.0634654089808464,0.06369233131408691,0.053354766219854355
451.76883261796627,535.3806181120119,565.2151139168167
Experiment 07-15_22:15
Epoch 0050 [Train seq (cond on sampled tp)] | Loss 2059693.114411 | MAPE 0.083549 | RMSE 112.145765 | Likelihood -2059689.466480 | KL fp 3.6479 | FP STD 0.1948 | ->nfe   52.00 | <-nfe   52.00
Epoch 0050 [Val seq (cond on sampled tp)] |  MAPE 0.034677 | RMSE 154.592326 |
Epoch 0050 [Test seq (cond on sampled tp)] | MAPE 0.076590 | RMSE 529.771535|
0.08882999420166016,0.07746792584657669,0.06347155570983887
579.1218567797282,520.4781455546429,489.71460119645195
Experiment 07-15_22:15
Epoch 0051 [Train seq (cond on sampled tp)] | Loss 2180046.652027 | MAPE 0.060756 | RMSE 124.136265 | Likelihood -2180043.186771 | KL fp 3.4653 | FP STD 0.2185 | ->nfe   52.00 | <-nfe   52.00
Epoch 0051 [Val seq (cond on sampled tp)] |  MAPE 0.036054 | RMSE 158.176110 |
Epoch 0051 [Test seq (cond on sampled tp)] | MAPE 0.069711 | RMSE 550.438749|
0.07276098430156708,0.07315900921821594,0.06321317702531815
532.4848589396697,558.9978477149979,559.8335411084263
Experiment 07-15_22:15
Epoch 0052 [Train seq (cond on sampled tp)] | Loss 2175657.770532 | MAPE 0.113198 | RMSE 125.799199 | Likelihood -2175654.096095 | KL fp 3.6744 | FP STD 0.1860 | ->nfe   52.00 | <-nfe   52.00
Epoch 0052 [Val seq (cond on sampled tp)] |  MAPE 0.034378 | RMSE 166.270904 |
Epoch 0052 [Test seq (cond on sampled tp)] | MAPE 0.060389 | RMSE 553.731624|
0.06562027335166931,0.05989664047956467,0.055649030953645706
552.6951861107531,535.5164563297752,572.9832294666223
Experiment 07-15_22:15
Epoch 0053 [Train seq (cond on sampled tp)] | Loss 2093211.117367 | MAPE 0.095915 | RMSE 118.274500 | Likelihood -2093207.360010 | KL fp 3.7574 | FP STD 0.1698 | ->nfe   52.00 | <-nfe   52.00
Epoch 0053 [Val seq (cond on sampled tp)] |  MAPE 0.034324 | RMSE 115.597716 |
Epoch 0053 [Test seq (cond on sampled tp)] | MAPE 0.060922 | RMSE 416.577015|
0.06564433872699738,0.06294172257184982,0.054178494960069656
349.4549997853801,421.31726095069973,478.95878280390684
Experiment 07-15_22:15
Epoch 0054 [Train seq (cond on sampled tp)] | Loss 2133782.393100 | MAPE 0.066469 | RMSE 120.305084 | Likelihood -2133778.515815 | KL fp 3.8773 | FP STD 0.1789 | ->nfe   52.00 | <-nfe   52.00
Epoch 0054 [Val seq (cond on sampled tp)] |  MAPE 0.041382 | RMSE 176.816836 |
Epoch 0054 [Test seq (cond on sampled tp)] | MAPE 0.092718 | RMSE 573.785180|
0.10310456901788712,0.09786758571863174,0.07718271762132645
527.4387108944508,592.6978836220018,601.218944104392
Experiment 07-15_22:15
Epoch 0055 [Train seq (cond on sampled tp)] | Loss 2096803.030040 | MAPE 0.077027 | RMSE 117.420246 | Likelihood -2096799.331433 | KL fp 3.6986 | FP STD 0.1698 | ->nfe   52.00 | <-nfe   52.00
Epoch 0055 [Val seq (cond on sampled tp)] |  MAPE 0.035583 | RMSE 123.112864 |
Epoch 0055 [Test seq (cond on sampled tp)] | MAPE 0.052680 | RMSE 465.529182|
0.059104759246110916,0.05356230214238167,0.045372892171144485
387.94963832306894,486.5928900271766,522.0450172159485
Experiment 07-15_22:15
Epoch 0056 [Train seq (cond on sampled tp)] | Loss 2114706.538824 | MAPE 0.131412 | RMSE 120.796805 | Likelihood -2114702.325987 | KL fp 4.2128 | FP STD 0.1547 | ->nfe   52.00 | <-nfe   52.00
Epoch 0056 [Val seq (cond on sampled tp)] |  MAPE 0.026232 | RMSE 144.398524 |
Best Val!
Epoch 0056 [Test seq (cond on sampled tp)] | MAPE 0.064149 | RMSE 514.897574|
0.0765598937869072,0.06706652790307999,0.04881930351257324
510.7632003923149,517.8910358366903,516.0384857256288
Experiment 07-15_22:15
Epoch 0057 [Train seq (cond on sampled tp)] | Loss 2218994.045866 | MAPE 0.055051 | RMSE 130.214134 | Likelihood -2218990.720114 | KL fp 3.3258 | FP STD 0.1739 | ->nfe   52.00 | <-nfe   52.00
Epoch 0057 [Val seq (cond on sampled tp)] |  MAPE 0.030238 | RMSE 160.444883 |
Epoch 0057 [Test seq (cond on sampled tp)] | MAPE 0.070738 | RMSE 560.574849|
0.07994409650564194,0.07582024484872818,0.056450556963682175
578.8267497706028,544.0768557841806,558.8209406867284
Experiment 07-15_22:15
Epoch 0058 [Train seq (cond on sampled tp)] | Loss 2154720.531954 | MAPE 0.052547 | RMSE 123.081312 | Likelihood -2154716.842721 | KL fp 3.6892 | FP STD 0.2225 | ->nfe   52.00 | <-nfe   52.00
Epoch 0058 [Val seq (cond on sampled tp)] |  MAPE 0.028469 | RMSE 151.770360 |
Epoch 0058 [Test seq (cond on sampled tp)] | MAPE 0.071767 | RMSE 537.892451|
0.07611864805221558,0.07842215150594711,0.060760825872421265
520.2061190047652,562.8001976723178,530.6710374610622
Experiment 07-15_22:15
Epoch 0059 [Train seq (cond on sampled tp)] | Loss 2080837.873455 | MAPE 0.052177 | RMSE 116.272859 | Likelihood -2080834.230091 | KL fp 3.6434 | FP STD 0.2209 | ->nfe   52.00 | <-nfe   52.00
Epoch 0059 [Val seq (cond on sampled tp)] |  MAPE 0.026247 | RMSE 123.375934 |
Epoch 0059 [Test seq (cond on sampled tp)] | MAPE 0.058994 | RMSE 460.763170|
0.06825172156095505,0.06448810547590256,0.04424154758453369
440.3328464071242,472.9735722003926,468.9830920459713
Experiment 07-15_22:15
Epoch 0060 [Train seq (cond on sampled tp)] | Loss 1984894.400526 | MAPE 0.058710 | RMSE 101.665468 | Likelihood -1984890.813981 | KL fp 3.5865 | FP STD 0.2374 | ->nfe   52.00 | <-nfe   52.00
Epoch 0060 [Val seq (cond on sampled tp)] |  MAPE 0.028963 | RMSE 139.842832 |
Epoch 0060 [Test seq (cond on sampled tp)] | MAPE 0.070229 | RMSE 452.819998|
0.07733003050088882,0.07202660292387009,0.06133021041750908
437.54747956650374,441.74349174605845,479.1690235449282
Experiment 07-15_22:15
Epoch 0061 [Train seq (cond on sampled tp)] | Loss 2084685.628451 | MAPE 0.064051 | RMSE 112.807294 | Likelihood -2084681.309765 | KL fp 4.3187 | FP STD 0.2116 | ->nfe   52.00 | <-nfe   52.00
Epoch 0061 [Val seq (cond on sampled tp)] |  MAPE 0.029758 | RMSE 141.276491 |
Epoch 0061 [Test seq (cond on sampled tp)] | MAPE 0.067599 | RMSE 528.583886|
0.07555872946977615,0.06983164697885513,0.05740627646446228
498.87352793568834,543.0082009049219,543.8699293029538
Experiment 07-15_22:15
Epoch 0062 [Train seq (cond on sampled tp)] | Loss 2026560.927150 | MAPE 0.073313 | RMSE 108.248018 | Likelihood -2026556.877564 | KL fp 4.0496 | FP STD 0.1818 | ->nfe   52.00 | <-nfe   52.00
Epoch 0062 [Val seq (cond on sampled tp)] |  MAPE 0.029375 | RMSE 132.649267 |
Epoch 0062 [Test seq (cond on sampled tp)] | MAPE 0.070564 | RMSE 522.864237|
0.08055174350738525,0.07586528360843658,0.0552755631506443
541.9790413383159,534.4242521162377,492.1894166629348
Experiment 07-15_22:15
Epoch 0063 [Train seq (cond on sampled tp)] | Loss 2114453.046626 | MAPE 0.055524 | RMSE 117.592497 | Likelihood -2114449.217504 | KL fp 3.8291 | FP STD 0.1802 | ->nfe   52.00 | <-nfe   52.00
Epoch 0063 [Val seq (cond on sampled tp)] |  MAPE 0.036144 | RMSE 178.078431 |
Epoch 0063 [Test seq (cond on sampled tp)] | MAPE 0.073399 | RMSE 593.061987|
0.0810035914182663,0.07707945257425308,0.06211438030004501
595.9220796379338,584.3128442880577,598.9510361874333
Experiment 07-15_22:15
Epoch 0064 [Train seq (cond on sampled tp)] | Loss 2139293.732983 | MAPE 0.066564 | RMSE 122.237096 | Likelihood -2139290.158216 | KL fp 3.5748 | FP STD 0.1890 | ->nfe   52.00 | <-nfe   52.00
Epoch 0064 [Val seq (cond on sampled tp)] |  MAPE 0.033664 | RMSE 138.676874 |
Epoch 0064 [Test seq (cond on sampled tp)] | MAPE 0.067449 | RMSE 533.202144|
0.08112726360559464,0.06918981671333313,0.05202960968017578
550.6286464124438,538.5635698318259,510.41421598051124
Experiment 07-15_22:15
Epoch 0065 [Train seq (cond on sampled tp)] | Loss 2142660.934595 | MAPE 0.049514 | RMSE 123.789789 | Likelihood -2142657.446582 | KL fp 3.4880 | FP STD 0.1792 | ->nfe   52.00 | <-nfe   52.00
Epoch 0065 [Val seq (cond on sampled tp)] |  MAPE 0.026551 | RMSE 141.560030 |
Epoch 0065 [Test seq (cond on sampled tp)] | MAPE 0.066557 | RMSE 537.565571|
0.07612041383981705,0.07036340981721878,0.05318630486726761
541.0632761054848,541.0164911996676,530.6169463464204
Experiment 07-15_22:15
Epoch 0066 [Train seq (cond on sampled tp)] | Loss 2041496.238217 | MAPE 0.065683 | RMSE 109.659766 | Likelihood -2041492.281169 | KL fp 3.9570 | FP STD 0.1973 | ->nfe   52.00 | <-nfe   52.00
Epoch 0066 [Val seq (cond on sampled tp)] |  MAPE 0.029490 | RMSE 134.472225 |
Epoch 0066 [Test seq (cond on sampled tp)] | MAPE 0.064278 | RMSE 512.348944|
0.06917542219161987,0.06880492717027664,0.05485299974679947
514.1858856483714,541.6460444792336,481.2149013174883
Experiment 07-15_22:15
Epoch 0067 [Train seq (cond on sampled tp)] | Loss 2066228.734918 | MAPE 0.089544 | RMSE 111.918042 | Likelihood -2066224.882650 | KL fp 3.8523 | FP STD 0.2239 | ->nfe   52.00 | <-nfe   52.00
Epoch 0067 [Val seq (cond on sampled tp)] |  MAPE 0.029500 | RMSE 148.681044 |
Epoch 0067 [Test seq (cond on sampled tp)] | MAPE 0.068380 | RMSE 475.502990|
0.07581312209367752,0.0746893659234047,0.054636817425489426
480.77587033876813,502.8729182159246,442.86018180120914
Experiment 07-15_22:15
Epoch 0068 [Train seq (cond on sampled tp)] | Loss 1972245.676395 | MAPE 0.064847 | RMSE 97.853689 | Likelihood -1972241.829033 | KL fp 3.8474 | FP STD 0.2102 | ->nfe   52.00 | <-nfe   52.00
Epoch 0068 [Val seq (cond on sampled tp)] |  MAPE 0.035323 | RMSE 128.994148 |
Epoch 0068 [Test seq (cond on sampled tp)] | MAPE 0.062229 | RMSE 446.898854|
0.07181137800216675,0.06162090227007866,0.05325501412153244
449.4114727896919,441.33274719875476,449.9523412262681
Experiment 07-15_22:15
Epoch 0069 [Train seq (cond on sampled tp)] | Loss 2016119.395179 | MAPE 0.080260 | RMSE 106.933841 | Likelihood -2016115.262549 | KL fp 4.1326 | FP STD 0.1947 | ->nfe   52.00 | <-nfe   52.00
Epoch 0069 [Val seq (cond on sampled tp)] |  MAPE 0.049676 | RMSE 163.022675 |
Epoch 0069 [Test seq (cond on sampled tp)] | MAPE 0.071788 | RMSE 540.765442|
0.07848183810710907,0.07757071405649185,0.05931227654218674
558.827399560902,542.7589531735059,520.7099720573824
Experiment 07-15_22:15
Epoch 0070 [Train seq (cond on sampled tp)] | Loss 2055963.274977 | MAPE 0.054302 | RMSE 110.335120 | Likelihood -2055959.448918 | KL fp 3.8261 | FP STD 0.1812 | ->nfe   52.00 | <-nfe   52.00
Epoch 0070 [Val seq (cond on sampled tp)] |  MAPE 0.029636 | RMSE 129.907742 |
Epoch 0070 [Test seq (cond on sampled tp)] | MAPE 0.066444 | RMSE 505.853083|
0.0772533193230629,0.06619900465011597,0.05588040128350258
525.4603636336427,515.0996869538944,476.9991974573961
Experiment 07-15_22:15
Epoch 0071 [Train seq (cond on sampled tp)] | Loss 2054496.100514 | MAPE 0.044492 | RMSE 108.474173 | Likelihood -2054492.214456 | KL fp 3.8861 | FP STD 0.2257 | ->nfe   52.00 | <-nfe   52.00
Epoch 0071 [Val seq (cond on sampled tp)] |  MAPE 0.028080 | RMSE 140.084810 |
Epoch 0071 [Test seq (cond on sampled tp)] | MAPE 0.075300 | RMSE 537.840406|
0.07917635142803192,0.08365515619516373,0.06306856125593185
550.6867587385773,541.8385368354673,520.995921289217
Experiment 07-15_22:15
Epoch 0072 [Train seq (cond on sampled tp)] | Loss 2146519.485015 | MAPE 0.063554 | RMSE 122.491865 | Likelihood -2146516.179364 | KL fp 3.3057 | FP STD 0.2466 | ->nfe   52.00 | <-nfe   52.00
Epoch 0072 [Val seq (cond on sampled tp)] |  MAPE 0.030645 | RMSE 162.085626 |
Epoch 0072 [Test seq (cond on sampled tp)] | MAPE 0.068967 | RMSE 549.139511|
0.07528098672628403,0.07482384890317917,0.056795634329319
546.7793202014868,539.0854524099125,561.5537596704344
Experiment 07-15_22:15
Epoch 0073 [Train seq (cond on sampled tp)] | Loss 2171636.926553 | MAPE 0.067260 | RMSE 127.510327 | Likelihood -2171633.632429 | KL fp 3.2941 | FP STD 0.2126 | ->nfe   52.00 | <-nfe   52.00
Epoch 0073 [Val seq (cond on sampled tp)] |  MAPE 0.027360 | RMSE 124.401136 |
Epoch 0073 [Test seq (cond on sampled tp)] | MAPE 0.066714 | RMSE 507.320791|
0.07686640322208405,0.07120101898908615,0.05207398161292076
525.3487234685167,522.3399276333373,474.2737210725469
Experiment 07-15_22:15
Epoch 0074 [Train seq (cond on sampled tp)] | Loss 2188551.092414 | MAPE 0.056194 | RMSE 129.657379 | Likelihood -2188547.989506 | KL fp 3.1029 | FP STD 0.2792 | ->nfe   52.00 | <-nfe   52.00
Epoch 0074 [Val seq (cond on sampled tp)] |  MAPE 0.028283 | RMSE 133.390609 |
Epoch 0074 [Test seq (cond on sampled tp)] | MAPE 0.066992 | RMSE 520.871045|
0.07190422713756561,0.07337497174739838,0.05569787696003914
519.0139388783311,507.08833365105136,536.5108631239445
Experiment 07-15_22:15
Epoch 0075 [Train seq (cond on sampled tp)] | Loss 2147775.058913 | MAPE 0.055673 | RMSE 125.353106 | Likelihood -2147771.920637 | KL fp 3.1383 | FP STD 0.2823 | ->nfe   52.00 | <-nfe   52.00
Epoch 0075 [Val seq (cond on sampled tp)] |  MAPE 0.028459 | RMSE 132.075691 |
Epoch 0075 [Test seq (cond on sampled tp)] | MAPE 0.065661 | RMSE 512.351414|
0.07218370586633682,0.07203211635351181,0.05276624485850334
530.1902370847656,511.73630599655525,495.1276981749254
Experiment 07-15_22:15
Epoch 0076 [Train seq (cond on sampled tp)] | Loss 2147160.600615 | MAPE 0.098293 | RMSE 124.058118 | Likelihood -2147157.133192 | KL fp 3.4674 | FP STD 0.2139 | ->nfe   52.00 | <-nfe   52.00
Epoch 0076 [Val seq (cond on sampled tp)] |  MAPE 0.029261 | RMSE 130.112204 |
Epoch 0076 [Test seq (cond on sampled tp)] | MAPE 0.067829 | RMSE 527.518478|
0.07285688072443008,0.06967636197805405,0.060954008251428604
518.559452955975,504.7904887178442,559.205491076402
Experiment 07-15_22:15
Epoch 0077 [Train seq (cond on sampled tp)] | Loss 2261398.128934 | MAPE 0.067134 | RMSE 137.692498 | Likelihood -2261394.622161 | KL fp 3.5068 | FP STD 0.1743 | ->nfe   52.00 | <-nfe   52.00
Epoch 0077 [Val seq (cond on sampled tp)] |  MAPE 0.029822 | RMSE 161.951183 |
Epoch 0077 [Test seq (cond on sampled tp)] | MAPE 0.074591 | RMSE 532.502022|
0.0861542671918869,0.075433649122715,0.06218655779957771
494.7300400218285,517.6927781029981,585.0832472819573
Experiment 07-15_22:15
Epoch 0078 [Train seq (cond on sampled tp)] | Loss 2408404.074655 | MAPE 0.070489 | RMSE 151.001487 | Likelihood -2408400.912040 | KL fp 3.1626 | FP STD 0.2566 | ->nfe   52.00 | <-nfe   52.00
Epoch 0078 [Val seq (cond on sampled tp)] |  MAPE 0.040310 | RMSE 160.855489 |
Epoch 0078 [Test seq (cond on sampled tp)] | MAPE 0.082359 | RMSE 523.363325|
0.0910339504480362,0.08596056699752808,0.07008340954780579
498.82613767223546,544.3251555825801,526.938682391035
Experiment 07-15_22:15
Epoch 0079 [Train seq (cond on sampled tp)] | Loss 2342356.219557 | MAPE 0.069312 | RMSE 144.147095 | Likelihood -2342353.288725 | KL fp 2.9308 | FP STD 0.2679 | ->nfe   52.00 | <-nfe   52.00
Epoch 0079 [Val seq (cond on sampled tp)] |  MAPE 0.055234 | RMSE 141.912158 |
Epoch 0079 [Test seq (cond on sampled tp)] | MAPE 0.073993 | RMSE 521.720247|
0.07877155393362045,0.07910220324993134,0.06410389393568039
488.43061815369435,541.8514268228885,534.8786953599854
Experiment 07-15_22:15
Epoch 0080 [Train seq (cond on sampled tp)] | Loss 2382706.037711 | MAPE 0.096560 | RMSE 147.344292 | Likelihood -2382702.609670 | KL fp 3.4280 | FP STD 0.2138 | ->nfe   52.00 | <-nfe   52.00
Epoch 0080 [Val seq (cond on sampled tp)] |  MAPE 0.044921 | RMSE 202.968478 |
Epoch 0080 [Test seq (cond on sampled tp)] | MAPE 0.082536 | RMSE 557.055595|
0.08660085499286652,0.08255553245544434,0.07845086604356766
504.25255638915706,589.9269287377887,576.9872994702743
Experiment 07-15_22:15
Epoch 0081 [Train seq (cond on sampled tp)] | Loss 2605093.140405 | MAPE 0.106886 | RMSE 167.535433 | Likelihood -2605090.132265 | KL fp 3.0081 | FP STD 0.2170 | ->nfe   52.00 | <-nfe   52.00
Epoch 0081 [Val seq (cond on sampled tp)] |  MAPE 0.074032 | RMSE 186.783799 |
Epoch 0081 [Test seq (cond on sampled tp)] | MAPE 0.087039 | RMSE 550.849788|
0.07102963328361511,0.0919557586312294,0.09813067317008972
487.63913078730667,576.467637860097,588.4425949062492
Experiment 07-15_22:15
Epoch 0082 [Train seq (cond on sampled tp)] | Loss 2707058.928429 | MAPE 0.078510 | RMSE 178.086963 | Likelihood -2707055.975837 | KL fp 2.9526 | FP STD 0.2110 | ->nfe   52.00 | <-nfe   52.00
Epoch 0082 [Val seq (cond on sampled tp)] |  MAPE 0.050074 | RMSE 171.903532 |
Epoch 0082 [Test seq (cond on sampled tp)] | MAPE 0.074506 | RMSE 619.827512|
0.08427722752094269,0.07417719811201096,0.06506359577178955
556.5290311385381,656.062163594274,646.8913403733274
Experiment 07-15_22:15
Epoch 0083 [Train seq (cond on sampled tp)] | Loss 2628222.992768 | MAPE 0.097535 | RMSE 173.736021 | Likelihood -2628219.862740 | KL fp 3.1300 | FP STD 0.1899 | ->nfe   52.00 | <-nfe   52.00
Epoch 0083 [Val seq (cond on sampled tp)] |  MAPE 0.052516 | RMSE 172.135297 |
Epoch 0083 [Test seq (cond on sampled tp)] | MAPE 0.073539 | RMSE 616.117823|
0.07591267675161362,0.0738508552312851,0.07085265964269638
556.5518562991233,647.4137490816827,644.3878635961419
Experiment 07-15_22:15
Epoch 0084 [Train seq (cond on sampled tp)] | Loss 2601166.530671 | MAPE 0.049562 | RMSE 171.408420 | Likelihood -2601163.711282 | KL fp 2.8194 | FP STD 0.2460 | ->nfe   52.00 | <-nfe   52.00
Epoch 0084 [Val seq (cond on sampled tp)] |  MAPE 0.045205 | RMSE 179.269138 |
Epoch 0084 [Test seq (cond on sampled tp)] | MAPE 0.081343 | RMSE 594.594574|
0.0870395228266716,0.08511457592248917,0.07187522202730179
537.8799529170054,617.7727130587754,628.1310571847248
Experiment 07-15_22:15
Epoch 0085 [Train seq (cond on sampled tp)] | Loss 2651242.622308 | MAPE 0.082433 | RMSE 173.990021 | Likelihood -2651239.825325 | KL fp 2.7970 | FP STD 0.2767 | ->nfe   52.00 | <-nfe   52.00
Epoch 0085 [Val seq (cond on sampled tp)] |  MAPE 0.052826 | RMSE 198.355889 |
Epoch 0085 [Test seq (cond on sampled tp)] | MAPE 0.083213 | RMSE 601.061802|
0.09154068678617477,0.08535437285900116,0.07274357229471207
549.3288518729014,624.5535905749001,629.30296261022
Experiment 07-15_22:15
Epoch 0086 [Train seq (cond on sampled tp)] | Loss 2783442.760027 | MAPE 0.095926 | RMSE 183.888812 | Likelihood -2783439.876182 | KL fp 2.8838 | FP STD 0.2116 | ->nfe   52.00 | <-nfe   52.00
Epoch 0086 [Val seq (cond on sampled tp)] |  MAPE 0.048066 | RMSE 170.541990 |
Epoch 0086 [Test seq (cond on sampled tp)] | MAPE 0.066871 | RMSE 606.512013|
0.06426355242729187,0.06802671402692795,0.06832335144281387
546.9815181978272,630.7013457255343,641.8531763573349
Experiment 07-15_22:15
Epoch 0087 [Train seq (cond on sampled tp)] | Loss 2807319.113290 | MAPE 0.180613 | RMSE 187.612512 | Likelihood -2807315.756940 | KL fp 3.3564 | FP STD 0.1961 | ->nfe   52.00 | <-nfe   52.00
Epoch 0087 [Val seq (cond on sampled tp)] |  MAPE 0.028520 | RMSE 159.977373 |
Epoch 0087 [Test seq (cond on sampled tp)] | MAPE 0.068486 | RMSE 636.849400|
0.07359796017408371,0.07148395478725433,0.060376498848199844
566.9833826930028,654.9128043106197,688.6520120859301
Experiment 07-15_22:15
Epoch 0088 [Train seq (cond on sampled tp)] | Loss 2731616.115040 | MAPE 0.082401 | RMSE 182.801178 | Likelihood -2731613.323673 | KL fp 2.7914 | FP STD 0.1841 | ->nfe   52.00 | <-nfe   52.00
Epoch 0088 [Val seq (cond on sampled tp)] |  MAPE 0.043836 | RMSE 168.637781 |
Epoch 0088 [Test seq (cond on sampled tp)] | MAPE 0.087498 | RMSE 619.790714|
0.09498440474271774,0.08808661252260208,0.07942210137844086
560.8660156400992,636.5975229687907,661.908603962813
Experiment 07-15_22:15
Epoch 0089 [Train seq (cond on sampled tp)] | Loss 2592921.151898 | MAPE 0.103292 | RMSE 169.856034 | Likelihood -2592918.553397 | KL fp 2.5985 | FP STD 0.3714 | ->nfe   52.00 | <-nfe   52.00
Epoch 0089 [Val seq (cond on sampled tp)] |  MAPE 0.040158 | RMSE 149.067826 |
Epoch 0089 [Test seq (cond on sampled tp)] | MAPE 0.073151 | RMSE 553.517942|
0.07512541115283966,0.0776105746626854,0.06671835482120514
506.04285885683635,563.0858338210969,591.4251326245783
Experiment 07-15_22:15
Epoch 0090 [Train seq (cond on sampled tp)] | Loss 2613687.482499 | MAPE 0.159653 | RMSE 170.315999 | Likelihood -2613684.922351 | KL fp 2.5601 | FP STD 0.4099 | ->nfe   52.00 | <-nfe   52.00
Epoch 0090 [Val seq (cond on sampled tp)] |  MAPE 0.039504 | RMSE 156.138466 |
Epoch 0090 [Test seq (cond on sampled tp)] | MAPE 0.073206 | RMSE 569.092470|
0.07501993328332901,0.07866425067186356,0.06593460589647293
511.5084310155601,601.3728564709252,594.3961221273235
Experiment 07-15_22:15
Epoch 0091 [Train seq (cond on sampled tp)] | Loss 2565205.159174 | MAPE 0.111935 | RMSE 166.592054 | Likelihood -2565202.611190 | KL fp 2.5480 | FP STD 0.3202 | ->nfe   52.00 | <-nfe   52.00
Epoch 0091 [Val seq (cond on sampled tp)] |  MAPE 0.041654 | RMSE 192.879729 |
Epoch 0091 [Test seq (cond on sampled tp)] | MAPE 0.077192 | RMSE 587.455356|
0.0803469717502594,0.08197295665740967,0.06925491243600845
532.6994931478722,611.302579538153,618.3639957581619
Experiment 07-15_22:15
Epoch 0092 [Train seq (cond on sampled tp)] | Loss 2573844.772962 | MAPE 0.145629 | RMSE 168.386315 | Likelihood -2573842.313620 | KL fp 2.4593 | FP STD 0.3438 | ->nfe   52.00 | <-nfe   52.00
Epoch 0092 [Val seq (cond on sampled tp)] |  MAPE 0.039868 | RMSE 166.148265 |
Epoch 0092 [Test seq (cond on sampled tp)] | MAPE 0.074670 | RMSE 597.115365|
0.07666680216789246,0.08084117621183395,0.06650237739086151
525.687199054723,612.9151909114344,652.7437044889824
Experiment 07-15_22:15
Epoch 0093 [Train seq (cond on sampled tp)] | Loss 2544425.152616 | MAPE 0.079133 | RMSE 166.423645 | Likelihood -2544422.582147 | KL fp 2.5705 | FP STD 0.2860 | ->nfe   52.00 | <-nfe   52.00
Epoch 0093 [Val seq (cond on sampled tp)] |  MAPE 0.030358 | RMSE 154.985445 |
Epoch 0093 [Test seq (cond on sampled tp)] | MAPE 0.074251 | RMSE 576.417596|
0.07582349330186844,0.08063679188489914,0.06629198789596558
516.1072744594868,619.3505166704877,593.7949982948661
Experiment 07-15_22:15
Epoch 0094 [Train seq (cond on sampled tp)] | Loss 2501113.523178 | MAPE 0.081407 | RMSE 161.859693 | Likelihood -2501110.949658 | KL fp 2.5735 | FP STD 0.2974 | ->nfe   52.00 | <-nfe   52.00
Epoch 0094 [Val seq (cond on sampled tp)] |  MAPE 0.037089 | RMSE 187.031101 |
Epoch 0094 [Test seq (cond on sampled tp)] | MAPE 0.069259 | RMSE 541.403032|
0.07387026399374008,0.06949765980243683,0.06440882384777069
490.5129649153017,565.8069458746508,567.8891837321785
Experiment 07-15_22:15
Epoch 0095 [Train seq (cond on sampled tp)] | Loss 3355418.354599 | MAPE 0.134088 | RMSE 220.366627 | Likelihood -3355414.968896 | KL fp 3.3857 | FP STD 0.2779 | ->nfe   52.00 | <-nfe   52.00
Epoch 0095 [Val seq (cond on sampled tp)] |  MAPE 0.127758 | RMSE 278.502693 |
Epoch 0095 [Test seq (cond on sampled tp)] | MAPE 0.097125 | RMSE 592.098707|
0.11460544168949127,0.09616903960704803,0.08060073852539062
545.335590485345,619.6141944791129,611.346336989108
Experiment 07-15_22:15
Epoch 0096 [Train seq (cond on sampled tp)] | Loss 3329478.822853 | MAPE 0.136633 | RMSE 221.567116 | Likelihood -3329475.324734 | KL fp 3.4981 | FP STD 0.2088 | ->nfe   52.00 | <-nfe   52.00
Epoch 0096 [Val seq (cond on sampled tp)] |  MAPE 0.067476 | RMSE 201.530724 |
Epoch 0096 [Test seq (cond on sampled tp)] | MAPE 0.100333 | RMSE 711.818498|
0.10387863963842392,0.10423140227794647,0.09288761019706726
645.6934741036183,745.6717608975144,744.0902583020422
Experiment 07-15_22:15
Epoch 0097 [Train seq (cond on sampled tp)] | Loss 3314723.756474 | MAPE 0.132965 | RMSE 225.109292 | Likelihood -3314721.271774 | KL fp 2.4847 | FP STD 0.2595 | ->nfe   52.00 | <-nfe   52.00
Epoch 0097 [Val seq (cond on sampled tp)] |  MAPE 0.093270 | RMSE 228.800054 |
Epoch 0097 [Test seq (cond on sampled tp)] | MAPE 0.123120 | RMSE 759.552883|
0.1339561939239502,0.12189441174268723,0.11350793391466141
694.9192174274647,794.243547345523,789.495883459819
Experiment 07-15_22:15
Epoch 0098 [Train seq (cond on sampled tp)] | Loss 3304947.244352 | MAPE 0.089900 | RMSE 224.719598 | Likelihood -3304945.008089 | KL fp 2.2363 | FP STD 0.2492 | ->nfe   52.00 | <-nfe   52.00
Epoch 0098 [Val seq (cond on sampled tp)] |  MAPE 0.056074 | RMSE 202.167484 |
Epoch 0098 [Test seq (cond on sampled tp)] | MAPE 0.087973 | RMSE 704.071806|
0.09948333352804184,0.08911871910095215,0.07531705498695374
641.4777860534222,739.9771111324998,730.7605199379616
Experiment 07-15_22:15
Epoch 0099 [Train seq (cond on sampled tp)] | Loss 2913624.816660 | MAPE 0.142216 | RMSE 197.342700 | Likelihood -2913621.976422 | KL fp 2.8402 | FP STD 0.2436 | ->nfe   52.00 | <-nfe   52.00
Epoch 0099 [Val seq (cond on sampled tp)] |  MAPE 0.047307 | RMSE 167.617181 |
Epoch 0099 [Test seq (cond on sampled tp)] | MAPE 0.088074 | RMSE 640.185487|
0.09589458256959915,0.08881211280822754,0.07951454818248749
574.7208561554035,675.5468155501882,670.2887903732242
Experiment 07-15_22:15
Epoch 0100 [Train seq (cond on sampled tp)] | Loss 2594516.358149 | MAPE 0.194163 | RMSE 170.149316 | Likelihood -2594513.642299 | KL fp 2.7158 | FP STD 0.2619 | ->nfe   52.00 | <-nfe   52.00
Epoch 0100 [Val seq (cond on sampled tp)] |  MAPE 0.060736 | RMSE 172.360966 |
Epoch 0100 [Test seq (cond on sampled tp)] | MAPE 0.085031 | RMSE 560.509069|
0.09453010559082031,0.08857424557209015,0.0719887837767601
492.0030805289739,600.060335508022,589.4637923570879
