/nvme/yuanjingyang/CG-ODE/run_models_covid.py
run_models_covid.py --heavyBall --rec-layers 1 -e Cheb_cat --pred_length 7 --condition_length 14
Namespace(save='experiments/', load=None, dataset='Dec', datapath='data/', pred_length=7, condition_length=14, features='Confirmed,Deaths,Recovered,Mortality_Rate,Testing_Rate,Population,Mobility', split_interval=3, feature_out='Deaths', niters=100, lr=0.005, batch_size=8, random_seed=1991, dropout=0.2, l2=1e-05, optimizer='AdamW', clip=10, edge_lamda=0.5, z0_encoder='GTrans', rec_dims=64, ode_dims=20, rec_layers=1, gen_layers=1, encoder='Cheb_cat', graf_layer=1, cheb_K=2, heavyBall=True, actv_h=None, gamma_guess=-3.0, gamma_act='sigmoid', corr=-100, corrf=True, sign=1, augment_dim=0, solver='rk4', rtol=0.01, atol=0.01, alias='run', output_dim=1, feature_out_index=[1], num_atoms=50)
run
Experiment 09-01_06:20
Epoch 0001 [Train seq (cond on sampled tp)] | Loss 5118057.293680 | MAPE 0.039517 | RMSE 165.120265 | Likelihood -5118054.865484 | KL fp 2.4282 | FP STD 0.6595 | ->nfe   24.00 | <-nfe   24.00
Epoch 0001 [Val seq (cond on sampled tp)] |  MAPE 0.034176 | RMSE 167.615422 |
Best Val!
Epoch 0001 [Test seq (cond on sampled tp)] | MAPE 0.057281 | RMSE 425.327067|
0.06517788767814636,0.06392427533864975,0.058303430676460266,0.04171863943338394
398.2128435271771,417.4021966281443,480.93462068663763,404.7586086175314
0.06517788767814636,0.06392427533864975,0.058303430676460266,0.04171863943338394
398.2128435271771,417.4021966281443,480.93462068663763,404.7586086175314
Epoch 0001 [Test seq (cond on sampled tp)] | Best Test MAPE 0.057281|Best Test RMSE 425.327067|
Experiment 09-01_06:20
Epoch 0002 [Train seq (cond on sampled tp)] | Loss 4780109.911421 | MAPE 0.083190 | RMSE 156.736425 | Likelihood -4780101.014558 | KL fp 8.8969 | FP STD 0.8576 | ->nfe   24.00 | <-nfe   24.00
Epoch 0002 [Val seq (cond on sampled tp)] |  MAPE 0.045567 | RMSE 146.326803 |
Epoch 0002 [Test seq (cond on sampled tp)] | MAPE 0.060934 | RMSE 393.135876|
0.07108514755964279,0.06235603243112564,0.06329933553934097,0.04699448123574257
361.2019864286463,385.04632432345073,449.93723520620074,376.3579579336672
Experiment 09-01_06:20
Epoch 0003 [Train seq (cond on sampled tp)] | Loss 4345135.604499 | MAPE 0.222704 | RMSE 145.262695 | Likelihood -4345118.092026 | KL fp 17.5125 | FP STD 0.7621 | ->nfe   24.00 | <-nfe   24.00
Epoch 0003 [Val seq (cond on sampled tp)] |  MAPE 0.062682 | RMSE 123.381225 |
Epoch 0003 [Test seq (cond on sampled tp)] | MAPE 0.068691 | RMSE 351.272980|
0.08395317196846008,0.06616418063640594,0.06885240226984024,0.05579519644379616
314.37216698524696,343.1635451938332,409.50131638982555,338.05489106800394
Experiment 09-01_06:20
Epoch 0004 [Train seq (cond on sampled tp)] | Loss 3917493.049130 | MAPE 0.214562 | RMSE 132.886069 | Likelihood -3917480.851874 | KL fp 12.1973 | FP STD 0.6457 | ->nfe   24.00 | <-nfe   24.00
Epoch 0004 [Val seq (cond on sampled tp)] |  MAPE 0.020722 | RMSE 103.773458 |
Best Val!
Epoch 0004 [Test seq (cond on sampled tp)] | MAPE 0.039992 | RMSE 319.493853|
0.0418555811047554,0.04939489811658859,0.039491839706897736,0.02922612987458706
277.8522539048406,316.42856865728794,376.2594475558056,307.43514305866205
0.0418555811047554,0.04939489811658859,0.039491839706897736,0.02922612987458706
277.8522539048406,316.42856865728794,376.2594475558056,307.43514305866205
Epoch 0004 [Test seq (cond on sampled tp)] | Best Test MAPE 0.039992|Best Test RMSE 319.493853|
Experiment 09-01_06:20
Epoch 0005 [Train seq (cond on sampled tp)] | Loss 3443702.096059 | MAPE 0.035147 | RMSE 117.775573 | Likelihood -3443692.446727 | KL fp 9.6493 | FP STD 0.6736 | ->nfe   24.00 | <-nfe   24.00
Epoch 0005 [Val seq (cond on sampled tp)] |  MAPE 0.023591 | RMSE 90.415834 |
Epoch 0005 [Test seq (cond on sampled tp)] | MAPE 0.036074 | RMSE 277.767734|
0.04083579033613205,0.04166044667363167,0.03454931080341339,0.027250710874795914
235.51525959054118,271.38003795415756,335.18934714202953,268.98629147226075
0.04083579033613205,0.04166044667363167,0.03454931080341339,0.027250710874795914
235.51525959054118,271.38003795415756,335.18934714202953,268.98629147226075
Epoch 0005 [Test seq (cond on sampled tp)] | Best Test MAPE 0.036074|Best Test RMSE 277.767734|
Experiment 09-01_06:20
Epoch 0006 [Train seq (cond on sampled tp)] | Loss 3140452.522780 | MAPE 0.038715 | RMSE 106.889601 | Likelihood -3140443.381896 | KL fp 9.1409 | FP STD 0.6245 | ->nfe   24.00 | <-nfe   24.00
Epoch 0006 [Val seq (cond on sampled tp)] |  MAPE 0.033403 | RMSE 80.194718 |
Epoch 0006 [Test seq (cond on sampled tp)] | MAPE 0.036123 | RMSE 234.428831|
0.04751444607973099,0.031711727380752563,0.03634593263268471,0.028920385986566544
187.20284786829498,229.12076339509258,292.03448533520833,229.35722853498643
Experiment 09-01_06:20
Epoch 0007 [Train seq (cond on sampled tp)] | Loss 2886471.472197 | MAPE 0.044207 | RMSE 96.842261 | Likelihood -2886463.499633 | KL fp 7.9726 | FP STD 0.6128 | ->nfe   24.00 | <-nfe   24.00
Epoch 0007 [Val seq (cond on sampled tp)] |  MAPE 0.027609 | RMSE 75.256083 |
Epoch 0007 [Test seq (cond on sampled tp)] | MAPE 0.035749 | RMSE 234.226206|
0.03931720182299614,0.03644373267889023,0.035087209194898605,0.03214843571186066
190.96876789805185,231.6906865170674,286.93169374434746,227.313677134703
0.03931720182299614,0.03644373267889023,0.035087209194898605,0.03214843571186066
190.96876789805185,231.6906865170674,286.93169374434746,227.313677134703
Epoch 0007 [Test seq (cond on sampled tp)] | Best Test MAPE 0.035749|Best Test RMSE 234.226206|
Experiment 09-01_06:20
Epoch 0008 [Train seq (cond on sampled tp)] | Loss 2689997.373732 | MAPE 0.036555 | RMSE 88.286338 | Likelihood -2689990.189827 | KL fp 7.1839 | FP STD 0.5589 | ->nfe   24.00 | <-nfe   24.00
Epoch 0008 [Val seq (cond on sampled tp)] |  MAPE 0.025185 | RMSE 65.507443 |
Epoch 0008 [Test seq (cond on sampled tp)] | MAPE 0.027068 | RMSE 185.902001|
0.02865736186504364,0.029303541406989098,0.027256496250629425,0.0230560302734375
135.3207777491136,182.9282539515151,238.37820363604973,186.98077065235879
0.02865736186504364,0.029303541406989098,0.027256496250629425,0.0230560302734375
135.3207777491136,182.9282539515151,238.37820363604973,186.98077065235879
Epoch 0008 [Test seq (cond on sampled tp)] | Best Test MAPE 0.027068|Best Test RMSE 185.902001|
Experiment 09-01_06:20
Epoch 0009 [Train seq (cond on sampled tp)] | Loss 2564650.558039 | MAPE 0.036588 | RMSE 82.247608 | Likelihood -2564644.091308 | KL fp 6.4667 | FP STD 0.4611 | ->nfe   24.00 | <-nfe   24.00
Epoch 0009 [Val seq (cond on sampled tp)] |  MAPE 0.041004 | RMSE 71.588283 |
Epoch 0009 [Test seq (cond on sampled tp)] | MAPE 0.037663 | RMSE 165.196834|
0.04368336498737335,0.035166800022125244,0.03628366440534592,0.035520073026418686
119.33435171818716,155.80728531185568,213.94284064324285,171.7028569760853
Experiment 09-01_06:20
Epoch 0010 [Train seq (cond on sampled tp)] | Loss 2562836.463275 | MAPE 0.068934 | RMSE 81.995220 | Likelihood -2562829.716766 | KL fp 6.7465 | FP STD 0.3724 | ->nfe   24.00 | <-nfe   24.00
Epoch 0010 [Val seq (cond on sampled tp)] |  MAPE 0.026985 | RMSE 55.809256 |
Epoch 0010 [Test seq (cond on sampled tp)] | MAPE 0.028223 | RMSE 170.323962|
0.031761057674884796,0.02832261472940445,0.026559701189398766,0.02624971978366375
121.17275245491454,163.53641844020555,219.39108737309726,177.19559064420875
Experiment 09-01_06:20
Epoch 0011 [Train seq (cond on sampled tp)] | Loss 2515110.243459 | MAPE 0.030442 | RMSE 79.713861 | Likelihood -2515104.007196 | KL fp 6.2363 | FP STD 0.3212 | ->nfe   24.00 | <-nfe   24.00
Epoch 0011 [Val seq (cond on sampled tp)] |  MAPE 0.047617 | RMSE 62.640555 |
Epoch 0011 [Test seq (cond on sampled tp)] | MAPE 0.053242 | RMSE 171.376401|
0.06174691021442413,0.05035357177257538,0.053664278239011765,0.04720510542392731
128.17856349883547,162.4822886982609,219.0291522406321,175.8155994216668
Experiment 09-01_06:20
Epoch 0012 [Train seq (cond on sampled tp)] | Loss 2468862.073954 | MAPE 0.053195 | RMSE 77.470933 | Likelihood -2468856.830866 | KL fp 5.2431 | FP STD 0.3483 | ->nfe   24.00 | <-nfe   24.00
Epoch 0012 [Val seq (cond on sampled tp)] |  MAPE 0.031910 | RMSE 57.930047 |
Epoch 0012 [Test seq (cond on sampled tp)] | MAPE 0.035604 | RMSE 170.232944|
0.03897012397646904,0.035350702702999115,0.0371522530913353,0.030944636091589928
125.81941191271918,171.47223262820134,220.87234718271094,162.76778416658502
Experiment 09-01_06:20
Epoch 0013 [Train seq (cond on sampled tp)] | Loss 2436660.628760 | MAPE 0.037096 | RMSE 75.530710 | Likelihood -2436655.925677 | KL fp 4.7031 | FP STD 0.4283 | ->nfe   24.00 | <-nfe   24.00
Epoch 0013 [Val seq (cond on sampled tp)] |  MAPE 0.029517 | RMSE 54.913651 |
Epoch 0013 [Test seq (cond on sampled tp)] | MAPE 0.030497 | RMSE 149.059625|
0.033899564296007156,0.029326526448130608,0.026958707720041275,0.03180476650595665
101.3436632747085,148.40491747664564,196.9142322021189,149.57568892955166
Experiment 09-01_06:20
Epoch 0014 [Train seq (cond on sampled tp)] | Loss 2429276.565567 | MAPE 0.068567 | RMSE 74.971708 | Likelihood -2429271.388537 | KL fp 5.1770 | FP STD 0.4289 | ->nfe   24.00 | <-nfe   24.00
Epoch 0014 [Val seq (cond on sampled tp)] |  MAPE 0.021693 | RMSE 66.305162 |
Epoch 0014 [Test seq (cond on sampled tp)] | MAPE 0.032990 | RMSE 192.147743|
0.03985166549682617,0.036246202886104584,0.032487086951732635,0.02337454818189144
174.0499266105131,201.90724394198935,237.93578440411187,154.69801731922746
Experiment 09-01_06:20
Epoch 0015 [Train seq (cond on sampled tp)] | Loss 2449487.779924 | MAPE 0.056653 | RMSE 76.351223 | Likelihood -2449483.137319 | KL fp 4.6426 | FP STD 0.3881 | ->nfe   24.00 | <-nfe   24.00
Epoch 0015 [Val seq (cond on sampled tp)] |  MAPE 0.019352 | RMSE 61.933079 |
Best Val!
Epoch 0015 [Test seq (cond on sampled tp)] | MAPE 0.029535 | RMSE 178.301904|
0.03686108440160751,0.0328059159219265,0.030126657336950302,0.018346622586250305
156.27428561266885,190.73799929484423,207.110355170257,159.08497508210823
Experiment 09-01_06:20
Epoch 0016 [Train seq (cond on sampled tp)] | Loss 2491584.631590 | MAPE 0.031181 | RMSE 78.235010 | Likelihood -2491580.962052 | KL fp 3.6695 | FP STD 0.5341 | ->nfe   24.00 | <-nfe   24.00
Epoch 0016 [Val seq (cond on sampled tp)] |  MAPE 0.037764 | RMSE 70.355372 |
Epoch 0016 [Test seq (cond on sampled tp)] | MAPE 0.040545 | RMSE 158.698336|
0.0482555516064167,0.03675688058137894,0.038283947855234146,0.03888385370373726
129.1781412913965,156.1741628459234,192.5461389511615,156.89490038119467
Experiment 09-01_06:20
Epoch 0017 [Train seq (cond on sampled tp)] | Loss 2447323.347227 | MAPE 0.072214 | RMSE 75.956548 | Likelihood -2447318.756151 | KL fp 4.5911 | FP STD 0.4111 | ->nfe   24.00 | <-nfe   24.00
Epoch 0017 [Val seq (cond on sampled tp)] |  MAPE 0.017314 | RMSE 68.719908 |
Best Val!
Epoch 0017 [Test seq (cond on sampled tp)] | MAPE 0.034831 | RMSE 191.962187|
0.04123881086707115,0.04451126977801323,0.03415527567267418,0.019417375326156616
168.6029625610861,206.95245906366998,233.34300296184156,158.95032267386247
Experiment 09-01_06:20
Epoch 0018 [Train seq (cond on sampled tp)] | Loss 2418566.788652 | MAPE 0.033694 | RMSE 74.369193 | Likelihood -2418562.117675 | KL fp 4.6710 | FP STD 0.3976 | ->nfe   24.00 | <-nfe   24.00
Epoch 0018 [Val seq (cond on sampled tp)] |  MAPE 0.024894 | RMSE 64.769302 |
Epoch 0018 [Test seq (cond on sampled tp)] | MAPE 0.031546 | RMSE 190.126674|
0.03213389962911606,0.0381203293800354,0.029632901772856712,0.02629603073000908
154.95135955558763,197.77911448128188,233.60014414325605,174.1760794157022
Experiment 09-01_06:20
Epoch 0019 [Train seq (cond on sampled tp)] | Loss 2429325.277285 | MAPE 0.028428 | RMSE 74.816598 | Likelihood -2429321.582179 | KL fp 3.6951 | FP STD 0.3926 | ->nfe   24.00 | <-nfe   24.00
Epoch 0019 [Val seq (cond on sampled tp)] |  MAPE 0.015830 | RMSE 54.027436 |
Best Val!
Epoch 0019 [Test seq (cond on sampled tp)] | MAPE 0.025601 | RMSE 152.031595|
0.024151721969246864,0.032424286007881165,0.023518923670053482,0.02230893075466156
108.75431025940995,149.8964681767886,199.36834824327056,150.1072533224161
0.024151721969246864,0.032424286007881165,0.023518923670053482,0.02230893075466156
108.75431025940995,149.8964681767886,199.36834824327056,150.1072533224161
Epoch 0019 [Test seq (cond on sampled tp)] | Best Test MAPE 0.025601|Best Test RMSE 152.031595|
Experiment 09-01_06:20
Epoch 0020 [Train seq (cond on sampled tp)] | Loss 2479267.739641 | MAPE 0.030873 | RMSE 77.527337 | Likelihood -2479263.343673 | KL fp 4.3960 | FP STD 0.4658 | ->nfe   24.00 | <-nfe   24.00
Epoch 0020 [Val seq (cond on sampled tp)] |  MAPE 0.017732 | RMSE 60.037393 |
Epoch 0020 [Test seq (cond on sampled tp)] | MAPE 0.025241 | RMSE 190.928477|
0.024059278890490532,0.03402487188577652,0.02370576374232769,0.019176026806235313
151.86821615507637,197.11474489811766,240.13636262809095,174.5945862025796
0.024059278890490532,0.03402487188577652,0.02370576374232769,0.019176026806235313
151.86821615507637,197.11474489811766,240.13636262809095,174.5945862025796
Epoch 0020 [Test seq (cond on sampled tp)] | Best Test MAPE 0.025241|Best Test RMSE 190.928477|
Experiment 09-01_06:20
Epoch 0021 [Train seq (cond on sampled tp)] | Loss 2449284.398891 | MAPE 0.055729 | RMSE 76.274437 | Likelihood -2449280.735606 | KL fp 3.6633 | FP STD 0.4392 | ->nfe   24.00 | <-nfe   24.00
Epoch 0021 [Val seq (cond on sampled tp)] |  MAPE 0.018485 | RMSE 57.560057 |
Epoch 0021 [Test seq (cond on sampled tp)] | MAPE 0.028135 | RMSE 152.778805|
0.031153623014688492,0.034229379147291183,0.02396339923143387,0.023195134475827217
91.20803294358178,152.5716148444723,208.42559936041926,158.90997107245977
Experiment 09-01_06:20
Epoch 0022 [Train seq (cond on sampled tp)] | Loss 2379096.521495 | MAPE 0.026086 | RMSE 72.158463 | Likelihood -2379092.677646 | KL fp 3.8438 | FP STD 0.3710 | ->nfe   24.00 | <-nfe   24.00
Epoch 0022 [Val seq (cond on sampled tp)] |  MAPE 0.020058 | RMSE 53.583139 |
Epoch 0022 [Test seq (cond on sampled tp)] | MAPE 0.028607 | RMSE 162.959317|
0.02793830819427967,0.03007819876074791,0.02863338217139244,0.02777658961713314
119.01253052462584,146.9695639728682,215.91618925233468,169.9389826158201
Experiment 09-01_06:20
Epoch 0023 [Train seq (cond on sampled tp)] | Loss 2388408.920932 | MAPE 0.033276 | RMSE 72.590880 | Likelihood -2388405.218161 | KL fp 3.7028 | FP STD 0.3890 | ->nfe   24.00 | <-nfe   24.00
Epoch 0023 [Val seq (cond on sampled tp)] |  MAPE 0.016797 | RMSE 53.211827 |
Epoch 0023 [Test seq (cond on sampled tp)] | MAPE 0.027951 | RMSE 160.828293|
0.03126896917819977,0.03264596685767174,0.027225255966186523,0.020665401592850685
113.66922784718386,148.75208113039966,217.54547836314595,163.34638354008638
Experiment 09-01_06:20
Epoch 0024 [Train seq (cond on sampled tp)] | Loss 2390376.660923 | MAPE 0.029481 | RMSE 72.991522 | Likelihood -2390373.202194 | KL fp 3.4587 | FP STD 0.4027 | ->nfe   24.00 | <-nfe   24.00
Epoch 0024 [Val seq (cond on sampled tp)] |  MAPE 0.018052 | RMSE 62.852436 |
Epoch 0024 [Test seq (cond on sampled tp)] | MAPE 0.029676 | RMSE 169.546805|
0.03119850344955921,0.03876369073987007,0.027198027819395065,0.02154204621911049
122.4564854154834,159.70567411256872,233.96470754154353,162.0603547871903
Experiment 09-01_06:20
Epoch 0025 [Train seq (cond on sampled tp)] | Loss 2419504.323981 | MAPE 0.038971 | RMSE 74.364895 | Likelihood -2419501.249780 | KL fp 3.0742 | FP STD 0.4758 | ->nfe   24.00 | <-nfe   24.00
Epoch 0025 [Val seq (cond on sampled tp)] |  MAPE 0.015490 | RMSE 57.674906 |
Best Val!
Epoch 0025 [Test seq (cond on sampled tp)] | MAPE 0.026951 | RMSE 171.704784|
0.027113670483231544,0.035169973969459534,0.026983577758073807,0.018535001203417778
142.84486777619978,171.1269117405997,217.12896693267345,155.71838939853893
Experiment 09-01_06:20
Epoch 0026 [Train seq (cond on sampled tp)] | Loss 2401971.092696 | MAPE 0.036474 | RMSE 73.220731 | Likelihood -2401967.877788 | KL fp 3.2149 | FP STD 0.3989 | ->nfe   24.00 | <-nfe   24.00
Epoch 0026 [Val seq (cond on sampled tp)] |  MAPE 0.019056 | RMSE 58.225786 |
Epoch 0026 [Test seq (cond on sampled tp)] | MAPE 0.031974 | RMSE 174.767921|
0.03592095151543617,0.04079524800181389,0.02913963794708252,0.022038735449314117
137.45102110615622,170.8410376819633,220.83943191264552,169.94019513309675
Experiment 09-01_06:20
Epoch 0027 [Train seq (cond on sampled tp)] | Loss 2409777.348186 | MAPE 0.026784 | RMSE 74.303537 | Likelihood -2409774.255263 | KL fp 3.0929 | FP STD 0.4292 | ->nfe   24.00 | <-nfe   24.00
Epoch 0027 [Val seq (cond on sampled tp)] |  MAPE 0.025074 | RMSE 60.778243 |
Epoch 0027 [Test seq (cond on sampled tp)] | MAPE 0.030884 | RMSE 187.751738|
0.03547041490674019,0.031724002212285995,0.02969639003276825,0.026643313467502594
144.50566327570002,182.04340356423245,246.13749809557666,178.32038626093765
Experiment 09-01_06:20
Epoch 0028 [Train seq (cond on sampled tp)] | Loss 2480709.641697 | MAPE 0.079771 | RMSE 77.593385 | Likelihood -2480706.731286 | KL fp 2.9104 | FP STD 0.3420 | ->nfe   24.00 | <-nfe   24.00
Epoch 0028 [Val seq (cond on sampled tp)] |  MAPE 0.025207 | RMSE 66.400327 |
Epoch 0028 [Test seq (cond on sampled tp)] | MAPE 0.028521 | RMSE 143.531234|
0.034930091351270676,0.028642620891332626,0.02438778430223465,0.02612190693616867
100.51343776766866,130.49430513196734,189.34169467856253,153.77549966387687
Experiment 09-01_06:20
Epoch 0029 [Train seq (cond on sampled tp)] | Loss 2447723.108711 | MAPE 0.069785 | RMSE 76.199063 | Likelihood -2447719.346469 | KL fp 3.7622 | FP STD 0.3401 | ->nfe   24.00 | <-nfe   24.00
Epoch 0029 [Val seq (cond on sampled tp)] |  MAPE 0.016152 | RMSE 55.664255 |
Epoch 0029 [Test seq (cond on sampled tp)] | MAPE 0.028364 | RMSE 157.576469|
0.03350004553794861,0.038062870502471924,0.02249201200902462,0.019400641322135925
120.98493498030034,164.64133603457546,192.14102080243043,152.53858374604766
Experiment 09-01_06:20
Epoch 0030 [Train seq (cond on sampled tp)] | Loss 2316492.189061 | MAPE 0.029526 | RMSE 68.405583 | Likelihood -2316488.863043 | KL fp 3.3260 | FP STD 0.2869 | ->nfe   24.00 | <-nfe   24.00
Epoch 0030 [Val seq (cond on sampled tp)] |  MAPE 0.015494 | RMSE 53.487196 |
Epoch 0030 [Test seq (cond on sampled tp)] | MAPE 0.025206 | RMSE 139.875821|
0.025188393890857697,0.03345433250069618,0.021033594384789467,0.02114720270037651
90.38829269895106,137.13224257309074,191.8900136634265,140.09273574805727
0.025188393890857697,0.03345433250069618,0.021033594384789467,0.02114720270037651
90.38829269895106,137.13224257309074,191.8900136634265,140.09273574805727
Epoch 0030 [Test seq (cond on sampled tp)] | Best Test MAPE 0.025206|Best Test RMSE 139.875821|
Experiment 09-01_06:20
Epoch 0031 [Train seq (cond on sampled tp)] | Loss 2286152.680281 | MAPE 0.033462 | RMSE 66.713029 | Likelihood -2286149.213075 | KL fp 3.4672 | FP STD 0.3195 | ->nfe   24.00 | <-nfe   24.00
Epoch 0031 [Val seq (cond on sampled tp)] |  MAPE 0.028552 | RMSE 58.304187 |
Epoch 0031 [Test seq (cond on sampled tp)] | MAPE 0.028199 | RMSE 154.159273|
0.02912934683263302,0.02911762334406376,0.029502063989639282,0.02504858374595642
111.36308771171667,141.61058096281153,197.22807625310347,166.4353466345866
Experiment 09-01_06:20
Epoch 0032 [Train seq (cond on sampled tp)] | Loss 2370032.337125 | MAPE 0.056514 | RMSE 71.497430 | Likelihood -2370029.043909 | KL fp 3.2932 | FP STD 0.2912 | ->nfe   24.00 | <-nfe   24.00
Epoch 0032 [Val seq (cond on sampled tp)] |  MAPE 0.021242 | RMSE 58.775769 |
Epoch 0032 [Test seq (cond on sampled tp)] | MAPE 0.030630 | RMSE 175.492119|
0.03849295899271965,0.03746596351265907,0.02545519359409809,0.021107308566570282
151.38959209189383,173.3388289142828,212.132577575322,165.10747565033208
Experiment 09-01_06:20
Epoch 0033 [Train seq (cond on sampled tp)] | Loss 2530987.091093 | MAPE 0.035362 | RMSE 80.876011 | Likelihood -2530984.036512 | KL fp 3.0546 | FP STD 0.4929 | ->nfe   24.00 | <-nfe   24.00
Epoch 0033 [Val seq (cond on sampled tp)] |  MAPE 0.021162 | RMSE 62.150054 |
Epoch 0033 [Test seq (cond on sampled tp)] | MAPE 0.030758 | RMSE 159.680483|
0.03499722480773926,0.035833485424518585,0.027785606682300568,0.02441398985683918
115.34242497884289,150.08299136436148,213.31202387875373,159.9844902150674
Experiment 09-01_06:20
Epoch 0034 [Train seq (cond on sampled tp)] | Loss 2395381.541897 | MAPE 0.048665 | RMSE 73.144082 | Likelihood -2395378.931713 | KL fp 2.6102 | FP STD 0.6591 | ->nfe   24.00 | <-nfe   24.00
Epoch 0034 [Val seq (cond on sampled tp)] |  MAPE 0.028120 | RMSE 56.483632 |
Epoch 0034 [Test seq (cond on sampled tp)] | MAPE 0.031146 | RMSE 149.691048|
0.03258228674530983,0.03036167472600937,0.03380369767546654,0.027835754677653313
112.63587281035292,135.17281329144924,185.45814259894334,165.4973623751297
Experiment 09-01_06:20
Epoch 0035 [Train seq (cond on sampled tp)] | Loss 2389511.606004 | MAPE 0.103731 | RMSE 72.323549 | Likelihood -2389508.268935 | KL fp 3.3371 | FP STD 0.4106 | ->nfe   24.00 | <-nfe   24.00
Epoch 0035 [Val seq (cond on sampled tp)] |  MAPE 0.019342 | RMSE 70.439334 |
Epoch 0035 [Test seq (cond on sampled tp)] | MAPE 0.038852 | RMSE 178.891155|
0.04492031782865524,0.0473007969558239,0.03838729485869408,0.024799861013889313
151.93038470587442,188.03818594902472,208.47152083678,167.12452669155118
Experiment 09-01_06:20
Epoch 0036 [Train seq (cond on sampled tp)] | Loss 2331931.400117 | MAPE 0.025219 | RMSE 69.270693 | Likelihood -2331928.356688 | KL fp 3.0434 | FP STD 0.3857 | ->nfe   24.00 | <-nfe   24.00
Epoch 0036 [Val seq (cond on sampled tp)] |  MAPE 0.014927 | RMSE 53.355040 |
Best Val!
Epoch 0036 [Test seq (cond on sampled tp)] | MAPE 0.030628 | RMSE 161.267626|
0.032968416810035706,0.03745851665735245,0.03028224967420101,0.021801769733428955
133.56320191673305,169.46489196696464,199.93985423746813,142.10255704507924
Experiment 09-01_06:20
Epoch 0037 [Train seq (cond on sampled tp)] | Loss 2305980.263137 | MAPE 0.025881 | RMSE 67.917405 | Likelihood -2305977.075401 | KL fp 3.1877 | FP STD 0.3509 | ->nfe   24.00 | <-nfe   24.00
Epoch 0037 [Val seq (cond on sampled tp)] |  MAPE 0.015554 | RMSE 51.981545 |
Epoch 0037 [Test seq (cond on sampled tp)] | MAPE 0.025438 | RMSE 138.342103|
0.028736962005496025,0.028973430395126343,0.024176068603992462,0.019865792244672775
96.01671709102276,137.2995271523176,178.1851378745573,141.86702896110145
Experiment 09-01_06:20
Epoch 0038 [Train seq (cond on sampled tp)] | Loss 2325164.670038 | MAPE 0.028289 | RMSE 68.954855 | Likelihood -2325161.143051 | KL fp 3.5270 | FP STD 0.2963 | ->nfe   24.00 | <-nfe   24.00
Epoch 0038 [Val seq (cond on sampled tp)] |  MAPE 0.020104 | RMSE 75.264255 |
Epoch 0038 [Test seq (cond on sampled tp)] | MAPE 0.031081 | RMSE 141.846208|
0.03616928681731224,0.03571005165576935,0.029201170429587364,0.02324468083679676
110.24913194102709,148.77336344882104,175.25485349021008,133.10748124166426
Experiment 09-01_06:20
Epoch 0039 [Train seq (cond on sampled tp)] | Loss 2361590.649848 | MAPE 0.028490 | RMSE 71.212460 | Likelihood -2361587.275434 | KL fp 3.3744 | FP STD 0.3155 | ->nfe   24.00 | <-nfe   24.00
Epoch 0039 [Val seq (cond on sampled tp)] |  MAPE 0.018708 | RMSE 62.050339 |
Epoch 0039 [Test seq (cond on sampled tp)] | MAPE 0.028742 | RMSE 168.033113|
0.03613078221678734,0.03456881642341614,0.029189903289079666,0.015080100856721401
149.55035470954257,177.28450276850202,211.6255076042347,133.67208595103168
Experiment 09-01_06:20
Epoch 0040 [Train seq (cond on sampled tp)] | Loss 2521671.552417 | MAPE 0.041784 | RMSE 80.199308 | Likelihood -2521668.551691 | KL fp 3.0007 | FP STD 0.4105 | ->nfe   24.00 | <-nfe   24.00
Epoch 0040 [Val seq (cond on sampled tp)] |  MAPE 0.020004 | RMSE 56.395805 |
Epoch 0040 [Test seq (cond on sampled tp)] | MAPE 0.025431 | RMSE 119.903444|
0.025946330279111862,0.02963358722627163,0.022104445844888687,0.02403845824301243
92.93961728422116,127.37252358976406,145.031354368633,114.27028163798758
Experiment 09-01_06:20
Epoch 0041 [Train seq (cond on sampled tp)] | Loss 2327409.672472 | MAPE 0.048064 | RMSE 68.787731 | Likelihood -2327406.671301 | KL fp 3.0012 | FP STD 0.4600 | ->nfe   24.00 | <-nfe   24.00
Epoch 0041 [Val seq (cond on sampled tp)] |  MAPE 0.032925 | RMSE 54.683330 |
Epoch 0041 [Test seq (cond on sampled tp)] | MAPE 0.033325 | RMSE 106.262688|
0.04087601974606514,0.029234647750854492,0.03746943920850754,0.02572142332792282
74.30039588134777,114.87991352386194,121.46537331298373,114.40506776908967
Experiment 09-01_06:20
Epoch 0042 [Train seq (cond on sampled tp)] | Loss 2348473.713258 | MAPE 0.116170 | RMSE 69.699016 | Likelihood -2348470.193574 | KL fp 3.5197 | FP STD 0.3286 | ->nfe   24.00 | <-nfe   24.00
Epoch 0042 [Val seq (cond on sampled tp)] |  MAPE 0.017315 | RMSE 58.131787 |
Epoch 0042 [Test seq (cond on sampled tp)] | MAPE 0.031169 | RMSE 153.092365|
0.03837204352021217,0.0383867509663105,0.029903430491685867,0.01801266148686409
133.0531055866416,162.12446992974256,189.06869824550546,128.12318596276788
Experiment 09-01_06:20
Epoch 0043 [Train seq (cond on sampled tp)] | Loss 2288091.607731 | MAPE 0.034862 | RMSE 66.486861 | Likelihood -2288088.030385 | KL fp 3.5773 | FP STD 0.2704 | ->nfe   24.00 | <-nfe   24.00
Epoch 0043 [Val seq (cond on sampled tp)] |  MAPE 0.018020 | RMSE 55.187102 |
Epoch 0043 [Test seq (cond on sampled tp)] | MAPE 0.027458 | RMSE 145.298036|
0.03408852592110634,0.029755109921097755,0.02943529561161995,0.016552472487092018
121.0213816013001,156.4547595852392,181.01947624841367,122.69652603069086
Experiment 09-01_06:20
Epoch 0044 [Train seq (cond on sampled tp)] | Loss 2351743.978847 | MAPE 0.051679 | RMSE 70.807989 | Likelihood -2351740.526855 | KL fp 3.4520 | FP STD 0.3006 | ->nfe   24.00 | <-nfe   24.00
Epoch 0044 [Val seq (cond on sampled tp)] |  MAPE 0.017371 | RMSE 56.416901 |
Epoch 0044 [Test seq (cond on sampled tp)] | MAPE 0.029518 | RMSE 148.819279|
0.03317491337656975,0.037390679121017456,0.026219619438052177,0.021286889910697937
118.89485819280623,153.68337606301145,200.02534995594934,122.67352983376243
Experiment 09-01_06:20
Epoch 0045 [Train seq (cond on sampled tp)] | Loss 2334518.125664 | MAPE 0.060153 | RMSE 69.649765 | Likelihood -2334514.794773 | KL fp 3.3309 | FP STD 0.3237 | ->nfe   24.00 | <-nfe   24.00
Epoch 0045 [Val seq (cond on sampled tp)] |  MAPE 0.016069 | RMSE 59.696163 |
Epoch 0045 [Test seq (cond on sampled tp)] | MAPE 0.026477 | RMSE 165.771964|
0.029421769082546234,0.03499339893460274,0.024562248960137367,0.01692984253168106
153.41735483844388,171.44228484026337,214.94477851880933,123.28343629240102
Experiment 09-01_06:20
Epoch 0046 [Train seq (cond on sampled tp)] | Loss 2351185.897645 | MAPE 0.088350 | RMSE 70.509487 | Likelihood -2351182.765096 | KL fp 3.1325 | FP STD 0.3811 | ->nfe   24.00 | <-nfe   24.00
Epoch 0046 [Val seq (cond on sampled tp)] |  MAPE 0.018186 | RMSE 58.091430 |
Epoch 0046 [Test seq (cond on sampled tp)] | MAPE 0.028048 | RMSE 122.721899|
0.028514932841062546,0.034501608461141586,0.02607632614672184,0.02309870719909668
90.66940722344003,126.95986616717703,149.2787804641872,123.97954169060515
Experiment 09-01_06:20
Epoch 0047 [Train seq (cond on sampled tp)] | Loss 2280341.870625 | MAPE 0.054208 | RMSE 66.261299 | Likelihood -2280338.511965 | KL fp 3.3587 | FP STD 0.4014 | ->nfe   24.00 | <-nfe   24.00
Epoch 0047 [Val seq (cond on sampled tp)] |  MAPE 0.016106 | RMSE 55.879125 |
Epoch 0047 [Test seq (cond on sampled tp)] | MAPE 0.029765 | RMSE 144.131788|
0.0286155603826046,0.037611257284879684,0.03138243779540062,0.02145182341337204
121.12790244200549,162.15864989070118,164.0521841994949,129.1884146677828
Experiment 09-01_06:20
Epoch 0048 [Train seq (cond on sampled tp)] | Loss 2284101.720703 | MAPE 0.043869 | RMSE 66.145943 | Likelihood -2284098.131890 | KL fp 3.5888 | FP STD 0.3838 | ->nfe   24.00 | <-nfe   24.00
Epoch 0048 [Val seq (cond on sampled tp)] |  MAPE 0.018183 | RMSE 64.498179 |
Epoch 0048 [Test seq (cond on sampled tp)] | MAPE 0.033373 | RMSE 150.801701|
0.03888273239135742,0.04335553199052811,0.029897037893533707,0.021358519792556763
118.94300105512724,169.7681323158148,197.38524158039274,117.11042882281022
Experiment 09-01_06:20
Epoch 0049 [Train seq (cond on sampled tp)] | Loss 2318454.779748 | MAPE 0.026311 | RMSE 69.260632 | Likelihood -2318451.090726 | KL fp 3.6890 | FP STD 0.3115 | ->nfe   24.00 | <-nfe   24.00
Epoch 0049 [Val seq (cond on sampled tp)] |  MAPE 0.017941 | RMSE 68.622179 |
Epoch 0049 [Test seq (cond on sampled tp)] | MAPE 0.029631 | RMSE 113.189788|
0.03362739086151123,0.03437822312116623,0.025882678106427193,0.024635665118694305
96.83637334764762,104.71778013576538,119.14500504243767,132.05999317308402
Experiment 09-01_06:20
Epoch 0050 [Train seq (cond on sampled tp)] | Loss 2292767.777188 | MAPE 0.027343 | RMSE 67.041384 | Likelihood -2292764.317758 | KL fp 3.4594 | FP STD 0.3672 | ->nfe   24.00 | <-nfe   24.00
Epoch 0050 [Val seq (cond on sampled tp)] |  MAPE 0.020102 | RMSE 63.119589 |
Epoch 0050 [Test seq (cond on sampled tp)] | MAPE 0.027112 | RMSE 118.917023|
0.03025953471660614,0.03009098395705223,0.024201130494475365,0.023896578699350357
91.76529376962186,117.99431014486461,136.1979258285529,129.71056270838162
Experiment 09-01_06:20
Epoch 0051 [Train seq (cond on sampled tp)] | Loss 2279720.720915 | MAPE 0.035659 | RMSE 66.505601 | Likelihood -2279717.132996 | KL fp 3.5879 | FP STD 0.3988 | ->nfe   24.00 | <-nfe   24.00
Epoch 0051 [Val seq (cond on sampled tp)] |  MAPE 0.016587 | RMSE 53.335818 |
Epoch 0051 [Test seq (cond on sampled tp)] | MAPE 0.030180 | RMSE 141.452772|
0.034874070435762405,0.034844815731048584,0.029093792662024498,0.021908849477767944
125.19836994121569,149.90395362531302,174.06156305851962,116.64720029189513
Experiment 09-01_06:20
Epoch 0052 [Train seq (cond on sampled tp)] | Loss 2365185.136871 | MAPE 0.038677 | RMSE 71.609573 | Likelihood -2365181.830411 | KL fp 3.3065 | FP STD 0.4273 | ->nfe   24.00 | <-nfe   24.00
Epoch 0052 [Val seq (cond on sampled tp)] |  MAPE 0.020391 | RMSE 59.141907 |
Epoch 0052 [Test seq (cond on sampled tp)] | MAPE 0.028988 | RMSE 131.472656|
0.032513536512851715,0.0355767123401165,0.026106009259819984,0.021754341199994087
113.62811980040416,156.10116035963665,159.81948435070424,96.34185957438231
Experiment 09-01_06:20
Epoch 0053 [Train seq (cond on sampled tp)] | Loss 2300694.461223 | MAPE 0.038503 | RMSE 67.623092 | Likelihood -2300690.943565 | KL fp 3.5177 | FP STD 0.5657 | ->nfe   24.00 | <-nfe   24.00
Epoch 0053 [Val seq (cond on sampled tp)] |  MAPE 0.019629 | RMSE 54.305314 |
Epoch 0053 [Test seq (cond on sampled tp)] | MAPE 0.025800 | RMSE 120.899455|
0.019924264401197433,0.03220197558403015,0.030330104753375053,0.02074471488595009
100.29977041505379,131.4798508208577,138.4635838858001,113.35461417466648
Experiment 09-01_06:20
Epoch 0054 [Train seq (cond on sampled tp)] | Loss 2244264.169916 | MAPE 0.043373 | RMSE 63.869363 | Likelihood -2244260.317947 | KL fp 3.8520 | FP STD 0.4015 | ->nfe   24.00 | <-nfe   24.00
Epoch 0054 [Val seq (cond on sampled tp)] |  MAPE 0.020018 | RMSE 50.874513 |
Epoch 0054 [Test seq (cond on sampled tp)] | MAPE 0.026798 | RMSE 122.373374|
0.03380332514643669,0.026590509340167046,0.023576272651553154,0.023223266005516052
98.30606801114823,128.56837918010788,128.4493075472772,134.16974148909284
Experiment 09-01_06:20
Epoch 0055 [Train seq (cond on sampled tp)] | Loss 2285901.167004 | MAPE 0.034900 | RMSE 66.473190 | Likelihood -2285897.061965 | KL fp 4.1050 | FP STD 0.3888 | ->nfe   24.00 | <-nfe   24.00
Epoch 0055 [Val seq (cond on sampled tp)] |  MAPE 0.014958 | RMSE 54.910485 |
Epoch 0055 [Test seq (cond on sampled tp)] | MAPE 0.024860 | RMSE 135.732115|
0.030276624485850334,0.027005407959222794,0.02392318658530712,0.01823573000729084
112.97475347118488,145.75196316216466,153.87052567621583,130.33121867956274
0.030276624485850334,0.027005407959222794,0.02392318658530712,0.01823573000729084
112.97475347118488,145.75196316216466,153.87052567621583,130.33121867956274
Epoch 0055 [Test seq (cond on sampled tp)] | Best Test MAPE 0.024860|Best Test RMSE 135.732115|
Experiment 09-01_06:20
Epoch 0056 [Train seq (cond on sampled tp)] | Loss 2381316.888104 | MAPE 0.036460 | RMSE 72.088955 | Likelihood -2381313.120177 | KL fp 3.7679 | FP STD 0.4794 | ->nfe   24.00 | <-nfe   24.00
Epoch 0056 [Val seq (cond on sampled tp)] |  MAPE 0.015840 | RMSE 57.678201 |
Epoch 0056 [Test seq (cond on sampled tp)] | MAPE 0.025103 | RMSE 151.003994|
0.031911369413137436,0.029902493581175804,0.023984815925359726,0.014614420011639595
151.5784914244102,163.47112464820813,186.52144648806475,102.44491183527613
Experiment 09-01_06:20
Epoch 0057 [Train seq (cond on sampled tp)] | Loss 2389988.828804 | MAPE 0.041665 | RMSE 73.073985 | Likelihood -2389985.084968 | KL fp 3.7438 | FP STD 0.5525 | ->nfe   24.00 | <-nfe   24.00
Epoch 0057 [Val seq (cond on sampled tp)] |  MAPE 0.020844 | RMSE 52.751453 |
Epoch 0057 [Test seq (cond on sampled tp)] | MAPE 0.025152 | RMSE 122.890318|
0.027433909475803375,0.027383839711546898,0.02283255010843277,0.022957202047109604
98.24166034898332,123.93426149324084,143.94665217320963,125.43869892301977
Experiment 09-01_06:20
Epoch 0058 [Train seq (cond on sampled tp)] | Loss 2278691.915998 | MAPE 0.045215 | RMSE 66.231827 | Likelihood -2278687.966947 | KL fp 3.9491 | FP STD 0.4404 | ->nfe   24.00 | <-nfe   24.00
Epoch 0058 [Val seq (cond on sampled tp)] |  MAPE 0.021283 | RMSE 57.079986 |
Epoch 0058 [Test seq (cond on sampled tp)] | MAPE 0.027602 | RMSE 121.693552|
0.030963048338890076,0.02771882526576519,0.027510380372405052,0.02421494945883751
101.17212475837897,123.71841058301509,128.59909997984045,133.28457278976438
Experiment 09-01_06:20
Epoch 0059 [Train seq (cond on sampled tp)] | Loss 2289171.426459 | MAPE 0.057271 | RMSE 66.183293 | Likelihood -2289167.160697 | KL fp 4.2658 | FP STD 0.3476 | ->nfe   24.00 | <-nfe   24.00
Epoch 0059 [Val seq (cond on sampled tp)] |  MAPE 0.024245 | RMSE 72.705602 |
Epoch 0059 [Test seq (cond on sampled tp)] | MAPE 0.034693 | RMSE 173.503228|
0.04462672024965286,0.036543890833854675,0.036013517528772354,0.021587910130620003
170.85546477578643,191.91268970224453,208.94018282752603,122.30457546505568
Experiment 09-01_06:20
Epoch 0060 [Train seq (cond on sampled tp)] | Loss 2287664.952172 | MAPE 0.049881 | RMSE 66.280310 | Likelihood -2287660.926404 | KL fp 4.0258 | FP STD 0.4121 | ->nfe   24.00 | <-nfe   24.00
Epoch 0060 [Val seq (cond on sampled tp)] |  MAPE 0.017474 | RMSE 55.985559 |
Epoch 0060 [Test seq (cond on sampled tp)] | MAPE 0.023283 | RMSE 147.019040|
0.023823434486985207,0.030056333169341087,0.022379573434591293,0.01687358133494854
124.23103712815691,149.92171134045262,187.69127743451477,126.23213441042856
0.023823434486985207,0.030056333169341087,0.022379573434591293,0.01687358133494854
124.23103712815691,149.92171134045262,187.69127743451477,126.23213441042856
Epoch 0060 [Test seq (cond on sampled tp)] | Best Test MAPE 0.023283|Best Test RMSE 147.019040|
Experiment 09-01_06:20
Epoch 0061 [Train seq (cond on sampled tp)] | Loss 2280701.021179 | MAPE 0.038451 | RMSE 66.243818 | Likelihood -2280696.858020 | KL fp 4.1632 | FP STD 0.4072 | ->nfe   24.00 | <-nfe   24.00
Epoch 0061 [Val seq (cond on sampled tp)] |  MAPE 0.019279 | RMSE 73.721635 |
Epoch 0061 [Test seq (cond on sampled tp)] | MAPE 0.024430 | RMSE 125.417546|
0.02514641173183918,0.025370100513100624,0.023536033928394318,0.023667842149734497
86.80928269776223,108.58726149680265,147.47178623172297,158.8018554579102
Experiment 09-01_06:20
Epoch 0062 [Train seq (cond on sampled tp)] | Loss 2295902.960546 | MAPE 0.046740 | RMSE 67.332367 | Likelihood -2295898.493628 | KL fp 4.4669 | FP STD 0.3396 | ->nfe   24.00 | <-nfe   24.00
Epoch 0062 [Val seq (cond on sampled tp)] |  MAPE 0.019158 | RMSE 57.617928 |
Epoch 0062 [Test seq (cond on sampled tp)] | MAPE 0.028998 | RMSE 163.396759|
0.03391247242689133,0.03240419924259186,0.02857585810124874,0.021098123863339424
154.19112911213472,177.9426149598516,195.55508934504874,125.89820261574428
Experiment 09-01_06:20
Epoch 0063 [Train seq (cond on sampled tp)] | Loss 2422171.931738 | MAPE 0.061912 | RMSE 74.872594 | Likelihood -2422167.289578 | KL fp 4.6422 | FP STD 0.2944 | ->nfe   24.00 | <-nfe   24.00
Epoch 0063 [Val seq (cond on sampled tp)] |  MAPE 0.017934 | RMSE 64.161387 |
Epoch 0063 [Test seq (cond on sampled tp)] | MAPE 0.029346 | RMSE 167.143770|
0.034611910581588745,0.03248748555779457,0.03143208473920822,0.018852664157748222
161.8989545499754,180.08964781463703,194.72118488687872,131.86529140803125
Experiment 09-01_06:20
Epoch 0064 [Train seq (cond on sampled tp)] | Loss 2374959.149466 | MAPE 0.046446 | RMSE 71.585314 | Likelihood -2374954.777534 | KL fp 4.3719 | FP STD 0.3259 | ->nfe   24.00 | <-nfe   24.00
Epoch 0064 [Val seq (cond on sampled tp)] |  MAPE 0.020583 | RMSE 61.318415 |
Epoch 0064 [Test seq (cond on sampled tp)] | MAPE 0.027843 | RMSE 122.930831|
0.02879795990884304,0.026873257011175156,0.028039485216140747,0.02765943668782711
107.69971002311242,135.982320197333,122.29034993612538,125.75094355386562
Experiment 09-01_06:20
Epoch 0065 [Train seq (cond on sampled tp)] | Loss 2238107.118067 | MAPE 0.068605 | RMSE 62.864211 | Likelihood -2238102.578400 | KL fp 4.5397 | FP STD 0.4111 | ->nfe   24.00 | <-nfe   24.00
Epoch 0065 [Val seq (cond on sampled tp)] |  MAPE 0.020702 | RMSE 72.362346 |
Epoch 0065 [Test seq (cond on sampled tp)] | MAPE 0.030326 | RMSE 179.568072|
0.03700951859354973,0.034243062138557434,0.03080187924206257,0.019248876720666885
197.2508614524915,201.16679180471115,197.63260975228758,122.22202597245924
Experiment 09-01_06:20
Epoch 0066 [Train seq (cond on sampled tp)] | Loss 2273219.240645 | MAPE 0.064177 | RMSE 65.577924 | Likelihood -2273214.486177 | KL fp 4.7545 | FP STD 0.3594 | ->nfe   24.00 | <-nfe   24.00
Epoch 0066 [Val seq (cond on sampled tp)] |  MAPE 0.020433 | RMSE 52.412231 |
Epoch 0066 [Test seq (cond on sampled tp)] | MAPE 0.025667 | RMSE 121.417759|
0.02960587665438652,0.02635793201625347,0.02721840888261795,0.019485091790556908
110.86531542399769,126.05515595861202,133.3172540760385,115.4333123902065
Experiment 09-01_06:20
Epoch 0067 [Train seq (cond on sampled tp)] | Loss 2214971.595522 | MAPE 0.066807 | RMSE 62.614637 | Likelihood -2214967.016240 | KL fp 4.5793 | FP STD 0.3282 | ->nfe   24.00 | <-nfe   24.00
Epoch 0067 [Val seq (cond on sampled tp)] |  MAPE 0.019260 | RMSE 61.315142 |
Epoch 0067 [Test seq (cond on sampled tp)] | MAPE 0.026619 | RMSE 132.708266|
0.029201745986938477,0.027424028143286705,0.023596907034516335,0.026253094896674156
115.08913834773897,120.71837787931256,135.02651649305776,159.9990295380725
Experiment 09-01_06:20
Epoch 0068 [Train seq (cond on sampled tp)] | Loss 2262336.827401 | MAPE 0.053902 | RMSE 64.813406 | Likelihood -2262331.886446 | KL fp 4.9410 | FP STD 0.3069 | ->nfe   24.00 | <-nfe   24.00
Epoch 0068 [Val seq (cond on sampled tp)] |  MAPE 0.017440 | RMSE 55.689247 |
Epoch 0068 [Test seq (cond on sampled tp)] | MAPE 0.025054 | RMSE 136.981800|
0.028156932443380356,0.02900679036974907,0.02391299605369568,0.019138865172863007
128.71958833788662,138.53019611036072,154.74669321991988,125.93072252234559
Experiment 09-01_06:20
Epoch 0069 [Train seq (cond on sampled tp)] | Loss 2279658.361046 | MAPE 0.055620 | RMSE 66.093601 | Likelihood -2279653.590798 | KL fp 4.7702 | FP STD 0.3413 | ->nfe   24.00 | <-nfe   24.00
Epoch 0069 [Val seq (cond on sampled tp)] |  MAPE 0.017409 | RMSE 64.674727 |
Epoch 0069 [Test seq (cond on sampled tp)] | MAPE 0.027109 | RMSE 172.188195|
0.032048773020505905,0.03564896062016487,0.02599341794848442,0.014743106439709663
168.6290017594097,201.46568411270442,208.22614846903835,110.43194666286563
Experiment 09-01_06:20
Epoch 0070 [Train seq (cond on sampled tp)] | Loss 2282059.691098 | MAPE 0.050690 | RMSE 66.402150 | Likelihood -2282055.161406 | KL fp 4.5297 | FP STD 0.3806 | ->nfe   24.00 | <-nfe   24.00
Epoch 0070 [Val seq (cond on sampled tp)] |  MAPE 0.019203 | RMSE 60.574798 |
Epoch 0070 [Test seq (cond on sampled tp)] | MAPE 0.021867 | RMSE 115.353792|
0.021328452974557877,0.027625059708952904,0.020188521593809128,0.018326548859477043
95.53080532281197,132.57265107291173,117.84999403372916,115.46171747867342
0.021328452974557877,0.027625059708952904,0.020188521593809128,0.018326548859477043
95.53080532281197,132.57265107291173,117.84999403372916,115.46171747867342
Epoch 0070 [Test seq (cond on sampled tp)] | Best Test MAPE 0.021867|Best Test RMSE 115.353792|
Experiment 09-01_06:20
Epoch 0071 [Train seq (cond on sampled tp)] | Loss 2222393.865495 | MAPE 0.055090 | RMSE 62.584365 | Likelihood -2222388.965782 | KL fp 4.8997 | FP STD 0.3298 | ->nfe   24.00 | <-nfe   24.00
Epoch 0071 [Val seq (cond on sampled tp)] |  MAPE 0.017935 | RMSE 54.279264 |
Epoch 0071 [Test seq (cond on sampled tp)] | MAPE 0.023569 | RMSE 132.548469|
0.025577565655112267,0.025710735470056534,0.02226897142827511,0.020720625296235085
109.5604722074184,135.53719796148215,166.29873580773247,118.79746995280455
Experiment 09-01_06:20
Epoch 0072 [Train seq (cond on sampled tp)] | Loss 2254469.074925 | MAPE 0.062238 | RMSE 64.803360 | Likelihood -2254464.540067 | KL fp 4.5349 | FP STD 0.4051 | ->nfe   24.00 | <-nfe   24.00
Epoch 0072 [Val seq (cond on sampled tp)] |  MAPE 0.017662 | RMSE 64.987131 |
Epoch 0072 [Test seq (cond on sampled tp)] | MAPE 0.026099 | RMSE 140.182560|
0.027719568461179733,0.03427102789282799,0.02545318379998207,0.016951870173215866
111.95902047456917,148.32391707003964,163.81183231454924,136.63547106489222
Experiment 09-01_06:20
Epoch 0073 [Train seq (cond on sampled tp)] | Loss 2247690.196960 | MAPE 0.043755 | RMSE 64.552466 | Likelihood -2247685.441937 | KL fp 4.7550 | FP STD 0.3652 | ->nfe   24.00 | <-nfe   24.00
Epoch 0073 [Val seq (cond on sampled tp)] |  MAPE 0.018154 | RMSE 79.669612 |
Epoch 0073 [Test seq (cond on sampled tp)] | MAPE 0.025103 | RMSE 143.446022|
0.024904556572437286,0.029056278988718987,0.022467592731118202,0.02398238517343998
114.10876202252174,117.78995142307343,151.72428864761568,190.161085086434
Experiment 09-01_06:20
Epoch 0074 [Train seq (cond on sampled tp)] | Loss 2265393.540591 | MAPE 0.042172 | RMSE 65.878226 | Likelihood -2265388.892727 | KL fp 4.6479 | FP STD 0.4307 | ->nfe   24.00 | <-nfe   24.00
Epoch 0074 [Val seq (cond on sampled tp)] |  MAPE 0.017907 | RMSE 57.073715 |
Epoch 0074 [Test seq (cond on sampled tp)] | MAPE 0.022382 | RMSE 139.016881|
0.02513982728123665,0.02806786634027958,0.020098058506846428,0.01622108928859234
108.02339879627932,148.922090579269,181.31372802066036,117.80830562825356
Experiment 09-01_06:20
Epoch 0075 [Train seq (cond on sampled tp)] | Loss 2307053.381932 | MAPE 0.047512 | RMSE 67.937812 | Likelihood -2307048.348244 | KL fp 5.0337 | FP STD 0.3782 | ->nfe   24.00 | <-nfe   24.00
Epoch 0075 [Val seq (cond on sampled tp)] |  MAPE 0.021716 | RMSE 60.418016 |
Epoch 0075 [Test seq (cond on sampled tp)] | MAPE 0.025173 | RMSE 152.508890|
0.02879475988447666,0.030025111511349678,0.02538544125854969,0.016488341614603996
128.9576980665559,173.4759247975782,194.78357380693066,112.81836463288013
Experiment 09-01_06:20
Epoch 0076 [Train seq (cond on sampled tp)] | Loss 2311199.617363 | MAPE 0.052426 | RMSE 68.096742 | Likelihood -2311194.455868 | KL fp 5.1615 | FP STD 0.4088 | ->nfe   24.00 | <-nfe   24.00
Epoch 0076 [Val seq (cond on sampled tp)] |  MAPE 0.018060 | RMSE 59.746081 |
Epoch 0076 [Test seq (cond on sampled tp)] | MAPE 0.024659 | RMSE 133.412917|
0.027217211201786995,0.03038589470088482,0.027078041806817055,0.013955989852547646
118.95481104315411,136.00652701479072,162.78825995176987,115.9020709006638
Experiment 09-01_06:20
Epoch 0077 [Train seq (cond on sampled tp)] | Loss 2273312.187688 | MAPE 0.048473 | RMSE 65.891879 | Likelihood -2273306.904706 | KL fp 5.2830 | FP STD 0.4774 | ->nfe   24.00 | <-nfe   24.00
Epoch 0077 [Val seq (cond on sampled tp)] |  MAPE 0.029897 | RMSE 63.536657 |
Epoch 0077 [Test seq (cond on sampled tp)] | MAPE 0.028359 | RMSE 150.385527|
0.0322987325489521,0.03018050827085972,0.029949625954031944,0.021007155999541283
136.69876639668334,170.34888946108512,190.65465957786083,103.83979077616394
Experiment 09-01_06:20
Epoch 0078 [Train seq (cond on sampled tp)] | Loss 2389315.748913 | MAPE 0.121948 | RMSE 71.988355 | Likelihood -2389310.396384 | KL fp 5.3525 | FP STD 0.5928 | ->nfe   24.00 | <-nfe   24.00
Epoch 0078 [Val seq (cond on sampled tp)] |  MAPE 0.024698 | RMSE 86.001079 |
Epoch 0078 [Test seq (cond on sampled tp)] | MAPE 0.032839 | RMSE 203.224190|
0.04035253822803497,0.03979329764842987,0.032167237251996994,0.01904369704425335
203.2214674776019,231.58823237591326,215.7439526962459,162.34310935869746
Experiment 09-01_06:20
Epoch 0079 [Train seq (cond on sampled tp)] | Loss 2340406.492730 | MAPE 0.057839 | RMSE 69.222612 | Likelihood -2340401.207005 | KL fp 5.2857 | FP STD 0.5121 | ->nfe   24.00 | <-nfe   24.00
Epoch 0079 [Val seq (cond on sampled tp)] |  MAPE 0.020723 | RMSE 57.479181 |
Epoch 0079 [Test seq (cond on sampled tp)] | MAPE 0.026478 | RMSE 146.259941|
0.030214650556445122,0.03154920041561127,0.02574044093489647,0.018406054005026817
134.93684865521354,146.72743251732103,162.69723006823133,140.67825380544784
Experiment 09-01_06:20
Epoch 0080 [Train seq (cond on sampled tp)] | Loss 2294917.729139 | MAPE 0.072704 | RMSE 67.314854 | Likelihood -2294912.435684 | KL fp 5.2935 | FP STD 0.4909 | ->nfe   24.00 | <-nfe   24.00
Epoch 0080 [Val seq (cond on sampled tp)] |  MAPE 0.018950 | RMSE 51.540658 |
Epoch 0080 [Test seq (cond on sampled tp)] | MAPE 0.023333 | RMSE 130.376326|
0.022516122087836266,0.030196405947208405,0.023963848128914833,0.016655365005135536
95.92212315695217,147.125039825823,155.77125406746265,122.6868870972974
Experiment 09-01_06:20
Epoch 0081 [Train seq (cond on sampled tp)] | Loss 2282246.990387 | MAPE 0.081767 | RMSE 66.564866 | Likelihood -2282241.486235 | KL fp 5.5042 | FP STD 0.3816 | ->nfe   24.00 | <-nfe   24.00
Epoch 0081 [Val seq (cond on sampled tp)] |  MAPE 0.024354 | RMSE 69.292941 |
Epoch 0081 [Test seq (cond on sampled tp)] | MAPE 0.023896 | RMSE 132.252558|
0.026464585214853287,0.025218471884727478,0.02088138274848461,0.02301914244890213
109.58453144148585,118.85805938702684,139.5581615984891,161.0094802624212
Experiment 09-01_06:20
Epoch 0082 [Train seq (cond on sampled tp)] | Loss 2345639.462190 | MAPE 0.055011 | RMSE 70.372327 | Likelihood -2345633.989950 | KL fp 5.4722 | FP STD 0.4616 | ->nfe   24.00 | <-nfe   24.00
Epoch 0082 [Val seq (cond on sampled tp)] |  MAPE 0.019833 | RMSE 65.279395 |
Epoch 0082 [Test seq (cond on sampled tp)] | MAPE 0.026355 | RMSE 143.891244|
0.028228044509887695,0.028314419090747833,0.027751168236136436,0.021127594634890556
103.65087979758059,134.91046654865218,171.06182065082496,165.94180785368707
Experiment 09-01_06:20
Epoch 0083 [Train seq (cond on sampled tp)] | Loss 2358472.484364 | MAPE 0.052290 | RMSE 71.191894 | Likelihood -2358466.616269 | KL fp 5.8681 | FP STD 0.4239 | ->nfe   24.00 | <-nfe   24.00
Epoch 0083 [Val seq (cond on sampled tp)] |  MAPE 0.018620 | RMSE 58.087427 |
Epoch 0083 [Test seq (cond on sampled tp)] | MAPE 0.024475 | RMSE 144.060126|
0.025756696239113808,0.030905017629265785,0.022542042657732964,0.018697824329137802
118.73638902259492,139.2262589164666,185.9015511467024,132.37630576551456
Experiment 09-01_06:20
Epoch 0084 [Train seq (cond on sampled tp)] | Loss 2354996.203921 | MAPE 0.059337 | RMSE 70.787296 | Likelihood -2354990.068105 | KL fp 6.1358 | FP STD 0.4535 | ->nfe   24.00 | <-nfe   24.00
Epoch 0084 [Val seq (cond on sampled tp)] |  MAPE 0.021559 | RMSE 59.991404 |
Epoch 0084 [Test seq (cond on sampled tp)] | MAPE 0.025116 | RMSE 144.542743|
0.026163164526224136,0.02829866111278534,0.02728336676955223,0.018720651045441628
140.69035286978635,151.67739202003705,174.80967328783612,110.9935553801999
Experiment 09-01_06:20
Epoch 0085 [Train seq (cond on sampled tp)] | Loss 2331673.584664 | MAPE 0.071739 | RMSE 69.153006 | Likelihood -2331667.239475 | KL fp 6.3452 | FP STD 0.4815 | ->nfe   24.00 | <-nfe   24.00
Epoch 0085 [Val seq (cond on sampled tp)] |  MAPE 0.022350 | RMSE 60.332206 |
Epoch 0085 [Test seq (cond on sampled tp)] | MAPE 0.029338 | RMSE 148.719966|
0.03126725181937218,0.03527134284377098,0.03269311040639877,0.018119720742106438
131.89888705462985,156.71056496571953,193.050713868144,113.21969879536202
Experiment 09-01_06:20
Epoch 0086 [Train seq (cond on sampled tp)] | Loss 2316336.894101 | MAPE 0.073168 | RMSE 68.137921 | Likelihood -2316331.164648 | KL fp 5.7295 | FP STD 0.5646 | ->nfe   24.00 | <-nfe   24.00
Epoch 0086 [Val seq (cond on sampled tp)] |  MAPE 0.026173 | RMSE 57.920240 |
Epoch 0086 [Test seq (cond on sampled tp)] | MAPE 0.029823 | RMSE 131.341508|
0.029479360207915306,0.0332077294588089,0.030404439195990562,0.026201725006103516
105.85633874797011,135.3540351956675,160.77855622135993,123.37710152085556
Experiment 09-01_06:20
Epoch 0087 [Train seq (cond on sampled tp)] | Loss 2288446.562590 | MAPE 0.100409 | RMSE 66.708563 | Likelihood -2288440.782742 | KL fp 5.7798 | FP STD 0.4121 | ->nfe   24.00 | <-nfe   24.00
Epoch 0087 [Val seq (cond on sampled tp)] |  MAPE 0.028873 | RMSE 51.964188 |
Epoch 0087 [Test seq (cond on sampled tp)] | MAPE 0.030427 | RMSE 133.303936|
0.03616471588611603,0.03316337615251541,0.027397699654102325,0.02498147450387478
108.02238627941895,147.10645327024235,161.7650145175866,116.32189057336757
Experiment 09-01_06:20
Epoch 0088 [Train seq (cond on sampled tp)] | Loss 2342507.868570 | MAPE 0.124559 | RMSE 69.706092 | Likelihood -2342502.502602 | KL fp 5.3660 | FP STD 0.3975 | ->nfe   24.00 | <-nfe   24.00
Epoch 0088 [Val seq (cond on sampled tp)] |  MAPE 0.019722 | RMSE 56.305977 |
Epoch 0088 [Test seq (cond on sampled tp)] | MAPE 0.027973 | RMSE 151.579945|
0.03235350921750069,0.03459658473730087,0.025701424106955528,0.019239937886595726
132.7249122951302,155.1991601036391,194.57953467027306,123.81617154450181
Experiment 09-01_06:20
Epoch 0089 [Train seq (cond on sampled tp)] | Loss 2376851.870097 | MAPE 0.074185 | RMSE 71.930053 | Likelihood -2376847.137018 | KL fp 4.7331 | FP STD 0.4400 | ->nfe   24.00 | <-nfe   24.00
Epoch 0089 [Val seq (cond on sampled tp)] |  MAPE 0.018231 | RMSE 58.390803 |
Epoch 0089 [Test seq (cond on sampled tp)] | MAPE 0.028431 | RMSE 151.701630|
0.0348450131714344,0.03523964434862137,0.028055258095264435,0.01558461133390665
152.34055445366477,167.4488844580638,174.74738463708118,112.26969482010718
Experiment 09-01_06:20
Epoch 0090 [Train seq (cond on sampled tp)] | Loss 2446309.342470 | MAPE 0.058367 | RMSE 76.066260 | Likelihood -2446304.680219 | KL fp 4.6623 | FP STD 0.3081 | ->nfe   24.00 | <-nfe   24.00
Epoch 0090 [Val seq (cond on sampled tp)] |  MAPE 0.020984 | RMSE 65.388383 |
Epoch 0090 [Test seq (cond on sampled tp)] | MAPE 0.031135 | RMSE 140.464227|
0.03762291744351387,0.03997277468442917,0.024712540209293365,0.02222994714975357
123.74258579431132,151.19727257584708,162.97565002171336,123.94140027902299
Experiment 09-01_06:20
Epoch 0091 [Train seq (cond on sampled tp)] | Loss 2372633.498332 | MAPE 0.058741 | RMSE 71.664963 | Likelihood -2372629.100871 | KL fp 4.3975 | FP STD 0.3526 | ->nfe   24.00 | <-nfe   24.00
Epoch 0091 [Val seq (cond on sampled tp)] |  MAPE 0.034909 | RMSE 52.218921 |
Epoch 0091 [Test seq (cond on sampled tp)] | MAPE 0.034724 | RMSE 134.073900|
0.036963578313589096,0.03551580011844635,0.03279834985733032,0.033619582653045654
108.95203485221145,155.4319460205977,151.51470896005443,120.39691032424794
Experiment 09-01_06:20
Epoch 0092 [Train seq (cond on sampled tp)] | Loss 2382092.079611 | MAPE 0.116264 | RMSE 71.446830 | Likelihood -2382087.525938 | KL fp 4.5537 | FP STD 0.3324 | ->nfe   24.00 | <-nfe   24.00
Epoch 0092 [Val seq (cond on sampled tp)] |  MAPE 0.036378 | RMSE 73.308420 |
Epoch 0092 [Test seq (cond on sampled tp)] | MAPE 0.039901 | RMSE 127.612008|
0.04265785962343216,0.035573896020650864,0.04590550437569618,0.03546503931283951
110.92628464435289,102.5866345004309,145.63245689062586,151.30265741428667
Experiment 09-01_06:20
Epoch 0093 [Train seq (cond on sampled tp)] | Loss 2400392.431861 | MAPE 0.077994 | RMSE 72.745869 | Likelihood -2400387.658580 | KL fp 4.7733 | FP STD 0.3866 | ->nfe   24.00 | <-nfe   24.00
Epoch 0093 [Val seq (cond on sampled tp)] |  MAPE 0.016366 | RMSE 57.627140 |
Epoch 0093 [Test seq (cond on sampled tp)] | MAPE 0.026668 | RMSE 129.780989|
0.029306568205356598,0.032143484801054,0.026758693158626556,0.018462304025888443
124.43691533639645,137.01668608467,155.15692031577257,102.51343280882755
Experiment 09-01_06:20
Epoch 0094 [Train seq (cond on sampled tp)] | Loss 2292471.555792 | MAPE 0.055716 | RMSE 66.943126 | Likelihood -2292466.615877 | KL fp 4.9399 | FP STD 0.3418 | ->nfe   24.00 | <-nfe   24.00
Epoch 0094 [Val seq (cond on sampled tp)] |  MAPE 0.018937 | RMSE 63.632969 |
Epoch 0094 [Test seq (cond on sampled tp)] | MAPE 0.026495 | RMSE 172.499489|
0.02810603566467762,0.03246704861521721,0.028436049818992615,0.01697000488638878
158.64147988664567,190.95369203029304,224.58203366197841,115.82075068424699
Experiment 09-01_06:20
Epoch 0095 [Train seq (cond on sampled tp)] | Loss 2535203.103660 | MAPE 0.055367 | RMSE 80.944308 | Likelihood -2535197.748333 | KL fp 5.3553 | FP STD 0.3103 | ->nfe   24.00 | <-nfe   24.00
Epoch 0095 [Val seq (cond on sampled tp)] |  MAPE 0.021783 | RMSE 56.014202 |
Epoch 0095 [Test seq (cond on sampled tp)] | MAPE 0.025887 | RMSE 132.691756|
0.02684422954916954,0.031087540090084076,0.025264529511332512,0.020352985709905624
121.9427616112371,153.58511229526772,153.0833744442877,102.15577680373734
Experiment 09-01_06:20
Epoch 0096 [Train seq (cond on sampled tp)] | Loss 2355864.237300 | MAPE 0.059547 | RMSE 69.780936 | Likelihood -2355859.043637 | KL fp 5.1937 | FP STD 0.3127 | ->nfe   24.00 | <-nfe   24.00
Epoch 0096 [Val seq (cond on sampled tp)] |  MAPE 0.027589 | RMSE 60.615656 |
Epoch 0096 [Test seq (cond on sampled tp)] | MAPE 0.025666 | RMSE 108.267388|
0.028536243364214897,0.02766360715031624,0.02187146432697773,0.024592887610197067
96.93956014090686,116.01721063731235,98.02675714919626,122.0860232389953
Experiment 09-01_06:20
Epoch 0097 [Train seq (cond on sampled tp)] | Loss 2497579.720226 | MAPE 0.114814 | RMSE 77.702053 | Likelihood -2497574.110447 | KL fp 5.6098 | FP STD 0.3396 | ->nfe   24.00 | <-nfe   24.00
Epoch 0097 [Val seq (cond on sampled tp)] |  MAPE 0.020703 | RMSE 84.594564 |
Epoch 0097 [Test seq (cond on sampled tp)] | MAPE 0.030656 | RMSE 174.971303|
0.035678230226039886,0.039679788053035736,0.0302873644977808,0.016978582367300987
173.8949934586962,217.65688486985658,183.0499953052444,125.28333903222128
Experiment 09-01_06:20
Epoch 0098 [Train seq (cond on sampled tp)] | Loss 2329101.004922 | MAPE 0.061699 | RMSE 69.214528 | Likelihood -2329095.282116 | KL fp 5.7228 | FP STD 0.2812 | ->nfe   24.00 | <-nfe   24.00
Epoch 0098 [Val seq (cond on sampled tp)] |  MAPE 0.022276 | RMSE 61.051902 |
Epoch 0098 [Test seq (cond on sampled tp)] | MAPE 0.028153 | RMSE 143.393692|
0.03034742921590805,0.032261017709970474,0.026835789903998375,0.023166436702013016
136.53192592531244,155.1476866972241,152.88311251982674,129.01204370862047
Experiment 09-01_06:20
Epoch 0099 [Train seq (cond on sampled tp)] | Loss 2254317.214695 | MAPE 0.063355 | RMSE 64.141101 | Likelihood -2254311.789210 | KL fp 5.4255 | FP STD 0.3409 | ->nfe   24.00 | <-nfe   24.00
Epoch 0099 [Val seq (cond on sampled tp)] |  MAPE 0.025884 | RMSE 79.318721 |
Epoch 0099 [Test seq (cond on sampled tp)] | MAPE 0.027840 | RMSE 129.626769|
0.02972068078815937,0.029613694176077843,0.02757507935166359,0.02444874309003353
113.63829508301768,128.40258041118176,122.66417569934589,153.80202371880546
Experiment 09-01_06:20
Epoch 0100 [Train seq (cond on sampled tp)] | Loss 2276000.682194 | MAPE 0.083644 | RMSE 65.878119 | Likelihood -2275995.138516 | KL fp 5.5437 | FP STD 0.4252 | ->nfe   24.00 | <-nfe   24.00
Epoch 0100 [Val seq (cond on sampled tp)] |  MAPE 0.020382 | RMSE 61.373443 |
Epoch 0100 [Test seq (cond on sampled tp)] | MAPE 0.028171 | RMSE 155.089119|
0.03132534772157669,0.03502821549773216,0.028453165665268898,0.017875956371426582
142.21095273615532,186.45107644164997,169.33276110775196,122.36168450923475
