/nvme/yuanjingyang/CG-ODE/run_models_covid.py
run_models_covid.py
Namespace(save='experiments/', load=None, dataset='Dec', datapath='data/', pred_length=14, condition_length=21, features='Confirmed,Deaths,Recovered,Mortality_Rate,Testing_Rate,Population,Mobility', split_interval=3, feature_out='Deaths', niters=100, lr=0.005, batch_size=8, random_seed=1991, dropout=0.2, l2=1e-05, optimizer='AdamW', clip=10, edge_lamda=0.5, z0_encoder='GTrans', rec_dims=64, ode_dims=20, rec_layers=1, gen_layers=1, augment_dim=0, solver='rk4', alias='run', output_dim=1, feature_out_index=[1], num_atoms=50, heavyBall=False)
run
Experiment 06-19_17:15
Epoch 0001 [Train seq (cond on sampled tp)] | Loss 4390896.040078 | MAPE 0.063288 | RMSE 286.214718 | Likelihood -4390894.689377 | KL fp 1.3507 | FP STD 0.4944|
Epoch 0001 [Val seq (cond on sampled tp)] |  MAPE 0.058120 | RMSE 304.541946 |
Best Val!
Epoch 0001 [Test seq (cond on sampled tp)] | MAPE 0.119556 | RMSE 903.784589|
0.131733238697052,0.12383496761322021,0.10309848189353943
848.6128386961866,934.8293962001837,927.9115326904823
0.131733238697052,0.12383496761322021,0.10309848189353943
848.6128386961866,934.8293962001837,927.9115326904823
Epoch 0001 [Test seq (cond on sampled tp)] | Best Test MAPE 0.119556|Best Test RMSE 903.784589|
Experiment 06-19_17:15
Epoch 0002 [Train seq (cond on sampled tp)] | Loss 4160262.889388 | MAPE 0.101278 | RMSE 274.601414 | Likelihood -4160260.076405 | KL fp 2.8130 | FP STD 0.9105|
Epoch 0002 [Val seq (cond on sampled tp)] |  MAPE 0.064178 | RMSE 277.308281 |
Epoch 0002 [Test seq (cond on sampled tp)] | MAPE 0.107771 | RMSE 858.712707|
0.11690539121627808,0.10942009836435318,0.09698613733053207
799.9380444759456,888.0029912674844,888.1970853926509
0.11690539121627808,0.10942009836435318,0.09698613733053207
799.9380444759456,888.0029912674844,888.1970853926509
Epoch 0002 [Test seq (cond on sampled tp)] | Best Test MAPE 0.107771|Best Test RMSE 858.712707|
Experiment 06-19_17:15
Epoch 0003 [Train seq (cond on sampled tp)] | Loss 3782283.560238 | MAPE 0.244752 | RMSE 253.933137 | Likelihood -3782278.101543 | KL fp 5.4587 | FP STD 1.1918|
Epoch 0003 [Val seq (cond on sampled tp)] |  MAPE 0.103248 | RMSE 234.446297 |
Epoch 0003 [Test seq (cond on sampled tp)] | MAPE 0.137348 | RMSE 771.804883|
0.14401349425315857,0.14210261404514313,0.1259278804063797
709.4356912363515,801.6937538736347,804.2852028354121
Experiment 06-19_17:15
Epoch 0004 [Train seq (cond on sampled tp)] | Loss 3450870.808731 | MAPE 0.450464 | RMSE 233.386309 | Likelihood -3450864.276600 | KL fp 6.5321 | FP STD 1.0411|
Epoch 0004 [Val seq (cond on sampled tp)] |  MAPE 0.073847 | RMSE 195.819273 |
Epoch 0004 [Test seq (cond on sampled tp)] | MAPE 0.106064 | RMSE 698.138465|
0.11020825803279877,0.10348726063966751,0.10449706763029099
628.4476410171336,728.3594579601476,737.6082971333769
0.11020825803279877,0.10348726063966751,0.10449706763029099
628.4476410171336,728.3594579601476,737.6082971333769
Epoch 0004 [Test seq (cond on sampled tp)] | Best Test MAPE 0.106064|Best Test RMSE 698.138465|
Experiment 06-19_17:15
Epoch 0005 [Train seq (cond on sampled tp)] | Loss 2997396.714939 | MAPE 0.186307 | RMSE 204.151365 | Likelihood -2997393.390325 | KL fp 3.3246 | FP STD 0.6447|
Epoch 0005 [Val seq (cond on sampled tp)] |  MAPE 0.029554 | RMSE 163.825162 |
Best Val!
Epoch 0005 [Test seq (cond on sampled tp)] | MAPE 0.059713 | RMSE 614.709635|
0.06208333745598793,0.06296271085739136,0.05409301072359085
548.5919761079267,648.5086738047534,647.0282547926327
0.06208333745598793,0.06296271085739136,0.05409301072359085
548.5919761079267,648.5086738047534,647.0282547926327
Epoch 0005 [Test seq (cond on sampled tp)] | Best Test MAPE 0.059713|Best Test RMSE 614.709635|
Experiment 06-19_17:15
Epoch 0006 [Train seq (cond on sampled tp)] | Loss 2686826.196497 | MAPE 0.040367 | RMSE 179.318917 | Likelihood -2686822.522170 | KL fp 3.6743 | FP STD 0.6473|
Epoch 0006 [Val seq (cond on sampled tp)] |  MAPE 0.027727 | RMSE 149.885464 |
Best Val!
Epoch 0006 [Test seq (cond on sampled tp)] | MAPE 0.054956 | RMSE 559.070007|
0.05710957944393158,0.05932609364390373,0.048433803021907806
487.347267741392,598.5993025388519,591.2634512211963
0.05710957944393158,0.05932609364390373,0.048433803021907806
487.347267741392,598.5993025388519,591.2634512211963
Epoch 0006 [Test seq (cond on sampled tp)] | Best Test MAPE 0.054956|Best Test RMSE 559.070007|
Experiment 06-19_17:15
Epoch 0007 [Train seq (cond on sampled tp)] | Loss 2418624.178826 | MAPE 0.049602 | RMSE 155.113049 | Likelihood -2418621.045534 | KL fp 3.1333 | FP STD 0.5688|
Epoch 0007 [Val seq (cond on sampled tp)] |  MAPE 0.028666 | RMSE 113.009597 |
Epoch 0007 [Test seq (cond on sampled tp)] | MAPE 0.054100 | RMSE 466.842010|
0.056742411106824875,0.06251350045204163,0.04304337874054909
387.64503334236076,505.11231733645144,507.768678878483
0.056742411106824875,0.06251350045204163,0.04304337874054909
387.64503334236076,505.11231733645144,507.768678878483
Epoch 0007 [Test seq (cond on sampled tp)] | Best Test MAPE 0.054100|Best Test RMSE 466.842010|
Experiment 06-19_17:15
Epoch 0008 [Train seq (cond on sampled tp)] | Loss 2277320.153488 | MAPE 0.038523 | RMSE 139.788280 | Likelihood -2277317.240898 | KL fp 2.9126 | FP STD 0.4759|
Epoch 0008 [Val seq (cond on sampled tp)] |  MAPE 0.027197 | RMSE 110.694770 |
Best Val!
Epoch 0008 [Test seq (cond on sampled tp)] | MAPE 0.052826 | RMSE 408.522665|
0.053897202014923096,0.056090347468853,0.048490628600120544
340.49600768584645,434.921993724162,450.1499923636565
0.053897202014923096,0.056090347468853,0.048490628600120544
340.49600768584645,434.921993724162,450.1499923636565
Epoch 0008 [Test seq (cond on sampled tp)] | Best Test MAPE 0.052826|Best Test RMSE 408.522665|
Experiment 06-19_17:15
Epoch 0009 [Train seq (cond on sampled tp)] | Loss 2198893.235471 | MAPE 0.044002 | RMSE 129.497279 | Likelihood -2198889.968139 | KL fp 3.2673 | FP STD 0.3949|
Epoch 0009 [Val seq (cond on sampled tp)] |  MAPE 0.035031 | RMSE 105.903230 |
Epoch 0009 [Test seq (cond on sampled tp)] | MAPE 0.054226 | RMSE 405.873454|
0.055903732776641846,0.05896540358662605,0.04780809208750725
334.73467804740517,430.54064848745696,452.3450356199347
Experiment 06-19_17:15
Epoch 0010 [Train seq (cond on sampled tp)] | Loss 2111111.889290 | MAPE 0.036486 | RMSE 120.110902 | Likelihood -2111109.063375 | KL fp 2.8259 | FP STD 0.3482|
Epoch 0010 [Val seq (cond on sampled tp)] |  MAPE 0.024786 | RMSE 94.914893 |
Best Val!
Epoch 0010 [Test seq (cond on sampled tp)] | MAPE 0.051701 | RMSE 364.502223|
0.057220060378313065,0.05374263599514961,0.04413949325680733
299.60780353238465,387.01964178191264,406.87922424842486
0.057220060378313065,0.05374263599514961,0.04413949325680733
299.60780353238465,387.01964178191264,406.87922424842486
Epoch 0010 [Test seq (cond on sampled tp)] | Best Test MAPE 0.051701|Best Test RMSE 364.502223|
Experiment 06-19_17:15
Epoch 0011 [Train seq (cond on sampled tp)] | Loss 2093758.029315 | MAPE 0.037677 | RMSE 117.573402 | Likelihood -2093755.123765 | KL fp 2.9055 | FP STD 0.2914|
Epoch 0011 [Val seq (cond on sampled tp)] |  MAPE 0.032947 | RMSE 83.918880 |
Epoch 0011 [Test seq (cond on sampled tp)] | MAPE 0.058116 | RMSE 330.299930|
0.058691222220659256,0.06421606987714767,0.05143962800502777
249.2666587963581,355.77402413610804,385.8591064106172
Experiment 06-19_17:15
Epoch 0012 [Train seq (cond on sampled tp)] | Loss 2026743.923330 | MAPE 0.032336 | RMSE 106.435865 | Likelihood -2026740.828567 | KL fp 3.0948 | FP STD 0.2747|
Epoch 0012 [Val seq (cond on sampled tp)] |  MAPE 0.031198 | RMSE 107.233991 |
Epoch 0012 [Test seq (cond on sampled tp)] | MAPE 0.055980 | RMSE 346.448797|
0.05596700683236122,0.06452490389347076,0.0474470779299736
292.16956495757734,376.3755604446176,370.80126499919066
Experiment 06-19_17:15
Epoch 0013 [Train seq (cond on sampled tp)] | Loss 2070082.510239 | MAPE 0.052211 | RMSE 113.761152 | Likelihood -2070079.500263 | KL fp 3.0100 | FP STD 0.2599|
Epoch 0013 [Val seq (cond on sampled tp)] |  MAPE 0.029913 | RMSE 87.837599 |
Epoch 0013 [Test seq (cond on sampled tp)] | MAPE 0.057106 | RMSE 343.089062|
0.06376134604215622,0.05872011184692383,0.04883725941181183
281.2855255341092,364.97611223201994,383.00554826268507
Experiment 06-19_17:15
Epoch 0014 [Train seq (cond on sampled tp)] | Loss 2021312.581100 | MAPE 0.037207 | RMSE 106.946205 | Likelihood -2021309.579326 | KL fp 3.0018 | FP STD 0.2373|
Epoch 0014 [Val seq (cond on sampled tp)] |  MAPE 0.027125 | RMSE 94.548020 |
Epoch 0014 [Test seq (cond on sampled tp)] | MAPE 0.056620 | RMSE 322.220587|
0.06581585854291916,0.06015780195593834,0.04388631135225296
269.3352348839639,354.9091102838866,342.41741705117744
Experiment 06-19_17:15
Epoch 0015 [Train seq (cond on sampled tp)] | Loss 2009404.459924 | MAPE 0.033744 | RMSE 105.030651 | Likelihood -2009401.480617 | KL fp 2.9793 | FP STD 0.2443|
Epoch 0015 [Val seq (cond on sampled tp)] |  MAPE 0.031413 | RMSE 95.377217 |
Epoch 0015 [Test seq (cond on sampled tp)] | MAPE 0.059839 | RMSE 349.337922|
0.06240628659725189,0.06449883431196213,0.05261070281267166
266.6106272497404,385.5656356251164,395.83750217102977
Experiment 06-19_17:15
Epoch 0016 [Train seq (cond on sampled tp)] | Loss 2012518.156212 | MAPE 0.039122 | RMSE 104.912170 | Likelihood -2012515.050309 | KL fp 3.1059 | FP STD 0.2302|
Epoch 0016 [Val seq (cond on sampled tp)] |  MAPE 0.030543 | RMSE 82.418275 |
Epoch 0016 [Test seq (cond on sampled tp)] | MAPE 0.060788 | RMSE 288.376538|
0.0654943436384201,0.06269330531358719,0.05417674407362938
226.11562826074186,304.5437545534303,334.47023176584787
Experiment 06-19_17:15
Epoch 0017 [Train seq (cond on sampled tp)] | Loss 1983398.898889 | MAPE 0.037009 | RMSE 100.835477 | Likelihood -1983395.738408 | KL fp 3.1605 | FP STD 0.2262|
Epoch 0017 [Val seq (cond on sampled tp)] |  MAPE 0.033991 | RMSE 91.878757 |
Epoch 0017 [Test seq (cond on sampled tp)] | MAPE 0.060462 | RMSE 340.222596|
0.0641525387763977,0.061295270919799805,0.0559377484023571
290.4715724042544,380.3328722974127,349.8633438572838
Experiment 06-19_17:15
Epoch 0018 [Train seq (cond on sampled tp)] | Loss 2000145.955638 | MAPE 0.030222 | RMSE 103.947799 | Likelihood -2000143.062026 | KL fp 2.8936 | FP STD 0.2182|
Epoch 0018 [Val seq (cond on sampled tp)] |  MAPE 0.036880 | RMSE 79.405371 |
Epoch 0018 [Test seq (cond on sampled tp)] | MAPE 0.064060 | RMSE 280.265848|
0.06351691484451294,0.06344448029994965,0.06521743535995483
204.67932235572795,282.1403130536294,353.97790803240815
Experiment 06-19_17:15
Epoch 0019 [Train seq (cond on sampled tp)] | Loss 1993976.536472 | MAPE 0.041430 | RMSE 99.651397 | Likelihood -1993973.350379 | KL fp 3.1861 | FP STD 0.2376|
Epoch 0019 [Val seq (cond on sampled tp)] |  MAPE 0.029573 | RMSE 83.946403 |
Epoch 0019 [Test seq (cond on sampled tp)] | MAPE 0.064623 | RMSE 302.398538|
0.06880120187997818,0.06761620193719864,0.05745036527514458
238.7907033366249,330.11314348265506,338.29176802355096
Experiment 06-19_17:15
Epoch 0020 [Train seq (cond on sampled tp)] | Loss 1971414.484290 | MAPE 0.030694 | RMSE 100.382302 | Likelihood -1971411.462052 | KL fp 3.0222 | FP STD 0.2273|
Epoch 0020 [Val seq (cond on sampled tp)] |  MAPE 0.030436 | RMSE 78.619044 |
Epoch 0020 [Test seq (cond on sampled tp)] | MAPE 0.060953 | RMSE 279.142262|
0.06300743669271469,0.06253073364496231,0.05732216686010361
215.49540489590493,291.46069364066915,330.47068705106057
Experiment 06-19_17:15
Epoch 0021 [Train seq (cond on sampled tp)] | Loss 1962099.690760 | MAPE 0.028410 | RMSE 97.649575 | Likelihood -1962096.613599 | KL fp 3.0772 | FP STD 0.2273|
Epoch 0021 [Val seq (cond on sampled tp)] |  MAPE 0.035108 | RMSE 85.351528 |
Epoch 0021 [Test seq (cond on sampled tp)] | MAPE 0.062957 | RMSE 317.580824|
0.06473484635353088,0.06464336812496185,0.05949365347623825
259.7488721101595,333.52029782683394,359.4733017728855
Experiment 06-19_17:15
Epoch 0022 [Train seq (cond on sampled tp)] | Loss 2005236.300852 | MAPE 0.056651 | RMSE 103.809833 | Likelihood -2005233.160458 | KL fp 3.1404 | FP STD 0.2200|
Epoch 0022 [Val seq (cond on sampled tp)] |  MAPE 0.030861 | RMSE 86.448583 |
Epoch 0022 [Test seq (cond on sampled tp)] | MAPE 0.053329 | RMSE 303.298657|
0.056472163647413254,0.056016672402620316,0.04749865457415581
237.09542020302712,331.24607308993114,341.55447726168074
Experiment 06-19_17:15
Epoch 0023 [Train seq (cond on sampled tp)] | Loss 1957847.362468 | MAPE 0.032029 | RMSE 96.644263 | Likelihood -1957844.206629 | KL fp 3.1558 | FP STD 0.2006|
Epoch 0023 [Val seq (cond on sampled tp)] |  MAPE 0.035100 | RMSE 75.928494 |
Epoch 0023 [Test seq (cond on sampled tp)] | MAPE 0.057021 | RMSE 292.212488|
0.05624239891767502,0.06098649278283119,0.053833529353141785
233.9580624812917,324.94420194088707,317.73519831771864
Experiment 06-19_17:15
Epoch 0024 [Train seq (cond on sampled tp)] | Loss 1978007.413875 | MAPE 0.035363 | RMSE 99.388912 | Likelihood -1978004.430591 | KL fp 2.9833 | FP STD 0.2229|
Epoch 0024 [Val seq (cond on sampled tp)] |  MAPE 0.028684 | RMSE 77.022401 |
Epoch 0024 [Test seq (cond on sampled tp)] | MAPE 0.052858 | RMSE 261.945064|
0.05870828405022621,0.05323190987110138,0.04663470759987831
200.84063567291355,298.3317548258985,286.6628027840375
Experiment 06-19_17:15
Epoch 0025 [Train seq (cond on sampled tp)] | Loss 1947460.814769 | MAPE 0.028048 | RMSE 94.153729 | Likelihood -1947457.842426 | KL fp 2.9723 | FP STD 0.2390|
Epoch 0025 [Val seq (cond on sampled tp)] |  MAPE 0.030572 | RMSE 97.249162 |
Epoch 0025 [Test seq (cond on sampled tp)] | MAPE 0.053221 | RMSE 303.727971|
0.05555173382163048,0.055398281663656235,0.04871368408203125
240.9105205387469,333.09322081063135,337.180172533914
Experiment 06-19_17:15
Epoch 0026 [Train seq (cond on sampled tp)] | Loss 1972403.800286 | MAPE 0.036878 | RMSE 99.745813 | Likelihood -1972400.877346 | KL fp 2.9229 | FP STD 0.2335|
Epoch 0026 [Val seq (cond on sampled tp)] |  MAPE 0.029889 | RMSE 81.766946 |
Epoch 0026 [Test seq (cond on sampled tp)] | MAPE 0.058832 | RMSE 298.255162|
0.06562317907810211,0.0586247518658638,0.05224846675992012
253.13851815754947,327.75418332570524,313.8727847392953
Experiment 06-19_17:15
Epoch 0027 [Train seq (cond on sampled tp)] | Loss 1974569.212320 | MAPE 0.030205 | RMSE 98.411252 | Likelihood -1974566.186111 | KL fp 3.0262 | FP STD 0.2237|
Epoch 0027 [Val seq (cond on sampled tp)] |  MAPE 0.027044 | RMSE 87.155370 |
Epoch 0027 [Test seq (cond on sampled tp)] | MAPE 0.054645 | RMSE 296.095138|
0.056856345385313034,0.058836765587329865,0.048242662101984024
247.87789175065615,316.00598293386787,324.4015403400545
Experiment 06-19_17:15
Epoch 0028 [Train seq (cond on sampled tp)] | Loss 1950611.765166 | MAPE 0.034370 | RMSE 95.160482 | Likelihood -1950608.679026 | KL fp 3.0861 | FP STD 0.2219|
Epoch 0028 [Val seq (cond on sampled tp)] |  MAPE 0.030866 | RMSE 83.888889 |
Epoch 0028 [Test seq (cond on sampled tp)] | MAPE 0.057337 | RMSE 280.293580|
0.05931687727570534,0.05984491854906082,0.05284952372312546
209.26430842656853,295.3547787195934,336.2616517497944
Experiment 06-19_17:15
Epoch 0029 [Train seq (cond on sampled tp)] | Loss 1937353.891527 | MAPE 0.030016 | RMSE 92.635892 | Likelihood -1937350.737407 | KL fp 3.1541 | FP STD 0.1992|
Epoch 0029 [Val seq (cond on sampled tp)] |  MAPE 0.033338 | RMSE 88.377680 |
Epoch 0029 [Test seq (cond on sampled tp)] | MAPE 0.056190 | RMSE 283.498909|
0.052830617874860764,0.05902799591422081,0.056711215525865555
222.69519177005148,296.7737195659346,331.0278146357191
Experiment 06-19_17:15
Epoch 0030 [Train seq (cond on sampled tp)] | Loss 1950738.105170 | MAPE 0.035993 | RMSE 94.576025 | Likelihood -1950735.046048 | KL fp 3.0591 | FP STD 0.2254|
Epoch 0030 [Val seq (cond on sampled tp)] |  MAPE 0.029995 | RMSE 93.696902 |
Epoch 0030 [Test seq (cond on sampled tp)] | MAPE 0.055324 | RMSE 300.452738|
0.06141031160950661,0.055854540318250656,0.048707712441682816
239.8860732201851,321.7661223621903,339.706019504365
Experiment 06-19_17:15
Epoch 0031 [Train seq (cond on sampled tp)] | Loss 1975684.727463 | MAPE 0.041574 | RMSE 100.650950 | Likelihood -1975681.766813 | KL fp 2.9607 | FP STD 0.2065|
Epoch 0031 [Val seq (cond on sampled tp)] |  MAPE 0.032236 | RMSE 86.241666 |
Epoch 0031 [Test seq (cond on sampled tp)] | MAPE 0.065285 | RMSE 291.636131|
0.06816985458135605,0.0610380582511425,0.06664818525314331
238.30137824821745,307.0068199568212,329.60019578650133
Experiment 06-19_17:15
Epoch 0032 [Train seq (cond on sampled tp)] | Loss 1957942.008789 | MAPE 0.034273 | RMSE 96.288350 | Likelihood -1957939.042569 | KL fp 2.9662 | FP STD 0.2202|
Epoch 0032 [Val seq (cond on sampled tp)] |  MAPE 0.026327 | RMSE 84.307991 |
Epoch 0032 [Test seq (cond on sampled tp)] | MAPE 0.061774 | RMSE 315.286608|
0.06056829169392586,0.06334290653467178,0.06141014024615288
260.15362048220663,340.18524365410093,345.52096083305855
Experiment 06-19_17:15
Epoch 0033 [Train seq (cond on sampled tp)] | Loss 1931757.084572 | MAPE 0.033411 | RMSE 92.291448 | Likelihood -1931754.076723 | KL fp 3.0078 | FP STD 0.2067|
Epoch 0033 [Val seq (cond on sampled tp)] |  MAPE 0.031422 | RMSE 96.831780 |
Epoch 0033 [Test seq (cond on sampled tp)] | MAPE 0.060166 | RMSE 310.671215|
0.06893724203109741,0.05581207945942879,0.05574732646346092
258.9491383457377,325.1717094474856,347.8927973348974
Experiment 06-19_17:15
Epoch 0034 [Train seq (cond on sampled tp)] | Loss 1931591.601995 | MAPE 0.032827 | RMSE 91.378657 | Likelihood -1931588.526920 | KL fp 3.0751 | FP STD 0.1947|
Epoch 0034 [Val seq (cond on sampled tp)] |  MAPE 0.034589 | RMSE 91.266164 |
Epoch 0034 [Test seq (cond on sampled tp)] | MAPE 0.062089 | RMSE 290.790519|
0.06623070687055588,0.06268318742513657,0.05735184624791145
247.12476289821706,294.0867484688829,331.16004674854724
Experiment 06-19_17:15
Epoch 0035 [Train seq (cond on sampled tp)] | Loss 1914329.935351 | MAPE 0.031009 | RMSE 89.713647 | Likelihood -1914327.031032 | KL fp 2.9043 | FP STD 0.2088|
Epoch 0035 [Val seq (cond on sampled tp)] |  MAPE 0.034916 | RMSE 77.452424 |
Epoch 0035 [Test seq (cond on sampled tp)] | MAPE 0.067870 | RMSE 269.979380|
0.06712151318788528,0.06695503741502762,0.06953244656324387
231.01624165034372,255.25749101397594,323.66440712179025
Experiment 06-19_17:15
Epoch 0036 [Train seq (cond on sampled tp)] | Loss 1911205.296547 | MAPE 0.033820 | RMSE 88.024237 | Likelihood -1911202.294338 | KL fp 3.0022 | FP STD 0.2077|
Epoch 0036 [Val seq (cond on sampled tp)] |  MAPE 0.032257 | RMSE 82.702492 |
Epoch 0036 [Test seq (cond on sampled tp)] | MAPE 0.066410 | RMSE 298.907143|
0.06841816008090973,0.06546174734830856,0.06535003334283829
266.9768833625863,283.386937331275,346.3576096320102
Experiment 06-19_17:15
Epoch 0037 [Train seq (cond on sampled tp)] | Loss 1926698.226464 | MAPE 0.031711 | RMSE 90.271868 | Likelihood -1926695.266090 | KL fp 2.9604 | FP STD 0.2214|
Epoch 0037 [Val seq (cond on sampled tp)] |  MAPE 0.029939 | RMSE 84.188022 |
Epoch 0037 [Test seq (cond on sampled tp)] | MAPE 0.062300 | RMSE 309.270276|
0.07132522761821747,0.061000607907772064,0.054573144763708115
270.78802826195994,313.76726795110415,343.2555307274742
Experiment 06-19_17:15
Epoch 0038 [Train seq (cond on sampled tp)] | Loss 1907169.092521 | MAPE 0.039166 | RMSE 88.090633 | Likelihood -1907166.217751 | KL fp 2.8748 | FP STD 0.2196|
Epoch 0038 [Val seq (cond on sampled tp)] |  MAPE 0.032234 | RMSE 91.470672 |
Epoch 0038 [Test seq (cond on sampled tp)] | MAPE 0.064893 | RMSE 290.179954|
0.06896733492612839,0.06602879613637924,0.05968397855758667
223.63546300285202,308.01890922068407,338.8854895093621
Experiment 06-19_17:15
Epoch 0039 [Train seq (cond on sampled tp)] | Loss 1924269.216788 | MAPE 0.032319 | RMSE 92.732880 | Likelihood -1924266.322683 | KL fp 2.8941 | FP STD 0.1992|
Epoch 0039 [Val seq (cond on sampled tp)] |  MAPE 0.020988 | RMSE 76.521363 |
Best Val!
Epoch 0039 [Test seq (cond on sampled tp)] | MAPE 0.050846 | RMSE 271.768342|
0.05418885126709938,0.05245247110724449,0.045897889882326126
212.66067454985654,288.643716911524,314.0006344539769
0.05418885126709938,0.05245247110724449,0.045897889882326126
212.66067454985654,288.643716911524,314.0006344539769
Epoch 0039 [Test seq (cond on sampled tp)] | Best Test MAPE 0.050846|Best Test RMSE 271.768342|
Experiment 06-19_17:15
Epoch 0040 [Train seq (cond on sampled tp)] | Loss 1936793.309472 | MAPE 0.030921 | RMSE 91.857315 | Likelihood -1936790.409294 | KL fp 2.9002 | FP STD 0.2110|
Epoch 0040 [Val seq (cond on sampled tp)] |  MAPE 0.023550 | RMSE 82.692820 |
Epoch 0040 [Test seq (cond on sampled tp)] | MAPE 0.053623 | RMSE 255.806301|
0.05438193306326866,0.057524364441633224,0.04896402359008789
213.6436413019353,265.2198086022234,288.5554539425654
Experiment 06-19_17:15
Epoch 0041 [Train seq (cond on sampled tp)] | Loss 1917680.623729 | MAPE 0.041598 | RMSE 89.246940 | Likelihood -1917677.510583 | KL fp 3.1131 | FP STD 0.1943|
Epoch 0041 [Val seq (cond on sampled tp)] |  MAPE 0.024197 | RMSE 82.979987 |
Epoch 0041 [Test seq (cond on sampled tp)] | MAPE 0.059966 | RMSE 268.126329|
0.05747229605913162,0.06362013518810272,0.058805253356695175
210.23562859622533,290.44673296062393,303.6966259690746
Experiment 06-19_17:15
Epoch 0042 [Train seq (cond on sampled tp)] | Loss 1913235.127868 | MAPE 0.034571 | RMSE 89.738434 | Likelihood -1913232.287664 | KL fp 2.8402 | FP STD 0.2291|
Epoch 0042 [Val seq (cond on sampled tp)] |  MAPE 0.025458 | RMSE 81.854142 |
Epoch 0042 [Test seq (cond on sampled tp)] | MAPE 0.061279 | RMSE 252.585550|
0.06565248966217041,0.05885085090994835,0.05933399870991707
217.87515239524217,255.50467063979477,284.3768269172086
Experiment 06-19_17:15
Epoch 0043 [Train seq (cond on sampled tp)] | Loss 1899422.144202 | MAPE 0.031724 | RMSE 85.145580 | Likelihood -1899419.363948 | KL fp 2.7803 | FP STD 0.2564|
Epoch 0043 [Val seq (cond on sampled tp)] |  MAPE 0.026870 | RMSE 80.281956 |
Epoch 0043 [Test seq (cond on sampled tp)] | MAPE 0.066168 | RMSE 276.617882|
0.06847944110631943,0.0673149973154068,0.06270937621593475
246.45469759927482,289.1887899798331,294.21015819903295
Experiment 06-19_17:15
Epoch 0044 [Train seq (cond on sampled tp)] | Loss 1901468.155952 | MAPE 0.030787 | RMSE 86.923208 | Likelihood -1901465.176651 | KL fp 2.9793 | FP STD 0.2272|
Epoch 0044 [Val seq (cond on sampled tp)] |  MAPE 0.035240 | RMSE 86.447684 |
Epoch 0044 [Test seq (cond on sampled tp)] | MAPE 0.062377 | RMSE 278.779009|
0.06356573104858398,0.06260997802019119,0.06095379590988159
245.8853661388778,290.09145917710157,300.3602004260884
Experiment 06-19_17:15
Epoch 0045 [Train seq (cond on sampled tp)] | Loss 1907808.923727 | MAPE 0.033030 | RMSE 86.995779 | Likelihood -1907805.935268 | KL fp 2.9885 | FP STD 0.2342|
Epoch 0045 [Val seq (cond on sampled tp)] |  MAPE 0.034254 | RMSE 91.795187 |
Epoch 0045 [Test seq (cond on sampled tp)] | MAPE 0.060104 | RMSE 291.252745|
0.060613758862018585,0.06342539936304092,0.05627402290701866
260.3855914792522,294.9681126833882,318.40453092332086
Experiment 06-19_17:15
Epoch 0046 [Train seq (cond on sampled tp)] | Loss 1921654.280677 | MAPE 0.034933 | RMSE 89.655056 | Likelihood -1921651.298731 | KL fp 2.9819 | FP STD 0.2306|
Epoch 0046 [Val seq (cond on sampled tp)] |  MAPE 0.032996 | RMSE 89.430583 |
Epoch 0046 [Test seq (cond on sampled tp)] | MAPE 0.061548 | RMSE 308.584773|
0.05904464051127434,0.06308483332395554,0.06251400709152222
265.5317777592731,323.3342528444829,336.8882882351359
Experiment 06-19_17:15
Epoch 0047 [Train seq (cond on sampled tp)] | Loss 1918560.991073 | MAPE 0.031651 | RMSE 89.790618 | Likelihood -1918558.018794 | KL fp 2.9723 | FP STD 0.2264|
Epoch 0047 [Val seq (cond on sampled tp)] |  MAPE 0.036702 | RMSE 81.705553 |
Epoch 0047 [Test seq (cond on sampled tp)] | MAPE 0.064652 | RMSE 270.546139|
0.06319402158260345,0.06295961886644363,0.06780172139406204
247.42749095694683,265.1607118805499,299.0502152649284
Experiment 06-19_17:15
Epoch 0048 [Train seq (cond on sampled tp)] | Loss 1910447.018305 | MAPE 0.045455 | RMSE 87.332048 | Likelihood -1910443.895153 | KL fp 3.1232 | FP STD 0.2137|
Epoch 0048 [Val seq (cond on sampled tp)] |  MAPE 0.026479 | RMSE 85.841916 |
Epoch 0048 [Test seq (cond on sampled tp)] | MAPE 0.058558 | RMSE 294.250972|
0.05822349339723587,0.060811080038547516,0.056640610098838806
251.51709217516412,315.69201021327734,315.54381381592634
Experiment 06-19_17:15
Epoch 0049 [Train seq (cond on sampled tp)] | Loss 1914230.118781 | MAPE 0.037508 | RMSE 89.957084 | Likelihood -1914226.827288 | KL fp 3.2915 | FP STD 0.1905|
Epoch 0049 [Val seq (cond on sampled tp)] |  MAPE 0.033891 | RMSE 78.246234 |
Epoch 0049 [Test seq (cond on sampled tp)] | MAPE 0.069771 | RMSE 278.242228|
0.06668302416801453,0.06940823048353195,0.0732203871011734
230.57601105709153,288.3009766285921,315.84969724538286
