/nvme/yuanjingyang/CG-ODE/run_models_spring.py
run_models_spring.py --pred_length=24 --condition_length=48
Namespace(save='experiments/', load=None, dataset='spring', datapath='data/', pred_length=24, condition_length=48, features='X,Y,vel_X,vel_Y', feature_out='X,Y', test_K=30, niters=100, lr=0.005, batch_size=320, random_seed=1991, dropout=0.2, l2=1e-05, optimizer='AdamW', clip=10, edge_lamda=0.5, z0_encoder='GTrans', rec_dims=64, ode_dims=30, rec_layers=1, gen_layers=1, encoder='base', graf_layer=1, cheb_K=2, heavyBall=False, actv_h=None, gamma_guess=-3.0, gamma_act='sigmoid', corr=-100, corrf=True, sign=1, augment_dim=0, solver='rk4', rtol=0.01, atol=0.01, alias='run', output_dim=2, feature_out_index=[0, 1], num_atoms=5)
run
Experiment 09-05_06:33
Epoch 0001 [Train seq (cond on sampled tp)] | Loss 695.286468 | MAPE 2.761291 | RMSE 0.644878 | Likelihood -694.038084 | KL fp 1.2484 | FP STD 0.3302 | ->nfe   92.00 | <-nfe   92.00
Epoch 0001 [Val seq (cond on sampled tp)] |  MAPE 3.897961 | RMSE 0.484031 | MAE 0.579350 |
Best Val!
Epoch 0001 [Test seq (cond on sampled tp)] | MAPE 1.155384 | RMSE 0.814925| MAE 0.677860|
1.894076943397522,0.9644226431846619,2.3367974758148193,1.1590347290039062,2.9316658973693848,0.6203845143318176,1.1061033010482788,0.8123849034309387,0.5781745314598083,0.8767275810241699,0.9063223004341125,1.8200725317001343,0.9106729626655579,0.47511807084083557,3.2150192260742188,2.793614149093628,0.7250497937202454,0.8182350397109985,0.9433689117431641,1.0728386640548706,0.6146219372749329,1.1652933359146118,0.5675066113471985,0.3736538887023926,0.5285733342170715,1.3227910995483398,1.02836275100708,0.8198339343070984,0.5035157203674316,0.7772853374481201
0.6828295114174531,0.9282822767893145,0.8949085422756525,0.7100972670431209,0.8912605561090048,0.9291566567387834,0.9978480728933617,0.7119046015692936,0.7525084983624617,0.6732801116275083,0.5979198796876006,0.9287713609808611,0.8034373822503317,0.8447629358475843,1.030635708579187,0.5421467603609019,0.8255907544549859,0.6788349943881369,0.6405874566963251,0.9036337149006276,1.0048968107473744,1.0402175678495482,0.8139079805774273,0.6562884864420884,0.8936013798422137,0.45376384030927014,0.9929018827984697,0.8641159717094251,0.9538183660739882,0.8058466294094772
1.894076943397522,0.9644226431846619,2.3367974758148193,1.1590347290039062,2.9316658973693848,0.6203845143318176,1.1061033010482788,0.8123849034309387,0.5781745314598083,0.8767275810241699,0.9063223004341125,1.8200725317001343,0.9106729626655579,0.47511807084083557,3.2150192260742188,2.793614149093628,0.7250497937202454,0.8182350397109985,0.9433689117431641,1.0728386640548706,0.6146219372749329,1.1652933359146118,0.5675066113471985,0.3736538887023926,0.5285733342170715,1.3227910995483398,1.02836275100708,0.8198339343070984,0.5035157203674316,0.7772853374481201
0.6828295114174531,0.9282822767893145,0.8949085422756525,0.7100972670431209,0.8912605561090048,0.9291566567387834,0.9978480728933617,0.7119046015692936,0.7525084983624617,0.6732801116275083,0.5979198796876006,0.9287713609808611,0.8034373822503317,0.8447629358475843,1.030635708579187,0.5421467603609019,0.8255907544549859,0.6788349943881369,0.6405874566963251,0.9036337149006276,1.0048968107473744,1.0402175678495482,0.8139079805774273,0.6562884864420884,0.8936013798422137,0.45376384030927014,0.9929018827984697,0.8641159717094251,0.9538183660739882,0.8058466294094772
Epoch 0001 [Test seq (cond on sampled tp)] | Best Test MAPE 1.155384|Best Test RMSE 0.814925|Best Test MAE 0.677860|
Experiment 09-05_06:33
Epoch 0002 [Train seq (cond on sampled tp)] | Loss 569.867832 | MAPE 2.157440 | RMSE 0.496087 | Likelihood -568.297700 | KL fp 1.5701 | FP STD 0.2836 | ->nfe   92.00 | <-nfe   92.00
Epoch 0002 [Val seq (cond on sampled tp)] |  MAPE 4.309486 | RMSE 0.428531 | MAE 0.556678 |
Epoch 0002 [Test seq (cond on sampled tp)] | MAPE 1.277504 | RMSE 0.759809| MAE 0.639250|
1.9273293018341064,1.495690941810608,2.1667258739471436,1.7377227544784546,2.1077287197113037,0.7538700103759766,0.9738250970840454,0.7116429209709167,0.855273425579071,0.597019612789154,0.6677252054214478,1.638241171836853,0.5893306732177734,0.4088451564311981,4.184695720672607,5.974754333496094,0.5825801491737366,1.2174433469772339,1.1935890913009644,1.4379900693893433,0.43688222765922546,0.6799648404121399,0.44849345088005066,0.2986195981502533,0.8879761695861816,1.214011311531067,1.0673694610595703,0.7797679901123047,0.5315568447113037,0.758459210395813
0.6421369760134272,0.9620777281351036,0.7927479929951237,0.722690189698679,0.6599444664725537,0.8654418421024994,0.7416147531778494,0.7127387316109751,0.7474782590351743,0.6328890247934547,0.5128691460323928,0.7999154597555231,0.6376616394592919,0.8843735590407423,1.1339025054613292,0.7649314619664922,0.5924482380513308,0.8936375980788489,0.5948448376737069,0.8391601974467762,0.8656344554398474,0.849366953673436,0.7426569608351478,0.6548426159844561,0.7823365475867997,0.4537952661660783,0.7836676002760821,0.6928852448150793,1.0495710245955112,0.7860036044826803
Experiment 09-05_06:33
Epoch 0003 [Train seq (cond on sampled tp)] | Loss 544.517671 | MAPE 2.326110 | RMSE 0.479368 | Likelihood -542.998934 | KL fp 1.5187 | FP STD 0.3065 | ->nfe   92.00 | <-nfe   92.00
Epoch 0003 [Val seq (cond on sampled tp)] |  MAPE 3.181320 | RMSE 0.434732 | MAE 0.546993 |
Best Val!
Epoch 0003 [Test seq (cond on sampled tp)] | MAPE 1.080383 | RMSE 0.739676| MAE 0.616394|
1.1516799926757812,1.2658814191818237,1.8468620777130127,1.0862709283828735,1.7614471912384033,0.6891009211540222,0.5168431997299194,0.7120726704597473,1.7470775842666626,0.8371082544326782,0.8263575434684753,1.344778299331665,0.6249582171440125,0.3603535592556,2.0730912685394287,4.43929386138916,0.7533259391784668,0.8280941247940063,0.949417769908905,1.4403527975082397,0.4554999768733978,0.7497559189796448,0.46836528182029724,0.4572388827800751,0.5807873606681824,1.5488394498825073,0.8835151791572571,0.7021932005882263,0.5500803589820862,0.760852038860321
0.7505082156947094,0.9624768464907729,0.7385639678715813,0.7034983385536838,0.4875117991315575,0.8398560988826862,0.7507903782252907,0.6963396094167046,0.8581466913225383,0.6521344562961451,0.5922879237073381,0.7321274229077652,0.696360002624967,0.8231493262865106,0.9126180010753066,0.5694791113243637,0.6649994243174764,0.6584993595708167,0.6376373358129437,0.9291861648965651,0.8653561267483588,0.8438088785043925,0.6697024105475214,0.6157606991927539,0.8619613914539376,0.5288756830801145,0.8688319997715651,0.6203253209016659,0.9058732861186423,0.7536173054309753
1.1516799926757812,1.2658814191818237,1.8468620777130127,1.0862709283828735,1.7614471912384033,0.6891009211540222,0.5168431997299194,0.7120726704597473,1.7470775842666626,0.8371082544326782,0.8263575434684753,1.344778299331665,0.6249582171440125,0.3603535592556,2.0730912685394287,4.43929386138916,0.7533259391784668,0.8280941247940063,0.949417769908905,1.4403527975082397,0.4554999768733978,0.7497559189796448,0.46836528182029724,0.4572388827800751,0.5807873606681824,1.5488394498825073,0.8835151791572571,0.7021932005882263,0.5500803589820862,0.760852038860321
0.7505082156947094,0.9624768464907729,0.7385639678715813,0.7034983385536838,0.4875117991315575,0.8398560988826862,0.7507903782252907,0.6963396094167046,0.8581466913225383,0.6521344562961451,0.5922879237073381,0.7321274229077652,0.696360002624967,0.8231493262865106,0.9126180010753066,0.5694791113243637,0.6649994243174764,0.6584993595708167,0.6376373358129437,0.9291861648965651,0.8653561267483588,0.8438088785043925,0.6697024105475214,0.6157606991927539,0.8619613914539376,0.5288756830801145,0.8688319997715651,0.6203253209016659,0.9058732861186423,0.7536173054309753
Epoch 0003 [Test seq (cond on sampled tp)] | Best Test MAPE 1.080383|Best Test RMSE 0.739676|Best Test MAE 0.616394|
Experiment 09-05_06:33
Epoch 0004 [Train seq (cond on sampled tp)] | Loss 547.863316 | MAPE 2.063016 | RMSE 0.459362 | Likelihood -546.210848 | KL fp 1.6525 | FP STD 0.3104 | ->nfe   92.00 | <-nfe   92.00
Epoch 0004 [Val seq (cond on sampled tp)] |  MAPE 3.375831 | RMSE 0.426172 | MAE 0.553054 |
Epoch 0004 [Test seq (cond on sampled tp)] | MAPE 1.173996 | RMSE 0.747995| MAE 0.618760|
0.801353931427002,0.9731022119522095,1.947580337524414,1.066706895828247,2.7230422496795654,0.8344408273696899,0.9090632796287537,0.6919261813163757,2.003084421157837,0.7281667590141296,0.9401686787605286,1.4862257242202759,0.659946620464325,0.30136221647262573,1.82066810131073,6.1307830810546875,0.6951059103012085,1.1438297033309937,0.7908622622489929,1.0574114322662354,0.29563143849372864,0.6010652780532837,0.5382329821586609,0.6433073878288269,1.218870997428894,1.2529785633087158,1.1863219738006592,0.6811914443969727,0.492910772562027,0.6045514941215515
0.6312911737818726,1.115410946097588,0.79371191068558,0.7966327673058864,0.6509211441380603,0.8859221455422529,0.6975694736965745,0.8158230318257476,0.8964341093444851,0.6370921298089843,0.6177178530632266,0.7054472826018068,0.6026842878968738,0.9423575126137584,0.9968662333327205,0.6758863775256215,0.6444567088169574,0.8000124706846043,0.6489214871898112,0.6481410578372704,0.5864602872049184,0.929471255245282,0.9032487500686507,0.769476564274793,0.6521324683579411,0.5280855401099213,0.7696472700154985,0.6861513955683401,0.8837535197661368,0.5281168321959784
Experiment 09-05_06:33
Epoch 0005 [Train seq (cond on sampled tp)] | Loss 547.473147 | MAPE 2.068437 | RMSE 0.471291 | Likelihood -545.609430 | KL fp 1.8637 | FP STD 0.3279 | ->nfe   92.00 | <-nfe   92.00
Epoch 0005 [Val seq (cond on sampled tp)] |  MAPE 3.621730 | RMSE 0.405685 | MAE 0.532995 |
Epoch 0005 [Test seq (cond on sampled tp)] | MAPE 1.056327 | RMSE 0.699700| MAE 0.578083|
1.496612787246704,1.5890297889709473,2.283742666244507,0.9713536500930786,1.804244041442871,0.7272079586982727,0.6858307123184204,0.7853752970695496,1.258792757987976,0.7512015700340271,0.7137162685394287,1.5354732275009155,0.5637618899345398,0.36281463503837585,2.7051570415496826,4.054897308349609,0.5303879976272583,0.792198657989502,0.9394540786743164,1.215030550956726,0.36637240648269653,0.5759087800979614,0.40108487010002136,0.46539974212646484,0.403379887342453,1.2178125381469727,0.895229160785675,0.6407350897789001,0.45344534516334534,0.5041494369506836
0.6316062828263643,1.0374722465571808,0.8307070156161647,0.7192134606869046,0.5633710369024036,0.8526264159030452,0.704856140190181,0.7853818351111818,0.7186796734446167,0.657207403711453,0.4726010597731694,0.8011287400468915,0.6377164828421451,0.7875714330215792,0.9257576211094874,0.5180293293735716,0.5153778813365079,0.5698877346593165,0.6050121924062399,0.7512074526069775,0.7415047567064504,0.7823248145492012,0.7204379289032927,0.7000745937929683,0.6906835151497349,0.444822393051404,0.7083647992120055,0.5916945869502499,0.9032599681596675,0.6224066096268083
1.496612787246704,1.5890297889709473,2.283742666244507,0.9713536500930786,1.804244041442871,0.7272079586982727,0.6858307123184204,0.7853752970695496,1.258792757987976,0.7512015700340271,0.7137162685394287,1.5354732275009155,0.5637618899345398,0.36281463503837585,2.7051570415496826,4.054897308349609,0.5303879976272583,0.792198657989502,0.9394540786743164,1.215030550956726,0.36637240648269653,0.5759087800979614,0.40108487010002136,0.46539974212646484,0.403379887342453,1.2178125381469727,0.895229160785675,0.6407350897789001,0.45344534516334534,0.5041494369506836
0.6316062828263643,1.0374722465571808,0.8307070156161647,0.7192134606869046,0.5633710369024036,0.8526264159030452,0.704856140190181,0.7853818351111818,0.7186796734446167,0.657207403711453,0.4726010597731694,0.8011287400468915,0.6377164828421451,0.7875714330215792,0.9257576211094874,0.5180293293735716,0.5153778813365079,0.5698877346593165,0.6050121924062399,0.7512074526069775,0.7415047567064504,0.7823248145492012,0.7204379289032927,0.7000745937929683,0.6906835151497349,0.444822393051404,0.7083647992120055,0.5916945869502499,0.9032599681596675,0.6224066096268083
Epoch 0005 [Test seq (cond on sampled tp)] | Best Test MAPE 1.056327|Best Test RMSE 0.699700|Best Test MAE 0.578083|
Experiment 09-05_06:33
Epoch 0006 [Train seq (cond on sampled tp)] | Loss 518.952061 | MAPE 2.048517 | RMSE 0.454526 | Likelihood -517.101126 | KL fp 1.8509 | FP STD 0.3200 | ->nfe   92.00 | <-nfe   92.00
Epoch 0006 [Val seq (cond on sampled tp)] |  MAPE 3.312328 | RMSE 0.419157 | MAE 0.545564 |
Epoch 0006 [Test seq (cond on sampled tp)] | MAPE 1.164640 | RMSE 0.767410| MAE 0.637276|
2.2261431217193604,1.3465200662612915,2.0556085109710693,1.6223043203353882,1.772408366203308,0.795865535736084,0.6542445421218872,1.0719531774520874,1.2378873825073242,0.6389343738555908,0.7024849653244019,1.666987419128418,0.6927019953727722,0.4618498980998993,3.1263253688812256,4.6700663566589355,0.5912187099456787,0.9675847291946411,0.9804733395576477,1.2683638334274292,0.4803425371646881,0.6743633151054382,0.49119216203689575,0.4450913071632385,0.5763489603996277,1.3185629844665527,0.732575535774231,0.5077990889549255,0.561219334602356,0.6017681360244751
0.725627584789578,0.890299386181963,0.7648300793120584,0.8179388308586766,0.5767049101825386,1.052460020760298,0.8294889625610579,0.8169077742757812,0.8672465742455365,0.5341799106632303,0.4785981866105968,0.7963227995405602,0.7770248218901797,0.8598705943466518,0.9843191403479815,0.5835073302396118,0.5731305041199671,0.821109058008766,0.6514301412606506,0.8909363453408329,0.8742101714912446,0.8949227954555059,0.6717040043960683,0.8248189395122167,0.8151974284450637,0.4823951404901267,0.8099809624353843,0.585430892644782,1.0652982663954695,0.7063960599512381
Experiment 09-05_06:33
Epoch 0007 [Train seq (cond on sampled tp)] | Loss 507.709035 | MAPE 2.033336 | RMSE 0.449141 | Likelihood -505.917904 | KL fp 1.7911 | FP STD 0.3502 | ->nfe   92.00 | <-nfe   92.00
Epoch 0007 [Val seq (cond on sampled tp)] |  MAPE 3.992521 | RMSE 0.410927 | MAE 0.535430 |
Epoch 0007 [Test seq (cond on sampled tp)] | MAPE 1.077884 | RMSE 0.695606| MAE 0.580913|
1.94499671459198,1.436719298362732,2.001683473587036,0.8373323678970337,1.9705227613449097,0.6744546294212341,0.6176882386207581,0.7805928587913513,1.0795162916183472,0.6588508486747742,0.5898472666740417,1.640647530555725,0.7262111902236938,0.3627263605594635,2.759756088256836,4.095762729644775,0.6410289406776428,0.8551850318908691,0.8712064623832703,1.4358506202697754,0.34568294882774353,0.7971213459968567,0.43707823753356934,0.37396693229675293,0.6516956686973572,1.1786043643951416,1.0738945007324219,0.6302089691162109,0.45063015818595886,0.4170517027378082
0.5990363747437578,1.003314723436837,0.7158781811480466,0.6837315665694541,0.6460829811167396,0.7813827783285623,0.6437336697405239,0.8092512691583307,0.8423280389898906,0.601954443928278,0.40116210673027697,0.7229816838103678,0.6028136828516246,0.8058224424108156,0.9885843588665003,0.5832131437960056,0.5952510932229812,0.6244047429711077,0.5857091077092201,0.7803923667821828,0.6906168682603535,0.9830693562761048,0.7912664698593641,0.6375572206959025,0.6524754922290911,0.4466088983231402,0.6857331938386061,0.5719080774715677,0.8504484045737346,0.5414611139063413
Experiment 09-05_06:33
Epoch 0008 [Train seq (cond on sampled tp)] | Loss 497.139092 | MAPE 1.879316 | RMSE 0.444990 | Likelihood -495.144429 | KL fp 1.9947 | FP STD 0.3575 | ->nfe   92.00 | <-nfe   92.00
Epoch 0008 [Val seq (cond on sampled tp)] |  MAPE 3.664356 | RMSE 0.397045 | MAE 0.533322 |
Epoch 0008 [Test seq (cond on sampled tp)] | MAPE 1.041542 | RMSE 0.709891| MAE 0.583240|
1.4094314575195312,0.8582488298416138,1.4553534984588623,0.8700293898582458,1.9734445810317993,0.742041289806366,0.9315875172615051,0.8111974000930786,1.5171915292739868,0.7748286128044128,0.5892474055290222,1.4966715574264526,0.6026887893676758,0.3820345997810364,2.5741677284240723,4.173755645751953,0.5943746566772461,0.9875108599662781,0.8239571452140808,1.2682387828826904,0.33136430382728577,0.7279689908027649,0.35435616970062256,0.46636962890625,0.9955452084541321,1.1928887367248535,0.8539082407951355,0.45901116728782654,0.4671059548854828,0.5617439150810242
0.6299126433176596,0.9692902750439464,0.6842526775066602,0.7219479362995668,0.7006416334820135,0.8563941583613254,0.7742116502422837,0.7925634616869737,0.6793536539242427,0.7634064586323219,0.392531700615677,0.8326721946376537,0.593446880063556,0.727992588495423,0.921743706874404,0.5735120511771823,0.5540798512435111,0.7009488869574203,0.6544535435099981,0.7890460324221445,0.7545902529152952,0.8582394814028655,0.718287692452915,0.6195722693853787,0.7236134967980217,0.4996514148338638,0.7866858770023853,0.6064662223319404,0.7971496856585468,0.62007885912092
1.4094314575195312,0.8582488298416138,1.4553534984588623,0.8700293898582458,1.9734445810317993,0.742041289806366,0.9315875172615051,0.8111974000930786,1.5171915292739868,0.7748286128044128,0.5892474055290222,1.4966715574264526,0.6026887893676758,0.3820345997810364,2.5741677284240723,4.173755645751953,0.5943746566772461,0.9875108599662781,0.8239571452140808,1.2682387828826904,0.33136430382728577,0.7279689908027649,0.35435616970062256,0.46636962890625,0.9955452084541321,1.1928887367248535,0.8539082407951355,0.45901116728782654,0.4671059548854828,0.5617439150810242
0.6299126433176596,0.9692902750439464,0.6842526775066602,0.7219479362995668,0.7006416334820135,0.8563941583613254,0.7742116502422837,0.7925634616869737,0.6793536539242427,0.7634064586323219,0.392531700615677,0.8326721946376537,0.593446880063556,0.727992588495423,0.921743706874404,0.5735120511771823,0.5540798512435111,0.7009488869574203,0.6544535435099981,0.7890460324221445,0.7545902529152952,0.8582394814028655,0.718287692452915,0.6195722693853787,0.7236134967980217,0.4996514148338638,0.7866858770023853,0.6064662223319404,0.7971496856585468,0.62007885912092
Epoch 0008 [Test seq (cond on sampled tp)] | Best Test MAPE 1.041542|Best Test RMSE 0.709891|Best Test MAE 0.583240|
Experiment 09-05_06:33
Epoch 0009 [Train seq (cond on sampled tp)] | Loss 482.923671 | MAPE 2.003957 | RMSE 0.438776 | Likelihood -480.909177 | KL fp 2.0145 | FP STD 0.3983 | ->nfe   92.00 | <-nfe   92.00
Epoch 0009 [Val seq (cond on sampled tp)] |  MAPE 3.455784 | RMSE 0.422974 | MAE 0.546185 |
Epoch 0009 [Test seq (cond on sampled tp)] | MAPE 1.017382 | RMSE 0.716016| MAE 0.597540|
1.7607805728912354,1.147365927696228,1.7391300201416016,1.2137694358825684,1.4391289949417114,0.6545430421829224,0.5845935940742493,0.7764873504638672,1.2332898378372192,0.7369760274887085,1.0206495523452759,1.3445974588394165,0.8215699195861816,0.48673731088638306,2.279264450073242,2.5907678604125977,0.5212462544441223,0.9439773559570312,1.0891348123550415,1.3802067041397095,0.39256352186203003,0.7013792991638184,0.4314589500427246,0.3216498792171478,0.6180617213249207,1.5244609117507935,1.1201995611190796,0.576389491558075,0.43873605132102966,0.632339596748352
0.612485503005692,0.9434180705447524,0.6848743541719358,0.6508755866250093,0.6527496719622509,0.8506394379320336,0.7088329479247276,0.6685547516912217,0.9566302335150606,0.53841112006906,0.6226529876355485,0.634971045487255,0.8334206455902282,0.8571852789894226,0.9514210901279222,0.5062920034903109,0.5047859969734486,0.6730353736891038,0.6902857391641117,0.7541999442484655,0.7208323375790577,0.8505683835798985,0.748506091325599,0.59984986393787,0.7563567188722307,0.5467031753907651,0.8457410420646169,0.6230978391844043,0.8807314422475757,0.6123573974116459
1.7607805728912354,1.147365927696228,1.7391300201416016,1.2137694358825684,1.4391289949417114,0.6545430421829224,0.5845935940742493,0.7764873504638672,1.2332898378372192,0.7369760274887085,1.0206495523452759,1.3445974588394165,0.8215699195861816,0.48673731088638306,2.279264450073242,2.5907678604125977,0.5212462544441223,0.9439773559570312,1.0891348123550415,1.3802067041397095,0.39256352186203003,0.7013792991638184,0.4314589500427246,0.3216498792171478,0.6180617213249207,1.5244609117507935,1.1201995611190796,0.576389491558075,0.43873605132102966,0.632339596748352
0.612485503005692,0.9434180705447524,0.6848743541719358,0.6508755866250093,0.6527496719622509,0.8506394379320336,0.7088329479247276,0.6685547516912217,0.9566302335150606,0.53841112006906,0.6226529876355485,0.634971045487255,0.8334206455902282,0.8571852789894226,0.9514210901279222,0.5062920034903109,0.5047859969734486,0.6730353736891038,0.6902857391641117,0.7541999442484655,0.7208323375790577,0.8505683835798985,0.748506091325599,0.59984986393787,0.7563567188722307,0.5467031753907651,0.8457410420646169,0.6230978391844043,0.8807314422475757,0.6123573974116459
Epoch 0009 [Test seq (cond on sampled tp)] | Best Test MAPE 1.017382|Best Test RMSE 0.716016|Best Test MAE 0.597540|
Experiment 09-05_06:33
Epoch 0010 [Train seq (cond on sampled tp)] | Loss 474.743743 | MAPE 2.109838 | RMSE 0.439942 | Likelihood -472.794147 | KL fp 1.9496 | FP STD 0.4729 | ->nfe   92.00 | <-nfe   92.00
Epoch 0010 [Val seq (cond on sampled tp)] |  MAPE 4.140243 | RMSE 0.447938 | MAE 0.563347 |
Epoch 0010 [Test seq (cond on sampled tp)] | MAPE 1.017299 | RMSE 0.690021| MAE 0.570981|
0.9841192364692688,0.8977503180503845,1.6765234470367432,0.9084934592247009,1.2978750467300415,0.7718897461891174,0.7629699110984802,0.8355860114097595,1.9970483779907227,0.6418282389640808,0.8375186920166016,1.4144874811172485,0.4844830632209778,0.4141378104686737,2.48816180229187,4.4680352210998535,0.6399404406547546,0.7504238486289978,1.1020935773849487,1.2324604988098145,0.2866012752056122,0.6276141405105591,0.39774027466773987,0.33197879791259766,0.7005955576896667,1.2695974111557007,0.7847234606742859,0.5771817564964294,0.4521072506904602,0.4850025177001953
0.6674675427450066,1.0143535578371754,0.7257774788190843,0.6604055577215256,0.6225950462290669,0.8806461659819231,0.720018345811024,0.7596526074134431,0.7879739183040446,0.5871786324164912,0.506735495903166,0.7418089453351462,0.4466115174776804,0.732777338872159,0.9579340510694213,0.5912744463409249,0.5653242365355252,0.5401779741151068,0.7064740213894479,0.758624673953625,0.6577483057517165,0.9436678806475888,0.7052867929339767,0.5900799613044254,0.6900909542522364,0.5325691170676998,0.763854334271257,0.5372870966182126,0.7741294231907478,0.5320921841987795
0.9841192364692688,0.8977503180503845,1.6765234470367432,0.9084934592247009,1.2978750467300415,0.7718897461891174,0.7629699110984802,0.8355860114097595,1.9970483779907227,0.6418282389640808,0.8375186920166016,1.4144874811172485,0.4844830632209778,0.4141378104686737,2.48816180229187,4.4680352210998535,0.6399404406547546,0.7504238486289978,1.1020935773849487,1.2324604988098145,0.2866012752056122,0.6276141405105591,0.39774027466773987,0.33197879791259766,0.7005955576896667,1.2695974111557007,0.7847234606742859,0.5771817564964294,0.4521072506904602,0.4850025177001953
0.6674675427450066,1.0143535578371754,0.7257774788190843,0.6604055577215256,0.6225950462290669,0.8806461659819231,0.720018345811024,0.7596526074134431,0.7879739183040446,0.5871786324164912,0.506735495903166,0.7418089453351462,0.4466115174776804,0.732777338872159,0.9579340510694213,0.5912744463409249,0.5653242365355252,0.5401779741151068,0.7064740213894479,0.758624673953625,0.6577483057517165,0.9436678806475888,0.7052867929339767,0.5900799613044254,0.6900909542522364,0.5325691170676998,0.763854334271257,0.5372870966182126,0.7741294231907478,0.5320921841987795
Epoch 0010 [Test seq (cond on sampled tp)] | Best Test MAPE 1.017299|Best Test RMSE 0.690021|Best Test MAE 0.570981|
Experiment 09-05_06:33
Epoch 0011 [Train seq (cond on sampled tp)] | Loss 460.777064 | MAPE 1.964542 | RMSE 0.436805 | Likelihood -458.592552 | KL fp 2.1845 | FP STD 0.4589 | ->nfe   92.00 | <-nfe   92.00
Epoch 0011 [Val seq (cond on sampled tp)] |  MAPE 5.029273 | RMSE 0.422255 | MAE 0.552219 |
Epoch 0011 [Test seq (cond on sampled tp)] | MAPE 0.964289 | RMSE 0.695029| MAE 0.578579|
0.5074654817581177,0.6634133458137512,1.5789631605148315,0.857714831829071,0.949093759059906,0.6203699707984924,0.7877601981163025,0.8179231882095337,1.789332628250122,0.5450971722602844,0.7701483368873596,1.508246898651123,0.5981600880622864,0.40637144446372986,2.3635098934173584,3.8993141651153564,0.5049083828926086,0.9401050806045532,0.899448573589325,1.2006365060806274,0.36705300211906433,0.5739845037460327,0.3210648000240326,0.36782336235046387,0.7978039383888245,1.730326533317566,0.7775638103485107,0.6084362864494324,0.4614355266094208,0.7151891589164734
0.5241137164843934,1.006690591113107,0.6577080016144898,0.57927355214536,0.5468398764093949,0.8372468409166853,0.7668765212761325,0.8603428678906758,0.7688530581485737,0.5288246553893016,0.5242421811548105,0.7655692566800744,0.5761932627700799,0.7623710382561573,0.916112345650389,0.6307838087618233,0.5182491055842924,0.7048623978133794,0.5211125166000132,0.7739202745885522,0.7062307642114761,0.7939323621306006,0.6982780393986313,0.6102962865594921,0.6871191183486987,0.6297617951288385,0.8381833363256733,0.616972656520503,0.8566313555659965,0.6432810362212535
0.5074654817581177,0.6634133458137512,1.5789631605148315,0.857714831829071,0.949093759059906,0.6203699707984924,0.7877601981163025,0.8179231882095337,1.789332628250122,0.5450971722602844,0.7701483368873596,1.508246898651123,0.5981600880622864,0.40637144446372986,2.3635098934173584,3.8993141651153564,0.5049083828926086,0.9401050806045532,0.899448573589325,1.2006365060806274,0.36705300211906433,0.5739845037460327,0.3210648000240326,0.36782336235046387,0.7978039383888245,1.730326533317566,0.7775638103485107,0.6084362864494324,0.4614355266094208,0.7151891589164734
0.5241137164843934,1.006690591113107,0.6577080016144898,0.57927355214536,0.5468398764093949,0.8372468409166853,0.7668765212761325,0.8603428678906758,0.7688530581485737,0.5288246553893016,0.5242421811548105,0.7655692566800744,0.5761932627700799,0.7623710382561573,0.916112345650389,0.6307838087618233,0.5182491055842924,0.7048623978133794,0.5211125166000132,0.7739202745885522,0.7062307642114761,0.7939323621306006,0.6982780393986313,0.6102962865594921,0.6871191183486987,0.6297617951288385,0.8381833363256733,0.616972656520503,0.8566313555659965,0.6432810362212535
Epoch 0011 [Test seq (cond on sampled tp)] | Best Test MAPE 0.964289|Best Test RMSE 0.695029|Best Test MAE 0.578579|
Experiment 09-05_06:33
Epoch 0012 [Train seq (cond on sampled tp)] | Loss 447.769755 | MAPE 1.899889 | RMSE 0.435160 | Likelihood -445.473020 | KL fp 2.2967 | FP STD 0.4501 | ->nfe   92.00 | <-nfe   92.00
Epoch 0012 [Val seq (cond on sampled tp)] |  MAPE 3.653447 | RMSE 0.437384 | MAE 0.563633 |
Epoch 0012 [Test seq (cond on sampled tp)] | MAPE 1.052983 | RMSE 0.709854| MAE 0.580928|
1.5340451002120972,2.0171210765838623,1.6917511224746704,1.0715712308883667,1.2726936340332031,0.6646621227264404,0.7246701717376709,0.7660066485404968,1.4848368167877197,0.5862926840782166,0.731020450592041,1.512093186378479,0.7660049796104431,0.4315051734447479,2.8444182872772217,3.349201202392578,0.529657781124115,0.7513975501060486,0.8143723607063293,1.4719979763031006,0.3751959502696991,0.6837876439094543,0.4384553134441376,0.44283849000930786,0.6443598866462708,1.4306892156600952,1.149673342704773,0.5618354678153992,0.3960789442062378,0.4512650668621063
0.7882498153604036,1.0073690103991129,0.6556689323855791,0.7406664872923232,0.6330798255567478,0.757187024792165,0.7824367283722002,0.8031266268108828,0.78942164188899,0.5134221039017529,0.49561874296705266,0.7095230200180375,0.7937153275493857,0.7495776815309148,0.9757915963570432,0.611076620120803,0.49241298475657314,0.560535816256332,0.589772479065111,0.804971107947723,0.798757200193712,0.8707250319369529,0.7484617352792634,0.577561284070881,0.7086997813980586,0.5404814413785687,0.8464958933005673,0.5346626176958256,0.7500984206789857,0.6660410856598997
Experiment 09-05_06:33
Epoch 0013 [Train seq (cond on sampled tp)] | Loss 438.771410 | MAPE 2.098527 | RMSE 0.445896 | Likelihood -436.817175 | KL fp 1.9542 | FP STD 0.4802 | ->nfe   92.00 | <-nfe   92.00
Epoch 0013 [Val seq (cond on sampled tp)] |  MAPE 3.632007 | RMSE 0.409010 | MAE 0.546305 |
Epoch 0013 [Test seq (cond on sampled tp)] | MAPE 1.050777 | RMSE 0.717359| MAE 0.591331|
0.8680844306945801,1.1949598789215088,1.7727832794189453,0.9414349794387817,1.1924197673797607,0.6998645067214966,0.5976059436798096,0.8689233660697937,1.9186476469039917,0.7649285197257996,0.7948881387710571,1.5823181867599487,0.7227196097373962,0.42733368277549744,2.416200876235962,4.604682445526123,0.46279478073120117,0.9298253059387207,0.8753310441970825,1.0715512037277222,0.3725850284099579,0.6376418471336365,0.375262588262558,0.638566255569458,0.7541100382804871,1.5187324285507202,1.0796928405761719,0.5091533660888672,0.4214293956756592,0.50882488489151
0.7708689878998488,0.9892298552318028,0.7234514140362637,0.7385182076096966,0.6385019758831689,0.860149762564854,0.7274515188914612,0.8653067048368855,0.8758407028122912,0.5917081105353796,0.45120344835918336,0.7566747087591824,0.714849711742451,0.8381095191271145,0.9036026796852558,0.5380872113719891,0.4527668359555116,0.6694154966483363,0.6688269071831905,0.7193804339511038,0.7488396330791386,0.8960167822671119,0.6936774370546411,0.664946562262008,0.7025131954705055,0.5631124553066396,0.8569837767424194,0.5126363665890964,0.7645154815488451,0.623584885731366
Experiment 09-05_06:33
Epoch 0014 [Train seq (cond on sampled tp)] | Loss 428.100406 | MAPE 1.917697 | RMSE 0.446635 | Likelihood -425.887708 | KL fp 2.2127 | FP STD 0.4944 | ->nfe   92.00 | <-nfe   92.00
Epoch 0014 [Val seq (cond on sampled tp)] |  MAPE 3.619556 | RMSE 0.424599 | MAE 0.550421 |
Epoch 0014 [Test seq (cond on sampled tp)] | MAPE 1.076755 | RMSE 0.694014| MAE 0.580581|
1.902796745300293,1.0115764141082764,1.3213938474655151,0.9615478515625,0.8715799450874329,0.6141814589500427,0.6061684489250183,0.6994451284408569,1.173622488975525,0.6118000745773315,0.7907169461250305,1.532191514968872,0.6384627819061279,0.3892223536968231,2.9432592391967773,6.288288116455078,0.4431024193763733,0.8988828659057617,0.7072151303291321,1.3115997314453125,0.373331755399704,0.6277236342430115,0.33599501848220825,0.5949864387512207,0.6305692791938782,1.3005423545837402,1.2624905109405518,0.5825091600418091,0.4071272015571594,0.4703328311443329
0.7470156581059766,0.9694297313180933,0.5947511915296795,0.6500347412435216,0.5906677553555779,0.8070398409627142,0.7372493091526979,0.813678473685287,0.7603049827671302,0.5431661727189405,0.5212575583516001,0.7554315346799253,0.6293743831703474,0.7617654248144763,0.9794391225967273,0.6859040158729991,0.43333052472280315,0.6065048704525714,0.5417461764839276,0.7297969319462807,0.7576631221825391,0.8664873750782778,0.6467534683615247,0.609471606886452,0.7479272652161104,0.5073141734034653,0.8391326732878487,0.5773070451479363,0.8079969996004768,0.6024770101933419
Experiment 09-05_06:33
Epoch 0015 [Train seq (cond on sampled tp)] | Loss 418.168644 | MAPE 2.087869 | RMSE 0.444338 | Likelihood -415.709997 | KL fp 2.4586 | FP STD 0.4825 | ->nfe   92.00 | <-nfe   92.00
Epoch 0015 [Val seq (cond on sampled tp)] |  MAPE 2.785135 | RMSE 0.408454 | MAE 0.541865 |
Best Val!
Epoch 0015 [Test seq (cond on sampled tp)] | MAPE 1.077667 | RMSE 0.722381| MAE 0.590160|
1.4889053106307983,1.4688888788223267,1.8568791151046753,1.091089129447937,1.472907304763794,0.5727325677871704,0.7641234993934631,0.652895450592041,0.6982473731040955,0.5116183161735535,0.9011913537979126,1.502065896987915,0.5923361778259277,0.3791961669921875,3.225665807723999,4.575605869293213,0.5810294151306152,0.7141090631484985,0.9310023188591003,1.5436204671859741,0.4500771462917328,0.7218407988548279,0.33646664023399353,0.5171287655830383,0.7836712598800659,1.3800077438354492,1.147242546081543,0.5678810477256775,0.38070106506347656,0.5208892822265625
0.7745797556082632,0.9834793799992131,0.7211288807288939,0.6966849294539594,0.681097278625211,0.802604163531073,0.8547358399830797,0.7472255171577512,0.849703728709211,0.4854212198603282,0.5256015680286091,0.7492016278200851,0.8149845941526792,0.7664830207287838,0.9414599391458999,0.5482323015420437,0.5348480060841565,0.5505384356362212,0.6498972765741486,0.8190227360043997,0.8404017524234343,0.8515717042198067,0.6161838047927826,0.669404611440115,0.8082626328240654,0.5020277212798372,0.8730072763495882,0.5432188706658199,0.8056792656591124,0.6647474683173247
Experiment 09-05_06:33
Epoch 0016 [Train seq (cond on sampled tp)] | Loss 409.112923 | MAPE 2.061108 | RMSE 0.449741 | Likelihood -406.790190 | KL fp 2.3227 | FP STD 0.4784 | ->nfe   92.00 | <-nfe   92.00
Epoch 0016 [Val seq (cond on sampled tp)] |  MAPE 3.434442 | RMSE 0.399576 | MAE 0.534080 |
Epoch 0016 [Test seq (cond on sampled tp)] | MAPE 1.083991 | RMSE 0.710678| MAE 0.586262|
1.4455360174179077,1.2285993099212646,1.9237377643585205,1.0173059701919556,1.0529284477233887,0.5680000185966492,0.6400265693664551,0.9085584878921509,1.1878187656402588,0.5534761548042297,0.8051221966743469,1.630689263343811,0.5701201558113098,0.45045146346092224,3.029874563217163,5.536792755126953,0.6748562455177307,0.8824827075004578,0.8186237215995789,1.2017360925674438,0.36763331294059753,0.6245131492614746,0.34994688630104065,0.4320356547832489,0.7487247586250305,1.313796043395996,1.0989927053451538,0.5487155914306641,0.4334776997566223,0.47514525055885315
0.68537255051471,0.9267893585849537,0.6878674348889676,0.6769159085564848,0.6772289095171949,0.7360843082762555,0.7349630801341717,0.8697011104811313,0.7716924459203587,0.5571058771721453,0.5078144660324773,0.7784889258722236,0.6345541733896461,0.8773127372878889,0.9587231997109974,0.584759328804445,0.6019023331707366,0.6448839320869115,0.6442559550198484,0.7577114627771062,0.7297702652514461,0.8419627227618444,0.6819864395994477,0.6859340172333814,0.7498087639187347,0.44642885719017694,0.848691773643552,0.6120811431547815,0.7723820353068895,0.6371767000309267
Experiment 09-05_06:33
Epoch 0017 [Train seq (cond on sampled tp)] | Loss 442.291951 | MAPE 1.968375 | RMSE 0.455983 | Likelihood -439.826627 | KL fp 2.4653 | FP STD 0.4811 | ->nfe   92.00 | <-nfe   92.00
Epoch 0017 [Val seq (cond on sampled tp)] |  MAPE 3.245510 | RMSE 0.421303 | MAE 0.543651 |
Epoch 0017 [Test seq (cond on sampled tp)] | MAPE 1.015458 | RMSE 0.739449| MAE 0.606938|
1.7342373132705688,1.576372504234314,2.0987143516540527,1.2118606567382812,1.2030035257339478,0.7144017219543457,0.5853685140609741,0.7718725204467773,0.8684917688369751,0.7243826985359192,0.6417394876480103,1.5682562589645386,0.547127366065979,0.4969368875026703,2.3461451530456543,2.773212194442749,0.5690635442733765,0.9203317761421204,0.9270439147949219,1.400700330734253,0.40077611804008484,0.6833686828613281,0.4587833881378174,0.41853174567222595,0.6065062284469604,1.4451680183410645,1.0877522230148315,0.5226939916610718,0.3913986384868622,0.7695045471191406
0.7954996619496565,0.9355856104976779,0.8297244765955549,0.6969332931496953,0.5472851713666618,0.8406368680208387,0.7426488546673007,0.8074214379798951,0.7945595930327319,0.6966003963178548,0.4642363835814818,0.8094886950315493,0.7118413440629021,0.8912372158037832,0.9490982418722071,0.48556964971233113,0.532087143302108,0.6394972527902036,0.6637530110536947,0.8825249330170213,0.8286706818012528,0.8617899860946729,0.6721594008953119,0.6744061851538554,0.8252240238047903,0.5161037823137669,0.853673505693374,0.6295236672564679,0.8135994661502906,0.792078580271831
Experiment 09-05_06:33
Epoch 0018 [Train seq (cond on sampled tp)] | Loss 410.198344 | MAPE 2.025127 | RMSE 0.457851 | Likelihood -408.020935 | KL fp 2.1774 | FP STD 0.5098 | ->nfe   92.00 | <-nfe   92.00
Epoch 0018 [Val seq (cond on sampled tp)] |  MAPE 3.353225 | RMSE 0.398213 | MAE 0.528559 |
Epoch 0018 [Test seq (cond on sampled tp)] | MAPE 1.036287 | RMSE 0.724180| MAE 0.600095|
1.9962409734725952,1.2106870412826538,1.8743345737457275,0.8151289224624634,0.9648060202598572,0.6770341992378235,0.5573955774307251,0.8698280453681946,0.9286758303642273,0.7260791659355164,0.8528538942337036,1.5595667362213135,0.603898286819458,0.452723890542984,2.981184244155884,3.663071393966675,0.6459962725639343,0.8130967020988464,1.1186498403549194,1.4890731573104858,0.4355785548686981,0.6988632678985596,0.4845271110534668,0.4564683139324188,0.6004472970962524,1.1604044437408447,0.8188957571983337,0.5666999220848083,0.4628867208957672,0.6035172343254089
0.7550867750182522,0.9011214263248264,0.725292531551765,0.6281447450181922,0.4929824041298345,0.8760380377828496,0.7465867416003712,0.7980876372575362,0.7998549523587227,0.669824643210713,0.4861267929348162,0.7874592649429871,0.7154962865358564,0.8284469914189411,0.9008109214375584,0.544135397771633,0.5557380452708556,0.6140182100587137,0.7313463375829972,0.8780396321569289,0.8529179835406413,0.8033045393649441,0.6684206499184677,0.7526478914189134,0.8108175905691684,0.41023048455698874,0.8040140537532988,0.6638181124508207,0.8634343076323158,0.6611628110044138
Experiment 09-05_06:33
Epoch 0019 [Train seq (cond on sampled tp)] | Loss 379.320196 | MAPE 2.171334 | RMSE 0.447980 | Likelihood -376.935863 | KL fp 2.3843 | FP STD 0.4995 | ->nfe   92.00 | <-nfe   92.00
Epoch 0019 [Val seq (cond on sampled tp)] |  MAPE 3.257222 | RMSE 0.412333 | MAE 0.533850 |
Epoch 0019 [Test seq (cond on sampled tp)] | MAPE 1.177964 | RMSE 0.748916| MAE 0.618310|
1.308003306388855,1.4014227390289307,2.0975468158721924,1.1279538869857788,1.8276379108428955,0.7227460741996765,0.6915355920791626,0.8148395419120789,1.1019331216812134,0.7250056266784668,0.9885362982749939,1.5607953071594238,0.6176809072494507,0.483603298664093,3.143585205078125,6.089828014373779,0.6332747340202332,0.8307003378868103,1.2769720554351807,1.1801103353500366,0.4533022940158844,0.7019009590148926,0.44038769602775574,0.30630961060523987,0.5653048157691956,1.4026035070419312,1.1315449476242065,0.554767370223999,0.5141279697418213,0.6449524760246277
0.7812054049161831,0.9044449357499557,0.7253777473551503,0.7115171814946374,0.5745342970604662,0.943159093979992,0.841952776357057,0.726649576527165,0.848680852621121,0.5932377060791074,0.6296253713243551,0.7934962430214834,0.7117479755920841,0.8647757319966782,0.9283114595992309,0.565088119513382,0.587577254714798,0.7093626752278476,0.7430938406813113,0.8433660764017165,0.8583983680629593,0.9181464489949646,0.6526852701688391,0.6498787500926663,0.7210253896991352,0.4692901042858147,0.8618364628951567,0.6268512488569453,1.0070624702532682,0.6751043865939441
Experiment 09-05_06:33
Epoch 0020 [Train seq (cond on sampled tp)] | Loss 387.254781 | MAPE 2.308435 | RMSE 0.453934 | Likelihood -384.935399 | KL fp 2.3194 | FP STD 0.5253 | ->nfe   92.00 | <-nfe   92.00
Epoch 0020 [Val seq (cond on sampled tp)] |  MAPE 3.287451 | RMSE 0.393396 | MAE 0.525949 |
Epoch 0020 [Test seq (cond on sampled tp)] | MAPE 1.097184 | RMSE 0.732537| MAE 0.605440|
1.6396894454956055,0.9660336375236511,2.1419548988342285,0.9528768658638,1.504410743713379,0.7365977168083191,0.5853237509727478,0.8860058188438416,0.9021398425102234,0.6469694375991821,0.9546745419502258,1.447320818901062,0.45975860953330994,0.4684765934944153,2.5557827949523926,5.398685455322266,0.5554601550102234,0.8692290186882019,1.0472325086593628,1.2411028146743774,0.410299688577652,0.7771302461624146,0.3471429944038391,0.3398578464984894,0.9328464865684509,1.1890755891799927,1.195410132408142,0.6230542063713074,0.505210816860199,0.6357704997062683
0.7612905227824855,0.9542905216263192,0.7244837155851758,0.6409408907007841,0.6593569594893833,0.8549673274417505,0.7767645436801712,0.7950812327671027,0.8134660113361352,0.6072944679217458,0.5856461118314532,0.6782165043704975,0.6005014499691269,0.8815608646414165,0.9908503736330587,0.5875690125452522,0.5400233895923052,0.6630308552534201,0.6844698060790437,0.8268341944768914,0.7968282124864718,0.9497075647190821,0.6414953460331279,0.6982803227607749,0.7638978355538847,0.41640432761716567,0.8330975715603645,0.7166067177812442,0.8901418412689448,0.6430133169124104
Experiment 09-05_06:33
Epoch 0021 [Train seq (cond on sampled tp)] | Loss 394.960363 | MAPE 2.201105 | RMSE 0.450845 | Likelihood -392.486546 | KL fp 2.4738 | FP STD 0.5494 | ->nfe   92.00 | <-nfe   92.00
Epoch 0021 [Val seq (cond on sampled tp)] |  MAPE 3.866402 | RMSE 0.422446 | MAE 0.548622 |
Epoch 0021 [Test seq (cond on sampled tp)] | MAPE 1.187547 | RMSE 0.727545| MAE 0.602619|
1.3547078371047974,1.6019772291183472,2.011171340942383,0.8069556355476379,1.4686895608901978,0.6869704127311707,0.6969048976898193,0.7810641527175903,0.7865832448005676,0.6584092974662781,0.7504472136497498,1.5996230840682983,0.5956611037254333,0.4106341004371643,2.3793272972106934,8.393976211547852,0.6136037111282349,0.7424843311309814,1.203786849975586,1.3474448919296265,0.32977887988090515,0.6272681355476379,0.4913124740123749,0.44570884108543396,1.0029714107513428,1.114571213722229,1.1101242303848267,0.6524084806442261,0.4289571940898895,0.5329009294509888
0.697721508600725,0.97614157188125,0.7441401844574033,0.7458749420309196,0.5281946734454853,0.8100037743044857,0.7320465753960207,0.8108769124059823,0.8300140715176076,0.57922745312475,0.5259838513118252,0.773093715518923,0.6516291421889957,0.8748836099326598,0.9089981045278295,0.6449661175012292,0.5689558327432626,0.5482244735372899,0.7515401127072298,0.8829577503724164,0.7292829874899628,0.8229997850443304,0.7042931918927545,0.6954906106914288,0.7796925852271464,0.42009853816437537,0.8492624210193848,0.6802403185939525,0.9041481637306681,0.6553589357178584
Experiment 09-05_06:33
Epoch 0022 [Train seq (cond on sampled tp)] | Loss 424.586369 | MAPE 2.171768 | RMSE 0.456140 | Likelihood -422.004296 | KL fp 2.5821 | FP STD 0.5951 | ->nfe   92.00 | <-nfe   92.00
Epoch 0022 [Val seq (cond on sampled tp)] |  MAPE 4.073858 | RMSE 0.398340 | MAE 0.531848 |
Epoch 0022 [Test seq (cond on sampled tp)] | MAPE 1.031820 | RMSE 0.711323| MAE 0.585988|
1.1471840143203735,1.4509353637695312,1.869940996170044,0.9767260551452637,1.3418558835983276,0.6874046325683594,0.5699356198310852,0.7959175109863281,0.7900900840759277,0.8443841934204102,0.7339564561843872,1.5069900751113892,0.5093197822570801,0.3571885824203491,2.9309215545654297,4.597121715545654,0.643356442451477,0.8111775517463684,0.940507709980011,1.2144815921783447,0.3894372880458832,0.7910374999046326,0.34886202216148376,0.4199012219905853,0.44145041704177856,1.2357326745986938,1.0658444166183472,0.5528529286384583,0.4245224893093109,0.5655703544616699
0.7190954373411872,0.894346626252854,0.7174264081902918,0.6458850629660101,0.5910460994349401,0.8112936601219694,0.7975769691036673,0.7463747064746081,0.8382709413660737,0.703941189388865,0.5081416603819867,0.7357229482931755,0.6541731987969245,0.7150545486903022,0.9258291497695395,0.5845772021111006,0.5335269545473419,0.608299945433271,0.6074400037409128,0.8048155969677327,0.7391448041642312,0.8948788030175645,0.6653988350987307,0.6588935287438017,0.8295938313227259,0.4411063230251593,0.7757266299101808,0.6472920561454624,0.811431585776172,0.7333981124125445
Experiment 09-05_06:33
Epoch 0023 [Train seq (cond on sampled tp)] | Loss 368.099621 | MAPE 2.159171 | RMSE 0.448447 | Likelihood -365.720601 | KL fp 2.3790 | FP STD 0.5748 | ->nfe   92.00 | <-nfe   92.00
Epoch 0023 [Val seq (cond on sampled tp)] |  MAPE 3.375497 | RMSE 0.405770 | MAE 0.533669 |
Epoch 0023 [Test seq (cond on sampled tp)] | MAPE 1.072792 | RMSE 0.728645| MAE 0.605128|
1.419231653213501,1.0493181943893433,2.090444564819336,1.0625221729278564,2.028775453567505,0.7544612288475037,0.5716637969017029,0.7644220590591431,1.2634303569793701,0.6932886242866516,0.8025458455085754,1.4442721605300903,0.6727907061576843,0.4091854989528656,2.6970303058624268,4.363058090209961,0.6060031056404114,0.8203958868980408,1.1075276136398315,1.3180173635482788,0.40374335646629333,0.6457054018974304,0.4100189805030823,0.38241830468177795,0.6307094693183899,1.2694991827011108,0.8948098421096802,0.5753369331359863,0.4700714647769928,0.5630598068237305
0.6993492260462882,0.9342761877369181,0.7504315724040665,0.6788889918970668,0.6337454241525357,0.8860010275694871,0.7332732275331538,0.7899461840153682,0.8118319699555223,0.6135178370832394,0.5313458917129628,0.7411650591939289,0.6674059900954099,0.8515687644798069,0.982049040834273,0.5952741986065901,0.5337873618653303,0.613993116152256,0.6755000725710115,0.8403600126192814,0.7783829916266124,0.8361830306215636,0.7038807939505366,0.7024500468335328,0.7582791651428475,0.4538015871962123,0.8280078157249552,0.6650212043235433,0.8902349454468678,0.6793979159423423
Experiment 09-05_06:33
Epoch 0024 [Train seq (cond on sampled tp)] | Loss 371.283089 | MAPE 2.103829 | RMSE 0.448675 | Likelihood -368.826397 | KL fp 2.4567 | FP STD 0.5555 | ->nfe   92.00 | <-nfe   92.00
Epoch 0024 [Val seq (cond on sampled tp)] |  MAPE 3.459677 | RMSE 0.404864 | MAE 0.532211 |
Epoch 0024 [Test seq (cond on sampled tp)] | MAPE 1.094014 | RMSE 0.715261| MAE 0.591467|
0.7930483222007751,1.4134963750839233,2.1137590408325195,0.8912338614463806,1.8621405363082886,0.7623130083084106,0.5898933410644531,0.8825163245201111,0.9339484572410583,0.8298656344413757,0.7199452519416809,1.577858805656433,0.6521934866905212,0.4141571521759033,2.4630417823791504,5.306405544281006,0.6114912033081055,0.8012151718139648,1.0894604921340942,1.6105718612670898,0.42068830132484436,0.6818397641181946,0.3776261806488037,0.3514401912689209,0.8799549341201782,1.2510404586791992,0.9315609335899353,0.5873389840126038,0.4793866276741028,0.5409889221191406
0.7048846584347691,0.919276794904158,0.7459836948571371,0.6032272439973343,0.5617078925981508,0.8413071767979943,0.7274183339559334,0.8054400138279971,0.796115588187192,0.6544794084239972,0.5004528796073214,0.7400524549966343,0.6792054275459274,0.8813052518581855,0.8886271706539982,0.5516945321583592,0.5420294121683326,0.6281095872952356,0.6525741901094115,0.8460096195905025,0.7808270263077891,0.8748627282502982,0.6767264354747661,0.6247776351180753,0.7888981865243937,0.42910324603355166,0.8260569751823454,0.6281924491461923,0.9225156465356169,0.6359822278613627
Experiment 09-05_06:33
Epoch 0025 [Train seq (cond on sampled tp)] | Loss 359.303173 | MAPE 2.144093 | RMSE 0.446744 | Likelihood -356.971798 | KL fp 2.3314 | FP STD 0.5417 | ->nfe   92.00 | <-nfe   92.00
Epoch 0025 [Val seq (cond on sampled tp)] |  MAPE 3.456059 | RMSE 0.405254 | MAE 0.533111 |
Epoch 0025 [Test seq (cond on sampled tp)] | MAPE 1.105860 | RMSE 0.714702| MAE 0.593980|
1.9097868204116821,1.2869147062301636,2.1003215312957764,1.1565582752227783,1.7686964273452759,0.6913424730300903,0.5845658183097839,0.8706464767456055,0.8716468811035156,0.7086729407310486,0.7617455720901489,1.6082502603530884,0.6308408975601196,0.42903754115104675,2.8112070560455322,4.680026531219482,0.5504221320152283,0.8880282640457153,1.071516752243042,1.405010461807251,0.39053845405578613,0.6914722323417664,0.380192369222641,0.35534560680389404,0.7054761052131653,1.2128169536590576,1.0953537225723267,0.5463131070137024,0.4380749762058258,0.5749713182449341
0.7028216025313002,0.9195465164408148,0.7586732675380299,0.6837230233165649,0.5686573938286028,0.8585950259614857,0.7909787769918674,0.7683652380141197,0.8108082912756032,0.6405848746410433,0.48679924937541424,0.7790735445796643,0.6596110874954868,0.8246526434825766,0.9227855194519069,0.5855707928415073,0.5308772911433717,0.6665071033219453,0.6060681729133331,0.7945590679208901,0.7720137699188833,0.8576024588716898,0.6529175296510772,0.6461401308103142,0.7734019338734047,0.445131884303388,0.8211589624004655,0.5817172080118674,0.8824760335958497,0.6492531024827888
Experiment 09-05_06:33
Epoch 0026 [Train seq (cond on sampled tp)] | Loss 353.070251 | MAPE 2.164630 | RMSE 0.446143 | Likelihood -350.569117 | KL fp 2.5011 | FP STD 0.5493 | ->nfe   92.00 | <-nfe   92.00
Epoch 0026 [Val seq (cond on sampled tp)] |  MAPE 3.325581 | RMSE 0.399313 | MAE 0.530113 |
Epoch 0026 [Test seq (cond on sampled tp)] | MAPE 1.142586 | RMSE 0.706579| MAE 0.582886|
1.696868896484375,1.4873126745224,2.0722529888153076,1.1697468757629395,2.0247344970703125,0.7628104090690613,0.6157099604606628,0.7819051146507263,1.1670387983322144,0.6416540145874023,0.6053063273429871,1.5209147930145264,0.6084538698196411,0.3762642443180084,2.797866106033325,5.954245090484619,0.6483397483825684,0.7905370593070984,0.9232339859008789,1.3204816579818726,0.40597277879714966,0.6026952862739563,0.3533753454685211,0.4262465536594391,0.5683867335319519,1.2113037109375,1.1714226007461548,0.5814005732536316,0.45201024413108826,0.5390804409980774
0.6666671161848778,0.9406265575611488,0.7277847182530983,0.6580430467229972,0.6185824889959656,0.8579566000719174,0.7269710499615147,0.7560731255370493,0.8229112061588986,0.6027971701010084,0.4692561119415226,0.749069709790878,0.6340238726916831,0.8364590951639762,0.8912732291705514,0.6158658374687815,0.5819491642153871,0.592936535790754,0.6088747024879989,0.7721563575482409,0.7917045324873522,0.8356282027417865,0.6974131323957722,0.6392139852192829,0.7287516275587277,0.4515193080374997,0.7856738533726597,0.6124923150884459,0.8746524188552597,0.6500407472089713
Experiment 09-05_06:33
Epoch 0027 [Train seq (cond on sampled tp)] | Loss 380.117270 | MAPE 2.094146 | RMSE 0.447426 | Likelihood -377.710899 | KL fp 2.4064 | FP STD 0.5668 | ->nfe   92.00 | <-nfe   92.00
Epoch 0027 [Val seq (cond on sampled tp)] |  MAPE 3.863901 | RMSE 0.411780 | MAE 0.538746 |
Epoch 0027 [Test seq (cond on sampled tp)] | MAPE 1.129263 | RMSE 0.718645| MAE 0.593853|
2.085155963897705,1.5396349430084229,2.0190846920013428,0.9136215448379517,1.7372334003448486,0.7076296806335449,0.6139301657676697,0.857954204082489,0.9712333083152771,0.6675718426704407,0.7925389409065247,1.3902896642684937,0.6129180192947388,0.3972448408603668,2.34956955909729,6.108548641204834,0.5796074271202087,0.9007622599601746,1.2119953632354736,1.3771532773971558,0.40418940782546997,0.690937340259552,0.37288424372673035,0.3923320472240448,0.4421987533569336,1.1259496212005615,1.0117722749710083,0.5644778609275818,0.44447383284568787,0.595003604888916
0.7096866880787648,0.9415565782241133,0.7475903664383079,0.6508629490011641,0.5794384187311092,0.8307863692118197,0.7832478726891133,0.7784449000181045,0.824080469183648,0.6107796106440925,0.5056613843956698,0.7217943154694377,0.6316496207328581,0.8717434773661948,0.9156026336229577,0.6099415370800912,0.5558800034706362,0.6264218132005882,0.6882582947521819,0.8215656336466683,0.7886091006096116,0.8806766565792484,0.689581278272565,0.6653012334497675,0.7587168694793412,0.4345386965105711,0.7998912424428622,0.5992332297593671,0.8449023466282847,0.6929066859237778
Experiment 09-05_06:33
Epoch 0028 [Train seq (cond on sampled tp)] | Loss 397.282827 | MAPE 2.080801 | RMSE 0.447345 | Likelihood -394.771799 | KL fp 2.5110 | FP STD 0.6195 | ->nfe   92.00 | <-nfe   92.00
Epoch 0028 [Val seq (cond on sampled tp)] |  MAPE 3.974013 | RMSE 0.403701 | MAE 0.531033 |
Epoch 0028 [Test seq (cond on sampled tp)] | MAPE 1.107340 | RMSE 0.704410| MAE 0.586399|
2.006171464920044,1.3271257877349854,2.1107723712921143,1.1422947645187378,1.7176964282989502,0.702113151550293,0.5971563458442688,0.7447713017463684,0.9449710845947266,0.7274395823478699,0.7435680627822876,1.571443796157837,0.6202306151390076,0.4125830829143524,2.802304983139038,5.048615455627441,0.5856708288192749,0.7616667151451111,1.104720115661621,1.2435449361801147,0.41418933868408203,0.6635624766349792,0.319491982460022,0.4056888520717621,0.7065567374229431,1.1142854690551758,1.0660508871078491,0.5538619160652161,0.45348143577575684,0.6081773638725281
0.6718994624098115,0.9211814663885676,0.747923081316487,0.6709514968968514,0.5849002558291041,0.8078911719022013,0.7731488006924913,0.7223668111642959,0.8267797664085879,0.6087212356805687,0.48426902288452806,0.772584271139871,0.6456805068876091,0.8430452582540273,0.8898927790637633,0.6084972074863048,0.5248360809374583,0.5817928466001735,0.659355083725246,0.8070342278956434,0.7663639161903267,0.8453224153342597,0.6308985600540168,0.6679717169801728,0.7378022188910739,0.4176257678153028,0.8172092048286256,0.6150122589734841,0.8306905125600738,0.6506496749801487
Experiment 09-05_06:33
Epoch 0029 [Train seq (cond on sampled tp)] | Loss 402.758069 | MAPE 2.191216 | RMSE 0.447089 | Likelihood -400.164366 | KL fp 2.5937 | FP STD 0.6275 | ->nfe   92.00 | <-nfe   92.00
Epoch 0029 [Val seq (cond on sampled tp)] |  MAPE 4.168885 | RMSE 0.396581 | MAE 0.528184 |
Epoch 0029 [Test seq (cond on sampled tp)] | MAPE 1.094091 | RMSE 0.707007| MAE 0.587118|
2.053481340408325,1.300061583518982,2.026855945587158,0.993603527545929,1.7486215829849243,0.758492112159729,0.5626787543296814,0.7609652876853943,1.0777157545089722,0.6970742344856262,0.7114376425743103,1.5752586126327515,0.6115759015083313,0.419405460357666,2.5360116958618164,4.627967834472656,0.5908793807029724,0.8903743028640747,0.9863203167915344,1.3511521816253662,0.3687067925930023,0.6884874105453491,0.38439518213272095,0.38364219665527344,0.5240867137908936,1.3021793365478516,1.1934000253677368,0.6103388071060181,0.4719122052192688,0.6156489253044128
0.688064213630981,0.8986750413092217,0.7147699953813498,0.6657657546107036,0.5863953645236077,0.8384130667568197,0.6971906733900182,0.7378350175833007,0.8292518722103629,0.6132912361644048,0.47169834202747374,0.7340943226223577,0.6308450608652046,0.8777114206460952,0.9068773005934176,0.5723749518526702,0.5125205187062811,0.5933713709589878,0.6219938701330653,0.7976015929682558,0.7369763584330583,0.8481470963390435,0.7116970155246812,0.6870152541817236,0.7453107469965954,0.4769715445396077,0.781927158619373,0.6622155253522779,0.871431259663699,0.6997661259487447
Experiment 09-05_06:33
Epoch 0030 [Train seq (cond on sampled tp)] | Loss 383.470307 | MAPE 2.155892 | RMSE 0.446287 | Likelihood -380.979772 | KL fp 2.4905 | FP STD 0.6117 | ->nfe   92.00 | <-nfe   92.00
Epoch 0030 [Val seq (cond on sampled tp)] |  MAPE 3.720784 | RMSE 0.399109 | MAE 0.529547 |
Epoch 0030 [Test seq (cond on sampled tp)] | MAPE 1.131475 | RMSE 0.702414| MAE 0.582276|
1.8499943017959595,1.5221408605575562,2.0600953102111816,0.8786056637763977,1.7082948684692383,0.7383921146392822,0.5857398509979248,0.7866504788398743,0.9686226844787598,0.6635307669639587,0.6726626753807068,1.5216437578201294,0.62090665102005,0.41374894976615906,2.5867016315460205,6.3758225440979,0.5756116509437561,0.8478609919548035,0.9360432028770447,1.3159925937652588,0.39667007327079773,0.6306731104850769,0.41628965735435486,0.34729278087615967,0.7247636914253235,1.066960334777832,1.1798473596572876,0.6011716723442078,0.4719392955303192,0.4795902371406555
0.6765549701157121,0.9379440209800141,0.735060595006285,0.6303042162841183,0.6015318082435971,0.8392295188120553,0.727303445029154,0.7451547435730073,0.8045522335395822,0.6049799268718568,0.44344181185044745,0.7448430388190954,0.6938162789172719,0.8430928744338384,0.9009391785181601,0.6082704755454502,0.5368268466355437,0.6274028602961117,0.5940552980647622,0.7797001151553151,0.7912696336356281,0.8113887964373614,0.7058362398646958,0.6168383564447748,0.7180722399686954,0.39640431464914055,0.831959430299211,0.6356252395719454,0.867366909679302,0.6226494217980443
Experiment 09-05_06:33
Epoch 0031 [Train seq (cond on sampled tp)] | Loss 374.534943 | MAPE 2.026464 | RMSE 0.444775 | Likelihood -372.045476 | KL fp 2.4895 | FP STD 0.5823 | ->nfe   92.00 | <-nfe   92.00
Epoch 0031 [Val seq (cond on sampled tp)] |  MAPE 3.917930 | RMSE 0.408522 | MAE 0.535104 |
Epoch 0031 [Test seq (cond on sampled tp)] | MAPE 1.065920 | RMSE 0.712919| MAE 0.592660|
1.0595537424087524,1.3477243185043335,2.0561301708221436,1.0033398866653442,1.7586462497711182,0.7010118365287781,0.5797681212425232,0.8977401852607727,1.1729786396026611,0.6969117522239685,0.7701082229614258,1.6054052114486694,0.5999173521995544,0.4330480694770813,2.7131435871124268,4.380763530731201,0.584091067314148,0.806501567363739,0.9748638272285461,1.411511778831482,0.3870958983898163,0.6767922639846802,0.34159764647483826,0.4356416165828705,0.7331531047821045,1.2039622068405151,1.045624017715454,0.5613518953323364,0.44927978515625,0.5899319052696228
0.6830227892496032,0.9070626594303075,0.7552154716066648,0.6426818903012598,0.6193812290883097,0.8145637345618952,0.7620944930382813,0.7738509566180197,0.7818844698447577,0.610358471640582,0.516213312623488,0.7883050134288647,0.6590796726787699,0.8839314888689961,0.8849437946855735,0.6232334921770325,0.5183214715640949,0.6071221203828991,0.6210297605552044,0.8331826351917402,0.779410332473091,0.8577386014754137,0.6742347706541209,0.6908299042885426,0.7118276117107236,0.43125675790439805,0.8091543346045426,0.6021099819458956,0.8485871929378247,0.6969376121071393
Experiment 09-05_06:33
Epoch 0032 [Train seq (cond on sampled tp)] | Loss 366.791354 | MAPE 2.170850 | RMSE 0.445227 | Likelihood -364.429658 | KL fp 2.3617 | FP STD 0.5809 | ->nfe   92.00 | <-nfe   92.00
Epoch 0032 [Val seq (cond on sampled tp)] |  MAPE 3.647913 | RMSE 0.407293 | MAE 0.534581 |
Epoch 0032 [Test seq (cond on sampled tp)] | MAPE 1.063551 | RMSE 0.710728| MAE 0.590829|
1.7099593877792358,1.1654852628707886,2.0671234130859375,1.0365955829620361,1.6495764255523682,0.7220880389213562,0.6207740902900696,0.7924660444259644,1.0110281705856323,0.6979751586914062,0.7592319846153259,1.5332244634628296,0.5751738548278809,0.40448686480522156,2.825329542160034,3.8744492530822754,0.6323493123054504,0.8197056651115417,1.021768569946289,1.3302974700927734,0.39335206151008606,0.6902471780776978,0.3722764253616333,0.34334778785705566,0.8443374633789062,1.239129900932312,1.1307352781295776,0.6013712286949158,0.46208903193473816,0.5805647373199463
0.6774214976039887,0.90307155173781,0.7316543423028152,0.6915032054788212,0.5717823214033306,0.8368094700519041,0.7720346154496864,0.7633900232031412,0.7666058777122776,0.6075616657293341,0.4817545054650168,0.7721626873035953,0.649684809412667,0.8619250869305256,0.9073081908854528,0.5772019053315368,0.5704587461481998,0.6112256192686751,0.607880422332257,0.8206374841628035,0.7633518026302535,0.853189646189408,0.6792240316546749,0.6748388919359577,0.7127290725552582,0.45363719536330993,0.8257978598260436,0.6340589609888693,0.8806253194165378,0.6623097119468416
Experiment 09-05_06:33
Epoch 0033 [Train seq (cond on sampled tp)] | Loss 372.394726 | MAPE 2.110321 | RMSE 0.446413 | Likelihood -370.046540 | KL fp 2.3482 | FP STD 0.5916 | ->nfe   92.00 | <-nfe   92.00
Epoch 0033 [Val seq (cond on sampled tp)] |  MAPE 3.440032 | RMSE 0.402563 | MAE 0.531031 |
Epoch 0033 [Test seq (cond on sampled tp)] | MAPE 1.075955 | RMSE 0.717779| MAE 0.595106|
1.7809730768203735,1.4129365682601929,2.0070292949676514,1.0515779256820679,1.8256924152374268,0.7526368498802185,0.6926583647727966,0.8122915625572205,1.0062029361724854,0.6938602328300476,0.8025890588760376,1.5850778818130493,0.5802683234214783,0.43854647874832153,2.55159068107605,4.2563605308532715,0.6087322235107422,0.8013580441474915,1.0884658098220825,1.3015637397766113,0.3856262266635895,0.7024656534194946,0.3295474946498871,0.41135498881340027,0.5807598233222961,1.208968162536621,0.9847730994224548,0.5775843858718872,0.464773952960968,0.5823954939842224
0.6912599182452086,0.9287430911108808,0.7420908814834747,0.6525844198549212,0.6352837428739704,0.8448560670576005,0.8141073320750942,0.7913359193722131,0.7983064323689872,0.6324630761583071,0.5116187718690602,0.7701291699871642,0.6439290094090762,0.9055320921655463,0.910355542020155,0.5864094168915223,0.5233149598575348,0.6129015579366901,0.6774147005331469,0.8075149637495161,0.7653961228791046,0.8564603101750371,0.687211734852666,0.7105245543712772,0.7281887353990242,0.4253679071530617,0.7810859126388218,0.616695231880113,0.8718993904776663,0.6103801506976676
