/nvme/yuanjingyang/CG-ODE/run_models_covid.py
run_models_covid.py --solver dopri5 --tol 5e-2 --atol 1e-4
Namespace(save='experiments/', load=None, dataset='Dec', datapath='data/', pred_length=14, condition_length=21, features='Confirmed,Deaths,Recovered,Mortality_Rate,Testing_Rate,Population,Mobility', split_interval=3, feature_out='Deaths', niters=100, lr=0.005, batch_size=8, random_seed=1991, dropout=0.2, l2=1e-05, optimizer='AdamW', clip=10, edge_lamda=0.5, z0_encoder='GTrans', rec_dims=64, ode_dims=20, rec_layers=1, gen_layers=1, CVPR=False, graf_layer=1, heavyBall=False, actv_h=None, gamma_guess=-3.0, gamma_act='sigmoid', corr=-100, corrf=True, sign=1, augment_dim=0, solver='dopri5', tol=0.05, atol=0.0001, alias='run', output_dim=1, feature_out_index=[1], num_atoms=50)
run
Experiment 07-12_18:55
Epoch 0001 [Train seq (cond on sampled tp)] | Loss 4391256.381152 | MAPE 0.063220 | RMSE 286.232989 | Likelihood -4391255.006201 | KL fp 1.3750 | FP STD 0.5291 | ->nfe   38.00 | <-nfe  411.50
Epoch 0001 [Val seq (cond on sampled tp)] |  MAPE 0.058592 | RMSE 304.758511 |
Best Val!
Epoch 0001 [Test seq (cond on sampled tp)] | MAPE 0.120090 | RMSE 904.413638|
0.13147111237049103,0.12509450316429138,0.10370396077632904
848.9592525557396,935.3624631660178,928.9191972394585
0.13147111237049103,0.12509450316429138,0.10370396077632904
848.9592525557396,935.3624631660178,928.9191972394585
Epoch 0001 [Test seq (cond on sampled tp)] | Best Test MAPE 0.120090|Best Test RMSE 904.413638|
Experiment 07-12_18:55
Epoch 0002 [Train seq (cond on sampled tp)] | Loss 4166473.104200 | MAPE 0.103684 | RMSE 274.904574 | Likelihood -4166470.293861 | KL fp 2.8103 | FP STD 1.0213 | ->nfe   40.25 | <-nfe 1334.75
Epoch 0002 [Val seq (cond on sampled tp)] |  MAPE 0.067314 | RMSE 277.165902 |
Epoch 0002 [Test seq (cond on sampled tp)] | MAPE 0.111705 | RMSE 857.311815|
0.12007685750722885,0.11455268412828445,0.10048583894968033
797.9721173073656,890.1335222875274,883.8298054489903
0.12007685750722885,0.11455268412828445,0.10048583894968033
797.9721173073656,890.1335222875274,883.8298054489903
Epoch 0002 [Test seq (cond on sampled tp)] | Best Test MAPE 0.111705|Best Test RMSE 857.311815|
Experiment 07-12_18:55
Epoch 0003 [Train seq (cond on sampled tp)] | Loss 3802148.970001 | MAPE 0.268500 | RMSE 254.957846 | Likelihood -3802143.400605 | KL fp 5.5694 | FP STD 1.2214 | ->nfe   50.75 | <-nfe  214.25
Epoch 0003 [Val seq (cond on sampled tp)] |  MAPE 0.110415 | RMSE 232.207570 |
Epoch 0003 [Test seq (cond on sampled tp)] | MAPE 0.143551 | RMSE 771.761883|
0.14919978380203247,0.14423836767673492,0.1372159719467163
704.467595954562,808.7612827651927,802.0567701229135
Experiment 07-12_18:55
Epoch 0004 [Train seq (cond on sampled tp)] | Loss 3540411.995878 | MAPE 0.507363 | RMSE 238.629302 | Likelihood -3540405.157057 | KL fp 6.8388 | FP STD 0.9982 | ->nfe   56.00 | <-nfe  176.75
Epoch 0004 [Val seq (cond on sampled tp)] |  MAPE 0.112428 | RMSE 211.780667 |
Epoch 0004 [Test seq (cond on sampled tp)] | MAPE 0.138719 | RMSE 719.796696|
0.15345123410224915,0.13518394529819489,0.12752245366573334
648.8903268272691,755.4846954108336,755.0150660748433
Experiment 07-12_18:55
Epoch 0005 [Train seq (cond on sampled tp)] | Loss 3254605.627618 | MAPE 0.396573 | RMSE 221.161602 | Likelihood -3254600.895414 | KL fp 4.7322 | FP STD 0.6211 | ->nfe   53.75 | <-nfe  200.00
Epoch 0005 [Val seq (cond on sampled tp)] |  MAPE 0.029444 | RMSE 192.109995 |
Best Val!
Epoch 0005 [Test seq (cond on sampled tp)] | MAPE 0.068953 | RMSE 683.022812|
0.07556969672441483,0.07214201986789703,0.059147533029317856
612.9006597728542,715.6862310049006,720.4815446977112
0.07556969672441483,0.07214201986789703,0.059147533029317856
612.9006597728542,715.6862310049006,720.4815446977112
Epoch 0005 [Test seq (cond on sampled tp)] | Best Test MAPE 0.068953|Best Test RMSE 683.022812|
Experiment 07-12_18:55
Epoch 0006 [Train seq (cond on sampled tp)] | Loss 2891388.758107 | MAPE 0.048133 | RMSE 196.357735 | Likelihood -2891385.292530 | KL fp 3.4656 | FP STD 0.5220 | ->nfe   50.00 | <-nfe 1239.50
Epoch 0006 [Val seq (cond on sampled tp)] |  MAPE 0.032831 | RMSE 156.283515 |
Epoch 0006 [Test seq (cond on sampled tp)] | MAPE 0.068967 | RMSE 587.301574|
0.07384185492992401,0.07250312715768814,0.060554880648851395
508.7072310032559,619.8757183903883,633.3217734690637
Experiment 07-12_18:55
Epoch 0007 [Train seq (cond on sampled tp)] | Loss 2582507.856457 | MAPE 0.043199 | RMSE 170.540698 | Likelihood -2582504.321784 | KL fp 3.5347 | FP STD 0.4934 | ->nfe   47.75 | <-nfe  604.25
Epoch 0007 [Val seq (cond on sampled tp)] |  MAPE 0.028498 | RMSE 134.922410 |
Best Val!
Epoch 0007 [Test seq (cond on sampled tp)] | MAPE 0.050271 | RMSE 519.320328|
0.053672607988119125,0.04890540987253189,0.04823560640215874
447.6473046662964,552.9083897898457,557.4052890402099
0.053672607988119125,0.04890540987253189,0.04823560640215874
447.6473046662964,552.9083897898457,557.4052890402099
Epoch 0007 [Test seq (cond on sampled tp)] | Best Test MAPE 0.050271|Best Test RMSE 519.320328|
Experiment 07-12_18:55
Epoch 0008 [Train seq (cond on sampled tp)] | Loss 2330751.459288 | MAPE 0.057586 | RMSE 145.909928 | Likelihood -2330748.089237 | KL fp 3.3701 | FP STD 0.4291 | ->nfe   47.75 | <-nfe  243.50
Epoch 0008 [Val seq (cond on sampled tp)] |  MAPE 0.031468 | RMSE 128.134977 |
Epoch 0008 [Test seq (cond on sampled tp)] | MAPE 0.050967 | RMSE 474.041535|
0.0513540543615818,0.05507579818367958,0.046472351998090744
414.0946072457356,502.82040469237126,505.2095945001441
Experiment 07-12_18:55
Epoch 0009 [Train seq (cond on sampled tp)] | Loss 2224118.418243 | MAPE 0.064327 | RMSE 133.790671 | Likelihood -2224115.222191 | KL fp 3.1961 | FP STD 0.3405 | ->nfe   46.25 | <-nfe  202.25
Epoch 0009 [Val seq (cond on sampled tp)] |  MAPE 0.030260 | RMSE 113.034421 |
Epoch 0009 [Test seq (cond on sampled tp)] | MAPE 0.054785 | RMSE 410.393435|
0.06239354982972145,0.05683605372905731,0.04512518271803856
346.30754260122603,440.1428745305324,444.72988641983574
Experiment 07-12_18:55
Epoch 0010 [Train seq (cond on sampled tp)] | Loss 2211639.612485 | MAPE 0.040800 | RMSE 131.767240 | Likelihood -2211636.805500 | KL fp 2.8070 | FP STD 0.3295 | ->nfe   44.75 | <-nfe  266.75
Epoch 0010 [Val seq (cond on sampled tp)] |  MAPE 0.046023 | RMSE 100.477488 |
Epoch 0010 [Test seq (cond on sampled tp)] | MAPE 0.067769 | RMSE 398.331334|
0.07086792588233948,0.07035194337368011,0.06208685785531998
332.9880581567453,430.970869810246,431.03507325390586
Experiment 07-12_18:55
Epoch 0011 [Train seq (cond on sampled tp)] | Loss 2121517.142814 | MAPE 0.043599 | RMSE 120.460716 | Likelihood -2121514.029325 | KL fp 3.1135 | FP STD 0.2876 | ->nfe   47.75 | <-nfe  233.00
Epoch 0011 [Val seq (cond on sampled tp)] |  MAPE 0.028428 | RMSE 105.286866 |
Best Val!
Epoch 0011 [Test seq (cond on sampled tp)] | MAPE 0.053978 | RMSE 387.539442|
0.057000577449798584,0.05726418271660805,0.04766936972737312
318.31740252458707,417.9649170384998,426.33600671887893
Experiment 07-12_18:55
Epoch 0012 [Train seq (cond on sampled tp)] | Loss 2089330.608959 | MAPE 0.045761 | RMSE 115.786354 | Likelihood -2089327.635501 | KL fp 2.9735 | FP STD 0.2826 | ->nfe   47.00 | <-nfe  248.00
Epoch 0012 [Val seq (cond on sampled tp)] |  MAPE 0.024465 | RMSE 98.047631 |
Best Val!
Epoch 0012 [Test seq (cond on sampled tp)] | MAPE 0.051667 | RMSE 345.841187|
0.05137426406145096,0.055315274745225906,0.04831232130527496
281.25026388876506,369.3241716297486,386.94912456290683
Experiment 07-12_18:55
Epoch 0013 [Train seq (cond on sampled tp)] | Loss 2087545.065090 | MAPE 0.031313 | RMSE 116.304075 | Likelihood -2087542.019872 | KL fp 3.0452 | FP STD 0.2259 | ->nfe   44.75 | <-nfe  260.00
Epoch 0013 [Val seq (cond on sampled tp)] |  MAPE 0.024287 | RMSE 86.471350 |
Best Val!
Epoch 0013 [Test seq (cond on sampled tp)] | MAPE 0.051118 | RMSE 340.800210|
0.05494280532002449,0.053338196128606796,0.04507165029644966
271.1006645371789,374.2933759098603,377.006589796518
Experiment 07-12_18:55
Epoch 0014 [Train seq (cond on sampled tp)] | Loss 2047993.925527 | MAPE 0.039777 | RMSE 109.094206 | Likelihood -2047990.708645 | KL fp 3.2169 | FP STD 0.2443 | ->nfe   47.00 | <-nfe  313.25
Epoch 0014 [Val seq (cond on sampled tp)] |  MAPE 0.032659 | RMSE 106.563586 |
Epoch 0014 [Test seq (cond on sampled tp)] | MAPE 0.062271 | RMSE 381.419766|
0.07269620150327682,0.06493286043405533,0.04918260872364044
328.7034662883858,415.0826348451595,400.473196668641
Experiment 07-12_18:55
Epoch 0015 [Train seq (cond on sampled tp)] | Loss 2056468.398867 | MAPE 0.045311 | RMSE 113.418467 | Likelihood -2056465.704801 | KL fp 2.6941 | FP STD 0.2412 | ->nfe   45.50 | <-nfe  317.75
Epoch 0015 [Val seq (cond on sampled tp)] |  MAPE 0.033661 | RMSE 83.757751 |
Epoch 0015 [Test seq (cond on sampled tp)] | MAPE 0.059736 | RMSE 294.850982|
0.06770404428243637,0.05293791741132736,0.058566607534885406
243.52612314955041,308.8163769742466,332.2104472318714
Experiment 07-12_18:55
Epoch 0016 [Train seq (cond on sampled tp)] | Loss 2024432.682800 | MAPE 0.047372 | RMSE 106.203801 | Likelihood -2024429.660992 | KL fp 3.0218 | FP STD 0.2294 | ->nfe   47.75 | <-nfe  361.25
Epoch 0016 [Val seq (cond on sampled tp)] |  MAPE 0.030243 | RMSE 82.039461 |
Epoch 0016 [Test seq (cond on sampled tp)] | MAPE 0.046968 | RMSE 304.440112|
0.04779542237520218,0.04953334853053093,0.04357541352510452
250.57527561593142,326.082895423081,336.6621660693402
0.04779542237520218,0.04953334853053093,0.04357541352510452
250.57527561593142,326.082895423081,336.6621660693402
Epoch 0016 [Test seq (cond on sampled tp)] | Best Test MAPE 0.046968|Best Test RMSE 304.440112|
Experiment 07-12_18:55
Epoch 0017 [Train seq (cond on sampled tp)] | Loss 1992643.645149 | MAPE 0.036114 | RMSE 101.763922 | Likelihood -1992640.573083 | KL fp 3.0721 | FP STD 0.2076 | ->nfe   48.50 | <-nfe  365.75
Epoch 0017 [Val seq (cond on sampled tp)] |  MAPE 0.034521 | RMSE 105.811069 |
Epoch 0017 [Test seq (cond on sampled tp)] | MAPE 0.056379 | RMSE 338.937134|
0.06354913860559464,0.05931742116808891,0.046270158141851425
293.68504601017736,364.6513103294708,358.47504707440936
Experiment 07-12_18:55
Epoch 0018 [Train seq (cond on sampled tp)] | Loss 2003789.453929 | MAPE 0.035552 | RMSE 103.871309 | Likelihood -2003786.448314 | KL fp 3.0056 | FP STD 0.1923 | ->nfe   50.00 | <-nfe  371.75
Epoch 0018 [Val seq (cond on sampled tp)] |  MAPE 0.033546 | RMSE 94.786850 |
Epoch 0018 [Test seq (cond on sampled tp)] | MAPE 0.047693 | RMSE 313.457690|
0.0511767752468586,0.04870457947254181,0.04319779947400093
245.45513369300303,333.62385256453115,361.29408251796764
Experiment 07-12_18:55
Epoch 0019 [Train seq (cond on sampled tp)] | Loss 2029671.351618 | MAPE 0.030472 | RMSE 107.663188 | Likelihood -2029668.466489 | KL fp 2.8851 | FP STD 0.2055 | ->nfe   50.00 | <-nfe  392.00
Epoch 0019 [Val seq (cond on sampled tp)] |  MAPE 0.034683 | RMSE 79.824016 |
Epoch 0019 [Test seq (cond on sampled tp)] | MAPE 0.053704 | RMSE 289.624704|
0.04957680031657219,0.05096074938774109,0.060575932264328
214.83406569082567,315.18016920881934,338.85987609187373
Experiment 07-12_18:55
Epoch 0020 [Train seq (cond on sampled tp)] | Loss 2018273.593749 | MAPE 0.043334 | RMSE 104.646872 | Likelihood -2018270.400260 | KL fp 3.1935 | FP STD 0.2137 | ->nfe   49.25 | <-nfe  461.00
Epoch 0020 [Val seq (cond on sampled tp)] |  MAPE 0.033652 | RMSE 94.801731 |
Epoch 0020 [Test seq (cond on sampled tp)] | MAPE 0.051277 | RMSE 349.528948|
0.05558053031563759,0.053456224501132965,0.0447927787899971
316.49921010959883,371.7252849887938,360.3623501942177
Experiment 07-12_18:55
Epoch 0021 [Train seq (cond on sampled tp)] | Loss 2054437.862020 | MAPE 0.035195 | RMSE 113.090103 | Likelihood -2054435.167077 | KL fp 2.6949 | FP STD 0.2111 | ->nfe   48.50 | <-nfe  504.50
Epoch 0021 [Val seq (cond on sampled tp)] |  MAPE 0.034477 | RMSE 92.290276 |
Epoch 0021 [Test seq (cond on sampled tp)] | MAPE 0.051551 | RMSE 331.352327|
0.05246580019593239,0.051099903881549835,0.0510859414935112
272.05940585192053,342.6890559421179,379.3085197105385
Experiment 07-12_18:55
Epoch 0022 [Train seq (cond on sampled tp)] | Loss 2038107.042380 | MAPE 0.030316 | RMSE 108.314536 | Likelihood -2038104.228572 | KL fp 2.8138 | FP STD 0.1952 | ->nfe   50.00 | <-nfe  541.25
Epoch 0022 [Val seq (cond on sampled tp)] |  MAPE 0.035457 | RMSE 84.154016 |
Epoch 0022 [Test seq (cond on sampled tp)] | MAPE 0.055439 | RMSE 294.631368|
0.0575077049434185,0.057893622666597366,0.050915591418743134
239.21782535745533,318.935619972903,325.74065844241795
Experiment 07-12_18:55
Epoch 0023 [Train seq (cond on sampled tp)] | Loss 1981133.030642 | MAPE 0.051261 | RMSE 101.136911 | Likelihood -1981130.290391 | KL fp 2.7403 | FP STD 0.2323 | ->nfe   52.25 | <-nfe  525.50
Epoch 0023 [Val seq (cond on sampled tp)] |  MAPE 0.030315 | RMSE 96.725707 |
Epoch 0023 [Test seq (cond on sampled tp)] | MAPE 0.049743 | RMSE 316.812256|
0.0594911091029644,0.05081871896982193,0.038919560611248016
267.6711193330353,333.2975163048774,349.4681338298243
Experiment 07-12_18:55
Epoch 0024 [Train seq (cond on sampled tp)] | Loss 2033538.068727 | MAPE 0.041002 | RMSE 109.567182 | Likelihood -2033535.495474 | KL fp 2.5733 | FP STD 0.2182 | ->nfe   53.75 | <-nfe  605.00
Epoch 0024 [Val seq (cond on sampled tp)] |  MAPE 0.028369 | RMSE 88.131084 |
Epoch 0024 [Test seq (cond on sampled tp)] | MAPE 0.045998 | RMSE 290.947773|
0.05020236223936081,0.04288509860634804,0.044906824827194214
237.12317144787855,302.91521090892746,332.8049353600394
0.05020236223936081,0.04288509860634804,0.044906824827194214
237.12317144787855,302.91521090892746,332.8049353600394
Epoch 0024 [Test seq (cond on sampled tp)] | Best Test MAPE 0.045998|Best Test RMSE 290.947773|
Experiment 07-12_18:55
Epoch 0025 [Train seq (cond on sampled tp)] | Loss 1972586.989081 | MAPE 0.031075 | RMSE 98.436913 | Likelihood -1972584.319605 | KL fp 2.6695 | FP STD 0.2124 | ->nfe   51.50 | <-nfe  843.50
Epoch 0025 [Val seq (cond on sampled tp)] |  MAPE 0.024861 | RMSE 83.787955 |
Epoch 0025 [Test seq (cond on sampled tp)] | MAPE 0.049044 | RMSE 289.419290|
0.057153262197971344,0.04793208837509155,0.04204786196351051
226.80419005168312,314.7623483479242,326.6913322426844
Experiment 07-12_18:55
Epoch 0026 [Train seq (cond on sampled tp)] | Loss 1970238.073254 | MAPE 0.044249 | RMSE 99.035283 | Likelihood -1970235.310782 | KL fp 2.7625 | FP STD 0.2052 | ->nfe   53.75 | <-nfe 1166.75
Epoch 0026 [Val seq (cond on sampled tp)] |  MAPE 0.024830 | RMSE 83.132557 |
Epoch 0026 [Test seq (cond on sampled tp)] | MAPE 0.047218 | RMSE 279.702094|
0.05248620733618736,0.04866428300738335,0.04050329700112343
232.20953798509225,299.21500160837525,307.6817425319546
Experiment 07-12_18:55
Epoch 0027 [Train seq (cond on sampled tp)] | Loss 1955722.299594 | MAPE 0.034478 | RMSE 96.579915 | Likelihood -1955719.693168 | KL fp 2.6064 | FP STD 0.2247 | ->nfe   54.50 | <-nfe 2438.00
Epoch 0027 [Val seq (cond on sampled tp)] |  MAPE 0.027757 | RMSE 86.188744 |
Epoch 0027 [Test seq (cond on sampled tp)] | MAPE 0.057386 | RMSE 262.539304|
0.063576839864254,0.0542343445122242,0.05434677004814148
220.8731253457514,260.3263876847678,306.41839757919234
Experiment 07-12_18:55
Epoch 0028 [Train seq (cond on sampled tp)] | Loss 1951613.033921 | MAPE 0.030249 | RMSE 92.516795 | Likelihood -1951610.303073 | KL fp 2.7308 | FP STD 0.2211 | ->nfe   52.25 | <-nfe 3430.25
Epoch 0028 [Val seq (cond on sampled tp)] |  MAPE 0.027261 | RMSE 92.870720 |
Epoch 0028 [Test seq (cond on sampled tp)] | MAPE 0.059683 | RMSE 275.170602|
0.0617239885032177,0.05894729867577553,0.05837647244334221
240.43247980202258,269.51916096077474,315.5601666085249
Experiment 07-12_18:55
Epoch 0029 [Train seq (cond on sampled tp)] | Loss 1935621.514371 | MAPE 0.036637 | RMSE 92.759395 | Likelihood -1935618.847264 | KL fp 2.6671 | FP STD 0.2121 | ->nfe   53.75 | <-nfe 2739.50
Epoch 0029 [Val seq (cond on sampled tp)] |  MAPE 0.027087 | RMSE 79.221249 |
Epoch 0029 [Test seq (cond on sampled tp)] | MAPE 0.066183 | RMSE 278.048082|
0.06652729213237762,0.069292813539505,0.06272773444652557
202.5163091426219,299.4650569139912,332.16288126083566
Experiment 07-12_18:55
Epoch 0030 [Train seq (cond on sampled tp)] | Loss 1947405.387024 | MAPE 0.032672 | RMSE 96.333445 | Likelihood -1947402.773914 | KL fp 2.6131 | FP STD 0.2301 | ->nfe   53.00 | <-nfe 2607.50
Epoch 0030 [Val seq (cond on sampled tp)] |  MAPE 0.021303 | RMSE 81.171925 |
Best Val!
Epoch 0030 [Test seq (cond on sampled tp)] | MAPE 0.051591 | RMSE 283.557630|
0.05734772980213165,0.0472005158662796,0.05022432282567024
214.86384678733182,309.0749681509326,326.73407574050185
Experiment 07-12_18:55
Epoch 0031 [Train seq (cond on sampled tp)] | Loss 1948012.738893 | MAPE 0.034087 | RMSE 97.094018 | Likelihood -1948010.256377 | KL fp 2.4825 | FP STD 0.2419 | ->nfe   53.75 | <-nfe 2457.50
Epoch 0031 [Val seq (cond on sampled tp)] |  MAPE 0.023832 | RMSE 81.546613 |
Epoch 0031 [Test seq (cond on sampled tp)] | MAPE 0.049034 | RMSE 256.132099|
0.04704657942056656,0.05435291305184364,0.04570268467068672
198.64733000659737,281.89326437501126,287.85570386914344
Experiment 07-12_18:55
Epoch 0032 [Train seq (cond on sampled tp)] | Loss 1935717.019130 | MAPE 0.032426 | RMSE 91.515380 | Likelihood -1935714.507295 | KL fp 2.5118 | FP STD 0.2591 | ->nfe   65.75 | <-nfe 2856.50
Epoch 0032 [Val seq (cond on sampled tp)] |  MAPE 0.028255 | RMSE 87.989665 |
Epoch 0032 [Test seq (cond on sampled tp)] | MAPE 0.067392 | RMSE 262.248515|
0.06718987971544266,0.06335168331861496,0.07163356989622116
225.29460747263792,269.0702452427618,292.3806914794477
Experiment 07-12_18:55
Epoch 0033 [Train seq (cond on sampled tp)] | Loss 1926183.018636 | MAPE 0.034331 | RMSE 90.611720 | Likelihood -1926180.411662 | KL fp 2.6070 | FP STD 0.2425 | ->nfe   75.50 | <-nfe 1232.75
Epoch 0033 [Val seq (cond on sampled tp)] |  MAPE 0.032611 | RMSE 97.193458 |
Epoch 0033 [Test seq (cond on sampled tp)] | MAPE 0.067156 | RMSE 303.359081|
0.06564231961965561,0.06563954055309296,0.07018589973449707
279.9710085437419,298.0013108192647,332.1049227089234
Experiment 07-12_18:55
Epoch 0034 [Train seq (cond on sampled tp)] | Loss 2014071.900791 | MAPE 0.048120 | RMSE 105.517302 | Likelihood -2014069.164235 | KL fp 2.7366 | FP STD 0.2179 | ->nfe   84.50 | <-nfe  990.50
Epoch 0034 [Val seq (cond on sampled tp)] |  MAPE 0.040480 | RMSE 93.769560 |
Epoch 0034 [Test seq (cond on sampled tp)] | MAPE 0.063495 | RMSE 278.328623|
0.06583874672651291,0.059265125542879105,0.06538228690624237
248.98515894526724,273.2278553469613,312.77285587947046
Experiment 07-12_18:55
Epoch 0035 [Train seq (cond on sampled tp)] | Loss 1939285.216345 | MAPE 0.033108 | RMSE 94.591999 | Likelihood -1939282.461896 | KL fp 2.7544 | FP STD 0.2052 | ->nfe   92.00 | <-nfe  799.25
Epoch 0035 [Val seq (cond on sampled tp)] |  MAPE 0.025489 | RMSE 87.146913 |
Epoch 0035 [Test seq (cond on sampled tp)] | MAPE 0.062370 | RMSE 266.530002|
0.05538320541381836,0.0653495118021965,0.0663771703839302
191.7730796084268,302.24156057283056,305.5753666241767
Experiment 07-12_18:55
Epoch 0036 [Train seq (cond on sampled tp)] | Loss 1937167.542203 | MAPE 0.042175 | RMSE 92.742378 | Likelihood -1937164.675672 | KL fp 2.8665 | FP STD 0.2205 | ->nfe   95.75 | <-nfe  881.75
Epoch 0036 [Val seq (cond on sampled tp)] |  MAPE 0.025277 | RMSE 91.855036 |
Epoch 0036 [Test seq (cond on sampled tp)] | MAPE 0.057050 | RMSE 282.167163|
0.06467623263597488,0.05735010653734207,0.0491241030395031
226.57344801134576,306.9275158730478,313.00052416090296
Experiment 07-12_18:55
Epoch 0037 [Train seq (cond on sampled tp)] | Loss 1955862.494509 | MAPE 0.072624 | RMSE 96.973802 | Likelihood -1955859.362940 | KL fp 3.1316 | FP STD 0.1720 | ->nfe   98.00 | <-nfe  995.00
Epoch 0037 [Val seq (cond on sampled tp)] |  MAPE 0.027644 | RMSE 83.789855 |
Epoch 0037 [Test seq (cond on sampled tp)] | MAPE 0.056160 | RMSE 286.366911|
0.05308596417307854,0.0566595196723938,0.05873394012451172
239.2251652470952,295.0284414255683,324.847127507694
Experiment 07-12_18:55
Epoch 0038 [Train seq (cond on sampled tp)] | Loss 1949869.622662 | MAPE 0.051982 | RMSE 94.802679 | Likelihood -1949866.884794 | KL fp 2.7379 | FP STD 0.2154 | ->nfe   99.50 | <-nfe  917.75
Epoch 0038 [Val seq (cond on sampled tp)] |  MAPE 0.023753 | RMSE 78.221796 |
Epoch 0038 [Test seq (cond on sampled tp)] | MAPE 0.055958 | RMSE 265.961159|
0.05516843497753143,0.05543290078639984,0.05727154016494751
216.12101463936818,294.5174947053231,287.244968406759
Experiment 07-12_18:55
Epoch 0039 [Train seq (cond on sampled tp)] | Loss 1943748.930389 | MAPE 0.063373 | RMSE 92.509874 | Likelihood -1943746.092293 | KL fp 2.8381 | FP STD 0.2391 | ->nfe  102.50 | <-nfe  750.50
Epoch 0039 [Val seq (cond on sampled tp)] |  MAPE 0.021221 | RMSE 101.445023 |
Best Val!
Epoch 0039 [Test seq (cond on sampled tp)] | MAPE 0.064539 | RMSE 339.980393|
0.06526073068380356,0.0721924901008606,0.05616292729973793
305.42635415513837,376.57214199273955,337.94268421213087
Experiment 07-12_18:55
Epoch 0040 [Train seq (cond on sampled tp)] | Loss 1978728.510761 | MAPE 0.034404 | RMSE 101.669869 | Likelihood -1978725.576177 | KL fp 2.9346 | FP STD 0.1614 | ->nfe  104.75 | <-nfe  874.25
Epoch 0040 [Val seq (cond on sampled tp)] |  MAPE 0.023834 | RMSE 87.549216 |
Epoch 0040 [Test seq (cond on sampled tp)] | MAPE 0.050353 | RMSE 281.498829|
0.04884292185306549,0.05286938697099686,0.049345340579748154
215.71206575548806,299.3230121875029,329.4614094435037
Experiment 07-12_18:55
Epoch 0041 [Train seq (cond on sampled tp)] | Loss 1925174.916879 | MAPE 0.037526 | RMSE 90.430570 | Likelihood -1925171.957264 | KL fp 2.9596 | FP STD 0.1771 | ->nfe  107.75 | <-nfe  862.25
Epoch 0041 [Val seq (cond on sampled tp)] |  MAPE 0.022390 | RMSE 83.993297 |
Epoch 0041 [Test seq (cond on sampled tp)] | MAPE 0.061160 | RMSE 291.637491|
0.06438570469617844,0.0614357553422451,0.057658955454826355
271.3448134984341,301.65506998888645,301.91258823954325
Experiment 07-12_18:55
Epoch 0042 [Train seq (cond on sampled tp)] | Loss 1922658.669738 | MAPE 0.040852 | RMSE 91.187006 | Likelihood -1922655.928299 | KL fp 2.7414 | FP STD 0.2275 | ->nfe  109.25 | <-nfe 1013.75
Epoch 0042 [Val seq (cond on sampled tp)] |  MAPE 0.022356 | RMSE 77.569094 |
Epoch 0042 [Test seq (cond on sampled tp)] | MAPE 0.072640 | RMSE 268.686790|
0.0745358094573021,0.07265844941139221,0.07072608172893524
241.37198179107284,271.845213885586,292.84317475399695
Experiment 07-12_18:55
Epoch 0043 [Train seq (cond on sampled tp)] | Loss 1918371.009393 | MAPE 0.041217 | RMSE 89.205087 | Likelihood -1918368.465971 | KL fp 2.5434 | FP STD 0.2807 | ->nfe  110.00 | <-nfe 1091.00
Epoch 0043 [Val seq (cond on sampled tp)] |  MAPE 0.032465 | RMSE 86.623515 |
Epoch 0043 [Test seq (cond on sampled tp)] | MAPE 0.068474 | RMSE 277.875530|
0.0710044875741005,0.07389695942401886,0.06052094325423241
251.89090365424076,276.5511367722071,305.18454969903047
Experiment 07-12_18:55
Epoch 0044 [Train seq (cond on sampled tp)] | Loss 1958002.767618 | MAPE 0.051848 | RMSE 97.235540 | Likelihood -1958000.392726 | KL fp 2.3749 | FP STD 0.2865 | ->nfe  109.25 | <-nfe  806.00
Epoch 0044 [Val seq (cond on sampled tp)] |  MAPE 0.024217 | RMSE 89.947025 |
Epoch 0044 [Test seq (cond on sampled tp)] | MAPE 0.080116 | RMSE 280.142805|
0.08630048483610153,0.07619728893041611,0.07784996926784515
241.95498515994663,296.14342756086955,302.3300013023848
Experiment 07-12_18:55
Epoch 0045 [Train seq (cond on sampled tp)] | Loss 1923672.384253 | MAPE 0.054327 | RMSE 90.830558 | Likelihood -1923669.454757 | KL fp 2.9295 | FP STD 0.2412 | ->nfe  110.00 | <-nfe  803.75
Epoch 0045 [Val seq (cond on sampled tp)] |  MAPE 0.026447 | RMSE 87.945684 |
Epoch 0045 [Test seq (cond on sampled tp)] | MAPE 0.068952 | RMSE 294.365852|
0.0664416030049324,0.07025473564863205,0.0701591894030571
266.1183359898374,297.91119167463313,319.0680276210702
Experiment 07-12_18:55
Epoch 0046 [Train seq (cond on sampled tp)] | Loss 1913420.852567 | MAPE 0.034804 | RMSE 90.098696 | Likelihood -1913418.023539 | KL fp 2.8290 | FP STD 0.2171 | ->nfe  110.00 | <-nfe 1037.00
Epoch 0046 [Val seq (cond on sampled tp)] |  MAPE 0.025580 | RMSE 81.586987 |
Epoch 0046 [Test seq (cond on sampled tp)] | MAPE 0.069463 | RMSE 257.773606|
0.06544537842273712,0.06762377172708511,0.07532089203596115
209.31026984479286,264.59574117887837,299.4148068524668
Experiment 07-12_18:55
Epoch 0047 [Train seq (cond on sampled tp)] | Loss 1890212.435540 | MAPE 0.037415 | RMSE 82.979117 | Likelihood -1890209.596389 | KL fp 2.8392 | FP STD 0.2340 | ->nfe  114.50 | <-nfe 1877.75
Epoch 0047 [Val seq (cond on sampled tp)] |  MAPE 0.022148 | RMSE 83.282648 |
Epoch 0047 [Test seq (cond on sampled tp)] | MAPE 0.074194 | RMSE 288.178305|
0.06732896715402603,0.07649694383144379,0.07875742018222809
251.268757073477,298.71662993546244,314.5495290888225
Experiment 07-12_18:55
Epoch 0048 [Train seq (cond on sampled tp)] | Loss 1915406.974985 | MAPE 0.037629 | RMSE 90.211405 | Likelihood -1915403.980896 | KL fp 2.9941 | FP STD 0.2028 | ->nfe  116.75 | <-nfe 2719.25
Epoch 0048 [Val seq (cond on sampled tp)] |  MAPE 0.025129 | RMSE 83.917873 |
Epoch 0048 [Test seq (cond on sampled tp)] | MAPE 0.074051 | RMSE 258.157253|
0.07645171880722046,0.07677917927503586,0.06892184913158417
196.2860038629856,277.29196875766166,300.8937857658413
Experiment 07-12_18:55
Epoch 0049 [Train seq (cond on sampled tp)] | Loss 1917409.324998 | MAPE 0.034679 | RMSE 89.427704 | Likelihood -1917406.257520 | KL fp 3.0675 | FP STD 0.2202 | ->nfe  122.00 | <-nfe 1955.75
Epoch 0049 [Val seq (cond on sampled tp)] |  MAPE 0.020798 | RMSE 83.391584 |
Best Val!
Epoch 0049 [Test seq (cond on sampled tp)] | MAPE 0.062628 | RMSE 297.589159|
0.062273502349853516,0.0648626759648323,0.06074852868914604
247.90624015189695,331.91851174271676,312.94272389288744
Experiment 07-12_18:55
Epoch 0050 [Train seq (cond on sampled tp)] | Loss 1930604.201366 | MAPE 0.041742 | RMSE 93.134336 | Likelihood -1930601.077195 | KL fp 3.1242 | FP STD 0.2062 | ->nfe  122.00 | <-nfe 2980.25
Epoch 0050 [Val seq (cond on sampled tp)] |  MAPE 0.026934 | RMSE 88.519126 |
Epoch 0050 [Test seq (cond on sampled tp)] | MAPE 0.044272 | RMSE 244.539423|
0.04535265639424324,0.047943130135536194,0.03951878100633621
194.84903010087066,258.35407510817396,280.4151637527828
0.04535265639424324,0.047943130135536194,0.03951878100633621
194.84903010087066,258.35407510817396,280.4151637527828
Epoch 0050 [Test seq (cond on sampled tp)] | Best Test MAPE 0.044272|Best Test RMSE 244.539423|
Experiment 07-12_18:55
Epoch 0051 [Train seq (cond on sampled tp)] | Loss 1925502.507870 | MAPE 0.052309 | RMSE 92.492084 | Likelihood -1925499.553905 | KL fp 2.9540 | FP STD 0.2231 | ->nfe  122.00 | <-nfe 3027.50
Epoch 0051 [Val seq (cond on sampled tp)] |  MAPE 0.025525 | RMSE 89.593965 |
Epoch 0051 [Test seq (cond on sampled tp)] | MAPE 0.042037 | RMSE 254.987422|
0.04413846507668495,0.0409696027636528,0.041003670543432236
206.27577490461647,268.96543690593404,289.7210538820056
0.04413846507668495,0.0409696027636528,0.041003670543432236
206.27577490461647,268.96543690593404,289.7210538820056
Epoch 0051 [Test seq (cond on sampled tp)] | Best Test MAPE 0.042037|Best Test RMSE 254.987422|
Experiment 07-12_18:55
Epoch 0052 [Train seq (cond on sampled tp)] | Loss 1903580.019036 | MAPE 0.087850 | RMSE 86.293776 | Likelihood -1903576.843991 | KL fp 3.1750 | FP STD 0.2474 | ->nfe  122.00 | <-nfe 3110.75
Epoch 0052 [Val seq (cond on sampled tp)] |  MAPE 0.023896 | RMSE 99.152138 |
Epoch 0052 [Test seq (cond on sampled tp)] | MAPE 0.049826 | RMSE 295.606443|
0.05254280939698219,0.05150008201599121,0.0454351045191288
257.33523247895926,318.14548067668665,311.3386169028828
Experiment 07-12_18:55
Epoch 0053 [Train seq (cond on sampled tp)] | Loss 1920889.304049 | MAPE 0.047928 | RMSE 92.119889 | Likelihood -1920885.919273 | KL fp 3.3848 | FP STD 0.1632 | ->nfe  120.50 | <-nfe 3356.75
Epoch 0053 [Val seq (cond on sampled tp)] |  MAPE 0.029728 | RMSE 84.832331 |
Epoch 0053 [Test seq (cond on sampled tp)] | MAPE 0.063023 | RMSE 272.833748|
0.05454634875059128,0.06460971385240555,0.06991223245859146
201.0591972063203,293.69184264718695,323.75020511576514
Experiment 07-12_18:55
Epoch 0054 [Train seq (cond on sampled tp)] | Loss 1901294.877031 | MAPE 0.036642 | RMSE 85.673908 | Likelihood -1901291.790015 | KL fp 3.0870 | FP STD 0.2034 | ->nfe  120.50 | <-nfe 4210.25
Epoch 0054 [Val seq (cond on sampled tp)] |  MAPE 0.024493 | RMSE 88.116375 |
Epoch 0054 [Test seq (cond on sampled tp)] | MAPE 0.045540 | RMSE 276.017067|
0.0453287772834301,0.04603644087910652,0.0452551431953907
203.21169303831903,302.03842625980553,322.8010828087477
Experiment 07-12_18:55
Epoch 0055 [Train seq (cond on sampled tp)] | Loss 1893492.983481 | MAPE 0.056888 | RMSE 85.793438 | Likelihood -1893489.972335 | KL fp 3.0111 | FP STD 0.2295 | ->nfe  119.00 | <-nfe 4159.25
Epoch 0055 [Val seq (cond on sampled tp)] |  MAPE 0.022171 | RMSE 83.320365 |
Epoch 0055 [Test seq (cond on sampled tp)] | MAPE 0.047420 | RMSE 275.567373|
0.048842888325452805,0.04675279185175896,0.046664025634527206
204.55099455881412,262.9824881289627,359.1686364021781
Experiment 07-12_18:55
Epoch 0056 [Train seq (cond on sampled tp)] | Loss 1902662.857322 | MAPE 0.059964 | RMSE 87.511064 | Likelihood -1902659.891364 | KL fp 2.9660 | FP STD 0.2216 | ->nfe  121.25 | <-nfe 3509.00
Epoch 0056 [Val seq (cond on sampled tp)] |  MAPE 0.024252 | RMSE 83.987376 |
Epoch 0056 [Test seq (cond on sampled tp)] | MAPE 0.046292 | RMSE 282.547028|
0.051175229251384735,0.04677816107869148,0.04092324525117874
221.6393907482377,284.78928613977035,341.21240635416524
Experiment 07-12_18:55
Epoch 0057 [Train seq (cond on sampled tp)] | Loss 1886154.031452 | MAPE 0.039043 | RMSE 83.798412 | Likelihood -1886150.801392 | KL fp 3.2301 | FP STD 0.1693 | ->nfe  122.00 | <-nfe 3161.00
Epoch 0057 [Val seq (cond on sampled tp)] |  MAPE 0.029253 | RMSE 84.779943 |
Epoch 0057 [Test seq (cond on sampled tp)] | MAPE 0.055300 | RMSE 285.328943|
0.05072315037250519,0.05549034848809242,0.05968579277396202
243.66191517397627,303.04692293438654,309.277989840855
Experiment 07-12_18:55
Epoch 0058 [Train seq (cond on sampled tp)] | Loss 1876555.399732 | MAPE 0.058067 | RMSE 81.348120 | Likelihood -1876551.902222 | KL fp 3.4975 | FP STD 0.1346 | ->nfe  122.00 | <-nfe 2949.50
Epoch 0058 [Val seq (cond on sampled tp)] |  MAPE 0.024067 | RMSE 81.788543 |
Epoch 0058 [Test seq (cond on sampled tp)] | MAPE 0.067386 | RMSE 259.638147|
0.05349530652165413,0.07155268639326096,0.07711128145456314
224.42069520768356,254.0608548532221,300.4328908009241
Experiment 07-12_18:55
Epoch 0059 [Train seq (cond on sampled tp)] | Loss 1891942.845591 | MAPE 0.060054 | RMSE 85.782782 | Likelihood -1891939.553189 | KL fp 3.2924 | FP STD 0.1667 | ->nfe  122.00 | <-nfe 2859.50
Epoch 0059 [Val seq (cond on sampled tp)] |  MAPE 0.024584 | RMSE 86.610741 |
Epoch 0059 [Test seq (cond on sampled tp)] | MAPE 0.059991 | RMSE 269.403461|
0.05412495508790016,0.05828122794628143,0.06756830215454102
216.8403340450065,292.8101053797495,298.55994215986175
Experiment 07-12_18:55
Epoch 0060 [Train seq (cond on sampled tp)] | Loss 1895579.571355 | MAPE 0.063744 | RMSE 87.422023 | Likelihood -1895576.456714 | KL fp 3.1146 | FP STD 0.1833 | ->nfe  120.50 | <-nfe 2969.00
Epoch 0060 [Val seq (cond on sampled tp)] |  MAPE 0.025699 | RMSE 84.462380 |
Epoch 0060 [Test seq (cond on sampled tp)] | MAPE 0.047878 | RMSE 262.425159|
0.05090419948101044,0.044456515461206436,0.048273153603076935
214.23356303635057,275.9489026522845,297.09301205598894
Experiment 07-12_18:55
Epoch 0061 [Train seq (cond on sampled tp)] | Loss 1887258.227648 | MAPE 0.063275 | RMSE 84.002519 | Likelihood -1887254.961209 | KL fp 3.2664 | FP STD 0.1705 | ->nfe  122.00 | <-nfe 3196.25
Epoch 0061 [Val seq (cond on sampled tp)] |  MAPE 0.026996 | RMSE 78.572046 |
Epoch 0061 [Test seq (cond on sampled tp)] | MAPE 0.052848 | RMSE 272.839619|
0.04812076315283775,0.05583614856004715,0.054586004465818405
226.08555833467116,284.05653871632666,308.376760736765
Experiment 07-12_18:55
Epoch 0062 [Train seq (cond on sampled tp)] | Loss 1893146.387075 | MAPE 0.069966 | RMSE 87.181492 | Likelihood -1893143.248430 | KL fp 3.1386 | FP STD 0.1931 | ->nfe  122.00 | <-nfe 3912.50
Epoch 0062 [Val seq (cond on sampled tp)] |  MAPE 0.024425 | RMSE 84.401709 |
Epoch 0062 [Test seq (cond on sampled tp)] | MAPE 0.048007 | RMSE 261.532724|
0.051847320050001144,0.04570942744612694,0.04646353796124458
219.42048139645033,263.53419785200555,301.643493009546
Experiment 07-12_18:55
Epoch 0063 [Train seq (cond on sampled tp)] | Loss 1867437.470837 | MAPE 0.038023 | RMSE 81.626302 | Likelihood -1867434.544897 | KL fp 2.9259 | FP STD 0.2162 | ->nfe  122.00 | <-nfe 4222.25
Epoch 0063 [Val seq (cond on sampled tp)] |  MAPE 0.021343 | RMSE 88.616892 |
Epoch 0063 [Test seq (cond on sampled tp)] | MAPE 0.056502 | RMSE 240.845494|
0.05533277988433838,0.05655413120985031,0.05761842057108879
213.09759721193478,256.75753092655333,252.6813550452427
Experiment 07-12_18:55
Epoch 0064 [Train seq (cond on sampled tp)] | Loss 1902074.012935 | MAPE 0.036768 | RMSE 85.831878 | Likelihood -1902071.025604 | KL fp 2.9873 | FP STD 0.2069 | ->nfe  124.25 | <-nfe 2375.00
Epoch 0064 [Val seq (cond on sampled tp)] |  MAPE 0.023606 | RMSE 92.910638 |
Epoch 0064 [Test seq (cond on sampled tp)] | MAPE 0.050099 | RMSE 264.784690|
0.05755127593874931,0.04631107300519943,0.04643374681472778
244.0042504112377,269.70310644299224,280.6467140819575
Experiment 07-12_18:55
Epoch 0065 [Train seq (cond on sampled tp)] | Loss 1878244.203163 | MAPE 0.030773 | RMSE 83.509399 | Likelihood -1878240.913567 | KL fp 3.2896 | FP STD 0.1393 | ->nfe  126.50 | <-nfe  604.25
Epoch 0065 [Val seq (cond on sampled tp)] |  MAPE 0.021141 | RMSE 85.390469 |
Epoch 0065 [Test seq (cond on sampled tp)] | MAPE 0.064283 | RMSE 270.894048|
0.0542738251388073,0.06709300726652145,0.07148127257823944
215.10120256230553,281.9942236775427,315.58671797542434
Experiment 07-12_18:55
Epoch 0066 [Train seq (cond on sampled tp)] | Loss 1880481.157517 | MAPE 0.029958 | RMSE 81.616995 | Likelihood -1880477.882207 | KL fp 3.2753 | FP STD 0.1466 | ->nfe  127.25 | <-nfe  398.00
Epoch 0066 [Val seq (cond on sampled tp)] |  MAPE 0.021341 | RMSE 95.466469 |
Epoch 0066 [Test seq (cond on sampled tp)] | MAPE 0.054924 | RMSE 279.132918|
0.04956793785095215,0.05540250614285469,0.05980106070637703
239.55393932004125,271.8698706412684,325.97494391824046
Experiment 07-12_18:55
Epoch 0067 [Train seq (cond on sampled tp)] | Loss 1903748.270438 | MAPE 0.042612 | RMSE 85.503567 | Likelihood -1903744.997628 | KL fp 3.2728 | FP STD 0.1577 | ->nfe  127.25 | <-nfe  428.75
Epoch 0067 [Val seq (cond on sampled tp)] |  MAPE 0.024591 | RMSE 85.581156 |
Epoch 0067 [Test seq (cond on sampled tp)] | MAPE 0.049214 | RMSE 247.281219|
0.055143412202596664,0.04890161380171776,0.04359571263194084
196.7859818590999,250.2624325707916,294.7952414388672
Experiment 07-12_18:55
Epoch 0068 [Train seq (cond on sampled tp)] | Loss 1885387.118120 | MAPE 0.032483 | RMSE 82.616123 | Likelihood -1885383.866093 | KL fp 3.2520 | FP STD 0.1572 | ->nfe  127.25 | <-nfe  381.50
Epoch 0068 [Val seq (cond on sampled tp)] |  MAPE 0.027532 | RMSE 88.037260 |
Epoch 0068 [Test seq (cond on sampled tp)] | MAPE 0.052840 | RMSE 277.278409|
0.04713239520788193,0.048708267509937286,0.06267817318439484
218.5862065353164,290.98689833049184,322.2621215718658
Experiment 07-12_18:55
Epoch 0069 [Train seq (cond on sampled tp)] | Loss 1889843.334634 | MAPE 0.069028 | RMSE 85.461376 | Likelihood -1889839.938601 | KL fp 3.3960 | FP STD 0.1526 | ->nfe  122.75 | <-nfe  350.00
Epoch 0069 [Val seq (cond on sampled tp)] |  MAPE 0.023834 | RMSE 84.486249 |
Epoch 0069 [Test seq (cond on sampled tp)] | MAPE 0.050793 | RMSE 260.784465|
0.05160747841000557,0.05467374622821808,0.04609818384051323
223.06482907161765,280.5569655836404,278.7315997290225
Experiment 07-12_18:55
Epoch 0070 [Train seq (cond on sampled tp)] | Loss 1931353.625506 | MAPE 0.053313 | RMSE 89.074157 | Likelihood -1931350.264260 | KL fp 3.3612 | FP STD 0.1773 | ->nfe  124.25 | <-nfe  382.25
Epoch 0070 [Val seq (cond on sampled tp)] |  MAPE 0.021298 | RMSE 83.536864 |
Epoch 0070 [Test seq (cond on sampled tp)] | MAPE 0.047925 | RMSE 287.377467|
0.04755393788218498,0.04913465306162834,0.04708686098456383
234.95114186251575,312.59113671055997,314.59012271922967
Experiment 07-12_18:55
Epoch 0071 [Train seq (cond on sampled tp)] | Loss 1886589.074273 | MAPE 0.046038 | RMSE 85.938322 | Likelihood -1886586.312476 | KL fp 2.7618 | FP STD 0.2195 | ->nfe  122.00 | <-nfe  461.75
Epoch 0071 [Val seq (cond on sampled tp)] |  MAPE 0.027339 | RMSE 83.187820 |
Epoch 0071 [Test seq (cond on sampled tp)] | MAPE 0.044129 | RMSE 265.279896|
0.041667770594358444,0.04520752653479576,0.045512933284044266
197.0733128178445,304.5718306081506,294.1945439458387
Experiment 07-12_18:55
Epoch 0072 [Train seq (cond on sampled tp)] | Loss 1909685.047256 | MAPE 0.068320 | RMSE 85.498275 | Likelihood -1909681.913298 | KL fp 3.1340 | FP STD 0.1980 | ->nfe  122.00 | <-nfe  390.50
Epoch 0072 [Val seq (cond on sampled tp)] |  MAPE 0.021829 | RMSE 93.037165 |
Epoch 0072 [Test seq (cond on sampled tp)] | MAPE 0.045828 | RMSE 287.696891|
0.04613777995109558,0.049006443470716476,0.04233879968523979
223.76415807161789,321.3000690553925,318.02644593256707
Experiment 07-12_18:55
Epoch 0073 [Train seq (cond on sampled tp)] | Loss 1888320.666226 | MAPE 0.059826 | RMSE 84.768669 | Likelihood -1888317.349570 | KL fp 3.3167 | FP STD 0.1584 | ->nfe  122.00 | <-nfe  406.25
Epoch 0073 [Val seq (cond on sampled tp)] |  MAPE 0.021357 | RMSE 86.997174 |
Epoch 0073 [Test seq (cond on sampled tp)] | MAPE 0.049597 | RMSE 272.969943|
0.05262821167707443,0.04850337281823158,0.04765814170241356
217.20727427966128,298.31684079179973,303.38571262503444
Experiment 07-12_18:55
Epoch 0074 [Train seq (cond on sampled tp)] | Loss 1881378.025463 | MAPE 0.043430 | RMSE 82.462320 | Likelihood -1881374.892491 | KL fp 3.1330 | FP STD 0.1733 | ->nfe  122.00 | <-nfe  467.75
Epoch 0074 [Val seq (cond on sampled tp)] |  MAPE 0.021553 | RMSE 81.908152 |
Epoch 0074 [Test seq (cond on sampled tp)] | MAPE 0.041992 | RMSE 236.139870|
0.04615507647395134,0.041564177721738815,0.0382562056183815
186.82340424850415,242.00332513211467,279.5928820401192
0.04615507647395134,0.041564177721738815,0.0382562056183815
186.82340424850415,242.00332513211467,279.5928820401192
Epoch 0074 [Test seq (cond on sampled tp)] | Best Test MAPE 0.041992|Best Test RMSE 236.139870|
Experiment 07-12_18:55
Epoch 0075 [Train seq (cond on sampled tp)] | Loss 1890829.096447 | MAPE 0.040479 | RMSE 83.078955 | Likelihood -1890826.058654 | KL fp 3.0378 | FP STD 0.1943 | ->nfe  122.00 | <-nfe  425.75
Epoch 0075 [Val seq (cond on sampled tp)] |  MAPE 0.026163 | RMSE 76.613593 |
Epoch 0075 [Test seq (cond on sampled tp)] | MAPE 0.057480 | RMSE 261.365885|
0.053474776446819305,0.05736985057592392,0.061593931168317795
218.08505185764108,285.5187849555612,280.4938167767696
Experiment 07-12_18:55
Epoch 0076 [Train seq (cond on sampled tp)] | Loss 1893658.241320 | MAPE 0.072154 | RMSE 84.483711 | Likelihood -1893655.204513 | KL fp 3.0368 | FP STD 0.2205 | ->nfe  122.00 | <-nfe  425.75
Epoch 0076 [Val seq (cond on sampled tp)] |  MAPE 0.023119 | RMSE 86.811054 |
Epoch 0076 [Test seq (cond on sampled tp)] | MAPE 0.048414 | RMSE 303.422827|
0.0496319942176342,0.04640612378716469,0.049202997237443924
247.18432362055245,323.5534272921553,339.53073084405776
Experiment 07-12_18:55
Epoch 0077 [Train seq (cond on sampled tp)] | Loss 1906878.320307 | MAPE 0.046028 | RMSE 89.970784 | Likelihood -1906875.318565 | KL fp 3.0017 | FP STD 0.2089 | ->nfe  122.00 | <-nfe  495.50
Epoch 0077 [Val seq (cond on sampled tp)] |  MAPE 0.022255 | RMSE 78.264619 |
Epoch 0077 [Test seq (cond on sampled tp)] | MAPE 0.047195 | RMSE 279.276424|
0.042457468807697296,0.04822125285863876,0.050907716155052185
212.34759240452905,301.21832042971755,324.26335988282733
Experiment 07-12_18:55
Epoch 0078 [Train seq (cond on sampled tp)] | Loss 1889733.031666 | MAPE 0.059680 | RMSE 83.894330 | Likelihood -1889729.757653 | KL fp 3.2740 | FP STD 0.1827 | ->nfe  122.00 | <-nfe  435.50
Epoch 0078 [Val seq (cond on sampled tp)] |  MAPE 0.023075 | RMSE 82.100762 |
Epoch 0078 [Test seq (cond on sampled tp)] | MAPE 0.042747 | RMSE 250.736267|
0.04022863879799843,0.04258134588599205,0.04543137922883034
209.26578308158741,258.8881575603643,284.05486100839744
Experiment 07-12_18:55
Epoch 0079 [Train seq (cond on sampled tp)] | Loss 1886791.759997 | MAPE 0.068799 | RMSE 82.401275 | Likelihood -1886788.574830 | KL fp 3.1852 | FP STD 0.1785 | ->nfe  122.00 | <-nfe  488.00
Epoch 0079 [Val seq (cond on sampled tp)] |  MAPE 0.021457 | RMSE 79.402357 |
Epoch 0079 [Test seq (cond on sampled tp)] | MAPE 0.045197 | RMSE 263.351795|
0.042935021221637726,0.0440148301422596,0.04864036291837692
229.79241651434018,280.6316118374764,279.63135609673674
Experiment 07-12_18:55
Epoch 0080 [Train seq (cond on sampled tp)] | Loss 1901929.618744 | MAPE 0.064826 | RMSE 86.036082 | Likelihood -1901926.447021 | KL fp 3.1717 | FP STD 0.1973 | ->nfe  122.00 | <-nfe  468.50
Epoch 0080 [Val seq (cond on sampled tp)] |  MAPE 0.021448 | RMSE 84.507000 |
Epoch 0080 [Test seq (cond on sampled tp)] | MAPE 0.044905 | RMSE 282.450766|
0.050148360431194305,0.042583465576171875,0.04198243468999863
238.5013839713514,283.29083167744767,325.5600823004872
Experiment 07-12_18:55
Epoch 0081 [Train seq (cond on sampled tp)] | Loss 1908718.112622 | MAPE 0.044945 | RMSE 89.127374 | Likelihood -1908715.017977 | KL fp 3.0946 | FP STD 0.1726 | ->nfe  122.00 | <-nfe  500.00
Epoch 0081 [Val seq (cond on sampled tp)] |  MAPE 0.026470 | RMSE 89.023563 |
Epoch 0081 [Test seq (cond on sampled tp)] | MAPE 0.046755 | RMSE 267.601382|
0.048461660742759705,0.044546522200107574,0.04725578799843788
203.57885833872828,289.53261096550074,309.69267780737084
Experiment 07-12_18:55
Epoch 0082 [Train seq (cond on sampled tp)] | Loss 1909054.778435 | MAPE 0.056078 | RMSE 87.635557 | Likelihood -1909051.403965 | KL fp 3.3745 | FP STD 0.1329 | ->nfe  122.00 | <-nfe  442.25
Epoch 0082 [Val seq (cond on sampled tp)] |  MAPE 0.026146 | RMSE 72.325517 |
Epoch 0082 [Test seq (cond on sampled tp)] | MAPE 0.045121 | RMSE 238.068605|
0.049248456954956055,0.04092622548341751,0.04518949240446091
190.9078639029833,229.39713789626933,293.90081235001713
Experiment 07-12_18:55
Epoch 0083 [Train seq (cond on sampled tp)] | Loss 1887821.869626 | MAPE 0.078400 | RMSE 81.485994 | Likelihood -1887818.669935 | KL fp 3.1997 | FP STD 0.1788 | ->nfe  122.00 | <-nfe  488.75
Epoch 0083 [Val seq (cond on sampled tp)] |  MAPE 0.022853 | RMSE 87.608284 |
Epoch 0083 [Test seq (cond on sampled tp)] | MAPE 0.044999 | RMSE 305.835994|
0.04950610175728798,0.042065951973199844,0.04342566803097725
286.9292704657369,316.3430075685252,314.2357047265635
Experiment 07-12_18:55
Epoch 0084 [Train seq (cond on sampled tp)] | Loss 1933826.990670 | MAPE 0.057700 | RMSE 93.482994 | Likelihood -1933823.926862 | KL fp 3.0638 | FP STD 0.1860 | ->nfe  122.00 | <-nfe  506.00
Epoch 0084 [Val seq (cond on sampled tp)] |  MAPE 0.028106 | RMSE 85.852697 |
Epoch 0084 [Test seq (cond on sampled tp)] | MAPE 0.047903 | RMSE 286.904507|
0.053059566766023636,0.04565874859690666,0.04499112069606781
247.04500475621845,306.4599917811459,307.20852547577516
Experiment 07-12_18:55
Epoch 0085 [Train seq (cond on sampled tp)] | Loss 1928562.871327 | MAPE 0.036442 | RMSE 91.763818 | Likelihood -1928559.976289 | KL fp 2.8950 | FP STD 0.2003 | ->nfe  122.00 | <-nfe  547.25
Epoch 0085 [Val seq (cond on sampled tp)] |  MAPE 0.036598 | RMSE 75.952448 |
Epoch 0085 [Test seq (cond on sampled tp)] | MAPE 0.054674 | RMSE 253.172021|
0.05351974442601204,0.04643583297729492,0.06406612694263458
207.17823320151177,249.3379985080493,302.9998324050692
Experiment 07-12_18:55
Epoch 0086 [Train seq (cond on sampled tp)] | Loss 1894156.870805 | MAPE 0.085257 | RMSE 82.974756 | Likelihood -1894153.702791 | KL fp 3.1680 | FP STD 0.2014 | ->nfe  122.00 | <-nfe  578.75
Epoch 0086 [Val seq (cond on sampled tp)] |  MAPE 0.022917 | RMSE 92.110142 |
Epoch 0086 [Test seq (cond on sampled tp)] | MAPE 0.047977 | RMSE 294.847324|
0.0517958328127861,0.04389199987053871,0.04824225977063179
258.0953675485091,305.66294498597637,320.7836595744864
Experiment 07-12_18:55
Epoch 0087 [Train seq (cond on sampled tp)] | Loss 1880864.388513 | MAPE 0.057052 | RMSE 82.160560 | Likelihood -1880861.142490 | KL fp 3.2460 | FP STD 0.1683 | ->nfe  122.00 | <-nfe  636.50
Epoch 0087 [Val seq (cond on sampled tp)] |  MAPE 0.023750 | RMSE 80.072605 |
Epoch 0087 [Test seq (cond on sampled tp)] | MAPE 0.045741 | RMSE 263.738974|
0.04796304553747177,0.0438569001853466,0.04540296271443367
223.89356427776124,260.279387149655,307.0439707924583
Experiment 07-12_18:55
Epoch 0088 [Train seq (cond on sampled tp)] | Loss 1885204.365921 | MAPE 0.050577 | RMSE 84.398031 | Likelihood -1885201.740836 | KL fp 2.6251 | FP STD 0.2440 | ->nfe  122.00 | <-nfe  572.00
Epoch 0088 [Val seq (cond on sampled tp)] |  MAPE 0.023454 | RMSE 86.699587 |
Epoch 0088 [Test seq (cond on sampled tp)] | MAPE 0.047090 | RMSE 276.691392|
0.04957665503025055,0.04353392496705055,0.04816089943051338
232.66039494292963,252.63826659870827,344.7755157345138
Experiment 07-12_18:55
Epoch 0089 [Train seq (cond on sampled tp)] | Loss 1915788.154345 | MAPE 0.054293 | RMSE 84.935535 | Likelihood -1915785.114441 | KL fp 3.0399 | FP STD 0.2527 | ->nfe  122.00 | <-nfe  510.50
Epoch 0089 [Val seq (cond on sampled tp)] |  MAPE 0.021461 | RMSE 85.985674 |
Epoch 0089 [Test seq (cond on sampled tp)] | MAPE 0.053306 | RMSE 275.979804|
0.05117044225335121,0.05272833630442619,0.056019630283117294
237.76481946452887,282.6732322842048,307.50135924496334
Experiment 07-12_18:55
Epoch 0090 [Train seq (cond on sampled tp)] | Loss 1886361.343724 | MAPE 0.040795 | RMSE 86.586874 | Likelihood -1886358.300606 | KL fp 3.0431 | FP STD 0.1792 | ->nfe  122.00 | <-nfe  583.25
Epoch 0090 [Val seq (cond on sampled tp)] |  MAPE 0.022358 | RMSE 84.902546 |
Epoch 0090 [Test seq (cond on sampled tp)] | MAPE 0.046865 | RMSE 257.387255|
0.05458648502826691,0.04343901574611664,0.04256889596581459
195.62888374739043,256.0580988760168,320.47478206170916
Experiment 07-12_18:55
Epoch 0091 [Train seq (cond on sampled tp)] | Loss 1867196.955988 | MAPE 0.040582 | RMSE 79.631697 | Likelihood -1867193.652393 | KL fp 3.3036 | FP STD 0.1706 | ->nfe  122.00 | <-nfe  597.50
Epoch 0091 [Val seq (cond on sampled tp)] |  MAPE 0.026838 | RMSE 79.337931 |
Epoch 0091 [Test seq (cond on sampled tp)] | MAPE 0.066566 | RMSE 269.746488|
0.0660897046327591,0.06698767840862274,0.06662169098854065
214.02287954503836,267.8367039821092,327.3798801659931
Experiment 07-12_18:55
Epoch 0092 [Train seq (cond on sampled tp)] | Loss 1874894.052146 | MAPE 0.063680 | RMSE 81.928734 | Likelihood -1874890.689014 | KL fp 3.3631 | FP STD 0.1753 | ->nfe  122.00 | <-nfe  588.50
Epoch 0092 [Val seq (cond on sampled tp)] |  MAPE 0.024298 | RMSE 82.743276 |
Epoch 0092 [Test seq (cond on sampled tp)] | MAPE 0.057469 | RMSE 306.178321|
0.05710091069340706,0.0585770457983017,0.05673012509942055
252.017376013044,330.3442451632842,336.1733416334496
Experiment 07-12_18:55
Epoch 0093 [Train seq (cond on sampled tp)] | Loss 1889680.875237 | MAPE 0.041720 | RMSE 83.966514 | Likelihood -1889677.459794 | KL fp 3.4154 | FP STD 0.1639 | ->nfe  122.00 | <-nfe  588.50
Epoch 0093 [Val seq (cond on sampled tp)] |  MAPE 0.027856 | RMSE 76.287596 |
Epoch 0093 [Test seq (cond on sampled tp)] | MAPE 0.058894 | RMSE 267.177913|
0.05597499758005142,0.05759613215923309,0.06311040371656418
226.56371551398075,260.16856014418806,314.8014627308774
Experiment 07-12_18:55
Epoch 0094 [Train seq (cond on sampled tp)] | Loss 1874820.871237 | MAPE 0.055780 | RMSE 84.152317 | Likelihood -1874817.700983 | KL fp 3.1703 | FP STD 0.1652 | ->nfe  122.00 | <-nfe  552.50
Epoch 0094 [Val seq (cond on sampled tp)] |  MAPE 0.022537 | RMSE 72.767667 |
Epoch 0094 [Test seq (cond on sampled tp)] | MAPE 0.044627 | RMSE 246.987165|
0.04177049547433853,0.042706768959760666,0.04940415173768997
184.88040898104916,267.8812849239379,288.1998004857047
Experiment 07-12_18:55
Epoch 0095 [Train seq (cond on sampled tp)] | Loss 1888343.822744 | MAPE 0.063632 | RMSE 80.999775 | Likelihood -1888340.178654 | KL fp 3.6441 | FP STD 0.1436 | ->nfe  122.00 | <-nfe  592.25
Epoch 0095 [Val seq (cond on sampled tp)] |  MAPE 0.021630 | RMSE 74.386298 |
Epoch 0095 [Test seq (cond on sampled tp)] | MAPE 0.043419 | RMSE 248.959222|
0.045182302594184875,0.03819757327437401,0.04687580093741417
188.47486155320556,254.6512857688922,303.7515174859214
Experiment 07-12_18:55
Epoch 0096 [Train seq (cond on sampled tp)] | Loss 1870195.299786 | MAPE 0.049093 | RMSE 81.770578 | Likelihood -1870191.776910 | KL fp 3.5229 | FP STD 0.1333 | ->nfe  122.00 | <-nfe  675.50
Epoch 0096 [Val seq (cond on sampled tp)] |  MAPE 0.023949 | RMSE 83.768774 |
Epoch 0096 [Test seq (cond on sampled tp)] | MAPE 0.056454 | RMSE 273.423621|
0.05497981980443001,0.05275353416800499,0.061629340052604675
215.3529624535033,302.9197114129419,301.99818915020006
Experiment 07-12_18:55
Epoch 0097 [Train seq (cond on sampled tp)] | Loss 1890237.386279 | MAPE 0.049987 | RMSE 84.766265 | Likelihood -1890234.274733 | KL fp 3.1115 | FP STD 0.1748 | ->nfe  122.00 | <-nfe  732.50
Epoch 0097 [Val seq (cond on sampled tp)] |  MAPE 0.023216 | RMSE 92.668054 |
Epoch 0097 [Test seq (cond on sampled tp)] | MAPE 0.046654 | RMSE 259.264516|
0.045427821576595306,0.04165532812476158,0.05287997052073479
209.3140209708848,259.7909315680592,308.6885946022302
Experiment 07-12_18:55
Epoch 0098 [Train seq (cond on sampled tp)] | Loss 1876117.502908 | MAPE 0.043669 | RMSE 79.864870 | Likelihood -1876114.308928 | KL fp 3.1940 | FP STD 0.1858 | ->nfe  122.00 | <-nfe  795.50
Epoch 0098 [Val seq (cond on sampled tp)] |  MAPE 0.029467 | RMSE 88.813803 |
Epoch 0098 [Test seq (cond on sampled tp)] | MAPE 0.061388 | RMSE 276.270726|
0.06439707428216934,0.05602071061730385,0.06374620646238327
224.43803084036358,270.0736300067076,334.30051740537283
Experiment 07-12_18:55
Epoch 0099 [Train seq (cond on sampled tp)] | Loss 1866982.794341 | MAPE 0.058287 | RMSE 81.479812 | Likelihood -1866979.575881 | KL fp 3.2185 | FP STD 0.1672 | ->nfe  122.00 | <-nfe  691.25
Epoch 0099 [Val seq (cond on sampled tp)] |  MAPE 0.022311 | RMSE 79.714545 |
Epoch 0099 [Test seq (cond on sampled tp)] | MAPE 0.042598 | RMSE 291.512685|
0.046997588127851486,0.04129737615585327,0.039499323815107346
235.95435370268123,285.8905357606299,352.6931651591791
Experiment 07-12_18:55
Epoch 0100 [Train seq (cond on sampled tp)] | Loss 1899189.366907 | MAPE 0.049247 | RMSE 84.882121 | Likelihood -1899185.877032 | KL fp 3.4899 | FP STD 0.1450 | ->nfe  122.00 | <-nfe  587.75
Epoch 0100 [Val seq (cond on sampled tp)] |  MAPE 0.028077 | RMSE 86.866619 |
Epoch 0100 [Test seq (cond on sampled tp)] | MAPE 0.048780 | RMSE 269.318078|
0.052392978221178055,0.05032758414745331,0.04361804202198982
204.421974723854,284.4663864149858,319.0658729008792
