/data2/yuanjingyang/CG-ODE/run_models_covid.py
run_models_covid.py --rec-layers 1 -e Cheb_cat
Namespace(save='experiments/', load=None, dataset='Dec', datapath='data/', pred_length=14, condition_length=21, features='Confirmed,Deaths,Recovered,Mortality_Rate,Testing_Rate,Population,Mobility', split_interval=3, feature_out='Deaths', niters=100, lr=0.005, batch_size=8, random_seed=1991, dropout=0.2, l2=1e-05, optimizer='AdamW', clip=10, edge_lamda=0.5, z0_encoder='GTrans', rec_dims=64, ode_dims=20, rec_layers=1, gen_layers=1, encoder='Cheb_cat', graf_layer=1, cheb_K=2, heavyBall=False, actv_h=None, gamma_guess=-3.0, gamma_act='sigmoid', corr=-100, corrf=True, sign=1, augment_dim=0, solver='rk4', rtol=0.01, atol=0.01, alias='run', output_dim=1, feature_out_index=[1], num_atoms=50)
run
Experiment 07-17_19:07
Epoch 0001 [Train seq (cond on sampled tp)] | Loss 4360369.048178 | MAPE 0.063743 | RMSE 284.709326 | Likelihood -4360366.871919 | KL fp 2.1763 | FP STD 0.8409 | ->nfe   52.00 | <-nfe   52.00
Epoch 0001 [Val seq (cond on sampled tp)] |  MAPE 0.059138 | RMSE 299.232168 |
Best Val!
Epoch 0001 [Test seq (cond on sampled tp)] | MAPE 0.114687 | RMSE 895.366828|
0.12443162500858307,0.11877979338169098,0.1008492186665535
839.6783982573328,926.7502697598744,919.6718164649823
0.12443162500858307,0.11877979338169098,0.1008492186665535
839.6783982573328,926.7502697598744,919.6718164649823
Epoch 0001 [Test seq (cond on sampled tp)] | Best Test MAPE 0.114687|Best Test RMSE 895.366828|
Experiment 07-17_19:07
Epoch 0002 [Train seq (cond on sampled tp)] | Loss 4060173.079028 | MAPE 0.130821 | RMSE 269.358010 | Likelihood -4060164.973133 | KL fp 8.1059 | FP STD 1.4464 | ->nfe   52.00 | <-nfe   52.00
Epoch 0002 [Val seq (cond on sampled tp)] |  MAPE 0.074610 | RMSE 262.927687 |
Epoch 0002 [Test seq (cond on sampled tp)] | MAPE 0.121692 | RMSE 831.207623|
0.13264359533786774,0.12218543887138367,0.11024735122919083
770.3496770947594,861.6579585311099,861.61523460301
Experiment 07-17_19:07
Epoch 0003 [Train seq (cond on sampled tp)] | Loss 3643190.401162 | MAPE 0.307328 | RMSE 245.746081 | Likelihood -3643175.910021 | KL fp 14.4911 | FP STD 1.4647 | ->nfe   52.00 | <-nfe   52.00
Epoch 0003 [Val seq (cond on sampled tp)] |  MAPE 0.098283 | RMSE 214.550293 |
Epoch 0003 [Test seq (cond on sampled tp)] | MAPE 0.122022 | RMSE 731.084764|
0.1323838233947754,0.12005602568387985,0.11362683027982712
668.3217086478637,759.3743724277242,765.5582113725906
Experiment 07-17_19:07
Epoch 0004 [Train seq (cond on sampled tp)] | Loss 3198906.547307 | MAPE 0.364382 | RMSE 217.543949 | Likelihood -3198895.021740 | KL fp 11.5256 | FP STD 0.9956 | ->nfe   52.00 | <-nfe   52.00
Epoch 0004 [Val seq (cond on sampled tp)] |  MAPE 0.037211 | RMSE 173.987983 |
Best Val!
Epoch 0004 [Test seq (cond on sampled tp)] | MAPE 0.062914 | RMSE 650.624406|
0.0691075399518013,0.06549044698476791,0.05414291098713875
574.9827171315674,690.694419587997,686.1960816705382
0.0691075399518013,0.06549044698476791,0.05414291098713875
574.9827171315674,690.694419587997,686.1960816705382
Epoch 0004 [Test seq (cond on sampled tp)] | Best Test MAPE 0.062914|Best Test RMSE 650.624406|
Experiment 07-17_19:07
Epoch 0005 [Train seq (cond on sampled tp)] | Loss 2840638.766950 | MAPE 0.096475 | RMSE 191.888024 | Likelihood -2840630.903334 | KL fp 7.8636 | FP STD 0.7947 | ->nfe   52.00 | <-nfe   52.00
Epoch 0005 [Val seq (cond on sampled tp)] |  MAPE 0.035566 | RMSE 163.996701 |
Best Val!
Epoch 0005 [Test seq (cond on sampled tp)] | MAPE 0.073701 | RMSE 590.196633|
0.08029169589281082,0.07707643508911133,0.06373424082994461
526.1608000412041,621.596105803439,622.8329932654499
Experiment 07-17_19:07
Epoch 0006 [Train seq (cond on sampled tp)] | Loss 2571731.117935 | MAPE 0.047117 | RMSE 169.176401 | Likelihood -2571723.535541 | KL fp 7.5824 | FP STD 0.6967 | ->nfe   52.00 | <-nfe   52.00
Epoch 0006 [Val seq (cond on sampled tp)] |  MAPE 0.028165 | RMSE 133.547583 |
Best Val!
Epoch 0006 [Test seq (cond on sampled tp)] | MAPE 0.054791 | RMSE 494.166224|
0.05503515899181366,0.060261767357587814,0.04907645285129547
420.3570097250669,526.6577102350254,535.4839516736239
0.05503515899181366,0.060261767357587814,0.04907645285129547
420.3570097250669,526.6577102350254,535.4839516736239
Epoch 0006 [Test seq (cond on sampled tp)] | Best Test MAPE 0.054791|Best Test RMSE 494.166224|
Experiment 07-17_19:07
Epoch 0007 [Train seq (cond on sampled tp)] | Loss 2319915.315003 | MAPE 0.046826 | RMSE 145.054095 | Likelihood -2319909.247985 | KL fp 6.0670 | FP STD 0.5818 | ->nfe   52.00 | <-nfe   52.00
Epoch 0007 [Val seq (cond on sampled tp)] |  MAPE 0.030194 | RMSE 119.150152 |
Epoch 0007 [Test seq (cond on sampled tp)] | MAPE 0.050905 | RMSE 420.324009|
0.05382697284221649,0.05543625354766846,0.04345171898603439
345.09346560026313,455.3886046554086,460.4899564594216
0.05382697284221649,0.05543625354766846,0.04345171898603439
345.09346560026313,455.3886046554086,460.4899564594216
Epoch 0007 [Test seq (cond on sampled tp)] | Best Test MAPE 0.050905|Best Test RMSE 420.324009|
Experiment 07-17_19:07
Epoch 0008 [Train seq (cond on sampled tp)] | Loss 2175760.012150 | MAPE 0.058007 | RMSE 126.967992 | Likelihood -2175754.041117 | KL fp 5.9710 | FP STD 0.5757 | ->nfe   52.00 | <-nfe   52.00
Epoch 0008 [Val seq (cond on sampled tp)] |  MAPE 0.051191 | RMSE 97.760769 |
Epoch 0008 [Test seq (cond on sampled tp)] | MAPE 0.071177 | RMSE 374.491813|
0.07173904776573181,0.06887461245059967,0.07291844487190247
307.206592743385,397.9626631356263,418.3061827178747
Experiment 07-17_19:07
Epoch 0009 [Train seq (cond on sampled tp)] | Loss 2142203.916595 | MAPE 0.069977 | RMSE 121.737497 | Likelihood -2142198.377071 | KL fp 5.5395 | FP STD 0.5045 | ->nfe   52.00 | <-nfe   52.00
Epoch 0009 [Val seq (cond on sampled tp)] |  MAPE 0.028920 | RMSE 112.819334 |
Epoch 0009 [Test seq (cond on sampled tp)] | MAPE 0.048939 | RMSE 374.562377|
0.05310377851128578,0.052371930330991745,0.04134195297956467
311.4559434133502,395.62829777456517,416.6028909525233
0.05310377851128578,0.052371930330991745,0.04134195297956467
311.4559434133502,395.62829777456517,416.6028909525233
Epoch 0009 [Test seq (cond on sampled tp)] | Best Test MAPE 0.048939|Best Test RMSE 374.562377|
Experiment 07-17_19:07
Epoch 0010 [Train seq (cond on sampled tp)] | Loss 2121205.757187 | MAPE 0.043609 | RMSE 120.219145 | Likelihood -2121200.873689 | KL fp 4.8835 | FP STD 0.3476 | ->nfe   52.00 | <-nfe   52.00
Epoch 0010 [Val seq (cond on sampled tp)] |  MAPE 0.032062 | RMSE 130.817860 |
Epoch 0010 [Test seq (cond on sampled tp)] | MAPE 0.054151 | RMSE 441.144108|
0.0586874820291996,0.056965623050928116,0.0467999167740345
390.2268370768469,462.80545656355434,470.40002923044125
Experiment 07-17_19:07
Epoch 0011 [Train seq (cond on sampled tp)] | Loss 2125583.670770 | MAPE 0.049940 | RMSE 118.068396 | Likelihood -2125579.054306 | KL fp 4.6165 | FP STD 0.3714 | ->nfe   52.00 | <-nfe   52.00
Epoch 0011 [Val seq (cond on sampled tp)] |  MAPE 0.035757 | RMSE 91.306837 |
Epoch 0011 [Test seq (cond on sampled tp)] | MAPE 0.048256 | RMSE 335.127848|
0.043544597923755646,0.05333432927727699,0.04789026454091072
265.14729102425315,371.50803322404755,368.7282196957537
0.043544597923755646,0.05333432927727699,0.04789026454091072
265.14729102425315,371.50803322404755,368.7282196957537
Epoch 0011 [Test seq (cond on sampled tp)] | Best Test MAPE 0.048256|Best Test RMSE 335.127848|
Experiment 07-17_19:07
Epoch 0012 [Train seq (cond on sampled tp)] | Loss 2094439.482375 | MAPE 0.045398 | RMSE 113.342497 | Likelihood -2094433.953207 | KL fp 5.5292 | FP STD 0.3597 | ->nfe   52.00 | <-nfe   52.00
Epoch 0012 [Val seq (cond on sampled tp)] |  MAPE 0.042358 | RMSE 99.365885 |
Epoch 0012 [Test seq (cond on sampled tp)] | MAPE 0.054067 | RMSE 360.266388|
0.050383999943733215,0.0610787570476532,0.050739310681819916
287.62866686058953,398.6448921032352,394.5256051576374
Experiment 07-17_19:07
Epoch 0013 [Train seq (cond on sampled tp)] | Loss 2068186.473563 | MAPE 0.073109 | RMSE 113.205952 | Likelihood -2068181.422374 | KL fp 5.0512 | FP STD 0.3435 | ->nfe   52.00 | <-nfe   52.00
Epoch 0013 [Val seq (cond on sampled tp)] |  MAPE 0.029990 | RMSE 105.230731 |
Epoch 0013 [Test seq (cond on sampled tp)] | MAPE 0.059973 | RMSE 343.485539|
0.05774279311299324,0.06463266909122467,0.05754270404577255
280.9357689045665,366.0673179211714,383.45352961604095
Experiment 07-17_19:07
Epoch 0014 [Train seq (cond on sampled tp)] | Loss 2072323.478438 | MAPE 0.043301 | RMSE 114.526924 | Likelihood -2072318.887993 | KL fp 4.5904 | FP STD 0.4264 | ->nfe   52.00 | <-nfe   52.00
Epoch 0014 [Val seq (cond on sampled tp)] |  MAPE 0.028842 | RMSE 98.753362 |
Epoch 0014 [Test seq (cond on sampled tp)] | MAPE 0.050735 | RMSE 369.583995|
0.05177807807922363,0.05307448282837868,0.04735381901264191
296.46467696422116,412.4450721005162,399.8422345125637
Experiment 07-17_19:07
Epoch 0015 [Train seq (cond on sampled tp)] | Loss 2057913.370591 | MAPE 0.055488 | RMSE 112.304672 | Likelihood -2057908.971999 | KL fp 4.3986 | FP STD 0.4000 | ->nfe   52.00 | <-nfe   52.00
Epoch 0015 [Val seq (cond on sampled tp)] |  MAPE 0.037447 | RMSE 91.599651 |
Epoch 0015 [Test seq (cond on sampled tp)] | MAPE 0.061685 | RMSE 330.405385|
0.06408155709505081,0.06354489177465439,0.05743002891540527
272.83239474996367,356.2460306796414,362.1377284611478
Experiment 07-17_19:07
Epoch 0016 [Train seq (cond on sampled tp)] | Loss 2031310.505984 | MAPE 0.060688 | RMSE 107.558843 | Likelihood -2031306.109015 | KL fp 4.3970 | FP STD 0.3692 | ->nfe   52.00 | <-nfe   52.00
Epoch 0016 [Val seq (cond on sampled tp)] |  MAPE 0.035044 | RMSE 89.471299 |
Epoch 0016 [Test seq (cond on sampled tp)] | MAPE 0.060532 | RMSE 318.386621|
0.06280946731567383,0.0607997290790081,0.05798707529902458
248.9579846580543,341.11036520457714,365.0915125006332
Experiment 07-17_19:07
Epoch 0017 [Train seq (cond on sampled tp)] | Loss 1994197.482332 | MAPE 0.049537 | RMSE 101.644192 | Likelihood -1994193.146580 | KL fp 4.3358 | FP STD 0.3853 | ->nfe   52.00 | <-nfe   52.00
Epoch 0017 [Val seq (cond on sampled tp)] |  MAPE 0.034378 | RMSE 93.646495 |
Epoch 0017 [Test seq (cond on sampled tp)] | MAPE 0.050012 | RMSE 312.043881|
0.050153594464063644,0.053178250789642334,0.04670523852109909
243.39999711123664,347.8093497161915,344.92229650314
Experiment 07-17_19:07
Epoch 0018 [Train seq (cond on sampled tp)] | Loss 1991648.747177 | MAPE 0.036488 | RMSE 101.354702 | Likelihood -1991644.681120 | KL fp 4.0661 | FP STD 0.3564 | ->nfe   52.00 | <-nfe   52.00
Epoch 0018 [Val seq (cond on sampled tp)] |  MAPE 0.028627 | RMSE 96.206986 |
Epoch 0018 [Test seq (cond on sampled tp)] | MAPE 0.055967 | RMSE 287.971645|
0.06318382918834686,0.05401234328746796,0.0507054477930069
236.63781826083928,310.94751868281566,316.3295971965001
Experiment 07-17_19:07
Epoch 0019 [Train seq (cond on sampled tp)] | Loss 1985009.778297 | MAPE 0.041221 | RMSE 101.223149 | Likelihood -1985005.902189 | KL fp 3.8761 | FP STD 0.3918 | ->nfe   52.00 | <-nfe   52.00
Epoch 0019 [Val seq (cond on sampled tp)] |  MAPE 0.030727 | RMSE 98.251734 |
Epoch 0019 [Test seq (cond on sampled tp)] | MAPE 0.060101 | RMSE 312.173936|
0.061687588691711426,0.06499814987182617,0.0536174513399601
243.86751974689045,330.2806689960828,362.37362021124
Experiment 07-17_19:07
Epoch 0020 [Train seq (cond on sampled tp)] | Loss 2004181.133652 | MAPE 0.031103 | RMSE 104.068840 | Likelihood -2004177.631884 | KL fp 3.5018 | FP STD 0.3449 | ->nfe   52.00 | <-nfe   52.00
Epoch 0020 [Val seq (cond on sampled tp)] |  MAPE 0.034169 | RMSE 87.638601 |
Epoch 0020 [Test seq (cond on sampled tp)] | MAPE 0.062565 | RMSE 278.252179|
0.06621715426445007,0.05972667410969734,0.061750564724206924
212.72106148663323,286.1563574997068,335.87911701979925
Experiment 07-17_19:07
Epoch 0021 [Train seq (cond on sampled tp)] | Loss 1949905.660859 | MAPE 0.036241 | RMSE 94.915851 | Likelihood -1949901.794558 | KL fp 3.8663 | FP STD 0.3162 | ->nfe   52.00 | <-nfe   52.00
Epoch 0021 [Val seq (cond on sampled tp)] |  MAPE 0.025360 | RMSE 87.170050 |
Best Val!
Epoch 0021 [Test seq (cond on sampled tp)] | MAPE 0.042977 | RMSE 262.513516|
0.051068276166915894,0.040233779698610306,0.037629690021276474
208.50047774225843,272.9168686386021,306.12320079095605
0.051068276166915894,0.040233779698610306,0.037629690021276474
208.50047774225843,272.9168686386021,306.12320079095605
Epoch 0021 [Test seq (cond on sampled tp)] | Best Test MAPE 0.042977|Best Test RMSE 262.513516|
Experiment 07-17_19:07
Epoch 0022 [Train seq (cond on sampled tp)] | Loss 1988668.494566 | MAPE 0.044367 | RMSE 99.306199 | Likelihood -1988664.749449 | KL fp 3.7451 | FP STD 0.4342 | ->nfe   52.00 | <-nfe   52.00
Epoch 0022 [Val seq (cond on sampled tp)] |  MAPE 0.038763 | RMSE 107.925041 |
Epoch 0022 [Test seq (cond on sampled tp)] | MAPE 0.057269 | RMSE 341.369881|
0.0637563019990921,0.05308428779244423,0.05496739223599434
307.2860536210519,358.37817185551353,358.4454173057594
Experiment 07-17_19:07
Epoch 0023 [Train seq (cond on sampled tp)] | Loss 2143374.140558 | MAPE 0.065528 | RMSE 122.834693 | Likelihood -2143370.599702 | KL fp 3.5409 | FP STD 0.4116 | ->nfe   52.00 | <-nfe   52.00
Epoch 0023 [Val seq (cond on sampled tp)] |  MAPE 0.054242 | RMSE 100.351725 |
Epoch 0023 [Test seq (cond on sampled tp)] | MAPE 0.082845 | RMSE 330.252200|
0.09036964178085327,0.0736573189496994,0.08450708538293839
292.5948030126304,348.2197806343,349.9420152861042
Experiment 07-17_19:07
Epoch 0024 [Train seq (cond on sampled tp)] | Loss 2080810.396886 | MAPE 0.033011 | RMSE 115.200434 | Likelihood -2080806.897051 | KL fp 3.4998 | FP STD 0.3399 | ->nfe   52.00 | <-nfe   52.00
Epoch 0024 [Val seq (cond on sampled tp)] |  MAPE 0.023787 | RMSE 92.671194 |
Best Val!
Epoch 0024 [Test seq (cond on sampled tp)] | MAPE 0.049456 | RMSE 306.375094|
0.04944239556789398,0.05156220495700836,0.04736454412341118
241.95564708485313,326.10087588045513,351.0687588457566
Experiment 07-17_19:07
Epoch 0025 [Train seq (cond on sampled tp)] | Loss 2077222.602699 | MAPE 0.053072 | RMSE 115.491729 | Likelihood -2077218.872387 | KL fp 3.7303 | FP STD 0.3275 | ->nfe   52.00 | <-nfe   52.00
Epoch 0025 [Val seq (cond on sampled tp)] |  MAPE 0.024721 | RMSE 99.489287 |
Epoch 0025 [Test seq (cond on sampled tp)] | MAPE 0.044262 | RMSE 298.975069|
0.04960241541266441,0.04494534805417061,0.03823902830481529
254.67358090799289,313.92517520103416,328.3264500653275
Experiment 07-17_19:07
Epoch 0026 [Train seq (cond on sampled tp)] | Loss 2087308.758778 | MAPE 0.035292 | RMSE 111.751136 | Likelihood -2087305.375020 | KL fp 3.3838 | FP STD 0.3769 | ->nfe   52.00 | <-nfe   52.00
Epoch 0026 [Val seq (cond on sampled tp)] |  MAPE 0.059781 | RMSE 104.666934 |
Epoch 0026 [Test seq (cond on sampled tp)] | MAPE 0.074961 | RMSE 300.992419|
0.07470940798521042,0.07393036037683487,0.07624266296625137
251.8949666403638,303.4542799170906,347.6280114936079
Experiment 07-17_19:07
Epoch 0027 [Train seq (cond on sampled tp)] | Loss 2014078.354544 | MAPE 0.066559 | RMSE 103.092164 | Likelihood -2014074.389161 | KL fp 3.9654 | FP STD 0.2857 | ->nfe   52.00 | <-nfe   52.00
Epoch 0027 [Val seq (cond on sampled tp)] |  MAPE 0.032836 | RMSE 111.299182 |
Epoch 0027 [Test seq (cond on sampled tp)] | MAPE 0.063852 | RMSE 328.489514|
0.06951046735048294,0.06856884062290192,0.053476497530937195
287.55367705438925,344.73883910505356,353.1760250746078
Experiment 07-17_19:07
Epoch 0028 [Train seq (cond on sampled tp)] | Loss 2125101.165247 | MAPE 0.048802 | RMSE 119.944869 | Likelihood -2125097.745528 | KL fp 3.4197 | FP STD 0.4619 | ->nfe   52.00 | <-nfe   52.00
Epoch 0028 [Val seq (cond on sampled tp)] |  MAPE 0.049423 | RMSE 125.387267 |
Epoch 0028 [Test seq (cond on sampled tp)] | MAPE 0.082445 | RMSE 298.560189|
0.08513490855693817,0.0769834816455841,0.08521575480699539
259.27580934691923,294.8640046699495,341.54075296734356
Experiment 07-17_19:07
Epoch 0029 [Train seq (cond on sampled tp)] | Loss 1980278.993586 | MAPE 0.053500 | RMSE 100.095106 | Likelihood -1980275.754833 | KL fp 3.2388 | FP STD 0.4731 | ->nfe   52.00 | <-nfe   52.00
Epoch 0029 [Val seq (cond on sampled tp)] |  MAPE 0.028079 | RMSE 89.776013 |
Epoch 0029 [Test seq (cond on sampled tp)] | MAPE 0.046802 | RMSE 300.669019|
0.04441988840699196,0.04832088202238083,0.047666676342487335
260.3402371176995,312.03526693708835,329.6315533099039
Experiment 07-17_19:07
Epoch 0030 [Train seq (cond on sampled tp)] | Loss 1985174.918473 | MAPE 0.094485 | RMSE 98.848709 | Likelihood -1985171.385748 | KL fp 3.5327 | FP STD 0.4450 | ->nfe   52.00 | <-nfe   52.00
Epoch 0030 [Val seq (cond on sampled tp)] |  MAPE 0.028705 | RMSE 93.384998 |
Epoch 0030 [Test seq (cond on sampled tp)] | MAPE 0.052414 | RMSE 316.991229|
0.060599565505981445,0.05564423277974129,0.04099950194358826
298.22705276349427,324.4599960896566,328.2866387587226
Experiment 07-17_19:07
Epoch 0031 [Train seq (cond on sampled tp)] | Loss 1967165.533289 | MAPE 0.064058 | RMSE 97.956914 | Likelihood -1967161.962524 | KL fp 3.5708 | FP STD 0.3240 | ->nfe   52.00 | <-nfe   52.00
Epoch 0031 [Val seq (cond on sampled tp)] |  MAPE 0.027762 | RMSE 98.442966 |
Epoch 0031 [Test seq (cond on sampled tp)] | MAPE 0.053978 | RMSE 310.559501|
0.05801940709352493,0.05700632929801941,0.046908874064683914
277.15833414764927,336.7989014233865,317.72126886234736
Experiment 07-17_19:07
Epoch 0032 [Train seq (cond on sampled tp)] | Loss 1959050.729584 | MAPE 0.084497 | RMSE 96.971442 | Likelihood -1959046.936263 | KL fp 3.7933 | FP STD 0.2905 | ->nfe   52.00 | <-nfe   52.00
Epoch 0032 [Val seq (cond on sampled tp)] |  MAPE 0.033079 | RMSE 87.696815 |
Epoch 0032 [Test seq (cond on sampled tp)] | MAPE 0.046881 | RMSE 274.692769|
0.051681630313396454,0.04959278553724289,0.03936741128563881
251.4219172402239,283.437493109151,289.21889688002756
Experiment 07-17_19:07
Epoch 0033 [Train seq (cond on sampled tp)] | Loss 1945890.916585 | MAPE 0.082512 | RMSE 94.867326 | Likelihood -1945887.079726 | KL fp 3.8369 | FP STD 0.2752 | ->nfe   52.00 | <-nfe   52.00
Epoch 0033 [Val seq (cond on sampled tp)] |  MAPE 0.042590 | RMSE 85.024247 |
Epoch 0033 [Test seq (cond on sampled tp)] | MAPE 0.060556 | RMSE 287.714930|
0.05980435386300087,0.060872066766023636,0.06099073588848114
241.92319448794075,318.63946612904056,302.5821298631167
Experiment 07-17_19:07
Epoch 0034 [Train seq (cond on sampled tp)] | Loss 1955192.509120 | MAPE 0.095500 | RMSE 95.474426 | Likelihood -1955188.463251 | KL fp 4.0459 | FP STD 0.3192 | ->nfe   52.00 | <-nfe   52.00
Epoch 0034 [Val seq (cond on sampled tp)] |  MAPE 0.033366 | RMSE 95.046298 |
Epoch 0034 [Test seq (cond on sampled tp)] | MAPE 0.060838 | RMSE 272.088040|
0.07113706320524216,0.05946395918726921,0.051912106573581696
245.89891692268594,297.26162981875075,273.103574674518
Experiment 07-17_19:07
Epoch 0035 [Train seq (cond on sampled tp)] | Loss 1966800.803213 | MAPE 0.050995 | RMSE 96.660990 | Likelihood -1966797.095938 | KL fp 3.7073 | FP STD 0.3914 | ->nfe   52.00 | <-nfe   52.00
Epoch 0035 [Val seq (cond on sampled tp)] |  MAPE 0.036071 | RMSE 101.904971 |
Epoch 0035 [Test seq (cond on sampled tp)] | MAPE 0.058151 | RMSE 317.075829|
0.07000132650136948,0.05806754529476166,0.04638274013996124
279.27072998257444,347.5456916903157,324.4110649507812
Experiment 07-17_19:07
Epoch 0036 [Train seq (cond on sampled tp)] | Loss 2012103.423724 | MAPE 0.084262 | RMSE 105.964442 | Likelihood -2012100.122178 | KL fp 3.3015 | FP STD 0.3855 | ->nfe   52.00 | <-nfe   52.00
Epoch 0036 [Val seq (cond on sampled tp)] |  MAPE 0.046012 | RMSE 88.630082 |
Epoch 0036 [Test seq (cond on sampled tp)] | MAPE 0.060214 | RMSE 276.567745|
0.06534215807914734,0.060854166746139526,0.05444483458995819
230.19326119589167,284.92169977030534,314.5882725881561
Experiment 07-17_19:07
Epoch 0037 [Train seq (cond on sampled tp)] | Loss 1945177.128759 | MAPE 0.119443 | RMSE 93.399403 | Likelihood -1945173.217299 | KL fp 3.9115 | FP STD 0.2970 | ->nfe   52.00 | <-nfe   52.00
Epoch 0037 [Val seq (cond on sampled tp)] |  MAPE 0.026362 | RMSE 91.162656 |
Epoch 0037 [Test seq (cond on sampled tp)] | MAPE 0.050614 | RMSE 309.022543|
0.052020568400621414,0.05338113754987717,0.046440090984106064
259.5307213269751,345.87031303293435,321.6665951532736
Experiment 07-17_19:07
Epoch 0038 [Train seq (cond on sampled tp)] | Loss 1953818.298279 | MAPE 0.052033 | RMSE 95.967402 | Likelihood -1953814.817370 | KL fp 3.4809 | FP STD 0.3521 | ->nfe   52.00 | <-nfe   52.00
Epoch 0038 [Val seq (cond on sampled tp)] |  MAPE 0.024839 | RMSE 102.113816 |
Epoch 0038 [Test seq (cond on sampled tp)] | MAPE 0.059547 | RMSE 330.842069|
0.06971053779125214,0.06363920867443085,0.0452919565141201
318.43048937326967,344.25781808478945,329.8378981598385
Experiment 07-17_19:07
Epoch 0039 [Train seq (cond on sampled tp)] | Loss 1940871.819502 | MAPE 0.032947 | RMSE 93.432095 | Likelihood -1940868.278083 | KL fp 3.5414 | FP STD 0.2989 | ->nfe   52.00 | <-nfe   52.00
Epoch 0039 [Val seq (cond on sampled tp)] |  MAPE 0.025571 | RMSE 85.961815 |
Epoch 0039 [Test seq (cond on sampled tp)] | MAPE 0.050676 | RMSE 259.016173|
0.05243568867444992,0.050415895879268646,0.04917718842625618
220.00775021860025,263.6670337518515,293.37373508461866
Experiment 07-17_19:07
Epoch 0040 [Train seq (cond on sampled tp)] | Loss 1902020.719977 | MAPE 0.038937 | RMSE 86.490700 | Likelihood -1902017.086993 | KL fp 3.6330 | FP STD 0.3282 | ->nfe   52.00 | <-nfe   52.00
Epoch 0040 [Val seq (cond on sampled tp)] |  MAPE 0.026345 | RMSE 94.965264 |
Epoch 0040 [Test seq (cond on sampled tp)] | MAPE 0.051574 | RMSE 268.666444|
0.04976817965507507,0.05646918714046478,0.04848439246416092
235.79822876243153,298.4087747955814,271.7923293849552
Experiment 07-17_19:07
Epoch 0041 [Train seq (cond on sampled tp)] | Loss 1906653.351166 | MAPE 0.038517 | RMSE 89.013921 | Likelihood -1906649.560581 | KL fp 3.7906 | FP STD 0.3327 | ->nfe   52.00 | <-nfe   52.00
Epoch 0041 [Val seq (cond on sampled tp)] |  MAPE 0.023271 | RMSE 105.994679 |
Best Val!
Epoch 0041 [Test seq (cond on sampled tp)] | MAPE 0.054274 | RMSE 330.510378|
0.05896863713860512,0.05839477479457855,0.04545807093381882
303.6108477558073,359.9941080247009,327.926177858676
Experiment 07-17_19:07
Epoch 0042 [Train seq (cond on sampled tp)] | Loss 1984354.483792 | MAPE 0.042819 | RMSE 102.315639 | Likelihood -1984351.060943 | KL fp 3.4228 | FP STD 0.3348 | ->nfe   52.00 | <-nfe   52.00
Epoch 0042 [Val seq (cond on sampled tp)] |  MAPE 0.023655 | RMSE 84.774621 |
Epoch 0042 [Test seq (cond on sampled tp)] | MAPE 0.055262 | RMSE 281.055708|
0.058022599667310715,0.058012932538986206,0.04975174367427826
248.94876637824498,295.8075678333805,298.41079068961295
Experiment 07-17_19:07
Epoch 0043 [Train seq (cond on sampled tp)] | Loss 1907112.883190 | MAPE 0.030927 | RMSE 88.092000 | Likelihood -1907109.248603 | KL fp 3.6346 | FP STD 0.3232 | ->nfe   52.00 | <-nfe   52.00
Epoch 0043 [Val seq (cond on sampled tp)] |  MAPE 0.024061 | RMSE 96.578392 |
Epoch 0043 [Test seq (cond on sampled tp)] | MAPE 0.050235 | RMSE 310.941103|
0.04736321419477463,0.05703234672546387,0.04631045088171959
273.91688691553867,361.5003457813007,297.40607761106696
Experiment 07-17_19:07
Epoch 0044 [Train seq (cond on sampled tp)] | Loss 1909327.015385 | MAPE 0.037367 | RMSE 86.860320 | Likelihood -1909323.447199 | KL fp 3.5682 | FP STD 0.3275 | ->nfe   52.00 | <-nfe   52.00
Epoch 0044 [Val seq (cond on sampled tp)] |  MAPE 0.029503 | RMSE 105.989349 |
Epoch 0044 [Test seq (cond on sampled tp)] | MAPE 0.059329 | RMSE 329.220776|
0.0712733343243599,0.06162451207637787,0.04508860036730766
301.09259373156294,352.96531787840007,333.6044158131004
Experiment 07-17_19:07
Epoch 0045 [Train seq (cond on sampled tp)] | Loss 1968382.715404 | MAPE 0.045091 | RMSE 98.097203 | Likelihood -1968379.106634 | KL fp 3.6088 | FP STD 0.3338 | ->nfe   52.00 | <-nfe   52.00
Epoch 0045 [Val seq (cond on sampled tp)] |  MAPE 0.035443 | RMSE 90.553301 |
Epoch 0045 [Test seq (cond on sampled tp)] | MAPE 0.055721 | RMSE 265.303460|
0.057376038283109665,0.05752945691347122,0.05225735902786255
230.11699639802794,279.18694733547267,286.6064374713171
Experiment 07-17_19:07
Epoch 0046 [Train seq (cond on sampled tp)] | Loss 1915694.686146 | MAPE 0.033677 | RMSE 87.133456 | Likelihood -1915691.218360 | KL fp 3.4678 | FP STD 0.3180 | ->nfe   52.00 | <-nfe   52.00
Epoch 0046 [Val seq (cond on sampled tp)] |  MAPE 0.024767 | RMSE 102.141217 |
Epoch 0046 [Test seq (cond on sampled tp)] | MAPE 0.056217 | RMSE 250.356284|
0.06588790565729141,0.053838491439819336,0.04892497509717941
228.72275281713885,255.03866128491185,267.3074365314216
Experiment 07-17_19:07
Epoch 0047 [Train seq (cond on sampled tp)] | Loss 1927663.037873 | MAPE 0.040077 | RMSE 88.043227 | Likelihood -1927658.926272 | KL fp 4.1116 | FP STD 0.2789 | ->nfe   52.00 | <-nfe   52.00
Epoch 0047 [Val seq (cond on sampled tp)] |  MAPE 0.026083 | RMSE 101.329179 |
Epoch 0047 [Test seq (cond on sampled tp)] | MAPE 0.059620 | RMSE 331.627466|
0.07184655219316483,0.060033801943063736,0.0469791479408741
298.13755214665593,356.2052932474474,340.53955350296684
Experiment 07-17_19:07
Epoch 0048 [Train seq (cond on sampled tp)] | Loss 2011798.108965 | MAPE 0.033671 | RMSE 107.452455 | Likelihood -2011794.416539 | KL fp 3.6924 | FP STD 0.2775 | ->nfe   52.00 | <-nfe   52.00
Epoch 0048 [Val seq (cond on sampled tp)] |  MAPE 0.028751 | RMSE 98.845247 |
Epoch 0048 [Test seq (cond on sampled tp)] | MAPE 0.056599 | RMSE 273.615447|
0.059791553765535355,0.058471303433179855,0.051535025238990784
223.71870416607996,280.09355300952575,317.03408235550955
Experiment 07-17_19:07
Epoch 0049 [Train seq (cond on sampled tp)] | Loss 1935487.172227 | MAPE 0.031075 | RMSE 93.107465 | Likelihood -1935483.414021 | KL fp 3.7582 | FP STD 0.3005 | ->nfe   52.00 | <-nfe   52.00
Epoch 0049 [Val seq (cond on sampled tp)] |  MAPE 0.031642 | RMSE 82.737563 |
Epoch 0049 [Test seq (cond on sampled tp)] | MAPE 0.056996 | RMSE 262.711740|
0.059975117444992065,0.055967528373003006,0.05504508689045906
215.290220182548,265.6225146942555,307.2224865630769
Experiment 07-17_19:07
Epoch 0050 [Train seq (cond on sampled tp)] | Loss 1953961.592938 | MAPE 0.068643 | RMSE 92.556683 | Likelihood -1953956.971097 | KL fp 4.6218 | FP STD 0.2474 | ->nfe   52.00 | <-nfe   52.00
Epoch 0050 [Val seq (cond on sampled tp)] |  MAPE 0.022620 | RMSE 94.845413 |
Best Val!
Epoch 0050 [Test seq (cond on sampled tp)] | MAPE 0.056477 | RMSE 339.534099|
0.06576263904571533,0.059015773236751556,0.044651564210653305
301.6803720413378,371.60500703031437,345.31691739255984
Experiment 07-17_19:07
Epoch 0051 [Train seq (cond on sampled tp)] | Loss 1943519.633029 | MAPE 0.040421 | RMSE 93.828059 | Likelihood -1943515.761246 | KL fp 3.8718 | FP STD 0.3457 | ->nfe   52.00 | <-nfe   52.00
Epoch 0051 [Val seq (cond on sampled tp)] |  MAPE 0.024064 | RMSE 86.503723 |
Epoch 0051 [Test seq (cond on sampled tp)] | MAPE 0.046107 | RMSE 264.174704|
0.05319886654615402,0.04351721704006195,0.04160351678729057
221.24755471812566,299.2850595586088,271.9914980288906
Experiment 07-17_19:07
Epoch 0052 [Train seq (cond on sampled tp)] | Loss 1920466.214769 | MAPE 0.050156 | RMSE 89.063730 | Likelihood -1920462.376332 | KL fp 3.8384 | FP STD 0.3478 | ->nfe   52.00 | <-nfe   52.00
Epoch 0052 [Val seq (cond on sampled tp)] |  MAPE 0.024335 | RMSE 93.566184 |
Epoch 0052 [Test seq (cond on sampled tp)] | MAPE 0.049673 | RMSE 219.530068|
0.06185336038470268,0.04423968866467476,0.042927149683237076
189.91309690224105,222.56758102877427,246.10952528803105
Experiment 07-17_19:07
Epoch 0053 [Train seq (cond on sampled tp)] | Loss 1953658.979395 | MAPE 0.053428 | RMSE 92.189895 | Likelihood -1953654.061331 | KL fp 4.9181 | FP STD 0.2659 | ->nfe   52.00 | <-nfe   52.00
Epoch 0053 [Val seq (cond on sampled tp)] |  MAPE 0.022856 | RMSE 99.762090 |
Epoch 0053 [Test seq (cond on sampled tp)] | MAPE 0.051987 | RMSE 311.529100|
0.06278128176927567,0.05248315632343292,0.04069553315639496
283.3304166516543,345.20702574686976,306.0498580705438
Experiment 07-17_19:07
Epoch 0054 [Train seq (cond on sampled tp)] | Loss 1927024.691659 | MAPE 0.055813 | RMSE 93.802843 | Likelihood -1927020.627094 | KL fp 4.0646 | FP STD 0.3394 | ->nfe   52.00 | <-nfe   52.00
Epoch 0054 [Val seq (cond on sampled tp)] |  MAPE 0.024808 | RMSE 88.784819 |
Epoch 0054 [Test seq (cond on sampled tp)] | MAPE 0.049673 | RMSE 284.435919|
0.058903731405735016,0.05273473262786865,0.03738101199269295
231.27879888243106,297.504739983248,324.5242190499809
Experiment 07-17_19:07
Epoch 0055 [Train seq (cond on sampled tp)] | Loss 1888974.910825 | MAPE 0.062387 | RMSE 83.209524 | Likelihood -1888971.123559 | KL fp 3.7873 | FP STD 0.4269 | ->nfe   52.00 | <-nfe   52.00
Epoch 0055 [Val seq (cond on sampled tp)] |  MAPE 0.026644 | RMSE 90.828753 |
Epoch 0055 [Test seq (cond on sampled tp)] | MAPE 0.051627 | RMSE 273.754896|
0.060096729546785355,0.051708001643419266,0.043077316135168076
234.9254286603517,295.2050267398914,291.1342312834408
Experiment 07-17_19:07
Epoch 0056 [Train seq (cond on sampled tp)] | Loss 1904040.202972 | MAPE 0.082647 | RMSE 87.805955 | Likelihood -1904036.021058 | KL fp 4.1819 | FP STD 0.3708 | ->nfe   52.00 | <-nfe   52.00
Epoch 0056 [Val seq (cond on sampled tp)] |  MAPE 0.023862 | RMSE 87.391654 |
Epoch 0056 [Test seq (cond on sampled tp)] | MAPE 0.053119 | RMSE 255.113229|
0.061878908425569534,0.051946189254522324,0.04553097113966942
234.7876700340118,288.3487607264855,242.20325755189586
Experiment 07-17_19:07
Epoch 0057 [Train seq (cond on sampled tp)] | Loss 1900757.749511 | MAPE 0.049631 | RMSE 88.520178 | Likelihood -1900753.153282 | KL fp 4.5962 | FP STD 0.2529 | ->nfe   52.00 | <-nfe   52.00
Epoch 0057 [Val seq (cond on sampled tp)] |  MAPE 0.025997 | RMSE 87.212508 |
Epoch 0057 [Test seq (cond on sampled tp)] | MAPE 0.051813 | RMSE 280.729332|
0.05922297388315201,0.051716398447752,0.04449842497706413
222.3526197282146,313.2123880053278,306.62298715197466
Experiment 07-17_19:07
Epoch 0058 [Train seq (cond on sampled tp)] | Loss 1907328.188769 | MAPE 0.065581 | RMSE 90.735945 | Likelihood -1907324.040270 | KL fp 4.1485 | FP STD 0.2912 | ->nfe   52.00 | <-nfe   52.00
Epoch 0058 [Val seq (cond on sampled tp)] |  MAPE 0.026562 | RMSE 87.100458 |
Epoch 0058 [Test seq (cond on sampled tp)] | MAPE 0.049996 | RMSE 264.621694|
0.05919080227613449,0.048293523490428925,0.042504727840423584
217.23382599459504,280.8851522419795,295.74610363029296
Experiment 07-17_19:07
Epoch 0059 [Train seq (cond on sampled tp)] | Loss 1907256.711481 | MAPE 0.066370 | RMSE 86.711070 | Likelihood -1907252.221049 | KL fp 4.4904 | FP STD 0.2422 | ->nfe   52.00 | <-nfe   52.00
Epoch 0059 [Val seq (cond on sampled tp)] |  MAPE 0.023735 | RMSE 83.203860 |
Epoch 0059 [Test seq (cond on sampled tp)] | MAPE 0.043421 | RMSE 246.468540|
0.05150366574525833,0.04506417736411095,0.03369446471333504
220.66819690431151,255.20854676861822,263.528876501229
Experiment 07-17_19:07
Epoch 0060 [Train seq (cond on sampled tp)] | Loss 1903343.550114 | MAPE 0.103882 | RMSE 86.622776 | Likelihood -1903338.711313 | KL fp 4.8388 | FP STD 0.2394 | ->nfe   52.00 | <-nfe   52.00
Epoch 0060 [Val seq (cond on sampled tp)] |  MAPE 0.022610 | RMSE 95.024771 |
Best Val!
Epoch 0060 [Test seq (cond on sampled tp)] | MAPE 0.051687 | RMSE 314.503996|
0.058417294174432755,0.05515608191490173,0.04148726537823677
278.9134750464739,331.7086682994582,332.8898442991315
Experiment 07-17_19:07
Epoch 0061 [Train seq (cond on sampled tp)] | Loss 1923117.579242 | MAPE 0.063551 | RMSE 93.817454 | Likelihood -1923113.222447 | KL fp 4.3568 | FP STD 0.2447 | ->nfe   52.00 | <-nfe   52.00
Epoch 0061 [Val seq (cond on sampled tp)] |  MAPE 0.026794 | RMSE 96.284567 |
Epoch 0061 [Test seq (cond on sampled tp)] | MAPE 0.053532 | RMSE 276.111640|
0.06207543611526489,0.05668805167078972,0.04183134809136391
236.3906905818205,294.83509691859956,297.10913136001057
Experiment 07-17_19:07
Epoch 0062 [Train seq (cond on sampled tp)] | Loss 1877464.148482 | MAPE 0.072074 | RMSE 81.671646 | Likelihood -1877460.096396 | KL fp 4.0521 | FP STD 0.2871 | ->nfe   52.00 | <-nfe   52.00
Epoch 0062 [Val seq (cond on sampled tp)] |  MAPE 0.027770 | RMSE 94.392543 |
Epoch 0062 [Test seq (cond on sampled tp)] | MAPE 0.045325 | RMSE 290.381332|
0.0521463006734848,0.04569905996322632,0.03813094645738602
247.25984244818244,290.55473612987277,333.329416643656
Experiment 07-17_19:07
Epoch 0063 [Train seq (cond on sampled tp)] | Loss 1893298.037661 | MAPE 0.092632 | RMSE 85.499146 | Likelihood -1893293.731600 | KL fp 4.3061 | FP STD 0.2852 | ->nfe   52.00 | <-nfe   52.00
Epoch 0063 [Val seq (cond on sampled tp)] |  MAPE 0.024641 | RMSE 97.590193 |
Epoch 0063 [Test seq (cond on sampled tp)] | MAPE 0.052296 | RMSE 320.794265|
0.056470420211553574,0.056027498096227646,0.04439084976911545
279.9382465384107,341.015727734807,341.42882219431914
Experiment 07-17_19:07
Epoch 0064 [Train seq (cond on sampled tp)] | Loss 1884051.471173 | MAPE 0.052833 | RMSE 85.686907 | Likelihood -1884047.663676 | KL fp 3.8075 | FP STD 0.3385 | ->nfe   52.00 | <-nfe   52.00
Epoch 0064 [Val seq (cond on sampled tp)] |  MAPE 0.031160 | RMSE 99.317220 |
Epoch 0064 [Test seq (cond on sampled tp)] | MAPE 0.059452 | RMSE 309.734720|
0.06819360703229904,0.06102537363767624,0.049137599766254425
312.6037077915104,327.6391522124607,288.96129985259273
Experiment 07-17_19:07
Epoch 0065 [Train seq (cond on sampled tp)] | Loss 1895428.770452 | MAPE 0.050467 | RMSE 85.482049 | Likelihood -1895424.788306 | KL fp 3.9821 | FP STD 0.3631 | ->nfe   52.00 | <-nfe   52.00
Epoch 0065 [Val seq (cond on sampled tp)] |  MAPE 0.036096 | RMSE 85.934437 |
Epoch 0065 [Test seq (cond on sampled tp)] | MAPE 0.056981 | RMSE 270.961902|
0.059598036110401154,0.054849714040756226,0.05649527534842491
228.14801253791364,294.3649414417417,290.37275343513204
Experiment 07-17_19:07
Epoch 0066 [Train seq (cond on sampled tp)] | Loss 1890338.833831 | MAPE 0.046521 | RMSE 85.324456 | Likelihood -1890334.596552 | KL fp 4.2373 | FP STD 0.3132 | ->nfe   52.00 | <-nfe   52.00
Epoch 0066 [Val seq (cond on sampled tp)] |  MAPE 0.028837 | RMSE 112.584434 |
Epoch 0066 [Test seq (cond on sampled tp)] | MAPE 0.064701 | RMSE 352.624055|
0.08089933544397354,0.06623947620391846,0.046964749693870544
335.3529041360757,363.5720140151054,358.947245427514
Experiment 07-17_19:07
Epoch 0067 [Train seq (cond on sampled tp)] | Loss 1897234.272771 | MAPE 0.041578 | RMSE 85.831667 | Likelihood -1897229.948650 | KL fp 4.3241 | FP STD 0.2449 | ->nfe   52.00 | <-nfe   52.00
Epoch 0067 [Val seq (cond on sampled tp)] |  MAPE 0.023985 | RMSE 112.743170 |
Epoch 0067 [Test seq (cond on sampled tp)] | MAPE 0.059308 | RMSE 375.220625|
0.06783339381217957,0.06566488742828369,0.04442521929740906
345.71497472629096,401.5224736860939,378.4244269005372
Experiment 07-17_19:07
Epoch 0068 [Train seq (cond on sampled tp)] | Loss 1982844.667924 | MAPE 0.057216 | RMSE 98.653174 | Likelihood -1982840.731592 | KL fp 3.9363 | FP STD 0.2520 | ->nfe   52.00 | <-nfe   52.00
Epoch 0068 [Val seq (cond on sampled tp)] |  MAPE 0.023500 | RMSE 92.086449 |
Epoch 0068 [Test seq (cond on sampled tp)] | MAPE 0.053980 | RMSE 285.282994|
0.05535762012004852,0.05962469428777695,0.04695894196629524
240.33481690914033,292.4843078055642,323.02985784985884
Experiment 07-17_19:07
Epoch 0069 [Train seq (cond on sampled tp)] | Loss 2018241.969915 | MAPE 0.065826 | RMSE 104.456128 | Likelihood -2018236.966329 | KL fp 5.0036 | FP STD 0.2543 | ->nfe   52.00 | <-nfe   52.00
Epoch 0069 [Val seq (cond on sampled tp)] |  MAPE 0.028181 | RMSE 101.387156 |
Epoch 0069 [Test seq (cond on sampled tp)] | MAPE 0.060336 | RMSE 302.549436|
0.06533511728048325,0.06142808869481087,0.05424559861421585
227.92871692702525,301.1710477452971,378.54854378269636
Experiment 07-17_19:07
Epoch 0070 [Train seq (cond on sampled tp)] | Loss 1894479.470713 | MAPE 0.041307 | RMSE 86.644002 | Likelihood -1894474.983844 | KL fp 4.4869 | FP STD 0.2251 | ->nfe   52.00 | <-nfe   52.00
Epoch 0070 [Val seq (cond on sampled tp)] |  MAPE 0.020936 | RMSE 89.783080 |
Best Val!
Epoch 0070 [Test seq (cond on sampled tp)] | MAPE 0.053198 | RMSE 280.052490|
0.05845624953508377,0.05877937003970146,0.042359523475170135
257.5973723662569,293.6745913847502,288.8855066241642
Experiment 07-17_19:07
Epoch 0071 [Train seq (cond on sampled tp)] | Loss 1936883.643145 | MAPE 0.067100 | RMSE 91.145227 | Likelihood -1936878.699826 | KL fp 4.9433 | FP STD 0.2531 | ->nfe   52.00 | <-nfe   52.00
Epoch 0071 [Val seq (cond on sampled tp)] |  MAPE 0.021992 | RMSE 104.308755 |
Epoch 0071 [Test seq (cond on sampled tp)] | MAPE 0.056084 | RMSE 327.771352|
0.0644410103559494,0.056463345885276794,0.04734669625759125
319.2041372695536,332.92106797257514,331.18885048790514
Experiment 07-17_19:07
Epoch 0072 [Train seq (cond on sampled tp)] | Loss 1902096.480713 | MAPE 0.044095 | RMSE 86.891380 | Likelihood -1902091.687855 | KL fp 4.7929 | FP STD 0.2708 | ->nfe   52.00 | <-nfe   52.00
Epoch 0072 [Val seq (cond on sampled tp)] |  MAPE 0.025334 | RMSE 93.143769 |
Epoch 0072 [Test seq (cond on sampled tp)] | MAPE 0.057287 | RMSE 297.069007|
0.0681481808423996,0.06030449643731117,0.043408267199993134
282.16088606502495,307.13214786147023,301.91398557784635
Experiment 07-17_19:07
Epoch 0073 [Train seq (cond on sampled tp)] | Loss 1895137.988156 | MAPE 0.039759 | RMSE 86.743384 | Likelihood -1895133.428653 | KL fp 4.5595 | FP STD 0.2835 | ->nfe   52.00 | <-nfe   52.00
Epoch 0073 [Val seq (cond on sampled tp)] |  MAPE 0.022808 | RMSE 98.428353 |
Epoch 0073 [Test seq (cond on sampled tp)] | MAPE 0.056386 | RMSE 275.598265|
0.06781688332557678,0.057773198932409286,0.043568093329668045
255.53883786276012,284.46630402386853,286.7896523368652
Experiment 07-17_19:07
Epoch 0074 [Train seq (cond on sampled tp)] | Loss 1878904.899663 | MAPE 0.050252 | RMSE 83.764934 | Likelihood -1878900.546947 | KL fp 4.3527 | FP STD 0.2940 | ->nfe   52.00 | <-nfe   52.00
Epoch 0074 [Val seq (cond on sampled tp)] |  MAPE 0.023306 | RMSE 105.445187 |
Epoch 0074 [Test seq (cond on sampled tp)] | MAPE 0.055091 | RMSE 304.660566|
0.06556659191846848,0.056845419108867645,0.0428595170378685
266.01585948961764,319.4520088174435,328.5138291419404
Experiment 07-17_19:07
Epoch 0075 [Train seq (cond on sampled tp)] | Loss 1910842.761601 | MAPE 0.082015 | RMSE 89.607689 | Likelihood -1910838.382409 | KL fp 4.3792 | FP STD 0.2965 | ->nfe   52.00 | <-nfe   52.00
Epoch 0075 [Val seq (cond on sampled tp)] |  MAPE 0.026798 | RMSE 94.533616 |
Epoch 0075 [Test seq (cond on sampled tp)] | MAPE 0.052772 | RMSE 265.115221|
0.06320485472679138,0.05777924507856369,0.0373326912522316
238.62652238906722,287.7720044801092,268.94713699907646
Experiment 07-17_19:07
Epoch 0076 [Train seq (cond on sampled tp)] | Loss 1879334.169152 | MAPE 0.078892 | RMSE 84.235339 | Likelihood -1879329.788780 | KL fp 4.3804 | FP STD 0.2805 | ->nfe   52.00 | <-nfe   52.00
Epoch 0076 [Val seq (cond on sampled tp)] |  MAPE 0.026713 | RMSE 96.969646 |
Epoch 0076 [Test seq (cond on sampled tp)] | MAPE 0.058157 | RMSE 295.284497|
0.07157731801271439,0.0627889484167099,0.04010457918047905
300.1307657713551,308.0632417824301,277.6594840132424
Experiment 07-17_19:07
Epoch 0077 [Train seq (cond on sampled tp)] | Loss 1864835.694359 | MAPE 0.046625 | RMSE 79.113440 | Likelihood -1864831.525879 | KL fp 4.1685 | FP STD 0.3024 | ->nfe   52.00 | <-nfe   52.00
Epoch 0077 [Val seq (cond on sampled tp)] |  MAPE 0.028365 | RMSE 89.320889 |
Epoch 0077 [Test seq (cond on sampled tp)] | MAPE 0.053165 | RMSE 263.282345|
0.06027809903025627,0.05411462113261223,0.04510120302438736
244.90949380587514,227.51476600431894,317.4227760416697
Experiment 07-17_19:07
Epoch 0078 [Train seq (cond on sampled tp)] | Loss 2122149.127237 | MAPE 0.067546 | RMSE 118.679184 | Likelihood -2122144.713613 | KL fp 4.4136 | FP STD 0.3016 | ->nfe   52.00 | <-nfe   52.00
Epoch 0078 [Val seq (cond on sampled tp)] |  MAPE 0.027447 | RMSE 158.285418 |
Epoch 0078 [Test seq (cond on sampled tp)] | MAPE 0.068797 | RMSE 774.626043|
0.0741935446858406,0.06910058110952377,0.06309782713651657
701.3132992821396,812.7077426726042,809.8570861577986
Experiment 07-17_19:07
Epoch 0079 [Train seq (cond on sampled tp)] | Loss 3393088.741362 | MAPE 0.050851 | RMSE 228.790244 | Likelihood -3393085.573514 | KL fp 3.1678 | FP STD 0.2931 | ->nfe   52.00 | <-nfe   52.00
Epoch 0079 [Val seq (cond on sampled tp)] |  MAPE 0.032750 | RMSE 235.577275 |
Epoch 0079 [Test seq (cond on sampled tp)] | MAPE 0.080360 | RMSE 799.980321|
0.08797427266836166,0.08127257972955704,0.07183293998241425
736.1199375781097,831.6145817023653,832.2064422365403
Experiment 07-17_19:07
Epoch 0080 [Train seq (cond on sampled tp)] | Loss 3097076.787157 | MAPE 0.042125 | RMSE 210.906844 | Likelihood -3097073.650049 | KL fp 3.1371 | FP STD 0.4081 | ->nfe   52.00 | <-nfe   52.00
Epoch 0080 [Val seq (cond on sampled tp)] |  MAPE 0.037357 | RMSE 153.039830 |
Epoch 0080 [Test seq (cond on sampled tp)] | MAPE 0.066867 | RMSE 552.609020|
0.06101354956626892,0.06971585750579834,0.06987018883228302
481.2630842377171,578.6469940732433,597.9169831590335
Experiment 07-17_19:07
Epoch 0081 [Train seq (cond on sampled tp)] | Loss 2586518.163760 | MAPE 0.061865 | RMSE 167.646809 | Likelihood -2586513.468391 | KL fp 4.6954 | FP STD 0.3512 | ->nfe   52.00 | <-nfe   52.00
Epoch 0081 [Val seq (cond on sampled tp)] |  MAPE 0.036603 | RMSE 178.916225 |
Epoch 0081 [Test seq (cond on sampled tp)] | MAPE 0.080243 | RMSE 461.986436|
0.08168543875217438,0.0870484784245491,0.07199430465698242
395.13184113027387,481.9328921125845,508.8945740524259
Experiment 07-17_19:07
Epoch 0082 [Train seq (cond on sampled tp)] | Loss 2574193.082147 | MAPE 0.070778 | RMSE 161.401674 | Likelihood -2574187.777307 | KL fp 5.3048 | FP STD 0.4367 | ->nfe   52.00 | <-nfe   52.00
Epoch 0082 [Val seq (cond on sampled tp)] |  MAPE 0.041506 | RMSE 195.618800 |
Epoch 0082 [Test seq (cond on sampled tp)] | MAPE 0.083933 | RMSE 487.548140|
0.07770939916372299,0.09224270284175873,0.08184580504894257
402.73143579189343,524.5446835113287,535.3683019660391
Experiment 07-17_19:07
Epoch 0083 [Train seq (cond on sampled tp)] | Loss 2529308.130183 | MAPE 0.072381 | RMSE 158.825838 | Likelihood -2529302.297675 | KL fp 5.8325 | FP STD 0.3600 | ->nfe   52.00 | <-nfe   52.00
Epoch 0083 [Val seq (cond on sampled tp)] |  MAPE 0.034423 | RMSE 137.233086 |
Epoch 0083 [Test seq (cond on sampled tp)] | MAPE 0.066028 | RMSE 495.359390|
0.06770525127649307,0.06916669756174088,0.061211585998535156
423.92841008241004,530.6746884862703,531.4750699703609
Experiment 07-17_19:07
Epoch 0084 [Train seq (cond on sampled tp)] | Loss 2368861.396566 | MAPE 0.124882 | RMSE 147.577049 | Likelihood -2368855.506524 | KL fp 5.8900 | FP STD 0.3253 | ->nfe   52.00 | <-nfe   52.00
Epoch 0084 [Val seq (cond on sampled tp)] |  MAPE 0.035815 | RMSE 115.570346 |
Epoch 0084 [Test seq (cond on sampled tp)] | MAPE 0.073804 | RMSE 506.469542|
0.07424043864011765,0.07461497187614441,0.0725569799542427
414.70183189250565,538.3252966376372,566.3814968729116
Experiment 07-17_19:07
Epoch 0085 [Train seq (cond on sampled tp)] | Loss 2355644.776921 | MAPE 0.129292 | RMSE 147.493603 | Likelihood -2355638.636698 | KL fp 6.1402 | FP STD 0.4081 | ->nfe   52.00 | <-nfe   52.00
Epoch 0085 [Val seq (cond on sampled tp)] |  MAPE 0.047080 | RMSE 147.307627 |
Epoch 0085 [Test seq (cond on sampled tp)] | MAPE 0.079160 | RMSE 549.039384|
0.07511936128139496,0.07709060609340668,0.0852704793214798
476.5108537588625,580.9075873148844,589.6997117177522
Experiment 07-17_19:07
Epoch 0086 [Train seq (cond on sampled tp)] | Loss 2402894.534333 | MAPE 0.092929 | RMSE 153.043654 | Likelihood -2402888.798554 | KL fp 5.7358 | FP STD 0.3716 | ->nfe   52.00 | <-nfe   52.00
Epoch 0086 [Val seq (cond on sampled tp)] |  MAPE 0.032547 | RMSE 156.119458 |
Epoch 0086 [Test seq (cond on sampled tp)] | MAPE 0.154957 | RMSE 541.744129|
0.17057469487190247,0.1519017219543457,0.1423933058977127
494.882893344476,544.1794568430528,586.1700371905749
Experiment 07-17_19:07
Epoch 0087 [Train seq (cond on sampled tp)] | Loss 2361809.481047 | MAPE 0.089658 | RMSE 146.462541 | Likelihood -2361803.397398 | KL fp 6.0836 | FP STD 0.3596 | ->nfe   52.00 | <-nfe   52.00
Epoch 0087 [Val seq (cond on sampled tp)] |  MAPE 0.051923 | RMSE 181.470685 |
Epoch 0087 [Test seq (cond on sampled tp)] | MAPE 0.087842 | RMSE 554.090226|
0.09543153643608093,0.09346151351928711,0.07463342696428299
496.45422435004014,597.003847349412,568.8126064443368
Experiment 07-17_19:07
Epoch 0088 [Train seq (cond on sampled tp)] | Loss 2407902.782691 | MAPE 0.077725 | RMSE 152.409316 | Likelihood -2407897.007742 | KL fp 5.7749 | FP STD 0.3383 | ->nfe   52.00 | <-nfe   52.00
Epoch 0088 [Val seq (cond on sampled tp)] |  MAPE 0.059445 | RMSE 190.948138 |
Epoch 0088 [Test seq (cond on sampled tp)] | MAPE 0.079098 | RMSE 549.852244|
0.0764981284737587,0.08340753614902496,0.07738877087831497
487.3826942198502,580.3466097945261,581.8274282379613
Experiment 07-17_19:07
Epoch 0089 [Train seq (cond on sampled tp)] | Loss 2538261.007997 | MAPE 0.068898 | RMSE 164.340828 | Likelihood -2538255.393281 | KL fp 5.6147 | FP STD 0.3614 | ->nfe   52.00 | <-nfe   52.00
Epoch 0089 [Val seq (cond on sampled tp)] |  MAPE 0.036655 | RMSE 151.642794 |
Epoch 0089 [Test seq (cond on sampled tp)] | MAPE 0.065875 | RMSE 532.573035|
0.07073215395212173,0.06546705216169357,0.061426423490047455
463.06651115147594,565.8747100728217,568.7778839318561
Experiment 07-17_19:07
Epoch 0090 [Train seq (cond on sampled tp)] | Loss 2408800.952102 | MAPE 0.069888 | RMSE 153.969965 | Likelihood -2408795.671636 | KL fp 5.2805 | FP STD 0.4201 | ->nfe   52.00 | <-nfe   52.00
Epoch 0090 [Val seq (cond on sampled tp)] |  MAPE 0.034928 | RMSE 140.530746 |
Epoch 0090 [Test seq (cond on sampled tp)] | MAPE 0.051760 | RMSE 500.439308|
0.057482361793518066,0.048186998814344406,0.04961089417338371
433.985364816603,527.6036628000227,539.7288960672756
Experiment 07-17_19:07
Epoch 0091 [Train seq (cond on sampled tp)] | Loss 2358132.853243 | MAPE 0.084609 | RMSE 147.158212 | Likelihood -2358127.380400 | KL fp 5.4728 | FP STD 0.3720 | ->nfe   52.00 | <-nfe   52.00
Epoch 0091 [Val seq (cond on sampled tp)] |  MAPE 0.039380 | RMSE 162.535970 |
Epoch 0091 [Test seq (cond on sampled tp)] | MAPE 0.058739 | RMSE 480.433028|
0.06843844056129456,0.05661371722817421,0.051165346056222916
427.03492611846167,495.7450831828794,518.5190751071748
Experiment 07-17_19:07
Epoch 0092 [Train seq (cond on sampled tp)] | Loss 2307995.652276 | MAPE 0.071214 | RMSE 141.117495 | Likelihood -2307990.137295 | KL fp 5.5150 | FP STD 0.3254 | ->nfe   52.00 | <-nfe   52.00
Epoch 0092 [Val seq (cond on sampled tp)] |  MAPE 0.053691 | RMSE 204.980611 |
Epoch 0092 [Test seq (cond on sampled tp)] | MAPE 0.067285 | RMSE 489.438724|
0.07399479299783707,0.06541778147220612,0.0624421164393425
426.7801505166331,512.5005792679653,529.0354430470609
Experiment 07-17_19:07
Epoch 0093 [Train seq (cond on sampled tp)] | Loss 2324270.328032 | MAPE 0.058968 | RMSE 141.795760 | Likelihood -2324264.601276 | KL fp 5.7268 | FP STD 0.2663 | ->nfe   52.00 | <-nfe   52.00
Epoch 0093 [Val seq (cond on sampled tp)] |  MAPE 0.052238 | RMSE 194.728567 |
Epoch 0093 [Test seq (cond on sampled tp)] | MAPE 0.063630 | RMSE 453.276517|
0.06795588880777359,0.06921122223138809,0.053721845149993896
406.49137060336227,480.77221412535897,472.5659676172206
Experiment 07-17_19:07
Epoch 0094 [Train seq (cond on sampled tp)] | Loss 2169548.315451 | MAPE 0.054746 | RMSE 125.812701 | Likelihood -2169542.530388 | KL fp 5.7851 | FP STD 0.2671 | ->nfe   52.00 | <-nfe   52.00
Epoch 0094 [Val seq (cond on sampled tp)] |  MAPE 0.035665 | RMSE 128.314334 |
Epoch 0094 [Test seq (cond on sampled tp)] | MAPE 0.061991 | RMSE 447.950712|
0.06932786852121353,0.06411981582641602,0.05252441391348839
391.61143449215064,470.3279274878327,481.91277413552757
Experiment 07-17_19:07
Epoch 0095 [Train seq (cond on sampled tp)] | Loss 2179596.983456 | MAPE 0.074413 | RMSE 127.146985 | Likelihood -2179591.504730 | KL fp 5.4787 | FP STD 0.3737 | ->nfe   52.00 | <-nfe   52.00
Epoch 0095 [Val seq (cond on sampled tp)] |  MAPE 0.034250 | RMSE 119.737469 |
Epoch 0095 [Test seq (cond on sampled tp)] | MAPE 0.060197 | RMSE 455.688803|
0.05998479574918747,0.07442114502191544,0.046185173094272614
399.3432890383911,481.45419369343955,486.2689263668819
Experiment 07-17_19:07
Epoch 0096 [Train seq (cond on sampled tp)] | Loss 2228680.210378 | MAPE 0.072837 | RMSE 133.875990 | Likelihood -2228674.704788 | KL fp 5.5056 | FP STD 0.4293 | ->nfe   52.00 | <-nfe   52.00
Epoch 0096 [Val seq (cond on sampled tp)] |  MAPE 0.046294 | RMSE 164.280825 |
Epoch 0096 [Test seq (cond on sampled tp)] | MAPE 0.072806 | RMSE 457.996262|
0.08587504923343658,0.06855081766843796,0.06399119645357132
414.81183610765015,485.42508755213714,473.7518634527995
Experiment 07-17_19:07
Epoch 0097 [Train seq (cond on sampled tp)] | Loss 2206481.082750 | MAPE 0.062441 | RMSE 131.285029 | Likelihood -2206475.396180 | KL fp 5.6866 | FP STD 0.3814 | ->nfe   52.00 | <-nfe   52.00
Epoch 0097 [Val seq (cond on sampled tp)] |  MAPE 0.068136 | RMSE 218.804850 |
Epoch 0097 [Test seq (cond on sampled tp)] | MAPE 0.072972 | RMSE 451.337559|
0.08204164355993271,0.06871718913316727,0.06815612316131592
387.80522253445736,473.3249742513065,492.8824815562022
Experiment 07-17_19:07
Epoch 0098 [Train seq (cond on sampled tp)] | Loss 2510797.284205 | MAPE 0.087829 | RMSE 157.539171 | Likelihood -2510790.706226 | KL fp 6.5780 | FP STD 0.2657 | ->nfe   52.00 | <-nfe   52.00
Epoch 0098 [Val seq (cond on sampled tp)] |  MAPE 0.062117 | RMSE 213.190248 |
Epoch 0098 [Test seq (cond on sampled tp)] | MAPE 0.077952 | RMSE 515.782737|
0.08524789661169052,0.07951836287975311,0.069090835750103
456.0941685935044,538.6216494442086,552.6323936397504
Experiment 07-17_19:07
Epoch 0099 [Train seq (cond on sampled tp)] | Loss 2530754.041416 | MAPE 0.092864 | RMSE 161.557994 | Likelihood -2530747.520060 | KL fp 6.5214 | FP STD 0.2936 | ->nfe   52.00 | <-nfe   52.00
Epoch 0099 [Val seq (cond on sampled tp)] |  MAPE 0.061731 | RMSE 171.531987 |
Epoch 0099 [Test seq (cond on sampled tp)] | MAPE 0.068188 | RMSE 529.133204|
0.06746438145637512,0.0647675096988678,0.07233358919620514
462.680691054857,555.8949428624081,568.8239787051879
Experiment 07-17_19:07
Epoch 0100 [Train seq (cond on sampled tp)] | Loss 2431112.342077 | MAPE 0.094598 | RMSE 155.273213 | Likelihood -2431105.778830 | KL fp 6.5632 | FP STD 0.3032 | ->nfe   52.00 | <-nfe   52.00
Epoch 0100 [Val seq (cond on sampled tp)] |  MAPE 0.025510 | RMSE 129.735503 |
Epoch 0100 [Test seq (cond on sampled tp)] | MAPE 0.064014 | RMSE 550.464503|
0.07034636288881302,0.0687890350818634,0.052906472235918045
479.14844711738345,587.1553776471778,585.0896832965011
