/nvme/yuanjingyang/CG-ODE/run_models_covid.py
run_models_covid.py --heavyBall --gamma_guess 0.0 --corr 1
Namespace(save='experiments/', load=None, dataset='Dec', datapath='data/', pred_length=14, condition_length=21, features='Confirmed,Deaths,Recovered,Mortality_Rate,Testing_Rate,Population,Mobility', split_interval=3, feature_out='Deaths', niters=100, lr=0.005, batch_size=8, random_seed=1991, dropout=0.2, l2=1e-05, optimizer='AdamW', clip=10, edge_lamda=0.5, z0_encoder='GTrans', rec_dims=64, ode_dims=20, rec_layers=1, gen_layers=1, CVPR=False, graf_layer=1, heavyBall=True, actv_h=None, gamma_guess=0.0, gamma_act='sigmoid', corr=1, corrf=True, sign=1, augment_dim=0, solver='rk4', alias='run', output_dim=1, feature_out_index=[1], num_atoms=50)
run
Experiment 07-07_02:14
Epoch 0001 [Train seq (cond on sampled tp)] | Loss 4398067.407677 | MAPE 0.063342 | RMSE 286.472401 | Likelihood -4398065.872863 | KL fp 1.5348 | FP STD 0.4172|
Epoch 0001 [Val seq (cond on sampled tp)] |  MAPE 0.058037 | RMSE 305.864106 |
Best Val!
Epoch 0001 [Test seq (cond on sampled tp)] | MAPE 0.121849 | RMSE 906.376280|
0.1350211352109909,0.12614473700523376,0.10438235849142075
851.5552683179172,937.3732580994616,930.2003144484526
0.1350211352109909,0.12614473700523376,0.10438235849142075
851.5552683179172,937.3732580994616,930.2003144484526
Epoch 0001 [Test seq (cond on sampled tp)] | Best Test MAPE 0.121849|Best Test RMSE 906.376280|
Experiment 07-07_02:14
Epoch 0002 [Train seq (cond on sampled tp)] | Loss 4202140.493738 | MAPE 0.094881 | RMSE 276.244045 | Likelihood -4202137.435834 | KL fp 3.0579 | FP STD 0.6319|
Epoch 0002 [Val seq (cond on sampled tp)] |  MAPE 0.066478 | RMSE 281.221401 |
Epoch 0002 [Test seq (cond on sampled tp)] | MAPE 0.109694 | RMSE 866.917131|
0.11894815415143967,0.11216723918914795,0.09796719253063202
809.3147178323152,896.735921272255,894.7007530453967
0.11894815415143967,0.11216723918914795,0.09796719253063202
809.3147178323152,896.735921272255,894.7007530453967
Epoch 0002 [Test seq (cond on sampled tp)] | Best Test MAPE 0.109694|Best Test RMSE 866.917131|
Experiment 07-07_02:14
Epoch 0003 [Train seq (cond on sampled tp)] | Loss 3846803.758367 | MAPE 0.234934 | RMSE 256.709914 | Likelihood -3846797.797942 | KL fp 5.9604 | FP STD 0.8064|
Epoch 0003 [Val seq (cond on sampled tp)] |  MAPE 0.102414 | RMSE 239.853813 |
Epoch 0003 [Test seq (cond on sampled tp)] | MAPE 0.134454 | RMSE 788.571753|
0.14273802936077118,0.13729579746723175,0.12332742661237717
727.3712944569644,819.052730292745,819.2912333230473
Experiment 07-07_02:14
Epoch 0004 [Train seq (cond on sampled tp)] | Loss 3555096.843261 | MAPE 0.481891 | RMSE 239.603605 | Likelihood -3555088.776029 | KL fp 8.0672 | FP STD 0.7597|
Epoch 0004 [Val seq (cond on sampled tp)] |  MAPE 0.119333 | RMSE 207.080280 |
Epoch 0004 [Test seq (cond on sampled tp)] | MAPE 0.133319 | RMSE 715.514800|
0.14214029908180237,0.13086001574993134,0.12695741653442383
650.201891722871,745.388782783857,750.9537269366202
Experiment 07-07_02:14
Epoch 0005 [Train seq (cond on sampled tp)] | Loss 3163768.896863 | MAPE 0.363721 | RMSE 213.689349 | Likelihood -3163763.622044 | KL fp 5.2748 | FP STD 0.5089|
Epoch 0005 [Val seq (cond on sampled tp)] |  MAPE 0.038344 | RMSE 175.394706 |
Best Val!
Epoch 0005 [Test seq (cond on sampled tp)] | MAPE 0.059970 | RMSE 654.841782|
0.062417011708021164,0.06079881638288498,0.05669502541422844
588.4091635503308,690.7566729681299,685.3595087616426
0.062417011708021164,0.06079881638288498,0.05669502541422844
588.4091635503308,690.7566729681299,685.3595087616426
Epoch 0005 [Test seq (cond on sampled tp)] | Best Test MAPE 0.059970|Best Test RMSE 654.841782|
Experiment 07-07_02:14
Epoch 0006 [Train seq (cond on sampled tp)] | Loss 2849638.171998 | MAPE 0.055776 | RMSE 190.908582 | Likelihood -2849633.970405 | KL fp 4.2016 | FP STD 0.5182|
Epoch 0006 [Val seq (cond on sampled tp)] |  MAPE 0.034390 | RMSE 149.337194 |
Best Val!
Epoch 0006 [Test seq (cond on sampled tp)] | MAPE 0.069112 | RMSE 574.341480|
0.07437935471534729,0.07404719293117523,0.05890994891524315
500.44377181657484,613.8556680930787,608.7249994866319
Experiment 07-07_02:14
Epoch 0007 [Train seq (cond on sampled tp)] | Loss 2514629.784594 | MAPE 0.040466 | RMSE 162.382830 | Likelihood -2514626.171135 | KL fp 3.6135 | FP STD 0.4586|
Epoch 0007 [Val seq (cond on sampled tp)] |  MAPE 0.033352 | RMSE 118.574739 |
Best Val!
Epoch 0007 [Test seq (cond on sampled tp)] | MAPE 0.045331 | RMSE 479.312396|
0.050572872161865234,0.045976970344781876,0.03944235295057297
406.3391440656438,514.224598303115,517.3734446702884
0.050572872161865234,0.045976970344781876,0.03944235295057297
406.3391440656438,514.224598303115,517.3734446702884
Epoch 0007 [Test seq (cond on sampled tp)] | Best Test MAPE 0.045331|Best Test RMSE 479.312396|
Experiment 07-07_02:14
Epoch 0008 [Train seq (cond on sampled tp)] | Loss 2275134.839222 | MAPE 0.064063 | RMSE 138.597003 | Likelihood -2275131.063178 | KL fp 3.7760 | FP STD 0.3857|
Epoch 0008 [Val seq (cond on sampled tp)] |  MAPE 0.025409 | RMSE 99.001282 |
Best Val!
Epoch 0008 [Test seq (cond on sampled tp)] | MAPE 0.054012 | RMSE 404.134176|
0.06294868141412735,0.053210657089948654,0.04587768390774727
341.27998952473024,428.9346359003898,442.1879019432802
Experiment 07-07_02:14
Epoch 0009 [Train seq (cond on sampled tp)] | Loss 2126418.217796 | MAPE 0.037650 | RMSE 121.522659 | Likelihood -2126414.621693 | KL fp 3.5961 | FP STD 0.3210|
Epoch 0009 [Val seq (cond on sampled tp)] |  MAPE 0.031816 | RMSE 92.071935 |
Epoch 0009 [Test seq (cond on sampled tp)] | MAPE 0.052060 | RMSE 371.900425|
0.05713265761733055,0.05348578467965126,0.04556112363934517
319.77743725128573,396.0747640913266,399.84907308883436
Experiment 07-07_02:14
Epoch 0010 [Train seq (cond on sampled tp)] | Loss 2054871.673305 | MAPE 0.036434 | RMSE 111.993289 | Likelihood -2054868.278641 | KL fp 3.3947 | FP STD 0.2722|
Epoch 0010 [Val seq (cond on sampled tp)] |  MAPE 0.027727 | RMSE 91.483877 |
Epoch 0010 [Test seq (cond on sampled tp)] | MAPE 0.045794 | RMSE 356.360979|
0.051667220890522,0.04913029447197914,0.0365833044052124
300.57351430224185,384.5923369296377,383.9170849610629
Experiment 07-07_02:14
Epoch 0011 [Train seq (cond on sampled tp)] | Loss 2049016.837532 | MAPE 0.032709 | RMSE 111.190516 | Likelihood -2049013.684520 | KL fp 3.1530 | FP STD 0.2416|
Epoch 0011 [Val seq (cond on sampled tp)] |  MAPE 0.030432 | RMSE 90.165251 |
Epoch 0011 [Test seq (cond on sampled tp)] | MAPE 0.052991 | RMSE 320.963722|
0.05616328492760658,0.05646573007106781,0.046344857662916183
254.03616868469734,340.9322811241259,367.92271606955717
Experiment 07-07_02:14
Epoch 0012 [Train seq (cond on sampled tp)] | Loss 1983293.996755 | MAPE 0.046625 | RMSE 101.831671 | Likelihood -1983290.808103 | KL fp 3.1887 | FP STD 0.2129|
Epoch 0012 [Val seq (cond on sampled tp)] |  MAPE 0.031853 | RMSE 85.262889 |
Epoch 0012 [Test seq (cond on sampled tp)] | MAPE 0.055225 | RMSE 318.252537|
0.06016784533858299,0.05679469555616379,0.04871360585093498
258.58571173307314,341.7880259568787,354.3838733456984
Experiment 07-07_02:14
Epoch 0013 [Train seq (cond on sampled tp)] | Loss 1990478.676322 | MAPE 0.032292 | RMSE 102.446943 | Likelihood -1990475.262526 | KL fp 3.4138 | FP STD 0.1749|
Epoch 0013 [Val seq (cond on sampled tp)] |  MAPE 0.033664 | RMSE 84.933010 |
Epoch 0013 [Test seq (cond on sampled tp)] | MAPE 0.056638 | RMSE 317.049112|
0.06502846628427505,0.058782003819942474,0.046103134751319885
254.37666614933454,357.02223320123915,339.7484363466593
Experiment 07-07_02:14
Epoch 0014 [Train seq (cond on sampled tp)] | Loss 1988860.989349 | MAPE 0.037062 | RMSE 102.852825 | Likelihood -1988857.633683 | KL fp 3.3557 | FP STD 0.1710|
Epoch 0014 [Val seq (cond on sampled tp)] |  MAPE 0.027204 | RMSE 85.328953 |
Epoch 0014 [Test seq (cond on sampled tp)] | MAPE 0.055082 | RMSE 296.583603|
0.05833253636956215,0.05647861957550049,0.050434987992048264
239.9875566435685,324.6258423169665,325.13741085501067
Experiment 07-07_02:14
Epoch 0015 [Train seq (cond on sampled tp)] | Loss 1982645.525916 | MAPE 0.030170 | RMSE 102.004910 | Likelihood -1982642.470459 | KL fp 3.0555 | FP STD 0.1911|
Epoch 0015 [Val seq (cond on sampled tp)] |  MAPE 0.032604 | RMSE 74.028767 |
Epoch 0015 [Test seq (cond on sampled tp)] | MAPE 0.056079 | RMSE 282.206924|
0.06004936993122101,0.05844597518444061,0.04974102973937988
207.39212180673596,313.7254472464738,325.5032041892983
Experiment 07-07_02:14
Epoch 0016 [Train seq (cond on sampled tp)] | Loss 1961684.157606 | MAPE 0.033202 | RMSE 99.033781 | Likelihood -1961681.109722 | KL fp 3.0479 | FP STD 0.2087|
Epoch 0016 [Val seq (cond on sampled tp)] |  MAPE 0.023416 | RMSE 76.753594 |
Best Val!
Epoch 0016 [Test seq (cond on sampled tp)] | MAPE 0.049027 | RMSE 286.762153|
0.05646276846528053,0.04941044747829437,0.04120832309126854
213.61104767193106,313.14553325889864,333.5298782530585
Experiment 07-07_02:14
Epoch 0017 [Train seq (cond on sampled tp)] | Loss 1975527.156618 | MAPE 0.037903 | RMSE 100.536568 | Likelihood -1975524.236485 | KL fp 2.9201 | FP STD 0.2123|
Epoch 0017 [Val seq (cond on sampled tp)] |  MAPE 0.032249 | RMSE 92.190217 |
Epoch 0017 [Test seq (cond on sampled tp)] | MAPE 0.052290 | RMSE 313.382761|
0.05485818162560463,0.05142119899392128,0.050591323524713516
247.47267052393886,345.87933679969956,346.79627485023536
Experiment 07-07_02:14
Epoch 0018 [Train seq (cond on sampled tp)] | Loss 1979949.899822 | MAPE 0.032583 | RMSE 101.758968 | Likelihood -1979946.929592 | KL fp 2.9702 | FP STD 0.2030|
Epoch 0018 [Val seq (cond on sampled tp)] |  MAPE 0.037298 | RMSE 87.000202 |
Epoch 0018 [Test seq (cond on sampled tp)] | MAPE 0.059956 | RMSE 339.839337|
0.061161261051893234,0.06019078940153122,0.058517321944236755
284.6411529232904,343.2487254164245,391.628131969602
Experiment 07-07_02:14
Epoch 0019 [Train seq (cond on sampled tp)] | Loss 1998923.079883 | MAPE 0.031250 | RMSE 104.393931 | Likelihood -1998920.392191 | KL fp 2.6877 | FP STD 0.2236|
Epoch 0019 [Val seq (cond on sampled tp)] |  MAPE 0.021678 | RMSE 73.808719 |
Best Val!
Epoch 0019 [Test seq (cond on sampled tp)] | MAPE 0.047689 | RMSE 297.021435|
0.05290542170405388,0.047768354415893555,0.04239443689584732
234.81052867152275,317.7620965439396,338.4916796429419
Experiment 07-07_02:14
Epoch 0020 [Train seq (cond on sampled tp)] | Loss 1973773.844762 | MAPE 0.031572 | RMSE 101.213974 | Likelihood -1973770.902151 | KL fp 2.9426 | FP STD 0.2039|
Epoch 0020 [Val seq (cond on sampled tp)] |  MAPE 0.036458 | RMSE 74.538744 |
Epoch 0020 [Test seq (cond on sampled tp)] | MAPE 0.064563 | RMSE 286.942338|
0.0646190270781517,0.06663398444652557,0.06243697181344032
211.82748360989422,314.0817344856272,334.9177954177711
Experiment 07-07_02:14
Epoch 0021 [Train seq (cond on sampled tp)] | Loss 1931200.874552 | MAPE 0.041098 | RMSE 94.005035 | Likelihood -1931197.898872 | KL fp 2.9757 | FP STD 0.1880|
Epoch 0021 [Val seq (cond on sampled tp)] |  MAPE 0.025059 | RMSE 76.494255 |
Epoch 0021 [Test seq (cond on sampled tp)] | MAPE 0.050989 | RMSE 273.036485|
0.05107151344418526,0.048718731850385666,0.05317540466785431
216.0407766776911,289.28371940449745,313.78495821183014
Experiment 07-07_02:14
Epoch 0022 [Train seq (cond on sampled tp)] | Loss 1956431.487218 | MAPE 0.042843 | RMSE 98.327828 | Likelihood -1956428.703010 | KL fp 2.7842 | FP STD 0.2168|
Epoch 0022 [Val seq (cond on sampled tp)] |  MAPE 0.036003 | RMSE 86.205245 |
Epoch 0022 [Test seq (cond on sampled tp)] | MAPE 0.062459 | RMSE 283.528286|
0.07053469866514206,0.05856994539499283,0.05827384442090988
239.43678217068071,300.18709009965767,310.9609852939754
Experiment 07-07_02:14
Epoch 0023 [Train seq (cond on sampled tp)] | Loss 1934399.355018 | MAPE 0.034634 | RMSE 95.066276 | Likelihood -1934396.306518 | KL fp 3.0485 | FP STD 0.1862|
Epoch 0023 [Val seq (cond on sampled tp)] |  MAPE 0.022779 | RMSE 84.819794 |
Epoch 0023 [Test seq (cond on sampled tp)] | MAPE 0.049380 | RMSE 291.498076|
0.05255001038312912,0.05174478888511658,0.04384373500943184
261.51894051865537,322.0611961452357,290.91409008932516
Experiment 07-07_02:14
Epoch 0024 [Train seq (cond on sampled tp)] | Loss 1952146.779291 | MAPE 0.033842 | RMSE 96.911120 | Likelihood -1952144.030530 | KL fp 2.7488 | FP STD 0.1800|
Epoch 0024 [Val seq (cond on sampled tp)] |  MAPE 0.024599 | RMSE 87.575219 |
Epoch 0024 [Test seq (cond on sampled tp)] | MAPE 0.053337 | RMSE 282.676532|
0.0599076934158802,0.04946346580982208,0.05063985660672188
240.58671773395972,310.8823883319864,296.5604912998358
Experiment 07-07_02:14
Epoch 0025 [Train seq (cond on sampled tp)] | Loss 1936041.956817 | MAPE 0.032867 | RMSE 94.351125 | Likelihood -1936038.962067 | KL fp 2.9948 | FP STD 0.1646|
Epoch 0025 [Val seq (cond on sampled tp)] |  MAPE 0.033516 | RMSE 80.313251 |
Epoch 0025 [Test seq (cond on sampled tp)] | MAPE 0.065850 | RMSE 256.480012|
0.061954956501722336,0.06271523982286453,0.07287947833538055
210.2479934505916,271.28219854977584,287.9098437445306
Experiment 07-07_02:14
Epoch 0026 [Train seq (cond on sampled tp)] | Loss 1934168.601071 | MAPE 0.039158 | RMSE 94.854113 | Likelihood -1934165.537752 | KL fp 3.0633 | FP STD 0.1829|
Epoch 0026 [Val seq (cond on sampled tp)] |  MAPE 0.024714 | RMSE 85.203092 |
Epoch 0026 [Test seq (cond on sampled tp)] | MAPE 0.057991 | RMSE 282.303732|
0.06283394247293472,0.05681059882044792,0.054327890276908875
254.93200686653685,274.4152447705849,317.5639453322748
Experiment 07-07_02:14
Epoch 0027 [Train seq (cond on sampled tp)] | Loss 1940785.788043 | MAPE 0.039229 | RMSE 95.140576 | Likelihood -1940783.206330 | KL fp 2.5817 | FP STD 0.2290|
Epoch 0027 [Val seq (cond on sampled tp)] |  MAPE 0.029861 | RMSE 92.318249 |
Epoch 0027 [Test seq (cond on sampled tp)] | MAPE 0.058160 | RMSE 305.918456|
0.06637634336948395,0.059923380613327026,0.0481799878180027
259.99971454311253,323.28488549188313,334.470768995588
Experiment 07-07_02:14
Epoch 0028 [Train seq (cond on sampled tp)] | Loss 1934951.937797 | MAPE 0.032818 | RMSE 94.825387 | Likelihood -1934949.361171 | KL fp 2.5766 | FP STD 0.2265|
Epoch 0028 [Val seq (cond on sampled tp)] |  MAPE 0.027092 | RMSE 90.973430 |
Epoch 0028 [Test seq (cond on sampled tp)] | MAPE 0.056019 | RMSE 295.988868|
0.06575479358434677,0.0560358427464962,0.04626685380935669
247.30863024518575,313.3008363578048,327.3571372560861
Experiment 07-07_02:14
Epoch 0029 [Train seq (cond on sampled tp)] | Loss 1954390.090038 | MAPE 0.031848 | RMSE 96.560663 | Likelihood -1954387.490694 | KL fp 2.5993 | FP STD 0.1903|
Epoch 0029 [Val seq (cond on sampled tp)] |  MAPE 0.030505 | RMSE 83.180022 |
Epoch 0029 [Test seq (cond on sampled tp)] | MAPE 0.066875 | RMSE 272.299459|
0.06519874185323715,0.07049772143363953,0.06492745131254196
220.8852395758938,288.29776544832947,307.7153717317352
Experiment 07-07_02:14
Epoch 0030 [Train seq (cond on sampled tp)] | Loss 1919791.296178 | MAPE 0.037307 | RMSE 91.857417 | Likelihood -1919788.858735 | KL fp 2.4374 | FP STD 0.2630|
Epoch 0030 [Val seq (cond on sampled tp)] |  MAPE 0.029663 | RMSE 95.469261 |
Epoch 0030 [Test seq (cond on sampled tp)] | MAPE 0.053097 | RMSE 295.314091|
0.05634947493672371,0.054821863770484924,0.04811832308769226
243.99068245529378,316.31293840119787,325.6386513453217
Experiment 07-07_02:14
Epoch 0031 [Train seq (cond on sampled tp)] | Loss 1950287.682856 | MAPE 0.045193 | RMSE 96.484890 | Likelihood -1950285.323249 | KL fp 2.3596 | FP STD 0.2348|
Epoch 0031 [Val seq (cond on sampled tp)] |  MAPE 0.026845 | RMSE 86.736482 |
Epoch 0031 [Test seq (cond on sampled tp)] | MAPE 0.058496 | RMSE 286.685895|
0.06305048614740372,0.06044098734855652,0.05199791491031647
234.91480337294624,290.6060880943481,334.5367949680573
Experiment 07-07_02:14
Epoch 0032 [Train seq (cond on sampled tp)] | Loss 1934572.986407 | MAPE 0.037489 | RMSE 94.501231 | Likelihood -1934570.727006 | KL fp 2.2594 | FP STD 0.2840|
Epoch 0032 [Val seq (cond on sampled tp)] |  MAPE 0.029952 | RMSE 90.244979 |
Epoch 0032 [Test seq (cond on sampled tp)] | MAPE 0.050922 | RMSE 238.559248|
0.05434563383460045,0.05343594402074814,0.044984057545661926
188.731259417326,259.2329882316292,267.7134954106722
Experiment 07-07_02:14
Epoch 0033 [Train seq (cond on sampled tp)] | Loss 1924733.767150 | MAPE 0.044472 | RMSE 92.740762 | Likelihood -1924731.099151 | KL fp 2.6680 | FP STD 0.2035|
Epoch 0033 [Val seq (cond on sampled tp)] |  MAPE 0.023570 | RMSE 95.091116 |
Epoch 0033 [Test seq (cond on sampled tp)] | MAPE 0.059463 | RMSE 299.922676|
0.061069268733263016,0.05735816806554794,0.059960268437862396
280.04463929880893,305.7613576181595,313.9620299494829
Experiment 07-07_02:14
Epoch 0034 [Train seq (cond on sampled tp)] | Loss 1934328.333969 | MAPE 0.037684 | RMSE 94.850272 | Likelihood -1934325.477492 | KL fp 2.8565 | FP STD 0.1757|
Epoch 0034 [Val seq (cond on sampled tp)] |  MAPE 0.028250 | RMSE 101.855136 |
Epoch 0034 [Test seq (cond on sampled tp)] | MAPE 0.057770 | RMSE 269.763979|
0.0640752911567688,0.056978654116392136,0.05225570127367973
233.28178374017978,284.08929329085953,291.92086095806854
Experiment 07-07_02:14
Epoch 0035 [Train seq (cond on sampled tp)] | Loss 1946491.743344 | MAPE 0.035844 | RMSE 95.896713 | Likelihood -1946489.185282 | KL fp 2.5581 | FP STD 0.2040|
Epoch 0035 [Val seq (cond on sampled tp)] |  MAPE 0.039073 | RMSE 88.022730 |
Epoch 0035 [Test seq (cond on sampled tp)] | MAPE 0.070071 | RMSE 262.066514|
0.06779955327510834,0.06772785633802414,0.07468610256910324
200.25550086077536,271.9671682850708,313.9768726554553
Experiment 07-07_02:14
Epoch 0036 [Train seq (cond on sampled tp)] | Loss 1916174.284122 | MAPE 0.043078 | RMSE 92.034296 | Likelihood -1916171.560234 | KL fp 2.7239 | FP STD 0.2078|
Epoch 0036 [Val seq (cond on sampled tp)] |  MAPE 0.028636 | RMSE 90.796933 |
Epoch 0036 [Test seq (cond on sampled tp)] | MAPE 0.061658 | RMSE 302.292265|
0.06108781695365906,0.06259676814079285,0.06129038333892822
255.9385607426126,329.57107541469713,321.3671600560642
Experiment 07-07_02:14
Epoch 0037 [Train seq (cond on sampled tp)] | Loss 1917176.145898 | MAPE 0.037413 | RMSE 91.174942 | Likelihood -1917173.717975 | KL fp 2.4279 | FP STD 0.2501|
Epoch 0037 [Val seq (cond on sampled tp)] |  MAPE 0.037634 | RMSE 88.836759 |
Epoch 0037 [Test seq (cond on sampled tp)] | MAPE 0.071766 | RMSE 270.733768|
0.07072948664426804,0.06859257817268372,0.07597553730010986
229.0727828524157,292.1241442007148,291.0043760409798
Experiment 07-07_02:14
Epoch 0038 [Train seq (cond on sampled tp)] | Loss 1945862.533251 | MAPE 0.034418 | RMSE 95.013436 | Likelihood -1945860.112426 | KL fp 2.4208 | FP STD 0.2173|
Epoch 0038 [Val seq (cond on sampled tp)] |  MAPE 0.037483 | RMSE 83.102370 |
Epoch 0038 [Test seq (cond on sampled tp)] | MAPE 0.069738 | RMSE 284.938487|
0.0738232433795929,0.0700981393456459,0.06529387086629868
237.0118997539997,304.3789655799165,313.42459469942685
Experiment 07-07_02:14
Epoch 0039 [Train seq (cond on sampled tp)] | Loss 1910119.435783 | MAPE 0.036538 | RMSE 91.198965 | Likelihood -1910116.742622 | KL fp 2.6932 | FP STD 0.1854|
Epoch 0039 [Val seq (cond on sampled tp)] |  MAPE 0.028416 | RMSE 88.191417 |
Epoch 0039 [Test seq (cond on sampled tp)] | MAPE 0.058347 | RMSE 272.134609|
0.06336913257837296,0.0615406297147274,0.05013108253479004
232.8558516684732,275.67471207022237,307.8732617693521
Experiment 07-07_02:14
Epoch 0040 [Train seq (cond on sampled tp)] | Loss 1926186.241333 | MAPE 0.041744 | RMSE 93.912961 | Likelihood -1926183.536558 | KL fp 2.7048 | FP STD 0.1865|
Epoch 0040 [Val seq (cond on sampled tp)] |  MAPE 0.031193 | RMSE 87.958928 |
Epoch 0040 [Test seq (cond on sampled tp)] | MAPE 0.067307 | RMSE 274.703659|
0.06705952435731888,0.06839155405759811,0.0664684921503067
223.96017538002152,274.458714449915,325.69208761881214
Experiment 07-07_02:14
Epoch 0041 [Train seq (cond on sampled tp)] | Loss 1894227.658715 | MAPE 0.034293 | RMSE 87.752925 | Likelihood -1894225.109081 | KL fp 2.5496 | FP STD 0.1848|
Epoch 0041 [Val seq (cond on sampled tp)] |  MAPE 0.026874 | RMSE 93.894654 |
Epoch 0041 [Test seq (cond on sampled tp)] | MAPE 0.052081 | RMSE 270.890183|
0.05044558271765709,0.05427395552396774,0.051522668451070786
230.9985710859485,275.7048637129929,305.96711424595946
Experiment 07-07_02:14
Epoch 0042 [Train seq (cond on sampled tp)] | Loss 1951231.491900 | MAPE 0.046482 | RMSE 97.745824 | Likelihood -1951229.066778 | KL fp 2.4251 | FP STD 0.2186|
Epoch 0042 [Val seq (cond on sampled tp)] |  MAPE 0.028031 | RMSE 94.431735 |
Epoch 0042 [Test seq (cond on sampled tp)] | MAPE 0.058371 | RMSE 308.136647|
0.06366553157567978,0.0607433021068573,0.050705406814813614
272.8851063176589,310.6618438913926,340.8629902541489
Experiment 07-07_02:14
Epoch 0043 [Train seq (cond on sampled tp)] | Loss 1926169.858334 | MAPE 0.034889 | RMSE 92.735090 | Likelihood -1926167.381760 | KL fp 2.4766 | FP STD 0.1965|
Epoch 0043 [Val seq (cond on sampled tp)] |  MAPE 0.034864 | RMSE 97.960277 |
Epoch 0043 [Test seq (cond on sampled tp)] | MAPE 0.061790 | RMSE 302.848628|
0.06009083241224289,0.061845578253269196,0.06343220919370651
260.72340768043824,307.3630665637952,340.45940929132803
Experiment 07-07_02:14
Epoch 0044 [Train seq (cond on sampled tp)] | Loss 1955009.040615 | MAPE 0.040318 | RMSE 96.759214 | Likelihood -1955006.491190 | KL fp 2.5494 | FP STD 0.1781|
Epoch 0044 [Val seq (cond on sampled tp)] |  MAPE 0.033009 | RMSE 93.732144 |
Epoch 0044 [Test seq (cond on sampled tp)] | MAPE 0.064216 | RMSE 287.134150|
0.07173141837120056,0.06608660519123077,0.054830942302942276
260.4890982603687,320.39116716913406,280.5221832805741
Experiment 07-07_02:14
Epoch 0045 [Train seq (cond on sampled tp)] | Loss 1860637.436236 | MAPE 0.034694 | RMSE 83.375523 | Likelihood -1860634.920321 | KL fp 2.5159 | FP STD 0.2145|
Epoch 0045 [Val seq (cond on sampled tp)] |  MAPE 0.025968 | RMSE 90.179368 |
Epoch 0045 [Test seq (cond on sampled tp)] | MAPE 0.062332 | RMSE 275.305453|
0.05546138063073158,0.0645158439874649,0.06701856106519699
227.59160243734829,289.84292621176735,308.4818293878912
Experiment 07-07_02:14
Epoch 0046 [Train seq (cond on sampled tp)] | Loss 1897212.028513 | MAPE 0.038613 | RMSE 87.015086 | Likelihood -1897209.469841 | KL fp 2.5587 | FP STD 0.1897|
Epoch 0046 [Val seq (cond on sampled tp)] |  MAPE 0.027973 | RMSE 89.308397 |
Epoch 0046 [Test seq (cond on sampled tp)] | MAPE 0.058091 | RMSE 272.709903|
0.05935738608241081,0.061047058552503586,0.0538673959672451
255.0051699843554,307.11401079240915,256.01052834795684
Experiment 07-07_02:14
Epoch 0047 [Train seq (cond on sampled tp)] | Loss 1898503.855351 | MAPE 0.036235 | RMSE 89.132318 | Likelihood -1898501.331835 | KL fp 2.5235 | FP STD 0.2374|
Epoch 0047 [Val seq (cond on sampled tp)] |  MAPE 0.025213 | RMSE 87.112543 |
Epoch 0047 [Test seq (cond on sampled tp)] | MAPE 0.054252 | RMSE 297.325284|
0.05128077417612076,0.052567798644304276,0.058906715363264084
257.3721921896381,315.07504066491845,319.52862009920176
Experiment 07-07_02:14
Epoch 0048 [Train seq (cond on sampled tp)] | Loss 1896385.650955 | MAPE 0.035161 | RMSE 86.223504 | Likelihood -1896383.398344 | KL fp 2.2526 | FP STD 0.2465|
Epoch 0048 [Val seq (cond on sampled tp)] |  MAPE 0.023847 | RMSE 82.639182 |
Epoch 0048 [Test seq (cond on sampled tp)] | MAPE 0.052757 | RMSE 266.502256|
0.057385072112083435,0.05646495148539543,0.04442113637924194
214.09549928127868,290.9298132711737,294.4814563346901
Experiment 07-07_02:14
Epoch 0049 [Train seq (cond on sampled tp)] | Loss 1889555.886068 | MAPE 0.039124 | RMSE 87.270003 | Likelihood -1889553.440844 | KL fp 2.4452 | FP STD 0.2178|
Epoch 0049 [Val seq (cond on sampled tp)] |  MAPE 0.026091 | RMSE 98.505780 |
Epoch 0049 [Test seq (cond on sampled tp)] | MAPE 0.057337 | RMSE 295.356293|
0.06551935523748398,0.054444100707769394,0.05204782262444496
262.46533997368107,294.9648813842082,328.6386574758058
Experiment 07-07_02:14
Epoch 0050 [Train seq (cond on sampled tp)] | Loss 1887540.073376 | MAPE 0.034788 | RMSE 87.772910 | Likelihood -1887537.843145 | KL fp 2.2302 | FP STD 0.2366|
Epoch 0050 [Val seq (cond on sampled tp)] |  MAPE 0.031655 | RMSE 84.873182 |
Epoch 0050 [Test seq (cond on sampled tp)] | MAPE 0.064829 | RMSE 290.461455|
0.07052357494831085,0.060178060084581375,0.0637841671705246
242.1836773891874,306.2539413011692,322.9467472548686
Experiment 07-07_02:14
Epoch 0051 [Train seq (cond on sampled tp)] | Loss 1884109.777859 | MAPE 0.031198 | RMSE 85.181371 | Likelihood -1884107.343757 | KL fp 2.4341 | FP STD 0.1945|
Epoch 0051 [Val seq (cond on sampled tp)] |  MAPE 0.030447 | RMSE 81.970909 |
Epoch 0051 [Test seq (cond on sampled tp)] | MAPE 0.067958 | RMSE 255.524480|
0.0690842792391777,0.06976774334907532,0.06502296030521393
209.34232954063543,251.789012927987,305.4420976224463
Experiment 07-07_02:14
Epoch 0052 [Train seq (cond on sampled tp)] | Loss 1871809.376755 | MAPE 0.035130 | RMSE 83.730823 | Likelihood -1871806.646651 | KL fp 2.7301 | FP STD 0.1857|
Epoch 0052 [Val seq (cond on sampled tp)] |  MAPE 0.026503 | RMSE 83.680813 |
Epoch 0052 [Test seq (cond on sampled tp)] | MAPE 0.064200 | RMSE 284.769650|
0.06691637635231018,0.064353808760643,0.061328377574682236
238.91130022458125,319.45743799057175,295.9402125007685
Experiment 07-07_02:14
Epoch 0053 [Train seq (cond on sampled tp)] | Loss 1876887.365717 | MAPE 0.041168 | RMSE 85.919641 | Likelihood -1876884.677764 | KL fp 2.6880 | FP STD 0.1689|
Epoch 0053 [Val seq (cond on sampled tp)] |  MAPE 0.027752 | RMSE 100.074445 |
Epoch 0053 [Test seq (cond on sampled tp)] | MAPE 0.059418 | RMSE 279.341567|
0.06142016872763634,0.05840820074081421,0.05842609331011772
238.00377491754202,268.6124502652474,331.4084762419332
Experiment 07-07_02:14
Epoch 0054 [Train seq (cond on sampled tp)] | Loss 1871465.410327 | MAPE 0.035130 | RMSE 85.105162 | Likelihood -1871462.738065 | KL fp 2.6723 | FP STD 0.1752|
Epoch 0054 [Val seq (cond on sampled tp)] |  MAPE 0.022925 | RMSE 85.161396 |
Epoch 0054 [Test seq (cond on sampled tp)] | MAPE 0.051395 | RMSE 289.331478|
0.057307109236717224,0.04694680497050285,0.04992968961596489
264.70117290541043,289.325022682104,313.9682383418743
Experiment 07-07_02:14
Epoch 0055 [Train seq (cond on sampled tp)] | Loss 1860309.740712 | MAPE 0.033867 | RMSE 82.289763 | Likelihood -1860307.375308 | KL fp 2.3654 | FP STD 0.2439|
Epoch 0055 [Val seq (cond on sampled tp)] |  MAPE 0.021327 | RMSE 88.517747 |
Best Val!
Epoch 0055 [Test seq (cond on sampled tp)] | MAPE 0.047783 | RMSE 287.014349|
0.05074764043092728,0.050013646483421326,0.042587947100400925
258.6888061696911,292.15100707938694,310.2032347913219
Experiment 07-07_02:14
Epoch 0056 [Train seq (cond on sampled tp)] | Loss 1870126.983549 | MAPE 0.036265 | RMSE 83.397186 | Likelihood -1870124.613761 | KL fp 2.3698 | FP STD 0.2515|
Epoch 0056 [Val seq (cond on sampled tp)] |  MAPE 0.026880 | RMSE 92.983859 |
Epoch 0056 [Test seq (cond on sampled tp)] | MAPE 0.065304 | RMSE 298.173153|
0.06344663351774216,0.06731343269348145,0.06515056639909744
270.24278725342515,327.23344352694147,297.043228651151
Experiment 07-07_02:14
Epoch 0057 [Train seq (cond on sampled tp)] | Loss 1865210.261117 | MAPE 0.035945 | RMSE 82.280770 | Likelihood -1865207.786975 | KL fp 2.4741 | FP STD 0.2007|
Epoch 0057 [Val seq (cond on sampled tp)] |  MAPE 0.027085 | RMSE 80.292410 |
Epoch 0057 [Test seq (cond on sampled tp)] | MAPE 0.060560 | RMSE 265.204584|
0.05970427393913269,0.06333009898662567,0.05864693596959114
210.82727675753912,291.5910154865887,293.19546061458726
Experiment 07-07_02:14
Epoch 0058 [Train seq (cond on sampled tp)] | Loss 1896774.832610 | MAPE 0.044361 | RMSE 89.136115 | Likelihood -1896772.493925 | KL fp 2.3387 | FP STD 0.2496|
Epoch 0058 [Val seq (cond on sampled tp)] |  MAPE 0.027385 | RMSE 93.248392 |
Epoch 0058 [Test seq (cond on sampled tp)] | MAPE 0.049509 | RMSE 274.648342|
0.059539154171943665,0.04669810086488724,0.042288582772016525
250.58966396781014,283.4943782511392,289.8609849997064
Experiment 07-07_02:14
Epoch 0059 [Train seq (cond on sampled tp)] | Loss 1874370.303756 | MAPE 0.042029 | RMSE 85.109831 | Likelihood -1874368.408742 | KL fp 1.8950 | FP STD 0.3632|
Epoch 0059 [Val seq (cond on sampled tp)] |  MAPE 0.027297 | RMSE 86.841945 |
Epoch 0059 [Test seq (cond on sampled tp)] | MAPE 0.055708 | RMSE 290.944103|
0.06330558657646179,0.05375844985246658,0.05005870759487152
235.9563403073755,287.7402393001368,349.1357297849935
Experiment 07-07_02:14
Epoch 0060 [Train seq (cond on sampled tp)] | Loss 1866314.479362 | MAPE 0.048772 | RMSE 83.534662 | Likelihood -1866312.056812 | KL fp 2.4225 | FP STD 0.2296|
Epoch 0060 [Val seq (cond on sampled tp)] |  MAPE 0.024870 | RMSE 88.794801 |
Epoch 0060 [Test seq (cond on sampled tp)] | MAPE 0.049998 | RMSE 313.709751|
0.055702731013298035,0.050972651690244675,0.043318603187799454
265.6413671428078,334.9464042947767,340.5414805864331
Experiment 07-07_02:14
Epoch 0061 [Train seq (cond on sampled tp)] | Loss 1868154.247354 | MAPE 0.045435 | RMSE 83.761083 | Likelihood -1868151.906460 | KL fp 2.3409 | FP STD 0.2146|
Epoch 0061 [Val seq (cond on sampled tp)] |  MAPE 0.031589 | RMSE 94.958364 |
Epoch 0061 [Test seq (cond on sampled tp)] | MAPE 0.059534 | RMSE 303.453005|
0.06394150853157043,0.0599776916205883,0.05468367412686348
266.31261000936473,301.1796079584406,342.86679720410376
Experiment 07-07_02:14
Epoch 0062 [Train seq (cond on sampled tp)] | Loss 1870043.360314 | MAPE 0.049317 | RMSE 83.566564 | Likelihood -1870041.130150 | KL fp 2.2302 | FP STD 0.2598|
Epoch 0062 [Val seq (cond on sampled tp)] |  MAPE 0.030224 | RMSE 93.718661 |
Epoch 0062 [Test seq (cond on sampled tp)] | MAPE 0.059808 | RMSE 272.111807|
0.06466116011142731,0.05981903523206711,0.054942548274993896
237.1485804696077,292.6152951188642,286.571544295661
Experiment 07-07_02:14
Epoch 0063 [Train seq (cond on sampled tp)] | Loss 1881029.911586 | MAPE 0.052251 | RMSE 84.631407 | Likelihood -1881027.540892 | KL fp 2.3707 | FP STD 0.2173|
Epoch 0063 [Val seq (cond on sampled tp)] |  MAPE 0.023832 | RMSE 76.814537 |
Epoch 0063 [Test seq (cond on sampled tp)] | MAPE 0.046497 | RMSE 266.520302|
0.05203978344798088,0.04782716557383537,0.039624638855457306
197.8402725369635,277.3907724222275,324.32986198467756
Experiment 07-07_02:14
Epoch 0064 [Train seq (cond on sampled tp)] | Loss 1874359.921043 | MAPE 0.057601 | RMSE 85.086822 | Likelihood -1874357.399963 | KL fp 2.5211 | FP STD 0.2072|
Epoch 0064 [Val seq (cond on sampled tp)] |  MAPE 0.024450 | RMSE 81.815788 |
Epoch 0064 [Test seq (cond on sampled tp)] | MAPE 0.049450 | RMSE 304.849650|
0.05488497018814087,0.04855414852499962,0.04490978270769119
268.94434833251285,316.0217803016115,329.58282105944176
Experiment 07-07_02:14
Epoch 0065 [Train seq (cond on sampled tp)] | Loss 1880020.974208 | MAPE 0.067266 | RMSE 85.981200 | Likelihood -1880018.702232 | KL fp 2.2720 | FP STD 0.2454|
Epoch 0065 [Val seq (cond on sampled tp)] |  MAPE 0.029426 | RMSE 96.793338 |
Epoch 0065 [Test seq (cond on sampled tp)] | MAPE 0.050113 | RMSE 331.405852|
0.06040918827056885,0.05067656561732292,0.03925247862935066
306.2506632645879,329.8932829340422,358.0736110599328
Experiment 07-07_02:14
Epoch 0066 [Train seq (cond on sampled tp)] | Loss 1898515.005724 | MAPE 0.067687 | RMSE 88.039708 | Likelihood -1898512.530680 | KL fp 2.4750 | FP STD 0.2042|
Epoch 0066 [Val seq (cond on sampled tp)] |  MAPE 0.039829 | RMSE 88.959977 |
Epoch 0066 [Test seq (cond on sampled tp)] | MAPE 0.074508 | RMSE 311.637267|
0.07709911465644836,0.06735388934612274,0.07907095551490784
269.386426671798,307.68449749703024,357.8408776956596
Experiment 07-07_02:14
Epoch 0067 [Train seq (cond on sampled tp)] | Loss 1906395.855060 | MAPE 0.076626 | RMSE 89.020474 | Likelihood -1906393.440293 | KL fp 2.4148 | FP STD 0.2183|
Epoch 0067 [Val seq (cond on sampled tp)] |  MAPE 0.045083 | RMSE 93.311705 |
Epoch 0067 [Test seq (cond on sampled tp)] | MAPE 0.074423 | RMSE 317.778557|
0.07430948317050934,0.07366173714399338,0.07529693096876144
254.521134314029,343.592543483557,355.2219926503707
Experiment 07-07_02:14
Epoch 0068 [Train seq (cond on sampled tp)] | Loss 1900405.145181 | MAPE 0.089014 | RMSE 92.033730 | Likelihood -1900402.159125 | KL fp 2.9861 | FP STD 0.1787|
Epoch 0068 [Val seq (cond on sampled tp)] |  MAPE 0.033961 | RMSE 82.611380 |
Epoch 0068 [Test seq (cond on sampled tp)] | MAPE 0.052374 | RMSE 309.203773|
0.049215126782655716,0.04879593849182129,0.0591110922396183
250.6094836219292,323.2153766260201,353.7864601352064
Experiment 07-07_02:14
Epoch 0069 [Train seq (cond on sampled tp)] | Loss 1864115.377873 | MAPE 0.082560 | RMSE 83.114251 | Likelihood -1864112.575637 | KL fp 2.8022 | FP STD 0.1557|
Epoch 0069 [Val seq (cond on sampled tp)] |  MAPE 0.028804 | RMSE 84.167621 |
Epoch 0069 [Test seq (cond on sampled tp)] | MAPE 0.045323 | RMSE 295.392716|
0.0457271933555603,0.04205552116036415,0.04818775877356529
226.2933487478145,281.93587203032536,377.9489259476735
0.0457271933555603,0.04205552116036415,0.04818775877356529
226.2933487478145,281.93587203032536,377.9489259476735
Epoch 0069 [Test seq (cond on sampled tp)] | Best Test MAPE 0.045323|Best Test RMSE 295.392716|
Experiment 07-07_02:14
Epoch 0070 [Train seq (cond on sampled tp)] | Loss 1880959.878246 | MAPE 0.078940 | RMSE 84.105015 | Likelihood -1880957.154123 | KL fp 2.7241 | FP STD 0.1911|
Epoch 0070 [Val seq (cond on sampled tp)] |  MAPE 0.026162 | RMSE 82.346575 |
Epoch 0070 [Test seq (cond on sampled tp)] | MAPE 0.048999 | RMSE 322.913369|
0.0450693778693676,0.052513618022203445,0.049415215849876404
240.64056767822836,327.0483049184019,401.05123581657244
Experiment 07-07_02:14
Epoch 0071 [Train seq (cond on sampled tp)] | Loss 1862487.880081 | MAPE 0.081901 | RMSE 83.221545 | Likelihood -1862485.223216 | KL fp 2.6569 | FP STD 0.1823|
Epoch 0071 [Val seq (cond on sampled tp)] |  MAPE 0.029318 | RMSE 83.534705 |
Epoch 0071 [Test seq (cond on sampled tp)] | MAPE 0.048929 | RMSE 294.917148|
0.047770336270332336,0.05020758882164955,0.04880823567509651
245.41551976953292,296.03462635306704,343.30129806046466
Experiment 07-07_02:14
Epoch 0072 [Train seq (cond on sampled tp)] | Loss 1843721.752220 | MAPE 0.076580 | RMSE 80.117207 | Likelihood -1843719.154714 | KL fp 2.5975 | FP STD 0.1797|
Epoch 0072 [Val seq (cond on sampled tp)] |  MAPE 0.036123 | RMSE 89.542353 |
Epoch 0072 [Test seq (cond on sampled tp)] | MAPE 0.059593 | RMSE 297.547950|
0.0635230541229248,0.05624842643737793,0.05900811403989792
236.30787154948945,313.9910428658754,342.34493524441103
Experiment 07-07_02:14
Epoch 0073 [Train seq (cond on sampled tp)] | Loss 1849701.529940 | MAPE 0.077069 | RMSE 79.926345 | Likelihood -1849698.959008 | KL fp 2.5709 | FP STD 0.1840|
Epoch 0073 [Val seq (cond on sampled tp)] |  MAPE 0.033907 | RMSE 87.816042 |
Epoch 0073 [Test seq (cond on sampled tp)] | MAPE 0.061150 | RMSE 287.998350|
0.06390178203582764,0.05888178572058678,0.060667723417282104
249.38109328395367,285.24643950450985,329.3675165184023
Experiment 07-07_02:14
Epoch 0074 [Train seq (cond on sampled tp)] | Loss 1839929.817605 | MAPE 0.073139 | RMSE 78.446441 | Likelihood -1839927.059416 | KL fp 2.7582 | FP STD 0.1726|
Epoch 0074 [Val seq (cond on sampled tp)] |  MAPE 0.025454 | RMSE 78.707690 |
Epoch 0074 [Test seq (cond on sampled tp)] | MAPE 0.041499 | RMSE 282.333028|
0.043107498437166214,0.04302988573908806,0.038358334451913834
235.24398903053824,283.8042486688668,327.95084664092576
0.043107498437166214,0.04302988573908806,0.038358334451913834
235.24398903053824,283.8042486688668,327.95084664092576
Epoch 0074 [Test seq (cond on sampled tp)] | Best Test MAPE 0.041499|Best Test RMSE 282.333028|
Experiment 07-07_02:14
Epoch 0075 [Train seq (cond on sampled tp)] | Loss 1836539.282516 | MAPE 0.071902 | RMSE 78.774433 | Likelihood -1836536.848154 | KL fp 2.4344 | FP STD 0.2016|
Epoch 0075 [Val seq (cond on sampled tp)] |  MAPE 0.027460 | RMSE 79.288058 |
Epoch 0075 [Test seq (cond on sampled tp)] | MAPE 0.041673 | RMSE 283.811517|
0.043028462678194046,0.04306793212890625,0.038922179490327835
232.97047492654514,288.26508254122626,330.1989930329891
Experiment 07-07_02:14
Epoch 0076 [Train seq (cond on sampled tp)] | Loss 1853417.182571 | MAPE 0.072395 | RMSE 81.741913 | Likelihood -1853414.563428 | KL fp 2.6191 | FP STD 0.1768|
Epoch 0076 [Val seq (cond on sampled tp)] |  MAPE 0.026364 | RMSE 89.195526 |
Epoch 0076 [Test seq (cond on sampled tp)] | MAPE 0.042137 | RMSE 296.386711|
0.04788631200790405,0.038631338626146317,0.03989322856068611
243.59978544479466,292.4524934711619,353.1078535660174
Experiment 07-07_02:14
Epoch 0077 [Train seq (cond on sampled tp)] | Loss 1858729.586824 | MAPE 0.075755 | RMSE 80.952168 | Likelihood -1858727.131390 | KL fp 2.4554 | FP STD 0.2009|
Epoch 0077 [Val seq (cond on sampled tp)] |  MAPE 0.031969 | RMSE 87.272620 |
Epoch 0077 [Test seq (cond on sampled tp)] | MAPE 0.051257 | RMSE 324.432312|
0.05269427224993706,0.04868457093834877,0.0523933507502079
269.0229863552555,332.7857677057419,371.488181171353
Experiment 07-07_02:14
Epoch 0078 [Train seq (cond on sampled tp)] | Loss 1860492.665241 | MAPE 0.072010 | RMSE 80.825985 | Likelihood -1860490.200734 | KL fp 2.4645 | FP STD 0.1912|
Epoch 0078 [Val seq (cond on sampled tp)] |  MAPE 0.026992 | RMSE 83.502675 |
Epoch 0078 [Test seq (cond on sampled tp)] | MAPE 0.052051 | RMSE 300.434674|
0.04649031534790993,0.049773264676332474,0.059888895601034164
225.58536701767693,281.3671700376574,394.35148503587504
Experiment 07-07_02:14
Epoch 0079 [Train seq (cond on sampled tp)] | Loss 1860275.444396 | MAPE 0.069850 | RMSE 82.258020 | Likelihood -1860272.752449 | KL fp 2.6919 | FP STD 0.1628|
Epoch 0079 [Val seq (cond on sampled tp)] |  MAPE 0.028495 | RMSE 79.736756 |
Epoch 0079 [Test seq (cond on sampled tp)] | MAPE 0.049918 | RMSE 289.098232|
0.053377311676740646,0.046599987894296646,0.04977598413825035
232.4569684640579,289.06295270234824,345.7747754138523
Experiment 07-07_02:14
Epoch 0080 [Train seq (cond on sampled tp)] | Loss 1851588.025158 | MAPE 0.073949 | RMSE 80.529518 | Likelihood -1851585.215153 | KL fp 2.8100 | FP STD 0.1563|
Epoch 0080 [Val seq (cond on sampled tp)] |  MAPE 0.029233 | RMSE 86.185962 |
Epoch 0080 [Test seq (cond on sampled tp)] | MAPE 0.049129 | RMSE 322.240694|
0.04963339865207672,0.04804614558815956,0.04970787838101387
252.6178870844264,314.14423687615215,399.95995893339125
Experiment 07-07_02:14
Epoch 0081 [Train seq (cond on sampled tp)] | Loss 1853167.085787 | MAPE 0.077349 | RMSE 80.867182 | Likelihood -1853164.426927 | KL fp 2.6589 | FP STD 0.1642|
Epoch 0081 [Val seq (cond on sampled tp)] |  MAPE 0.028600 | RMSE 81.683014 |
Epoch 0081 [Test seq (cond on sampled tp)] | MAPE 0.044796 | RMSE 308.967947|
0.04725085571408272,0.044286392629146576,0.04285081475973129
253.07821326864547,308.49307376746725,365.33255398335365
Experiment 07-07_02:14
Epoch 0082 [Train seq (cond on sampled tp)] | Loss 1865002.206496 | MAPE 0.072812 | RMSE 80.942156 | Likelihood -1864999.664844 | KL fp 2.5417 | FP STD 0.1884|
Epoch 0082 [Val seq (cond on sampled tp)] |  MAPE 0.027282 | RMSE 90.219667 |
Epoch 0082 [Test seq (cond on sampled tp)] | MAPE 0.046306 | RMSE 293.486837|
0.04937618970870972,0.04457346722483635,0.044967133551836014
217.22969014674305,294.5053984012857,368.72542290978527
Experiment 07-07_02:14
Epoch 0083 [Train seq (cond on sampled tp)] | Loss 1839962.311249 | MAPE 0.073796 | RMSE 78.526458 | Likelihood -1839959.703756 | KL fp 2.6075 | FP STD 0.1768|
Epoch 0083 [Val seq (cond on sampled tp)] |  MAPE 0.026045 | RMSE 88.081896 |
Epoch 0083 [Test seq (cond on sampled tp)] | MAPE 0.045365 | RMSE 300.568634|
0.04918269068002701,0.04484713450074196,0.04206523671746254
254.9681046229116,315.76641633888175,330.97138046589464
Experiment 07-07_02:14
Epoch 0084 [Train seq (cond on sampled tp)] | Loss 1872269.546316 | MAPE 0.072806 | RMSE 83.843316 | Likelihood -1872267.121267 | KL fp 2.4250 | FP STD 0.2000|
Epoch 0084 [Val seq (cond on sampled tp)] |  MAPE 0.029719 | RMSE 88.801504 |
Epoch 0084 [Test seq (cond on sampled tp)] | MAPE 0.041489 | RMSE 278.607028|
0.04907751828432083,0.03970852866768837,0.03568197786808014
238.44610076231064,297.5262199580064,299.84876396276843
0.04907751828432083,0.03970852866768837,0.03568197786808014
238.44610076231064,297.5262199580064,299.84876396276843
Epoch 0084 [Test seq (cond on sampled tp)] | Best Test MAPE 0.041489|Best Test RMSE 278.607028|
Experiment 07-07_02:14
Epoch 0085 [Train seq (cond on sampled tp)] | Loss 1849075.519027 | MAPE 0.073690 | RMSE 78.823521 | Likelihood -1849073.007125 | KL fp 2.5119 | FP STD 0.2030|
Epoch 0085 [Val seq (cond on sampled tp)] |  MAPE 0.035346 | RMSE 88.865346 |
Epoch 0085 [Test seq (cond on sampled tp)] | MAPE 0.046158 | RMSE 280.957096|
0.047648701816797256,0.04839656874537468,0.042428262531757355
253.17242611261995,300.435816252823,289.26304529787416
Experiment 07-07_02:14
Epoch 0086 [Train seq (cond on sampled tp)] | Loss 1862095.306631 | MAPE 0.077631 | RMSE 81.310075 | Likelihood -1862092.722725 | KL fp 2.5839 | FP STD 0.1687|
Epoch 0086 [Val seq (cond on sampled tp)] |  MAPE 0.029950 | RMSE 88.272704 |
Epoch 0086 [Test seq (cond on sampled tp)] | MAPE 0.044566 | RMSE 281.597168|
0.047532301396131516,0.046861957758665085,0.039303913712501526
237.214532385771,293.79075515151936,313.7862155393382
Experiment 07-07_02:14
Epoch 0087 [Train seq (cond on sampled tp)] | Loss 1899207.700289 | MAPE 0.080303 | RMSE 86.687522 | Likelihood -1899205.406186 | KL fp 2.2941 | FP STD 0.1917|
Epoch 0087 [Val seq (cond on sampled tp)] |  MAPE 0.027653 | RMSE 83.386750 |
Epoch 0087 [Test seq (cond on sampled tp)] | MAPE 0.047332 | RMSE 300.572217|
0.04998885095119476,0.04048895835876465,0.051517657935619354
233.721564112621,313.4998255581652,354.4952617807465
Experiment 07-07_02:14
Epoch 0088 [Train seq (cond on sampled tp)] | Loss 1884133.094947 | MAPE 0.079543 | RMSE 87.206639 | Likelihood -1884130.588776 | KL fp 2.5062 | FP STD 0.1976|
Epoch 0088 [Val seq (cond on sampled tp)] |  MAPE 0.030067 | RMSE 89.629500 |
Epoch 0088 [Test seq (cond on sampled tp)] | MAPE 0.044069 | RMSE 336.978358|
0.04753420129418373,0.042853884398937225,0.04182036221027374
300.3554404784438,329.04656300438694,381.53307114193916
Experiment 07-07_02:14
Epoch 0089 [Train seq (cond on sampled tp)] | Loss 1871140.836001 | MAPE 0.078041 | RMSE 83.223110 | Likelihood -1871138.353144 | KL fp 2.4829 | FP STD 0.1739|
Epoch 0089 [Val seq (cond on sampled tp)] |  MAPE 0.031181 | RMSE 88.266575 |
Epoch 0089 [Test seq (cond on sampled tp)] | MAPE 0.056706 | RMSE 300.252640|
0.06151937320828438,0.05680573359131813,0.0517924502491951
252.5237999303234,302.97397010716946,345.2601487465647
Experiment 07-07_02:14
Epoch 0090 [Train seq (cond on sampled tp)] | Loss 1837420.423061 | MAPE 0.074923 | RMSE 77.899235 | Likelihood -1837417.998660 | KL fp 2.4244 | FP STD 0.2078|
Epoch 0090 [Val seq (cond on sampled tp)] |  MAPE 0.027127 | RMSE 84.031407 |
Epoch 0090 [Test seq (cond on sampled tp)] | MAPE 0.043699 | RMSE 284.271172|
0.04470499977469444,0.045226115733385086,0.041166625916957855
248.32083738834726,305.81402641147776,298.67865256827446
Experiment 07-07_02:14
Epoch 0091 [Train seq (cond on sampled tp)] | Loss 1830274.128355 | MAPE 0.074783 | RMSE 76.499781 | Likelihood -1830271.710893 | KL fp 2.4175 | FP STD 0.2084|
Epoch 0091 [Val seq (cond on sampled tp)] |  MAPE 0.030075 | RMSE 88.613300 |
Epoch 0091 [Test seq (cond on sampled tp)] | MAPE 0.050125 | RMSE 287.364632|
0.04933108389377594,0.045273564755916595,0.055770594626665115
282.2973969283103,280.76423327678333,299.0322672806398
Experiment 07-07_02:14
Epoch 0092 [Train seq (cond on sampled tp)] | Loss 1867462.181051 | MAPE 0.079438 | RMSE 84.514055 | Likelihood -1867459.491066 | KL fp 2.6900 | FP STD 0.1610|
Epoch 0092 [Val seq (cond on sampled tp)] |  MAPE 0.036682 | RMSE 87.358161 |
Epoch 0092 [Test seq (cond on sampled tp)] | MAPE 0.058579 | RMSE 318.130974|
0.059288766235113144,0.057939086109399796,0.058508191257715225
292.50283118287933,335.39203972739125,326.4980498601791
Experiment 07-07_02:14
Epoch 0093 [Train seq (cond on sampled tp)] | Loss 1869864.817924 | MAPE 0.075733 | RMSE 83.062406 | Likelihood -1869862.402965 | KL fp 2.4150 | FP STD 0.1854|
Epoch 0093 [Val seq (cond on sampled tp)] |  MAPE 0.027405 | RMSE 88.237326 |
Epoch 0093 [Test seq (cond on sampled tp)] | MAPE 0.045609 | RMSE 257.517002|
0.04252041131258011,0.04398932307958603,0.0503176674246788
199.39900913432342,275.69840292428245,297.45359406973046
Experiment 07-07_02:14
Epoch 0094 [Train seq (cond on sampled tp)] | Loss 1847769.103347 | MAPE 0.072399 | RMSE 79.537813 | Likelihood -1847766.520464 | KL fp 2.5829 | FP STD 0.1818|
Epoch 0094 [Val seq (cond on sampled tp)] |  MAPE 0.027296 | RMSE 83.379413 |
Epoch 0094 [Test seq (cond on sampled tp)] | MAPE 0.042203 | RMSE 277.589105|
0.04338200390338898,0.04394570738077164,0.03928001970052719
240.50008933210398,302.8232002753422,289.44402524495126
Experiment 07-07_02:14
Epoch 0095 [Train seq (cond on sampled tp)] | Loss 1846554.890846 | MAPE 0.072318 | RMSE 80.511096 | Likelihood -1846552.500867 | KL fp 2.3900 | FP STD 0.2085|
Epoch 0095 [Val seq (cond on sampled tp)] |  MAPE 0.031408 | RMSE 88.328237 |
Epoch 0095 [Test seq (cond on sampled tp)] | MAPE 0.043671 | RMSE 277.648648|
0.04691889509558678,0.04265598580241203,0.041436970233917236
241.17292324440155,302.1922892588426,289.58073140317885
Experiment 07-07_02:14
Epoch 0096 [Train seq (cond on sampled tp)] | Loss 1875974.393519 | MAPE 0.077403 | RMSE 85.386491 | Likelihood -1875971.982385 | KL fp 2.4111 | FP STD 0.1907|
Epoch 0096 [Val seq (cond on sampled tp)] |  MAPE 0.035600 | RMSE 88.590958 |
Epoch 0096 [Test seq (cond on sampled tp)] | MAPE 0.047119 | RMSE 297.712857|
0.04917355254292488,0.04721292480826378,0.044969215989112854
239.97743220717652,314.9290966828883,338.23204174427354
Experiment 07-07_02:14
Epoch 0097 [Train seq (cond on sampled tp)] | Loss 1859479.114615 | MAPE 0.077900 | RMSE 80.824414 | Likelihood -1859477.028118 | KL fp 2.0865 | FP STD 0.2447|
Epoch 0097 [Val seq (cond on sampled tp)] |  MAPE 0.029638 | RMSE 89.852312 |
Epoch 0097 [Test seq (cond on sampled tp)] | MAPE 0.053832 | RMSE 304.440633|
0.0494186207652092,0.053927674889564514,0.05814990773797035
260.9487497574955,300.18698599789434,352.186163484598
Experiment 07-07_02:14
Epoch 0098 [Train seq (cond on sampled tp)] | Loss 1863416.110565 | MAPE 0.079141 | RMSE 82.765470 | Likelihood -1863413.913005 | KL fp 2.1976 | FP STD 0.2266|
Epoch 0098 [Val seq (cond on sampled tp)] |  MAPE 0.029576 | RMSE 92.908331 |
Epoch 0098 [Test seq (cond on sampled tp)] | MAPE 0.046645 | RMSE 311.094174|
0.051933687180280685,0.04436095058917999,0.04364107921719551
269.85204279382435,318.8061470157061,344.62433124708417
Experiment 07-07_02:14
Epoch 0099 [Train seq (cond on sampled tp)] | Loss 1876508.529769 | MAPE 0.082832 | RMSE 85.936139 | Likelihood -1876506.321349 | KL fp 2.2084 | FP STD 0.2211|
Epoch 0099 [Val seq (cond on sampled tp)] |  MAPE 0.030024 | RMSE 89.722048 |
Epoch 0099 [Test seq (cond on sampled tp)] | MAPE 0.049724 | RMSE 290.445357|
0.056458480656147,0.0500665046274662,0.042646609246730804
238.6929987583423,305.6271855750074,327.0158874198622
Experiment 07-07_02:14
Epoch 0100 [Train seq (cond on sampled tp)] | Loss 1875482.431520 | MAPE 0.083565 | RMSE 84.636546 | Likelihood -1875479.891351 | KL fp 2.5402 | FP STD 0.1704|
Epoch 0100 [Val seq (cond on sampled tp)] |  MAPE 0.030418 | RMSE 90.775764 |
Epoch 0100 [Test seq (cond on sampled tp)] | MAPE 0.048552 | RMSE 292.428309|
0.048310477286577225,0.04745258390903473,0.04989320784807205
251.3648291701725,293.10097182967513,332.8191255209051
