/nvme/yuanjingyang/CG-ODE/run_models_covid.py
run_models_covid.py --graf_layer 2
Namespace(save='experiments/', load=None, dataset='Dec', datapath='data/', pred_length=14, condition_length=21, features='Confirmed,Deaths,Recovered,Mortality_Rate,Testing_Rate,Population,Mobility', split_interval=3, feature_out='Deaths', niters=100, lr=0.005, batch_size=8, random_seed=1991, dropout=0.2, l2=1e-05, optimizer='AdamW', clip=10, edge_lamda=0.5, z0_encoder='GTrans', rec_dims=64, ode_dims=20, rec_layers=1, gen_layers=1, graf_layer=2, debug=False, heavyBall=False, actv_h=None, gamma_guess=-3.0, gamma_act='sigmoid', corr=-100, corrf=True, sign=1, augment_dim=0, solver='rk4', alias='run', output_dim=1, feature_out_index=[1], num_atoms=50, CVPR=True)
run
Experiment 07-01_00:07
Epoch 0001 [Train seq (cond on sampled tp)] | Loss 4399206.646943 | MAPE 0.063872 | RMSE 286.603554 | Likelihood -4399204.639643 | KL fp 2.0073 | FP STD 0.3405|
Epoch 0001 [Val seq (cond on sampled tp)] |  MAPE 0.058571 | RMSE 306.881683 |
Best Val!
Epoch 0001 [Test seq (cond on sampled tp)] | MAPE 0.123185 | RMSE 907.364497|
0.13709291815757751,0.1274464726448059,0.10501575469970703
852.4188011183235,938.4272747528175,931.2474161037978
0.13709291815757751,0.1274464726448059,0.10501575469970703
852.4188011183235,938.4272747528175,931.2474161037978
Epoch 0001 [Test seq (cond on sampled tp)] | Best Test MAPE 0.123185|Best Test RMSE 907.364497|
Experiment 07-01_00:07
Epoch 0002 [Train seq (cond on sampled tp)] | Loss 4229792.479146 | MAPE 0.091436 | RMSE 278.114211 | Likelihood -4229789.308306 | KL fp 3.1708 | FP STD 0.8710|
Epoch 0002 [Val seq (cond on sampled tp)] |  MAPE 0.064027 | RMSE 288.762730 |
Epoch 0002 [Test seq (cond on sampled tp)] | MAPE 0.112751 | RMSE 876.944401|
0.12147032469511032,0.11497906595468521,0.10180452466011047
819.0536078304033,909.2884237138401,902.4911703169179
0.12147032469511032,0.11497906595468521,0.10180452466011047
819.0536078304033,909.2884237138401,902.4911703169179
Epoch 0002 [Test seq (cond on sampled tp)] | Best Test MAPE 0.112751|Best Test RMSE 876.944401|
Experiment 07-01_00:07
Epoch 0003 [Train seq (cond on sampled tp)] | Loss 3953821.933343 | MAPE 0.200793 | RMSE 263.556983 | Likelihood -3953815.885277 | KL fp 6.0481 | FP STD 1.1811|
Epoch 0003 [Val seq (cond on sampled tp)] |  MAPE 0.092320 | RMSE 257.498544 |
Epoch 0003 [Test seq (cond on sampled tp)] | MAPE 0.131443 | RMSE 820.088299|
0.13967542350292206,0.1321115493774414,0.12254234403371811
760.0560423416158,854.5443961550505,845.664457689928
Experiment 07-01_00:07
Epoch 0004 [Train seq (cond on sampled tp)] | Loss 3725514.686303 | MAPE 0.438638 | RMSE 249.942673 | Likelihood -3725504.110052 | KL fp 10.5763 | FP STD 1.3310|
Epoch 0004 [Val seq (cond on sampled tp)] |  MAPE 0.157639 | RMSE 230.158921 |
Epoch 0004 [Test seq (cond on sampled tp)] | MAPE 0.184426 | RMSE 754.870400|
0.19957564771175385,0.177231103181839,0.17647184431552887
687.3774436217703,784.0500223200048,793.183735019825
Experiment 07-01_00:07
Epoch 0005 [Train seq (cond on sampled tp)] | Loss 3738700.387903 | MAPE 0.689785 | RMSE 249.052931 | Likelihood -3738686.886874 | KL fp 13.5010 | FP STD 1.3241|
Epoch 0005 [Val seq (cond on sampled tp)] |  MAPE 0.162291 | RMSE 226.189417 |
Epoch 0005 [Test seq (cond on sampled tp)] | MAPE 0.196263 | RMSE 746.412629|
0.21563579142093658,0.19379869103431702,0.1793559342622757
678.4123239225538,781.6564942479529,779.1690686237487
Experiment 07-01_00:07
Epoch 0006 [Train seq (cond on sampled tp)] | Loss 3702679.512291 | MAPE 0.663268 | RMSE 247.351476 | Likelihood -3702666.421152 | KL fp 13.0911 | FP STD 1.2536|
Epoch 0006 [Val seq (cond on sampled tp)] |  MAPE 0.132728 | RMSE 235.813643 |
Epoch 0006 [Test seq (cond on sampled tp)] | MAPE 0.165821 | RMSE 770.012763|
0.18137863278388977,0.1588970273733139,0.15718770027160645
703.2370466279489,805.195900076497,801.605342422317
Experiment 07-01_00:07
Epoch 0007 [Train seq (cond on sampled tp)] | Loss 3686515.323808 | MAPE 0.535856 | RMSE 247.305937 | Likelihood -3686503.303665 | KL fp 12.0201 | FP STD 1.0700|
Epoch 0007 [Val seq (cond on sampled tp)] |  MAPE 0.114190 | RMSE 243.396210 |
Epoch 0007 [Test seq (cond on sampled tp)] | MAPE 0.148053 | RMSE 789.811805|
0.16552294790744781,0.1457531452178955,0.13288141787052155
726.5361742542486,822.9978736303029,819.9013660191084
Experiment 07-01_00:07
Epoch 0008 [Train seq (cond on sampled tp)] | Loss 3696297.396853 | MAPE 0.471111 | RMSE 248.262062 | Likelihood -3696285.608552 | KL fp 11.7883 | FP STD 0.9823|
Epoch 0008 [Val seq (cond on sampled tp)] |  MAPE 0.113067 | RMSE 243.294727 |
Epoch 0008 [Test seq (cond on sampled tp)] | MAPE 0.149346 | RMSE 790.657461|
0.15987205505371094,0.14786796271800995,0.14029671251773834
725.9860535850534,823.3891850152029,822.5971447190904
Experiment 07-01_00:07
Epoch 0009 [Train seq (cond on sampled tp)] | Loss 3692104.758826 | MAPE 0.486692 | RMSE 247.868501 | Likelihood -3692092.013033 | KL fp 12.7458 | FP STD 0.9226|
Epoch 0009 [Val seq (cond on sampled tp)] |  MAPE 0.121613 | RMSE 239.676907 |
Epoch 0009 [Test seq (cond on sampled tp)] | MAPE 0.157619 | RMSE 784.359118|
0.17024275660514832,0.15543711185455322,0.14717848598957062
721.2094226020622,816.2096084952689,815.6583230740675
Experiment 07-01_00:07
Epoch 0010 [Train seq (cond on sampled tp)] | Loss 3683860.301957 | MAPE 0.518014 | RMSE 247.244119 | Likelihood -3683846.419593 | KL fp 13.8824 | FP STD 0.8333|
Epoch 0010 [Val seq (cond on sampled tp)] |  MAPE 0.126448 | RMSE 238.938947 |
Epoch 0010 [Test seq (cond on sampled tp)] | MAPE 0.158223 | RMSE 778.672186|
0.1736549735069275,0.15719638764858246,0.14381666481494904
713.7077264188752,812.5287687214527,809.7800627330855
Experiment 07-01_00:07
Epoch 0011 [Train seq (cond on sampled tp)] | Loss 3683298.782851 | MAPE 0.534124 | RMSE 247.137428 | Likelihood -3683284.221257 | KL fp 14.5616 | FP STD 0.7737|
Epoch 0011 [Val seq (cond on sampled tp)] |  MAPE 0.127809 | RMSE 237.137462 |
Epoch 0011 [Test seq (cond on sampled tp)] | MAPE 0.163492 | RMSE 777.034479|
0.1785217672586441,0.1575937420129776,0.1543593555688858
712.405980638849,810.1066673593052,808.5907880380532
Experiment 07-01_00:07
Epoch 0012 [Train seq (cond on sampled tp)] | Loss 3680437.809795 | MAPE 0.546665 | RMSE 246.880979 | Likelihood -3680422.777013 | KL fp 15.0328 | FP STD 0.7474|
Epoch 0012 [Val seq (cond on sampled tp)] |  MAPE 0.128807 | RMSE 236.431668 |
Epoch 0012 [Test seq (cond on sampled tp)] | MAPE 0.164748 | RMSE 775.690036|
0.17917148768901825,0.1618632823228836,0.1532103568315506
711.3129805156096,807.9656552106655,807.7914721634538
Experiment 07-01_00:07
Epoch 0013 [Train seq (cond on sampled tp)] | Loss 3684461.016736 | MAPE 0.555166 | RMSE 247.061784 | Likelihood -3684445.559992 | KL fp 15.4567 | FP STD 0.7253|
Epoch 0013 [Val seq (cond on sampled tp)] |  MAPE 0.132252 | RMSE 235.750969 |
Epoch 0013 [Test seq (cond on sampled tp)] | MAPE 0.163876 | RMSE 773.249838|
0.1784185767173767,0.16176427900791168,0.15144379436969757
708.4375413542114,806.1510792028998,805.1608923066246
Experiment 07-01_00:07
Epoch 0014 [Train seq (cond on sampled tp)] | Loss 3679721.834900 | MAPE 0.560767 | RMSE 246.730805 | Likelihood -3679705.865135 | KL fp 15.9698 | FP STD 0.6340|
Epoch 0014 [Val seq (cond on sampled tp)] |  MAPE 0.133126 | RMSE 234.732211 |
Epoch 0014 [Test seq (cond on sampled tp)] | MAPE 0.163920 | RMSE 771.487847|
0.17825214564800262,0.16157947480678558,0.15192918479442596
706.4993144016489,805.1191681980997,802.8450582148463
Experiment 07-01_00:07
Epoch 0015 [Train seq (cond on sampled tp)] | Loss 3682036.201217 | MAPE 0.567935 | RMSE 246.844053 | Likelihood -3682019.685704 | KL fp 16.5155 | FP STD 0.6228|
Epoch 0015 [Val seq (cond on sampled tp)] |  MAPE 0.132490 | RMSE 235.896859 |
Epoch 0015 [Test seq (cond on sampled tp)] | MAPE 0.166316 | RMSE 772.726168|
0.1812901645898819,0.1647552102804184,0.15290342271327972
705.937696436449,807.3780093611666,804.862798866987
Experiment 07-01_00:07
Epoch 0016 [Train seq (cond on sampled tp)] | Loss 3681711.938146 | MAPE 0.557360 | RMSE 246.873796 | Likelihood -3681695.028745 | KL fp 16.9094 | FP STD 0.6128|
Epoch 0016 [Val seq (cond on sampled tp)] |  MAPE 0.130187 | RMSE 236.208553 |
Epoch 0016 [Test seq (cond on sampled tp)] | MAPE 0.161885 | RMSE 774.965439|
0.17529627680778503,0.16001540422439575,0.15034396946430206
710.7851072933366,808.3186252957431,805.7925834233025
Experiment 07-01_00:07
Epoch 0017 [Train seq (cond on sampled tp)] | Loss 3682680.927994 | MAPE 0.551253 | RMSE 246.985396 | Likelihood -3682663.383340 | KL fp 17.5447 | FP STD 0.5900|
Epoch 0017 [Val seq (cond on sampled tp)] |  MAPE 0.129997 | RMSE 236.421119 |
Epoch 0017 [Test seq (cond on sampled tp)] | MAPE 0.164180 | RMSE 774.620483|
0.1773676872253418,0.16130931675434113,0.15386447310447693
708.4691021844213,810.4377675059326,804.9545794639596
Experiment 07-01_00:07
Epoch 0018 [Train seq (cond on sampled tp)] | Loss 3682261.921775 | MAPE 0.551925 | RMSE 246.932496 | Likelihood -3682243.785879 | KL fp 18.1359 | FP STD 0.5628|
Epoch 0018 [Val seq (cond on sampled tp)] |  MAPE 0.130802 | RMSE 236.471647 |
Epoch 0018 [Test seq (cond on sampled tp)] | MAPE 0.162838 | RMSE 772.847560|
0.17605113983154297,0.1624561995267868,0.15000569820404053
707.7952122612868,806.1592196954643,804.5882487334749
Experiment 07-01_00:07
Epoch 0019 [Train seq (cond on sampled tp)] | Loss 3682411.790309 | MAPE 0.556311 | RMSE 246.922118 | Likelihood -3682393.130655 | KL fp 18.6597 | FP STD 0.5490|
Epoch 0019 [Val seq (cond on sampled tp)] |  MAPE 0.131691 | RMSE 235.227674 |
Epoch 0019 [Test seq (cond on sampled tp)] | MAPE 0.165720 | RMSE 772.567454|
0.1822885274887085,0.16077131032943726,0.1541011780500412
707.7638200699439,806.8330449975385,803.1054958721177
Experiment 07-01_00:07
Epoch 0020 [Train seq (cond on sampled tp)] | Loss 3683184.456685 | MAPE 0.563224 | RMSE 246.916737 | Likelihood -3683165.186131 | KL fp 19.2706 | FP STD 0.5334|
Epoch 0020 [Val seq (cond on sampled tp)] |  MAPE 0.133182 | RMSE 234.877254 |
Epoch 0020 [Test seq (cond on sampled tp)] | MAPE 0.165281 | RMSE 770.205714|
0.18009066581726074,0.1609373390674591,0.1548146903514862
705.5050274448794,802.9018853508815,802.2102280574587
Experiment 07-01_00:07
Epoch 0021 [Train seq (cond on sampled tp)] | Loss 3682023.307546 | MAPE 0.569232 | RMSE 246.811720 | Likelihood -3682003.374805 | KL fp 19.9327 | FP STD 0.5332|
Epoch 0021 [Val seq (cond on sampled tp)] |  MAPE 0.133189 | RMSE 235.557019 |
Epoch 0021 [Test seq (cond on sampled tp)] | MAPE 0.163749 | RMSE 771.770075|
0.18076612055301666,0.16176816821098328,0.14871253073215485
707.9697424678543,804.4111588609397,802.9293244115574
Experiment 07-01_00:07
Epoch 0022 [Train seq (cond on sampled tp)] | Loss 3682381.877067 | MAPE 0.561694 | RMSE 246.878148 | Likelihood -3682361.893019 | KL fp 19.9840 | FP STD 0.7596|
Epoch 0022 [Val seq (cond on sampled tp)] |  MAPE 0.131381 | RMSE 236.184325 |
Epoch 0022 [Test seq (cond on sampled tp)] | MAPE 0.161626 | RMSE 772.502393|
0.1749487817287445,0.15894536674022675,0.1509844809770584
706.5220051420904,806.7066923609844,804.2784810002067
Experiment 07-01_00:07
Epoch 0023 [Train seq (cond on sampled tp)] | Loss 3681005.723289 | MAPE 0.556482 | RMSE 246.847846 | Likelihood -3680985.309587 | KL fp 20.4137 | FP STD 0.9327|
Epoch 0023 [Val seq (cond on sampled tp)] |  MAPE 0.131576 | RMSE 235.926606 |
Epoch 0023 [Test seq (cond on sampled tp)] | MAPE 0.163866 | RMSE 771.723689|
0.18215186893939972,0.15954969823360443,0.14989762008190155
709.9216726160711,803.21280648406,802.0365873823962
Experiment 07-01_00:07
Epoch 0024 [Train seq (cond on sampled tp)] | Loss 3682230.359093 | MAPE 0.557663 | RMSE 246.876258 | Likelihood -3682209.245321 | KL fp 21.1138 | FP STD 0.9770|
Epoch 0024 [Val seq (cond on sampled tp)] |  MAPE 0.131889 | RMSE 235.921614 |
Epoch 0024 [Test seq (cond on sampled tp)] | MAPE 0.164693 | RMSE 770.879774|
0.18185053765773773,0.16083529591560364,0.15139201283454895
704.8927223343989,805.3413096321335,802.4052903614232
Experiment 07-01_00:07
Epoch 0025 [Train seq (cond on sampled tp)] | Loss 3679027.739949 | MAPE 0.561590 | RMSE 246.663746 | Likelihood -3679006.018109 | KL fp 21.7218 | FP STD 0.9752|
Epoch 0025 [Val seq (cond on sampled tp)] |  MAPE 0.130135 | RMSE 234.690829 |
Epoch 0025 [Test seq (cond on sampled tp)] | MAPE 0.165282 | RMSE 771.585297|
0.17748725414276123,0.1633625626564026,0.1549951285123825
707.2556998709872,803.4952162272032,804.0049751089853
Experiment 07-01_00:07
Epoch 0026 [Train seq (cond on sampled tp)] | Loss 3684134.700942 | MAPE 0.565099 | RMSE 246.968820 | Likelihood -3684112.365351 | KL fp 22.3356 | FP STD 0.9973|
Epoch 0026 [Val seq (cond on sampled tp)] |  MAPE 0.135185 | RMSE 235.008660 |
Epoch 0026 [Test seq (cond on sampled tp)] | MAPE 0.165331 | RMSE 770.250525|
0.1785140186548233,0.16189676523208618,0.15558326244354248
707.2395943030905,801.9791534073688,801.5328283981886
Experiment 07-01_00:07
Epoch 0027 [Train seq (cond on sampled tp)] | Loss 3682083.498172 | MAPE 0.565374 | RMSE 246.793223 | Likelihood -3682060.507551 | KL fp 22.9906 | FP STD 0.9996|
Epoch 0027 [Val seq (cond on sampled tp)] |  MAPE 0.131944 | RMSE 235.250266 |
Epoch 0027 [Test seq (cond on sampled tp)] | MAPE 0.162637 | RMSE 772.737904|
0.17461735010147095,0.16175326704978943,0.15153901278972626
708.8241142907033,805.6300329555745,803.7595644843052
Experiment 07-01_00:07
Epoch 0028 [Train seq (cond on sampled tp)] | Loss 3682536.292484 | MAPE 0.565569 | RMSE 246.849307 | Likelihood -3682512.617054 | KL fp 23.6754 | FP STD 1.0239|
Epoch 0028 [Val seq (cond on sampled tp)] |  MAPE 0.133117 | RMSE 234.777529 |
Epoch 0028 [Test seq (cond on sampled tp)] | MAPE 0.165937 | RMSE 771.009196|
0.17717239260673523,0.16219495236873627,0.15844333171844482
706.2742694945074,805.1462988177987,801.6070187442223
Experiment 07-01_00:07
Epoch 0029 [Train seq (cond on sampled tp)] | Loss 3682664.429287 | MAPE 0.561965 | RMSE 246.878022 | Likelihood -3682639.778187 | KL fp 24.6511 | FP STD 1.0028|
Epoch 0029 [Val seq (cond on sampled tp)] |  MAPE 0.130053 | RMSE 235.367806 |
Epoch 0029 [Test seq (cond on sampled tp)] | MAPE 0.164886 | RMSE 774.214986|
0.17626206576824188,0.16508306562900543,0.15331289172172546
709.5447484126706,809.6810328765273,803.4191776401656
Experiment 07-01_00:07
Epoch 0030 [Train seq (cond on sampled tp)] | Loss 3682578.977318 | MAPE 0.558736 | RMSE 246.916490 | Likelihood -3682553.628895 | KL fp 25.3484 | FP STD 0.9619|
Epoch 0030 [Val seq (cond on sampled tp)] |  MAPE 0.131636 | RMSE 235.577167 |
Epoch 0030 [Test seq (cond on sampled tp)] | MAPE 0.162843 | RMSE 773.386835|
0.17830461263656616,0.15822678804397583,0.151997372508049
708.6311849262634,807.0395746182463,804.4897451179847
Experiment 07-01_00:07
Epoch 0031 [Train seq (cond on sampled tp)] | Loss 3679970.978998 | MAPE 0.556997 | RMSE 246.750047 | Likelihood -3679944.904295 | KL fp 26.0747 | FP STD 0.9546|
Epoch 0031 [Val seq (cond on sampled tp)] |  MAPE 0.131781 | RMSE 235.708705 |
Epoch 0031 [Test seq (cond on sampled tp)] | MAPE 0.164318 | RMSE 772.159527|
0.17679259181022644,0.1640661656856537,0.15209637582302094
709.261411610698,805.2551614240048,801.9620081400366
Experiment 07-01_00:07
Epoch 0032 [Train seq (cond on sampled tp)] | Loss 3679899.679196 | MAPE 0.558445 | RMSE 246.734948 | Likelihood -3679873.090472 | KL fp 26.5887 | FP STD 0.9424|
Epoch 0032 [Val seq (cond on sampled tp)] |  MAPE 0.131721 | RMSE 235.909940 |
Epoch 0032 [Test seq (cond on sampled tp)] | MAPE 0.162531 | RMSE 770.076618|
0.18060095608234406,0.15891340374946594,0.14807772636413574
706.5048434016571,802.384181673592,801.3408294851823
Experiment 07-01_00:07
Epoch 0033 [Train seq (cond on sampled tp)] | Loss 3684740.789161 | MAPE 0.561318 | RMSE 246.995540 | Likelihood -3684713.502220 | KL fp 27.2869 | FP STD 0.9219|
Epoch 0033 [Val seq (cond on sampled tp)] |  MAPE 0.131767 | RMSE 234.748569 |
Epoch 0033 [Test seq (cond on sampled tp)] | MAPE 0.162604 | RMSE 770.631275|
0.17844600975513458,0.15766265988349915,0.15170446038246155
706.284844273187,805.356442825163,800.2525382652653
Experiment 07-01_00:07
Epoch 0034 [Train seq (cond on sampled tp)] | Loss 3681288.729308 | MAPE 0.566355 | RMSE 246.793663 | Likelihood -3681260.954724 | KL fp 27.7746 | FP STD 0.9174|
Epoch 0034 [Val seq (cond on sampled tp)] |  MAPE 0.134301 | RMSE 234.533280 |
Epoch 0034 [Test seq (cond on sampled tp)] | MAPE 0.168388 | RMSE 771.742181|
0.1818043440580368,0.16536590456962585,0.15799427032470703
706.7719752508584,805.760432759018,802.6941353965407
Experiment 07-01_00:07
Epoch 0035 [Train seq (cond on sampled tp)] | Loss 3681324.928542 | MAPE 0.566013 | RMSE 246.807045 | Likelihood -3681296.400617 | KL fp 28.5279 | FP STD 0.9735|
Epoch 0035 [Val seq (cond on sampled tp)] |  MAPE 0.128601 | RMSE 236.144768 |
Epoch 0035 [Test seq (cond on sampled tp)] | MAPE 0.163927 | RMSE 774.026554|
0.17705067992210388,0.16301658749580383,0.15171410143375397
709.667329634104,806.8618608535169,805.5504717272531
Experiment 07-01_00:07
Epoch 0036 [Train seq (cond on sampled tp)] | Loss 3681348.814615 | MAPE 0.548478 | RMSE 246.878446 | Likelihood -3681319.364559 | KL fp 29.4501 | FP STD 0.9182|
Epoch 0036 [Val seq (cond on sampled tp)] |  MAPE 0.127336 | RMSE 237.935267 |
Epoch 0036 [Test seq (cond on sampled tp)] | MAPE 0.160675 | RMSE 776.671861|
0.1739226132631302,0.15684542059898376,0.15125751495361328
713.2520373262175,808.1938195754778,808.5697248846261
Experiment 07-01_00:07
Epoch 0037 [Train seq (cond on sampled tp)] | Loss 3683377.052366 | MAPE 0.540443 | RMSE 247.100454 | Likelihood -3683346.954262 | KL fp 30.0981 | FP STD 0.8996|
Epoch 0037 [Val seq (cond on sampled tp)] |  MAPE 0.127125 | RMSE 237.989167 |
Epoch 0037 [Test seq (cond on sampled tp)] | MAPE 0.158919 | RMSE 777.560609|
0.17258460819721222,0.1580430418252945,0.14612890779972076
714.9497578501583,810.8552968933483,806.8767718803163
Experiment 07-01_00:07
Epoch 0038 [Train seq (cond on sampled tp)] | Loss 3682536.449197 | MAPE 0.536623 | RMSE 247.056980 | Likelihood -3682505.955980 | KL fp 30.4932 | FP STD 0.8916|
Epoch 0038 [Val seq (cond on sampled tp)] |  MAPE 0.126729 | RMSE 237.753927 |
Epoch 0038 [Test seq (cond on sampled tp)] | MAPE 0.161103 | RMSE 777.845543|
0.17647399008274078,0.160874605178833,0.14596027135849
712.2992041621274,811.272611395208,809.9648140505858
Experiment 07-01_00:07
Epoch 0039 [Train seq (cond on sampled tp)] | Loss 3682480.896352 | MAPE 0.536889 | RMSE 247.038187 | Likelihood -3682449.992092 | KL fp 30.9043 | FP STD 0.8780|
Epoch 0039 [Val seq (cond on sampled tp)] |  MAPE 0.127395 | RMSE 237.602798 |
Epoch 0039 [Test seq (cond on sampled tp)] | MAPE 0.160205 | RMSE 777.099509|
0.17260043323040009,0.16084666550159454,0.14716826379299164
713.1219653747878,810.5978118031161,807.5787500299894
Experiment 07-01_00:07
Epoch 0040 [Train seq (cond on sampled tp)] | Loss 3682934.282362 | MAPE 0.540185 | RMSE 247.040868 | Likelihood -3682902.953407 | KL fp 31.3290 | FP STD 0.8560|
Epoch 0040 [Val seq (cond on sampled tp)] |  MAPE 0.127722 | RMSE 237.233271 |
Epoch 0040 [Test seq (cond on sampled tp)] | MAPE 0.161537 | RMSE 776.232346|
0.17627976834774017,0.1579524427652359,0.15037910640239716
710.1019513069937,810.4093872852164,808.1856995765268
Experiment 07-01_00:07
Epoch 0041 [Train seq (cond on sampled tp)] | Loss 3682252.453815 | MAPE 0.543182 | RMSE 247.002063 | Likelihood -3682220.704335 | KL fp 31.7495 | FP STD 0.8338|
Epoch 0041 [Val seq (cond on sampled tp)] |  MAPE 0.128401 | RMSE 237.008430 |
Epoch 0041 [Test seq (cond on sampled tp)] | MAPE 0.160776 | RMSE 776.390329|
0.17479026317596436,0.15741030871868134,0.15012624859809875
712.4341855568134,808.9526407645876,807.784160528046
Experiment 07-01_00:07
Epoch 0042 [Train seq (cond on sampled tp)] | Loss 3682840.992748 | MAPE 0.546991 | RMSE 246.985905 | Likelihood -3682808.793053 | KL fp 32.1997 | FP STD 0.8068|
Epoch 0042 [Val seq (cond on sampled tp)] |  MAPE 0.128665 | RMSE 236.508597 |
Epoch 0042 [Test seq (cond on sampled tp)] | MAPE 0.164165 | RMSE 774.901690|
0.17824877798557281,0.16251498460769653,0.1517299860715866
709.1809756684114,809.0269232232015,806.4971714147546
Experiment 07-01_00:07
Epoch 0043 [Train seq (cond on sampled tp)] | Loss 3682822.928085 | MAPE 0.549999 | RMSE 246.972164 | Likelihood -3682790.231110 | KL fp 32.6970 | FP STD 0.7667|
Epoch 0043 [Val seq (cond on sampled tp)] |  MAPE 0.130983 | RMSE 236.523511 |
Epoch 0043 [Test seq (cond on sampled tp)] | MAPE 0.163921 | RMSE 773.333863|
0.17963245511054993,0.16118071973323822,0.15094918012619019
709.122807594002,806.9118213906647,803.966961385852
Experiment 07-01_00:07
Epoch 0044 [Train seq (cond on sampled tp)] | Loss 3682102.685841 | MAPE 0.553618 | RMSE 246.910231 | Likelihood -3682069.414822 | KL fp 33.2710 | FP STD 0.7233|
Epoch 0044 [Val seq (cond on sampled tp)] |  MAPE 0.131074 | RMSE 235.559598 |
Epoch 0044 [Test seq (cond on sampled tp)] | MAPE 0.164230 | RMSE 773.211807|
0.18037468194961548,0.16069558262825012,0.15161827206611633
707.7746154320597,806.1026609557867,805.758144544627
Experiment 07-01_00:07
Epoch 0045 [Train seq (cond on sampled tp)] | Loss 3679606.450033 | MAPE 0.557241 | RMSE 246.733591 | Likelihood -3679572.692441 | KL fp 33.7576 | FP STD 0.7195|
Epoch 0045 [Val seq (cond on sampled tp)] |  MAPE 0.132006 | RMSE 235.699168 |
Epoch 0045 [Test seq (cond on sampled tp)] | MAPE 0.164570 | RMSE 772.072839|
0.17934955656528473,0.16060055792331696,0.15375889837741852
707.4209319775603,805.2758844023581,803.5217016359919
Experiment 07-01_00:07
Epoch 0046 [Train seq (cond on sampled tp)] | Loss 3681042.557414 | MAPE 0.562213 | RMSE 246.796514 | Likelihood -3681008.402064 | KL fp 34.1553 | FP STD 0.7878|
Epoch 0046 [Val seq (cond on sampled tp)] |  MAPE 0.132134 | RMSE 235.430548 |
Epoch 0046 [Test seq (cond on sampled tp)] | MAPE 0.165219 | RMSE 771.191470|
0.18040449917316437,0.1610184758901596,0.15423303842544556
705.6711565949114,803.9505970518338,803.9526571882202
Experiment 07-01_00:07
Epoch 0047 [Train seq (cond on sampled tp)] | Loss 3683159.802672 | MAPE 0.564806 | RMSE 246.877243 | Likelihood -3683125.226175 | KL fp 34.5765 | FP STD 0.8871|
Epoch 0047 [Val seq (cond on sampled tp)] |  MAPE 0.132889 | RMSE 235.430540 |
Epoch 0047 [Test seq (cond on sampled tp)] | MAPE 0.166630 | RMSE 770.748306|
0.18352612853050232,0.16232362389564514,0.15403972566127777
705.5201760049106,804.2426173114678,802.4821259691707
Experiment 07-01_00:07
Epoch 0048 [Train seq (cond on sampled tp)] | Loss 3682182.046614 | MAPE 0.566680 | RMSE 246.820019 | Likelihood -3682146.709846 | KL fp 35.3368 | FP STD 0.9053|
Epoch 0048 [Val seq (cond on sampled tp)] |  MAPE 0.134301 | RMSE 235.415059 |
Epoch 0048 [Test seq (cond on sampled tp)] | MAPE 0.166723 | RMSE 771.456638|
0.18231551349163055,0.16424453258514404,0.15360794961452484
707.3373929745267,805.6138187742313,801.4187029886438
Experiment 07-01_00:07
Epoch 0049 [Train seq (cond on sampled tp)] | Loss 3682246.432631 | MAPE 0.564972 | RMSE 246.820852 | Likelihood -3682210.124501 | KL fp 36.3081 | FP STD 0.9012|
Epoch 0049 [Val seq (cond on sampled tp)] |  MAPE 0.133696 | RMSE 235.062242 |
Epoch 0049 [Test seq (cond on sampled tp)] | MAPE 0.165265 | RMSE 770.293308|
0.18100707232952118,0.16073112189769745,0.15405818819999695
704.702109050342,804.4875309785727,801.6902846486291
Experiment 07-01_00:07
Epoch 0050 [Train seq (cond on sampled tp)] | Loss 3680831.578026 | MAPE 0.565350 | RMSE 246.735944 | Likelihood -3680794.545065 | KL fp 37.0330 | FP STD 1.0096|
Epoch 0050 [Val seq (cond on sampled tp)] |  MAPE 0.132543 | RMSE 235.953427 |
Epoch 0050 [Test seq (cond on sampled tp)] | MAPE 0.166569 | RMSE 771.201211|
0.18074560165405273,0.16261076927185059,0.15635143220424652
706.6240602328794,804.7669305457326,802.2126432561382
Experiment 07-01_00:07
Epoch 0051 [Train seq (cond on sampled tp)] | Loss 3682724.175478 | MAPE 0.563651 | RMSE 246.860137 | Likelihood -3682686.499226 | KL fp 37.6763 | FP STD 1.1193|
Epoch 0051 [Val seq (cond on sampled tp)] |  MAPE 0.132900 | RMSE 235.509579 |
Epoch 0051 [Test seq (cond on sampled tp)] | MAPE 0.163822 | RMSE 771.650630|
0.18051597476005554,0.15666580200195312,0.15428423881530762
706.8320831357331,805.6258436768275,802.4939641517561
Experiment 07-01_00:07
Epoch 0052 [Train seq (cond on sampled tp)] | Loss 3681471.412286 | MAPE 0.564525 | RMSE 246.788543 | Likelihood -3681432.706560 | KL fp 38.7057 | FP STD 1.1662|
Epoch 0052 [Val seq (cond on sampled tp)] |  MAPE 0.132483 | RMSE 235.430025 |
Epoch 0052 [Test seq (cond on sampled tp)] | MAPE 0.164454 | RMSE 770.570785|
0.18167422711849213,0.15940511226654053,0.15228396654129028
707.0093484176854,802.309907392399,802.3931003566768
Experiment 07-01_00:07
Epoch 0053 [Train seq (cond on sampled tp)] | Loss 3685749.224121 | MAPE 0.565378 | RMSE 247.031362 | Likelihood -3685709.659295 | KL fp 39.5648 | FP STD 1.2192|
Epoch 0053 [Val seq (cond on sampled tp)] |  MAPE 0.132354 | RMSE 235.491283 |
Epoch 0053 [Test seq (cond on sampled tp)] | MAPE 0.167724 | RMSE 772.103344|
0.184557244181633,0.16397449374198914,0.1546405404806137
706.1420713992334,805.7709429484287,804.3970179581722
Experiment 07-01_00:07
Epoch 0054 [Train seq (cond on sampled tp)] | Loss 3682735.057127 | MAPE 0.564218 | RMSE 246.846474 | Likelihood -3682694.535482 | KL fp 40.5216 | FP STD 1.2184|
Epoch 0054 [Val seq (cond on sampled tp)] |  MAPE 0.132852 | RMSE 235.193645 |
Epoch 0054 [Test seq (cond on sampled tp)] | MAPE 0.163254 | RMSE 769.493296|
0.17922312021255493,0.1585390567779541,0.1520003229379654
702.2785683046294,804.1243684903474,802.0769523555705
Experiment 07-01_00:07
Epoch 0055 [Train seq (cond on sampled tp)] | Loss 3682150.298072 | MAPE 0.567761 | RMSE 246.825138 | Likelihood -3682108.421797 | KL fp 41.8763 | FP STD 1.1119|
Epoch 0055 [Val seq (cond on sampled tp)] |  MAPE 0.130758 | RMSE 235.475981 |
Epoch 0055 [Test seq (cond on sampled tp)] | MAPE 0.165334 | RMSE 771.948130|
0.1820649653673172,0.16051730513572693,0.1534195840358734
706.0382647208294,806.0873479344531,803.7187785537924
Experiment 07-01_00:07
Epoch 0056 [Train seq (cond on sampled tp)] | Loss 3684108.035797 | MAPE 0.560780 | RMSE 246.969839 | Likelihood -3684064.885272 | KL fp 43.1505 | FP STD 1.0986|
Epoch 0056 [Val seq (cond on sampled tp)] |  MAPE 0.131851 | RMSE 236.116124 |
Epoch 0056 [Test seq (cond on sampled tp)] | MAPE 0.164199 | RMSE 773.329883|
0.18277259171009064,0.16037677228450775,0.14944866299629211
708.7807533010473,805.6749111769585,805.533984385513
Experiment 07-01_00:07
Epoch 0057 [Train seq (cond on sampled tp)] | Loss 3682463.834688 | MAPE 0.559789 | RMSE 246.877912 | Likelihood -3682419.735949 | KL fp 44.0987 | FP STD 1.0871|
Epoch 0057 [Val seq (cond on sampled tp)] |  MAPE 0.130859 | RMSE 236.361201 |
Epoch 0057 [Test seq (cond on sampled tp)] | MAPE 0.163742 | RMSE 772.345520|
0.1794634610414505,0.1621062010526657,0.14965756237506866
705.9957064317034,806.9560861657839,804.0847669866654
Experiment 07-01_00:07
Epoch 0058 [Train seq (cond on sampled tp)] | Loss 3681544.496918 | MAPE 0.556890 | RMSE 246.849317 | Likelihood -3681499.535233 | KL fp 44.9617 | FP STD 1.0585|
Epoch 0058 [Val seq (cond on sampled tp)] |  MAPE 0.130633 | RMSE 235.559863 |
Epoch 0058 [Test seq (cond on sampled tp)] | MAPE 0.164986 | RMSE 771.947830|
0.17912019789218903,0.16264626383781433,0.1531914621591568
709.1373941275414,805.0959181985709,801.6101764573601
Experiment 07-01_00:07
Epoch 0059 [Train seq (cond on sampled tp)] | Loss 3681172.909451 | MAPE 0.557269 | RMSE 246.815083 | Likelihood -3681127.083394 | KL fp 45.8261 | FP STD 1.0291|
Epoch 0059 [Val seq (cond on sampled tp)] |  MAPE 0.132779 | RMSE 236.044918 |
Epoch 0059 [Test seq (cond on sampled tp)] | MAPE 0.163871 | RMSE 772.659922|
0.17825214564800262,0.15966568887233734,0.15369535982608795
708.3941125884659,805.9131466851748,803.6725079284472
Experiment 07-01_00:07
Epoch 0060 [Train seq (cond on sampled tp)] | Loss 3682555.477231 | MAPE 0.561893 | RMSE 246.862542 | Likelihood -3682508.907343 | KL fp 46.5699 | FP STD 0.9804|
Epoch 0060 [Val seq (cond on sampled tp)] |  MAPE 0.133148 | RMSE 235.622720 |
Epoch 0060 [Test seq (cond on sampled tp)] | MAPE 0.165771 | RMSE 770.953226|
0.18025265634059906,0.1639024317264557,0.15315786004066467
706.8123203863951,804.2101715347799,801.8371873391754
Experiment 07-01_00:07
Epoch 0061 [Train seq (cond on sampled tp)] | Loss 3682219.673189 | MAPE 0.563555 | RMSE 246.841113 | Likelihood -3682172.186677 | KL fp 47.4865 | FP STD 0.9578|
Epoch 0061 [Val seq (cond on sampled tp)] |  MAPE 0.133002 | RMSE 235.292844 |
Epoch 0061 [Test seq (cond on sampled tp)] | MAPE 0.166667 | RMSE 771.306008|
0.18245002627372742,0.16419486701488495,0.1533554196357727
705.9721134719133,804.4915708073019,803.4543390884139
Experiment 07-01_00:07
Epoch 0062 [Train seq (cond on sampled tp)] | Loss 3682740.134437 | MAPE 0.566453 | RMSE 246.845009 | Likelihood -3682691.591043 | KL fp 48.5434 | FP STD 0.9676|
Epoch 0062 [Val seq (cond on sampled tp)] |  MAPE 0.132291 | RMSE 235.302955 |
Epoch 0062 [Test seq (cond on sampled tp)] | MAPE 0.165234 | RMSE 771.357196|
0.1802215576171875,0.16278350353240967,0.15269728004932404
706.3911363402007,805.3966026126507,802.2838493949632
Experiment 07-01_00:07
Epoch 0063 [Train seq (cond on sampled tp)] | Loss 3680533.409147 | MAPE 0.562725 | RMSE 246.729354 | Likelihood -3680483.730604 | KL fp 49.6785 | FP STD 0.9653|
Epoch 0063 [Val seq (cond on sampled tp)] |  MAPE 0.131577 | RMSE 235.442170 |
Epoch 0063 [Test seq (cond on sampled tp)] | MAPE 0.164731 | RMSE 772.059396|
0.18103553354740143,0.16036757826805115,0.15278945863246918
708.5897526072473,804.5726350056905,803.0157999690915
Experiment 07-01_00:07
Epoch 0064 [Train seq (cond on sampled tp)] | Loss 3680825.656867 | MAPE 0.561523 | RMSE 246.767590 | Likelihood -3680775.025035 | KL fp 50.6318 | FP STD 0.9715|
Epoch 0064 [Val seq (cond on sampled tp)] |  MAPE 0.131162 | RMSE 235.260104 |
Epoch 0064 [Test seq (cond on sampled tp)] | MAPE 0.164838 | RMSE 772.428138|
0.18229185044765472,0.16270732879638672,0.1495160013437271
707.9666526397978,805.4640743074765,803.8536869356263
Experiment 07-01_00:07
Epoch 0065 [Train seq (cond on sampled tp)] | Loss 3683736.232209 | MAPE 0.561042 | RMSE 246.920087 | Likelihood -3683684.615296 | KL fp 51.6169 | FP STD 0.9737|
Epoch 0065 [Val seq (cond on sampled tp)] |  MAPE 0.131907 | RMSE 235.791760 |
Epoch 0065 [Test seq (cond on sampled tp)] | MAPE 0.164964 | RMSE 772.223003|
0.179701566696167,0.16018258035182953,0.15500670671463013
707.4284857849591,805.1651616283457,804.0753618287281
Experiment 07-01_00:07
Epoch 0066 [Train seq (cond on sampled tp)] | Loss 3682397.582247 | MAPE 0.559287 | RMSE 246.867563 | Likelihood -3682344.819928 | KL fp 52.7623 | FP STD 0.9042|
Epoch 0066 [Val seq (cond on sampled tp)] |  MAPE 0.131153 | RMSE 235.165459 |
Epoch 0066 [Test seq (cond on sampled tp)] | MAPE 0.163577 | RMSE 772.608675|
0.17796239256858826,0.16148850321769714,0.15127955377101898
707.260957850778,806.9623597169821,803.6027081213701
Experiment 07-01_00:07
Epoch 0067 [Train seq (cond on sampled tp)] | Loss 3681433.200930 | MAPE 0.559819 | RMSE 246.803301 | Likelihood -3681379.525467 | KL fp 53.6755 | FP STD 0.8386|
Epoch 0067 [Val seq (cond on sampled tp)] |  MAPE 0.131357 | RMSE 235.858182 |
Epoch 0067 [Test seq (cond on sampled tp)] | MAPE 0.163684 | RMSE 771.564736|
0.17800259590148926,0.16125762462615967,0.1517919898033142
706.3773115339987,805.3839146643047,802.9329828821332
Experiment 07-01_00:07
Epoch 0068 [Train seq (cond on sampled tp)] | Loss 3683189.871404 | MAPE 0.558320 | RMSE 246.916179 | Likelihood -3683135.292367 | KL fp 54.5790 | FP STD 0.7999|
Epoch 0068 [Val seq (cond on sampled tp)] |  MAPE 0.132369 | RMSE 236.197183 |
Epoch 0068 [Test seq (cond on sampled tp)] | MAPE 0.166813 | RMSE 773.073805|
0.18284279108047485,0.1640845090150833,0.15351194143295288
708.9281962935315,805.1330635367051,805.1601548760345
Experiment 07-01_00:07
Epoch 0069 [Train seq (cond on sampled tp)] | Loss 3683408.473357 | MAPE 0.560601 | RMSE 246.932478 | Likelihood -3683352.655750 | KL fp 55.8176 | FP STD 0.7076|
Epoch 0069 [Val seq (cond on sampled tp)] |  MAPE 0.132250 | RMSE 236.105991 |
Epoch 0069 [Test seq (cond on sampled tp)] | MAPE 0.165747 | RMSE 772.077900|
0.18043120205402374,0.16388551890850067,0.15292511880397797
706.1690440326594,806.0994820740179,803.965173375066
Experiment 07-01_00:07
Epoch 0070 [Train seq (cond on sampled tp)] | Loss 3683533.731966 | MAPE 0.562287 | RMSE 246.913250 | Likelihood -3683477.040896 | KL fp 56.6911 | FP STD 0.6532|
Epoch 0070 [Val seq (cond on sampled tp)] |  MAPE 0.133421 | RMSE 235.229011 |
Epoch 0070 [Test seq (cond on sampled tp)] | MAPE 0.164144 | RMSE 771.233868|
0.17821942269802094,0.16373813152313232,0.15047448873519897
705.968793573767,805.4440545438274,802.288757243924
Experiment 07-01_00:07
Epoch 0071 [Train seq (cond on sampled tp)] | Loss 3682994.458850 | MAPE 0.565324 | RMSE 246.862519 | Likelihood -3682936.909516 | KL fp 57.5493 | FP STD 0.6646|
Epoch 0071 [Val seq (cond on sampled tp)] |  MAPE 0.132867 | RMSE 235.121794 |
Epoch 0071 [Test seq (cond on sampled tp)] | MAPE 0.165907 | RMSE 771.346023|
0.1811215579509735,0.1633225530385971,0.15327571332454681
706.5441422869487,804.1088623438993,803.3850648972758
Experiment 07-01_00:07
Epoch 0072 [Train seq (cond on sampled tp)] | Loss 3681771.956775 | MAPE 0.565475 | RMSE 246.787097 | Likelihood -3681713.490469 | KL fp 58.4663 | FP STD 0.6529|
Epoch 0072 [Val seq (cond on sampled tp)] |  MAPE 0.133536 | RMSE 235.156514 |
Epoch 0072 [Test seq (cond on sampled tp)] | MAPE 0.164561 | RMSE 771.555975|
0.17914746701717377,0.1605086475610733,0.15402579307556152
706.3461217774187,804.907059852254,803.4147434544626
Experiment 07-01_00:07
Epoch 0073 [Train seq (cond on sampled tp)] | Loss 3681819.311755 | MAPE 0.562265 | RMSE 246.794882 | Likelihood -3681759.669639 | KL fp 59.6421 | FP STD 0.6548|
Epoch 0073 [Val seq (cond on sampled tp)] |  MAPE 0.132953 | RMSE 235.233204 |
Epoch 0073 [Test seq (cond on sampled tp)] | MAPE 0.165411 | RMSE 771.404267|
0.17979560792446136,0.16297373175621033,0.15346305072307587
706.185461652957,805.529988578948,802.4973520205534
Experiment 07-01_00:07
Epoch 0074 [Train seq (cond on sampled tp)] | Loss 3680960.121132 | MAPE 0.563630 | RMSE 246.743595 | Likelihood -3680899.025927 | KL fp 61.0952 | FP STD 0.6075|
Epoch 0074 [Val seq (cond on sampled tp)] |  MAPE 0.132378 | RMSE 235.568901 |
Epoch 0074 [Test seq (cond on sampled tp)] | MAPE 0.164845 | RMSE 771.261741|
0.17888644337654114,0.1621844470500946,0.15346501767635345
706.6997682891937,805.0908333846561,801.9946227999287
Experiment 07-01_00:07
Epoch 0075 [Train seq (cond on sampled tp)] | Loss 3681509.626596 | MAPE 0.566569 | RMSE 246.767980 | Likelihood -3681447.593251 | KL fp 62.0333 | FP STD 0.6325|
Epoch 0075 [Val seq (cond on sampled tp)] |  MAPE 0.131845 | RMSE 235.295119 |
Epoch 0075 [Test seq (cond on sampled tp)] | MAPE 0.164975 | RMSE 771.808403|
0.180383563041687,0.16122695803642273,0.15331432223320007
705.8856803689957,806.2281004777742,803.3114277787912
Experiment 07-01_00:07
Epoch 0076 [Train seq (cond on sampled tp)] | Loss 3682828.319747 | MAPE 0.563304 | RMSE 246.849039 | Likelihood -3682765.257007 | KL fp 63.0627 | FP STD 0.6223|
Epoch 0076 [Val seq (cond on sampled tp)] |  MAPE 0.132451 | RMSE 235.709915 |
Epoch 0076 [Test seq (cond on sampled tp)] | MAPE 0.165725 | RMSE 771.094808|
0.17919780313968658,0.16026632487773895,0.15771207213401794
707.1976164764698,805.274642590961,800.8121658666282
Experiment 07-01_00:07
Epoch 0077 [Train seq (cond on sampled tp)] | Loss 3681648.421520 | MAPE 0.567002 | RMSE 246.773544 | Likelihood -3681584.053892 | KL fp 64.3676 | FP STD 0.6083|
Epoch 0077 [Val seq (cond on sampled tp)] |  MAPE 0.131697 | RMSE 235.017619 |
Epoch 0077 [Test seq (cond on sampled tp)] | MAPE 0.165870 | RMSE 770.056273|
0.18264690041542053,0.1642407923936844,0.1507224589586258
705.7167013044257,803.7281101218247,800.7240083199704
Experiment 07-01_00:07
Epoch 0078 [Train seq (cond on sampled tp)] | Loss 3682838.157687 | MAPE 0.564939 | RMSE 246.838167 | Likelihood -3682772.803779 | KL fp 65.3539 | FP STD 0.6785|
Epoch 0078 [Val seq (cond on sampled tp)] |  MAPE 0.132624 | RMSE 235.286893 |
Epoch 0078 [Test seq (cond on sampled tp)] | MAPE 0.165604 | RMSE 771.193662|
0.18125846982002258,0.16272412240505219,0.15282928943634033
706.1773413952051,805.0150231517422,802.3886215544186
Experiment 07-01_00:07
Epoch 0079 [Train seq (cond on sampled tp)] | Loss 3682944.343317 | MAPE 0.567649 | RMSE 246.836610 | Likelihood -3682877.867238 | KL fp 66.4761 | FP STD 0.7712|
Epoch 0079 [Val seq (cond on sampled tp)] |  MAPE 0.130474 | RMSE 235.724780 |
Epoch 0079 [Test seq (cond on sampled tp)] | MAPE 0.165455 | RMSE 772.634297|
0.18076403439044952,0.16537150740623474,0.15022917091846466
708.2464481026361,806.5249143702878,803.1315272108299
Experiment 07-01_00:07
Epoch 0080 [Train seq (cond on sampled tp)] | Loss 3680641.579738 | MAPE 0.559662 | RMSE 246.745235 | Likelihood -3680573.387013 | KL fp 68.1927 | FP STD 0.8216|
Epoch 0080 [Val seq (cond on sampled tp)] |  MAPE 0.130218 | RMSE 235.858132 |
Epoch 0080 [Test seq (cond on sampled tp)] | MAPE 0.162403 | RMSE 773.285757|
0.17853526771068573,0.15849056839942932,0.15018458664417267
708.6926564103793,806.386461319881,804.7781526607193
Experiment 07-01_00:07
Epoch 0081 [Train seq (cond on sampled tp)] | Loss 3683107.092598 | MAPE 0.556320 | RMSE 246.925910 | Likelihood -3683037.916877 | KL fp 69.1757 | FP STD 0.9021|
Epoch 0081 [Val seq (cond on sampled tp)] |  MAPE 0.129461 | RMSE 236.174790 |
Epoch 0081 [Test seq (cond on sampled tp)] | MAPE 0.163555 | RMSE 773.283216|
0.18028105795383453,0.16105137765407562,0.1493312567472458
707.9821016452323,808.4091631098697,803.4583841120833
Experiment 07-01_00:07
Epoch 0082 [Train seq (cond on sampled tp)] | Loss 3681044.985110 | MAPE 0.555821 | RMSE 246.821739 | Likelihood -3680974.899059 | KL fp 70.0861 | FP STD 0.9207|
Epoch 0082 [Val seq (cond on sampled tp)] |  MAPE 0.131365 | RMSE 235.987991 |
Epoch 0082 [Test seq (cond on sampled tp)] | MAPE 0.164741 | RMSE 773.767749|
0.1786181777715683,0.16255293786525726,0.15305039286613464
709.3019676061812,806.884556488721,805.116722904201
Experiment 07-01_00:07
Epoch 0083 [Train seq (cond on sampled tp)] | Loss 3682972.979027 | MAPE 0.557429 | RMSE 246.916531 | Likelihood -3682902.166112 | KL fp 70.8129 | FP STD 0.9377|
Epoch 0083 [Val seq (cond on sampled tp)] |  MAPE 0.131605 | RMSE 235.836278 |
Epoch 0083 [Test seq (cond on sampled tp)] | MAPE 0.163121 | RMSE 773.025227|
0.17739452421665192,0.15971875190734863,0.15224893391132355
707.5771601034053,806.3117418219829,805.1867795735347
Experiment 07-01_00:07
Epoch 0084 [Train seq (cond on sampled tp)] | Loss 3681118.501441 | MAPE 0.556930 | RMSE 246.817151 | Likelihood -3681047.141142 | KL fp 71.3603 | FP STD 0.9357|
Epoch 0084 [Val seq (cond on sampled tp)] |  MAPE 0.131005 | RMSE 235.952980 |
Epoch 0084 [Test seq (cond on sampled tp)] | MAPE 0.164492 | RMSE 772.854162|
0.18042925000190735,0.16040457785129547,0.15264096856117249
708.1285414739333,805.8319458795363,804.6019978846684
Experiment 07-01_00:07
Epoch 0085 [Train seq (cond on sampled tp)] | Loss 3683378.109918 | MAPE 0.559751 | RMSE 246.908070 | Likelihood -3683306.049385 | KL fp 72.0605 | FP STD 0.9272|
Epoch 0085 [Val seq (cond on sampled tp)] |  MAPE 0.133000 | RMSE 235.490388 |
Epoch 0085 [Test seq (cond on sampled tp)] | MAPE 0.165478 | RMSE 771.550147|
0.18066905438899994,0.16202186048030853,0.15374359488487244
706.0777223507339,804.6602543931197,803.9124641402196
Experiment 07-01_00:07
Epoch 0086 [Train seq (cond on sampled tp)] | Loss 3682397.437387 | MAPE 0.563474 | RMSE 246.837009 | Likelihood -3682324.575751 | KL fp 72.8616 | FP STD 0.9196|
Epoch 0086 [Val seq (cond on sampled tp)] |  MAPE 0.132862 | RMSE 234.919177 |
Epoch 0086 [Test seq (cond on sampled tp)] | MAPE 0.165328 | RMSE 771.549882|
0.1802935004234314,0.1629142463207245,0.15277762711048126
707.1457814694223,805.5069832099533,801.9968827869594
Experiment 07-01_00:07
Epoch 0087 [Train seq (cond on sampled tp)] | Loss 3683160.199524 | MAPE 0.565691 | RMSE 246.848374 | Likelihood -3683086.714271 | KL fp 73.4853 | FP STD 0.9526|
Epoch 0087 [Val seq (cond on sampled tp)] |  MAPE 0.132156 | RMSE 234.910472 |
Epoch 0087 [Test seq (cond on sampled tp)] | MAPE 0.165516 | RMSE 771.740870|
0.18061548471450806,0.16271448135375977,0.15321731567382812
706.6880942113005,805.7742782566344,802.7602381782496
Experiment 07-01_00:07
Epoch 0088 [Train seq (cond on sampled tp)] | Loss 3680332.874166 | MAPE 0.566256 | RMSE 246.685155 | Likelihood -3680258.582758 | KL fp 74.2914 | FP STD 0.9887|
Epoch 0088 [Val seq (cond on sampled tp)] |  MAPE 0.133261 | RMSE 234.775932 |
Epoch 0088 [Test seq (cond on sampled tp)] | MAPE 0.166311 | RMSE 770.786962|
0.18099895119667053,0.16327567398548126,0.1546572595834732
704.8462154966855,804.8704476498066,802.6442238003086
Experiment 07-01_00:07
Epoch 0089 [Train seq (cond on sampled tp)] | Loss 3682009.233819 | MAPE 0.567148 | RMSE 246.796803 | Likelihood -3681933.786740 | KL fp 75.4471 | FP STD 1.0423|
Epoch 0089 [Val seq (cond on sampled tp)] |  MAPE 0.132032 | RMSE 234.915809 |
Epoch 0089 [Test seq (cond on sampled tp)] | MAPE 0.166753 | RMSE 771.871902|
0.18275576829910278,0.1631910651922226,0.1543126255273819
707.1666838518341,805.5580751876304,802.8909483858938
Experiment 07-01_00:07
Epoch 0090 [Train seq (cond on sampled tp)] | Loss 3684471.789214 | MAPE 0.563161 | RMSE 246.949427 | Likelihood -3684395.066709 | KL fp 76.7225 | FP STD 1.0669|
Epoch 0090 [Val seq (cond on sampled tp)] |  MAPE 0.131990 | RMSE 234.958640 |
Epoch 0090 [Test seq (cond on sampled tp)] | MAPE 0.164674 | RMSE 771.432786|
0.1798669397830963,0.1608581840991974,0.15329676866531372
707.2204615606084,804.6989343847797,802.3789628348939
Experiment 07-01_00:07
Epoch 0091 [Train seq (cond on sampled tp)] | Loss 3682986.781540 | MAPE 0.563420 | RMSE 246.866674 | Likelihood -3682908.910743 | KL fp 77.8708 | FP STD 1.0791|
Epoch 0091 [Val seq (cond on sampled tp)] |  MAPE 0.132403 | RMSE 235.432630 |
Epoch 0091 [Test seq (cond on sampled tp)] | MAPE 0.165285 | RMSE 771.495504|
0.18068833649158478,0.16247911751270294,0.15268836915493011
706.1060694045902,805.5685104322289,802.8119331449925
Experiment 07-01_00:07
Epoch 0092 [Train seq (cond on sampled tp)] | Loss 3681540.185704 | MAPE 0.563922 | RMSE 246.789813 | Likelihood -3681461.045863 | KL fp 79.1398 | FP STD 1.0362|
Epoch 0092 [Val seq (cond on sampled tp)] |  MAPE 0.133005 | RMSE 235.678757 |
Epoch 0092 [Test seq (cond on sampled tp)] | MAPE 0.164721 | RMSE 771.668085|
0.1792779564857483,0.16081373393535614,0.15407046675682068
706.3837926368357,806.2356975475597,802.3847658698413
Experiment 07-01_00:07
Epoch 0093 [Train seq (cond on sampled tp)] | Loss 3681778.602131 | MAPE 0.564421 | RMSE 246.805354 | Likelihood -3681698.366528 | KL fp 80.2356 | FP STD 1.0128|
Epoch 0093 [Val seq (cond on sampled tp)] |  MAPE 0.131792 | RMSE 235.007339 |
Epoch 0093 [Test seq (cond on sampled tp)] | MAPE 0.165455 | RMSE 771.712501|
0.18020881712436676,0.16295108199119568,0.15320375561714172
707.2574451711342,805.2953262623595,802.5847307294102
Experiment 07-01_00:07
Epoch 0094 [Train seq (cond on sampled tp)] | Loss 3682911.701272 | MAPE 0.564622 | RMSE 246.857757 | Likelihood -3682830.137059 | KL fp 81.5642 | FP STD 0.9657|
Epoch 0094 [Val seq (cond on sampled tp)] |  MAPE 0.132629 | RMSE 235.078893 |
Epoch 0094 [Test seq (cond on sampled tp)] | MAPE 0.165034 | RMSE 771.403679|
0.18056415021419525,0.16146250069141388,0.15307551622390747
707.6025323230549,803.9633464903733,802.6451582112734
Experiment 07-01_00:07
Epoch 0095 [Train seq (cond on sampled tp)] | Loss 3683905.682883 | MAPE 0.564312 | RMSE 246.921053 | Likelihood -3683822.814170 | KL fp 82.8687 | FP STD 0.9404|
Epoch 0095 [Val seq (cond on sampled tp)] |  MAPE 0.132156 | RMSE 235.320841 |
Epoch 0095 [Test seq (cond on sampled tp)] | MAPE 0.164749 | RMSE 771.956469|
0.18101005256175995,0.16039109230041504,0.15284650027751923
707.8194508488729,805.8253145068105,802.2246412321177
Experiment 07-01_00:07
Epoch 0096 [Train seq (cond on sampled tp)] | Loss 3681784.701728 | MAPE 0.563147 | RMSE 246.785132 | Likelihood -3681700.760857 | KL fp 83.9409 | FP STD 0.9407|
Epoch 0096 [Val seq (cond on sampled tp)] |  MAPE 0.133527 | RMSE 235.499303 |
Epoch 0096 [Test seq (cond on sampled tp)] | MAPE 0.165868 | RMSE 771.317721|
0.18141964077949524,0.1627040058374405,0.15347938239574432
706.6379686586336,804.7464274540149,802.5687665240904
Experiment 07-01_00:07
Epoch 0097 [Train seq (cond on sampled tp)] | Loss 3682372.016018 | MAPE 0.565730 | RMSE 246.813410 | Likelihood -3682287.127495 | KL fp 84.8885 | FP STD 0.9718|
Epoch 0097 [Val seq (cond on sampled tp)] |  MAPE 0.132471 | RMSE 235.438023 |
Epoch 0097 [Test seq (cond on sampled tp)] | MAPE 0.165205 | RMSE 771.266552|
0.1816485971212387,0.16193252801895142,0.1520334631204605
706.7499115670266,804.6972645038629,802.3524786526181
Experiment 07-01_00:07
Epoch 0098 [Train seq (cond on sampled tp)] | Loss 3683347.710490 | MAPE 0.561310 | RMSE 246.912961 | Likelihood -3683261.541628 | KL fp 86.1689 | FP STD 0.9812|
Epoch 0098 [Val seq (cond on sampled tp)] |  MAPE 0.131395 | RMSE 235.973515 |
Epoch 0098 [Test seq (cond on sampled tp)] | MAPE 0.165214 | RMSE 772.549897|
0.18143786489963531,0.16074535250663757,0.1534602791070938
708.2218490699083,805.9282691406227,803.4995721840803
Experiment 07-01_00:07
Epoch 0099 [Train seq (cond on sampled tp)] | Loss 3682924.901170 | MAPE 0.558448 | RMSE 246.890594 | Likelihood -3682837.609365 | KL fp 87.2918 | FP STD 0.9835|
Epoch 0099 [Val seq (cond on sampled tp)] |  MAPE 0.131846 | RMSE 235.679329 |
Epoch 0099 [Test seq (cond on sampled tp)] | MAPE 0.164161 | RMSE 772.508857|
0.1794309765100479,0.1601596474647522,0.15289384126663208
707.1867018333985,806.0365996653005,804.3032699175106
Experiment 07-01_00:07
Epoch 0100 [Train seq (cond on sampled tp)] | Loss 3682899.639544 | MAPE 0.558515 | RMSE 246.909387 | Likelihood -3682811.404109 | KL fp 88.2354 | FP STD 0.9620|
Epoch 0100 [Val seq (cond on sampled tp)] |  MAPE 0.131446 | RMSE 235.976412 |
Epoch 0100 [Test seq (cond on sampled tp)] | MAPE 0.164276 | RMSE 772.342883|
0.17909301817417145,0.1616242229938507,0.15211084485054016
707.6695247430117,805.6095130396611,803.7496111974176
