/data2/yuanjingyang/CG-ODE/run_models_covid.py
run_models_covid.py --rec-layers 2 --encoder Cheb_cat
Namespace(save='experiments/', load=None, dataset='Dec', datapath='data/', pred_length=14, condition_length=21, features='Confirmed,Deaths,Recovered,Mortality_Rate,Testing_Rate,Population,Mobility', split_interval=3, feature_out='Deaths', niters=100, lr=0.005, batch_size=8, random_seed=1991, dropout=0.2, l2=1e-05, optimizer='AdamW', clip=10, edge_lamda=0.5, z0_encoder='GTrans', rec_dims=64, ode_dims=20, rec_layers=2, gen_layers=1, encoder='Cheb_cat', graf_layer=1, cheb_K=2, heavyBall=False, actv_h=None, gamma_guess=-3.0, gamma_act='sigmoid', corr=-100, corrf=True, sign=1, augment_dim=0, solver='rk4', rtol=0.01, atol=0.01, alias='run', output_dim=1, feature_out_index=[1], num_atoms=50)
run
Experiment 07-15_08:23
Epoch 0001 [Train seq (cond on sampled tp)] | Loss 4417747.519227 | MAPE 0.064534 | RMSE 287.509130 | Likelihood -4417746.082368 | KL fp 1.4369 | FP STD 0.4844 | ->nfe   52.00 | <-nfe   52.00
Epoch 0001 [Val seq (cond on sampled tp)] |  MAPE 0.059573 | RMSE 309.387197 |
Best Val!
Epoch 0001 [Test seq (cond on sampled tp)] | MAPE 0.128043 | RMSE 911.386569|
0.1429750919342041,0.1320783942937851,0.10907536000013351
857.0282959156016,942.1201820893128,935.0112298790855
0.1429750919342041,0.1320783942937851,0.10907536000013351
857.0282959156016,942.1201820893128,935.0112298790855
Epoch 0001 [Test seq (cond on sampled tp)] | Best Test MAPE 0.128043|Best Test RMSE 911.386569|
Experiment 07-15_08:23
Epoch 0002 [Train seq (cond on sampled tp)] | Loss 4265006.017901 | MAPE 0.080621 | RMSE 279.890833 | Likelihood -4265003.613986 | KL fp 2.4039 | FP STD 1.0381 | ->nfe   52.00 | <-nfe   52.00
Epoch 0002 [Val seq (cond on sampled tp)] |  MAPE 0.059885 | RMSE 289.194423 |
Epoch 0002 [Test seq (cond on sampled tp)] | MAPE 0.109220 | RMSE 877.497673|
0.11946587264537811,0.10906129330396652,0.09913356602191925
820.7266978111533,908.2770777686729,903.4892431567738
0.11946587264537811,0.10906129330396652,0.09913356602191925
820.7266978111533,908.2770777686729,903.4892431567738
Epoch 0002 [Test seq (cond on sampled tp)] | Best Test MAPE 0.109220|Best Test RMSE 877.497673|
Experiment 07-15_08:23
Epoch 0003 [Train seq (cond on sampled tp)] | Loss 3934222.421778 | MAPE 0.183454 | RMSE 262.488357 | Likelihood -3934217.316864 | KL fp 5.1049 | FP STD 1.3745 | ->nfe   52.00 | <-nfe   52.00
Epoch 0003 [Val seq (cond on sampled tp)] |  MAPE 0.082862 | RMSE 254.886004 |
Epoch 0003 [Test seq (cond on sampled tp)] | MAPE 0.123517 | RMSE 811.716500|
0.13276855647563934,0.12260740250349045,0.11517540365457535
749.1976124494792,843.3245594075865,842.6273271737631
Experiment 07-15_08:23
Epoch 0004 [Train seq (cond on sampled tp)] | Loss 3918146.922429 | MAPE 0.192307 | RMSE 260.831485 | Likelihood -3918142.594485 | KL fp 4.3279 | FP STD 0.7237 | ->nfe   52.00 | <-nfe   52.00
Epoch 0004 [Val seq (cond on sampled tp)] |  MAPE 0.055014 | RMSE 300.161454 |
Best Val!
Epoch 0004 [Test seq (cond on sampled tp)] | MAPE 0.106582 | RMSE 877.928358|
0.1129380315542221,0.1113257184624672,0.09548257291316986
815.997472422556,912.802621052328,904.9849791571129
0.1129380315542221,0.1113257184624672,0.09548257291316986
815.997472422556,912.802621052328,904.9849791571129
Epoch 0004 [Test seq (cond on sampled tp)] | Best Test MAPE 0.106582|Best Test RMSE 877.928358|
Experiment 07-15_08:23
Epoch 0005 [Train seq (cond on sampled tp)] | Loss 4232675.315613 | MAPE 0.097804 | RMSE 277.510404 | Likelihood -4232673.009457 | KL fp 2.3062 | FP STD 0.2672 | ->nfe   52.00 | <-nfe   52.00
Epoch 0005 [Val seq (cond on sampled tp)] |  MAPE 0.059727 | RMSE 287.662617 |
Epoch 0005 [Test seq (cond on sampled tp)] | MAPE 0.102834 | RMSE 857.552610|
0.10934146493673325,0.10723407566547394,0.09192556887865067
794.9666659678253,893.6284882432968,884.0626745316193
0.10934146493673325,0.10723407566547394,0.09192556887865067
794.9666659678253,893.6284882432968,884.0626745316193
Epoch 0005 [Test seq (cond on sampled tp)] | Best Test MAPE 0.102834|Best Test RMSE 857.552610|
Experiment 07-15_08:23
Epoch 0006 [Train seq (cond on sampled tp)] | Loss 3990037.173477 | MAPE 0.159293 | RMSE 264.589105 | Likelihood -3990035.385063 | KL fp 1.7884 | FP STD 0.3105 | ->nfe   52.00 | <-nfe   52.00
Epoch 0006 [Val seq (cond on sampled tp)] |  MAPE 0.074960 | RMSE 267.489807 |
Epoch 0006 [Test seq (cond on sampled tp)] | MAPE 0.114196 | RMSE 827.919327|
0.12292632460594177,0.1175832524895668,0.10207965970039368
767.4007672005547,860.2875609352957,856.0696525400255
Experiment 07-15_08:23
Epoch 0007 [Train seq (cond on sampled tp)] | Loss 3744940.261791 | MAPE 0.313137 | RMSE 250.832128 | Likelihood -3744938.419817 | KL fp 1.8420 | FP STD 0.3840 | ->nfe   52.00 | <-nfe   52.00
Epoch 0007 [Val seq (cond on sampled tp)] |  MAPE 0.112795 | RMSE 240.814682 |
Epoch 0007 [Test seq (cond on sampled tp)] | MAPE 0.147389 | RMSE 780.770461|
0.15949340164661407,0.14916926622390747,0.1335044652223587
718.9933935718742,816.1786722280851,807.139315731801
Experiment 07-15_08:23
Epoch 0008 [Train seq (cond on sampled tp)] | Loss 3674747.776304 | MAPE 0.532621 | RMSE 246.706527 | Likelihood -3674745.656347 | KL fp 2.1200 | FP STD 0.3863 | ->nfe   52.00 | <-nfe   52.00
Epoch 0008 [Val seq (cond on sampled tp)] |  MAPE 0.151847 | RMSE 227.783006 |
Epoch 0008 [Test seq (cond on sampled tp)] | MAPE 0.178894 | RMSE 737.879179|
0.20525489747524261,0.16884268820285797,0.1625845730304718
675.0674503336685,771.8510218947696,766.71906523837
Experiment 07-15_08:23
Epoch 0009 [Train seq (cond on sampled tp)] | Loss 3659113.315399 | MAPE 0.632422 | RMSE 245.479578 | Likelihood -3659111.115927 | KL fp 2.1995 | FP STD 0.3894 | ->nfe   52.00 | <-nfe   52.00
Epoch 0009 [Val seq (cond on sampled tp)] |  MAPE 0.152161 | RMSE 232.440054 |
Epoch 0009 [Test seq (cond on sampled tp)] | MAPE 0.181462 | RMSE 760.352520|
0.20373733341693878,0.18200069665908813,0.15864910185337067
699.2376875927098,792.7564648112307,789.0634084153187
Experiment 07-15_08:23
Epoch 0010 [Train seq (cond on sampled tp)] | Loss 3651146.851380 | MAPE 0.613274 | RMSE 245.142972 | Likelihood -3651144.553887 | KL fp 2.2975 | FP STD 0.3692 | ->nfe   52.00 | <-nfe   52.00
Epoch 0010 [Val seq (cond on sampled tp)] |  MAPE 0.138737 | RMSE 230.490560 |
Epoch 0010 [Test seq (cond on sampled tp)] | MAPE 0.168357 | RMSE 758.143354|
0.18518172204494476,0.1678851693868637,0.15200264751911163
690.241013161345,794.3407644078201,789.8482844825328
Experiment 07-15_08:23
Epoch 0011 [Train seq (cond on sampled tp)] | Loss 3647019.279897 | MAPE 0.553577 | RMSE 245.084761 | Likelihood -3647016.916821 | KL fp 2.3631 | FP STD 0.3278 | ->nfe   52.00 | <-nfe   52.00
Epoch 0011 [Val seq (cond on sampled tp)] |  MAPE 0.129237 | RMSE 237.376637 |
Epoch 0011 [Test seq (cond on sampled tp)] | MAPE 0.157805 | RMSE 778.549011|
0.16904997825622559,0.15569138526916504,0.14867226779460907
713.8587482828798,811.7434939683841,810.0447904282825
Experiment 07-15_08:23
Epoch 0012 [Train seq (cond on sampled tp)] | Loss 3633579.117854 | MAPE 0.513993 | RMSE 244.423416 | Likelihood -3633576.731870 | KL fp 2.3860 | FP STD 0.3011 | ->nfe   52.00 | <-nfe   52.00
Epoch 0012 [Val seq (cond on sampled tp)] |  MAPE 0.131350 | RMSE 235.068964 |
Epoch 0012 [Test seq (cond on sampled tp)] | MAPE 0.160653 | RMSE 760.945913|
0.17687538266181946,0.15807490050792694,0.14700746536254883
706.6436955779058,790.4797198537101,785.7143246753237
Experiment 07-15_08:23
Epoch 0013 [Train seq (cond on sampled tp)] | Loss 3422960.789171 | MAPE 0.097683 | RMSE 231.714238 | Likelihood -3422958.683734 | KL fp 2.1054 | FP STD 0.3682 | ->nfe   52.00 | <-nfe   52.00
Epoch 0013 [Val seq (cond on sampled tp)] |  MAPE 0.141567 | RMSE 225.649609 |
Epoch 0013 [Test seq (cond on sampled tp)] | MAPE 0.180641 | RMSE 728.755785|
0.20191773772239685,0.17960862815380096,0.16039571166038513
673.9315618072802,760.9330621020486,751.4027298992199
Experiment 07-15_08:23
Epoch 0014 [Train seq (cond on sampled tp)] | Loss 3333169.124195 | MAPE 0.079180 | RMSE 225.524830 | Likelihood -3333166.705503 | KL fp 2.4187 | FP STD 0.4117 | ->nfe   52.00 | <-nfe   52.00
Epoch 0014 [Val seq (cond on sampled tp)] |  MAPE 0.099861 | RMSE 215.164799 |
Epoch 0014 [Test seq (cond on sampled tp)] | MAPE 0.193197 | RMSE 707.709672|
0.20770926773548126,0.1987030804157257,0.17317990958690643
649.2854726543634,753.345040469505,720.4985036417494
Experiment 07-15_08:23
Epoch 0015 [Train seq (cond on sampled tp)] | Loss 3251060.563187 | MAPE 0.078084 | RMSE 220.173199 | Likelihood -3251058.322125 | KL fp 2.2411 | FP STD 0.3634 | ->nfe   52.00 | <-nfe   52.00
Epoch 0015 [Val seq (cond on sampled tp)] |  MAPE 0.103154 | RMSE 207.729137 |
Epoch 0015 [Test seq (cond on sampled tp)] | MAPE 0.207561 | RMSE 686.580390|
0.23012994229793549,0.20541077852249146,0.18714264035224915
627.651401057944,730.3306186241954,701.7591511694022
Experiment 07-15_08:23
Epoch 0016 [Train seq (cond on sampled tp)] | Loss 3225715.101882 | MAPE 0.092293 | RMSE 218.251672 | Likelihood -3225712.765856 | KL fp 2.3360 | FP STD 0.3323 | ->nfe   52.00 | <-nfe   52.00
Epoch 0016 [Val seq (cond on sampled tp)] |  MAPE 0.092335 | RMSE 204.690219 |
Epoch 0016 [Test seq (cond on sampled tp)] | MAPE 0.163608 | RMSE 682.097436|
0.14041519165039062,0.1781056970357895,0.1723044514656067
614.9472030182753,721.6739871645646,709.6711166096588
Experiment 07-15_08:23
Epoch 0017 [Train seq (cond on sampled tp)] | Loss 3144794.746512 | MAPE 0.073194 | RMSE 212.830930 | Likelihood -3144792.460389 | KL fp 2.2861 | FP STD 0.3124 | ->nfe   52.00 | <-nfe   52.00
Epoch 0017 [Val seq (cond on sampled tp)] |  MAPE 0.076708 | RMSE 204.272059 |
Epoch 0017 [Test seq (cond on sampled tp)] | MAPE 0.114741 | RMSE 676.575177|
0.11905302107334137,0.11407913267612457,0.11109127104282379
616.7417915951537,720.5654463683364,692.4182939163292
Experiment 07-15_08:23
Epoch 0018 [Train seq (cond on sampled tp)] | Loss 3118297.908137 | MAPE 0.073369 | RMSE 210.671869 | Likelihood -3118295.651651 | KL fp 2.2565 | FP STD 0.3013 | ->nfe   52.00 | <-nfe   52.00
Epoch 0018 [Val seq (cond on sampled tp)] |  MAPE 0.085999 | RMSE 203.082207 |
Epoch 0018 [Test seq (cond on sampled tp)] | MAPE 0.116388 | RMSE 656.805893|
0.12164189666509628,0.11589811742305756,0.11162491887807846
586.4088270993199,691.1033750460201,692.9054769591593
Experiment 07-15_08:23
Epoch 0019 [Train seq (cond on sampled tp)] | Loss 3109847.612634 | MAPE 0.091111 | RMSE 209.602107 | Likelihood -3109845.162464 | KL fp 2.4502 | FP STD 0.2792 | ->nfe   52.00 | <-nfe   52.00
Epoch 0019 [Val seq (cond on sampled tp)] |  MAPE 0.101629 | RMSE 205.055195 |
Epoch 0019 [Test seq (cond on sampled tp)] | MAPE 0.117821 | RMSE 667.387475|
0.12269062548875809,0.11860909312963486,0.1121639609336853
591.7695655827529,698.4478774396841,711.9449811958787
Experiment 07-15_08:23
Epoch 0020 [Train seq (cond on sampled tp)] | Loss 3099424.245631 | MAPE 0.074904 | RMSE 208.980111 | Likelihood -3099421.817827 | KL fp 2.4278 | FP STD 0.2729 | ->nfe   52.00 | <-nfe   52.00
Epoch 0020 [Val seq (cond on sampled tp)] |  MAPE 0.089317 | RMSE 206.960207 |
Epoch 0020 [Test seq (cond on sampled tp)] | MAPE 0.095468 | RMSE 688.732921|
0.10599212348461151,0.08911855518817902,0.09129289537668228
626.8434563349928,711.3065882585371,728.0487191802482
0.10599212348461151,0.08911855518817902,0.09129289537668228
626.8434563349928,711.3065882585371,728.0487191802482
Epoch 0020 [Test seq (cond on sampled tp)] | Best Test MAPE 0.095468|Best Test RMSE 688.732921|
Experiment 07-15_08:23
Epoch 0021 [Train seq (cond on sampled tp)] | Loss 3068993.162516 | MAPE 0.178436 | RMSE 207.685469 | Likelihood -3068990.864787 | KL fp 2.2977 | FP STD 0.2668 | ->nfe   52.00 | <-nfe   52.00
Epoch 0021 [Val seq (cond on sampled tp)] |  MAPE 0.055960 | RMSE 205.390596 |
Epoch 0021 [Test seq (cond on sampled tp)] | MAPE 0.073724 | RMSE 655.757874|
0.0771234929561615,0.07819349318742752,0.06585463881492615
604.0898112035991,703.2264482369815,659.9573613120775
0.0771234929561615,0.07819349318742752,0.06585463881492615
604.0898112035991,703.2264482369815,659.9573613120775
Epoch 0021 [Test seq (cond on sampled tp)] | Best Test MAPE 0.073724|Best Test RMSE 655.757874|
Experiment 07-15_08:23
Epoch 0022 [Train seq (cond on sampled tp)] | Loss 3081698.781567 | MAPE 0.083717 | RMSE 207.979177 | Likelihood -3081696.374029 | KL fp 2.4075 | FP STD 0.2845 | ->nfe   52.00 | <-nfe   52.00
Epoch 0022 [Val seq (cond on sampled tp)] |  MAPE 0.065825 | RMSE 207.203714 |
Epoch 0022 [Test seq (cond on sampled tp)] | MAPE 0.084149 | RMSE 663.050894|
0.08693157136440277,0.08866468816995621,0.07685156911611557
590.2870329339787,697.7775209549244,701.0881274846979
Experiment 07-15_08:23
Epoch 0023 [Train seq (cond on sampled tp)] | Loss 3184268.087561 | MAPE 0.084349 | RMSE 214.451603 | Likelihood -3184265.641282 | KL fp 2.4463 | FP STD 0.3025 | ->nfe   52.00 | <-nfe   52.00
Epoch 0023 [Val seq (cond on sampled tp)] |  MAPE 0.081432 | RMSE 200.812695 |
Epoch 0023 [Test seq (cond on sampled tp)] | MAPE 0.130808 | RMSE 668.685530|
0.12437610328197479,0.1355934888124466,0.13245350122451782
598.1457023585474,704.8210765861078,703.0898102305281
Experiment 07-15_08:23
Epoch 0024 [Train seq (cond on sampled tp)] | Loss 3254586.049863 | MAPE 0.096281 | RMSE 219.444776 | Likelihood -3254583.566349 | KL fp 2.4835 | FP STD 0.3010 | ->nfe   52.00 | <-nfe   52.00
Epoch 0024 [Val seq (cond on sampled tp)] |  MAPE 0.057177 | RMSE 206.018563 |
Epoch 0024 [Test seq (cond on sampled tp)] | MAPE 0.110755 | RMSE 709.445244|
0.12146787345409393,0.11399630457162857,0.09679944813251495
642.3609528528334,745.4155720133568,740.5592059383233
Experiment 07-15_08:23
Epoch 0025 [Train seq (cond on sampled tp)] | Loss 3199314.092468 | MAPE 0.069960 | RMSE 216.952754 | Likelihood -3199311.759304 | KL fp 2.3332 | FP STD 0.2741 | ->nfe   52.00 | <-nfe   52.00
Epoch 0025 [Val seq (cond on sampled tp)] |  MAPE 0.076924 | RMSE 198.598350 |
Epoch 0025 [Test seq (cond on sampled tp)] | MAPE 0.087969 | RMSE 685.882455|
0.09528280049562454,0.08826542645692825,0.08035797625780106
615.8295726091757,721.5960608262769,720.221732350531
Experiment 07-15_08:23
Epoch 0026 [Train seq (cond on sampled tp)] | Loss 2992268.962331 | MAPE 0.135239 | RMSE 202.337553 | Likelihood -2992266.766135 | KL fp 2.1962 | FP STD 0.2568 | ->nfe   52.00 | <-nfe   52.00
Epoch 0026 [Val seq (cond on sampled tp)] |  MAPE 0.048161 | RMSE 188.009246 |
Best Val!
Epoch 0026 [Test seq (cond on sampled tp)] | MAPE 0.090303 | RMSE 665.905713|
0.09816314280033112,0.08819881081581116,0.08454837650060654
606.1366131079692,696.6757899123522,694.904737176255
Experiment 07-15_08:23
Epoch 0027 [Train seq (cond on sampled tp)] | Loss 2821085.175586 | MAPE 0.124364 | RMSE 190.215122 | Likelihood -2821082.826788 | KL fp 2.3488 | FP STD 0.2323 | ->nfe   52.00 | <-nfe   52.00
Epoch 0027 [Val seq (cond on sampled tp)] |  MAPE 0.039971 | RMSE 146.080257 |
Best Val!
Epoch 0027 [Test seq (cond on sampled tp)] | MAPE 0.090701 | RMSE 580.316226|
0.09460566937923431,0.08699920773506165,0.090499147772789
516.241131885091,610.2966491797247,614.4108967132663
Experiment 07-15_08:23
Epoch 0028 [Train seq (cond on sampled tp)] | Loss 2685098.460242 | MAPE 0.074117 | RMSE 177.816656 | Likelihood -2685095.938989 | KL fp 2.5213 | FP STD 0.2168 | ->nfe   52.00 | <-nfe   52.00
Epoch 0028 [Val seq (cond on sampled tp)] |  MAPE 0.047478 | RMSE 201.031549 |
Epoch 0028 [Test seq (cond on sampled tp)] | MAPE 0.090419 | RMSE 598.202218|
0.09973328560590744,0.09236374497413635,0.07915860414505005
559.1881112380698,632.2519770629428,603.1665659252011
Experiment 07-15_08:23
Epoch 0029 [Train seq (cond on sampled tp)] | Loss 2995805.466225 | MAPE 0.063585 | RMSE 199.393992 | Likelihood -2995802.855788 | KL fp 2.6104 | FP STD 0.2708 | ->nfe   52.00 | <-nfe   52.00
Epoch 0029 [Val seq (cond on sampled tp)] |  MAPE 0.059060 | RMSE 212.519154 |
Epoch 0029 [Test seq (cond on sampled tp)] | MAPE 0.084338 | RMSE 616.841096|
0.09675632417201996,0.08394255489110947,0.07231654226779938
555.7625673342889,638.3674979978225,656.3932224665334
Experiment 07-15_08:23
Epoch 0030 [Train seq (cond on sampled tp)] | Loss 2823693.216152 | MAPE 0.062296 | RMSE 188.288061 | Likelihood -2823690.792514 | KL fp 2.4236 | FP STD 0.2707 | ->nfe   52.00 | <-nfe   52.00
Epoch 0030 [Val seq (cond on sampled tp)] |  MAPE 0.082345 | RMSE 203.195853 |
Epoch 0030 [Test seq (cond on sampled tp)] | MAPE 0.098235 | RMSE 577.287804|
0.09131500124931335,0.09977252781391144,0.10361669957637787
513.2924361414262,614.2799901103731,604.2909843361888
Experiment 07-15_08:23
Epoch 0031 [Train seq (cond on sampled tp)] | Loss 3069687.592280 | MAPE 0.168167 | RMSE 205.196898 | Likelihood -3069684.817564 | KL fp 2.7747 | FP STD 0.2548 | ->nfe   52.00 | <-nfe   52.00
Epoch 0031 [Val seq (cond on sampled tp)] |  MAPE 0.071089 | RMSE 220.036964 |
Epoch 0031 [Test seq (cond on sampled tp)] | MAPE 0.078341 | RMSE 633.469153|
0.08394335210323334,0.08090034127235413,0.07017950713634491
572.3412170637373,665.0636247758556,663.0026159450655
Experiment 07-15_08:23
Epoch 0032 [Train seq (cond on sampled tp)] | Loss 3004181.461669 | MAPE 0.079928 | RMSE 201.952729 | Likelihood -3004178.827716 | KL fp 2.6340 | FP STD 0.2423 | ->nfe   52.00 | <-nfe   52.00
Epoch 0032 [Val seq (cond on sampled tp)] |  MAPE 0.094866 | RMSE 205.968112 |
Epoch 0032 [Test seq (cond on sampled tp)] | MAPE 0.106212 | RMSE 626.934937|
0.11664283275604248,0.10758138447999954,0.0944124385714531
558.9043410996196,660.8739478902161,661.0265217825984
Experiment 07-15_08:23
Epoch 0033 [Train seq (cond on sampled tp)] | Loss 3118925.481925 | MAPE 0.136920 | RMSE 209.940760 | Likelihood -3118922.786035 | KL fp 2.6959 | FP STD 0.2607 | ->nfe   52.00 | <-nfe   52.00
Epoch 0033 [Val seq (cond on sampled tp)] |  MAPE 0.064807 | RMSE 204.740136 |
Epoch 0033 [Test seq (cond on sampled tp)] | MAPE 0.132964 | RMSE 678.194300|
0.1474960893392563,0.1279589682817459,0.12343800067901611
611.7356199781078,709.9613765903044,712.8859042651917
Experiment 07-15_08:23
Epoch 0034 [Train seq (cond on sampled tp)] | Loss 3168019.557670 | MAPE 0.094213 | RMSE 214.246778 | Likelihood -3168016.758282 | KL fp 2.7994 | FP STD 0.2420 | ->nfe   52.00 | <-nfe   52.00
Epoch 0034 [Val seq (cond on sampled tp)] |  MAPE 0.097191 | RMSE 203.078668 |
Epoch 0034 [Test seq (cond on sampled tp)] | MAPE 0.118507 | RMSE 674.998496|
0.1244681254029274,0.11772142350673676,0.11333183199167252
607.7737294832675,710.1047457945905,707.1170120637744
Experiment 07-15_08:23
Epoch 0035 [Train seq (cond on sampled tp)] | Loss 3180436.596562 | MAPE 0.094668 | RMSE 215.104756 | Likelihood -3180433.829356 | KL fp 2.7672 | FP STD 0.2180 | ->nfe   52.00 | <-nfe   52.00
Epoch 0035 [Val seq (cond on sampled tp)] |  MAPE 0.053452 | RMSE 208.921580 |
Epoch 0035 [Test seq (cond on sampled tp)] | MAPE 0.113332 | RMSE 700.370958|
0.12007997184991837,0.11595288664102554,0.10396341234445572
634.1107208130138,734.4278385246572,732.5743136365074
Experiment 07-15_08:23
Epoch 0036 [Train seq (cond on sampled tp)] | Loss 3204992.355429 | MAPE 0.071379 | RMSE 216.891457 | Likelihood -3204989.589806 | KL fp 2.7656 | FP STD 0.2287 | ->nfe   52.00 | <-nfe   52.00
Epoch 0036 [Val seq (cond on sampled tp)] |  MAPE 0.060280 | RMSE 203.925557 |
Epoch 0036 [Test seq (cond on sampled tp)] | MAPE 0.112395 | RMSE 694.246238|
0.12099208682775497,0.11081826686859131,0.1053745225071907
628.4683762927137,726.212391453079,728.0579475563741
Experiment 07-15_08:23
Epoch 0037 [Train seq (cond on sampled tp)] | Loss 3211568.868916 | MAPE 0.078229 | RMSE 217.169401 | Likelihood -3211566.174851 | KL fp 2.6941 | FP STD 0.2609 | ->nfe   52.00 | <-nfe   52.00
Epoch 0037 [Val seq (cond on sampled tp)] |  MAPE 0.059831 | RMSE 204.630536 |
Epoch 0037 [Test seq (cond on sampled tp)] | MAPE 0.119313 | RMSE 693.239517|
0.13438430428504944,0.11513827741146088,0.10841752588748932
624.7354940292731,725.2111761411293,729.7718821659272
Experiment 07-15_08:23
Epoch 0038 [Train seq (cond on sampled tp)] | Loss 3214849.853661 | MAPE 0.079310 | RMSE 217.340350 | Likelihood -3214847.373845 | KL fp 2.4798 | FP STD 0.3312 | ->nfe   52.00 | <-nfe   52.00
Epoch 0038 [Val seq (cond on sampled tp)] |  MAPE 0.052990 | RMSE 204.469999 |
Epoch 0038 [Test seq (cond on sampled tp)] | MAPE 0.073796 | RMSE 699.247593|
0.07793916016817093,0.07738237828016281,0.0660676434636116
629.5639115689527,732.8969913978362,735.2818762216297
Experiment 07-15_08:23
Epoch 0039 [Train seq (cond on sampled tp)] | Loss 3136507.112783 | MAPE 0.077078 | RMSE 212.448879 | Likelihood -3136504.539128 | KL fp 2.5737 | FP STD 0.2883 | ->nfe   52.00 | <-nfe   52.00
Epoch 0039 [Val seq (cond on sampled tp)] |  MAPE 0.055813 | RMSE 203.563124 |
Epoch 0039 [Test seq (cond on sampled tp)] | MAPE 0.064431 | RMSE 670.311217|
0.0633167251944542,0.06910107284784317,0.06087605282664299
604.4762195487925,704.2659077010615,702.1915247993243
0.0633167251944542,0.06910107284784317,0.06087605282664299
604.4762195487925,704.2659077010615,702.1915247993243
Epoch 0039 [Test seq (cond on sampled tp)] | Best Test MAPE 0.064431|Best Test RMSE 670.311217|
Experiment 07-15_08:23
Epoch 0040 [Train seq (cond on sampled tp)] | Loss 3050007.467882 | MAPE 0.078207 | RMSE 206.109676 | Likelihood -3050004.868592 | KL fp 2.5993 | FP STD 0.2623 | ->nfe   52.00 | <-nfe   52.00
Epoch 0040 [Val seq (cond on sampled tp)] |  MAPE 0.056991 | RMSE 203.734288 |
Epoch 0040 [Test seq (cond on sampled tp)] | MAPE 0.068083 | RMSE 638.984029|
0.06813239306211472,0.07296682894229889,0.06314996629953384
571.8589205389735,674.2190853127787,670.8740800254545
Experiment 07-15_08:23
Epoch 0041 [Train seq (cond on sampled tp)] | Loss 2926168.264794 | MAPE 0.063187 | RMSE 197.105331 | Likelihood -2926165.678878 | KL fp 2.5859 | FP STD 0.2544 | ->nfe   52.00 | <-nfe   52.00
Epoch 0041 [Val seq (cond on sampled tp)] |  MAPE 0.042264 | RMSE 184.302401 |
Epoch 0041 [Test seq (cond on sampled tp)] | MAPE 0.066401 | RMSE 615.350094|
0.06572020053863525,0.06852921098470688,0.06495247781276703
547.6356281780797,635.8872492431343,662.5274050935553
Experiment 07-15_08:23
Epoch 0042 [Train seq (cond on sampled tp)] | Loss 2787790.805969 | MAPE 0.081222 | RMSE 186.675173 | Likelihood -2787788.126228 | KL fp 2.6797 | FP STD 0.2284 | ->nfe   52.00 | <-nfe   52.00
Epoch 0042 [Val seq (cond on sampled tp)] |  MAPE 0.050754 | RMSE 179.062429 |
Epoch 0042 [Test seq (cond on sampled tp)] | MAPE 0.061482 | RMSE 573.937456|
0.06863223016262054,0.060563161969184875,0.055249229073524475
506.1614120021399,604.2241668040099,611.4267893623896
0.06863223016262054,0.060563161969184875,0.055249229073524475
506.1614120021399,604.2241668040099,611.4267893623896
Epoch 0042 [Test seq (cond on sampled tp)] | Best Test MAPE 0.061482|Best Test RMSE 573.937456|
Experiment 07-15_08:23
Epoch 0043 [Train seq (cond on sampled tp)] | Loss 2843430.172302 | MAPE 0.110373 | RMSE 189.451018 | Likelihood -2843427.472667 | KL fp 2.6996 | FP STD 0.2632 | ->nfe   52.00 | <-nfe   52.00
Epoch 0043 [Val seq (cond on sampled tp)] |  MAPE 0.048799 | RMSE 191.977314 |
Epoch 0043 [Test seq (cond on sampled tp)] | MAPE 0.070160 | RMSE 574.647274|
0.07795174419879913,0.0691017284989357,0.06342554092407227
519.936744950768,602.9414617108364,601.0636145617201
Experiment 07-15_08:23
Epoch 0044 [Train seq (cond on sampled tp)] | Loss 2717396.577102 | MAPE 0.052114 | RMSE 180.164698 | Likelihood -2717394.026175 | KL fp 2.5509 | FP STD 0.2588 | ->nfe   52.00 | <-nfe   52.00
Epoch 0044 [Val seq (cond on sampled tp)] |  MAPE 0.053677 | RMSE 180.638213 |
Epoch 0044 [Test seq (cond on sampled tp)] | MAPE 0.075671 | RMSE 544.575696|
0.079408198595047,0.07279520481824875,0.07481072098016739
484.51035205658917,575.8096202305064,573.4071143175676
Experiment 07-15_08:23
Epoch 0045 [Train seq (cond on sampled tp)] | Loss 2734445.242009 | MAPE 0.091531 | RMSE 181.482618 | Likelihood -2734442.353064 | KL fp 2.8889 | FP STD 0.2248 | ->nfe   52.00 | <-nfe   52.00
Epoch 0045 [Val seq (cond on sampled tp)] |  MAPE 0.084602 | RMSE 246.217328 |
Epoch 0045 [Test seq (cond on sampled tp)] | MAPE 0.063750 | RMSE 550.436002|
0.06251434981822968,0.06543624401092529,0.06329912692308426
488.56260793781587,578.9546884256142,583.7907105718624
Experiment 07-15_08:23
Epoch 0046 [Train seq (cond on sampled tp)] | Loss 3162567.648813 | MAPE 0.071174 | RMSE 210.234706 | Likelihood -3162564.324218 | KL fp 3.3246 | FP STD 0.2348 | ->nfe   52.00 | <-nfe   52.00
Epoch 0046 [Val seq (cond on sampled tp)] |  MAPE 0.088202 | RMSE 235.118936 |
Epoch 0046 [Test seq (cond on sampled tp)] | MAPE 0.084950 | RMSE 601.025920|
0.09116661548614502,0.08593133091926575,0.0777512714266777
536.8015811265835,629.4548484601577,636.8213299270055
Experiment 07-15_08:23
Epoch 0047 [Train seq (cond on sampled tp)] | Loss 2985603.029364 | MAPE 0.081763 | RMSE 199.816508 | Likelihood -2985600.051267 | KL fp 2.9781 | FP STD 0.2489 | ->nfe   52.00 | <-nfe   52.00
Epoch 0047 [Val seq (cond on sampled tp)] |  MAPE 0.089092 | RMSE 202.774621 |
Epoch 0047 [Test seq (cond on sampled tp)] | MAPE 0.094739 | RMSE 652.534314|
0.09863115847110748,0.09907468408346176,0.0865098088979721
584.2390884732038,679.4896292438907,693.8742231125177
Experiment 07-15_08:23
Epoch 0048 [Train seq (cond on sampled tp)] | Loss 2962883.667500 | MAPE 0.158194 | RMSE 200.197096 | Likelihood -2962880.686028 | KL fp 2.9815 | FP STD 0.2254 | ->nfe   52.00 | <-nfe   52.00
Epoch 0048 [Val seq (cond on sampled tp)] |  MAPE 0.056503 | RMSE 202.731137 |
Epoch 0048 [Test seq (cond on sampled tp)] | MAPE 0.060750 | RMSE 656.560640|
0.0656551942229271,0.06418763846158981,0.05240568518638611
590.1390990690246,688.0228466410109,691.5199744042105
0.0656551942229271,0.06418763846158981,0.05240568518638611
590.1390990690246,688.0228466410109,691.5199744042105
Epoch 0048 [Test seq (cond on sampled tp)] | Best Test MAPE 0.060750|Best Test RMSE 656.560640|
Experiment 07-15_08:23
Epoch 0049 [Train seq (cond on sampled tp)] | Loss 3003071.399315 | MAPE 0.072559 | RMSE 202.960375 | Likelihood -3003068.355912 | KL fp 3.0434 | FP STD 0.2095 | ->nfe   52.00 | <-nfe   52.00
Epoch 0049 [Val seq (cond on sampled tp)] |  MAPE 0.061634 | RMSE 202.117434 |
Epoch 0049 [Test seq (cond on sampled tp)] | MAPE 0.069814 | RMSE 623.244630|
0.07426262646913528,0.06774543970823288,0.06743380427360535
553.9609361227558,658.6205517974671,657.1524033662207
Experiment 07-15_08:23
Epoch 0050 [Train seq (cond on sampled tp)] | Loss 2979302.713822 | MAPE 0.074078 | RMSE 200.850526 | Likelihood -2979299.557053 | KL fp 3.1568 | FP STD 0.2087 | ->nfe   52.00 | <-nfe   52.00
Epoch 0050 [Val seq (cond on sampled tp)] |  MAPE 0.063161 | RMSE 209.829646 |
Epoch 0050 [Test seq (cond on sampled tp)] | MAPE 0.066292 | RMSE 629.268015|
0.06741278618574142,0.06870728731155396,0.06275646388530731
554.3944613269508,653.209360580511,680.200223279881
Experiment 07-15_08:23
Epoch 0051 [Train seq (cond on sampled tp)] | Loss 2970091.524636 | MAPE 0.075415 | RMSE 199.712000 | Likelihood -2970088.260334 | KL fp 3.2643 | FP STD 0.2159 | ->nfe   52.00 | <-nfe   52.00
Epoch 0051 [Val seq (cond on sampled tp)] |  MAPE 0.075088 | RMSE 210.016266 |
Epoch 0051 [Test seq (cond on sampled tp)] | MAPE 0.064230 | RMSE 601.086629|
0.06279533356428146,0.06642889231443405,0.06346482783555984
528.6552811142626,635.0056102114374,639.5989954651274
Experiment 07-15_08:23
Epoch 0052 [Train seq (cond on sampled tp)] | Loss 3012672.463089 | MAPE 0.094439 | RMSE 202.254563 | Likelihood -3012669.273302 | KL fp 3.1898 | FP STD 0.2428 | ->nfe   52.00 | <-nfe   52.00
Epoch 0052 [Val seq (cond on sampled tp)] |  MAPE 0.061122 | RMSE 208.090744 |
Epoch 0052 [Test seq (cond on sampled tp)] | MAPE 0.076163 | RMSE 643.360213|
0.07579779624938965,0.07802677154541016,0.07466341555118561
577.9862941714102,676.0983194033247,675.9960243965936
Experiment 07-15_08:23
Epoch 0053 [Train seq (cond on sampled tp)] | Loss 3022511.136443 | MAPE 0.083430 | RMSE 203.777822 | Likelihood -3022507.930168 | KL fp 3.2063 | FP STD 0.2432 | ->nfe   52.00 | <-nfe   52.00
Epoch 0053 [Val seq (cond on sampled tp)] |  MAPE 0.060447 | RMSE 202.122120 |
Epoch 0053 [Test seq (cond on sampled tp)] | MAPE 0.063661 | RMSE 644.040021|
0.06576205790042877,0.06695619970560074,0.058265022933483124
576.542848581092,679.8410659852786,675.7361495065956
Experiment 07-15_08:23
Epoch 0054 [Train seq (cond on sampled tp)] | Loss 3078873.190579 | MAPE 0.096352 | RMSE 207.736678 | Likelihood -3078870.199489 | KL fp 2.9911 | FP STD 0.2822 | ->nfe   52.00 | <-nfe   52.00
Epoch 0054 [Val seq (cond on sampled tp)] |  MAPE 0.059680 | RMSE 205.002458 |
Epoch 0054 [Test seq (cond on sampled tp)] | MAPE 0.056840 | RMSE 650.213965|
0.05975354090332985,0.05875528231263161,0.05201205611228943
578.6119435770403,683.9198143788495,688.1101383499592
0.05975354090332985,0.05875528231263161,0.05201205611228943
578.6119435770403,683.9198143788495,688.1101383499592
Epoch 0054 [Test seq (cond on sampled tp)] | Best Test MAPE 0.056840|Best Test RMSE 650.213965|
Experiment 07-15_08:23
Epoch 0055 [Train seq (cond on sampled tp)] | Loss 3074771.695696 | MAPE 0.083164 | RMSE 207.696267 | Likelihood -3074768.744012 | KL fp 2.9517 | FP STD 0.2891 | ->nfe   52.00 | <-nfe   52.00
Epoch 0055 [Val seq (cond on sampled tp)] |  MAPE 0.057466 | RMSE 199.979169 |
Epoch 0055 [Test seq (cond on sampled tp)] | MAPE 0.058582 | RMSE 643.371547|
0.05570506304502487,0.0624258778989315,0.05761588364839554
569.5144587716803,676.7528860300487,683.8472965509186
Experiment 07-15_08:23
Epoch 0056 [Train seq (cond on sampled tp)] | Loss 2905763.211339 | MAPE 0.075691 | RMSE 196.252615 | Likelihood -2905760.349909 | KL fp 2.8614 | FP STD 0.2679 | ->nfe   52.00 | <-nfe   52.00
Epoch 0056 [Val seq (cond on sampled tp)] |  MAPE 0.049392 | RMSE 184.509559 |
Epoch 0056 [Test seq (cond on sampled tp)] | MAPE 0.069944 | RMSE 616.899726|
0.06981084495782852,0.0713118240237236,0.0687103196978569
546.2663899142981,646.0867056750201,658.3460811002068
Experiment 07-15_08:23
Epoch 0057 [Train seq (cond on sampled tp)] | Loss 2789402.633619 | MAPE 0.087986 | RMSE 186.795846 | Likelihood -2789399.774606 | KL fp 2.8590 | FP STD 0.2364 | ->nfe   52.00 | <-nfe   52.00
Epoch 0057 [Val seq (cond on sampled tp)] |  MAPE 0.049931 | RMSE 185.508476 |
Epoch 0057 [Test seq (cond on sampled tp)] | MAPE 0.064117 | RMSE 592.552907|
0.06242365762591362,0.06762511283159256,0.06230353191494942
522.3110304215296,621.3089006283428,634.0387902171286
Experiment 07-15_08:23
Epoch 0058 [Train seq (cond on sampled tp)] | Loss 2689223.406876 | MAPE 0.095422 | RMSE 178.275723 | Likelihood -2689220.277431 | KL fp 3.1294 | FP STD 0.2047 | ->nfe   52.00 | <-nfe   52.00
Epoch 0058 [Val seq (cond on sampled tp)] |  MAPE 0.044341 | RMSE 176.518651 |
Epoch 0058 [Test seq (cond on sampled tp)] | MAPE 0.066643 | RMSE 561.991933|
0.06832939386367798,0.06634511053562164,0.06525596231222153
479.88660770019413,588.8320271945132,617.2571637899393
Experiment 07-15_08:23
Epoch 0059 [Train seq (cond on sampled tp)] | Loss 2561457.386244 | MAPE 0.073978 | RMSE 167.587202 | Likelihood -2561454.334096 | KL fp 3.0521 | FP STD 0.1930 | ->nfe   52.00 | <-nfe   52.00
Epoch 0059 [Val seq (cond on sampled tp)] |  MAPE 0.029801 | RMSE 144.246337 |
Best Val!
Epoch 0059 [Test seq (cond on sampled tp)] | MAPE 0.062449 | RMSE 547.230710|
0.06043299660086632,0.06421138346195221,0.06270374357700348
470.1203137229873,571.4584685259289,600.1133486683995
Experiment 07-15_08:23
Epoch 0060 [Train seq (cond on sampled tp)] | Loss 2448073.055014 | MAPE 0.081268 | RMSE 158.347447 | Likelihood -2448070.332991 | KL fp 2.7220 | FP STD 0.2095 | ->nfe   52.00 | <-nfe   52.00
Epoch 0060 [Val seq (cond on sampled tp)] |  MAPE 0.037991 | RMSE 145.552698 |
Epoch 0060 [Test seq (cond on sampled tp)] | MAPE 0.058475 | RMSE 518.820211|
0.050495583564043045,0.05952700600028038,0.06540344655513763
445.0778021874378,546.8806999702952,564.5021313068712
Experiment 07-15_08:23
Epoch 0061 [Train seq (cond on sampled tp)] | Loss 2563065.098501 | MAPE 0.112312 | RMSE 165.297027 | Likelihood -2563062.182246 | KL fp 2.9163 | FP STD 0.2210 | ->nfe   52.00 | <-nfe   52.00
Epoch 0061 [Val seq (cond on sampled tp)] |  MAPE 0.032370 | RMSE 131.777526 |
Epoch 0061 [Test seq (cond on sampled tp)] | MAPE 0.059576 | RMSE 503.653172|
0.06409075856208801,0.058485813438892365,0.05615219846367836
456.9759464402913,530.7128755268709,523.2706935707369
Experiment 07-15_08:23
Epoch 0062 [Train seq (cond on sampled tp)] | Loss 2303252.393904 | MAPE 0.084699 | RMSE 140.361451 | Likelihood -2303249.460894 | KL fp 2.9330 | FP STD 0.2128 | ->nfe   52.00 | <-nfe   52.00
Epoch 0062 [Val seq (cond on sampled tp)] |  MAPE 0.034112 | RMSE 128.871946 |
Epoch 0062 [Test seq (cond on sampled tp)] | MAPE 0.061335 | RMSE 488.994321|
0.06921253353357315,0.05441172048449516,0.06038108095526695
441.7279281412938,509.1011687277883,516.1538651410062
Experiment 07-15_08:23
Epoch 0063 [Train seq (cond on sampled tp)] | Loss 2423833.271484 | MAPE 0.097718 | RMSE 153.098915 | Likelihood -2423830.448303 | KL fp 2.8232 | FP STD 0.2189 | ->nfe   52.00 | <-nfe   52.00
Epoch 0063 [Val seq (cond on sampled tp)] |  MAPE 0.038374 | RMSE 158.583605 |
Epoch 0063 [Test seq (cond on sampled tp)] | MAPE 0.065759 | RMSE 541.192548|
0.06372842937707901,0.06788788735866547,0.06565997749567032
462.4073893765107,553.4940717839713,607.6761832999546
Experiment 07-15_08:23
Epoch 0064 [Train seq (cond on sampled tp)] | Loss 2456842.108842 | MAPE 0.096509 | RMSE 157.846882 | Likelihood -2456839.490729 | KL fp 2.6181 | FP STD 0.2140 | ->nfe   52.00 | <-nfe   52.00
Epoch 0064 [Val seq (cond on sampled tp)] |  MAPE 0.038986 | RMSE 149.840410 |
Epoch 0064 [Test seq (cond on sampled tp)] | MAPE 0.056249 | RMSE 508.609232|
0.055533912032842636,0.05896176025271416,0.05425206944346428
457.859404593812,527.5826060912168,540.3856840257706
0.055533912032842636,0.05896176025271416,0.05425206944346428
457.859404593812,527.5826060912168,540.3856840257706
Epoch 0064 [Test seq (cond on sampled tp)] | Best Test MAPE 0.056249|Best Test RMSE 508.609232|
Experiment 07-15_08:23
Epoch 0065 [Train seq (cond on sampled tp)] | Loss 2287926.590523 | MAPE 0.118314 | RMSE 140.598897 | Likelihood -2287923.959208 | KL fp 2.6313 | FP STD 0.2332 | ->nfe   52.00 | <-nfe   52.00
Epoch 0065 [Val seq (cond on sampled tp)] |  MAPE 0.039007 | RMSE 123.948574 |
Epoch 0065 [Test seq (cond on sampled tp)] | MAPE 0.053283 | RMSE 465.252115|
0.057454951107501984,0.047572243958711624,0.054822664707899094
402.32156370868313,488.4988325216346,504.9359489083739
0.057454951107501984,0.047572243958711624,0.054822664707899094
402.32156370868313,488.4988325216346,504.9359489083739
Epoch 0065 [Test seq (cond on sampled tp)] | Best Test MAPE 0.053283|Best Test RMSE 465.252115|
Experiment 07-15_08:23
Epoch 0066 [Train seq (cond on sampled tp)] | Loss 2486333.701473 | MAPE 0.115846 | RMSE 154.347579 | Likelihood -2486330.871104 | KL fp 2.8304 | FP STD 0.2493 | ->nfe   52.00 | <-nfe   52.00
Epoch 0066 [Val seq (cond on sampled tp)] |  MAPE 0.042470 | RMSE 126.525593 |
Epoch 0066 [Test seq (cond on sampled tp)] | MAPE 0.068804 | RMSE 472.216314|
0.07473781704902649,0.06725475192070007,0.06441798806190491
405.1369560099399,510.2768396909662,501.23514628864564
Experiment 07-15_08:23
Epoch 0067 [Train seq (cond on sampled tp)] | Loss 2282880.226639 | MAPE 0.100367 | RMSE 140.900486 | Likelihood -2282877.593348 | KL fp 2.6333 | FP STD 0.2389 | ->nfe   52.00 | <-nfe   52.00
Epoch 0067 [Val seq (cond on sampled tp)] |  MAPE 0.042087 | RMSE 114.952334 |
Epoch 0067 [Test seq (cond on sampled tp)] | MAPE 0.068544 | RMSE 420.364761|
0.07528246939182281,0.07544364035129547,0.05490672588348389
352.433194024059,451.0580789931603,457.6030109439841
Experiment 07-15_08:23
Epoch 0068 [Train seq (cond on sampled tp)] | Loss 2140620.157554 | MAPE 0.095906 | RMSE 122.223388 | Likelihood -2140617.444329 | KL fp 2.7132 | FP STD 0.2088 | ->nfe   52.00 | <-nfe   52.00
Epoch 0068 [Val seq (cond on sampled tp)] |  MAPE 0.042114 | RMSE 133.590793 |
Epoch 0068 [Test seq (cond on sampled tp)] | MAPE 0.068868 | RMSE 443.689691|
0.0706447958946228,0.07705991715192795,0.05890054628252983
380.1851933597625,471.798569969219,479.0853101223205
Experiment 07-15_08:23
Epoch 0069 [Train seq (cond on sampled tp)] | Loss 2212926.975929 | MAPE 0.081184 | RMSE 129.428426 | Likelihood -2212924.461635 | KL fp 2.5143 | FP STD 0.2130 | ->nfe   52.00 | <-nfe   52.00
Epoch 0069 [Val seq (cond on sampled tp)] |  MAPE 0.043762 | RMSE 131.840391 |
Epoch 0069 [Test seq (cond on sampled tp)] | MAPE 0.065577 | RMSE 357.280378|
0.07216399163007736,0.06809630990028381,0.05647141486406326
288.9908221942351,391.3693508056041,391.48096218079365
Experiment 07-15_08:23
Epoch 0070 [Train seq (cond on sampled tp)] | Loss 2227811.083114 | MAPE 0.104187 | RMSE 130.326708 | Likelihood -2227808.284835 | KL fp 2.7983 | FP STD 0.2448 | ->nfe   52.00 | <-nfe   52.00
Epoch 0070 [Val seq (cond on sampled tp)] |  MAPE 0.044023 | RMSE 112.166280 |
Epoch 0070 [Test seq (cond on sampled tp)] | MAPE 0.066941 | RMSE 386.809030|
0.07600927352905273,0.06753013283014297,0.057282667607069016
314.6128573342164,414.15661666210286,431.6576153330322
Experiment 07-15_08:23
Epoch 0071 [Train seq (cond on sampled tp)] | Loss 2209124.210959 | MAPE 0.165114 | RMSE 133.674385 | Likelihood -2209121.582739 | KL fp 2.6282 | FP STD 0.2070 | ->nfe   52.00 | <-nfe   52.00
Epoch 0071 [Val seq (cond on sampled tp)] |  MAPE 0.072430 | RMSE 106.053734 |
Epoch 0071 [Test seq (cond on sampled tp)] | MAPE 0.067591 | RMSE 372.153647|
0.07510355114936829,0.06494063884019852,0.06272958219051361
311.75215516496434,397.5320545251666,407.17673143857326
Experiment 07-15_08:23
Epoch 0072 [Train seq (cond on sampled tp)] | Loss 2166683.457491 | MAPE 0.285850 | RMSE 126.602698 | Likelihood -2166680.654201 | KL fp 2.8033 | FP STD 0.1981 | ->nfe   52.00 | <-nfe   52.00
Epoch 0072 [Val seq (cond on sampled tp)] |  MAPE 0.035642 | RMSE 106.944673 |
Epoch 0072 [Test seq (cond on sampled tp)] | MAPE 0.046241 | RMSE 369.716832|
0.057632315903902054,0.048722900450229645,0.032366905361413956
322.2920477804254,400.92504364905915,385.9334058487293
0.057632315903902054,0.048722900450229645,0.032366905361413956
322.2920477804254,400.92504364905915,385.9334058487293
Epoch 0072 [Test seq (cond on sampled tp)] | Best Test MAPE 0.046241|Best Test RMSE 369.716832|
Experiment 07-15_08:23
Epoch 0073 [Train seq (cond on sampled tp)] | Loss 2096283.811049 | MAPE 0.100500 | RMSE 116.707466 | Likelihood -2096281.005979 | KL fp 2.8051 | FP STD 0.1989 | ->nfe   52.00 | <-nfe   52.00
Epoch 0073 [Val seq (cond on sampled tp)] |  MAPE 0.033059 | RMSE 103.524279 |
Epoch 0073 [Test seq (cond on sampled tp)] | MAPE 0.059031 | RMSE 393.187741|
0.06240247189998627,0.0596795417368412,0.05501183494925499
346.1593969907505,426.79638734412924,406.6074389076029
Experiment 07-15_08:23
Epoch 0074 [Train seq (cond on sampled tp)] | Loss 2111636.003715 | MAPE 0.075254 | RMSE 116.142583 | Likelihood -2111633.239199 | KL fp 2.7645 | FP STD 0.2249 | ->nfe   52.00 | <-nfe   52.00
Epoch 0074 [Val seq (cond on sampled tp)] |  MAPE 0.034576 | RMSE 101.299804 |
Epoch 0074 [Test seq (cond on sampled tp)] | MAPE 0.059685 | RMSE 423.793059|
0.0673515647649765,0.05588972941040993,0.05581259727478027
397.857818510583,423.56802877459955,449.9533309133293
Experiment 07-15_08:23
Epoch 0075 [Train seq (cond on sampled tp)] | Loss 2240019.220424 | MAPE 0.085722 | RMSE 133.655528 | Likelihood -2240016.696894 | KL fp 2.5235 | FP STD 0.2171 | ->nfe   52.00 | <-nfe   52.00
Epoch 0075 [Val seq (cond on sampled tp)] |  MAPE 0.032452 | RMSE 102.733746 |
Epoch 0075 [Test seq (cond on sampled tp)] | MAPE 0.054590 | RMSE 438.651286|
0.05267689749598503,0.05317772924900055,0.057915929704904556
409.2211542980152,438.9350037306207,467.79769933166625
Experiment 07-15_08:23
Epoch 0076 [Train seq (cond on sampled tp)] | Loss 2215218.210059 | MAPE 0.098317 | RMSE 130.989434 | Likelihood -2215215.325506 | KL fp 2.8846 | FP STD 0.2273 | ->nfe   52.00 | <-nfe   52.00
Epoch 0076 [Val seq (cond on sampled tp)] |  MAPE 0.038587 | RMSE 114.598083 |
Epoch 0076 [Test seq (cond on sampled tp)] | MAPE 0.054314 | RMSE 454.503929|
0.05368434637784958,0.05711794272065163,0.052141059190034866
410.4925775821044,490.0299735730458,462.98923448607314
Experiment 07-15_08:23
Epoch 0077 [Train seq (cond on sampled tp)] | Loss 2137870.352914 | MAPE 0.094481 | RMSE 124.459204 | Likelihood -2137867.687429 | KL fp 2.6655 | FP STD 0.2178 | ->nfe   52.00 | <-nfe   52.00
Epoch 0077 [Val seq (cond on sampled tp)] |  MAPE 0.042847 | RMSE 127.993927 |
Epoch 0077 [Test seq (cond on sampled tp)] | MAPE 0.061103 | RMSE 383.578056|
0.06169411912560463,0.06240442767739296,0.05920964479446411
351.0687254655419,411.31766160718166,388.3477822776899
Experiment 07-15_08:23
Epoch 0078 [Train seq (cond on sampled tp)] | Loss 2192163.213330 | MAPE 0.094124 | RMSE 126.099243 | Likelihood -2192160.265784 | KL fp 2.9475 | FP STD 0.1867 | ->nfe   52.00 | <-nfe   52.00
Epoch 0078 [Val seq (cond on sampled tp)] |  MAPE 0.039610 | RMSE 128.988765 |
Epoch 0078 [Test seq (cond on sampled tp)] | MAPE 0.062247 | RMSE 458.929654|
0.059145960956811905,0.06765033304691315,0.05994487181305885
429.0120736937365,491.3944603116726,456.38242941090533
Experiment 07-15_08:23
Epoch 0079 [Train seq (cond on sampled tp)] | Loss 2277048.679305 | MAPE 0.104594 | RMSE 139.037873 | Likelihood -2277045.954207 | KL fp 2.7251 | FP STD 0.1984 | ->nfe   52.00 | <-nfe   52.00
Epoch 0079 [Val seq (cond on sampled tp)] |  MAPE 0.065412 | RMSE 148.552041 |
Epoch 0079 [Test seq (cond on sampled tp)] | MAPE 0.120129 | RMSE 445.358140|
0.12772630155086517,0.11811963468790054,0.11454038321971893
412.8486783919745,462.28844823875926,460.9372923728346
Experiment 07-15_08:23
Epoch 0080 [Train seq (cond on sampled tp)] | Loss 2408101.682882 | MAPE 0.169429 | RMSE 149.122040 | Likelihood -2408098.989058 | KL fp 2.6938 | FP STD 0.2205 | ->nfe   52.00 | <-nfe   52.00
Epoch 0080 [Val seq (cond on sampled tp)] |  MAPE 0.046305 | RMSE 162.177583 |
Epoch 0080 [Test seq (cond on sampled tp)] | MAPE 0.066493 | RMSE 459.061467|
0.07953739166259766,0.06455446034669876,0.05538614094257355
405.11101873437116,486.78081566553135,485.2925663968077
Experiment 07-15_08:23
Epoch 0081 [Train seq (cond on sampled tp)] | Loss 2450626.663791 | MAPE 0.111228 | RMSE 153.186782 | Likelihood -2450623.815903 | KL fp 2.8479 | FP STD 0.1995 | ->nfe   52.00 | <-nfe   52.00
Epoch 0081 [Val seq (cond on sampled tp)] |  MAPE 0.045469 | RMSE 137.353374 |
Epoch 0081 [Test seq (cond on sampled tp)] | MAPE 0.092173 | RMSE 464.162629|
0.08453302830457687,0.0924951508641243,0.09949199110269547
394.9648718557133,503.42157408080953,494.1014413812208
Experiment 07-15_08:23
Epoch 0082 [Train seq (cond on sampled tp)] | Loss 2384467.669940 | MAPE 0.165344 | RMSE 148.254194 | Likelihood -2384464.741771 | KL fp 2.9282 | FP STD 0.1984 | ->nfe   52.00 | <-nfe   52.00
Epoch 0082 [Val seq (cond on sampled tp)] |  MAPE 0.041683 | RMSE 134.977993 |
Epoch 0082 [Test seq (cond on sampled tp)] | MAPE 0.068538 | RMSE 456.154138|
0.06958284974098206,0.07245339453220367,0.06357792764902115
377.3512952144195,493.0429906458462,498.0681272426494
Experiment 07-15_08:23
Epoch 0083 [Train seq (cond on sampled tp)] | Loss 2430437.370408 | MAPE 0.104193 | RMSE 151.859611 | Likelihood -2430434.416919 | KL fp 2.9535 | FP STD 0.2212 | ->nfe   52.00 | <-nfe   52.00
Epoch 0083 [Val seq (cond on sampled tp)] |  MAPE 0.041084 | RMSE 140.354859 |
Epoch 0083 [Test seq (cond on sampled tp)] | MAPE 0.070714 | RMSE 489.806643|
0.07671144604682922,0.07166726887226105,0.06376247853040695
416.45726821608,521.1940017882017,531.7686585819063
Experiment 07-15_08:23
Epoch 0084 [Train seq (cond on sampled tp)] | Loss 2468164.244872 | MAPE 0.122821 | RMSE 156.372318 | Likelihood -2468161.310164 | KL fp 2.9347 | FP STD 0.2325 | ->nfe   52.00 | <-nfe   52.00
Epoch 0084 [Val seq (cond on sampled tp)] |  MAPE 0.038517 | RMSE 134.786514 |
Epoch 0084 [Test seq (cond on sampled tp)] | MAPE 0.058427 | RMSE 494.963209|
0.060311440378427505,0.06016930565237999,0.05480057746171951
423.579925309262,527.7758165168237,533.5338848189494
Experiment 07-15_08:23
Epoch 0085 [Train seq (cond on sampled tp)] | Loss 2560156.257739 | MAPE 0.105350 | RMSE 164.612044 | Likelihood -2560153.176977 | KL fp 3.0808 | FP STD 0.2516 | ->nfe   52.00 | <-nfe   52.00
Epoch 0085 [Val seq (cond on sampled tp)] |  MAPE 0.039216 | RMSE 163.340016 |
Epoch 0085 [Test seq (cond on sampled tp)] | MAPE 0.069372 | RMSE 518.785032|
0.07630901038646698,0.07037608325481415,0.061430346220731735
441.68868066206994,551.9807514759913,562.685663803513
Experiment 07-15_08:23
Epoch 0086 [Train seq (cond on sampled tp)] | Loss 2393059.652501 | MAPE 0.092086 | RMSE 151.844279 | Likelihood -2393056.915712 | KL fp 2.7368 | FP STD 0.2443 | ->nfe   52.00 | <-nfe   52.00
Epoch 0086 [Val seq (cond on sampled tp)] |  MAPE 0.039969 | RMSE 118.479560 |
Epoch 0086 [Test seq (cond on sampled tp)] | MAPE 0.073440 | RMSE 472.204440|
0.07671330124139786,0.07389502972364426,0.06971041113138199
399.1940513396962,497.4415637791036,519.9777038489246
Experiment 07-15_08:23
Epoch 0087 [Train seq (cond on sampled tp)] | Loss 2466332.568594 | MAPE 0.176568 | RMSE 155.967186 | Likelihood -2466329.633673 | KL fp 2.9349 | FP STD 0.2561 | ->nfe   52.00 | <-nfe   52.00
Epoch 0087 [Val seq (cond on sampled tp)] |  MAPE 0.037923 | RMSE 130.944220 |
Epoch 0087 [Test seq (cond on sampled tp)] | MAPE 0.064779 | RMSE 484.722531|
0.074849434196949,0.06422478705644608,0.055263031274080276
418.02425916446526,510.68784802949835,525.4554869349068
Experiment 07-15_08:23
Epoch 0088 [Train seq (cond on sampled tp)] | Loss 2359040.011810 | MAPE 0.082854 | RMSE 147.422275 | Likelihood -2359037.221143 | KL fp 2.7907 | FP STD 0.2404 | ->nfe   52.00 | <-nfe   52.00
Epoch 0088 [Val seq (cond on sampled tp)] |  MAPE 0.037493 | RMSE 137.015025 |
Epoch 0088 [Test seq (cond on sampled tp)] | MAPE 0.069512 | RMSE 475.520210|
0.07232046872377396,0.07397891581058502,0.062236614525318146
394.65146807024547,517.8239927813311,514.0851704727535
Experiment 07-15_08:23
Epoch 0089 [Train seq (cond on sampled tp)] | Loss 2333648.116184 | MAPE 0.095607 | RMSE 144.741381 | Likelihood -2333645.270477 | KL fp 2.8457 | FP STD 0.2420 | ->nfe   52.00 | <-nfe   52.00
Epoch 0089 [Val seq (cond on sampled tp)] |  MAPE 0.041732 | RMSE 126.235631 |
Epoch 0089 [Test seq (cond on sampled tp)] | MAPE 0.073136 | RMSE 456.635119|
0.07818455249071121,0.07681863754987717,0.06440519541501999
384.2891977404517,492.1640351549471,493.45212533740295
Experiment 07-15_08:23
Epoch 0090 [Train seq (cond on sampled tp)] | Loss 2304632.790760 | MAPE 0.088113 | RMSE 141.395061 | Likelihood -2304630.367138 | KL fp 2.4236 | FP STD 0.2846 | ->nfe   52.00 | <-nfe   52.00
Epoch 0090 [Val seq (cond on sampled tp)] |  MAPE 0.035244 | RMSE 132.209107 |
Epoch 0090 [Test seq (cond on sampled tp)] | MAPE 0.063335 | RMSE 466.951830|
0.06994353979825974,0.06931870430707932,0.050743382424116135
381.1957543375844,504.8724312883404,514.7873043791969
Experiment 07-15_08:23
Epoch 0091 [Train seq (cond on sampled tp)] | Loss 2312584.085189 | MAPE 0.089541 | RMSE 140.923616 | Likelihood -2312581.370364 | KL fp 2.7148 | FP STD 0.2571 | ->nfe   52.00 | <-nfe   52.00
Epoch 0091 [Val seq (cond on sampled tp)] |  MAPE 0.038659 | RMSE 140.348624 |
Epoch 0091 [Test seq (cond on sampled tp)] | MAPE 0.068128 | RMSE 488.890726|
0.0742901861667633,0.07104777544736862,0.05904543772339821
402.2334326917642,529.0141479677079,535.42459786603
Experiment 07-15_08:23
Epoch 0092 [Train seq (cond on sampled tp)] | Loss 2303425.614128 | MAPE 0.085365 | RMSE 141.462319 | Likelihood -2303422.861293 | KL fp 2.7528 | FP STD 0.2380 | ->nfe   52.00 | <-nfe   52.00
Epoch 0092 [Val seq (cond on sampled tp)] |  MAPE 0.038603 | RMSE 144.904029 |
Epoch 0092 [Test seq (cond on sampled tp)] | MAPE 0.064483 | RMSE 498.248848|
0.07041539996862411,0.06907745450735092,0.05395640432834625
449.1148760339608,531.9104717901313,513.7211974894553
Experiment 07-15_08:23
Epoch 0093 [Train seq (cond on sampled tp)] | Loss 2307261.887193 | MAPE 0.092223 | RMSE 142.534182 | Likelihood -2307259.120067 | KL fp 2.7671 | FP STD 0.2350 | ->nfe   52.00 | <-nfe   52.00
Epoch 0093 [Val seq (cond on sampled tp)] |  MAPE 0.034718 | RMSE 124.042111 |
Epoch 0093 [Test seq (cond on sampled tp)] | MAPE 0.066828 | RMSE 460.190261|
0.07314817607402802,0.07067319750785828,0.056663282215595245
406.60173234997416,507.0009861923347,466.9680630139496
Experiment 07-15_08:23
Epoch 0094 [Train seq (cond on sampled tp)] | Loss 2270394.659163 | MAPE 0.088775 | RMSE 138.687666 | Likelihood -2270391.999696 | KL fp 2.6595 | FP STD 0.2471 | ->nfe   52.00 | <-nfe   52.00
Epoch 0094 [Val seq (cond on sampled tp)] |  MAPE 0.033306 | RMSE 122.095846 |
Epoch 0094 [Test seq (cond on sampled tp)] | MAPE 0.058449 | RMSE 457.486751|
0.06292267888784409,0.06290999054908752,0.04951423406600952
395.875177612843,481.4643678404457,495.120708135905
Experiment 07-15_08:23
Epoch 0095 [Train seq (cond on sampled tp)] | Loss 2254835.204843 | MAPE 0.089604 | RMSE 137.565649 | Likelihood -2254832.585368 | KL fp 2.6195 | FP STD 0.2378 | ->nfe   52.00 | <-nfe   52.00
Epoch 0095 [Val seq (cond on sampled tp)] |  MAPE 0.040055 | RMSE 110.939309 |
Epoch 0095 [Test seq (cond on sampled tp)] | MAPE 0.060229 | RMSE 417.331540|
0.05645129457116127,0.06637957692146301,0.05785670131444931
338.295278288805,445.38799798602565,468.31134475367986
Experiment 07-15_08:23
Epoch 0096 [Train seq (cond on sampled tp)] | Loss 2220189.770716 | MAPE 0.084331 | RMSE 133.577954 | Likelihood -2220187.258688 | KL fp 2.5120 | FP STD 0.2474 | ->nfe   52.00 | <-nfe   52.00
Epoch 0096 [Val seq (cond on sampled tp)] |  MAPE 0.041920 | RMSE 118.088747 |
Epoch 0096 [Test seq (cond on sampled tp)] | MAPE 0.065510 | RMSE 408.900653|
0.07223321497440338,0.0665769875049591,0.057720646262168884
340.07431402930155,427.3881067016255,459.23953785034666
Experiment 07-15_08:23
Epoch 0097 [Train seq (cond on sampled tp)] | Loss 2228153.883489 | MAPE 0.085777 | RMSE 135.543226 | Likelihood -2228151.375577 | KL fp 2.5079 | FP STD 0.2414 | ->nfe   52.00 | <-nfe   52.00
Epoch 0097 [Val seq (cond on sampled tp)] |  MAPE 0.031443 | RMSE 108.744221 |
Epoch 0097 [Test seq (cond on sampled tp)] | MAPE 0.056816 | RMSE 407.858452|
0.06017746776342392,0.06253594905138016,0.047735728323459625
354.3845016362877,431.32464933620474,437.8662038796783
Experiment 07-15_08:23
Epoch 0098 [Train seq (cond on sampled tp)] | Loss 2197386.935345 | MAPE 0.083622 | RMSE 130.521817 | Likelihood -2197384.468677 | KL fp 2.4667 | FP STD 0.2225 | ->nfe   52.00 | <-nfe   52.00
Epoch 0098 [Val seq (cond on sampled tp)] |  MAPE 0.032984 | RMSE 101.673824 |
Epoch 0098 [Test seq (cond on sampled tp)] | MAPE 0.062134 | RMSE 408.583734|
0.06612224876880646,0.06667403131723404,0.05360499769449234
361.3545264003206,424.67314637259557,439.7235281969797
Experiment 07-15_08:23
Epoch 0099 [Train seq (cond on sampled tp)] | Loss 2217703.562659 | MAPE 0.094162 | RMSE 131.241061 | Likelihood -2217700.817919 | KL fp 2.7447 | FP STD 0.2140 | ->nfe   52.00 | <-nfe   52.00
Epoch 0099 [Val seq (cond on sampled tp)] |  MAPE 0.035724 | RMSE 132.762410 |
Epoch 0099 [Test seq (cond on sampled tp)] | MAPE 0.064257 | RMSE 431.591555|
0.07163751125335693,0.06652624905109406,0.0546082928776741
404.9035186004192,436.3578305129862,453.5133163700929
Experiment 07-15_08:23
Epoch 0100 [Train seq (cond on sampled tp)] | Loss 2139873.776083 | MAPE 0.091636 | RMSE 124.291390 | Likelihood -2139871.127091 | KL fp 2.6490 | FP STD 0.2007 | ->nfe   52.00 | <-nfe   52.00
Epoch 0100 [Val seq (cond on sampled tp)] |  MAPE 0.034817 | RMSE 120.928274 |
Epoch 0100 [Test seq (cond on sampled tp)] | MAPE 0.058226 | RMSE 380.232603|
0.06405552476644516,0.06143684312701225,0.049186188727617264
317.81796332570633,403.9564487664481,418.92339693552566
