/data2/yuanjingyang/CG-ODE/run_models_covid.py
run_models_covid.py --rec-layers 1 -e Cheb_att
Namespace(save='experiments/', load=None, dataset='Dec', datapath='data/', pred_length=14, condition_length=21, features='Confirmed,Deaths,Recovered,Mortality_Rate,Testing_Rate,Population,Mobility', split_interval=3, feature_out='Deaths', niters=100, lr=0.005, batch_size=8, random_seed=1991, dropout=0.2, l2=1e-05, optimizer='AdamW', clip=10, edge_lamda=0.5, z0_encoder='GTrans', rec_dims=64, ode_dims=20, rec_layers=1, gen_layers=1, encoder='Cheb_att', graf_layer=1, cheb_K=2, heavyBall=False, actv_h=None, gamma_guess=-3.0, gamma_act='sigmoid', corr=-100, corrf=True, sign=1, augment_dim=0, solver='rk4', rtol=0.01, atol=0.01, alias='run', output_dim=1, feature_out_index=[1], num_atoms=50)
run
Experiment 07-17_18:08
Epoch 0001 [Train seq (cond on sampled tp)] | Loss 4394495.409539 | MAPE 0.064000 | RMSE 286.385834 | Likelihood -4394493.712532 | KL fp 1.6970 | FP STD 0.5891 | ->nfe   52.00 | <-nfe   52.00
Epoch 0001 [Val seq (cond on sampled tp)] |  MAPE 0.057827 | RMSE 304.874193 |
Best Val!
Epoch 0001 [Test seq (cond on sampled tp)] | MAPE 0.119749 | RMSE 904.448012|
0.13273851573467255,0.12352705001831055,0.1029820516705513
849.5434803469449,935.1450756433463,928.6554797124712
0.13273851573467255,0.12352705001831055,0.1029820516705513
849.5434803469449,935.1450756433463,928.6554797124712
Epoch 0001 [Test seq (cond on sampled tp)] | Best Test MAPE 0.119749|Best Test RMSE 904.448012|
Experiment 07-17_18:08
Epoch 0002 [Train seq (cond on sampled tp)] | Loss 4180749.813755 | MAPE 0.098049 | RMSE 275.659527 | Likelihood -4180744.133832 | KL fp 5.6799 | FP STD 0.8548 | ->nfe   52.00 | <-nfe   52.00
Epoch 0002 [Val seq (cond on sampled tp)] |  MAPE 0.069000 | RMSE 280.844138 |
Epoch 0002 [Test seq (cond on sampled tp)] | MAPE 0.114499 | RMSE 862.824056|
0.12334717810153961,0.11767879128456116,0.10247235745191574
804.9583840174596,893.9624572654044,889.5513265124166
0.12334717810153961,0.11767879128456116,0.10247235745191574
804.9583840174596,893.9624572654044,889.5513265124166
Epoch 0002 [Test seq (cond on sampled tp)] | Best Test MAPE 0.114499|Best Test RMSE 862.824056|
Experiment 07-17_18:08
Epoch 0003 [Train seq (cond on sampled tp)] | Loss 3842099.492622 | MAPE 0.233553 | RMSE 257.415522 | Likelihood -3842085.994582 | KL fp 13.4980 | FP STD 0.9555 | ->nfe   52.00 | <-nfe   52.00
Epoch 0003 [Val seq (cond on sampled tp)] |  MAPE 0.095057 | RMSE 241.608914 |
Epoch 0003 [Test seq (cond on sampled tp)] | MAPE 0.129901 | RMSE 790.007163|
0.1404922902584076,0.12887854874134064,0.12033242732286453
727.0692453267433,820.9349852454822,822.0172595511605
Experiment 07-17_18:08
Epoch 0004 [Train seq (cond on sampled tp)] | Loss 3511936.394182 | MAPE 0.346587 | RMSE 237.619243 | Likelihood -3511920.825481 | KL fp 15.5687 | FP STD 0.7670 | ->nfe   52.00 | <-nfe   52.00
Epoch 0004 [Val seq (cond on sampled tp)] |  MAPE 0.044600 | RMSE 204.055388 |
Best Val!
Epoch 0004 [Test seq (cond on sampled tp)] | MAPE 0.066441 | RMSE 714.514373|
0.07140092551708221,0.06609097123146057,0.06183195114135742
646.0706472592607,751.2892252654766,746.1832465956335
0.07140092551708221,0.06609097123146057,0.06183195114135742
646.0706472592607,751.2892252654766,746.1832465956335
Epoch 0004 [Test seq (cond on sampled tp)] | Best Test MAPE 0.066441|Best Test RMSE 714.514373|
Experiment 07-17_18:08
Epoch 0005 [Train seq (cond on sampled tp)] | Loss 3093320.491878 | MAPE 0.083467 | RMSE 210.789296 | Likelihood -3093310.147149 | KL fp 10.3447 | FP STD 0.6588 | ->nfe   52.00 | <-nfe   52.00
Epoch 0005 [Val seq (cond on sampled tp)] |  MAPE 0.040528 | RMSE 174.743255 |
Best Val!
Epoch 0005 [Test seq (cond on sampled tp)] | MAPE 0.078830 | RMSE 630.388277|
0.09133207052946091,0.07843124866485596,0.06672703474760056
562.7237332830383,662.7470529923162,665.6940457146961
Experiment 07-17_18:08
Epoch 0006 [Train seq (cond on sampled tp)] | Loss 2822832.855890 | MAPE 0.062104 | RMSE 189.438717 | Likelihood -2822821.088574 | KL fp 11.7673 | FP STD 0.6867 | ->nfe   52.00 | <-nfe   52.00
Epoch 0006 [Val seq (cond on sampled tp)] |  MAPE 0.032139 | RMSE 146.467960 |
Best Val!
Epoch 0006 [Test seq (cond on sampled tp)] | MAPE 0.071592 | RMSE 564.447015|
0.08067193627357483,0.07468847930431366,0.059415459632873535
488.140012573237,602.2569530524326,602.9440790819659
Experiment 07-17_18:08
Epoch 0007 [Train seq (cond on sampled tp)] | Loss 2515215.992814 | MAPE 0.048670 | RMSE 164.069889 | Likelihood -2515206.846206 | KL fp 9.1466 | FP STD 0.6204 | ->nfe   52.00 | <-nfe   52.00
Epoch 0007 [Val seq (cond on sampled tp)] |  MAPE 0.032902 | RMSE 132.740230 |
Epoch 0007 [Test seq (cond on sampled tp)] | MAPE 0.056450 | RMSE 509.973297|
0.060162629932165146,0.05673044174909592,0.05245770514011383
434.0559979714599,541.5701131894189,554.2937792813483
0.060162629932165146,0.05673044174909592,0.05245770514011383
434.0559979714599,541.5701131894189,554.2937792813483
Epoch 0007 [Test seq (cond on sampled tp)] | Best Test MAPE 0.056450|Best Test RMSE 509.973297|
Experiment 07-17_18:08
Epoch 0008 [Train seq (cond on sampled tp)] | Loss 2324722.176750 | MAPE 0.051968 | RMSE 144.467880 | Likelihood -2324713.455222 | KL fp 8.7215 | FP STD 0.5581 | ->nfe   52.00 | <-nfe   52.00
Epoch 0008 [Val seq (cond on sampled tp)] |  MAPE 0.033253 | RMSE 118.822256 |
Epoch 0008 [Test seq (cond on sampled tp)] | MAPE 0.051169 | RMSE 472.556818|
0.050974056124687195,0.055491797626018524,0.04704021289944649
390.26811697216567,502.5085975632656,524.8937392463355
0.050974056124687195,0.055491797626018524,0.04704021289944649
390.26811697216567,502.5085975632656,524.8937392463355
Epoch 0008 [Test seq (cond on sampled tp)] | Best Test MAPE 0.051169|Best Test RMSE 472.556818|
Experiment 07-17_18:08
Epoch 0009 [Train seq (cond on sampled tp)] | Loss 2254660.842838 | MAPE 0.051820 | RMSE 135.947563 | Likelihood -2254652.948649 | KL fp 7.8942 | FP STD 0.4962 | ->nfe   52.00 | <-nfe   52.00
Epoch 0009 [Val seq (cond on sampled tp)] |  MAPE 0.027545 | RMSE 107.083122 |
Best Val!
Epoch 0009 [Test seq (cond on sampled tp)] | MAPE 0.053033 | RMSE 411.334834|
0.05408318713307381,0.052579574286937714,0.052436474710702896
331.80262864389726,438.71175046948537,463.4901226024132
Experiment 07-17_18:08
Epoch 0010 [Train seq (cond on sampled tp)] | Loss 2145470.285319 | MAPE 0.034060 | RMSE 124.041364 | Likelihood -2145463.013274 | KL fp 7.2720 | FP STD 0.4911 | ->nfe   52.00 | <-nfe   52.00
Epoch 0010 [Val seq (cond on sampled tp)] |  MAPE 0.043091 | RMSE 91.808033 |
Epoch 0010 [Test seq (cond on sampled tp)] | MAPE 0.059114 | RMSE 391.559268|
0.0552196204662323,0.06326436996459961,0.058857135474681854
307.0201286153727,422.5774152448283,445.08025961617307
Experiment 07-17_18:08
Epoch 0011 [Train seq (cond on sampled tp)] | Loss 2219825.833392 | MAPE 0.139177 | RMSE 131.831203 | Likelihood -2219819.381840 | KL fp 6.4516 | FP STD 0.4393 | ->nfe   52.00 | <-nfe   52.00
Epoch 0011 [Val seq (cond on sampled tp)] |  MAPE 0.055498 | RMSE 96.930100 |
Epoch 0011 [Test seq (cond on sampled tp)] | MAPE 0.075003 | RMSE 381.127274|
0.0766591802239418,0.07572845369577408,0.0726204439997673
300.22790822140433,411.41024613516856,431.7436667167221
Experiment 07-17_18:08
Epoch 0012 [Train seq (cond on sampled tp)] | Loss 2148764.948122 | MAPE 0.080199 | RMSE 122.987710 | Likelihood -2148758.029089 | KL fp 6.9190 | FP STD 0.4300 | ->nfe   52.00 | <-nfe   52.00
Epoch 0012 [Val seq (cond on sampled tp)] |  MAPE 0.038761 | RMSE 87.640222 |
Epoch 0012 [Test seq (cond on sampled tp)] | MAPE 0.053670 | RMSE 368.245245|
0.051905639469623566,0.05895693227648735,0.05014742910861969
287.778004175962,397.1630254064444,419.7947042900851
Experiment 07-17_18:08
Epoch 0013 [Train seq (cond on sampled tp)] | Loss 2119450.776167 | MAPE 0.059541 | RMSE 121.257060 | Likelihood -2119444.751479 | KL fp 6.0247 | FP STD 0.4459 | ->nfe   52.00 | <-nfe   52.00
Epoch 0013 [Val seq (cond on sampled tp)] |  MAPE 0.032734 | RMSE 91.204885 |
Epoch 0013 [Test seq (cond on sampled tp)] | MAPE 0.062092 | RMSE 378.933208|
0.06556891649961472,0.06585733592510223,0.05484854429960251
300.6957557066611,407.1969540345311,428.906913706226
Experiment 07-17_18:08
Epoch 0014 [Train seq (cond on sampled tp)] | Loss 2086235.338499 | MAPE 0.041810 | RMSE 115.839345 | Likelihood -2086229.692613 | KL fp 5.6459 | FP STD 0.4638 | ->nfe   52.00 | <-nfe   52.00
Epoch 0014 [Val seq (cond on sampled tp)] |  MAPE 0.045847 | RMSE 87.499810 |
Epoch 0014 [Test seq (cond on sampled tp)] | MAPE 0.066509 | RMSE 343.231378|
0.06543184071779251,0.07105521857738495,0.06304090470075607
273.82337772275764,362.9117489142505,392.95900708598094
Experiment 07-17_18:08
Epoch 0015 [Train seq (cond on sampled tp)] | Loss 2134491.440734 | MAPE 0.046344 | RMSE 120.951101 | Likelihood -2134485.844839 | KL fp 5.5959 | FP STD 0.3966 | ->nfe   52.00 | <-nfe   52.00
Epoch 0015 [Val seq (cond on sampled tp)] |  MAPE 0.044232 | RMSE 91.881218 |
Epoch 0015 [Test seq (cond on sampled tp)] | MAPE 0.067053 | RMSE 345.773062|
0.06991428136825562,0.06679739058017731,0.06444620341062546
263.4211664568738,374.3492896013027,399.5487298190297
Experiment 07-17_18:08
Epoch 0016 [Train seq (cond on sampled tp)] | Loss 2083553.176496 | MAPE 0.043492 | RMSE 116.247403 | Likelihood -2083547.488447 | KL fp 5.6880 | FP STD 0.3885 | ->nfe   52.00 | <-nfe   52.00
Epoch 0016 [Val seq (cond on sampled tp)] |  MAPE 0.049920 | RMSE 84.479406 |
Epoch 0016 [Test seq (cond on sampled tp)] | MAPE 0.075693 | RMSE 349.946094|
0.08169226348400116,0.07217644900083542,0.07321164757013321
270.0486645958465,383.7096273551134,396.07999113184195
Experiment 07-17_18:08
Epoch 0017 [Train seq (cond on sampled tp)] | Loss 2082212.992357 | MAPE 0.069844 | RMSE 116.956225 | Likelihood -2082207.852504 | KL fp 5.1399 | FP STD 0.3882 | ->nfe   52.00 | <-nfe   52.00
Epoch 0017 [Val seq (cond on sampled tp)] |  MAPE 0.037813 | RMSE 95.984618 |
Epoch 0017 [Test seq (cond on sampled tp)] | MAPE 0.062853 | RMSE 343.998709|
0.06934837996959686,0.06449972838163376,0.0547105111181736
261.8966429004007,371.81388153214505,398.2856033991186
Experiment 07-17_18:08
Epoch 0018 [Train seq (cond on sampled tp)] | Loss 2060181.254230 | MAPE 0.043519 | RMSE 111.677759 | Likelihood -2060175.941496 | KL fp 5.3127 | FP STD 0.4519 | ->nfe   52.00 | <-nfe   52.00
Epoch 0018 [Val seq (cond on sampled tp)] |  MAPE 0.039824 | RMSE 86.359207 |
Epoch 0018 [Test seq (cond on sampled tp)] | MAPE 0.056121 | RMSE 313.615159|
0.05211145430803299,0.061914488673210144,0.0543355867266655
249.4770937631349,334.79580997228743,356.5725732582359
Experiment 07-17_18:08
Epoch 0019 [Train seq (cond on sampled tp)] | Loss 2074025.107920 | MAPE 0.063859 | RMSE 114.396083 | Likelihood -2074020.476557 | KL fp 4.6314 | FP STD 0.4535 | ->nfe   52.00 | <-nfe   52.00
Epoch 0019 [Val seq (cond on sampled tp)] |  MAPE 0.027506 | RMSE 87.415755 |
Best Val!
Epoch 0019 [Test seq (cond on sampled tp)] | MAPE 0.051486 | RMSE 332.969297|
0.05962682515382767,0.050222743302583694,0.04460706561803818
271.2450172353402,346.1654341676823,381.49744019455756
Experiment 07-17_18:08
Epoch 0020 [Train seq (cond on sampled tp)] | Loss 2056534.151348 | MAPE 0.042803 | RMSE 110.348795 | Likelihood -2056528.976383 | KL fp 5.1750 | FP STD 0.5173 | ->nfe   52.00 | <-nfe   52.00
Epoch 0020 [Val seq (cond on sampled tp)] |  MAPE 0.025333 | RMSE 103.868621 |
Best Val!
Epoch 0020 [Test seq (cond on sampled tp)] | MAPE 0.057316 | RMSE 372.661913|
0.07077734172344208,0.057728927582502365,0.043443065136671066
309.05252132525953,403.7618806301556,405.17133721427035
Experiment 07-17_18:08
Epoch 0021 [Train seq (cond on sampled tp)] | Loss 2046369.898698 | MAPE 0.037625 | RMSE 111.530590 | Likelihood -2046365.779532 | KL fp 4.1192 | FP STD 0.4940 | ->nfe   52.00 | <-nfe   52.00
Epoch 0021 [Val seq (cond on sampled tp)] |  MAPE 0.027746 | RMSE 81.921298 |
Epoch 0021 [Test seq (cond on sampled tp)] | MAPE 0.047411 | RMSE 282.278396|
0.04718177765607834,0.05063837766647339,0.04441387951374054
224.20088996812657,300.1981376940903,322.43616131724434
0.04718177765607834,0.05063837766647339,0.04441387951374054
224.20088996812657,300.1981376940903,322.43616131724434
Epoch 0021 [Test seq (cond on sampled tp)] | Best Test MAPE 0.047411|Best Test RMSE 282.278396|
Experiment 07-17_18:08
Epoch 0022 [Train seq (cond on sampled tp)] | Loss 1997992.996929 | MAPE 0.034674 | RMSE 101.594294 | Likelihood -1997988.282893 | KL fp 4.7140 | FP STD 0.4713 | ->nfe   52.00 | <-nfe   52.00
Epoch 0022 [Val seq (cond on sampled tp)] |  MAPE 0.037566 | RMSE 76.180520 |
Epoch 0022 [Test seq (cond on sampled tp)] | MAPE 0.058609 | RMSE 292.652052|
0.053279146552085876,0.0613601878285408,0.061188578605651855
225.3756326252907,318.86372971067124,333.71679376006836
Experiment 07-17_18:08
Epoch 0023 [Train seq (cond on sampled tp)] | Loss 2032792.017242 | MAPE 0.071343 | RMSE 108.884361 | Likelihood -2032787.728791 | KL fp 4.2885 | FP STD 0.4887 | ->nfe   52.00 | <-nfe   52.00
Epoch 0023 [Val seq (cond on sampled tp)] |  MAPE 0.027609 | RMSE 91.435700 |
Epoch 0023 [Test seq (cond on sampled tp)] | MAPE 0.057586 | RMSE 302.952512|
0.0630665272474289,0.06200698763132095,0.047685399651527405
237.65182647099516,313.8849062554617,357.32080299081383
Experiment 07-17_18:08
Epoch 0024 [Train seq (cond on sampled tp)] | Loss 2043716.460247 | MAPE 0.039850 | RMSE 108.813276 | Likelihood -2043711.662070 | KL fp 4.7982 | FP STD 0.4983 | ->nfe   52.00 | <-nfe   52.00
Epoch 0024 [Val seq (cond on sampled tp)] |  MAPE 0.029382 | RMSE 83.884614 |
Epoch 0024 [Test seq (cond on sampled tp)] | MAPE 0.058343 | RMSE 315.806461|
0.06253692507743835,0.05670788139104843,0.05578489601612091
259.7636997109103,321.682345256932,365.9733383390107
Experiment 07-17_18:08
Epoch 0025 [Train seq (cond on sampled tp)] | Loss 2020601.348337 | MAPE 0.043171 | RMSE 108.886518 | Likelihood -2020597.539850 | KL fp 3.8085 | FP STD 0.4924 | ->nfe   52.00 | <-nfe   52.00
Epoch 0025 [Val seq (cond on sampled tp)] |  MAPE 0.031191 | RMSE 78.758773 |
Epoch 0025 [Test seq (cond on sampled tp)] | MAPE 0.061895 | RMSE 292.152535|
0.06141265109181404,0.06238867715001106,0.06188236176967621
215.5466433715682,306.6943078009437,354.21665333521514
Experiment 07-17_18:08
Epoch 0026 [Train seq (cond on sampled tp)] | Loss 1986501.864857 | MAPE 0.041554 | RMSE 101.786815 | Likelihood -1986497.661740 | KL fp 4.2031 | FP STD 0.4426 | ->nfe   52.00 | <-nfe   52.00
Epoch 0026 [Val seq (cond on sampled tp)] |  MAPE 0.050688 | RMSE 87.976879 |
Epoch 0026 [Test seq (cond on sampled tp)] | MAPE 0.084363 | RMSE 303.887807|
0.07735837996006012,0.0837581604719162,0.09197147935628891
254.58783325946666,294.31038303549536,362.7652047123594
Experiment 07-17_18:08
Epoch 0027 [Train seq (cond on sampled tp)] | Loss 2023110.265889 | MAPE 0.057206 | RMSE 106.726687 | Likelihood -2023105.842720 | KL fp 4.4232 | FP STD 0.3895 | ->nfe   52.00 | <-nfe   52.00
Epoch 0027 [Val seq (cond on sampled tp)] |  MAPE 0.033797 | RMSE 96.557433 |
Epoch 0027 [Test seq (cond on sampled tp)] | MAPE 0.063881 | RMSE 324.909255|
0.06977392733097076,0.06672059744596481,0.05514783412218094
272.23315489668045,339.46250023014323,363.03210946140837
Experiment 07-17_18:08
Epoch 0028 [Train seq (cond on sampled tp)] | Loss 2006340.203558 | MAPE 0.040406 | RMSE 103.806875 | Likelihood -2006336.104528 | KL fp 4.0990 | FP STD 0.5133 | ->nfe   52.00 | <-nfe   52.00
Epoch 0028 [Val seq (cond on sampled tp)] |  MAPE 0.033017 | RMSE 80.099322 |
Epoch 0028 [Test seq (cond on sampled tp)] | MAPE 0.066986 | RMSE 306.058022|
0.07102444767951965,0.061825159937143326,0.06810833513736725
229.98851873517512,313.7587150184039,374.4268328058234
Experiment 07-17_18:08
Epoch 0029 [Train seq (cond on sampled tp)] | Loss 1989763.454097 | MAPE 0.036709 | RMSE 102.730145 | Likelihood -1989759.487821 | KL fp 3.9663 | FP STD 0.4874 | ->nfe   52.00 | <-nfe   52.00
Epoch 0029 [Val seq (cond on sampled tp)] |  MAPE 0.033236 | RMSE 76.268943 |
Epoch 0029 [Test seq (cond on sampled tp)] | MAPE 0.070521 | RMSE 290.816386|
0.07357582449913025,0.07210078835487366,0.06588571518659592
215.66845576602063,317.14470770454295,339.6359954053751
Experiment 07-17_18:08
Epoch 0030 [Train seq (cond on sampled tp)] | Loss 1987129.289363 | MAPE 0.037837 | RMSE 101.174334 | Likelihood -1987124.691062 | KL fp 4.5983 | FP STD 0.3943 | ->nfe   52.00 | <-nfe   52.00
Epoch 0030 [Val seq (cond on sampled tp)] |  MAPE 0.024754 | RMSE 86.258160 |
Best Val!
Epoch 0030 [Test seq (cond on sampled tp)] | MAPE 0.063257 | RMSE 325.695739|
0.07147838175296783,0.06742116063833237,0.050872690975666046
269.7786998170908,346.4639569096618,360.84456054511895
Experiment 07-17_18:08
Epoch 0031 [Train seq (cond on sampled tp)] | Loss 2015357.979784 | MAPE 0.047494 | RMSE 105.922247 | Likelihood -2015353.425798 | KL fp 4.5540 | FP STD 0.3249 | ->nfe   52.00 | <-nfe   52.00
Epoch 0031 [Val seq (cond on sampled tp)] |  MAPE 0.033924 | RMSE 85.447507 |
Epoch 0031 [Test seq (cond on sampled tp)] | MAPE 0.055083 | RMSE 314.359131|
0.049738261848688126,0.05675087869167328,0.058760710060596466
249.30758800626185,335.79344004164227,357.9763653162035
Experiment 07-17_18:08
Epoch 0032 [Train seq (cond on sampled tp)] | Loss 2022360.241116 | MAPE 0.036457 | RMSE 107.742570 | Likelihood -2022356.378246 | KL fp 3.8629 | FP STD 0.3436 | ->nfe   52.00 | <-nfe   52.00
Epoch 0032 [Val seq (cond on sampled tp)] |  MAPE 0.024795 | RMSE 82.305791 |
Epoch 0032 [Test seq (cond on sampled tp)] | MAPE 0.058891 | RMSE 306.814451|
0.05947170779109001,0.06220556050539017,0.05499693751335144
248.4926511111546,333.73815522052615,338.21254642975623
Experiment 07-17_18:08
Epoch 0033 [Train seq (cond on sampled tp)] | Loss 1986882.767290 | MAPE 0.032152 | RMSE 100.753977 | Likelihood -1986878.620290 | KL fp 4.1470 | FP STD 0.4091 | ->nfe   52.00 | <-nfe   52.00
Epoch 0033 [Val seq (cond on sampled tp)] |  MAPE 0.027328 | RMSE 92.434214 |
Epoch 0033 [Test seq (cond on sampled tp)] | MAPE 0.059217 | RMSE 304.164923|
0.06715989112854004,0.06395041197538376,0.04653984308242798
235.36913329119858,312.91870699512356,364.2069295057413
Experiment 07-17_18:08
Epoch 0034 [Train seq (cond on sampled tp)] | Loss 1971650.954064 | MAPE 0.035746 | RMSE 100.710034 | Likelihood -1971647.189790 | KL fp 3.7643 | FP STD 0.4941 | ->nfe   52.00 | <-nfe   52.00
Epoch 0034 [Val seq (cond on sampled tp)] |  MAPE 0.035498 | RMSE 76.616518 |
Epoch 0034 [Test seq (cond on sampled tp)] | MAPE 0.059303 | RMSE 250.958538|
0.06216183677315712,0.05603574588894844,0.059712063521146774
192.35134276240444,256.90874170121185,303.6155309350956
Experiment 07-17_18:08
Epoch 0035 [Train seq (cond on sampled tp)] | Loss 1949509.381118 | MAPE 0.030818 | RMSE 94.077138 | Likelihood -1949505.348706 | KL fp 4.0324 | FP STD 0.3707 | ->nfe   52.00 | <-nfe   52.00
Epoch 0035 [Val seq (cond on sampled tp)] |  MAPE 0.037045 | RMSE 85.851008 |
Epoch 0035 [Test seq (cond on sampled tp)] | MAPE 0.061777 | RMSE 283.741297|
0.06659947335720062,0.05932798609137535,0.05940205976366997
246.28483256181246,292.4728352770561,312.4662231746017
Experiment 07-17_18:08
Epoch 0036 [Train seq (cond on sampled tp)] | Loss 1958430.611324 | MAPE 0.032552 | RMSE 95.521645 | Likelihood -1958426.753647 | KL fp 3.8577 | FP STD 0.4981 | ->nfe   52.00 | <-nfe   52.00
Epoch 0036 [Val seq (cond on sampled tp)] |  MAPE 0.032576 | RMSE 76.377052 |
Epoch 0036 [Test seq (cond on sampled tp)] | MAPE 0.062239 | RMSE 244.116940|
0.07057154178619385,0.056743547320365906,0.05940261110663414
202.66749438735852,259.1104524377587,270.572873155274
Experiment 07-17_18:08
Epoch 0037 [Train seq (cond on sampled tp)] | Loss 1952247.739877 | MAPE 0.030765 | RMSE 94.829631 | Likelihood -1952243.415169 | KL fp 4.3247 | FP STD 0.3818 | ->nfe   52.00 | <-nfe   52.00
Epoch 0037 [Val seq (cond on sampled tp)] |  MAPE 0.030497 | RMSE 77.722966 |
Epoch 0037 [Test seq (cond on sampled tp)] | MAPE 0.059221 | RMSE 285.710254|
0.06296799331903458,0.05919859930872917,0.05549706518650055
214.64223503891307,310.57366275973885,331.9148634250958
Experiment 07-17_18:08
Epoch 0038 [Train seq (cond on sampled tp)] | Loss 1984316.349476 | MAPE 0.045467 | RMSE 103.318120 | Likelihood -1984312.208821 | KL fp 4.1407 | FP STD 0.3248 | ->nfe   52.00 | <-nfe   52.00
Epoch 0038 [Val seq (cond on sampled tp)] |  MAPE 0.028546 | RMSE 82.854199 |
Epoch 0038 [Test seq (cond on sampled tp)] | MAPE 0.055429 | RMSE 274.730708|
0.053878266364336014,0.05538605526089668,0.057024095207452774
214.81645508433473,285.87222615619726,323.50344134568337
Experiment 07-17_18:08
Epoch 0039 [Train seq (cond on sampled tp)] | Loss 1942894.786881 | MAPE 0.031596 | RMSE 94.391157 | Likelihood -1942891.191887 | KL fp 3.5950 | FP STD 0.4367 | ->nfe   52.00 | <-nfe   52.00
Epoch 0039 [Val seq (cond on sampled tp)] |  MAPE 0.030530 | RMSE 83.880615 |
Epoch 0039 [Test seq (cond on sampled tp)] | MAPE 0.053622 | RMSE 252.501511|
0.05684232711791992,0.053151827305555344,0.0508725643157959
213.67850595286836,230.1086869557514,313.7173414277572
Experiment 07-17_18:08
Epoch 0040 [Train seq (cond on sampled tp)] | Loss 1961691.350783 | MAPE 0.050126 | RMSE 98.261440 | Likelihood -1961687.800205 | KL fp 3.5506 | FP STD 0.4373 | ->nfe   52.00 | <-nfe   52.00
Epoch 0040 [Val seq (cond on sampled tp)] |  MAPE 0.031388 | RMSE 87.882137 |
Epoch 0040 [Test seq (cond on sampled tp)] | MAPE 0.046058 | RMSE 267.460188|
0.049875229597091675,0.040588222444057465,0.047709591686725616
223.62665944046117,249.08837694932697,329.66552651892493
0.049875229597091675,0.040588222444057465,0.047709591686725616
223.62665944046117,249.08837694932697,329.66552651892493
Epoch 0040 [Test seq (cond on sampled tp)] | Best Test MAPE 0.046058|Best Test RMSE 267.460188|
Experiment 07-17_18:08
Epoch 0041 [Train seq (cond on sampled tp)] | Loss 1957230.912070 | MAPE 0.055530 | RMSE 97.949938 | Likelihood -1957227.366624 | KL fp 3.5454 | FP STD 0.4744 | ->nfe   52.00 | <-nfe   52.00
Epoch 0041 [Val seq (cond on sampled tp)] |  MAPE 0.028466 | RMSE 87.782677 |
Epoch 0041 [Test seq (cond on sampled tp)] | MAPE 0.050920 | RMSE 283.558088|
0.06386643648147583,0.04843518137931824,0.04045828804373741
250.99750994780806,260.63246392189905,339.04429098570586
Experiment 07-17_18:08
Epoch 0042 [Train seq (cond on sampled tp)] | Loss 2027804.020364 | MAPE 0.075557 | RMSE 107.297556 | Likelihood -2027800.218957 | KL fp 3.8014 | FP STD 0.4502 | ->nfe   52.00 | <-nfe   52.00
Epoch 0042 [Val seq (cond on sampled tp)] |  MAPE 0.059500 | RMSE 90.382294 |
Epoch 0042 [Test seq (cond on sampled tp)] | MAPE 0.081420 | RMSE 302.431347|
0.08957464247941971,0.0703473687171936,0.08433881402015686
247.13544805935874,309.2978439142439,350.8607496215557
Experiment 07-17_18:08
Epoch 0043 [Train seq (cond on sampled tp)] | Loss 2107054.986115 | MAPE 0.084345 | RMSE 118.420640 | Likelihood -2107052.366785 | KL fp 2.6193 | FP STD 0.5107 | ->nfe   52.00 | <-nfe   52.00
Epoch 0043 [Val seq (cond on sampled tp)] |  MAPE 0.033504 | RMSE 104.119570 |
Epoch 0043 [Test seq (cond on sampled tp)] | MAPE 0.062117 | RMSE 334.224087|
0.06959939748048782,0.062363069504499435,0.054387062788009644
270.6945349466812,356.11330710884704,375.8644203698988
Experiment 07-17_18:08
Epoch 0044 [Train seq (cond on sampled tp)] | Loss 1988570.583494 | MAPE 0.105677 | RMSE 101.112418 | Likelihood -1988567.070291 | KL fp 3.5132 | FP STD 0.4159 | ->nfe   52.00 | <-nfe   52.00
Epoch 0044 [Val seq (cond on sampled tp)] |  MAPE 0.027159 | RMSE 99.020806 |
Epoch 0044 [Test seq (cond on sampled tp)] | MAPE 0.061676 | RMSE 308.494544|
0.07142739742994308,0.06163462623953819,0.05196470767259598
272.39767287460444,329.7014274309409,323.38453068676614
Experiment 07-17_18:08
Epoch 0045 [Train seq (cond on sampled tp)] | Loss 2005103.264614 | MAPE 0.065116 | RMSE 105.324821 | Likelihood -2005100.028850 | KL fp 3.2358 | FP STD 0.3194 | ->nfe   52.00 | <-nfe   52.00
Epoch 0045 [Val seq (cond on sampled tp)] |  MAPE 0.022428 | RMSE 83.667660 |
Best Val!
Epoch 0045 [Test seq (cond on sampled tp)] | MAPE 0.048648 | RMSE 269.740752|
0.0551534965634346,0.04377124831080437,0.04702037200331688
237.31065643213327,292.3301590240049,279.5814393875244
Experiment 07-17_18:08
Epoch 0046 [Train seq (cond on sampled tp)] | Loss 1980995.964427 | MAPE 0.083740 | RMSE 101.816643 | Likelihood -1980992.339292 | KL fp 3.6251 | FP STD 0.2967 | ->nfe   52.00 | <-nfe   52.00
Epoch 0046 [Val seq (cond on sampled tp)] |  MAPE 0.028048 | RMSE 99.832531 |
Epoch 0046 [Test seq (cond on sampled tp)] | MAPE 0.058797 | RMSE 324.607888|
0.06900104135274887,0.06127570942044258,0.04611276462674141
279.2996542693886,350.1039912476006,344.42001747503
Experiment 07-17_18:08
Epoch 0047 [Train seq (cond on sampled tp)] | Loss 1996706.663880 | MAPE 0.044948 | RMSE 103.838014 | Likelihood -1996703.174759 | KL fp 3.4891 | FP STD 0.2858 | ->nfe   52.00 | <-nfe   52.00
Epoch 0047 [Val seq (cond on sampled tp)] |  MAPE 0.025191 | RMSE 93.663658 |
Epoch 0047 [Test seq (cond on sampled tp)] | MAPE 0.046900 | RMSE 263.972734|
0.046960294246673584,0.04809487238526344,0.04564381390810013
208.99313124179463,263.9369746028396,318.98809734847475
Experiment 07-17_18:08
Epoch 0048 [Train seq (cond on sampled tp)] | Loss 1974949.502724 | MAPE 0.042460 | RMSE 98.991598 | Likelihood -1974945.959088 | KL fp 3.5436 | FP STD 0.3071 | ->nfe   52.00 | <-nfe   52.00
Epoch 0048 [Val seq (cond on sampled tp)] |  MAPE 0.035800 | RMSE 76.980596 |
Epoch 0048 [Test seq (cond on sampled tp)] | MAPE 0.079899 | RMSE 264.969752|
0.0881768986582756,0.07839734852313995,0.07312306761741638
193.62203435430587,271.6801888250227,329.60703401930004
Experiment 07-17_18:08
Epoch 0049 [Train seq (cond on sampled tp)] | Loss 2033229.899663 | MAPE 0.096865 | RMSE 105.972573 | Likelihood -2033226.328324 | KL fp 3.5713 | FP STD 0.4498 | ->nfe   52.00 | <-nfe   52.00
Epoch 0049 [Val seq (cond on sampled tp)] |  MAPE 0.033362 | RMSE 115.151819 |
Epoch 0049 [Test seq (cond on sampled tp)] | MAPE 0.061802 | RMSE 350.017722|
0.07293333113193512,0.06452398002147675,0.04794825613498688
301.82002605029373,372.4977978122824,375.7353415304448
Experiment 07-17_18:08
Epoch 0050 [Train seq (cond on sampled tp)] | Loss 1995937.988071 | MAPE 0.051459 | RMSE 100.854008 | Likelihood -1995934.123685 | KL fp 3.8644 | FP STD 0.3265 | ->nfe   52.00 | <-nfe   52.00
Epoch 0050 [Val seq (cond on sampled tp)] |  MAPE 0.036573 | RMSE 89.932462 |
Epoch 0050 [Test seq (cond on sampled tp)] | MAPE 0.052315 | RMSE 288.852631|
0.052068185061216354,0.05087623372673988,0.054002001881599426
256.8750304136235,292.2604922196977,317.4223699386986
Experiment 07-17_18:08
Epoch 0051 [Train seq (cond on sampled tp)] | Loss 2008242.139054 | MAPE 0.061763 | RMSE 104.742163 | Likelihood -2008238.822324 | KL fp 3.3167 | FP STD 0.3145 | ->nfe   52.00 | <-nfe   52.00
Epoch 0051 [Val seq (cond on sampled tp)] |  MAPE 0.023177 | RMSE 87.925075 |
Epoch 0051 [Test seq (cond on sampled tp)] | MAPE 0.048720 | RMSE 274.957551|
0.05672230198979378,0.051699232310056686,0.03773801773786545
241.65594893618902,298.3530705179687,284.86363239715246
Experiment 07-17_18:08
Epoch 0052 [Train seq (cond on sampled tp)] | Loss 1973046.108026 | MAPE 0.054666 | RMSE 99.158266 | Likelihood -1973042.381601 | KL fp 3.7264 | FP STD 0.3472 | ->nfe   52.00 | <-nfe   52.00
Epoch 0052 [Val seq (cond on sampled tp)] |  MAPE 0.024117 | RMSE 109.033906 |
Epoch 0052 [Test seq (cond on sampled tp)] | MAPE 0.049230 | RMSE 314.513226|
0.0589308962225914,0.04990549013018608,0.038852717727422714
288.42059132454466,351.3482402652673,303.7708454781334
Experiment 07-17_18:08
Epoch 0053 [Train seq (cond on sampled tp)] | Loss 2001917.236741 | MAPE 0.051352 | RMSE 105.330800 | Likelihood -2001913.723675 | KL fp 3.5131 | FP STD 0.3048 | ->nfe   52.00 | <-nfe   52.00
Epoch 0053 [Val seq (cond on sampled tp)] |  MAPE 0.023638 | RMSE 87.366374 |
Epoch 0053 [Test seq (cond on sampled tp)] | MAPE 0.047555 | RMSE 253.649083|
0.05747900903224945,0.04705575853586197,0.03812944516539574
241.74575035044566,276.7253404777018,242.47615862183235
Experiment 07-17_18:08
Epoch 0054 [Train seq (cond on sampled tp)] | Loss 2017922.710340 | MAPE 0.049644 | RMSE 102.823012 | Likelihood -2017919.214149 | KL fp 3.4962 | FP STD 0.3647 | ->nfe   52.00 | <-nfe   52.00
Epoch 0054 [Val seq (cond on sampled tp)] |  MAPE 0.032322 | RMSE 108.282828 |
Epoch 0054 [Test seq (cond on sampled tp)] | MAPE 0.056430 | RMSE 283.452304|
0.06521981209516525,0.05764447897672653,0.04642598703503609
253.23121228434698,294.0177503145006,303.10795055144956
Experiment 07-17_18:08
Epoch 0055 [Train seq (cond on sampled tp)] | Loss 1969925.080410 | MAPE 0.060659 | RMSE 96.951028 | Likelihood -1969921.563581 | KL fp 3.5168 | FP STD 0.3656 | ->nfe   52.00 | <-nfe   52.00
Epoch 0055 [Val seq (cond on sampled tp)] |  MAPE 0.032583 | RMSE 78.893520 |
Epoch 0055 [Test seq (cond on sampled tp)] | MAPE 0.048878 | RMSE 244.814573|
0.05064235255122185,0.051427677273750305,0.044563114643096924
205.1633305137641,267.28769320247426,261.992694316082
Experiment 07-17_18:08
Epoch 0056 [Train seq (cond on sampled tp)] | Loss 1958255.971051 | MAPE 0.086277 | RMSE 96.119092 | Likelihood -1958252.219992 | KL fp 3.7511 | FP STD 0.2709 | ->nfe   52.00 | <-nfe   52.00
Epoch 0056 [Val seq (cond on sampled tp)] |  MAPE 0.049621 | RMSE 105.189946 |
Epoch 0056 [Test seq (cond on sampled tp)] | MAPE 0.065485 | RMSE 295.862245|
0.06438234448432922,0.0665208250284195,0.06555234640836716
265.25743686558536,331.531083572868,290.798214510509
Experiment 07-17_18:08
Epoch 0057 [Train seq (cond on sampled tp)] | Loss 1965233.934165 | MAPE 0.074195 | RMSE 98.008542 | Likelihood -1965230.405243 | KL fp 3.5289 | FP STD 0.3465 | ->nfe   52.00 | <-nfe   52.00
Epoch 0057 [Val seq (cond on sampled tp)] |  MAPE 0.028449 | RMSE 93.510235 |
Epoch 0057 [Test seq (cond on sampled tp)] | MAPE 0.051702 | RMSE 280.437629|
0.05141745135188103,0.049421995878219604,0.05426710844039917
247.2034760956043,312.83462084622283,281.27479057409323
Experiment 07-17_18:08
Epoch 0058 [Train seq (cond on sampled tp)] | Loss 1961107.894698 | MAPE 0.046847 | RMSE 97.461761 | Likelihood -1961104.718117 | KL fp 3.1766 | FP STD 0.3872 | ->nfe   52.00 | <-nfe   52.00
Epoch 0058 [Val seq (cond on sampled tp)] |  MAPE 0.032379 | RMSE 80.250992 |
Epoch 0058 [Test seq (cond on sampled tp)] | MAPE 0.054212 | RMSE 239.867719|
0.055059511214494705,0.05140149965882301,0.05617598071694374
197.1666391501108,265.5751423797039,256.86137433448414
Experiment 07-17_18:08
Epoch 0059 [Train seq (cond on sampled tp)] | Loss 1962916.909427 | MAPE 0.068118 | RMSE 97.855839 | Likelihood -1962913.689506 | KL fp 3.2199 | FP STD 0.4076 | ->nfe   52.00 | <-nfe   52.00
Epoch 0059 [Val seq (cond on sampled tp)] |  MAPE 0.042019 | RMSE 92.489827 |
Epoch 0059 [Test seq (cond on sampled tp)] | MAPE 0.055565 | RMSE 262.630159|
0.055421795696020126,0.05617750063538551,0.055095374584198
231.3434017456517,290.06510583832727,266.4819705439751
Experiment 07-17_18:08
Epoch 0060 [Train seq (cond on sampled tp)] | Loss 2003107.907171 | MAPE 0.074940 | RMSE 100.869174 | Likelihood -2003104.367114 | KL fp 3.5401 | FP STD 0.4421 | ->nfe   52.00 | <-nfe   52.00
Epoch 0060 [Val seq (cond on sampled tp)] |  MAPE 0.029771 | RMSE 93.293315 |
Epoch 0060 [Test seq (cond on sampled tp)] | MAPE 0.048201 | RMSE 236.015524|
0.05623501539230347,0.04396721348166466,0.0444001741707325
213.69990275500828,237.35759711087826,256.9890713872868
Experiment 07-17_18:08
Epoch 0061 [Train seq (cond on sampled tp)] | Loss 1959724.605290 | MAPE 0.065916 | RMSE 95.424582 | Likelihood -1959720.936839 | KL fp 3.6685 | FP STD 0.3164 | ->nfe   52.00 | <-nfe   52.00
Epoch 0061 [Val seq (cond on sampled tp)] |  MAPE 0.025009 | RMSE 104.100223 |
Epoch 0061 [Test seq (cond on sampled tp)] | MAPE 0.048894 | RMSE 321.271593|
0.05197657644748688,0.051318008452653885,0.04338683933019638
289.6194701673214,352.86301122036014,321.3322973379738
Experiment 07-17_18:08
Epoch 0062 [Train seq (cond on sampled tp)] | Loss 1983794.273256 | MAPE 0.060535 | RMSE 102.246409 | Likelihood -1983791.004952 | KL fp 3.2683 | FP STD 0.4306 | ->nfe   52.00 | <-nfe   52.00
Epoch 0062 [Val seq (cond on sampled tp)] |  MAPE 0.023942 | RMSE 87.399004 |
Epoch 0062 [Test seq (cond on sampled tp)] | MAPE 0.043376 | RMSE 245.302906|
0.05018870532512665,0.040163490921258926,0.03977711498737335
210.32755332457037,257.52455890167056,268.0566054959288
0.05018870532512665,0.040163490921258926,0.03977711498737335
210.32755332457037,257.52455890167056,268.0566054959288
Epoch 0062 [Test seq (cond on sampled tp)] | Best Test MAPE 0.043376|Best Test RMSE 245.302906|
Experiment 07-17_18:08
Epoch 0063 [Train seq (cond on sampled tp)] | Loss 1976087.019797 | MAPE 0.051532 | RMSE 97.038360 | Likelihood -1976083.882271 | KL fp 3.1375 | FP STD 0.6048 | ->nfe   52.00 | <-nfe   52.00
Epoch 0063 [Val seq (cond on sampled tp)] |  MAPE 0.024482 | RMSE 88.834409 |
Epoch 0063 [Test seq (cond on sampled tp)] | MAPE 0.045674 | RMSE 283.423794|
0.04838431254029274,0.050286002457141876,0.038350336253643036
247.51174214570105,302.41310735482347,300.3465316305484
Experiment 07-17_18:08
Epoch 0064 [Train seq (cond on sampled tp)] | Loss 1952999.105682 | MAPE 0.081638 | RMSE 97.988959 | Likelihood -1952995.995692 | KL fp 3.1100 | FP STD 0.6078 | ->nfe   52.00 | <-nfe   52.00
Epoch 0064 [Val seq (cond on sampled tp)] |  MAPE 0.027952 | RMSE 101.387980 |
Epoch 0064 [Test seq (cond on sampled tp)] | MAPE 0.050213 | RMSE 301.966779|
0.05662049725651741,0.05259247496724129,0.041426051408052444
264.76410491227847,337.65351832536857,303.48271419061086
Experiment 07-17_18:08
Epoch 0065 [Train seq (cond on sampled tp)] | Loss 2008315.310300 | MAPE 0.057928 | RMSE 105.525709 | Likelihood -2008312.218862 | KL fp 3.0914 | FP STD 0.4429 | ->nfe   52.00 | <-nfe   52.00
Epoch 0065 [Val seq (cond on sampled tp)] |  MAPE 0.024124 | RMSE 91.236536 |
Epoch 0065 [Test seq (cond on sampled tp)] | MAPE 0.047181 | RMSE 312.998132|
0.05418706685304642,0.048809804022312164,0.03854700177907944
260.0114330418953,339.5483443119698,339.43461723136016
Experiment 07-17_18:08
Epoch 0066 [Train seq (cond on sampled tp)] | Loss 2015088.283591 | MAPE 0.079211 | RMSE 106.161067 | Likelihood -2015085.644108 | KL fp 2.6395 | FP STD 0.4936 | ->nfe   52.00 | <-nfe   52.00
Epoch 0066 [Val seq (cond on sampled tp)] |  MAPE 0.033972 | RMSE 92.633940 |
Epoch 0066 [Test seq (cond on sampled tp)] | MAPE 0.043300 | RMSE 268.963079|
0.04579576477408409,0.04353800043463707,0.04056718200445175
236.62577588356683,285.61381269119323,284.64964759331775
0.04579576477408409,0.04353800043463707,0.04056718200445175
236.62577588356683,285.61381269119323,284.64964759331775
Epoch 0066 [Test seq (cond on sampled tp)] | Best Test MAPE 0.043300|Best Test RMSE 268.963079|
Experiment 07-17_18:08
Epoch 0067 [Train seq (cond on sampled tp)] | Loss 1966678.561169 | MAPE 0.124146 | RMSE 97.791402 | Likelihood -1966675.614604 | KL fp 2.9466 | FP STD 0.5362 | ->nfe   52.00 | <-nfe   52.00
Epoch 0067 [Val seq (cond on sampled tp)] |  MAPE 0.032775 | RMSE 99.678022 |
Epoch 0067 [Test seq (cond on sampled tp)] | MAPE 0.053267 | RMSE 282.246643|
0.06033860892057419,0.05378425121307373,0.045677948743104935
266.2859717484194,287.2968575794034,293.1571011207131
Experiment 07-17_18:08
Epoch 0068 [Train seq (cond on sampled tp)] | Loss 1981349.917426 | MAPE 0.086139 | RMSE 100.021582 | Likelihood -1981346.994173 | KL fp 2.9233 | FP STD 0.5517 | ->nfe   52.00 | <-nfe   52.00
Epoch 0068 [Val seq (cond on sampled tp)] |  MAPE 0.032824 | RMSE 81.165587 |
Epoch 0068 [Test seq (cond on sampled tp)] | MAPE 0.044774 | RMSE 250.780774|
0.048285502940416336,0.043978650122880936,0.042057961225509644
211.70772342134805,279.8585021935192,260.7760952905768
Experiment 07-17_18:08
Epoch 0069 [Train seq (cond on sampled tp)] | Loss 1963656.589212 | MAPE 0.109692 | RMSE 97.962771 | Likelihood -1963653.395489 | KL fp 3.1937 | FP STD 0.4562 | ->nfe   52.00 | <-nfe   52.00
Epoch 0069 [Val seq (cond on sampled tp)] |  MAPE 0.029300 | RMSE 92.011962 |
Epoch 0069 [Test seq (cond on sampled tp)] | MAPE 0.051428 | RMSE 285.759627|
0.06137706711888313,0.050890758633613586,0.042016733437776566
243.07829724956937,299.93749348822666,314.2630889278918
Experiment 07-17_18:08
Epoch 0070 [Train seq (cond on sampled tp)] | Loss 1996842.549959 | MAPE 0.076437 | RMSE 102.809934 | Likelihood -1996839.617173 | KL fp 2.9328 | FP STD 0.4633 | ->nfe   52.00 | <-nfe   52.00
Epoch 0070 [Val seq (cond on sampled tp)] |  MAPE 0.025853 | RMSE 87.877134 |
Epoch 0070 [Test seq (cond on sampled tp)] | MAPE 0.044272 | RMSE 280.010318|
0.05283199995756149,0.04085934907197952,0.03912421688437462
229.92026471148645,290.32395698598486,319.78673313241126
Experiment 07-17_18:08
Epoch 0071 [Train seq (cond on sampled tp)] | Loss 2025760.712810 | MAPE 0.076705 | RMSE 106.837310 | Likelihood -2025757.434274 | KL fp 3.2785 | FP STD 0.3449 | ->nfe   52.00 | <-nfe   52.00
Epoch 0071 [Val seq (cond on sampled tp)] |  MAPE 0.047493 | RMSE 132.583560 |
Epoch 0071 [Test seq (cond on sampled tp)] | MAPE 0.065769 | RMSE 298.838546|
0.07118159532546997,0.0622507743537426,0.06387537717819214
288.14098382996474,286.1240716455014,322.25058184586726
Experiment 07-17_18:08
Epoch 0072 [Train seq (cond on sampled tp)] | Loss 1949543.858334 | MAPE 0.082342 | RMSE 95.998252 | Likelihood -1949540.706851 | KL fp 3.1515 | FP STD 0.3151 | ->nfe   52.00 | <-nfe   52.00
Epoch 0072 [Val seq (cond on sampled tp)] |  MAPE 0.037370 | RMSE 95.325066 |
Epoch 0072 [Test seq (cond on sampled tp)] | MAPE 0.046205 | RMSE 242.138178|
0.04779387265443802,0.04819486662745476,0.04262678697705269
209.57499776333054,247.17530785355564,269.66422987671166
Experiment 07-17_18:08
Epoch 0073 [Train seq (cond on sampled tp)] | Loss 1983423.391185 | MAPE 0.085856 | RMSE 98.962860 | Likelihood -1983419.814665 | KL fp 3.5765 | FP STD 0.2772 | ->nfe   52.00 | <-nfe   52.00
Epoch 0073 [Val seq (cond on sampled tp)] |  MAPE 0.029690 | RMSE 107.525320 |
Epoch 0073 [Test seq (cond on sampled tp)] | MAPE 0.048550 | RMSE 314.787192|
0.055993929505348206,0.04949178919196129,0.04016302153468132
289.1565860394675,325.424806502977,329.7801824700811
Experiment 07-17_18:08
Epoch 0074 [Train seq (cond on sampled tp)] | Loss 1965538.075373 | MAPE 0.070710 | RMSE 96.953021 | Likelihood -1965534.747276 | KL fp 3.3281 | FP STD 0.3102 | ->nfe   52.00 | <-nfe   52.00
Epoch 0074 [Val seq (cond on sampled tp)] |  MAPE 0.025704 | RMSE 87.588265 |
Epoch 0074 [Test seq (cond on sampled tp)] | MAPE 0.041043 | RMSE 237.124917|
0.04422496259212494,0.04339621588587761,0.03550727292895317
199.31151026721963,264.6104595674555,247.45278116491235
0.04422496259212494,0.04339621588587761,0.03550727292895317
199.31151026721963,264.6104595674555,247.45278116491235
Epoch 0074 [Test seq (cond on sampled tp)] | Best Test MAPE 0.041043|Best Test RMSE 237.124917|
Experiment 07-17_18:08
Epoch 0075 [Train seq (cond on sampled tp)] | Loss 1959082.658843 | MAPE 0.069884 | RMSE 94.868002 | Likelihood -1959079.827061 | KL fp 2.8318 | FP STD 0.3815 | ->nfe   52.00 | <-nfe   52.00
Epoch 0075 [Val seq (cond on sampled tp)] |  MAPE 0.034481 | RMSE 121.624326 |
Epoch 0075 [Test seq (cond on sampled tp)] | MAPE 0.051603 | RMSE 327.433965|
0.05824338272213936,0.055972032248973846,0.04059303179383278
319.21499171796427,361.2881683988558,301.7987351903583
Experiment 07-17_18:08
Epoch 0076 [Train seq (cond on sampled tp)] | Loss 1951079.103661 | MAPE 0.082794 | RMSE 90.580276 | Likelihood -1951075.987510 | KL fp 3.1162 | FP STD 0.4117 | ->nfe   52.00 | <-nfe   52.00
Epoch 0076 [Val seq (cond on sampled tp)] |  MAPE 0.026973 | RMSE 102.984023 |
Epoch 0076 [Test seq (cond on sampled tp)] | MAPE 0.044188 | RMSE 275.784782|
0.053834255784749985,0.044012878090143204,0.0347183458507061
264.20430364114054,296.79281757229234,266.3572260611677
Experiment 07-17_18:08
Epoch 0077 [Train seq (cond on sampled tp)] | Loss 1965282.634945 | MAPE 0.100117 | RMSE 96.872923 | Likelihood -1965279.822514 | KL fp 2.8124 | FP STD 0.4759 | ->nfe   52.00 | <-nfe   52.00
Epoch 0077 [Val seq (cond on sampled tp)] |  MAPE 0.034344 | RMSE 95.788688 |
Epoch 0077 [Test seq (cond on sampled tp)] | MAPE 0.053988 | RMSE 294.573364|
0.05323858931660652,0.05699029192328453,0.05173550173640251
262.2413904687816,329.30126072109107,292.17743966637806
Experiment 07-17_18:08
Epoch 0078 [Train seq (cond on sampled tp)] | Loss 1988366.199768 | MAPE 0.154537 | RMSE 102.520048 | Likelihood -1988363.095931 | KL fp 3.1038 | FP STD 0.4045 | ->nfe   52.00 | <-nfe   52.00
Epoch 0078 [Val seq (cond on sampled tp)] |  MAPE 0.037799 | RMSE 86.413068 |
Epoch 0078 [Test seq (cond on sampled tp)] | MAPE 0.064957 | RMSE 268.978927|
0.07754649966955185,0.06387078016996384,0.05345510318875313
251.31281086775104,296.1217417507536,259.5022278324408
Experiment 07-17_18:08
Epoch 0079 [Train seq (cond on sampled tp)] | Loss 1983591.945004 | MAPE 0.129885 | RMSE 100.558213 | Likelihood -1983588.723447 | KL fp 3.2216 | FP STD 0.3670 | ->nfe   52.00 | <-nfe   52.00
Epoch 0079 [Val seq (cond on sampled tp)] |  MAPE 0.030169 | RMSE 90.767426 |
Epoch 0079 [Test seq (cond on sampled tp)] | MAPE 0.053890 | RMSE 293.798115|
0.058224327862262726,0.05593569576740265,0.04751104861497879
270.9465756842112,313.7665956766271,296.68117356852963
Experiment 07-17_18:08
Epoch 0080 [Train seq (cond on sampled tp)] | Loss 1953958.557804 | MAPE 0.103022 | RMSE 96.063872 | Likelihood -1953955.630771 | KL fp 2.9270 | FP STD 0.4084 | ->nfe   52.00 | <-nfe   52.00
Epoch 0080 [Val seq (cond on sampled tp)] |  MAPE 0.030534 | RMSE 91.221426 |
Epoch 0080 [Test seq (cond on sampled tp)] | MAPE 0.048039 | RMSE 263.684301|
0.05581185221672058,0.04820599406957626,0.04010040685534477
241.33007090911815,287.648860918134,262.07396975853976
Experiment 07-17_18:08
Epoch 0081 [Train seq (cond on sampled tp)] | Loss 1939679.631702 | MAPE 0.090590 | RMSE 94.707523 | Likelihood -1939676.844030 | KL fp 2.7877 | FP STD 0.3809 | ->nfe   52.00 | <-nfe   52.00
Epoch 0081 [Val seq (cond on sampled tp)] |  MAPE 0.037538 | RMSE 91.735502 |
Epoch 0081 [Test seq (cond on sampled tp)] | MAPE 0.047699 | RMSE 269.435234|
0.04120873287320137,0.04772036522626877,0.05416908115148544
228.31409970696072,292.75394958907043,287.2376520409537
Experiment 07-17_18:08
Epoch 0082 [Train seq (cond on sampled tp)] | Loss 1970047.745225 | MAPE 0.155193 | RMSE 99.217191 | Likelihood -1970044.458696 | KL fp 3.2865 | FP STD 0.3259 | ->nfe   52.00 | <-nfe   52.00
Epoch 0082 [Val seq (cond on sampled tp)] |  MAPE 0.033758 | RMSE 119.229472 |
Epoch 0082 [Test seq (cond on sampled tp)] | MAPE 0.064295 | RMSE 330.681559|
0.07489994168281555,0.06854308396577835,0.049442362040281296
326.21541962329127,360.07859385139795,305.75066434923735
Experiment 07-17_18:08
Epoch 0083 [Train seq (cond on sampled tp)] | Loss 1968818.510554 | MAPE 0.090244 | RMSE 99.974166 | Likelihood -1968815.589680 | KL fp 2.9209 | FP STD 0.3759 | ->nfe   52.00 | <-nfe   52.00
Epoch 0083 [Val seq (cond on sampled tp)] |  MAPE 0.040333 | RMSE 104.011385 |
Epoch 0083 [Test seq (cond on sampled tp)] | MAPE 0.060384 | RMSE 258.609003|
0.06275854259729385,0.05758407339453697,0.060810387134552
231.29334897754842,271.61445849310013,272.919201642171
Experiment 07-17_18:08
Epoch 0084 [Train seq (cond on sampled tp)] | Loss 1988487.752078 | MAPE 0.118367 | RMSE 101.190475 | Likelihood -1988484.159914 | KL fp 3.5922 | FP STD 0.3781 | ->nfe   52.00 | <-nfe   52.00
Epoch 0084 [Val seq (cond on sampled tp)] |  MAPE 0.052535 | RMSE 108.633743 |
Epoch 0084 [Test seq (cond on sampled tp)] | MAPE 0.076207 | RMSE 333.044498|
0.08201425522565842,0.07787705957889557,0.0687284767627716
321.02528619253656,345.1203254844606,332.9878821931813
Experiment 07-17_18:08
Epoch 0085 [Train seq (cond on sampled tp)] | Loss 1996548.350808 | MAPE 0.150338 | RMSE 104.624446 | Likelihood -1996544.464848 | KL fp 3.8860 | FP STD 0.3763 | ->nfe   52.00 | <-nfe   52.00
Epoch 0085 [Val seq (cond on sampled tp)] |  MAPE 0.048369 | RMSE 136.019587 |
Epoch 0085 [Test seq (cond on sampled tp)] | MAPE 0.076227 | RMSE 430.132411|
0.08369020372629166,0.07968614995479584,0.06530613452196121
397.3402784453144,468.8534552501453,424.20349995609416
Experiment 07-17_18:08
Epoch 0086 [Train seq (cond on sampled tp)] | Loss 2019094.635330 | MAPE 0.128806 | RMSE 105.800812 | Likelihood -2019091.032357 | KL fp 3.6030 | FP STD 0.3313 | ->nfe   52.00 | <-nfe   52.00
Epoch 0086 [Val seq (cond on sampled tp)] |  MAPE 0.037841 | RMSE 102.743656 |
Epoch 0086 [Test seq (cond on sampled tp)] | MAPE 0.049792 | RMSE 303.625185|
0.05110819637775421,0.047644902020692825,0.05062374100089073
281.3301413597555,302.7456001951143,326.7998120983242
Experiment 07-17_18:08
Epoch 0087 [Train seq (cond on sampled tp)] | Loss 2054073.745713 | MAPE 0.114653 | RMSE 107.324811 | Likelihood -2054070.031968 | KL fp 3.7137 | FP STD 0.4205 | ->nfe   52.00 | <-nfe   52.00
Epoch 0087 [Val seq (cond on sampled tp)] |  MAPE 0.039867 | RMSE 121.505477 |
Epoch 0087 [Test seq (cond on sampled tp)] | MAPE 0.054065 | RMSE 370.055145|
0.06014878675341606,0.054596833884716034,0.04744988679885864
363.40714082142085,380.05322406868225,366.70507137889433
Experiment 07-17_18:08
Epoch 0088 [Train seq (cond on sampled tp)] | Loss 1954066.918259 | MAPE 0.117080 | RMSE 95.418778 | Likelihood -1954063.364204 | KL fp 3.5541 | FP STD 0.5290 | ->nfe   52.00 | <-nfe   52.00
Epoch 0088 [Val seq (cond on sampled tp)] |  MAPE 0.028794 | RMSE 88.986376 |
Epoch 0088 [Test seq (cond on sampled tp)] | MAPE 0.045193 | RMSE 272.877742|
0.04773183539509773,0.045918650925159454,0.04192705079913139
261.5162518850406,286.7689210191718,270.3480540201834
Experiment 07-17_18:08
Epoch 0089 [Train seq (cond on sampled tp)] | Loss 1958178.533235 | MAPE 0.074119 | RMSE 93.845423 | Likelihood -1958175.376316 | KL fp 3.1569 | FP STD 0.4248 | ->nfe   52.00 | <-nfe   52.00
Epoch 0089 [Val seq (cond on sampled tp)] |  MAPE 0.033649 | RMSE 115.801099 |
Epoch 0089 [Test seq (cond on sampled tp)] | MAPE 0.067745 | RMSE 344.878957|
0.07712987810373306,0.0740366280078888,0.0520695298910141
314.9528486535723,369.8981067469797,349.7859166690391
Experiment 07-17_18:08
Epoch 0090 [Train seq (cond on sampled tp)] | Loss 2010914.322658 | MAPE 0.090713 | RMSE 101.764008 | Likelihood -2010910.589394 | KL fp 3.7333 | FP STD 0.4323 | ->nfe   52.00 | <-nfe   52.00
Epoch 0090 [Val seq (cond on sampled tp)] |  MAPE 0.038966 | RMSE 99.567841 |
Epoch 0090 [Test seq (cond on sampled tp)] | MAPE 0.057416 | RMSE 316.919593|
0.06546936929225922,0.060473088175058365,0.046305205672979355
287.48847802998995,348.402234762494,314.8680651280787
Experiment 07-17_18:08
Epoch 0091 [Train seq (cond on sampled tp)] | Loss 2071544.392228 | MAPE 0.114924 | RMSE 113.261752 | Likelihood -2071541.222059 | KL fp 3.1702 | FP STD 0.3461 | ->nfe   52.00 | <-nfe   52.00
Epoch 0091 [Val seq (cond on sampled tp)] |  MAPE 0.034131 | RMSE 129.423262 |
Epoch 0091 [Test seq (cond on sampled tp)] | MAPE 0.067533 | RMSE 386.208281|
0.07544820010662079,0.07312364131212234,0.05402757599949837
356.934539691804,433.134018665124,368.5562838631299
Experiment 07-17_18:08
Epoch 0092 [Train seq (cond on sampled tp)] | Loss 1985805.749020 | MAPE 0.102672 | RMSE 102.660977 | Likelihood -1985802.188262 | KL fp 3.5608 | FP STD 0.4021 | ->nfe   52.00 | <-nfe   52.00
Epoch 0092 [Val seq (cond on sampled tp)] |  MAPE 0.035076 | RMSE 99.820302 |
Epoch 0092 [Test seq (cond on sampled tp)] | MAPE 0.052746 | RMSE 257.870284|
0.05715889483690262,0.05334093049168587,0.04773770645260811
228.77051649797446,269.34967978447645,275.49065603482813
Experiment 07-17_18:08
Epoch 0093 [Train seq (cond on sampled tp)] | Loss 1933505.991462 | MAPE 0.082549 | RMSE 93.826942 | Likelihood -1933502.572617 | KL fp 3.4188 | FP STD 0.3778 | ->nfe   52.00 | <-nfe   52.00
Epoch 0093 [Val seq (cond on sampled tp)] |  MAPE 0.033076 | RMSE 108.283608 |
Epoch 0093 [Test seq (cond on sampled tp)] | MAPE 0.054520 | RMSE 294.092856|
0.05801191180944443,0.05540422350168228,0.050143688917160034
269.9310820607734,321.60953859066433,290.737948481962
Experiment 07-17_18:08
Epoch 0094 [Train seq (cond on sampled tp)] | Loss 1919329.882824 | MAPE 0.083453 | RMSE 90.014187 | Likelihood -1919326.027584 | KL fp 3.8552 | FP STD 0.3819 | ->nfe   52.00 | <-nfe   52.00
Epoch 0094 [Val seq (cond on sampled tp)] |  MAPE 0.033243 | RMSE 103.711053 |
Epoch 0094 [Test seq (cond on sampled tp)] | MAPE 0.054591 | RMSE 315.079412|
0.057893961668014526,0.05595067888498306,0.04992865398526192
300.41384216194166,334.3523239974563,310.47206999986327
Experiment 07-17_18:08
Epoch 0095 [Train seq (cond on sampled tp)] | Loss 1966464.393901 | MAPE 0.090516 | RMSE 98.180696 | Likelihood -1966460.819866 | KL fp 3.5740 | FP STD 0.3333 | ->nfe   52.00 | <-nfe   52.00
Epoch 0095 [Val seq (cond on sampled tp)] |  MAPE 0.034256 | RMSE 96.208174 |
Epoch 0095 [Test seq (cond on sampled tp)] | MAPE 0.052857 | RMSE 295.008853|
0.05884544551372528,0.054891061037778854,0.04483587294816971
286.34378922023086,330.64042969667213,268.04233865660103
Experiment 07-17_18:08
Epoch 0096 [Train seq (cond on sampled tp)] | Loss 1949055.360133 | MAPE 0.096965 | RMSE 92.959399 | Likelihood -1949051.099451 | KL fp 4.2607 | FP STD 0.3467 | ->nfe   52.00 | <-nfe   52.00
Epoch 0096 [Val seq (cond on sampled tp)] |  MAPE 0.035313 | RMSE 95.023085 |
Epoch 0096 [Test seq (cond on sampled tp)] | MAPE 0.053953 | RMSE 285.929106|
0.05995519831776619,0.05396295338869095,0.047942161560058594
264.94868312090176,298.06536353206155,294.77327092190706
Experiment 07-17_18:08
Epoch 0097 [Train seq (cond on sampled tp)] | Loss 1909865.325331 | MAPE 0.095520 | RMSE 87.999516 | Likelihood -1909861.288869 | KL fp 4.0365 | FP STD 0.3240 | ->nfe   52.00 | <-nfe   52.00
Epoch 0097 [Val seq (cond on sampled tp)] |  MAPE 0.033652 | RMSE 93.349839 |
Epoch 0097 [Test seq (cond on sampled tp)] | MAPE 0.042145 | RMSE 243.097587|
0.045318253338336945,0.04117166996002197,0.03994561359286308
216.3639060558623,253.46162801299923,259.46722757893724
Experiment 07-17_18:08
Epoch 0098 [Train seq (cond on sampled tp)] | Loss 1925136.882694 | MAPE 0.097613 | RMSE 90.710501 | Likelihood -1925132.839745 | KL fp 4.0429 | FP STD 0.3437 | ->nfe   52.00 | <-nfe   52.00
Epoch 0098 [Val seq (cond on sampled tp)] |  MAPE 0.034712 | RMSE 84.286667 |
Epoch 0098 [Test seq (cond on sampled tp)] | MAPE 0.045554 | RMSE 229.651766|
0.048825621604919434,0.047329824417829514,0.04050729051232338
183.0480320332617,235.61947108897854,270.2877951138379
Experiment 07-17_18:08
Epoch 0099 [Train seq (cond on sampled tp)] | Loss 1954251.687609 | MAPE 0.112915 | RMSE 94.057441 | Likelihood -1954247.097471 | KL fp 4.5901 | FP STD 0.3830 | ->nfe   52.00 | <-nfe   52.00
Epoch 0099 [Val seq (cond on sampled tp)] |  MAPE 0.041509 | RMSE 89.339842 |
Epoch 0099 [Test seq (cond on sampled tp)] | MAPE 0.061954 | RMSE 272.453737|
0.06546579301357269,0.06175420805811882,0.05864148959517479
233.73177569331475,302.9545783818096,280.67485637299256
Experiment 07-17_18:08
Epoch 0100 [Train seq (cond on sampled tp)] | Loss 1913864.760868 | MAPE 0.102525 | RMSE 91.126141 | Likelihood -1913860.881371 | KL fp 3.8795 | FP STD 0.3395 | ->nfe   52.00 | <-nfe   52.00
Epoch 0100 [Val seq (cond on sampled tp)] |  MAPE 0.029344 | RMSE 90.924237 |
Epoch 0100 [Test seq (cond on sampled tp)] | MAPE 0.042418 | RMSE 253.621698|
0.0519803911447525,0.04359179362654686,0.03168049827218056
223.20767025911096,280.74290396197017,256.9145194661057
