/nvme/yuanjingyang/CG-ODE/run_models_covid.py
run_models_covid.py
Namespace(save='experiments/', load=None, dataset='Dec', datapath='data/', pred_length=14, condition_length=21, features='Confirmed,Deaths,Recovered,Mortality_Rate,Testing_Rate,Population,Mobility', split_interval=3, feature_out='Deaths', niters=100, lr=0.005, batch_size=8, random_seed=1991, dropout=0.2, l2=1e-05, optimizer='AdamW', clip=10, edge_lamda=0.5, z0_encoder='GTrans', rec_dims=64, ode_dims=20, rec_layers=1, gen_layers=1, CVPR=False, graf_layer=1, heavyBall=False, actv_h=None, gamma_guess=-3.0, gamma_act='sigmoid', corr=-100, corrf=True, sign=1, augment_dim=0, solver='rk4', alias='run', output_dim=1, feature_out_index=[1], num_atoms=50)
run
Experiment 07-07_23:54
Epoch 0001 [Train seq (cond on sampled tp)] | Loss 4390895.890269 | MAPE 0.063290 | RMSE 286.214712 | Likelihood -4390894.539639 | KL fp 1.3506 | FP STD 0.4945|
Epoch 0001 [Val seq (cond on sampled tp)] |  MAPE 0.058125 | RMSE 304.541997 |
Best Val!
Epoch 0001 [Test seq (cond on sampled tp)] | MAPE 0.119556 | RMSE 903.784552|
0.13174375891685486,0.12383054196834564,0.10309462994337082
848.6127282217725,934.8295299144118,927.9113979793545
0.13174375891685486,0.12383054196834564,0.10309462994337082
848.6127282217725,934.8295299144118,927.9113979793545
Epoch 0001 [Test seq (cond on sampled tp)] | Best Test MAPE 0.119556|Best Test RMSE 903.784552|
Experiment 07-07_23:54
Epoch 0002 [Train seq (cond on sampled tp)] | Loss 4160202.921682 | MAPE 0.101388 | RMSE 274.599170 | Likelihood -4160200.107285 | KL fp 2.8144 | FP STD 0.9109|
Epoch 0002 [Val seq (cond on sampled tp)] |  MAPE 0.064184 | RMSE 277.308112 |
Epoch 0002 [Test seq (cond on sampled tp)] | MAPE 0.107772 | RMSE 858.712429|
0.11691632866859436,0.109420545399189,0.0969795361161232
799.9367162469791,888.0055250391182,888.1950447396113
0.11691632866859436,0.109420545399189,0.0969795361161232
799.9367162469791,888.0055250391182,888.1950447396113
Epoch 0002 [Test seq (cond on sampled tp)] | Best Test MAPE 0.107772|Best Test RMSE 858.712429|
Experiment 07-07_23:54
Epoch 0003 [Train seq (cond on sampled tp)] | Loss 3782249.207350 | MAPE 0.244672 | RMSE 253.933223 | Likelihood -3782243.753997 | KL fp 5.4534 | FP STD 1.1908|
Epoch 0003 [Val seq (cond on sampled tp)] |  MAPE 0.103242 | RMSE 234.444431 |
Epoch 0003 [Test seq (cond on sampled tp)] | MAPE 0.137384 | RMSE 771.821119|
0.14407077431678772,0.1421419382095337,0.12593898177146912
709.4674058757033,801.723066276629,804.2728859037833
Experiment 07-07_23:54
Epoch 0004 [Train seq (cond on sampled tp)] | Loss 3450331.138522 | MAPE 0.449881 | RMSE 233.367667 | Likelihood -3450324.595921 | KL fp 6.5426 | FP STD 1.0375|
Epoch 0004 [Val seq (cond on sampled tp)] |  MAPE 0.073892 | RMSE 195.908730 |
Epoch 0004 [Test seq (cond on sampled tp)] | MAPE 0.106008 | RMSE 698.173274|
0.1100497767329216,0.10338781028985977,0.10458554327487946
628.6364211529586,728.4284453534198,737.4549562515666
0.1100497767329216,0.10338781028985977,0.10458554327487946
628.6364211529586,728.4284453534198,737.4549562515666
Epoch 0004 [Test seq (cond on sampled tp)] | Best Test MAPE 0.106008|Best Test RMSE 698.173274|
Experiment 07-07_23:54
Epoch 0005 [Train seq (cond on sampled tp)] | Loss 2994484.298308 | MAPE 0.183235 | RMSE 203.963274 | Likelihood -2994480.934544 | KL fp 3.3638 | FP STD 0.6419|
Epoch 0005 [Val seq (cond on sampled tp)] |  MAPE 0.030539 | RMSE 163.324357 |
Best Val!
Epoch 0005 [Test seq (cond on sampled tp)] | MAPE 0.059186 | RMSE 612.573347|
0.059425000101327896,0.06159135326743126,0.05654168128967285
546.1532236927656,645.6977330763985,645.8690850319437
0.059425000101327896,0.06159135326743126,0.05654168128967285
546.1532236927656,645.6977330763985,645.8690850319437
Epoch 0005 [Test seq (cond on sampled tp)] | Best Test MAPE 0.059186|Best Test RMSE 612.573347|
Experiment 07-07_23:54
Epoch 0006 [Train seq (cond on sampled tp)] | Loss 2680337.340750 | MAPE 0.040742 | RMSE 178.822443 | Likelihood -2680333.568772 | KL fp 3.7720 | FP STD 0.6388|
Epoch 0006 [Val seq (cond on sampled tp)] |  MAPE 0.028480 | RMSE 147.805781 |
Best Val!
Epoch 0006 [Test seq (cond on sampled tp)] | MAPE 0.056897 | RMSE 554.779195|
0.05722810700535774,0.06148799881339073,0.05197496339678764
479.8900101846255,599.3092638613223,585.1383116409316
0.05722810700535774,0.06148799881339073,0.05197496339678764
479.8900101846255,599.3092638613223,585.1383116409316
Epoch 0006 [Test seq (cond on sampled tp)] | Best Test MAPE 0.056897|Best Test RMSE 554.779195|
Experiment 07-07_23:54
Epoch 0007 [Train seq (cond on sampled tp)] | Loss 2425912.737873 | MAPE 0.047035 | RMSE 155.353701 | Likelihood -2425909.612785 | KL fp 3.1251 | FP STD 0.5506|
Epoch 0007 [Val seq (cond on sampled tp)] |  MAPE 0.030599 | RMSE 118.432013 |
Epoch 0007 [Test seq (cond on sampled tp)] | MAPE 0.055073 | RMSE 469.575363|
0.0548158623278141,0.06515759229660034,0.04524443671107292
390.7881059474559,503.0164168543607,514.9215656291742
0.0548158623278141,0.06515759229660034,0.04524443671107292
390.7881059474559,503.0164168543607,514.9215656291742
Epoch 0007 [Test seq (cond on sampled tp)] | Best Test MAPE 0.055073|Best Test RMSE 469.575363|
Experiment 07-07_23:54
Epoch 0008 [Train seq (cond on sampled tp)] | Loss 2292208.200956 | MAPE 0.038567 | RMSE 141.015458 | Likelihood -2292205.376058 | KL fp 2.8249 | FP STD 0.4694|
Epoch 0008 [Val seq (cond on sampled tp)] |  MAPE 0.024356 | RMSE 108.181195 |
Best Val!
Epoch 0008 [Test seq (cond on sampled tp)] | MAPE 0.053909 | RMSE 418.719990|
0.05918986350297928,0.053152646869421005,0.04938526079058647
354.3063094802293,445.95333276027884,455.9003283339463
0.05918986350297928,0.053152646869421005,0.04938526079058647
354.3063094802293,445.95333276027884,455.9003283339463
Epoch 0008 [Test seq (cond on sampled tp)] | Best Test MAPE 0.053909|Best Test RMSE 418.719990|
Experiment 07-07_23:54
Epoch 0009 [Train seq (cond on sampled tp)] | Loss 2227497.741561 | MAPE 0.043831 | RMSE 131.326408 | Likelihood -2227494.506102 | KL fp 3.2355 | FP STD 0.3937|
Epoch 0009 [Val seq (cond on sampled tp)] |  MAPE 0.027777 | RMSE 102.643901 |
Epoch 0009 [Test seq (cond on sampled tp)] | MAPE 0.057189 | RMSE 411.958201|
0.062256429344415665,0.05940753221511841,0.049904122948646545
359.93502017725365,437.193642737403,438.74594015215683
Experiment 07-07_23:54
Epoch 0010 [Train seq (cond on sampled tp)] | Loss 2112500.728936 | MAPE 0.032695 | RMSE 119.604595 | Likelihood -2112497.680992 | KL fp 3.0479 | FP STD 0.3124|
Epoch 0010 [Val seq (cond on sampled tp)] |  MAPE 0.030282 | RMSE 87.051409 |
Epoch 0010 [Test seq (cond on sampled tp)] | MAPE 0.049667 | RMSE 350.652443|
0.05523127317428589,0.05127020180225372,0.04249870777130127
289.9973733717256,368.2708327440554,393.689122277972
0.05523127317428589,0.05127020180225372,0.04249870777130127
289.9973733717256,368.2708327440554,393.689122277972
Epoch 0010 [Test seq (cond on sampled tp)] | Best Test MAPE 0.049667|Best Test RMSE 350.652443|
Experiment 07-07_23:54
Epoch 0011 [Train seq (cond on sampled tp)] | Loss 2077398.731952 | MAPE 0.035646 | RMSE 115.732558 | Likelihood -2077395.603656 | KL fp 3.1283 | FP STD 0.2631|
Epoch 0011 [Val seq (cond on sampled tp)] |  MAPE 0.031573 | RMSE 81.445984 |
Epoch 0011 [Test seq (cond on sampled tp)] | MAPE 0.048226 | RMSE 325.116857|
0.04932583123445511,0.0495346337556839,0.0458177849650383
250.25899084748184,346.2469765210954,378.84460452143173
0.04932583123445511,0.0495346337556839,0.0458177849650383
250.25899084748184,346.2469765210954,378.84460452143173
Epoch 0011 [Test seq (cond on sampled tp)] | Best Test MAPE 0.048226|Best Test RMSE 325.116857|
Experiment 07-07_23:54
Epoch 0012 [Train seq (cond on sampled tp)] | Loss 2031412.389495 | MAPE 0.031114 | RMSE 107.646200 | Likelihood -2031409.032362 | KL fp 3.3571 | FP STD 0.2440|
Epoch 0012 [Val seq (cond on sampled tp)] |  MAPE 0.030954 | RMSE 99.134004 |
Epoch 0012 [Test seq (cond on sampled tp)] | MAPE 0.051145 | RMSE 340.196555|
0.05402315407991409,0.053003940731287,0.046409111469984055
275.85135263398655,359.91375920142315,384.8245541802134
Experiment 07-07_23:54
Epoch 0013 [Train seq (cond on sampled tp)] | Loss 2057255.109267 | MAPE 0.037456 | RMSE 112.911343 | Likelihood -2057252.102120 | KL fp 3.0071 | FP STD 0.2352|
Epoch 0013 [Val seq (cond on sampled tp)] |  MAPE 0.031944 | RMSE 84.131904 |
Epoch 0013 [Test seq (cond on sampled tp)] | MAPE 0.056415 | RMSE 313.771087|
0.05628669634461403,0.06127312406897545,0.05168448016047478
255.1438855699858,345.107773021704,341.06160092423187
Experiment 07-07_23:54
Epoch 0014 [Train seq (cond on sampled tp)] | Loss 2006090.833151 | MAPE 0.030962 | RMSE 104.023063 | Likelihood -2006087.799137 | KL fp 3.0340 | FP STD 0.2512|
Epoch 0014 [Val seq (cond on sampled tp)] |  MAPE 0.031834 | RMSE 77.428561 |
Epoch 0014 [Test seq (cond on sampled tp)] | MAPE 0.053674 | RMSE 318.218680|
0.05241012945771217,0.05509381741285324,0.05351801589131355
247.3461880012506,344.830370435958,362.4794821779572
Experiment 07-07_23:54
Epoch 0015 [Train seq (cond on sampled tp)] | Loss 2013636.991329 | MAPE 0.036558 | RMSE 106.181750 | Likelihood -2013633.754475 | KL fp 3.2369 | FP STD 0.2172|
Epoch 0015 [Val seq (cond on sampled tp)] |  MAPE 0.032649 | RMSE 82.358606 |
Epoch 0015 [Test seq (cond on sampled tp)] | MAPE 0.066140 | RMSE 340.572215|
0.07038314640522003,0.0696231871843338,0.0584133081138134
263.71005325451665,385.0099227617387,372.99666972373893
Experiment 07-07_23:54
Epoch 0016 [Train seq (cond on sampled tp)] | Loss 2058123.709872 | MAPE 0.045881 | RMSE 112.205976 | Likelihood -2058120.609278 | KL fp 3.1006 | FP STD 0.2379|
Epoch 0016 [Val seq (cond on sampled tp)] |  MAPE 0.023984 | RMSE 83.551961 |
Best Val!
Epoch 0016 [Test seq (cond on sampled tp)] | MAPE 0.049335 | RMSE 315.299033|
0.0490432009100914,0.048057351261377335,0.050905339419841766
243.237658666889,331.3473677653106,371.31207393512
Experiment 07-07_23:54
Epoch 0017 [Train seq (cond on sampled tp)] | Loss 2011162.879821 | MAPE 0.031956 | RMSE 106.091721 | Likelihood -2011160.022894 | KL fp 2.8569 | FP STD 0.2488|
Epoch 0017 [Val seq (cond on sampled tp)] |  MAPE 0.023582 | RMSE 77.226799 |
Best Val!
Epoch 0017 [Test seq (cond on sampled tp)] | MAPE 0.052191 | RMSE 291.103425|
0.056222524493932724,0.05188329517841339,0.04846742004156113
226.67872019115512,306.01203765129895,340.6195183045152
Experiment 07-07_23:54
Epoch 0018 [Train seq (cond on sampled tp)] | Loss 2004054.948409 | MAPE 0.047061 | RMSE 103.080612 | Likelihood -2004051.834319 | KL fp 3.1141 | FP STD 0.2448|
Epoch 0018 [Val seq (cond on sampled tp)] |  MAPE 0.027415 | RMSE 99.350341 |
Epoch 0018 [Test seq (cond on sampled tp)] | MAPE 0.058376 | RMSE 350.241667|
0.06373000144958496,0.06205792352557182,0.049339115619659424
291.20096153687405,377.7945870443355,381.7294526231897
Experiment 07-07_23:54
Epoch 0019 [Train seq (cond on sampled tp)] | Loss 2021599.661904 | MAPE 0.038887 | RMSE 106.207498 | Likelihood -2021596.406642 | KL fp 3.2553 | FP STD 0.1988|
Epoch 0019 [Val seq (cond on sampled tp)] |  MAPE 0.032347 | RMSE 95.164650 |
Epoch 0019 [Test seq (cond on sampled tp)] | MAPE 0.060439 | RMSE 312.786187|
0.06792021542787552,0.06053652614355087,0.05286114662885666
269.30545796084414,332.29365072552923,336.75945374629055
Experiment 07-07_23:54
Epoch 0020 [Train seq (cond on sampled tp)] | Loss 1997832.423442 | MAPE 0.031615 | RMSE 103.286972 | Likelihood -1997829.455458 | KL fp 2.9680 | FP STD 0.1914|
Epoch 0020 [Val seq (cond on sampled tp)] |  MAPE 0.045352 | RMSE 87.699708 |
Epoch 0020 [Test seq (cond on sampled tp)] | MAPE 0.081374 | RMSE 293.213062|
0.07737085968255997,0.08362700045108795,0.08312417566776276
224.50525467124373,311.78030877125644,343.3536237430734
Experiment 07-07_23:54
Epoch 0021 [Train seq (cond on sampled tp)] | Loss 1976574.467588 | MAPE 0.056268 | RMSE 99.203824 | Likelihood -1976571.333880 | KL fp 3.1337 | FP STD 0.2141|
Epoch 0021 [Val seq (cond on sampled tp)] |  MAPE 0.029768 | RMSE 98.102655 |
Epoch 0021 [Test seq (cond on sampled tp)] | MAPE 0.061738 | RMSE 315.517441|
0.06793227046728134,0.06435822695493698,0.052923694252967834
262.9448462843491,322.96805908247336,360.63941695618905
Experiment 07-07_23:54
Epoch 0022 [Train seq (cond on sampled tp)] | Loss 2005028.606429 | MAPE 0.037193 | RMSE 105.313528 | Likelihood -2005025.728004 | KL fp 2.8784 | FP STD 0.2253|
Epoch 0022 [Val seq (cond on sampled tp)] |  MAPE 0.034662 | RMSE 85.449555 |
Epoch 0022 [Test seq (cond on sampled tp)] | MAPE 0.057718 | RMSE 277.988093|
0.06317109614610672,0.05529356375336647,0.0546879768371582
223.1083152025043,282.7991364246008,328.0568262511847
Experiment 07-07_23:54
Epoch 0023 [Train seq (cond on sampled tp)] | Loss 1973196.701107 | MAPE 0.036782 | RMSE 98.269489 | Likelihood -1973193.574065 | KL fp 3.1270 | FP STD 0.1915|
Epoch 0023 [Val seq (cond on sampled tp)] |  MAPE 0.035713 | RMSE 86.789622 |
Epoch 0023 [Test seq (cond on sampled tp)] | MAPE 0.063874 | RMSE 304.290571|
0.06488986313343048,0.06436742842197418,0.06236337497830391
242.6472491086598,322.17144116137916,348.05302218196584
Experiment 07-07_23:54
Epoch 0024 [Train seq (cond on sampled tp)] | Loss 1960599.613047 | MAPE 0.036488 | RMSE 96.540132 | Likelihood -1960596.412462 | KL fp 3.2006 | FP STD 0.2018|
Epoch 0024 [Val seq (cond on sampled tp)] |  MAPE 0.027345 | RMSE 82.579043 |
Epoch 0024 [Test seq (cond on sampled tp)] | MAPE 0.053989 | RMSE 295.042873|
0.055895280092954636,0.05382750555872917,0.05224435031414032
225.5431378500574,317.6990886633136,341.8863914921154
Experiment 07-07_23:54
Epoch 0025 [Train seq (cond on sampled tp)] | Loss 1934797.005100 | MAPE 0.032144 | RMSE 93.939076 | Likelihood -1934794.139311 | KL fp 2.8658 | FP STD 0.2463|
Epoch 0025 [Val seq (cond on sampled tp)] |  MAPE 0.029759 | RMSE 80.808950 |
Epoch 0025 [Test seq (cond on sampled tp)] | MAPE 0.055941 | RMSE 272.719371|
0.05738474056124687,0.05615533888339996,0.054281607270240784
220.45577787846705,278.11466272924196,319.5876738079865
Experiment 07-07_23:54
Epoch 0026 [Train seq (cond on sampled tp)] | Loss 1942456.204514 | MAPE 0.032015 | RMSE 93.282363 | Likelihood -1942453.057191 | KL fp 3.1473 | FP STD 0.2058|
Epoch 0026 [Val seq (cond on sampled tp)] |  MAPE 0.034595 | RMSE 86.958773 |
Epoch 0026 [Test seq (cond on sampled tp)] | MAPE 0.067195 | RMSE 312.538863|
0.07416371256113052,0.06589940935373306,0.06152233108878136
255.84680932884427,333.4099742621687,348.35980636046406
Experiment 07-07_23:54
Epoch 0027 [Train seq (cond on sampled tp)] | Loss 1939336.478854 | MAPE 0.037791 | RMSE 94.340317 | Likelihood -1939333.518167 | KL fp 2.9607 | FP STD 0.2375|
Epoch 0027 [Val seq (cond on sampled tp)] |  MAPE 0.030952 | RMSE 86.310792 |
Epoch 0027 [Test seq (cond on sampled tp)] | MAPE 0.060585 | RMSE 280.242430|
0.06598281115293503,0.06272847205400467,0.0530441552400589
247.83869659770647,294.1323708171204,298.7562237845431
Experiment 07-07_23:54
Epoch 0028 [Train seq (cond on sampled tp)] | Loss 1922846.913267 | MAPE 0.052454 | RMSE 91.359489 | Likelihood -1922844.036038 | KL fp 2.8772 | FP STD 0.2646|
Epoch 0028 [Val seq (cond on sampled tp)] |  MAPE 0.026568 | RMSE 85.034730 |
Epoch 0028 [Test seq (cond on sampled tp)] | MAPE 0.056774 | RMSE 308.128497|
0.0635833665728569,0.06139497086405754,0.045344848185777664
255.39426475304805,335.2440225977191,333.74720270363315
Experiment 07-07_23:54
Epoch 0029 [Train seq (cond on sampled tp)] | Loss 1932051.046119 | MAPE 0.035807 | RMSE 92.873317 | Likelihood -1932048.121965 | KL fp 2.9242 | FP STD 0.2522|
Epoch 0029 [Val seq (cond on sampled tp)] |  MAPE 0.022731 | RMSE 71.220673 |
Best Val!
Epoch 0029 [Test seq (cond on sampled tp)] | MAPE 0.053440 | RMSE 285.192958|
0.05911267176270485,0.05685814097523689,0.04434919357299805
227.78980511098385,305.32207635953876,322.46699201236083
Experiment 07-07_23:54
Epoch 0030 [Train seq (cond on sampled tp)] | Loss 1914799.643566 | MAPE 0.043633 | RMSE 90.250387 | Likelihood -1914796.986087 | KL fp 2.6575 | FP STD 0.2984|
Epoch 0030 [Val seq (cond on sampled tp)] |  MAPE 0.025422 | RMSE 84.509658 |
Epoch 0030 [Test seq (cond on sampled tp)] | MAPE 0.051147 | RMSE 257.638514|
0.05664800480008125,0.048401664942502975,0.04839249327778816
193.93903077062646,267.72957438430296,311.2469377359398
Experiment 07-07_23:54
Epoch 0031 [Train seq (cond on sampled tp)] | Loss 1956814.439085 | MAPE 0.050153 | RMSE 93.831506 | Likelihood -1956811.208452 | KL fp 3.2306 | FP STD 0.2567|
Epoch 0031 [Val seq (cond on sampled tp)] |  MAPE 0.028367 | RMSE 101.928432 |
Epoch 0031 [Test seq (cond on sampled tp)] | MAPE 0.056832 | RMSE 350.143970|
0.062105968594551086,0.05683795362710953,0.05155210942029953
311.65534599537995,363.99072790388493,374.78583467761956
Experiment 07-07_23:54
Epoch 0032 [Train seq (cond on sampled tp)] | Loss 1990940.675617 | MAPE 0.034271 | RMSE 103.833498 | Likelihood -1990937.629071 | KL fp 3.0465 | FP STD 0.1956|
Epoch 0032 [Val seq (cond on sampled tp)] |  MAPE 0.040541 | RMSE 87.466274 |
Epoch 0032 [Test seq (cond on sampled tp)] | MAPE 0.069096 | RMSE 268.064061|
0.06574872136116028,0.06639447063207626,0.07514522969722748
199.18226381570724,296.49786571744494,308.5120540594808
Experiment 07-07_23:54
Epoch 0033 [Train seq (cond on sampled tp)] | Loss 1930832.443953 | MAPE 0.032413 | RMSE 91.192694 | Likelihood -1930829.048579 | KL fp 3.3954 | FP STD 0.1607|
Epoch 0033 [Val seq (cond on sampled tp)] |  MAPE 0.038869 | RMSE 80.325577 |
Epoch 0033 [Test seq (cond on sampled tp)] | MAPE 0.073682 | RMSE 273.743506|
0.07243142277002335,0.07349277287721634,0.07512069493532181
225.75051045069642,305.57968733621675,289.9003196143461
Experiment 07-07_23:54
Epoch 0034 [Train seq (cond on sampled tp)] | Loss 1923058.535473 | MAPE 0.035219 | RMSE 89.619345 | Likelihood -1923055.084043 | KL fp 3.4514 | FP STD 0.1725|
Epoch 0034 [Val seq (cond on sampled tp)] |  MAPE 0.029882 | RMSE 83.182939 |
Epoch 0034 [Test seq (cond on sampled tp)] | MAPE 0.060618 | RMSE 289.956136|
0.0644141212105751,0.058904096484184265,0.05853665992617607
226.20177317496874,300.02261633500234,343.64401775311035
Experiment 07-07_23:54
Epoch 0035 [Train seq (cond on sampled tp)] | Loss 1931292.170624 | MAPE 0.032300 | RMSE 93.959255 | Likelihood -1931288.985607 | KL fp 3.1850 | FP STD 0.1853|
Epoch 0035 [Val seq (cond on sampled tp)] |  MAPE 0.027838 | RMSE 84.416613 |
Epoch 0035 [Test seq (cond on sampled tp)] | MAPE 0.065352 | RMSE 269.799512|
0.06457855552434921,0.06241181865334511,0.06906703114509583
206.21171046099687,274.2335483898715,328.9532760324785
Experiment 07-07_23:54
Epoch 0036 [Train seq (cond on sampled tp)] | Loss 1914454.214380 | MAPE 0.034199 | RMSE 89.097258 | Likelihood -1914451.174691 | KL fp 3.0397 | FP STD 0.2297|
Epoch 0036 [Val seq (cond on sampled tp)] |  MAPE 0.042157 | RMSE 87.219679 |
Epoch 0036 [Test seq (cond on sampled tp)] | MAPE 0.073943 | RMSE 267.332317|
0.06977479159832001,0.07446612417697906,0.07758843153715134
225.88359488351517,282.8851356999869,293.22822009912346
Experiment 07-07_23:54
Epoch 0037 [Train seq (cond on sampled tp)] | Loss 1922180.366407 | MAPE 0.053349 | RMSE 90.946462 | Likelihood -1922177.407473 | KL fp 2.9589 | FP STD 0.2383|
Epoch 0037 [Val seq (cond on sampled tp)] |  MAPE 0.035796 | RMSE 85.169076 |
Epoch 0037 [Test seq (cond on sampled tp)] | MAPE 0.063947 | RMSE 296.184511|
0.06732330471277237,0.06375551968812943,0.0607614628970623
250.32618564335215,310.4433951020701,327.7839537141805
Experiment 07-07_23:54
Epoch 0038 [Train seq (cond on sampled tp)] | Loss 1906471.537857 | MAPE 0.034409 | RMSE 90.039799 | Likelihood -1906468.332342 | KL fp 3.2055 | FP STD 0.1741|
Epoch 0038 [Val seq (cond on sampled tp)] |  MAPE 0.039037 | RMSE 83.953124 |
Epoch 0038 [Test seq (cond on sampled tp)] | MAPE 0.068105 | RMSE 298.149935|
0.06584171950817108,0.06381698697805405,0.07465553283691406
259.8857321016296,323.6235394907175,310.94053390479667
Experiment 07-07_23:54
Epoch 0039 [Train seq (cond on sampled tp)] | Loss 1917444.646955 | MAPE 0.035557 | RMSE 91.333460 | Likelihood -1917441.608735 | KL fp 3.0382 | FP STD 0.2032|
Epoch 0039 [Val seq (cond on sampled tp)] |  MAPE 0.026634 | RMSE 86.499136 |
Epoch 0039 [Test seq (cond on sampled tp)] | MAPE 0.062390 | RMSE 300.042572|
0.06284824758768082,0.06447260826826096,0.05984910950064659
241.76946179418525,324.9208076593434,333.43744728209515
Experiment 07-07_23:54
Epoch 0040 [Train seq (cond on sampled tp)] | Loss 1904302.847147 | MAPE 0.033301 | RMSE 88.578235 | Likelihood -1904299.812408 | KL fp 3.0347 | FP STD 0.2186|
Epoch 0040 [Val seq (cond on sampled tp)] |  MAPE 0.023274 | RMSE 78.393389 |
Epoch 0040 [Test seq (cond on sampled tp)] | MAPE 0.061327 | RMSE 281.492831|
0.05855715647339821,0.06178668513894081,0.06363826245069504
224.51742520069573,317.81988069109207,302.1411869887983
Experiment 07-07_23:54
Epoch 0041 [Train seq (cond on sampled tp)] | Loss 1962879.577683 | MAPE 0.040076 | RMSE 96.670378 | Likelihood -1962876.453957 | KL fp 3.1237 | FP STD 0.1894|
Epoch 0041 [Val seq (cond on sampled tp)] |  MAPE 0.027841 | RMSE 86.294763 |
Epoch 0041 [Test seq (cond on sampled tp)] | MAPE 0.064750 | RMSE 283.832919|
0.06173274293541908,0.0634603425860405,0.0690557062625885
234.64652605035516,298.4153983962624,318.4368314517025
Experiment 07-07_23:54
Epoch 0042 [Train seq (cond on sampled tp)] | Loss 1902830.579549 | MAPE 0.042694 | RMSE 88.229445 | Likelihood -1902827.106123 | KL fp 3.4734 | FP STD 0.1655|
Epoch 0042 [Val seq (cond on sampled tp)] |  MAPE 0.035394 | RMSE 81.259954 |
Epoch 0042 [Test seq (cond on sampled tp)] | MAPE 0.076815 | RMSE 268.235446|
0.0746360495686531,0.07502533495426178,0.08078473061323166
207.81998106835155,267.95154645942984,328.93481022080954
Experiment 07-07_23:54
Epoch 0043 [Train seq (cond on sampled tp)] | Loss 1906499.810347 | MAPE 0.040566 | RMSE 87.740349 | Likelihood -1906496.323054 | KL fp 3.4873 | FP STD 0.1708|
Epoch 0043 [Val seq (cond on sampled tp)] |  MAPE 0.035016 | RMSE 81.324641 |
Epoch 0043 [Test seq (cond on sampled tp)] | MAPE 0.064295 | RMSE 308.183660|
0.0642690658569336,0.06421589851379395,0.06440025568008423
264.57960463251885,309.3814140749247,350.58996037037343
Experiment 07-07_23:54
Epoch 0044 [Train seq (cond on sampled tp)] | Loss 1900206.121795 | MAPE 0.033684 | RMSE 88.217042 | Likelihood -1900202.919325 | KL fp 3.2025 | FP STD 0.1813|
Epoch 0044 [Val seq (cond on sampled tp)] |  MAPE 0.043468 | RMSE 83.315764 |
Epoch 0044 [Test seq (cond on sampled tp)] | MAPE 0.073215 | RMSE 265.506850|
0.06849130243062973,0.06979456543922424,0.08135812729597092
220.4492660596764,279.47999984345927,296.59128548391305
Experiment 07-07_23:54
Epoch 0045 [Train seq (cond on sampled tp)] | Loss 1895637.798515 | MAPE 0.055445 | RMSE 87.457550 | Likelihood -1895634.345862 | KL fp 3.4527 | FP STD 0.1695|
Epoch 0045 [Val seq (cond on sampled tp)] |  MAPE 0.023372 | RMSE 91.652878 |
Epoch 0045 [Test seq (cond on sampled tp)] | MAPE 0.048273 | RMSE 276.150777|
0.0477227158844471,0.049181532114744186,0.04791392385959625
247.17317436364328,287.13581553421716,294.14334037591266
Experiment 07-07_23:54
Epoch 0046 [Train seq (cond on sampled tp)] | Loss 1937118.153233 | MAPE 0.070647 | RMSE 95.592489 | Likelihood -1937114.639275 | KL fp 3.5140 | FP STD 0.1664|
Epoch 0046 [Val seq (cond on sampled tp)] |  MAPE 0.029556 | RMSE 90.166399 |
Epoch 0046 [Test seq (cond on sampled tp)] | MAPE 0.063727 | RMSE 284.938524|
0.06309733539819717,0.06071958318352699,0.06736374646425247
257.3767605573588,288.80916601624676,308.6296450642744
Experiment 07-07_23:54
Epoch 0047 [Train seq (cond on sampled tp)] | Loss 1895665.514395 | MAPE 0.042750 | RMSE 87.027129 | Likelihood -1895662.050978 | KL fp 3.4634 | FP STD 0.1666|
Epoch 0047 [Val seq (cond on sampled tp)] |  MAPE 0.033641 | RMSE 86.825961 |
Epoch 0047 [Test seq (cond on sampled tp)] | MAPE 0.073317 | RMSE 279.118903|
0.07144775986671448,0.07039333879947662,0.07811088114976883
234.2656161416993,287.26642685841307,315.82466456880786
Experiment 07-07_23:54
Epoch 0048 [Train seq (cond on sampled tp)] | Loss 1910395.914663 | MAPE 0.062308 | RMSE 89.187156 | Likelihood -1910392.492559 | KL fp 3.4221 | FP STD 0.1627|
Epoch 0048 [Val seq (cond on sampled tp)] |  MAPE 0.033041 | RMSE 81.377565 |
Epoch 0048 [Test seq (cond on sampled tp)] | MAPE 0.069187 | RMSE 286.543736|
0.06708974391222,0.06825368106365204,0.07221801578998566
260.47959073121257,270.7830514221671,328.36856436403895
Experiment 07-07_23:54
Epoch 0049 [Train seq (cond on sampled tp)] | Loss 1901643.548546 | MAPE 0.061158 | RMSE 87.306668 | Likelihood -1901640.061444 | KL fp 3.4871 | FP STD 0.1814|
Epoch 0049 [Val seq (cond on sampled tp)] |  MAPE 0.030141 | RMSE 77.599781 |
Epoch 0049 [Test seq (cond on sampled tp)] | MAPE 0.064958 | RMSE 296.422383|
0.06173405423760414,0.06292837858200073,0.07021229714155197
233.75198862790452,304.44525626539166,351.06990489787074
Experiment 07-07_23:54
Epoch 0050 [Train seq (cond on sampled tp)] | Loss 1891557.049755 | MAPE 0.059269 | RMSE 85.262835 | Likelihood -1891553.640647 | KL fp 3.4091 | FP STD 0.1957|
Epoch 0050 [Val seq (cond on sampled tp)] |  MAPE 0.029366 | RMSE 80.980117 |
Epoch 0050 [Test seq (cond on sampled tp)] | MAPE 0.054797 | RMSE 279.301653|
0.05735225975513458,0.05256357416510582,0.05447656661272049
216.21186441196977,285.66304451223647,336.03005120450166
Experiment 07-07_23:54
Epoch 0051 [Train seq (cond on sampled tp)] | Loss 1897427.637808 | MAPE 0.056296 | RMSE 86.549047 | Likelihood -1897424.424799 | KL fp 3.2130 | FP STD 0.2456|
Epoch 0051 [Val seq (cond on sampled tp)] |  MAPE 0.025305 | RMSE 92.490920 |
Epoch 0051 [Test seq (cond on sampled tp)] | MAPE 0.046289 | RMSE 284.675681|
0.04192576929926872,0.052862752228975296,0.04407764971256256
233.16649262115257,296.8032150053298,324.05733481901007
0.04192576929926872,0.052862752228975296,0.04407764971256256
233.16649262115257,296.8032150053298,324.05733481901007
Epoch 0051 [Test seq (cond on sampled tp)] | Best Test MAPE 0.046289|Best Test RMSE 284.675681|
Experiment 07-07_23:54
Epoch 0052 [Train seq (cond on sampled tp)] | Loss 1947103.752777 | MAPE 0.056960 | RMSE 94.342181 | Likelihood -1947100.792589 | KL fp 2.9602 | FP STD 0.2675|
Epoch 0052 [Val seq (cond on sampled tp)] |  MAPE 0.031236 | RMSE 77.351354 |
Epoch 0052 [Test seq (cond on sampled tp)] | MAPE 0.060170 | RMSE 285.405233|
0.05874332785606384,0.06050438806414604,0.06126108020544052
235.13335644374237,295.5670662049478,325.5152766192395
Experiment 07-07_23:54
Epoch 0053 [Train seq (cond on sampled tp)] | Loss 1903872.296654 | MAPE 0.087082 | RMSE 87.035237 | Likelihood -1903868.822261 | KL fp 3.4744 | FP STD 0.2575|
Epoch 0053 [Val seq (cond on sampled tp)] |  MAPE 0.025617 | RMSE 81.269394 |
Epoch 0053 [Test seq (cond on sampled tp)] | MAPE 0.058391 | RMSE 293.577186|
0.05770934745669365,0.05663572996854782,0.06082690879702568
222.68744737580067,288.2604751999483,369.78363606303617
Experiment 07-07_23:54
Epoch 0054 [Train seq (cond on sampled tp)] | Loss 1892948.684116 | MAPE 0.044100 | RMSE 86.253010 | Likelihood -1892945.228474 | KL fp 3.4556 | FP STD 0.2122|
Epoch 0054 [Val seq (cond on sampled tp)] |  MAPE 0.029049 | RMSE 96.017882 |
Epoch 0054 [Test seq (cond on sampled tp)] | MAPE 0.065036 | RMSE 294.048759|
0.06685706973075867,0.06088707223534584,0.06736239790916443
231.63607130852915,302.2349691258442,348.2752368816939
Experiment 07-07_23:54
Epoch 0055 [Train seq (cond on sampled tp)] | Loss 1890567.838490 | MAPE 0.046704 | RMSE 87.114542 | Likelihood -1890564.486754 | KL fp 3.3517 | FP STD 0.1942|
Epoch 0055 [Val seq (cond on sampled tp)] |  MAPE 0.040088 | RMSE 87.368375 |
Epoch 0055 [Test seq (cond on sampled tp)] | MAPE 0.071965 | RMSE 278.685779|
0.07137507945299149,0.0683872178196907,0.07613333314657211
233.10390320091167,265.6841845829367,337.26924982126667
Experiment 07-07_23:54
Epoch 0056 [Train seq (cond on sampled tp)] | Loss 1891455.360966 | MAPE 0.081045 | RMSE 85.585612 | Likelihood -1891451.708979 | KL fp 3.6520 | FP STD 0.1806|
Epoch 0056 [Val seq (cond on sampled tp)] |  MAPE 0.025309 | RMSE 89.570609 |
Epoch 0056 [Test seq (cond on sampled tp)] | MAPE 0.050667 | RMSE 340.531014|
0.05242680758237839,0.05072823539376259,0.048846129328012466
284.6573872658147,338.94731338365847,397.9883399673915
Experiment 07-07_23:54
Epoch 0057 [Train seq (cond on sampled tp)] | Loss 1896047.052228 | MAPE 0.048451 | RMSE 86.037877 | Likelihood -1896043.721784 | KL fp 3.3304 | FP STD 0.2069|
Epoch 0057 [Val seq (cond on sampled tp)] |  MAPE 0.023385 | RMSE 76.223654 |
Epoch 0057 [Test seq (cond on sampled tp)] | MAPE 0.053040 | RMSE 272.216071|
0.05185318738222122,0.05032813921570778,0.05693971365690231
199.06148940088838,270.3533711875996,347.2333509327697
Experiment 07-07_23:54
Epoch 0058 [Train seq (cond on sampled tp)] | Loss 1892292.751496 | MAPE 0.049615 | RMSE 85.050642 | Likelihood -1892289.392481 | KL fp 3.3590 | FP STD 0.1931|
Epoch 0058 [Val seq (cond on sampled tp)] |  MAPE 0.027923 | RMSE 82.749159 |
Epoch 0058 [Test seq (cond on sampled tp)] | MAPE 0.058593 | RMSE 289.929137|
0.05766967684030533,0.05649816244840622,0.06161140277981758
243.38598620555376,275.2483253809185,351.15310051315225
Experiment 07-07_23:54
Epoch 0059 [Train seq (cond on sampled tp)] | Loss 1872335.231098 | MAPE 0.077224 | RMSE 82.715659 | Likelihood -1872331.567163 | KL fp 3.6639 | FP STD 0.1871|
Epoch 0059 [Val seq (cond on sampled tp)] |  MAPE 0.027151 | RMSE 87.295335 |
Epoch 0059 [Test seq (cond on sampled tp)] | MAPE 0.051270 | RMSE 298.148161|
0.05115574598312378,0.0529727004468441,0.04968173801898956
264.37135044762323,295.9985483494809,334.07458467384197
Experiment 07-07_23:54
Epoch 0060 [Train seq (cond on sampled tp)] | Loss 1862805.805991 | MAPE 0.051385 | RMSE 81.930503 | Likelihood -1862802.252118 | KL fp 3.5539 | FP STD 0.1767|
Epoch 0060 [Val seq (cond on sampled tp)] |  MAPE 0.033614 | RMSE 84.239741 |
Epoch 0060 [Test seq (cond on sampled tp)] | MAPE 0.064515 | RMSE 292.658754|
0.06794949620962143,0.0648515373468399,0.060743581503629684
246.61112479975432,292.5951768228588,338.7699602052992
Experiment 07-07_23:54
Epoch 0061 [Train seq (cond on sampled tp)] | Loss 1871948.869042 | MAPE 0.056839 | RMSE 83.629062 | Likelihood -1871945.198979 | KL fp 3.6701 | FP STD 0.1754|
Epoch 0061 [Val seq (cond on sampled tp)] |  MAPE 0.031771 | RMSE 76.628135 |
Epoch 0061 [Test seq (cond on sampled tp)] | MAPE 0.055906 | RMSE 292.381924|
0.056550540030002594,0.053885068744421005,0.057282134890556335
211.9356107996011,297.0191229113035,368.1910382192918
Experiment 07-07_23:54
Epoch 0062 [Train seq (cond on sampled tp)] | Loss 1886428.949447 | MAPE 0.059438 | RMSE 87.537853 | Likelihood -1886425.514412 | KL fp 3.4350 | FP STD 0.2004|
Epoch 0062 [Val seq (cond on sampled tp)] |  MAPE 0.027713 | RMSE 72.457153 |
Epoch 0062 [Test seq (cond on sampled tp)] | MAPE 0.054816 | RMSE 278.748975|
0.05360834300518036,0.05492810159921646,0.055911242961883545
221.21189643642586,285.2307317111885,329.80429803142346
Experiment 07-07_23:54
Epoch 0063 [Train seq (cond on sampled tp)] | Loss 1898294.106415 | MAPE 0.065875 | RMSE 88.338859 | Likelihood -1898290.678176 | KL fp 3.4282 | FP STD 0.2183|
Epoch 0063 [Val seq (cond on sampled tp)] |  MAPE 0.031901 | RMSE 71.426180 |
Epoch 0063 [Test seq (cond on sampled tp)] | MAPE 0.064312 | RMSE 270.037302|
0.06178547069430351,0.062438685446977615,0.06871262192726135
204.02240226259468,284.7356778663327,321.35382563461104
Experiment 07-07_23:54
Epoch 0064 [Train seq (cond on sampled tp)] | Loss 1866174.866181 | MAPE 0.054273 | RMSE 80.186214 | Likelihood -1866171.189500 | KL fp 3.6767 | FP STD 0.1788|
Epoch 0064 [Val seq (cond on sampled tp)] |  MAPE 0.035507 | RMSE 85.495317 |
Epoch 0064 [Test seq (cond on sampled tp)] | MAPE 0.062331 | RMSE 280.563934|
0.060674648731946945,0.06101326271891594,0.06530456990003586
212.14949954277526,287.4319620579799,342.1103394739773
Experiment 07-07_23:54
Epoch 0065 [Train seq (cond on sampled tp)] | Loss 1865608.718659 | MAPE 0.056199 | RMSE 82.648580 | Likelihood -1865605.332620 | KL fp 3.3860 | FP STD 0.2041|
Epoch 0065 [Val seq (cond on sampled tp)] |  MAPE 0.031469 | RMSE 89.309313 |
Epoch 0065 [Test seq (cond on sampled tp)] | MAPE 0.059285 | RMSE 274.804573|
0.05910633131861687,0.05490834638476372,0.06383886188268661
206.93060997288438,275.16212550512836,342.32098423847754
Experiment 07-07_23:54
Epoch 0066 [Train seq (cond on sampled tp)] | Loss 1877602.511252 | MAPE 0.055615 | RMSE 83.656671 | Likelihood -1877599.271999 | KL fp 3.2393 | FP STD 0.2213|
Epoch 0066 [Val seq (cond on sampled tp)] |  MAPE 0.030911 | RMSE 90.551107 |
Epoch 0066 [Test seq (cond on sampled tp)] | MAPE 0.060147 | RMSE 268.095731|
0.06201239302754402,0.05678100511431694,0.06164659187197685
237.0827667318947,247.95872104798008,319.24570523736105
Experiment 07-07_23:54
Epoch 0067 [Train seq (cond on sampled tp)] | Loss 1862828.555888 | MAPE 0.090341 | RMSE 80.108931 | Likelihood -1862825.046062 | KL fp 3.5098 | FP STD 0.2168|
Epoch 0067 [Val seq (cond on sampled tp)] |  MAPE 0.028660 | RMSE 75.117229 |
Epoch 0067 [Test seq (cond on sampled tp)] | MAPE 0.051304 | RMSE 273.143485|
0.051438119262456894,0.0500502847135067,0.05242220684885979
226.05764440458543,277.9578430266,315.41496724553195
Experiment 07-07_23:54
Epoch 0068 [Train seq (cond on sampled tp)] | Loss 1846732.450304 | MAPE 0.067233 | RMSE 80.102593 | Likelihood -1846729.129704 | KL fp 3.3206 | FP STD 0.1991|
Epoch 0068 [Val seq (cond on sampled tp)] |  MAPE 0.033230 | RMSE 84.119567 |
Epoch 0068 [Test seq (cond on sampled tp)] | MAPE 0.064539 | RMSE 246.242355|
0.06748663634061813,0.061269912868738174,0.06485895812511444
197.23365149296913,248.6180397467167,292.8753734526001
Experiment 07-07_23:54
Epoch 0069 [Train seq (cond on sampled tp)] | Loss 1862945.523898 | MAPE 0.048132 | RMSE 81.821922 | Likelihood -1862941.941097 | KL fp 3.5828 | FP STD 0.1834|
Epoch 0069 [Val seq (cond on sampled tp)] |  MAPE 0.031774 | RMSE 90.953693 |
Epoch 0069 [Test seq (cond on sampled tp)] | MAPE 0.062629 | RMSE 282.747793|
0.06323986500501633,0.0640411525964737,0.06060614064335823
217.39451465020915,295.0614607586019,335.78740251459703
Experiment 07-07_23:54
Epoch 0070 [Train seq (cond on sampled tp)] | Loss 1903788.690949 | MAPE 0.046583 | RMSE 88.179614 | Likelihood -1903785.316099 | KL fp 3.3749 | FP STD 0.1822|
Epoch 0070 [Val seq (cond on sampled tp)] |  MAPE 0.031893 | RMSE 84.574307 |
Epoch 0070 [Test seq (cond on sampled tp)] | MAPE 0.068606 | RMSE 266.478439|
0.0684773251414299,0.0653456449508667,0.07199465483427048
213.47375241174265,260.75599226096415,325.2055720040787
Experiment 07-07_23:54
Epoch 0071 [Train seq (cond on sampled tp)] | Loss 1867424.220610 | MAPE 0.067364 | RMSE 81.548112 | Likelihood -1867420.581579 | KL fp 3.6390 | FP STD 0.1662|
Epoch 0071 [Val seq (cond on sampled tp)] |  MAPE 0.022760 | RMSE 78.089017 |
Epoch 0071 [Test seq (cond on sampled tp)] | MAPE 0.046314 | RMSE 290.244155|
0.049660079181194305,0.04731746390461922,0.04196595028042793
251.67776862239938,291.33638740294697,327.7183074875433
Experiment 07-07_23:54
Epoch 0072 [Train seq (cond on sampled tp)] | Loss 1867835.848058 | MAPE 0.060421 | RMSE 82.512156 | Likelihood -1867832.249017 | KL fp 3.5990 | FP STD 0.1557|
Epoch 0072 [Val seq (cond on sampled tp)] |  MAPE 0.023676 | RMSE 79.730730 |
Epoch 0072 [Test seq (cond on sampled tp)] | MAPE 0.049753 | RMSE 276.035095|
0.04617706313729286,0.049822527915239334,0.05325853079557419
213.42554871371422,297.8908671812548,316.7888689648044
Experiment 07-07_23:54
Epoch 0073 [Train seq (cond on sampled tp)] | Loss 1878441.252724 | MAPE 0.060931 | RMSE 83.230573 | Likelihood -1878437.921518 | KL fp 3.3312 | FP STD 0.1923|
Epoch 0073 [Val seq (cond on sampled tp)] |  MAPE 0.043620 | RMSE 82.826122 |
Epoch 0073 [Test seq (cond on sampled tp)] | MAPE 0.071704 | RMSE 287.287025|
0.07406555116176605,0.06400663405656815,0.0770397037267685
237.63346578817556,294.99096914142984,329.2366407692194
Experiment 07-07_23:54
Epoch 0074 [Train seq (cond on sampled tp)] | Loss 1901429.512640 | MAPE 0.120901 | RMSE 86.455171 | Likelihood -1901426.055717 | KL fp 3.4569 | FP STD 0.2312|
Epoch 0074 [Val seq (cond on sampled tp)] |  MAPE 0.027016 | RMSE 80.743669 |
Epoch 0074 [Test seq (cond on sampled tp)] | MAPE 0.050242 | RMSE 280.255105|
0.056023210287094116,0.05154208093881607,0.04316004738211632
242.2679060074817,261.479698662248,337.01771095893463
Experiment 07-07_23:54
Epoch 0075 [Train seq (cond on sampled tp)] | Loss 1862363.860866 | MAPE 0.075141 | RMSE 81.353449 | Likelihood -1862360.330037 | KL fp 3.5308 | FP STD 0.2025|
Epoch 0075 [Val seq (cond on sampled tp)] |  MAPE 0.031983 | RMSE 73.055830 |
Epoch 0075 [Test seq (cond on sampled tp)] | MAPE 0.066874 | RMSE 291.473974|
0.061164095997810364,0.062328655272722244,0.0771280974149704
230.1861169521307,290.21309519902786,354.02270848774657
Experiment 07-07_23:54
Epoch 0076 [Train seq (cond on sampled tp)] | Loss 1863400.096332 | MAPE 0.068055 | RMSE 80.317105 | Likelihood -1863396.787233 | KL fp 3.3091 | FP STD 0.2139|
Epoch 0076 [Val seq (cond on sampled tp)] |  MAPE 0.027522 | RMSE 80.575278 |
Epoch 0076 [Test seq (cond on sampled tp)] | MAPE 0.046365 | RMSE 291.820752|
0.05128202959895134,0.042929552495479584,0.04488468915224075
259.9132818124153,275.4631043806048,340.08586921173304
Experiment 07-07_23:54
Epoch 0077 [Train seq (cond on sampled tp)] | Loss 1890536.542457 | MAPE 0.082318 | RMSE 85.204848 | Likelihood -1890533.082909 | KL fp 3.4595 | FP STD 0.2240|
Epoch 0077 [Val seq (cond on sampled tp)] |  MAPE 0.025243 | RMSE 74.431219 |
Epoch 0077 [Test seq (cond on sampled tp)] | MAPE 0.047749 | RMSE 270.299571|
0.05045844614505768,0.044945381581783295,0.047844044864177704
238.37629456911188,267.7158591678872,304.8065600713016
Experiment 07-07_23:54
Epoch 0078 [Train seq (cond on sampled tp)] | Loss 1861635.201765 | MAPE 0.066024 | RMSE 81.436551 | Likelihood -1861631.924960 | KL fp 3.2768 | FP STD 0.1957|
Epoch 0078 [Val seq (cond on sampled tp)] |  MAPE 0.032276 | RMSE 74.513127 |
Epoch 0078 [Test seq (cond on sampled tp)] | MAPE 0.069453 | RMSE 269.349781|
0.0705399289727211,0.06443699449300766,0.07338105887174606
224.41764044689089,266.5151408691446,317.1165622645717
Experiment 07-07_23:54
Epoch 0079 [Train seq (cond on sampled tp)] | Loss 1856129.401535 | MAPE 0.061341 | RMSE 79.330120 | Likelihood -1856125.898431 | KL fp 3.5031 | FP STD 0.1999|
Epoch 0079 [Val seq (cond on sampled tp)] |  MAPE 0.037548 | RMSE 77.691412 |
Epoch 0079 [Test seq (cond on sampled tp)] | MAPE 0.073301 | RMSE 276.903229|
0.07015234977006912,0.07321019470691681,0.07654038071632385
219.64415468548214,292.35450441202374,318.7110270291883
Experiment 07-07_23:54
Epoch 0080 [Train seq (cond on sampled tp)] | Loss 1860912.427257 | MAPE 0.067713 | RMSE 79.550406 | Likelihood -1860908.871966 | KL fp 3.5553 | FP STD 0.1653|
Epoch 0080 [Val seq (cond on sampled tp)] |  MAPE 0.034094 | RMSE 78.447889 |
Epoch 0080 [Test seq (cond on sampled tp)] | MAPE 0.061573 | RMSE 287.197919|
0.06828929483890533,0.05992850288748741,0.05650101602077484
245.94729967769518,283.17927184029554,332.4671858808024
Experiment 07-07_23:54
Epoch 0081 [Train seq (cond on sampled tp)] | Loss 1870080.727419 | MAPE 0.062238 | RMSE 82.453195 | Likelihood -1870077.359315 | KL fp 3.3681 | FP STD 0.2074|
Epoch 0081 [Val seq (cond on sampled tp)] |  MAPE 0.033587 | RMSE 76.407736 |
Epoch 0081 [Test seq (cond on sampled tp)] | MAPE 0.074032 | RMSE 308.001764|
0.07586056739091873,0.06729534268379211,0.07894036173820496
256.92932819649064,298.8680990420356,368.2078641881512
Experiment 07-07_23:54
Epoch 0082 [Train seq (cond on sampled tp)] | Loss 1951186.332090 | MAPE 0.066786 | RMSE 94.171548 | Likelihood -1951183.058165 | KL fp 3.2739 | FP STD 0.1779|
Epoch 0082 [Val seq (cond on sampled tp)] |  MAPE 0.026431 | RMSE 83.122257 |
Epoch 0082 [Test seq (cond on sampled tp)] | MAPE 0.048397 | RMSE 319.388352|
0.04323924332857132,0.04981018602848053,0.0521414652466774
254.7678017577967,309.62899926767193,393.76825354515313
Experiment 07-07_23:54
Epoch 0083 [Train seq (cond on sampled tp)] | Loss 1860435.908586 | MAPE 0.088021 | RMSE 80.793490 | Likelihood -1860432.282920 | KL fp 3.6257 | FP STD 0.1585|
Epoch 0083 [Val seq (cond on sampled tp)] |  MAPE 0.027331 | RMSE 82.086749 |
Epoch 0083 [Test seq (cond on sampled tp)] | MAPE 0.048101 | RMSE 282.271949|
0.05327484384179115,0.04786813631653786,0.043158598244190216
234.06557908522132,288.47546472793834,324.27480388938636
Experiment 07-07_23:54
Epoch 0084 [Train seq (cond on sampled tp)] | Loss 1847239.730546 | MAPE 0.059616 | RMSE 78.474313 | Likelihood -1847236.397705 | KL fp 3.3328 | FP STD 0.1962|
Epoch 0084 [Val seq (cond on sampled tp)] |  MAPE 0.028708 | RMSE 68.624658 |
Epoch 0084 [Test seq (cond on sampled tp)] | MAPE 0.062927 | RMSE 273.066271|
0.06835479289293289,0.05866485461592674,0.06176041439175606
229.14739218186622,245.60502463304778,344.4463968638662
Experiment 07-07_23:54
Epoch 0085 [Train seq (cond on sampled tp)] | Loss 1864791.950119 | MAPE 0.061432 | RMSE 82.128459 | Likelihood -1864788.879122 | KL fp 3.0710 | FP STD 0.2354|
Epoch 0085 [Val seq (cond on sampled tp)] |  MAPE 0.039477 | RMSE 76.953012 |
Epoch 0085 [Test seq (cond on sampled tp)] | MAPE 0.065623 | RMSE 262.578192|
0.06046808883547783,0.06572382897138596,0.07067853957414627
200.83947842431277,257.77744458641064,329.1176532601981
Experiment 07-07_23:54
Epoch 0086 [Train seq (cond on sampled tp)] | Loss 1887576.376045 | MAPE 0.071317 | RMSE 82.731888 | Likelihood -1887572.935312 | KL fp 3.4407 | FP STD 0.1955|
Epoch 0086 [Val seq (cond on sampled tp)] |  MAPE 0.024408 | RMSE 78.454742 |
Epoch 0086 [Test seq (cond on sampled tp)] | MAPE 0.045650 | RMSE 287.828685|
0.05034420266747475,0.04399583116173744,0.04260873794555664
246.14586948088322,279.7691291493756,337.5710573346003
0.05034420266747475,0.04399583116173744,0.04260873794555664
246.14586948088322,279.7691291493756,337.5710573346003
Epoch 0086 [Test seq (cond on sampled tp)] | Best Test MAPE 0.045650|Best Test RMSE 287.828685|
Experiment 07-07_23:54
Epoch 0087 [Train seq (cond on sampled tp)] | Loss 1870813.903001 | MAPE 0.059759 | RMSE 83.191417 | Likelihood -1870810.811282 | KL fp 3.0917 | FP STD 0.2256|
Epoch 0087 [Val seq (cond on sampled tp)] |  MAPE 0.025013 | RMSE 84.773048 |
Epoch 0087 [Test seq (cond on sampled tp)] | MAPE 0.050066 | RMSE 289.164208|
0.04709227383136749,0.04884914308786392,0.05425787717103958
229.36714904820175,283.07455400477096,355.05092064378596
Experiment 07-07_23:54
Epoch 0088 [Train seq (cond on sampled tp)] | Loss 1871385.749042 | MAPE 0.061317 | RMSE 83.554837 | Likelihood -1871382.796656 | KL fp 2.9524 | FP STD 0.2812|
Epoch 0088 [Val seq (cond on sampled tp)] |  MAPE 0.030318 | RMSE 85.225213 |
Epoch 0088 [Test seq (cond on sampled tp)] | MAPE 0.058564 | RMSE 276.038351|
0.0505421906709671,0.05705950781702995,0.06809066981077194
215.29983634747612,266.8415669924759,345.9736487436579
Experiment 07-07_23:54
Epoch 0089 [Train seq (cond on sampled tp)] | Loss 1861453.196138 | MAPE 0.071328 | RMSE 79.937368 | Likelihood -1861450.141644 | KL fp 3.0545 | FP STD 0.2733|
Epoch 0089 [Val seq (cond on sampled tp)] |  MAPE 0.026637 | RMSE 78.593859 |
Epoch 0089 [Test seq (cond on sampled tp)] | MAPE 0.044964 | RMSE 304.536470|
0.04776536673307419,0.044440511614084244,0.042687516659498215
234.29476126505688,305.18728880803667,374.1273596651279
0.04776536673307419,0.044440511614084244,0.042687516659498215
234.29476126505688,305.18728880803667,374.1273596651279
Epoch 0089 [Test seq (cond on sampled tp)] | Best Test MAPE 0.044964|Best Test RMSE 304.536470|
Experiment 07-07_23:54
Epoch 0090 [Train seq (cond on sampled tp)] | Loss 1871514.185747 | MAPE 0.062133 | RMSE 83.468240 | Likelihood -1871511.065131 | KL fp 3.1206 | FP STD 0.2362|
Epoch 0090 [Val seq (cond on sampled tp)] |  MAPE 0.026613 | RMSE 76.931226 |
Epoch 0090 [Test seq (cond on sampled tp)] | MAPE 0.050188 | RMSE 277.430926|
0.04501131922006607,0.04890475794672966,0.05664941668510437
208.81087248692296,272.8436050423392,350.6383018867163
Experiment 07-07_23:54
Epoch 0091 [Train seq (cond on sampled tp)] | Loss 1883230.620434 | MAPE 0.069195 | RMSE 83.693695 | Likelihood -1883227.657899 | KL fp 2.9625 | FP STD 0.2478|
Epoch 0091 [Val seq (cond on sampled tp)] |  MAPE 0.027674 | RMSE 80.929253 |
Epoch 0091 [Test seq (cond on sampled tp)] | MAPE 0.046114 | RMSE 265.516858|
0.04568128660321236,0.04318641871213913,0.04947514459490776
207.6404080676495,262.15659084791287,326.75357448312633
Experiment 07-07_23:54
Epoch 0092 [Train seq (cond on sampled tp)] | Loss 1887673.626566 | MAPE 0.093930 | RMSE 84.748333 | Likelihood -1887670.480876 | KL fp 3.1457 | FP STD 0.2431|
Epoch 0092 [Val seq (cond on sampled tp)] |  MAPE 0.027468 | RMSE 85.794250 |
Epoch 0092 [Test seq (cond on sampled tp)] | MAPE 0.044430 | RMSE 267.720622|
0.047125473618507385,0.04511329531669617,0.04105135053396225
220.30012376585265,270.97569655782786,311.88604689854276
0.047125473618507385,0.04511329531669617,0.04105135053396225
220.30012376585265,270.97569655782786,311.88604689854276
Epoch 0092 [Test seq (cond on sampled tp)] | Best Test MAPE 0.044430|Best Test RMSE 267.720622|
Experiment 07-07_23:54
Epoch 0093 [Train seq (cond on sampled tp)] | Loss 1889728.808347 | MAPE 0.072023 | RMSE 85.503048 | Likelihood -1889725.605039 | KL fp 3.2033 | FP STD 0.1722|
Epoch 0093 [Val seq (cond on sampled tp)] |  MAPE 0.028775 | RMSE 79.599234 |
Epoch 0093 [Test seq (cond on sampled tp)] | MAPE 0.053189 | RMSE 293.874384|
0.048531707376241684,0.05719859153032303,0.05383555591106415
240.01826102403126,291.99452852322423,349.6103634762562
Experiment 07-07_23:54
Epoch 0094 [Train seq (cond on sampled tp)] | Loss 1873886.005116 | MAPE 0.083690 | RMSE 82.407915 | Likelihood -1873882.857784 | KL fp 3.1473 | FP STD 0.2436|
Epoch 0094 [Val seq (cond on sampled tp)] |  MAPE 0.027071 | RMSE 81.516031 |
Epoch 0094 [Test seq (cond on sampled tp)] | MAPE 0.046042 | RMSE 291.960282|
0.04879311844706535,0.04574626684188843,0.043587081134319305
241.04567934574143,306.8906818803725,327.94448606052214
Experiment 07-07_23:54
Epoch 0095 [Train seq (cond on sampled tp)] | Loss 1839122.644701 | MAPE 0.065295 | RMSE 77.291682 | Likelihood -1839119.548643 | KL fp 3.0961 | FP STD 0.2147|
Epoch 0095 [Val seq (cond on sampled tp)] |  MAPE 0.025718 | RMSE 80.500406 |
Epoch 0095 [Test seq (cond on sampled tp)] | MAPE 0.050612 | RMSE 277.317720|
0.0518539696931839,0.04687919467687607,0.05310347303748131
226.89751093555435,262.6042501322094,342.45139938026244
Experiment 07-07_23:54
Epoch 0096 [Train seq (cond on sampled tp)] | Loss 1869190.712786 | MAPE 0.063370 | RMSE 81.633436 | Likelihood -1869187.389791 | KL fp 3.3230 | FP STD 0.1716|
Epoch 0096 [Val seq (cond on sampled tp)] |  MAPE 0.028470 | RMSE 82.078864 |
Epoch 0096 [Test seq (cond on sampled tp)] | MAPE 0.055603 | RMSE 287.185309|
0.04997190833091736,0.05775997042655945,0.059075869619846344
258.28215554892677,268.04522414603844,335.2285484374802
Experiment 07-07_23:54
Epoch 0097 [Train seq (cond on sampled tp)] | Loss 1870548.467196 | MAPE 0.072888 | RMSE 83.020929 | Likelihood -1870545.174087 | KL fp 3.2931 | FP STD 0.2034|
Epoch 0097 [Val seq (cond on sampled tp)] |  MAPE 0.027159 | RMSE 87.852788 |
Epoch 0097 [Test seq (cond on sampled tp)] | MAPE 0.050896 | RMSE 287.134776|
0.04895796626806259,0.0465925969183445,0.05713770166039467
252.1413758935649,256.4305613855338,352.83238982908017
Experiment 07-07_23:54
Epoch 0098 [Train seq (cond on sampled tp)] | Loss 1874982.617251 | MAPE 0.063804 | RMSE 84.171091 | Likelihood -1874979.296567 | KL fp 3.3207 | FP STD 0.1614|
Epoch 0098 [Val seq (cond on sampled tp)] |  MAPE 0.029151 | RMSE 84.075499 |
Epoch 0098 [Test seq (cond on sampled tp)] | MAPE 0.055633 | RMSE 286.233555|
0.05449724569916725,0.05240260809659958,0.05999784171581268
229.91555854813305,286.69478271761415,342.0903229594488
Experiment 07-07_23:54
Epoch 0099 [Train seq (cond on sampled tp)] | Loss 1877297.923375 | MAPE 0.078622 | RMSE 84.387995 | Likelihood -1877294.459911 | KL fp 3.4635 | FP STD 0.1672|
Epoch 0099 [Val seq (cond on sampled tp)] |  MAPE 0.026312 | RMSE 83.527933 |
Epoch 0099 [Test seq (cond on sampled tp)] | MAPE 0.048449 | RMSE 273.672951|
0.05071715638041496,0.04545643553137779,0.04917380213737488
224.91561785756454,262.6363485172987,333.4668860059421
Experiment 07-07_23:54
Epoch 0100 [Train seq (cond on sampled tp)] | Loss 1856965.836128 | MAPE 0.067306 | RMSE 81.342635 | Likelihood -1856962.263912 | KL fp 3.5722 | FP STD 0.1415|
Epoch 0100 [Val seq (cond on sampled tp)] |  MAPE 0.026834 | RMSE 83.128069 |
Epoch 0100 [Test seq (cond on sampled tp)] | MAPE 0.056696 | RMSE 286.576944|
0.05462462827563286,0.05120589956641197,0.06425785273313522
256.9300123574512,252.44070312402079,350.36011607701585
