/data2/yuanjingyang/CG-ODE/run_models_covid.py
run_models_covid.py --rec-layers 2 --encoder Cheb_cat
Namespace(save='experiments/', load=None, dataset='Dec', datapath='data/', pred_length=14, condition_length=21, features='Confirmed,Deaths,Recovered,Mortality_Rate,Testing_Rate,Population,Mobility', split_interval=3, feature_out='Deaths', niters=100, lr=0.005, batch_size=8, random_seed=1991, dropout=0.2, l2=1e-05, optimizer='AdamW', clip=10, edge_lamda=0.5, z0_encoder='GTrans', rec_dims=64, ode_dims=20, rec_layers=2, gen_layers=1, encoder='Cheb_cat', graf_layer=1, cheb_K=2, heavyBall=False, actv_h=None, gamma_guess=-3.0, gamma_act='sigmoid', corr=-100, corrf=True, sign=1, augment_dim=0, solver='rk4', rtol=0.01, atol=0.01, alias='run', output_dim=1, feature_out_index=[1], num_atoms=50)
run
Experiment 07-15_16:21
Epoch 0001 [Train seq (cond on sampled tp)] | Loss 4384634.721148 | MAPE 0.063757 | RMSE 285.906897 | Likelihood -4384632.945163 | KL fp 1.7760 | FP STD 0.8681 | ->nfe   52.00 | <-nfe   52.00
Epoch 0001 [Val seq (cond on sampled tp)] |  MAPE 0.057952 | RMSE 302.277152 |
Best Val!
Epoch 0001 [Test seq (cond on sampled tp)] | MAPE 0.116011 | RMSE 900.218674|
0.12731511890888214,0.11890750378370285,0.10180997848510742
844.9767378454865,931.5986931077136,924.080590370775
0.12731511890888214,0.11890750378370285,0.10180997848510742
844.9767378454865,931.5986931077136,924.080590370775
Epoch 0001 [Test seq (cond on sampled tp)] | Best Test MAPE 0.116011|Best Test RMSE 900.218674|
Experiment 07-15_16:21
Epoch 0002 [Train seq (cond on sampled tp)] | Loss 4101525.687583 | MAPE 0.115952 | RMSE 271.574841 | Likelihood -4101518.990342 | KL fp 6.6972 | FP STD 1.6680 | ->nfe   52.00 | <-nfe   52.00
Epoch 0002 [Val seq (cond on sampled tp)] |  MAPE 0.073597 | RMSE 266.975654 |
Epoch 0002 [Test seq (cond on sampled tp)] | MAPE 0.114092 | RMSE 838.847125|
0.11891166120767593,0.11877622455358505,0.1045868843793869
779.4966725394022,872.279019293712,864.7656835813965
0.11891166120767593,0.11877622455358505,0.1045868843793869
779.4966725394022,872.279019293712,864.7656835813965
Epoch 0002 [Test seq (cond on sampled tp)] | Best Test MAPE 0.114092|Best Test RMSE 838.847125|
Experiment 07-15_16:21
Epoch 0003 [Train seq (cond on sampled tp)] | Loss 3661863.594723 | MAPE 0.289572 | RMSE 246.921394 | Likelihood -3661850.178621 | KL fp 13.4161 | FP STD 1.9518 | ->nfe   52.00 | <-nfe   52.00
Epoch 0003 [Val seq (cond on sampled tp)] |  MAPE 0.115432 | RMSE 215.763723 |
Epoch 0003 [Test seq (cond on sampled tp)] | MAPE 0.140075 | RMSE 730.338993|
0.16015951335430145,0.13933633267879486,0.1207289844751358
668.4578801240958,761.6002888654914,760.9588113032137
Experiment 07-15_16:21
Epoch 0004 [Train seq (cond on sampled tp)] | Loss 3330970.068514 | MAPE 0.475127 | RMSE 225.301448 | Likelihood -3330956.927455 | KL fp 13.1411 | FP STD 1.5905 | ->nfe   52.00 | <-nfe   52.00
Epoch 0004 [Val seq (cond on sampled tp)] |  MAPE 0.082413 | RMSE 192.527068 |
Epoch 0004 [Test seq (cond on sampled tp)] | MAPE 0.102615 | RMSE 677.259039|
0.10994533449411392,0.10249221324920654,0.09540661424398422
599.2470536014341,718.7739778609129,713.7560857884156
0.10994533449411392,0.10249221324920654,0.09540661424398422
599.2470536014341,718.7739778609129,713.7560857884156
Epoch 0004 [Test seq (cond on sampled tp)] | Best Test MAPE 0.102615|Best Test RMSE 677.259039|
Experiment 07-15_16:21
Epoch 0005 [Train seq (cond on sampled tp)] | Loss 2968270.307860 | MAPE 0.299686 | RMSE 202.000632 | Likelihood -2968262.606755 | KL fp 7.7011 | FP STD 1.0609 | ->nfe   52.00 | <-nfe   52.00
Epoch 0005 [Val seq (cond on sampled tp)] |  MAPE 0.031708 | RMSE 160.866580 |
Best Val!
Epoch 0005 [Test seq (cond on sampled tp)] | MAPE 0.066538 | RMSE 597.825821|
0.07297360897064209,0.07047848403453827,0.05616101250052452
532.505839169863,636.971447554755,624.0001752804241
0.07297360897064209,0.07047848403453827,0.05616101250052452
532.505839169863,636.971447554755,624.0001752804241
Epoch 0005 [Test seq (cond on sampled tp)] | Best Test MAPE 0.066538|Best Test RMSE 597.825821|
Experiment 07-15_16:21
Epoch 0006 [Train seq (cond on sampled tp)] | Loss 2637676.366937 | MAPE 0.096468 | RMSE 175.818153 | Likelihood -2637669.490089 | KL fp 6.8768 | FP STD 0.7326 | ->nfe   52.00 | <-nfe   52.00
Epoch 0006 [Val seq (cond on sampled tp)] |  MAPE 0.030568 | RMSE 131.031388 |
Best Val!
Epoch 0006 [Test seq (cond on sampled tp)] | MAPE 0.061927 | RMSE 507.689671|
0.06648802757263184,0.06426318734884262,0.05503096431493759
428.1562214893064,544.5851632205931,550.3276296898058
0.06648802757263184,0.06426318734884262,0.05503096431493759
428.1562214893064,544.5851632205931,550.3276296898058
Epoch 0006 [Test seq (cond on sampled tp)] | Best Test MAPE 0.061927|Best Test RMSE 507.689671|
Experiment 07-15_16:21
Epoch 0007 [Train seq (cond on sampled tp)] | Loss 2372548.751206 | MAPE 0.041872 | RMSE 150.069165 | Likelihood -2372542.218184 | KL fp 6.5330 | FP STD 0.6063 | ->nfe   52.00 | <-nfe   52.00
Epoch 0007 [Val seq (cond on sampled tp)] |  MAPE 0.032624 | RMSE 115.873555 |
Epoch 0007 [Test seq (cond on sampled tp)] | MAPE 0.048599 | RMSE 440.312067|
0.04940501227974892,0.053897809237241745,0.04249443858861923
366.8422472603176,465.642382225888,488.4515712944324
0.04940501227974892,0.053897809237241745,0.04249443858861923
366.8422472603176,465.642382225888,488.4515712944324
Epoch 0007 [Test seq (cond on sampled tp)] | Best Test MAPE 0.048599|Best Test RMSE 440.312067|
Experiment 07-15_16:21
Epoch 0008 [Train seq (cond on sampled tp)] | Loss 2196049.764241 | MAPE 0.065297 | RMSE 129.848678 | Likelihood -2196044.135863 | KL fp 5.6284 | FP STD 0.5407 | ->nfe   52.00 | <-nfe   52.00
Epoch 0008 [Val seq (cond on sampled tp)] |  MAPE 0.038511 | RMSE 107.444117 |
Epoch 0008 [Test seq (cond on sampled tp)] | MAPE 0.059637 | RMSE 409.383869|
0.05782206356525421,0.0585508793592453,0.06253873556852341
345.1415583677225,434.9308853139772,448.07916432255587
Experiment 07-15_16:21
Epoch 0009 [Train seq (cond on sampled tp)] | Loss 2181994.517987 | MAPE 0.068727 | RMSE 128.626273 | Likelihood -2181989.885190 | KL fp 4.6328 | FP STD 0.4784 | ->nfe   52.00 | <-nfe   52.00
Epoch 0009 [Val seq (cond on sampled tp)] |  MAPE 0.039127 | RMSE 97.535646 |
Epoch 0009 [Test seq (cond on sampled tp)] | MAPE 0.060525 | RMSE 377.411331|
0.062382638454437256,0.0645713284611702,0.05462136119604111
309.12688282887984,406.5983890769859,416.508722147568
Experiment 07-15_16:21
Epoch 0010 [Train seq (cond on sampled tp)] | Loss 2083225.665675 | MAPE 0.087667 | RMSE 115.637635 | Likelihood -2083221.164525 | KL fp 4.5012 | FP STD 0.3902 | ->nfe   52.00 | <-nfe   52.00
Epoch 0010 [Val seq (cond on sampled tp)] |  MAPE 0.039507 | RMSE 109.493534 |
Epoch 0010 [Test seq (cond on sampled tp)] | MAPE 0.057750 | RMSE 374.963703|
0.060979507863521576,0.05915038287639618,0.05311992019414902
319.80284453863135,398.83888116004937,406.24938461491854
Experiment 07-15_16:21
Epoch 0011 [Train seq (cond on sampled tp)] | Loss 2071823.475406 | MAPE 0.064125 | RMSE 114.311493 | Likelihood -2071819.419238 | KL fp 4.0562 | FP STD 0.3895 | ->nfe   52.00 | <-nfe   52.00
Epoch 0011 [Val seq (cond on sampled tp)] |  MAPE 0.039172 | RMSE 89.699487 |
Epoch 0011 [Test seq (cond on sampled tp)] | MAPE 0.052482 | RMSE 346.627272|
0.055357564240694046,0.05484820902347565,0.047240257263183594
287.8245315074794,374.1085654592795,377.94871923979315
Experiment 07-15_16:21
Epoch 0012 [Train seq (cond on sampled tp)] | Loss 2037564.491781 | MAPE 0.072547 | RMSE 109.145755 | Likelihood -2037560.046554 | KL fp 4.4452 | FP STD 0.2794 | ->nfe   52.00 | <-nfe   52.00
Epoch 0012 [Val seq (cond on sampled tp)] |  MAPE 0.033432 | RMSE 103.567196 |
Epoch 0012 [Test seq (cond on sampled tp)] | MAPE 0.072477 | RMSE 354.303069|
0.06945940107107162,0.0695546492934227,0.07841765880584717
289.7999309868793,377.8550275899475,395.25424966089867
Experiment 07-15_16:21
Epoch 0013 [Train seq (cond on sampled tp)] | Loss 2055817.520985 | MAPE 0.039869 | RMSE 112.503422 | Likelihood -2055813.409531 | KL fp 4.1115 | FP STD 0.3663 | ->nfe   52.00 | <-nfe   52.00
Epoch 0013 [Val seq (cond on sampled tp)] |  MAPE 0.028001 | RMSE 97.227539 |
Best Val!
Epoch 0013 [Test seq (cond on sampled tp)] | MAPE 0.057342 | RMSE 352.821843|
0.057236358523368835,0.06333485245704651,0.051456253975629807
278.48385556886416,384.06560718840734,395.91606591549174
Experiment 07-15_16:21
Epoch 0014 [Train seq (cond on sampled tp)] | Loss 2058128.439104 | MAPE 0.038809 | RMSE 112.931783 | Likelihood -2058124.522720 | KL fp 3.9164 | FP STD 0.3506 | ->nfe   52.00 | <-nfe   52.00
Epoch 0014 [Val seq (cond on sampled tp)] |  MAPE 0.026031 | RMSE 92.940558 |
Best Val!
Epoch 0014 [Test seq (cond on sampled tp)] | MAPE 0.054019 | RMSE 326.610141|
0.056517694145441055,0.05661734566092491,0.048922348767519
261.40895284018103,354.0611153988814,364.36035562338554
Experiment 07-15_16:21
Epoch 0015 [Train seq (cond on sampled tp)] | Loss 2055664.657554 | MAPE 0.032410 | RMSE 111.659573 | Likelihood -2055660.829732 | KL fp 3.8278 | FP STD 0.3424 | ->nfe   52.00 | <-nfe   52.00
Epoch 0015 [Val seq (cond on sampled tp)] |  MAPE 0.029148 | RMSE 101.181174 |
Epoch 0015 [Test seq (cond on sampled tp)] | MAPE 0.061321 | RMSE 329.438711|
0.06786415725946426,0.05940916761755943,0.056690506637096405
292.0322381604469,335.21014863813417,361.07374593010775
Experiment 07-15_16:21
Epoch 0016 [Train seq (cond on sampled tp)] | Loss 2035595.053259 | MAPE 0.046947 | RMSE 109.284591 | Likelihood -2035591.550740 | KL fp 3.5025 | FP STD 0.4026 | ->nfe   52.00 | <-nfe   52.00
Epoch 0016 [Val seq (cond on sampled tp)] |  MAPE 0.032684 | RMSE 97.087745 |
Epoch 0016 [Test seq (cond on sampled tp)] | MAPE 0.055422 | RMSE 289.099595|
0.05631951987743378,0.053632933646440506,0.05631397292017937
238.55079221991699,289.0649256654982,339.68306689839574
Experiment 07-15_16:21
Epoch 0017 [Train seq (cond on sampled tp)] | Loss 2025176.554906 | MAPE 0.058462 | RMSE 107.187371 | Likelihood -2025172.636221 | KL fp 3.9187 | FP STD 0.3832 | ->nfe   52.00 | <-nfe   52.00
Epoch 0017 [Val seq (cond on sampled tp)] |  MAPE 0.044446 | RMSE 99.854816 |
Epoch 0017 [Test seq (cond on sampled tp)] | MAPE 0.069140 | RMSE 352.093604|
0.0730329304933548,0.0701824203133583,0.06420408189296722
297.9657724680806,387.7487709522752,370.5662685337131
Experiment 07-15_16:21
Epoch 0018 [Train seq (cond on sampled tp)] | Loss 2097687.379023 | MAPE 0.073229 | RMSE 118.519224 | Likelihood -2097683.959454 | KL fp 3.4196 | FP STD 0.3853 | ->nfe   52.00 | <-nfe   52.00
Epoch 0018 [Val seq (cond on sampled tp)] |  MAPE 0.025424 | RMSE 83.658593 |
Best Val!
Epoch 0018 [Test seq (cond on sampled tp)] | MAPE 0.050419 | RMSE 315.849039|
0.05197611823678017,0.04966939985752106,0.04961182549595833
247.2812875173736,339.2071638394449,361.05866472776967
Experiment 07-15_16:21
Epoch 0019 [Train seq (cond on sampled tp)] | Loss 2014434.268371 | MAPE 0.082818 | RMSE 106.514128 | Likelihood -2014431.039478 | KL fp 3.2289 | FP STD 0.4066 | ->nfe   52.00 | <-nfe   52.00
Epoch 0019 [Val seq (cond on sampled tp)] |  MAPE 0.053444 | RMSE 80.685467 |
Epoch 0019 [Test seq (cond on sampled tp)] | MAPE 0.057306 | RMSE 302.242345|
0.0668502151966095,0.05628492683172226,0.048783574253320694
248.53478441155877,327.0858306698717,331.10641935411036
Experiment 07-15_16:21
Epoch 0020 [Train seq (cond on sampled tp)] | Loss 2023846.608438 | MAPE 0.178790 | RMSE 107.148415 | Likelihood -2023843.556230 | KL fp 3.0522 | FP STD 0.3486 | ->nfe   52.00 | <-nfe   52.00
Epoch 0020 [Val seq (cond on sampled tp)] |  MAPE 0.039527 | RMSE 102.177675 |
Epoch 0020 [Test seq (cond on sampled tp)] | MAPE 0.063469 | RMSE 316.909751|
0.06758012622594833,0.0669957771897316,0.05583217367529869
282.5530232319237,334.8130658479445,333.3631653317445
Experiment 07-15_16:21
Epoch 0021 [Train seq (cond on sampled tp)] | Loss 2033782.193203 | MAPE 0.081136 | RMSE 107.748358 | Likelihood -2033779.197664 | KL fp 2.9955 | FP STD 0.3836 | ->nfe   52.00 | <-nfe   52.00
Epoch 0021 [Val seq (cond on sampled tp)] |  MAPE 0.028977 | RMSE 97.321080 |
Epoch 0021 [Test seq (cond on sampled tp)] | MAPE 0.061750 | RMSE 308.086183|
0.0690780058503151,0.06406998634338379,0.052101749926805496
262.0576779308326,343.9228996991913,318.2779715712352
Experiment 07-15_16:21
Epoch 0022 [Train seq (cond on sampled tp)] | Loss 1965421.992226 | MAPE 0.061369 | RMSE 96.312008 | Likelihood -1965419.046418 | KL fp 2.9458 | FP STD 0.3993 | ->nfe   52.00 | <-nfe   52.00
Epoch 0022 [Val seq (cond on sampled tp)] |  MAPE 0.036596 | RMSE 118.389655 |
Epoch 0022 [Test seq (cond on sampled tp)] | MAPE 0.053012 | RMSE 310.085982|
0.061702661216259,0.05714279040694237,0.04018956050276756
293.72295088228975,332.5637156997137,303.9712799961536
Experiment 07-15_16:21
Epoch 0023 [Train seq (cond on sampled tp)] | Loss 2036860.884677 | MAPE 0.051313 | RMSE 105.432341 | Likelihood -2036858.058523 | KL fp 2.8262 | FP STD 0.4375 | ->nfe   52.00 | <-nfe   52.00
Epoch 0023 [Val seq (cond on sampled tp)] |  MAPE 0.046536 | RMSE 106.362918 |
Epoch 0023 [Test seq (cond on sampled tp)] | MAPE 0.055596 | RMSE 273.671219|
0.060884758830070496,0.05377097800374031,0.05213119089603424
227.02673988982002,277.3765491168999,316.6103678024458
Experiment 07-15_16:21
Epoch 0024 [Train seq (cond on sampled tp)] | Loss 1980050.523107 | MAPE 0.131241 | RMSE 98.151206 | Likelihood -1980047.207398 | KL fp 3.3157 | FP STD 0.4068 | ->nfe   52.00 | <-nfe   52.00
Epoch 0024 [Val seq (cond on sampled tp)] |  MAPE 0.030360 | RMSE 90.654920 |
Epoch 0024 [Test seq (cond on sampled tp)] | MAPE 0.044652 | RMSE 308.882629|
0.04313253238797188,0.05318766087293625,0.03763725608587265
249.80342271474183,337.6683376480537,339.1761272738693
0.04313253238797188,0.05318766087293625,0.03763725608587265
249.80342271474183,337.6683376480537,339.1761272738693
Epoch 0024 [Test seq (cond on sampled tp)] | Best Test MAPE 0.044652|Best Test RMSE 308.882629|
Experiment 07-15_16:21
Epoch 0025 [Train seq (cond on sampled tp)] | Loss 2029588.562326 | MAPE 0.153865 | RMSE 108.422681 | Likelihood -2029585.449163 | KL fp 3.1132 | FP STD 0.3132 | ->nfe   52.00 | <-nfe   52.00
Epoch 0025 [Val seq (cond on sampled tp)] |  MAPE 0.028002 | RMSE 94.812670 |
Epoch 0025 [Test seq (cond on sampled tp)] | MAPE 0.057367 | RMSE 303.717255|
0.06620233505964279,0.057524919509887695,0.04837501794099808
253.00093410153647,323.2679930220435,334.8828386540582
Experiment 07-15_16:21
Epoch 0026 [Train seq (cond on sampled tp)] | Loss 1981922.980529 | MAPE 0.074167 | RMSE 100.083987 | Likelihood -1981919.928697 | KL fp 3.0518 | FP STD 0.3661 | ->nfe   52.00 | <-nfe   52.00
Epoch 0026 [Val seq (cond on sampled tp)] |  MAPE 0.042182 | RMSE 80.204034 |
Epoch 0026 [Test seq (cond on sampled tp)] | MAPE 0.049963 | RMSE 271.739901|
0.052652470767498016,0.050343871116638184,0.04689238592982292
201.2447398380887,303.4109347279692,310.56402822123493
Experiment 07-15_16:21
Epoch 0027 [Train seq (cond on sampled tp)] | Loss 1971442.679609 | MAPE 0.093091 | RMSE 99.528888 | Likelihood -1971439.513931 | KL fp 3.1657 | FP STD 0.2925 | ->nfe   52.00 | <-nfe   52.00
Epoch 0027 [Val seq (cond on sampled tp)] |  MAPE 0.034491 | RMSE 85.275908 |
Epoch 0027 [Test seq (cond on sampled tp)] | MAPE 0.051135 | RMSE 273.936009|
0.05825135111808777,0.053149040788412094,0.04200482368469238
203.32840776991787,296.3808123639248,322.09880568701277
Experiment 07-15_16:21
Epoch 0028 [Train seq (cond on sampled tp)] | Loss 2033491.183987 | MAPE 0.137982 | RMSE 107.838627 | Likelihood -2033488.071291 | KL fp 3.1127 | FP STD 0.3932 | ->nfe   52.00 | <-nfe   52.00
Epoch 0028 [Val seq (cond on sampled tp)] |  MAPE 0.028452 | RMSE 86.440536 |
Epoch 0028 [Test seq (cond on sampled tp)] | MAPE 0.060631 | RMSE 288.376143|
0.07020359486341476,0.06605473160743713,0.04563433676958084
248.10658779292822,300.34633654333123,316.6755042626442
Experiment 07-15_16:21
Epoch 0029 [Train seq (cond on sampled tp)] | Loss 2008064.011381 | MAPE 0.045183 | RMSE 104.659708 | Likelihood -2008060.836142 | KL fp 3.1752 | FP STD 0.2992 | ->nfe   52.00 | <-nfe   52.00
Epoch 0029 [Val seq (cond on sampled tp)] |  MAPE 0.039699 | RMSE 95.261969 |
Epoch 0029 [Test seq (cond on sampled tp)] | MAPE 0.049172 | RMSE 260.175416|
0.05279984325170517,0.04525679349899292,0.04945872351527214
219.99428259616204,278.6891609616348,281.8428058111472
Experiment 07-15_16:21
Epoch 0030 [Train seq (cond on sampled tp)] | Loss 1975688.052999 | MAPE 0.064177 | RMSE 100.268183 | Likelihood -1975685.247749 | KL fp 2.8052 | FP STD 0.3195 | ->nfe   52.00 | <-nfe   52.00
Epoch 0030 [Val seq (cond on sampled tp)] |  MAPE 0.036020 | RMSE 82.962185 |
Epoch 0030 [Test seq (cond on sampled tp)] | MAPE 0.049115 | RMSE 280.958082|
0.0554538331925869,0.047288522124290466,0.0446036234498024
228.16548442139535,302.16802548416666,312.54073484507586
Experiment 07-15_16:21
Epoch 0031 [Train seq (cond on sampled tp)] | Loss 1965118.660877 | MAPE 0.067367 | RMSE 95.605362 | Likelihood -1965115.504527 | KL fp 3.1564 | FP STD 0.3269 | ->nfe   52.00 | <-nfe   52.00
Epoch 0031 [Val seq (cond on sampled tp)] |  MAPE 0.027317 | RMSE 102.638759 |
Epoch 0031 [Test seq (cond on sampled tp)] | MAPE 0.052921 | RMSE 300.471281|
0.05551384761929512,0.052669208496809006,0.05057957395911217
248.58636263379373,352.57169040494443,300.25578939047955
Experiment 07-15_16:21
Epoch 0032 [Train seq (cond on sampled tp)] | Loss 1940670.420405 | MAPE 0.073817 | RMSE 93.392536 | Likelihood -1940667.191625 | KL fp 3.2288 | FP STD 0.2810 | ->nfe   52.00 | <-nfe   52.00
Epoch 0032 [Val seq (cond on sampled tp)] |  MAPE 0.028416 | RMSE 91.073706 |
Epoch 0032 [Test seq (cond on sampled tp)] | MAPE 0.047618 | RMSE 279.809835|
0.0594334714114666,0.047103650867938995,0.03631768003106117
244.6791106480077,319.930241419907,274.82015426001783
Experiment 07-15_16:21
Epoch 0033 [Train seq (cond on sampled tp)] | Loss 1950704.186504 | MAPE 0.074771 | RMSE 95.577312 | Likelihood -1950701.245247 | KL fp 2.9413 | FP STD 0.3136 | ->nfe   52.00 | <-nfe   52.00
Epoch 0033 [Val seq (cond on sampled tp)] |  MAPE 0.025889 | RMSE 88.134225 |
Epoch 0033 [Test seq (cond on sampled tp)] | MAPE 0.048345 | RMSE 286.089795|
0.059641532599925995,0.05095433071255684,0.03443828597664833
248.7432552477554,309.1073589790447,300.41877021917253
Experiment 07-15_16:21
Epoch 0034 [Train seq (cond on sampled tp)] | Loss 1979691.087275 | MAPE 0.048049 | RMSE 98.107007 | Likelihood -1979687.989237 | KL fp 3.0980 | FP STD 0.3004 | ->nfe   52.00 | <-nfe   52.00
Epoch 0034 [Val seq (cond on sampled tp)] |  MAPE 0.024162 | RMSE 106.263211 |
Best Val!
Epoch 0034 [Test seq (cond on sampled tp)] | MAPE 0.059991 | RMSE 335.027354|
0.06448602676391602,0.06313318014144897,0.05235294997692108
303.16025568171034,367.14898202228477,334.7728240912037
Experiment 07-15_16:21
Epoch 0035 [Train seq (cond on sampled tp)] | Loss 1991030.618994 | MAPE 0.081347 | RMSE 101.925322 | Likelihood -1991027.757885 | KL fp 2.8611 | FP STD 0.3599 | ->nfe   52.00 | <-nfe   52.00
Epoch 0035 [Val seq (cond on sampled tp)] |  MAPE 0.033212 | RMSE 83.821431 |
Epoch 0035 [Test seq (cond on sampled tp)] | MAPE 0.040486 | RMSE 280.150590|
0.03805859759449959,0.04612831026315689,0.03727205842733383
237.2054999757594,307.2502034173452,295.9960673302941
0.03805859759449959,0.04612831026315689,0.03727205842733383
237.2054999757594,307.2502034173452,295.9960673302941
Epoch 0035 [Test seq (cond on sampled tp)] | Best Test MAPE 0.040486|Best Test RMSE 280.150590|
Experiment 07-15_16:21
Epoch 0036 [Train seq (cond on sampled tp)] | Loss 1955047.442495 | MAPE 0.082899 | RMSE 96.079630 | Likelihood -1955044.591426 | KL fp 2.8511 | FP STD 0.3237 | ->nfe   52.00 | <-nfe   52.00
Epoch 0036 [Val seq (cond on sampled tp)] |  MAPE 0.028390 | RMSE 90.404465 |
Epoch 0036 [Test seq (cond on sampled tp)] | MAPE 0.055127 | RMSE 226.995292|
0.05360298603773117,0.05626268312335014,0.05551493540406227
185.07272641450982,239.62707028317982,256.2860797770726
Experiment 07-15_16:21
Epoch 0037 [Train seq (cond on sampled tp)] | Loss 1956470.899093 | MAPE 0.047763 | RMSE 94.669936 | Likelihood -1956468.274365 | KL fp 2.6247 | FP STD 0.4190 | ->nfe   52.00 | <-nfe   52.00
Epoch 0037 [Val seq (cond on sampled tp)] |  MAPE 0.035533 | RMSE 85.392039 |
Epoch 0037 [Test seq (cond on sampled tp)] | MAPE 0.059834 | RMSE 241.640842|
0.06351235508918762,0.059015434235334396,0.0569731667637825
206.79458406834547,250.98457684188486,267.14336623805576
Experiment 07-15_16:21
Epoch 0038 [Train seq (cond on sampled tp)] | Loss 1977746.308295 | MAPE 0.070933 | RMSE 96.273233 | Likelihood -1977743.105131 | KL fp 3.2032 | FP STD 0.2651 | ->nfe   52.00 | <-nfe   52.00
Epoch 0038 [Val seq (cond on sampled tp)] |  MAPE 0.032288 | RMSE 101.108963 |
Epoch 0038 [Test seq (cond on sampled tp)] | MAPE 0.051188 | RMSE 302.424938|
0.0556933619081974,0.05887901037931442,0.03899042308330536
300.5375132574967,326.5799098230018,280.1573915899775
Experiment 07-15_16:21
Epoch 0039 [Train seq (cond on sampled tp)] | Loss 1973927.820255 | MAPE 0.044691 | RMSE 99.867605 | Likelihood -1973925.135285 | KL fp 2.6850 | FP STD 0.3387 | ->nfe   52.00 | <-nfe   52.00
Epoch 0039 [Val seq (cond on sampled tp)] |  MAPE 0.031709 | RMSE 89.722832 |
Epoch 0039 [Test seq (cond on sampled tp)] | MAPE 0.048162 | RMSE 277.283922|
0.05279682204127312,0.05173112452030182,0.039958130568265915
252.15080278228345,312.9915009828542,266.7094627117681
Experiment 07-15_16:21
Epoch 0040 [Train seq (cond on sampled tp)] | Loss 1947041.919374 | MAPE 0.045511 | RMSE 94.427021 | Likelihood -1947039.197802 | KL fp 2.7216 | FP STD 0.3300 | ->nfe   52.00 | <-nfe   52.00
Epoch 0040 [Val seq (cond on sampled tp)] |  MAPE 0.032021 | RMSE 81.549391 |
Epoch 0040 [Test seq (cond on sampled tp)] | MAPE 0.058242 | RMSE 266.899816|
0.0625515729188919,0.056263040751218796,0.055911436676979065
226.48699603950774,281.355258081309,292.85719376088406
Experiment 07-15_16:21
Epoch 0041 [Train seq (cond on sampled tp)] | Loss 1956650.866294 | MAPE 0.083248 | RMSE 94.651208 | Likelihood -1956647.914334 | KL fp 2.9520 | FP STD 0.3430 | ->nfe   52.00 | <-nfe   52.00
Epoch 0041 [Val seq (cond on sampled tp)] |  MAPE 0.024670 | RMSE 101.693944 |
Epoch 0041 [Test seq (cond on sampled tp)] | MAPE 0.041929 | RMSE 324.133502|
0.04751588776707649,0.045789316296577454,0.03248317167162895
305.5948860419624,348.65845572709117,318.1471627839859
Experiment 07-15_16:21
Epoch 0042 [Train seq (cond on sampled tp)] | Loss 1975197.338510 | MAPE 0.105897 | RMSE 98.201388 | Likelihood -1975194.135824 | KL fp 3.2027 | FP STD 0.2488 | ->nfe   52.00 | <-nfe   52.00
Epoch 0042 [Val seq (cond on sampled tp)] |  MAPE 0.030630 | RMSE 87.216779 |
Epoch 0042 [Test seq (cond on sampled tp)] | MAPE 0.047383 | RMSE 288.242076|
0.05306193232536316,0.05047047510743141,0.03861749917268753
263.4881994511329,298.4609480317316,302.77708126194096
Experiment 07-15_16:21
Epoch 0043 [Train seq (cond on sampled tp)] | Loss 1959934.433460 | MAPE 0.052811 | RMSE 95.247453 | Likelihood -1959931.774311 | KL fp 2.6591 | FP STD 0.3711 | ->nfe   52.00 | <-nfe   52.00
Epoch 0043 [Val seq (cond on sampled tp)] |  MAPE 0.054596 | RMSE 88.075526 |
Epoch 0043 [Test seq (cond on sampled tp)] | MAPE 0.069816 | RMSE 257.435609|
0.07182340323925018,0.06998316943645477,0.06764072924852371
201.7920108056808,275.57878013827553,294.9360364977464
Experiment 07-15_16:21
Epoch 0044 [Train seq (cond on sampled tp)] | Loss 1954358.299382 | MAPE 0.191449 | RMSE 94.158914 | Likelihood -1954355.319616 | KL fp 2.9798 | FP STD 0.3014 | ->nfe   52.00 | <-nfe   52.00
Epoch 0044 [Val seq (cond on sampled tp)] |  MAPE 0.041067 | RMSE 96.389524 |
Epoch 0044 [Test seq (cond on sampled tp)] | MAPE 0.053563 | RMSE 308.009139|
0.05925709754228592,0.05151233449578285,0.049918316304683685
277.0729963610673,334.5558623010513,312.39855853540683
Experiment 07-15_16:21
Epoch 0045 [Train seq (cond on sampled tp)] | Loss 2010063.372674 | MAPE 0.195084 | RMSE 103.785749 | Likelihood -2010060.504924 | KL fp 2.8678 | FP STD 0.3418 | ->nfe   52.00 | <-nfe   52.00
Epoch 0045 [Val seq (cond on sampled tp)] |  MAPE 0.031370 | RMSE 97.857293 |
Epoch 0045 [Test seq (cond on sampled tp)] | MAPE 0.050725 | RMSE 275.754294|
0.055520933121442795,0.05613039433956146,0.04052439704537392
240.35375946196473,304.5614162201115,282.34770507744526
Experiment 07-15_16:21
Epoch 0046 [Train seq (cond on sampled tp)] | Loss 1971877.553603 | MAPE 0.068123 | RMSE 98.036092 | Likelihood -1971875.054550 | KL fp 2.4991 | FP STD 0.3328 | ->nfe   52.00 | <-nfe   52.00
Epoch 0046 [Val seq (cond on sampled tp)] |  MAPE 0.052814 | RMSE 96.006378 |
Epoch 0046 [Test seq (cond on sampled tp)] | MAPE 0.074630 | RMSE 257.781106|
0.07785409688949585,0.07602991163730621,0.07000497728586197
220.08496228729487,272.261693389834,280.9966636812615
Experiment 07-15_16:21
Epoch 0047 [Train seq (cond on sampled tp)] | Loss 2016575.142973 | MAPE 0.152263 | RMSE 101.381952 | Likelihood -2016571.793940 | KL fp 3.3490 | FP STD 0.2629 | ->nfe   52.00 | <-nfe   52.00
Epoch 0047 [Val seq (cond on sampled tp)] |  MAPE 0.025068 | RMSE 139.888216 |
Epoch 0047 [Test seq (cond on sampled tp)] | MAPE 0.058604 | RMSE 418.168901|
0.06293695420026779,0.06333212554454803,0.04954177141189575
407.77900724534607,443.2407465193154,403.4869499128813
Experiment 07-15_16:21
Epoch 0048 [Train seq (cond on sampled tp)] | Loss 2057465.832496 | MAPE 0.113144 | RMSE 113.527722 | Likelihood -2057463.158982 | KL fp 2.6735 | FP STD 0.2698 | ->nfe   52.00 | <-nfe   52.00
Epoch 0048 [Val seq (cond on sampled tp)] |  MAPE 0.051355 | RMSE 88.199727 |
Epoch 0048 [Test seq (cond on sampled tp)] | MAPE 0.059692 | RMSE 254.544202|
0.06899143010377884,0.055781591683626175,0.0543024055659771
211.10771835724054,271.775930225618,280.7489564762441
Experiment 07-15_16:21
Epoch 0049 [Train seq (cond on sampled tp)] | Loss 1952283.106126 | MAPE 0.156751 | RMSE 94.390441 | Likelihood -1952280.146762 | KL fp 2.9594 | FP STD 0.2587 | ->nfe   52.00 | <-nfe   52.00
Epoch 0049 [Val seq (cond on sampled tp)] |  MAPE 0.033873 | RMSE 105.317382 |
Epoch 0049 [Test seq (cond on sampled tp)] | MAPE 0.061245 | RMSE 282.820529|
0.07073336839675903,0.06134655326604843,0.0516538992524147
264.71528041935926,299.4157461832961,284.330559714393
Experiment 07-15_16:21
Epoch 0050 [Train seq (cond on sampled tp)] | Loss 1958837.420584 | MAPE 0.086796 | RMSE 96.214939 | Likelihood -1958834.842722 | KL fp 2.5779 | FP STD 0.3836 | ->nfe   52.00 | <-nfe   52.00
Epoch 0050 [Val seq (cond on sampled tp)] |  MAPE 0.034020 | RMSE 102.129743 |
Epoch 0050 [Test seq (cond on sampled tp)] | MAPE 0.063165 | RMSE 327.672784|
0.07240591198205948,0.06254221498966217,0.05454695224761963
301.33471319282154,344.6567586019459,337.0268790282164
Experiment 07-15_16:21
Epoch 0051 [Train seq (cond on sampled tp)] | Loss 1961770.873912 | MAPE 0.097640 | RMSE 98.536192 | Likelihood -1961768.208416 | KL fp 2.6655 | FP STD 0.3166 | ->nfe   52.00 | <-nfe   52.00
Epoch 0051 [Val seq (cond on sampled tp)] |  MAPE 0.032449 | RMSE 96.755173 |
Epoch 0051 [Test seq (cond on sampled tp)] | MAPE 0.061737 | RMSE 293.613254|
0.06637053936719894,0.058368172496557236,0.06047099083662033
272.95818704519564,286.2109962510176,321.67057829011964
Experiment 07-15_16:21
Epoch 0052 [Train seq (cond on sampled tp)] | Loss 1935499.239430 | MAPE 0.104543 | RMSE 93.226961 | Likelihood -1935496.378753 | KL fp 2.8607 | FP STD 0.2527 | ->nfe   52.00 | <-nfe   52.00
Epoch 0052 [Val seq (cond on sampled tp)] |  MAPE 0.035379 | RMSE 100.067341 |
Epoch 0052 [Test seq (cond on sampled tp)] | MAPE 0.064870 | RMSE 288.967945|
0.06760383397340775,0.0657728835940361,0.061232827603816986
264.66790807066127,296.84377467364885,305.3921531203773
Experiment 07-15_16:21
Epoch 0053 [Train seq (cond on sampled tp)] | Loss 1950177.897479 | MAPE 0.115531 | RMSE 92.794848 | Likelihood -1950174.771301 | KL fp 3.1262 | FP STD 0.2522 | ->nfe   52.00 | <-nfe   52.00
Epoch 0053 [Val seq (cond on sampled tp)] |  MAPE 0.040235 | RMSE 113.841279 |
Epoch 0053 [Test seq (cond on sampled tp)] | MAPE 0.066353 | RMSE 299.119582|
0.07481849193572998,0.06742308288812637,0.05681729316711426
281.2399164859071,328.22218798780193,287.8966421521793
Experiment 07-15_16:21
Epoch 0054 [Train seq (cond on sampled tp)] | Loss 1963496.422369 | MAPE 0.084423 | RMSE 96.628157 | Likelihood -1963493.588327 | KL fp 2.8340 | FP STD 0.2734 | ->nfe   52.00 | <-nfe   52.00
Epoch 0054 [Val seq (cond on sampled tp)] |  MAPE 0.044248 | RMSE 94.987653 |
Epoch 0054 [Test seq (cond on sampled tp)] | MAPE 0.047333 | RMSE 309.418993|
0.053608980029821396,0.04340808466076851,0.04498051479458809
288.5035474218645,350.530334814264,289.2230972795914
Experiment 07-15_16:21
Epoch 0055 [Train seq (cond on sampled tp)] | Loss 1970382.475567 | MAPE 0.138994 | RMSE 97.711394 | Likelihood -1970379.738390 | KL fp 2.7372 | FP STD 0.2664 | ->nfe   52.00 | <-nfe   52.00
Epoch 0055 [Val seq (cond on sampled tp)] |  MAPE 0.046200 | RMSE 97.834343 |
Epoch 0055 [Test seq (cond on sampled tp)] | MAPE 0.053738 | RMSE 281.538379|
0.06299510598182678,0.045991022139787674,0.0522269606590271
248.37529881713277,302.28852370293515,293.95131399604253
Experiment 07-15_16:21
Epoch 0056 [Train seq (cond on sampled tp)] | Loss 2010710.825149 | MAPE 0.222937 | RMSE 102.055520 | Likelihood -2010708.248405 | KL fp 2.5767 | FP STD 0.5579 | ->nfe   52.00 | <-nfe   52.00
Epoch 0056 [Val seq (cond on sampled tp)] |  MAPE 0.037883 | RMSE 117.475550 |
Epoch 0056 [Test seq (cond on sampled tp)] | MAPE 0.055433 | RMSE 365.569562|
0.06837423890829086,0.05327705293893814,0.044647302478551865
328.7399832124167,394.8795504644423,373.0891523818402
Experiment 07-15_16:21
Epoch 0057 [Train seq (cond on sampled tp)] | Loss 2012358.844386 | MAPE 0.121586 | RMSE 106.521257 | Likelihood -2012356.331334 | KL fp 2.5131 | FP STD 0.3032 | ->nfe   52.00 | <-nfe   52.00
Epoch 0057 [Val seq (cond on sampled tp)] |  MAPE 0.040209 | RMSE 98.356936 |
Epoch 0057 [Test seq (cond on sampled tp)] | MAPE 0.048023 | RMSE 327.085324|
0.050822630524635315,0.0485992506146431,0.044646576046943665
299.57399440705797,353.62061458927985,328.06136287667283
Experiment 07-15_16:21
Epoch 0058 [Train seq (cond on sampled tp)] | Loss 2044752.801630 | MAPE 0.125753 | RMSE 110.249787 | Likelihood -2044750.288101 | KL fp 2.5135 | FP STD 0.2742 | ->nfe   52.00 | <-nfe   52.00
Epoch 0058 [Val seq (cond on sampled tp)] |  MAPE 0.049950 | RMSE 115.013030 |
Epoch 0058 [Test seq (cond on sampled tp)] | MAPE 0.059931 | RMSE 323.136412|
0.06626348197460175,0.055767375975847244,0.057760704308748245
296.10374818211943,341.47505170583105,331.8304348609392
Experiment 07-15_16:21
Epoch 0059 [Train seq (cond on sampled tp)] | Loss 2014394.039923 | MAPE 0.170010 | RMSE 102.837484 | Likelihood -2014391.171044 | KL fp 2.8689 | FP STD 0.3143 | ->nfe   52.00 | <-nfe   52.00
Epoch 0059 [Val seq (cond on sampled tp)] |  MAPE 0.032702 | RMSE 94.487831 |
Epoch 0059 [Test seq (cond on sampled tp)] | MAPE 0.052457 | RMSE 268.223756|
0.059536952525377274,0.0448593832552433,0.052975453436374664
216.19040905819574,276.48462886750144,311.99623144759295
Experiment 07-15_16:21
Epoch 0060 [Train seq (cond on sampled tp)] | Loss 1954033.723936 | MAPE 0.101985 | RMSE 94.904186 | Likelihood -1954030.746175 | KL fp 2.9778 | FP STD 0.2562 | ->nfe   52.00 | <-nfe   52.00
Epoch 0060 [Val seq (cond on sampled tp)] |  MAPE 0.045668 | RMSE 104.380469 |
Epoch 0060 [Test seq (cond on sampled tp)] | MAPE 0.072077 | RMSE 319.203460|
0.0773981362581253,0.07637165486812592,0.0624605156481266
280.01498285806065,358.59062226304803,319.0047756303971
Experiment 07-15_16:21
Epoch 0061 [Train seq (cond on sampled tp)] | Loss 2052879.183354 | MAPE 0.078637 | RMSE 111.076517 | Likelihood -2052876.698913 | KL fp 2.4844 | FP STD 0.2983 | ->nfe   52.00 | <-nfe   52.00
Epoch 0061 [Val seq (cond on sampled tp)] |  MAPE 0.037827 | RMSE 110.151197 |
Epoch 0061 [Test seq (cond on sampled tp)] | MAPE 0.068350 | RMSE 339.346318|
0.06301762163639069,0.07192698121070862,0.07010405510663986
310.9990579768691,365.0840442624136,341.95585195679865
Experiment 07-15_16:21
Epoch 0062 [Train seq (cond on sampled tp)] | Loss 2001132.121901 | MAPE 0.168235 | RMSE 102.374285 | Likelihood -2001129.575943 | KL fp 2.5460 | FP STD 0.3896 | ->nfe   52.00 | <-nfe   52.00
Epoch 0062 [Val seq (cond on sampled tp)] |  MAPE 0.040681 | RMSE 109.450291 |
Epoch 0062 [Test seq (cond on sampled tp)] | MAPE 0.056534 | RMSE 303.726451|
0.06573544442653656,0.057530276477336884,0.04633726924657822
271.287814184493,301.4443486159593,338.44718938115
Experiment 07-15_16:21
Epoch 0063 [Train seq (cond on sampled tp)] | Loss 1984684.180389 | MAPE 0.131305 | RMSE 99.630773 | Likelihood -1984681.388841 | KL fp 2.7915 | FP STD 0.2591 | ->nfe   52.00 | <-nfe   52.00
Epoch 0063 [Val seq (cond on sampled tp)] |  MAPE 0.043168 | RMSE 103.121880 |
Epoch 0063 [Test seq (cond on sampled tp)] | MAPE 0.069788 | RMSE 322.782320|
0.06042297184467316,0.06672543287277222,0.0822165384888649
294.73106120241215,349.47136417022784,324.1445351806814
Experiment 07-15_16:21
Epoch 0064 [Train seq (cond on sampled tp)] | Loss 2091246.746879 | MAPE 0.123699 | RMSE 116.124152 | Likelihood -2091244.162856 | KL fp 2.5840 | FP STD 0.2706 | ->nfe   52.00 | <-nfe   52.00
Epoch 0064 [Val seq (cond on sampled tp)] |  MAPE 0.036336 | RMSE 107.320858 |
Epoch 0064 [Test seq (cond on sampled tp)] | MAPE 0.071984 | RMSE 332.124965|
0.07908972352743149,0.07323197275400162,0.06363073736429214
299.1727918360893,362.3105755080853,334.8915286141171
Experiment 07-15_16:21
Epoch 0065 [Train seq (cond on sampled tp)] | Loss 1965898.051327 | MAPE 0.076923 | RMSE 98.453594 | Likelihood -1965895.237939 | KL fp 2.8134 | FP STD 0.3043 | ->nfe   52.00 | <-nfe   52.00
Epoch 0065 [Val seq (cond on sampled tp)] |  MAPE 0.024547 | RMSE 98.094701 |
Epoch 0065 [Test seq (cond on sampled tp)] | MAPE 0.054926 | RMSE 293.739798|
0.06584715843200684,0.05779067799448967,0.04114152863621712
254.11021999567433,314.0519836547765,313.05719076152843
Experiment 07-15_16:21
Epoch 0066 [Train seq (cond on sampled tp)] | Loss 1963633.128392 | MAPE 0.053820 | RMSE 99.049094 | Likelihood -1963630.492055 | KL fp 2.6363 | FP STD 0.3532 | ->nfe   52.00 | <-nfe   52.00
Epoch 0066 [Val seq (cond on sampled tp)] |  MAPE 0.042205 | RMSE 91.235160 |
Epoch 0066 [Test seq (cond on sampled tp)] | MAPE 0.074897 | RMSE 331.388720|
0.08516200631856918,0.07231114059686661,0.06721854209899902
297.81166710271776,340.4887915739665,355.8657028114679
Experiment 07-15_16:21
Epoch 0067 [Train seq (cond on sampled tp)] | Loss 2009079.152546 | MAPE 0.157129 | RMSE 105.891227 | Likelihood -2009076.576723 | KL fp 2.5758 | FP STD 0.4223 | ->nfe   52.00 | <-nfe   52.00
Epoch 0067 [Val seq (cond on sampled tp)] |  MAPE 0.045547 | RMSE 112.455460 |
Epoch 0067 [Test seq (cond on sampled tp)] | MAPE 0.079682 | RMSE 360.019904|
0.09340116381645203,0.07725593447685242,0.06838851422071457
345.25193473389834,398.7795639510631,336.02821449619375
Experiment 07-15_16:21
Epoch 0068 [Train seq (cond on sampled tp)] | Loss 1998170.498402 | MAPE 0.154734 | RMSE 102.982775 | Likelihood -1998167.787782 | KL fp 2.7106 | FP STD 0.2825 | ->nfe   52.00 | <-nfe   52.00
Epoch 0068 [Val seq (cond on sampled tp)] |  MAPE 0.054859 | RMSE 98.869617 |
Epoch 0068 [Test seq (cond on sampled tp)] | MAPE 0.076661 | RMSE 263.617856|
0.08475787937641144,0.06986349821090698,0.0753617063164711
215.7740879513803,295.29171223131203,279.78776833968277
Experiment 07-15_16:21
Epoch 0069 [Train seq (cond on sampled tp)] | Loss 2000993.083276 | MAPE 0.108739 | RMSE 101.497055 | Likelihood -2000990.411156 | KL fp 2.6721 | FP STD 0.3347 | ->nfe   52.00 | <-nfe   52.00
Epoch 0069 [Val seq (cond on sampled tp)] |  MAPE 0.058153 | RMSE 100.280729 |
Epoch 0069 [Test seq (cond on sampled tp)] | MAPE 0.097924 | RMSE 287.400100|
0.11475977301597595,0.08752398192882538,0.0914890468120575
259.69293766870135,303.71446551407456,298.7928970248456
Experiment 07-15_16:21
Epoch 0070 [Train seq (cond on sampled tp)] | Loss 1954837.942869 | MAPE 0.107218 | RMSE 97.199708 | Likelihood -1954835.295776 | KL fp 2.6471 | FP STD 0.3630 | ->nfe   52.00 | <-nfe   52.00
Epoch 0070 [Val seq (cond on sampled tp)] |  MAPE 0.030218 | RMSE 94.374214 |
Epoch 0070 [Test seq (cond on sampled tp)] | MAPE 0.066082 | RMSE 302.835200|
0.07457608729600906,0.06596106290817261,0.057708512991666794
283.5148116721594,322.5396172371698,302.4511711623878
Experiment 07-15_16:21
Epoch 0071 [Train seq (cond on sampled tp)] | Loss 2001477.280258 | MAPE 0.084598 | RMSE 102.810044 | Likelihood -2001474.543554 | KL fp 2.7367 | FP STD 0.3630 | ->nfe   52.00 | <-nfe   52.00
Epoch 0071 [Val seq (cond on sampled tp)] |  MAPE 0.032752 | RMSE 100.637339 |
Epoch 0071 [Test seq (cond on sampled tp)] | MAPE 0.063815 | RMSE 265.715581|
0.07104805111885071,0.06267698109149933,0.057719409465789795
230.42415882183448,270.7733571411707,295.9492275923355
Experiment 07-15_16:21
Epoch 0072 [Train seq (cond on sampled tp)] | Loss 1960563.367773 | MAPE 0.063317 | RMSE 94.963157 | Likelihood -1960560.688189 | KL fp 2.6796 | FP STD 0.4087 | ->nfe   52.00 | <-nfe   52.00
Epoch 0072 [Val seq (cond on sampled tp)] |  MAPE 0.029082 | RMSE 98.609101 |
Epoch 0072 [Test seq (cond on sampled tp)] | MAPE 0.051903 | RMSE 282.016604|
0.06227801367640495,0.05286276713013649,0.04056868329644203
259.67357814668014,316.51714260447255,269.8590922824354
Experiment 07-15_16:21
Epoch 0073 [Train seq (cond on sampled tp)] | Loss 1996722.491692 | MAPE 0.146933 | RMSE 102.959809 | Likelihood -1996719.537055 | KL fp 2.9546 | FP STD 0.3065 | ->nfe   52.00 | <-nfe   52.00
Epoch 0073 [Val seq (cond on sampled tp)] |  MAPE 0.024302 | RMSE 105.969298 |
Epoch 0073 [Test seq (cond on sampled tp)] | MAPE 0.060068 | RMSE 334.012693|
0.06087056174874306,0.06618323922157288,0.0531507208943367
304.3141622977807,376.43965319822513,321.28426373695925
Experiment 07-15_16:21
Epoch 0074 [Train seq (cond on sampled tp)] | Loss 1975935.332065 | MAPE 0.061874 | RMSE 100.640775 | Likelihood -1975932.699809 | KL fp 2.6323 | FP STD 0.3942 | ->nfe   52.00 | <-nfe   52.00
Epoch 0074 [Val seq (cond on sampled tp)] |  MAPE 0.029523 | RMSE 93.131213 |
Epoch 0074 [Test seq (cond on sampled tp)] | MAPE 0.055373 | RMSE 241.968208|
0.06709545105695724,0.05289628729224205,0.046126868575811386
231.90786492161064,244.84698665697317,249.14977297802218
Experiment 07-15_16:21
Epoch 0075 [Train seq (cond on sampled tp)] | Loss 1980698.616452 | MAPE 0.063067 | RMSE 99.850677 | Likelihood -1980696.024605 | KL fp 2.5918 | FP STD 0.4841 | ->nfe   52.00 | <-nfe   52.00
Epoch 0075 [Val seq (cond on sampled tp)] |  MAPE 0.037481 | RMSE 99.260587 |
Epoch 0075 [Test seq (cond on sampled tp)] | MAPE 0.059763 | RMSE 256.116330|
0.07374303042888641,0.058509767055511475,0.04703618958592415
252.2188100142414,250.86938677078555,265.260794431631
Experiment 07-15_16:21
Epoch 0076 [Train seq (cond on sampled tp)] | Loss 1932708.755362 | MAPE 0.062157 | RMSE 93.677381 | Likelihood -1932706.094832 | KL fp 2.6605 | FP STD 0.4466 | ->nfe   52.00 | <-nfe   52.00
Epoch 0076 [Val seq (cond on sampled tp)] |  MAPE 0.032476 | RMSE 90.180361 |
Epoch 0076 [Test seq (cond on sampled tp)] | MAPE 0.053147 | RMSE 310.394930|
0.06112268939614296,0.0560520701110363,0.04226720705628395
293.92444288456176,339.4620859720567,297.79826172679384
Experiment 07-15_16:21
Epoch 0077 [Train seq (cond on sampled tp)] | Loss 1971577.098463 | MAPE 0.104529 | RMSE 97.262608 | Likelihood -1971573.942300 | KL fp 3.1562 | FP STD 0.3739 | ->nfe   52.00 | <-nfe   52.00
Epoch 0077 [Val seq (cond on sampled tp)] |  MAPE 0.025086 | RMSE 90.890753 |
Epoch 0077 [Test seq (cond on sampled tp)] | MAPE 0.049400 | RMSE 295.629501|
0.05679400637745857,0.05059978738427162,0.040807608515024185
281.37340348280964,300.35908197522514,305.1560179850629
Experiment 07-15_16:21
Epoch 0078 [Train seq (cond on sampled tp)] | Loss 1931394.493804 | MAPE 0.065541 | RMSE 90.244214 | Likelihood -1931391.478772 | KL fp 3.0150 | FP STD 0.3837 | ->nfe   52.00 | <-nfe   52.00
Epoch 0078 [Val seq (cond on sampled tp)] |  MAPE 0.027077 | RMSE 90.021327 |
Epoch 0078 [Test seq (cond on sampled tp)] | MAPE 0.052298 | RMSE 287.613113|
0.048134926706552505,0.05471709743142128,0.054041117429733276
262.2482721582737,296.42070503762045,304.17036242046987
Experiment 07-15_16:21
Epoch 0079 [Train seq (cond on sampled tp)] | Loss 1930773.063239 | MAPE 0.073581 | RMSE 91.872132 | Likelihood -1930769.807550 | KL fp 3.2557 | FP STD 0.3741 | ->nfe   52.00 | <-nfe   52.00
Epoch 0079 [Val seq (cond on sampled tp)] |  MAPE 0.026756 | RMSE 98.618494 |
Epoch 0079 [Test seq (cond on sampled tp)] | MAPE 0.051534 | RMSE 291.377824|
0.05493819713592529,0.051148671656847,0.04851476475596428
284.5510444103131,310.2213549427247,279.3610734783928
Experiment 07-15_16:21
Epoch 0080 [Train seq (cond on sampled tp)] | Loss 1932927.424210 | MAPE 0.044278 | RMSE 91.309532 | Likelihood -1932924.277431 | KL fp 3.1468 | FP STD 0.3653 | ->nfe   52.00 | <-nfe   52.00
Epoch 0080 [Val seq (cond on sampled tp)] |  MAPE 0.025005 | RMSE 92.155847 |
Epoch 0080 [Test seq (cond on sampled tp)] | MAPE 0.044872 | RMSE 273.654253|
0.05015048757195473,0.04306696727871895,0.041399724781513214
255.66606485560416,285.3822683042869,279.9144260975129
Experiment 07-15_16:21
Epoch 0081 [Train seq (cond on sampled tp)] | Loss 1903265.691995 | MAPE 0.057652 | RMSE 85.679258 | Likelihood -1903262.382985 | KL fp 3.3090 | FP STD 0.3798 | ->nfe   52.00 | <-nfe   52.00
Epoch 0081 [Val seq (cond on sampled tp)] |  MAPE 0.025044 | RMSE 81.174292 |
Epoch 0081 [Test seq (cond on sampled tp)] | MAPE 0.041784 | RMSE 249.744462|
0.043511852622032166,0.041108809411525726,0.04073067009449005
225.377019195059,259.4341348251999,264.42223277837286
Experiment 07-15_16:21
Epoch 0082 [Train seq (cond on sampled tp)] | Loss 1962470.730335 | MAPE 0.085475 | RMSE 95.563141 | Likelihood -1962467.654264 | KL fp 3.0761 | FP STD 0.4524 | ->nfe   52.00 | <-nfe   52.00
Epoch 0082 [Val seq (cond on sampled tp)] |  MAPE 0.036397 | RMSE 110.207457 |
Epoch 0082 [Test seq (cond on sampled tp)] | MAPE 0.050140 | RMSE 290.904375|
0.056862957775592804,0.05196268856525421,0.041593220084905624
270.3683396082093,305.425471678444,296.9193124823645
Experiment 07-15_16:21
Epoch 0083 [Train seq (cond on sampled tp)] | Loss 1936010.357141 | MAPE 0.136033 | RMSE 92.820325 | Likelihood -1936006.912941 | KL fp 3.4442 | FP STD 0.3479 | ->nfe   52.00 | <-nfe   52.00
Epoch 0083 [Val seq (cond on sampled tp)] |  MAPE 0.035546 | RMSE 81.785674 |
Epoch 0083 [Test seq (cond on sampled tp)] | MAPE 0.045519 | RMSE 260.366665|
0.04478432610630989,0.046859320253133774,0.044914063066244125
210.96250777685594,288.7767033107068,281.36078373682426
Experiment 07-15_16:21
Epoch 0084 [Train seq (cond on sampled tp)] | Loss 1928892.735652 | MAPE 0.115903 | RMSE 93.432040 | Likelihood -1928889.782247 | KL fp 2.9534 | FP STD 0.4617 | ->nfe   52.00 | <-nfe   52.00
Epoch 0084 [Val seq (cond on sampled tp)] |  MAPE 0.031047 | RMSE 87.395197 |
Epoch 0084 [Test seq (cond on sampled tp)] | MAPE 0.053497 | RMSE 280.528121|
0.05759594962000847,0.05790357291698456,0.04499202221632004
223.12281161391815,304.6054312549269,313.8561200016657
Experiment 07-15_16:21
Epoch 0085 [Train seq (cond on sampled tp)] | Loss 1919793.869221 | MAPE 0.100182 | RMSE 91.246579 | Likelihood -1919791.010445 | KL fp 2.8588 | FP STD 0.4401 | ->nfe   52.00 | <-nfe   52.00
Epoch 0085 [Val seq (cond on sampled tp)] |  MAPE 0.031811 | RMSE 91.370020 |
Epoch 0085 [Test seq (cond on sampled tp)] | MAPE 0.048704 | RMSE 272.716100|
0.057475652545690536,0.04846595972776413,0.04016900435090065
253.06510093748605,261.6783271021886,303.4048707997286
Experiment 07-15_16:21
Epoch 0086 [Train seq (cond on sampled tp)] | Loss 1924180.604072 | MAPE 0.107918 | RMSE 91.862611 | Likelihood -1924177.737922 | KL fp 2.8662 | FP STD 0.3906 | ->nfe   52.00 | <-nfe   52.00
Epoch 0086 [Val seq (cond on sampled tp)] |  MAPE 0.044373 | RMSE 93.736296 |
Epoch 0086 [Test seq (cond on sampled tp)] | MAPE 0.055258 | RMSE 265.607385|
0.057624682784080505,0.06105294078588486,0.04709656536579132
246.13644272537132,292.51826866026676,258.1674450574665
Experiment 07-15_16:21
Epoch 0087 [Train seq (cond on sampled tp)] | Loss 1932542.637598 | MAPE 0.166442 | RMSE 93.678605 | Likelihood -1932539.229671 | KL fp 3.4079 | FP STD 0.3263 | ->nfe   52.00 | <-nfe   52.00
Epoch 0087 [Val seq (cond on sampled tp)] |  MAPE 0.029559 | RMSE 125.155450 |
Epoch 0087 [Test seq (cond on sampled tp)] | MAPE 0.057704 | RMSE 367.095444|
0.06919261813163757,0.05547782778739929,0.04844118654727936
359.1134374226339,387.73825336817106,354.43464004312557
Experiment 07-15_16:21
Epoch 0088 [Train seq (cond on sampled tp)] | Loss 1937889.466223 | MAPE 0.059023 | RMSE 95.238693 | Likelihood -1937886.161314 | KL fp 3.3049 | FP STD 0.2352 | ->nfe   52.00 | <-nfe   52.00
Epoch 0088 [Val seq (cond on sampled tp)] |  MAPE 0.028880 | RMSE 88.480883 |
Epoch 0088 [Test seq (cond on sampled tp)] | MAPE 0.057758 | RMSE 254.389177|
0.06896396726369858,0.05822978913784027,0.04607893526554108
244.06113956086904,241.21410030821167,277.892290285283
Experiment 07-15_16:21
Epoch 0089 [Train seq (cond on sampled tp)] | Loss 1968672.582860 | MAPE 0.051897 | RMSE 95.774633 | Likelihood -1968668.932723 | KL fp 3.6501 | FP STD 0.2577 | ->nfe   52.00 | <-nfe   52.00
Epoch 0089 [Val seq (cond on sampled tp)] |  MAPE 0.029680 | RMSE 97.201039 |
Epoch 0089 [Test seq (cond on sampled tp)] | MAPE 0.063732 | RMSE 283.890650|
0.08192906528711319,0.0672217383980751,0.04204661399126053
280.308186979082,303.9748267743564,267.388937224411
Experiment 07-15_16:21
Epoch 0090 [Train seq (cond on sampled tp)] | Loss 1951573.758603 | MAPE 0.079925 | RMSE 97.455793 | Likelihood -1951570.140646 | KL fp 3.6180 | FP STD 0.3067 | ->nfe   52.00 | <-nfe   52.00
Epoch 0090 [Val seq (cond on sampled tp)] |  MAPE 0.040998 | RMSE 94.178749 |
Epoch 0090 [Test seq (cond on sampled tp)] | MAPE 0.058915 | RMSE 268.464838|
0.05833704024553299,0.06182321906089783,0.056585635989904404
251.31477709736848,291.87229656135577,262.2074411367839
Experiment 07-15_16:21
Epoch 0091 [Train seq (cond on sampled tp)] | Loss 1944630.083478 | MAPE 0.098636 | RMSE 95.343526 | Likelihood -1944626.494203 | KL fp 3.5893 | FP STD 0.2524 | ->nfe   52.00 | <-nfe   52.00
Epoch 0091 [Val seq (cond on sampled tp)] |  MAPE 0.024515 | RMSE 109.062746 |
Epoch 0091 [Test seq (cond on sampled tp)] | MAPE 0.066044 | RMSE 351.030704|
0.07250013947486877,0.07270070165395737,0.05293244868516922
324.58674447287586,367.81716755747004,360.6881985351059
Experiment 07-15_16:21
Epoch 0092 [Train seq (cond on sampled tp)] | Loss 2004448.347385 | MAPE 0.085469 | RMSE 101.215297 | Likelihood -2004444.649044 | KL fp 3.6983 | FP STD 0.3548 | ->nfe   52.00 | <-nfe   52.00
Epoch 0092 [Val seq (cond on sampled tp)] |  MAPE 0.029505 | RMSE 102.949960 |
Epoch 0092 [Test seq (cond on sampled tp)] | MAPE 0.049167 | RMSE 272.229489|
0.05028173699975014,0.05238986387848854,0.04483049362897873
240.52190161448917,256.4326178550615,319.7339470168909
Experiment 07-15_16:21
Epoch 0093 [Train seq (cond on sampled tp)] | Loss 1924870.488398 | MAPE 0.088317 | RMSE 89.229616 | Likelihood -1924866.777931 | KL fp 3.7105 | FP STD 0.3645 | ->nfe   52.00 | <-nfe   52.00
Epoch 0093 [Val seq (cond on sampled tp)] |  MAPE 0.022811 | RMSE 105.079574 |
Best Val!
Epoch 0093 [Test seq (cond on sampled tp)] | MAPE 0.052393 | RMSE 333.853912|
0.06069575250148773,0.05318573862314224,0.043296609073877335
334.77367588043717,350.3267559543518,316.46130539530424
Experiment 07-15_16:21
Epoch 0094 [Train seq (cond on sampled tp)] | Loss 1924750.509666 | MAPE 0.126389 | RMSE 91.835930 | Likelihood -1924746.829160 | KL fp 3.6805 | FP STD 0.3158 | ->nfe   52.00 | <-nfe   52.00
Epoch 0094 [Val seq (cond on sampled tp)] |  MAPE 0.027810 | RMSE 100.259156 |
Epoch 0094 [Test seq (cond on sampled tp)] | MAPE 0.047449 | RMSE 318.607077|
0.05389004200696945,0.05148150771856308,0.0369768887758255
319.6869318176769,326.9638502571806,309.170450055467
Experiment 07-15_16:21
Epoch 0095 [Train seq (cond on sampled tp)] | Loss 1927368.562391 | MAPE 0.157260 | RMSE 91.681438 | Likelihood -1927364.846209 | KL fp 3.7162 | FP STD 0.3187 | ->nfe   52.00 | <-nfe   52.00
Epoch 0095 [Val seq (cond on sampled tp)] |  MAPE 0.029796 | RMSE 92.487309 |
Epoch 0095 [Test seq (cond on sampled tp)] | MAPE 0.045123 | RMSE 285.684254|
0.05308228358626366,0.043832700699567795,0.03845449537038803
278.8939790717971,290.32161584181085,287.8371664240044
Experiment 07-15_16:21
Epoch 0096 [Train seq (cond on sampled tp)] | Loss 1936203.029195 | MAPE 0.107591 | RMSE 91.781996 | Likelihood -1936199.133617 | KL fp 3.8956 | FP STD 0.2671 | ->nfe   52.00 | <-nfe   52.00
Epoch 0096 [Val seq (cond on sampled tp)] |  MAPE 0.026905 | RMSE 109.673597 |
Epoch 0096 [Test seq (cond on sampled tp)] | MAPE 0.056350 | RMSE 304.364508|
0.06509637087583542,0.05414913222193718,0.04980438947677612
316.50401113177065,317.65977771036734,278.92973465552217
Experiment 07-15_16:21
Epoch 0097 [Train seq (cond on sampled tp)] | Loss 1914413.879524 | MAPE 0.086810 | RMSE 87.870784 | Likelihood -1914409.922385 | KL fp 3.9571 | FP STD 0.2484 | ->nfe   52.00 | <-nfe   52.00
Epoch 0097 [Val seq (cond on sampled tp)] |  MAPE 0.026493 | RMSE 111.000396 |
Epoch 0097 [Test seq (cond on sampled tp)] | MAPE 0.054653 | RMSE 331.545151|
0.06226347014307976,0.05341915786266327,0.04827510565519333
306.25343110322865,348.66410232485936,339.717920670959
Experiment 07-15_16:21
Epoch 0098 [Train seq (cond on sampled tp)] | Loss 1952425.481054 | MAPE 0.068597 | RMSE 95.272422 | Likelihood -1952421.710821 | KL fp 3.7702 | FP STD 0.2789 | ->nfe   52.00 | <-nfe   52.00
Epoch 0098 [Val seq (cond on sampled tp)] |  MAPE 0.034256 | RMSE 103.495768 |
Epoch 0098 [Test seq (cond on sampled tp)] | MAPE 0.053039 | RMSE 244.239610|
0.0583985298871994,0.05182404816150665,0.04889478534460068
238.64280970731133,264.0734982916688,230.0025220649765
Experiment 07-15_16:21
Epoch 0099 [Train seq (cond on sampled tp)] | Loss 1913101.735078 | MAPE 0.048688 | RMSE 87.951991 | Likelihood -1913097.750099 | KL fp 3.9850 | FP STD 0.3296 | ->nfe   52.00 | <-nfe   52.00
Epoch 0099 [Val seq (cond on sampled tp)] |  MAPE 0.033858 | RMSE 95.460761 |
Epoch 0099 [Test seq (cond on sampled tp)] | MAPE 0.056260 | RMSE 252.729616|
0.05987539142370224,0.0546979121863842,0.05420762300491333
225.71089950697996,229.07614215856265,303.40180660305896
Experiment 07-15_16:21
Epoch 0100 [Train seq (cond on sampled tp)] | Loss 1940660.166093 | MAPE 0.070892 | RMSE 92.526237 | Likelihood -1940655.545851 | KL fp 4.6202 | FP STD 0.3879 | ->nfe   52.00 | <-nfe   52.00
Epoch 0100 [Val seq (cond on sampled tp)] |  MAPE 0.023351 | RMSE 93.703650 |
Epoch 0100 [Test seq (cond on sampled tp)] | MAPE 0.051445 | RMSE 302.582768|
0.059059370309114456,0.05524889752268791,0.040028151124715805
296.9520952527528,313.84290208239537,296.9533054623235
