/data2/yuanjingyang/CG-ODE/run_models_covid.py
run_models_covid.py --rec-layers 1 -e Cheb_cat
Namespace(save='experiments/', load=None, dataset='Dec', datapath='data/', pred_length=14, condition_length=21, features='Confirmed,Deaths,Recovered,Mortality_Rate,Testing_Rate,Population,Mobility', split_interval=3, feature_out='Deaths', niters=100, lr=0.005, batch_size=8, random_seed=1991, dropout=0.2, l2=1e-05, optimizer='AdamW', clip=10, edge_lamda=0.5, z0_encoder='GTrans', rec_dims=64, ode_dims=20, rec_layers=1, gen_layers=1, encoder='Cheb_cat', graf_layer=1, cheb_K=2, heavyBall=False, actv_h=None, gamma_guess=-3.0, gamma_act='sigmoid', corr=-100, corrf=True, sign=1, augment_dim=0, solver='rk4', rtol=0.01, atol=0.01, alias='run', output_dim=1, feature_out_index=[1], num_atoms=50)
run
Experiment 07-17_19:30
Epoch 0001 [Train seq (cond on sampled tp)] | Loss 4360370.910586 | MAPE 0.063743 | RMSE 284.709400 | Likelihood -4360368.734320 | KL fp 2.1763 | FP STD 0.8409 | ->nfe   52.00 | <-nfe   52.00
Epoch 0001 [Val seq (cond on sampled tp)] |  MAPE 0.059136 | RMSE 299.233226 |
Best Val!
Epoch 0001 [Test seq (cond on sampled tp)] | MAPE 0.114690 | RMSE 895.374582|
0.12444187700748444,0.11877923458814621,0.10084802657365799
839.680259086755,926.7509104392615,919.6925777127921
0.12444187700748444,0.11877923458814621,0.10084802657365799
839.680259086755,926.7509104392615,919.6925777127921
Epoch 0001 [Test seq (cond on sampled tp)] | Best Test MAPE 0.114690|Best Test RMSE 895.374582|
Experiment 07-17_19:30
Epoch 0002 [Train seq (cond on sampled tp)] | Loss 4060167.298869 | MAPE 0.130769 | RMSE 269.357687 | Likelihood -4060159.178221 | KL fp 8.1206 | FP STD 1.4462 | ->nfe   52.00 | <-nfe   52.00
Epoch 0002 [Val seq (cond on sampled tp)] |  MAPE 0.074155 | RMSE 262.915653 |
Epoch 0002 [Test seq (cond on sampled tp)] | MAPE 0.121499 | RMSE 831.206561|
0.13232587277889252,0.12204749882221222,0.11012265086174011
770.3497176607518,861.6538240500067,861.6161413297688
Experiment 07-17_19:30
Epoch 0003 [Train seq (cond on sampled tp)] | Loss 3641620.506745 | MAPE 0.306799 | RMSE 245.657878 | Likelihood -3641606.069468 | KL fp 14.4373 | FP STD 1.4593 | ->nfe   52.00 | <-nfe   52.00
Epoch 0003 [Val seq (cond on sampled tp)] |  MAPE 0.097940 | RMSE 214.088283 |
Epoch 0003 [Test seq (cond on sampled tp)] | MAPE 0.121314 | RMSE 729.819602|
0.13206349313259125,0.11952272057533264,0.11235653609037399
666.8831419371763,757.9817774854486,764.5938873022724
Experiment 07-17_19:30
Epoch 0004 [Train seq (cond on sampled tp)] | Loss 3208298.289678 | MAPE 0.366820 | RMSE 218.121283 | Likelihood -3208286.690152 | KL fp 11.5995 | FP STD 1.0648 | ->nfe   52.00 | <-nfe   52.00
Epoch 0004 [Val seq (cond on sampled tp)] |  MAPE 0.037345 | RMSE 179.577091 |
Best Val!
Epoch 0004 [Test seq (cond on sampled tp)] | MAPE 0.062309 | RMSE 663.879900|
0.06807008385658264,0.06596990674734116,0.05288620665669441
587.7742976687565,705.5316479435916,698.3337534803827
0.06807008385658264,0.06596990674734116,0.05288620665669441
587.7742976687565,705.5316479435916,698.3337534803827
Epoch 0004 [Test seq (cond on sampled tp)] | Best Test MAPE 0.062309|Best Test RMSE 663.879900|
Experiment 07-17_19:30
Epoch 0005 [Train seq (cond on sampled tp)] | Loss 2818001.281779 | MAPE 0.109534 | RMSE 190.276180 | Likelihood -2817992.853132 | KL fp 8.4286 | FP STD 0.9015 | ->nfe   52.00 | <-nfe   52.00
Epoch 0005 [Val seq (cond on sampled tp)] |  MAPE 0.036756 | RMSE 154.661829 |
Best Val!
Epoch 0005 [Test seq (cond on sampled tp)] | MAPE 0.073759 | RMSE 566.913720|
0.08048085868358612,0.07643357664346695,0.06436134874820709
502.55512757308526,597.3578021169557,600.8282304452746
Experiment 07-17_19:30
Epoch 0006 [Train seq (cond on sampled tp)] | Loss 2507434.634521 | MAPE 0.047791 | RMSE 163.117104 | Likelihood -2507427.097994 | KL fp 7.5365 | FP STD 0.7281 | ->nfe   52.00 | <-nfe   52.00
Epoch 0006 [Val seq (cond on sampled tp)] |  MAPE 0.038557 | RMSE 128.682362 |
Epoch 0006 [Test seq (cond on sampled tp)] | MAPE 0.053043 | RMSE 467.462242|
0.059200286865234375,0.05013708025217056,0.04979037120938301
393.58621593622917,502.42202442269587,506.37848678137976
0.059200286865234375,0.05013708025217056,0.04979037120938301
393.58621593622917,502.42202442269587,506.37848678137976
Epoch 0006 [Test seq (cond on sampled tp)] | Best Test MAPE 0.053043|Best Test RMSE 467.462242|
Experiment 07-17_19:30
Epoch 0007 [Train seq (cond on sampled tp)] | Loss 2297216.129266 | MAPE 0.056208 | RMSE 141.533924 | Likelihood -2297209.199457 | KL fp 6.9298 | FP STD 0.6207 | ->nfe   52.00 | <-nfe   52.00
Epoch 0007 [Val seq (cond on sampled tp)] |  MAPE 0.036146 | RMSE 113.943812 |
Best Val!
Epoch 0007 [Test seq (cond on sampled tp)] | MAPE 0.049208 | RMSE 425.145612|
0.052655141800642014,0.049650609493255615,0.045319508761167526
362.01224728937,464.1682749822525,449.25631255999065
0.052655141800642014,0.049650609493255615,0.045319508761167526
362.01224728937,464.1682749822525,449.25631255999065
Epoch 0007 [Test seq (cond on sampled tp)] | Best Test MAPE 0.049208|Best Test RMSE 425.145612|
Experiment 07-17_19:30
Epoch 0008 [Train seq (cond on sampled tp)] | Loss 2138768.441493 | MAPE 0.053458 | RMSE 122.703950 | Likelihood -2138762.290472 | KL fp 6.1510 | FP STD 0.5024 | ->nfe   52.00 | <-nfe   52.00
Epoch 0008 [Val seq (cond on sampled tp)] |  MAPE 0.030533 | RMSE 96.742510 |
Best Val!
Epoch 0008 [Test seq (cond on sampled tp)] | MAPE 0.052233 | RMSE 369.726896|
0.052239302545785904,0.05198213458061218,0.05247866362333298
308.8701309814531,400.1047909610681,400.2057673872279
Experiment 07-17_19:30
Epoch 0009 [Train seq (cond on sampled tp)] | Loss 2135538.832097 | MAPE 0.046472 | RMSE 121.993916 | Likelihood -2135533.632522 | KL fp 5.1996 | FP STD 0.4321 | ->nfe   52.00 | <-nfe   52.00
Epoch 0009 [Val seq (cond on sampled tp)] |  MAPE 0.036955 | RMSE 99.979451 |
Epoch 0009 [Test seq (cond on sampled tp)] | MAPE 0.049891 | RMSE 342.313830|
0.05059390515089035,0.04680453985929489,0.05227556452155113
280.92503448429085,376.2199946507362,369.7964600628297
Experiment 07-17_19:30
Epoch 0010 [Train seq (cond on sampled tp)] | Loss 2142777.731134 | MAPE 0.050773 | RMSE 121.198259 | Likelihood -2142772.145951 | KL fp 5.5852 | FP STD 0.4257 | ->nfe   52.00 | <-nfe   52.00
Epoch 0010 [Val seq (cond on sampled tp)] |  MAPE 0.031409 | RMSE 105.575955 |
Epoch 0010 [Test seq (cond on sampled tp)] | MAPE 0.055574 | RMSE 386.255785|
0.055513523519039154,0.056763455271720886,0.05444527417421341
325.4261148863133,409.52474360531625,423.81649552017205
Experiment 07-17_19:30
Epoch 0011 [Train seq (cond on sampled tp)] | Loss 2120751.164879 | MAPE 0.096606 | RMSE 119.890519 | Likelihood -2120746.295651 | KL fp 4.8692 | FP STD 0.4071 | ->nfe   52.00 | <-nfe   52.00
Epoch 0011 [Val seq (cond on sampled tp)] |  MAPE 0.029531 | RMSE 105.248186 |
Best Val!
Epoch 0011 [Test seq (cond on sampled tp)] | MAPE 0.060925 | RMSE 385.810757|
0.07165548950433731,0.05950534716248512,0.051613301038742065
330.2789895489872,409.27512140368367,417.87815957525225
Experiment 07-17_19:30
Epoch 0012 [Train seq (cond on sampled tp)] | Loss 2068953.529367 | MAPE 0.040451 | RMSE 113.321120 | Likelihood -2068949.082336 | KL fp 4.4470 | FP STD 0.4573 | ->nfe   52.00 | <-nfe   52.00
Epoch 0012 [Val seq (cond on sampled tp)] |  MAPE 0.035049 | RMSE 123.794180 |
Epoch 0012 [Test seq (cond on sampled tp)] | MAPE 0.051463 | RMSE 473.878308|
0.0524989515542984,0.05325322970747948,0.04863821715116501
403.0916265255333,504.80601162723883,513.7372869473268
Experiment 07-17_19:30
Epoch 0013 [Train seq (cond on sampled tp)] | Loss 2299241.579864 | MAPE 0.058296 | RMSE 141.359421 | Likelihood -2299238.069379 | KL fp 3.5105 | FP STD 0.3896 | ->nfe   52.00 | <-nfe   52.00
Epoch 0013 [Val seq (cond on sampled tp)] |  MAPE 0.052125 | RMSE 113.898401 |
Epoch 0013 [Test seq (cond on sampled tp)] | MAPE 0.073026 | RMSE 444.614735|
0.07554738223552704,0.07325167208909988,0.07027970254421234
372.07437932488716,473.77707706262026,487.9927477688577
Experiment 07-17_19:30
Epoch 0014 [Train seq (cond on sampled tp)] | Loss 2182920.741787 | MAPE 0.073571 | RMSE 127.093108 | Likelihood -2182917.044354 | KL fp 3.6974 | FP STD 0.4332 | ->nfe   52.00 | <-nfe   52.00
Epoch 0014 [Val seq (cond on sampled tp)] |  MAPE 0.027764 | RMSE 106.680841 |
Best Val!
Epoch 0014 [Test seq (cond on sampled tp)] | MAPE 0.057134 | RMSE 390.796699|
0.0649227723479271,0.059216808527708054,0.0472632497549057
326.6042258031883,422.4854102510523,423.3004621424361
Experiment 07-17_19:30
Epoch 0015 [Train seq (cond on sampled tp)] | Loss 2060301.432210 | MAPE 0.055672 | RMSE 107.782261 | Likelihood -2060297.653990 | KL fp 3.7782 | FP STD 0.4309 | ->nfe   52.00 | <-nfe   52.00
Epoch 0015 [Val seq (cond on sampled tp)] |  MAPE 0.030961 | RMSE 104.540139 |
Epoch 0015 [Test seq (cond on sampled tp)] | MAPE 0.047403 | RMSE 361.084953|
0.04983397200703621,0.04852359741926193,0.043850600719451904
317.5879553367854,377.05153411039186,388.61537057867383
0.04983397200703621,0.04852359741926193,0.043850600719451904
317.5879553367854,377.05153411039186,388.61537057867383
Epoch 0015 [Test seq (cond on sampled tp)] | Best Test MAPE 0.047403|Best Test RMSE 361.084953|
Experiment 07-17_19:30
Epoch 0016 [Train seq (cond on sampled tp)] | Loss 2045509.588322 | MAPE 0.069547 | RMSE 109.780077 | Likelihood -2045505.809479 | KL fp 3.7788 | FP STD 0.3006 | ->nfe   52.00 | <-nfe   52.00
Epoch 0016 [Val seq (cond on sampled tp)] |  MAPE 0.027871 | RMSE 98.003194 |
Epoch 0016 [Test seq (cond on sampled tp)] | MAPE 0.051985 | RMSE 347.228678|
0.04409613460302353,0.0621805265545845,0.04967931658029556
273.0028473981544,370.3913049060412,398.29188025240984
Experiment 07-17_19:30
Epoch 0017 [Train seq (cond on sampled tp)] | Loss 2058690.665715 | MAPE 0.063473 | RMSE 111.674751 | Likelihood -2058686.978857 | KL fp 3.6869 | FP STD 0.3629 | ->nfe   52.00 | <-nfe   52.00
Epoch 0017 [Val seq (cond on sampled tp)] |  MAPE 0.032155 | RMSE 103.259869 |
Epoch 0017 [Test seq (cond on sampled tp)] | MAPE 0.056230 | RMSE 373.034522|
0.056137774139642715,0.06392782181501389,0.048624973744153976
320.4670785548806,394.89057028498416,403.7459171620191
Experiment 07-17_19:30
Epoch 0018 [Train seq (cond on sampled tp)] | Loss 2102181.948041 | MAPE 0.043047 | RMSE 118.893319 | Likelihood -2102179.019381 | KL fp 2.9287 | FP STD 0.4218 | ->nfe   52.00 | <-nfe   52.00
Epoch 0018 [Val seq (cond on sampled tp)] |  MAPE 0.036387 | RMSE 87.377763 |
Epoch 0018 [Test seq (cond on sampled tp)] | MAPE 0.049783 | RMSE 296.017055|
0.04936050623655319,0.051156237721443176,0.048832640051841736
244.63446104596548,322.91451074549127,320.5021938302451
Experiment 07-17_19:30
Epoch 0019 [Train seq (cond on sampled tp)] | Loss 2140619.982292 | MAPE 0.065950 | RMSE 117.628512 | Likelihood -2140616.099092 | KL fp 3.8832 | FP STD 0.4422 | ->nfe   52.00 | <-nfe   52.00
Epoch 0019 [Val seq (cond on sampled tp)] |  MAPE 0.028618 | RMSE 105.312018 |
Epoch 0019 [Test seq (cond on sampled tp)] | MAPE 0.063727 | RMSE 369.958218|
0.07280852645635605,0.06813878566026688,0.05023231729865074
309.8012215518202,398.74937304025946,401.3240585860758
Experiment 07-17_19:30
Epoch 0020 [Train seq (cond on sampled tp)] | Loss 2039099.184082 | MAPE 0.037704 | RMSE 110.473643 | Likelihood -2039095.930688 | KL fp 3.2534 | FP STD 0.4187 | ->nfe   52.00 | <-nfe   52.00
Epoch 0020 [Val seq (cond on sampled tp)] |  MAPE 0.029517 | RMSE 95.102124 |
Epoch 0020 [Test seq (cond on sampled tp)] | MAPE 0.058472 | RMSE 368.092144|
0.059448547661304474,0.06279505789279938,0.05317312479019165
309.38977237458903,402.72033953476944,392.16631914915894
Experiment 07-17_19:30
Epoch 0021 [Train seq (cond on sampled tp)] | Loss 2047415.502757 | MAPE 0.038335 | RMSE 110.530745 | Likelihood -2047412.324711 | KL fp 3.1780 | FP STD 0.3627 | ->nfe   52.00 | <-nfe   52.00
Epoch 0021 [Val seq (cond on sampled tp)] |  MAPE 0.042073 | RMSE 97.715787 |
Epoch 0021 [Test seq (cond on sampled tp)] | MAPE 0.068844 | RMSE 335.540636|
0.06503647565841675,0.07285904884338379,0.06863542646169662
255.7144097914703,365.71105824817494,385.19643933323164
Experiment 07-17_19:30
Epoch 0022 [Train seq (cond on sampled tp)] | Loss 2042131.601933 | MAPE 0.077000 | RMSE 108.206424 | Likelihood -2042128.470934 | KL fp 3.1310 | FP STD 0.4687 | ->nfe   52.00 | <-nfe   52.00
Epoch 0022 [Val seq (cond on sampled tp)] |  MAPE 0.033731 | RMSE 94.243944 |
Epoch 0022 [Test seq (cond on sampled tp)] | MAPE 0.064333 | RMSE 322.696496|
0.0677950382232666,0.06207941100001335,0.0631255954504013
276.3499677718454,341.37193334397017,350.367585990057
Experiment 07-17_19:30
Epoch 0023 [Train seq (cond on sampled tp)] | Loss 1978351.653421 | MAPE 0.038546 | RMSE 100.511393 | Likelihood -1978348.613069 | KL fp 3.0404 | FP STD 0.4328 | ->nfe   52.00 | <-nfe   52.00
Epoch 0023 [Val seq (cond on sampled tp)] |  MAPE 0.025659 | RMSE 96.898238 |
Best Val!
Epoch 0023 [Test seq (cond on sampled tp)] | MAPE 0.055133 | RMSE 313.273426|
0.05668563395738602,0.056820180267095566,0.05189265310764313
252.62915168533104,342.1530633356948,345.038064023377
Experiment 07-17_19:30
Epoch 0024 [Train seq (cond on sampled tp)] | Loss 1984244.023042 | MAPE 0.036885 | RMSE 99.963014 | Likelihood -1984240.859066 | KL fp 3.1640 | FP STD 0.4297 | ->nfe   52.00 | <-nfe   52.00
Epoch 0024 [Val seq (cond on sampled tp)] |  MAPE 0.024117 | RMSE 87.901667 |
Best Val!
Epoch 0024 [Test seq (cond on sampled tp)] | MAPE 0.052122 | RMSE 300.579360|
0.05401761457324028,0.054373033344745636,0.04797517508268356
258.42662462002636,321.48181081905705,321.8296448627752
Experiment 07-17_19:30
Epoch 0025 [Train seq (cond on sampled tp)] | Loss 1956837.458761 | MAPE 0.037725 | RMSE 96.234402 | Likelihood -1956834.490199 | KL fp 2.9686 | FP STD 0.4946 | ->nfe   52.00 | <-nfe   52.00
Epoch 0025 [Val seq (cond on sampled tp)] |  MAPE 0.034234 | RMSE 84.628142 |
Epoch 0025 [Test seq (cond on sampled tp)] | MAPE 0.060129 | RMSE 286.736130|
0.05671672523021698,0.058494459837675095,0.06517652422189713
245.62411736482636,304.5279902981005,310.0562826931588
Experiment 07-17_19:30
Epoch 0026 [Train seq (cond on sampled tp)] | Loss 1965680.893965 | MAPE 0.045933 | RMSE 95.500245 | Likelihood -1965677.592950 | KL fp 3.3010 | FP STD 0.3570 | ->nfe   52.00 | <-nfe   52.00
Epoch 0026 [Val seq (cond on sampled tp)] |  MAPE 0.032014 | RMSE 104.106142 |
Epoch 0026 [Test seq (cond on sampled tp)] | MAPE 0.059019 | RMSE 383.468140|
0.07326028496026993,0.05256367474794388,0.0512324720621109
326.15578141434196,408.70355240687593,415.5450863023169
Experiment 07-17_19:30
Epoch 0027 [Train seq (cond on sampled tp)] | Loss 2125592.083091 | MAPE 0.073374 | RMSE 119.684101 | Likelihood -2125589.098469 | KL fp 2.9846 | FP STD 0.4578 | ->nfe   52.00 | <-nfe   52.00
Epoch 0027 [Val seq (cond on sampled tp)] |  MAPE 0.029417 | RMSE 96.960476 |
Epoch 0027 [Test seq (cond on sampled tp)] | MAPE 0.056990 | RMSE 305.604771|
0.06411873549222946,0.062085457146167755,0.04476722702383995
260.526075350434,319.7101103929934,336.5781275387633
Experiment 07-17_19:30
Epoch 0028 [Train seq (cond on sampled tp)] | Loss 2066451.128001 | MAPE 0.043959 | RMSE 113.173452 | Likelihood -2066448.211879 | KL fp 2.9161 | FP STD 0.4139 | ->nfe   52.00 | <-nfe   52.00
Epoch 0028 [Val seq (cond on sampled tp)] |  MAPE 0.030748 | RMSE 100.550380 |
Epoch 0028 [Test seq (cond on sampled tp)] | MAPE 0.067588 | RMSE 287.701001|
0.0773034542798996,0.0650462880730629,0.060412969440221786
252.84368627177543,257.7737773950252,352.4855382671749
Experiment 07-17_19:30
Epoch 0029 [Train seq (cond on sampled tp)] | Loss 2069715.746122 | MAPE 0.052737 | RMSE 111.188256 | Likelihood -2069712.297585 | KL fp 3.4485 | FP STD 0.4998 | ->nfe   52.00 | <-nfe   52.00
Epoch 0029 [Val seq (cond on sampled tp)] |  MAPE 0.026017 | RMSE 122.620743 |
Epoch 0029 [Test seq (cond on sampled tp)] | MAPE 0.054783 | RMSE 405.801504|
0.059617623686790466,0.05621463805437088,0.048517826944589615
348.9726887594501,435.4228727627891,433.0089490992074
Experiment 07-17_19:30
Epoch 0030 [Train seq (cond on sampled tp)] | Loss 2076253.773777 | MAPE 0.039588 | RMSE 113.680759 | Likelihood -2076250.711711 | KL fp 3.0621 | FP STD 0.3561 | ->nfe   52.00 | <-nfe   52.00
Epoch 0030 [Val seq (cond on sampled tp)] |  MAPE 0.028084 | RMSE 113.629018 |
Epoch 0030 [Test seq (cond on sampled tp)] | MAPE 0.062812 | RMSE 366.585745|
0.07249428331851959,0.0657217875123024,0.05021947622299194
324.24232595005236,396.75702971087986,378.7578794559923
Experiment 07-17_19:30
Epoch 0031 [Train seq (cond on sampled tp)] | Loss 1989147.421444 | MAPE 0.035928 | RMSE 99.280353 | Likelihood -1989144.401080 | KL fp 3.0204 | FP STD 0.4275 | ->nfe   52.00 | <-nfe   52.00
Epoch 0031 [Val seq (cond on sampled tp)] |  MAPE 0.023991 | RMSE 108.150507 |
Best Val!
Epoch 0031 [Test seq (cond on sampled tp)] | MAPE 0.052760 | RMSE 349.576807|
0.062043704092502594,0.05121031776070595,0.04502546042203903
316.3764445838217,365.7265884509903,366.6273866270767
Experiment 07-17_19:30
Epoch 0032 [Train seq (cond on sampled tp)] | Loss 1980306.860599 | MAPE 0.037580 | RMSE 98.557556 | Likelihood -1980303.718634 | KL fp 3.1420 | FP STD 0.3692 | ->nfe   52.00 | <-nfe   52.00
Epoch 0032 [Val seq (cond on sampled tp)] |  MAPE 0.027463 | RMSE 110.199305 |
Epoch 0032 [Test seq (cond on sampled tp)] | MAPE 0.055529 | RMSE 322.699298|
0.05640771612524986,0.05784711241722107,0.05233106017112732
264.48822929858335,353.5783373242767,350.031326723052
Experiment 07-17_19:30
Epoch 0033 [Train seq (cond on sampled tp)] | Loss 1970449.540198 | MAPE 0.037262 | RMSE 97.756949 | Likelihood -1970446.253313 | KL fp 3.2869 | FP STD 0.3162 | ->nfe   52.00 | <-nfe   52.00
Epoch 0033 [Val seq (cond on sampled tp)] |  MAPE 0.025724 | RMSE 83.654966 |
Epoch 0033 [Test seq (cond on sampled tp)] | MAPE 0.047389 | RMSE 269.316671|
0.048307131975889206,0.046864595264196396,0.046994227916002274
223.143670437344,282.3942418189507,302.4120998323314
0.048307131975889206,0.046864595264196396,0.046994227916002274
223.143670437344,282.3942418189507,302.4120998323314
Epoch 0033 [Test seq (cond on sampled tp)] | Best Test MAPE 0.047389|Best Test RMSE 269.316671|
Experiment 07-17_19:30
Epoch 0034 [Train seq (cond on sampled tp)] | Loss 1951471.970576 | MAPE 0.037385 | RMSE 94.407894 | Likelihood -1951468.516242 | KL fp 3.4543 | FP STD 0.3193 | ->nfe   52.00 | <-nfe   52.00
Epoch 0034 [Val seq (cond on sampled tp)] |  MAPE 0.024804 | RMSE 93.301254 |
Epoch 0034 [Test seq (cond on sampled tp)] | MAPE 0.044545 | RMSE 305.395918|
0.044858720153570175,0.04644891619682312,0.04232766851782799
262.6534819158124,322.4427880454143,331.0914832980456
0.044858720153570175,0.04644891619682312,0.04232766851782799
262.6534819158124,322.4427880454143,331.0914832980456
Epoch 0034 [Test seq (cond on sampled tp)] | Best Test MAPE 0.044545|Best Test RMSE 305.395918|
Experiment 07-17_19:30
Epoch 0035 [Train seq (cond on sampled tp)] | Loss 1997469.329028 | MAPE 0.039514 | RMSE 102.387819 | Likelihood -1997465.735090 | KL fp 3.5939 | FP STD 0.2463 | ->nfe   52.00 | <-nfe   52.00
Epoch 0035 [Val seq (cond on sampled tp)] |  MAPE 0.025646 | RMSE 86.930648 |
Epoch 0035 [Test seq (cond on sampled tp)] | MAPE 0.055938 | RMSE 316.921407|
0.05346601828932762,0.05670333281159401,0.05764566361904144
252.2133273639599,343.67640121195404,354.8744936593781
Experiment 07-17_19:30
Epoch 0036 [Train seq (cond on sampled tp)] | Loss 1990334.548217 | MAPE 0.062898 | RMSE 101.583455 | Likelihood -1990331.545999 | KL fp 3.0022 | FP STD 0.3952 | ->nfe   52.00 | <-nfe   52.00
Epoch 0036 [Val seq (cond on sampled tp)] |  MAPE 0.035019 | RMSE 95.041279 |
Epoch 0036 [Test seq (cond on sampled tp)] | MAPE 0.051583 | RMSE 318.080934|
0.0564112663269043,0.052302684634923935,0.0460340678691864
264.5278074938436,336.9442762720566,352.7707182966013
Experiment 07-17_19:30
Epoch 0037 [Train seq (cond on sampled tp)] | Loss 1990083.795401 | MAPE 0.067352 | RMSE 98.771845 | Likelihood -1990080.627563 | KL fp 3.1678 | FP STD 0.3739 | ->nfe   52.00 | <-nfe   52.00
Epoch 0037 [Val seq (cond on sampled tp)] |  MAPE 0.024606 | RMSE 100.726274 |
Epoch 0037 [Test seq (cond on sampled tp)] | MAPE 0.058402 | RMSE 308.222680|
0.06891694664955139,0.056776855140924454,0.049512021243572235
273.10024201289167,321.0007788152546,330.5670199634259
Experiment 07-17_19:30
Epoch 0038 [Train seq (cond on sampled tp)] | Loss 1937301.898801 | MAPE 0.046565 | RMSE 92.393621 | Likelihood -1937298.319368 | KL fp 3.5794 | FP STD 0.2916 | ->nfe   52.00 | <-nfe   52.00
Epoch 0038 [Val seq (cond on sampled tp)] |  MAPE 0.024389 | RMSE 88.376390 |
Epoch 0038 [Test seq (cond on sampled tp)] | MAPE 0.046265 | RMSE 274.677539|
0.05488728731870651,0.04705141857266426,0.03685728460550308
228.72142922669053,281.21716474994906,314.09402204992693
Experiment 07-17_19:30
Epoch 0039 [Train seq (cond on sampled tp)] | Loss 1932861.451627 | MAPE 0.041398 | RMSE 93.124640 | Likelihood -1932858.201584 | KL fp 3.2500 | FP STD 0.3760 | ->nfe   52.00 | <-nfe   52.00
Epoch 0039 [Val seq (cond on sampled tp)] |  MAPE 0.027250 | RMSE 87.364348 |
Epoch 0039 [Test seq (cond on sampled tp)] | MAPE 0.043454 | RMSE 292.818479|
0.05003567039966583,0.04034429416060448,0.039983510971069336
227.46691895471307,303.6517973971173,347.3367197331719
0.05003567039966583,0.04034429416060448,0.039983510971069336
227.46691895471307,303.6517973971173,347.3367197331719
Epoch 0039 [Test seq (cond on sampled tp)] | Best Test MAPE 0.043454|Best Test RMSE 292.818479|
Experiment 07-17_19:30
Epoch 0040 [Train seq (cond on sampled tp)] | Loss 1938221.345420 | MAPE 0.047311 | RMSE 93.904385 | Likelihood -1938218.382374 | KL fp 2.9630 | FP STD 0.4395 | ->nfe   52.00 | <-nfe   52.00
Epoch 0040 [Val seq (cond on sampled tp)] |  MAPE 0.025620 | RMSE 91.724872 |
Epoch 0040 [Test seq (cond on sampled tp)] | MAPE 0.051690 | RMSE 331.589041|
0.05540633201599121,0.04725878685712814,0.05240340158343315
281.3266284499212,337.5072800140761,375.9332138159649
Experiment 07-17_19:30
Epoch 0041 [Train seq (cond on sampled tp)] | Loss 2008860.360582 | MAPE 0.056523 | RMSE 103.430190 | Likelihood -2008857.152227 | KL fp 3.2084 | FP STD 0.3884 | ->nfe   52.00 | <-nfe   52.00
Epoch 0041 [Val seq (cond on sampled tp)] |  MAPE 0.024677 | RMSE 94.170951 |
Epoch 0041 [Test seq (cond on sampled tp)] | MAPE 0.049474 | RMSE 342.544987|
0.049957532435655594,0.05297228693962097,0.04549200087785721
279.3430910189117,355.7518446895251,392.5400258253927
Experiment 07-17_19:30
Epoch 0042 [Train seq (cond on sampled tp)] | Loss 1998071.528999 | MAPE 0.038626 | RMSE 102.866903 | Likelihood -1998068.691986 | KL fp 2.8370 | FP STD 0.4198 | ->nfe   52.00 | <-nfe   52.00
Epoch 0042 [Val seq (cond on sampled tp)] |  MAPE 0.024578 | RMSE 80.736433 |
Epoch 0042 [Test seq (cond on sampled tp)] | MAPE 0.050051 | RMSE 297.746785|
0.04925728589296341,0.051006514579057693,0.04988880828022957
236.0558808974053,302.97301602205437,354.21145917728296
Experiment 07-17_19:30
Epoch 0043 [Train seq (cond on sampled tp)] | Loss 1952443.171856 | MAPE 0.052258 | RMSE 95.290154 | Likelihood -1952439.951238 | KL fp 3.2206 | FP STD 0.3450 | ->nfe   52.00 | <-nfe   52.00
Epoch 0043 [Val seq (cond on sampled tp)] |  MAPE 0.026052 | RMSE 87.055105 |
Epoch 0043 [Test seq (cond on sampled tp)] | MAPE 0.049814 | RMSE 300.913461|
0.05692242085933685,0.04894522577524185,0.0435732826590538
231.1069405464708,312.9213908875518,358.7120515643432
Experiment 07-17_19:30
Epoch 0044 [Train seq (cond on sampled tp)] | Loss 1961324.642519 | MAPE 0.047244 | RMSE 98.496088 | Likelihood -1961321.447993 | KL fp 3.1945 | FP STD 0.3172 | ->nfe   52.00 | <-nfe   52.00
Epoch 0044 [Val seq (cond on sampled tp)] |  MAPE 0.031373 | RMSE 106.479000 |
Epoch 0044 [Test seq (cond on sampled tp)] | MAPE 0.054807 | RMSE 290.036032|
0.06021731346845627,0.05241395905613899,0.05178830027580261
230.70952042015952,302.2456187647722,337.152958147337
Experiment 07-17_19:30
Epoch 0045 [Train seq (cond on sampled tp)] | Loss 1939440.310438 | MAPE 0.060977 | RMSE 94.231615 | Likelihood -1939437.196907 | KL fp 3.1135 | FP STD 0.3411 | ->nfe   52.00 | <-nfe   52.00
Epoch 0045 [Val seq (cond on sampled tp)] |  MAPE 0.027457 | RMSE 91.819025 |
Epoch 0045 [Test seq (cond on sampled tp)] | MAPE 0.049117 | RMSE 282.542609|
0.05582096055150032,0.05049271881580353,0.04103761538863182
238.67365435097776,283.52558581634213,325.42858759641877
Experiment 07-17_19:30
Epoch 0046 [Train seq (cond on sampled tp)] | Loss 1981755.620065 | MAPE 0.063266 | RMSE 100.252756 | Likelihood -1981752.729204 | KL fp 2.8909 | FP STD 0.3003 | ->nfe   52.00 | <-nfe   52.00
Epoch 0046 [Val seq (cond on sampled tp)] |  MAPE 0.036795 | RMSE 87.617187 |
Epoch 0046 [Test seq (cond on sampled tp)] | MAPE 0.055721 | RMSE 272.973213|
0.05938500165939331,0.05535047501325607,0.052426986396312714
245.79838822956103,281.28538666272726,291.8358646139984
Experiment 07-17_19:30
Epoch 0047 [Train seq (cond on sampled tp)] | Loss 2043357.604512 | MAPE 0.120770 | RMSE 102.743824 | Likelihood -2043353.693271 | KL fp 3.9112 | FP STD 0.3121 | ->nfe   52.00 | <-nfe   52.00
Epoch 0047 [Val seq (cond on sampled tp)] |  MAPE 0.034563 | RMSE 92.497229 |
Epoch 0047 [Test seq (cond on sampled tp)] | MAPE 0.060338 | RMSE 279.562330|
0.06780620664358139,0.060230374336242676,0.05297819897532463
251.8188445465311,277.36125472927904,309.50689107837326
Experiment 07-17_19:30
Epoch 0048 [Train seq (cond on sampled tp)] | Loss 1932394.290435 | MAPE 0.048444 | RMSE 92.238127 | Likelihood -1932390.730847 | KL fp 3.5596 | FP STD 0.2831 | ->nfe   52.00 | <-nfe   52.00
Epoch 0048 [Val seq (cond on sampled tp)] |  MAPE 0.026891 | RMSE 106.611774 |
Epoch 0048 [Test seq (cond on sampled tp)] | MAPE 0.054656 | RMSE 327.410102|
0.05755113437771797,0.055077213793992996,0.05133902281522751
289.86510871438117,346.12768597729945,346.23751105635563
Experiment 07-17_19:30
Epoch 0049 [Train seq (cond on sampled tp)] | Loss 1974699.851637 | MAPE 0.063149 | RMSE 99.776798 | Likelihood -1974696.607273 | KL fp 3.2444 | FP STD 0.2763 | ->nfe   52.00 | <-nfe   52.00
Epoch 0049 [Val seq (cond on sampled tp)] |  MAPE 0.035154 | RMSE 88.174933 |
Epoch 0049 [Test seq (cond on sampled tp)] | MAPE 0.046704 | RMSE 262.850954|
0.045777834951877594,0.04386924207210541,0.05046531558036804
204.81044971509633,267.3266085241048,316.4158038681064
Experiment 07-17_19:30
Epoch 0050 [Train seq (cond on sampled tp)] | Loss 1955960.301393 | MAPE 0.132278 | RMSE 94.885040 | Likelihood -1955956.623519 | KL fp 3.6779 | FP STD 0.3177 | ->nfe   52.00 | <-nfe   52.00
Epoch 0050 [Val seq (cond on sampled tp)] |  MAPE 0.029220 | RMSE 91.413274 |
Epoch 0050 [Test seq (cond on sampled tp)] | MAPE 0.054849 | RMSE 280.365810|
0.06184900552034378,0.05566215515136719,0.04703465476632118
234.62497502663692,285.5370898631209,320.935363916942
Experiment 07-17_19:30
Epoch 0051 [Train seq (cond on sampled tp)] | Loss 1949485.299782 | MAPE 0.038830 | RMSE 96.244779 | Likelihood -1949482.104542 | KL fp 3.1952 | FP STD 0.3300 | ->nfe   52.00 | <-nfe   52.00
Epoch 0051 [Val seq (cond on sampled tp)] |  MAPE 0.026199 | RMSE 87.248176 |
Epoch 0051 [Test seq (cond on sampled tp)] | MAPE 0.051827 | RMSE 282.514706|
0.05250094458460808,0.05001077428460121,0.05297071859240532
243.51750931657872,313.7735797912246,290.2530280849797
Experiment 07-17_19:30
Epoch 0052 [Train seq (cond on sampled tp)] | Loss 1952070.377522 | MAPE 0.098162 | RMSE 94.636914 | Likelihood -1952067.043008 | KL fp 3.3345 | FP STD 0.2882 | ->nfe   52.00 | <-nfe   52.00
Epoch 0052 [Val seq (cond on sampled tp)] |  MAPE 0.028940 | RMSE 91.074376 |
Epoch 0052 [Test seq (cond on sampled tp)] | MAPE 0.044191 | RMSE 283.851406|
0.05104786902666092,0.047355689108371735,0.03416886925697327
252.14506303415897,314.8958781287872,284.5132768211354
Experiment 07-17_19:30
Epoch 0053 [Train seq (cond on sampled tp)] | Loss 1919725.687311 | MAPE 0.092868 | RMSE 88.583278 | Likelihood -1919722.147612 | KL fp 3.5397 | FP STD 0.2455 | ->nfe   52.00 | <-nfe   52.00
Epoch 0053 [Val seq (cond on sampled tp)] |  MAPE 0.022590 | RMSE 91.754220 |
Best Val!
Epoch 0053 [Test seq (cond on sampled tp)] | MAPE 0.049757 | RMSE 260.826811|
0.055455103516578674,0.04808808118104935,0.045726776123046875
221.43626516731626,276.3433524394969,284.7008160991113
Experiment 07-17_19:30
Epoch 0054 [Train seq (cond on sampled tp)] | Loss 1947161.699343 | MAPE 0.041957 | RMSE 93.977842 | Likelihood -1947158.417284 | KL fp 3.2821 | FP STD 0.3249 | ->nfe   52.00 | <-nfe   52.00
Epoch 0054 [Val seq (cond on sampled tp)] |  MAPE 0.023896 | RMSE 96.788222 |
Epoch 0054 [Test seq (cond on sampled tp)] | MAPE 0.055950 | RMSE 281.455935|
0.06417367607355118,0.054050512611866,0.049624595791101456
261.6252239607259,283.065018480737,299.67756109692294
Experiment 07-17_19:30
Epoch 0055 [Train seq (cond on sampled tp)] | Loss 1934048.531251 | MAPE 0.034553 | RMSE 94.269010 | Likelihood -1934045.603194 | KL fp 2.9281 | FP STD 0.3089 | ->nfe   52.00 | <-nfe   52.00
Epoch 0055 [Val seq (cond on sampled tp)] |  MAPE 0.023814 | RMSE 86.507835 |
Epoch 0055 [Test seq (cond on sampled tp)] | MAPE 0.058442 | RMSE 253.920115|
0.06390661746263504,0.060636814683675766,0.050782665610313416
214.58824124646253,238.22393777966562,308.9481651507256
Experiment 07-17_19:30
Epoch 0056 [Train seq (cond on sampled tp)] | Loss 1906332.789309 | MAPE 0.033815 | RMSE 87.458917 | Likelihood -1906329.533237 | KL fp 3.2561 | FP STD 0.3039 | ->nfe   52.00 | <-nfe   52.00
Epoch 0056 [Val seq (cond on sampled tp)] |  MAPE 0.024723 | RMSE 85.962156 |
Epoch 0056 [Test seq (cond on sampled tp)] | MAPE 0.061752 | RMSE 297.182424|
0.05538058280944824,0.06612425297498703,0.06375114619731903
231.64150980016512,300.7847418628478,359.12101894765226
Experiment 07-17_19:30
Epoch 0057 [Train seq (cond on sampled tp)] | Loss 1918949.048189 | MAPE 0.053105 | RMSE 88.284139 | Likelihood -1918945.906558 | KL fp 3.1416 | FP STD 0.3123 | ->nfe   52.00 | <-nfe   52.00
Epoch 0057 [Val seq (cond on sampled tp)] |  MAPE 0.029760 | RMSE 110.240610 |
Epoch 0057 [Test seq (cond on sampled tp)] | MAPE 0.060508 | RMSE 309.926985|
0.07071368396282196,0.060709740966558456,0.050100840628147125
242.43604987965384,295.9585459781488,391.38635802746114
Experiment 07-17_19:30
Epoch 0058 [Train seq (cond on sampled tp)] | Loss 1901959.868720 | MAPE 0.039854 | RMSE 86.252488 | Likelihood -1901956.603982 | KL fp 3.2647 | FP STD 0.2747 | ->nfe   52.00 | <-nfe   52.00
Epoch 0058 [Val seq (cond on sampled tp)] |  MAPE 0.038056 | RMSE 88.337819 |
Epoch 0058 [Test seq (cond on sampled tp)] | MAPE 0.057074 | RMSE 301.228043|
0.05649835988879204,0.04770321771502495,0.06701981276273727
237.588766306406,317.2578062475374,348.8375562134903
Experiment 07-17_19:30
Epoch 0059 [Train seq (cond on sampled tp)] | Loss 1924885.417019 | MAPE 0.091901 | RMSE 91.936907 | Likelihood -1924882.118067 | KL fp 3.2990 | FP STD 0.2547 | ->nfe   52.00 | <-nfe   52.00
Epoch 0059 [Val seq (cond on sampled tp)] |  MAPE 0.028587 | RMSE 86.796308 |
Epoch 0059 [Test seq (cond on sampled tp)] | MAPE 0.042445 | RMSE 282.009530|
0.040768660604953766,0.04501085355877876,0.041555117815732956
240.4750181931587,269.538552437309,336.01502012558905
0.040768660604953766,0.04501085355877876,0.041555117815732956
240.4750181931587,269.538552437309,336.01502012558905
Epoch 0059 [Test seq (cond on sampled tp)] | Best Test MAPE 0.042445|Best Test RMSE 282.009530|
Experiment 07-17_19:30
Epoch 0060 [Train seq (cond on sampled tp)] | Loss 1988361.768052 | MAPE 0.155498 | RMSE 100.680509 | Likelihood -1988357.880701 | KL fp 3.8874 | FP STD 0.2466 | ->nfe   52.00 | <-nfe   52.00
Epoch 0060 [Val seq (cond on sampled tp)] |  MAPE 0.032925 | RMSE 92.600974 |
Epoch 0060 [Test seq (cond on sampled tp)] | MAPE 0.042471 | RMSE 289.907261|
0.045506611466407776,0.04523700103163719,0.03667030856013298
247.02355498767724,302.2190585899572,320.4791700524388
Experiment 07-17_19:30
Epoch 0061 [Train seq (cond on sampled tp)] | Loss 2007188.301844 | MAPE 0.099567 | RMSE 104.883187 | Likelihood -2007185.139251 | KL fp 3.1626 | FP STD 0.2114 | ->nfe   52.00 | <-nfe   52.00
Epoch 0061 [Val seq (cond on sampled tp)] |  MAPE 0.039979 | RMSE 98.282055 |
Epoch 0061 [Test seq (cond on sampled tp)] | MAPE 0.054294 | RMSE 286.781338|
0.053391460329294205,0.05740709602832794,0.05208197608590126
238.22604483452267,290.6733561921354,331.44461264289697
Experiment 07-17_19:30
Epoch 0062 [Train seq (cond on sampled tp)] | Loss 1967018.974299 | MAPE 0.141390 | RMSE 94.658368 | Likelihood -1967015.428107 | KL fp 3.5462 | FP STD 0.2601 | ->nfe   52.00 | <-nfe   52.00
Epoch 0062 [Val seq (cond on sampled tp)] |  MAPE 0.031132 | RMSE 104.854666 |
Epoch 0062 [Test seq (cond on sampled tp)] | MAPE 0.058796 | RMSE 304.054986|
0.07088451832532883,0.05699291452765465,0.04850959777832031
253.60973648008863,311.96044671159837,346.5947741960343
Experiment 07-17_19:30
Epoch 0063 [Train seq (cond on sampled tp)] | Loss 1908457.883077 | MAPE 0.041946 | RMSE 89.382552 | Likelihood -1908454.688063 | KL fp 3.1950 | FP STD 0.2287 | ->nfe   52.00 | <-nfe   52.00
Epoch 0063 [Val seq (cond on sampled tp)] |  MAPE 0.040062 | RMSE 80.026845 |
Epoch 0063 [Test seq (cond on sampled tp)] | MAPE 0.062125 | RMSE 302.889007|
0.06668203324079514,0.059965647757053375,0.059727877378463745
261.56171594864566,309.7645905562803,337.34071472696564
Experiment 07-17_19:30
Epoch 0064 [Train seq (cond on sampled tp)] | Loss 1920468.251908 | MAPE 0.096055 | RMSE 88.561443 | Likelihood -1920464.863004 | KL fp 3.3889 | FP STD 0.2378 | ->nfe   52.00 | <-nfe   52.00
Epoch 0064 [Val seq (cond on sampled tp)] |  MAPE 0.027940 | RMSE 89.841231 |
Epoch 0064 [Test seq (cond on sampled tp)] | MAPE 0.048341 | RMSE 342.355743|
0.05077572166919708,0.0530400313436985,0.041206732392311096
270.1141541089619,354.5787553562678,402.3743204405569
Experiment 07-17_19:30
Epoch 0065 [Train seq (cond on sampled tp)] | Loss 1888166.090131 | MAPE 0.102861 | RMSE 83.394304 | Likelihood -1888162.633444 | KL fp 3.4567 | FP STD 0.1922 | ->nfe   52.00 | <-nfe   52.00
Epoch 0065 [Val seq (cond on sampled tp)] |  MAPE 0.030413 | RMSE 92.736027 |
Epoch 0065 [Test seq (cond on sampled tp)] | MAPE 0.051523 | RMSE 279.328969|
0.05447518825531006,0.05718342959880829,0.04291073605418205
248.96372727769,311.60180920527404,277.4213711801959
Experiment 07-17_19:30
Epoch 0066 [Train seq (cond on sampled tp)] | Loss 1921219.243767 | MAPE 0.129452 | RMSE 88.531496 | Likelihood -1921215.679196 | KL fp 3.5646 | FP STD 0.2019 | ->nfe   52.00 | <-nfe   52.00
Epoch 0066 [Val seq (cond on sampled tp)] |  MAPE 0.041689 | RMSE 96.062678 |
Epoch 0066 [Test seq (cond on sampled tp)] | MAPE 0.055870 | RMSE 284.059187|
0.05359204486012459,0.05473088473081589,0.05928626284003258
244.03759476000823,302.9800297668148,305.15993501359253
Experiment 07-17_19:30
Epoch 0067 [Train seq (cond on sampled tp)] | Loss 1964593.024945 | MAPE 0.171164 | RMSE 96.341226 | Likelihood -1964589.617274 | KL fp 3.4077 | FP STD 0.2428 | ->nfe   52.00 | <-nfe   52.00
Epoch 0067 [Val seq (cond on sampled tp)] |  MAPE 0.043951 | RMSE 109.983957 |
Epoch 0067 [Test seq (cond on sampled tp)] | MAPE 0.049018 | RMSE 300.764487|
0.051247794181108475,0.049340374767780304,0.04646460339426994
285.88464675459574,321.3897191300618,295.0190936617493
Experiment 07-17_19:30
Epoch 0068 [Train seq (cond on sampled tp)] | Loss 1949945.353534 | MAPE 0.163677 | RMSE 94.701921 | Likelihood -1949942.592916 | KL fp 2.7606 | FP STD 0.2967 | ->nfe   52.00 | <-nfe   52.00
Epoch 0068 [Val seq (cond on sampled tp)] |  MAPE 0.035986 | RMSE 108.750525 |
Epoch 0068 [Test seq (cond on sampled tp)] | MAPE 0.061465 | RMSE 313.918199|
0.059615544974803925,0.06708531081676483,0.05769284442067146
288.83837933176403,348.190545894055,304.7256706859466
Experiment 07-17_19:30
Epoch 0069 [Train seq (cond on sampled tp)] | Loss 1918080.234183 | MAPE 0.090213 | RMSE 88.511863 | Likelihood -1918077.624942 | KL fp 2.6092 | FP STD 0.3588 | ->nfe   52.00 | <-nfe   52.00
Epoch 0069 [Val seq (cond on sampled tp)] |  MAPE 0.027464 | RMSE 109.222461 |
Epoch 0069 [Test seq (cond on sampled tp)] | MAPE 0.055688 | RMSE 310.057030|
0.06538230180740356,0.060131482779979706,0.041549187153577805
283.61322419361903,307.49966971526976,339.05819697730357
Experiment 07-17_19:30
Epoch 0070 [Train seq (cond on sampled tp)] | Loss 1946606.162397 | MAPE 0.061343 | RMSE 93.718549 | Likelihood -1946603.833577 | KL fp 2.3288 | FP STD 0.4208 | ->nfe   52.00 | <-nfe   52.00
Epoch 0070 [Val seq (cond on sampled tp)] |  MAPE 0.027831 | RMSE 110.654066 |
Epoch 0070 [Test seq (cond on sampled tp)] | MAPE 0.064557 | RMSE 338.626181|
0.0740673616528511,0.0651443675160408,0.05445881560444832
305.8432247492169,342.4107433879667,367.62457497425277
Experiment 07-17_19:30
Epoch 0071 [Train seq (cond on sampled tp)] | Loss 1958736.801805 | MAPE 0.056788 | RMSE 95.624940 | Likelihood -1958734.386056 | KL fp 2.4157 | FP STD 0.4002 | ->nfe   52.00 | <-nfe   52.00
Epoch 0071 [Val seq (cond on sampled tp)] |  MAPE 0.025018 | RMSE 109.411534 |
Epoch 0071 [Test seq (cond on sampled tp)] | MAPE 0.055731 | RMSE 337.913369|
0.06268366426229477,0.05540996417403221,0.04909982532262802
303.17522779739113,336.14893927394746,374.41594100011287
Experiment 07-17_19:30
Epoch 0072 [Train seq (cond on sampled tp)] | Loss 1927222.955026 | MAPE 0.051969 | RMSE 91.705151 | Likelihood -1927220.259783 | KL fp 2.6952 | FP STD 0.3127 | ->nfe   52.00 | <-nfe   52.00
Epoch 0072 [Val seq (cond on sampled tp)] |  MAPE 0.024746 | RMSE 97.017712 |
Epoch 0072 [Test seq (cond on sampled tp)] | MAPE 0.054258 | RMSE 285.228682|
0.05580122023820877,0.05564671382308006,0.051326245069503784
254.4989562846968,289.7062628767283,311.48082555351624
Experiment 07-17_19:30
Epoch 0073 [Train seq (cond on sampled tp)] | Loss 1906303.027782 | MAPE 0.082811 | RMSE 85.365080 | Likelihood -1906300.257820 | KL fp 2.7700 | FP STD 0.2708 | ->nfe   52.00 | <-nfe   52.00
Epoch 0073 [Val seq (cond on sampled tp)] |  MAPE 0.037409 | RMSE 102.690025 |
Epoch 0073 [Test seq (cond on sampled tp)] | MAPE 0.056459 | RMSE 309.726593|
0.0582415871322155,0.0586833655834198,0.05245056375861168
257.7708375427678,347.2555120152883,324.15342866071927
Experiment 07-17_19:30
Epoch 0074 [Train seq (cond on sampled tp)] | Loss 1961994.486603 | MAPE 0.122274 | RMSE 100.211819 | Likelihood -1961991.541033 | KL fp 2.9456 | FP STD 0.2151 | ->nfe   52.00 | <-nfe   52.00
Epoch 0074 [Val seq (cond on sampled tp)] |  MAPE 0.025424 | RMSE 124.925552 |
Epoch 0074 [Test seq (cond on sampled tp)] | MAPE 0.053770 | RMSE 319.724538|
0.06179599463939667,0.05737664923071861,0.04213622957468033
284.1095326850192,324.0048707195619,351.0592119749886
Experiment 07-17_19:30
Epoch 0075 [Train seq (cond on sampled tp)] | Loss 1936100.618519 | MAPE 0.097612 | RMSE 92.131383 | Likelihood -1936098.170684 | KL fp 2.4478 | FP STD 0.3384 | ->nfe   52.00 | <-nfe   52.00
Epoch 0075 [Val seq (cond on sampled tp)] |  MAPE 0.026847 | RMSE 121.241321 |
Epoch 0075 [Test seq (cond on sampled tp)] | MAPE 0.058204 | RMSE 335.464544|
0.06705084443092346,0.06277988851070404,0.044781990349292755
331.0567124753703,331.5488863840444,343.78803198700797
Experiment 07-17_19:30
Epoch 0076 [Train seq (cond on sampled tp)] | Loss 1937201.844572 | MAPE 0.066762 | RMSE 88.713202 | Likelihood -1937199.150609 | KL fp 2.6940 | FP STD 0.3819 | ->nfe   52.00 | <-nfe   52.00
Epoch 0076 [Val seq (cond on sampled tp)] |  MAPE 0.032649 | RMSE 99.254152 |
Epoch 0076 [Test seq (cond on sampled tp)] | MAPE 0.059015 | RMSE 283.120525|
0.06713645160198212,0.05689803138375282,0.05300988629460335
225.4331334481469,298.35756128343724,325.57088081936934
Experiment 07-17_19:30
Epoch 0077 [Train seq (cond on sampled tp)] | Loss 1955057.393394 | MAPE 0.074170 | RMSE 92.019857 | Likelihood -1955054.534857 | KL fp 2.8585 | FP STD 0.3992 | ->nfe   52.00 | <-nfe   52.00
Epoch 0077 [Val seq (cond on sampled tp)] |  MAPE 0.032627 | RMSE 98.200160 |
Epoch 0077 [Test seq (cond on sampled tp)] | MAPE 0.047800 | RMSE 292.089824|
0.05033889785408974,0.05191118270158768,0.041149843484163284
230.0580344581558,293.48251119104185,352.7289261068618
Experiment 07-17_19:30
Epoch 0078 [Train seq (cond on sampled tp)] | Loss 1935586.485037 | MAPE 0.054446 | RMSE 93.569759 | Likelihood -1935583.249144 | KL fp 3.2359 | FP STD 0.3093 | ->nfe   52.00 | <-nfe   52.00
Epoch 0078 [Val seq (cond on sampled tp)] |  MAPE 0.030262 | RMSE 103.400262 |
Epoch 0078 [Test seq (cond on sampled tp)] | MAPE 0.054787 | RMSE 326.135174|
0.0626726970076561,0.05621355026960373,0.04547436535358429
284.2828284692904,347.5070143176969,346.61568009468357
Experiment 07-17_19:30
Epoch 0079 [Train seq (cond on sampled tp)] | Loss 1916682.673209 | MAPE 0.042350 | RMSE 88.991450 | Likelihood -1916679.806866 | KL fp 2.8663 | FP STD 0.3613 | ->nfe   52.00 | <-nfe   52.00
Epoch 0079 [Val seq (cond on sampled tp)] |  MAPE 0.026480 | RMSE 96.703997 |
Epoch 0079 [Test seq (cond on sampled tp)] | MAPE 0.063801 | RMSE 344.930561|
0.0743134394288063,0.06564436107873917,0.051445528864860535
303.9159269024906,365.47212616012183,365.403629565991
Experiment 07-17_19:30
Epoch 0080 [Train seq (cond on sampled tp)] | Loss 1939354.639318 | MAPE 0.066549 | RMSE 91.542385 | Likelihood -1939351.722281 | KL fp 2.9170 | FP STD 0.3427 | ->nfe   52.00 | <-nfe   52.00
Epoch 0080 [Val seq (cond on sampled tp)] |  MAPE 0.026783 | RMSE 108.267978 |
Epoch 0080 [Test seq (cond on sampled tp)] | MAPE 0.060947 | RMSE 365.914264|
0.05880296602845192,0.06405419111251831,0.0599827840924263
321.7865048250159,379.606930752061,396.34935662871965
Experiment 07-17_19:30
Epoch 0081 [Train seq (cond on sampled tp)] | Loss 1938337.877190 | MAPE 0.085233 | RMSE 93.137363 | Likelihood -1938334.979584 | KL fp 2.8976 | FP STD 0.2984 | ->nfe   52.00 | <-nfe   52.00
Epoch 0081 [Val seq (cond on sampled tp)] |  MAPE 0.026978 | RMSE 101.212493 |
Epoch 0081 [Test seq (cond on sampled tp)] | MAPE 0.057853 | RMSE 289.919013|
0.06437619775533676,0.056934379041194916,0.05224795639514923
262.1504815940646,292.2213015207824,315.3852554812923
Experiment 07-17_19:30
Epoch 0082 [Train seq (cond on sampled tp)] | Loss 2005469.077311 | MAPE 0.062118 | RMSE 96.320257 | Likelihood -2005465.762089 | KL fp 3.3152 | FP STD 0.3166 | ->nfe   52.00 | <-nfe   52.00
Epoch 0082 [Val seq (cond on sampled tp)] |  MAPE 0.026442 | RMSE 102.422398 |
Epoch 0082 [Test seq (cond on sampled tp)] | MAPE 0.048753 | RMSE 281.960649|
0.05145081877708435,0.05197266489267349,0.04283536970615387
232.28722622811182,319.18028555582816,294.41443472594887
Experiment 07-17_19:30
Epoch 0083 [Train seq (cond on sampled tp)] | Loss 1936894.836021 | MAPE 0.061596 | RMSE 93.283039 | Likelihood -1936891.722973 | KL fp 3.1130 | FP STD 0.2888 | ->nfe   52.00 | <-nfe   52.00
Epoch 0083 [Val seq (cond on sampled tp)] |  MAPE 0.027255 | RMSE 107.313729 |
Epoch 0083 [Test seq (cond on sampled tp)] | MAPE 0.051767 | RMSE 369.155002|
0.05682934448122978,0.0489785261452198,0.049494292587041855
323.3018495732742,377.6529905217222,406.5101666932821
Experiment 07-17_19:30
Epoch 0084 [Train seq (cond on sampled tp)] | Loss 1949075.308960 | MAPE 0.045918 | RMSE 97.004121 | Likelihood -1949072.356579 | KL fp 2.9524 | FP STD 0.3607 | ->nfe   52.00 | <-nfe   52.00
Epoch 0084 [Val seq (cond on sampled tp)] |  MAPE 0.026772 | RMSE 99.134236 |
Epoch 0084 [Test seq (cond on sampled tp)] | MAPE 0.050608 | RMSE 292.267083|
0.05196045711636543,0.05024205148220062,0.04962107539176941
251.19974621802467,325.38834970693097,300.2131534426831
Experiment 07-17_19:30
Epoch 0085 [Train seq (cond on sampled tp)] | Loss 1935159.790865 | MAPE 0.048236 | RMSE 92.159466 | Likelihood -1935156.867856 | KL fp 2.9230 | FP STD 0.4112 | ->nfe   52.00 | <-nfe   52.00
Epoch 0085 [Val seq (cond on sampled tp)] |  MAPE 0.029021 | RMSE 93.991288 |
Epoch 0085 [Test seq (cond on sampled tp)] | MAPE 0.054003 | RMSE 282.513452|
0.05308706685900688,0.061472680419683456,0.0474499948322773
228.31861646611299,295.72461323839786,323.4971261464312
Experiment 07-17_19:30
Epoch 0086 [Train seq (cond on sampled tp)] | Loss 1997649.560793 | MAPE 0.120326 | RMSE 98.808548 | Likelihood -1997646.017977 | KL fp 3.5428 | FP STD 0.3964 | ->nfe   52.00 | <-nfe   52.00
Epoch 0086 [Val seq (cond on sampled tp)] |  MAPE 0.044617 | RMSE 99.962840 |
Epoch 0086 [Test seq (cond on sampled tp)] | MAPE 0.071292 | RMSE 311.420996|
0.07548344880342484,0.07526607811450958,0.063126340508461
261.061041113951,344.5288336083063,328.67311363267913
Experiment 07-17_19:30
Epoch 0087 [Train seq (cond on sampled tp)] | Loss 1924741.716224 | MAPE 0.110212 | RMSE 89.154954 | Likelihood -1924738.164759 | KL fp 3.5515 | FP STD 0.2730 | ->nfe   52.00 | <-nfe   52.00
Epoch 0087 [Val seq (cond on sampled tp)] |  MAPE 0.027770 | RMSE 101.268763 |
Epoch 0087 [Test seq (cond on sampled tp)] | MAPE 0.051177 | RMSE 265.789474|
0.0587296336889267,0.05589717626571655,0.03890283405780792
208.80878663265108,286.1546648012225,302.4049695772211
Experiment 07-17_19:30
Epoch 0088 [Train seq (cond on sampled tp)] | Loss 1940722.324568 | MAPE 0.054480 | RMSE 89.396930 | Likelihood -1940718.240070 | KL fp 4.0845 | FP STD 0.2675 | ->nfe   52.00 | <-nfe   52.00
Epoch 0088 [Val seq (cond on sampled tp)] |  MAPE 0.025995 | RMSE 88.762967 |
Epoch 0088 [Test seq (cond on sampled tp)] | MAPE 0.054930 | RMSE 296.919522|
0.06291884928941727,0.060059260576963425,0.041811875998973846
245.46826265069382,341.1759649543033,304.11433910619866
Experiment 07-17_19:30
Epoch 0089 [Train seq (cond on sampled tp)] | Loss 2001519.656832 | MAPE 0.052940 | RMSE 104.706699 | Likelihood -2001516.277369 | KL fp 3.3795 | FP STD 0.3168 | ->nfe   52.00 | <-nfe   52.00
Epoch 0089 [Val seq (cond on sampled tp)] |  MAPE 0.032735 | RMSE 106.987801 |
Epoch 0089 [Test seq (cond on sampled tp)] | MAPE 0.050221 | RMSE 347.728334|
0.05062706023454666,0.052712056785821915,0.04732336103916168
299.9208228849741,368.16858825136075,375.0955919828971
Experiment 07-17_19:30
Epoch 0090 [Train seq (cond on sampled tp)] | Loss 1985553.816321 | MAPE 0.135073 | RMSE 100.080185 | Likelihood -1985550.128283 | KL fp 3.6880 | FP STD 0.3587 | ->nfe   52.00 | <-nfe   52.00
Epoch 0090 [Val seq (cond on sampled tp)] |  MAPE 0.028835 | RMSE 106.275332 |
Epoch 0090 [Test seq (cond on sampled tp)] | MAPE 0.053802 | RMSE 275.695674|
0.06396094709634781,0.05650050565600395,0.04094431921839714
249.45950166059018,293.50613547675624,284.12138416088993
Experiment 07-17_19:30
Epoch 0091 [Train seq (cond on sampled tp)] | Loss 1951480.194528 | MAPE 0.053533 | RMSE 92.690048 | Likelihood -1951476.625783 | KL fp 3.5687 | FP STD 0.3051 | ->nfe   52.00 | <-nfe   52.00
Epoch 0091 [Val seq (cond on sampled tp)] |  MAPE 0.025644 | RMSE 89.737380 |
Epoch 0091 [Test seq (cond on sampled tp)] | MAPE 0.048232 | RMSE 258.044181|
0.053777288645505905,0.052220847457647324,0.03869662061333656
232.5712844350093,252.85463184159786,288.70662553013915
Experiment 07-17_19:30
Epoch 0092 [Train seq (cond on sampled tp)] | Loss 1939450.289432 | MAPE 0.078164 | RMSE 92.811902 | Likelihood -1939446.592898 | KL fp 3.6965 | FP STD 0.3132 | ->nfe   52.00 | <-nfe   52.00
Epoch 0092 [Val seq (cond on sampled tp)] |  MAPE 0.026944 | RMSE 98.942899 |
Epoch 0092 [Test seq (cond on sampled tp)] | MAPE 0.045278 | RMSE 310.910385|
0.05271896347403526,0.0503661148250103,0.032748993486166
285.23242989271046,329.18456306834923,318.31416281717657
Experiment 07-17_19:30
Epoch 0093 [Train seq (cond on sampled tp)] | Loss 1963436.906752 | MAPE 0.087369 | RMSE 98.081856 | Likelihood -1963433.405278 | KL fp 3.5015 | FP STD 0.3039 | ->nfe   52.00 | <-nfe   52.00
Epoch 0093 [Val seq (cond on sampled tp)] |  MAPE 0.026785 | RMSE 107.785748 |
Epoch 0093 [Test seq (cond on sampled tp)] | MAPE 0.054325 | RMSE 323.658580|
0.06258046627044678,0.05746367201209068,0.04293084517121315
293.4409943881393,358.8983687097226,318.6363768074825
Experiment 07-17_19:30
Epoch 0094 [Train seq (cond on sampled tp)] | Loss 1963650.886413 | MAPE 0.091649 | RMSE 97.835393 | Likelihood -1963647.265488 | KL fp 3.6209 | FP STD 0.2762 | ->nfe   52.00 | <-nfe   52.00
Epoch 0094 [Val seq (cond on sampled tp)] |  MAPE 0.026966 | RMSE 97.325164 |
Epoch 0094 [Test seq (cond on sampled tp)] | MAPE 0.049962 | RMSE 276.248769|
0.05619420111179352,0.05026741698384285,0.043424949049949646
252.31974537528765,305.7620730445488,270.66448903578026
Experiment 07-17_19:30
Epoch 0095 [Train seq (cond on sampled tp)] | Loss 1947931.060797 | MAPE 0.064448 | RMSE 93.321620 | Likelihood -1947927.632686 | KL fp 3.4281 | FP STD 0.3248 | ->nfe   52.00 | <-nfe   52.00
Epoch 0095 [Val seq (cond on sampled tp)] |  MAPE 0.031169 | RMSE 100.907402 |
Epoch 0095 [Test seq (cond on sampled tp)] | MAPE 0.050146 | RMSE 240.077916|
0.06293754279613495,0.05522426962852478,0.03227749094367027
214.27216009960324,283.56477985638486,222.39680717975696
Experiment 07-17_19:30
Epoch 0096 [Train seq (cond on sampled tp)] | Loss 1924465.498560 | MAPE 0.048200 | RMSE 87.728584 | Likelihood -1924461.714069 | KL fp 3.7845 | FP STD 0.2968 | ->nfe   52.00 | <-nfe   52.00
Epoch 0096 [Val seq (cond on sampled tp)] |  MAPE 0.031479 | RMSE 107.603597 |
Epoch 0096 [Test seq (cond on sampled tp)] | MAPE 0.044274 | RMSE 307.180401|
0.04866645857691765,0.04238976538181305,0.041765324771404266
291.89682734229916,353.50698366510386,276.13739220721266
Experiment 07-17_19:30
Epoch 0097 [Train seq (cond on sampled tp)] | Loss 1986819.336783 | MAPE 0.074013 | RMSE 101.989878 | Likelihood -1986815.700473 | KL fp 3.6363 | FP STD 0.3577 | ->nfe   52.00 | <-nfe   52.00
Epoch 0097 [Val seq (cond on sampled tp)] |  MAPE 0.028933 | RMSE 100.923291 |
Epoch 0097 [Test seq (cond on sampled tp)] | MAPE 0.049840 | RMSE 311.714944|
0.04783821851015091,0.050330810248851776,0.05134986340999603
291.3956046983207,352.431719894081,291.3175082706153
Experiment 07-17_19:30
Epoch 0098 [Train seq (cond on sampled tp)] | Loss 1906705.716708 | MAPE 0.059122 | RMSE 89.685940 | Likelihood -1906702.230677 | KL fp 3.4860 | FP STD 0.2891 | ->nfe   52.00 | <-nfe   52.00
Epoch 0098 [Val seq (cond on sampled tp)] |  MAPE 0.026255 | RMSE 96.463243 |
Epoch 0098 [Test seq (cond on sampled tp)] | MAPE 0.043707 | RMSE 228.772682|
0.04941094294190407,0.045276932418346405,0.03643439710140228
216.67233866774504,252.94335303334222,216.70235383181696
Experiment 07-17_19:30
Epoch 0099 [Train seq (cond on sampled tp)] | Loss 1897012.232849 | MAPE 0.099938 | RMSE 84.391819 | Likelihood -1897009.032368 | KL fp 3.2005 | FP STD 0.4267 | ->nfe   52.00 | <-nfe   52.00
Epoch 0099 [Val seq (cond on sampled tp)] |  MAPE 0.026620 | RMSE 106.116630 |
Epoch 0099 [Test seq (cond on sampled tp)] | MAPE 0.051309 | RMSE 299.152564|
0.0611649751663208,0.052785806357860565,0.03997529298067093
285.5643535177316,340.4836518652548,271.40968801794827
Experiment 07-17_19:30
Epoch 0100 [Train seq (cond on sampled tp)] | Loss 1892384.835805 | MAPE 0.106814 | RMSE 83.864153 | Likelihood -1892381.437879 | KL fp 3.3979 | FP STD 0.3018 | ->nfe   52.00 | <-nfe   52.00
Epoch 0100 [Val seq (cond on sampled tp)] |  MAPE 0.022265 | RMSE 102.332666 |
Best Val!
Epoch 0100 [Test seq (cond on sampled tp)] | MAPE 0.047642 | RMSE 281.360319|
0.05418084189295769,0.05066753923892975,0.03807687386870384
268.76783371062095,310.2166329760543,265.09648891960074
