/nvme/yuanjingyang/CG-ODE/run_models_spring.py
run_models_spring.py
Namespace(save='experiments/', load=None, dataset='spring', datapath='data/', pred_length=48, condition_length=71, features='X,Y,vel_X,vel_Y', feature_out='X,Y', test_K=30, niters=100, lr=0.005, batch_size=32, random_seed=1991, dropout=0.2, l2=1e-05, optimizer='AdamW', clip=10, edge_lamda=0.5, z0_encoder='GTrans', rec_dims=64, ode_dims=30, rec_layers=1, gen_layers=1, encoder='base', graf_layer=1, cheb_K=2, heavyBall=False, actv_h=None, gamma_guess=-3.0, gamma_act='sigmoid', corr=-100, corrf=True, sign=1, augment_dim=0, solver='rk4', rtol=0.01, atol=0.01, alias='run', output_dim=2, feature_out_index=[0, 1], num_atoms=5)
run
Experiment 09-05_06:07
Epoch 0001 [Train seq (cond on sampled tp)] | Loss 562.450665 | MAPE 3.038438 | RMSE 0.985183 | Likelihood -560.965878 | KL fp 1.4848 | FP STD 0.4472 | ->nfe  188.00 | <-nfe  188.00
Epoch 0001 [Val seq (cond on sampled tp)] |  MAPE 3.714388 | RMSE 0.788293 | MAE 0.746403 |
Best Val!
Epoch 0001 [Test seq (cond on sampled tp)] | MAPE 1.949005 | RMSE 1.269714| MAE 1.057510|
0.9592797160148621,1.1173447370529175,0.861049473285675,14.796515464782715,0.9538219571113586,0.6181144118309021,0.6268205642700195,1.4927088022232056,1.0968496799468994,1.500565767288208,1.7267831563949585,1.6474542617797852,0.46309152245521545,0.3200701177120209,2.250406265258789,1.5122531652450562,1.0320613384246826,1.8963011503219604,0.7865845561027527,1.1110843420028687,0.44186946749687195,1.0383039712905884,0.6602052450180054,0.5607755184173584,0.43845614790916443,14.55762767791748,1.44580078125,1.5610733032226562,0.22352921962738037,0.7733470797538757
1.4572580278652891,1.3134101255270245,0.9403170224021105,1.3589474235789551,1.135990237096689,1.1691877453119053,1.2135734663086355,1.2302736157896959,1.3140750698436412,1.240857690085766,1.3036770591191562,1.2738624285044955,1.2348917591677222,1.21971361261828,0.9395625631626351,0.8545529066038504,1.361107566184447,1.3939706653343473,1.1798363901120172,1.3734614694562985,1.303462887143825,1.3756976958447222,1.57497234622959,1.3157326987214626,1.4050969376841036,1.5363614930060479,1.573627749081349,1.271206826946347,0.9494085239922958,1.277326577914007
0.9592797160148621,1.1173447370529175,0.861049473285675,14.796515464782715,0.9538219571113586,0.6181144118309021,0.6268205642700195,1.4927088022232056,1.0968496799468994,1.500565767288208,1.7267831563949585,1.6474542617797852,0.46309152245521545,0.3200701177120209,2.250406265258789,1.5122531652450562,1.0320613384246826,1.8963011503219604,0.7865845561027527,1.1110843420028687,0.44186946749687195,1.0383039712905884,0.6602052450180054,0.5607755184173584,0.43845614790916443,14.55762767791748,1.44580078125,1.5610733032226562,0.22352921962738037,0.7733470797538757
1.4572580278652891,1.3134101255270245,0.9403170224021105,1.3589474235789551,1.135990237096689,1.1691877453119053,1.2135734663086355,1.2302736157896959,1.3140750698436412,1.240857690085766,1.3036770591191562,1.2738624285044955,1.2348917591677222,1.21971361261828,0.9395625631626351,0.8545529066038504,1.361107566184447,1.3939706653343473,1.1798363901120172,1.3734614694562985,1.303462887143825,1.3756976958447222,1.57497234622959,1.3157326987214626,1.4050969376841036,1.5363614930060479,1.573627749081349,1.271206826946347,0.9494085239922958,1.277326577914007
Epoch 0001 [Test seq (cond on sampled tp)] | Best Test MAPE 1.949005|Best Test RMSE 1.269714|Best Test MAE 1.057510|
Experiment 09-05_06:07
Epoch 0002 [Train seq (cond on sampled tp)] | Loss 443.134580 | MAPE 2.332391 | RMSE 0.817833 | Likelihood -441.144929 | KL fp 1.9897 | FP STD 0.6631 | ->nfe  188.00 | <-nfe  188.00
Epoch 0002 [Val seq (cond on sampled tp)] |  MAPE 3.498845 | RMSE 0.785716 | MAE 0.741422 |
Best Val!
Epoch 0002 [Test seq (cond on sampled tp)] | MAPE 1.938737 | RMSE 1.261668| MAE 1.062328|
1.3647996187210083,1.7010952234268188,0.7409102320671082,12.96153736114502,1.0142923593521118,0.6780880689620972,0.8560178875923157,1.1082148551940918,0.9941869974136353,3.3635780811309814,1.607845664024353,1.9348214864730835,0.5215938091278076,0.32524165511131287,3.3593385219573975,1.6260274648666382,0.9406900405883789,2.232184410095215,0.5709125399589539,0.9048020243644714,0.4281570017337799,0.9032316207885742,0.39609697461128235,0.5135717391967773,0.41723570227622986,12.844383239746094,0.9935011863708496,1.6473156213760376,0.375822514295578,0.8366177678108215
1.5940959779282187,1.3258197749603693,0.7214174529774136,1.286877763253312,1.201363152881856,1.3395956271226916,1.2422297248621346,1.1512252293012484,1.1875989270413243,1.2091448404685141,1.2971341437217574,1.374966837743185,1.2216470471602623,1.2010939658105109,1.0457307625938346,1.026547547671322,1.2458405431753576,1.6218323277499178,0.9825456363086649,1.1264830456781485,1.2357680753188167,1.2292002118377057,1.3694022414380629,1.1799661168390059,1.367494515960688,1.5513563651137605,1.5746438940831091,1.2687619269801689,1.4419698466244772,1.2282920354959934
1.3647996187210083,1.7010952234268188,0.7409102320671082,12.96153736114502,1.0142923593521118,0.6780880689620972,0.8560178875923157,1.1082148551940918,0.9941869974136353,3.3635780811309814,1.607845664024353,1.9348214864730835,0.5215938091278076,0.32524165511131287,3.3593385219573975,1.6260274648666382,0.9406900405883789,2.232184410095215,0.5709125399589539,0.9048020243644714,0.4281570017337799,0.9032316207885742,0.39609697461128235,0.5135717391967773,0.41723570227622986,12.844383239746094,0.9935011863708496,1.6473156213760376,0.375822514295578,0.8366177678108215
1.5940959779282187,1.3258197749603693,0.7214174529774136,1.286877763253312,1.201363152881856,1.3395956271226916,1.2422297248621346,1.1512252293012484,1.1875989270413243,1.2091448404685141,1.2971341437217574,1.374966837743185,1.2216470471602623,1.2010939658105109,1.0457307625938346,1.026547547671322,1.2458405431753576,1.6218323277499178,0.9825456363086649,1.1264830456781485,1.2357680753188167,1.2292002118377057,1.3694022414380629,1.1799661168390059,1.367494515960688,1.5513563651137605,1.5746438940831091,1.2687619269801689,1.4419698466244772,1.2282920354959934
Epoch 0002 [Test seq (cond on sampled tp)] | Best Test MAPE 1.938737|Best Test RMSE 1.261668|Best Test MAE 1.062328|
Experiment 09-05_06:07
Epoch 0003 [Train seq (cond on sampled tp)] | Loss 359.939723 | MAPE 2.314170 | RMSE 0.822731 | Likelihood -357.689585 | KL fp 2.2501 | FP STD 0.6764 | ->nfe  188.00 | <-nfe  188.00
Epoch 0003 [Val seq (cond on sampled tp)] |  MAPE 3.083853 | RMSE 0.790698 | MAE 0.737959 |
Best Val!
Epoch 0003 [Test seq (cond on sampled tp)] | MAPE 1.913597 | RMSE 1.267263| MAE 1.062970|
1.6693861484527588,1.5803935527801514,0.8036136627197266,12.783638000488281,1.097180962562561,0.6124266982078552,1.3073980808258057,1.0331436395645142,1.191029667854309,3.760106325149536,1.4740079641342163,1.634796142578125,0.519124448299408,0.38583946228027344,3.2026004791259766,1.7077276706695557,0.8473017811775208,2.4920032024383545,0.5544402003288269,0.8492407202720642,0.4336162507534027,0.9497448801994324,0.45452967286109924,0.5414228439331055,0.44164538383483887,11.32165813446045,0.9796213507652283,1.6037253141403198,0.408261775970459,0.7682785987854004
1.539417748672721,1.2899689695041623,0.7761711208913871,1.2385799877932002,1.2943237212010261,1.187482482379402,1.2579832257333567,1.1457987462227837,1.3164283003502597,1.2265295036396984,1.2577645902809136,1.3234491052760515,1.2845526672144343,1.3749930208202448,1.057535747798631,1.0356683004440257,1.2401639663054433,1.6497890482057735,0.9762156671697434,1.1294868850385653,1.256626826083971,1.2148030265041883,1.3568515814574926,1.3190362845542587,1.3336407734156843,1.4617189163705393,1.5566768474504609,1.225637390758824,1.4417105666222179,1.2488763049976692
1.6693861484527588,1.5803935527801514,0.8036136627197266,12.783638000488281,1.097180962562561,0.6124266982078552,1.3073980808258057,1.0331436395645142,1.191029667854309,3.760106325149536,1.4740079641342163,1.634796142578125,0.519124448299408,0.38583946228027344,3.2026004791259766,1.7077276706695557,0.8473017811775208,2.4920032024383545,0.5544402003288269,0.8492407202720642,0.4336162507534027,0.9497448801994324,0.45452967286109924,0.5414228439331055,0.44164538383483887,11.32165813446045,0.9796213507652283,1.6037253141403198,0.408261775970459,0.7682785987854004
1.539417748672721,1.2899689695041623,0.7761711208913871,1.2385799877932002,1.2943237212010261,1.187482482379402,1.2579832257333567,1.1457987462227837,1.3164283003502597,1.2265295036396984,1.2577645902809136,1.3234491052760515,1.2845526672144343,1.3749930208202448,1.057535747798631,1.0356683004440257,1.2401639663054433,1.6497890482057735,0.9762156671697434,1.1294868850385653,1.256626826083971,1.2148030265041883,1.3568515814574926,1.3190362845542587,1.3336407734156843,1.4617189163705393,1.5566768474504609,1.225637390758824,1.4417105666222179,1.2488763049976692
Epoch 0003 [Test seq (cond on sampled tp)] | Best Test MAPE 1.913597|Best Test RMSE 1.267263|Best Test MAE 1.062970|
Experiment 09-05_06:07
Epoch 0004 [Train seq (cond on sampled tp)] | Loss 332.063757 | MAPE 2.264582 | RMSE 0.815045 | Likelihood -329.908885 | KL fp 2.1549 | FP STD 0.7436 | ->nfe  188.00 | <-nfe  188.00
Epoch 0004 [Val seq (cond on sampled tp)] |  MAPE 2.984150 | RMSE 0.780344 | MAE 0.735208 |
Best Val!
Epoch 0004 [Test seq (cond on sampled tp)] | MAPE 1.879730 | RMSE 1.244115| MAE 1.039353|
2.36204195022583,1.8544014692306519,0.8530909419059753,12.835278511047363,1.03410804271698,0.6112905740737915,0.8658605813980103,0.9943007826805115,1.1386358737945557,3.34171462059021,1.4803560972213745,1.583860158920288,0.49688059091567993,0.3725963830947876,2.8914430141448975,1.536529541015625,0.8657223582267761,2.620478391647339,0.5431663393974304,0.8750308156013489,0.4013445973396301,0.9457480311393738,0.43347692489624023,0.5452950596809387,0.41142088174819946,10.944911003112793,0.9606747031211853,1.5221970081329346,0.360801100730896,0.7092525362968445
1.5338446763095313,1.3726895601315916,0.8089972332457961,1.2599704782872476,1.3079184540518345,1.1564559237652576,1.2253722715112976,1.146248268367412,1.2509468783833013,1.1515903402247318,1.1913724300399628,1.2283177057166696,1.2280238976250106,1.3592912494686185,1.0395279035653417,0.9872441334553744,1.2822177302687527,1.6081054272370494,0.9059063490071072,1.047392702912076,1.2110335281197477,1.2789934337170035,1.3354902801616986,1.2911410595414623,1.373688288891456,1.4474679082234998,1.526086235914482,1.1953803647790642,1.3976471868128406,1.1750900923907857
2.36204195022583,1.8544014692306519,0.8530909419059753,12.835278511047363,1.03410804271698,0.6112905740737915,0.8658605813980103,0.9943007826805115,1.1386358737945557,3.34171462059021,1.4803560972213745,1.583860158920288,0.49688059091567993,0.3725963830947876,2.8914430141448975,1.536529541015625,0.8657223582267761,2.620478391647339,0.5431663393974304,0.8750308156013489,0.4013445973396301,0.9457480311393738,0.43347692489624023,0.5452950596809387,0.41142088174819946,10.944911003112793,0.9606747031211853,1.5221970081329346,0.360801100730896,0.7092525362968445
1.5338446763095313,1.3726895601315916,0.8089972332457961,1.2599704782872476,1.3079184540518345,1.1564559237652576,1.2253722715112976,1.146248268367412,1.2509468783833013,1.1515903402247318,1.1913724300399628,1.2283177057166696,1.2280238976250106,1.3592912494686185,1.0395279035653417,0.9872441334553744,1.2822177302687527,1.6081054272370494,0.9059063490071072,1.047392702912076,1.2110335281197477,1.2789934337170035,1.3354902801616986,1.2911410595414623,1.373688288891456,1.4474679082234998,1.526086235914482,1.1953803647790642,1.3976471868128406,1.1750900923907857
Epoch 0004 [Test seq (cond on sampled tp)] | Best Test MAPE 1.879730|Best Test RMSE 1.244115|Best Test MAE 1.039353|
Experiment 09-05_06:07
Epoch 0005 [Train seq (cond on sampled tp)] | Loss 331.595283 | MAPE 2.306104 | RMSE 0.813610 | Likelihood -329.533757 | KL fp 2.0615 | FP STD 0.6831 | ->nfe  188.00 | <-nfe  188.00
Epoch 0005 [Val seq (cond on sampled tp)] |  MAPE 3.016556 | RMSE 0.788950 | MAE 0.736264 |
Epoch 0005 [Test seq (cond on sampled tp)] | MAPE 1.980477 | RMSE 1.267165| MAE 1.062429|
1.2875312566757202,1.9330943822860718,0.7823053002357483,11.974139213562012,0.9799604415893555,0.5481058955192566,0.878006100654602,1.1051836013793945,1.1494134664535522,5.076181888580322,1.4013770818710327,2.048478364944458,0.5370859503746033,0.33563193678855896,3.6536636352539062,1.570324182510376,0.8220543265342712,2.1728715896606445,0.6398770213127136,1.0069488286972046,0.4277918338775635,0.8903682827949524,0.43709906935691833,0.567979097366333,0.42367488145828247,12.969797134399414,1.063979983329773,1.6625350713729858,0.3340931534767151,0.7347539067268372
1.601063273707443,1.2103860399285806,0.829210074325269,1.2334896244220395,1.3430565220065465,1.1973971968227266,1.3394767770267044,1.1125948747620042,1.2633633126314314,1.3137171868782505,1.2173671212815365,1.3397505925215123,1.3349317367474312,1.1816385064224293,1.0495827231734136,1.0042802878293102,1.2049345799649205,1.567809049934422,1.0105014385305637,1.1485059549080132,1.332821519291224,1.2586518324574556,1.284701002936641,1.3301405030802462,1.4312609576343045,1.4838386771385692,1.6328467406556713,1.1953617160613086,1.299388609682326,1.2628732129639102
Experiment 09-05_06:07
Epoch 0006 [Train seq (cond on sampled tp)] | Loss 324.822910 | MAPE 2.290474 | RMSE 0.811342 | Likelihood -322.739000 | KL fp 2.0839 | FP STD 0.6746 | ->nfe  188.00 | <-nfe  188.00
Epoch 0006 [Val seq (cond on sampled tp)] |  MAPE 2.942290 | RMSE 0.804141 | MAE 0.741645 |
Best Val!
Epoch 0006 [Test seq (cond on sampled tp)] | MAPE 2.061110 | RMSE 1.261112| MAE 1.057485|
1.476986289024353,1.8512852191925049,0.6297137141227722,11.994271278381348,1.0418466329574585,0.5657790899276733,0.9122987985610962,1.0433123111724854,1.2096004486083984,7.55154275894165,1.4025591611862183,1.7771786451339722,0.5411041378974915,0.3756495416164398,3.848529577255249,1.6508899927139282,0.8484287261962891,2.165870428085327,0.6101076006889343,1.0227341651916504,0.425129234790802,0.8775137066841125,0.4093198776245117,0.54354327917099,0.4405832290649414,12.751930236816406,1.0158090591430664,1.749184489250183,0.33853116631507874,0.7620531916618347
1.5610075880473504,1.1722858471700837,0.7684846916461011,1.2696537839002766,1.296532735126655,1.210884979093514,1.3618780308865228,1.1164816914315885,1.2949195274918626,1.2300376500205754,1.1852426154214983,1.262691300128365,1.3301651935955596,1.2655421100364028,1.0038891505109875,1.0140870995028548,1.246611867115044,1.6017851139826287,1.0211500857163915,1.1696220612419206,1.30252659182943,1.2320471434212108,1.2284416334130717,1.2769064898536076,1.4346077890090805,1.5148721771956792,1.7159639840070011,1.2417531243675315,1.2043471136264672,1.2989494095011163
Experiment 09-05_06:07
Epoch 0007 [Train seq (cond on sampled tp)] | Loss 321.629565 | MAPE 2.320062 | RMSE 0.813703 | Likelihood -319.696030 | KL fp 1.9335 | FP STD 0.6859 | ->nfe  188.00 | <-nfe  188.00
Epoch 0007 [Val seq (cond on sampled tp)] |  MAPE 3.109548 | RMSE 0.785996 | MAE 0.739245 |
Epoch 0007 [Test seq (cond on sampled tp)] | MAPE 1.911467 | RMSE 1.248757| MAE 1.046637|
1.5682159662246704,1.744760513305664,0.813676655292511,12.90866756439209,1.0616310834884644,0.6362406611442566,1.0000454187393188,1.011473298072815,1.2335237264633179,3.4293839931488037,1.4299582242965698,1.7049516439437866,0.4986476004123688,0.3510058522224426,3.208927869796753,1.5993040800094604,0.8316763043403625,2.391277313232422,0.5496137738227844,0.9575127959251404,0.4206527769565582,0.9255461096763611,0.4385014474391937,0.5438365340232849,0.4107922613620758,12.055256843566895,0.9518232345581055,1.5695514678955078,0.3519149720668793,0.7456358671188354
1.5503438721957956,1.3108806156734025,0.777663811970145,1.2466958722775159,1.34521081165741,1.229641348567737,1.2583293918943677,1.1162108307018213,1.2311997921383926,1.2127250521517208,1.2118013807563073,1.2662483375741753,1.2299562385961926,1.2826230205404996,1.0338696239222351,1.0204266237515853,1.2310417657579809,1.585781521948914,0.9219725928939412,1.1075177294170986,1.2738215797534571,1.2279078400787278,1.3384253554023653,1.2791436722435532,1.3699092693635395,1.4844089704943042,1.5225005569832821,1.2114233703466286,1.3822395732677493,1.2027861873596037
Experiment 09-05_06:07
Epoch 0008 [Train seq (cond on sampled tp)] | Loss 318.494343 | MAPE 2.310476 | RMSE 0.812620 | Likelihood -316.497888 | KL fp 1.9965 | FP STD 0.7572 | ->nfe  188.00 | <-nfe  188.00
Epoch 0008 [Val seq (cond on sampled tp)] |  MAPE 3.494919 | RMSE 0.790000 | MAE 0.738749 |
Epoch 0008 [Test seq (cond on sampled tp)] | MAPE 1.942274 | RMSE 1.266466| MAE 1.060536|
1.5581721067428589,1.745992660522461,0.6543603539466858,11.852753639221191,1.0671533346176147,0.586077868938446,0.8780118823051453,1.135060429573059,1.2100270986557007,5.2000203132629395,1.369738221168518,1.7408205270767212,0.5284795165061951,0.3518087863922119,3.566664934158325,1.5789713859558105,0.8240385055541992,2.2029242515563965,0.6044250726699829,1.0244699716567993,0.43580809235572815,0.912820041179657,0.4304400384426117,0.5789939761161804,0.448310524225235,11.97495174407959,0.9887142181396484,1.6905854940414429,0.37632784247398376,0.7512927651405334
1.6004449434305807,1.2126037454955279,0.7871845294673733,1.248354687289518,1.313875794272645,1.2117358129641633,1.3481271114695377,1.15382042360961,1.3170417587362466,1.2063617516176444,1.2062813117356177,1.2644498573428342,1.3213291204432187,1.2623875973963705,0.9663870202805739,0.9941908068629204,1.2032398813069105,1.5992959708768006,0.9929165902233108,1.2175594775106224,1.2989672593475685,1.225412157360204,1.2689001774346078,1.3685643266131797,1.4649954348548353,1.4523845139518623,1.6046644734752096,1.2193835152505177,1.4000827339113107,1.2630255577811795
Experiment 09-05_06:07
Epoch 0009 [Train seq (cond on sampled tp)] | Loss 308.372648 | MAPE 2.305341 | RMSE 0.811985 | Likelihood -306.555095 | KL fp 1.8176 | FP STD 0.7363 | ->nfe  188.00 | <-nfe  188.00
Epoch 0009 [Val seq (cond on sampled tp)] |  MAPE 3.221104 | RMSE 0.789653 | MAE 0.739849 |
Epoch 0009 [Test seq (cond on sampled tp)] | MAPE 1.949974 | RMSE 1.266916| MAE 1.066534|
1.5329890251159668,1.7460018396377563,0.7240362763404846,11.661933898925781,1.0547797679901123,0.6028942465782166,0.970424473285675,1.1203769445419312,1.1983140707015991,5.266289234161377,1.4023973941802979,1.7614526748657227,0.5209566950798035,0.3522663712501526,3.6152000427246094,1.608486533164978,0.8146522641181946,2.117893934249878,0.5985530018806458,0.9747709631919861,0.45506182312965393,0.9181913733482361,0.4392184317111969,0.5701985359191895,0.4295361638069153,12.178454399108887,0.988913357257843,1.7157617807388306,0.37863707542419434,0.7805758714675903
1.5915873945511188,1.2241719756109748,0.7719228150542485,1.24244015601357,1.2980773591586954,1.2445563994486917,1.353072937631178,1.1269026138383673,1.2514790844116364,1.2091949230251555,1.2092286388536557,1.3171176063755101,1.2978426069721356,1.2642484643650365,1.0287987446505895,0.9865458635263299,1.1989534562997972,1.6328439663862075,0.98412159276833,1.1811732353012374,1.3278346024718615,1.1958251551881238,1.2796655953457372,1.350723844315558,1.432441268968536,1.4845970389288186,1.605734847169377,1.2149614970067917,1.4196676370355126,1.2817582308715327
Experiment 09-05_06:07
Epoch 0010 [Train seq (cond on sampled tp)] | Loss 306.325945 | MAPE 2.302453 | RMSE 0.810088 | Likelihood -304.550356 | KL fp 1.7756 | FP STD 0.7496 | ->nfe  188.00 | <-nfe  188.00
Epoch 0010 [Val seq (cond on sampled tp)] |  MAPE 3.603077 | RMSE 0.792634 | MAE 0.742091 |
Epoch 0010 [Test seq (cond on sampled tp)] | MAPE 1.961217 | RMSE 1.280063| MAE 1.071458|
1.5471735000610352,1.6737078428268433,0.6723931431770325,11.45750617980957,1.1004889011383057,0.582098126411438,1.0430208444595337,1.2752866744995117,1.2597564458847046,6.4994215965271,1.4314638376235962,1.7454601526260376,0.5090651512145996,0.3756454586982727,3.6551785469055176,1.6784725189208984,0.8217054605484009,1.9443861246109009,0.5915857553482056,0.9260885119438171,0.44726476073265076,0.9195192456245422,0.4261394441127777,0.6056731343269348,0.45813748240470886,11.222386360168457,0.9613609313964844,1.8355236053466797,0.3628973960876465,0.8077114224433899
1.6055562164909531,1.176927888221745,0.774196175593551,1.2527866772497456,1.2597609408979051,1.2639957820604666,1.410788228026905,1.151794664848757,1.290598422462638,1.221076554209661,1.2789781013117265,1.3152622946168369,1.302044595777937,1.2791322558534683,1.0395882789224067,0.9782989627567092,1.1795425325966542,1.6207872215844272,1.0018415184399518,1.2428314171479131,1.321992831919133,1.2193520843839685,1.2383164361713948,1.431475079425114,1.4631649722668751,1.503450795354515,1.6817877125850416,1.2405722330628202,1.3298527418802297,1.3261378512842568
Experiment 09-05_06:07
Epoch 0011 [Train seq (cond on sampled tp)] | Loss 320.072935 | MAPE 2.295354 | RMSE 0.811779 | Likelihood -318.374286 | KL fp 1.6986 | FP STD 0.7103 | ->nfe  188.00 | <-nfe  188.00
Epoch 0011 [Val seq (cond on sampled tp)] |  MAPE 3.095995 | RMSE 0.789390 | MAE 0.740380 |
Epoch 0011 [Test seq (cond on sampled tp)] | MAPE 1.897547 | RMSE 1.252154| MAE 1.047841|
1.556391954421997,1.6551411151885986,0.750710129737854,12.354033470153809,1.0586076974868774,0.6291317939758301,1.0037294626235962,1.0579982995986938,1.1996039152145386,4.209926605224609,1.372588872909546,1.607438325881958,0.5033232569694519,0.35472166538238525,3.2697842121124268,1.6290943622589111,0.8241744041442871,2.1686155796051025,0.5576602816581726,0.9372272491455078,0.4317135810852051,0.910716712474823,0.4405058026313782,0.5647578239440918,0.41982585191726685,11.732680320739746,0.9629573822021484,1.629463791847229,0.38110822439193726,0.7527763247489929
1.5640362625893878,1.26173689034947,0.7697496055981132,1.2388535870643431,1.3004230544497561,1.219447401000204,1.281020725484601,1.1069464091739958,1.280085662642664,1.173017275726115,1.1932683182610437,1.2692533687766998,1.2624554446828076,1.2757465047128718,1.0735301637147396,0.9940951173930096,1.210106349086159,1.5957158250431727,0.9517537242755414,1.1342243735613728,1.281672570860268,1.2176994295123758,1.3040798851040887,1.3376501159562972,1.4044014118530816,1.4626206274903713,1.5672662139019802,1.2072912139935614,1.3775021155284,1.2489657892042276
Experiment 09-05_06:07
Epoch 0012 [Train seq (cond on sampled tp)] | Loss 310.073188 | MAPE 2.293351 | RMSE 0.810394 | Likelihood -308.349569 | KL fp 1.7236 | FP STD 0.6674 | ->nfe  188.00 | <-nfe  188.00
Epoch 0012 [Val seq (cond on sampled tp)] |  MAPE 3.041275 | RMSE 0.784089 | MAE 0.738526 |
Epoch 0012 [Test seq (cond on sampled tp)] | MAPE 1.917924 | RMSE 1.254029| MAE 1.051831|
1.6832207441329956,1.6277811527252197,0.778700053691864,12.579623222351074,1.109864592552185,0.6219543814659119,1.0977267026901245,1.0376640558242798,1.2883765697479248,4.237137317657471,1.4056895971298218,1.6058889627456665,0.49617430567741394,0.356096476316452,2.9923441410064697,1.686414361000061,0.8304930925369263,2.272620916366577,0.542140781879425,0.8917097449302673,0.43291139602661133,0.9325112700462341,0.43981051445007324,0.5654144287109375,0.4209956228733063,11.90795612335205,0.9642038345336914,1.606057047843933,0.3789122700691223,0.7473246455192566
1.5212770450542,1.2890488132559383,0.7785523952867437,1.2302014257294702,1.3187269362471248,1.2086914890964564,1.3109896916581423,1.1271638193966464,1.280240149396213,1.186751631782845,1.2039468608643387,1.2702261563431774,1.232654483081636,1.3041564408816493,1.0353463052422942,1.0038767413244296,1.2203708043743806,1.6008706436032423,0.935162586773888,1.1225064511527933,1.2560181702739126,1.2253635159072749,1.3239727410653768,1.3402724845179963,1.3722920194542103,1.503888573480736,1.5566194884661309,1.2219203891762922,1.4209809059776977,1.21878320697637
Experiment 09-05_06:07
Epoch 0013 [Train seq (cond on sampled tp)] | Loss 303.640267 | MAPE 2.315887 | RMSE 0.810394 | Likelihood -302.054392 | KL fp 1.5859 | FP STD 0.6564 | ->nfe  188.00 | <-nfe  188.00
Epoch 0013 [Val seq (cond on sampled tp)] |  MAPE 3.235897 | RMSE 0.785743 | MAE 0.739869 |
Epoch 0013 [Test seq (cond on sampled tp)] | MAPE 1.943337 | RMSE 1.260453| MAE 1.056092|
1.6079952716827393,1.6297874450683594,0.7216021418571472,12.141448020935059,1.0649185180664062,0.6030174493789673,1.0815820693969727,1.0993198156356812,1.2193440198898315,5.226104259490967,1.4191197156906128,1.6267207860946655,0.5054635405540466,0.35767343640327454,3.3807218074798584,1.6577816009521484,0.8235330581665039,2.1127381324768066,0.5707768797874451,0.9339130520820618,0.4434634745121002,0.9069498181343079,0.4382753372192383,0.5793154239654541,0.4363430142402649,11.860796928405762,0.9773311614990234,1.7278881072998047,0.3899610936641693,0.7562117576599121
1.5850842064231245,1.2387158807392016,0.7591506312575395,1.2450864062524853,1.2755881093815244,1.218390436195439,1.336608138376632,1.1150687340219538,1.2565660164610017,1.1982893433187491,1.223976470596445,1.2747647442411072,1.267314348562907,1.2902823947120812,1.0354262665598433,0.9863428398016691,1.2055093497598426,1.6264198409227377,0.9678451865628578,1.1831381648037036,1.296664393226049,1.1976371051927868,1.2994297097171534,1.3741117989894895,1.4135544427993827,1.4947276439535728,1.5983156368454703,1.2420408534212484,1.351729366166878,1.2558173710990537
Experiment 09-05_06:07
Epoch 0014 [Train seq (cond on sampled tp)] | Loss 296.400770 | MAPE 2.259132 | RMSE 0.811385 | Likelihood -294.699944 | KL fp 1.7008 | FP STD 0.6123 | ->nfe  188.00 | <-nfe  188.00
Epoch 0014 [Val seq (cond on sampled tp)] |  MAPE 3.323034 | RMSE 0.788556 | MAE 0.740277 |
Epoch 0014 [Test seq (cond on sampled tp)] | MAPE 1.970846 | RMSE 1.267860| MAE 1.064676|
1.5430946350097656,1.7253299951553345,0.6948675513267517,11.696768760681152,1.0572952032089233,0.5868355631828308,1.0017077922821045,1.15986967086792,1.190791368484497,5.863772869110107,1.4503755569458008,1.7158762216567993,0.5214375853538513,0.3684867024421692,3.711880922317505,1.6389055252075195,0.8169277310371399,2.0435338020324707,0.5926041603088379,0.9762737154960632,0.4487575590610504,0.8997808694839478,0.4340287148952484,0.5925795435905457,0.44114255905151367,12.057982444763184,0.9919684529304504,1.7672407627105713,0.3699421286582947,0.7653159499168396
1.6094599581024778,1.197897266838993,0.769592089111826,1.2495785956543628,1.2778942076993198,1.2260936156713131,1.300555647797934,1.1142887843355218,1.2906621082503893,1.1807284783270329,1.2548518908064061,1.2632950894665798,1.303916840598842,1.3395303075963518,1.0375984604776296,0.98514021543542,1.18725819384506,1.6022753361939588,0.996727356694891,1.219165242199295,1.3246916880072328,1.197794015106317,1.2617434094738549,1.3940357856097774,1.4523053062074636,1.4959942259192596,1.6328633861734678,1.2263366102454978,1.3512618331320478,1.2922701605081919
Experiment 09-05_06:07
Epoch 0015 [Train seq (cond on sampled tp)] | Loss 286.965845 | MAPE 2.229025 | RMSE 0.811721 | Likelihood -285.254454 | KL fp 1.7114 | FP STD 0.6406 | ->nfe  188.00 | <-nfe  188.00
Epoch 0015 [Val seq (cond on sampled tp)] |  MAPE 3.168091 | RMSE 0.789413 | MAE 0.738918 |
Epoch 0015 [Test seq (cond on sampled tp)] | MAPE 1.955585 | RMSE 1.267794| MAE 1.068507|
1.489569067955017,1.802708625793457,0.7450912594795227,11.972978591918945,1.0374473333358765,0.5854716897010803,1.0093039274215698,1.0795751810073853,1.1624284982681274,5.008859157562256,1.4141645431518555,1.791225790977478,0.5109362602233887,0.35282403230667114,3.5993812084198,1.6040775775909424,0.8255764245986938,2.1644952297210693,0.5835023522377014,0.9838389754295349,0.4687114655971527,0.8969874382019043,0.4378681182861328,0.5719942450523376,0.4248983561992645,12.309786796569824,0.9994053244590759,1.692544937133789,0.386756956577301,0.7551528811454773
1.554986819490462,1.2328157838262763,0.7853772435973617,1.2433688705997368,1.305856877357954,1.1940708068862207,1.3083938218163613,1.084665555256667,1.3278767522042454,1.2045497632481248,1.2172918644677024,1.3472593303476963,1.2782845022199567,1.2778375353638145,1.0336479859023917,0.9927852662181252,1.2116132265992978,1.6331531224126958,0.9678932523803374,1.1696020845151973,1.3683245916625553,1.2228502113616309,1.2768273665944323,1.3352960306906656,1.4290762673454538,1.477756723733577,1.595387160210256,1.2066050644336899,1.482258864375139,1.2681111536073808
Experiment 09-05_06:07
Epoch 0016 [Train seq (cond on sampled tp)] | Loss 285.614137 | MAPE 2.285270 | RMSE 0.810900 | Likelihood -283.868436 | KL fp 1.7457 | FP STD 0.5894 | ->nfe  188.00 | <-nfe  188.00
Epoch 0016 [Val seq (cond on sampled tp)] |  MAPE 2.946182 | RMSE 0.788128 | MAE 0.739448 |
Epoch 0016 [Test seq (cond on sampled tp)] | MAPE 1.908862 | RMSE 1.243911| MAE 1.042648|
1.5214327573776245,1.7970068454742432,0.8338538408279419,12.71701717376709,1.0500919818878174,0.6134347915649414,0.950543224811554,1.0014821290969849,1.1718591451644897,3.3475358486175537,1.406140685081482,1.7386564016342163,0.4992538392543793,0.371646523475647,3.1552023887634277,1.5583186149597168,0.8455232977867126,2.4288971424102783,0.5648831725120544,0.9466380476951599,0.41115066409111023,0.903718113899231,0.43595796823501587,0.5614280104637146,0.3984662890434265,12.435709953308105,0.9676567912101746,1.5573807954788208,0.3398214876651764,0.7351447939872742
1.5213527402138696,1.3142979432508533,0.804312720566483,1.2318173722984624,1.3440120796302224,1.1816223647543125,1.238477432642909,1.1186442447737155,1.1876014866879678,1.185631788251444,1.1779234372243395,1.2680723287850237,1.2281230547940523,1.3540729294636513,1.0453993802537498,1.0073472952776628,1.2558004742183602,1.5823867963463747,0.9432423205049155,1.0839988913723952,1.251551333031145,1.2376156049733387,1.3280111825081515,1.3128589865797424,1.3642662883650896,1.4661392383415819,1.5081522662547135,1.2098708346287592,1.356179965975355,1.2085342185432035
