/nvme/yuanjingyang/CG-ODE/run_models_covid.py
run_models_covid.py --heavyBall --gamma_guess -3.0 --corr 0
Namespace(save='experiments/', load=None, dataset='Dec', datapath='data/', pred_length=14, condition_length=21, features='Confirmed,Deaths,Recovered,Mortality_Rate,Testing_Rate,Population,Mobility', split_interval=3, feature_out='Deaths', niters=100, lr=0.005, batch_size=8, random_seed=1991, dropout=0.2, l2=1e-05, optimizer='AdamW', clip=10, edge_lamda=0.5, z0_encoder='GTrans', rec_dims=64, ode_dims=20, rec_layers=1, gen_layers=1, CVPR=False, graf_layer=1, heavyBall=True, actv_h=None, gamma_guess=-3.0, gamma_act='sigmoid', corr=0, corrf=True, sign=1, augment_dim=0, solver='rk4', alias='run', output_dim=1, feature_out_index=[1], num_atoms=50)
run
Experiment 07-08_00:44
Epoch 0001 [Train seq (cond on sampled tp)] | Loss 4398264.752509 | MAPE 0.063349 | RMSE 286.478068 | Likelihood -4398263.234725 | KL fp 1.5178 | FP STD 0.4242|
Epoch 0001 [Val seq (cond on sampled tp)] |  MAPE 0.058030 | RMSE 305.857172 |
Best Val!
Epoch 0001 [Test seq (cond on sampled tp)] | MAPE 0.121841 | RMSE 906.365612|
0.134992316365242,0.12613321840763092,0.10439833998680115
851.5480388680371,937.3580225826203,930.1907734438136
0.134992316365242,0.12613321840763092,0.10439833998680115
851.5480388680371,937.3580225826203,930.1907734438136
Epoch 0001 [Test seq (cond on sampled tp)] | Best Test MAPE 0.121841|Best Test RMSE 906.365612|
Experiment 07-08_00:44
Epoch 0002 [Train seq (cond on sampled tp)] | Loss 4201399.021557 | MAPE 0.095044 | RMSE 276.216859 | Likelihood -4201395.906931 | KL fp 3.1146 | FP STD 0.6522|
Epoch 0002 [Val seq (cond on sampled tp)] |  MAPE 0.066812 | RMSE 281.142452 |
Epoch 0002 [Test seq (cond on sampled tp)] | MAPE 0.110212 | RMSE 866.721566|
0.11924802511930466,0.11296498775482178,0.09842181950807571
809.1753904438765,896.4025672096215,894.5867411827653
0.11924802511930466,0.11296498775482178,0.09842181950807571
809.1753904438765,896.4025672096215,894.5867411827653
Epoch 0002 [Test seq (cond on sampled tp)] | Best Test MAPE 0.110212|Best Test RMSE 866.721566|
Experiment 07-08_00:44
Epoch 0003 [Train seq (cond on sampled tp)] | Loss 3844352.195962 | MAPE 0.235302 | RMSE 256.621150 | Likelihood -3844346.209071 | KL fp 5.9869 | FP STD 0.8415|
Epoch 0003 [Val seq (cond on sampled tp)] |  MAPE 0.100061 | RMSE 239.608983 |
Epoch 0003 [Test seq (cond on sampled tp)] | MAPE 0.133499 | RMSE 787.987540|
0.14122304320335388,0.13641317188739777,0.12286147475242615
726.6792191194131,818.4217662672469,818.8616336109538
Experiment 07-08_00:44
Epoch 0004 [Train seq (cond on sampled tp)] | Loss 3542680.266417 | MAPE 0.472145 | RMSE 238.889309 | Likelihood -3542672.285611 | KL fp 7.9808 | FP STD 0.7681|
Epoch 0004 [Val seq (cond on sampled tp)] |  MAPE 0.119548 | RMSE 205.291237 |
Epoch 0004 [Test seq (cond on sampled tp)] | MAPE 0.134792 | RMSE 713.355038|
0.14168091118335724,0.13235311210155487,0.13034221529960632
647.3807081231259,743.5521585605142,749.132248004316
Experiment 07-08_00:44
Epoch 0005 [Train seq (cond on sampled tp)] | Loss 3172439.725470 | MAPE 0.369427 | RMSE 214.435282 | Likelihood -3172434.772410 | KL fp 4.9531 | FP STD 0.4913|
Epoch 0005 [Val seq (cond on sampled tp)] |  MAPE 0.043505 | RMSE 174.772749 |
Best Val!
Epoch 0005 [Test seq (cond on sampled tp)] | MAPE 0.062023 | RMSE 653.660259|
0.06840388476848602,0.06308970600366592,0.05457524210214615
588.5171779565997,688.4103064306926,684.0532919663497
0.06840388476848602,0.06308970600366592,0.05457524210214615
588.5171779565997,688.4103064306926,684.0532919663497
Epoch 0005 [Test seq (cond on sampled tp)] | Best Test MAPE 0.062023|Best Test RMSE 653.660259|
Experiment 07-08_00:44
Epoch 0006 [Train seq (cond on sampled tp)] | Loss 2850361.665696 | MAPE 0.074594 | RMSE 191.170632 | Likelihood -2850357.532534 | KL fp 4.1332 | FP STD 0.5627|
Epoch 0006 [Val seq (cond on sampled tp)] |  MAPE 0.031884 | RMSE 151.048995 |
Best Val!
Epoch 0006 [Test seq (cond on sampled tp)] | MAPE 0.064311 | RMSE 579.590106|
0.07428935170173645,0.06472741067409515,0.05391686409711838
508.5635407694893,616.7211940982733,613.4855845902167
Experiment 07-08_00:44
Epoch 0007 [Train seq (cond on sampled tp)] | Loss 2555115.135187 | MAPE 0.055974 | RMSE 166.747101 | Likelihood -2555111.263058 | KL fp 3.8721 | FP STD 0.4896|
Epoch 0007 [Val seq (cond on sampled tp)] |  MAPE 0.026862 | RMSE 126.873183 |
Best Val!
Epoch 0007 [Test seq (cond on sampled tp)] | MAPE 0.056690 | RMSE 504.531993|
0.0673513114452362,0.05780894309282303,0.044910892844200134
435.6161584468602,540.8105317484119,537.1692877948254
0.0673513114452362,0.05780894309282303,0.044910892844200134
435.6161584468602,540.8105317484119,537.1692877948254
Epoch 0007 [Test seq (cond on sampled tp)] | Best Test MAPE 0.056690|Best Test RMSE 504.531993|
Experiment 07-08_00:44
Epoch 0008 [Train seq (cond on sampled tp)] | Loss 2387413.878373 | MAPE 0.039323 | RMSE 149.874750 | Likelihood -2387410.652142 | KL fp 3.2262 | FP STD 0.4140|
Epoch 0008 [Val seq (cond on sampled tp)] |  MAPE 0.027740 | RMSE 112.574186 |
Epoch 0008 [Test seq (cond on sampled tp)] | MAPE 0.058738 | RMSE 436.082878|
0.06339682638645172,0.059480708092451096,0.05333748832345009
370.07022137697055,462.8802322145546,475.2981794358148
Experiment 07-08_00:44
Epoch 0009 [Train seq (cond on sampled tp)] | Loss 2219119.767278 | MAPE 0.040622 | RMSE 132.576508 | Likelihood -2219116.176182 | KL fp 3.5911 | FP STD 0.3655|
Epoch 0009 [Val seq (cond on sampled tp)] |  MAPE 0.024570 | RMSE 108.760560 |
Best Val!
Epoch 0009 [Test seq (cond on sampled tp)] | MAPE 0.055650 | RMSE 408.233909|
0.0628303661942482,0.056050971150398254,0.048067979514598846
352.9223422900568,433.52040032736636,438.2589845057372
0.0628303661942482,0.056050971150398254,0.048067979514598846
352.9223422900568,433.52040032736636,438.2589845057372
Epoch 0009 [Test seq (cond on sampled tp)] | Best Test MAPE 0.055650|Best Test RMSE 408.233909|
Experiment 07-08_00:44
Epoch 0010 [Train seq (cond on sampled tp)] | Loss 2119582.361622 | MAPE 0.043437 | RMSE 120.316744 | Likelihood -2119579.120493 | KL fp 3.2411 | FP STD 0.2914|
Epoch 0010 [Val seq (cond on sampled tp)] |  MAPE 0.025136 | RMSE 95.541518 |
Epoch 0010 [Test seq (cond on sampled tp)] | MAPE 0.051769 | RMSE 347.090962|
0.05718290060758591,0.05134144797921181,0.046783771365880966
300.4585297923825,364.7304012897746,376.0839542243194
0.05718290060758591,0.05134144797921181,0.046783771365880966
300.4585297923825,364.7304012897746,376.0839542243194
Epoch 0010 [Test seq (cond on sampled tp)] | Best Test MAPE 0.051769|Best Test RMSE 347.090962|
Experiment 07-08_00:44
Epoch 0011 [Train seq (cond on sampled tp)] | Loss 2053477.396313 | MAPE 0.034089 | RMSE 112.765248 | Likelihood -2053474.134862 | KL fp 3.2615 | FP STD 0.2496|
Epoch 0011 [Val seq (cond on sampled tp)] |  MAPE 0.027519 | RMSE 85.593279 |
Epoch 0011 [Test seq (cond on sampled tp)] | MAPE 0.047298 | RMSE 316.112289|
0.046661391854286194,0.048566289246082306,0.046667296439409256
251.15858878157044,329.5153045573149,367.6629740672835
0.046661391854286194,0.048566289246082306,0.046667296439409256
251.15858878157044,329.5153045573149,367.6629740672835
Epoch 0011 [Test seq (cond on sampled tp)] | Best Test MAPE 0.047298|Best Test RMSE 316.112289|
Experiment 07-08_00:44
Epoch 0012 [Train seq (cond on sampled tp)] | Loss 2011793.737625 | MAPE 0.034540 | RMSE 106.139232 | Likelihood -2011790.606066 | KL fp 3.1316 | FP STD 0.2225|
Epoch 0012 [Val seq (cond on sampled tp)] |  MAPE 0.028275 | RMSE 84.165098 |
Epoch 0012 [Test seq (cond on sampled tp)] | MAPE 0.054562 | RMSE 329.607184|
0.048029303550720215,0.05947539210319519,0.056180257350206375
258.63946914575894,364.0412923007499,366.1407900316489
Experiment 07-08_00:44
Epoch 0013 [Train seq (cond on sampled tp)] | Loss 2015928.200922 | MAPE 0.039525 | RMSE 107.242459 | Likelihood -2015925.199559 | KL fp 3.0014 | FP STD 0.2333|
Epoch 0013 [Val seq (cond on sampled tp)] |  MAPE 0.025198 | RMSE 83.789846 |
Epoch 0013 [Test seq (cond on sampled tp)] | MAPE 0.051509 | RMSE 308.125677|
0.05352243408560753,0.05795324221253395,0.043051838874816895
251.21467413349882,341.3966031245771,331.76575414741046
Experiment 07-08_00:44
Epoch 0014 [Train seq (cond on sampled tp)] | Loss 1993401.232596 | MAPE 0.039211 | RMSE 104.139553 | Likelihood -1993398.248731 | KL fp 2.9839 | FP STD 0.2249|
Epoch 0014 [Val seq (cond on sampled tp)] |  MAPE 0.028440 | RMSE 90.991151 |
Epoch 0014 [Test seq (cond on sampled tp)] | MAPE 0.047665 | RMSE 271.445842|
0.05187251418828964,0.0539938360452652,0.03712904453277588
215.61906694735973,289.7053999324141,309.0130584821619
Experiment 07-08_00:44
Epoch 0015 [Train seq (cond on sampled tp)] | Loss 1982894.064113 | MAPE 0.037996 | RMSE 102.152413 | Likelihood -1982891.132178 | KL fp 2.9319 | FP STD 0.2246|
Epoch 0015 [Val seq (cond on sampled tp)] |  MAPE 0.026063 | RMSE 80.238697 |
Epoch 0015 [Test seq (cond on sampled tp)] | MAPE 0.046953 | RMSE 276.564427|
0.051385849714279175,0.05220457911491394,0.03726840019226074
214.84317499923054,299.74893139926286,315.10117422821514
0.051385849714279175,0.05220457911491394,0.03726840019226074
214.84317499923054,299.74893139926286,315.10117422821514
Epoch 0015 [Test seq (cond on sampled tp)] | Best Test MAPE 0.046953|Best Test RMSE 276.564427|
Experiment 07-08_00:44
Epoch 0016 [Train seq (cond on sampled tp)] | Loss 1980658.321610 | MAPE 0.058204 | RMSE 102.291132 | Likelihood -1980655.364696 | KL fp 2.9569 | FP STD 0.2485|
Epoch 0016 [Val seq (cond on sampled tp)] |  MAPE 0.030182 | RMSE 97.930804 |
Epoch 0016 [Test seq (cond on sampled tp)] | MAPE 0.054215 | RMSE 302.496786|
0.060404226183891296,0.05807537958025932,0.04416592791676521
259.0643470983609,313.08496500550774,335.34104608219377
Experiment 07-08_00:44
Epoch 0017 [Train seq (cond on sampled tp)] | Loss 2004568.032749 | MAPE 0.045274 | RMSE 105.731077 | Likelihood -2004565.237349 | KL fp 2.7954 | FP STD 0.2418|
Epoch 0017 [Val seq (cond on sampled tp)] |  MAPE 0.025926 | RMSE 86.224065 |
Epoch 0017 [Test seq (cond on sampled tp)] | MAPE 0.060118 | RMSE 314.141449|
0.062270715832710266,0.06608012318611145,0.05200205743312836
257.8199317110685,350.97392397797876,333.63049124368115
Experiment 07-08_00:44
Epoch 0018 [Train seq (cond on sampled tp)] | Loss 1977889.197079 | MAPE 0.052149 | RMSE 100.992133 | Likelihood -1977886.636152 | KL fp 2.5609 | FP STD 0.2676|
Epoch 0018 [Val seq (cond on sampled tp)] |  MAPE 0.030167 | RMSE 86.060162 |
Epoch 0018 [Test seq (cond on sampled tp)] | MAPE 0.053584 | RMSE 318.807701|
0.04938703402876854,0.05523284897208214,0.056130971759557724
258.1292977850442,330.4281077254173,367.8656981494741
Experiment 07-08_00:44
Epoch 0019 [Train seq (cond on sampled tp)] | Loss 1986863.948174 | MAPE 0.070704 | RMSE 102.580688 | Likelihood -1986861.188558 | KL fp 2.7596 | FP STD 0.2296|
Epoch 0019 [Val seq (cond on sampled tp)] |  MAPE 0.027722 | RMSE 89.394677 |
Epoch 0019 [Test seq (cond on sampled tp)] | MAPE 0.055659 | RMSE 287.009774|
0.06048129126429558,0.056455161422491074,0.050041645765304565
235.9249748331024,302.5323458946167,322.57200019918037
Experiment 07-08_00:44
Epoch 0020 [Train seq (cond on sampled tp)] | Loss 1956339.863829 | MAPE 0.039090 | RMSE 98.111362 | Likelihood -1956337.141709 | KL fp 2.7221 | FP STD 0.2208|
Epoch 0020 [Val seq (cond on sampled tp)] |  MAPE 0.044058 | RMSE 82.918885 |
Epoch 0020 [Test seq (cond on sampled tp)] | MAPE 0.054301 | RMSE 273.690880|
0.05458325892686844,0.051418427377939224,0.0569024458527565
221.3517950853347,281.0940539881625,318.62678991258724
Experiment 07-08_00:44
Epoch 0021 [Train seq (cond on sampled tp)] | Loss 1946186.057859 | MAPE 0.073440 | RMSE 95.621927 | Likelihood -1946183.219996 | KL fp 2.8379 | FP STD 0.2078|
Epoch 0021 [Val seq (cond on sampled tp)] |  MAPE 0.029475 | RMSE 86.806403 |
Epoch 0021 [Test seq (cond on sampled tp)] | MAPE 0.053748 | RMSE 292.657539|
0.05905462056398392,0.05362048000097275,0.04856955260038376
256.1680509206798,306.09656870830815,315.7079965133921
Experiment 07-08_00:44
Epoch 0022 [Train seq (cond on sampled tp)] | Loss 1966865.604265 | MAPE 0.064368 | RMSE 99.841144 | Likelihood -1966862.902919 | KL fp 2.7013 | FP STD 0.2416|
Epoch 0022 [Val seq (cond on sampled tp)] |  MAPE 0.037217 | RMSE 90.713201 |
Epoch 0022 [Test seq (cond on sampled tp)] | MAPE 0.053065 | RMSE 273.401673|
0.05662865936756134,0.05309271812438965,0.04947354644536972
235.63235233887133,281.4325241065787,303.1401413744145
Experiment 07-08_00:44
Epoch 0023 [Train seq (cond on sampled tp)] | Loss 1965923.049602 | MAPE 0.041441 | RMSE 97.839213 | Likelihood -1965920.619253 | KL fp 2.4303 | FP STD 0.2383|
Epoch 0023 [Val seq (cond on sampled tp)] |  MAPE 0.025619 | RMSE 73.839253 |
Epoch 0023 [Test seq (cond on sampled tp)] | MAPE 0.050511 | RMSE 260.480742|
0.05787943676114082,0.04958902671933174,0.044065799564123154
209.19558544278604,282.3769643579306,289.8696770748883
Experiment 07-08_00:44
Epoch 0024 [Train seq (cond on sampled tp)] | Loss 1973661.350057 | MAPE 0.065093 | RMSE 101.103865 | Likelihood -1973658.385851 | KL fp 2.9642 | FP STD 0.2231|
Epoch 0024 [Val seq (cond on sampled tp)] |  MAPE 0.023331 | RMSE 77.088205 |
Best Val!
Epoch 0024 [Test seq (cond on sampled tp)] | MAPE 0.046661 | RMSE 266.132751|
0.053879112005233765,0.04767528548836708,0.03842901438474655
211.60344876974477,296.48905175823944,290.3057520744293
0.053879112005233765,0.04767528548836708,0.03842901438474655
211.60344876974477,296.48905175823944,290.3057520744293
Epoch 0024 [Test seq (cond on sampled tp)] | Best Test MAPE 0.046661|Best Test RMSE 266.132751|
Experiment 07-08_00:44
Epoch 0025 [Train seq (cond on sampled tp)] | Loss 1939062.731684 | MAPE 0.053957 | RMSE 94.987607 | Likelihood -1939060.044129 | KL fp 2.6876 | FP STD 0.2009|
Epoch 0025 [Val seq (cond on sampled tp)] |  MAPE 0.025154 | RMSE 83.459112 |
Epoch 0025 [Test seq (cond on sampled tp)] | MAPE 0.054269 | RMSE 272.411508|
0.049900252372026443,0.05490310490131378,0.0580049492418766
222.51465014971487,298.71103302355607,296.00884171760816
Experiment 07-08_00:44
Epoch 0026 [Train seq (cond on sampled tp)] | Loss 1909651.533556 | MAPE 0.065461 | RMSE 90.552316 | Likelihood -1909648.690538 | KL fp 2.8430 | FP STD 0.2014|
Epoch 0026 [Val seq (cond on sampled tp)] |  MAPE 0.026061 | RMSE 89.500829 |
Epoch 0026 [Test seq (cond on sampled tp)] | MAPE 0.043167 | RMSE 273.670708|
0.04041249305009842,0.04623350873589516,0.04285464063286781
228.27315394610028,285.24767198874736,307.4912981492322
0.04041249305009842,0.04623350873589516,0.04285464063286781
228.27315394610028,285.24767198874736,307.4912981492322
Epoch 0026 [Test seq (cond on sampled tp)] | Best Test MAPE 0.043167|Best Test RMSE 273.670708|
Experiment 07-08_00:44
Epoch 0027 [Train seq (cond on sampled tp)] | Loss 1924449.308400 | MAPE 0.079134 | RMSE 92.318040 | Likelihood -1924446.791877 | KL fp 2.5165 | FP STD 0.2381|
Epoch 0027 [Val seq (cond on sampled tp)] |  MAPE 0.033129 | RMSE 86.390813 |
Epoch 0027 [Test seq (cond on sampled tp)] | MAPE 0.051719 | RMSE 256.726789|
0.05294043570756912,0.05289465934038162,0.049321915954351425
221.10040846864123,270.5813042091046,278.4986534976426
Experiment 07-08_00:44
Epoch 0028 [Train seq (cond on sampled tp)] | Loss 1890965.525143 | MAPE 0.054490 | RMSE 86.602606 | Likelihood -1890962.802043 | KL fp 2.7231 | FP STD 0.2085|
Epoch 0028 [Val seq (cond on sampled tp)] |  MAPE 0.028560 | RMSE 86.942235 |
Epoch 0028 [Test seq (cond on sampled tp)] | MAPE 0.056550 | RMSE 240.915206|
0.05101944878697395,0.0546184778213501,0.06401171535253525
192.9000206551311,250.13997643819351,279.70562092135367
Experiment 07-08_00:44
Epoch 0029 [Train seq (cond on sampled tp)] | Loss 1894978.069549 | MAPE 0.062630 | RMSE 87.565296 | Likelihood -1894975.543088 | KL fp 2.5265 | FP STD 0.2425|
Epoch 0029 [Val seq (cond on sampled tp)] |  MAPE 0.028310 | RMSE 78.286393 |
Epoch 0029 [Test seq (cond on sampled tp)] | MAPE 0.051488 | RMSE 284.679161|
0.04440418258309364,0.054867856204509735,0.05519086867570877
229.747976732114,307.62991412166014,316.65959147797815
Experiment 07-08_00:44
Epoch 0030 [Train seq (cond on sampled tp)] | Loss 1931609.677848 | MAPE 0.101462 | RMSE 94.811686 | Likelihood -1931607.097699 | KL fp 2.5801 | FP STD 0.2105|
Epoch 0030 [Val seq (cond on sampled tp)] |  MAPE 0.024811 | RMSE 78.455149 |
Epoch 0030 [Test seq (cond on sampled tp)] | MAPE 0.058235 | RMSE 266.499200|
0.05930662155151367,0.06023337319493294,0.05516551062464714
230.65788214095352,283.08090164297556,285.758817121187
Experiment 07-08_00:44
Epoch 0031 [Train seq (cond on sampled tp)] | Loss 1967381.310403 | MAPE 0.090445 | RMSE 100.240284 | Likelihood -1967378.392271 | KL fp 2.9181 | FP STD 0.1878|
Epoch 0031 [Val seq (cond on sampled tp)] |  MAPE 0.051773 | RMSE 105.011620 |
Epoch 0031 [Test seq (cond on sampled tp)] | MAPE 0.083095 | RMSE 262.300861|
0.08458104729652405,0.07713910192251205,0.08756586909294128
230.640937796177,263.90552286755957,292.3561211305486
Experiment 07-08_00:44
Epoch 0032 [Train seq (cond on sampled tp)] | Loss 1953912.214364 | MAPE 0.099370 | RMSE 97.334094 | Likelihood -1953909.695270 | KL fp 2.5191 | FP STD 0.2320|
Epoch 0032 [Val seq (cond on sampled tp)] |  MAPE 0.032883 | RMSE 77.940742 |
Epoch 0032 [Test seq (cond on sampled tp)] | MAPE 0.061574 | RMSE 277.160684|
0.061293356120586395,0.0626470148563385,0.06078210845589638
222.1382329344726,314.26583591761926,295.0779822775668
Experiment 07-08_00:44
Epoch 0033 [Train seq (cond on sampled tp)] | Loss 1930912.760823 | MAPE 0.123781 | RMSE 94.737761 | Likelihood -1930910.103168 | KL fp 2.6577 | FP STD 0.2215|
Epoch 0033 [Val seq (cond on sampled tp)] |  MAPE 0.025974 | RMSE 79.615697 |
Epoch 0033 [Test seq (cond on sampled tp)] | MAPE 0.067373 | RMSE 295.704834|
0.06738925725221634,0.06691358238458633,0.06781674921512604
263.19653125088865,308.64926241204597,315.268709793725
Experiment 07-08_00:44
Epoch 0034 [Train seq (cond on sampled tp)] | Loss 1932111.483833 | MAPE 0.060439 | RMSE 95.685153 | Likelihood -1932108.796136 | KL fp 2.6877 | FP STD 0.1895|
Epoch 0034 [Val seq (cond on sampled tp)] |  MAPE 0.033633 | RMSE 79.886550 |
Epoch 0034 [Test seq (cond on sampled tp)] | MAPE 0.069447 | RMSE 278.457085|
0.06763304769992828,0.06691151112318039,0.0737951323390007
226.66746706353783,289.58500748916543,319.1187817647216
Experiment 07-08_00:44
Epoch 0035 [Train seq (cond on sampled tp)] | Loss 1901069.013156 | MAPE 0.065088 | RMSE 89.328463 | Likelihood -1901066.462157 | KL fp 2.5510 | FP STD 0.1980|
Epoch 0035 [Val seq (cond on sampled tp)] |  MAPE 0.028097 | RMSE 85.968986 |
Epoch 0035 [Test seq (cond on sampled tp)] | MAPE 0.042569 | RMSE 271.851009|
0.042176198214292526,0.04433368518948555,0.0411984957754612
223.57477426467415,293.39784742734565,298.5804042674268
0.042176198214292526,0.04433368518948555,0.0411984957754612
223.57477426467415,293.39784742734565,298.5804042674268
Epoch 0035 [Test seq (cond on sampled tp)] | Best Test MAPE 0.042569|Best Test RMSE 271.851009|
Experiment 07-08_00:44
Epoch 0036 [Train seq (cond on sampled tp)] | Loss 1892782.575311 | MAPE 0.081074 | RMSE 87.304197 | Likelihood -1892779.638983 | KL fp 2.9363 | FP STD 0.1494|
Epoch 0036 [Val seq (cond on sampled tp)] |  MAPE 0.040627 | RMSE 91.451869 |
Epoch 0036 [Test seq (cond on sampled tp)] | MAPE 0.066394 | RMSE 274.148206|
0.06872181594371796,0.06358429044485092,0.06687624007463455
243.43109747678088,281.6471362804884,297.36638280915344
Experiment 07-08_00:44
Epoch 0037 [Train seq (cond on sampled tp)] | Loss 1915503.401001 | MAPE 0.107615 | RMSE 90.474728 | Likelihood -1915500.867420 | KL fp 2.5336 | FP STD 0.2162|
Epoch 0037 [Val seq (cond on sampled tp)] |  MAPE 0.032825 | RMSE 94.247539 |
Epoch 0037 [Test seq (cond on sampled tp)] | MAPE 0.060281 | RMSE 281.279162|
0.061933793127536774,0.06487254798412323,0.05403764545917511
235.6166692824385,296.1812420208275,312.0395733116234
Experiment 07-08_00:44
Epoch 0038 [Train seq (cond on sampled tp)] | Loss 1892402.478634 | MAPE 0.053059 | RMSE 87.625445 | Likelihood -1892399.854269 | KL fp 2.6244 | FP STD 0.2051|
Epoch 0038 [Val seq (cond on sampled tp)] |  MAPE 0.038464 | RMSE 82.433490 |
Epoch 0038 [Test seq (cond on sampled tp)] | MAPE 0.059094 | RMSE 277.683301|
0.054342739284038544,0.06352054327726364,0.0594194196164608
242.09842716857952,287.28951534123206,303.66195997770285
Experiment 07-08_00:44
Epoch 0039 [Train seq (cond on sampled tp)] | Loss 1899024.383166 | MAPE 0.071316 | RMSE 89.403913 | Likelihood -1899021.681741 | KL fp 2.7014 | FP STD 0.1775|
Epoch 0039 [Val seq (cond on sampled tp)] |  MAPE 0.028770 | RMSE 83.626136 |
Epoch 0039 [Test seq (cond on sampled tp)] | MAPE 0.056096 | RMSE 272.982501|
0.05022083595395088,0.05715871974825859,0.0609096884727478
256.3628562457908,257.524740923081,305.05990702647244
Experiment 07-08_00:44
Epoch 0040 [Train seq (cond on sampled tp)] | Loss 1885156.222164 | MAPE 0.083257 | RMSE 87.047184 | Likelihood -1885153.632151 | KL fp 2.5900 | FP STD 0.2182|
Epoch 0040 [Val seq (cond on sampled tp)] |  MAPE 0.033221 | RMSE 88.380840 |
Epoch 0040 [Test seq (cond on sampled tp)] | MAPE 0.054336 | RMSE 296.113899|
0.05269531160593033,0.05589965730905533,0.05441349372267723
270.3076372394979,328.9962836986157,289.03777596968183
Experiment 07-08_00:44
Epoch 0041 [Train seq (cond on sampled tp)] | Loss 1908605.750673 | MAPE 0.075305 | RMSE 89.150741 | Likelihood -1908603.192001 | KL fp 2.5587 | FP STD 0.1929|
Epoch 0041 [Val seq (cond on sampled tp)] |  MAPE 0.025976 | RMSE 82.447574 |
Epoch 0041 [Test seq (cond on sampled tp)] | MAPE 0.049655 | RMSE 255.794717|
0.05085365101695061,0.045540113002061844,0.052571434527635574
216.39123819773758,289.534742625993,261.4581706506798
Experiment 07-08_00:44
Epoch 0042 [Train seq (cond on sampled tp)] | Loss 1902442.199845 | MAPE 0.046964 | RMSE 88.996516 | Likelihood -1902439.755646 | KL fp 2.4442 | FP STD 0.2476|
Epoch 0042 [Val seq (cond on sampled tp)] |  MAPE 0.026162 | RMSE 81.581790 |
Epoch 0042 [Test seq (cond on sampled tp)] | MAPE 0.056708 | RMSE 287.761545|
0.052747439593076706,0.05921470373868942,0.05816180258989334
255.73955257253422,281.03582122658315,326.50926001416866
Experiment 07-08_00:44
Epoch 0043 [Train seq (cond on sampled tp)] | Loss 1901270.099826 | MAPE 0.074380 | RMSE 89.086800 | Likelihood -1901267.255974 | KL fp 2.8439 | FP STD 0.1761|
Epoch 0043 [Val seq (cond on sampled tp)] |  MAPE 0.024665 | RMSE 81.110740 |
Epoch 0043 [Test seq (cond on sampled tp)] | MAPE 0.043312 | RMSE 278.529951|
0.048932772129774094,0.04419355466961861,0.03681031987071037
233.64468717210326,303.1575497987804,298.7876153097715
Experiment 07-08_00:44
Epoch 0044 [Train seq (cond on sampled tp)] | Loss 1887838.088243 | MAPE 0.063492 | RMSE 87.486565 | Likelihood -1887835.146796 | KL fp 2.9414 | FP STD 0.1516|
Epoch 0044 [Val seq (cond on sampled tp)] |  MAPE 0.030794 | RMSE 75.544327 |
Epoch 0044 [Test seq (cond on sampled tp)] | MAPE 0.055784 | RMSE 266.950517|
0.046511076390743256,0.06104162707924843,0.05979970470070839
235.17586504571426,270.0291216933833,295.6465636955721
Experiment 07-08_00:44
Epoch 0045 [Train seq (cond on sampled tp)] | Loss 1889669.833714 | MAPE 0.089022 | RMSE 87.674057 | Likelihood -1889667.045887 | KL fp 2.7878 | FP STD 0.1859|
Epoch 0045 [Val seq (cond on sampled tp)] |  MAPE 0.034388 | RMSE 83.091999 |
Epoch 0045 [Test seq (cond on sampled tp)] | MAPE 0.059901 | RMSE 254.755173|
0.05164354294538498,0.0672500878572464,0.06081058457493782
207.0431718265541,257.5149115828052,299.70743546832466
Experiment 07-08_00:44
Epoch 0046 [Train seq (cond on sampled tp)] | Loss 1915112.838863 | MAPE 0.099447 | RMSE 93.096751 | Likelihood -1915109.703566 | KL fp 3.1353 | FP STD 0.1530|
Epoch 0046 [Val seq (cond on sampled tp)] |  MAPE 0.031765 | RMSE 85.436188 |
Epoch 0046 [Test seq (cond on sampled tp)] | MAPE 0.055852 | RMSE 267.338246|
0.05510174110531807,0.0568690188229084,0.055585067719221115
233.0994791660848,273.92414552207697,294.99111480263264
Experiment 07-08_00:44
Epoch 0047 [Train seq (cond on sampled tp)] | Loss 1914171.063936 | MAPE 0.080392 | RMSE 91.563076 | Likelihood -1914168.113902 | KL fp 2.9500 | FP STD 0.1475|
Epoch 0047 [Val seq (cond on sampled tp)] |  MAPE 0.026856 | RMSE 83.596963 |
Epoch 0047 [Test seq (cond on sampled tp)] | MAPE 0.049597 | RMSE 267.003459|
0.04773162677884102,0.0491110235452652,0.05194729566574097
208.62113350221736,280.2128236938845,312.1764199735464
Experiment 07-08_00:44
Epoch 0048 [Train seq (cond on sampled tp)] | Loss 1906677.303000 | MAPE 0.047702 | RMSE 90.460042 | Likelihood -1906674.325504 | KL fp 2.9775 | FP STD 0.1680|
Epoch 0048 [Val seq (cond on sampled tp)] |  MAPE 0.026544 | RMSE 87.008042 |
Epoch 0048 [Test seq (cond on sampled tp)] | MAPE 0.045148 | RMSE 278.862494|
0.049307744950056076,0.04692849889397621,0.03920769691467285
225.40083219955068,291.5339683253051,319.65268016630176
Experiment 07-08_00:44
Epoch 0049 [Train seq (cond on sampled tp)] | Loss 1904162.299020 | MAPE 0.078819 | RMSE 89.514395 | Likelihood -1904159.395923 | KL fp 2.9031 | FP STD 0.1552|
Epoch 0049 [Val seq (cond on sampled tp)] |  MAPE 0.028242 | RMSE 80.816146 |
Epoch 0049 [Test seq (cond on sampled tp)] | MAPE 0.044622 | RMSE 246.796602|
0.0505581796169281,0.041958000510931015,0.0413496196269989
199.79253888408846,249.76911213158445,290.82815480107837
Experiment 07-08_00:44
Epoch 0050 [Train seq (cond on sampled tp)] | Loss 1915884.275986 | MAPE 0.080790 | RMSE 92.730207 | Likelihood -1915881.455537 | KL fp 2.8204 | FP STD 0.1884|
Epoch 0050 [Val seq (cond on sampled tp)] |  MAPE 0.032175 | RMSE 84.443872 |
Epoch 0050 [Test seq (cond on sampled tp)] | MAPE 0.044039 | RMSE 250.956513|
0.04780275374650955,0.04456019401550293,0.03975458815693855
220.51856497809885,258.0204388706445,274.33053455184313
Experiment 07-08_00:44
Epoch 0051 [Train seq (cond on sampled tp)] | Loss 1907882.499979 | MAPE 0.071274 | RMSE 90.250404 | Likelihood -1907879.789106 | KL fp 2.7109 | FP STD 0.1810|
Epoch 0051 [Val seq (cond on sampled tp)] |  MAPE 0.027145 | RMSE 82.088004 |
Epoch 0051 [Test seq (cond on sampled tp)] | MAPE 0.044171 | RMSE 254.160957|
0.039811961352825165,0.049005985260009766,0.043696481734514236
209.07684928334365,259.3179304685659,294.08809001300955
Experiment 07-08_00:44
Epoch 0052 [Train seq (cond on sampled tp)] | Loss 1917956.950593 | MAPE 0.089370 | RMSE 92.567735 | Likelihood -1917954.212452 | KL fp 2.7381 | FP STD 0.1885|
Epoch 0052 [Val seq (cond on sampled tp)] |  MAPE 0.035438 | RMSE 82.941686 |
Epoch 0052 [Test seq (cond on sampled tp)] | MAPE 0.056146 | RMSE 249.149949|
0.04785003513097763,0.054403938353061676,0.06618551909923553
215.21588906549164,268.9210647429836,263.31289312811856
Experiment 07-08_00:44
Epoch 0053 [Train seq (cond on sampled tp)] | Loss 1913434.312544 | MAPE 0.118455 | RMSE 91.281114 | Likelihood -1913431.586504 | KL fp 2.7260 | FP STD 0.1795|
Epoch 0053 [Val seq (cond on sampled tp)] |  MAPE 0.030718 | RMSE 85.076178 |
Epoch 0053 [Test seq (cond on sampled tp)] | MAPE 0.057484 | RMSE 256.417809|
0.0628664642572403,0.056868355721235275,0.052717044949531555
213.5734193872215,283.1369478715203,272.54305852470355
Experiment 07-08_00:44
Epoch 0054 [Train seq (cond on sampled tp)] | Loss 1906982.549695 | MAPE 0.042361 | RMSE 89.922881 | Likelihood -1906979.415734 | KL fp 3.1340 | FP STD 0.1284|
Epoch 0054 [Val seq (cond on sampled tp)] |  MAPE 0.034647 | RMSE 89.075586 |
Epoch 0054 [Test seq (cond on sampled tp)] | MAPE 0.058091 | RMSE 287.499474|
0.06000122055411339,0.054590947926044464,0.05968162417411804
241.20025393850645,313.24297927088486,308.05518986051834
Experiment 07-08_00:44
Epoch 0055 [Train seq (cond on sampled tp)] | Loss 1893866.950529 | MAPE 0.044331 | RMSE 87.168675 | Likelihood -1893864.069499 | KL fp 2.8810 | FP STD 0.1567|
Epoch 0055 [Val seq (cond on sampled tp)] |  MAPE 0.027273 | RMSE 84.664238 |
Epoch 0055 [Test seq (cond on sampled tp)] | MAPE 0.052485 | RMSE 261.816343|
0.047114718705415726,0.04719049483537674,0.06314867734909058
208.96439215210805,277.22143957944525,299.2631967641527
Experiment 07-08_00:44
Epoch 0056 [Train seq (cond on sampled tp)] | Loss 1905781.943627 | MAPE 0.062257 | RMSE 88.458477 | Likelihood -1905778.939075 | KL fp 3.0046 | FP STD 0.1502|
Epoch 0056 [Val seq (cond on sampled tp)] |  MAPE 0.026028 | RMSE 81.861575 |
Epoch 0056 [Test seq (cond on sampled tp)] | MAPE 0.053865 | RMSE 278.649811|
0.04692283645272255,0.04972182586789131,0.06494960933923721
235.78517433778572,285.71851587270294,314.445742537564
Experiment 07-08_00:44
Epoch 0057 [Train seq (cond on sampled tp)] | Loss 1904061.530332 | MAPE 0.059176 | RMSE 89.941148 | Likelihood -1904058.592500 | KL fp 2.9378 | FP STD 0.1536|
Epoch 0057 [Val seq (cond on sampled tp)] |  MAPE 0.025113 | RMSE 87.030888 |
Epoch 0057 [Test seq (cond on sampled tp)] | MAPE 0.057827 | RMSE 270.993398|
0.057020146399736404,0.05286644399166107,0.06359580904245377
228.09108480769257,277.69472334741977,307.1943857315755
Experiment 07-08_00:44
Epoch 0058 [Train seq (cond on sampled tp)] | Loss 1937507.279272 | MAPE 0.052958 | RMSE 96.309504 | Likelihood -1937504.587770 | KL fp 2.6915 | FP STD 0.1929|
Epoch 0058 [Val seq (cond on sampled tp)] |  MAPE 0.032647 | RMSE 94.139602 |
Epoch 0058 [Test seq (cond on sampled tp)] | MAPE 0.067055 | RMSE 268.213341|
0.05321288853883743,0.06915780156850815,0.07879413664340973
212.33717107174147,298.77809752808184,293.52475406684187
Experiment 07-08_00:44
Epoch 0059 [Train seq (cond on sampled tp)] | Loss 1917544.441691 | MAPE 0.058402 | RMSE 89.732789 | Likelihood -1917542.069097 | KL fp 2.3726 | FP STD 0.2174|
Epoch 0059 [Val seq (cond on sampled tp)] |  MAPE 0.036551 | RMSE 79.374403 |
Epoch 0059 [Test seq (cond on sampled tp)] | MAPE 0.065756 | RMSE 258.785078|
0.059281423687934875,0.0690259262919426,0.06896062940359116
200.28051616732466,260.7057129216773,315.3690050956181
Experiment 07-08_00:44
Epoch 0060 [Train seq (cond on sampled tp)] | Loss 1906230.123886 | MAPE 0.130264 | RMSE 90.165070 | Likelihood -1906227.471982 | KL fp 2.6519 | FP STD 0.1875|
Epoch 0060 [Val seq (cond on sampled tp)] |  MAPE 0.030213 | RMSE 93.493587 |
Epoch 0060 [Test seq (cond on sampled tp)] | MAPE 0.051658 | RMSE 290.555117|
0.06269113719463348,0.05374191328883171,0.03854032978415489
256.4454285272015,311.63802369495926,303.5818979287138
Experiment 07-08_00:44
Epoch 0061 [Train seq (cond on sampled tp)] | Loss 1931545.957237 | MAPE 0.059791 | RMSE 94.486097 | Likelihood -1931542.961829 | KL fp 2.9954 | FP STD 0.1497|
Epoch 0061 [Val seq (cond on sampled tp)] |  MAPE 0.034491 | RMSE 89.150371 |
Epoch 0061 [Test seq (cond on sampled tp)] | MAPE 0.064013 | RMSE 280.565722|
0.06016341969370842,0.06291615962982178,0.06895865499973297
231.91005462786646,302.74612920729476,307.0409810798878
Experiment 07-08_00:44
Epoch 0062 [Train seq (cond on sampled tp)] | Loss 1919482.042809 | MAPE 0.076394 | RMSE 90.383535 | Likelihood -1919479.298944 | KL fp 2.7439 | FP STD 0.1679|
Epoch 0062 [Val seq (cond on sampled tp)] |  MAPE 0.036073 | RMSE 85.532058 |
Epoch 0062 [Test seq (cond on sampled tp)] | MAPE 0.060527 | RMSE 264.625921|
0.05907786637544632,0.06342369318008423,0.05908019095659256
225.38177679772605,284.18422172070007,284.3117649473901
Experiment 07-08_00:44
Epoch 0063 [Train seq (cond on sampled tp)] | Loss 1888751.521503 | MAPE 0.081014 | RMSE 87.624106 | Likelihood -1888748.398684 | KL fp 3.1228 | FP STD 0.1405|
Epoch 0063 [Val seq (cond on sampled tp)] |  MAPE 0.025905 | RMSE 89.724619 |
Epoch 0063 [Test seq (cond on sampled tp)] | MAPE 0.050179 | RMSE 294.352993|
0.04806124418973923,0.0489814355969429,0.05349485203623772
242.3945002470147,307.5129443413724,333.1515350594981
Experiment 07-08_00:44
Epoch 0064 [Train seq (cond on sampled tp)] | Loss 1902034.037828 | MAPE 0.056007 | RMSE 89.401079 | Likelihood -1902030.972500 | KL fp 3.0653 | FP STD 0.1314|
Epoch 0064 [Val seq (cond on sampled tp)] |  MAPE 0.027604 | RMSE 89.020492 |
Epoch 0064 [Test seq (cond on sampled tp)] | MAPE 0.050608 | RMSE 290.377507|
0.04824662208557129,0.04902294650673866,0.05455579608678818
247.82825454334298,308.66937206337786,314.63489505695327
Experiment 07-08_00:44
Epoch 0065 [Train seq (cond on sampled tp)] | Loss 1907368.755124 | MAPE 0.069895 | RMSE 88.814438 | Likelihood -1907366.004952 | KL fp 2.7502 | FP STD 0.1667|
Epoch 0065 [Val seq (cond on sampled tp)] |  MAPE 0.042534 | RMSE 93.965892 |
Epoch 0065 [Test seq (cond on sampled tp)] | MAPE 0.060362 | RMSE 271.809020|
0.05881182849407196,0.05854305997490883,0.06373254954814911
236.7915915156195,281.8669483328969,296.7685203782571
Experiment 07-08_00:44
Epoch 0066 [Train seq (cond on sampled tp)] | Loss 1891620.637120 | MAPE 0.123588 | RMSE 86.536197 | Likelihood -1891617.546379 | KL fp 3.0907 | FP STD 0.1565|
Epoch 0066 [Val seq (cond on sampled tp)] |  MAPE 0.028173 | RMSE 89.409289 |
Epoch 0066 [Test seq (cond on sampled tp)] | MAPE 0.043951 | RMSE 268.296204|
0.051255807280540466,0.04489673674106598,0.035700488835573196
240.28610875891266,271.9800659055733,292.6224369815138
Experiment 07-08_00:44
Epoch 0067 [Train seq (cond on sampled tp)] | Loss 1894051.814087 | MAPE 0.072060 | RMSE 88.930228 | Likelihood -1894048.844536 | KL fp 2.9696 | FP STD 0.1541|
Epoch 0067 [Val seq (cond on sampled tp)] |  MAPE 0.028054 | RMSE 91.727257 |
Epoch 0067 [Test seq (cond on sampled tp)] | MAPE 0.054021 | RMSE 313.574360|
0.05544638633728027,0.05116087943315506,0.055454738438129425
281.0843123068237,321.90069072230955,337.73807575175766
Experiment 07-08_00:44
Epoch 0068 [Train seq (cond on sampled tp)] | Loss 1956919.425208 | MAPE 0.041577 | RMSE 98.112459 | Likelihood -1956916.771519 | KL fp 2.6537 | FP STD 0.1766|
Epoch 0068 [Val seq (cond on sampled tp)] |  MAPE 0.032996 | RMSE 96.750994 |
Epoch 0068 [Test seq (cond on sampled tp)] | MAPE 0.046543 | RMSE 259.729181|
0.039989884942770004,0.04823356494307518,0.05140625312924385
219.2564138172473,274.37632402869605,285.5548053789325
Experiment 07-08_00:44
Epoch 0069 [Train seq (cond on sampled tp)] | Loss 1911231.236049 | MAPE 0.038099 | RMSE 90.438128 | Likelihood -1911228.285944 | KL fp 2.9501 | FP STD 0.1604|
Epoch 0069 [Val seq (cond on sampled tp)] |  MAPE 0.029268 | RMSE 81.757944 |
Epoch 0069 [Test seq (cond on sampled tp)] | MAPE 0.044642 | RMSE 288.327582|
0.043952640146017075,0.043831996619701385,0.04614059254527092
255.30741274001426,309.80636593685415,299.86896878053255
Experiment 07-08_00:44
Epoch 0070 [Train seq (cond on sampled tp)] | Loss 1909836.495756 | MAPE 0.043148 | RMSE 90.297528 | Likelihood -1909833.657046 | KL fp 2.8387 | FP STD 0.1767|
Epoch 0070 [Val seq (cond on sampled tp)] |  MAPE 0.023759 | RMSE 89.087891 |
Epoch 0070 [Test seq (cond on sampled tp)] | MAPE 0.047106 | RMSE 300.866240|
0.04591282829642296,0.05007418617606163,0.04533025994896889
275.91199627326824,326.1080510160704,300.57867366548146
Experiment 07-08_00:44
Epoch 0071 [Train seq (cond on sampled tp)] | Loss 1899513.689775 | MAPE 0.034830 | RMSE 88.461453 | Likelihood -1899511.003297 | KL fp 2.6865 | FP STD 0.1872|
Epoch 0071 [Val seq (cond on sampled tp)] |  MAPE 0.036502 | RMSE 92.783802 |
Epoch 0071 [Test seq (cond on sampled tp)] | MAPE 0.060601 | RMSE 280.448529|
0.057906750589609146,0.05697828531265259,0.06691820174455643
247.5442037546022,290.30085417976295,303.5005276972348
Experiment 07-08_00:44
Epoch 0072 [Train seq (cond on sampled tp)] | Loss 1876209.604181 | MAPE 0.035004 | RMSE 83.060524 | Likelihood -1876206.779805 | KL fp 2.8244 | FP STD 0.1810|
Epoch 0072 [Val seq (cond on sampled tp)] |  MAPE 0.023577 | RMSE 83.172375 |
Epoch 0072 [Test seq (cond on sampled tp)] | MAPE 0.048649 | RMSE 287.206067|
0.05404624715447426,0.04686570540070534,0.04503363370895386
263.2558760027969,282.3749723328893,315.9873538806577
Experiment 07-08_00:44
Epoch 0073 [Train seq (cond on sampled tp)] | Loss 1870409.538667 | MAPE 0.035480 | RMSE 83.744250 | Likelihood -1870406.549111 | KL fp 2.9896 | FP STD 0.1783|
Epoch 0073 [Val seq (cond on sampled tp)] |  MAPE 0.023429 | RMSE 82.668049 |
Epoch 0073 [Test seq (cond on sampled tp)] | MAPE 0.049106 | RMSE 295.780027|
0.05491510406136513,0.04548289254307747,0.0469210147857666
262.78315085826944,288.3611152920934,336.19581347780047
Experiment 07-08_00:44
Epoch 0074 [Train seq (cond on sampled tp)] | Loss 1876697.385156 | MAPE 0.049952 | RMSE 84.764979 | Likelihood -1876694.494724 | KL fp 2.8904 | FP STD 0.1741|
Epoch 0074 [Val seq (cond on sampled tp)] |  MAPE 0.024274 | RMSE 91.586174 |
Epoch 0074 [Test seq (cond on sampled tp)] | MAPE 0.050830 | RMSE 270.779819|
0.0585504025220871,0.04931917041540146,0.04462158679962158
227.74345661566218,279.9056481655917,304.6903525507495
Experiment 07-08_00:44
Epoch 0075 [Train seq (cond on sampled tp)] | Loss 1874134.460568 | MAPE 0.034558 | RMSE 84.695241 | Likelihood -1874131.778424 | KL fp 2.6821 | FP STD 0.2426|
Epoch 0075 [Val seq (cond on sampled tp)] |  MAPE 0.028742 | RMSE 90.682659 |
Epoch 0075 [Test seq (cond on sampled tp)] | MAPE 0.061008 | RMSE 300.230946|
0.06224669888615608,0.05950930342078209,0.06126677244901657
232.8728529154912,319.8005115497785,348.0194745808056
Experiment 07-08_00:44
Epoch 0076 [Train seq (cond on sampled tp)] | Loss 1919681.557241 | MAPE 0.075059 | RMSE 91.941844 | Likelihood -1919678.778526 | KL fp 2.7787 | FP STD 0.2089|
Epoch 0076 [Val seq (cond on sampled tp)] |  MAPE 0.020590 | RMSE 86.613396 |
Best Val!
Epoch 0076 [Test seq (cond on sampled tp)] | MAPE 0.045887 | RMSE 298.440449|
0.049521710723638535,0.047139137983322144,0.04100016504526138
255.5995173728816,324.71014718899687,315.0116813310262
Experiment 07-08_00:44
Epoch 0077 [Train seq (cond on sampled tp)] | Loss 1879201.554295 | MAPE 0.036773 | RMSE 85.109990 | Likelihood -1879198.670318 | KL fp 2.8840 | FP STD 0.1818|
Epoch 0077 [Val seq (cond on sampled tp)] |  MAPE 0.024317 | RMSE 76.247541 |
Epoch 0077 [Test seq (cond on sampled tp)] | MAPE 0.045289 | RMSE 266.189076|
0.047596968710422516,0.044536180794239044,0.0437348298728466
212.827009417273,299.72385728366703,286.01636207566867
Experiment 07-08_00:44
Epoch 0078 [Train seq (cond on sampled tp)] | Loss 1865154.819739 | MAPE 0.045927 | RMSE 82.683249 | Likelihood -1865152.022666 | KL fp 2.7971 | FP STD 0.2039|
Epoch 0078 [Val seq (cond on sampled tp)] |  MAPE 0.025659 | RMSE 82.418722 |
Epoch 0078 [Test seq (cond on sampled tp)] | MAPE 0.061260 | RMSE 252.772439|
0.050558142364025116,0.05976507067680359,0.07345724105834961
194.39282474541082,284.4845393426504,279.43995329945216
Experiment 07-08_00:44
Epoch 0079 [Train seq (cond on sampled tp)] | Loss 1868916.273440 | MAPE 0.041523 | RMSE 84.450785 | Likelihood -1868913.436068 | KL fp 2.8374 | FP STD 0.1846|
Epoch 0079 [Val seq (cond on sampled tp)] |  MAPE 0.021719 | RMSE 79.370159 |
Epoch 0079 [Test seq (cond on sampled tp)] | MAPE 0.056643 | RMSE 258.351862|
0.05499793961644173,0.05318017303943634,0.061751656234264374
220.42610546110458,284.94381299214064,269.6856677226285
Experiment 07-08_00:44
Epoch 0080 [Train seq (cond on sampled tp)] | Loss 1852349.261306 | MAPE 0.043671 | RMSE 81.939233 | Likelihood -1852346.168821 | KL fp 3.0925 | FP STD 0.1548|
Epoch 0080 [Val seq (cond on sampled tp)] |  MAPE 0.025334 | RMSE 82.098663 |
Epoch 0080 [Test seq (cond on sampled tp)] | MAPE 0.058756 | RMSE 262.080688|
0.04993809759616852,0.05914744362235069,0.06718315929174423
208.00629122096282,257.2247466953753,321.01102492749374
Experiment 07-08_00:44
Epoch 0081 [Train seq (cond on sampled tp)] | Loss 1860226.775299 | MAPE 0.045957 | RMSE 83.157067 | Likelihood -1860223.621985 | KL fp 3.1533 | FP STD 0.1555|
Epoch 0081 [Val seq (cond on sampled tp)] |  MAPE 0.021070 | RMSE 86.399703 |
Epoch 0081 [Test seq (cond on sampled tp)] | MAPE 0.044337 | RMSE 272.746650|
0.04920981451869011,0.0428229495882988,0.04097691550850868
217.2382404757505,293.1022112676737,307.8994991267443
Experiment 07-08_00:44
Epoch 0082 [Train seq (cond on sampled tp)] | Loss 1866343.468531 | MAPE 0.046762 | RMSE 81.933149 | Likelihood -1866340.325187 | KL fp 3.1433 | FP STD 0.1620|
Epoch 0082 [Val seq (cond on sampled tp)] |  MAPE 0.023722 | RMSE 86.566809 |
Epoch 0082 [Test seq (cond on sampled tp)] | MAPE 0.048794 | RMSE 269.872330|
0.04465742036700249,0.050057146698236465,0.05166870355606079
218.21516760986162,263.56815413664833,327.8336682869836
Experiment 07-08_00:44
Epoch 0083 [Train seq (cond on sampled tp)] | Loss 1864143.468212 | MAPE 0.047932 | RMSE 83.143799 | Likelihood -1864140.760809 | KL fp 2.7074 | FP STD 0.2153|
Epoch 0083 [Val seq (cond on sampled tp)] |  MAPE 0.026694 | RMSE 88.527403 |
Epoch 0083 [Test seq (cond on sampled tp)] | MAPE 0.055785 | RMSE 279.186911|
0.05075240880250931,0.05135602876543999,0.065245121717453
252.27543386396147,246.27370602898313,339.0115918003395
Experiment 07-08_00:44
Epoch 0084 [Train seq (cond on sampled tp)] | Loss 1897747.077105 | MAPE 0.059608 | RMSE 89.771952 | Likelihood -1897744.174142 | KL fp 2.9030 | FP STD 0.1963|
Epoch 0084 [Val seq (cond on sampled tp)] |  MAPE 0.020113 | RMSE 72.840650 |
Best Val!
Epoch 0084 [Test seq (cond on sampled tp)] | MAPE 0.043458 | RMSE 292.355866|
0.04391079396009445,0.03908591717481613,0.047378748655319214
247.8915148305807,294.9773561224658,334.19872690137527
Experiment 07-08_00:44
Epoch 0085 [Train seq (cond on sampled tp)] | Loss 1870838.555799 | MAPE 0.051359 | RMSE 84.005515 | Likelihood -1870835.678390 | KL fp 2.8774 | FP STD 0.1678|
Epoch 0085 [Val seq (cond on sampled tp)] |  MAPE 0.026792 | RMSE 93.077882 |
Epoch 0085 [Test seq (cond on sampled tp)] | MAPE 0.054618 | RMSE 278.836427|
0.05019592121243477,0.05537278205156326,0.058284588158130646
232.40091134449108,294.0466055746946,310.0617630005351
Experiment 07-08_00:44
Epoch 0086 [Train seq (cond on sampled tp)] | Loss 1926116.065378 | MAPE 0.053079 | RMSE 91.905900 | Likelihood -1926113.091356 | KL fp 2.9740 | FP STD 0.1544|
Epoch 0086 [Val seq (cond on sampled tp)] |  MAPE 0.033792 | RMSE 96.949684 |
Epoch 0086 [Test seq (cond on sampled tp)] | MAPE 0.080707 | RMSE 339.874460|
0.07190395146608353,0.08312926441431046,0.08708756417036057
300.5766723109097,374.1813355513607,344.8653722831563
Experiment 07-08_00:44
Epoch 0087 [Train seq (cond on sampled tp)] | Loss 1921810.815467 | MAPE 0.068437 | RMSE 93.109392 | Likelihood -1921807.734316 | KL fp 3.0812 | FP STD 0.1767|
Epoch 0087 [Val seq (cond on sampled tp)] |  MAPE 0.024504 | RMSE 81.986151 |
Epoch 0087 [Test seq (cond on sampled tp)] | MAPE 0.048014 | RMSE 273.825590|
0.056212570518255234,0.04673432186245918,0.0410958006978035
239.49330464284384,286.67028371022343,295.3131812161455
Experiment 07-08_00:44
Epoch 0088 [Train seq (cond on sampled tp)] | Loss 1870734.262516 | MAPE 0.062396 | RMSE 83.402953 | Likelihood -1870731.141503 | KL fp 3.1210 | FP STD 0.1613|
Epoch 0088 [Val seq (cond on sampled tp)] |  MAPE 0.035954 | RMSE 89.008440 |
Epoch 0088 [Test seq (cond on sampled tp)] | MAPE 0.063500 | RMSE 282.289230|
0.060901764780282974,0.06300175189971924,0.06659599393606186
244.58899677571353,271.6470883793898,330.6316043763814
Experiment 07-08_00:44
Epoch 0089 [Train seq (cond on sampled tp)] | Loss 1855700.011029 | MAPE 0.065567 | RMSE 81.011389 | Likelihood -1855696.805282 | KL fp 3.2057 | FP STD 0.1556|
Epoch 0089 [Val seq (cond on sampled tp)] |  MAPE 0.025246 | RMSE 87.033974 |
Epoch 0089 [Test seq (cond on sampled tp)] | MAPE 0.049070 | RMSE 298.969598|
0.05129822716116905,0.04870106652379036,0.04721099138259888
250.343833869041,299.81074759754694,346.7542132043964
Experiment 07-08_00:44
Epoch 0090 [Train seq (cond on sampled tp)] | Loss 1853898.000686 | MAPE 0.060159 | RMSE 81.523704 | Likelihood -1853895.034027 | KL fp 2.9667 | FP STD 0.1637|
Epoch 0090 [Val seq (cond on sampled tp)] |  MAPE 0.024053 | RMSE 85.366687 |
Epoch 0090 [Test seq (cond on sampled tp)] | MAPE 0.047321 | RMSE 291.346220|
0.053331486880779266,0.04785166680812836,0.04078112542629242
252.4159436203466,303.0553657130987,318.56734962955636
Experiment 07-08_00:44
Epoch 0091 [Train seq (cond on sampled tp)] | Loss 1884450.739910 | MAPE 0.058375 | RMSE 85.644193 | Likelihood -1884447.931284 | KL fp 2.8086 | FP STD 0.2018|
Epoch 0091 [Val seq (cond on sampled tp)] |  MAPE 0.023657 | RMSE 85.856843 |
Epoch 0091 [Test seq (cond on sampled tp)] | MAPE 0.046199 | RMSE 294.162286|
0.05071523040533066,0.04268522188067436,0.0451958104968071
256.83609802751636,297.751967877628,327.8987910735567
Experiment 07-08_00:44
Epoch 0092 [Train seq (cond on sampled tp)] | Loss 1867616.003210 | MAPE 0.064861 | RMSE 81.750962 | Likelihood -1867613.043910 | KL fp 2.9593 | FP STD 0.1696|
Epoch 0092 [Val seq (cond on sampled tp)] |  MAPE 0.026132 | RMSE 90.492813 |
Epoch 0092 [Test seq (cond on sampled tp)] | MAPE 0.047037 | RMSE 289.738780|
0.047141626477241516,0.044802870601415634,0.049166250973939896
242.3724777460304,282.48472027261937,344.35914210312467
Experiment 07-08_00:44
Epoch 0093 [Train seq (cond on sampled tp)] | Loss 1863458.607210 | MAPE 0.062785 | RMSE 81.560743 | Likelihood -1863455.553390 | KL fp 3.0538 | FP STD 0.1593|
Epoch 0093 [Val seq (cond on sampled tp)] |  MAPE 0.024792 | RMSE 88.274618 |
Epoch 0093 [Test seq (cond on sampled tp)] | MAPE 0.043896 | RMSE 276.477226|
0.04840087890625,0.04458745941519737,0.03869926929473877
217.38422744934832,264.1117187858199,347.9357317630657
Experiment 07-08_00:44
Epoch 0094 [Train seq (cond on sampled tp)] | Loss 1886261.537453 | MAPE 0.063599 | RMSE 87.042734 | Likelihood -1886258.426686 | KL fp 3.1108 | FP STD 0.1583|
Epoch 0094 [Val seq (cond on sampled tp)] |  MAPE 0.024473 | RMSE 88.496667 |
Epoch 0094 [Test seq (cond on sampled tp)] | MAPE 0.043001 | RMSE 268.895942|
0.04408596083521843,0.041765715926885605,0.04315124452114105
209.25548827928026,251.59270005059764,345.8396372417424
Experiment 07-08_00:44
Epoch 0095 [Train seq (cond on sampled tp)] | Loss 1867971.122280 | MAPE 0.066672 | RMSE 83.411588 | Likelihood -1867968.083621 | KL fp 3.0387 | FP STD 0.1693|
Epoch 0095 [Val seq (cond on sampled tp)] |  MAPE 0.030370 | RMSE 95.141501 |
Epoch 0095 [Test seq (cond on sampled tp)] | MAPE 0.057852 | RMSE 287.260770|
0.04742583632469177,0.05301913991570473,0.07310985773801804
223.42678295976515,331.8238072569538,306.53171991247495
Experiment 07-08_00:44
Epoch 0096 [Train seq (cond on sampled tp)] | Loss 1906503.516295 | MAPE 0.081979 | RMSE 91.713159 | Likelihood -1906500.240159 | KL fp 3.2761 | FP STD 0.1602|
Epoch 0096 [Val seq (cond on sampled tp)] |  MAPE 0.027616 | RMSE 94.656338 |
Epoch 0096 [Test seq (cond on sampled tp)] | MAPE 0.046775 | RMSE 317.944180|
0.050208862870931625,0.048941802233457565,0.04117506742477417
285.3253077629112,313.3199243584742,355.18730753997954
Experiment 07-08_00:44
Epoch 0097 [Train seq (cond on sampled tp)] | Loss 1882828.069708 | MAPE 0.071500 | RMSE 85.194947 | Likelihood -1882825.212472 | KL fp 2.8572 | FP STD 0.1999|
Epoch 0097 [Val seq (cond on sampled tp)] |  MAPE 0.025362 | RMSE 83.412362 |
Epoch 0097 [Test seq (cond on sampled tp)] | MAPE 0.041882 | RMSE 289.501163|
0.041071567684412,0.03903782740235329,0.045535773038864136
248.14318258316104,297.95700193148673,322.4033043022357
0.041071567684412,0.03903782740235329,0.045535773038864136
248.14318258316104,297.95700193148673,322.4033043022357
Epoch 0097 [Test seq (cond on sampled tp)] | Best Test MAPE 0.041882|Best Test RMSE 289.501163|
Experiment 07-08_00:44
Epoch 0098 [Train seq (cond on sampled tp)] | Loss 1856971.954247 | MAPE 0.073021 | RMSE 80.648788 | Likelihood -1856968.878977 | KL fp 3.0753 | FP STD 0.1742|
Epoch 0098 [Val seq (cond on sampled tp)] |  MAPE 0.026457 | RMSE 77.258893 |
Epoch 0098 [Test seq (cond on sampled tp)] | MAPE 0.046727 | RMSE 260.738418|
0.041647858917713165,0.04304203391075134,0.055490653961896896
215.84523173445365,271.8638934513004,294.5061279073833
Experiment 07-08_00:44
Epoch 0099 [Train seq (cond on sampled tp)] | Loss 1890507.324793 | MAPE 0.082850 | RMSE 85.657825 | Likelihood -1890504.347242 | KL fp 2.9776 | FP STD 0.2009|
Epoch 0099 [Val seq (cond on sampled tp)] |  MAPE 0.026497 | RMSE 92.874054 |
Epoch 0099 [Test seq (cond on sampled tp)] | MAPE 0.044555 | RMSE 310.951409|
0.04971112310886383,0.0425010621547699,0.04145403206348419
267.87586035792776,320.55666913199605,344.4216960173967
Experiment 07-08_00:44
Epoch 0100 [Train seq (cond on sampled tp)] | Loss 1885949.984248 | MAPE 0.076538 | RMSE 86.730259 | Likelihood -1885947.012652 | KL fp 2.9716 | FP STD 0.1849|
Epoch 0100 [Val seq (cond on sampled tp)] |  MAPE 0.029300 | RMSE 82.488384 |
Epoch 0100 [Test seq (cond on sampled tp)] | MAPE 0.054699 | RMSE 254.773386|
0.04493051394820213,0.05101095512509346,0.06815547496080399
200.88179632248912,246.9922269146339,316.4461348318225
