/nvme/yuanjingyang/CG-ODE/run_models_spring.py
/nvme/yuanjingyang/CG-ODE/run_models_spring.py
Namespace(save='experiments/', load=None, dataset='spring', datapath='data/', pred_length=14, condition_length=106, features='X,Y,vel_X,vel_Y', feature_out='X,Y', niters=100, lr=0.005, batch_size=32, random_seed=1991, dropout=0.2, l2=1e-05, optimizer='AdamW', clip=10, edge_lamda=0.5, z0_encoder='GTrans', rec_dims=64, ode_dims=20, rec_layers=1, gen_layers=1, encoder='base', graf_layer=1, cheb_K=2, heavyBall=False, actv_h=None, gamma_guess=-3.0, gamma_act='sigmoid', corr=-100, corrf=True, sign=1, augment_dim=0, solver='rk4', rtol=0.01, atol=0.01, alias='run', output_dim=2, feature_out_index=[0, 1], num_atoms=5)
run
Experiment 08-22_04:09
Epoch 0001 [Train seq (cond on sampled tp)] | Loss 61200.062631 | MAPE 1.498739 | RMSE 0.427430 | Likelihood -61197.365724 | KL fp 2.6969 | FP STD 0.5052 | ->nfe   52.00 | <-nfe   52.00
Epoch 0001 [Val seq (cond on sampled tp)] |  MAPE 1.056323 | RMSE 0.286240 |
Best Val!
Epoch 0001 [Test seq (cond on sampled tp)] | MAPE 11.288703 | RMSE 0.427748|
6.982247352600098,12.740272521972656,3.147883176803589,4.052638530731201,5.3651580810546875,3.1230015754699707,6.100589275360107,4.1932244300842285,8.143645286560059,4.891258716583252,6.8306403160095215,2.8466544151306152,8.914740562438965,60.42865753173828,4.881001949310303,37.97764205932617
0.42360220658301234,0.43011200482959333,0.43854195971565996,0.42659662201054144,0.4518540084943885,0.4394859810308621,0.4057071066047076,0.423437668212632,0.41243561039847415,0.44349945476997343,0.40176570441358334,0.4059521426818904,0.46491119151980653,0.3986697361623543,0.45690776102150016,0.4204875950043788
6.982247352600098,12.740272521972656,3.147883176803589,4.052638530731201,5.3651580810546875,3.1230015754699707,6.100589275360107,4.1932244300842285,8.143645286560059,4.891258716583252,6.8306403160095215,2.8466544151306152,8.914740562438965,60.42865753173828,4.881001949310303,37.97764205932617
0.42360220658301234,0.43011200482959333,0.43854195971565996,0.42659662201054144,0.4518540084943885,0.4394859810308621,0.4057071066047076,0.423437668212632,0.41243561039847415,0.44349945476997343,0.40176570441358334,0.4059521426818904,0.46491119151980653,0.3986697361623543,0.45690776102150016,0.4204875950043788
Epoch 0001 [Test seq (cond on sampled tp)] | Best Test MAPE 11.288703|Best Test RMSE 0.427748|
Experiment 08-22_04:09
Epoch 0002 [Train seq (cond on sampled tp)] | Loss 49342.926425 | MAPE 1.230339 | RMSE 0.425968 | Likelihood -49340.081739 | KL fp 2.8447 | FP STD 0.4589 | ->nfe   52.00 | <-nfe   52.00
Epoch 0002 [Val seq (cond on sampled tp)] |  MAPE 1.118210 | RMSE 0.288961 |
Epoch 0002 [Test seq (cond on sampled tp)] | MAPE 11.417604 | RMSE 0.427305|
6.96279764175415,12.72101879119873,3.097080707550049,4.114587306976318,5.138433933258057,3.1219019889831543,5.978773593902588,4.033620357513428,7.778558254241943,4.823562145233154,6.7789201736450195,2.866795063018799,8.73734188079834,62.69291305541992,4.908252239227295,38.9271125793457
0.4197300494986883,0.4337961051194038,0.439792857774609,0.42993945624262325,0.44915510638983247,0.44053853248453767,0.4057787582914389,0.4266277961918747,0.4102933563682391,0.4422594955388861,0.4020372723433382,0.4063960509760263,0.45988407019162353,0.394625038858677,0.45776573892762473,0.4182659589831746
Experiment 08-22_04:09
Epoch 0003 [Train seq (cond on sampled tp)] | Loss 45089.211457 | MAPE 1.293966 | RMSE 0.425664 | Likelihood -45084.167854 | KL fp 5.0436 | FP STD 0.7679 | ->nfe   52.00 | <-nfe   52.00
Epoch 0003 [Val seq (cond on sampled tp)] |  MAPE 1.055510 | RMSE 0.287667 |
Best Val!
Epoch 0003 [Test seq (cond on sampled tp)] | MAPE 11.338665 | RMSE 0.427048|
6.9968156814575195,12.585344314575195,3.081324338912964,4.076411724090576,5.1524271965026855,3.1216413974761963,5.991517066955566,4.120244026184082,7.805716037750244,4.821757793426514,6.734930515289307,2.876344919204712,8.860140800476074,61.44232940673828,4.9004411697387695,38.851253509521484
0.423613832504967,0.4292072212940047,0.43823361197392374,0.42844521666518925,0.44929986304355984,0.43873452667382606,0.408052754426449,0.42581474102488226,0.4102185338277589,0.4420560931347277,0.40189197323493897,0.4074676860974191,0.4622578218828825,0.3940846209628378,0.45483298514026543,0.4185498556409119
Experiment 08-22_04:09
Epoch 0004 [Train seq (cond on sampled tp)] | Loss 39636.145434 | MAPE 1.403101 | RMSE 0.425497 | Likelihood -39627.789090 | KL fp 8.3563 | FP STD 1.0152 | ->nfe   52.00 | <-nfe   52.00
Epoch 0004 [Val seq (cond on sampled tp)] |  MAPE 1.177820 | RMSE 0.286935 |
Epoch 0004 [Test seq (cond on sampled tp)] | MAPE 11.359572 | RMSE 0.427570|
6.971032619476318,12.81334400177002,3.1665399074554443,4.075747013092041,5.2343220710754395,3.140230417251587,6.0489726066589355,4.099225044250488,8.043403625488281,4.833974838256836,6.74830961227417,2.8844797611236572,8.809318542480469,61.17656326293945,4.929118633270264,38.778564453125
0.42201027643992994,0.43291828019677037,0.43963629402055326,0.4263564782538599,0.45063019309047514,0.44142577879249845,0.40378824203480185,0.42591469099807766,0.4131184378029202,0.442401927678175,0.40005642969728494,0.4062433058847422,0.46150426449463733,0.3974519208405523,0.4584676065420936,0.419192350240926
