/nvme/yuanjingyang/CG-ODE/run_models_covid.py
run_models_covid.py --heavyBall --gamma_guess 3.0 --corr -100
Namespace(save='experiments/', load=None, dataset='Dec', datapath='data/', pred_length=14, condition_length=21, features='Confirmed,Deaths,Recovered,Mortality_Rate,Testing_Rate,Population,Mobility', split_interval=3, feature_out='Deaths', niters=100, lr=0.005, batch_size=8, random_seed=1991, dropout=0.2, l2=1e-05, optimizer='AdamW', clip=10, edge_lamda=0.5, z0_encoder='GTrans', rec_dims=64, ode_dims=20, rec_layers=1, gen_layers=1, CVPR=False, graf_layer=1, heavyBall=True, actv_h=None, gamma_guess=3.0, gamma_act='sigmoid', corr=-100, corrf=True, sign=1, augment_dim=0, solver='rk4', alias='run', output_dim=1, feature_out_index=[1], num_atoms=50)
run
Experiment 07-08_02:36
Epoch 0001 [Train seq (cond on sampled tp)] | Loss 4397407.156057 | MAPE 0.063342 | RMSE 286.452242 | Likelihood -4397405.631179 | KL fp 1.5249 | FP STD 0.4239|
Epoch 0001 [Val seq (cond on sampled tp)] |  MAPE 0.058009 | RMSE 305.762942 |
Best Val!
Epoch 0001 [Test seq (cond on sampled tp)] | MAPE 0.121578 | RMSE 906.140460|
0.1346607804298401,0.12587417662143707,0.10419894754886627
851.2787440080951,937.1508683237721,929.9917674366801
0.1346607804298401,0.12587417662143707,0.10419894754886627
851.2787440080951,937.1508683237721,929.9917674366801
Epoch 0001 [Test seq (cond on sampled tp)] | Best Test MAPE 0.121578|Best Test RMSE 906.140460|
Experiment 07-08_02:36
Epoch 0002 [Train seq (cond on sampled tp)] | Loss 4197665.315715 | MAPE 0.095443 | RMSE 276.101643 | Likelihood -4197662.264261 | KL fp 3.0515 | FP STD 0.6596|
Epoch 0002 [Val seq (cond on sampled tp)] |  MAPE 0.066833 | RMSE 280.816179 |
Epoch 0002 [Test seq (cond on sampled tp)] | MAPE 0.110067 | RMSE 865.882713|
0.11928270757198334,0.11274635046720505,0.09817101061344147
808.1363978314552,895.5817243557397,893.93001683577
0.11928270757198334,0.11274635046720505,0.09817101061344147
808.1363978314552,895.5817243557397,893.93001683577
Epoch 0002 [Test seq (cond on sampled tp)] | Best Test MAPE 0.110067|Best Test RMSE 865.882713|
Experiment 07-08_02:36
Epoch 0003 [Train seq (cond on sampled tp)] | Loss 3838098.348820 | MAPE 0.237394 | RMSE 256.426040 | Likelihood -3838092.402678 | KL fp 5.9461 | FP STD 0.8475|
Epoch 0003 [Val seq (cond on sampled tp)] |  MAPE 0.102923 | RMSE 239.202802 |
Epoch 0003 [Test seq (cond on sampled tp)] | MAPE 0.135476 | RMSE 786.333459|
0.14394117891788483,0.13810695707798004,0.12438037246465683
724.7688855766368,816.7868066392846,817.4446846729141
Experiment 07-08_02:36
Epoch 0004 [Train seq (cond on sampled tp)] | Loss 3550405.562223 | MAPE 0.485248 | RMSE 239.439379 | Likelihood -3550397.483353 | KL fp 8.0789 | FP STD 0.7964|
Epoch 0004 [Val seq (cond on sampled tp)] |  MAPE 0.111793 | RMSE 206.794726 |
Epoch 0004 [Test seq (cond on sampled tp)] | MAPE 0.128787 | RMSE 715.373910|
0.1358974575996399,0.12650664150714874,0.12395837157964706
649.3284030442532,745.1473428121448,751.6459854878492
Experiment 07-08_02:36
Epoch 0005 [Train seq (cond on sampled tp)] | Loss 3162448.489883 | MAPE 0.360963 | RMSE 214.005218 | Likelihood -3162443.370370 | KL fp 5.1195 | FP STD 0.5119|
Epoch 0005 [Val seq (cond on sampled tp)] |  MAPE 0.038601 | RMSE 176.338918 |
Best Val!
Epoch 0005 [Test seq (cond on sampled tp)] | MAPE 0.059780 | RMSE 657.797463|
0.06530911475419998,0.06260394304990768,0.05142609402537346
591.5454864167252,693.774346419641,688.0725570388635
0.06530911475419998,0.06260394304990768,0.05142609402537346
591.5454864167252,693.774346419641,688.0725570388635
Epoch 0005 [Test seq (cond on sampled tp)] | Best Test MAPE 0.059780|Best Test RMSE 657.797463|
Experiment 07-08_02:36
Epoch 0006 [Train seq (cond on sampled tp)] | Loss 2842568.133235 | MAPE 0.050454 | RMSE 190.934247 | Likelihood -2842563.980933 | KL fp 4.1523 | FP STD 0.5361|
Epoch 0006 [Val seq (cond on sampled tp)] |  MAPE 0.032104 | RMSE 149.121830 |
Best Val!
Epoch 0006 [Test seq (cond on sampled tp)] | MAPE 0.063015 | RMSE 571.732400|
0.0709504559636116,0.06586134433746338,0.052232202142477036
497.5038630503285,609.9000942777432,607.7932419828309
Experiment 07-08_02:36
Epoch 0007 [Train seq (cond on sampled tp)] | Loss 2530036.322578 | MAPE 0.052300 | RMSE 164.794306 | Likelihood -2530032.447973 | KL fp 3.8746 | FP STD 0.4570|
Epoch 0007 [Val seq (cond on sampled tp)] |  MAPE 0.027518 | RMSE 133.390631 |
Best Val!
Epoch 0007 [Test seq (cond on sampled tp)] | MAPE 0.054196 | RMSE 520.623799|
0.06300856173038483,0.055040281265974045,0.04453815519809723
455.6171295616529,554.1651942336329,552.0890722972155
0.06300856173038483,0.055040281265974045,0.04453815519809723
455.6171295616529,554.1651942336329,552.0890722972155
Epoch 0007 [Test seq (cond on sampled tp)] | Best Test MAPE 0.054196|Best Test RMSE 520.623799|
Experiment 07-08_02:36
Epoch 0008 [Train seq (cond on sampled tp)] | Loss 2295519.984255 | MAPE 0.041677 | RMSE 141.331356 | Likelihood -2295516.547838 | KL fp 3.4364 | FP STD 0.3881|
Epoch 0008 [Val seq (cond on sampled tp)] |  MAPE 0.025327 | RMSE 105.792138 |
Best Val!
Epoch 0008 [Test seq (cond on sampled tp)] | MAPE 0.051226 | RMSE 420.694592|
0.05454816669225693,0.0560322180390358,0.043097637593746185
354.91620930157586,449.47858680920496,457.6889807773397
0.05454816669225693,0.0560322180390358,0.043097637593746185
354.91620930157586,449.47858680920496,457.6889807773397
Epoch 0008 [Test seq (cond on sampled tp)] | Best Test MAPE 0.051226|Best Test RMSE 420.694592|
Experiment 07-08_02:36
Epoch 0009 [Train seq (cond on sampled tp)] | Loss 2185524.911577 | MAPE 0.037222 | RMSE 128.424481 | Likelihood -2185521.497272 | KL fp 3.4143 | FP STD 0.3461|
Epoch 0009 [Val seq (cond on sampled tp)] |  MAPE 0.033127 | RMSE 92.102455 |
Epoch 0009 [Test seq (cond on sampled tp)] | MAPE 0.057217 | RMSE 374.695184|
0.05337657406926155,0.0570547990500927,0.061220087110996246
309.6815148261194,403.75472133462415,410.64931434863007
Experiment 07-08_02:36
Epoch 0010 [Train seq (cond on sampled tp)] | Loss 2075702.043431 | MAPE 0.036921 | RMSE 115.314828 | Likelihood -2075698.584696 | KL fp 3.4587 | FP STD 0.2789|
Epoch 0010 [Val seq (cond on sampled tp)] |  MAPE 0.030189 | RMSE 103.068919 |
Epoch 0010 [Test seq (cond on sampled tp)] | MAPE 0.059854 | RMSE 388.210792|
0.0688190683722496,0.059629183262586594,0.0511152409017086
324.64679124011064,409.6694933113765,430.3160902174122
Experiment 07-08_02:36
Epoch 0011 [Train seq (cond on sampled tp)] | Loss 2066769.670770 | MAPE 0.047299 | RMSE 115.271442 | Likelihood -2066766.325364 | KL fp 3.3454 | FP STD 0.2149|
Epoch 0011 [Val seq (cond on sampled tp)] |  MAPE 0.026622 | RMSE 89.875592 |
Epoch 0011 [Test seq (cond on sampled tp)] | MAPE 0.050340 | RMSE 305.457208|
0.058659471571445465,0.0476757176220417,0.044686149805784225
242.06647782685647,316.31376580462,357.9913799590711
0.058659471571445465,0.0476757176220417,0.044686149805784225
242.06647782685647,316.31376580462,357.9913799590711
Epoch 0011 [Test seq (cond on sampled tp)] | Best Test MAPE 0.050340|Best Test RMSE 305.457208|
Experiment 07-08_02:36
Epoch 0012 [Train seq (cond on sampled tp)] | Loss 2007397.672144 | MAPE 0.036156 | RMSE 105.960542 | Likelihood -2007394.341114 | KL fp 3.3310 | FP STD 0.2259|
Epoch 0012 [Val seq (cond on sampled tp)] |  MAPE 0.026243 | RMSE 80.536261 |
Epoch 0012 [Test seq (cond on sampled tp)] | MAPE 0.064054 | RMSE 313.731493|
0.06602262705564499,0.06866289675235748,0.057477548718452454
245.8183558290552,348.69181862355185,346.6843056910711
Experiment 07-08_02:36
Epoch 0013 [Train seq (cond on sampled tp)] | Loss 2003477.340533 | MAPE 0.054299 | RMSE 104.789059 | Likelihood -2003474.004673 | KL fp 3.3359 | FP STD 0.2106|
Epoch 0013 [Val seq (cond on sampled tp)] |  MAPE 0.023050 | RMSE 83.378766 |
Best Val!
Epoch 0013 [Test seq (cond on sampled tp)] | MAPE 0.054253 | RMSE 314.063399|
0.06545805186033249,0.05500508099794388,0.04229691997170448
258.26740926315114,347.43420015522366,336.4885886809536
Experiment 07-08_02:36
Epoch 0014 [Train seq (cond on sampled tp)] | Loss 1976769.778267 | MAPE 0.032940 | RMSE 101.823855 | Likelihood -1976766.538572 | KL fp 3.2397 | FP STD 0.2195|
Epoch 0014 [Val seq (cond on sampled tp)] |  MAPE 0.024154 | RMSE 81.886459 |
Epoch 0014 [Test seq (cond on sampled tp)] | MAPE 0.050008 | RMSE 282.756234|
0.05801006779074669,0.05168746039271355,0.040326014161109924
217.72006647011202,306.92785950040445,323.6207753683314
0.05801006779074669,0.05168746039271355,0.040326014161109924
217.72006647011202,306.92785950040445,323.6207753683314
Epoch 0014 [Test seq (cond on sampled tp)] | Best Test MAPE 0.050008|Best Test RMSE 282.756234|
Experiment 07-08_02:36
Epoch 0015 [Train seq (cond on sampled tp)] | Loss 1963067.937369 | MAPE 0.031909 | RMSE 98.512837 | Likelihood -1963064.769934 | KL fp 3.1674 | FP STD 0.2061|
Epoch 0015 [Val seq (cond on sampled tp)] |  MAPE 0.025743 | RMSE 82.442881 |
Epoch 0015 [Test seq (cond on sampled tp)] | MAPE 0.053303 | RMSE 303.450776|
0.05510054901242256,0.05430179461836815,0.050507768988609314
255.9085530028256,315.29172998986195,339.1520446274797
Experiment 07-08_02:36
Epoch 0016 [Train seq (cond on sampled tp)] | Loss 1956107.935097 | MAPE 0.036427 | RMSE 98.232323 | Likelihood -1956104.684485 | KL fp 3.2506 | FP STD 0.2116|
Epoch 0016 [Val seq (cond on sampled tp)] |  MAPE 0.025033 | RMSE 80.130171 |
Epoch 0016 [Test seq (cond on sampled tp)] | MAPE 0.051212 | RMSE 259.469333|
0.059497296810150146,0.05269671231508255,0.04144340008497238
210.1721857341023,276.4111379584766,291.8246744622531
Experiment 07-08_02:36
Epoch 0017 [Train seq (cond on sampled tp)] | Loss 1952849.188500 | MAPE 0.043486 | RMSE 97.356301 | Likelihood -1952846.005379 | KL fp 3.1831 | FP STD 0.2107|
Epoch 0017 [Val seq (cond on sampled tp)] |  MAPE 0.025427 | RMSE 88.056001 |
Epoch 0017 [Test seq (cond on sampled tp)] | MAPE 0.056475 | RMSE 273.580223|
0.05318295210599899,0.057959310710430145,0.058282360434532166
222.9120307150334,291.07466557139594,306.7539730794045
Experiment 07-08_02:36
Epoch 0018 [Train seq (cond on sampled tp)] | Loss 1938119.885634 | MAPE 0.036028 | RMSE 95.499088 | Likelihood -1938116.913005 | KL fp 2.9726 | FP STD 0.2267|
Epoch 0018 [Val seq (cond on sampled tp)] |  MAPE 0.025007 | RMSE 83.279711 |
Epoch 0018 [Test seq (cond on sampled tp)] | MAPE 0.051719 | RMSE 311.020022|
0.04929741099476814,0.05374704301357269,0.05211310833692551
256.92490391162937,333.86821408304206,342.2669485394405
Experiment 07-08_02:36
Epoch 0019 [Train seq (cond on sampled tp)] | Loss 1979355.892035 | MAPE 0.049482 | RMSE 102.063919 | Likelihood -1979353.066559 | KL fp 2.8255 | FP STD 0.2531|
Epoch 0019 [Val seq (cond on sampled tp)] |  MAPE 0.033945 | RMSE 78.674604 |
Epoch 0019 [Test seq (cond on sampled tp)] | MAPE 0.064108 | RMSE 304.090841|
0.06931710243225098,0.06242793798446655,0.060577671974897385
259.3411574307094,315.7528948798411,337.1784695268961
Experiment 07-08_02:36
Epoch 0020 [Train seq (cond on sampled tp)] | Loss 1977261.956671 | MAPE 0.035507 | RMSE 101.245250 | Likelihood -1977259.389924 | KL fp 2.5667 | FP STD 0.2471|
Epoch 0020 [Val seq (cond on sampled tp)] |  MAPE 0.030390 | RMSE 71.923733 |
Epoch 0020 [Test seq (cond on sampled tp)] | MAPE 0.055799 | RMSE 255.455225|
0.05011032894253731,0.0551459975540638,0.06214115023612976
198.28696061516501,266.43025001864936,301.64846572624896
Experiment 07-08_02:36
Epoch 0021 [Train seq (cond on sampled tp)] | Loss 1949075.208992 | MAPE 0.040218 | RMSE 97.078693 | Likelihood -1949072.297925 | KL fp 2.9111 | FP STD 0.2298|
Epoch 0021 [Val seq (cond on sampled tp)] |  MAPE 0.026728 | RMSE 88.467657 |
Epoch 0021 [Test seq (cond on sampled tp)] | MAPE 0.057045 | RMSE 300.308153|
0.06679455935955048,0.058502502739429474,0.04583844542503357
275.822236685152,305.3182253813224,319.78399692214117
Experiment 07-08_02:36
Epoch 0022 [Train seq (cond on sampled tp)] | Loss 1978298.531786 | MAPE 0.037281 | RMSE 101.868435 | Likelihood -1978296.120565 | KL fp 2.4112 | FP STD 0.2708|
Epoch 0022 [Val seq (cond on sampled tp)] |  MAPE 0.025776 | RMSE 84.840239 |
Epoch 0022 [Test seq (cond on sampled tp)] | MAPE 0.049925 | RMSE 264.325191|
0.05464695766568184,0.052776534110307693,0.042352255433797836
237.2657314989883,275.57166434069376,280.1381774009034
0.05464695766568184,0.052776534110307693,0.042352255433797836
237.2657314989883,275.57166434069376,280.1381774009034
Epoch 0022 [Test seq (cond on sampled tp)] | Best Test MAPE 0.049925|Best Test RMSE 264.325191|
Experiment 07-08_02:36
Epoch 0023 [Train seq (cond on sampled tp)] | Loss 1916028.961492 | MAPE 0.035492 | RMSE 90.814546 | Likelihood -1916026.510583 | KL fp 2.4509 | FP STD 0.2659|
Epoch 0023 [Val seq (cond on sampled tp)] |  MAPE 0.025141 | RMSE 83.594515 |
Epoch 0023 [Test seq (cond on sampled tp)] | MAPE 0.055733 | RMSE 283.207058|
0.060743000358343124,0.05455275997519493,0.05190252140164375
239.5234118906751,304.4456925093538,305.65206935337443
Experiment 07-08_02:36
Epoch 0024 [Train seq (cond on sampled tp)] | Loss 1930517.588394 | MAPE 0.033875 | RMSE 93.627293 | Likelihood -1930514.783950 | KL fp 2.8044 | FP STD 0.1821|
Epoch 0024 [Val seq (cond on sampled tp)] |  MAPE 0.031057 | RMSE 94.783867 |
Epoch 0024 [Test seq (cond on sampled tp)] | MAPE 0.065769 | RMSE 262.037551|
0.06419048458337784,0.06810981780290604,0.06500624865293503
210.5558770107118,277.5527399207221,298.0040373048661
Experiment 07-08_02:36
Epoch 0025 [Train seq (cond on sampled tp)] | Loss 1947337.989264 | MAPE 0.032957 | RMSE 96.853549 | Likelihood -1947335.043254 | KL fp 2.9460 | FP STD 0.1780|
Epoch 0025 [Val seq (cond on sampled tp)] |  MAPE 0.027709 | RMSE 83.289634 |
Epoch 0025 [Test seq (cond on sampled tp)] | MAPE 0.062161 | RMSE 261.964919|
0.06832841783761978,0.06290888786315918,0.05524488165974617
223.87896946508843,271.4893529219884,290.5264348987885
Experiment 07-08_02:36
Epoch 0026 [Train seq (cond on sampled tp)] | Loss 1957274.188763 | MAPE 0.034305 | RMSE 98.338380 | Likelihood -1957271.617264 | KL fp 2.5715 | FP STD 0.2090|
Epoch 0026 [Val seq (cond on sampled tp)] |  MAPE 0.037551 | RMSE 83.485026 |
Epoch 0026 [Test seq (cond on sampled tp)] | MAPE 0.069390 | RMSE 254.342320|
0.06890752911567688,0.06878889352083206,0.07047441601753235
208.14230408545015,266.42755230080843,288.4571025299949
Experiment 07-08_02:36
Epoch 0027 [Train seq (cond on sampled tp)] | Loss 1954626.270133 | MAPE 0.046395 | RMSE 97.745405 | Likelihood -1954623.546280 | KL fp 2.7239 | FP STD 0.2237|
Epoch 0027 [Val seq (cond on sampled tp)] |  MAPE 0.028132 | RMSE 99.826539 |
Epoch 0027 [Test seq (cond on sampled tp)] | MAPE 0.060885 | RMSE 304.521967|
0.07021212577819824,0.0635843575000763,0.048857320100069046
285.45967589573837,309.2468674053142,318.85935624111767
Experiment 07-08_02:36
Epoch 0028 [Train seq (cond on sampled tp)] | Loss 1983919.056429 | MAPE 0.039874 | RMSE 102.446544 | Likelihood -1983916.983714 | KL fp 2.0727 | FP STD 0.3166|
Epoch 0028 [Val seq (cond on sampled tp)] |  MAPE 0.030529 | RMSE 102.230634 |
Epoch 0028 [Test seq (cond on sampled tp)] | MAPE 0.057382 | RMSE 300.294814|
0.06312111020088196,0.05444364249706268,0.05458243191242218
260.51234075855217,289.5659197402208,350.8061809069219
Experiment 07-08_02:36
Epoch 0029 [Train seq (cond on sampled tp)] | Loss 1930272.429129 | MAPE 0.035825 | RMSE 93.572712 | Likelihood -1930270.080634 | KL fp 2.3485 | FP STD 0.2487|
Epoch 0029 [Val seq (cond on sampled tp)] |  MAPE 0.038339 | RMSE 87.749630 |
Epoch 0029 [Test seq (cond on sampled tp)] | MAPE 0.081132 | RMSE 296.792490|
0.08287860453128815,0.08019458502531052,0.08032164722681046
273.80991068166253,301.94151699873936,314.62604290649557
Experiment 07-08_02:36
Epoch 0030 [Train seq (cond on sampled tp)] | Loss 1922943.606828 | MAPE 0.036901 | RMSE 92.200718 | Likelihood -1922941.022227 | KL fp 2.5846 | FP STD 0.2269|
Epoch 0030 [Val seq (cond on sampled tp)] |  MAPE 0.028200 | RMSE 85.508971 |
Epoch 0030 [Test seq (cond on sampled tp)] | MAPE 0.055659 | RMSE 282.103735|
0.06067673861980438,0.054362550377845764,0.05193720757961273
231.32676090867653,308.5881660887209,306.3962788408175
Experiment 07-08_02:36
Epoch 0031 [Train seq (cond on sampled tp)] | Loss 1932203.988445 | MAPE 0.034184 | RMSE 92.372657 | Likelihood -1932201.279155 | KL fp 2.7093 | FP STD 0.1907|
Epoch 0031 [Val seq (cond on sampled tp)] |  MAPE 0.027228 | RMSE 82.903476 |
Epoch 0031 [Test seq (cond on sampled tp)] | MAPE 0.057831 | RMSE 279.735497|
0.05632833018898964,0.05778321996331215,0.059380464255809784
222.62522810207292,291.70526381520784,324.87599797845945
Experiment 07-08_02:36
Epoch 0032 [Train seq (cond on sampled tp)] | Loss 1915065.157920 | MAPE 0.034213 | RMSE 91.552613 | Likelihood -1915062.541300 | KL fp 2.6166 | FP STD 0.2159|
Epoch 0032 [Val seq (cond on sampled tp)] |  MAPE 0.030473 | RMSE 88.593744 |
Epoch 0032 [Test seq (cond on sampled tp)] | MAPE 0.048324 | RMSE 256.869784|
0.05385947972536087,0.053122859448194504,0.03798950836062431
200.3368549936581,297.27844954268045,272.9940475541546
0.05385947972536087,0.053122859448194504,0.03798950836062431
200.3368549936581,297.27844954268045,272.9940475541546
Epoch 0032 [Test seq (cond on sampled tp)] | Best Test MAPE 0.048324|Best Test RMSE 256.869784|
Experiment 07-08_02:36
Epoch 0033 [Train seq (cond on sampled tp)] | Loss 1921290.702341 | MAPE 0.039791 | RMSE 91.706829 | Likelihood -1921288.295625 | KL fp 2.4067 | FP STD 0.2207|
Epoch 0033 [Val seq (cond on sampled tp)] |  MAPE 0.028912 | RMSE 76.771319 |
Epoch 0033 [Test seq (cond on sampled tp)] | MAPE 0.050905 | RMSE 250.723181|
0.05412415415048599,0.04811608046293259,0.050475891679525375
222.2516697068888,245.6102571911442,284.3076156428104
Experiment 07-08_02:36
Epoch 0034 [Train seq (cond on sampled tp)] | Loss 1903783.451688 | MAPE 0.035030 | RMSE 89.303052 | Likelihood -1903780.852543 | KL fp 2.5991 | FP STD 0.2216|
Epoch 0034 [Val seq (cond on sampled tp)] |  MAPE 0.026697 | RMSE 88.398633 |
Epoch 0034 [Test seq (cond on sampled tp)] | MAPE 0.052887 | RMSE 242.497499|
0.057641636580228806,0.05351288616657257,0.04750638082623482
189.18387632803172,242.92128354674895,295.3873384007852
Experiment 07-08_02:36
Epoch 0035 [Train seq (cond on sampled tp)] | Loss 1898134.941974 | MAPE 0.034281 | RMSE 88.830767 | Likelihood -1898132.278807 | KL fp 2.6632 | FP STD 0.1816|
Epoch 0035 [Val seq (cond on sampled tp)] |  MAPE 0.027782 | RMSE 87.621952 |
Epoch 0035 [Test seq (cond on sampled tp)] | MAPE 0.063990 | RMSE 263.982206|
0.06352297961711884,0.0644141361117363,0.06403342634439468
224.73484376037464,266.06258074934175,301.14919215813944
Experiment 07-08_02:36
Epoch 0036 [Train seq (cond on sampled tp)] | Loss 1908969.849914 | MAPE 0.032177 | RMSE 90.962293 | Likelihood -1908967.191252 | KL fp 2.6587 | FP STD 0.1767|
Epoch 0036 [Val seq (cond on sampled tp)] |  MAPE 0.029386 | RMSE 96.022082 |
Epoch 0036 [Test seq (cond on sampled tp)] | MAPE 0.046802 | RMSE 272.016638|
0.05478961765766144,0.0480351448059082,0.03758266940712929
236.496944351296,272.70976731224715,306.8432010001199
0.05478961765766144,0.0480351448059082,0.03758266940712929
236.496944351296,272.70976731224715,306.8432010001199
Epoch 0036 [Test seq (cond on sampled tp)] | Best Test MAPE 0.046802|Best Test RMSE 272.016638|
Experiment 07-08_02:36
Epoch 0037 [Train seq (cond on sampled tp)] | Loss 1911956.101410 | MAPE 0.033132 | RMSE 90.216034 | Likelihood -1911953.460744 | KL fp 2.6407 | FP STD 0.1840|
Epoch 0037 [Val seq (cond on sampled tp)] |  MAPE 0.027662 | RMSE 86.256983 |
Epoch 0037 [Test seq (cond on sampled tp)] | MAPE 0.053487 | RMSE 266.961579|
0.05483018234372139,0.054704293608665466,0.05092697963118553
236.4469665035904,271.4908636814506,292.946907519093
Experiment 07-08_02:36
Epoch 0038 [Train seq (cond on sampled tp)] | Loss 1895867.283700 | MAPE 0.033151 | RMSE 88.588237 | Likelihood -1895864.654281 | KL fp 2.6294 | FP STD 0.1869|
Epoch 0038 [Val seq (cond on sampled tp)] |  MAPE 0.026970 | RMSE 98.047138 |
Epoch 0038 [Test seq (cond on sampled tp)] | MAPE 0.054016 | RMSE 304.879744|
0.057080838829278946,0.05844641476869583,0.04652222618460655
282.3346446373523,312.1865052536704,320.11808124112576
Experiment 07-08_02:36
Epoch 0039 [Train seq (cond on sampled tp)] | Loss 1917943.931150 | MAPE 0.038078 | RMSE 90.906732 | Likelihood -1917941.527275 | KL fp 2.4039 | FP STD 0.2120|
Epoch 0039 [Val seq (cond on sampled tp)] |  MAPE 0.023244 | RMSE 79.816948 |
Epoch 0039 [Test seq (cond on sampled tp)] | MAPE 0.050442 | RMSE 291.952139|
0.05494346469640732,0.05265522748231888,0.043725986033678055
246.50689328596877,308.81759128569735,320.5319309366853
Experiment 07-08_02:36
Epoch 0040 [Train seq (cond on sampled tp)] | Loss 1927448.233802 | MAPE 0.033687 | RMSE 93.358190 | Likelihood -1927445.626104 | KL fp 2.6077 | FP STD 0.1899|
Epoch 0040 [Val seq (cond on sampled tp)] |  MAPE 0.023264 | RMSE 77.384721 |
Epoch 0040 [Test seq (cond on sampled tp)] | MAPE 0.059198 | RMSE 257.767289|
0.05826268717646599,0.05833511799573898,0.06099614128470421
220.47175095406214,273.54814190101894,279.2819755641241
Experiment 07-08_02:36
Epoch 0041 [Train seq (cond on sampled tp)] | Loss 1896851.351206 | MAPE 0.033755 | RMSE 88.809788 | Likelihood -1896848.425829 | KL fp 2.9254 | FP STD 0.1443|
Epoch 0041 [Val seq (cond on sampled tp)] |  MAPE 0.028029 | RMSE 73.245977 |
Epoch 0041 [Test seq (cond on sampled tp)] | MAPE 0.055779 | RMSE 247.456794|
0.05914955958724022,0.05367441475391388,0.0545118972659111
223.1177694906885,237.20297215675862,282.0496410208671
Experiment 07-08_02:36
Epoch 0042 [Train seq (cond on sampled tp)] | Loss 1869854.982010 | MAPE 0.032296 | RMSE 83.586356 | Likelihood -1869852.185278 | KL fp 2.7967 | FP STD 0.1642|
Epoch 0042 [Val seq (cond on sampled tp)] |  MAPE 0.030036 | RMSE 85.927070 |
Epoch 0042 [Test seq (cond on sampled tp)] | MAPE 0.062459 | RMSE 282.905714|
0.06125950813293457,0.0629921704530716,0.06312382221221924
248.59193313289552,303.65505203273005,296.47015817363473
Experiment 07-08_02:36
Epoch 0043 [Train seq (cond on sampled tp)] | Loss 1924117.259550 | MAPE 0.038928 | RMSE 91.954334 | Likelihood -1924114.475737 | KL fp 2.7838 | FP STD 0.1462|
Epoch 0043 [Val seq (cond on sampled tp)] |  MAPE 0.027864 | RMSE 95.452934 |
Epoch 0043 [Test seq (cond on sampled tp)] | MAPE 0.060601 | RMSE 288.053668|
0.06383457034826279,0.061312235891819,0.05665583536028862
238.43302748098887,304.5613520910032,321.16662342155047
Experiment 07-08_02:36
Epoch 0044 [Train seq (cond on sampled tp)] | Loss 1879998.038503 | MAPE 0.034273 | RMSE 85.584034 | Likelihood -1879995.373704 | KL fp 2.6648 | FP STD 0.1911|
Epoch 0044 [Val seq (cond on sampled tp)] |  MAPE 0.030034 | RMSE 86.259725 |
Epoch 0044 [Test seq (cond on sampled tp)] | MAPE 0.059012 | RMSE 253.347745|
0.05910128355026245,0.057942651212215424,0.05999155715107918
217.1008460226491,252.4635416129426,290.47884765934333
Experiment 07-08_02:36
Epoch 0045 [Train seq (cond on sampled tp)] | Loss 1873916.517545 | MAPE 0.032444 | RMSE 84.146882 | Likelihood -1873914.203498 | KL fp 2.3140 | FP STD 0.2255|
Epoch 0045 [Val seq (cond on sampled tp)] |  MAPE 0.034991 | RMSE 82.418343 |
Epoch 0045 [Test seq (cond on sampled tp)] | MAPE 0.065027 | RMSE 265.373218|
0.061021097004413605,0.06639239937067032,0.06766793876886368
221.66280345944378,273.88090477431973,300.57594454230696
Experiment 07-08_02:36
Epoch 0046 [Train seq (cond on sampled tp)] | Loss 1873682.102422 | MAPE 0.036451 | RMSE 84.069380 | Likelihood -1873679.618491 | KL fp 2.4839 | FP STD 0.2291|
Epoch 0046 [Val seq (cond on sampled tp)] |  MAPE 0.028159 | RMSE 88.529959 |
Epoch 0046 [Test seq (cond on sampled tp)] | MAPE 0.062990 | RMSE 290.447951|
0.055834319442510605,0.0681590735912323,0.0649777501821518
227.8228907095378,320.36789155204053,323.1530693804408
Experiment 07-08_02:36
Epoch 0047 [Train seq (cond on sampled tp)] | Loss 1923162.969358 | MAPE 0.042168 | RMSE 92.659992 | Likelihood -1923160.571449 | KL fp 2.3979 | FP STD 0.2067|
Epoch 0047 [Val seq (cond on sampled tp)] |  MAPE 0.025600 | RMSE 89.190585 |
Epoch 0047 [Test seq (cond on sampled tp)] | MAPE 0.061589 | RMSE 309.093985|
0.06537281721830368,0.058605778962373734,0.060787685215473175
258.4961314991,316.4327411749612,352.3530833021048
Experiment 07-08_02:36
Epoch 0048 [Train seq (cond on sampled tp)] | Loss 1892246.202634 | MAPE 0.035411 | RMSE 86.575259 | Likelihood -1892243.551105 | KL fp 2.6515 | FP STD 0.1930|
Epoch 0048 [Val seq (cond on sampled tp)] |  MAPE 0.028430 | RMSE 91.035557 |
Epoch 0048 [Test seq (cond on sampled tp)] | MAPE 0.056665 | RMSE 274.245131|
0.060529593378305435,0.05725136771798134,0.05221275985240936
243.8189245500644,264.9237950571824,313.9926725856831
Experiment 07-08_02:36
Epoch 0049 [Train seq (cond on sampled tp)] | Loss 1897580.642107 | MAPE 0.037854 | RMSE 87.239499 | Likelihood -1897578.211797 | KL fp 2.4303 | FP STD 0.2260|
Epoch 0049 [Val seq (cond on sampled tp)] |  MAPE 0.024132 | RMSE 85.719223 |
Epoch 0049 [Test seq (cond on sampled tp)] | MAPE 0.054062 | RMSE 275.129434|
0.06173833832144737,0.05459190160036087,0.045854587107896805
240.42486807212768,276.72526989778146,308.23816380357573
Experiment 07-08_02:36
Epoch 0050 [Train seq (cond on sampled tp)] | Loss 1870414.962831 | MAPE 0.037649 | RMSE 83.664194 | Likelihood -1870412.272617 | KL fp 2.6902 | FP STD 0.1836|
Epoch 0050 [Val seq (cond on sampled tp)] |  MAPE 0.026467 | RMSE 88.725247 |
Epoch 0050 [Test seq (cond on sampled tp)] | MAPE 0.052808 | RMSE 275.473413|
0.060925573110580444,0.056043922901153564,0.04145429655909538
248.96308398535714,302.743071246065,274.7140843222276
Experiment 07-08_02:36
Epoch 0051 [Train seq (cond on sampled tp)] | Loss 1854560.789916 | MAPE 0.034926 | RMSE 80.140594 | Likelihood -1854558.086445 | KL fp 2.7035 | FP STD 0.1736|
Epoch 0051 [Val seq (cond on sampled tp)] |  MAPE 0.031965 | RMSE 83.806021 |
Epoch 0051 [Test seq (cond on sampled tp)] | MAPE 0.065419 | RMSE 273.629215|
0.06170845031738281,0.07136163860559464,0.06318756192922592
236.79082442368835,279.4997903621754,304.5970314407217
Experiment 07-08_02:36
Epoch 0052 [Train seq (cond on sampled tp)] | Loss 1882202.231877 | MAPE 0.037431 | RMSE 85.335723 | Likelihood -1882199.579356 | KL fp 2.6525 | FP STD 0.1838|
Epoch 0052 [Val seq (cond on sampled tp)] |  MAPE 0.029552 | RMSE 86.809283 |
Epoch 0052 [Test seq (cond on sampled tp)] | MAPE 0.058867 | RMSE 299.530253|
0.05507391691207886,0.0592513307929039,0.06227696314454079
288.06370009513523,291.8413926047846,318.6856675275812
Experiment 07-08_02:36
Epoch 0053 [Train seq (cond on sampled tp)] | Loss 1870047.086555 | MAPE 0.033268 | RMSE 84.279787 | Likelihood -1870044.240737 | KL fp 2.8458 | FP STD 0.1577|
Epoch 0053 [Val seq (cond on sampled tp)] |  MAPE 0.027477 | RMSE 77.397103 |
Epoch 0053 [Test seq (cond on sampled tp)] | MAPE 0.060659 | RMSE 282.979948|
0.05782961845397949,0.06152252107858658,0.06262443214654922
248.87661664467396,299.8160112885901,300.24721584887345
Experiment 07-08_02:36
Epoch 0054 [Train seq (cond on sampled tp)] | Loss 1853083.808647 | MAPE 0.034775 | RMSE 80.701219 | Likelihood -1853080.862408 | KL fp 2.9462 | FP STD 0.1437|
Epoch 0054 [Val seq (cond on sampled tp)] |  MAPE 0.028325 | RMSE 88.714884 |
Epoch 0054 [Test seq (cond on sampled tp)] | MAPE 0.057725 | RMSE 269.858923|
0.05323237180709839,0.05770869180560112,0.06223270297050476
226.2094663276716,295.13630325664786,288.23100002428606
Experiment 07-08_02:36
Epoch 0055 [Train seq (cond on sampled tp)] | Loss 1876330.025643 | MAPE 0.035578 | RMSE 85.891880 | Likelihood -1876327.349861 | KL fp 2.6758 | FP STD 0.1784|
Epoch 0055 [Val seq (cond on sampled tp)] |  MAPE 0.026076 | RMSE 82.667795 |
Epoch 0055 [Test seq (cond on sampled tp)] | MAPE 0.052283 | RMSE 270.159943|
0.05377615988254547,0.05134214833378792,0.051731593906879425
238.60880150625206,250.3426948080371,321.5283327329024
Experiment 07-08_02:36
Epoch 0056 [Train seq (cond on sampled tp)] | Loss 1866652.076575 | MAPE 0.035293 | RMSE 83.092038 | Likelihood -1866649.399979 | KL fp 2.6766 | FP STD 0.1856|
Epoch 0056 [Val seq (cond on sampled tp)] |  MAPE 0.023713 | RMSE 87.510585 |
Epoch 0056 [Test seq (cond on sampled tp)] | MAPE 0.055131 | RMSE 267.932394|
0.05739765986800194,0.05478678271174431,0.05320997163653374
240.54138969468434,279.8442786845927,283.4115134173275
Experiment 07-08_02:36
Epoch 0057 [Train seq (cond on sampled tp)] | Loss 1873429.246776 | MAPE 0.034510 | RMSE 82.862752 | Likelihood -1873426.732243 | KL fp 2.5145 | FP STD 0.1883|
Epoch 0057 [Val seq (cond on sampled tp)] |  MAPE 0.031598 | RMSE 81.472469 |
Epoch 0057 [Test seq (cond on sampled tp)] | MAPE 0.057344 | RMSE 247.780847|
0.06178267300128937,0.05593173950910568,0.05431750789284706
179.40571927721535,267.8704356820663,296.06638560886984
Experiment 07-08_02:36
Epoch 0058 [Train seq (cond on sampled tp)] | Loss 1856788.104859 | MAPE 0.037143 | RMSE 80.475601 | Likelihood -1856785.469240 | KL fp 2.6356 | FP STD 0.1860|
Epoch 0058 [Val seq (cond on sampled tp)] |  MAPE 0.027256 | RMSE 93.626966 |
Epoch 0058 [Test seq (cond on sampled tp)] | MAPE 0.055272 | RMSE 275.760294|
0.053380921483039856,0.052982147783041,0.05945291370153427
225.4742311357331,282.6510381636692,319.1556120257013
Experiment 07-08_02:36
Epoch 0059 [Train seq (cond on sampled tp)] | Loss 1859200.881960 | MAPE 0.038108 | RMSE 82.058025 | Likelihood -1859198.106234 | KL fp 2.7757 | FP STD 0.1625|
Epoch 0059 [Val seq (cond on sampled tp)] |  MAPE 0.028662 | RMSE 90.996051 |
Epoch 0059 [Test seq (cond on sampled tp)] | MAPE 0.062453 | RMSE 312.564911|
0.06323441118001938,0.06362714618444443,0.06049894168972969
298.7218344463625,309.1147263759849,329.85817264773056
Experiment 07-08_02:36
Epoch 0060 [Train seq (cond on sampled tp)] | Loss 1898530.643498 | MAPE 0.040533 | RMSE 89.563760 | Likelihood -1898528.291521 | KL fp 2.3520 | FP STD 0.2327|
Epoch 0060 [Val seq (cond on sampled tp)] |  MAPE 0.030309 | RMSE 99.123473 |
Epoch 0060 [Test seq (cond on sampled tp)] | MAPE 0.049887 | RMSE 293.103745|
0.05094744265079498,0.052532926201820374,0.04618126153945923
267.29362658413686,286.40185655386387,325.61575082833446
Experiment 07-08_02:36
Epoch 0061 [Train seq (cond on sampled tp)] | Loss 1859879.244615 | MAPE 0.038540 | RMSE 81.369539 | Likelihood -1859876.994816 | KL fp 2.2498 | FP STD 0.2595|
Epoch 0061 [Val seq (cond on sampled tp)] |  MAPE 0.031199 | RMSE 76.407515 |
Epoch 0061 [Test seq (cond on sampled tp)] | MAPE 0.057443 | RMSE 263.369058|
0.06108127161860466,0.056679386645555496,0.0545688197016716
208.56720102583245,260.24165452517394,321.29831835071906
Experiment 07-08_02:36
Epoch 0062 [Train seq (cond on sampled tp)] | Loss 1883559.749554 | MAPE 0.044611 | RMSE 85.908675 | Likelihood -1883557.204001 | KL fp 2.5456 | FP STD 0.2025|
Epoch 0062 [Val seq (cond on sampled tp)] |  MAPE 0.024840 | RMSE 85.625892 |
Epoch 0062 [Test seq (cond on sampled tp)] | MAPE 0.049366 | RMSE 279.289619|
0.048825424164533615,0.053987059742212296,0.04528608173131943
225.06767211496634,290.6762454819795,322.12493936747586
Experiment 07-08_02:36
Epoch 0063 [Train seq (cond on sampled tp)] | Loss 1853150.644645 | MAPE 0.041841 | RMSE 81.202858 | Likelihood -1853148.045809 | KL fp 2.5988 | FP STD 0.1776|
Epoch 0063 [Val seq (cond on sampled tp)] |  MAPE 0.026924 | RMSE 86.460835 |
Epoch 0063 [Test seq (cond on sampled tp)] | MAPE 0.052480 | RMSE 284.129601|
0.05149184912443161,0.04801630228757858,0.05793200433254242
231.37573439915863,281.52261787465676,339.49044997613703
Experiment 07-08_02:36
Epoch 0064 [Train seq (cond on sampled tp)] | Loss 1865304.203609 | MAPE 0.043662 | RMSE 82.338263 | Likelihood -1865301.300057 | KL fp 2.9036 | FP STD 0.1487|
Epoch 0064 [Val seq (cond on sampled tp)] |  MAPE 0.028813 | RMSE 87.606754 |
Epoch 0064 [Test seq (cond on sampled tp)] | MAPE 0.053036 | RMSE 288.463323|
0.0501558855175972,0.05281257629394531,0.05614077299833298
255.2951034464821,298.1298741739915,311.964992026349
Experiment 07-08_02:36
Epoch 0065 [Train seq (cond on sampled tp)] | Loss 1867528.073944 | MAPE 0.049234 | RMSE 83.473749 | Likelihood -1867525.445403 | KL fp 2.6285 | FP STD 0.1804|
Epoch 0065 [Val seq (cond on sampled tp)] |  MAPE 0.029887 | RMSE 86.895175 |
Epoch 0065 [Test seq (cond on sampled tp)] | MAPE 0.057833 | RMSE 279.392314|
0.06200684979557991,0.056990846991539,0.05450063943862915
236.94444067913895,281.94478071955865,319.2877204614985
Experiment 07-08_02:36
Epoch 0066 [Train seq (cond on sampled tp)] | Loss 1862004.527926 | MAPE 0.050402 | RMSE 82.385304 | Likelihood -1862002.080066 | KL fp 2.4479 | FP STD 0.1857|
Epoch 0066 [Val seq (cond on sampled tp)] |  MAPE 0.036314 | RMSE 86.303779 |
Epoch 0066 [Test seq (cond on sampled tp)] | MAPE 0.065164 | RMSE 281.947209|
0.06373481452465057,0.06343206018209457,0.06832410395145416
240.44115541801492,284.6041247285429,320.796347976407
Experiment 07-08_02:36
Epoch 0067 [Train seq (cond on sampled tp)] | Loss 1854417.017791 | MAPE 0.051445 | RMSE 80.460380 | Likelihood -1854414.423145 | KL fp 2.5946 | FP STD 0.1880|
Epoch 0067 [Val seq (cond on sampled tp)] |  MAPE 0.026409 | RMSE 90.766129 |
Epoch 0067 [Test seq (cond on sampled tp)] | MAPE 0.044897 | RMSE 264.823653|
0.04578601196408272,0.04511535167694092,0.043791092932224274
240.7384310564061,281.7068373105275,272.0256909971924
0.04578601196408272,0.04511535167694092,0.043791092932224274
240.7384310564061,281.7068373105275,272.0256909971924
Epoch 0067 [Test seq (cond on sampled tp)] | Best Test MAPE 0.044897|Best Test RMSE 264.823653|
Experiment 07-08_02:36
Epoch 0068 [Train seq (cond on sampled tp)] | Loss 1841459.973019 | MAPE 0.054414 | RMSE 79.271318 | Likelihood -1841457.224322 | KL fp 2.7487 | FP STD 0.1696|
Epoch 0068 [Val seq (cond on sampled tp)] |  MAPE 0.026665 | RMSE 84.510964 |
Epoch 0068 [Test seq (cond on sampled tp)] | MAPE 0.049180 | RMSE 285.386014|
0.046887703239917755,0.0477103665471077,0.05294220894575119
252.34102359208262,278.70900763610064,325.1080108979168
Experiment 07-08_02:36
Epoch 0069 [Train seq (cond on sampled tp)] | Loss 1844914.848987 | MAPE 0.066437 | RMSE 77.899331 | Likelihood -1844912.059652 | KL fp 2.7893 | FP STD 0.1528|
Epoch 0069 [Val seq (cond on sampled tp)] |  MAPE 0.028540 | RMSE 96.338844 |
Epoch 0069 [Test seq (cond on sampled tp)] | MAPE 0.045331 | RMSE 278.092432|
0.05210016295313835,0.046993378549814224,0.036898430436849594
233.24227110721162,280.7077272270929,320.3272984386438
Experiment 07-08_02:36
Epoch 0070 [Train seq (cond on sampled tp)] | Loss 1863933.133062 | MAPE 0.064507 | RMSE 82.242844 | Likelihood -1863930.521042 | KL fp 2.6120 | FP STD 0.1854|
Epoch 0070 [Val seq (cond on sampled tp)] |  MAPE 0.027100 | RMSE 83.712320 |
Epoch 0070 [Test seq (cond on sampled tp)] | MAPE 0.042794 | RMSE 285.093758|
0.043564096093177795,0.04428640753030777,0.04053230211138725
239.5687124161876,295.36587480614617,320.34668719997717
0.043564096093177795,0.04428640753030777,0.04053230211138725
239.5687124161876,295.36587480614617,320.34668719997717
Epoch 0070 [Test seq (cond on sampled tp)] | Best Test MAPE 0.042794|Best Test RMSE 285.093758|
Experiment 07-08_02:36
Epoch 0071 [Train seq (cond on sampled tp)] | Loss 1871525.063803 | MAPE 0.069121 | RMSE 83.730180 | Likelihood -1871522.495648 | KL fp 2.5682 | FP STD 0.1783|
Epoch 0071 [Val seq (cond on sampled tp)] |  MAPE 0.031548 | RMSE 86.287715 |
Epoch 0071 [Test seq (cond on sampled tp)] | MAPE 0.049662 | RMSE 271.527640|
0.05616793408989906,0.049379877746105194,0.043438490480184555
228.46131886765863,280.8170139298899,305.3045866425855
Experiment 07-08_02:36
Epoch 0072 [Train seq (cond on sampled tp)] | Loss 1856141.165514 | MAPE 0.073184 | RMSE 81.920002 | Likelihood -1856138.440951 | KL fp 2.7246 | FP STD 0.1811|
Epoch 0072 [Val seq (cond on sampled tp)] |  MAPE 0.031297 | RMSE 85.556896 |
Epoch 0072 [Test seq (cond on sampled tp)] | MAPE 0.055265 | RMSE 289.496720|
0.0530947782099247,0.0538918673992157,0.05880695581436157
247.61932887246505,289.5857493904008,331.2850806895777
Experiment 07-08_02:36
Epoch 0073 [Train seq (cond on sampled tp)] | Loss 1836963.887700 | MAPE 0.069943 | RMSE 77.679739 | Likelihood -1836961.381495 | KL fp 2.5062 | FP STD 0.1928|
Epoch 0073 [Val seq (cond on sampled tp)] |  MAPE 0.028383 | RMSE 88.479081 |
Epoch 0073 [Test seq (cond on sampled tp)] | MAPE 0.056210 | RMSE 295.511772|
0.05438624322414398,0.05177484452724457,0.062469277530908585
252.2743886871991,292.13829131081053,342.1226365464583
Experiment 07-08_02:36
Epoch 0074 [Train seq (cond on sampled tp)] | Loss 1866208.537339 | MAPE 0.065225 | RMSE 81.940261 | Likelihood -1866206.277376 | KL fp 2.2600 | FP STD 0.2278|
Epoch 0074 [Val seq (cond on sampled tp)] |  MAPE 0.032313 | RMSE 85.462505 |
Epoch 0074 [Test seq (cond on sampled tp)] | MAPE 0.058846 | RMSE 278.022463|
0.05761290341615677,0.060085754841566086,0.05883823335170746
231.02417182786306,279.85229083839926,323.1909265434288
Experiment 07-08_02:36
Epoch 0075 [Train seq (cond on sampled tp)] | Loss 1850165.100293 | MAPE 0.066500 | RMSE 79.305865 | Likelihood -1850162.564453 | KL fp 2.5358 | FP STD 0.1842|
Epoch 0075 [Val seq (cond on sampled tp)] |  MAPE 0.029348 | RMSE 82.274603 |
Epoch 0075 [Test seq (cond on sampled tp)] | MAPE 0.047862 | RMSE 297.817035|
0.05068217217922211,0.04492930322885513,0.047975048422813416
257.4087823870817,287.03172461855155,349.0105993197055
Experiment 07-08_02:36
Epoch 0076 [Train seq (cond on sampled tp)] | Loss 1847315.567260 | MAPE 0.069901 | RMSE 79.185284 | Likelihood -1847312.806159 | KL fp 2.7611 | FP STD 0.1623|
Epoch 0076 [Val seq (cond on sampled tp)] |  MAPE 0.032664 | RMSE 86.096260 |
Epoch 0076 [Test seq (cond on sampled tp)] | MAPE 0.042135 | RMSE 300.711013|
0.04269709065556526,0.04006113111972809,0.043646130710840225
237.67076919817043,311.36286859145554,353.0994017270491
0.04269709065556526,0.04006113111972809,0.043646130710840225
237.67076919817043,311.36286859145554,353.0994017270491
Epoch 0076 [Test seq (cond on sampled tp)] | Best Test MAPE 0.042135|Best Test RMSE 300.711013|
Experiment 07-08_02:36
Epoch 0077 [Train seq (cond on sampled tp)] | Loss 1860484.568268 | MAPE 0.073817 | RMSE 81.789982 | Likelihood -1860481.888284 | KL fp 2.6800 | FP STD 0.1512|
Epoch 0077 [Val seq (cond on sampled tp)] |  MAPE 0.030490 | RMSE 88.762956 |
Epoch 0077 [Test seq (cond on sampled tp)] | MAPE 0.044281 | RMSE 264.824753|
0.0466187484562397,0.044419337064027786,0.04180559143424034
226.2803847000442,258.26030049641776,309.9335740324046
Experiment 07-08_02:36
Epoch 0078 [Train seq (cond on sampled tp)] | Loss 1882668.351066 | MAPE 0.071626 | RMSE 85.601562 | Likelihood -1882665.837264 | KL fp 2.5138 | FP STD 0.1711|
Epoch 0078 [Val seq (cond on sampled tp)] |  MAPE 0.031127 | RMSE 89.496421 |
Epoch 0078 [Test seq (cond on sampled tp)] | MAPE 0.058084 | RMSE 273.188251|
0.057745207101106644,0.05549849569797516,0.061007242649793625
235.38411094952863,271.0624783836745,313.1181635980257
Experiment 07-08_02:36
Epoch 0079 [Train seq (cond on sampled tp)] | Loss 1888183.700355 | MAPE 0.071543 | RMSE 87.552958 | Likelihood -1888181.225352 | KL fp 2.4750 | FP STD 0.1823|
Epoch 0079 [Val seq (cond on sampled tp)] |  MAPE 0.026894 | RMSE 100.312476 |
Epoch 0079 [Test seq (cond on sampled tp)] | MAPE 0.048583 | RMSE 274.119365|
0.05342204123735428,0.04429555684328079,0.04803117737174034
254.44569042332,247.53520898550977,320.3771946862011
Experiment 07-08_02:36
Epoch 0080 [Train seq (cond on sampled tp)] | Loss 1858225.081970 | MAPE 0.073169 | RMSE 81.847639 | Likelihood -1858222.342311 | KL fp 2.7397 | FP STD 0.1486|
Epoch 0080 [Val seq (cond on sampled tp)] |  MAPE 0.028549 | RMSE 87.113079 |
Epoch 0080 [Test seq (cond on sampled tp)] | MAPE 0.045983 | RMSE 271.296503|
0.04816313460469246,0.04452314227819443,0.045263174921274185
254.89084673640204,261.3691863294141,297.62947550183935
Experiment 07-08_02:36
Epoch 0081 [Train seq (cond on sampled tp)] | Loss 1880383.971868 | MAPE 0.073884 | RMSE 85.836172 | Likelihood -1880381.520926 | KL fp 2.4509 | FP STD 0.1811|
Epoch 0081 [Val seq (cond on sampled tp)] |  MAPE 0.032081 | RMSE 99.895869 |
Epoch 0081 [Test seq (cond on sampled tp)] | MAPE 0.045534 | RMSE 254.364689|
0.05401909723877907,0.04242110624909401,0.040161505341529846
225.67471751394748,248.14324555083098,289.27610351098826
Experiment 07-08_02:36
Epoch 0082 [Train seq (cond on sampled tp)] | Loss 1842313.289491 | MAPE 0.075332 | RMSE 77.076877 | Likelihood -1842310.711739 | KL fp 2.5778 | FP STD 0.1647|
Epoch 0082 [Val seq (cond on sampled tp)] |  MAPE 0.030310 | RMSE 87.181485 |
Epoch 0082 [Test seq (cond on sampled tp)] | MAPE 0.049490 | RMSE 291.109973|
0.053011100739240646,0.04658190533518791,0.048878129571676254
255.86777896503497,291.47729864433694,325.98484195971446
Experiment 07-08_02:36
Epoch 0083 [Train seq (cond on sampled tp)] | Loss 1855945.150799 | MAPE 0.074021 | RMSE 80.203482 | Likelihood -1855942.646885 | KL fp 2.5039 | FP STD 0.1838|
Epoch 0083 [Val seq (cond on sampled tp)] |  MAPE 0.037668 | RMSE 92.955472 |
Epoch 0083 [Test seq (cond on sampled tp)] | MAPE 0.050240 | RMSE 260.049223|
0.052812498062849045,0.04480721428990364,0.05310000479221344
226.6737140831508,260.44818642582254,293.0257694512549
Experiment 07-08_02:36
Epoch 0084 [Train seq (cond on sampled tp)] | Loss 1863738.991534 | MAPE 0.073802 | RMSE 80.777776 | Likelihood -1863736.513279 | KL fp 2.4783 | FP STD 0.1856|
Epoch 0084 [Val seq (cond on sampled tp)] |  MAPE 0.033439 | RMSE 89.539163 |
Epoch 0084 [Test seq (cond on sampled tp)] | MAPE 0.056207 | RMSE 283.752956|
0.060230035334825516,0.05129125341773033,0.0570986270904541
258.1638590604812,263.473255284099,329.62175292295257
Experiment 07-08_02:36
Epoch 0085 [Train seq (cond on sampled tp)] | Loss 1845437.912907 | MAPE 0.071676 | RMSE 78.908918 | Likelihood -1845435.455750 | KL fp 2.4572 | FP STD 0.1896|
Epoch 0085 [Val seq (cond on sampled tp)] |  MAPE 0.036684 | RMSE 94.863033 |
Epoch 0085 [Test seq (cond on sampled tp)] | MAPE 0.052105 | RMSE 298.062536|
0.05194239318370819,0.05016375333070755,0.05420763045549393
280.0157640651683,286.3564894716025,327.8153538960614
Experiment 07-08_02:36
Epoch 0086 [Train seq (cond on sampled tp)] | Loss 1859351.760256 | MAPE 0.076766 | RMSE 80.568559 | Likelihood -1859349.121722 | KL fp 2.6385 | FP STD 0.1758|
Epoch 0086 [Val seq (cond on sampled tp)] |  MAPE 0.032448 | RMSE 96.331783 |
Epoch 0086 [Test seq (cond on sampled tp)] | MAPE 0.048105 | RMSE 264.459588|
0.04748111590743065,0.04494737461209297,0.051887255162000656
222.1526783543246,257.21000053458266,314.0160848786253
Experiment 07-08_02:36
Epoch 0087 [Train seq (cond on sampled tp)] | Loss 1854765.876149 | MAPE 0.075194 | RMSE 80.449019 | Likelihood -1854763.554931 | KL fp 2.3212 | FP STD 0.1970|
Epoch 0087 [Val seq (cond on sampled tp)] |  MAPE 0.031267 | RMSE 81.528333 |
Epoch 0087 [Test seq (cond on sampled tp)] | MAPE 0.051606 | RMSE 265.343452|
0.0545838326215744,0.05227401480078697,0.0479590967297554
224.98976539222846,281.09059371490895,289.9499956889118
Experiment 07-08_02:36
Epoch 0088 [Train seq (cond on sampled tp)] | Loss 1850533.536545 | MAPE 0.071496 | RMSE 79.852799 | Likelihood -1850531.173301 | KL fp 2.3632 | FP STD 0.1949|
Epoch 0088 [Val seq (cond on sampled tp)] |  MAPE 0.028107 | RMSE 89.071677 |
Epoch 0088 [Test seq (cond on sampled tp)] | MAPE 0.043835 | RMSE 292.393400|
0.046618156135082245,0.04239314794540405,0.042494893074035645
267.47952608564265,279.39781786012577,330.3028558194737
Experiment 07-08_02:36
Epoch 0089 [Train seq (cond on sampled tp)] | Loss 1841855.092920 | MAPE 0.070567 | RMSE 78.841523 | Likelihood -1841852.517968 | KL fp 2.5750 | FP STD 0.1885|
Epoch 0089 [Val seq (cond on sampled tp)] |  MAPE 0.027155 | RMSE 88.340553 |
Epoch 0089 [Test seq (cond on sampled tp)] | MAPE 0.047944 | RMSE 292.839513|
0.05134882032871246,0.047276344150304794,0.045206598937511444
267.6261384842669,284.29188345782933,326.6005181219099
Experiment 07-08_02:36
Epoch 0090 [Train seq (cond on sampled tp)] | Loss 1872807.607631 | MAPE 0.076314 | RMSE 86.012852 | Likelihood -1872805.299526 | KL fp 2.3081 | FP STD 0.2224|
Epoch 0090 [Val seq (cond on sampled tp)] |  MAPE 0.035700 | RMSE 89.044143 |
Epoch 0090 [Test seq (cond on sampled tp)] | MAPE 0.047747 | RMSE 274.051052|
0.04953167960047722,0.05021699145436287,0.04349380359053612
204.4936773166838,300.71405905361325,316.9454187040728
Experiment 07-08_02:36
Epoch 0091 [Train seq (cond on sampled tp)] | Loss 1851306.640203 | MAPE 0.074141 | RMSE 80.306828 | Likelihood -1851304.464037 | KL fp 2.1762 | FP STD 0.2544|
Epoch 0091 [Val seq (cond on sampled tp)] |  MAPE 0.025839 | RMSE 80.924800 |
Epoch 0091 [Test seq (cond on sampled tp)] | MAPE 0.057170 | RMSE 264.537578|
0.05521303042769432,0.05413023754954338,0.06216689944267273
215.45365474679235,258.9017369099713,319.25734134080614
Experiment 07-08_02:36
Epoch 0092 [Train seq (cond on sampled tp)] | Loss 1845747.119150 | MAPE 0.067751 | RMSE 78.526684 | Likelihood -1845744.523904 | KL fp 2.5952 | FP STD 0.1606|
Epoch 0092 [Val seq (cond on sampled tp)] |  MAPE 0.029119 | RMSE 81.220605 |
Epoch 0092 [Test seq (cond on sampled tp)] | MAPE 0.058459 | RMSE 289.306850|
0.06347993016242981,0.055678002536296844,0.05621922016143799
241.8690729247954,294.6290570361314,331.42241974932836
Experiment 07-08_02:36
Epoch 0093 [Train seq (cond on sampled tp)] | Loss 1849334.904276 | MAPE 0.072085 | RMSE 79.918631 | Likelihood -1849332.470390 | KL fp 2.4339 | FP STD 0.1913|
Epoch 0093 [Val seq (cond on sampled tp)] |  MAPE 0.029833 | RMSE 84.568352 |
Epoch 0093 [Test seq (cond on sampled tp)] | MAPE 0.055066 | RMSE 282.119417|
0.05434725806117058,0.05457015708088875,0.05628114938735962
237.36026316814278,289.7406706867367,319.25731686995056
Experiment 07-08_02:36
Epoch 0094 [Train seq (cond on sampled tp)] | Loss 1843314.601228 | MAPE 0.078290 | RMSE 79.448794 | Likelihood -1843312.156423 | KL fp 2.4448 | FP STD 0.1811|
Epoch 0094 [Val seq (cond on sampled tp)] |  MAPE 0.034746 | RMSE 89.320020 |
Epoch 0094 [Test seq (cond on sampled tp)] | MAPE 0.057214 | RMSE 287.505395|
0.05991304665803909,0.05597993731498718,0.055749569088220596
241.39783359114887,301.2228592545725,319.8954907465874
Experiment 07-08_02:36
Epoch 0095 [Train seq (cond on sampled tp)] | Loss 1854766.813643 | MAPE 0.085321 | RMSE 81.932677 | Likelihood -1854764.536188 | KL fp 2.2775 | FP STD 0.2187|
Epoch 0095 [Val seq (cond on sampled tp)] |  MAPE 0.033077 | RMSE 82.665326 |
Epoch 0095 [Test seq (cond on sampled tp)] | MAPE 0.051252 | RMSE 269.437961|
0.05303392931818962,0.04618801176548004,0.054533395916223526
217.60720238827113,241.77835601538033,348.92832582423
Experiment 07-08_02:36
Epoch 0096 [Train seq (cond on sampled tp)] | Loss 1850922.254640 | MAPE 0.075970 | RMSE 79.391456 | Likelihood -1850919.946566 | KL fp 2.3081 | FP STD 0.2059|
Epoch 0096 [Val seq (cond on sampled tp)] |  MAPE 0.028624 | RMSE 92.699911 |
Epoch 0096 [Test seq (cond on sampled tp)] | MAPE 0.056359 | RMSE 270.385059|
0.051094043999910355,0.05500335246324539,0.06297861784696579
235.3310832635587,242.7911911499262,333.0329023722731
Experiment 07-08_02:36
Epoch 0097 [Train seq (cond on sampled tp)] | Loss 1876241.532188 | MAPE 0.077450 | RMSE 84.014917 | Likelihood -1876239.067403 | KL fp 2.4648 | FP STD 0.2028|
Epoch 0097 [Val seq (cond on sampled tp)] |  MAPE 0.028888 | RMSE 82.398031 |
Epoch 0097 [Test seq (cond on sampled tp)] | MAPE 0.049074 | RMSE 276.454516|
0.048630598932504654,0.04793433099985123,0.05065736547112465
252.37619180005868,267.9916043461063,308.9957523979901
Experiment 07-08_02:36
Epoch 0098 [Train seq (cond on sampled tp)] | Loss 1844501.562814 | MAPE 0.080981 | RMSE 80.582369 | Likelihood -1844499.151686 | KL fp 2.4111 | FP STD 0.1965|
Epoch 0098 [Val seq (cond on sampled tp)] |  MAPE 0.032996 | RMSE 89.108179 |
Epoch 0098 [Test seq (cond on sampled tp)] | MAPE 0.048395 | RMSE 288.352499|
0.05289183184504509,0.04634781554341316,0.04594471678137779
255.940109876803,289.82372066913365,319.293666258039
Experiment 07-08_02:36
Epoch 0099 [Train seq (cond on sampled tp)] | Loss 1851640.732490 | MAPE 0.086248 | RMSE 79.020485 | Likelihood -1851638.304639 | KL fp 2.4279 | FP STD 0.1801|
Epoch 0099 [Val seq (cond on sampled tp)] |  MAPE 0.031848 | RMSE 84.517201 |
Epoch 0099 [Test seq (cond on sampled tp)] | MAPE 0.051124 | RMSE 309.423327|
0.05301492661237717,0.04975826293230057,0.050598081201314926
305.27816465070015,312.0284942917874,310.96332179213675
Experiment 07-08_02:36
Epoch 0100 [Train seq (cond on sampled tp)] | Loss 1857199.772254 | MAPE 0.080443 | RMSE 82.771924 | Likelihood -1857197.086386 | KL fp 2.6859 | FP STD 0.1574|
Epoch 0100 [Val seq (cond on sampled tp)] |  MAPE 0.029394 | RMSE 100.178201 |
Epoch 0100 [Test seq (cond on sampled tp)] | MAPE 0.050298 | RMSE 285.867405|
0.04701909050345421,0.051503170281648636,0.052372805774211884
240.18681693891943,289.78418693917723,327.63121178773554
