/nvme/yuanjingyang/CG-ODE/run_models_covid.py
run_models_covid.py --solver dopri5 --rtol 1e-2 --atol 1e-4
Namespace(save='experiments/', load=None, dataset='Dec', datapath='data/', pred_length=14, condition_length=21, features='Confirmed,Deaths,Recovered,Mortality_Rate,Testing_Rate,Population,Mobility', split_interval=3, feature_out='Deaths', niters=100, lr=0.005, batch_size=8, random_seed=1991, dropout=0.2, l2=1e-05, optimizer='AdamW', clip=10, edge_lamda=0.5, z0_encoder='GTrans', rec_dims=64, ode_dims=20, rec_layers=1, gen_layers=1, CVPR=False, graf_layer=1, heavyBall=False, actv_h=None, gamma_guess=-3.0, gamma_act='sigmoid', corr=-100, corrf=True, sign=1, augment_dim=0, solver='dopri5', rtol=0.01, atol=0.0001, alias='run', output_dim=1, feature_out_index=[1], num_atoms=50)
run
Experiment 07-14_22:58
Epoch 0001 [Train seq (cond on sampled tp)] | Loss 4390722.666832 | MAPE 0.063157 | RMSE 286.205708 | Likelihood -4390721.376005 | KL fp 1.2908 | FP STD 0.5150 | ->nfe   51.50 | <-nfe 1068.50
Epoch 0001 [Val seq (cond on sampled tp)] |  MAPE 0.058173 | RMSE 304.735439 |
Best Val!
Epoch 0001 [Test seq (cond on sampled tp)] | MAPE 0.120346 | RMSE 903.726658|
0.1324206441640854,0.12475058436393738,0.1038682609796524
847.9380505084083,935.1443070457094,928.0976174411827
0.1324206441640854,0.12475058436393738,0.1038682609796524
847.9380505084083,935.1443070457094,928.0976174411827
Epoch 0001 [Test seq (cond on sampled tp)] | Best Test MAPE 0.120346|Best Test RMSE 903.726658|
Experiment 07-14_22:58
Epoch 0002 [Train seq (cond on sampled tp)] | Loss 4163237.618269 | MAPE 0.100105 | RMSE 274.749581 | Likelihood -4163234.924791 | KL fp 2.6935 | FP STD 0.9496 | ->nfe   54.50 | <-nfe 14018.75
Epoch 0002 [Val seq (cond on sampled tp)] |  MAPE 0.065080 | RMSE 276.942190 |
Epoch 0002 [Test seq (cond on sampled tp)] | MAPE 0.108770 | RMSE 858.729155|
0.11600858718156815,0.11273571103811264,0.09756717830896378
799.9590614525221,892.4884102888956,883.7399928712065
0.11600858718156815,0.11273571103811264,0.09756717830896378
799.9590614525221,892.4884102888956,883.7399928712065
Epoch 0002 [Test seq (cond on sampled tp)] | Best Test MAPE 0.108770|Best Test RMSE 858.729155|
Experiment 07-14_22:58
Epoch 0003 [Train seq (cond on sampled tp)] | Loss 3792213.324657 | MAPE 0.253311 | RMSE 254.471685 | Likelihood -3792207.910995 | KL fp 5.4137 | FP STD 1.1657 | ->nfe   70.25 | <-nfe 3580.25
Epoch 0003 [Val seq (cond on sampled tp)] |  MAPE 0.107129 | RMSE 232.379455 |
Epoch 0003 [Test seq (cond on sampled tp)] | MAPE 0.133838 | RMSE 769.336165|
0.14050813019275665,0.1367025524377823,0.12430230528116226
701.1250557140288,805.3281939681486,801.5552460685415
Experiment 07-14_22:58
Epoch 0004 [Train seq (cond on sampled tp)] | Loss 3539062.565301 | MAPE 0.515414 | RMSE 238.455252 | Likelihood -3539055.294775 | KL fp 7.2705 | FP STD 1.0613 | ->nfe   78.50 | <-nfe 1309.25
Epoch 0004 [Val seq (cond on sampled tp)] |  MAPE 0.104040 | RMSE 201.578207 |
Epoch 0004 [Test seq (cond on sampled tp)] | MAPE 0.132173 | RMSE 701.292592|
0.15113452076911926,0.12221801280975342,0.12316656857728958
634.1688950902591,732.6293401168151,737.0795411622819
Experiment 07-14_22:58
Epoch 0005 [Train seq (cond on sampled tp)] | Loss 3104657.023279 | MAPE 0.217433 | RMSE 211.483783 | Likelihood -3104652.917507 | KL fp 4.1058 | FP STD 0.6181 | ->nfe   72.50 | <-nfe 5117.00
Epoch 0005 [Val seq (cond on sampled tp)] |  MAPE 0.028848 | RMSE 177.806244 |
Best Val!
Epoch 0005 [Test seq (cond on sampled tp)] | MAPE 0.063402 | RMSE 650.694443|
0.06792985647916794,0.06700954586267471,0.05526687577366829
578.0093262655889,686.6595317185948,687.4144719526931
0.06792985647916794,0.06700954586267471,0.05526687577366829
578.0093262655889,686.6595317185948,687.4144719526931
Epoch 0005 [Test seq (cond on sampled tp)] | Best Test MAPE 0.063402|Best Test RMSE 650.694443|
Experiment 07-14_22:58
Epoch 0006 [Train seq (cond on sampled tp)] | Loss 2814856.133739 | MAPE 0.043761 | RMSE 189.982319 | Likelihood -2814852.208995 | KL fp 3.9247 | FP STD 0.5978 | ->nfe   71.75 | <-nfe 8502.50
Epoch 0006 [Val seq (cond on sampled tp)] |  MAPE 0.028171 | RMSE 166.670984 |
Best Val!
Epoch 0006 [Test seq (cond on sampled tp)] | MAPE 0.056818 | RMSE 603.133404|
0.06133284792304039,0.0586019791662693,0.050520457327365875
536.2770680814162,638.0050205523464,635.1181238557124
0.06133284792304039,0.0586019791662693,0.050520457327365875
536.2770680814162,638.0050205523464,635.1181238557124
Epoch 0006 [Test seq (cond on sampled tp)] | Best Test MAPE 0.056818|Best Test RMSE 603.133404|
Experiment 07-14_22:58
Epoch 0007 [Train seq (cond on sampled tp)] | Loss 2533321.806336 | MAPE 0.034683 | RMSE 166.373983 | Likelihood -2533318.687768 | KL fp 3.1186 | FP STD 0.5068 | ->nfe   66.50 | <-nfe 7135.25
Epoch 0007 [Val seq (cond on sampled tp)] |  MAPE 0.030507 | RMSE 120.909045 |
Epoch 0007 [Test seq (cond on sampled tp)] | MAPE 0.050421 | RMSE 477.372351|
0.0501103550195694,0.05620558559894562,0.04494745284318924
395.54361327165935,518.2515074748939,518.3219318145818
0.0501103550195694,0.05620558559894562,0.04494745284318924
395.54361327165935,518.2515074748939,518.3219318145818
Epoch 0007 [Test seq (cond on sampled tp)] | Best Test MAPE 0.050421|Best Test RMSE 477.372351|
Experiment 07-14_22:58
Epoch 0008 [Train seq (cond on sampled tp)] | Loss 2313812.306082 | MAPE 0.035097 | RMSE 144.006360 | Likelihood -2313809.076159 | KL fp 3.2299 | FP STD 0.4129 | ->nfe   65.75 | <-nfe 9421.25
Epoch 0008 [Val seq (cond on sampled tp)] |  MAPE 0.030089 | RMSE 105.174669 |
Epoch 0008 [Test seq (cond on sampled tp)] | MAPE 0.060696 | RMSE 424.662912|
0.059950679540634155,0.06451085209846497,0.057625073939561844
346.91523415309973,462.16156536432146,464.9119372257503
Experiment 07-14_22:58
Epoch 0009 [Train seq (cond on sampled tp)] | Loss 2203935.217336 | MAPE 0.042564 | RMSE 129.851227 | Likelihood -2203931.711516 | KL fp 3.5058 | FP STD 0.3280 | ->nfe   67.25 | <-nfe 3008.00
Epoch 0009 [Val seq (cond on sampled tp)] |  MAPE 0.028315 | RMSE 108.204202 |
Epoch 0009 [Test seq (cond on sampled tp)] | MAPE 0.059569 | RMSE 407.810922|
0.05844658613204956,0.06276659667491913,0.057492468506097794
337.17478544146803,443.9165180526627,442.34146171255526
Experiment 07-14_22:58
Epoch 0010 [Train seq (cond on sampled tp)] | Loss 2135713.709385 | MAPE 0.042314 | RMSE 122.318758 | Likelihood -2135710.348295 | KL fp 3.3611 | FP STD 0.2832 | ->nfe   66.50 | <-nfe 2999.00
Epoch 0010 [Val seq (cond on sampled tp)] |  MAPE 0.030749 | RMSE 96.817564 |
Epoch 0010 [Test seq (cond on sampled tp)] | MAPE 0.047185 | RMSE 353.344626|
0.04465285688638687,0.051657650619745255,0.045244235545396805
285.4696924587617,377.9944402699595,396.56974481167873
0.04465285688638687,0.051657650619745255,0.045244235545396805
285.4696924587617,377.9944402699595,396.56974481167873
Epoch 0010 [Test seq (cond on sampled tp)] | Best Test MAPE 0.047185|Best Test RMSE 353.344626|
Experiment 07-14_22:58
Epoch 0011 [Train seq (cond on sampled tp)] | Loss 2115348.339892 | MAPE 0.041139 | RMSE 120.402482 | Likelihood -2115345.299382 | KL fp 3.0405 | FP STD 0.2834 | ->nfe   64.25 | <-nfe 3493.25
Epoch 0011 [Val seq (cond on sampled tp)] |  MAPE 0.044579 | RMSE 86.805579 |
Epoch 0011 [Test seq (cond on sampled tp)] | MAPE 0.053085 | RMSE 325.005681|
0.0494520366191864,0.05262700468301773,0.05717707425355911
247.33906541678772,353.90981372377905,373.7681642743266
Experiment 07-14_22:58
Epoch 0012 [Train seq (cond on sampled tp)] | Loss 2085042.312237 | MAPE 0.042690 | RMSE 114.653240 | Likelihood -2085039.151232 | KL fp 3.1610 | FP STD 0.2953 | ->nfe   61.25 | <-nfe 1550.00
Epoch 0012 [Val seq (cond on sampled tp)] |  MAPE 0.029708 | RMSE 114.053831 |
Epoch 0012 [Test seq (cond on sampled tp)] | MAPE 0.047133 | RMSE 401.912675|
0.04870779812335968,0.05314044654369354,0.03955221548676491
342.78463309708036,434.02190684918196,428.9314849133833
0.04870779812335968,0.05314044654369354,0.03955221548676491
342.78463309708036,434.02190684918196,428.9314849133833
Epoch 0012 [Test seq (cond on sampled tp)] | Best Test MAPE 0.047133|Best Test RMSE 401.912675|
Experiment 07-14_22:58
Epoch 0013 [Train seq (cond on sampled tp)] | Loss 2097322.634714 | MAPE 0.062300 | RMSE 116.723152 | Likelihood -2097319.524862 | KL fp 3.1099 | FP STD 0.2746 | ->nfe   62.00 | <-nfe 1901.00
Epoch 0013 [Val seq (cond on sampled tp)] |  MAPE 0.050403 | RMSE 83.005147 |
Epoch 0013 [Test seq (cond on sampled tp)] | MAPE 0.068629 | RMSE 317.373438|
0.058118876069784164,0.0712282583117485,0.07654104381799698
243.51783013518744,339.3668507308868,369.23563360677963
Experiment 07-14_22:58
Epoch 0014 [Train seq (cond on sampled tp)] | Loss 2022391.404484 | MAPE 0.035792 | RMSE 107.039883 | Likelihood -2022388.529827 | KL fp 2.8747 | FP STD 0.2737 | ->nfe   59.75 | <-nfe 3339.50
Epoch 0014 [Val seq (cond on sampled tp)] |  MAPE 0.044775 | RMSE 81.958539 |
Epoch 0014 [Test seq (cond on sampled tp)] | MAPE 0.061739 | RMSE 301.890809|
0.06458249688148499,0.05501287430524826,0.06562072783708572
237.9237010051752,317.2814700703462,350.4672550681447
Experiment 07-14_22:58
Epoch 0015 [Train seq (cond on sampled tp)] | Loss 2033957.217189 | MAPE 0.047680 | RMSE 108.962322 | Likelihood -2033954.005549 | KL fp 3.2116 | FP STD 0.2386 | ->nfe   60.50 | <-nfe 1898.00
Epoch 0015 [Val seq (cond on sampled tp)] |  MAPE 0.031077 | RMSE 87.634916 |
Epoch 0015 [Test seq (cond on sampled tp)] | MAPE 0.050607 | RMSE 314.089101|
0.055209554731845856,0.05205884203314781,0.044554002583026886
246.3560923110082,348.933229196504,346.9779802091193
Experiment 07-14_22:58
Epoch 0016 [Train seq (cond on sampled tp)] | Loss 2036028.052451 | MAPE 0.048252 | RMSE 110.530514 | Likelihood -2036024.798212 | KL fp 3.2542 | FP STD 0.1961 | ->nfe   64.25 | <-nfe 4768.25
Epoch 0016 [Val seq (cond on sampled tp)] |  MAPE 0.028672 | RMSE 80.921367 |
Epoch 0016 [Test seq (cond on sampled tp)] | MAPE 0.052320 | RMSE 316.361996|
0.05857769399881363,0.05323631688952446,0.04514480382204056
270.0574013057224,340.45455597994277,338.574031786255
Experiment 07-14_22:58
Epoch 0017 [Train seq (cond on sampled tp)] | Loss 2027026.346049 | MAPE 0.036184 | RMSE 108.548368 | Likelihood -2027023.323417 | KL fp 3.0226 | FP STD 0.2445 | ->nfe   63.50 | <-nfe 5352.50
Epoch 0017 [Val seq (cond on sampled tp)] |  MAPE 0.025927 | RMSE 82.719178 |
Best Val!
Epoch 0017 [Test seq (cond on sampled tp)] | MAPE 0.051567 | RMSE 304.062020|
0.05702190846204758,0.054239314049482346,0.04343995824456215
243.86458044117435,325.9349892041356,342.38648894560663
Experiment 07-14_22:58
Epoch 0018 [Train seq (cond on sampled tp)] | Loss 1995815.007254 | MAPE 0.039590 | RMSE 103.352246 | Likelihood -1995812.316449 | KL fp 2.6908 | FP STD 0.3246 | ->nfe   68.00 | <-nfe 4532.00
Epoch 0018 [Val seq (cond on sampled tp)] |  MAPE 0.042489 | RMSE 82.621773 |
Epoch 0018 [Test seq (cond on sampled tp)] | MAPE 0.060037 | RMSE 297.213984|
0.053607940673828125,0.05959869548678398,0.06690287590026855
235.34890156690767,310.6940692827914,345.5989818416715
Experiment 07-14_22:58
Epoch 0019 [Train seq (cond on sampled tp)] | Loss 1994669.902106 | MAPE 0.052239 | RMSE 102.428073 | Likelihood -1994667.218527 | KL fp 2.6836 | FP STD 0.3229 | ->nfe   75.50 | <-nfe 2828.75
Epoch 0019 [Val seq (cond on sampled tp)] |  MAPE 0.025491 | RMSE 85.742799 |
Best Val!
Epoch 0019 [Test seq (cond on sampled tp)] | MAPE 0.052292 | RMSE 321.549357|
0.05112522095441818,0.05478756129741669,0.05096247047185898
259.51271946187916,353.57113410882397,351.5642166624755
Experiment 07-14_22:58
Epoch 0020 [Train seq (cond on sampled tp)] | Loss 2008531.474775 | MAPE 0.037342 | RMSE 105.592109 | Likelihood -2008528.490695 | KL fp 2.9841 | FP STD 0.2387 | ->nfe   78.50 | <-nfe 4757.00
Epoch 0020 [Val seq (cond on sampled tp)] |  MAPE 0.032251 | RMSE 83.032758 |
Epoch 0020 [Test seq (cond on sampled tp)] | MAPE 0.063255 | RMSE 292.554518|
0.06017446890473366,0.06048792600631714,0.06910219043493271
239.95109364983108,315.18502750368714,322.5274334262126
Experiment 07-14_22:58
Epoch 0021 [Train seq (cond on sampled tp)] | Loss 1971347.839085 | MAPE 0.032478 | RMSE 98.994606 | Likelihood -1971344.978379 | KL fp 2.8607 | FP STD 0.2330 | ->nfe   80.00 | <-nfe 5015.00
Epoch 0021 [Val seq (cond on sampled tp)] |  MAPE 0.028001 | RMSE 66.339897 |
Epoch 0021 [Test seq (cond on sampled tp)] | MAPE 0.056538 | RMSE 268.183260|
0.061456821858882904,0.05349572375416756,0.054661139845848083
217.0521880648753,287.25297811772117,300.2446138151357
Experiment 07-14_22:58
Epoch 0022 [Train seq (cond on sampled tp)] | Loss 1993193.919421 | MAPE 0.034956 | RMSE 100.427109 | Likelihood -1993190.864603 | KL fp 3.0548 | FP STD 0.2554 | ->nfe   82.25 | <-nfe 4467.50
Epoch 0022 [Val seq (cond on sampled tp)] |  MAPE 0.025376 | RMSE 81.161532 |
Best Val!
Epoch 0022 [Test seq (cond on sampled tp)] | MAPE 0.037407 | RMSE 269.768600|
0.043022193014621735,0.03806169703602791,0.03113664500415325
211.80335256140305,285.46665468579687,312.0357927185598
0.043022193014621735,0.03806169703602791,0.03113664500415325
211.80335256140305,285.46665468579687,312.0357927185598
Epoch 0022 [Test seq (cond on sampled tp)] | Best Test MAPE 0.037407|Best Test RMSE 269.768600|
Experiment 07-14_22:58
Epoch 0023 [Train seq (cond on sampled tp)] | Loss 1953376.562815 | MAPE 0.041025 | RMSE 95.889485 | Likelihood -1953373.510467 | KL fp 3.0523 | FP STD 0.2189 | ->nfe   80.75 | <-nfe 7292.75
Epoch 0023 [Val seq (cond on sampled tp)] |  MAPE 0.022929 | RMSE 77.683562 |
Best Val!
Epoch 0023 [Test seq (cond on sampled tp)] | MAPE 0.066285 | RMSE 286.450786|
0.06286071985960007,0.0685674399137497,0.06742691248655319
222.2506239445685,304.0829065608588,333.0188268889613
Experiment 07-14_22:58
Epoch 0024 [Train seq (cond on sampled tp)] | Loss 1982929.706326 | MAPE 0.035206 | RMSE 101.554963 | Likelihood -1982926.582500 | KL fp 3.1238 | FP STD 0.2230 | ->nfe   79.25 | <-nfe 5489.00
Epoch 0024 [Val seq (cond on sampled tp)] |  MAPE 0.021624 | RMSE 88.452119 |
Best Val!
Epoch 0024 [Test seq (cond on sampled tp)] | MAPE 0.047090 | RMSE 308.603122|
0.04866423457860947,0.047573983669281006,0.04503239691257477
258.195450434356,326.2796322749859,341.33428446319306
Experiment 07-14_22:58
Epoch 0025 [Train seq (cond on sampled tp)] | Loss 1974459.748064 | MAPE 0.046755 | RMSE 100.787114 | Likelihood -1974456.648769 | KL fp 3.0993 | FP STD 0.2084 | ->nfe   80.75 | <-nfe 6449.00
Epoch 0025 [Val seq (cond on sampled tp)] |  MAPE 0.023633 | RMSE 77.118624 |
Epoch 0025 [Test seq (cond on sampled tp)] | MAPE 0.050703 | RMSE 275.272780|
0.050891369581222534,0.05318726599216461,0.04802938923239708
191.26195836796714,304.04890128892094,330.50748147734873
Experiment 07-14_22:58
Epoch 0026 [Train seq (cond on sampled tp)] | Loss 1964094.980911 | MAPE 0.037656 | RMSE 97.856928 | Likelihood -1964092.073344 | KL fp 2.9076 | FP STD 0.2343 | ->nfe   85.25 | <-nfe 5281.25
Epoch 0026 [Val seq (cond on sampled tp)] |  MAPE 0.033543 | RMSE 83.121534 |
Epoch 0026 [Test seq (cond on sampled tp)] | MAPE 0.048577 | RMSE 271.470836|
0.047534503042697906,0.045017775148153305,0.05317889153957367
208.98296319616583,280.512115380067,324.91742941476684
Experiment 07-14_22:58
Epoch 0027 [Train seq (cond on sampled tp)] | Loss 1958587.732204 | MAPE 0.083767 | RMSE 96.033406 | Likelihood -1958584.588586 | KL fp 3.1436 | FP STD 0.2349 | ->nfe   86.00 | <-nfe 8606.75
Epoch 0027 [Val seq (cond on sampled tp)] |  MAPE 0.024466 | RMSE 86.333621 |
Epoch 0027 [Test seq (cond on sampled tp)] | MAPE 0.052519 | RMSE 312.534558|
0.05988451465964317,0.05564136803150177,0.042030904442071915
257.9916120244997,339.44377756117433,340.16828326212305
Experiment 07-14_22:58
Epoch 0028 [Train seq (cond on sampled tp)] | Loss 1951312.942412 | MAPE 0.041505 | RMSE 97.579225 | Likelihood -1951309.841170 | KL fp 3.1012 | FP STD 0.1945 | ->nfe   91.25 | <-nfe 20647.25
Epoch 0028 [Val seq (cond on sampled tp)] |  MAPE 0.027259 | RMSE 75.149382 |
Epoch 0028 [Test seq (cond on sampled tp)] | MAPE 0.055833 | RMSE 295.897884|
0.05341731756925583,0.056466445326805115,0.057615045458078384
250.02243649320755,308.72933888359233,328.9418760396736
Experiment 07-14_22:58
Epoch 0029 [Train seq (cond on sampled tp)] | Loss 1931539.032808 | MAPE 0.035381 | RMSE 91.529523 | Likelihood -1931536.197846 | KL fp 2.8350 | FP STD 0.2450 | ->nfe   97.25 | <-nfe 21486.50
Epoch 0029 [Val seq (cond on sampled tp)] |  MAPE 0.028223 | RMSE 80.008914 |
Epoch 0029 [Test seq (cond on sampled tp)] | MAPE 0.050703 | RMSE 265.382293|
0.0552753210067749,0.04478220269083977,0.052050117403268814
222.66822994086965,242.44334067468216,331.0353077845323
Experiment 07-14_22:58
Epoch 0030 [Train seq (cond on sampled tp)] | Loss 1963077.799881 | MAPE 0.077435 | RMSE 95.614651 | Likelihood -1963074.551464 | KL fp 3.2484 | FP STD 0.2209 | ->nfe   98.00 | <-nfe 17176.25
Epoch 0030 [Val seq (cond on sampled tp)] |  MAPE 0.023488 | RMSE 90.563875 |
Epoch 0030 [Test seq (cond on sampled tp)] | MAPE 0.051829 | RMSE 341.574669|
0.053408972918987274,0.05309557169675827,0.04898139834403992
276.6054415815061,364.33917062264936,383.77939626822075
Experiment 07-14_22:58
Epoch 0031 [Train seq (cond on sampled tp)] | Loss 1961302.409285 | MAPE 0.034238 | RMSE 98.711563 | Likelihood -1961299.286174 | KL fp 3.1231 | FP STD 0.1842 | ->nfe  102.50 | <-nfe 22058.00
Epoch 0031 [Val seq (cond on sampled tp)] |  MAPE 0.027755 | RMSE 94.660289 |
Epoch 0031 [Test seq (cond on sampled tp)] | MAPE 0.052480 | RMSE 306.869141|
0.05487291142344475,0.05198352783918381,0.05058494955301285
253.16328414187552,314.1936977208486,353.2504423210253
Experiment 07-14_22:58
Epoch 0032 [Train seq (cond on sampled tp)] | Loss 1923043.873736 | MAPE 0.038950 | RMSE 92.899812 | Likelihood -1923041.052534 | KL fp 2.8212 | FP STD 0.2210 | ->nfe  103.25 | <-nfe 21593.75
Epoch 0032 [Val seq (cond on sampled tp)] |  MAPE 0.023987 | RMSE 82.918561 |
Epoch 0032 [Test seq (cond on sampled tp)] | MAPE 0.052516 | RMSE 270.941583|
0.05787049978971481,0.050892725586891174,0.04878448322415352
224.71422824334022,269.6071360563366,318.5033849898616
Experiment 07-14_22:58
Epoch 0033 [Train seq (cond on sampled tp)] | Loss 1906072.367164 | MAPE 0.049858 | RMSE 89.291919 | Likelihood -1906069.443808 | KL fp 2.9234 | FP STD 0.2028 | ->nfe  101.00 | <-nfe 16256.75
Epoch 0033 [Val seq (cond on sampled tp)] |  MAPE 0.027436 | RMSE 99.548659 |
Epoch 0033 [Test seq (cond on sampled tp)] | MAPE 0.057563 | RMSE 275.400095|
0.054062530398368835,0.056890830397605896,0.06173578277230263
193.58010696479118,290.1454645949166,342.47471393885417
Experiment 07-14_22:58
Epoch 0034 [Train seq (cond on sampled tp)] | Loss 1943579.385784 | MAPE 0.041766 | RMSE 97.171231 | Likelihood -1943576.578156 | KL fp 2.8076 | FP STD 0.2092 | ->nfe   98.00 | <-nfe 13798.25
Epoch 0034 [Val seq (cond on sampled tp)] |  MAPE 0.029869 | RMSE 87.777540 |
Epoch 0034 [Test seq (cond on sampled tp)] | MAPE 0.063152 | RMSE 265.787687|
0.06994541734457016,0.062456753104925156,0.05705338343977928
230.37885746906116,274.0031363871589,292.98106807437233
Experiment 07-14_22:58
Epoch 0035 [Train seq (cond on sampled tp)] | Loss 1936375.241391 | MAPE 0.039865 | RMSE 94.168172 | Likelihood -1936372.564603 | KL fp 2.6768 | FP STD 0.2276 | ->nfe   98.00 | <-nfe 11612.75
Epoch 0035 [Val seq (cond on sampled tp)] |  MAPE 0.040603 | RMSE 79.126725 |
Epoch 0035 [Test seq (cond on sampled tp)] | MAPE 0.075934 | RMSE 243.306198|
0.0765039250254631,0.06902377307415009,0.08227439969778061
204.032520768749,244.87435394248618,281.01171850565237
Experiment 07-14_22:58
Epoch 0036 [Train seq (cond on sampled tp)] | Loss 1921366.886443 | MAPE 0.055210 | RMSE 91.985360 | Likelihood -1921364.223373 | KL fp 2.6631 | FP STD 0.2388 | ->nfe   98.00 | <-nfe 13565.00
Epoch 0036 [Val seq (cond on sampled tp)] |  MAPE 0.028240 | RMSE 77.011521 |
Epoch 0036 [Test seq (cond on sampled tp)] | MAPE 0.050596 | RMSE 244.723791|
0.05614805221557617,0.04653492942452431,0.049103982746601105
204.33933174991054,261.43535589606086,268.39668636181034
Experiment 07-14_22:58
Epoch 0037 [Train seq (cond on sampled tp)] | Loss 1912961.325393 | MAPE 0.036477 | RMSE 90.291534 | Likelihood -1912958.581629 | KL fp 2.7438 | FP STD 0.2263 | ->nfe   98.00 | <-nfe 21752.00
Epoch 0037 [Val seq (cond on sampled tp)] |  MAPE 0.028041 | RMSE 82.243760 |
Epoch 0037 [Test seq (cond on sampled tp)] | MAPE 0.063174 | RMSE 253.431577|
0.06730962544679642,0.0623786635696888,0.05983475595712662
201.92569023034193,257.5587159998667,300.8103248934451
Experiment 07-14_22:58
Epoch 0038 [Train seq (cond on sampled tp)] | Loss 1893837.703245 | MAPE 0.035725 | RMSE 85.735441 | Likelihood -1893834.717275 | KL fp 2.9860 | FP STD 0.1760 | ->nfe   98.00 | <-nfe 10068.50
Epoch 0038 [Val seq (cond on sampled tp)] |  MAPE 0.037988 | RMSE 80.077078 |
Epoch 0038 [Test seq (cond on sampled tp)] | MAPE 0.067374 | RMSE 281.967091|
0.060694944113492966,0.07121066749095917,0.07021749019622803
218.65849872003602,292.62463957688186,334.6181359027033
Experiment 07-14_22:58
Epoch 0039 [Train seq (cond on sampled tp)] | Loss 1913688.697862 | MAPE 0.047579 | RMSE 89.200351 | Likelihood -1913685.591818 | KL fp 3.1060 | FP STD 0.1746 | ->nfe  100.25 | <-nfe 7520.75
Epoch 0039 [Val seq (cond on sampled tp)] |  MAPE 0.025137 | RMSE 83.996591 |
Epoch 0039 [Test seq (cond on sampled tp)] | MAPE 0.058893 | RMSE 288.828369|
0.059464022517204285,0.05420590192079544,0.0630088821053505
230.41861530972275,292.6804331305733,343.3860573392577
Experiment 07-14_22:58
Epoch 0040 [Train seq (cond on sampled tp)] | Loss 1946427.060811 | MAPE 0.035829 | RMSE 95.591648 | Likelihood -1946424.432898 | KL fp 2.6279 | FP STD 0.2223 | ->nfe  101.75 | <-nfe 11539.25
Epoch 0040 [Val seq (cond on sampled tp)] |  MAPE 0.025037 | RMSE 85.240039 |
Epoch 0040 [Test seq (cond on sampled tp)] | MAPE 0.054349 | RMSE 280.772502|
0.058576345443725586,0.054702676832675934,0.049766816198825836
211.61086965524714,310.3105928944418,320.39604398306795
Experiment 07-14_22:58
Epoch 0041 [Train seq (cond on sampled tp)] | Loss 1925650.119639 | MAPE 0.037513 | RMSE 92.056569 | Likelihood -1925647.436130 | KL fp 2.6835 | FP STD 0.2697 | ->nfe   99.50 | <-nfe 10067.75
Epoch 0041 [Val seq (cond on sampled tp)] |  MAPE 0.026697 | RMSE 85.714258 |
Epoch 0041 [Test seq (cond on sampled tp)] | MAPE 0.055790 | RMSE 296.625945|
0.05759282782673836,0.056097760796546936,0.05367816984653473
236.88511686838834,321.72149252109347,331.2712257350463
Experiment 07-14_22:58
Epoch 0042 [Train seq (cond on sampled tp)] | Loss 1922221.923848 | MAPE 0.030941 | RMSE 91.878387 | Likelihood -1922219.026607 | KL fp 2.8972 | FP STD 0.1897 | ->nfe   98.00 | <-nfe 9841.25
Epoch 0042 [Val seq (cond on sampled tp)] |  MAPE 0.027371 | RMSE 88.012531 |
Epoch 0042 [Test seq (cond on sampled tp)] | MAPE 0.053527 | RMSE 288.503500|
0.055870573967695236,0.05107377842068672,0.053635891526937485
228.90492533746408,295.10947386097246,341.49609944697755
Experiment 07-14_22:58
Epoch 0043 [Train seq (cond on sampled tp)] | Loss 1893227.290506 | MAPE 0.032552 | RMSE 86.492986 | Likelihood -1893224.412230 | KL fp 2.8783 | FP STD 0.1820 | ->nfe   98.00 | <-nfe 13045.25
Epoch 0043 [Val seq (cond on sampled tp)] |  MAPE 0.022103 | RMSE 77.963405 |
Epoch 0043 [Test seq (cond on sampled tp)] | MAPE 0.064692 | RMSE 261.389294|
0.0690121129155159,0.06204376742243767,0.06301984935998917
201.29473493487106,273.97398085858447,308.8991669015959
Experiment 07-14_22:58
Epoch 0044 [Train seq (cond on sampled tp)] | Loss 1908707.321741 | MAPE 0.030218 | RMSE 86.843130 | Likelihood -1908704.367548 | KL fp 2.9542 | FP STD 0.1738 | ->nfe  101.75 | <-nfe 20936.75
Epoch 0044 [Val seq (cond on sampled tp)] |  MAPE 0.028389 | RMSE 77.681969 |
Epoch 0044 [Test seq (cond on sampled tp)] | MAPE 0.062047 | RMSE 287.807652|
0.058194901794195175,0.06237573176622391,0.06556937098503113
209.80995865306298,297.8231175966701,355.7898782989758
Experiment 07-14_22:58
Epoch 0045 [Train seq (cond on sampled tp)] | Loss 1908521.707501 | MAPE 0.031839 | RMSE 88.444055 | Likelihood -1908518.923166 | KL fp 2.7843 | FP STD 0.1768 | ->nfe  104.00 | <-nfe 23183.00
Epoch 0045 [Val seq (cond on sampled tp)] |  MAPE 0.023374 | RMSE 97.780441 |
Epoch 0045 [Test seq (cond on sampled tp)] | MAPE 0.063940 | RMSE 315.879026|
0.055316824465990067,0.06781326234340668,0.06869018077850342
256.876140508417,325.66689989542994,365.0940375437539
Experiment 07-14_22:58
Epoch 0046 [Train seq (cond on sampled tp)] | Loss 1931435.831181 | MAPE 0.041501 | RMSE 92.995202 | Likelihood -1931433.028066 | KL fp 2.8031 | FP STD 0.1710 | ->nfe  104.00 | <-nfe 18822.50
Epoch 0046 [Val seq (cond on sampled tp)] |  MAPE 0.024472 | RMSE 86.165456 |
Epoch 0046 [Test seq (cond on sampled tp)] | MAPE 0.053175 | RMSE 293.580559|
0.06112540885806084,0.0513605959713459,0.047039374709129333
236.967313806145,322.4190547641377,321.3553086149348
Experiment 07-14_22:58
Epoch 0047 [Train seq (cond on sampled tp)] | Loss 1897160.033163 | MAPE 0.036689 | RMSE 86.657473 | Likelihood -1897157.271043 | KL fp 2.7621 | FP STD 0.1954 | ->nfe  103.25 | <-nfe 34583.75
Epoch 0047 [Val seq (cond on sampled tp)] |  MAPE 0.029076 | RMSE 75.828903 |
Epoch 0047 [Test seq (cond on sampled tp)] | MAPE 0.062913 | RMSE 300.781689|
0.06491044908761978,0.060727909207344055,0.06310098618268967
249.83220149982668,312.49601247455945,340.01685390212646
Experiment 07-14_22:58
Epoch 0048 [Train seq (cond on sampled tp)] | Loss 1882782.582524 | MAPE 0.038968 | RMSE 85.078960 | Likelihood -1882779.927816 | KL fp 2.6547 | FP STD 0.2008 | ->nfe  104.00 | <-nfe 21983.00
Epoch 0048 [Val seq (cond on sampled tp)] |  MAPE 0.022951 | RMSE 80.731241 |
Epoch 0048 [Test seq (cond on sampled tp)] | MAPE 0.062000 | RMSE 296.798011|
0.06429648399353027,0.05575688183307648,0.06594645231962204
271.1637535696834,281.0300806853245,338.2001995859849
Experiment 07-14_22:58
Epoch 0049 [Train seq (cond on sampled tp)] | Loss 1901186.730954 | MAPE 0.032909 | RMSE 86.549958 | Likelihood -1901183.918051 | KL fp 2.8129 | FP STD 0.1794 | ->nfe  107.00 | <-nfe 19063.25
Epoch 0049 [Val seq (cond on sampled tp)] |  MAPE 0.025818 | RMSE 81.937515 |
Epoch 0049 [Test seq (cond on sampled tp)] | MAPE 0.062691 | RMSE 294.864231|
0.06178230792284012,0.06333722174167633,0.06295493990182877
233.5023086074311,295.1480295970143,355.94235620041064
Experiment 07-14_22:58
Epoch 0050 [Train seq (cond on sampled tp)] | Loss 1899534.583375 | MAPE 0.032453 | RMSE 88.239983 | Likelihood -1899531.694996 | KL fp 2.8884 | FP STD 0.1577 | ->nfe  108.50 | <-nfe 25540.25
Epoch 0050 [Val seq (cond on sampled tp)] |  MAPE 0.036244 | RMSE 87.997553 |
Epoch 0050 [Test seq (cond on sampled tp)] | MAPE 0.060825 | RMSE 296.595918|
0.054232511669397354,0.057937879115343094,0.07030414044857025
229.40646923092643,291.32871790299015,369.05256654709774
Experiment 07-14_22:58
Epoch 0051 [Train seq (cond on sampled tp)] | Loss 1895241.273871 | MAPE 0.070217 | RMSE 85.870407 | Likelihood -1895238.350628 | KL fp 2.9232 | FP STD 0.1731 | ->nfe  109.25 | <-nfe 18443.75
Epoch 0051 [Val seq (cond on sampled tp)] |  MAPE 0.023839 | RMSE 83.875690 |
Epoch 0051 [Test seq (cond on sampled tp)] | MAPE 0.049781 | RMSE 292.665480|
0.051022619009017944,0.04966895654797554,0.048651475459337234
243.88412976247554,284.70644146646913,349.40586849321807
Experiment 07-14_22:58
Epoch 0052 [Train seq (cond on sampled tp)] | Loss 1908945.353263 | MAPE 0.050911 | RMSE 88.454541 | Likelihood -1908942.665415 | KL fp 2.6878 | FP STD 0.2032 | ->nfe  110.00 | <-nfe 30772.25
Epoch 0052 [Val seq (cond on sampled tp)] |  MAPE 0.022431 | RMSE 88.473748 |
Epoch 0052 [Test seq (cond on sampled tp)] | MAPE 0.045239 | RMSE 266.434533|
0.04486267641186714,0.04786520078778267,0.04298814386129379
212.33170725600544,289.09453200899526,297.8773604606433
Experiment 07-14_22:58
Epoch 0053 [Train seq (cond on sampled tp)] | Loss 1896451.842038 | MAPE 0.052100 | RMSE 88.096917 | Likelihood -1896449.089579 | KL fp 2.7525 | FP STD 0.1839 | ->nfe  114.50 | <-nfe 18928.25
Epoch 0053 [Val seq (cond on sampled tp)] |  MAPE 0.022600 | RMSE 83.458492 |
Epoch 0053 [Test seq (cond on sampled tp)] | MAPE 0.045674 | RMSE 258.059643|
0.04655357822775841,0.0425390899181366,0.047929514199495316
210.35034020652307,267.76407817797366,296.0645120788711
Experiment 07-14_22:58
Epoch 0054 [Train seq (cond on sampled tp)] | Loss 1915671.022449 | MAPE 0.046868 | RMSE 89.442409 | Likelihood -1915668.069964 | KL fp 2.9525 | FP STD 0.1719 | ->nfe  116.00 | <-nfe 16597.25
Epoch 0054 [Val seq (cond on sampled tp)] |  MAPE 0.022500 | RMSE 92.197388 |
Epoch 0054 [Test seq (cond on sampled tp)] | MAPE 0.049004 | RMSE 272.287014|
0.05862509086728096,0.04828443378210068,0.04010266810655594
211.3199311027003,274.5901491313918,330.950961718651
Experiment 07-14_22:58
Epoch 0055 [Train seq (cond on sampled tp)] | Loss 1930567.016445 | MAPE 0.048286 | RMSE 93.010292 | Likelihood -1930564.016406 | KL fp 3.0000 | FP STD 0.1567 | ->nfe  119.75 | <-nfe 28370.75
Epoch 0055 [Val seq (cond on sampled tp)] |  MAPE 0.022602 | RMSE 84.786157 |
Epoch 0055 [Test seq (cond on sampled tp)] | MAPE 0.047894 | RMSE 273.610895|
0.045943278819322586,0.04566861689090729,0.052069440484046936
223.88253756155257,254.64257272449555,342.30757596421967
Experiment 07-14_22:58
Epoch 0056 [Train seq (cond on sampled tp)] | Loss 1912613.601934 | MAPE 0.049766 | RMSE 89.701155 | Likelihood -1912610.552950 | KL fp 3.0490 | FP STD 0.1559 | ->nfe  122.75 | <-nfe 27466.25
Epoch 0056 [Val seq (cond on sampled tp)] |  MAPE 0.022720 | RMSE 85.176483 |
Epoch 0056 [Test seq (cond on sampled tp)] | MAPE 0.049104 | RMSE 274.847594|
0.051078032702207565,0.04507235437631607,0.05116082727909088
228.9291562771112,277.54696956100963,318.066657223765
Experiment 07-14_22:58
Epoch 0057 [Train seq (cond on sampled tp)] | Loss 1916350.216598 | MAPE 0.055758 | RMSE 92.343866 | Likelihood -1916347.512117 | KL fp 2.7045 | FP STD 0.1708 | ->nfe  125.00 | <-nfe 27829.25
Epoch 0057 [Val seq (cond on sampled tp)] |  MAPE 0.023672 | RMSE 84.948810 |
Epoch 0057 [Test seq (cond on sampled tp)] | MAPE 0.054086 | RMSE 263.030094|
0.05142270028591156,0.05163765698671341,0.05919646471738815
226.64926786777846,270.96293854049486,291.4780759336798
Experiment 07-14_22:58
Epoch 0058 [Train seq (cond on sampled tp)] | Loss 1910298.779212 | MAPE 0.054883 | RMSE 89.872674 | Likelihood -1910295.837645 | KL fp 2.9416 | FP STD 0.1565 | ->nfe  125.75 | <-nfe 18671.00
Epoch 0058 [Val seq (cond on sampled tp)] |  MAPE 0.025255 | RMSE 87.804860 |
Epoch 0058 [Test seq (cond on sampled tp)] | MAPE 0.051540 | RMSE 290.598925|
0.05318275839090347,0.0484752357006073,0.05296061560511589
244.52774957558498,299.846275718909,327.4227485224568
Experiment 07-14_22:58
Epoch 0059 [Train seq (cond on sampled tp)] | Loss 1903215.644065 | MAPE 0.051448 | RMSE 87.595875 | Likelihood -1903212.855050 | KL fp 2.7890 | FP STD 0.1777 | ->nfe  125.75 | <-nfe 15809.00
Epoch 0059 [Val seq (cond on sampled tp)] |  MAPE 0.029322 | RMSE 81.092561 |
Epoch 0059 [Test seq (cond on sampled tp)] | MAPE 0.054915 | RMSE 246.887949|
0.055774420499801636,0.05139544978737831,0.05757515877485275
226.38360178301343,242.7084880185487,271.57175617136625
Experiment 07-14_22:58
Epoch 0060 [Train seq (cond on sampled tp)] | Loss 1908637.721234 | MAPE 0.077365 | RMSE 89.709834 | Likelihood -1908634.936465 | KL fp 2.7848 | FP STD 0.1908 | ->nfe  126.50 | <-nfe 22490.00
Epoch 0060 [Val seq (cond on sampled tp)] |  MAPE 0.025353 | RMSE 85.593316 |
Epoch 0060 [Test seq (cond on sampled tp)] | MAPE 0.047554 | RMSE 270.162750|
0.05107821896672249,0.047710102051496506,0.04387475922703743
217.8169386204847,268.2576449283412,324.4136658072529
Experiment 07-14_22:58
Epoch 0061 [Train seq (cond on sampled tp)] | Loss 1919441.256798 | MAPE 0.054461 | RMSE 91.838486 | Likelihood -1919438.548794 | KL fp 2.7080 | FP STD 0.1993 | ->nfe  125.00 | <-nfe 18361.25
Epoch 0061 [Val seq (cond on sampled tp)] |  MAPE 0.023334 | RMSE 90.636901 |
Epoch 0061 [Test seq (cond on sampled tp)] | MAPE 0.049243 | RMSE 274.718333|
0.05609073489904404,0.04786780849099159,0.04377181828022003
240.78152376687876,257.99641167562777,325.3770649185342
Experiment 07-14_22:58
Epoch 0062 [Train seq (cond on sampled tp)] | Loss 1910989.326313 | MAPE 0.037266 | RMSE 87.948906 | Likelihood -1910986.589841 | KL fp 2.7365 | FP STD 0.2013 | ->nfe  126.50 | <-nfe 20644.25
Epoch 0062 [Val seq (cond on sampled tp)] |  MAPE 0.022494 | RMSE 90.620851 |
Epoch 0062 [Test seq (cond on sampled tp)] | MAPE 0.050061 | RMSE 266.108175|
0.04789116233587265,0.051730647683143616,0.05056100711226463
217.3285063849195,250.39995351187667,330.596064423792
Experiment 07-14_22:58
Epoch 0063 [Train seq (cond on sampled tp)] | Loss 1885316.525533 | MAPE 0.046407 | RMSE 85.813461 | Likelihood -1885314.002196 | KL fp 2.5233 | FP STD 0.2394 | ->nfe  122.75 | <-nfe 34772.00
Epoch 0063 [Val seq (cond on sampled tp)] |  MAPE 0.028091 | RMSE 87.466333 |
Epoch 0063 [Test seq (cond on sampled tp)] | MAPE 0.050421 | RMSE 273.148854|
0.04889431968331337,0.04983321204781532,0.05253475159406662
238.0076482489586,272.44801683073416,308.99089792419454
Experiment 07-14_22:58
Epoch 0064 [Train seq (cond on sampled tp)] | Loss 1875055.342266 | MAPE 0.052911 | RMSE 82.374914 | Likelihood -1875052.582608 | KL fp 2.7597 | FP STD 0.2344 | ->nfe  125.00 | <-nfe 32848.25
Epoch 0064 [Val seq (cond on sampled tp)] |  MAPE 0.024062 | RMSE 94.665200 |
Epoch 0064 [Test seq (cond on sampled tp)] | MAPE 0.050115 | RMSE 279.850884|
0.04656216502189636,0.0495547391474247,0.054227933287620544
253.04105089392115,288.95865026418574,297.5529495946898
Experiment 07-14_22:58
Epoch 0065 [Train seq (cond on sampled tp)] | Loss 1912153.705703 | MAPE 0.052974 | RMSE 91.438003 | Likelihood -1912150.780473 | KL fp 2.9252 | FP STD 0.1637 | ->nfe  128.75 | <-nfe 25170.50
Epoch 0065 [Val seq (cond on sampled tp)] |  MAPE 0.023336 | RMSE 94.020412 |
Epoch 0065 [Test seq (cond on sampled tp)] | MAPE 0.050900 | RMSE 279.259533|
0.055743902921676636,0.046854205429553986,0.05010168254375458
235.3708095086347,298.90253689539,303.5052511901565
Experiment 07-14_22:58
Epoch 0066 [Train seq (cond on sampled tp)] | Loss 1890489.030467 | MAPE 0.047435 | RMSE 86.833459 | Likelihood -1890486.358103 | KL fp 2.6724 | FP STD 0.1963 | ->nfe  127.25 | <-nfe 18464.75
Epoch 0066 [Val seq (cond on sampled tp)] |  MAPE 0.033555 | RMSE 83.490462 |
Epoch 0066 [Test seq (cond on sampled tp)] | MAPE 0.060247 | RMSE 266.975866|
0.05721947178244591,0.057155512273311615,0.06636746227741241
220.7783372950118,273.79719912738335,306.3520620748292
Experiment 07-14_22:58
Epoch 0067 [Train seq (cond on sampled tp)] | Loss 1891451.419728 | MAPE 0.070243 | RMSE 87.408739 | Likelihood -1891448.581706 | KL fp 2.8380 | FP STD 0.1686 | ->nfe  128.75 | <-nfe 22884.50
Epoch 0067 [Val seq (cond on sampled tp)] |  MAPE 0.025327 | RMSE 104.966354 |
Epoch 0067 [Test seq (cond on sampled tp)] | MAPE 0.052592 | RMSE 294.255972|
0.05173569545149803,0.05023111775517464,0.055807895958423615
267.1248683902343,283.739316979512,331.9037299240549
Experiment 07-14_22:58
Epoch 0068 [Train seq (cond on sampled tp)] | Loss 1891117.293972 | MAPE 0.040465 | RMSE 83.838828 | Likelihood -1891114.129578 | KL fp 3.1644 | FP STD 0.1369 | ->nfe  129.50 | <-nfe 20825.00
Epoch 0068 [Val seq (cond on sampled tp)] |  MAPE 0.030144 | RMSE 99.626755 |
Epoch 0068 [Test seq (cond on sampled tp)] | MAPE 0.060729 | RMSE 317.712070|
0.0560583770275116,0.06141180917620659,0.06471709907054901
247.95785459680442,349.7585662817996,355.41978921058967
Experiment 07-14_22:58
Epoch 0069 [Train seq (cond on sampled tp)] | Loss 1906513.661883 | MAPE 0.048801 | RMSE 89.546627 | Likelihood -1906510.664480 | KL fp 2.9974 | FP STD 0.1566 | ->nfe  129.50 | <-nfe 21207.50
Epoch 0069 [Val seq (cond on sampled tp)] |  MAPE 0.023792 | RMSE 92.587000 |
Epoch 0069 [Test seq (cond on sampled tp)] | MAPE 0.047615 | RMSE 282.634581|
0.043163251131772995,0.04612478241324425,0.053555507212877274
235.13154562924984,293.94201171319486,318.83018599248095
Experiment 07-14_22:58
Epoch 0070 [Train seq (cond on sampled tp)] | Loss 1916456.099395 | MAPE 0.052098 | RMSE 89.704341 | Likelihood -1916453.388419 | KL fp 2.7110 | FP STD 0.1923 | ->nfe  130.25 | <-nfe 20419.25
Epoch 0070 [Val seq (cond on sampled tp)] |  MAPE 0.025621 | RMSE 84.799977 |
Epoch 0070 [Test seq (cond on sampled tp)] | MAPE 0.043185 | RMSE 234.967377|
0.04648223891854286,0.04201868921518326,0.04105411469936371
199.29354723309532,223.36042376896137,282.2481593164072
Experiment 07-14_22:58
Epoch 0071 [Train seq (cond on sampled tp)] | Loss 1893409.879261 | MAPE 0.057508 | RMSE 86.425344 | Likelihood -1893407.223199 | KL fp 2.6561 | FP STD 0.2243 | ->nfe  128.75 | <-nfe 30354.50
Epoch 0071 [Val seq (cond on sampled tp)] |  MAPE 0.026401 | RMSE 90.056230 |
Epoch 0071 [Test seq (cond on sampled tp)] | MAPE 0.044433 | RMSE 272.731902|
0.046266522258520126,0.04073011130094528,0.04630357772111893
222.1724766369588,260.0452034022162,335.9780266252542
Experiment 07-14_22:58
Epoch 0072 [Train seq (cond on sampled tp)] | Loss 1897831.211206 | MAPE 0.079598 | RMSE 88.666967 | Likelihood -1897828.531780 | KL fp 2.6794 | FP STD 0.2309 | ->nfe  129.50 | <-nfe 33058.25
Epoch 0072 [Val seq (cond on sampled tp)] |  MAPE 0.023089 | RMSE 92.465085 |
Epoch 0072 [Test seq (cond on sampled tp)] | MAPE 0.043139 | RMSE 271.325748|
0.042350850999355316,0.04566073790192604,0.04140656813979149
229.86782887128857,286.40950796019325,297.6999065753968
Experiment 07-14_22:58
Epoch 0073 [Train seq (cond on sampled tp)] | Loss 1880049.087934 | MAPE 0.055085 | RMSE 85.945200 | Likelihood -1880046.336985 | KL fp 2.7509 | FP STD 0.2085 | ->nfe  137.00 | <-nfe 18163.25
Epoch 0073 [Val seq (cond on sampled tp)] |  MAPE 0.025161 | RMSE 102.176194 |
Epoch 0073 [Test seq (cond on sampled tp)] | MAPE 0.044344 | RMSE 285.422039|
0.043925072997808456,0.04329439997673035,0.04581332579255104
234.24822404609603,285.26148914198006,336.75640305716536
Experiment 07-14_22:58
Epoch 0074 [Train seq (cond on sampled tp)] | Loss 1881827.576124 | MAPE 0.072262 | RMSE 84.578680 | Likelihood -1881824.739429 | KL fp 2.8367 | FP STD 0.2284 | ->nfe  170.00 | <-nfe 6998.00
Epoch 0074 [Val seq (cond on sampled tp)] |  MAPE 0.025668 | RMSE 87.843008 |
Epoch 0074 [Test seq (cond on sampled tp)] | MAPE 0.051823 | RMSE 263.610780|
0.05362853780388832,0.051326580345630646,0.05051260441541672
225.2513353179066,222.80020127347282,342.7808041409262
Experiment 07-14_22:58
Epoch 0075 [Train seq (cond on sampled tp)] | Loss 1865658.366142 | MAPE 0.055302 | RMSE 81.103330 | Likelihood -1865655.640292 | KL fp 2.7258 | FP STD 0.2257 | ->nfe  178.25 | <-nfe 2901.50
Epoch 0075 [Val seq (cond on sampled tp)] |  MAPE 0.028471 | RMSE 91.307308 |
Epoch 0075 [Test seq (cond on sampled tp)] | MAPE 0.059496 | RMSE 279.516003|
0.05898017808794975,0.05674134939908981,0.06276538968086243
232.13672055762743,268.6261197045068,337.78516887587
Experiment 07-14_22:58
Epoch 0076 [Train seq (cond on sampled tp)] | Loss 1888051.659810 | MAPE 0.074410 | RMSE 86.824858 | Likelihood -1888048.860483 | KL fp 2.7993 | FP STD 0.1996 | ->nfe  179.00 | <-nfe 7823.00
Epoch 0076 [Val seq (cond on sampled tp)] |  MAPE 0.026265 | RMSE 92.085754 |
Epoch 0076 [Test seq (cond on sampled tp)] | MAPE 0.050050 | RMSE 263.562990|
0.05171976611018181,0.04478645324707031,0.053644809871912
257.4165671873122,250.22885618719116,283.0435451260106
Experiment 07-14_22:58
Epoch 0077 [Train seq (cond on sampled tp)] | Loss 1883823.084744 | MAPE 0.041229 | RMSE 84.882579 | Likelihood -1883820.091193 | KL fp 2.9936 | FP STD 0.1665 | ->nfe  177.50 | <-nfe 8877.50
Epoch 0077 [Val seq (cond on sampled tp)] |  MAPE 0.026487 | RMSE 90.971514 |
Epoch 0077 [Test seq (cond on sampled tp)] | MAPE 0.052160 | RMSE 283.724345|
0.04715271666646004,0.05170677229762077,0.05762047320604324
255.19046195929815,290.1211223351378,305.86144994506907
Experiment 07-14_22:58
Epoch 0078 [Train seq (cond on sampled tp)] | Loss 1904700.195133 | MAPE 0.044232 | RMSE 87.305793 | Likelihood -1904697.186050 | KL fp 3.0091 | FP STD 0.1522 | ->nfe  179.00 | <-nfe 9567.50
Epoch 0078 [Val seq (cond on sampled tp)] |  MAPE 0.023306 | RMSE 88.336354 |
Epoch 0078 [Test seq (cond on sampled tp)] | MAPE 0.044013 | RMSE 285.758929|
0.047080982476472855,0.042921796441078186,0.04203708469867706
242.9336489918595,293.56125585216455,320.78188169689383
Experiment 07-14_22:58
Epoch 0079 [Train seq (cond on sampled tp)] | Loss 1853391.640146 | MAPE 0.054387 | RMSE 77.852091 | Likelihood -1853388.481141 | KL fp 3.1590 | FP STD 0.1524 | ->nfe  180.50 | <-nfe 7058.00
Epoch 0079 [Val seq (cond on sampled tp)] |  MAPE 0.025449 | RMSE 91.692447 |
Epoch 0079 [Test seq (cond on sampled tp)] | MAPE 0.045356 | RMSE 267.452287|
0.04467323049902916,0.043020814657211304,0.048374176025390625
234.94572179016157,279.0761824753234,288.33495604071317
Experiment 07-14_22:58
Epoch 0080 [Train seq (cond on sampled tp)] | Loss 1863288.642679 | MAPE 0.066086 | RMSE 81.558474 | Likelihood -1863285.801776 | KL fp 2.8409 | FP STD 0.1832 | ->nfe  185.75 | <-nfe 13394.75
Epoch 0080 [Val seq (cond on sampled tp)] |  MAPE 0.023621 | RMSE 96.955022 |
Epoch 0080 [Test seq (cond on sampled tp)] | MAPE 0.048443 | RMSE 271.242116|
0.05020034685730934,0.04084909334778786,0.054280683398246765
248.89314348732069,255.2573991949107,309.5758060435279
Experiment 07-14_22:58
Epoch 0081 [Train seq (cond on sampled tp)] | Loss 1871263.154163 | MAPE 0.042740 | RMSE 82.414716 | Likelihood -1871260.379729 | KL fp 2.7744 | FP STD 0.2098 | ->nfe  190.25 | <-nfe 8295.50
Epoch 0081 [Val seq (cond on sampled tp)] |  MAPE 0.025054 | RMSE 90.919913 |
Epoch 0081 [Test seq (cond on sampled tp)] | MAPE 0.051441 | RMSE 279.107217|
0.05519223213195801,0.04805631935596466,0.05107489600777626
239.7402321393929,292.947120868255,304.63429663696763
Experiment 07-14_22:58
Epoch 0082 [Train seq (cond on sampled tp)] | Loss 1878737.995657 | MAPE 0.037067 | RMSE 84.429798 | Likelihood -1878735.061642 | KL fp 2.9340 | FP STD 0.1670 | ->nfe  198.50 | <-nfe 4532.75
Epoch 0082 [Val seq (cond on sampled tp)] |  MAPE 0.029578 | RMSE 96.630068 |
Epoch 0082 [Test seq (cond on sampled tp)] | MAPE 0.061246 | RMSE 261.631355|
0.06048060208559036,0.060536134988069534,0.06272172927856445
225.98142726505202,278.7451793305133,280.1674582950347
Experiment 07-14_22:58
Epoch 0083 [Train seq (cond on sampled tp)] | Loss 1880313.719056 | MAPE 0.051636 | RMSE 82.651722 | Likelihood -1880310.628434 | KL fp 3.0906 | FP STD 0.1701 | ->nfe  199.25 | <-nfe 4056.50
Epoch 0083 [Val seq (cond on sampled tp)] |  MAPE 0.022932 | RMSE 83.085205 |
Epoch 0083 [Test seq (cond on sampled tp)] | MAPE 0.042407 | RMSE 275.868200|
0.04825420677661896,0.040805090218782425,0.0381624735891819
277.2259344830494,230.1116152408435,320.2670516537722
Experiment 07-14_22:58
Epoch 0084 [Train seq (cond on sampled tp)] | Loss 1888316.306450 | MAPE 0.075770 | RMSE 86.083001 | Likelihood -1888313.010929 | KL fp 3.2955 | FP STD 0.1566 | ->nfe  202.25 | <-nfe 4494.50
Epoch 0084 [Val seq (cond on sampled tp)] |  MAPE 0.027492 | RMSE 107.555078 |
Epoch 0084 [Test seq (cond on sampled tp)] | MAPE 0.048501 | RMSE 277.414180|
0.060062527656555176,0.04931218922138214,0.0361274778842926
263.94872548944045,280.88551382191287,287.40830059342403
Experiment 07-14_22:58
Epoch 0085 [Train seq (cond on sampled tp)] | Loss 1925887.683369 | MAPE 0.038920 | RMSE 93.994696 | Likelihood -1925884.671189 | KL fp 3.0122 | FP STD 0.1718 | ->nfe  200.00 | <-nfe 7696.25
Epoch 0085 [Val seq (cond on sampled tp)] |  MAPE 0.036837 | RMSE 104.982020 |
Epoch 0085 [Test seq (cond on sampled tp)] | MAPE 0.063959 | RMSE 288.253535|
0.0573735274374485,0.06371662020683289,0.07078592479228973
274.6458799527129,266.6652132121848,323.44951064656135
Experiment 07-14_22:58
Epoch 0086 [Train seq (cond on sampled tp)] | Loss 1887913.140571 | MAPE 0.066847 | RMSE 85.419305 | Likelihood -1887909.821281 | KL fp 3.3193 | FP STD 0.1541 | ->nfe  200.00 | <-nfe 7782.50
Epoch 0086 [Val seq (cond on sampled tp)] |  MAPE 0.027092 | RMSE 90.334178 |
Epoch 0086 [Test seq (cond on sampled tp)] | MAPE 0.054939 | RMSE 302.735915|
0.05711589753627777,0.05518908426165581,0.05251345410943031
245.83048020943212,326.6231941205339,335.75407201551553
Experiment 07-14_22:58
Epoch 0087 [Train seq (cond on sampled tp)] | Loss 1892487.959137 | MAPE 0.046621 | RMSE 88.094407 | Likelihood -1892484.691562 | KL fp 3.2676 | FP STD 0.1480 | ->nfe  200.75 | <-nfe 6018.50
Epoch 0087 [Val seq (cond on sampled tp)] |  MAPE 0.024766 | RMSE 85.345489 |
Epoch 0087 [Test seq (cond on sampled tp)] | MAPE 0.048909 | RMSE 271.282108|
0.047147929668426514,0.04444422572851181,0.05513365566730499
211.53616896703505,277.4148940441014,324.8952595645249
Experiment 07-14_22:58
Epoch 0088 [Train seq (cond on sampled tp)] | Loss 1878624.873371 | MAPE 0.054455 | RMSE 85.328026 | Likelihood -1878622.073237 | KL fp 2.8001 | FP STD 0.1957 | ->nfe  197.75 | <-nfe 6366.50
Epoch 0088 [Val seq (cond on sampled tp)] |  MAPE 0.028823 | RMSE 79.275180 |
Epoch 0088 [Test seq (cond on sampled tp)] | MAPE 0.048537 | RMSE 277.524366|
0.04828255623579025,0.04652025178074837,0.05080842971801758
226.5103302004127,260.0603295391283,346.0024385752216
Experiment 07-14_22:58
Epoch 0089 [Train seq (cond on sampled tp)] | Loss 1875646.384672 | MAPE 0.099840 | RMSE 83.388020 | Likelihood -1875643.268157 | KL fp 3.1165 | FP STD 0.1821 | ->nfe  208.25 | <-nfe 7770.50
Epoch 0089 [Val seq (cond on sampled tp)] |  MAPE 0.027424 | RMSE 88.950044 |
Epoch 0089 [Test seq (cond on sampled tp)] | MAPE 0.044855 | RMSE 279.018230|
0.04965302348136902,0.04608679562807083,0.038825467228889465
255.17631771972884,253.32569975478208,328.55267366892633
Experiment 07-14_22:58
Epoch 0090 [Train seq (cond on sampled tp)] | Loss 1850242.945326 | MAPE 0.071749 | RMSE 79.525333 | Likelihood -1850239.815533 | KL fp 3.1298 | FP STD 0.1505 | ->nfe  205.25 | <-nfe 6143.00
Epoch 0090 [Val seq (cond on sampled tp)] |  MAPE 0.026760 | RMSE 95.300255 |
Epoch 0090 [Test seq (cond on sampled tp)] | MAPE 0.046884 | RMSE 288.760501|
0.048733215779066086,0.045328520238399506,0.04659142345190048
236.91764952457638,271.48004358055493,357.8838083966638
Experiment 07-14_22:58
Epoch 0091 [Train seq (cond on sampled tp)] | Loss 1861256.757576 | MAPE 0.077344 | RMSE 82.200582 | Likelihood -1861253.639758 | KL fp 3.1178 | FP STD 0.1361 | ->nfe  205.25 | <-nfe 5189.75
Epoch 0091 [Val seq (cond on sampled tp)] |  MAPE 0.023523 | RMSE 92.689022 |
Epoch 0091 [Test seq (cond on sampled tp)] | MAPE 0.047795 | RMSE 275.575528|
0.055511511862277985,0.042015399783849716,0.04585830494761467
214.7040841483925,240.51423587024948,371.50826454468006
Experiment 07-14_22:58
Epoch 0092 [Train seq (cond on sampled tp)] | Loss 1859749.928366 | MAPE 0.053588 | RMSE 80.872010 | Likelihood -1859746.801545 | KL fp 3.1268 | FP STD 0.1431 | ->nfe  205.25 | <-nfe 7238.00
Epoch 0092 [Val seq (cond on sampled tp)] |  MAPE 0.026051 | RMSE 83.169666 |
Epoch 0092 [Test seq (cond on sampled tp)] | MAPE 0.047261 | RMSE 296.917687|
0.052665505558252335,0.04424384608864784,0.04487496614456177
235.27187564337137,285.43646677062833,370.0447185814169
Experiment 07-14_22:58
Epoch 0093 [Train seq (cond on sampled tp)] | Loss 1877609.792812 | MAPE 0.043318 | RMSE 83.680920 | Likelihood -1877606.895169 | KL fp 2.8976 | FP STD 0.1771 | ->nfe  205.25 | <-nfe 3797.00
Epoch 0093 [Val seq (cond on sampled tp)] |  MAPE 0.026031 | RMSE 92.211189 |
Epoch 0093 [Test seq (cond on sampled tp)] | MAPE 0.051822 | RMSE 296.518384|
0.053004469722509384,0.049493007361888885,0.052969034761190414
283.0948797444065,310.9685474449144,295.4917247149233
Experiment 07-14_22:58
Epoch 0094 [Train seq (cond on sampled tp)] | Loss 1864654.082930 | MAPE 0.057236 | RMSE 78.317316 | Likelihood -1864651.490212 | KL fp 2.5927 | FP STD 0.2355 | ->nfe  204.50 | <-nfe 4243.25
Epoch 0094 [Val seq (cond on sampled tp)] |  MAPE 0.021543 | RMSE 88.582801 |
Best Val!
Epoch 0094 [Test seq (cond on sampled tp)] | MAPE 0.049875 | RMSE 305.181817|
0.054806917905807495,0.050041064620018005,0.044776614755392075
286.4214279257053,312.9134639760648,316.21055831123033
Experiment 07-14_22:58
Epoch 0095 [Train seq (cond on sampled tp)] | Loss 1843135.958398 | MAPE 0.049397 | RMSE 77.931967 | Likelihood -1843133.345018 | KL fp 2.6134 | FP STD 0.2226 | ->nfe  207.50 | <-nfe 5053.25
Epoch 0095 [Val seq (cond on sampled tp)] |  MAPE 0.023624 | RMSE 87.430441 |
Epoch 0095 [Test seq (cond on sampled tp)] | MAPE 0.048990 | RMSE 279.582488|
0.04555370658636093,0.04863036051392555,0.05278546363115311
257.04434807052263,249.940070942016,331.7630460886203
Experiment 07-14_22:58
Epoch 0096 [Train seq (cond on sampled tp)] | Loss 1837787.089829 | MAPE 0.054883 | RMSE 77.618021 | Likelihood -1837784.395769 | KL fp 2.6941 | FP STD 0.2081 | ->nfe  201.50 | <-nfe 4283.75
Epoch 0096 [Val seq (cond on sampled tp)] |  MAPE 0.024341 | RMSE 83.742106 |
Epoch 0096 [Test seq (cond on sampled tp)] | MAPE 0.048134 | RMSE 271.103392|
0.048297055065631866,0.049082670360803604,0.047020792961120605
245.93674555157472,246.0040332494571,321.36939658670053
Experiment 07-14_22:58
Epoch 0097 [Train seq (cond on sampled tp)] | Loss 1850389.617509 | MAPE 0.059118 | RMSE 78.509271 | Likelihood -1850386.958948 | KL fp 2.6586 | FP STD 0.2232 | ->nfe  206.00 | <-nfe 4992.50
Epoch 0097 [Val seq (cond on sampled tp)] |  MAPE 0.022965 | RMSE 93.300883 |
Epoch 0097 [Test seq (cond on sampled tp)] | MAPE 0.047179 | RMSE 283.291981|
0.048647068440914154,0.046438444405794144,0.046450309455394745
258.1081864984139,303.3898456400609,288.3779123173271
Experiment 07-14_22:58
Epoch 0098 [Train seq (cond on sampled tp)] | Loss 1847460.835901 | MAPE 0.057533 | RMSE 78.060642 | Likelihood -1847457.929780 | KL fp 2.9061 | FP STD 0.1935 | ->nfe  209.75 | <-nfe 5240.00
Epoch 0098 [Val seq (cond on sampled tp)] |  MAPE 0.027296 | RMSE 92.907448 |
Epoch 0098 [Test seq (cond on sampled tp)] | MAPE 0.053339 | RMSE 286.558415|
0.05747602880001068,0.05390554666519165,0.048635877668857574
255.94573399453253,289.1337142007137,314.5957972144574
Experiment 07-14_22:58
Epoch 0099 [Train seq (cond on sampled tp)] | Loss 1841959.220613 | MAPE 0.056766 | RMSE 76.471676 | Likelihood -1841956.200897 | KL fp 3.0197 | FP STD 0.1739 | ->nfe  207.50 | <-nfe 4106.00
Epoch 0099 [Val seq (cond on sampled tp)] |  MAPE 0.028852 | RMSE 93.260713 |
Epoch 0099 [Test seq (cond on sampled tp)] | MAPE 0.051932 | RMSE 275.615758|
0.054030198603868484,0.04854867234826088,0.0532165989279747
225.43443302599096,289.4920524599941,311.9207882219459
Experiment 07-14_22:58
Epoch 0100 [Train seq (cond on sampled tp)] | Loss 1859592.753595 | MAPE 0.071492 | RMSE 79.601320 | Likelihood -1859589.898606 | KL fp 2.8550 | FP STD 0.2180 | ->nfe  209.75 | <-nfe 6656.00
Epoch 0100 [Val seq (cond on sampled tp)] |  MAPE 0.025343 | RMSE 82.641539 |
Epoch 0100 [Test seq (cond on sampled tp)] | MAPE 0.060413 | RMSE 270.542991|
0.05279192700982094,0.06284824758768082,0.06559881567955017
198.51443390532086,294.50935097633146,318.60518769316985
