/nvme/yuanjingyang/CG-ODE/run_models_covid.py
run_models_covid.py --heavyBall --gamma_guess -3.0 --corr 10
Namespace(save='experiments/', load=None, dataset='Dec', datapath='data/', pred_length=14, condition_length=21, features='Confirmed,Deaths,Recovered,Mortality_Rate,Testing_Rate,Population,Mobility', split_interval=3, feature_out='Deaths', niters=100, lr=0.005, batch_size=8, random_seed=1991, dropout=0.2, l2=1e-05, optimizer='AdamW', clip=10, edge_lamda=0.5, z0_encoder='GTrans', rec_dims=64, ode_dims=20, rec_layers=1, gen_layers=1, CVPR=False, graf_layer=1, heavyBall=True, actv_h=None, gamma_guess=-3.0, gamma_act='sigmoid', corr=10, corrf=True, sign=1, augment_dim=0, solver='rk4', alias='run', output_dim=1, feature_out_index=[1], num_atoms=50)
run
Experiment 07-08_01:17
Epoch 0001 [Train seq (cond on sampled tp)] | Loss 4408055.966401 | MAPE 0.063548 | RMSE 286.783477 | Likelihood -4408054.414351 | KL fp 1.5520 | FP STD 0.4233|
Epoch 0001 [Val seq (cond on sampled tp)] |  MAPE 0.058330 | RMSE 307.020676 |
Best Val!
Epoch 0001 [Test seq (cond on sampled tp)] | MAPE 0.124814 | RMSE 908.998699|
0.1389458030462265,0.12893371284008026,0.10656312853097916
854.6421765862015,939.8098876900583,932.5440338128811
0.1389458030462265,0.12893371284008026,0.10656312853097916
854.6421765862015,939.8098876900583,932.5440338128811
Epoch 0001 [Test seq (cond on sampled tp)] | Best Test MAPE 0.124814|Best Test RMSE 908.998699|
Experiment 07-08_01:17
Epoch 0002 [Train seq (cond on sampled tp)] | Loss 4246669.701255 | MAPE 0.090511 | RMSE 277.629647 | Likelihood -4246666.541191 | KL fp 3.1601 | FP STD 0.6617|
Epoch 0002 [Val seq (cond on sampled tp)] |  MAPE 0.066517 | RMSE 285.054929 |
Epoch 0002 [Test seq (cond on sampled tp)] | MAPE 0.110187 | RMSE 876.119289|
0.1187451109290123,0.11337294429540634,0.09844168275594711
820.1992898070566,905.4768426083574,902.681733779963
0.1187451109290123,0.11337294429540634,0.09844168275594711
820.1992898070566,905.4768426083574,902.681733779963
Epoch 0002 [Test seq (cond on sampled tp)] | Best Test MAPE 0.110187|Best Test RMSE 876.119289|
Experiment 07-08_01:17
Epoch 0003 [Train seq (cond on sampled tp)] | Loss 3937848.571608 | MAPE 0.217297 | RMSE 259.406996 | Likelihood -3937842.372852 | KL fp 6.1988 | FP STD 0.8638|
Epoch 0003 [Val seq (cond on sampled tp)] |  MAPE 0.096502 | RMSE 246.729649 |
Epoch 0003 [Test seq (cond on sampled tp)] | MAPE 0.125937 | RMSE 809.173919|
0.131588414311409,0.13103562593460083,0.11518628895282745
751.2727533991899,838.6614334759886,837.5875700486487
Experiment 07-08_01:17
Epoch 0004 [Train seq (cond on sampled tp)] | Loss 3656991.898314 | MAPE 0.462600 | RMSE 242.472695 | Likelihood -3656982.886973 | KL fp 9.0113 | FP STD 0.8433|
Epoch 0004 [Val seq (cond on sampled tp)] |  MAPE 0.139783 | RMSE 210.819374 |
Epoch 0004 [Test seq (cond on sampled tp)] | MAPE 0.144997 | RMSE 732.857086|
0.15018771588802338,0.1445772796869278,0.14022527635097504
671.9958147191097,761.2619046688203,765.313538688556
Experiment 07-08_01:17
Epoch 0005 [Train seq (cond on sampled tp)] | Loss 3368158.074415 | MAPE 0.488729 | RMSE 222.749417 | Likelihood -3368151.231171 | KL fp 6.8432 | FP STD 0.5861|
Epoch 0005 [Val seq (cond on sampled tp)] |  MAPE 0.081797 | RMSE 185.753806 |
Epoch 0005 [Test seq (cond on sampled tp)] | MAPE 0.094939 | RMSE 686.179923|
0.10624110698699951,0.09352313727140427,0.08505398780107498
626.2404689893492,718.2092313525355,714.0900678485873
0.10624110698699951,0.09352313727140427,0.08505398780107498
626.2404689893492,718.2092313525355,714.0900678485873
Epoch 0005 [Test seq (cond on sampled tp)] | Best Test MAPE 0.094939|Best Test RMSE 686.179923|
Experiment 07-08_01:17
Epoch 0006 [Train seq (cond on sampled tp)] | Loss 3022591.951994 | MAPE 0.256759 | RMSE 195.841447 | Likelihood -3022587.285462 | KL fp 4.6665 | FP STD 0.5175|
Epoch 0006 [Val seq (cond on sampled tp)] |  MAPE 0.031816 | RMSE 156.036135 |
Best Val!
Epoch 0006 [Test seq (cond on sampled tp)] | MAPE 0.064312 | RMSE 612.058223|
0.07092171162366867,0.06742750853300095,0.054585669189691544
546.7721474709552,645.3285984674784,644.073923358181
0.07092171162366867,0.06742750853300095,0.054585669189691544
546.7721474709552,645.3285984674784,644.073923358181
Epoch 0006 [Test seq (cond on sampled tp)] | Best Test MAPE 0.064312|Best Test RMSE 612.058223|
Experiment 07-08_01:17
Epoch 0007 [Train seq (cond on sampled tp)] | Loss 2732584.659210 | MAPE 0.038132 | RMSE 171.533031 | Likelihood -2732580.104325 | KL fp 4.5549 | FP STD 0.4515|
Epoch 0007 [Val seq (cond on sampled tp)] |  MAPE 0.036686 | RMSE 131.160349 |
Epoch 0007 [Test seq (cond on sampled tp)] | MAPE 0.051311 | RMSE 538.628602|
0.051527176052331924,0.056854765862226486,0.045551031827926636
473.08644162562933,573.3111884046917,569.4881748113827
0.051527176052331924,0.056854765862226486,0.045551031827926636
473.08644162562933,573.3111884046917,569.4881748113827
Epoch 0007 [Test seq (cond on sampled tp)] | Best Test MAPE 0.051311|Best Test RMSE 538.628602|
Experiment 07-08_01:17
Epoch 0008 [Train seq (cond on sampled tp)] | Loss 2457388.235972 | MAPE 0.076602 | RMSE 144.674853 | Likelihood -2457383.951454 | KL fp 4.2845 | FP STD 0.3792|
Epoch 0008 [Val seq (cond on sampled tp)] |  MAPE 0.027254 | RMSE 114.901083 |
Best Val!
Epoch 0008 [Test seq (cond on sampled tp)] | MAPE 0.055484 | RMSE 470.924842|
0.06308172643184662,0.056199949234724045,0.0471714586019516
423.5233353960558,495.696196021313,493.55499313652984
Experiment 07-08_01:17
Epoch 0009 [Train seq (cond on sampled tp)] | Loss 2376651.098785 | MAPE 0.039573 | RMSE 135.446964 | Likelihood -2376647.367971 | KL fp 3.7308 | FP STD 0.3239|
Epoch 0009 [Val seq (cond on sampled tp)] |  MAPE 0.030006 | RMSE 101.618119 |
Epoch 0009 [Test seq (cond on sampled tp)] | MAPE 0.056408 | RMSE 436.648096|
0.0599583238363266,0.0571497417986393,0.052117329090833664
388.529620009852,460.1969007935625,461.2177664888897
Experiment 07-08_01:17
Epoch 0010 [Train seq (cond on sampled tp)] | Loss 2277718.741848 | MAPE 0.036770 | RMSE 124.609058 | Likelihood -2277714.967541 | KL fp 3.7743 | FP STD 0.3071|
Epoch 0010 [Val seq (cond on sampled tp)] |  MAPE 0.037328 | RMSE 106.441587 |
Epoch 0010 [Test seq (cond on sampled tp)] | MAPE 0.049558 | RMSE 414.086139|
0.05384200066328049,0.051586635410785675,0.04324432834982872
359.2418231498109,440.6636685160237,442.3529240041259
0.05384200066328049,0.051586635410785675,0.04324432834982872
359.2418231498109,440.6636685160237,442.3529240041259
Epoch 0010 [Test seq (cond on sampled tp)] | Best Test MAPE 0.049558|Best Test RMSE 414.086139|
Experiment 07-08_01:17
Epoch 0011 [Train seq (cond on sampled tp)] | Loss 2209124.119048 | MAPE 0.044721 | RMSE 115.897138 | Likelihood -2209120.362417 | KL fp 3.7566 | FP STD 0.2591|
Epoch 0011 [Val seq (cond on sampled tp)] |  MAPE 0.029724 | RMSE 98.402578 |
Epoch 0011 [Test seq (cond on sampled tp)] | MAPE 0.061347 | RMSE 385.565475|
0.06631985306739807,0.062426336109638214,0.05529601126909256
331.5224822693025,406.5870140572618,418.5869272027018
Experiment 07-08_01:17
Epoch 0012 [Train seq (cond on sampled tp)] | Loss 2186042.736223 | MAPE 0.037809 | RMSE 111.318157 | Likelihood -2186039.232437 | KL fp 3.5038 | FP STD 0.2524|
Epoch 0012 [Val seq (cond on sampled tp)] |  MAPE 0.038045 | RMSE 92.979621 |
Epoch 0012 [Test seq (cond on sampled tp)] | MAPE 0.063741 | RMSE 340.002457|
0.06970194727182388,0.06694922596216202,0.054571956396102905
290.6021093135767,365.5218871695647,363.8833733148576
Experiment 07-08_01:17
Epoch 0013 [Train seq (cond on sampled tp)] | Loss 2164070.872948 | MAPE 0.035202 | RMSE 108.553819 | Likelihood -2164067.297345 | KL fp 3.5756 | FP STD 0.2292|
Epoch 0013 [Val seq (cond on sampled tp)] |  MAPE 0.027612 | RMSE 86.688917 |
Epoch 0013 [Test seq (cond on sampled tp)] | MAPE 0.058910 | RMSE 332.774183|
0.06158727407455444,0.06190554425120354,0.05323613062500954
290.97389004427873,364.1832685956344,343.16538924402033
Experiment 07-08_01:17
Epoch 0014 [Train seq (cond on sampled tp)] | Loss 2125400.370914 | MAPE 0.035826 | RMSE 104.710212 | Likelihood -2125396.572637 | KL fp 3.7983 | FP STD 0.2063|
Epoch 0014 [Val seq (cond on sampled tp)] |  MAPE 0.026918 | RMSE 90.387663 |
Best Val!
Epoch 0014 [Test seq (cond on sampled tp)] | MAPE 0.049838 | RMSE 337.935434|
0.04966586083173752,0.056877002120018005,0.042972516268491745
282.57088435912857,360.274840833356,370.9605774202968
Experiment 07-08_01:17
Epoch 0015 [Train seq (cond on sampled tp)] | Loss 2127971.912879 | MAPE 0.039065 | RMSE 103.273000 | Likelihood -2127968.332762 | KL fp 3.5801 | FP STD 0.1992|
Epoch 0015 [Val seq (cond on sampled tp)] |  MAPE 0.023200 | RMSE 91.047040 |
Best Val!
Epoch 0015 [Test seq (cond on sampled tp)] | MAPE 0.045009 | RMSE 329.934198|
0.052439019083976746,0.047412753105163574,0.03517603129148483
269.18109320214154,353.3794989985978,367.24200127436404
0.052439019083976746,0.047412753105163574,0.03517603129148483
269.18109320214154,353.3794989985978,367.24200127436404
Epoch 0015 [Test seq (cond on sampled tp)] | Best Test MAPE 0.045009|Best Test RMSE 329.934198|
Experiment 07-08_01:17
Epoch 0016 [Train seq (cond on sampled tp)] | Loss 2099711.823035 | MAPE 0.032350 | RMSE 98.111239 | Likelihood -2099708.444305 | KL fp 3.3787 | FP STD 0.2191|
Epoch 0016 [Val seq (cond on sampled tp)] |  MAPE 0.035416 | RMSE 83.772455 |
Epoch 0016 [Test seq (cond on sampled tp)] | MAPE 0.050145 | RMSE 301.336821|
0.04982161521911621,0.0509166419506073,0.04969806224107742
235.73765542971705,318.5337992270208,349.7390098344764
Experiment 07-08_01:17
Epoch 0017 [Train seq (cond on sampled tp)] | Loss 2103793.624141 | MAPE 0.046011 | RMSE 99.655321 | Likelihood -2103789.975186 | KL fp 3.6490 | FP STD 0.1842|
Epoch 0017 [Val seq (cond on sampled tp)] |  MAPE 0.026552 | RMSE 88.473819 |
Epoch 0017 [Test seq (cond on sampled tp)] | MAPE 0.058870 | RMSE 324.993419|
0.06511580944061279,0.06431884318590164,0.04717601090669632
283.0986328781896,344.32744680754104,347.5541774313754
Experiment 07-08_01:17
Epoch 0018 [Train seq (cond on sampled tp)] | Loss 2095621.961126 | MAPE 0.041906 | RMSE 98.287115 | Likelihood -2095618.478601 | KL fp 3.4825 | FP STD 0.1822|
Epoch 0018 [Val seq (cond on sampled tp)] |  MAPE 0.029353 | RMSE 91.583450 |
Epoch 0018 [Test seq (cond on sampled tp)] | MAPE 0.061090 | RMSE 357.061094|
0.06840100884437561,0.06367156654596329,0.05119796097278595
322.22199742568785,357.89179798159665,391.06948711194536
Experiment 07-08_01:17
Epoch 0019 [Train seq (cond on sampled tp)] | Loss 2118975.609499 | MAPE 0.032229 | RMSE 100.963999 | Likelihood -2118972.364909 | KL fp 3.2446 | FP STD 0.1991|
Epoch 0019 [Val seq (cond on sampled tp)] |  MAPE 0.032030 | RMSE 84.304861 |
Epoch 0019 [Test seq (cond on sampled tp)] | MAPE 0.055067 | RMSE 290.229251|
0.058310773223638535,0.05645852908492088,0.050431184470653534
233.9196660314177,293.86908490431586,342.89900344343374
Experiment 07-08_01:17
Epoch 0020 [Train seq (cond on sampled tp)] | Loss 2071676.090007 | MAPE 0.032110 | RMSE 94.458637 | Likelihood -2071672.742529 | KL fp 3.3475 | FP STD 0.2049|
Epoch 0020 [Val seq (cond on sampled tp)] |  MAPE 0.035356 | RMSE 81.001628 |
Epoch 0020 [Test seq (cond on sampled tp)] | MAPE 0.062998 | RMSE 300.215973|
0.06134156882762909,0.06586568802595139,0.06178544461727142
262.8166839738299,303.8800776005232,333.9511566082681
Experiment 07-08_01:17
Epoch 0021 [Train seq (cond on sampled tp)] | Loss 2078450.374630 | MAPE 0.034106 | RMSE 96.008132 | Likelihood -2078446.818096 | KL fp 3.5565 | FP STD 0.1798|
Epoch 0021 [Val seq (cond on sampled tp)] |  MAPE 0.028841 | RMSE 86.108364 |
Epoch 0021 [Test seq (cond on sampled tp)] | MAPE 0.057866 | RMSE 312.750815|
0.06430292874574661,0.05975177511572838,0.04954272508621216
282.0463171183059,329.5298141860612,326.6763138987888
Experiment 07-08_01:17
Epoch 0022 [Train seq (cond on sampled tp)] | Loss 2114302.259610 | MAPE 0.059106 | RMSE 100.804019 | Likelihood -2114298.908240 | KL fp 3.3514 | FP STD 0.1862|
Epoch 0022 [Val seq (cond on sampled tp)] |  MAPE 0.041220 | RMSE 79.789108 |
Epoch 0022 [Test seq (cond on sampled tp)] | MAPE 0.057469 | RMSE 276.096964|
0.05703622102737427,0.05577676743268967,0.05959343910217285
230.87458547607616,290.31534578798966,307.100960597651
Experiment 07-08_01:17
Epoch 0023 [Train seq (cond on sampled tp)] | Loss 2066923.823923 | MAPE 0.031323 | RMSE 93.638764 | Likelihood -2066920.418345 | KL fp 3.4056 | FP STD 0.1807|
Epoch 0023 [Val seq (cond on sampled tp)] |  MAPE 0.026640 | RMSE 88.221697 |
Epoch 0023 [Test seq (cond on sampled tp)] | MAPE 0.047386 | RMSE 274.306307|
0.04719039797782898,0.04639113321900368,0.04857581853866577
246.9464295398903,272.50061639838543,303.471876271097
Experiment 07-08_01:17
Epoch 0024 [Train seq (cond on sampled tp)] | Loss 2067569.726368 | MAPE 0.035847 | RMSE 95.675221 | Likelihood -2067566.048928 | KL fp 3.6774 | FP STD 0.1811|
Epoch 0024 [Val seq (cond on sampled tp)] |  MAPE 0.022570 | RMSE 87.943091 |
Best Val!
Epoch 0024 [Test seq (cond on sampled tp)] | MAPE 0.044823 | RMSE 330.296350|
0.05109023302793503,0.04579640179872513,0.03758300840854645
299.00058789657925,340.31513428732495,351.5733276110405
0.05109023302793503,0.04579640179872513,0.03758300840854645
299.00058789657925,340.31513428732495,351.5733276110405
Epoch 0024 [Test seq (cond on sampled tp)] | Best Test MAPE 0.044823|Best Test RMSE 330.296350|
Experiment 07-08_01:17
Epoch 0025 [Train seq (cond on sampled tp)] | Loss 2063491.149684 | MAPE 0.039428 | RMSE 92.681118 | Likelihood -2063487.822854 | KL fp 3.3268 | FP STD 0.1836|
Epoch 0025 [Val seq (cond on sampled tp)] |  MAPE 0.026095 | RMSE 91.826204 |
Epoch 0025 [Test seq (cond on sampled tp)] | MAPE 0.048654 | RMSE 292.360446|
0.047293245792388916,0.049396123737096786,0.04927404224872589
259.9233360531524,307.58304264864796,309.5749606315084
Experiment 07-08_01:17
Epoch 0026 [Train seq (cond on sampled tp)] | Loss 2054892.419836 | MAPE 0.030170 | RMSE 92.565747 | Likelihood -2054889.086740 | KL fp 3.3331 | FP STD 0.2196|
Epoch 0026 [Val seq (cond on sampled tp)] |  MAPE 0.025848 | RMSE 83.707388 |
Epoch 0026 [Test seq (cond on sampled tp)] | MAPE 0.052167 | RMSE 285.783245|
0.052548039704561234,0.050219014286994934,0.05373409017920494
232.94455986081752,301.91295051305764,322.4922237434571
Experiment 07-08_01:17
Epoch 0027 [Train seq (cond on sampled tp)] | Loss 2053878.624792 | MAPE 0.038977 | RMSE 91.191765 | Likelihood -2053875.213609 | KL fp 3.4112 | FP STD 0.1852|
Epoch 0027 [Val seq (cond on sampled tp)] |  MAPE 0.025342 | RMSE 89.744967 |
Epoch 0027 [Test seq (cond on sampled tp)] | MAPE 0.061691 | RMSE 276.994048|
0.05749063193798065,0.062216367572546005,0.06536544114351273
231.7936009416567,284.10073312559405,315.08781018154286
Experiment 07-08_01:17
Epoch 0028 [Train seq (cond on sampled tp)] | Loss 2043149.682276 | MAPE 0.029407 | RMSE 91.382015 | Likelihood -2043145.985302 | KL fp 3.6970 | FP STD 0.1722|
Epoch 0028 [Val seq (cond on sampled tp)] |  MAPE 0.021653 | RMSE 91.581093 |
Best Val!
Epoch 0028 [Test seq (cond on sampled tp)] | MAPE 0.053904 | RMSE 310.566898|
0.05688662454485893,0.05196542665362358,0.052860621362924576
288.58283851868254,321.86546102370164,321.2523954190848
Experiment 07-08_01:17
Epoch 0029 [Train seq (cond on sampled tp)] | Loss 2026012.474964 | MAPE 0.033105 | RMSE 87.206318 | Likelihood -2026009.162166 | KL fp 3.3128 | FP STD 0.1933|
Epoch 0029 [Val seq (cond on sampled tp)] |  MAPE 0.024061 | RMSE 90.197727 |
Epoch 0029 [Test seq (cond on sampled tp)] | MAPE 0.050012 | RMSE 274.990977|
0.058788545429706573,0.044927168637514114,0.04632081836462021
242.13254215150428,296.1912388981146,286.6491485684198
Experiment 07-08_01:17
Epoch 0030 [Train seq (cond on sampled tp)] | Loss 2055268.887288 | MAPE 0.033967 | RMSE 91.876182 | Likelihood -2055265.797335 | KL fp 3.0900 | FP STD 0.2409|
Epoch 0030 [Val seq (cond on sampled tp)] |  MAPE 0.028963 | RMSE 90.276209 |
Epoch 0030 [Test seq (cond on sampled tp)] | MAPE 0.059041 | RMSE 273.408902|
0.05795041099190712,0.05914362147450447,0.060029055923223495
208.927254460135,297.4768504648723,313.8226011618666
Experiment 07-08_01:17
Epoch 0031 [Train seq (cond on sampled tp)] | Loss 2055545.463440 | MAPE 0.030594 | RMSE 92.843186 | Likelihood -2055542.204875 | KL fp 3.2586 | FP STD 0.2112|
Epoch 0031 [Val seq (cond on sampled tp)] |  MAPE 0.028227 | RMSE 92.996036 |
Epoch 0031 [Test seq (cond on sampled tp)] | MAPE 0.060826 | RMSE 279.126686|
0.06297870725393295,0.06053926795721054,0.058960236608982086
241.25650088391401,303.1974784484528,292.9260785590795
Experiment 07-08_01:17
Epoch 0032 [Train seq (cond on sampled tp)] | Loss 2034895.140817 | MAPE 0.036727 | RMSE 89.944406 | Likelihood -2034891.530171 | KL fp 3.6106 | FP STD 0.1648|
Epoch 0032 [Val seq (cond on sampled tp)] |  MAPE 0.025551 | RMSE 94.207846 |
Epoch 0032 [Test seq (cond on sampled tp)] | MAPE 0.065305 | RMSE 334.620441|
0.06052789464592934,0.06854146718978882,0.06684569269418716
304.0604894589233,357.75820002831523,342.04263486077286
Experiment 07-08_01:17
Epoch 0033 [Train seq (cond on sampled tp)] | Loss 2091602.624655 | MAPE 0.074738 | RMSE 98.790993 | Likelihood -2091599.389823 | KL fp 3.2348 | FP STD 0.1964|
Epoch 0033 [Val seq (cond on sampled tp)] |  MAPE 0.038893 | RMSE 99.396077 |
Epoch 0033 [Test seq (cond on sampled tp)] | MAPE 0.065346 | RMSE 273.541751|
0.06329108774662018,0.05895859748125076,0.07378698885440826
234.98617811745865,268.1868518402795,317.4522232754088
Experiment 07-08_01:17
Epoch 0034 [Train seq (cond on sampled tp)] | Loss 2053973.849693 | MAPE 0.033591 | RMSE 91.482768 | Likelihood -2053970.756185 | KL fp 3.0935 | FP STD 0.2084|
Epoch 0034 [Val seq (cond on sampled tp)] |  MAPE 0.023506 | RMSE 76.625965 |
Epoch 0034 [Test seq (cond on sampled tp)] | MAPE 0.045844 | RMSE 241.485856|
0.0483832024037838,0.04484272003173828,0.04430696368217468
208.3543687296957,237.22506290177267,278.8781375888042
Experiment 07-08_01:17
Epoch 0035 [Train seq (cond on sampled tp)] | Loss 2054356.462377 | MAPE 0.042298 | RMSE 95.017715 | Likelihood -2054353.096381 | KL fp 3.3660 | FP STD 0.2052|
Epoch 0035 [Val seq (cond on sampled tp)] |  MAPE 0.022932 | RMSE 89.506094 |
Epoch 0035 [Test seq (cond on sampled tp)] | MAPE 0.047058 | RMSE 265.971860|
0.05481317266821861,0.048099081963300705,0.03826063126325607
220.83152514983001,293.53128825987187,283.55276735556646
Experiment 07-08_01:17
Epoch 0036 [Train seq (cond on sampled tp)] | Loss 2032009.498471 | MAPE 0.036277 | RMSE 89.144627 | Likelihood -2032006.308562 | KL fp 3.1899 | FP STD 0.1944|
Epoch 0036 [Val seq (cond on sampled tp)] |  MAPE 0.029855 | RMSE 91.936385 |
Epoch 0036 [Test seq (cond on sampled tp)] | MAPE 0.046013 | RMSE 259.343593|
0.0505831278860569,0.04457157105207443,0.042883142828941345
198.72629575624862,264.71440978911596,314.59007305142353
Experiment 07-08_01:17
Epoch 0037 [Train seq (cond on sampled tp)] | Loss 2034020.211017 | MAPE 0.033598 | RMSE 88.885462 | Likelihood -2034017.131291 | KL fp 3.0797 | FP STD 0.2077|
Epoch 0037 [Val seq (cond on sampled tp)] |  MAPE 0.023501 | RMSE 86.124408 |
Epoch 0037 [Test seq (cond on sampled tp)] | MAPE 0.051033 | RMSE 278.966016|
0.05155200511217117,0.0518588162958622,0.04968775808811188
227.5127743666276,296.6712590351482,312.7140142166641
Experiment 07-08_01:17
Epoch 0038 [Train seq (cond on sampled tp)] | Loss 2030171.466281 | MAPE 0.039168 | RMSE 90.796562 | Likelihood -2030168.212475 | KL fp 3.2538 | FP STD 0.2021|
Epoch 0038 [Val seq (cond on sampled tp)] |  MAPE 0.025129 | RMSE 93.058287 |
Epoch 0038 [Test seq (cond on sampled tp)] | MAPE 0.052632 | RMSE 275.329588|
0.060598328709602356,0.05163940414786339,0.04565678536891937
244.8614802929403,278.67957350243665,302.44770984006476
Experiment 07-08_01:17
Epoch 0039 [Train seq (cond on sampled tp)] | Loss 1996961.779637 | MAPE 0.041222 | RMSE 85.229709 | Likelihood -1996958.577639 | KL fp 3.2020 | FP STD 0.2159|
Epoch 0039 [Val seq (cond on sampled tp)] |  MAPE 0.031028 | RMSE 87.103732 |
Epoch 0039 [Test seq (cond on sampled tp)] | MAPE 0.052699 | RMSE 261.229361|
0.04666821286082268,0.051377397030591965,0.060052450746297836
239.18322931907244,248.69562062639946,295.80923170601017
Experiment 07-08_01:17
Epoch 0040 [Train seq (cond on sampled tp)] | Loss 2005113.671033 | MAPE 0.036552 | RMSE 84.478787 | Likelihood -2005110.829084 | KL fp 2.8419 | FP STD 0.2347|
Epoch 0040 [Val seq (cond on sampled tp)] |  MAPE 0.023216 | RMSE 79.003056 |
Epoch 0040 [Test seq (cond on sampled tp)] | MAPE 0.059239 | RMSE 278.153311|
0.053000230342149734,0.062093283981084824,0.06262471526861191
235.710155368304,279.9212221768832,318.8285564962775
Experiment 07-08_01:17
Epoch 0041 [Train seq (cond on sampled tp)] | Loss 2006244.739104 | MAPE 0.035507 | RMSE 89.063987 | Likelihood -2006241.453929 | KL fp 3.2852 | FP STD 0.2081|
Epoch 0041 [Val seq (cond on sampled tp)] |  MAPE 0.024842 | RMSE 88.669547 |
Epoch 0041 [Test seq (cond on sampled tp)] | MAPE 0.054487 | RMSE 287.648781|
0.05863415077328682,0.05709771066904068,0.04772864654660225
247.9878635513238,299.07320383143656,315.8852763464926
Experiment 07-08_01:17
Epoch 0042 [Train seq (cond on sampled tp)] | Loss 1990319.937876 | MAPE 0.033223 | RMSE 85.656197 | Likelihood -1990316.723744 | KL fp 3.2141 | FP STD 0.2028|
Epoch 0042 [Val seq (cond on sampled tp)] |  MAPE 0.023674 | RMSE 84.009312 |
Epoch 0042 [Test seq (cond on sampled tp)] | MAPE 0.058891 | RMSE 273.050646|
0.053583238273859024,0.05882352590560913,0.06426513195037842
235.25292240480243,272.6045670930698,311.29444963731686
Experiment 07-08_01:17
Epoch 0043 [Train seq (cond on sampled tp)] | Loss 2000765.990855 | MAPE 0.028742 | RMSE 85.198279 | Likelihood -2000763.018268 | KL fp 2.9726 | FP STD 0.2128|
Epoch 0043 [Val seq (cond on sampled tp)] |  MAPE 0.030071 | RMSE 81.183642 |
Epoch 0043 [Test seq (cond on sampled tp)] | MAPE 0.062064 | RMSE 272.927013|
0.06099562346935272,0.06478998810052872,0.06040515750646591
219.80637786470163,290.8149782292858,308.15968364632
Experiment 07-08_01:17
Epoch 0044 [Train seq (cond on sampled tp)] | Loss 1996343.717755 | MAPE 0.034781 | RMSE 87.139765 | Likelihood -1996340.385844 | KL fp 3.3319 | FP STD 0.1930|
Epoch 0044 [Val seq (cond on sampled tp)] |  MAPE 0.025219 | RMSE 92.110651 |
Epoch 0044 [Test seq (cond on sampled tp)] | MAPE 0.049768 | RMSE 277.231191|
0.060784511268138885,0.045991770923137665,0.04252848029136658
241.27816383533343,278.1459823545902,312.2694274380699
Experiment 07-08_01:17
Epoch 0045 [Train seq (cond on sampled tp)] | Loss 1980305.450302 | MAPE 0.035345 | RMSE 85.030435 | Likelihood -1980302.356516 | KL fp 3.0938 | FP STD 0.2260|
Epoch 0045 [Val seq (cond on sampled tp)] |  MAPE 0.029525 | RMSE 82.275850 |
Epoch 0045 [Test seq (cond on sampled tp)] | MAPE 0.052954 | RMSE 285.503473|
0.047502074390649796,0.0507747158408165,0.06058540195226669
238.64230228000233,284.49876427675395,333.3693522206263
Experiment 07-08_01:17
Epoch 0046 [Train seq (cond on sampled tp)] | Loss 1990382.236106 | MAPE 0.031470 | RMSE 84.838242 | Likelihood -1990379.431021 | KL fp 2.8051 | FP STD 0.2327|
Epoch 0046 [Val seq (cond on sampled tp)] |  MAPE 0.021721 | RMSE 92.240816 |
Epoch 0046 [Test seq (cond on sampled tp)] | MAPE 0.053231 | RMSE 269.431297|
0.042880721390247345,0.05440441891551018,0.06240919604897499
233.61493424008663,275.3989861319391,299.27996925955466
Experiment 07-08_01:17
Epoch 0047 [Train seq (cond on sampled tp)] | Loss 1961707.446133 | MAPE 0.032128 | RMSE 82.130894 | Likelihood -1961704.356347 | KL fp 3.0898 | FP STD 0.2009|
Epoch 0047 [Val seq (cond on sampled tp)] |  MAPE 0.023893 | RMSE 101.611310 |
Epoch 0047 [Test seq (cond on sampled tp)] | MAPE 0.059559 | RMSE 295.219564|
0.058467797935009,0.06039823219180107,0.059811029583215714
281.61370927211624,283.6311149627276,320.41386810654745
Experiment 07-08_01:17
Epoch 0048 [Train seq (cond on sampled tp)] | Loss 1972237.594440 | MAPE 0.034395 | RMSE 82.703726 | Likelihood -1972234.589120 | KL fp 3.0053 | FP STD 0.1793|
Epoch 0048 [Val seq (cond on sampled tp)] |  MAPE 0.025532 | RMSE 99.266298 |
Epoch 0048 [Test seq (cond on sampled tp)] | MAPE 0.046938 | RMSE 275.893893|
0.052293986082077026,0.04723646119236946,0.04128262773156166
221.7277944772599,272.3674419557154,333.5864416646756
Experiment 07-08_01:17
Epoch 0049 [Train seq (cond on sampled tp)] | Loss 1957319.239628 | MAPE 0.036335 | RMSE 82.117393 | Likelihood -1957316.057639 | KL fp 3.1820 | FP STD 0.1811|
Epoch 0049 [Val seq (cond on sampled tp)] |  MAPE 0.020350 | RMSE 89.180366 |
Best Val!
Epoch 0049 [Test seq (cond on sampled tp)] | MAPE 0.051490 | RMSE 279.523879|
0.05021568015217781,0.049228888005018234,0.055025067180395126
208.04715135636923,294.14836020705604,336.37612643809905
Experiment 07-08_01:17
Epoch 0050 [Train seq (cond on sampled tp)] | Loss 1962839.428720 | MAPE 0.034740 | RMSE 83.593295 | Likelihood -1962836.424964 | KL fp 3.0038 | FP STD 0.1969|
Epoch 0050 [Val seq (cond on sampled tp)] |  MAPE 0.027368 | RMSE 97.973998 |
Epoch 0050 [Test seq (cond on sampled tp)] | MAPE 0.049095 | RMSE 286.720515|
0.05236180126667023,0.04808016121387482,0.046841952949762344
229.4787146311178,295.4343333339915,335.24849692056785
Experiment 07-08_01:17
Epoch 0051 [Train seq (cond on sampled tp)] | Loss 1954752.351793 | MAPE 0.032111 | RMSE 81.306012 | Likelihood -1954749.565031 | KL fp 2.7868 | FP STD 0.2217|
Epoch 0051 [Val seq (cond on sampled tp)] |  MAPE 0.021599 | RMSE 75.267200 |
Epoch 0051 [Test seq (cond on sampled tp)] | MAPE 0.050372 | RMSE 283.183423|
0.04945339262485504,0.0515272319316864,0.0501345656812191
240.41054566875806,271.50109346004484,337.63862893632296
Experiment 07-08_01:17
Epoch 0052 [Train seq (cond on sampled tp)] | Loss 1955403.763876 | MAPE 0.031199 | RMSE 83.357300 | Likelihood -1955400.532701 | KL fp 3.2312 | FP STD 0.1694|
Epoch 0052 [Val seq (cond on sampled tp)] |  MAPE 0.020161 | RMSE 82.531404 |
Best Val!
Epoch 0052 [Test seq (cond on sampled tp)] | MAPE 0.051026 | RMSE 290.406572|
0.05542344972491264,0.04851515218615532,0.049139127135276794
248.45878839608392,296.94945119077084,325.81147491686045
Experiment 07-08_01:17
Epoch 0053 [Train seq (cond on sampled tp)] | Loss 1962237.937582 | MAPE 0.032029 | RMSE 81.872355 | Likelihood -1962234.976268 | KL fp 2.9613 | FP STD 0.1981|
Epoch 0053 [Val seq (cond on sampled tp)] |  MAPE 0.023584 | RMSE 92.843597 |
Epoch 0053 [Test seq (cond on sampled tp)] | MAPE 0.046609 | RMSE 266.099213|
0.05718095600605011,0.0411716066300869,0.04147298261523247
246.48728257001414,261.61205474423383,290.19830235116814
Experiment 07-08_01:17
Epoch 0054 [Train seq (cond on sampled tp)] | Loss 1950788.817819 | MAPE 0.032058 | RMSE 80.713192 | Likelihood -1950785.719587 | KL fp 3.0982 | FP STD 0.1863|
Epoch 0054 [Val seq (cond on sampled tp)] |  MAPE 0.021580 | RMSE 87.330970 |
Epoch 0054 [Test seq (cond on sampled tp)] | MAPE 0.049156 | RMSE 258.929831|
0.05264019966125488,0.046284742653369904,0.04854352027177811
231.50248885001216,262.7334973409367,282.55350710086753
Experiment 07-08_01:17
Epoch 0055 [Train seq (cond on sampled tp)] | Loss 1961312.379475 | MAPE 0.032603 | RMSE 82.252541 | Likelihood -1961309.506622 | KL fp 2.8729 | FP STD 0.2084|
Epoch 0055 [Val seq (cond on sampled tp)] |  MAPE 0.021761 | RMSE 85.495354 |
Epoch 0055 [Test seq (cond on sampled tp)] | MAPE 0.050114 | RMSE 255.685670|
0.04751180484890938,0.049012523144483566,0.05381700396537781
198.59939262243478,254.87210334302966,313.58551465270205
Experiment 07-08_01:17
Epoch 0056 [Train seq (cond on sampled tp)] | Loss 1995422.551420 | MAPE 0.038473 | RMSE 88.842895 | Likelihood -1995419.663352 | KL fp 2.8881 | FP STD 0.2316|
Epoch 0056 [Val seq (cond on sampled tp)] |  MAPE 0.023847 | RMSE 91.759536 |
Epoch 0056 [Test seq (cond on sampled tp)] | MAPE 0.048103 | RMSE 300.863052|
0.05471669137477875,0.04780149459838867,0.041790857911109924
261.6439613291314,319.7451866330438,321.2000082697695
Experiment 07-08_01:17
Epoch 0057 [Train seq (cond on sampled tp)] | Loss 2019427.647955 | MAPE 0.037199 | RMSE 89.173083 | Likelihood -2019424.720141 | KL fp 2.9278 | FP STD 0.2009|
Epoch 0057 [Val seq (cond on sampled tp)] |  MAPE 0.026496 | RMSE 85.738893 |
Epoch 0057 [Test seq (cond on sampled tp)] | MAPE 0.051343 | RMSE 275.928803|
0.056494906544685364,0.050029657781124115,0.04750355705618858
222.14438751913136,285.7984429628685,319.8435774914044
Experiment 07-08_01:17
Epoch 0058 [Train seq (cond on sampled tp)] | Loss 1995853.574200 | MAPE 0.038993 | RMSE 85.366448 | Likelihood -1995850.472553 | KL fp 3.1016 | FP STD 0.1916|
Epoch 0058 [Val seq (cond on sampled tp)] |  MAPE 0.021119 | RMSE 86.441999 |
Epoch 0058 [Test seq (cond on sampled tp)] | MAPE 0.043575 | RMSE 249.255483|
0.04668908193707466,0.042413853108882904,0.04162098467350006
204.20982430762237,241.71252618037818,301.84409779719067
0.04668908193707466,0.042413853108882904,0.04162098467350006
204.20982430762237,241.71252618037818,301.84409779719067
Epoch 0058 [Test seq (cond on sampled tp)] | Best Test MAPE 0.043575|Best Test RMSE 249.255483|
Experiment 07-08_01:17
Epoch 0059 [Train seq (cond on sampled tp)] | Loss 1995868.169933 | MAPE 0.047858 | RMSE 87.801146 | Likelihood -1995865.133297 | KL fp 3.0366 | FP STD 0.2153|
Epoch 0059 [Val seq (cond on sampled tp)] |  MAPE 0.026348 | RMSE 93.748646 |
Epoch 0059 [Test seq (cond on sampled tp)] | MAPE 0.048653 | RMSE 254.973633|
0.05625200271606445,0.04993634670972824,0.03977113217115402
202.3212366819163,272.0098516138708,290.58980969744965
Experiment 07-08_01:17
Epoch 0060 [Train seq (cond on sampled tp)] | Loss 1987291.396520 | MAPE 0.040479 | RMSE 86.246765 | Likelihood -1987288.435222 | KL fp 2.9613 | FP STD 0.2121|
Epoch 0060 [Val seq (cond on sampled tp)] |  MAPE 0.027903 | RMSE 93.342427 |
Epoch 0060 [Test seq (cond on sampled tp)] | MAPE 0.049677 | RMSE 272.728309|
0.05194992572069168,0.05269356444478035,0.04438802972435951
255.3943718178809,276.89800976623144,285.8925442801893
Experiment 07-08_01:17
Epoch 0061 [Train seq (cond on sampled tp)] | Loss 1965787.204583 | MAPE 0.040916 | RMSE 81.465881 | Likelihood -1965784.016047 | KL fp 3.1885 | FP STD 0.1828|
Epoch 0061 [Val seq (cond on sampled tp)] |  MAPE 0.027587 | RMSE 88.509453 |
Epoch 0061 [Test seq (cond on sampled tp)] | MAPE 0.059731 | RMSE 286.407040|
0.057655785232782364,0.061154965311288834,0.0603819340467453
281.5702343554801,278.441196664574,299.2096881787085
Experiment 07-08_01:17
Epoch 0062 [Train seq (cond on sampled tp)] | Loss 1965494.008214 | MAPE 0.044468 | RMSE 82.165808 | Likelihood -1965491.008409 | KL fp 2.9998 | FP STD 0.2306|
Epoch 0062 [Val seq (cond on sampled tp)] |  MAPE 0.023337 | RMSE 90.209181 |
Epoch 0062 [Test seq (cond on sampled tp)] | MAPE 0.050633 | RMSE 273.822825|
0.04575495794415474,0.05163181200623512,0.05451361462473869
238.70208943367044,282.24478239198686,300.52160384072226
Experiment 07-08_01:17
Epoch 0063 [Train seq (cond on sampled tp)] | Loss 1981451.330778 | MAPE 0.047230 | RMSE 86.302674 | Likelihood -1981448.431388 | KL fp 2.8994 | FP STD 0.2296|
Epoch 0063 [Val seq (cond on sampled tp)] |  MAPE 0.026636 | RMSE 88.365253 |
Epoch 0063 [Test seq (cond on sampled tp)] | MAPE 0.046137 | RMSE 285.354412|
0.04962823912501335,0.04243343323469162,0.04634794220328331
236.8148505425705,280.49771612260946,338.75066881852797
Experiment 07-08_01:17
Epoch 0064 [Train seq (cond on sampled tp)] | Loss 1993848.763553 | MAPE 0.048381 | RMSE 86.498812 | Likelihood -1993846.011894 | KL fp 2.7517 | FP STD 0.2150|
Epoch 0064 [Val seq (cond on sampled tp)] |  MAPE 0.023682 | RMSE 86.253773 |
Epoch 0064 [Test seq (cond on sampled tp)] | MAPE 0.045643 | RMSE 282.334470|
0.047820959240198135,0.04643411934375763,0.04267488047480583
252.39939982347423,280.0900385367177,314.5139727619426
Experiment 07-08_01:17
Epoch 0065 [Train seq (cond on sampled tp)] | Loss 1951300.797433 | MAPE 0.051154 | RMSE 80.941823 | Likelihood -1951297.772491 | KL fp 3.0249 | FP STD 0.1958|
Epoch 0065 [Val seq (cond on sampled tp)] |  MAPE 0.023327 | RMSE 89.445681 |
Epoch 0065 [Test seq (cond on sampled tp)] | MAPE 0.049352 | RMSE 307.101526|
0.05069895461201668,0.04849042743444443,0.048866838216781616
264.0175183581574,291.5856569046221,365.7014022737676
Experiment 07-08_01:17
Epoch 0066 [Train seq (cond on sampled tp)] | Loss 1949606.186049 | MAPE 0.055991 | RMSE 80.609727 | Likelihood -1949602.979674 | KL fp 3.2064 | FP STD 0.1687|
Epoch 0066 [Val seq (cond on sampled tp)] |  MAPE 0.025378 | RMSE 89.989396 |
Epoch 0066 [Test seq (cond on sampled tp)] | MAPE 0.046806 | RMSE 283.717100|
0.043619245290756226,0.04515751823782921,0.051641616970300674
233.51988171513364,287.5339789703123,330.0974406330652
Experiment 07-08_01:17
Epoch 0067 [Train seq (cond on sampled tp)] | Loss 1946882.446664 | MAPE 0.060059 | RMSE 79.852967 | Likelihood -1946879.396365 | KL fp 3.0503 | FP STD 0.1878|
Epoch 0067 [Val seq (cond on sampled tp)] |  MAPE 0.026799 | RMSE 97.312465 |
Epoch 0067 [Test seq (cond on sampled tp)] | MAPE 0.054456 | RMSE 300.107213|
0.04708271846175194,0.05439932271838188,0.06188571825623512
239.80431475476,310.363207085666,350.1541178538387
Experiment 07-08_01:17
Epoch 0068 [Train seq (cond on sampled tp)] | Loss 1958257.181170 | MAPE 0.060847 | RMSE 82.028671 | Likelihood -1958254.301124 | KL fp 2.8800 | FP STD 0.2196|
Epoch 0068 [Val seq (cond on sampled tp)] |  MAPE 0.025590 | RMSE 91.902356 |
Epoch 0068 [Test seq (cond on sampled tp)] | MAPE 0.060525 | RMSE 305.338260|
0.04866491258144379,0.06331460922956467,0.06959468871355057
281.40590123520866,294.96521246157147,339.6436666750905
Experiment 07-08_01:17
Epoch 0069 [Train seq (cond on sampled tp)] | Loss 1961461.661024 | MAPE 0.061469 | RMSE 80.863666 | Likelihood -1961458.521884 | KL fp 3.1391 | FP STD 0.1686|
Epoch 0069 [Val seq (cond on sampled tp)] |  MAPE 0.029196 | RMSE 93.849551 |
Epoch 0069 [Test seq (cond on sampled tp)] | MAPE 0.046993 | RMSE 287.044219|
0.04481859877705574,0.04536578431725502,0.05079320818185806
270.49586988529046,240.8721214799463,349.76466418507744
Experiment 07-08_01:17
Epoch 0070 [Train seq (cond on sampled tp)] | Loss 1946925.249117 | MAPE 0.066745 | RMSE 81.213788 | Likelihood -1946922.270819 | KL fp 2.9783 | FP STD 0.2033|
Epoch 0070 [Val seq (cond on sampled tp)] |  MAPE 0.029381 | RMSE 91.756727 |
Epoch 0070 [Test seq (cond on sampled tp)] | MAPE 0.057842 | RMSE 262.960521|
0.049117881804704666,0.06031491979956627,0.06409358233213425
203.3003185714425,238.0142212794227,347.56702366234344
Experiment 07-08_01:17
Epoch 0071 [Train seq (cond on sampled tp)] | Loss 1944355.989498 | MAPE 0.067379 | RMSE 80.894785 | Likelihood -1944353.125876 | KL fp 2.8636 | FP STD 0.2179|
Epoch 0071 [Val seq (cond on sampled tp)] |  MAPE 0.027321 | RMSE 95.202401 |
Epoch 0071 [Test seq (cond on sampled tp)] | MAPE 0.050055 | RMSE 308.986954|
0.05271060764789581,0.0483735166490078,0.04908100888133049
271.10200455732524,304.46500209383674,351.39385399434633
Experiment 07-08_01:17
Epoch 0072 [Train seq (cond on sampled tp)] | Loss 1935565.465651 | MAPE 0.069192 | RMSE 80.635678 | Likelihood -1935562.499172 | KL fp 2.9665 | FP STD 0.2012|
Epoch 0072 [Val seq (cond on sampled tp)] |  MAPE 0.027604 | RMSE 86.443239 |
Epoch 0072 [Test seq (cond on sampled tp)] | MAPE 0.045027 | RMSE 303.708340|
0.048513058573007584,0.038643039762973785,0.04792522266507149
262.3139668174381,279.004452249422,369.80660063741425
Experiment 07-08_01:17
Epoch 0073 [Train seq (cond on sampled tp)] | Loss 1948604.504777 | MAPE 0.069120 | RMSE 81.247327 | Likelihood -1948601.677998 | KL fp 2.8268 | FP STD 0.2044|
Epoch 0073 [Val seq (cond on sampled tp)] |  MAPE 0.028296 | RMSE 88.943597 |
Epoch 0073 [Test seq (cond on sampled tp)] | MAPE 0.065419 | RMSE 322.880127|
0.057864923030138016,0.0613563135266304,0.07703636586666107
262.9407906259506,331.8853811935681,373.8142085314575
Experiment 07-08_01:17
Epoch 0074 [Train seq (cond on sampled tp)] | Loss 1977178.252239 | MAPE 0.073058 | RMSE 88.394551 | Likelihood -1977175.358627 | KL fp 2.8936 | FP STD 0.2287|
Epoch 0074 [Val seq (cond on sampled tp)] |  MAPE 0.031657 | RMSE 104.337615 |
Epoch 0074 [Test seq (cond on sampled tp)] | MAPE 0.044477 | RMSE 311.281887|
0.04558483511209488,0.045428913086652756,0.04241685941815376
266.8910855808039,297.044241233524,369.91033541927425
Experiment 07-08_01:17
Epoch 0075 [Train seq (cond on sampled tp)] | Loss 1944097.632521 | MAPE 0.075102 | RMSE 80.864813 | Likelihood -1944094.662699 | KL fp 2.9698 | FP STD 0.1954|
Epoch 0075 [Val seq (cond on sampled tp)] |  MAPE 0.026945 | RMSE 84.793519 |
Epoch 0075 [Test seq (cond on sampled tp)] | MAPE 0.054872 | RMSE 299.707137|
0.05013414844870567,0.05049089342355728,0.06398974359035492
222.9091743289181,290.2671721879689,385.94506571531656
Experiment 07-08_01:17
Epoch 0076 [Train seq (cond on sampled tp)] | Loss 1929211.302050 | MAPE 0.073506 | RMSE 78.228266 | Likelihood -1929208.380021 | KL fp 2.9220 | FP STD 0.2040|
Epoch 0076 [Val seq (cond on sampled tp)] |  MAPE 0.035010 | RMSE 91.719325 |
Epoch 0076 [Test seq (cond on sampled tp)] | MAPE 0.071106 | RMSE 297.624927|
0.06721191108226776,0.06547420471906662,0.08063150942325592
254.62349655913533,284.65418987343224,353.5970959298167
Experiment 07-08_01:17
Epoch 0077 [Train seq (cond on sampled tp)] | Loss 1959762.560747 | MAPE 0.079346 | RMSE 84.556358 | Likelihood -1959759.639422 | KL fp 2.9213 | FP STD 0.1919|
Epoch 0077 [Val seq (cond on sampled tp)] |  MAPE 0.032506 | RMSE 101.100715 |
Epoch 0077 [Test seq (cond on sampled tp)] | MAPE 0.048641 | RMSE 310.944779|
0.055848293006420135,0.04858813062310219,0.0414869450032711
277.387294116908,288.88998230295215,366.55705984880444
Experiment 07-08_01:17
Epoch 0078 [Train seq (cond on sampled tp)] | Loss 1948593.190278 | MAPE 0.080249 | RMSE 83.468583 | Likelihood -1948590.327370 | KL fp 2.8629 | FP STD 0.2160|
Epoch 0078 [Val seq (cond on sampled tp)] |  MAPE 0.033332 | RMSE 102.853449 |
Epoch 0078 [Test seq (cond on sampled tp)] | MAPE 0.068380 | RMSE 314.518882|
0.060147903859615326,0.0681486651301384,0.07684367150068283
302.06630842829856,318.9803089533898,322.5100289138308
Experiment 07-08_01:17
Epoch 0079 [Train seq (cond on sampled tp)] | Loss 1954031.929241 | MAPE 0.079336 | RMSE 81.847438 | Likelihood -1954029.063745 | KL fp 2.8655 | FP STD 0.1858|
Epoch 0079 [Val seq (cond on sampled tp)] |  MAPE 0.034368 | RMSE 92.442169 |
Epoch 0079 [Test seq (cond on sampled tp)] | MAPE 0.071933 | RMSE 323.643219|
0.06777364760637283,0.07325446605682373,0.07477033883333206
293.3026780264715,329.8951656397832,347.7318134173231
Experiment 07-08_01:17
Epoch 0080 [Train seq (cond on sampled tp)] | Loss 1960541.225053 | MAPE 0.076406 | RMSE 86.202283 | Likelihood -1960538.206425 | KL fp 3.0186 | FP STD 0.1938|
Epoch 0080 [Val seq (cond on sampled tp)] |  MAPE 0.031134 | RMSE 92.009144 |
Epoch 0080 [Test seq (cond on sampled tp)] | MAPE 0.049246 | RMSE 314.304731|
0.05349881947040558,0.04780114069581032,0.04643703252077103
262.56310253441933,305.46506551486374,374.8860243460671
Experiment 07-08_01:17
Epoch 0081 [Train seq (cond on sampled tp)] | Loss 1924940.410966 | MAPE 0.075347 | RMSE 78.736766 | Likelihood -1924937.300180 | KL fp 3.1108 | FP STD 0.1905|
Epoch 0081 [Val seq (cond on sampled tp)] |  MAPE 0.028745 | RMSE 99.817935 |
Epoch 0081 [Test seq (cond on sampled tp)] | MAPE 0.063138 | RMSE 287.502949|
0.05931013077497482,0.06360430270433426,0.0665009468793869
265.5830702200349,291.08749490058824,305.8382819195465
Experiment 07-08_01:17
Epoch 0082 [Train seq (cond on sampled tp)] | Loss 1925624.711308 | MAPE 0.072670 | RMSE 77.108871 | Likelihood -1925621.704661 | KL fp 3.0066 | FP STD 0.1937|
Epoch 0082 [Val seq (cond on sampled tp)] |  MAPE 0.027676 | RMSE 111.239374 |
Epoch 0082 [Test seq (cond on sampled tp)] | MAPE 0.054324 | RMSE 299.267073|
0.051368169486522675,0.05516808480024338,0.056435927748680115
279.4792450925471,302.560815167794,315.76115874977404
Experiment 07-08_01:17
Epoch 0083 [Train seq (cond on sampled tp)] | Loss 1955914.426211 | MAPE 0.072257 | RMSE 85.727188 | Likelihood -1955911.560055 | KL fp 2.8662 | FP STD 0.2432|
Epoch 0083 [Val seq (cond on sampled tp)] |  MAPE 0.030406 | RMSE 113.798659 |
Epoch 0083 [Test seq (cond on sampled tp)] | MAPE 0.056677 | RMSE 303.585341|
0.0561770461499691,0.05565500259399414,0.05819926783442497
299.4914961230118,306.40656712120256,304.8579587283232
Experiment 07-08_01:17
Epoch 0084 [Train seq (cond on sampled tp)] | Loss 1944174.473117 | MAPE 0.072575 | RMSE 81.357181 | Likelihood -1944171.480932 | KL fp 2.9922 | FP STD 0.2065|
Epoch 0084 [Val seq (cond on sampled tp)] |  MAPE 0.028260 | RMSE 92.617361 |
Epoch 0084 [Test seq (cond on sampled tp)] | MAPE 0.053008 | RMSE 265.177090|
0.05358050763607025,0.05253812298178673,0.052905987948179245
245.53242530264714,260.92062071154896,289.0782225453865
Experiment 07-08_01:17
Epoch 0085 [Train seq (cond on sampled tp)] | Loss 1957559.370626 | MAPE 0.069703 | RMSE 81.347130 | Likelihood -1957556.310401 | KL fp 3.0602 | FP STD 0.1921|
Epoch 0085 [Val seq (cond on sampled tp)] |  MAPE 0.035551 | RMSE 92.121178 |
Epoch 0085 [Test seq (cond on sampled tp)] | MAPE 0.065041 | RMSE 257.762884|
0.06328315287828445,0.06483162939548492,0.06700727343559265
223.57821617948383,260.11210023276504,289.5983344435876
Experiment 07-08_01:17
Epoch 0086 [Train seq (cond on sampled tp)] | Loss 1949435.343038 | MAPE 0.074355 | RMSE 83.373326 | Likelihood -1949432.168138 | KL fp 3.1749 | FP STD 0.1939|
Epoch 0086 [Val seq (cond on sampled tp)] |  MAPE 0.029754 | RMSE 94.664957 |
Epoch 0086 [Test seq (cond on sampled tp)] | MAPE 0.054265 | RMSE 285.888768|
0.0524887852370739,0.056877266615629196,0.05342802405357361
258.33367775514677,292.6906830384254,306.6419430704156
Experiment 07-08_01:17
Epoch 0087 [Train seq (cond on sampled tp)] | Loss 1951065.493173 | MAPE 0.074764 | RMSE 81.300427 | Likelihood -1951062.543679 | KL fp 2.9495 | FP STD 0.1946|
Epoch 0087 [Val seq (cond on sampled tp)] |  MAPE 0.032478 | RMSE 99.562152 |
Epoch 0087 [Test seq (cond on sampled tp)] | MAPE 0.056507 | RMSE 262.407181|
0.053055744618177414,0.05779566988348961,0.05866951867938042
224.71568842650927,263.95403837600213,298.5518171105311
Experiment 07-08_01:17
Epoch 0088 [Train seq (cond on sampled tp)] | Loss 1939090.232128 | MAPE 0.074365 | RMSE 79.687265 | Likelihood -1939087.228953 | KL fp 3.0032 | FP STD 0.1949|
Epoch 0088 [Val seq (cond on sampled tp)] |  MAPE 0.031290 | RMSE 88.464746 |
Epoch 0088 [Test seq (cond on sampled tp)] | MAPE 0.047666 | RMSE 276.507104|
0.048823803663253784,0.04809688404202461,0.04607836529612541
264.12576904762625,276.72541105760416,288.67013235265614
Experiment 07-08_01:17
Epoch 0089 [Train seq (cond on sampled tp)] | Loss 1947247.771868 | MAPE 0.079373 | RMSE 82.933691 | Likelihood -1947244.702142 | KL fp 3.0697 | FP STD 0.1907|
Epoch 0089 [Val seq (cond on sampled tp)] |  MAPE 0.027765 | RMSE 86.275022 |
Epoch 0089 [Test seq (cond on sampled tp)] | MAPE 0.042819 | RMSE 280.599989|
0.049255337566137314,0.040884628891944885,0.03831811994314194
254.73340843909736,294.8348716866782,292.23168783518327
0.049255337566137314,0.040884628891944885,0.03831811994314194
254.73340843909736,294.8348716866782,292.23168783518327
Epoch 0089 [Test seq (cond on sampled tp)] | Best Test MAPE 0.042819|Best Test RMSE 280.599989|
Experiment 07-08_01:17
Epoch 0090 [Train seq (cond on sampled tp)] | Loss 1929090.908490 | MAPE 0.076663 | RMSE 80.084144 | Likelihood -1929087.856818 | KL fp 3.0517 | FP STD 0.1868|
Epoch 0090 [Val seq (cond on sampled tp)] |  MAPE 0.034752 | RMSE 87.231757 |
Epoch 0090 [Test seq (cond on sampled tp)] | MAPE 0.058704 | RMSE 258.376928|
0.0580359511077404,0.05637212097644806,0.061703260987997055
210.91916586988958,248.8556072931651,315.3560116162367
Experiment 07-08_01:17
Epoch 0091 [Train seq (cond on sampled tp)] | Loss 1929750.766164 | MAPE 0.077975 | RMSE 79.984671 | Likelihood -1929747.418105 | KL fp 3.3481 | FP STD 0.1480|
Epoch 0091 [Val seq (cond on sampled tp)] |  MAPE 0.029423 | RMSE 91.679245 |
Epoch 0091 [Test seq (cond on sampled tp)] | MAPE 0.052199 | RMSE 332.879645|
0.05210147425532341,0.054601095616817474,0.04989532008767128
292.94534739862314,363.5885810225618,342.10500717981313
Experiment 07-08_01:17
Epoch 0092 [Train seq (cond on sampled tp)] | Loss 1944290.650821 | MAPE 0.077240 | RMSE 81.200275 | Likelihood -1944287.669565 | KL fp 2.9813 | FP STD 0.1711|
Epoch 0092 [Val seq (cond on sampled tp)] |  MAPE 0.028275 | RMSE 94.852208 |
Epoch 0092 [Test seq (cond on sampled tp)] | MAPE 0.047999 | RMSE 283.265519|
0.050649985671043396,0.04639507085084915,0.04695260897278786
237.37626711088873,283.19716243723207,329.22312675068866
Experiment 07-08_01:17
Epoch 0093 [Train seq (cond on sampled tp)] | Loss 1952451.411264 | MAPE 0.075351 | RMSE 85.830448 | Likelihood -1952448.232100 | KL fp 3.1792 | FP STD 0.1821|
Epoch 0093 [Val seq (cond on sampled tp)] |  MAPE 0.032983 | RMSE 89.208904 |
Epoch 0093 [Test seq (cond on sampled tp)] | MAPE 0.050596 | RMSE 268.169860|
0.05238615721464157,0.048899419605731964,0.05050173029303551
218.81023277888536,285.02879514620975,300.6705526818348
Experiment 07-08_01:17
Epoch 0094 [Train seq (cond on sampled tp)] | Loss 1929083.314782 | MAPE 0.073305 | RMSE 78.604938 | Likelihood -1929080.281070 | KL fp 3.0337 | FP STD 0.1839|
Epoch 0094 [Val seq (cond on sampled tp)] |  MAPE 0.028614 | RMSE 89.246821 |
Epoch 0094 [Test seq (cond on sampled tp)] | MAPE 0.053477 | RMSE 295.710346|
0.05647850036621094,0.05196929723024368,0.051982223987579346
261.16819891594764,305.0196971098752,320.94314138177185
Experiment 07-08_01:17
Epoch 0095 [Train seq (cond on sampled tp)] | Loss 1933645.095476 | MAPE 0.072954 | RMSE 79.909387 | Likelihood -1933642.071716 | KL fp 3.0238 | FP STD 0.2028|
Epoch 0095 [Val seq (cond on sampled tp)] |  MAPE 0.027243 | RMSE 87.460943 |
Epoch 0095 [Test seq (cond on sampled tp)] | MAPE 0.062260 | RMSE 310.339852|
0.06439206004142761,0.06298444420099258,0.059404656291007996
266.73170919015234,342.6554505804628,321.6323964365219
Experiment 07-08_01:17
Epoch 0096 [Train seq (cond on sampled tp)] | Loss 1935301.183349 | MAPE 0.070948 | RMSE 78.150355 | Likelihood -1935298.276091 | KL fp 2.9073 | FP STD 0.2134|
Epoch 0096 [Val seq (cond on sampled tp)] |  MAPE 0.028107 | RMSE 91.034635 |
Epoch 0096 [Test seq (cond on sampled tp)] | MAPE 0.042323 | RMSE 303.385666|
0.04789983481168747,0.04153655841946602,0.03753131628036499
244.13532844254638,305.3299956604329,360.6916749455135
0.04789983481168747,0.04153655841946602,0.03753131628036499
244.13532844254638,305.3299956604329,360.6916749455135
Epoch 0096 [Test seq (cond on sampled tp)] | Best Test MAPE 0.042323|Best Test RMSE 303.385666|
Experiment 07-08_01:17
Epoch 0097 [Train seq (cond on sampled tp)] | Loss 1962231.555900 | MAPE 0.072215 | RMSE 85.178971 | Likelihood -1962228.704351 | KL fp 2.8515 | FP STD 0.2393|
Epoch 0097 [Val seq (cond on sampled tp)] |  MAPE 0.033601 | RMSE 92.543370 |
Epoch 0097 [Test seq (cond on sampled tp)] | MAPE 0.059186 | RMSE 301.805066|
0.058310747146606445,0.058384008705616,0.060864467173814774
267.2469451415675,307.6438814806821,330.52437031934573
Experiment 07-08_01:17
Epoch 0098 [Train seq (cond on sampled tp)] | Loss 1943892.004711 | MAPE 0.072992 | RMSE 79.342185 | Likelihood -1943888.861533 | KL fp 3.1432 | FP STD 0.1717|
Epoch 0098 [Val seq (cond on sampled tp)] |  MAPE 0.028981 | RMSE 90.754595 |
Epoch 0098 [Test seq (cond on sampled tp)] | MAPE 0.055875 | RMSE 288.907156|
0.05078752338886261,0.0548502579331398,0.06198684498667717
241.35233418956196,275.98416224939433,349.3849730240269
Experiment 07-08_01:17
Epoch 0099 [Train seq (cond on sampled tp)] | Loss 1933292.506346 | MAPE 0.070854 | RMSE 79.616933 | Likelihood -1933289.313447 | KL fp 3.1929 | FP STD 0.1815|
Epoch 0099 [Val seq (cond on sampled tp)] |  MAPE 0.027933 | RMSE 93.947516 |
Epoch 0099 [Test seq (cond on sampled tp)] | MAPE 0.059019 | RMSE 310.528953|
0.05945933610200882,0.05396854877471924,0.06363017112016678
267.8226879625772,309.2114593001042,354.55271117282405
Experiment 07-08_01:17
Epoch 0100 [Train seq (cond on sampled tp)] | Loss 1933260.734121 | MAPE 0.071584 | RMSE 80.039187 | Likelihood -1933257.472112 | KL fp 3.2620 | FP STD 0.1646|
Epoch 0100 [Val seq (cond on sampled tp)] |  MAPE 0.029266 | RMSE 100.685643 |
Epoch 0100 [Test seq (cond on sampled tp)] | MAPE 0.051606 | RMSE 317.344136|
0.05065269023180008,0.05117955058813095,0.052985161542892456
297.35750263781813,316.3767162142309,338.298188086339
