/nvme/yuanjingyang/CG-ODE/run_models_covid.py
run_models_covid.py
Namespace(save='experiments/', load=None, dataset='Dec', datapath='data/', pred_length=14, condition_length=21, features='Confirmed,Deaths,Recovered,Mortality_Rate,Testing_Rate,Population,Mobility', split_interval=3, feature_out='Deaths', niters=100, lr=0.005, batch_size=8, random_seed=1991, dropout=0.2, l2=1e-05, optimizer='AdamW', clip=10, edge_lamda=0.5, z0_encoder='GTrans', rec_dims=64, ode_dims=20, rec_layers=1, gen_layers=1, augment_dim=0, solver='rk4', alias='run', output_dim=1, feature_out_index=[1], num_atoms=50, heavyBall=False)
run
Experiment 77873
Epoch 0001 [Train seq (cond on sampled tp)] | Loss 4390895.887270 | MAPE 0.063296 | RMSE 286.214713 | Likelihood -4390894.536542 | KL fp 1.3507 | FP STD 0.4945|
Epoch 0001 [Val seq (cond on sampled tp)] |  MAPE 0.058127 | RMSE 304.541856 |
Best Val!
Epoch 0001 [Test seq (cond on sampled tp)] | MAPE 0.119556 | RMSE 903.784192|
0.13173779845237732,0.12383284419775009,0.10309632867574692
848.6126545721552,934.8288613430802,927.9110612014495
0.13173779845237732,0.12383284419775009,0.10309632867574692
848.6126545721552,934.8288613430802,927.9110612014495
Epoch 0001 [Test seq (cond on sampled tp)] | Best Test MAPE 0.119556|Best Test RMSE 903.784192|
Experiment 77873
Epoch 0002 [Train seq (cond on sampled tp)] | Loss 4160081.159967 | MAPE 0.102124 | RMSE 274.594938 | Likelihood -4160078.332919 | KL fp 2.8270 | FP STD 0.9129|
Epoch 0002 [Val seq (cond on sampled tp)] |  MAPE 0.064208 | RMSE 277.299407 |
Epoch 0002 [Test seq (cond on sampled tp)] | MAPE 0.107847 | RMSE 858.713081|
0.11697348952293396,0.10951946675777435,0.09704860299825668
799.9376538205962,888.0075661276767,888.1940244113332
0.11697348952293396,0.10951946675777435,0.09704860299825668
799.9376538205962,888.0075661276767,888.1940244113332
Epoch 0002 [Test seq (cond on sampled tp)] | Best Test MAPE 0.107847|Best Test RMSE 858.713081|
Experiment 77873
Epoch 0003 [Train seq (cond on sampled tp)] | Loss 3781615.021342 | MAPE 0.244670 | RMSE 253.902257 | Likelihood -3781609.603613 | KL fp 5.4177 | FP STD 1.1871|
Epoch 0003 [Val seq (cond on sampled tp)] |  MAPE 0.102962 | RMSE 234.446606 |
Epoch 0003 [Test seq (cond on sampled tp)] | MAPE 0.137306 | RMSE 771.890216|
0.14406335353851318,0.1420406848192215,0.1258135885000229
709.5476331790559,801.8130237156291,804.3099915455483
Experiment 77873
Epoch 0004 [Train seq (cond on sampled tp)] | Loss 3444392.362885 | MAPE 0.443682 | RMSE 233.043849 | Likelihood -3444385.963063 | KL fp 6.3998 | FP STD 1.0261|
Epoch 0004 [Val seq (cond on sampled tp)] |  MAPE 0.071743 | RMSE 197.719992 |
Epoch 0004 [Test seq (cond on sampled tp)] | MAPE 0.101974 | RMSE 699.915534|
0.10568620264530182,0.09978538006544113,0.10045034438371658
631.8374988871743,729.6032312154326,738.3058732666292
0.10568620264530182,0.09978538006544113,0.10045034438371658
631.8374988871743,729.6032312154326,738.3058732666292
Epoch 0004 [Test seq (cond on sampled tp)] | Best Test MAPE 0.101974|Best Test RMSE 699.915534|
Experiment 77873
Epoch 0005 [Train seq (cond on sampled tp)] | Loss 2980381.067582 | MAPE 0.180304 | RMSE 202.961581 | Likelihood -2980377.696379 | KL fp 3.3712 | FP STD 0.6415|
Epoch 0005 [Val seq (cond on sampled tp)] |  MAPE 0.028000 | RMSE 158.668040 |
Best Val!
Epoch 0005 [Test seq (cond on sampled tp)] | MAPE 0.059995 | RMSE 606.921447|
0.06303717941045761,0.06085338443517685,0.05609568953514099
539.7715083718294,640.1957220256943,640.7971110265713
0.06303717941045761,0.06085338443517685,0.05609568953514099
539.7715083718294,640.1957220256943,640.7971110265713
Epoch 0005 [Test seq (cond on sampled tp)] | Best Test MAPE 0.059995|Best Test RMSE 606.921447|
Experiment 77873
Epoch 0006 [Train seq (cond on sampled tp)] | Loss 2657217.268656 | MAPE 0.040475 | RMSE 176.793737 | Likelihood -2657213.584958 | KL fp 3.6837 | FP STD 0.6439|
Epoch 0006 [Val seq (cond on sampled tp)] |  MAPE 0.031051 | RMSE 155.252132 |
Epoch 0006 [Test seq (cond on sampled tp)] | MAPE 0.056551 | RMSE 558.469612|
0.06281021982431412,0.0568566657602787,0.049987468868494034
484.85355392118146,594.7956319190652,595.7596516213564
0.06281021982431412,0.0568566657602787,0.049987468868494034
484.85355392118146,594.7956319190652,595.7596516213564
Epoch 0006 [Test seq (cond on sampled tp)] | Best Test MAPE 0.056551|Best Test RMSE 558.469612|
Experiment 77873
Epoch 0007 [Train seq (cond on sampled tp)] | Loss 2410174.022267 | MAPE 0.048038 | RMSE 153.867277 | Likelihood -2410170.899639 | KL fp 3.1226 | FP STD 0.5452|
Epoch 0007 [Val seq (cond on sampled tp)] |  MAPE 0.025417 | RMSE 109.376232 |
Best Val!
Epoch 0007 [Test seq (cond on sampled tp)] | MAPE 0.045844 | RMSE 433.155912|
0.044665101915597916,0.0528322197496891,0.0400354377925396
344.8158022770998,472.3471313557435,482.30480183697114
0.044665101915597916,0.0528322197496891,0.0400354377925396
344.8158022770998,472.3471313557435,482.30480183697114
Epoch 0007 [Test seq (cond on sampled tp)] | Best Test MAPE 0.045844|Best Test RMSE 433.155912|
Experiment 77873
Epoch 0008 [Train seq (cond on sampled tp)] | Loss 2278513.971215 | MAPE 0.036826 | RMSE 139.947575 | Likelihood -2278511.097405 | KL fp 2.8738 | FP STD 0.4502|
Epoch 0008 [Val seq (cond on sampled tp)] |  MAPE 0.026631 | RMSE 104.004620 |
Epoch 0008 [Test seq (cond on sampled tp)] | MAPE 0.043572 | RMSE 409.807947|
0.04996796324849129,0.04199394956231117,0.03875303640961647
345.84542022050834,436.0401357673397,447.53828397691296
0.04996796324849129,0.04199394956231117,0.03875303640961647
345.84542022050834,436.0401357673397,447.53828397691296
Epoch 0008 [Test seq (cond on sampled tp)] | Best Test MAPE 0.043572|Best Test RMSE 409.807947|
Experiment 77873
Epoch 0009 [Train seq (cond on sampled tp)] | Loss 2202101.898464 | MAPE 0.042126 | RMSE 129.279317 | Likelihood -2202098.689364 | KL fp 3.2091 | FP STD 0.3625|
Epoch 0009 [Val seq (cond on sampled tp)] |  MAPE 0.026590 | RMSE 122.488002 |
Epoch 0009 [Test seq (cond on sampled tp)] | MAPE 0.050912 | RMSE 482.218728|
0.04925711452960968,0.057975176721811295,0.04550294950604439
421.0125443499279,513.3211713927257,512.3224692515447
Experiment 77873
Epoch 0010 [Train seq (cond on sampled tp)] | Loss 2200041.588009 | MAPE 0.040630 | RMSE 129.234530 | Likelihood -2200038.520558 | KL fp 3.0675 | FP STD 0.3211|
Epoch 0010 [Val seq (cond on sampled tp)] |  MAPE 0.028898 | RMSE 108.690151 |
Epoch 0010 [Test seq (cond on sampled tp)] | MAPE 0.045740 | RMSE 370.406309|
0.04935641959309578,0.04447265341877937,0.043390244245529175
296.65986942119423,395.1676266155921,419.39143037859037
Experiment 77873
Epoch 0011 [Train seq (cond on sampled tp)] | Loss 2106220.590303 | MAPE 0.037369 | RMSE 117.920138 | Likelihood -2106217.626300 | KL fp 2.9640 | FP STD 0.2924|
Epoch 0011 [Val seq (cond on sampled tp)] |  MAPE 0.037475 | RMSE 91.369293 |
Epoch 0011 [Test seq (cond on sampled tp)] | MAPE 0.058456 | RMSE 366.529810|
0.05714307352900505,0.06237656623125076,0.05584810674190521
304.52990154909253,392.810287384381,402.24924254123835
Experiment 77873
Epoch 0012 [Train seq (cond on sampled tp)] | Loss 2053953.471238 | MAPE 0.039206 | RMSE 112.044673 | Likelihood -2053950.306841 | KL fp 3.1644 | FP STD 0.2706|
Epoch 0012 [Val seq (cond on sampled tp)] |  MAPE 0.031951 | RMSE 93.929017 |
Epoch 0012 [Test seq (cond on sampled tp)] | MAPE 0.055029 | RMSE 338.406102|
0.05905243754386902,0.06103189289569855,0.04500247538089752
276.41390782212824,365.84249941060705,372.9618990258925
Experiment 77873
Epoch 0013 [Train seq (cond on sampled tp)] | Loss 2045730.383470 | MAPE 0.054577 | RMSE 111.373103 | Likelihood -2045727.138429 | KL fp 3.2450 | FP STD 0.2278|
Epoch 0013 [Val seq (cond on sampled tp)] |  MAPE 0.029249 | RMSE 83.705658 |
Epoch 0013 [Test seq (cond on sampled tp)] | MAPE 0.055101 | RMSE 309.249048|
0.05784411355853081,0.05909603461623192,0.04836338013410568
242.23366495493562,343.68431190556254,341.82916740310503
Experiment 77873
Epoch 0014 [Train seq (cond on sampled tp)] | Loss 2001980.191334 | MAPE 0.034585 | RMSE 104.803524 | Likelihood -2001977.151510 | KL fp 3.0398 | FP STD 0.2368|
Epoch 0014 [Val seq (cond on sampled tp)] |  MAPE 0.046407 | RMSE 86.598080 |
Epoch 0014 [Test seq (cond on sampled tp)] | MAPE 0.069053 | RMSE 287.504747|
0.06698348373174667,0.06786016374826431,0.07231426239013672
210.4488785162563,309.3250717287559,342.7402897968081
Experiment 77873
Epoch 0015 [Train seq (cond on sampled tp)] | Loss 1997623.929346 | MAPE 0.075432 | RMSE 102.993041 | Likelihood -1997620.839249 | KL fp 3.0901 | FP STD 0.2317|
Epoch 0015 [Val seq (cond on sampled tp)] |  MAPE 0.029081 | RMSE 100.054614 |
Epoch 0015 [Test seq (cond on sampled tp)] | MAPE 0.054921 | RMSE 341.114632|
0.054079584777355194,0.06314963847398758,0.04753288999199867
269.312869865144,375.8708845800643,378.16014299500154
Experiment 77873
Epoch 0016 [Train seq (cond on sampled tp)] | Loss 2034479.379116 | MAPE 0.058544 | RMSE 108.561199 | Likelihood -2034476.398191 | KL fp 2.9809 | FP STD 0.2265|
Epoch 0016 [Val seq (cond on sampled tp)] |  MAPE 0.035926 | RMSE 86.752265 |
Epoch 0016 [Test seq (cond on sampled tp)] | MAPE 0.057522 | RMSE 318.068139|
0.05891558527946472,0.054844148457050323,0.05880483612418175
246.70119673149136,338.4662557035782,369.0369646119478
Experiment 77873
Epoch 0017 [Train seq (cond on sampled tp)] | Loss 2001821.356078 | MAPE 0.057189 | RMSE 104.514676 | Likelihood -2001818.454582 | KL fp 2.9015 | FP STD 0.2149|
Epoch 0017 [Val seq (cond on sampled tp)] |  MAPE 0.040353 | RMSE 88.299157 |
Epoch 0017 [Test seq (cond on sampled tp)] | MAPE 0.067191 | RMSE 347.474551|
0.0697140172123909,0.06960403919219971,0.06225346401333809
270.1851217221259,374.45374797830505,397.78478399129347
Experiment 77873
Epoch 0018 [Train seq (cond on sampled tp)] | Loss 1988457.424678 | MAPE 0.060132 | RMSE 102.605843 | Likelihood -1988454.519764 | KL fp 2.9049 | FP STD 0.2026|
Epoch 0018 [Val seq (cond on sampled tp)] |  MAPE 0.038712 | RMSE 97.192820 |
Epoch 0018 [Test seq (cond on sampled tp)] | MAPE 0.069809 | RMSE 358.606779|
0.0771847516298294,0.07066791504621506,0.061573274433612823
297.77732609703514,370.84135759108636,407.20165458897634
Experiment 77873
Epoch 0019 [Train seq (cond on sampled tp)] | Loss 2029181.835898 | MAPE 0.068623 | RMSE 108.384935 | Likelihood -2029178.951829 | KL fp 2.8841 | FP STD 0.2141|
Epoch 0019 [Val seq (cond on sampled tp)] |  MAPE 0.026979 | RMSE 86.408095 |
Epoch 0019 [Test seq (cond on sampled tp)] | MAPE 0.068045 | RMSE 300.780287|
0.07111828774213791,0.07587635517120361,0.057139839977025986
231.13684731669247,326.3092379170409,344.8947756200433
Experiment 77873
Epoch 0020 [Train seq (cond on sampled tp)] | Loss 1993895.745299 | MAPE 0.043065 | RMSE 99.924091 | Likelihood -1993892.896518 | KL fp 2.8488 | FP STD 0.2308|
Epoch 0020 [Val seq (cond on sampled tp)] |  MAPE 0.044268 | RMSE 81.628215 |
Epoch 0020 [Test seq (cond on sampled tp)] | MAPE 0.054261 | RMSE 272.190564|
0.05743144825100899,0.05456171929836273,0.05078929290175438
208.34364453649647,298.2653102734208,309.9627371757773
Experiment 77873
Epoch 0021 [Train seq (cond on sampled tp)] | Loss 1997202.613509 | MAPE 0.086001 | RMSE 99.497582 | Likelihood -1997199.701640 | KL fp 2.9119 | FP STD 0.2189|
Epoch 0021 [Val seq (cond on sampled tp)] |  MAPE 0.029249 | RMSE 97.558311 |
Epoch 0021 [Test seq (cond on sampled tp)] | MAPE 0.050617 | RMSE 312.101056|
0.052441198378801346,0.05608443543314934,0.04332596808671951
265.23938185627713,326.4019401941416,344.66184741351924
Experiment 77873
Epoch 0022 [Train seq (cond on sampled tp)] | Loss 1967800.406262 | MAPE 0.052407 | RMSE 97.122521 | Likelihood -1967797.332597 | KL fp 3.0737 | FP STD 0.2217|
Epoch 0022 [Val seq (cond on sampled tp)] |  MAPE 0.028659 | RMSE 95.451328 |
Epoch 0022 [Test seq (cond on sampled tp)] | MAPE 0.061042 | RMSE 277.986678|
0.05987672507762909,0.05865700915455818,0.06459157168865204
218.30002827244434,278.05896688022847,337.60103811673923
Experiment 77873
Epoch 0023 [Train seq (cond on sampled tp)] | Loss 2009746.758111 | MAPE 0.057439 | RMSE 105.668005 | Likelihood -2009743.959323 | KL fp 2.7988 | FP STD 0.2270|
Epoch 0023 [Val seq (cond on sampled tp)] |  MAPE 0.031198 | RMSE 71.489561 |
Epoch 0023 [Test seq (cond on sampled tp)] | MAPE 0.062401 | RMSE 284.590903|
0.06507597863674164,0.062349751591682434,0.05977867916226387
224.7117772002616,309.61798538683115,319.4429477621943
Experiment 77873
Epoch 0024 [Train seq (cond on sampled tp)] | Loss 1972063.482253 | MAPE 0.069157 | RMSE 100.037631 | Likelihood -1972060.471166 | KL fp 3.0111 | FP STD 0.2090|
Epoch 0024 [Val seq (cond on sampled tp)] |  MAPE 0.033650 | RMSE 81.959987 |
Epoch 0024 [Test seq (cond on sampled tp)] | MAPE 0.058273 | RMSE 276.353050|
0.06497493386268616,0.05626598373055458,0.05357882007956505
229.61520971235768,286.8860836638822,312.5578571440814
Experiment 77873
Epoch 0025 [Train seq (cond on sampled tp)] | Loss 1946855.684855 | MAPE 0.050328 | RMSE 96.267933 | Likelihood -1946852.724303 | KL fp 2.9606 | FP STD 0.2243|
Epoch 0025 [Val seq (cond on sampled tp)] |  MAPE 0.036995 | RMSE 84.788144 |
Epoch 0025 [Test seq (cond on sampled tp)] | MAPE 0.053083 | RMSE 279.577316|
0.05524389073252678,0.05482644960284233,0.04917879030108452
216.65809578400248,309.8982317834356,312.1756191432957
Experiment 77873
Epoch 0026 [Train seq (cond on sampled tp)] | Loss 1953775.325008 | MAPE 0.051752 | RMSE 96.823625 | Likelihood -1953772.532256 | KL fp 2.7928 | FP STD 0.2173|
Epoch 0026 [Val seq (cond on sampled tp)] |  MAPE 0.033433 | RMSE 77.879326 |
Epoch 0026 [Test seq (cond on sampled tp)] | MAPE 0.055973 | RMSE 283.835875|
0.06094994768500328,0.05785287544131279,0.04911614954471588
239.63723397304102,292.63489143897385,319.2355003559285
Experiment 77873
Epoch 0027 [Train seq (cond on sampled tp)] | Loss 1939790.432850 | MAPE 0.034393 | RMSE 94.326687 | Likelihood -1939787.673786 | KL fp 2.7591 | FP STD 0.2259|
Epoch 0027 [Val seq (cond on sampled tp)] |  MAPE 0.028006 | RMSE 84.093184 |
Epoch 0027 [Test seq (cond on sampled tp)] | MAPE 0.052279 | RMSE 272.262437|
0.05291135981678963,0.05446673184633255,0.04945937916636467
216.60792272560116,294.51742838922115,305.66196095523566
Experiment 77873
Epoch 0028 [Train seq (cond on sampled tp)] | Loss 1943823.815873 | MAPE 0.030999 | RMSE 92.622254 | Likelihood -1943821.136250 | KL fp 2.6796 | FP STD 0.2478|
Epoch 0028 [Val seq (cond on sampled tp)] |  MAPE 0.035133 | RMSE 83.188448 |
Epoch 0028 [Test seq (cond on sampled tp)] | MAPE 0.058244 | RMSE 295.081658|
0.05684446543455124,0.05720270052552223,0.06068376451730728
240.53052528473387,317.41145418840824,327.30299418123263
Experiment 77873
Epoch 0029 [Train seq (cond on sampled tp)] | Loss 1955798.954399 | MAPE 0.035529 | RMSE 95.058061 | Likelihood -1955796.037496 | KL fp 2.9169 | FP STD 0.1920|
Epoch 0029 [Val seq (cond on sampled tp)] |  MAPE 0.027812 | RMSE 87.019891 |
Epoch 0029 [Test seq (cond on sampled tp)] | MAPE 0.061261 | RMSE 319.945666|
0.06808555871248245,0.0630350187420845,0.05266159772872925
275.7465293299265,333.1639165823634,350.9265525897121
Experiment 77873
Epoch 0030 [Train seq (cond on sampled tp)] | Loss 1961884.063636 | MAPE 0.036534 | RMSE 96.351963 | Likelihood -1961881.446511 | KL fp 2.6171 | FP STD 0.2293|
Epoch 0030 [Val seq (cond on sampled tp)] |  MAPE 0.044681 | RMSE 80.597385 |
Epoch 0030 [Test seq (cond on sampled tp)] | MAPE 0.072708 | RMSE 258.967664|
0.06625007092952728,0.07118105888366699,0.08069202303886414
211.36449375131576,257.15902788935875,308.37947149169963
Experiment 77873
Epoch 0031 [Train seq (cond on sampled tp)] | Loss 1936822.821999 | MAPE 0.040907 | RMSE 91.903423 | Likelihood -1936819.860333 | KL fp 2.9617 | FP STD 0.2120|
Epoch 0031 [Val seq (cond on sampled tp)] |  MAPE 0.032580 | RMSE 93.510940 |
Epoch 0031 [Test seq (cond on sampled tp)] | MAPE 0.061320 | RMSE 319.353792|
0.06556390970945358,0.06130951642990112,0.05708645284175873
263.61407931387123,362.24704536407194,332.20025257741753
Experiment 77873
Epoch 0032 [Train seq (cond on sampled tp)] | Loss 1986999.309712 | MAPE 0.035788 | RMSE 103.587233 | Likelihood -1986996.453206 | KL fp 2.8565 | FP STD 0.1709|
Epoch 0032 [Val seq (cond on sampled tp)] |  MAPE 0.029334 | RMSE 88.966793 |
Epoch 0032 [Test seq (cond on sampled tp)] | MAPE 0.068321 | RMSE 295.157694|
0.0693812295794487,0.06713997572660446,0.06844159960746765
237.0810779037416,308.3758867032246,340.0161186436608
Experiment 77873
Epoch 0033 [Train seq (cond on sampled tp)] | Loss 1917817.954198 | MAPE 0.033760 | RMSE 89.428534 | Likelihood -1917815.009479 | KL fp 2.9447 | FP STD 0.1982|
Epoch 0033 [Val seq (cond on sampled tp)] |  MAPE 0.032139 | RMSE 83.321871 |
Epoch 0033 [Test seq (cond on sampled tp)] | MAPE 0.063337 | RMSE 284.799354|
0.06866071373224258,0.05692867934703827,0.0644218698143959
225.41186262594965,289.07318223505274,339.91301736620795
Experiment 77873
Epoch 0034 [Train seq (cond on sampled tp)] | Loss 1914064.146838 | MAPE 0.036463 | RMSE 89.721068 | Likelihood -1914061.354472 | KL fp 2.7924 | FP STD 0.2246|
Epoch 0034 [Val seq (cond on sampled tp)] |  MAPE 0.028962 | RMSE 81.829033 |
Epoch 0034 [Test seq (cond on sampled tp)] | MAPE 0.061397 | RMSE 253.956608|
0.06888973712921143,0.060456905514001846,0.0548432320356369
207.20757821264647,248.12226856179194,306.53997751109074
Experiment 77873
Epoch 0035 [Train seq (cond on sampled tp)] | Loss 1924441.038899 | MAPE 0.037197 | RMSE 90.696326 | Likelihood -1924438.161997 | KL fp 2.8769 | FP STD 0.2173|
Epoch 0035 [Val seq (cond on sampled tp)] |  MAPE 0.034175 | RMSE 87.787471 |
Epoch 0035 [Test seq (cond on sampled tp)] | MAPE 0.061548 | RMSE 292.425085|
0.06413131207227707,0.058005865663290024,0.06250642985105515
255.16578556891204,301.65917491848313,320.45029353239795
Experiment 77873
Epoch 0036 [Train seq (cond on sampled tp)] | Loss 1935637.905171 | MAPE 0.031995 | RMSE 93.582279 | Likelihood -1935635.128941 | KL fp 2.7762 | FP STD 0.2083|
Epoch 0036 [Val seq (cond on sampled tp)] |  MAPE 0.025802 | RMSE 81.446532 |
Epoch 0036 [Test seq (cond on sampled tp)] | MAPE 0.059325 | RMSE 288.138937|
0.06290057301521301,0.057967688888311386,0.05710551142692566
226.92307514056387,298.6396108815775,338.8541237575544
Experiment 77873
Epoch 0037 [Train seq (cond on sampled tp)] | Loss 1939480.134735 | MAPE 0.033127 | RMSE 91.006258 | Likelihood -1939477.481748 | KL fp 2.6530 | FP STD 0.2569|
Epoch 0037 [Val seq (cond on sampled tp)] |  MAPE 0.023345 | RMSE 85.081644 |
Best Val!
Epoch 0037 [Test seq (cond on sampled tp)] | MAPE 0.049140 | RMSE 316.518608|
0.05864148959517479,0.04960191249847412,0.039176106452941895
282.46136350835667,332.47793629803465,334.61652492069186
Experiment 77873
Epoch 0038 [Train seq (cond on sampled tp)] | Loss 1935344.245655 | MAPE 0.035428 | RMSE 92.976085 | Likelihood -1935341.241028 | KL fp 3.0046 | FP STD 0.1938|
Epoch 0038 [Val seq (cond on sampled tp)] |  MAPE 0.025755 | RMSE 86.595946 |
Epoch 0038 [Test seq (cond on sampled tp)] | MAPE 0.059898 | RMSE 302.599735|
0.06218515336513519,0.061152372509241104,0.05635581910610199
263.79219153056823,312.92941746103065,331.0775966446537
Experiment 77873
Epoch 0039 [Train seq (cond on sampled tp)] | Loss 1943480.512704 | MAPE 0.030745 | RMSE 93.836560 | Likelihood -1943477.706840 | KL fp 2.8059 | FP STD 0.2118|
Epoch 0039 [Val seq (cond on sampled tp)] |  MAPE 0.030004 | RMSE 86.960053 |
Epoch 0039 [Test seq (cond on sampled tp)] | MAPE 0.061652 | RMSE 289.702347|
0.06301237642765045,0.061679475009441376,0.06026386097073555
235.12402810803917,299.61655182082313,334.3664601713216
Experiment 77873
Epoch 0040 [Train seq (cond on sampled tp)] | Loss 1911033.999055 | MAPE 0.034829 | RMSE 87.338379 | Likelihood -1911031.094126 | KL fp 2.9049 | FP STD 0.2453|
Epoch 0040 [Val seq (cond on sampled tp)] |  MAPE 0.029353 | RMSE 84.828501 |
Epoch 0040 [Test seq (cond on sampled tp)] | MAPE 0.058755 | RMSE 285.837375|
0.06554107367992401,0.05785711109638214,0.05286576971411705
234.9796949339453,304.35047385785356,318.1819570819502
Experiment 77873
Epoch 0041 [Train seq (cond on sampled tp)] | Loss 1907766.937023 | MAPE 0.035272 | RMSE 88.491933 | Likelihood -1907763.850056 | KL fp 3.0870 | FP STD 0.1939|
Epoch 0041 [Val seq (cond on sampled tp)] |  MAPE 0.029139 | RMSE 80.471414 |
Epoch 0041 [Test seq (cond on sampled tp)] | MAPE 0.061985 | RMSE 283.925636|
0.06769993156194687,0.059649694710969925,0.058603983372449875
228.4855883037265,296.43506877560895,326.8562494622062
Experiment 77873
Epoch 0042 [Train seq (cond on sampled tp)] | Loss 1905321.865551 | MAPE 0.031437 | RMSE 88.721473 | Likelihood -1905318.957718 | KL fp 2.9078 | FP STD 0.1808|
Epoch 0042 [Val seq (cond on sampled tp)] |  MAPE 0.022885 | RMSE 82.573219 |
Best Val!
Epoch 0042 [Test seq (cond on sampled tp)] | MAPE 0.050257 | RMSE 251.783987|
0.05845044180750847,0.04801858961582184,0.0443018339574337
223.45249949653729,253.48184722973753,278.4176129261581
Experiment 77873
Epoch 0043 [Train seq (cond on sampled tp)] | Loss 1891575.609561 | MAPE 0.035848 | RMSE 83.100672 | Likelihood -1891572.557899 | KL fp 3.0517 | FP STD 0.1917|
Epoch 0043 [Val seq (cond on sampled tp)] |  MAPE 0.025934 | RMSE 84.163253 |
Epoch 0043 [Test seq (cond on sampled tp)] | MAPE 0.053519 | RMSE 264.346831|
0.059650301933288574,0.05314171686768532,0.04776625707745552
225.28668368048298,266.55412501497705,301.1996845947884
Experiment 77873
Epoch 0044 [Train seq (cond on sampled tp)] | Loss 1870658.713424 | MAPE 0.041779 | RMSE 83.127382 | Likelihood -1870656.020475 | KL fp 2.6929 | FP STD 0.2358|
Epoch 0044 [Val seq (cond on sampled tp)] |  MAPE 0.032630 | RMSE 85.955742 |
Epoch 0044 [Test seq (cond on sampled tp)] | MAPE 0.056353 | RMSE 277.492290|
0.06048767268657684,0.056914348155260086,0.051657784730196
203.8747796595989,329.6200938201432,298.98199674060646
Experiment 77873
Epoch 0045 [Train seq (cond on sampled tp)] | Loss 1882820.195297 | MAPE 0.033028 | RMSE 84.720347 | Likelihood -1882817.828152 | KL fp 2.3671 | FP STD 0.2917|
Epoch 0045 [Val seq (cond on sampled tp)] |  MAPE 0.036727 | RMSE 84.943154 |
Epoch 0045 [Test seq (cond on sampled tp)] | MAPE 0.059100 | RMSE 265.424603|
0.060906875878572464,0.06272530555725098,0.05366748571395874
221.75256304888563,272.2846482773129,302.23659761435243
Experiment 77873
Epoch 0046 [Train seq (cond on sampled tp)] | Loss 1870147.789215 | MAPE 0.030946 | RMSE 80.956255 | Likelihood -1870144.985555 | KL fp 2.8037 | FP STD 0.2328|
Epoch 0046 [Val seq (cond on sampled tp)] |  MAPE 0.028456 | RMSE 89.065581 |
Epoch 0046 [Test seq (cond on sampled tp)] | MAPE 0.058284 | RMSE 263.168883|
0.05774726718664169,0.05732407793402672,0.05977944657206535
250.8929599326175,244.38714803565264,294.22654165200663
Experiment 77873
Epoch 0047 [Train seq (cond on sampled tp)] | Loss 1875504.591128 | MAPE 0.035293 | RMSE 82.100987 | Likelihood -1875501.612639 | KL fp 2.9785 | FP STD 0.2058|
Epoch 0047 [Val seq (cond on sampled tp)] |  MAPE 0.025541 | RMSE 97.256567 |
Epoch 0047 [Test seq (cond on sampled tp)] | MAPE 0.046967 | RMSE 280.385712|
0.05285224691033363,0.046161893755197525,0.0418858528137207
256.9294194180573,292.29570857267134,291.932007280805
Experiment 77873
Epoch 0048 [Train seq (cond on sampled tp)] | Loss 1861183.920883 | MAPE 0.031744 | RMSE 80.384201 | Likelihood -1861180.804850 | KL fp 3.1160 | FP STD 0.1938|
Epoch 0048 [Val seq (cond on sampled tp)] |  MAPE 0.028656 | RMSE 90.711112 |
Epoch 0048 [Test seq (cond on sampled tp)] | MAPE 0.058465 | RMSE 301.058944|
0.06537572294473648,0.05565882474184036,0.05435901880264282
264.9792002450381,313.4315988975904,324.7660335726321
Experiment 77873
Epoch 0049 [Train seq (cond on sampled tp)] | Loss 1902701.375494 | MAPE 0.035311 | RMSE 87.892346 | Likelihood -1902698.413359 | KL fp 2.9621 | FP STD 0.2066|
Epoch 0049 [Val seq (cond on sampled tp)] |  MAPE 0.029996 | RMSE 88.122423 |
Epoch 0049 [Test seq (cond on sampled tp)] | MAPE 0.056184 | RMSE 267.987458|
0.061777736991643906,0.051861003041267395,0.05491221323609352
225.87730871814017,269.4986954977704,308.58636858260604
Experiment 77873
Epoch 0050 [Train seq (cond on sampled tp)] | Loss 1876368.880971 | MAPE 0.035048 | RMSE 83.269298 | Likelihood -1876366.175450 | KL fp 2.7055 | FP STD 0.2755|
Epoch 0050 [Val seq (cond on sampled tp)] |  MAPE 0.023620 | RMSE 81.171642 |
Epoch 0050 [Test seq (cond on sampled tp)] | MAPE 0.050924 | RMSE 279.643822|
0.05755572021007538,0.04958619177341461,0.04562952369451523
259.6123462250977,275.3162670003355,304.00285257707696
Experiment 77873
Epoch 0051 [Train seq (cond on sampled tp)] | Loss 1878564.461638 | MAPE 0.038564 | RMSE 82.139974 | Likelihood -1878561.557537 | KL fp 2.9041 | FP STD 0.2664|
Epoch 0051 [Val seq (cond on sampled tp)] |  MAPE 0.027096 | RMSE 86.947851 |
Epoch 0051 [Test seq (cond on sampled tp)] | MAPE 0.046034 | RMSE 316.990098|
0.044041384011507034,0.05162721499800682,0.04243417829275131
247.2630178575033,340.6435774750494,363.06369964511737
Experiment 77873
Epoch 0052 [Train seq (cond on sampled tp)] | Loss 1906689.056309 | MAPE 0.041021 | RMSE 88.842284 | Likelihood -1906686.687037 | KL fp 2.3693 | FP STD 0.3700|
Epoch 0052 [Val seq (cond on sampled tp)] |  MAPE 0.024716 | RMSE 86.563682 |
Epoch 0052 [Test seq (cond on sampled tp)] | MAPE 0.050439 | RMSE 291.231852|
0.059499699622392654,0.04842721298336983,0.043389592319726944
249.96571639926944,283.9977305146997,339.73210953632275
Experiment 77873
Epoch 0053 [Train seq (cond on sampled tp)] | Loss 1890014.329600 | MAPE 0.037628 | RMSE 85.673389 | Likelihood -1890011.834927 | KL fp 2.4947 | FP STD 0.3299|
Epoch 0053 [Val seq (cond on sampled tp)] |  MAPE 0.034232 | RMSE 87.597449 |
Epoch 0053 [Test seq (cond on sampled tp)] | MAPE 0.061695 | RMSE 280.595664|
0.06131649762392044,0.060734283179044724,0.06303457170724869
226.35677728974673,279.8900593313382,335.54015454562216
Experiment 77873
Epoch 0054 [Train seq (cond on sampled tp)] | Loss 1880055.077990 | MAPE 0.046373 | RMSE 83.498496 | Likelihood -1880052.310671 | KL fp 2.7673 | FP STD 0.2654|
Epoch 0054 [Val seq (cond on sampled tp)] |  MAPE 0.026639 | RMSE 95.359389 |
Epoch 0054 [Test seq (cond on sampled tp)] | MAPE 0.050695 | RMSE 303.358545|
0.05296062305569649,0.05226040631532669,0.046864479780197144
235.46627611507344,330.37011678192084,344.2392427513168
Experiment 77873
Epoch 0055 [Train seq (cond on sampled tp)] | Loss 1899105.360955 | MAPE 0.046145 | RMSE 87.865773 | Likelihood -1899102.574498 | KL fp 2.7865 | FP STD 0.2270|
Epoch 0055 [Val seq (cond on sampled tp)] |  MAPE 0.020101 | RMSE 76.496157 |
Best Val!
Epoch 0055 [Test seq (cond on sampled tp)] | MAPE 0.049981 | RMSE 270.453816|
0.04806037247180939,0.04472837224602699,0.05715348571538925
229.5098207321421,258.3155017367328,323.5361262672223
Experiment 77873
Epoch 0056 [Train seq (cond on sampled tp)] | Loss 1894576.125259 | MAPE 0.044494 | RMSE 85.127855 | Likelihood -1894573.130289 | KL fp 2.9950 | FP STD 0.2064|
Epoch 0056 [Val seq (cond on sampled tp)] |  MAPE 0.025061 | RMSE 96.263671 |
Epoch 0056 [Test seq (cond on sampled tp)] | MAPE 0.047332 | RMSE 275.834362|
0.054045405238866806,0.04856738820672035,0.03938375413417816
208.37292852899583,293.1149518533642,326.01520526273003
Experiment 77873
Epoch 0057 [Train seq (cond on sampled tp)] | Loss 1886326.091304 | MAPE 0.053169 | RMSE 84.317436 | Likelihood -1886322.924932 | KL fp 3.1664 | FP STD 0.2051|
Epoch 0057 [Val seq (cond on sampled tp)] |  MAPE 0.022200 | RMSE 85.695702 |
Epoch 0057 [Test seq (cond on sampled tp)] | MAPE 0.047431 | RMSE 313.643502|
0.056201569736003876,0.045556239783763885,0.04053639620542526
255.19958488406678,316.7854656545972,368.9454566734763
Experiment 77873
Epoch 0058 [Train seq (cond on sampled tp)] | Loss 1892725.938333 | MAPE 0.046922 | RMSE 88.013786 | Likelihood -1892723.059268 | KL fp 2.8791 | FP STD 0.2042|
Epoch 0058 [Val seq (cond on sampled tp)] |  MAPE 0.021901 | RMSE 87.810020 |
Epoch 0058 [Test seq (cond on sampled tp)] | MAPE 0.047731 | RMSE 289.964090|
0.051642511039972305,0.04612833261489868,0.04542216658592224
227.60168572255787,282.31228553235155,359.9782979569741
Experiment 77873
Epoch 0059 [Train seq (cond on sampled tp)] | Loss 1886357.665457 | MAPE 0.051449 | RMSE 85.148423 | Likelihood -1886354.811458 | KL fp 2.8540 | FP STD 0.2465|
Epoch 0059 [Val seq (cond on sampled tp)] |  MAPE 0.025001 | RMSE 83.241337 |
Epoch 0059 [Test seq (cond on sampled tp)] | MAPE 0.057733 | RMSE 300.646474|
0.061426401138305664,0.055246833711862564,0.056526508182287216
239.17202556423692,300.544505855622,362.2228897723058
Experiment 77873
Epoch 0060 [Train seq (cond on sampled tp)] | Loss 1867982.088764 | MAPE 0.052880 | RMSE 82.136662 | Likelihood -1867979.262198 | KL fp 2.8266 | FP STD 0.2290|
Epoch 0060 [Val seq (cond on sampled tp)] |  MAPE 0.035043 | RMSE 78.116124 |
Epoch 0060 [Test seq (cond on sampled tp)] | MAPE 0.059097 | RMSE 291.929811|
0.05953338369727135,0.05983844771981239,0.05791926383972168
229.6726355734396,316.4395059683604,329.6772924960104
Experiment 77873
Epoch 0061 [Train seq (cond on sampled tp)] | Loss 1854717.866631 | MAPE 0.051999 | RMSE 79.100184 | Likelihood -1854714.953120 | KL fp 2.9135 | FP STD 0.2302|
Epoch 0061 [Val seq (cond on sampled tp)] |  MAPE 0.028613 | RMSE 88.594987 |
Epoch 0061 [Test seq (cond on sampled tp)] | MAPE 0.053279 | RMSE 277.162488|
0.0605362132191658,0.049907904118299484,0.049391936510801315
241.51722570553844,280.7767685368574,309.1934694693599
Experiment 77873
Epoch 0062 [Train seq (cond on sampled tp)] | Loss 1888321.012869 | MAPE 0.055972 | RMSE 86.190967 | Likelihood -1888318.172646 | KL fp 2.8402 | FP STD 0.2381|
Epoch 0062 [Val seq (cond on sampled tp)] |  MAPE 0.028771 | RMSE 85.952732 |
Epoch 0062 [Test seq (cond on sampled tp)] | MAPE 0.055531 | RMSE 267.153188|
0.059528592973947525,0.05677922070026398,0.05028640478849411
224.5765807581013,281.3805113853836,295.5024719651259
Experiment 77873
Epoch 0063 [Train seq (cond on sampled tp)] | Loss 1869347.791158 | MAPE 0.060017 | RMSE 81.655765 | Likelihood -1869345.092883 | KL fp 2.6983 | FP STD 0.2669|
Epoch 0063 [Val seq (cond on sampled tp)] |  MAPE 0.025346 | RMSE 85.753160 |
Epoch 0063 [Test seq (cond on sampled tp)] | MAPE 0.045144 | RMSE 304.578899|
0.04850512370467186,0.046954765915870667,0.03997277840971947
243.01969924010277,336.64290474106235,334.0740935780564
Experiment 77873
Epoch 0064 [Train seq (cond on sampled tp)] | Loss 1863112.622296 | MAPE 0.058615 | RMSE 80.679925 | Likelihood -1863109.964607 | KL fp 2.6577 | FP STD 0.2928|
Epoch 0064 [Val seq (cond on sampled tp)] |  MAPE 0.023921 | RMSE 87.234684 |
Epoch 0064 [Test seq (cond on sampled tp)] | MAPE 0.043173 | RMSE 282.026455|
0.04845207929611206,0.04322557523846626,0.03784073889255524
261.5407174322958,275.193951491489,309.344695485473
0.04845207929611206,0.04322557523846626,0.03784073889255524
261.5407174322958,275.193951491489,309.344695485473
Epoch 0064 [Test seq (cond on sampled tp)] | Best Test MAPE 0.043173|Best Test RMSE 282.026455|
Experiment 77873
Epoch 0065 [Train seq (cond on sampled tp)] | Loss 1870927.505988 | MAPE 0.059257 | RMSE 81.162165 | Likelihood -1870924.768154 | KL fp 2.7378 | FP STD 0.2908|
Epoch 0065 [Val seq (cond on sampled tp)] |  MAPE 0.027213 | RMSE 81.588523 |
Epoch 0065 [Test seq (cond on sampled tp)] | MAPE 0.048138 | RMSE 270.635158|
0.048866722732782364,0.048166029155254364,0.047381237149238586
239.4791793533417,275.13270945581877,297.2935864806034
Experiment 77873
Epoch 0066 [Train seq (cond on sampled tp)] | Loss 1855539.373574 | MAPE 0.062998 | RMSE 80.063620 | Likelihood -1855536.570541 | KL fp 2.8030 | FP STD 0.2744|
Epoch 0066 [Val seq (cond on sampled tp)] |  MAPE 0.027908 | RMSE 86.708397 |
Epoch 0066 [Test seq (cond on sampled tp)] | MAPE 0.045766 | RMSE 287.484974|
0.04923315346240997,0.045604806393384933,0.042460955679416656
253.78317978887017,313.2721834722962,295.39955727370346
Experiment 77873
Epoch 0067 [Train seq (cond on sampled tp)] | Loss 1863796.344200 | MAPE 0.058585 | RMSE 81.916234 | Likelihood -1863793.309915 | KL fp 3.0343 | FP STD 0.2217|
Epoch 0067 [Val seq (cond on sampled tp)] |  MAPE 0.026368 | RMSE 83.575921 |
Epoch 0067 [Test seq (cond on sampled tp)] | MAPE 0.049751 | RMSE 273.336582|
0.052148930728435516,0.0501176156103611,0.04698771983385086
266.51232675525534,268.764868774734,284.7325499481926
Experiment 77873
Epoch 0068 [Train seq (cond on sampled tp)] | Loss 1863544.744028 | MAPE 0.058765 | RMSE 82.023951 | Likelihood -1863541.811039 | KL fp 2.9330 | FP STD 0.2366|
Epoch 0068 [Val seq (cond on sampled tp)] |  MAPE 0.027351 | RMSE 82.096902 |
Epoch 0068 [Test seq (cond on sampled tp)] | MAPE 0.049162 | RMSE 268.427119|
0.0515335276722908,0.04338696971535683,0.05256442725658417
230.6953398830371,261.8682427529157,312.7177741190929
Experiment 77873
Epoch 0069 [Train seq (cond on sampled tp)] | Loss 1876013.207299 | MAPE 0.071353 | RMSE 83.635590 | Likelihood -1876009.961998 | KL fp 3.2453 | FP STD 0.2318|
Epoch 0069 [Val seq (cond on sampled tp)] |  MAPE 0.025538 | RMSE 85.089309 |
Epoch 0069 [Test seq (cond on sampled tp)] | MAPE 0.044837 | RMSE 286.602056|
0.052595727145671844,0.04415568336844444,0.037758782505989075
270.27438315071595,278.8299212781871,310.70186423241813
Experiment 77873
Epoch 0070 [Train seq (cond on sampled tp)] | Loss 1872972.541855 | MAPE 0.053778 | RMSE 84.610856 | Likelihood -1872969.586638 | KL fp 2.9552 | FP STD 0.2343|
Epoch 0070 [Val seq (cond on sampled tp)] |  MAPE 0.028417 | RMSE 82.629107 |
Epoch 0070 [Test seq (cond on sampled tp)] | MAPE 0.049170 | RMSE 280.749378|
0.05276893451809883,0.04792015627026558,0.04682188853621483
258.41087377952965,283.1200192718629,300.7172415658936
Experiment 77873
Epoch 0071 [Train seq (cond on sampled tp)] | Loss 1867237.740186 | MAPE 0.053704 | RMSE 83.411306 | Likelihood -1867234.845091 | KL fp 2.8951 | FP STD 0.2184|
Epoch 0071 [Val seq (cond on sampled tp)] |  MAPE 0.031597 | RMSE 95.392681 |
Epoch 0071 [Test seq (cond on sampled tp)] | MAPE 0.055393 | RMSE 274.820315|
0.05462094023823738,0.0514717698097229,0.060086414217948914
204.12407187480363,289.16578560144353,331.17108729854425
Experiment 77873
Epoch 0072 [Train seq (cond on sampled tp)] | Loss 1863539.088435 | MAPE 0.062176 | RMSE 82.257994 | Likelihood -1863536.018887 | KL fp 3.0695 | FP STD 0.2273|
Epoch 0072 [Val seq (cond on sampled tp)] |  MAPE 0.027382 | RMSE 96.361558 |
Epoch 0072 [Test seq (cond on sampled tp)] | MAPE 0.045273 | RMSE 297.373500|
0.050166912376880646,0.0436759851872921,0.04197656363248825
247.5176919181738,312.6960759867319,331.90673106311056
Experiment 77873
Epoch 0073 [Train seq (cond on sampled tp)] | Loss 1856813.741081 | MAPE 0.058861 | RMSE 81.621715 | Likelihood -1856810.790366 | KL fp 2.9507 | FP STD 0.2139|
Epoch 0073 [Val seq (cond on sampled tp)] |  MAPE 0.028646 | RMSE 88.465350 |
Epoch 0073 [Test seq (cond on sampled tp)] | MAPE 0.044809 | RMSE 282.643187|
0.047771818935871124,0.039124589413404465,0.04753110930323601
230.0138243128008,269.0962885288461,348.8194487302851
Experiment 77873
Epoch 0074 [Train seq (cond on sampled tp)] | Loss 1853248.990261 | MAPE 0.058974 | RMSE 79.288212 | Likelihood -1853245.778302 | KL fp 3.2120 | FP STD 0.1901|
Epoch 0074 [Val seq (cond on sampled tp)] |  MAPE 0.026064 | RMSE 75.679358 |
Epoch 0074 [Test seq (cond on sampled tp)] | MAPE 0.044765 | RMSE 263.887636|
0.0477755069732666,0.04324163496494293,0.04327844828367233
228.5898260941418,247.00685561083117,316.06622624855066
Experiment 77873
Epoch 0075 [Train seq (cond on sampled tp)] | Loss 1850221.085701 | MAPE 0.063866 | RMSE 79.905662 | Likelihood -1850217.916178 | KL fp 3.1695 | FP STD 0.2165|
Epoch 0075 [Val seq (cond on sampled tp)] |  MAPE 0.027411 | RMSE 85.447598 |
Epoch 0075 [Test seq (cond on sampled tp)] | MAPE 0.044758 | RMSE 290.361066|
0.051516998559236526,0.045109253376722336,0.037648532539606094
256.51152812787967,303.9291138571624,310.64255483594
Experiment 77873
Epoch 0076 [Train seq (cond on sampled tp)] | Loss 1864054.867977 | MAPE 0.062463 | RMSE 82.028487 | Likelihood -1864051.855007 | KL fp 3.0130 | FP STD 0.2309|
Epoch 0076 [Val seq (cond on sampled tp)] |  MAPE 0.029225 | RMSE 81.443025 |
Epoch 0076 [Test seq (cond on sampled tp)] | MAPE 0.043190 | RMSE 292.994900|
0.04705004021525383,0.03707852587103844,0.04544151574373245
249.20083203613106,310.14444719356175,319.6394208713938
Experiment 77873
Epoch 0077 [Train seq (cond on sampled tp)] | Loss 1911568.637222 | MAPE 0.061952 | RMSE 88.573972 | Likelihood -1911565.698492 | KL fp 2.9387 | FP STD 0.2196|
Epoch 0077 [Val seq (cond on sampled tp)] |  MAPE 0.028632 | RMSE 90.262751 |
Epoch 0077 [Test seq (cond on sampled tp)] | MAPE 0.047320 | RMSE 289.555807|
0.04442468658089638,0.0451810397207737,0.052352938801050186
233.7980899729508,301.18938705571946,333.6799434900156
Experiment 77873
Epoch 0078 [Train seq (cond on sampled tp)] | Loss 1849242.814237 | MAPE 0.065322 | RMSE 79.256080 | Likelihood -1849239.857000 | KL fp 2.9572 | FP STD 0.2328|
Epoch 0078 [Val seq (cond on sampled tp)] |  MAPE 0.027238 | RMSE 89.065496 |
Epoch 0078 [Test seq (cond on sampled tp)] | MAPE 0.043272 | RMSE 270.540317|
0.046472690999507904,0.04058760404586792,0.042755793780088425
240.68419726375888,268.7256820393243,302.21107069397704
Experiment 77873
Epoch 0079 [Train seq (cond on sampled tp)] | Loss 1848606.005581 | MAPE 0.059755 | RMSE 80.227384 | Likelihood -1848603.030806 | KL fp 2.9748 | FP STD 0.2360|
Epoch 0079 [Val seq (cond on sampled tp)] |  MAPE 0.027097 | RMSE 86.793737 |
Epoch 0079 [Test seq (cond on sampled tp)] | MAPE 0.041530 | RMSE 302.289615|
0.049614325165748596,0.039545610547065735,0.035429179668426514
258.02990076248915,324.303098967617,324.53584644072833
0.049614325165748596,0.039545610547065735,0.035429179668426514
258.02990076248915,324.303098967617,324.53584644072833
Epoch 0079 [Test seq (cond on sampled tp)] | Best Test MAPE 0.041530|Best Test RMSE 302.289615|
Experiment 77873
Epoch 0080 [Train seq (cond on sampled tp)] | Loss 1905540.260462 | MAPE 0.057485 | RMSE 88.991387 | Likelihood -1905537.544245 | KL fp 2.7162 | FP STD 0.2503|
Epoch 0080 [Val seq (cond on sampled tp)] |  MAPE 0.021090 | RMSE 72.478283 |
Epoch 0080 [Test seq (cond on sampled tp)] | MAPE 0.043059 | RMSE 299.288063|
0.04632318764925003,0.04196356609463692,0.04089134559035301
244.86718338723955,313.5387984364933,339.4582080315631
Experiment 77873
Epoch 0081 [Train seq (cond on sampled tp)] | Loss 1865175.988519 | MAPE 0.059812 | RMSE 82.478472 | Likelihood -1865173.034603 | KL fp 2.9539 | FP STD 0.2237|
Epoch 0081 [Val seq (cond on sampled tp)] |  MAPE 0.025652 | RMSE 82.046195 |
Epoch 0081 [Test seq (cond on sampled tp)] | MAPE 0.045219 | RMSE 307.854352|
0.05232419818639755,0.0471968874335289,0.03613460808992386
266.9299709193406,312.2773456800861,344.3557390257929
Experiment 77873
Epoch 0082 [Train seq (cond on sampled tp)] | Loss 1866994.203873 | MAPE 0.059587 | RMSE 82.563006 | Likelihood -1866991.013939 | KL fp 3.1899 | FP STD 0.1849|
Epoch 0082 [Val seq (cond on sampled tp)] |  MAPE 0.028273 | RMSE 82.083141 |
Epoch 0082 [Test seq (cond on sampled tp)] | MAPE 0.045865 | RMSE 310.054817|
0.04851077124476433,0.044445302337408066,0.044639524072408676
263.72354725166275,289.48552155073315,376.955381146098
Experiment 77873
Epoch 0083 [Train seq (cond on sampled tp)] | Loss 1844904.772147 | MAPE 0.061952 | RMSE 79.984982 | Likelihood -1844901.626401 | KL fp 3.1457 | FP STD 0.1736|
Epoch 0083 [Val seq (cond on sampled tp)] |  MAPE 0.027753 | RMSE 83.490819 |
Epoch 0083 [Test seq (cond on sampled tp)] | MAPE 0.049559 | RMSE 293.839798|
0.05019167810678482,0.046436212956905365,0.0520503893494606
247.16946046690316,289.20747040403364,345.14246379212744
Experiment 77873
Epoch 0084 [Train seq (cond on sampled tp)] | Loss 1868370.246391 | MAPE 0.069322 | RMSE 81.695029 | Likelihood -1868367.014438 | KL fp 3.2320 | FP STD 0.1950|
Epoch 0084 [Val seq (cond on sampled tp)] |  MAPE 0.026611 | RMSE 90.535047 |
Epoch 0084 [Test seq (cond on sampled tp)] | MAPE 0.045415 | RMSE 321.027660|
0.04732630029320717,0.04309336468577385,0.045824144035577774
271.8295795392768,329.88500600588077,361.3683953910469
Experiment 77873
Epoch 0085 [Train seq (cond on sampled tp)] | Loss 1859756.433003 | MAPE 0.063557 | RMSE 81.235162 | Likelihood -1859753.366557 | KL fp 3.0664 | FP STD 0.1982|
Epoch 0085 [Val seq (cond on sampled tp)] |  MAPE 0.030074 | RMSE 92.428039 |
Epoch 0085 [Test seq (cond on sampled tp)] | MAPE 0.045723 | RMSE 297.241421|
0.04703070595860481,0.04553559049963951,0.044603414833545685
240.92468351125834,340.06333279626017,310.7362476844309
Experiment 77873
Epoch 0086 [Train seq (cond on sampled tp)] | Loss 1881798.788770 | MAPE 0.068038 | RMSE 83.575771 | Likelihood -1881795.570362 | KL fp 3.2184 | FP STD 0.2024|
Epoch 0086 [Val seq (cond on sampled tp)] |  MAPE 0.026724 | RMSE 85.176933 |
Epoch 0086 [Test seq (cond on sampled tp)] | MAPE 0.049363 | RMSE 284.565574|
0.04653661325573921,0.04960750415921211,0.051943615078926086
217.52295137525144,320.32795694412937,315.8458138475164
Experiment 77873
Epoch 0087 [Train seq (cond on sampled tp)] | Loss 1852498.929406 | MAPE 0.070361 | RMSE 79.766947 | Likelihood -1852495.603554 | KL fp 3.3259 | FP STD 0.1936|
Epoch 0087 [Val seq (cond on sampled tp)] |  MAPE 0.025999 | RMSE 84.916549 |
Epoch 0087 [Test seq (cond on sampled tp)] | MAPE 0.042636 | RMSE 270.763962|
0.051206592470407486,0.04219425097107887,0.034506138414144516
235.06512561681708,257.15532149850605,320.0714397794655
Experiment 77873
Epoch 0088 [Train seq (cond on sampled tp)] | Loss 1841053.364820 | MAPE 0.060837 | RMSE 78.359027 | Likelihood -1841050.172832 | KL fp 3.1920 | FP STD 0.1792|
Epoch 0088 [Val seq (cond on sampled tp)] |  MAPE 0.027696 | RMSE 83.415089 |
Epoch 0088 [Test seq (cond on sampled tp)] | MAPE 0.044992 | RMSE 283.832485|
0.04647555574774742,0.04257602244615555,0.045924291014671326
241.67705078265087,259.2978801012457,350.5225229033079
Experiment 77873
Epoch 0089 [Train seq (cond on sampled tp)] | Loss 1853662.814043 | MAPE 0.065545 | RMSE 79.186649 | Likelihood -1853659.934953 | KL fp 2.8791 | FP STD 0.2149|
Epoch 0089 [Val seq (cond on sampled tp)] |  MAPE 0.025021 | RMSE 93.722772 |
Epoch 0089 [Test seq (cond on sampled tp)] | MAPE 0.041655 | RMSE 290.671211|
0.042347583919763565,0.037199366837739944,0.04541865736246109
237.4262138670665,256.65525881033494,377.93216157135925
Experiment 77873
Epoch 0090 [Train seq (cond on sampled tp)] | Loss 1861999.368102 | MAPE 0.069346 | RMSE 82.015893 | Likelihood -1861996.071323 | KL fp 3.2968 | FP STD 0.1832|
Epoch 0090 [Val seq (cond on sampled tp)] |  MAPE 0.033824 | RMSE 103.036430 |
Epoch 0090 [Test seq (cond on sampled tp)] | MAPE 0.040789 | RMSE 286.025000|
0.04678623005747795,0.03865976631641388,0.03692156821489334
249.98801533773573,281.8766906822911,326.2102945187353
0.04678623005747795,0.03865976631641388,0.03692156821489334
249.98801533773573,281.8766906822911,326.2102945187353
Epoch 0090 [Test seq (cond on sampled tp)] | Best Test MAPE 0.040789|Best Test RMSE 286.025000|
Experiment 77873
Epoch 0091 [Train seq (cond on sampled tp)] | Loss 1879483.438931 | MAPE 0.068363 | RMSE 85.006280 | Likelihood -1879480.639010 | KL fp 2.7999 | FP STD 0.2121|
Epoch 0091 [Val seq (cond on sampled tp)] |  MAPE 0.035888 | RMSE 95.522315 |
Epoch 0091 [Test seq (cond on sampled tp)] | MAPE 0.052017 | RMSE 263.345426|
0.05165388435125351,0.04833271726965904,0.0560649037361145
200.4062085802234,254.2913637075589,335.33870470764333
Experiment 77873
Epoch 0092 [Train seq (cond on sampled tp)] | Loss 1864592.480253 | MAPE 0.068920 | RMSE 81.304902 | Likelihood -1864589.267967 | KL fp 3.2123 | FP STD 0.1933|
Epoch 0092 [Val seq (cond on sampled tp)] |  MAPE 0.033892 | RMSE 99.102998 |
Epoch 0092 [Test seq (cond on sampled tp)] | MAPE 0.054701 | RMSE 348.818517|
0.05696355178952217,0.05508645996451378,0.052052248269319534
315.1979041015343,356.3030442965651,374.9546014186251
Experiment 77873
Epoch 0093 [Train seq (cond on sampled tp)] | Loss 1897800.167719 | MAPE 0.070416 | RMSE 87.935098 | Likelihood -1897797.156244 | KL fp 3.0115 | FP STD 0.1908|
Epoch 0093 [Val seq (cond on sampled tp)] |  MAPE 0.024945 | RMSE 85.375912 |
Epoch 0093 [Test seq (cond on sampled tp)] | MAPE 0.043265 | RMSE 264.383722|
0.048398129642009735,0.04070728272199631,0.04068924859166145
215.3041634815732,259.01028575135774,318.8367161455845
Experiment 77873
Epoch 0094 [Train seq (cond on sampled tp)] | Loss 1871182.241302 | MAPE 0.062550 | RMSE 81.405663 | Likelihood -1871179.390705 | KL fp 2.8506 | FP STD 0.2194|
Epoch 0094 [Val seq (cond on sampled tp)] |  MAPE 0.026823 | RMSE 89.300012 |
Epoch 0094 [Test seq (cond on sampled tp)] | MAPE 0.045602 | RMSE 276.052613|
0.05410594865679741,0.04671819135546684,0.03598051890730858
215.79320432128998,298.9365264985194,313.42810928105985
Experiment 77873
Epoch 0095 [Train seq (cond on sampled tp)] | Loss 1886994.181880 | MAPE 0.081045 | RMSE 84.488892 | Likelihood -1886990.945063 | KL fp 3.2368 | FP STD 0.2078|
Epoch 0095 [Val seq (cond on sampled tp)] |  MAPE 0.034731 | RMSE 83.608565 |
Epoch 0095 [Test seq (cond on sampled tp)] | MAPE 0.045595 | RMSE 269.485041|
0.04432317242026329,0.047398414462804794,0.04506368562579155
175.38698284080263,299.1462852853099,333.92185416276664
Experiment 77873
Epoch 0096 [Train seq (cond on sampled tp)] | Loss 1868070.476170 | MAPE 0.067514 | RMSE 82.870140 | Likelihood -1868067.424830 | KL fp 3.0513 | FP STD 0.1826|
Epoch 0096 [Val seq (cond on sampled tp)] |  MAPE 0.026227 | RMSE 83.263612 |
Epoch 0096 [Test seq (cond on sampled tp)] | MAPE 0.047624 | RMSE 317.897829|
0.047296445816755295,0.04678264632821083,0.04879331588745117
248.88770528844933,300.26684746654934,404.53893508536356
Experiment 77873
Epoch 0097 [Train seq (cond on sampled tp)] | Loss 1877380.600204 | MAPE 0.063620 | RMSE 86.845603 | Likelihood -1877377.188443 | KL fp 3.4118 | FP STD 0.1961|
Epoch 0097 [Val seq (cond on sampled tp)] |  MAPE 0.027282 | RMSE 85.464959 |
Epoch 0097 [Test seq (cond on sampled tp)] | MAPE 0.043446 | RMSE 290.012629|
0.04640429839491844,0.04315855726599693,0.0407760813832283
238.83355867633009,287.279861372147,343.92446708906886
Experiment 77873
Epoch 0098 [Train seq (cond on sampled tp)] | Loss 1845644.694393 | MAPE 0.058500 | RMSE 81.050876 | Likelihood -1845641.760725 | KL fp 2.9337 | FP STD 0.2204|
Epoch 0098 [Val seq (cond on sampled tp)] |  MAPE 0.026493 | RMSE 84.799946 |
Epoch 0098 [Test seq (cond on sampled tp)] | MAPE 0.046937 | RMSE 276.962066|
0.05205611139535904,0.044249847531318665,0.04450486972928047
222.33720343489526,254.6638716033352,353.88512216183943
Experiment 77873
Epoch 0099 [Train seq (cond on sampled tp)] | Loss 1845193.393021 | MAPE 0.065592 | RMSE 77.992568 | Likelihood -1845190.199053 | KL fp 3.1940 | FP STD 0.2011|
Epoch 0099 [Val seq (cond on sampled tp)] |  MAPE 0.028839 | RMSE 91.554159 |
Epoch 0099 [Test seq (cond on sampled tp)] | MAPE 0.045679 | RMSE 339.044142|
0.051895756274461746,0.04490891471505165,0.040231574326753616
313.7406248599311,335.9732946046456,367.4185071209669
Experiment 77873
Epoch 0100 [Train seq (cond on sampled tp)] | Loss 1854871.808515 | MAPE 0.066922 | RMSE 81.081289 | Likelihood -1854868.806078 | KL fp 3.0024 | FP STD 0.1881|
Epoch 0100 [Val seq (cond on sampled tp)] |  MAPE 0.026706 | RMSE 88.235879 |
Epoch 0100 [Test seq (cond on sampled tp)] | MAPE 0.044999 | RMSE 320.833203|
0.043698862195014954,0.04609215259552002,0.0452062226831913
280.16903379924054,305.90281340648045,376.4277611640778
