/nvme/yuanjingyang/CG-ODE/run_models_covid.py
run_models_covid.py --heavyBall
Namespace(save='experiments/', load=None, dataset='Dec', datapath='data/', pred_length=14, condition_length=21, features='Confirmed,Deaths,Recovered,Mortality_Rate,Testing_Rate,Population,Mobility', split_interval=3, feature_out='Deaths', niters=100, lr=0.005, batch_size=8, random_seed=1991, dropout=0.2, l2=1e-05, optimizer='AdamW', clip=10, edge_lamda=0.5, z0_encoder='GTrans', rec_dims=64, ode_dims=20, rec_layers=1, gen_layers=1, heavyBall=True, actv_h=None, gamma_guess=-3.0, gamma_act='sigmoid', corr=-100, corrf=True, sign=1, augment_dim=0, solver='rk4', alias='run', output_dim=1, feature_out_index=[1], num_atoms=50)
run
Experiment 06-19_23:06
Epoch 0001 [Train seq (cond on sampled tp)] | Loss 4396677.157167 | MAPE 0.063322 | RMSE 286.429225 | Likelihood -4396675.626165 | KL fp 1.5310 | FP STD 0.4182|
Epoch 0001 [Val seq (cond on sampled tp)] |  MAPE 0.057999 | RMSE 305.697844 |
Best Val!
Epoch 0001 [Test seq (cond on sampled tp)] | MAPE 0.121441 | RMSE 906.001322|
0.13448718190193176,0.1257597655057907,0.10407544672489166
851.1130212844826,937.0233454935901,929.8675981020093
0.13448718190193176,0.1257597655057907,0.10407544672489166
851.1130212844826,937.0233454935901,929.8675981020093
Epoch 0001 [Test seq (cond on sampled tp)] | Best Test MAPE 0.121441|Best Test RMSE 906.001322|
Experiment 06-19_23:06
Epoch 0002 [Train seq (cond on sampled tp)] | Loss 4195976.141428 | MAPE 0.095511 | RMSE 276.045492 | Likelihood -4195973.096227 | KL fp 3.0452 | FP STD 0.6323|
Epoch 0002 [Val seq (cond on sampled tp)] |  MAPE 0.066593 | RMSE 280.668635 |
Epoch 0002 [Test seq (cond on sampled tp)] | MAPE 0.109794 | RMSE 865.584682|
0.11902152001857758,0.11233025044202805,0.098029725253582
807.7523212594316,895.4637415886809,893.537981845204
0.11902152001857758,0.11233025044202805,0.098029725253582
807.7523212594316,895.4637415886809,893.537981845204
Epoch 0002 [Test seq (cond on sampled tp)] | Best Test MAPE 0.109794|Best Test RMSE 865.584682|
Experiment 06-19_23:06
Epoch 0003 [Train seq (cond on sampled tp)] | Loss 3836014.662399 | MAPE 0.237692 | RMSE 256.344124 | Likelihood -3836008.716558 | KL fp 5.9458 | FP STD 0.8024|
Epoch 0003 [Val seq (cond on sampled tp)] |  MAPE 0.103422 | RMSE 238.895931 |
Epoch 0003 [Test seq (cond on sampled tp)] | MAPE 0.136044 | RMSE 785.629543|
0.14483404159545898,0.13862639665603638,0.1246708557009697
723.9609796114705,816.261255665121,816.6663945577778
Experiment 06-19_23:06
Epoch 0004 [Train seq (cond on sampled tp)] | Loss 3541928.644219 | MAPE 0.478331 | RMSE 238.900334 | Likelihood -3541920.694995 | KL fp 7.9492 | FP STD 0.7366|
Epoch 0004 [Val seq (cond on sampled tp)] |  MAPE 0.114549 | RMSE 204.392421 |
Epoch 0004 [Test seq (cond on sampled tp)] | MAPE 0.130065 | RMSE 711.316513|
0.13940750062465668,0.12701627612113953,0.12377181649208069
644.0440347911003,742.2733660855682,747.6321371503502
Experiment 06-19_23:06
Epoch 0005 [Train seq (cond on sampled tp)] | Loss 3139257.230434 | MAPE 0.348371 | RMSE 212.438579 | Likelihood -3139252.188560 | KL fp 5.0419 | FP STD 0.4969|
Epoch 0005 [Val seq (cond on sampled tp)] |  MAPE 0.031267 | RMSE 175.503200 |
Best Val!
Epoch 0005 [Test seq (cond on sampled tp)] | MAPE 0.064040 | RMSE 653.399323|
0.0684245154261589,0.06684256345033646,0.056851908564567566
587.256146200276,689.2548286011495,683.6869943548729
0.0684245154261589,0.06684256345033646,0.056851908564567566
587.256146200276,689.2548286011495,683.6869943548729
Epoch 0005 [Test seq (cond on sampled tp)] | Best Test MAPE 0.064040|Best Test RMSE 653.399323|
Experiment 06-19_23:06
Epoch 0006 [Train seq (cond on sampled tp)] | Loss 2836545.372569 | MAPE 0.047909 | RMSE 190.515485 | Likelihood -2836541.281524 | KL fp 4.0910 | FP STD 0.5110|
Epoch 0006 [Val seq (cond on sampled tp)] |  MAPE 0.033488 | RMSE 156.055773 |
Epoch 0006 [Test seq (cond on sampled tp)] | MAPE 0.071761 | RMSE 580.130751|
0.07820173352956772,0.07510533928871155,0.06197594478726387
504.85551769788555,618.7171455923942,616.8195897099897
Experiment 06-19_23:06
Epoch 0007 [Train seq (cond on sampled tp)] | Loss 2502320.226855 | MAPE 0.039092 | RMSE 162.075867 | Likelihood -2502316.632008 | KL fp 3.5948 | FP STD 0.4531|
Epoch 0007 [Val seq (cond on sampled tp)] |  MAPE 0.026974 | RMSE 120.360559 |
Best Val!
Epoch 0007 [Test seq (cond on sampled tp)] | MAPE 0.049891 | RMSE 493.764720|
0.05407806113362312,0.049545884132385254,0.04604877531528473
419.54560613239653,530.8341019094383,530.9144528546949
0.05407806113362312,0.049545884132385254,0.04604877531528473
419.54560613239653,530.8341019094383,530.9144528546949
Epoch 0007 [Test seq (cond on sampled tp)] | Best Test MAPE 0.049891|Best Test RMSE 493.764720|
Experiment 06-19_23:06
Epoch 0008 [Train seq (cond on sampled tp)] | Loss 2298421.990607 | MAPE 0.042537 | RMSE 141.272072 | Likelihood -2298418.565756 | KL fp 3.4249 | FP STD 0.3955|
Epoch 0008 [Val seq (cond on sampled tp)] |  MAPE 0.042113 | RMSE 110.470850 |
Epoch 0008 [Test seq (cond on sampled tp)] | MAPE 0.050905 | RMSE 401.760720|
0.04807101562619209,0.05069959536194801,0.05394411087036133
337.1863588951961,428.17771573261496,439.91808541477354
Experiment 06-19_23:06
Epoch 0009 [Train seq (cond on sampled tp)] | Loss 2143918.335366 | MAPE 0.038338 | RMSE 124.265150 | Likelihood -2143914.906742 | KL fp 3.4286 | FP STD 0.3393|
Epoch 0009 [Val seq (cond on sampled tp)] |  MAPE 0.029126 | RMSE 95.379715 |
Epoch 0009 [Test seq (cond on sampled tp)] | MAPE 0.054035 | RMSE 384.338269|
0.05586804449558258,0.0543266125023365,0.051910120993852615
334.68970003945446,406.13969656387934,412.18541034345213
Experiment 06-19_23:06
Epoch 0010 [Train seq (cond on sampled tp)] | Loss 2072894.931682 | MAPE 0.038997 | RMSE 115.327177 | Likelihood -2072891.494614 | KL fp 3.4371 | FP STD 0.2839|
Epoch 0010 [Val seq (cond on sampled tp)] |  MAPE 0.030275 | RMSE 104.108342 |
Epoch 0010 [Test seq (cond on sampled tp)] | MAPE 0.060263 | RMSE 391.144507|
0.0671505257487297,0.06132526323199272,0.052312858402729034
325.56747332542295,417.97727210938154,429.8887755861974
Experiment 06-19_23:06
Epoch 0011 [Train seq (cond on sampled tp)] | Loss 2108394.175502 | MAPE 0.053765 | RMSE 119.164626 | Likelihood -2108391.021413 | KL fp 3.1541 | FP STD 0.2380|
Epoch 0011 [Val seq (cond on sampled tp)] |  MAPE 0.024601 | RMSE 82.246572 |
Best Val!
Epoch 0011 [Test seq (cond on sampled tp)] | MAPE 0.046854 | RMSE 345.795605|
0.04963361471891403,0.05056538060307503,0.04036448523402214
282.6182689379793,377.4225293023722,377.346015779947
0.04963361471891403,0.05056538060307503,0.04036448523402214
282.6182689379793,377.4225293023722,377.346015779947
Epoch 0011 [Test seq (cond on sampled tp)] | Best Test MAPE 0.046854|Best Test RMSE 345.795605|
Experiment 06-19_23:06
Epoch 0012 [Train seq (cond on sampled tp)] | Loss 2027060.776629 | MAPE 0.036456 | RMSE 108.517668 | Likelihood -2027057.308649 | KL fp 3.4680 | FP STD 0.2212|
Epoch 0012 [Val seq (cond on sampled tp)] |  MAPE 0.022706 | RMSE 81.705693 |
Best Val!
Epoch 0012 [Test seq (cond on sampled tp)] | MAPE 0.052836 | RMSE 327.836628|
0.056861791759729385,0.05892558395862579,0.04272054508328438
263.8278321178416,357.7553174831927,361.9267342121883
Experiment 06-19_23:06
Epoch 0013 [Train seq (cond on sampled tp)] | Loss 2015604.010375 | MAPE 0.049210 | RMSE 106.213537 | Likelihood -2015600.570868 | KL fp 3.4395 | FP STD 0.1951|
Epoch 0013 [Val seq (cond on sampled tp)] |  MAPE 0.025433 | RMSE 79.770340 |
Epoch 0013 [Test seq (cond on sampled tp)] | MAPE 0.052893 | RMSE 310.620166|
0.06447651982307434,0.05233979970216751,0.041862037032842636
251.16639622718242,335.30636643970837,345.387735016749
Experiment 06-19_23:06
Epoch 0014 [Train seq (cond on sampled tp)] | Loss 1967761.918010 | MAPE 0.031536 | RMSE 100.016503 | Likelihood -1967758.466954 | KL fp 3.4511 | FP STD 0.1724|
Epoch 0014 [Val seq (cond on sampled tp)] |  MAPE 0.025628 | RMSE 75.291676 |
Epoch 0014 [Test seq (cond on sampled tp)] | MAPE 0.052881 | RMSE 292.585377|
0.05756482109427452,0.05563109368085861,0.045446984469890594
228.94015320602892,326.0377901792981,322.7781867048949
Experiment 06-19_23:06
Epoch 0015 [Train seq (cond on sampled tp)] | Loss 1953481.563991 | MAPE 0.051293 | RMSE 98.123361 | Likelihood -1953478.180551 | KL fp 3.3834 | FP STD 0.1676|
Epoch 0015 [Val seq (cond on sampled tp)] |  MAPE 0.028502 | RMSE 80.663036 |
Epoch 0015 [Test seq (cond on sampled tp)] | MAPE 0.058294 | RMSE 292.131196|
0.06160634383559227,0.059533532708883286,0.05374196544289589
235.07272810770712,311.0499733764657,330.27088787085063
Experiment 06-19_23:06
Epoch 0016 [Train seq (cond on sampled tp)] | Loss 1959622.062382 | MAPE 0.031939 | RMSE 99.669154 | Likelihood -1959618.748035 | KL fp 3.3143 | FP STD 0.1880|
Epoch 0016 [Val seq (cond on sampled tp)] |  MAPE 0.031557 | RMSE 89.030968 |
Epoch 0016 [Test seq (cond on sampled tp)] | MAPE 0.050911 | RMSE 303.771840|
0.05511125922203064,0.04996902495622635,0.04765385389328003
244.56920032988617,335.73333912496685,331.0129812409175
Experiment 06-19_23:06
Epoch 0017 [Train seq (cond on sampled tp)] | Loss 1997243.742948 | MAPE 0.039303 | RMSE 104.718456 | Likelihood -1997240.579452 | KL fp 3.1635 | FP STD 0.1785|
Epoch 0017 [Val seq (cond on sampled tp)] |  MAPE 0.033857 | RMSE 79.708334 |
Epoch 0017 [Test seq (cond on sampled tp)] | MAPE 0.058062 | RMSE 299.694502|
0.06624691933393478,0.05760744959115982,0.050331875681877136
234.34163929240148,321.22872011232124,343.5131456727675
Experiment 06-19_23:06
Epoch 0018 [Train seq (cond on sampled tp)] | Loss 1962219.528329 | MAPE 0.030856 | RMSE 98.506824 | Likelihood -1962216.507255 | KL fp 3.0211 | FP STD 0.2034|
Epoch 0018 [Val seq (cond on sampled tp)] |  MAPE 0.024608 | RMSE 88.993946 |
Epoch 0018 [Test seq (cond on sampled tp)] | MAPE 0.054754 | RMSE 298.338701|
0.06033337116241455,0.055135831236839294,0.04879320040345192
248.18415541690004,316.1990448080133,330.6329039697955
Experiment 06-19_23:06
Epoch 0019 [Train seq (cond on sampled tp)] | Loss 1942368.058113 | MAPE 0.037989 | RMSE 96.220241 | Likelihood -1942364.920782 | KL fp 3.1373 | FP STD 0.2019|
Epoch 0019 [Val seq (cond on sampled tp)] |  MAPE 0.027344 | RMSE 84.252225 |
Epoch 0019 [Test seq (cond on sampled tp)] | MAPE 0.056118 | RMSE 277.700103|
0.058613166213035583,0.05883590877056122,0.050904784351587296
222.16429203688426,306.42985789981367,304.506157573209
Experiment 06-19_23:06
Epoch 0020 [Train seq (cond on sampled tp)] | Loss 1946555.618491 | MAPE 0.033533 | RMSE 97.488849 | Likelihood -1946552.472617 | KL fp 3.1459 | FP STD 0.1775|
Epoch 0020 [Val seq (cond on sampled tp)] |  MAPE 0.035069 | RMSE 87.090058 |
Epoch 0020 [Test seq (cond on sampled tp)] | MAPE 0.055562 | RMSE 270.078597|
0.05857619643211365,0.0531449019908905,0.05496520549058914
223.61250139750683,284.61574973989053,302.00754077919976
Experiment 06-19_23:06
Epoch 0021 [Train seq (cond on sampled tp)] | Loss 1935245.281993 | MAPE 0.030914 | RMSE 95.470679 | Likelihood -1935242.353850 | KL fp 2.9281 | FP STD 0.1976|
Epoch 0021 [Val seq (cond on sampled tp)] |  MAPE 0.037625 | RMSE 81.329387 |
Epoch 0021 [Test seq (cond on sampled tp)] | MAPE 0.067151 | RMSE 259.016803|
0.06507677584886551,0.06462316960096359,0.07175226509571075
205.8557975258409,275.6366635854164,295.5579469410356
Experiment 06-19_23:06
Epoch 0022 [Train seq (cond on sampled tp)] | Loss 1934776.074604 | MAPE 0.038313 | RMSE 95.481330 | Likelihood -1934773.033683 | KL fp 3.0409 | FP STD 0.1900|
Epoch 0022 [Val seq (cond on sampled tp)] |  MAPE 0.024999 | RMSE 79.821740 |
Epoch 0022 [Test seq (cond on sampled tp)] | MAPE 0.046084 | RMSE 236.637918|
0.0552787184715271,0.047323670238256454,0.035648737102746964
189.37821779444437,256.7022990011971,263.83323627340815
0.0552787184715271,0.047323670238256454,0.035648737102746964
189.37821779444437,256.7022990011971,263.83323627340815
Epoch 0022 [Test seq (cond on sampled tp)] | Best Test MAPE 0.046084|Best Test RMSE 236.637918|
Experiment 06-19_23:06
Epoch 0023 [Train seq (cond on sampled tp)] | Loss 1920564.489938 | MAPE 0.033859 | RMSE 92.441710 | Likelihood -1920561.685494 | KL fp 2.8044 | FP STD 0.2284|
Epoch 0023 [Val seq (cond on sampled tp)] |  MAPE 0.028690 | RMSE 77.355687 |
Epoch 0023 [Test seq (cond on sampled tp)] | MAPE 0.061073 | RMSE 268.598842|
0.0634680986404419,0.06374723464250565,0.05600346624851227
226.8980704523509,283.20545214561105,295.6930022210536
Experiment 06-19_23:06
Epoch 0024 [Train seq (cond on sampled tp)] | Loss 1924872.570664 | MAPE 0.034251 | RMSE 93.474049 | Likelihood -1924869.824883 | KL fp 2.7458 | FP STD 0.2226|
Epoch 0024 [Val seq (cond on sampled tp)] |  MAPE 0.023984 | RMSE 84.367028 |
Epoch 0024 [Test seq (cond on sampled tp)] | MAPE 0.057805 | RMSE 279.273332|
0.06493283063173294,0.056750763207674026,0.05173257365822792
242.58923132787655,286.55930341728566,308.67146015221425
Experiment 06-19_23:06
Epoch 0025 [Train seq (cond on sampled tp)] | Loss 1903954.258167 | MAPE 0.034817 | RMSE 90.216784 | Likelihood -1903951.232202 | KL fp 3.0260 | FP STD 0.1875|
Epoch 0025 [Val seq (cond on sampled tp)] |  MAPE 0.027698 | RMSE 87.376481 |
Epoch 0025 [Test seq (cond on sampled tp)] | MAPE 0.063914 | RMSE 271.083582|
0.06736817210912704,0.06324844807386398,0.06112424284219742
227.34095573884173,279.8810294124988,306.02875937156625
Experiment 06-19_23:06
Epoch 0026 [Train seq (cond on sampled tp)] | Loss 1926241.748536 | MAPE 0.037461 | RMSE 94.005792 | Likelihood -1926238.987963 | KL fp 2.7606 | FP STD 0.1904|
Epoch 0026 [Val seq (cond on sampled tp)] |  MAPE 0.029566 | RMSE 86.368120 |
Epoch 0026 [Test seq (cond on sampled tp)] | MAPE 0.063136 | RMSE 273.232876|
0.07322448492050171,0.06122836843132973,0.05495423823595047
241.66836296100075,282.7889700156284,295.2412943255059
Experiment 06-19_23:06
Epoch 0027 [Train seq (cond on sampled tp)] | Loss 1913377.887209 | MAPE 0.030968 | RMSE 91.521303 | Likelihood -1913374.857004 | KL fp 3.0302 | FP STD 0.1707|
Epoch 0027 [Val seq (cond on sampled tp)] |  MAPE 0.029986 | RMSE 78.084636 |
Epoch 0027 [Test seq (cond on sampled tp)] | MAPE 0.061830 | RMSE 271.558441|
0.07098071277141571,0.06024713069200516,0.05426359549164772
221.6292124529165,300.92736872873496,292.11874190986106
Experiment 06-19_23:06
Epoch 0028 [Train seq (cond on sampled tp)] | Loss 1927622.803909 | MAPE 0.033905 | RMSE 91.989127 | Likelihood -1927619.881706 | KL fp 2.9222 | FP STD 0.1649|
Epoch 0028 [Val seq (cond on sampled tp)] |  MAPE 0.028649 | RMSE 96.955632 |
Epoch 0028 [Test seq (cond on sampled tp)] | MAPE 0.059375 | RMSE 271.882452|
0.061715707182884216,0.06140511482954025,0.05500461533665657
221.4114964974719,305.8161212231952,288.4197380771642
Experiment 06-19_23:06
Epoch 0029 [Train seq (cond on sampled tp)] | Loss 1918966.844906 | MAPE 0.034059 | RMSE 92.341398 | Likelihood -1918964.154775 | KL fp 2.6901 | FP STD 0.1959|
Epoch 0029 [Val seq (cond on sampled tp)] |  MAPE 0.028225 | RMSE 88.884545 |
Epoch 0029 [Test seq (cond on sampled tp)] | MAPE 0.061890 | RMSE 247.437089|
0.06462403386831284,0.06279978901147842,0.058244943618774414
199.47569949119116,255.7021200904482,287.13344839551525
Experiment 06-19_23:06
Epoch 0030 [Train seq (cond on sampled tp)] | Loss 1897812.389747 | MAPE 0.033387 | RMSE 87.964377 | Likelihood -1897809.632766 | KL fp 2.7570 | FP STD 0.1962|
Epoch 0030 [Val seq (cond on sampled tp)] |  MAPE 0.029885 | RMSE 90.432438 |
Epoch 0030 [Test seq (cond on sampled tp)] | MAPE 0.061779 | RMSE 283.153431|
0.06802941858768463,0.060016632080078125,0.057290706783533096
243.69791110101866,293.8426582586334,311.9197237471526
Experiment 06-19_23:06
Epoch 0031 [Train seq (cond on sampled tp)] | Loss 1955148.384166 | MAPE 0.036597 | RMSE 98.672634 | Likelihood -1955145.799810 | KL fp 2.5844 | FP STD 0.2238|
Epoch 0031 [Val seq (cond on sampled tp)] |  MAPE 0.028200 | RMSE 105.744958 |
Epoch 0031 [Test seq (cond on sampled tp)] | MAPE 0.057535 | RMSE 272.173376|
0.06312283128499985,0.05279073491692543,0.056692786514759064
217.9470172857385,295.36658896192034,303.2065225428041
Experiment 06-19_23:06
Epoch 0032 [Train seq (cond on sampled tp)] | Loss 1936351.223292 | MAPE 0.034711 | RMSE 95.858907 | Likelihood -1936348.779596 | KL fp 2.4437 | FP STD 0.2786|
Epoch 0032 [Val seq (cond on sampled tp)] |  MAPE 0.032068 | RMSE 76.043300 |
Epoch 0032 [Test seq (cond on sampled tp)] | MAPE 0.071163 | RMSE 250.496546|
0.06893449276685715,0.07344336062669754,0.07111244648694992
208.30198930879178,265.5715681553656,277.6160793253878
Experiment 06-19_23:06
Epoch 0033 [Train seq (cond on sampled tp)] | Loss 1942770.501729 | MAPE 0.046488 | RMSE 95.908029 | Likelihood -1942767.818371 | KL fp 2.6834 | FP STD 0.2145|
Epoch 0033 [Val seq (cond on sampled tp)] |  MAPE 0.031565 | RMSE 74.981687 |
Epoch 0033 [Test seq (cond on sampled tp)] | MAPE 0.065545 | RMSE 266.728323|
0.06474383175373077,0.060993898659944534,0.0708961933851242
227.61605899518602,296.8953019374001,275.6736068251729
Experiment 06-19_23:06
Epoch 0034 [Train seq (cond on sampled tp)] | Loss 1957781.711587 | MAPE 0.081364 | RMSE 98.006844 | Likelihood -1957779.030600 | KL fp 2.6810 | FP STD 0.2155|
Epoch 0034 [Val seq (cond on sampled tp)] |  MAPE 0.059235 | RMSE 92.330842 |
Epoch 0034 [Test seq (cond on sampled tp)] | MAPE 0.074517 | RMSE 279.842579|
0.07694146782159805,0.072895847260952,0.07371443510055542
232.94481978035057,305.20504122229045,301.3778774230119
Experiment 06-19_23:06
Epoch 0035 [Train seq (cond on sampled tp)] | Loss 1931966.105947 | MAPE 0.047656 | RMSE 94.379286 | Likelihood -1931963.582655 | KL fp 2.5233 | FP STD 0.2143|
Epoch 0035 [Val seq (cond on sampled tp)] |  MAPE 0.029111 | RMSE 88.030282 |
Epoch 0035 [Test seq (cond on sampled tp)] | MAPE 0.068321 | RMSE 278.204572|
0.06560720503330231,0.06972746551036835,0.06962862610816956
221.8242107362269,299.2098840070294,313.57962256419023
Experiment 06-19_23:06
Epoch 0036 [Train seq (cond on sampled tp)] | Loss 1934414.722902 | MAPE 0.036126 | RMSE 94.621302 | Likelihood -1934411.796224 | KL fp 2.9267 | FP STD 0.1761|
Epoch 0036 [Val seq (cond on sampled tp)] |  MAPE 0.029036 | RMSE 97.422691 |
Epoch 0036 [Test seq (cond on sampled tp)] | MAPE 0.062167 | RMSE 294.590878|
0.0670108050107956,0.061987441033124924,0.05750206857919693
247.79395422406898,312.5272613109135,323.45141878263576
Experiment 06-19_23:06
Epoch 0037 [Train seq (cond on sampled tp)] | Loss 1938801.906633 | MAPE 0.043866 | RMSE 94.967455 | Likelihood -1938799.331788 | KL fp 2.5748 | FP STD 0.2055|
Epoch 0037 [Val seq (cond on sampled tp)] |  MAPE 0.032730 | RMSE 97.006443 |
Epoch 0037 [Test seq (cond on sampled tp)] | MAPE 0.047376 | RMSE 278.379069|
0.05099052935838699,0.05014940723776817,0.04098888486623764
224.8351740025346,290.4447290363521,319.8573046101965
Experiment 06-19_23:06
Epoch 0038 [Train seq (cond on sampled tp)] | Loss 1916188.868133 | MAPE 0.032780 | RMSE 91.693000 | Likelihood -1916186.283075 | KL fp 2.5851 | FP STD 0.2209|
Epoch 0038 [Val seq (cond on sampled tp)] |  MAPE 0.024927 | RMSE 85.053519 |
Epoch 0038 [Test seq (cond on sampled tp)] | MAPE 0.053074 | RMSE 242.658071|
0.05601683631539345,0.0508539192378521,0.05235173925757408
201.50081420431036,253.32768891052947,273.1457085970783
Experiment 06-19_23:06
Epoch 0039 [Train seq (cond on sampled tp)] | Loss 1939040.495420 | MAPE 0.040725 | RMSE 93.351254 | Likelihood -1939037.885911 | KL fp 2.6095 | FP STD 0.2259|
Epoch 0039 [Val seq (cond on sampled tp)] |  MAPE 0.027305 | RMSE 107.751636 |
Epoch 0039 [Test seq (cond on sampled tp)] | MAPE 0.054030 | RMSE 296.597902|
0.056329477578401566,0.057904984802007675,0.047854796051979065
230.88603113874169,307.6445417401388,351.2631336512558
Experiment 06-19_23:06
Epoch 0040 [Train seq (cond on sampled tp)] | Loss 1904948.176358 | MAPE 0.036275 | RMSE 89.574275 | Likelihood -1904945.504487 | KL fp 2.6719 | FP STD 0.2059|
Epoch 0040 [Val seq (cond on sampled tp)] |  MAPE 0.030925 | RMSE 86.673296 |
Epoch 0040 [Test seq (cond on sampled tp)] | MAPE 0.059452 | RMSE 244.549742|
0.056726083159446716,0.06073355674743652,0.06089680641889572
186.46436908294302,272.74250963592016,274.4423465183535
Experiment 06-19_23:06
Epoch 0041 [Train seq (cond on sampled tp)] | Loss 1899464.232487 | MAPE 0.036026 | RMSE 89.148464 | Likelihood -1899461.345880 | KL fp 2.8866 | FP STD 0.1865|
Epoch 0041 [Val seq (cond on sampled tp)] |  MAPE 0.028316 | RMSE 92.011654 |
Epoch 0041 [Test seq (cond on sampled tp)] | MAPE 0.062294 | RMSE 290.535975|
0.05955364927649498,0.05955127626657486,0.0677756518125534
235.37100036431846,309.15849747742664,327.07842618399644
Experiment 06-19_23:06
Epoch 0042 [Train seq (cond on sampled tp)] | Loss 1930776.789920 | MAPE 0.035799 | RMSE 94.013646 | Likelihood -1930774.249531 | KL fp 2.5404 | FP STD 0.2032|
Epoch 0042 [Val seq (cond on sampled tp)] |  MAPE 0.026867 | RMSE 89.056932 |
Epoch 0042 [Test seq (cond on sampled tp)] | MAPE 0.065040 | RMSE 250.754034|
0.06901513040065765,0.06475283205509186,0.06135278195142746
215.46699827061684,267.1807966995383,269.6143078547576
Experiment 06-19_23:06
Epoch 0043 [Train seq (cond on sampled tp)] | Loss 1888031.006442 | MAPE 0.033372 | RMSE 87.560737 | Likelihood -1888028.317153 | KL fp 2.6893 | FP STD 0.2034|
Epoch 0043 [Val seq (cond on sampled tp)] |  MAPE 0.027770 | RMSE 84.035419 |
Epoch 0043 [Test seq (cond on sampled tp)] | MAPE 0.055830 | RMSE 270.471423|
0.0615418367087841,0.053570207208395004,0.05237729847431183
212.28030923168546,282.4173689993234,316.71659008883637
Experiment 06-19_23:06
Epoch 0044 [Train seq (cond on sampled tp)] | Loss 1902962.984400 | MAPE 0.032724 | RMSE 88.771202 | Likelihood -1902960.299953 | KL fp 2.6844 | FP STD 0.2030|
Epoch 0044 [Val seq (cond on sampled tp)] |  MAPE 0.028519 | RMSE 84.745587 |
Epoch 0044 [Test seq (cond on sampled tp)] | MAPE 0.068217 | RMSE 266.760281|
0.06819013506174088,0.06689771264791489,0.06956369429826736
233.71591496141207,271.22001562384736,295.34491224244914
Experiment 06-19_23:06
Epoch 0045 [Train seq (cond on sampled tp)] | Loss 1879487.876279 | MAPE 0.032010 | RMSE 85.380519 | Likelihood -1879485.356802 | KL fp 2.5195 | FP STD 0.2227|
Epoch 0045 [Val seq (cond on sampled tp)] |  MAPE 0.031561 | RMSE 81.664376 |
Epoch 0045 [Test seq (cond on sampled tp)] | MAPE 0.064224 | RMSE 259.073877|
0.06237701326608658,0.06625956296920776,0.06403674930334091
220.849611231829,267.5347086127331,288.83731093385427
Experiment 06-19_23:06
Epoch 0046 [Train seq (cond on sampled tp)] | Loss 1884624.229809 | MAPE 0.034244 | RMSE 86.384831 | Likelihood -1884621.397458 | KL fp 2.8324 | FP STD 0.1720|
Epoch 0046 [Val seq (cond on sampled tp)] |  MAPE 0.031229 | RMSE 83.669787 |
Epoch 0046 [Test seq (cond on sampled tp)] | MAPE 0.070825 | RMSE 261.691431|
0.07466620951890945,0.061050619930028915,0.07675909996032715
224.00850116401833,267.3280405232493,293.7377524042492
Experiment 06-19_23:06
Epoch 0047 [Train seq (cond on sampled tp)] | Loss 1875886.535706 | MAPE 0.035888 | RMSE 84.814270 | Likelihood -1875883.827950 | KL fp 2.7078 | FP STD 0.1854|
Epoch 0047 [Val seq (cond on sampled tp)] |  MAPE 0.030344 | RMSE 80.482199 |
Epoch 0047 [Test seq (cond on sampled tp)] | MAPE 0.068777 | RMSE 294.016116|
0.06939437985420227,0.06131250411272049,0.07562468945980072
254.5069298540808,294.4388863796696,333.1025320753356
Experiment 06-19_23:06
Epoch 0048 [Train seq (cond on sampled tp)] | Loss 1932778.519786 | MAPE 0.035063 | RMSE 94.536822 | Likelihood -1932775.836042 | KL fp 2.6837 | FP STD 0.1881|
Epoch 0048 [Val seq (cond on sampled tp)] |  MAPE 0.028261 | RMSE 90.063506 |
Epoch 0048 [Test seq (cond on sampled tp)] | MAPE 0.054263 | RMSE 283.416629|
0.06238429993391037,0.051130883395671844,0.0492737777531147
241.03135331580827,291.1591596532728,318.0593743705725
Experiment 06-19_23:06
Epoch 0049 [Train seq (cond on sampled tp)] | Loss 1912969.815102 | MAPE 0.035875 | RMSE 91.159524 | Likelihood -1912967.333044 | KL fp 2.4821 | FP STD 0.2058|
Epoch 0049 [Val seq (cond on sampled tp)] |  MAPE 0.023443 | RMSE 88.231308 |
Epoch 0049 [Test seq (cond on sampled tp)] | MAPE 0.052007 | RMSE 294.061556|
0.05462278425693512,0.04989825189113617,0.05149879679083824
243.6313813941053,309.6663022513105,328.8869842932371
Experiment 06-19_23:06
Epoch 0050 [Train seq (cond on sampled tp)] | Loss 1881295.046468 | MAPE 0.033327 | RMSE 85.643242 | Likelihood -1881292.521955 | KL fp 2.5245 | FP STD 0.2053|
Epoch 0050 [Val seq (cond on sampled tp)] |  MAPE 0.028435 | RMSE 90.866542 |
Epoch 0050 [Test seq (cond on sampled tp)] | MAPE 0.053021 | RMSE 265.796492|
0.059615038335323334,0.0501074381172657,0.0493413545191288
231.65196483626033,256.753970879712,308.9835402169507
Experiment 06-19_23:06
Epoch 0051 [Train seq (cond on sampled tp)] | Loss 1885599.924291 | MAPE 0.034052 | RMSE 86.599814 | Likelihood -1885597.371617 | KL fp 2.5527 | FP STD 0.2192|
Epoch 0051 [Val seq (cond on sampled tp)] |  MAPE 0.028988 | RMSE 75.968387 |
Epoch 0051 [Test seq (cond on sampled tp)] | MAPE 0.072698 | RMSE 271.441001|
0.07355314493179321,0.07504215091466904,0.06949993222951889
233.6346306201202,261.6050667275005,319.08330612866604
Experiment 06-19_23:06
Epoch 0052 [Train seq (cond on sampled tp)] | Loss 1897159.045078 | MAPE 0.036956 | RMSE 89.631895 | Likelihood -1897156.345261 | KL fp 2.6998 | FP STD 0.1906|
Epoch 0052 [Val seq (cond on sampled tp)] |  MAPE 0.028846 | RMSE 88.471501 |
Epoch 0052 [Test seq (cond on sampled tp)] | MAPE 0.064939 | RMSE 250.665922|
0.0704696998000145,0.059450529515743256,0.06489699333906174
219.93405439187902,227.54298186002134,304.52073000043856
Experiment 06-19_23:06
Epoch 0053 [Train seq (cond on sampled tp)] | Loss 1875961.310595 | MAPE 0.040915 | RMSE 86.048250 | Likelihood -1875958.654155 | KL fp 2.6564 | FP STD 0.1916|
Epoch 0053 [Val seq (cond on sampled tp)] |  MAPE 0.026637 | RMSE 92.172780 |
Epoch 0053 [Test seq (cond on sampled tp)] | MAPE 0.059532 | RMSE 275.762795|
0.06629828363656998,0.05722358450293541,0.055074937641620636
248.1211744037578,291.86022446541085,287.30698684073104
Experiment 06-19_23:06
Epoch 0054 [Train seq (cond on sampled tp)] | Loss 1913698.045015 | MAPE 0.038598 | RMSE 90.784584 | Likelihood -1913695.417972 | KL fp 2.6270 | FP STD 0.1754|
Epoch 0054 [Val seq (cond on sampled tp)] |  MAPE 0.023329 | RMSE 85.547262 |
Epoch 0054 [Test seq (cond on sampled tp)] | MAPE 0.049374 | RMSE 263.940579|
0.05664919316768646,0.045227788388729095,0.046243857592344284
208.36785755605396,289.50622024837395,293.9476595628889
Experiment 06-19_23:06
Epoch 0055 [Train seq (cond on sampled tp)] | Loss 1895742.630340 | MAPE 0.041147 | RMSE 86.189885 | Likelihood -1895740.163980 | KL fp 2.4664 | FP STD 0.2071|
Epoch 0055 [Val seq (cond on sampled tp)] |  MAPE 0.023329 | RMSE 85.801025 |
Epoch 0055 [Test seq (cond on sampled tp)] | MAPE 0.048671 | RMSE 277.576252|
0.052734117954969406,0.05008182302117348,0.04319646582007408
226.76428083474698,286.68033972963684,319.28413580226623
Experiment 06-19_23:06
Epoch 0056 [Train seq (cond on sampled tp)] | Loss 1885636.205476 | MAPE 0.062395 | RMSE 86.687818 | Likelihood -1885633.576463 | KL fp 2.6290 | FP STD 0.1945|
Epoch 0056 [Val seq (cond on sampled tp)] |  MAPE 0.027107 | RMSE 90.118848 |
Epoch 0056 [Test seq (cond on sampled tp)] | MAPE 0.053902 | RMSE 308.217314|
0.06016859784722328,0.05484526604413986,0.04669197276234627
251.90559677684814,314.41638644081513,358.32995880194
Experiment 06-19_23:06
Epoch 0057 [Train seq (cond on sampled tp)] | Loss 1930893.966037 | MAPE 0.046066 | RMSE 96.003913 | Likelihood -1930891.323666 | KL fp 2.6424 | FP STD 0.2024|
Epoch 0057 [Val seq (cond on sampled tp)] |  MAPE 0.028602 | RMSE 87.635194 |
Epoch 0057 [Test seq (cond on sampled tp)] | MAPE 0.060609 | RMSE 260.958908|
0.06170911714434624,0.05724510923027992,0.06287258863449097
198.37956831538878,271.88116372323407,312.6159909737504
Experiment 06-19_23:06
Epoch 0058 [Train seq (cond on sampled tp)] | Loss 1867646.610842 | MAPE 0.041005 | RMSE 84.440968 | Likelihood -1867644.004425 | KL fp 2.6064 | FP STD 0.1863|
Epoch 0058 [Val seq (cond on sampled tp)] |  MAPE 0.025908 | RMSE 83.669376 |
Epoch 0058 [Test seq (cond on sampled tp)] | MAPE 0.059936 | RMSE 253.996979|
0.06094752997159958,0.05683867260813713,0.06202080473303795
218.88521713731606,251.0362585862847,292.06946145138147
Experiment 06-19_23:06
Epoch 0059 [Train seq (cond on sampled tp)] | Loss 1888896.591985 | MAPE 0.046460 | RMSE 87.662912 | Likelihood -1888893.883850 | KL fp 2.7081 | FP STD 0.1923|
Epoch 0059 [Val seq (cond on sampled tp)] |  MAPE 0.024909 | RMSE 85.827179 |
Epoch 0059 [Test seq (cond on sampled tp)] | MAPE 0.050185 | RMSE 255.211777|
0.057470329105854034,0.05079805850982666,0.04228697344660759
218.37925725672756,245.14126189046593,302.1148115783137
Experiment 06-19_23:06
Epoch 0060 [Train seq (cond on sampled tp)] | Loss 1869595.401107 | MAPE 0.047324 | RMSE 84.458933 | Likelihood -1869593.029964 | KL fp 2.3711 | FP STD 0.2394|
Epoch 0060 [Val seq (cond on sampled tp)] |  MAPE 0.031867 | RMSE 88.830037 |
Epoch 0060 [Test seq (cond on sampled tp)] | MAPE 0.068090 | RMSE 252.121565|
0.06704343855381012,0.06609869748353958,0.07112739980220795
223.41011195780732,268.64544477805686,264.30913777714915
Experiment 06-19_23:06
Epoch 0061 [Train seq (cond on sampled tp)] | Loss 1862752.502709 | MAPE 0.051478 | RMSE 82.109296 | Likelihood -1862750.019744 | KL fp 2.4830 | FP STD 0.2199|
Epoch 0061 [Val seq (cond on sampled tp)] |  MAPE 0.041217 | RMSE 90.586651 |
Epoch 0061 [Test seq (cond on sampled tp)] | MAPE 0.060548 | RMSE 272.050228|
0.06078876182436943,0.05835742875933647,0.06249816715717316
219.20738789158088,289.31717834843477,307.62611742990873
Experiment 06-19_23:06
Epoch 0062 [Train seq (cond on sampled tp)] | Loss 1906492.117998 | MAPE 0.060818 | RMSE 91.705360 | Likelihood -1906489.626898 | KL fp 2.4911 | FP STD 0.2224|
Epoch 0062 [Val seq (cond on sampled tp)] |  MAPE 0.036129 | RMSE 86.850294 |
Epoch 0062 [Test seq (cond on sampled tp)] | MAPE 0.066644 | RMSE 280.300416|
0.063814677298069,0.07226787507534027,0.06385069340467453
254.47692214864986,299.10164973633965,287.3226762935707
Experiment 06-19_23:06
Epoch 0063 [Train seq (cond on sampled tp)] | Loss 1883717.878371 | MAPE 0.055846 | RMSE 86.106150 | Likelihood -1883715.420836 | KL fp 2.4575 | FP STD 0.1936|
Epoch 0063 [Val seq (cond on sampled tp)] |  MAPE 0.023202 | RMSE 78.271478 |
Epoch 0063 [Test seq (cond on sampled tp)] | MAPE 0.046869 | RMSE 251.333343|
0.051331643015146255,0.042447060346603394,0.04682879522442818
207.14640429536786,267.55072533073053,279.3028989734979
Experiment 06-19_23:06
Epoch 0064 [Train seq (cond on sampled tp)] | Loss 1865134.145063 | MAPE 0.057162 | RMSE 82.006906 | Likelihood -1865131.661292 | KL fp 2.4838 | FP STD 0.2148|
Epoch 0064 [Val seq (cond on sampled tp)] |  MAPE 0.028102 | RMSE 86.540766 |
Epoch 0064 [Test seq (cond on sampled tp)] | MAPE 0.051528 | RMSE 261.990507|
0.04897858202457428,0.04767202213406563,0.05793255567550659
215.95826600584198,264.17678739813607,305.836468251417
Experiment 06-19_23:06
Epoch 0065 [Train seq (cond on sampled tp)] | Loss 1915687.319942 | MAPE 0.082802 | RMSE 91.753205 | Likelihood -1915684.624543 | KL fp 2.6954 | FP STD 0.1823|
Epoch 0065 [Val seq (cond on sampled tp)] |  MAPE 0.033020 | RMSE 114.471693 |
Epoch 0065 [Test seq (cond on sampled tp)] | MAPE 0.055193 | RMSE 308.789758|
0.060723137110471725,0.05635298043489456,0.04850401729345322
273.2030208928884,318.16457268605507,335.0016791002696
Experiment 06-19_23:06
Epoch 0066 [Train seq (cond on sampled tp)] | Loss 1927146.863264 | MAPE 0.071589 | RMSE 94.550933 | Likelihood -1927144.294359 | KL fp 2.5689 | FP STD 0.1961|
Epoch 0066 [Val seq (cond on sampled tp)] |  MAPE 0.038072 | RMSE 87.756485 |
Epoch 0066 [Test seq (cond on sampled tp)] | MAPE 0.076781 | RMSE 267.810313|
0.07834861427545547,0.06765387952327728,0.08434135466814041
220.00821184958073,270.5862847595938,312.8364438888155
Experiment 06-19_23:06
Epoch 0067 [Train seq (cond on sampled tp)] | Loss 1887402.903094 | MAPE 0.071576 | RMSE 86.317106 | Likelihood -1887400.267361 | KL fp 2.6357 | FP STD 0.1969|
Epoch 0067 [Val seq (cond on sampled tp)] |  MAPE 0.026095 | RMSE 78.620988 |
Epoch 0067 [Test seq (cond on sampled tp)] | MAPE 0.063339 | RMSE 256.660417|
0.061362266540527344,0.06165800988674164,0.06699586659669876
218.2269908403862,269.5918790505382,282.16238121868764
Experiment 06-19_23:06
Epoch 0068 [Train seq (cond on sampled tp)] | Loss 1857458.918881 | MAPE 0.069770 | RMSE 81.841087 | Likelihood -1857456.370021 | KL fp 2.5489 | FP STD 0.2065|
Epoch 0068 [Val seq (cond on sampled tp)] |  MAPE 0.026317 | RMSE 82.132268 |
Epoch 0068 [Test seq (cond on sampled tp)] | MAPE 0.058169 | RMSE 267.181706|
0.05926398187875748,0.053787797689437866,0.061455972492694855
211.14671106543432,281.7693815427787,308.62902488262506
Experiment 06-19_23:06
Epoch 0069 [Train seq (cond on sampled tp)] | Loss 1857432.918894 | MAPE 0.072800 | RMSE 80.407304 | Likelihood -1857430.328686 | KL fp 2.5902 | FP STD 0.1939|
Epoch 0069 [Val seq (cond on sampled tp)] |  MAPE 0.029729 | RMSE 86.715859 |
Epoch 0069 [Test seq (cond on sampled tp)] | MAPE 0.057915 | RMSE 284.529840|
0.05712473765015602,0.059537529945373535,0.057084158062934875
246.7942510346422,291.1749098480156,315.62035887676825
Experiment 06-19_23:06
Epoch 0070 [Train seq (cond on sampled tp)] | Loss 1874863.729408 | MAPE 0.072888 | RMSE 84.180591 | Likelihood -1874861.337411 | KL fp 2.3920 | FP STD 0.2375|
Epoch 0070 [Val seq (cond on sampled tp)] |  MAPE 0.030426 | RMSE 93.398696 |
Epoch 0070 [Test seq (cond on sampled tp)] | MAPE 0.045976 | RMSE 286.318695|
0.0474344864487648,0.04338409751653671,0.0471104197204113
256.47593698045046,307.39970417194615,295.0804445401287
0.0474344864487648,0.04338409751653671,0.0471104197204113
256.47593698045046,307.39970417194615,295.0804445401287
Epoch 0070 [Test seq (cond on sampled tp)] | Best Test MAPE 0.045976|Best Test RMSE 286.318695|
Experiment 06-19_23:06
Epoch 0071 [Train seq (cond on sampled tp)] | Loss 1888058.742093 | MAPE 0.082193 | RMSE 87.030719 | Likelihood -1888056.083308 | KL fp 2.6588 | FP STD 0.1795|
Epoch 0071 [Val seq (cond on sampled tp)] |  MAPE 0.028796 | RMSE 90.459021 |
Epoch 0071 [Test seq (cond on sampled tp)] | MAPE 0.048357 | RMSE 303.594373|
0.053010087460279465,0.049137964844703674,0.04292439669370651
269.28458459406846,304.5518351816321,336.9466992344635
Experiment 06-19_23:06
Epoch 0072 [Train seq (cond on sampled tp)] | Loss 1901998.881950 | MAPE 0.080532 | RMSE 91.166537 | Likelihood -1901996.291712 | KL fp 2.5902 | FP STD 0.2082|
Epoch 0072 [Val seq (cond on sampled tp)] |  MAPE 0.028396 | RMSE 82.554181 |
Epoch 0072 [Test seq (cond on sampled tp)] | MAPE 0.041577 | RMSE 259.025352|
0.04437748342752457,0.037177491933107376,0.04317668825387955
216.3129966044574,252.06084954827872,308.7022103702855
0.04437748342752457,0.037177491933107376,0.04317668825387955
216.3129966044574,252.06084954827872,308.7022103702855
Epoch 0072 [Test seq (cond on sampled tp)] | Best Test MAPE 0.041577|Best Test RMSE 259.025352|
Experiment 06-19_23:06
Epoch 0073 [Train seq (cond on sampled tp)] | Loss 1861522.911851 | MAPE 0.077032 | RMSE 82.881950 | Likelihood -1861520.412170 | KL fp 2.4997 | FP STD 0.1880|
Epoch 0073 [Val seq (cond on sampled tp)] |  MAPE 0.028128 | RMSE 86.173888 |
Epoch 0073 [Test seq (cond on sampled tp)] | MAPE 0.041460 | RMSE 262.661855|
0.04572463408112526,0.04234455153346062,0.03631161153316498
234.91225090446008,279.39885244932555,273.6744616099573
0.04572463408112526,0.04234455153346062,0.03631161153316498
234.91225090446008,279.39885244932555,273.6744616099573
Epoch 0073 [Test seq (cond on sampled tp)] | Best Test MAPE 0.041460|Best Test RMSE 262.661855|
Experiment 06-19_23:06
Epoch 0074 [Train seq (cond on sampled tp)] | Loss 1859135.922491 | MAPE 0.079931 | RMSE 80.937710 | Likelihood -1859133.446484 | KL fp 2.4760 | FP STD 0.2159|
Epoch 0074 [Val seq (cond on sampled tp)] |  MAPE 0.027228 | RMSE 79.995898 |
Epoch 0074 [Test seq (cond on sampled tp)] | MAPE 0.038608 | RMSE 246.927256|
0.03772376477718353,0.03959234058856964,0.03850852698087692
210.71658802464984,225.44548779860287,304.61969117245195
0.03772376477718353,0.03959234058856964,0.03850852698087692
210.71658802464984,225.44548779860287,304.61969117245195
Epoch 0074 [Test seq (cond on sampled tp)] | Best Test MAPE 0.038608|Best Test RMSE 246.927256|
Experiment 06-19_23:06
Epoch 0075 [Train seq (cond on sampled tp)] | Loss 1875571.334520 | MAPE 0.086859 | RMSE 84.400038 | Likelihood -1875568.971005 | KL fp 2.3635 | FP STD 0.2392|
Epoch 0075 [Val seq (cond on sampled tp)] |  MAPE 0.027816 | RMSE 85.552567 |
Epoch 0075 [Test seq (cond on sampled tp)] | MAPE 0.044421 | RMSE 297.081571|
0.0530104860663414,0.04346455633640289,0.03678835183382034
285.1705903928384,283.73699034052646,322.3371318394764
Experiment 06-19_23:06
Epoch 0076 [Train seq (cond on sampled tp)] | Loss 1894904.158429 | MAPE 0.074667 | RMSE 87.623279 | Likelihood -1894901.647788 | KL fp 2.5106 | FP STD 0.2254|
Epoch 0076 [Val seq (cond on sampled tp)] |  MAPE 0.035358 | RMSE 92.937353 |
Epoch 0076 [Test seq (cond on sampled tp)] | MAPE 0.046866 | RMSE 290.133268|
0.05536919832229614,0.04015079513192177,0.045077133923769
262.65855330637913,281.4332458594755,326.3080049010444
Experiment 06-19_23:06
Epoch 0077 [Train seq (cond on sampled tp)] | Loss 1869528.871858 | MAPE 0.078363 | RMSE 83.424960 | Likelihood -1869526.526441 | KL fp 2.3454 | FP STD 0.2297|
Epoch 0077 [Val seq (cond on sampled tp)] |  MAPE 0.028991 | RMSE 82.314775 |
Epoch 0077 [Test seq (cond on sampled tp)] | MAPE 0.054174 | RMSE 253.671586|
0.05815419182181358,0.050271615386009216,0.05409754812717438
231.97248624567527,217.00430223269768,312.03797094664617
Experiment 06-19_23:06
Epoch 0078 [Train seq (cond on sampled tp)] | Loss 1873882.251358 | MAPE 0.074568 | RMSE 84.758934 | Likelihood -1873879.616818 | KL fp 2.6345 | FP STD 0.1880|
Epoch 0078 [Val seq (cond on sampled tp)] |  MAPE 0.027148 | RMSE 85.268590 |
Epoch 0078 [Test seq (cond on sampled tp)] | MAPE 0.041749 | RMSE 257.632090|
0.05048482120037079,0.04013708978891373,0.03462639078497887
246.3758482354754,221.1054259284471,305.41499686901426
Experiment 06-19_23:06
Epoch 0079 [Train seq (cond on sampled tp)] | Loss 1850916.437550 | MAPE 0.073234 | RMSE 80.967429 | Likelihood -1850913.890810 | KL fp 2.5467 | FP STD 0.2132|
Epoch 0079 [Val seq (cond on sampled tp)] |  MAPE 0.025612 | RMSE 99.156304 |
Epoch 0079 [Test seq (cond on sampled tp)] | MAPE 0.045322 | RMSE 298.753699|
0.04810833930969238,0.04250894859433174,0.045350149273872375
286.23247762963587,317.6413686258451,292.38725123968726
Experiment 06-19_23:06
Epoch 0080 [Train seq (cond on sampled tp)] | Loss 1903905.814353 | MAPE 0.070101 | RMSE 88.626561 | Likelihood -1903903.434357 | KL fp 2.3800 | FP STD 0.1937|
Epoch 0080 [Val seq (cond on sampled tp)] |  MAPE 0.026438 | RMSE 91.519625 |
Epoch 0080 [Test seq (cond on sampled tp)] | MAPE 0.044502 | RMSE 286.934869|
0.04784476011991501,0.04481273517012596,0.0408480167388916
251.20553089054388,294.00856970928584,315.59050554080363
Experiment 06-19_23:06
Epoch 0081 [Train seq (cond on sampled tp)] | Loss 1873530.497533 | MAPE 0.070593 | RMSE 83.391315 | Likelihood -1873528.072910 | KL fp 2.4246 | FP STD 0.2178|
Epoch 0081 [Val seq (cond on sampled tp)] |  MAPE 0.026918 | RMSE 85.648776 |
Epoch 0081 [Test seq (cond on sampled tp)] | MAPE 0.045605 | RMSE 262.691756|
0.04961557686328888,0.04509258270263672,0.04210551083087921
201.27903517256834,282.17983793584546,304.616395549386
Experiment 06-19_23:06
Epoch 0082 [Train seq (cond on sampled tp)] | Loss 1888823.900415 | MAPE 0.080427 | RMSE 86.224212 | Likelihood -1888821.482506 | KL fp 2.4179 | FP STD 0.2300|
Epoch 0082 [Val seq (cond on sampled tp)] |  MAPE 0.026234 | RMSE 79.782676 |
Epoch 0082 [Test seq (cond on sampled tp)] | MAPE 0.061007 | RMSE 285.007656|
0.060272425413131714,0.060819972306489944,0.061929039657115936
254.60331430727683,284.05440720045164,316.36524579985075
Experiment 06-19_23:06
Epoch 0083 [Train seq (cond on sampled tp)] | Loss 1875437.375945 | MAPE 0.079048 | RMSE 85.672841 | Likelihood -1875434.693072 | KL fp 2.6829 | FP STD 0.1753|
Epoch 0083 [Val seq (cond on sampled tp)] |  MAPE 0.029975 | RMSE 95.578589 |
Epoch 0083 [Test seq (cond on sampled tp)] | MAPE 0.047281 | RMSE 270.156683|
0.05053932964801788,0.039881277829408646,0.051423877477645874
240.09299142467694,247.83889361337134,322.5381639240541
Experiment 06-19_23:06
Epoch 0084 [Train seq (cond on sampled tp)] | Loss 1868198.786842 | MAPE 0.076538 | RMSE 83.818391 | Likelihood -1868196.447072 | KL fp 2.3398 | FP STD 0.2220|
Epoch 0084 [Val seq (cond on sampled tp)] |  MAPE 0.037074 | RMSE 83.450669 |
Epoch 0084 [Test seq (cond on sampled tp)] | MAPE 0.076616 | RMSE 284.689258|
0.07716519385576248,0.07080038636922836,0.08188322186470032
229.43369480636449,289.44861374689634,335.1854663839111
Experiment 06-19_23:06
Epoch 0085 [Train seq (cond on sampled tp)] | Loss 1887333.214480 | MAPE 0.096977 | RMSE 85.991932 | Likelihood -1887330.464721 | KL fp 2.7498 | FP STD 0.1739|
Epoch 0085 [Val seq (cond on sampled tp)] |  MAPE 0.030124 | RMSE 98.601045 |
Epoch 0085 [Test seq (cond on sampled tp)] | MAPE 0.056788 | RMSE 324.652054|
0.05704052746295929,0.0527949221432209,0.06052922084927559
311.3061194387287,312.42644134259825,350.2236004504836
Experiment 06-19_23:06
Epoch 0086 [Train seq (cond on sampled tp)] | Loss 1856096.290483 | MAPE 0.088590 | RMSE 80.983496 | Likelihood -1856093.759495 | KL fp 2.5310 | FP STD 0.2012|
Epoch 0086 [Val seq (cond on sampled tp)] |  MAPE 0.028394 | RMSE 88.198889 |
Epoch 0086 [Test seq (cond on sampled tp)] | MAPE 0.061681 | RMSE 309.212906|
0.06118960678577423,0.05706242471933365,0.06679007411003113
291.31595283300226,304.2837645603196,332.03900138010897
Experiment 06-19_23:06
Epoch 0087 [Train seq (cond on sampled tp)] | Loss 1885580.687039 | MAPE 0.079698 | RMSE 86.114468 | Likelihood -1885578.479093 | KL fp 2.2079 | FP STD 0.2174|
Epoch 0087 [Val seq (cond on sampled tp)] |  MAPE 0.028311 | RMSE 82.746616 |
Epoch 0087 [Test seq (cond on sampled tp)] | MAPE 0.049634 | RMSE 277.214482|
0.055142972618341446,0.04498669505119324,0.04877176135778427
258.480158208517,258.7919651959852,314.3713220460798
Experiment 06-19_23:06
Epoch 0088 [Train seq (cond on sampled tp)] | Loss 1900426.221045 | MAPE 0.090563 | RMSE 89.796842 | Likelihood -1900423.626035 | KL fp 2.5950 | FP STD 0.2052|
Epoch 0088 [Val seq (cond on sampled tp)] |  MAPE 0.029136 | RMSE 85.728727 |
Epoch 0088 [Test seq (cond on sampled tp)] | MAPE 0.045445 | RMSE 264.403223|
0.055680472403764725,0.040381573140621185,0.040272749960422516
245.38705077387436,246.70196467600334,301.12065428578626
Experiment 06-19_23:06
Epoch 0089 [Train seq (cond on sampled tp)] | Loss 1848855.844191 | MAPE 0.080865 | RMSE 80.342881 | Likelihood -1848853.392326 | KL fp 2.4519 | FP STD 0.1883|
Epoch 0089 [Val seq (cond on sampled tp)] |  MAPE 0.027714 | RMSE 86.819114 |
Epoch 0089 [Test seq (cond on sampled tp)] | MAPE 0.047130 | RMSE 265.890278|
0.05066690221428871,0.04413766786456108,0.046584539115428925
231.31345413205,243.24422687136894,323.11315258744884
Experiment 06-19_23:06
Epoch 0090 [Train seq (cond on sampled tp)] | Loss 1859708.909109 | MAPE 0.080113 | RMSE 81.039628 | Likelihood -1859706.323711 | KL fp 2.5854 | FP STD 0.1926|
Epoch 0090 [Val seq (cond on sampled tp)] |  MAPE 0.030235 | RMSE 89.679303 |
Epoch 0090 [Test seq (cond on sampled tp)] | MAPE 0.051787 | RMSE 314.719019|
0.05933564528822899,0.04961198568344116,0.0464148186147213
303.4935259811978,301.3390298940713,339.32450130737686
Experiment 06-19_23:06
Epoch 0091 [Train seq (cond on sampled tp)] | Loss 1848477.006077 | MAPE 0.080557 | RMSE 80.493780 | Likelihood -1848474.490990 | KL fp 2.5151 | FP STD 0.1922|
Epoch 0091 [Val seq (cond on sampled tp)] |  MAPE 0.029370 | RMSE 89.237397 |
Epoch 0091 [Test seq (cond on sampled tp)] | MAPE 0.049676 | RMSE 272.275979|
0.05462861806154251,0.042659368366003036,0.051738958805799484
256.76994506269614,247.7167690251308,312.34122216335777
Experiment 06-19_23:06
Epoch 0092 [Train seq (cond on sampled tp)] | Loss 1852699.658576 | MAPE 0.077999 | RMSE 81.508028 | Likelihood -1852697.154000 | KL fp 2.5046 | FP STD 0.1835|
Epoch 0092 [Val seq (cond on sampled tp)] |  MAPE 0.031181 | RMSE 88.422335 |
Epoch 0092 [Test seq (cond on sampled tp)] | MAPE 0.057899 | RMSE 282.904701|
0.05633338913321495,0.05427597835659981,0.06308869272470474
242.46484925654687,241.7380668590489,364.5111880998991
Experiment 06-19_23:06
Epoch 0093 [Train seq (cond on sampled tp)] | Loss 1861147.696660 | MAPE 0.083297 | RMSE 80.656766 | Likelihood -1861145.219696 | KL fp 2.4770 | FP STD 0.2205|
Epoch 0093 [Val seq (cond on sampled tp)] |  MAPE 0.035443 | RMSE 100.499694 |
Epoch 0093 [Test seq (cond on sampled tp)] | MAPE 0.060268 | RMSE 311.443083|
0.05136433616280556,0.06276443600654602,0.06667373329401016
253.54163242946908,283.5986655910073,397.1889506267766
Experiment 06-19_23:06
Epoch 0094 [Train seq (cond on sampled tp)] | Loss 1846493.377848 | MAPE 0.084251 | RMSE 79.350939 | Likelihood -1846490.929300 | KL fp 2.4485 | FP STD 0.2231|
Epoch 0094 [Val seq (cond on sampled tp)] |  MAPE 0.030757 | RMSE 85.139964 |
Epoch 0094 [Test seq (cond on sampled tp)] | MAPE 0.048755 | RMSE 293.889367|
0.046785492449998856,0.04732253775000572,0.05215756222605705
248.12518891680466,275.0376820773837,358.50523008737264
Experiment 06-19_23:06
Epoch 0095 [Train seq (cond on sampled tp)] | Loss 1870944.389924 | MAPE 0.085378 | RMSE 86.130244 | Likelihood -1870941.809072 | KL fp 2.5809 | FP STD 0.2011|
Epoch 0095 [Val seq (cond on sampled tp)] |  MAPE 0.031234 | RMSE 93.382174 |
Epoch 0095 [Test seq (cond on sampled tp)] | MAPE 0.041876 | RMSE 277.460048|
0.04880246892571449,0.04019566997885704,0.036628980189561844
220.70386338372057,259.2528176076395,352.42346243546274
Experiment 06-19_23:06
Epoch 0096 [Train seq (cond on sampled tp)] | Loss 1841768.230429 | MAPE 0.081993 | RMSE 79.986587 | Likelihood -1841765.660940 | KL fp 2.5695 | FP STD 0.2116|
Epoch 0096 [Val seq (cond on sampled tp)] |  MAPE 0.030555 | RMSE 87.785135 |
Epoch 0096 [Test seq (cond on sampled tp)] | MAPE 0.049905 | RMSE 268.518125|
0.05094162002205849,0.04250425100326538,0.05626880005002022
207.36489389178197,248.4051394018449,349.7843420416357
Experiment 06-19_23:06
Epoch 0097 [Train seq (cond on sampled tp)] | Loss 1862329.496971 | MAPE 0.097855 | RMSE 82.300206 | Likelihood -1862326.983611 | KL fp 2.5134 | FP STD 0.1970|
Epoch 0097 [Val seq (cond on sampled tp)] |  MAPE 0.029987 | RMSE 90.301911 |
Epoch 0097 [Test seq (cond on sampled tp)] | MAPE 0.045119 | RMSE 294.709038|
0.045863620936870575,0.04291031137108803,0.046584319323301315
251.93708912147096,291.83749759069684,340.35252863758774
Experiment 06-19_23:06
Epoch 0098 [Train seq (cond on sampled tp)] | Loss 1881159.008108 | MAPE 0.083136 | RMSE 86.545763 | Likelihood -1881156.478210 | KL fp 2.5299 | FP STD 0.1890|
Epoch 0098 [Val seq (cond on sampled tp)] |  MAPE 0.030677 | RMSE 91.929087 |
Epoch 0098 [Test seq (cond on sampled tp)] | MAPE 0.056560 | RMSE 267.787397|
0.059699028730392456,0.05558722838759422,0.054392728954553604
229.7241382343179,264.31410350660445,309.3239478079575
Experiment 06-19_23:06
Epoch 0099 [Train seq (cond on sampled tp)] | Loss 1906351.118653 | MAPE 0.081641 | RMSE 89.998674 | Likelihood -1906348.548811 | KL fp 2.5698 | FP STD 0.1820|
Epoch 0099 [Val seq (cond on sampled tp)] |  MAPE 0.040346 | RMSE 84.756761 |
Epoch 0099 [Test seq (cond on sampled tp)] | MAPE 0.080784 | RMSE 246.284850|
0.08449549227952957,0.07362932711839676,0.08422719687223434
217.4848593868088,222.6206309228774,298.74905857592256
Experiment 06-19_23:06
Epoch 0100 [Train seq (cond on sampled tp)] | Loss 1876250.289538 | MAPE 0.095182 | RMSE 85.597360 | Likelihood -1876247.570036 | KL fp 2.7195 | FP STD 0.1612|
Epoch 0100 [Val seq (cond on sampled tp)] |  MAPE 0.028688 | RMSE 97.079784 |
Epoch 0100 [Test seq (cond on sampled tp)] | MAPE 0.065019 | RMSE 277.639835|
0.06729275733232498,0.06521143019199371,0.06255282461643219
263.21398435968405,268.08427721054437,301.6212442783167
