/nvme/yuanjingyang/CG-ODE/run_models_covid.py
run_models_covid.py --heavyBall --gamma_guess 0.0 --corr 5 --solver dopri5 --tol 5e-2 --atol 1e-4
Namespace(save='experiments/', load=None, dataset='Dec', datapath='data/', pred_length=14, condition_length=21, features='Confirmed,Deaths,Recovered,Mortality_Rate,Testing_Rate,Population,Mobility', split_interval=3, feature_out='Deaths', niters=100, lr=0.005, batch_size=8, random_seed=1991, dropout=0.2, l2=1e-05, optimizer='AdamW', clip=10, edge_lamda=0.5, z0_encoder='GTrans', rec_dims=64, ode_dims=20, rec_layers=1, gen_layers=1, CVPR=False, graf_layer=1, heavyBall=True, actv_h=None, gamma_guess=0.0, gamma_act='sigmoid', corr=5, corrf=True, sign=1, augment_dim=0, solver='dopri5', tol=0.05, atol=0.0001, alias='run', output_dim=1, feature_out_index=[1], num_atoms=50)
run
Experiment 07-12_10:13
Epoch 0001 [Train seq (cond on sampled tp)] | Loss 4402395.861505 | MAPE 0.063420 | RMSE 286.615750 | Likelihood -4402394.449388 | KL fp 1.4121 | FP STD 0.4743 | ->nfe   81.50 | <-nfe  412.25
Epoch 0001 [Val seq (cond on sampled tp)] |  MAPE 0.058029 | RMSE 306.562545 |
Best Val!
Epoch 0001 [Test seq (cond on sampled tp)] | MAPE 0.123905 | RMSE 907.881459|
0.13824234902858734,0.12754429876804352,0.10592832416296005
853.3052282155547,938.8214353645745,931.5177131971243
0.13824234902858734,0.12754429876804352,0.10592832416296005
853.3052282155547,938.8214353645745,931.5177131971243
Epoch 0001 [Test seq (cond on sampled tp)] | Best Test MAPE 0.123905|Best Test RMSE 907.881459|
Experiment 07-12_10:13
Epoch 0002 [Train seq (cond on sampled tp)] | Loss 4226186.504601 | MAPE 0.092061 | RMSE 277.164715 | Likelihood -4226183.476125 | KL fp 3.0285 | FP STD 0.6864 | ->nfe   92.00 | <-nfe  743.00
Epoch 0002 [Val seq (cond on sampled tp)] |  MAPE 0.066018 | RMSE 283.093486 |
Epoch 0002 [Test seq (cond on sampled tp)] | MAPE 0.111966 | RMSE 871.114634|
0.11976294964551926,0.11371827870607376,0.10241573303937912
815.6996996444218,902.6648741365757,894.9793293702375
0.11976294964551926,0.11371827870607376,0.10241573303937912
815.6996996444218,902.6648741365757,894.9793293702375
Epoch 0002 [Test seq (cond on sampled tp)] | Best Test MAPE 0.111966|Best Test RMSE 871.114634|
Experiment 07-12_10:13
Epoch 0003 [Train seq (cond on sampled tp)] | Loss 3890374.883619 | MAPE 0.225811 | RMSE 258.373935 | Likelihood -3890368.937419 | KL fp 5.9462 | FP STD 0.7782 | ->nfe   95.00 | <-nfe  854.75
Epoch 0003 [Val seq (cond on sampled tp)] |  MAPE 0.100749 | RMSE 242.410671 |
Epoch 0003 [Test seq (cond on sampled tp)] | MAPE 0.131310 | RMSE 798.819578|
0.1417900025844574,0.13147202134132385,0.12066943943500519
735.5793210116772,831.6850741115894,829.1943378967321
Experiment 07-12_10:13
Epoch 0004 [Train seq (cond on sampled tp)] | Loss 3597327.767874 | MAPE 0.473548 | RMSE 241.528033 | Likelihood -3597319.311882 | KL fp 8.4560 | FP STD 0.7099 | ->nfe   98.00 | <-nfe 1362.50
Epoch 0004 [Val seq (cond on sampled tp)] |  MAPE 0.123554 | RMSE 206.977533 |
Epoch 0004 [Test seq (cond on sampled tp)] | MAPE 0.140931 | RMSE 719.651102|
0.14912468194961548,0.1383853703737259,0.13528354465961456
654.5317744387968,749.8140602842814,754.6074724649895
Experiment 07-12_10:13
Epoch 0005 [Train seq (cond on sampled tp)] | Loss 3213786.765048 | MAPE 0.370426 | RMSE 215.703941 | Likelihood -3213781.132138 | KL fp 5.6329 | FP STD 0.5446 | ->nfe   97.25 | <-nfe 1472.00
Epoch 0005 [Val seq (cond on sampled tp)] |  MAPE 0.039322 | RMSE 176.467795 |
Best Val!
Epoch 0005 [Test seq (cond on sampled tp)] | MAPE 0.060456 | RMSE 660.217459|
0.06577059626579285,0.06013721227645874,0.055460795760154724
597.5833362385534,691.2427666890989,691.826274255322
0.06577059626579285,0.06013721227645874,0.055460795760154724
597.5833362385534,691.2427666890989,691.826274255322
Epoch 0005 [Test seq (cond on sampled tp)] | Best Test MAPE 0.060456|Best Test RMSE 660.217459|
Experiment 07-12_10:13
Epoch 0006 [Train seq (cond on sampled tp)] | Loss 2874254.616480 | MAPE 0.049095 | RMSE 190.411979 | Likelihood -2874250.400848 | KL fp 4.2156 | FP STD 0.4894 | ->nfe   98.00 | <-nfe  685.25
Epoch 0006 [Val seq (cond on sampled tp)] |  MAPE 0.035663 | RMSE 156.546905 |
Best Val!
Epoch 0006 [Test seq (cond on sampled tp)] | MAPE 0.057159 | RMSE 598.452576|
0.0575423426926136,0.05706416815519333,0.05687066912651062
531.9485407443092,630.3666591754358,633.0425291795173
0.0575423426926136,0.05706416815519333,0.05687066912651062
531.9485407443092,630.3666591754358,633.0425291795173
Epoch 0006 [Test seq (cond on sampled tp)] | Best Test MAPE 0.057159|Best Test RMSE 598.452576|
Experiment 07-12_10:13
Epoch 0007 [Train seq (cond on sampled tp)] | Loss 2543490.780350 | MAPE 0.039190 | RMSE 162.323770 | Likelihood -2543486.843638 | KL fp 3.9367 | FP STD 0.4375 | ->nfe  102.50 | <-nfe 1165.25
Epoch 0007 [Val seq (cond on sampled tp)] |  MAPE 0.027463 | RMSE 122.809661 |
Best Val!
Epoch 0007 [Test seq (cond on sampled tp)] | MAPE 0.052202 | RMSE 496.131371|
0.05396782606840134,0.05820893123745918,0.04442979767918587
424.66453672281136,533.0188200242089,530.710755732348
0.05396782606840134,0.05820893123745918,0.04442979767918587
424.66453672281136,533.0188200242089,530.710755732348
Epoch 0007 [Test seq (cond on sampled tp)] | Best Test MAPE 0.052202|Best Test RMSE 496.131371|
Experiment 07-12_10:13
Epoch 0008 [Train seq (cond on sampled tp)] | Loss 2326207.286174 | MAPE 0.054879 | RMSE 140.547681 | Likelihood -2326203.637766 | KL fp 3.6484 | FP STD 0.3586 | ->nfe  104.75 | <-nfe  814.25
Epoch 0008 [Val seq (cond on sampled tp)] |  MAPE 0.036008 | RMSE 101.345301 |
Epoch 0008 [Test seq (cond on sampled tp)] | MAPE 0.046570 | RMSE 420.276995|
0.04561217129230499,0.04757869616150856,0.04651997983455658
348.53746884302126,453.8345823370008,458.45893354803326
0.04561217129230499,0.04757869616150856,0.04651997983455658
348.53746884302126,453.8345823370008,458.45893354803326
Epoch 0008 [Test seq (cond on sampled tp)] | Best Test MAPE 0.046570|Best Test RMSE 420.276995|
Experiment 07-12_10:13
Epoch 0009 [Train seq (cond on sampled tp)] | Loss 2193378.648904 | MAPE 0.038360 | RMSE 126.849989 | Likelihood -2193374.840365 | KL fp 3.8085 | FP STD 0.3320 | ->nfe  104.75 | <-nfe  854.75
Epoch 0009 [Val seq (cond on sampled tp)] |  MAPE 0.027437 | RMSE 93.664445 |
Best Val!
Epoch 0009 [Test seq (cond on sampled tp)] | MAPE 0.047732 | RMSE 390.326787|
0.04866389185190201,0.05121643841266632,0.04331553727388382
324.2112664798989,421.6098611275595,425.1592348755934
Experiment 07-12_10:13
Epoch 0010 [Train seq (cond on sampled tp)] | Loss 2103453.817499 | MAPE 0.057103 | RMSE 115.526738 | Likelihood -2103450.177625 | KL fp 3.6399 | FP STD 0.2655 | ->nfe  104.00 | <-nfe 1148.75
Epoch 0010 [Val seq (cond on sampled tp)] |  MAPE 0.025272 | RMSE 99.572705 |
Best Val!
Epoch 0010 [Test seq (cond on sampled tp)] | MAPE 0.057479 | RMSE 372.502552|
0.06342493742704391,0.061005886644124985,0.048007480800151825
311.07030455348837,397.72397384995537,408.71337756427795
Experiment 07-12_10:13
Epoch 0011 [Train seq (cond on sampled tp)] | Loss 2098365.476615 | MAPE 0.038221 | RMSE 114.455636 | Likelihood -2098361.813604 | KL fp 3.6630 | FP STD 0.2274 | ->nfe  104.75 | <-nfe  491.75
Epoch 0011 [Val seq (cond on sampled tp)] |  MAPE 0.024718 | RMSE 89.181007 |
Best Val!
Epoch 0011 [Test seq (cond on sampled tp)] | MAPE 0.047909 | RMSE 313.573553|
0.05516686663031578,0.04686961695551872,0.041689250618219376
249.80435313210617,336.61930230974576,354.2970042033943
Experiment 07-12_10:13
Epoch 0012 [Train seq (cond on sampled tp)] | Loss 2058490.718716 | MAPE 0.034462 | RMSE 108.523731 | Likelihood -2058487.304732 | KL fp 3.4140 | FP STD 0.2488 | ->nfe  103.25 | <-nfe  232.25
Epoch 0012 [Val seq (cond on sampled tp)] |  MAPE 0.028068 | RMSE 91.014749 |
Epoch 0012 [Test seq (cond on sampled tp)] | MAPE 0.048283 | RMSE 360.937637|
0.05333682522177696,0.042334429919719696,0.04917794466018677
300.53202824324734,381.4061360610235,400.87474664787754
Experiment 07-12_10:13
Epoch 0013 [Train seq (cond on sampled tp)] | Loss 2085246.318046 | MAPE 0.058909 | RMSE 112.507025 | Likelihood -2085242.927455 | KL fp 3.3906 | FP STD 0.2238 | ->nfe  101.75 | <-nfe  318.50
Epoch 0013 [Val seq (cond on sampled tp)] |  MAPE 0.027206 | RMSE 89.689699 |
Epoch 0013 [Test seq (cond on sampled tp)] | MAPE 0.050528 | RMSE 325.993242|
0.05423704534769058,0.053145136684179306,0.04420167952775955
268.2213841913057,344.07131573628743,365.6870246535964
Experiment 07-12_10:13
Epoch 0014 [Train seq (cond on sampled tp)] | Loss 2028221.145030 | MAPE 0.051491 | RMSE 105.189145 | Likelihood -2028217.693470 | KL fp 3.4516 | FP STD 0.2088 | ->nfe  104.00 | <-nfe  284.75
Epoch 0014 [Val seq (cond on sampled tp)] |  MAPE 0.030367 | RMSE 90.688868 |
Epoch 0014 [Test seq (cond on sampled tp)] | MAPE 0.049057 | RMSE 321.942484|
0.047519929707050323,0.052228789776563644,0.04742089658975601
266.2452024215648,347.9263908321701,351.6558598260521
Experiment 07-12_10:13
Epoch 0015 [Train seq (cond on sampled tp)] | Loss 2019587.224924 | MAPE 0.067651 | RMSE 103.134308 | Likelihood -2019583.978926 | KL fp 3.2460 | FP STD 0.2266 | ->nfe  105.50 | <-nfe  304.25
Epoch 0015 [Val seq (cond on sampled tp)] |  MAPE 0.034367 | RMSE 96.741879 |
Epoch 0015 [Test seq (cond on sampled tp)] | MAPE 0.056171 | RMSE 331.122431|
0.052935417741537094,0.06160687655210495,0.05396967753767967
273.8143331940459,358.4573283530412,361.09563094490636
Experiment 07-12_10:13
Epoch 0016 [Train seq (cond on sampled tp)] | Loss 2004286.448339 | MAPE 0.052527 | RMSE 100.611778 | Likelihood -2004283.517591 | KL fp 2.9307 | FP STD 0.2746 | ->nfe  104.00 | <-nfe  311.00
Epoch 0016 [Val seq (cond on sampled tp)] |  MAPE 0.049804 | RMSE 101.697386 |
Epoch 0016 [Test seq (cond on sampled tp)] | MAPE 0.069128 | RMSE 350.402913|
0.06973392516374588,0.07105818390846252,0.06659285724163055
293.0071324857127,390.01430262235255,368.1873037259704
Experiment 07-12_10:13
Epoch 0017 [Train seq (cond on sampled tp)] | Loss 2029391.283886 | MAPE 0.095337 | RMSE 104.177055 | Likelihood -2029388.236967 | KL fp 3.0469 | FP STD 0.2640 | ->nfe  106.25 | <-nfe  347.00
Epoch 0017 [Val seq (cond on sampled tp)] |  MAPE 0.028442 | RMSE 89.213496 |
Epoch 0017 [Test seq (cond on sampled tp)] | MAPE 0.053070 | RMSE 313.999570|
0.047301191836595535,0.0612235926091671,0.05068494752049446
255.33587714273526,341.32778417527044,345.33505016867315
Experiment 07-12_10:13
Epoch 0018 [Train seq (cond on sampled tp)] | Loss 1993760.752371 | MAPE 0.047074 | RMSE 98.851126 | Likelihood -1993757.456856 | KL fp 3.2955 | FP STD 0.1988 | ->nfe  106.25 | <-nfe  336.50
Epoch 0018 [Val seq (cond on sampled tp)] |  MAPE 0.039154 | RMSE 79.180618 |
Epoch 0018 [Test seq (cond on sampled tp)] | MAPE 0.068320 | RMSE 299.439045|
0.0649605542421341,0.06792028993368149,0.07207946479320526
232.49159090975743,322.4986676329067,343.3268759506019
Experiment 07-12_10:13
Epoch 0019 [Train seq (cond on sampled tp)] | Loss 1976050.739878 | MAPE 0.034361 | RMSE 98.272450 | Likelihood -1976047.352007 | KL fp 3.3879 | FP STD 0.2030 | ->nfe  106.25 | <-nfe  344.00
Epoch 0019 [Val seq (cond on sampled tp)] |  MAPE 0.034634 | RMSE 85.206665 |
Epoch 0019 [Test seq (cond on sampled tp)] | MAPE 0.052123 | RMSE 321.665534|
0.05259864777326584,0.054606325924396515,0.04916542023420334
256.42524495454813,347.8407838904173,360.730573801279
Experiment 07-12_10:13
Epoch 0020 [Train seq (cond on sampled tp)] | Loss 1989243.438920 | MAPE 0.040060 | RMSE 99.115061 | Likelihood -1989240.234751 | KL fp 3.2042 | FP STD 0.1933 | ->nfe  108.50 | <-nfe  385.25
Epoch 0020 [Val seq (cond on sampled tp)] |  MAPE 0.026426 | RMSE 84.094580 |
Epoch 0020 [Test seq (cond on sampled tp)] | MAPE 0.051308 | RMSE 302.002950|
0.05826575309038162,0.05099927634000778,0.0446598120033741
254.34220458124915,325.301458746345,326.3651856050213
Experiment 07-12_10:13
Epoch 0021 [Train seq (cond on sampled tp)] | Loss 1990573.110725 | MAPE 0.033610 | RMSE 99.398745 | Likelihood -1990569.711245 | KL fp 3.3995 | FP STD 0.1766 | ->nfe  110.00 | <-nfe  375.50
Epoch 0021 [Val seq (cond on sampled tp)] |  MAPE 0.036847 | RMSE 81.081120 |
Epoch 0021 [Test seq (cond on sampled tp)] | MAPE 0.046652 | RMSE 326.765570|
0.052097804844379425,0.04913589358329773,0.03872106224298477
285.35842319353395,348.2157197772668,346.72256785865557
Experiment 07-12_10:13
Epoch 0022 [Train seq (cond on sampled tp)] | Loss 1990115.847841 | MAPE 0.079614 | RMSE 98.515959 | Likelihood -1990112.721887 | KL fp 3.1260 | FP STD 0.1816 | ->nfe  112.25 | <-nfe  407.75
Epoch 0022 [Val seq (cond on sampled tp)] |  MAPE 0.026253 | RMSE 75.409267 |
Epoch 0022 [Test seq (cond on sampled tp)] | MAPE 0.051399 | RMSE 258.529552|
0.06188774108886719,0.0511595718562603,0.041150569915771484
214.8627650676124,268.5765283164186,292.14936248432923
Experiment 07-12_10:13
Epoch 0023 [Train seq (cond on sampled tp)] | Loss 1966540.040980 | MAPE 0.037264 | RMSE 97.377678 | Likelihood -1966536.787295 | KL fp 3.2537 | FP STD 0.2009 | ->nfe  112.25 | <-nfe  425.00
Epoch 0023 [Val seq (cond on sampled tp)] |  MAPE 0.033673 | RMSE 78.089617 |
Epoch 0023 [Test seq (cond on sampled tp)] | MAPE 0.051773 | RMSE 242.443013|
0.054442062973976135,0.04684150591492653,0.054036758840084076
197.13616605978214,248.20304188305187,281.98983248514475
Experiment 07-12_10:13
Epoch 0024 [Train seq (cond on sampled tp)] | Loss 1958860.658437 | MAPE 0.037328 | RMSE 94.678905 | Likelihood -1958857.592801 | KL fp 3.0656 | FP STD 0.2112 | ->nfe  112.25 | <-nfe  527.75
Epoch 0024 [Val seq (cond on sampled tp)] |  MAPE 0.032851 | RMSE 80.491687 |
Epoch 0024 [Test seq (cond on sampled tp)] | MAPE 0.048523 | RMSE 257.927799|
0.05335365608334541,0.04683411866426468,0.045381393283605576
226.16674055052835,267.56679948659547,280.0498560524536
Experiment 07-12_10:13
Epoch 0025 [Train seq (cond on sampled tp)] | Loss 1935964.607195 | MAPE 0.038516 | RMSE 92.294290 | Likelihood -1935961.288005 | KL fp 3.3192 | FP STD 0.1861 | ->nfe  113.75 | <-nfe  491.75
Epoch 0025 [Val seq (cond on sampled tp)] |  MAPE 0.022755 | RMSE 84.973034 |
Best Val!
Epoch 0025 [Test seq (cond on sampled tp)] | MAPE 0.047845 | RMSE 295.816814|
0.05456339195370674,0.04835556820034981,0.04061484709382057
263.00564395084757,321.39915068727237,303.0456468298134
Experiment 07-12_10:13
Epoch 0026 [Train seq (cond on sampled tp)] | Loss 1960908.005113 | MAPE 0.033747 | RMSE 93.768446 | Likelihood -1960904.975804 | KL fp 3.0293 | FP STD 0.1902 | ->nfe  115.25 | <-nfe  426.50
Epoch 0026 [Val seq (cond on sampled tp)] |  MAPE 0.023441 | RMSE 77.415349 |
Epoch 0026 [Test seq (cond on sampled tp)] | MAPE 0.047794 | RMSE 262.425567|
0.05542369559407234,0.04764455556869507,0.04031466320157051
209.2638044281667,274.8284692312643,303.18442716439114
Experiment 07-12_10:13
Epoch 0027 [Train seq (cond on sampled tp)] | Loss 1931691.040012 | MAPE 0.030141 | RMSE 89.303968 | Likelihood -1931687.866476 | KL fp 3.1735 | FP STD 0.1906 | ->nfe  114.50 | <-nfe  435.50
Epoch 0027 [Val seq (cond on sampled tp)] |  MAPE 0.027369 | RMSE 80.248208 |
Epoch 0027 [Test seq (cond on sampled tp)] | MAPE 0.045495 | RMSE 274.472316|
0.049083493649959564,0.044159553945064545,0.043240536004304886
229.43606986751234,283.40881194398315,310.5720654091414
0.049083493649959564,0.044159553945064545,0.043240536004304886
229.43606986751234,283.40881194398315,310.5720654091414
Epoch 0027 [Test seq (cond on sampled tp)] | Best Test MAPE 0.045495|Best Test RMSE 274.472316|
Experiment 07-12_10:13
Epoch 0028 [Train seq (cond on sampled tp)] | Loss 1939526.096193 | MAPE 0.046177 | RMSE 92.482406 | Likelihood -1939522.760944 | KL fp 3.3352 | FP STD 0.1833 | ->nfe  118.25 | <-nfe  575.75
Epoch 0028 [Val seq (cond on sampled tp)] |  MAPE 0.027998 | RMSE 86.202322 |
Epoch 0028 [Test seq (cond on sampled tp)] | MAPE 0.056538 | RMSE 311.508807|
0.06747805327177048,0.05900667980313301,0.04312785714864731
281.64359958554,337.9248367795714,314.95798330888516
Experiment 07-12_10:13
Epoch 0029 [Train seq (cond on sampled tp)] | Loss 1942288.468427 | MAPE 0.034863 | RMSE 91.529551 | Likelihood -1942285.451894 | KL fp 3.0165 | FP STD 0.1915 | ->nfe  120.50 | <-nfe  536.00
Epoch 0029 [Val seq (cond on sampled tp)] |  MAPE 0.029700 | RMSE 79.062673 |
Epoch 0029 [Test seq (cond on sampled tp)] | MAPE 0.058062 | RMSE 285.027754|
0.055081889033317566,0.06249634176492691,0.05660843849182129
243.77989400020257,306.00676565233,305.296602707924
Experiment 07-12_10:13
Epoch 0030 [Train seq (cond on sampled tp)] | Loss 1952186.345390 | MAPE 0.031516 | RMSE 92.329985 | Likelihood -1952183.482608 | KL fp 2.8628 | FP STD 0.1998 | ->nfe  119.75 | <-nfe  965.00
Epoch 0030 [Val seq (cond on sampled tp)] |  MAPE 0.027725 | RMSE 84.378524 |
Epoch 0030 [Test seq (cond on sampled tp)] | MAPE 0.056165 | RMSE 278.523726|
0.04975825175642967,0.057015545666217804,0.061721544712781906
233.40832314315614,290.19539484199265,311.96745873968973
Experiment 07-12_10:13
Epoch 0031 [Train seq (cond on sampled tp)] | Loss 1939731.743796 | MAPE 0.033095 | RMSE 93.534237 | Likelihood -1939728.531961 | KL fp 3.2118 | FP STD 0.1852 | ->nfe  123.50 | <-nfe 1195.25
Epoch 0031 [Val seq (cond on sampled tp)] |  MAPE 0.026836 | RMSE 90.540904 |
Epoch 0031 [Test seq (cond on sampled tp)] | MAPE 0.061575 | RMSE 332.623246|
0.06964986026287079,0.06281255930662155,0.052261464297771454
301.47657454601676,349.0713908894569,347.32177309017067
Experiment 07-12_10:13
Epoch 0032 [Train seq (cond on sampled tp)] | Loss 1968426.171656 | MAPE 0.039590 | RMSE 95.627755 | Likelihood -1968423.230731 | KL fp 2.9409 | FP STD 0.1880 | ->nfe  123.50 | <-nfe  812.00
Epoch 0032 [Val seq (cond on sampled tp)] |  MAPE 0.026030 | RMSE 84.891653 |
Epoch 0032 [Test seq (cond on sampled tp)] | MAPE 0.053919 | RMSE 275.768424|
0.056818485260009766,0.05388264358043671,0.05105486884713173
235.18188606108677,289.3793331209055,302.7440518614693
Experiment 07-12_10:13
Epoch 0033 [Train seq (cond on sampled tp)] | Loss 1963244.300291 | MAPE 0.029801 | RMSE 94.795077 | Likelihood -1963241.322709 | KL fp 2.9776 | FP STD 0.1760 | ->nfe  122.00 | <-nfe  929.00
Epoch 0033 [Val seq (cond on sampled tp)] |  MAPE 0.033578 | RMSE 86.379460 |
Epoch 0033 [Test seq (cond on sampled tp)] | MAPE 0.058984 | RMSE 269.510070|
0.06228955462574959,0.0577080175280571,0.056953318417072296
229.17052364178514,267.2609182755683,312.09876741986665
Experiment 07-12_10:13
Epoch 0034 [Train seq (cond on sampled tp)] | Loss 1927102.230578 | MAPE 0.040366 | RMSE 91.037905 | Likelihood -1927099.034579 | KL fp 3.1960 | FP STD 0.1750 | ->nfe  125.00 | <-nfe  811.25
Epoch 0034 [Val seq (cond on sampled tp)] |  MAPE 0.022823 | RMSE 85.265237 |
Epoch 0034 [Test seq (cond on sampled tp)] | MAPE 0.048609 | RMSE 308.106964|
0.05517318472266197,0.04556593298912048,0.045086570084095
274.77968447467146,305.858997844595,343.6822092245975
Experiment 07-12_10:13
Epoch 0035 [Train seq (cond on sampled tp)] | Loss 1919083.852153 | MAPE 0.033304 | RMSE 88.863803 | Likelihood -1919080.660421 | KL fp 3.1917 | FP STD 0.1654 | ->nfe  121.25 | <-nfe  840.50
Epoch 0035 [Val seq (cond on sampled tp)] |  MAPE 0.023517 | RMSE 90.224655 |
Epoch 0035 [Test seq (cond on sampled tp)] | MAPE 0.056701 | RMSE 267.701695|
0.05862951651215553,0.05433952063322067,0.05713511258363724
232.18448012840997,253.19374066611522,317.72686284763523
Experiment 07-12_10:13
Epoch 0036 [Train seq (cond on sampled tp)] | Loss 1932030.450896 | MAPE 0.030868 | RMSE 90.034274 | Likelihood -1932027.396744 | KL fp 3.0542 | FP STD 0.1694 | ->nfe  125.75 | <-nfe 1154.00
Epoch 0036 [Val seq (cond on sampled tp)] |  MAPE 0.037797 | RMSE 87.952896 |
Epoch 0036 [Test seq (cond on sampled tp)] | MAPE 0.066505 | RMSE 263.947092|
0.06896115094423294,0.0648917630314827,0.06566112488508224
203.31772587811915,270.0381338811243,318.48541715045604
Experiment 07-12_10:13
Epoch 0037 [Train seq (cond on sampled tp)] | Loss 1932465.388802 | MAPE 0.039094 | RMSE 91.611661 | Likelihood -1932462.162884 | KL fp 3.2259 | FP STD 0.1680 | ->nfe  128.00 | <-nfe  680.00
Epoch 0037 [Val seq (cond on sampled tp)] |  MAPE 0.026040 | RMSE 85.189873 |
Epoch 0037 [Test seq (cond on sampled tp)] | MAPE 0.057058 | RMSE 297.877987|
0.0616215318441391,0.05999577417969704,0.04955609142780304
248.73457081545783,300.5706161827866,344.3287741207522
Experiment 07-12_10:13
Epoch 0038 [Train seq (cond on sampled tp)] | Loss 1939347.356318 | MAPE 0.036571 | RMSE 91.677863 | Likelihood -1939344.335888 | KL fp 3.0204 | FP STD 0.1715 | ->nfe  126.50 | <-nfe  473.75
Epoch 0038 [Val seq (cond on sampled tp)] |  MAPE 0.030910 | RMSE 77.077164 |
Epoch 0038 [Test seq (cond on sampled tp)] | MAPE 0.055858 | RMSE 290.026436|
0.056649450212717056,0.054965294897556305,0.05595974624156952
255.05703253145168,295.80854502955117,319.213731299266
Experiment 07-12_10:13
Epoch 0039 [Train seq (cond on sampled tp)] | Loss 1931450.466062 | MAPE 0.031874 | RMSE 90.017491 | Likelihood -1931447.291780 | KL fp 3.1743 | FP STD 0.1568 | ->nfe  127.25 | <-nfe  288.50
Epoch 0039 [Val seq (cond on sampled tp)] |  MAPE 0.034128 | RMSE 91.107053 |
Epoch 0039 [Test seq (cond on sampled tp)] | MAPE 0.061596 | RMSE 301.392907|
0.0630524605512619,0.06075666844844818,0.06097860634326935
272.2204558120128,292.7630894810683,339.1951756548138
Experiment 07-12_10:13
Epoch 0040 [Train seq (cond on sampled tp)] | Loss 1905575.230167 | MAPE 0.028800 | RMSE 84.786472 | Likelihood -1905571.897246 | KL fp 3.3329 | FP STD 0.1407 | ->nfe  125.75 | <-nfe  304.25
Epoch 0040 [Val seq (cond on sampled tp)] |  MAPE 0.023439 | RMSE 85.426466 |
Epoch 0040 [Test seq (cond on sampled tp)] | MAPE 0.057384 | RMSE 294.203136|
0.05909041687846184,0.05638902634382248,0.056673597544431686
262.00591894554594,299.0150236610194,321.5884646951753
Experiment 07-12_10:13
Epoch 0041 [Train seq (cond on sampled tp)] | Loss 1917478.562568 | MAPE 0.030000 | RMSE 87.661798 | Likelihood -1917475.485245 | KL fp 3.0773 | FP STD 0.1751 | ->nfe  129.50 | <-nfe  262.25
Epoch 0041 [Val seq (cond on sampled tp)] |  MAPE 0.024907 | RMSE 83.047758 |
Epoch 0041 [Test seq (cond on sampled tp)] | MAPE 0.056777 | RMSE 294.856845|
0.059617284685373306,0.05497489869594574,0.055737391114234924
248.91771199283912,292.99296066629313,342.6598623270604
Experiment 07-12_10:13
Epoch 0042 [Train seq (cond on sampled tp)] | Loss 1913878.473380 | MAPE 0.030398 | RMSE 88.013445 | Likelihood -1913875.197542 | KL fp 3.2758 | FP STD 0.1437 | ->nfe  131.75 | <-nfe  296.00
Epoch 0042 [Val seq (cond on sampled tp)] |  MAPE 0.024826 | RMSE 82.714379 |
Epoch 0042 [Test seq (cond on sampled tp)] | MAPE 0.058921 | RMSE 288.152971|
0.05740949138998985,0.056880366057157516,0.06247297301888466
236.4373347871482,299.40537424201324,328.61620376207867
Experiment 07-12_10:13
Epoch 0043 [Train seq (cond on sampled tp)] | Loss 1918132.181356 | MAPE 0.030626 | RMSE 87.745667 | Likelihood -1918129.122461 | KL fp 3.0589 | FP STD 0.1610 | ->nfe  132.50 | <-nfe  290.00
Epoch 0043 [Val seq (cond on sampled tp)] |  MAPE 0.031217 | RMSE 82.673713 |
Epoch 0043 [Test seq (cond on sampled tp)] | MAPE 0.060724 | RMSE 297.417271|
0.061635494232177734,0.05925320088863373,0.0612836554646492
256.961314573809,307.1659389686623,328.1245595235139
Experiment 07-12_10:13
Epoch 0044 [Train seq (cond on sampled tp)] | Loss 1929768.768919 | MAPE 0.033416 | RMSE 91.405602 | Likelihood -1929765.762575 | KL fp 3.0063 | FP STD 0.1867 | ->nfe  134.75 | <-nfe  327.50
Epoch 0044 [Val seq (cond on sampled tp)] |  MAPE 0.023665 | RMSE 93.419600 |
Epoch 0044 [Test seq (cond on sampled tp)] | MAPE 0.049760 | RMSE 268.997928|
0.05744188278913498,0.04767756536602974,0.04416016489267349
231.8688594200394,276.5021614969764,298.6227631770559
Experiment 07-12_10:13
Epoch 0045 [Train seq (cond on sampled tp)] | Loss 1915140.054475 | MAPE 0.033391 | RMSE 87.612005 | Likelihood -1915137.083250 | KL fp 2.9712 | FP STD 0.1642 | ->nfe  137.75 | <-nfe  292.25
Epoch 0045 [Val seq (cond on sampled tp)] |  MAPE 0.025938 | RMSE 92.514135 |
Epoch 0045 [Test seq (cond on sampled tp)] | MAPE 0.059445 | RMSE 297.710895|
0.059999771416187286,0.059535861015319824,0.058798301964998245
250.43961347997646,322.481019305788,320.2120513230256
Experiment 07-12_10:13
Epoch 0046 [Train seq (cond on sampled tp)] | Loss 1903899.780123 | MAPE 0.032173 | RMSE 86.381000 | Likelihood -1903896.917302 | KL fp 2.8628 | FP STD 0.2076 | ->nfe  140.75 | <-nfe  511.25
Epoch 0046 [Val seq (cond on sampled tp)] |  MAPE 0.023686 | RMSE 78.592980 |
Epoch 0046 [Test seq (cond on sampled tp)] | MAPE 0.050195 | RMSE 264.713256|
0.062149833887815475,0.04813595488667488,0.04029834643006325
240.11296169719785,261.80610668966455,292.2206999854733
Experiment 07-12_10:13
Epoch 0047 [Train seq (cond on sampled tp)] | Loss 1902789.448973 | MAPE 0.033556 | RMSE 85.265907 | Likelihood -1902786.771312 | KL fp 2.6777 | FP STD 0.2168 | ->nfe  143.00 | <-nfe  567.50
Epoch 0047 [Val seq (cond on sampled tp)] |  MAPE 0.023799 | RMSE 84.958325 |
Epoch 0047 [Test seq (cond on sampled tp)] | MAPE 0.052999 | RMSE 274.519393|
0.057508718222379684,0.0517992228269577,0.04968782141804695
235.23990414043277,275.8351239871384,312.4831495456995
Experiment 07-12_10:13
Epoch 0048 [Train seq (cond on sampled tp)] | Loss 1927166.088490 | MAPE 0.035524 | RMSE 90.592233 | Likelihood -1927163.163325 | KL fp 2.9252 | FP STD 0.1876 | ->nfe  142.25 | <-nfe  895.25
Epoch 0048 [Val seq (cond on sampled tp)] |  MAPE 0.026380 | RMSE 94.093340 |
Epoch 0048 [Test seq (cond on sampled tp)] | MAPE 0.053937 | RMSE 291.024907|
0.06354338675737381,0.05543363094329834,0.042835038155317307
257.15419741859165,302.88695550072805,313.0335694857662
Experiment 07-12_10:13
Epoch 0049 [Train seq (cond on sampled tp)] | Loss 1916145.053430 | MAPE 0.034259 | RMSE 86.278088 | Likelihood -1916142.427108 | KL fp 2.6263 | FP STD 0.1900 | ->nfe  143.00 | <-nfe 1115.00
Epoch 0049 [Val seq (cond on sampled tp)] |  MAPE 0.021224 | RMSE 78.159527 |
Best Val!
Epoch 0049 [Test seq (cond on sampled tp)] | MAPE 0.043189 | RMSE 281.616246|
0.04512409120798111,0.040242623537778854,0.04420149698853493
238.48959129540643,290.599152076361,315.75999588294906
0.04512409120798111,0.040242623537778854,0.04420149698853493
238.48959129540643,290.599152076361,315.75999588294906
Epoch 0049 [Test seq (cond on sampled tp)] | Best Test MAPE 0.043189|Best Test RMSE 281.616246|
Experiment 07-12_10:13
Epoch 0050 [Train seq (cond on sampled tp)] | Loss 1907535.665818 | MAPE 0.031635 | RMSE 86.738872 | Likelihood -1907532.817798 | KL fp 2.8480 | FP STD 0.1883 | ->nfe  144.50 | <-nfe  596.75
Epoch 0050 [Val seq (cond on sampled tp)] |  MAPE 0.021155 | RMSE 79.937030 |
Best Val!
Epoch 0050 [Test seq (cond on sampled tp)] | MAPE 0.044743 | RMSE 295.345892|
0.046904437243938446,0.0426250621676445,0.04469949007034302
265.27744909810934,302.7858282887427,317.9743995198356
Experiment 07-12_10:13
Epoch 0051 [Train seq (cond on sampled tp)] | Loss 1950833.572960 | MAPE 0.031452 | RMSE 91.998965 | Likelihood -1950830.837257 | KL fp 2.7357 | FP STD 0.1945 | ->nfe  148.25 | <-nfe  950.00
Epoch 0051 [Val seq (cond on sampled tp)] |  MAPE 0.021387 | RMSE 83.580469 |
Epoch 0051 [Test seq (cond on sampled tp)] | MAPE 0.049281 | RMSE 290.947590|
0.04941459000110626,0.049681294709444046,0.04874565824866295
250.59257115634932,320.6185428199685,301.63165657801903
Experiment 07-12_10:13
Epoch 0052 [Train seq (cond on sampled tp)] | Loss 1903252.177811 | MAPE 0.030781 | RMSE 86.167950 | Likelihood -1903249.414601 | KL fp 2.7632 | FP STD 0.2106 | ->nfe  150.50 | <-nfe  379.25
Epoch 0052 [Val seq (cond on sampled tp)] |  MAPE 0.023043 | RMSE 90.048763 |
Epoch 0052 [Test seq (cond on sampled tp)] | MAPE 0.052158 | RMSE 271.153074|
0.049033477902412415,0.04943425953388214,0.05800690874457359
244.65918578197713,273.56312114391443,295.23691493019635
Experiment 07-12_10:13
Epoch 0053 [Train seq (cond on sampled tp)] | Loss 1871402.837037 | MAPE 0.031326 | RMSE 79.706174 | Likelihood -1871399.915205 | KL fp 2.9218 | FP STD 0.1800 | ->nfe  153.50 | <-nfe  376.25
Epoch 0053 [Val seq (cond on sampled tp)] |  MAPE 0.021254 | RMSE 84.263030 |
Epoch 0053 [Test seq (cond on sampled tp)] | MAPE 0.048576 | RMSE 276.602065|
0.051534250378608704,0.04386857897043228,0.05032395198941231
231.02729140731404,294.715010645878,304.0638938816972
Experiment 07-12_10:13
Epoch 0054 [Train seq (cond on sampled tp)] | Loss 1865100.914994 | MAPE 0.030532 | RMSE 78.800809 | Likelihood -1865097.953938 | KL fp 2.9611 | FP STD 0.1692 | ->nfe  154.25 | <-nfe  348.50
Epoch 0054 [Val seq (cond on sampled tp)] |  MAPE 0.023186 | RMSE 89.568887 |
Epoch 0054 [Test seq (cond on sampled tp)] | MAPE 0.058854 | RMSE 264.184579|
0.05504300072789192,0.06140201538801193,0.06011822447180748
205.74303223317187,279.2466987271291,307.5640050257832
Experiment 07-12_10:13
Epoch 0055 [Train seq (cond on sampled tp)] | Loss 1888837.872610 | MAPE 0.030717 | RMSE 82.637625 | Likelihood -1888835.112662 | KL fp 2.7599 | FP STD 0.1821 | ->nfe  156.50 | <-nfe  274.25
Epoch 0055 [Val seq (cond on sampled tp)] |  MAPE 0.024379 | RMSE 93.079493 |
Epoch 0055 [Test seq (cond on sampled tp)] | MAPE 0.050483 | RMSE 233.276310|
0.04779393598437309,0.046446312218904495,0.057208213955163956
194.58221470948982,237.1464391336079,268.1002756665871
Experiment 07-12_10:13
Epoch 0056 [Train seq (cond on sampled tp)] | Loss 1876486.066960 | MAPE 0.029271 | RMSE 81.460844 | Likelihood -1876482.934351 | KL fp 3.1326 | FP STD 0.1354 | ->nfe  159.50 | <-nfe  335.00
Epoch 0056 [Val seq (cond on sampled tp)] |  MAPE 0.020968 | RMSE 91.182852 |
Best Val!
Epoch 0056 [Test seq (cond on sampled tp)] | MAPE 0.052892 | RMSE 308.551802|
0.050080202519893646,0.050718072801828384,0.05787699669599533
291.57527437181636,312.671465459354,321.408667042443
Experiment 07-12_10:13
Epoch 0057 [Train seq (cond on sampled tp)] | Loss 1901118.727176 | MAPE 0.032160 | RMSE 84.070956 | Likelihood -1901115.699383 | KL fp 3.0278 | FP STD 0.1355 | ->nfe  164.00 | <-nfe  300.50
Epoch 0057 [Val seq (cond on sampled tp)] |  MAPE 0.022918 | RMSE 80.759807 |
Epoch 0057 [Test seq (cond on sampled tp)] | MAPE 0.054429 | RMSE 282.299253|
0.055693380534648895,0.05239248275756836,0.05520178750157356
255.12434162090454,287.41911905786645,304.35429857733243
Experiment 07-12_10:13
Epoch 0058 [Train seq (cond on sampled tp)] | Loss 1902798.133502 | MAPE 0.032735 | RMSE 85.669768 | Likelihood -1902795.620132 | KL fp 2.5134 | FP STD 0.2706 | ->nfe  164.75 | <-nfe  290.00
Epoch 0058 [Val seq (cond on sampled tp)] |  MAPE 0.041729 | RMSE 88.483408 |
Epoch 0058 [Test seq (cond on sampled tp)] | MAPE 0.074544 | RMSE 273.321246|
0.07026336342096329,0.0722208172082901,0.08114685118198395
274.29281229190093,283.78515751356696,261.8857694682932
Experiment 07-12_10:13
Epoch 0059 [Train seq (cond on sampled tp)] | Loss 1893452.245617 | MAPE 0.038164 | RMSE 84.286551 | Likelihood -1893449.700904 | KL fp 2.5447 | FP STD 0.2806 | ->nfe  165.50 | <-nfe  305.00
Epoch 0059 [Val seq (cond on sampled tp)] |  MAPE 0.026032 | RMSE 90.789490 |
Epoch 0059 [Test seq (cond on sampled tp)] | MAPE 0.058311 | RMSE 240.205104|
0.05624549835920334,0.058796558529138565,0.05988989770412445
241.96431651950252,237.18232866562803,241.46866709264785
Experiment 07-12_10:13
Epoch 0060 [Train seq (cond on sampled tp)] | Loss 1888996.805361 | MAPE 0.035558 | RMSE 85.991802 | Likelihood -1888993.874840 | KL fp 2.9305 | FP STD 0.2196 | ->nfe  170.00 | <-nfe  283.25
Epoch 0060 [Val seq (cond on sampled tp)] |  MAPE 0.025328 | RMSE 88.065624 |
Epoch 0060 [Test seq (cond on sampled tp)] | MAPE 0.062703 | RMSE 291.634794|
0.06806617230176926,0.05763640254735947,0.06240759789943695
260.73148304337934,329.9858306617119,284.1870670218826
Experiment 07-12_10:13
Epoch 0061 [Train seq (cond on sampled tp)] | Loss 1907432.435774 | MAPE 0.034820 | RMSE 85.606216 | Likelihood -1907429.639987 | KL fp 2.7958 | FP STD 0.1691 | ->nfe  170.00 | <-nfe  337.25
Epoch 0061 [Val seq (cond on sampled tp)] |  MAPE 0.022646 | RMSE 87.035152 |
Epoch 0061 [Test seq (cond on sampled tp)] | MAPE 0.051975 | RMSE 280.559169|
0.058606117963790894,0.04711315408349037,0.05020684003829956
251.02079097158466,294.4593828102613,296.19733181613907
Experiment 07-12_10:13
Epoch 0062 [Train seq (cond on sampled tp)] | Loss 1922534.005531 | MAPE 0.032934 | RMSE 86.915683 | Likelihood -1922531.116518 | KL fp 2.8890 | FP STD 0.1476 | ->nfe  171.50 | <-nfe  253.25
Epoch 0062 [Val seq (cond on sampled tp)] |  MAPE 0.024617 | RMSE 90.732038 |
Epoch 0062 [Test seq (cond on sampled tp)] | MAPE 0.051224 | RMSE 271.825149|
0.05520335212349892,0.0560324564576149,0.04243699088692665
243.40973044436822,269.26394172354384,302.8017735458298
Experiment 07-12_10:13
Epoch 0063 [Train seq (cond on sampled tp)] | Loss 1888580.667749 | MAPE 0.041433 | RMSE 85.386909 | Likelihood -1888577.617943 | KL fp 3.0498 | FP STD 0.1573 | ->nfe  173.00 | <-nfe  300.50
Epoch 0063 [Val seq (cond on sampled tp)] |  MAPE 0.022950 | RMSE 89.459513 |
Epoch 0063 [Test seq (cond on sampled tp)] | MAPE 0.047358 | RMSE 265.231911|
0.05891376733779907,0.04193057864904404,0.04122992604970932
235.59492513634498,271.93658785183726,288.16421913120996
Experiment 07-12_10:13
Epoch 0064 [Train seq (cond on sampled tp)] | Loss 1882958.466428 | MAPE 0.040605 | RMSE 83.371078 | Likelihood -1882955.321487 | KL fp 3.1449 | FP STD 0.1381 | ->nfe  173.75 | <-nfe  349.25
Epoch 0064 [Val seq (cond on sampled tp)] |  MAPE 0.022671 | RMSE 92.675952 |
Epoch 0064 [Test seq (cond on sampled tp)] | MAPE 0.046509 | RMSE 249.863595|
0.05342906713485718,0.042816441506147385,0.04328099265694618
235.04935485712357,239.70454632995595,274.83688344179717
Experiment 07-12_10:13
Epoch 0065 [Train seq (cond on sampled tp)] | Loss 1939456.425373 | MAPE 0.036670 | RMSE 90.152619 | Likelihood -1939453.692990 | KL fp 2.7324 | FP STD 0.1571 | ->nfe  172.25 | <-nfe  299.75
Epoch 0065 [Val seq (cond on sampled tp)] |  MAPE 0.028072 | RMSE 85.214166 |
Epoch 0065 [Test seq (cond on sampled tp)] | MAPE 0.053968 | RMSE 254.985645|
0.05873458832502365,0.05471295118331909,0.048455484211444855
211.08277404847607,264.58553968896337,289.28862101714265
Experiment 07-12_10:13
Epoch 0066 [Train seq (cond on sampled tp)] | Loss 1912342.842800 | MAPE 0.038730 | RMSE 89.374547 | Likelihood -1912339.785918 | KL fp 3.0569 | FP STD 0.1455 | ->nfe  172.25 | <-nfe  332.75
Epoch 0066 [Val seq (cond on sampled tp)] |  MAPE 0.025943 | RMSE 88.126333 |
Epoch 0066 [Test seq (cond on sampled tp)] | MAPE 0.053662 | RMSE 302.773366|
0.061297591775655746,0.05256114900112152,0.047127824276685715
277.62031457099823,315.6153835168685,315.0844008952204
Experiment 07-12_10:13
Epoch 0067 [Train seq (cond on sampled tp)] | Loss 1897166.487964 | MAPE 0.035958 | RMSE 84.898108 | Likelihood -1897163.813746 | KL fp 2.6742 | FP STD 0.1615 | ->nfe  176.75 | <-nfe  385.25
Epoch 0067 [Val seq (cond on sampled tp)] |  MAPE 0.022464 | RMSE 84.752696 |
Epoch 0067 [Test seq (cond on sampled tp)] | MAPE 0.052216 | RMSE 303.013428|
0.056920088827610016,0.05269651859998703,0.04703107848763466
275.70752732741994,310.13529053866154,323.19746527858166
Experiment 07-12_10:13
Epoch 0068 [Train seq (cond on sampled tp)] | Loss 1893621.292221 | MAPE 0.029910 | RMSE 82.056343 | Likelihood -1893618.716142 | KL fp 2.5761 | FP STD 0.1682 | ->nfe  177.50 | <-nfe  353.75
Epoch 0068 [Val seq (cond on sampled tp)] |  MAPE 0.025162 | RMSE 81.737289 |
Epoch 0068 [Test seq (cond on sampled tp)] | MAPE 0.053418 | RMSE 287.097533|
0.05049484595656395,0.05318290740251541,0.0565759651362896
226.6042806303535,293.1711717367518,341.5171458909494
Experiment 07-12_10:13
Epoch 0069 [Train seq (cond on sampled tp)] | Loss 1887553.964154 | MAPE 0.039993 | RMSE 83.178355 | Likelihood -1887551.268374 | KL fp 2.6958 | FP STD 0.1935 | ->nfe  178.25 | <-nfe  350.75
Epoch 0069 [Val seq (cond on sampled tp)] |  MAPE 0.023471 | RMSE 82.841873 |
Epoch 0069 [Test seq (cond on sampled tp)] | MAPE 0.054507 | RMSE 284.736104|
0.0559036061167717,0.055871300399303436,0.05174574255943298
252.30509185309757,285.88680561543936,316.016415712855
Experiment 07-12_10:13
Epoch 0070 [Train seq (cond on sampled tp)] | Loss 1863661.220182 | MAPE 0.034337 | RMSE 80.333332 | Likelihood -1863658.384953 | KL fp 2.8352 | FP STD 0.1729 | ->nfe  179.00 | <-nfe  362.00
Epoch 0070 [Val seq (cond on sampled tp)] |  MAPE 0.022334 | RMSE 86.194621 |
Epoch 0070 [Test seq (cond on sampled tp)] | MAPE 0.055446 | RMSE 289.789488|
0.06296104937791824,0.05357121676206589,0.04980681464076042
257.8891476972228,310.5517519271144,300.92756343927687
Experiment 07-12_10:13
Epoch 0071 [Train seq (cond on sampled tp)] | Loss 1882498.239530 | MAPE 0.032740 | RMSE 81.201636 | Likelihood -1882495.573084 | KL fp 2.6664 | FP STD 0.1677 | ->nfe  179.00 | <-nfe  428.75
Epoch 0071 [Val seq (cond on sampled tp)] |  MAPE 0.028787 | RMSE 92.210315 |
Epoch 0071 [Test seq (cond on sampled tp)] | MAPE 0.062853 | RMSE 276.629012|
0.06598620861768723,0.05855840444564819,0.06401436775922775
254.14129313238334,282.5707875913574,293.1749557644718
Experiment 07-12_10:13
Epoch 0072 [Train seq (cond on sampled tp)] | Loss 1874505.828851 | MAPE 0.030441 | RMSE 82.349396 | Likelihood -1874503.313989 | KL fp 2.5149 | FP STD 0.2198 | ->nfe  180.50 | <-nfe  308.00
Epoch 0072 [Val seq (cond on sampled tp)] |  MAPE 0.026629 | RMSE 81.827780 |
Epoch 0072 [Test seq (cond on sampled tp)] | MAPE 0.055181 | RMSE 271.994650|
0.053275320678949356,0.05837537720799446,0.05389083921909332
249.4430906414327,271.0928692348805,295.44799140457866
Experiment 07-12_10:13
Epoch 0073 [Train seq (cond on sampled tp)] | Loss 1878665.968239 | MAPE 0.037840 | RMSE 82.383920 | Likelihood -1878663.346599 | KL fp 2.6216 | FP STD 0.1842 | ->nfe  181.25 | <-nfe  329.00
Epoch 0073 [Val seq (cond on sampled tp)] |  MAPE 0.021984 | RMSE 77.102050 |
Epoch 0073 [Test seq (cond on sampled tp)] | MAPE 0.053487 | RMSE 281.091372|
0.06177845224738121,0.05405653268098831,0.04462643340229988
248.38294998600446,292.71737382242964,302.1737910540886
Experiment 07-12_10:13
Epoch 0074 [Train seq (cond on sampled tp)] | Loss 1943861.812363 | MAPE 0.032230 | RMSE 89.172787 | Likelihood -1943859.306304 | KL fp 2.5061 | FP STD 0.1704 | ->nfe  178.25 | <-nfe  342.50
Epoch 0074 [Val seq (cond on sampled tp)] |  MAPE 0.023651 | RMSE 77.081649 |
Epoch 0074 [Test seq (cond on sampled tp)] | MAPE 0.054386 | RMSE 283.121235|
0.05741910636425018,0.05324367433786392,0.05249655991792679
237.253819779577,291.7604164807145,320.349467378986
Experiment 07-12_10:13
Epoch 0075 [Train seq (cond on sampled tp)] | Loss 1891867.217896 | MAPE 0.044853 | RMSE 86.605296 | Likelihood -1891864.318189 | KL fp 2.8997 | FP STD 0.1524 | ->nfe  179.75 | <-nfe  395.75
Epoch 0075 [Val seq (cond on sampled tp)] |  MAPE 0.026406 | RMSE 88.752663 |
Epoch 0075 [Test seq (cond on sampled tp)] | MAPE 0.054214 | RMSE 285.262199|
0.06203271076083183,0.05584845319390297,0.04475962370634079
234.73033896633387,303.3957553674738,317.66050323025684
Experiment 07-12_10:13
Epoch 0076 [Train seq (cond on sampled tp)] | Loss 1871376.816965 | MAPE 0.035309 | RMSE 80.197099 | Likelihood -1871373.900596 | KL fp 2.9164 | FP STD 0.1539 | ->nfe  178.25 | <-nfe  370.25
Epoch 0076 [Val seq (cond on sampled tp)] |  MAPE 0.024438 | RMSE 95.893995 |
Epoch 0076 [Test seq (cond on sampled tp)] | MAPE 0.056385 | RMSE 287.119496|
0.061611756682395935,0.05350146070122719,0.054040465503931046
239.7565008242738,302.67168423474965,318.9303043965876
Experiment 07-12_10:13
Epoch 0077 [Train seq (cond on sampled tp)] | Loss 1890581.607495 | MAPE 0.031785 | RMSE 82.509426 | Likelihood -1890578.730116 | KL fp 2.8774 | FP STD 0.1489 | ->nfe  179.75 | <-nfe  355.25
Epoch 0077 [Val seq (cond on sampled tp)] |  MAPE 0.038724 | RMSE 82.815460 |
Epoch 0077 [Test seq (cond on sampled tp)] | MAPE 0.079623 | RMSE 271.393431|
0.07446667551994324,0.0798502266407013,0.08455150574445724
239.4680954741153,274.2840538337947,300.4281450072546
Experiment 07-12_10:13
Epoch 0078 [Train seq (cond on sampled tp)] | Loss 1870725.591066 | MAPE 0.039513 | RMSE 81.224994 | Likelihood -1870722.601136 | KL fp 2.9899 | FP STD 0.1427 | ->nfe  182.75 | <-nfe  421.25
Epoch 0078 [Val seq (cond on sampled tp)] |  MAPE 0.026877 | RMSE 86.362577 |
Epoch 0078 [Test seq (cond on sampled tp)] | MAPE 0.054175 | RMSE 291.122127|
0.06525345891714096,0.0509631521999836,0.04630868881940842
255.5927776146071,309.02108544563754,308.75251770228533
Experiment 07-12_10:13
Epoch 0079 [Train seq (cond on sampled tp)] | Loss 1859105.042328 | MAPE 0.034634 | RMSE 77.558938 | Likelihood -1859102.273883 | KL fp 2.7684 | FP STD 0.1705 | ->nfe  182.00 | <-nfe  387.50
Epoch 0079 [Val seq (cond on sampled tp)] |  MAPE 0.022673 | RMSE 83.114502 |
Epoch 0079 [Test seq (cond on sampled tp)] | MAPE 0.053635 | RMSE 291.629256|
0.06446456164121628,0.05084219202399254,0.04559701681137085
246.32452076732028,294.309812315186,334.2534358462153
Experiment 07-12_10:13
Epoch 0080 [Train seq (cond on sampled tp)] | Loss 1862591.704133 | MAPE 0.033129 | RMSE 76.896675 | Likelihood -1862588.878877 | KL fp 2.8253 | FP STD 0.1373 | ->nfe  179.00 | <-nfe  365.00
Epoch 0080 [Val seq (cond on sampled tp)] |  MAPE 0.026604 | RMSE 86.971439 |
Epoch 0080 [Test seq (cond on sampled tp)] | MAPE 0.051108 | RMSE 299.614657|
0.052683908492326736,0.04906795546412468,0.0515718050301075
232.4085169480671,300.5485609681071,365.8868933837341
Experiment 07-12_10:13
Epoch 0081 [Train seq (cond on sampled tp)] | Loss 1877106.281512 | MAPE 0.038640 | RMSE 82.586493 | Likelihood -1877103.474097 | KL fp 2.8074 | FP STD 0.1462 | ->nfe  183.50 | <-nfe  323.00
Epoch 0081 [Val seq (cond on sampled tp)] |  MAPE 0.023753 | RMSE 87.964348 |
Epoch 0081 [Test seq (cond on sampled tp)] | MAPE 0.054365 | RMSE 304.394949|
0.06278112530708313,0.05257062613964081,0.04774453490972519
243.39867309108323,328.21269066338675,341.57348449857756
Experiment 07-12_10:13
Epoch 0082 [Train seq (cond on sampled tp)] | Loss 1844276.759967 | MAPE 0.031954 | RMSE 75.305526 | Likelihood -1844273.972940 | KL fp 2.7870 | FP STD 0.1515 | ->nfe  185.00 | <-nfe  386.00
Epoch 0082 [Val seq (cond on sampled tp)] |  MAPE 0.023474 | RMSE 87.619921 |
Epoch 0082 [Test seq (cond on sampled tp)] | MAPE 0.058236 | RMSE 287.603952|
0.05875189229846001,0.053606633096933365,0.06234961748123169
284.92197396831295,265.58312905284475,312.30675274879985
Experiment 07-12_10:13
Epoch 0083 [Train seq (cond on sampled tp)] | Loss 1881929.242855 | MAPE 0.041351 | RMSE 85.436240 | Likelihood -1881926.386967 | KL fp 2.8559 | FP STD 0.1515 | ->nfe  185.00 | <-nfe  413.75
Epoch 0083 [Val seq (cond on sampled tp)] |  MAPE 0.022552 | RMSE 78.517315 |
Epoch 0083 [Test seq (cond on sampled tp)] | MAPE 0.049862 | RMSE 250.753236|
0.0603843592107296,0.044919244945049286,0.04428251087665558
222.88006514154648,259.63489990754323,269.744743345445
Experiment 07-12_10:13
Epoch 0084 [Train seq (cond on sampled tp)] | Loss 1845435.355783 | MAPE 0.030639 | RMSE 74.772794 | Likelihood -1845432.778487 | KL fp 2.5773 | FP STD 0.1684 | ->nfe  186.50 | <-nfe  337.25
Epoch 0084 [Val seq (cond on sampled tp)] |  MAPE 0.024430 | RMSE 87.788142 |
Epoch 0084 [Test seq (cond on sampled tp)] | MAPE 0.054315 | RMSE 284.733848|
0.056423187255859375,0.05141231417655945,0.05511064827442169
236.40390985292524,249.52334247019857,368.2742906109521
Experiment 07-12_10:13
Epoch 0085 [Train seq (cond on sampled tp)] | Loss 1879382.286366 | MAPE 0.034412 | RMSE 83.245044 | Likelihood -1879379.840635 | KL fp 2.4457 | FP STD 0.2273 | ->nfe  188.75 | <-nfe  342.50
Epoch 0085 [Val seq (cond on sampled tp)] |  MAPE 0.024222 | RMSE 82.310210 |
Epoch 0085 [Test seq (cond on sampled tp)] | MAPE 0.053598 | RMSE 266.263423|
0.05936414748430252,0.051626041531562805,0.04980241134762764
228.55172417857625,281.22661013851445,289.01193476654214
Experiment 07-12_10:13
Epoch 0086 [Train seq (cond on sampled tp)] | Loss 1855128.368799 | MAPE 0.036282 | RMSE 77.307124 | Likelihood -1855125.662312 | KL fp 2.7065 | FP STD 0.1727 | ->nfe  188.00 | <-nfe  366.50
Epoch 0086 [Val seq (cond on sampled tp)] |  MAPE 0.023550 | RMSE 82.034015 |
Epoch 0086 [Test seq (cond on sampled tp)] | MAPE 0.050093 | RMSE 262.276683|
0.06069282814860344,0.04983959719538689,0.03974667191505432
236.11757201127577,272.43068212391205,278.2817956900882
Experiment 07-12_10:13
Epoch 0087 [Train seq (cond on sampled tp)] | Loss 1878779.207413 | MAPE 0.040322 | RMSE 83.250595 | Likelihood -1878776.555787 | KL fp 2.6516 | FP STD 0.1937 | ->nfe  185.75 | <-nfe  280.25
Epoch 0087 [Val seq (cond on sampled tp)] |  MAPE 0.023760 | RMSE 80.513931 |
Epoch 0087 [Test seq (cond on sampled tp)] | MAPE 0.052898 | RMSE 260.621905|
0.06017005443572998,0.051451846957206726,0.04707212373614311
241.74883660526683,253.8814930238122,286.2353844522022
Experiment 07-12_10:13
Epoch 0088 [Train seq (cond on sampled tp)] | Loss 1867404.089576 | MAPE 0.031561 | RMSE 79.252382 | Likelihood -1867401.682947 | KL fp 2.4066 | FP STD 0.2339 | ->nfe  185.00 | <-nfe  314.00
Epoch 0088 [Val seq (cond on sampled tp)] |  MAPE 0.026074 | RMSE 85.934403 |
Epoch 0088 [Test seq (cond on sampled tp)] | MAPE 0.053583 | RMSE 257.011068|
0.05770813673734665,0.04986243322491646,0.053179215639829636
229.8379524251815,270.682225473894,270.51302533334695
Experiment 07-12_10:13
Epoch 0089 [Train seq (cond on sampled tp)] | Loss 1881629.126064 | MAPE 0.043608 | RMSE 84.166628 | Likelihood -1881626.135473 | KL fp 2.9906 | FP STD 0.1466 | ->nfe  187.25 | <-nfe  335.00
Epoch 0089 [Val seq (cond on sampled tp)] |  MAPE 0.025422 | RMSE 91.010167 |
Epoch 0089 [Test seq (cond on sampled tp)] | MAPE 0.054726 | RMSE 305.839230|
0.06556208431720734,0.054593928158283234,0.04402294009923935
273.80541676526417,318.1805698027458,325.5317044851392
Experiment 07-12_10:13
Epoch 0090 [Train seq (cond on sampled tp)] | Loss 1915633.194644 | MAPE 0.035225 | RMSE 86.660177 | Likelihood -1915630.567780 | KL fp 2.6269 | FP STD 0.1716 | ->nfe  186.50 | <-nfe  350.00
Epoch 0090 [Val seq (cond on sampled tp)] |  MAPE 0.024026 | RMSE 85.049500 |
Epoch 0090 [Test seq (cond on sampled tp)] | MAPE 0.053397 | RMSE 263.656906|
0.06183285638689995,0.051075950264930725,0.04728081449866295
226.14813832696038,257.18024746760784,307.6423324048561
Experiment 07-12_10:13
Epoch 0091 [Train seq (cond on sampled tp)] | Loss 1871578.698810 | MAPE 0.032144 | RMSE 80.074206 | Likelihood -1871575.811623 | KL fp 2.8872 | FP STD 0.1584 | ->nfe  184.25 | <-nfe  419.75
Epoch 0091 [Val seq (cond on sampled tp)] |  MAPE 0.022056 | RMSE 77.335473 |
Epoch 0091 [Test seq (cond on sampled tp)] | MAPE 0.045899 | RMSE 251.186893|
0.05186888575553894,0.04683365300297737,0.03899369761347771
187.7589565939532,272.1085491122982,293.69317269473595
Experiment 07-12_10:13
Epoch 0092 [Train seq (cond on sampled tp)] | Loss 1850529.447214 | MAPE 0.036004 | RMSE 77.920629 | Likelihood -1850526.511226 | KL fp 2.9360 | FP STD 0.1359 | ->nfe  184.25 | <-nfe  465.50
Epoch 0092 [Val seq (cond on sampled tp)] |  MAPE 0.021830 | RMSE 84.227298 |
Epoch 0092 [Test seq (cond on sampled tp)] | MAPE 0.051852 | RMSE 272.527750|
0.05730795860290527,0.04834359884262085,0.049905579537153244
246.89840078967705,269.77735322391317,300.9074946100545
Experiment 07-12_10:13
Epoch 0093 [Train seq (cond on sampled tp)] | Loss 1863594.630156 | MAPE 0.031284 | RMSE 78.717404 | Likelihood -1863591.904827 | KL fp 2.7253 | FP STD 0.1584 | ->nfe  188.00 | <-nfe  303.50
Epoch 0093 [Val seq (cond on sampled tp)] |  MAPE 0.022924 | RMSE 79.198805 |
Epoch 0093 [Test seq (cond on sampled tp)] | MAPE 0.052802 | RMSE 267.229946|
0.0625917837023735,0.050499141216278076,0.045316122472286224
224.45540864222897,294.86767424134507,282.366755081047
Experiment 07-12_10:13
Epoch 0094 [Train seq (cond on sampled tp)] | Loss 1845273.670816 | MAPE 0.032784 | RMSE 73.755757 | Likelihood -1845271.370859 | KL fp 2.3000 | FP STD 0.1990 | ->nfe  185.75 | <-nfe  341.75
Epoch 0094 [Val seq (cond on sampled tp)] |  MAPE 0.025278 | RMSE 89.364108 |
Epoch 0094 [Test seq (cond on sampled tp)] | MAPE 0.058815 | RMSE 279.970741|
0.06104767322540283,0.05503232777118683,0.060363683849573135
256.16673952232753,265.53327828164964,318.212205630928
Experiment 07-12_10:13
Epoch 0095 [Train seq (cond on sampled tp)] | Loss 1858131.571872 | MAPE 0.030752 | RMSE 77.678813 | Likelihood -1858128.969676 | KL fp 2.6022 | FP STD 0.1943 | ->nfe  185.75 | <-nfe  358.25
Epoch 0095 [Val seq (cond on sampled tp)] |  MAPE 0.024893 | RMSE 88.585871 |
Epoch 0095 [Test seq (cond on sampled tp)] | MAPE 0.053147 | RMSE 290.372389|
0.059018995612859726,0.05174747854471207,0.04867370426654816
270.79185098983316,293.5288263101258,306.7964894478097
Experiment 07-12_10:13
Epoch 0096 [Train seq (cond on sampled tp)] | Loss 1858593.921206 | MAPE 0.031562 | RMSE 75.974862 | Likelihood -1858591.471753 | KL fp 2.4495 | FP STD 0.1945 | ->nfe  187.25 | <-nfe  348.50
Epoch 0096 [Val seq (cond on sampled tp)] |  MAPE 0.025533 | RMSE 90.128933 |
Epoch 0096 [Test seq (cond on sampled tp)] | MAPE 0.057921 | RMSE 295.173399|
0.05836747586727142,0.05662139877676964,0.058775246143341064
249.98828878819504,316.7027761758649,318.82913233423324
Experiment 07-12_10:13
Epoch 0097 [Train seq (cond on sampled tp)] | Loss 1876520.997992 | MAPE 0.037031 | RMSE 83.031828 | Likelihood -1876518.335987 | KL fp 2.6620 | FP STD 0.1757 | ->nfe  188.75 | <-nfe  305.75
Epoch 0097 [Val seq (cond on sampled tp)] |  MAPE 0.025679 | RMSE 92.291202 |
Epoch 0097 [Test seq (cond on sampled tp)] | MAPE 0.051504 | RMSE 285.337778|
0.057790324091911316,0.04828384146094322,0.04843838885426521
228.1450847322817,305.5222091968111,322.3460388309433
Experiment 07-12_10:13
Epoch 0098 [Train seq (cond on sampled tp)] | Loss 1859609.024824 | MAPE 0.038989 | RMSE 78.196822 | Likelihood -1859606.318481 | KL fp 2.7063 | FP STD 0.1598 | ->nfe  186.50 | <-nfe  272.00
Epoch 0098 [Val seq (cond on sampled tp)] |  MAPE 0.023562 | RMSE 90.252765 |
Epoch 0098 [Test seq (cond on sampled tp)] | MAPE 0.051279 | RMSE 261.229303|
0.05587787926197052,0.05026392638683319,0.04769519716501236
229.56182786452106,262.1582149914437,291.9678653122634
Experiment 07-12_10:13
Epoch 0099 [Train seq (cond on sampled tp)] | Loss 1862924.712535 | MAPE 0.031812 | RMSE 77.835974 | Likelihood -1862921.979615 | KL fp 2.7329 | FP STD 0.1440 | ->nfe  187.25 | <-nfe  308.75
Epoch 0099 [Val seq (cond on sampled tp)] |  MAPE 0.028801 | RMSE 87.367503 |
Epoch 0099 [Test seq (cond on sampled tp)] | MAPE 0.058937 | RMSE 282.356106|
0.058497171849012375,0.05490626394748688,0.06340645998716354
229.80513994197344,263.152641065979,354.11053844456535
Experiment 07-12_10:13
Epoch 0100 [Train seq (cond on sampled tp)] | Loss 1846319.815423 | MAPE 0.037687 | RMSE 77.354438 | Likelihood -1846317.321657 | KL fp 2.4938 | FP STD 0.2017 | ->nfe  187.25 | <-nfe  370.25
Epoch 0100 [Val seq (cond on sampled tp)] |  MAPE 0.024485 | RMSE 87.673561 |
Epoch 0100 [Test seq (cond on sampled tp)] | MAPE 0.054195 | RMSE 279.343886|
0.05706729367375374,0.04657856002449989,0.058938998728990555
234.25043356416654,269.76726080086144,334.0139639670773
