/nvme/yuanjingyang/CG-ODE/run_models_covid.py
run_models_covid.py --heavyBall --gamma_guess 3.0 --corr 10
Namespace(save='experiments/', load=None, dataset='Dec', datapath='data/', pred_length=14, condition_length=21, features='Confirmed,Deaths,Recovered,Mortality_Rate,Testing_Rate,Population,Mobility', split_interval=3, feature_out='Deaths', niters=100, lr=0.005, batch_size=8, random_seed=1991, dropout=0.2, l2=1e-05, optimizer='AdamW', clip=10, edge_lamda=0.5, z0_encoder='GTrans', rec_dims=64, ode_dims=20, rec_layers=1, gen_layers=1, CVPR=False, graf_layer=1, heavyBall=True, actv_h=None, gamma_guess=3.0, gamma_act='sigmoid', corr=10, corrf=True, sign=1, augment_dim=0, solver='rk4', alias='run', output_dim=1, feature_out_index=[1], num_atoms=50)
run
Experiment 07-07_03:44
Epoch 0001 [Train seq (cond on sampled tp)] | Loss 4406439.390507 | MAPE 0.063503 | RMSE 286.738192 | Likelihood -4406437.834793 | KL fp 1.5557 | FP STD 0.4156|
Epoch 0001 [Val seq (cond on sampled tp)] |  MAPE 0.058296 | RMSE 306.876922 |
Best Val!
Epoch 0001 [Test seq (cond on sampled tp)] | MAPE 0.124424 | RMSE 908.640685|
0.13843069970607758,0.12855832278728485,0.10628172755241394
854.2066128870696,939.4866284306552,932.2288144549062
0.13843069970607758,0.12855832278728485,0.10628172755241394
854.2066128870696,939.4866284306552,932.2288144549062
Epoch 0001 [Test seq (cond on sampled tp)] | Best Test MAPE 0.124424|Best Test RMSE 908.640685|
Experiment 07-07_03:44
Epoch 0002 [Train seq (cond on sampled tp)] | Loss 4240693.800185 | MAPE 0.090943 | RMSE 277.478240 | Likelihood -4240690.684038 | KL fp 3.1161 | FP STD 0.6282|
Epoch 0002 [Val seq (cond on sampled tp)] |  MAPE 0.066220 | RMSE 284.644433 |
Epoch 0002 [Test seq (cond on sampled tp)] | MAPE 0.110222 | RMSE 874.990475|
0.11870944499969482,0.11336398124694824,0.09859348833560944
818.8119442216265,904.520591252626,901.6388897446693
0.11870944499969482,0.11336398124694824,0.09859348833560944
818.8119442216265,904.520591252626,901.6388897446693
Epoch 0002 [Test seq (cond on sampled tp)] | Best Test MAPE 0.110222|Best Test RMSE 874.990475|
Experiment 07-07_03:44
Epoch 0003 [Train seq (cond on sampled tp)] | Loss 3924671.505092 | MAPE 0.217885 | RMSE 259.096142 | Likelihood -3924665.397232 | KL fp 6.1079 | FP STD 0.8048|
Epoch 0003 [Val seq (cond on sampled tp)] |  MAPE 0.097134 | RMSE 245.957353 |
Epoch 0003 [Test seq (cond on sampled tp)] | MAPE 0.126965 | RMSE 806.843508|
0.13304093480110168,0.13177011907100677,0.11608292907476425
748.4282280218993,836.5610408093363,835.5412542178872
Experiment 07-07_03:44
Epoch 0004 [Train seq (cond on sampled tp)] | Loss 3646347.673751 | MAPE 0.472471 | RMSE 242.659723 | Likelihood -3646338.660144 | KL fp 9.0136 | FP STD 0.7708|
Epoch 0004 [Val seq (cond on sampled tp)] |  MAPE 0.136370 | RMSE 210.859560 |
Epoch 0004 [Test seq (cond on sampled tp)] | MAPE 0.143337 | RMSE 730.954824|
0.14945244789123535,0.1421561986207962,0.13840317726135254
669.0195951913516,760.1169317940497,763.7279456717556
Experiment 07-07_03:44
Epoch 0005 [Train seq (cond on sampled tp)] | Loss 3334403.326433 | MAPE 0.465248 | RMSE 221.507857 | Likelihood -3334396.458282 | KL fp 6.8682 | FP STD 0.5376|
Epoch 0005 [Val seq (cond on sampled tp)] |  MAPE 0.063554 | RMSE 183.576278 |
Epoch 0005 [Test seq (cond on sampled tp)] | MAPE 0.076853 | RMSE 682.085693|
0.08645842969417572,0.07645829021930695,0.06764286011457443
621.3527078077313,714.896823849428,710.0075483753676
0.08645842969417572,0.07645829021930695,0.06764286011457443
621.3527078077313,714.896823849428,710.0075483753676
Epoch 0005 [Test seq (cond on sampled tp)] | Best Test MAPE 0.076853|Best Test RMSE 682.085693|
Experiment 07-07_03:44
Epoch 0006 [Train seq (cond on sampled tp)] | Loss 2996572.011861 | MAPE 0.132155 | RMSE 195.596138 | Likelihood -2996567.588150 | KL fp 4.4237 | FP STD 0.4754|
Epoch 0006 [Val seq (cond on sampled tp)] |  MAPE 0.031892 | RMSE 153.763833 |
Best Val!
Epoch 0006 [Test seq (cond on sampled tp)] | MAPE 0.057123 | RMSE 605.525490|
0.06296157091856003,0.05818428844213486,0.050222110003232956
538.869563298949,639.5025899087509,638.2043168139808
0.06296157091856003,0.05818428844213486,0.050222110003232956
538.869563298949,639.5025899087509,638.2043168139808
Epoch 0006 [Test seq (cond on sampled tp)] | Best Test MAPE 0.057123|Best Test RMSE 605.525490|
Experiment 07-07_03:44
Epoch 0007 [Train seq (cond on sampled tp)] | Loss 2703716.748552 | MAPE 0.052334 | RMSE 171.181763 | Likelihood -2703712.375260 | KL fp 4.3733 | FP STD 0.4534|
Epoch 0007 [Val seq (cond on sampled tp)] |  MAPE 0.032678 | RMSE 131.938677 |
Epoch 0007 [Test seq (cond on sampled tp)] | MAPE 0.054876 | RMSE 545.164080|
0.055914442986249924,0.06117795780301094,0.04753538966178894
484.38680630772757,577.2086115521839,573.8968221727665
0.055914442986249924,0.06117795780301094,0.04753538966178894
484.38680630772757,577.2086115521839,573.8968221727665
Epoch 0007 [Test seq (cond on sampled tp)] | Best Test MAPE 0.054876|Best Test RMSE 545.164080|
Experiment 07-07_03:44
Epoch 0008 [Train seq (cond on sampled tp)] | Loss 2469624.348044 | MAPE 0.037981 | RMSE 148.679736 | Likelihood -2469620.502230 | KL fp 3.8458 | FP STD 0.4452|
Epoch 0008 [Val seq (cond on sampled tp)] |  MAPE 0.028665 | RMSE 115.370268 |
Best Val!
Epoch 0008 [Test seq (cond on sampled tp)] | MAPE 0.053080 | RMSE 474.988284|
0.05955098569393158,0.05394851416349411,0.04573991522192955
418.42091546671037,503.3909235127308,503.15301164258176
0.05955098569393158,0.05394851416349411,0.04573991522192955
418.42091546671037,503.3909235127308,503.15301164258176
Epoch 0008 [Test seq (cond on sampled tp)] | Best Test MAPE 0.053080|Best Test RMSE 474.988284|
Experiment 07-07_03:44
Epoch 0009 [Train seq (cond on sampled tp)] | Loss 2324351.389292 | MAPE 0.038756 | RMSE 133.102363 | Likelihood -2324347.772408 | KL fp 3.6169 | FP STD 0.3806|
Epoch 0009 [Val seq (cond on sampled tp)] |  MAPE 0.026245 | RMSE 110.056395 |
Best Val!
Epoch 0009 [Test seq (cond on sampled tp)] | MAPE 0.058181 | RMSE 434.999361|
0.06169857829809189,0.0616295225918293,0.05121570825576782
385.4004410999033,458.3260984277461,461.27154421230017
Experiment 07-07_03:44
Epoch 0010 [Train seq (cond on sampled tp)] | Loss 2229453.095952 | MAPE 0.033133 | RMSE 121.943291 | Likelihood -2229449.309782 | KL fp 3.7862 | FP STD 0.2922|
Epoch 0010 [Val seq (cond on sampled tp)] |  MAPE 0.028996 | RMSE 95.845599 |
Epoch 0010 [Test seq (cond on sampled tp)] | MAPE 0.055091 | RMSE 397.366558|
0.06442254036664963,0.056418951600790024,0.04443042725324631
346.9373142226128,416.6725332920326,428.4898263086301
Experiment 07-07_03:44
Epoch 0011 [Train seq (cond on sampled tp)] | Loss 2177715.946791 | MAPE 0.078540 | RMSE 114.519833 | Likelihood -2177712.383732 | KL fp 3.5631 | FP STD 0.2479|
Epoch 0011 [Val seq (cond on sampled tp)] |  MAPE 0.027156 | RMSE 84.586125 |
Epoch 0011 [Test seq (cond on sampled tp)] | MAPE 0.041584 | RMSE 341.166224|
0.04658542573451996,0.041623555123806,0.03654364123940468
287.7927042595069,360.3338187535275,375.3721486738194
0.04658542573451996,0.041623555123806,0.03654364123940468
287.7927042595069,360.3338187535275,375.3721486738194
Epoch 0011 [Test seq (cond on sampled tp)] | Best Test MAPE 0.041584|Best Test RMSE 341.166224|
Experiment 07-07_03:44
Epoch 0012 [Train seq (cond on sampled tp)] | Loss 2120946.329246 | MAPE 0.035665 | RMSE 107.351020 | Likelihood -2120942.818746 | KL fp 3.5105 | FP STD 0.2484|
Epoch 0012 [Val seq (cond on sampled tp)] |  MAPE 0.031681 | RMSE 90.776404 |
Epoch 0012 [Test seq (cond on sampled tp)] | MAPE 0.053838 | RMSE 370.069197|
0.053103893995285034,0.05964628607034683,0.04876334220170975
321.1238808855548,397.94534800648194,391.138362667228
Experiment 07-07_03:44
Epoch 0013 [Train seq (cond on sampled tp)] | Loss 2113405.677582 | MAPE 0.065052 | RMSE 105.979815 | Likelihood -2113402.141968 | KL fp 3.5356 | FP STD 0.1974|
Epoch 0013 [Val seq (cond on sampled tp)] |  MAPE 0.029954 | RMSE 84.826023 |
Epoch 0013 [Test seq (cond on sampled tp)] | MAPE 0.055806 | RMSE 336.942215|
0.0606340691447258,0.060169074684381485,0.046614814549684525
277.3578464727472,358.7852661237638,374.6835331316283
Experiment 07-07_03:44
Epoch 0014 [Train seq (cond on sampled tp)] | Loss 2090317.137989 | MAPE 0.033172 | RMSE 101.495752 | Likelihood -2090313.901252 | KL fp 3.2367 | FP STD 0.2034|
Epoch 0014 [Val seq (cond on sampled tp)] |  MAPE 0.037344 | RMSE 83.395015 |
Epoch 0014 [Test seq (cond on sampled tp)] | MAPE 0.055198 | RMSE 333.785991|
0.05375957489013672,0.05885215476155281,0.052983276546001434
285.21685828506,359.6164406350188,356.52467481227717
Experiment 07-07_03:44
Epoch 0015 [Train seq (cond on sampled tp)] | Loss 2087542.392445 | MAPE 0.041104 | RMSE 102.323307 | Likelihood -2087539.053639 | KL fp 3.3388 | FP STD 0.1902|
Epoch 0015 [Val seq (cond on sampled tp)] |  MAPE 0.026025 | RMSE 89.412320 |
Best Val!
Epoch 0015 [Test seq (cond on sampled tp)] | MAPE 0.054091 | RMSE 323.366192|
0.056349724531173706,0.05847252160310745,0.04745173454284668
277.76035084223236,332.3744241251122,359.9638002633043
Experiment 07-07_03:44
Epoch 0016 [Train seq (cond on sampled tp)] | Loss 2073674.178491 | MAPE 0.047117 | RMSE 100.462453 | Likelihood -2073670.723903 | KL fp 3.4546 | FP STD 0.1700|
Epoch 0016 [Val seq (cond on sampled tp)] |  MAPE 0.025125 | RMSE 77.760016 |
Best Val!
Epoch 0016 [Test seq (cond on sampled tp)] | MAPE 0.049562 | RMSE 299.815825|
0.05509462207555771,0.05161421000957489,0.04197804257273674
236.25222386519454,335.3102807475488,327.8849717317035
Experiment 07-07_03:44
Epoch 0017 [Train seq (cond on sampled tp)] | Loss 2066772.468106 | MAPE 0.035168 | RMSE 99.081274 | Likelihood -2066769.213448 | KL fp 3.2547 | FP STD 0.1892|
Epoch 0017 [Val seq (cond on sampled tp)] |  MAPE 0.025549 | RMSE 81.545951 |
Epoch 0017 [Test seq (cond on sampled tp)] | MAPE 0.051439 | RMSE 311.495731|
0.05833088606595993,0.053905971348285675,0.04207991436123848
263.0247730728039,343.67361651354616,327.78880395767027
Experiment 07-07_03:44
Epoch 0018 [Train seq (cond on sampled tp)] | Loss 2063009.395863 | MAPE 0.036348 | RMSE 99.196596 | Likelihood -2063006.191078 | KL fp 3.2048 | FP STD 0.1970|
Epoch 0018 [Val seq (cond on sampled tp)] |  MAPE 0.029495 | RMSE 90.589778 |
Epoch 0018 [Test seq (cond on sampled tp)] | MAPE 0.056251 | RMSE 345.299290|
0.06103281304240227,0.05966584011912346,0.0480540469288826
313.0722760002872,354.153314699298,368.67227994521096
Experiment 07-07_03:44
Epoch 0019 [Train seq (cond on sampled tp)] | Loss 2050836.982017 | MAPE 0.048260 | RMSE 96.254867 | Likelihood -2050833.875910 | KL fp 3.1061 | FP STD 0.1861|
Epoch 0019 [Val seq (cond on sampled tp)] |  MAPE 0.032621 | RMSE 79.700596 |
Epoch 0019 [Test seq (cond on sampled tp)] | MAPE 0.052526 | RMSE 306.454237|
0.056105054914951324,0.05335386469960213,0.04811961576342583
263.0268522413634,310.8099675645876,345.5258899489299
Experiment 07-07_03:44
Epoch 0020 [Train seq (cond on sampled tp)] | Loss 2027506.162566 | MAPE 0.040439 | RMSE 93.096156 | Likelihood -2027503.195629 | KL fp 2.9669 | FP STD 0.1949|
Epoch 0020 [Val seq (cond on sampled tp)] |  MAPE 0.030705 | RMSE 83.839234 |
Epoch 0020 [Test seq (cond on sampled tp)] | MAPE 0.067729 | RMSE 307.672341|
0.06979693472385406,0.07130003720521927,0.06208878383040428
252.14332791588993,316.61947290872683,354.25422324582104
Experiment 07-07_03:44
Epoch 0021 [Train seq (cond on sampled tp)] | Loss 2034974.372319 | MAPE 0.034097 | RMSE 95.500750 | Likelihood -2034971.338592 | KL fp 3.0337 | FP STD 0.1829|
Epoch 0021 [Val seq (cond on sampled tp)] |  MAPE 0.029457 | RMSE 87.279267 |
Epoch 0021 [Test seq (cond on sampled tp)] | MAPE 0.065176 | RMSE 312.734978|
0.07001540809869766,0.06678071618080139,0.05873154476284981
260.18653164604814,325.4206772586831,352.5977258151277
Experiment 07-07_03:44
Epoch 0022 [Train seq (cond on sampled tp)] | Loss 2009269.051519 | MAPE 0.031586 | RMSE 89.381002 | Likelihood -2009266.145540 | KL fp 2.9060 | FP STD 0.1874|
Epoch 0022 [Val seq (cond on sampled tp)] |  MAPE 0.037338 | RMSE 92.854094 |
Epoch 0022 [Test seq (cond on sampled tp)] | MAPE 0.070264 | RMSE 268.950695|
0.07783278077840805,0.0667610839009285,0.06619918346405029
230.07301830071253,266.3845464033152,310.3945196238168
Experiment 07-07_03:44
Epoch 0023 [Train seq (cond on sampled tp)] | Loss 1997234.925420 | MAPE 0.031860 | RMSE 88.942966 | Likelihood -1997231.824963 | KL fp 3.1005 | FP STD 0.1774|
Epoch 0023 [Val seq (cond on sampled tp)] |  MAPE 0.035529 | RMSE 91.502732 |
Epoch 0023 [Test seq (cond on sampled tp)] | MAPE 0.063513 | RMSE 286.926236|
0.06549879163503647,0.0640571191906929,0.06098301708698273
230.99966179628922,279.44472004763304,350.33432692929193
Experiment 07-07_03:44
Epoch 0024 [Train seq (cond on sampled tp)] | Loss 2029984.660996 | MAPE 0.037376 | RMSE 94.465412 | Likelihood -2029981.495020 | KL fp 3.1660 | FP STD 0.1599|
Epoch 0024 [Val seq (cond on sampled tp)] |  MAPE 0.030508 | RMSE 94.683225 |
Epoch 0024 [Test seq (cond on sampled tp)] | MAPE 0.064827 | RMSE 289.058187|
0.07562051713466644,0.06188391521573067,0.05697629973292351
244.48987070019894,279.6882891050321,342.99640122018775
Experiment 07-07_03:44
Epoch 0025 [Train seq (cond on sampled tp)] | Loss 2022105.383939 | MAPE 0.028504 | RMSE 92.471694 | Likelihood -2022102.402996 | KL fp 2.9809 | FP STD 0.1849|
Epoch 0025 [Val seq (cond on sampled tp)] |  MAPE 0.023765 | RMSE 97.094831 |
Best Val!
Epoch 0025 [Test seq (cond on sampled tp)] | MAPE 0.051822 | RMSE 288.616729|
0.055725209414958954,0.053511183708906174,0.0462304949760437
234.20290348328305,300.7315689489549,330.91571576082634
Experiment 07-07_03:44
Epoch 0026 [Train seq (cond on sampled tp)] | Loss 2010388.997653 | MAPE 0.035000 | RMSE 90.237273 | Likelihood -2010385.959865 | KL fp 3.0378 | FP STD 0.1724|
Epoch 0026 [Val seq (cond on sampled tp)] |  MAPE 0.022694 | RMSE 85.755959 |
Best Val!
Epoch 0026 [Test seq (cond on sampled tp)] | MAPE 0.051361 | RMSE 287.369793|
0.05259069427847862,0.05175211653113365,0.04974006116390228
238.97451812379495,287.5062771053877,335.62858471083774
Experiment 07-07_03:44
Epoch 0027 [Train seq (cond on sampled tp)] | Loss 2001894.649790 | MAPE 0.039800 | RMSE 90.769318 | Likelihood -2001891.465672 | KL fp 3.1841 | FP STD 0.1619|
Epoch 0027 [Val seq (cond on sampled tp)] |  MAPE 0.028525 | RMSE 96.316302 |
Epoch 0027 [Test seq (cond on sampled tp)] | MAPE 0.056041 | RMSE 308.470380|
0.06461890786886215,0.05798288807272911,0.04552134498953819
244.6627222448283,317.69386305844813,363.05455426836335
Experiment 07-07_03:44
Epoch 0028 [Train seq (cond on sampled tp)] | Loss 2019488.349643 | MAPE 0.037053 | RMSE 93.282864 | Likelihood -2019485.445044 | KL fp 2.9046 | FP STD 0.1867|
Epoch 0028 [Val seq (cond on sampled tp)] |  MAPE 0.032036 | RMSE 83.594249 |
Epoch 0028 [Test seq (cond on sampled tp)] | MAPE 0.050692 | RMSE 278.339681|
0.0576687715947628,0.052936628460884094,0.04147126153111458
214.95356511639903,300.7237233949128,319.3417546297383
Experiment 07-07_03:44
Epoch 0029 [Train seq (cond on sampled tp)] | Loss 2010882.157701 | MAPE 0.031112 | RMSE 90.711184 | Likelihood -2010879.206014 | KL fp 2.9517 | FP STD 0.1720|
Epoch 0029 [Val seq (cond on sampled tp)] |  MAPE 0.027001 | RMSE 96.967481 |
Epoch 0029 [Test seq (cond on sampled tp)] | MAPE 0.054181 | RMSE 269.269092|
0.056427910923957825,0.05364228039979935,0.05247245728969574
214.97816022796363,285.7763411962229,307.05277437274526
Experiment 07-07_03:44
Epoch 0030 [Train seq (cond on sampled tp)] | Loss 2005178.946335 | MAPE 0.033240 | RMSE 89.558656 | Likelihood -2005175.908949 | KL fp 3.0374 | FP STD 0.1554|
Epoch 0030 [Val seq (cond on sampled tp)] |  MAPE 0.028404 | RMSE 81.261931 |
Epoch 0030 [Test seq (cond on sampled tp)] | MAPE 0.053808 | RMSE 302.872860|
0.05584227293729782,0.056116171181201935,0.04946494847536087
254.4165583374046,325.02277564426157,329.1792468587593
Experiment 07-07_03:44
Epoch 0031 [Train seq (cond on sampled tp)] | Loss 1997123.921083 | MAPE 0.034047 | RMSE 88.937832 | Likelihood -1997120.858448 | KL fp 3.0626 | FP STD 0.1590|
Epoch 0031 [Val seq (cond on sampled tp)] |  MAPE 0.032284 | RMSE 80.238454 |
Epoch 0031 [Test seq (cond on sampled tp)] | MAPE 0.061687 | RMSE 280.335194|
0.06847425550222397,0.056350450962781906,0.06023644283413887
248.20495405762955,287.92940758109444,304.87122025127263
Experiment 07-07_03:44
Epoch 0032 [Train seq (cond on sampled tp)] | Loss 1989327.833009 | MAPE 0.031774 | RMSE 86.858264 | Likelihood -1989324.829974 | KL fp 3.0030 | FP STD 0.1567|
Epoch 0032 [Val seq (cond on sampled tp)] |  MAPE 0.033245 | RMSE 96.113311 |
Epoch 0032 [Test seq (cond on sampled tp)] | MAPE 0.057824 | RMSE 261.363559|
0.062484148889780045,0.055791959166526794,0.05519528314471245
223.43312932788191,260.7731443467674,299.8844048129212
Experiment 07-07_03:44
Epoch 0033 [Train seq (cond on sampled tp)] | Loss 1992846.412054 | MAPE 0.029201 | RMSE 89.300884 | Likelihood -1992843.352721 | KL fp 3.0593 | FP STD 0.1638|
Epoch 0033 [Val seq (cond on sampled tp)] |  MAPE 0.037753 | RMSE 81.290957 |
Epoch 0033 [Test seq (cond on sampled tp)] | MAPE 0.063846 | RMSE 281.587751|
0.06428071856498718,0.060738109052181244,0.06651859730482101
221.2628174253415,287.766805547478,335.73362999928975
Experiment 07-07_03:44
Epoch 0034 [Train seq (cond on sampled tp)] | Loss 2002867.434433 | MAPE 0.045048 | RMSE 89.363129 | Likelihood -2002864.469769 | KL fp 2.9647 | FP STD 0.1653|
Epoch 0034 [Val seq (cond on sampled tp)] |  MAPE 0.021882 | RMSE 82.437124 |
Best Val!
Epoch 0034 [Test seq (cond on sampled tp)] | MAPE 0.050758 | RMSE 284.025304|
0.05472945421934128,0.0501115508377552,0.047431573271751404
230.35850965126076,287.4938042810662,334.22359890124454
Experiment 07-07_03:44
Epoch 0035 [Train seq (cond on sampled tp)] | Loss 1971136.874096 | MAPE 0.030859 | RMSE 84.943644 | Likelihood -1971133.830168 | KL fp 3.0439 | FP STD 0.1557|
Epoch 0035 [Val seq (cond on sampled tp)] |  MAPE 0.036414 | RMSE 82.330837 |
Epoch 0035 [Test seq (cond on sampled tp)] | MAPE 0.063459 | RMSE 282.668262|
0.06554887443780899,0.06399690359830856,0.06083012372255325
236.71094252801242,298.3369529575577,312.95689100098116
Experiment 07-07_03:44
Epoch 0036 [Train seq (cond on sampled tp)] | Loss 2004617.308938 | MAPE 0.032280 | RMSE 88.983101 | Likelihood -2004614.431886 | KL fp 2.8771 | FP STD 0.1537|
Epoch 0036 [Val seq (cond on sampled tp)] |  MAPE 0.022358 | RMSE 79.860437 |
Epoch 0036 [Test seq (cond on sampled tp)] | MAPE 0.053212 | RMSE 294.340229|
0.05865835025906563,0.052206963300704956,0.048771876841783524
259.1489979239742,294.98159370543783,328.89009609974573
Experiment 07-07_03:44
Epoch 0037 [Train seq (cond on sampled tp)] | Loss 2005685.365173 | MAPE 0.033539 | RMSE 92.894752 | Likelihood -2005682.515229 | KL fp 2.8499 | FP STD 0.1742|
Epoch 0037 [Val seq (cond on sampled tp)] |  MAPE 0.029737 | RMSE 98.180259 |
Epoch 0037 [Test seq (cond on sampled tp)] | MAPE 0.060174 | RMSE 276.782732|
0.06376553326845169,0.058004286140203476,0.05875234305858612
227.46879078513166,271.17859083083977,331.7008135164881
Experiment 07-07_03:44
Epoch 0038 [Train seq (cond on sampled tp)] | Loss 2000618.858834 | MAPE 0.037245 | RMSE 91.629334 | Likelihood -2000616.099700 | KL fp 2.7591 | FP STD 0.1641|
Epoch 0038 [Val seq (cond on sampled tp)] |  MAPE 0.030044 | RMSE 109.433141 |
Epoch 0038 [Test seq (cond on sampled tp)] | MAPE 0.059284 | RMSE 282.504435|
0.06060951575636864,0.06209210306406021,0.0551496222615242
252.0645688608377,275.64450044395954,319.80423699507173
Experiment 07-07_03:44
Epoch 0039 [Train seq (cond on sampled tp)] | Loss 2036721.039399 | MAPE 0.036229 | RMSE 96.675271 | Likelihood -2036718.472904 | KL fp 2.5665 | FP STD 0.1912|
Epoch 0039 [Val seq (cond on sampled tp)] |  MAPE 0.025308 | RMSE 93.075789 |
Epoch 0039 [Test seq (cond on sampled tp)] | MAPE 0.055798 | RMSE 257.727103|
0.062131814658641815,0.05182864889502525,0.053432147949934006
211.02790655207193,245.69914593359906,316.4542571604939
Experiment 07-07_03:44
Epoch 0040 [Train seq (cond on sampled tp)] | Loss 2031652.384529 | MAPE 0.041261 | RMSE 98.255467 | Likelihood -2031649.665294 | KL fp 2.7192 | FP STD 0.2069|
Epoch 0040 [Val seq (cond on sampled tp)] |  MAPE 0.021534 | RMSE 88.442679 |
Best Val!
Epoch 0040 [Test seq (cond on sampled tp)] | MAPE 0.051484 | RMSE 305.951832|
0.058639563620090485,0.0504651814699173,0.04534595459699631
278.38633789214583,302.9658731812875,336.50328518084336
Experiment 07-07_03:44
Epoch 0041 [Train seq (cond on sampled tp)] | Loss 1982361.067769 | MAPE 0.031242 | RMSE 88.950378 | Likelihood -1982358.228134 | KL fp 2.8396 | FP STD 0.1692|
Epoch 0041 [Val seq (cond on sampled tp)] |  MAPE 0.023298 | RMSE 93.847444 |
Epoch 0041 [Test seq (cond on sampled tp)] | MAPE 0.051907 | RMSE 306.252423|
0.05761841684579849,0.04778618365526199,0.050315387547016144
250.12515617186529,317.0762304833019,351.5558832710669
Experiment 07-07_03:44
Epoch 0042 [Train seq (cond on sampled tp)] | Loss 1993042.650067 | MAPE 0.029917 | RMSE 88.867516 | Likelihood -1993040.053408 | KL fp 2.5967 | FP STD 0.1841|
Epoch 0042 [Val seq (cond on sampled tp)] |  MAPE 0.034657 | RMSE 93.813062 |
Epoch 0042 [Test seq (cond on sampled tp)] | MAPE 0.069879 | RMSE 282.273993|
0.06917329877614975,0.06897983700037003,0.07148495316505432
247.9387761499802,284.1105776145971,314.7726237897762
Experiment 07-07_03:44
Epoch 0043 [Train seq (cond on sampled tp)] | Loss 1974942.907097 | MAPE 0.038622 | RMSE 89.322219 | Likelihood -1974940.147393 | KL fp 2.7597 | FP STD 0.1963|
Epoch 0043 [Val seq (cond on sampled tp)] |  MAPE 0.028640 | RMSE 94.749995 |
Epoch 0043 [Test seq (cond on sampled tp)] | MAPE 0.054431 | RMSE 291.577989|
0.06543560326099396,0.05596507340669632,0.041892003268003464
272.26814964754874,291.92898323051105,310.53683356407174
Experiment 07-07_03:44
Epoch 0044 [Train seq (cond on sampled tp)] | Loss 1986002.966006 | MAPE 0.036824 | RMSE 89.911028 | Likelihood -1986000.443647 | KL fp 2.5224 | FP STD 0.2064|
Epoch 0044 [Val seq (cond on sampled tp)] |  MAPE 0.035904 | RMSE 85.972288 |
Epoch 0044 [Test seq (cond on sampled tp)] | MAPE 0.067890 | RMSE 266.309723|
0.07118196785449982,0.06287556886672974,0.06961377710103989
244.3641861418117,281.8575798386483,272.7074038690552
Experiment 07-07_03:44
Epoch 0045 [Train seq (cond on sampled tp)] | Loss 1963785.584042 | MAPE 0.032064 | RMSE 84.643922 | Likelihood -1963782.994255 | KL fp 2.5898 | FP STD 0.1824|
Epoch 0045 [Val seq (cond on sampled tp)] |  MAPE 0.038923 | RMSE 98.151061 |
Epoch 0045 [Test seq (cond on sampled tp)] | MAPE 0.062675 | RMSE 276.996207|
0.06108478084206581,0.0596839115023613,0.06725703179836273
228.76798085068637,287.16831410341916,315.05232700299166
Experiment 07-07_03:44
Epoch 0046 [Train seq (cond on sampled tp)] | Loss 1979216.039426 | MAPE 0.035094 | RMSE 89.711998 | Likelihood -1979213.073445 | KL fp 2.9660 | FP STD 0.1624|
Epoch 0046 [Val seq (cond on sampled tp)] |  MAPE 0.024617 | RMSE 102.709285 |
Epoch 0046 [Test seq (cond on sampled tp)] | MAPE 0.055628 | RMSE 323.041959|
0.057567160576581955,0.05647629499435425,0.052840642631053925
304.24937089088615,345.92144836291953,318.95505659105015
Experiment 07-07_03:44
Epoch 0047 [Train seq (cond on sampled tp)] | Loss 1993378.238929 | MAPE 0.034452 | RMSE 89.958373 | Likelihood -1993375.462994 | KL fp 2.7759 | FP STD 0.1646|
Epoch 0047 [Val seq (cond on sampled tp)] |  MAPE 0.024910 | RMSE 95.035294 |
Epoch 0047 [Test seq (cond on sampled tp)] | MAPE 0.045512 | RMSE 270.036866|
0.049676693975925446,0.04139137640595436,0.045468926429748535
237.2451675614279,288.0343268388336,284.8311040116581
Experiment 07-07_03:44
Epoch 0048 [Train seq (cond on sampled tp)] | Loss 1967847.855096 | MAPE 0.034500 | RMSE 85.043118 | Likelihood -1967845.072595 | KL fp 2.7825 | FP STD 0.1657|
Epoch 0048 [Val seq (cond on sampled tp)] |  MAPE 0.032419 | RMSE 94.817712 |
Epoch 0048 [Test seq (cond on sampled tp)] | MAPE 0.067896 | RMSE 288.925179|
0.07123265415430069,0.06557866185903549,0.06687664240598679
258.8208236406028,286.4239373289181,321.53077467405825
Experiment 07-07_03:44
Epoch 0049 [Train seq (cond on sampled tp)] | Loss 1959762.404122 | MAPE 0.043614 | RMSE 85.492414 | Likelihood -1959759.493383 | KL fp 2.9107 | FP STD 0.1633|
Epoch 0049 [Val seq (cond on sampled tp)] |  MAPE 0.026565 | RMSE 92.576394 |
Epoch 0049 [Test seq (cond on sampled tp)] | MAPE 0.051274 | RMSE 280.780775|
0.05985967814922333,0.04978449270129204,0.044176653027534485
256.8917421551343,289.06362837617604,296.38695410307787
Experiment 07-07_03:44
Epoch 0050 [Train seq (cond on sampled tp)] | Loss 1969382.037190 | MAPE 0.044922 | RMSE 86.102690 | Likelihood -1969379.247634 | KL fp 2.7896 | FP STD 0.1580|
Epoch 0050 [Val seq (cond on sampled tp)] |  MAPE 0.030985 | RMSE 87.107042 |
Epoch 0050 [Test seq (cond on sampled tp)] | MAPE 0.059309 | RMSE 248.757522|
0.06610646843910217,0.052974633872509,0.0588458850979805
217.29072187394473,222.76310813002678,306.21873564904547
Experiment 07-07_03:44
Epoch 0051 [Train seq (cond on sampled tp)] | Loss 1951904.003457 | MAPE 0.032115 | RMSE 82.382865 | Likelihood -1951901.447891 | KL fp 2.5556 | FP STD 0.2068|
Epoch 0051 [Val seq (cond on sampled tp)] |  MAPE 0.028391 | RMSE 99.204118 |
Epoch 0051 [Test seq (cond on sampled tp)] | MAPE 0.066210 | RMSE 280.915976|
0.0609922781586647,0.06898033618927002,0.0686572715640068
248.73259204163415,270.2034823517269,323.8118546123659
Experiment 07-07_03:44
Epoch 0052 [Train seq (cond on sampled tp)] | Loss 1983330.200409 | MAPE 0.042336 | RMSE 91.034151 | Likelihood -1983327.462964 | KL fp 2.7374 | FP STD 0.2073|
Epoch 0052 [Val seq (cond on sampled tp)] |  MAPE 0.026924 | RMSE 98.911182 |
Epoch 0052 [Test seq (cond on sampled tp)] | MAPE 0.053438 | RMSE 292.744064|
0.06350251287221909,0.05074689909815788,0.04606472700834274
263.55906892478583,291.8004455102836,322.8726771112725
Experiment 07-07_03:44
Epoch 0053 [Train seq (cond on sampled tp)] | Loss 1963243.294612 | MAPE 0.034527 | RMSE 85.690101 | Likelihood -1963240.730298 | KL fp 2.5643 | FP STD 0.1963|
Epoch 0053 [Val seq (cond on sampled tp)] |  MAPE 0.021666 | RMSE 87.978632 |
Epoch 0053 [Test seq (cond on sampled tp)] | MAPE 0.060690 | RMSE 252.734215|
0.06223427131772041,0.060176119208335876,0.05965828150510788
207.76206154818064,249.35764350626994,301.0829412304855
Experiment 07-07_03:44
Epoch 0054 [Train seq (cond on sampled tp)] | Loss 2001750.779967 | MAPE 0.032101 | RMSE 91.116834 | Likelihood -2001748.310824 | KL fp 2.4691 | FP STD 0.2070|
Epoch 0054 [Val seq (cond on sampled tp)] |  MAPE 0.043028 | RMSE 86.102467 |
Epoch 0054 [Test seq (cond on sampled tp)] | MAPE 0.073943 | RMSE 284.744587|
0.07648806273937225,0.0703263059258461,0.0750136747956276
240.1888173265983,270.02618507285547,344.01875857284296
Experiment 07-07_03:44
Epoch 0055 [Train seq (cond on sampled tp)] | Loss 1973693.656656 | MAPE 0.042397 | RMSE 87.742151 | Likelihood -1973690.961386 | KL fp 2.6953 | FP STD 0.2016|
Epoch 0055 [Val seq (cond on sampled tp)] |  MAPE 0.024921 | RMSE 83.142656 |
Epoch 0055 [Test seq (cond on sampled tp)] | MAPE 0.060881 | RMSE 288.361648|
0.06433834880590439,0.05984911322593689,0.05845542624592781
246.13825986374,281.412217107751,337.5344658327502
Experiment 07-07_03:44
Epoch 0056 [Train seq (cond on sampled tp)] | Loss 1958167.823504 | MAPE 0.034912 | RMSE 84.038713 | Likelihood -1958165.268534 | KL fp 2.5550 | FP STD 0.2245|
Epoch 0056 [Val seq (cond on sampled tp)] |  MAPE 0.029020 | RMSE 84.864391 |
Epoch 0056 [Test seq (cond on sampled tp)] | MAPE 0.070416 | RMSE 259.456108|
0.06822198629379272,0.07125489413738251,0.07177162915468216
228.64790242040272,258.1804117279233,291.540011190574
Experiment 07-07_03:44
Epoch 0057 [Train seq (cond on sampled tp)] | Loss 1957381.722188 | MAPE 0.034925 | RMSE 83.292085 | Likelihood -1957379.248974 | KL fp 2.4732 | FP STD 0.2239|
Epoch 0057 [Val seq (cond on sampled tp)] |  MAPE 0.030635 | RMSE 86.493200 |
Epoch 0057 [Test seq (cond on sampled tp)] | MAPE 0.070807 | RMSE 301.900299|
0.0735548585653305,0.06842535734176636,0.07044029235839844
262.1724742416717,310.2929815110229,333.2354413549075
Experiment 07-07_03:44
Epoch 0058 [Train seq (cond on sampled tp)] | Loss 1965131.029325 | MAPE 0.034315 | RMSE 85.271442 | Likelihood -1965128.374020 | KL fp 2.6553 | FP STD 0.1750|
Epoch 0058 [Val seq (cond on sampled tp)] |  MAPE 0.038113 | RMSE 88.865187 |
Epoch 0058 [Test seq (cond on sampled tp)] | MAPE 0.067312 | RMSE 264.477187|
0.06127037853002548,0.0661972239613533,0.07446890324354172
207.99396212690885,256.15606509996985,329.2815332280266
Experiment 07-07_03:44
Epoch 0059 [Train seq (cond on sampled tp)] | Loss 1958117.438457 | MAPE 0.032598 | RMSE 82.803317 | Likelihood -1958114.875782 | KL fp 2.5627 | FP STD 0.1768|
Epoch 0059 [Val seq (cond on sampled tp)] |  MAPE 0.037010 | RMSE 104.194253 |
Epoch 0059 [Test seq (cond on sampled tp)] | MAPE 0.071285 | RMSE 306.690999|
0.06548933684825897,0.07241642475128174,0.07594882696866989
237.85260010140735,341.5655935358537,340.6548037419992
Experiment 07-07_03:44
Epoch 0060 [Train seq (cond on sampled tp)] | Loss 1992555.151616 | MAPE 0.039639 | RMSE 90.873291 | Likelihood -1992552.865258 | KL fp 2.2864 | FP STD 0.2309|
Epoch 0060 [Val seq (cond on sampled tp)] |  MAPE 0.029432 | RMSE 98.511609 |
Epoch 0060 [Test seq (cond on sampled tp)] | MAPE 0.071082 | RMSE 319.192183|
0.07437896728515625,0.07369882613420486,0.06516676396131516
301.77660145793277,325.6765794081607,330.1233670917586
Experiment 07-07_03:44
Epoch 0061 [Train seq (cond on sampled tp)] | Loss 2000488.998936 | MAPE 0.037433 | RMSE 89.652594 | Likelihood -2000487.074954 | KL fp 1.9240 | FP STD 0.3068|
Epoch 0061 [Val seq (cond on sampled tp)] |  MAPE 0.023924 | RMSE 94.687448 |
Epoch 0061 [Test seq (cond on sampled tp)] | MAPE 0.054961 | RMSE 281.828358|
0.05597975477576256,0.05662309378385544,0.05228051543235779
244.09170759931604,294.9721120292561,306.4212531385511
Experiment 07-07_03:44
Epoch 0062 [Train seq (cond on sampled tp)] | Loss 1994434.391776 | MAPE 0.040734 | RMSE 92.199944 | Likelihood -1994432.114102 | KL fp 2.2777 | FP STD 0.2557|
Epoch 0062 [Val seq (cond on sampled tp)] |  MAPE 0.025521 | RMSE 78.925196 |
Epoch 0062 [Test seq (cond on sampled tp)] | MAPE 0.048435 | RMSE 261.384197|
0.05733299255371094,0.04834218695759773,0.039631154388189316
198.14052581122823,297.5320098325557,288.480055094802
Experiment 07-07_03:44
Epoch 0063 [Train seq (cond on sampled tp)] | Loss 1990055.949723 | MAPE 0.035763 | RMSE 89.248042 | Likelihood -1990053.579037 | KL fp 2.3707 | FP STD 0.2061|
Epoch 0063 [Val seq (cond on sampled tp)] |  MAPE 0.026619 | RMSE 85.975503 |
Epoch 0063 [Test seq (cond on sampled tp)] | MAPE 0.052006 | RMSE 275.024627|
0.05167422071099281,0.0515434555709362,0.052800774574279785
227.5936019668611,296.3048208770826,301.1754575824531
Experiment 07-07_03:44
Epoch 0064 [Train seq (cond on sampled tp)] | Loss 2008795.823955 | MAPE 0.035686 | RMSE 90.806191 | Likelihood -2008793.417464 | KL fp 2.4065 | FP STD 0.1954|
Epoch 0064 [Val seq (cond on sampled tp)] |  MAPE 0.037307 | RMSE 90.425540 |
Epoch 0064 [Test seq (cond on sampled tp)] | MAPE 0.073067 | RMSE 268.306979|
0.06949149072170258,0.0711151510477066,0.0785934329032898
225.78775293403316,268.382190169169,310.75099305955564
Experiment 07-07_03:44
Epoch 0065 [Train seq (cond on sampled tp)] | Loss 1974286.446992 | MAPE 0.039353 | RMSE 86.837814 | Likelihood -1974283.792055 | KL fp 2.6549 | FP STD 0.1519|
Epoch 0065 [Val seq (cond on sampled tp)] |  MAPE 0.032444 | RMSE 96.861183 |
Epoch 0065 [Test seq (cond on sampled tp)] | MAPE 0.065602 | RMSE 258.155761|
0.06868629157543182,0.06282374262809753,0.06529628485441208
235.7791521609788,233.0007125123226,305.68741693926495
Experiment 07-07_03:44
Epoch 0066 [Train seq (cond on sampled tp)] | Loss 2001120.051223 | MAPE 0.037343 | RMSE 94.370429 | Likelihood -2001117.601218 | KL fp 2.4500 | FP STD 0.2168|
Epoch 0066 [Val seq (cond on sampled tp)] |  MAPE 0.031511 | RMSE 96.537375 |
Epoch 0066 [Test seq (cond on sampled tp)] | MAPE 0.066409 | RMSE 272.999534|
0.062187422066926956,0.06637889891862869,0.07066112011671066
237.53023656210593,255.94483353351754,325.52353265547487
Experiment 07-07_03:44
Epoch 0067 [Train seq (cond on sampled tp)] | Loss 1957988.748019 | MAPE 0.035802 | RMSE 82.069196 | Likelihood -1957986.408613 | KL fp 2.3394 | FP STD 0.1984|
Epoch 0067 [Val seq (cond on sampled tp)] |  MAPE 0.042054 | RMSE 93.060296 |
Epoch 0067 [Test seq (cond on sampled tp)] | MAPE 0.078907 | RMSE 253.619162|
0.07818733900785446,0.07757759094238281,0.08095630258321762
213.94183642990447,261.1061505882234,285.8095000389245
Experiment 07-07_03:44
Epoch 0068 [Train seq (cond on sampled tp)] | Loss 1963989.645646 | MAPE 0.035368 | RMSE 85.367999 | Likelihood -1963986.877037 | KL fp 2.7686 | FP STD 0.1545|
Epoch 0068 [Val seq (cond on sampled tp)] |  MAPE 0.026328 | RMSE 87.611753 |
Epoch 0068 [Test seq (cond on sampled tp)] | MAPE 0.061823 | RMSE 271.032853|
0.06375177204608917,0.06224449351429939,0.059471625834703445
227.54623499961497,273.4318927996513,312.12043198499515
Experiment 07-07_03:44
Epoch 0069 [Train seq (cond on sampled tp)] | Loss 1985836.732967 | MAPE 0.043048 | RMSE 90.437008 | Likelihood -1985833.902278 | KL fp 2.8307 | FP STD 0.1621|
Epoch 0069 [Val seq (cond on sampled tp)] |  MAPE 0.035713 | RMSE 90.922239 |
Epoch 0069 [Test seq (cond on sampled tp)] | MAPE 0.073703 | RMSE 287.896175|
0.07582972198724747,0.07339268177747726,0.07188589125871658
248.69816513949192,284.41694745566764,330.5734127996382
Experiment 07-07_03:44
Epoch 0070 [Train seq (cond on sampled tp)] | Loss 1947612.763644 | MAPE 0.031782 | RMSE 80.211349 | Likelihood -1947610.373084 | KL fp 2.3906 | FP STD 0.1986|
Epoch 0070 [Val seq (cond on sampled tp)] |  MAPE 0.025003 | RMSE 84.516545 |
Epoch 0070 [Test seq (cond on sampled tp)] | MAPE 0.054987 | RMSE 254.126162|
0.05281059443950653,0.05793432518839836,0.054215144366025925
198.79336201505825,255.63322113919386,307.9519037122518
Experiment 07-07_03:44
Epoch 0071 [Train seq (cond on sampled tp)] | Loss 1977910.724292 | MAPE 0.037329 | RMSE 89.423452 | Likelihood -1977908.353966 | KL fp 2.3703 | FP STD 0.2111|
Epoch 0071 [Val seq (cond on sampled tp)] |  MAPE 0.026164 | RMSE 97.559507 |
Epoch 0071 [Test seq (cond on sampled tp)] | MAPE 0.052704 | RMSE 259.757083|
0.05795198678970337,0.05172628164291382,0.04843398928642273
211.33970913259535,241.37744366966024,326.5540967818349
Experiment 07-07_03:44
Epoch 0072 [Train seq (cond on sampled tp)] | Loss 1954540.645826 | MAPE 0.035627 | RMSE 84.163541 | Likelihood -1954538.376680 | KL fp 2.2691 | FP STD 0.2362|
Epoch 0072 [Val seq (cond on sampled tp)] |  MAPE 0.023167 | RMSE 96.833444 |
Epoch 0072 [Test seq (cond on sampled tp)] | MAPE 0.047079 | RMSE 269.468159|
0.05134032666683197,0.045020390301942825,0.04487603157758713
236.4983895954685,265.1928396233578,306.71324657569
Experiment 07-07_03:44
Epoch 0073 [Train seq (cond on sampled tp)] | Loss 1984340.390564 | MAPE 0.032648 | RMSE 86.135314 | Likelihood -1984338.044005 | KL fp 2.3466 | FP STD 0.1839|
Epoch 0073 [Val seq (cond on sampled tp)] |  MAPE 0.040844 | RMSE 94.574055 |
Epoch 0073 [Test seq (cond on sampled tp)] | MAPE 0.083833 | RMSE 302.121724|
0.08042397350072861,0.08098583668470383,0.0900900736451149
258.6835512503646,300.41479137186303,347.2668282459469
Experiment 07-07_03:44
Epoch 0074 [Train seq (cond on sampled tp)] | Loss 1970678.492746 | MAPE 0.043858 | RMSE 87.052504 | Likelihood -1970675.893279 | KL fp 2.5995 | FP STD 0.1789|
Epoch 0074 [Val seq (cond on sampled tp)] |  MAPE 0.025973 | RMSE 93.628108 |
Epoch 0074 [Test seq (cond on sampled tp)] | MAPE 0.054630 | RMSE 305.105165|
0.058771874755620956,0.0542588047683239,0.05085887759923935
238.5907846082912,308.72103862143894,368.00367270585764
Experiment 07-07_03:44
Epoch 0075 [Train seq (cond on sampled tp)] | Loss 1953079.852690 | MAPE 0.037616 | RMSE 83.331866 | Likelihood -1953077.468761 | KL fp 2.3839 | FP STD 0.2028|
Epoch 0075 [Val seq (cond on sampled tp)] |  MAPE 0.021828 | RMSE 84.411806 |
Epoch 0075 [Test seq (cond on sampled tp)] | MAPE 0.050905 | RMSE 294.090410|
0.04867655038833618,0.051486048847436905,0.052553094923496246
220.90897977164713,310.5721157195217,350.79013490974916
Experiment 07-07_03:44
Epoch 0076 [Train seq (cond on sampled tp)] | Loss 1934433.744354 | MAPE 0.034577 | RMSE 79.790007 | Likelihood -1934431.568172 | KL fp 2.1762 | FP STD 0.2301|
Epoch 0076 [Val seq (cond on sampled tp)] |  MAPE 0.024986 | RMSE 94.393717 |
Epoch 0076 [Test seq (cond on sampled tp)] | MAPE 0.057252 | RMSE 281.600982|
0.06206604465842247,0.05460474267601967,0.05508502945303917
227.54387454675637,273.69676993892347,343.56230102777573
Experiment 07-07_03:44
Epoch 0077 [Train seq (cond on sampled tp)] | Loss 1951248.811477 | MAPE 0.036607 | RMSE 83.639217 | Likelihood -1951246.246001 | KL fp 2.5655 | FP STD 0.1663|
Epoch 0077 [Val seq (cond on sampled tp)] |  MAPE 0.023288 | RMSE 94.950840 |
Epoch 0077 [Test seq (cond on sampled tp)] | MAPE 0.050352 | RMSE 303.277314|
0.05097509175539017,0.0564560703933239,0.04362446814775467
259.7489773800852,328.1154165267155,321.96754737473157
Experiment 07-07_03:44
Epoch 0078 [Train seq (cond on sampled tp)] | Loss 1962057.088098 | MAPE 0.040947 | RMSE 84.738712 | Likelihood -1962054.755351 | KL fp 2.3327 | FP STD 0.1774|
Epoch 0078 [Val seq (cond on sampled tp)] |  MAPE 0.021732 | RMSE 89.354240 |
Epoch 0078 [Test seq (cond on sampled tp)] | MAPE 0.057029 | RMSE 287.393220|
0.05494038388133049,0.061088692396879196,0.05505664274096489
250.56513468307995,304.07630364350985,307.53822170992015
Experiment 07-07_03:44
Epoch 0079 [Train seq (cond on sampled tp)] | Loss 1956542.857201 | MAPE 0.034655 | RMSE 81.637809 | Likelihood -1956540.618987 | KL fp 2.2382 | FP STD 0.1844|
Epoch 0079 [Val seq (cond on sampled tp)] |  MAPE 0.023560 | RMSE 97.312510 |
Epoch 0079 [Test seq (cond on sampled tp)] | MAPE 0.057452 | RMSE 273.741497|
0.05981392413377762,0.058357857167720795,0.05418355017900467
213.31444109869824,281.2584304292051,326.6516206143787
Experiment 07-07_03:44
Epoch 0080 [Train seq (cond on sampled tp)] | Loss 1954514.401376 | MAPE 0.038720 | RMSE 86.214504 | Likelihood -1954511.950630 | KL fp 2.4507 | FP STD 0.1895|
Epoch 0080 [Val seq (cond on sampled tp)] |  MAPE 0.021929 | RMSE 87.837082 |
Epoch 0080 [Test seq (cond on sampled tp)] | MAPE 0.047486 | RMSE 271.525053|
0.05275543034076691,0.048110246658325195,0.04159140586853027
224.19832877387825,290.8269593976803,299.5498706392643
Experiment 07-07_03:44
Epoch 0081 [Train seq (cond on sampled tp)] | Loss 1955495.352959 | MAPE 0.037803 | RMSE 84.717391 | Likelihood -1955492.991017 | KL fp 2.3619 | FP STD 0.1845|
Epoch 0081 [Val seq (cond on sampled tp)] |  MAPE 0.023844 | RMSE 93.324514 |
Epoch 0081 [Test seq (cond on sampled tp)] | MAPE 0.046436 | RMSE 241.387133|
0.05212236940860748,0.04254031181335449,0.044645313173532486
205.6661622934118,208.7809015301687,309.7143341048328
Experiment 07-07_03:44
Epoch 0082 [Train seq (cond on sampled tp)] | Loss 1986438.085859 | MAPE 0.039437 | RMSE 90.387751 | Likelihood -1986435.563599 | KL fp 2.5223 | FP STD 0.1839|
Epoch 0082 [Val seq (cond on sampled tp)] |  MAPE 0.024675 | RMSE 88.954098 |
Epoch 0082 [Test seq (cond on sampled tp)] | MAPE 0.051270 | RMSE 268.676269|
0.05068185552954674,0.05288312956690788,0.05024392157793045
237.2643897111406,267.90206349522583,300.8623543250302
Experiment 07-07_03:44
Epoch 0083 [Train seq (cond on sampled tp)] | Loss 1958796.177246 | MAPE 0.045320 | RMSE 84.778589 | Likelihood -1958793.614887 | KL fp 2.5624 | FP STD 0.1796|
Epoch 0083 [Val seq (cond on sampled tp)] |  MAPE 0.023515 | RMSE 97.197924 |
Epoch 0083 [Test seq (cond on sampled tp)] | MAPE 0.048216 | RMSE 265.215970|
0.054049890488386154,0.04583795741200447,0.04476100951433182
266.0400433910279,241.66466145001425,287.9432045777431
Experiment 07-07_03:44
Epoch 0084 [Train seq (cond on sampled tp)] | Loss 1931300.049645 | MAPE 0.042646 | RMSE 79.174801 | Likelihood -1931297.748751 | KL fp 2.3009 | FP STD 0.2295|
Epoch 0084 [Val seq (cond on sampled tp)] |  MAPE 0.036295 | RMSE 85.125338 |
Epoch 0084 [Test seq (cond on sampled tp)] | MAPE 0.069487 | RMSE 273.757446|
0.0712021067738533,0.06615005433559418,0.07110801339149475
241.83935460859135,253.3074573887433,326.1255270214216
Experiment 07-07_03:44
Epoch 0085 [Train seq (cond on sampled tp)] | Loss 1940323.714836 | MAPE 0.043296 | RMSE 79.007760 | Likelihood -1940321.429021 | KL fp 2.2858 | FP STD 0.2124|
Epoch 0085 [Val seq (cond on sampled tp)] |  MAPE 0.030534 | RMSE 96.067517 |
Epoch 0085 [Test seq (cond on sampled tp)] | MAPE 0.061482 | RMSE 293.593723|
0.05768285691738129,0.05956239998340607,0.06720166653394699
263.0464698727204,283.2045142207306,334.53018595113355
Experiment 07-07_03:44
Epoch 0086 [Train seq (cond on sampled tp)] | Loss 1945762.095177 | MAPE 0.047562 | RMSE 82.561584 | Likelihood -1945759.536722 | KL fp 2.5585 | FP STD 0.1846|
Epoch 0086 [Val seq (cond on sampled tp)] |  MAPE 0.027730 | RMSE 101.770993 |
Epoch 0086 [Test seq (cond on sampled tp)] | MAPE 0.055469 | RMSE 299.346301|
0.05962521955370903,0.05591777712106705,0.050864752382040024
276.32760504969457,289.65019312094375,332.0611060106257
Experiment 07-07_03:44
Epoch 0087 [Train seq (cond on sampled tp)] | Loss 1961699.646957 | MAPE 0.054129 | RMSE 84.133601 | Likelihood -1961697.086761 | KL fp 2.5602 | FP STD 0.1731|
Epoch 0087 [Val seq (cond on sampled tp)] |  MAPE 0.030177 | RMSE 85.845536 |
Epoch 0087 [Test seq (cond on sampled tp)] | MAPE 0.064190 | RMSE 267.691156|
0.06520204246044159,0.06680168956518173,0.06056743487715721
222.60785658305053,276.6389230567528,303.8266878501624
Experiment 07-07_03:44
Epoch 0088 [Train seq (cond on sampled tp)] | Loss 1938500.992287 | MAPE 0.050966 | RMSE 79.388089 | Likelihood -1938498.630173 | KL fp 2.3621 | FP STD 0.1937|
Epoch 0088 [Val seq (cond on sampled tp)] |  MAPE 0.026117 | RMSE 86.981528 |
Epoch 0088 [Test seq (cond on sampled tp)] | MAPE 0.047131 | RMSE 276.084741|
0.052788153290748596,0.04481852427124977,0.04378705099225044
222.66718613493546,272.6696289697479,332.91740717481264
Experiment 07-07_03:44
Epoch 0089 [Train seq (cond on sampled tp)] | Loss 1946631.893994 | MAPE 0.055002 | RMSE 83.234694 | Likelihood -1946629.363115 | KL fp 2.5309 | FP STD 0.1764|
Epoch 0089 [Val seq (cond on sampled tp)] |  MAPE 0.026110 | RMSE 91.954143 |
Epoch 0089 [Test seq (cond on sampled tp)] | MAPE 0.044565 | RMSE 283.911435|
0.049612727016210556,0.04328174144029617,0.04080178961157799
243.56817737801873,272.2480056171211,335.9181215341024
Experiment 07-07_03:44
Epoch 0090 [Train seq (cond on sampled tp)] | Loss 1936867.524516 | MAPE 0.059190 | RMSE 79.163320 | Likelihood -1936865.081955 | KL fp 2.4426 | FP STD 0.1733|
Epoch 0090 [Val seq (cond on sampled tp)] |  MAPE 0.030194 | RMSE 85.476771 |
Epoch 0090 [Test seq (cond on sampled tp)] | MAPE 0.054293 | RMSE 256.440202|
0.050278861075639725,0.05660160258412361,0.05599764361977577
201.62551340604193,285.71844751433184,281.9766446445521
Experiment 07-07_03:44
Epoch 0091 [Train seq (cond on sampled tp)] | Loss 1934501.593477 | MAPE 0.058027 | RMSE 77.835991 | Likelihood -1934499.217691 | KL fp 2.3758 | FP STD 0.1941|
Epoch 0091 [Val seq (cond on sampled tp)] |  MAPE 0.032045 | RMSE 92.198087 |
Epoch 0091 [Test seq (cond on sampled tp)] | MAPE 0.051156 | RMSE 288.869242|
0.052481163293123245,0.04889626428484917,0.05208916589617729
255.71906123957595,315.4352523696424,295.4534121481761
Experiment 07-07_03:44
Epoch 0092 [Train seq (cond on sampled tp)] | Loss 1942547.758958 | MAPE 0.061417 | RMSE 80.810685 | Likelihood -1942545.454307 | KL fp 2.3047 | FP STD 0.2161|
Epoch 0092 [Val seq (cond on sampled tp)] |  MAPE 0.031941 | RMSE 93.649274 |
Epoch 0092 [Test seq (cond on sampled tp)] | MAPE 0.052754 | RMSE 311.179419|
0.05339488759636879,0.04965682700276375,0.055211614817380905
244.55302019705258,313.1361150721839,375.8491219891301
Experiment 07-07_03:44
Epoch 0093 [Train seq (cond on sampled tp)] | Loss 1943611.399950 | MAPE 0.064014 | RMSE 83.359653 | Likelihood -1943609.121694 | KL fp 2.2783 | FP STD 0.2483|
Epoch 0093 [Val seq (cond on sampled tp)] |  MAPE 0.030049 | RMSE 89.017286 |
Epoch 0093 [Test seq (cond on sampled tp)] | MAPE 0.051137 | RMSE 310.751882|
0.05029920116066933,0.05468587204813957,0.04842614009976387
237.2890016677975,329.3119247005793,365.6547210142377
Experiment 07-07_03:44
Epoch 0094 [Train seq (cond on sampled tp)] | Loss 1950820.877793 | MAPE 0.064006 | RMSE 81.432376 | Likelihood -1950818.519902 | KL fp 2.3579 | FP STD 0.2005|
Epoch 0094 [Val seq (cond on sampled tp)] |  MAPE 0.026355 | RMSE 85.591306 |
Epoch 0094 [Test seq (cond on sampled tp)] | MAPE 0.046340 | RMSE 273.786929|
0.04993017017841339,0.04546581581234932,0.043624743819236755
235.21922121980168,307.8864568513854,278.2551100159708
Experiment 07-07_03:44
Epoch 0095 [Train seq (cond on sampled tp)] | Loss 1957041.828309 | MAPE 0.065569 | RMSE 85.782882 | Likelihood -1957039.302318 | KL fp 2.5260 | FP STD 0.2008|
Epoch 0095 [Val seq (cond on sampled tp)] |  MAPE 0.029349 | RMSE 89.088368 |
Epoch 0095 [Test seq (cond on sampled tp)] | MAPE 0.046141 | RMSE 283.702483|
0.04787991940975189,0.04315371811389923,0.047390468418598175
232.9331398840663,275.534693255677,342.63961570431405
Experiment 07-07_03:44
Epoch 0096 [Train seq (cond on sampled tp)] | Loss 1929260.664253 | MAPE 0.065488 | RMSE 78.128093 | Likelihood -1929258.110201 | KL fp 2.5541 | FP STD 0.1849|
Epoch 0096 [Val seq (cond on sampled tp)] |  MAPE 0.035811 | RMSE 88.895496 |
Epoch 0096 [Test seq (cond on sampled tp)] | MAPE 0.052689 | RMSE 261.719811|
0.05107786878943443,0.05293513089418411,0.05405532568693161
237.10177139785355,255.83916761805648,292.2184943454127
Experiment 07-07_03:44
Epoch 0097 [Train seq (cond on sampled tp)] | Loss 1925399.643625 | MAPE 0.063694 | RMSE 78.864640 | Likelihood -1925397.065195 | KL fp 2.5784 | FP STD 0.1851|
Epoch 0097 [Val seq (cond on sampled tp)] |  MAPE 0.027994 | RMSE 90.327251 |
Epoch 0097 [Test seq (cond on sampled tp)] | MAPE 0.046958 | RMSE 265.059566|
0.045459285378456116,0.04501042887568474,0.05040330812335014
242.18038699232025,245.58192211307005,307.4163885310931
Experiment 07-07_03:44
Epoch 0098 [Train seq (cond on sampled tp)] | Loss 1941851.951716 | MAPE 0.068120 | RMSE 81.439839 | Likelihood -1941849.568844 | KL fp 2.3829 | FP STD 0.2106|
Epoch 0098 [Val seq (cond on sampled tp)] |  MAPE 0.031752 | RMSE 100.486988 |
Epoch 0098 [Test seq (cond on sampled tp)] | MAPE 0.054297 | RMSE 294.223863|
0.05316247418522835,0.0533595085144043,0.0563691109418869
285.0558196432762,293.8078533455156,303.8079162892238
Experiment 07-07_03:44
Epoch 0099 [Train seq (cond on sampled tp)] | Loss 1949962.347878 | MAPE 0.065837 | RMSE 81.222064 | Likelihood -1949959.951337 | KL fp 2.3965 | FP STD 0.1980|
Epoch 0099 [Val seq (cond on sampled tp)] |  MAPE 0.024741 | RMSE 88.301336 |
Epoch 0099 [Test seq (cond on sampled tp)] | MAPE 0.043557 | RMSE 283.176750|
0.04652667045593262,0.04020383581519127,0.04394165053963661
228.26624907933717,273.75124143554126,347.51275830895764
Experiment 07-07_03:44
Epoch 0100 [Train seq (cond on sampled tp)] | Loss 1942213.102761 | MAPE 0.069557 | RMSE 80.928645 | Likelihood -1942210.802545 | KL fp 2.3002 | FP STD 0.2595|
Epoch 0100 [Val seq (cond on sampled tp)] |  MAPE 0.027692 | RMSE 92.362419 |
Epoch 0100 [Test seq (cond on sampled tp)] | MAPE 0.042975 | RMSE 300.230427|
0.04222157970070839,0.04667166247963905,0.04003244265913963
221.5304719446063,316.06651050451393,363.0942973250888
