/nvme/yuanjingyang/CG-ODE/run_models_covid.py
run_models_covid.py
Namespace(save='experiments/', load=None, dataset='Dec', datapath='data/', pred_length=14, condition_length=21, features='Confirmed,Deaths,Recovered,Mortality_Rate,Testing_Rate,Population,Mobility', split_interval=3, feature_out='Deaths', niters=100, lr=0.005, batch_size=8, random_seed=1991, dropout=0.2, l2=1e-05, optimizer='AdamW', clip=10, edge_lamda=0.5, z0_encoder='GTrans', rec_dims=64, ode_dims=20, rec_layers=1, gen_layers=1, augment_dim=0, solver='rk4', alias='run', output_dim=1, feature_out_index=[1], num_atoms=50)
run
Experiment 88950
Epoch 0001 [Train seq (cond on sampled tp)] | Loss 4390895.757198 | MAPE 0.063294 | RMSE 286.214705 | Likelihood -4390894.406560 | KL fp 1.3506 | FP STD 0.4945|
Epoch 0001 [Val seq (cond on sampled tp)] |  MAPE 0.058127 | RMSE 304.541856 |
Best Val!
Epoch 0001 [Test seq (cond on sampled tp)] | MAPE 0.119556 | RMSE 903.784189|
0.13173919916152954,0.12383198738098145,0.10309573262929916
848.6125440977172,934.8289950573848,927.9110275236521
0.13173919916152954,0.12383198738098145,0.10309573262929916
848.6125440977172,934.8289950573848,927.9110275236521
Epoch 0001 [Test seq (cond on sampled tp)] | Best Test MAPE 0.119556|Best Test RMSE 903.784189|
Experiment 88950
Epoch 0002 [Train seq (cond on sampled tp)] | Loss 4160459.123558 | MAPE 0.101788 | RMSE 274.609499 | Likelihood -4160456.301741 | KL fp 2.8218 | FP STD 0.9123|
Epoch 0002 [Val seq (cond on sampled tp)] |  MAPE 0.064203 | RMSE 277.320959 |
Epoch 0002 [Test seq (cond on sampled tp)] | MAPE 0.107814 | RMSE 858.749674|
0.11695042252540588,0.10947561264038086,0.09701715409755707
799.9321064940449,888.0035543284723,888.3133596878976
0.11695042252540588,0.10947561264038086,0.09701715409755707
799.9321064940449,888.0035543284723,888.3133596878976
Epoch 0002 [Test seq (cond on sampled tp)] | Best Test MAPE 0.107814|Best Test RMSE 858.749674|
Experiment 88950
Epoch 0003 [Train seq (cond on sampled tp)] | Loss 3781992.421801 | MAPE 0.244294 | RMSE 253.922470 | Likelihood -3781986.992642 | KL fp 5.4292 | FP STD 1.1901|
Epoch 0003 [Val seq (cond on sampled tp)] |  MAPE 0.103111 | RMSE 234.459826 |
Epoch 0003 [Test seq (cond on sampled tp)] | MAPE 0.137497 | RMSE 771.899449|
0.1442798227071762,0.14225555956363678,0.12595558166503906
709.5556928458823,801.8313803412785,804.3112736994303
Experiment 88950
Epoch 0004 [Train seq (cond on sampled tp)] | Loss 3447070.678168 | MAPE 0.447029 | RMSE 233.181015 | Likelihood -3447064.172079 | KL fp 6.5061 | FP STD 1.0363|
Epoch 0004 [Val seq (cond on sampled tp)] |  MAPE 0.072915 | RMSE 194.155382 |
Epoch 0004 [Test seq (cond on sampled tp)] | MAPE 0.103964 | RMSE 694.971665|
0.1078941822052002,0.10126359015703201,0.10273417830467224
624.5090821997708,725.065600480398,735.3403123724416
0.1078941822052002,0.10126359015703201,0.10273417830467224
624.5090821997708,725.065600480398,735.3403123724416
Epoch 0004 [Test seq (cond on sampled tp)] | Best Test MAPE 0.103964|Best Test RMSE 694.971665|
Experiment 88950
Epoch 0005 [Train seq (cond on sampled tp)] | Loss 2981136.833142 | MAPE 0.189367 | RMSE 202.995569 | Likelihood -2981133.406186 | KL fp 3.4270 | FP STD 0.6526|
Epoch 0005 [Val seq (cond on sampled tp)] |  MAPE 0.030272 | RMSE 160.265533 |
Best Val!
Epoch 0005 [Test seq (cond on sampled tp)] | MAPE 0.061091 | RMSE 606.731947|
0.06406984478235245,0.06303758919239044,0.05616503581404686
540.6830171181632,640.2056066218103,639.3072178147216
0.06406984478235245,0.06303758919239044,0.05616503581404686
540.6830171181632,640.2056066218103,639.3072178147216
Epoch 0005 [Test seq (cond on sampled tp)] | Best Test MAPE 0.061091|Best Test RMSE 606.731947|
Experiment 88950
Epoch 0006 [Train seq (cond on sampled tp)] | Loss 2660588.731942 | MAPE 0.039964 | RMSE 177.134523 | Likelihood -2660584.925620 | KL fp 3.8063 | FP STD 0.6454|
Epoch 0006 [Val seq (cond on sampled tp)] |  MAPE 0.032317 | RMSE 144.732971 |
Epoch 0006 [Test seq (cond on sampled tp)] | MAPE 0.059801 | RMSE 546.774917|
0.06578122824430466,0.05880926921963692,0.054811492562294006
470.27076642079294,588.0134192771454,582.040564522783
0.06578122824430466,0.05880926921963692,0.054811492562294006
470.27076642079294,588.0134192771454,582.040564522783
Epoch 0006 [Test seq (cond on sampled tp)] | Best Test MAPE 0.059801|Best Test RMSE 546.774917|
Experiment 88950
Epoch 0007 [Train seq (cond on sampled tp)] | Loss 2401692.726003 | MAPE 0.047681 | RMSE 153.244142 | Likelihood -2401689.532143 | KL fp 3.1939 | FP STD 0.5289|
Epoch 0007 [Val seq (cond on sampled tp)] |  MAPE 0.028598 | RMSE 116.094801 |
Best Val!
Epoch 0007 [Test seq (cond on sampled tp)] | MAPE 0.054673 | RMSE 452.157430|
0.056857816874980927,0.061520498245954514,0.04564044997096062
371.3088126815737,491.9531862891021,493.2102904694913
0.056857816874980927,0.061520498245954514,0.04564044997096062
371.3088126815737,491.9531862891021,493.2102904694913
Epoch 0007 [Test seq (cond on sampled tp)] | Best Test MAPE 0.054673|Best Test RMSE 452.157430|
Experiment 88950
Epoch 0008 [Train seq (cond on sampled tp)] | Loss 2247219.741939 | MAPE 0.039490 | RMSE 135.679360 | Likelihood -2247216.601536 | KL fp 3.1404 | FP STD 0.4450|
Epoch 0008 [Val seq (cond on sampled tp)] |  MAPE 0.026213 | RMSE 94.308809 |
Best Val!
Epoch 0008 [Test seq (cond on sampled tp)] | MAPE 0.054377 | RMSE 388.002948|
0.06056363880634308,0.05342841520905495,0.04913752153515816
323.3794211139602,415.9562589684161,424.6731647690963
0.06056363880634308,0.05342841520905495,0.04913752153515816
323.3794211139602,415.9562589684161,424.6731647690963
Epoch 0008 [Test seq (cond on sampled tp)] | Best Test MAPE 0.054377|Best Test RMSE 388.002948|
Experiment 88950
Epoch 0009 [Train seq (cond on sampled tp)] | Loss 2175018.360316 | MAPE 0.036098 | RMSE 126.808782 | Likelihood -2175015.163519 | KL fp 3.1968 | FP STD 0.3428|
Epoch 0009 [Val seq (cond on sampled tp)] |  MAPE 0.033042 | RMSE 98.005441 |
Epoch 0009 [Test seq (cond on sampled tp)] | MAPE 0.053968 | RMSE 401.011837|
0.05238940939307213,0.05342194437980652,0.056092388927936554
332.7666576409061,428.9221046705334,441.3467493082961
0.05238940939307213,0.05342194437980652,0.056092388927936554
332.7666576409061,428.9221046705334,441.3467493082961
Epoch 0009 [Test seq (cond on sampled tp)] | Best Test MAPE 0.053968|Best Test RMSE 401.011837|
Experiment 88950
Epoch 0010 [Train seq (cond on sampled tp)] | Loss 2151726.804445 | MAPE 0.037073 | RMSE 123.697761 | Likelihood -2151723.447661 | KL fp 3.3568 | FP STD 0.2798|
Epoch 0010 [Val seq (cond on sampled tp)] |  MAPE 0.035025 | RMSE 104.027462 |
Epoch 0010 [Test seq (cond on sampled tp)] | MAPE 0.050828 | RMSE 400.151233|
0.056063245981931686,0.04948975518345833,0.04692991077899933
336.66396451060814,422.390166936921,441.39956742729146
0.056063245981931686,0.04948975518345833,0.04692991077899933
336.66396451060814,422.390166936921,441.39956742729146
Epoch 0010 [Test seq (cond on sampled tp)] | Best Test MAPE 0.050828|Best Test RMSE 400.151233|
Experiment 88950
Epoch 0011 [Train seq (cond on sampled tp)] | Loss 2098892.260699 | MAPE 0.055679 | RMSE 118.053383 | Likelihood -2098889.017722 | KL fp 3.2430 | FP STD 0.2395|
Epoch 0011 [Val seq (cond on sampled tp)] |  MAPE 0.033069 | RMSE 94.095696 |
Epoch 0011 [Test seq (cond on sampled tp)] | MAPE 0.058669 | RMSE 339.147357|
0.06322071701288223,0.060833752155303955,0.05195362865924835
279.5484081514327,355.3985438912208,382.49511843290236
Experiment 88950
Epoch 0012 [Train seq (cond on sampled tp)] | Loss 2051757.315989 | MAPE 0.041832 | RMSE 111.151591 | Likelihood -2051754.322204 | KL fp 2.9938 | FP STD 0.3190|
Epoch 0012 [Val seq (cond on sampled tp)] |  MAPE 0.021848 | RMSE 77.503670 |
Best Val!
Epoch 0012 [Test seq (cond on sampled tp)] | MAPE 0.058414 | RMSE 320.899084|
0.059594325721263885,0.06342073529958725,0.052225854247808456
242.9386335836686,360.165988208909,359.59262975622846
Experiment 88950
Epoch 0013 [Train seq (cond on sampled tp)] | Loss 2039709.522852 | MAPE 0.036450 | RMSE 108.534091 | Likelihood -2039706.564425 | KL fp 2.9584 | FP STD 0.3145|
Epoch 0013 [Val seq (cond on sampled tp)] |  MAPE 0.030959 | RMSE 91.826390 |
Epoch 0013 [Test seq (cond on sampled tp)] | MAPE 0.057793 | RMSE 324.460707|
0.059588219970464706,0.055016934871673584,0.058775242418050766
271.8770689576449,340.9668582685127,360.5381936251692
Experiment 88950
Epoch 0014 [Train seq (cond on sampled tp)] | Loss 2020746.821218 | MAPE 0.036251 | RMSE 107.574424 | Likelihood -2020743.668232 | KL fp 3.1530 | FP STD 0.2473|
Epoch 0014 [Val seq (cond on sampled tp)] |  MAPE 0.032899 | RMSE 82.631689 |
Epoch 0014 [Test seq (cond on sampled tp)] | MAPE 0.062807 | RMSE 315.692283|
0.06289245188236237,0.058851756155490875,0.06667601317167282
248.0147661304665,342.01567032812983,357.0464124242113
Experiment 88950
Epoch 0015 [Train seq (cond on sampled tp)] | Loss 2009509.199668 | MAPE 0.033636 | RMSE 106.133077 | Likelihood -2009506.211137 | KL fp 2.9885 | FP STD 0.2582|
Epoch 0015 [Val seq (cond on sampled tp)] |  MAPE 0.030795 | RMSE 81.801565 |
Epoch 0015 [Test seq (cond on sampled tp)] | MAPE 0.068596 | RMSE 304.458582|
0.06841551512479782,0.07272207736968994,0.06465067714452744
235.74768026430291,322.09927865877006,355.5287875123476
Experiment 88950
Epoch 0016 [Train seq (cond on sampled tp)] | Loss 1986069.865968 | MAPE 0.041343 | RMSE 101.217453 | Likelihood -1986066.718434 | KL fp 3.1475 | FP STD 0.2407|
Epoch 0016 [Val seq (cond on sampled tp)] |  MAPE 0.033266 | RMSE 99.177752 |
Epoch 0016 [Test seq (cond on sampled tp)] | MAPE 0.059843 | RMSE 321.462379|
0.05883629620075226,0.0647442564368248,0.05594814196228981
240.4993340687246,352.5116465274587,371.37615701603676
Experiment 88950
Epoch 0017 [Train seq (cond on sampled tp)] | Loss 2022108.774307 | MAPE 0.051080 | RMSE 108.396814 | Likelihood -2022105.906789 | KL fp 2.8675 | FP STD 0.2315|
Epoch 0017 [Val seq (cond on sampled tp)] |  MAPE 0.031388 | RMSE 79.710717 |
Epoch 0017 [Test seq (cond on sampled tp)] | MAPE 0.060530 | RMSE 302.352713|
0.05787856876850128,0.062285106629133224,0.061427515000104904
229.96932540014984,346.4127663460168,330.6760475714865
Experiment 88950
Epoch 0018 [Train seq (cond on sampled tp)] | Loss 1976351.644736 | MAPE 0.047482 | RMSE 99.077829 | Likelihood -1976348.820200 | KL fp 2.8245 | FP STD 0.2604|
Epoch 0018 [Val seq (cond on sampled tp)] |  MAPE 0.033420 | RMSE 89.758533 |
Epoch 0018 [Test seq (cond on sampled tp)] | MAPE 0.063218 | RMSE 317.418982|
0.05303649604320526,0.0702318623661995,0.06638506054878235
255.45946657444503,327.6343832116831,369.16309488490316
Experiment 88950
Epoch 0019 [Train seq (cond on sampled tp)] | Loss 2036870.805858 | MAPE 0.054886 | RMSE 108.488070 | Likelihood -2036867.796774 | KL fp 3.0091 | FP STD 0.2211|
Epoch 0019 [Val seq (cond on sampled tp)] |  MAPE 0.029763 | RMSE 89.788654 |
Epoch 0019 [Test seq (cond on sampled tp)] | MAPE 0.065697 | RMSE 289.861467|
0.06764352321624756,0.06980365514755249,0.059644244611263275
229.83561550867176,320.44562477509345,319.30315972833716
Experiment 88950
Epoch 0020 [Train seq (cond on sampled tp)] | Loss 1987244.507537 | MAPE 0.041585 | RMSE 101.111321 | Likelihood -1987241.565891 | KL fp 2.9416 | FP STD 0.2272|
Epoch 0020 [Val seq (cond on sampled tp)] |  MAPE 0.057234 | RMSE 86.035064 |
Epoch 0020 [Test seq (cond on sampled tp)] | MAPE 0.079830 | RMSE 284.684399|
0.08105740696191788,0.08189808577299118,0.0765356719493866
211.68621751899673,300.1538928199999,342.21308694291633
Experiment 88950
Epoch 0021 [Train seq (cond on sampled tp)] | Loss 2035419.597816 | MAPE 0.110215 | RMSE 108.552864 | Likelihood -2035416.728064 | KL fp 2.8698 | FP STD 0.2179|
Epoch 0021 [Val seq (cond on sampled tp)] |  MAPE 0.031391 | RMSE 79.243848 |
Epoch 0021 [Test seq (cond on sampled tp)] | MAPE 0.055358 | RMSE 284.030105|
0.056842219084501266,0.05878265202045441,0.05044809356331825
243.21463643251406,293.13414164849513,315.74153789135823
Experiment 88950
Epoch 0022 [Train seq (cond on sampled tp)] | Loss 1987772.476006 | MAPE 0.077426 | RMSE 100.877588 | Likelihood -1987769.327718 | KL fp 3.1483 | FP STD 0.1964|
Epoch 0022 [Val seq (cond on sampled tp)] |  MAPE 0.029796 | RMSE 83.303849 |
Epoch 0022 [Test seq (cond on sampled tp)] | MAPE 0.056997 | RMSE 294.382096|
0.06225931644439697,0.058142825961112976,0.05058852210640907
261.5101575465091,325.1639970845481,296.4721345464022
Experiment 88950
Epoch 0023 [Train seq (cond on sampled tp)] | Loss 1985289.422648 | MAPE 0.038784 | RMSE 101.601408 | Likelihood -1985286.348509 | KL fp 3.0741 | FP STD 0.1951|
Epoch 0023 [Val seq (cond on sampled tp)] |  MAPE 0.026243 | RMSE 79.528392 |
Epoch 0023 [Test seq (cond on sampled tp)] | MAPE 0.066219 | RMSE 277.364754|
0.06699327379465103,0.06800169497728348,0.06366129219532013
236.50160213516526,293.9753523894478,301.61730719572444
Experiment 88950
Epoch 0024 [Train seq (cond on sampled tp)] | Loss 1988002.298803 | MAPE 0.035084 | RMSE 102.517516 | Likelihood -1987999.657329 | KL fp 2.6415 | FP STD 0.2396|
Epoch 0024 [Val seq (cond on sampled tp)] |  MAPE 0.033709 | RMSE 71.789382 |
Epoch 0024 [Test seq (cond on sampled tp)] | MAPE 0.062363 | RMSE 256.508980|
0.06151925027370453,0.061894819140434265,0.06367579102516174
203.21918008950337,284.43835832654497,281.86940127477476
Experiment 88950
Epoch 0025 [Train seq (cond on sampled tp)] | Loss 1965113.732696 | MAPE 0.048471 | RMSE 97.762908 | Likelihood -1965110.828113 | KL fp 2.9046 | FP STD 0.2336|
Epoch 0025 [Val seq (cond on sampled tp)] |  MAPE 0.028375 | RMSE 91.115922 |
Epoch 0025 [Test seq (cond on sampled tp)] | MAPE 0.058274 | RMSE 301.233446|
0.05914856866002083,0.06324797868728638,0.05242583155632019
258.1753734140807,327.2660543235427,318.25891091216914
Experiment 88950
Epoch 0026 [Train seq (cond on sampled tp)] | Loss 1959827.632867 | MAPE 0.034371 | RMSE 96.347033 | Likelihood -1959824.501111 | KL fp 3.1318 | FP STD 0.2049|
Epoch 0026 [Val seq (cond on sampled tp)] |  MAPE 0.028167 | RMSE 76.420279 |
Epoch 0026 [Test seq (cond on sampled tp)] | MAPE 0.062570 | RMSE 259.096690|
0.0704842135310173,0.06182851269841194,0.05539809539914131
222.74959666068983,266.3788420652061,288.1616299926137
Experiment 88950
Epoch 0027 [Train seq (cond on sampled tp)] | Loss 1961598.158907 | MAPE 0.031852 | RMSE 96.508750 | Likelihood -1961595.279977 | KL fp 2.8789 | FP STD 0.2190|
Epoch 0027 [Val seq (cond on sampled tp)] |  MAPE 0.037044 | RMSE 73.157101 |
Epoch 0027 [Test seq (cond on sampled tp)] | MAPE 0.063491 | RMSE 278.513848|
0.06860904395580292,0.061566054821014404,0.0602986142039299
241.96044195022873,289.608113448156,303.97298913719294
Experiment 88950
Epoch 0028 [Train seq (cond on sampled tp)] | Loss 1946034.874193 | MAPE 0.052663 | RMSE 93.330907 | Likelihood -1946031.735758 | KL fp 3.1384 | FP STD 0.2072|
Epoch 0028 [Val seq (cond on sampled tp)] |  MAPE 0.027595 | RMSE 87.156539 |
Epoch 0028 [Test seq (cond on sampled tp)] | MAPE 0.058190 | RMSE 291.880673|
0.06415928155183792,0.0590277761220932,0.05138356238603592
245.74420612447815,308.825623329736,321.0721905779135
Experiment 88950
Epoch 0029 [Train seq (cond on sampled tp)] | Loss 1951240.518936 | MAPE 0.032529 | RMSE 94.762792 | Likelihood -1951237.215406 | KL fp 3.3035 | FP STD 0.1690|
Epoch 0029 [Val seq (cond on sampled tp)] |  MAPE 0.028127 | RMSE 75.330389 |
Epoch 0029 [Test seq (cond on sampled tp)] | MAPE 0.055832 | RMSE 268.084750|
0.05636347085237503,0.05603809654712677,0.05509412661194801
205.15296313056265,289.050533536093,310.050751893944
Experiment 88950
Epoch 0030 [Train seq (cond on sampled tp)] | Loss 1998121.566320 | MAPE 0.034476 | RMSE 102.463005 | Likelihood -1998118.674461 | KL fp 2.8919 | FP STD 0.2047|
Epoch 0030 [Val seq (cond on sampled tp)] |  MAPE 0.036325 | RMSE 93.088400 |
Epoch 0030 [Test seq (cond on sampled tp)] | MAPE 0.060619 | RMSE 312.423243|
0.057858895510435104,0.05868440493941307,0.06531224399805069
251.0770471264747,330.949356492047,355.243325500283
Experiment 88950
Epoch 0031 [Train seq (cond on sampled tp)] | Loss 1988565.699650 | MAPE 0.047658 | RMSE 100.877516 | Likelihood -1988562.556807 | KL fp 3.1428 | FP STD 0.2117|
Epoch 0031 [Val seq (cond on sampled tp)] |  MAPE 0.030915 | RMSE 98.297197 |
Epoch 0031 [Test seq (cond on sampled tp)] | MAPE 0.049291 | RMSE 275.999484|
0.05028752610087395,0.04745608568191528,0.050128836184740067
226.92562279577422,283.1843480844236,317.8884803472752
0.05028752610087395,0.04745608568191528,0.050128836184740067
226.92562279577422,283.1843480844236,317.8884803472752
Epoch 0031 [Test seq (cond on sampled tp)] | Best Test MAPE 0.049291|Best Test RMSE 275.999484|
Experiment 88950
Epoch 0032 [Train seq (cond on sampled tp)] | Loss 1966391.422321 | MAPE 0.034016 | RMSE 98.101242 | Likelihood -1966388.600386 | KL fp 2.8219 | FP STD 0.2335|
Epoch 0032 [Val seq (cond on sampled tp)] |  MAPE 0.041442 | RMSE 94.440809 |
Epoch 0032 [Test seq (cond on sampled tp)] | MAPE 0.066224 | RMSE 286.329353|
0.06557280570268631,0.06585285812616348,0.06724578887224197
227.0799263888158,294.1927381624162,337.71539423011205
Experiment 88950
Epoch 0033 [Train seq (cond on sampled tp)] | Loss 1959966.906506 | MAPE 0.048523 | RMSE 96.158008 | Likelihood -1959963.876814 | KL fp 3.0297 | FP STD 0.2104|
Epoch 0033 [Val seq (cond on sampled tp)] |  MAPE 0.034836 | RMSE 85.779995 |
Epoch 0033 [Test seq (cond on sampled tp)] | MAPE 0.064936 | RMSE 290.647394|
0.06866607069969177,0.062041644006967545,0.06410149484872818
230.86585492174888,301.2591544252224,339.8171728113516
Experiment 88950
Epoch 0034 [Train seq (cond on sampled tp)] | Loss 1960730.081847 | MAPE 0.043833 | RMSE 96.219370 | Likelihood -1960727.267303 | KL fp 2.8145 | FP STD 0.2428|
Epoch 0034 [Val seq (cond on sampled tp)] |  MAPE 0.030893 | RMSE 74.398995 |
Epoch 0034 [Test seq (cond on sampled tp)] | MAPE 0.060257 | RMSE 271.464403|
0.05987667292356491,0.05994965508580208,0.060944002121686935
198.56210654666717,291.15665081275404,324.67445233649045
Experiment 88950
Epoch 0035 [Train seq (cond on sampled tp)] | Loss 1956168.716969 | MAPE 0.044965 | RMSE 95.137278 | Likelihood -1956165.736106 | KL fp 2.9809 | FP STD 0.2091|
Epoch 0035 [Val seq (cond on sampled tp)] |  MAPE 0.033852 | RMSE 82.950807 |
Epoch 0035 [Test seq (cond on sampled tp)] | MAPE 0.062614 | RMSE 264.389125|
0.05740877985954285,0.06219221279025078,0.06824024766683578
195.27297600090495,283.6576116112522,314.2367862178138
Experiment 88950
Epoch 0036 [Train seq (cond on sampled tp)] | Loss 1948035.116504 | MAPE 0.052127 | RMSE 94.102737 | Likelihood -1948032.219628 | KL fp 2.8969 | FP STD 0.2403|
Epoch 0036 [Val seq (cond on sampled tp)] |  MAPE 0.047675 | RMSE 89.870607 |
Epoch 0036 [Test seq (cond on sampled tp)] | MAPE 0.072743 | RMSE 298.342311|
0.07525976747274399,0.07460754364728928,0.06836042553186417
257.1567341865657,331.38972289058694,306.48047450041577
Experiment 88950
Epoch 0037 [Train seq (cond on sampled tp)] | Loss 1949137.725056 | MAPE 0.072805 | RMSE 95.702973 | Likelihood -1949134.827378 | KL fp 2.8977 | FP STD 0.2226|
Epoch 0037 [Val seq (cond on sampled tp)] |  MAPE 0.030948 | RMSE 82.620296 |
Epoch 0037 [Test seq (cond on sampled tp)] | MAPE 0.062148 | RMSE 290.824681|
0.06725234538316727,0.06507398188114166,0.05411714315414429
224.54653088224276,315.6160642299438,332.31144794830647
Experiment 88950
Epoch 0038 [Train seq (cond on sampled tp)] | Loss 1929081.303048 | MAPE 0.044198 | RMSE 93.333154 | Likelihood -1929078.322274 | KL fp 2.9808 | FP STD 0.2026|
Epoch 0038 [Val seq (cond on sampled tp)] |  MAPE 0.031027 | RMSE 81.501716 |
Epoch 0038 [Test seq (cond on sampled tp)] | MAPE 0.059848 | RMSE 286.031420|
0.06312128156423569,0.057926245033741,0.05849621817469597
225.30916259664187,306.33502646204204,326.4500703591592
Experiment 88950
Epoch 0039 [Train seq (cond on sampled tp)] | Loss 1920558.228355 | MAPE 0.036978 | RMSE 91.098627 | Likelihood -1920555.319849 | KL fp 2.9085 | FP STD 0.2078|
Epoch 0039 [Val seq (cond on sampled tp)] |  MAPE 0.035824 | RMSE 75.992158 |
Epoch 0039 [Test seq (cond on sampled tp)] | MAPE 0.053625 | RMSE 270.482146|
0.053948357701301575,0.058118704706430435,0.048807304352521896
215.9677981638698,284.05195937539315,311.42668178080055
Experiment 88950
Epoch 0040 [Train seq (cond on sampled tp)] | Loss 1935804.629951 | MAPE 0.059203 | RMSE 90.451471 | Likelihood -1935801.580093 | KL fp 3.0499 | FP STD 0.2101|
Epoch 0040 [Val seq (cond on sampled tp)] |  MAPE 0.027285 | RMSE 102.402846 |
Epoch 0040 [Test seq (cond on sampled tp)] | MAPE 0.051988 | RMSE 302.382457|
0.049199819564819336,0.05471014976501465,0.05205395445227623
246.9811480660012,334.23769377121425,325.9285293588151
Experiment 88950
Epoch 0041 [Train seq (cond on sampled tp)] | Loss 1965302.332929 | MAPE 0.062926 | RMSE 97.637346 | Likelihood -1965299.249024 | KL fp 3.0839 | FP STD 0.1697|
Epoch 0041 [Val seq (cond on sampled tp)] |  MAPE 0.028571 | RMSE 90.121031 |
Epoch 0041 [Test seq (cond on sampled tp)] | MAPE 0.051431 | RMSE 302.516992|
0.056166280061006546,0.05206337943673134,0.046064820140600204
241.71605727330157,339.4504290025275,326.38449095736763
Experiment 88950
Epoch 0042 [Train seq (cond on sampled tp)] | Loss 1947812.032964 | MAPE 0.038496 | RMSE 93.508388 | Likelihood -1947808.832925 | KL fp 3.2000 | FP STD 0.1587|
Epoch 0042 [Val seq (cond on sampled tp)] |  MAPE 0.042336 | RMSE 74.044199 |
Epoch 0042 [Test seq (cond on sampled tp)] | MAPE 0.059803 | RMSE 265.407018|
0.05473014712333679,0.057660818099975586,0.06701769679784775
220.30138269822547,282.51801657151,293.40165515893057
Experiment 88950
Epoch 0043 [Train seq (cond on sampled tp)] | Loss 2022610.429574 | MAPE 0.118557 | RMSE 99.098926 | Likelihood -2022606.952993 | KL fp 3.4766 | FP STD 0.1834|
Epoch 0043 [Val seq (cond on sampled tp)] |  MAPE 0.026012 | RMSE 89.889635 |
Epoch 0043 [Test seq (cond on sampled tp)] | MAPE 0.051293 | RMSE 316.049898|
0.04992182180285454,0.05549372732639313,0.04846451058983803
275.65545466669073,358.5075509142032,313.98668861115755
Experiment 88950
Epoch 0044 [Train seq (cond on sampled tp)] | Loss 1927642.732915 | MAPE 0.034984 | RMSE 93.173529 | Likelihood -1927639.736362 | KL fp 2.9966 | FP STD 0.1806|
Epoch 0044 [Val seq (cond on sampled tp)] |  MAPE 0.027710 | RMSE 81.080322 |
Epoch 0044 [Test seq (cond on sampled tp)] | MAPE 0.050578 | RMSE 274.757676|
0.052941951900720596,0.04764591529965401,0.05114667862653732
234.83408371656785,278.4370861388619,311.001858917274
Experiment 88950
Epoch 0045 [Train seq (cond on sampled tp)] | Loss 1936966.627710 | MAPE 0.042517 | RMSE 93.404683 | Likelihood -1936963.719569 | KL fp 2.9081 | FP STD 0.2267|
Epoch 0045 [Val seq (cond on sampled tp)] |  MAPE 0.031387 | RMSE 87.538396 |
Epoch 0045 [Test seq (cond on sampled tp)] | MAPE 0.054864 | RMSE 248.705252|
0.051437415182590485,0.05751734599471092,0.055637069046497345
198.59133800659583,263.72850919553616,283.79590762993746
Experiment 88950
Epoch 0046 [Train seq (cond on sampled tp)] | Loss 1928487.255630 | MAPE 0.048475 | RMSE 89.157591 | Likelihood -1928484.100912 | KL fp 3.1547 | FP STD 0.2315|
Epoch 0046 [Val seq (cond on sampled tp)] |  MAPE 0.030641 | RMSE 85.914744 |
Epoch 0046 [Test seq (cond on sampled tp)] | MAPE 0.059191 | RMSE 282.487816|
0.057869117707014084,0.061710841953754425,0.057992253452539444
225.39375268627123,305.29815089105927,316.7715437622199
Experiment 88950
Epoch 0047 [Train seq (cond on sampled tp)] | Loss 1918339.471774 | MAPE 0.052319 | RMSE 90.272104 | Likelihood -1918336.300114 | KL fp 3.1717 | FP STD 0.2030|
Epoch 0047 [Val seq (cond on sampled tp)] |  MAPE 0.029920 | RMSE 82.103438 |
Epoch 0047 [Test seq (cond on sampled tp)] | MAPE 0.062227 | RMSE 282.624432|
0.05906660854816437,0.062011461704969406,0.06560376286506653
246.15955667767602,291.0124030861915,310.7013361936186
Experiment 88950
Epoch 0048 [Train seq (cond on sampled tp)] | Loss 1958928.606630 | MAPE 0.057644 | RMSE 97.173236 | Likelihood -1958925.553275 | KL fp 3.0534 | FP STD 0.1847|
Epoch 0048 [Val seq (cond on sampled tp)] |  MAPE 0.024591 | RMSE 79.665585 |
Epoch 0048 [Test seq (cond on sampled tp)] | MAPE 0.051255 | RMSE 278.086551|
0.05365760251879692,0.05203087627887726,0.048075634986162186
221.02590169197364,286.837279655208,326.3964709521229
Experiment 88950
Epoch 0049 [Train seq (cond on sampled tp)] | Loss 1911038.771126 | MAPE 0.071292 | RMSE 86.840440 | Likelihood -1911035.469249 | KL fp 3.3019 | FP STD 0.1828|
Epoch 0049 [Val seq (cond on sampled tp)] |  MAPE 0.027405 | RMSE 76.753340 |
Epoch 0049 [Test seq (cond on sampled tp)] | MAPE 0.051086 | RMSE 265.354491|
0.04982391744852066,0.050583742558956146,0.05285005271434784
230.8627670013075,257.30696648167145,307.89373927947935
Experiment 88950
Epoch 0050 [Train seq (cond on sampled tp)] | Loss 1895370.278085 | MAPE 0.040119 | RMSE 85.742322 | Likelihood -1895367.027759 | KL fp 3.2503 | FP STD 0.1760|
Epoch 0050 [Val seq (cond on sampled tp)] |  MAPE 0.024735 | RMSE 78.196608 |
Epoch 0050 [Test seq (cond on sampled tp)] | MAPE 0.053880 | RMSE 261.213979|
0.055292367935180664,0.051643867045640945,0.05470521003007889
213.69143020661826,271.00699080005296,298.94351734483223
Experiment 88950
Epoch 0051 [Train seq (cond on sampled tp)] | Loss 1907844.746341 | MAPE 0.033125 | RMSE 88.802037 | Likelihood -1907841.774902 | KL fp 2.9714 | FP STD 0.2153|
Epoch 0051 [Val seq (cond on sampled tp)] |  MAPE 0.035365 | RMSE 78.172283 |
Epoch 0051 [Test seq (cond on sampled tp)] | MAPE 0.059785 | RMSE 245.224239|
0.05747263878583908,0.05936474725604057,0.06251897662878036
188.98841523688694,260.50643286203126,286.1778702791325
Experiment 88950
Epoch 0052 [Train seq (cond on sampled tp)] | Loss 1911874.650909 | MAPE 0.044921 | RMSE 86.075040 | Likelihood -1911871.577389 | KL fp 3.0735 | FP STD 0.2672|
Epoch 0052 [Val seq (cond on sampled tp)] |  MAPE 0.024966 | RMSE 84.989429 |
Epoch 0052 [Test seq (cond on sampled tp)] | MAPE 0.050376 | RMSE 294.402117|
0.05579503998160362,0.050515126436948776,0.04481681063771248
239.6875,316.71998180569534,326.7988678070963
Experiment 88950
Epoch 0053 [Train seq (cond on sampled tp)] | Loss 1932061.411710 | MAPE 0.044865 | RMSE 95.003457 | Likelihood -1932058.577026 | KL fp 2.8347 | FP STD 0.2653|
Epoch 0053 [Val seq (cond on sampled tp)] |  MAPE 0.022707 | RMSE 75.991869 |
Epoch 0053 [Test seq (cond on sampled tp)] | MAPE 0.050595 | RMSE 266.977644|
0.05060263350605965,0.050112321972846985,0.05106976255774498
232.60321969504204,272.82171376193645,295.50799745945966
Experiment 88950
Epoch 0054 [Train seq (cond on sampled tp)] | Loss 1904221.215180 | MAPE 0.044769 | RMSE 85.965160 | Likelihood -1904218.104485 | KL fp 3.1107 | FP STD 0.2253|
Epoch 0054 [Val seq (cond on sampled tp)] |  MAPE 0.020989 | RMSE 79.183908 |
Best Val!
Epoch 0054 [Test seq (cond on sampled tp)] | MAPE 0.052463 | RMSE 261.145490|
0.05263987556099892,0.05444349721074104,0.05030608922243118
209.29098127666657,280.993452437063,293.1520376656113
Experiment 88950
Epoch 0055 [Train seq (cond on sampled tp)] | Loss 1933339.142128 | MAPE 0.039325 | RMSE 91.791706 | Likelihood -1933336.156687 | KL fp 2.9854 | FP STD 0.2482|
Epoch 0055 [Val seq (cond on sampled tp)] |  MAPE 0.035360 | RMSE 80.803237 |
Epoch 0055 [Test seq (cond on sampled tp)] | MAPE 0.059404 | RMSE 251.059220|
0.05330239608883858,0.05572119727730751,0.069187231361866
195.79324833545718,257.22588565305784,300.15852582427175
Experiment 88950
Epoch 0056 [Train seq (cond on sampled tp)] | Loss 1916660.563763 | MAPE 0.040509 | RMSE 87.545345 | Likelihood -1916657.309267 | KL fp 3.2545 | FP STD 0.2531|
Epoch 0056 [Val seq (cond on sampled tp)] |  MAPE 0.027081 | RMSE 87.935951 |
Epoch 0056 [Test seq (cond on sampled tp)] | MAPE 0.052527 | RMSE 282.208817|
0.0511665903031826,0.05386749655008316,0.05254568159580231
249.86347834867743,282.63419102702346,314.12878031947344
Experiment 88950
Epoch 0057 [Train seq (cond on sampled tp)] | Loss 1907727.749385 | MAPE 0.051648 | RMSE 87.906916 | Likelihood -1907724.514004 | KL fp 3.2354 | FP STD 0.2307|
Epoch 0057 [Val seq (cond on sampled tp)] |  MAPE 0.030194 | RMSE 82.354699 |
Epoch 0057 [Test seq (cond on sampled tp)] | MAPE 0.049877 | RMSE 253.840946|
0.0480307936668396,0.04862041398882866,0.05297880992293358
208.01372776213594,252.13557396022085,301.3735353552133
Experiment 88950
Epoch 0058 [Train seq (cond on sampled tp)] | Loss 1897003.092773 | MAPE 0.039696 | RMSE 84.647771 | Likelihood -1896999.693917 | KL fp 3.3989 | FP STD 0.1945|
Epoch 0058 [Val seq (cond on sampled tp)] |  MAPE 0.026710 | RMSE 77.961275 |
Epoch 0058 [Test seq (cond on sampled tp)] | MAPE 0.054780 | RMSE 234.422907|
0.05367010459303856,0.05483058840036392,0.05583810806274414
197.72078244964538,229.8973446182013,275.65059404978615
Experiment 88950
Epoch 0059 [Train seq (cond on sampled tp)] | Loss 1918461.801501 | MAPE 0.048826 | RMSE 86.323301 | Likelihood -1918458.283032 | KL fp 3.5185 | FP STD 0.2149|
Epoch 0059 [Val seq (cond on sampled tp)] |  MAPE 0.022773 | RMSE 97.622819 |
Epoch 0059 [Test seq (cond on sampled tp)] | MAPE 0.041252 | RMSE 332.030012|
0.04323169216513634,0.043173693120479584,0.037349116057157516
305.3367633654683,380.29375980943996,310.45951326219654
0.04323169216513634,0.043173693120479584,0.037349116057157516
305.3367633654683,380.29375980943996,310.45951326219654
Epoch 0059 [Test seq (cond on sampled tp)] | Best Test MAPE 0.041252|Best Test RMSE 332.030012|
Experiment 88950
Epoch 0060 [Train seq (cond on sampled tp)] | Loss 1958253.460711 | MAPE 0.064383 | RMSE 98.502101 | Likelihood -1958250.220409 | KL fp 3.2403 | FP STD 0.2087|
Epoch 0060 [Val seq (cond on sampled tp)] |  MAPE 0.026898 | RMSE 82.693715 |
Epoch 0060 [Test seq (cond on sampled tp)] | MAPE 0.049827 | RMSE 252.460082|
0.048302870243787766,0.050656117498874664,0.0505216009914875
213.11997794669554,255.77959109113846,288.48067797081313
Experiment 88950
Epoch 0061 [Train seq (cond on sampled tp)] | Loss 1884641.076242 | MAPE 0.046899 | RMSE 83.741738 | Likelihood -1884637.933544 | KL fp 3.1427 | FP STD 0.2426|
Epoch 0061 [Val seq (cond on sampled tp)] |  MAPE 0.032477 | RMSE 77.509283 |
Epoch 0061 [Test seq (cond on sampled tp)] | MAPE 0.049928 | RMSE 245.498652|
0.053109459578990936,0.04907988756895065,0.04759593307971954
216.9089760850159,238.94501197974398,280.641967749836
Experiment 88950
Epoch 0062 [Train seq (cond on sampled tp)] | Loss 1883546.234102 | MAPE 0.057412 | RMSE 84.771276 | Likelihood -1883543.243520 | KL fp 2.9906 | FP STD 0.2904|
Epoch 0062 [Val seq (cond on sampled tp)] |  MAPE 0.026040 | RMSE 95.591600 |
Epoch 0062 [Test seq (cond on sampled tp)] | MAPE 0.052639 | RMSE 274.980192|
0.05188608542084694,0.05687206611037254,0.04915822297334671
260.33935185637995,287.39018283076405,277.2110404321949
Experiment 88950
Epoch 0063 [Train seq (cond on sampled tp)] | Loss 1883337.858521 | MAPE 0.055054 | RMSE 85.687230 | Likelihood -1883334.782504 | KL fp 3.0760 | FP STD 0.2548|
Epoch 0063 [Val seq (cond on sampled tp)] |  MAPE 0.030259 | RMSE 86.808883 |
Epoch 0063 [Test seq (cond on sampled tp)] | MAPE 0.050255 | RMSE 250.559215|
0.051115699112415314,0.048709265887737274,0.05094040185213089
213.1895613356808,251.74466230686997,286.74342026016916
Experiment 88950
Epoch 0064 [Train seq (cond on sampled tp)] | Loss 1893514.705275 | MAPE 0.059127 | RMSE 84.161546 | Likelihood -1893511.593227 | KL fp 3.1120 | FP STD 0.2278|
Epoch 0064 [Val seq (cond on sampled tp)] |  MAPE 0.037025 | RMSE 84.096418 |
Epoch 0064 [Test seq (cond on sampled tp)] | MAPE 0.055529 | RMSE 230.530744|
0.05191304162144661,0.05688214302062988,0.057792771607637405
222.3617899392789,226.565879285143,242.66456239787053
Experiment 88950
Epoch 0065 [Train seq (cond on sampled tp)] | Loss 1903514.117991 | MAPE 0.072655 | RMSE 84.251356 | Likelihood -1903510.523540 | KL fp 3.5945 | FP STD 0.2017|
Epoch 0065 [Val seq (cond on sampled tp)] |  MAPE 0.025455 | RMSE 100.341151 |
Epoch 0065 [Test seq (cond on sampled tp)] | MAPE 0.039797 | RMSE 297.552850|
0.045842885971069336,0.04107275232672691,0.032475586980581284
285.58678628395955,320.17966147930133,286.89210188675463
0.045842885971069336,0.04107275232672691,0.032475586980581284
285.58678628395955,320.17966147930133,286.89210188675463
Epoch 0065 [Test seq (cond on sampled tp)] | Best Test MAPE 0.039797|Best Test RMSE 297.552850|
Experiment 88950
Epoch 0066 [Train seq (cond on sampled tp)] | Loss 1900436.377217 | MAPE 0.058070 | RMSE 88.747260 | Likelihood -1900433.065416 | KL fp 3.3118 | FP STD 0.1868|
Epoch 0066 [Val seq (cond on sampled tp)] |  MAPE 0.027271 | RMSE 80.319491 |
Epoch 0066 [Test seq (cond on sampled tp)] | MAPE 0.054892 | RMSE 272.804377|
0.05115056037902832,0.056572325527668,0.0569535568356514
236.07029375537704,277.1297078986661,305.21312993955553
Experiment 88950
Epoch 0067 [Train seq (cond on sampled tp)] | Loss 1890129.161698 | MAPE 0.061313 | RMSE 81.803400 | Likelihood -1890125.714339 | KL fp 3.4474 | FP STD 0.2374|
Epoch 0067 [Val seq (cond on sampled tp)] |  MAPE 0.027160 | RMSE 90.209351 |
Epoch 0067 [Test seq (cond on sampled tp)] | MAPE 0.043718 | RMSE 278.251211|
0.047452930361032486,0.045919694006443024,0.0377817340195179
243.6019181600383,305.00231812643653,286.1493955305515
Experiment 88950
Epoch 0068 [Train seq (cond on sampled tp)] | Loss 1867180.161397 | MAPE 0.062445 | RMSE 82.023397 | Likelihood -1867176.896481 | KL fp 3.2649 | FP STD 0.2495|
Epoch 0068 [Val seq (cond on sampled tp)] |  MAPE 0.025894 | RMSE 75.504288 |
Epoch 0068 [Test seq (cond on sampled tp)] | MAPE 0.052046 | RMSE 239.064597|
0.048169687390327454,0.05049331486225128,0.057473987340927124
193.2593990275764,239.06227124172062,284.87212043301116
Experiment 88950
Epoch 0069 [Train seq (cond on sampled tp)] | Loss 1872902.361046 | MAPE 0.054501 | RMSE 80.736706 | Likelihood -1872899.024746 | KL fp 3.3363 | FP STD 0.2202|
Epoch 0069 [Val seq (cond on sampled tp)] |  MAPE 0.031076 | RMSE 76.423918 |
Epoch 0069 [Test seq (cond on sampled tp)] | MAPE 0.048865 | RMSE 237.610978|
0.048502981662750244,0.05399889871478081,0.04409176856279373
181.15123386620914,256.77586286487286,274.90583615121744
Experiment 88950
Epoch 0070 [Train seq (cond on sampled tp)] | Loss 1883827.883794 | MAPE 0.067432 | RMSE 83.544462 | Likelihood -1883824.555413 | KL fp 3.3284 | FP STD 0.2459|
Epoch 0070 [Val seq (cond on sampled tp)] |  MAPE 0.032340 | RMSE 91.146592 |
Epoch 0070 [Test seq (cond on sampled tp)] | MAPE 0.048713 | RMSE 301.997601|
0.04962646961212158,0.05187521502375603,0.04463833570480347
274.9383311535516,313.7068446416176,317.34762583797595
Experiment 88950
Epoch 0071 [Train seq (cond on sampled tp)] | Loss 1891675.367901 | MAPE 0.056977 | RMSE 87.814037 | Likelihood -1891672.378978 | KL fp 2.9889 | FP STD 0.2557|
Epoch 0071 [Val seq (cond on sampled tp)] |  MAPE 0.031803 | RMSE 78.298439 |
Epoch 0071 [Test seq (cond on sampled tp)] | MAPE 0.054067 | RMSE 248.396635|
0.05678557604551315,0.05398480221629143,0.05142952501773834
210.17170249881406,257.5870453603985,277.4311570011559
Experiment 88950
Epoch 0072 [Train seq (cond on sampled tp)] | Loss 1906986.712458 | MAPE 0.061454 | RMSE 85.971252 | Likelihood -1906983.356473 | KL fp 3.3560 | FP STD 0.2724|
Epoch 0072 [Val seq (cond on sampled tp)] |  MAPE 0.027053 | RMSE 94.745171 |
Epoch 0072 [Test seq (cond on sampled tp)] | MAPE 0.048779 | RMSE 301.099503|
0.053130071610212326,0.05255477875471115,0.04065095633268356
268.9704909464977,338.7293005668391,295.59871711917157
Experiment 88950
Epoch 0073 [Train seq (cond on sampled tp)] | Loss 1903195.210651 | MAPE 0.056362 | RMSE 88.131553 | Likelihood -1903191.840957 | KL fp 3.3697 | FP STD 0.2184|
Epoch 0073 [Val seq (cond on sampled tp)] |  MAPE 0.027177 | RMSE 77.258687 |
Epoch 0073 [Test seq (cond on sampled tp)] | MAPE 0.050455 | RMSE 245.554174|
0.049643900245428085,0.04827749729156494,0.05344389006495476
214.61761963140398,270.412907652353,251.63199350688697
Experiment 88950
Epoch 0074 [Train seq (cond on sampled tp)] | Loss 1892433.283829 | MAPE 0.054994 | RMSE 83.510682 | Likelihood -1892429.986128 | KL fp 3.2977 | FP STD 0.2331|
Epoch 0074 [Val seq (cond on sampled tp)] |  MAPE 0.028422 | RMSE 86.322346 |
Epoch 0074 [Test seq (cond on sampled tp)] | MAPE 0.047767 | RMSE 295.366176|
0.04890014976263046,0.05296839773654938,0.041432518512010574
270.3769504090539,313.7643174024095,301.95726104864576
Experiment 88950
Epoch 0075 [Train seq (cond on sampled tp)] | Loss 1867361.312028 | MAPE 0.058056 | RMSE 81.813529 | Likelihood -1867358.075866 | KL fp 3.2362 | FP STD 0.2689|
Epoch 0075 [Val seq (cond on sampled tp)] |  MAPE 0.028233 | RMSE 77.882104 |
Epoch 0075 [Test seq (cond on sampled tp)] | MAPE 0.049835 | RMSE 254.995837|
0.050800569355487823,0.04863855242729187,0.05006624758243561
220.62445113246176,259.9042942844539,284.45876513565196
Experiment 88950
Epoch 0076 [Train seq (cond on sampled tp)] | Loss 1888297.915688 | MAPE 0.054569 | RMSE 84.311480 | Likelihood -1888294.906450 | KL fp 3.0092 | FP STD 0.2917|
Epoch 0076 [Val seq (cond on sampled tp)] |  MAPE 0.026994 | RMSE 81.684365 |
Epoch 0076 [Test seq (cond on sampled tp)] | MAPE 0.042186 | RMSE 266.484420|
0.04551372304558754,0.04155067726969719,0.0394938625395298
234.11747518606978,270.9794013158565,294.35638210764176
Experiment 88950
Epoch 0077 [Train seq (cond on sampled tp)] | Loss 1891225.817208 | MAPE 0.059929 | RMSE 86.014355 | Likelihood -1891222.335083 | KL fp 3.4821 | FP STD 0.2759|
Epoch 0077 [Val seq (cond on sampled tp)] |  MAPE 0.029045 | RMSE 80.181152 |
Epoch 0077 [Test seq (cond on sampled tp)] | MAPE 0.046401 | RMSE 267.783675|
0.04424567520618439,0.046883173286914825,0.04807361587882042
222.62056950953567,271.86346239886666,308.86699453405504
Experiment 88950
Epoch 0078 [Train seq (cond on sampled tp)] | Loss 1852638.231095 | MAPE 0.049112 | RMSE 79.582456 | Likelihood -1852635.132314 | KL fp 3.0988 | FP STD 0.2914|
Epoch 0078 [Val seq (cond on sampled tp)] |  MAPE 0.027887 | RMSE 84.733158 |
Epoch 0078 [Test seq (cond on sampled tp)] | MAPE 0.050604 | RMSE 267.955419|
0.04884309321641922,0.04915648326277733,0.05381229892373085
228.90722909346923,277.12722709975645,297.8318002665263
Experiment 88950
Epoch 0079 [Train seq (cond on sampled tp)] | Loss 1877381.839184 | MAPE 0.049838 | RMSE 84.258161 | Likelihood -1877378.622370 | KL fp 3.2168 | FP STD 0.2694|
Epoch 0079 [Val seq (cond on sampled tp)] |  MAPE 0.025073 | RMSE 83.753623 |
Epoch 0079 [Test seq (cond on sampled tp)] | MAPE 0.052535 | RMSE 273.295832|
0.05773288756608963,0.052119769155979156,0.047752078622579575
248.88398558615617,273.6773019908666,297.3262097427672
Experiment 88950
Epoch 0080 [Train seq (cond on sampled tp)] | Loss 1861699.877982 | MAPE 0.049243 | RMSE 78.161151 | Likelihood -1861696.586766 | KL fp 3.2912 | FP STD 0.2757|
Epoch 0080 [Val seq (cond on sampled tp)] |  MAPE 0.030560 | RMSE 85.825168 |
Epoch 0080 [Test seq (cond on sampled tp)] | MAPE 0.043863 | RMSE 270.361428|
0.04610942676663399,0.04834636673331261,0.03713446110486984
241.8845766837977,303.5466783502992,265.65302793305403
Experiment 88950
Epoch 0081 [Train seq (cond on sampled tp)] | Loss 1843834.493748 | MAPE 0.051418 | RMSE 78.473205 | Likelihood -1843831.254619 | KL fp 3.2391 | FP STD 0.2684|
Epoch 0081 [Val seq (cond on sampled tp)] |  MAPE 0.024732 | RMSE 80.443816 |
Epoch 0081 [Test seq (cond on sampled tp)] | MAPE 0.048213 | RMSE 264.128815|
0.05096947401762009,0.04969420284032822,0.0439741276204586
231.06976929328076,281.3338069580334,279.9828677794411
Experiment 88950
Epoch 0082 [Train seq (cond on sampled tp)] | Loss 1863625.263999 | MAPE 0.049331 | RMSE 80.875025 | Likelihood -1863622.056268 | KL fp 3.2077 | FP STD 0.2716|
Epoch 0082 [Val seq (cond on sampled tp)] |  MAPE 0.029813 | RMSE 88.931016 |
Epoch 0082 [Test seq (cond on sampled tp)] | MAPE 0.053884 | RMSE 297.661170|
0.050935011357069016,0.054568469524383545,0.05614883452653885
258.55128238900693,298.1366218908707,336.295605643309
Experiment 88950
Epoch 0083 [Train seq (cond on sampled tp)] | Loss 1903504.658577 | MAPE 0.059555 | RMSE 86.870748 | Likelihood -1903501.190389 | KL fp 3.4682 | FP STD 0.2697|
Epoch 0083 [Val seq (cond on sampled tp)] |  MAPE 0.031525 | RMSE 92.632549 |
Epoch 0083 [Test seq (cond on sampled tp)] | MAPE 0.047346 | RMSE 315.688142|
0.046810951083898544,0.047453343868255615,0.04777367413043976
270.4231637637575,310.69990294092463,365.94135886095194
Experiment 88950
Epoch 0084 [Train seq (cond on sampled tp)] | Loss 1894051.722097 | MAPE 0.052363 | RMSE 87.320610 | Likelihood -1894048.454583 | KL fp 3.2675 | FP STD 0.2453|
Epoch 0084 [Val seq (cond on sampled tp)] |  MAPE 0.031700 | RMSE 82.481121 |
Epoch 0084 [Test seq (cond on sampled tp)] | MAPE 0.048426 | RMSE 274.326345|
0.05007192865014076,0.04889417439699173,0.046313390135765076
221.03224630413092,281.7360799578215,320.21070943599
Experiment 88950
Epoch 0085 [Train seq (cond on sampled tp)] | Loss 1878916.312229 | MAPE 0.053761 | RMSE 83.073187 | Likelihood -1878912.788433 | KL fp 3.5238 | FP STD 0.2255|
Epoch 0085 [Val seq (cond on sampled tp)] |  MAPE 0.029714 | RMSE 86.184917 |
Epoch 0085 [Test seq (cond on sampled tp)] | MAPE 0.046135 | RMSE 285.666064|
0.04517575725913048,0.04815724864602089,0.045072153210639954
245.77608266977484,302.99258705866055,308.2295208120079
Experiment 88950
Epoch 0086 [Train seq (cond on sampled tp)] | Loss 1860688.323632 | MAPE 0.053158 | RMSE 81.181198 | Likelihood -1860684.797394 | KL fp 3.5262 | FP STD 0.2181|
Epoch 0086 [Val seq (cond on sampled tp)] |  MAPE 0.030567 | RMSE 89.155226 |
Epoch 0086 [Test seq (cond on sampled tp)] | MAPE 0.047566 | RMSE 297.286346|
0.05123515427112579,0.05024388059973717,0.041219327598810196
269.2247260654192,319.7858047779795,302.84850792103964
Experiment 88950
Epoch 0087 [Train seq (cond on sampled tp)] | Loss 1879634.991511 | MAPE 0.058915 | RMSE 84.469468 | Likelihood -1879631.626388 | KL fp 3.3651 | FP STD 0.2380|
Epoch 0087 [Val seq (cond on sampled tp)] |  MAPE 0.033749 | RMSE 80.781353 |
Epoch 0087 [Test seq (cond on sampled tp)] | MAPE 0.052529 | RMSE 265.823927|
0.05432391166687012,0.054707955569028854,0.048554494976997375
225.88950908021383,270.2904687553744,301.2918020789812
Experiment 88950
Epoch 0088 [Train seq (cond on sampled tp)] | Loss 1852204.015979 | MAPE 0.051397 | RMSE 77.749775 | Likelihood -1852200.860843 | KL fp 3.1551 | FP STD 0.2794|
Epoch 0088 [Val seq (cond on sampled tp)] |  MAPE 0.023177 | RMSE 85.409171 |
Epoch 0088 [Test seq (cond on sampled tp)] | MAPE 0.042095 | RMSE 271.000494|
0.04673624411225319,0.043929681181907654,0.035619091242551804
242.2497420019266,252.7368397290945,318.0148999064352
Experiment 88950
Epoch 0089 [Train seq (cond on sampled tp)] | Loss 1845091.059159 | MAPE 0.054444 | RMSE 74.777749 | Likelihood -1845087.471590 | KL fp 3.5876 | FP STD 0.2279|
Epoch 0089 [Val seq (cond on sampled tp)] |  MAPE 0.023199 | RMSE 85.659830 |
Epoch 0089 [Test seq (cond on sampled tp)] | MAPE 0.037723 | RMSE 292.765227|
0.039356183260679245,0.039835214614868164,0.033978719264268875
270.17481319971336,310.48387136049433,297.6369957683352
0.039356183260679245,0.039835214614868164,0.033978719264268875
270.17481319971336,310.48387136049433,297.6369957683352
Epoch 0089 [Test seq (cond on sampled tp)] | Best Test MAPE 0.037723|Best Test RMSE 292.765227|
Experiment 88950
Epoch 0090 [Train seq (cond on sampled tp)] | Loss 1904688.181305 | MAPE 0.057169 | RMSE 88.776220 | Likelihood -1904684.806305 | KL fp 3.3750 | FP STD 0.2170|
Epoch 0090 [Val seq (cond on sampled tp)] |  MAPE 0.023163 | RMSE 86.123486 |
Epoch 0090 [Test seq (cond on sampled tp)] | MAPE 0.041400 | RMSE 249.442685|
0.044782016426324844,0.042599182575941086,0.036819200962781906
224.98769931654041,268.0822226948292,255.25813374650767
Experiment 88950
Epoch 0091 [Train seq (cond on sampled tp)] | Loss 1877558.769180 | MAPE 0.052406 | RMSE 81.283880 | Likelihood -1877555.623868 | KL fp 3.1453 | FP STD 0.2535|
Epoch 0091 [Val seq (cond on sampled tp)] |  MAPE 0.028063 | RMSE 85.396713 |
Epoch 0091 [Test seq (cond on sampled tp)] | MAPE 0.045874 | RMSE 272.509016|
0.045172493904829025,0.048487767577171326,0.043960314244031906
225.44536651093543,279.4907198817163,312.5909617615327
Experiment 88950
Epoch 0092 [Train seq (cond on sampled tp)] | Loss 1871263.952947 | MAPE 0.058535 | RMSE 79.411365 | Likelihood -1871260.308910 | KL fp 3.6440 | FP STD 0.2127|
Epoch 0092 [Val seq (cond on sampled tp)] |  MAPE 0.024946 | RMSE 91.046858 |
Epoch 0092 [Test seq (cond on sampled tp)] | MAPE 0.043329 | RMSE 302.202616|
0.04383467510342598,0.04458688199520111,0.041565731167793274
272.635559745056,307.84132479249763,326.13096487454237
Experiment 88950
Epoch 0093 [Train seq (cond on sampled tp)] | Loss 1855284.971744 | MAPE 0.051969 | RMSE 78.821224 | Likelihood -1855281.543114 | KL fp 3.4286 | FP STD 0.2379|
Epoch 0093 [Val seq (cond on sampled tp)] |  MAPE 0.028381 | RMSE 81.731939 |
Epoch 0093 [Test seq (cond on sampled tp)] | MAPE 0.048882 | RMSE 248.920712|
0.0509447380900383,0.05025815963745117,0.045442428439855576
212.46870173922088,241.95024669340594,292.3431871320076
Experiment 88950
Epoch 0094 [Train seq (cond on sampled tp)] | Loss 1872333.859908 | MAPE 0.054592 | RMSE 80.278553 | Likelihood -1872330.506323 | KL fp 3.3536 | FP STD 0.2639|
Epoch 0094 [Val seq (cond on sampled tp)] |  MAPE 0.034016 | RMSE 85.595575 |
Epoch 0094 [Test seq (cond on sampled tp)] | MAPE 0.048721 | RMSE 267.563122|
0.05115757882595062,0.048864707350730896,0.046140655875205994
242.8793183481253,275.9822231593912,283.8278252303674
Experiment 88950
Epoch 0095 [Train seq (cond on sampled tp)] | Loss 1853821.267268 | MAPE 0.061634 | RMSE 78.650162 | Likelihood -1853817.807557 | KL fp 3.4597 | FP STD 0.2584|
Epoch 0095 [Val seq (cond on sampled tp)] |  MAPE 0.026453 | RMSE 87.203530 |
Epoch 0095 [Test seq (cond on sampled tp)] | MAPE 0.046204 | RMSE 281.994208|
0.050213851034641266,0.04746241867542267,0.04093480855226517
249.6295693122111,300.8001828456891,295.55287175055497
Experiment 88950
Epoch 0096 [Train seq (cond on sampled tp)] | Loss 1851163.367632 | MAPE 0.054539 | RMSE 79.232444 | Likelihood -1851160.006266 | KL fp 3.3614 | FP STD 0.2793|
Epoch 0096 [Val seq (cond on sampled tp)] |  MAPE 0.035767 | RMSE 83.939391 |
Epoch 0096 [Test seq (cond on sampled tp)] | MAPE 0.045746 | RMSE 272.540894|
0.048928402364254,0.044474486261606216,0.043833911418914795
241.26819879544837,258.84964868625957,317.5048351009792
Experiment 88950
Epoch 0097 [Train seq (cond on sampled tp)] | Loss 1855531.329187 | MAPE 0.061395 | RMSE 80.181193 | Likelihood -1855528.016540 | KL fp 3.3126 | FP STD 0.2923|
Epoch 0097 [Val seq (cond on sampled tp)] |  MAPE 0.028869 | RMSE 79.820621 |
Epoch 0097 [Test seq (cond on sampled tp)] | MAPE 0.047020 | RMSE 249.065653|
0.046881452202796936,0.04840876907110214,0.045771244913339615
204.37093841529915,256.9009871283098,285.92503388126056
Experiment 88950
Epoch 0098 [Train seq (cond on sampled tp)] | Loss 1861401.215307 | MAPE 0.057410 | RMSE 79.061465 | Likelihood -1861397.566777 | KL fp 3.6485 | FP STD 0.2523|
Epoch 0098 [Val seq (cond on sampled tp)] |  MAPE 0.026108 | RMSE 92.459429 |
Epoch 0098 [Test seq (cond on sampled tp)] | MAPE 0.040464 | RMSE 259.914658|
0.04036229848861694,0.04293375089764595,0.03809448331594467
228.27349618932988,276.42851980665813,275.0419570265599
Experiment 88950
Epoch 0099 [Train seq (cond on sampled tp)] | Loss 1866479.860239 | MAPE 0.056418 | RMSE 80.676184 | Likelihood -1866475.940227 | KL fp 3.9200 | FP STD 0.1919|
Epoch 0099 [Val seq (cond on sampled tp)] |  MAPE 0.029661 | RMSE 89.628803 |
Epoch 0099 [Test seq (cond on sampled tp)] | MAPE 0.050980 | RMSE 277.135883|
0.05114373192191124,0.04864512383937836,0.0531512089073658
242.37738523839224,271.05319761533895,317.97706530896215
Experiment 88950
Epoch 0100 [Train seq (cond on sampled tp)] | Loss 1855667.515743 | MAPE 0.054590 | RMSE 78.761422 | Likelihood -1855663.945264 | KL fp 3.5705 | FP STD 0.2133|
Epoch 0100 [Val seq (cond on sampled tp)] |  MAPE 0.027391 | RMSE 82.056097 |
Epoch 0100 [Test seq (cond on sampled tp)] | MAPE 0.050914 | RMSE 254.278543|
0.04992595687508583,0.052777212113142014,0.05003855749964714
229.2283676407656,273.27551630634605,260.3317444867222
