/data2/yuanjingyang/CG-ODE/run_models_covid.py
run_models_covid.py --rec-layers 1 --encoder Cheb
Namespace(save='experiments/', load=None, dataset='Dec', datapath='data/', pred_length=14, condition_length=21, features='Confirmed,Deaths,Recovered,Mortality_Rate,Testing_Rate,Population,Mobility', split_interval=3, feature_out='Deaths', niters=100, lr=0.005, batch_size=8, random_seed=1991, dropout=0.2, l2=1e-05, optimizer='AdamW', clip=10, edge_lamda=0.5, z0_encoder='GTrans', rec_dims=64, ode_dims=20, rec_layers=1, gen_layers=1, encoder='Cheb', graf_layer=1, cheb_K=2, heavyBall=False, actv_h=None, gamma_guess=-3.0, gamma_act='sigmoid', corr=-100, corrf=True, sign=1, augment_dim=0, solver='rk4', rtol=0.01, atol=0.01, alias='run', output_dim=1, feature_out_index=[1], num_atoms=50)
run
Experiment 07-15_05:55
Epoch 0001 [Train seq (cond on sampled tp)] | Loss 4421444.222794 | MAPE 0.064850 | RMSE 287.704460 | Likelihood -4421442.737284 | KL fp 1.4855 | FP STD 0.3285 | ->nfe   52.00 | <-nfe   52.00
Epoch 0001 [Val seq (cond on sampled tp)] |  MAPE 0.059982 | RMSE 310.050147 |
Best Val!
Epoch 0001 [Test seq (cond on sampled tp)] | MAPE 0.129074 | RMSE 912.774827|
0.14387135207653046,0.13318854570388794,0.11016178876161575
858.3048336692507,943.9310753439576,936.0885708628217
0.14387135207653046,0.13318854570388794,0.11016178876161575
858.3048336692507,943.9310753439576,936.0885708628217
Epoch 0001 [Test seq (cond on sampled tp)] | Best Test MAPE 0.129074|Best Test RMSE 912.774827|
Experiment 07-15_05:55
Epoch 0002 [Train seq (cond on sampled tp)] | Loss 4299688.352172 | MAPE 0.070130 | RMSE 281.644938 | Likelihood -4299686.413225 | KL fp 1.9389 | FP STD 0.6932 | ->nfe   52.00 | <-nfe   52.00
Epoch 0002 [Val seq (cond on sampled tp)] |  MAPE 0.060713 | RMSE 296.046278 |
Epoch 0002 [Test seq (cond on sampled tp)] | MAPE 0.113323 | RMSE 889.880960|
0.12310925871133804,0.1161426529288292,0.10071604698896408
833.7309218207035,921.1344567977034,914.7775002698744
0.12310925871133804,0.1161426529288292,0.10071604698896408
833.7309218207035,921.1344567977034,914.7775002698744
Epoch 0002 [Test seq (cond on sampled tp)] | Best Test MAPE 0.113323|Best Test RMSE 889.880960|
Experiment 07-15_05:55
Epoch 0003 [Train seq (cond on sampled tp)] | Loss 4052338.751484 | MAPE 0.119581 | RMSE 268.903120 | Likelihood -4052334.875641 | KL fp 3.8758 | FP STD 1.1152 | ->nfe   52.00 | <-nfe   52.00
Epoch 0003 [Val seq (cond on sampled tp)] |  MAPE 0.057759 | RMSE 269.284599 |
Best Val!
Epoch 0003 [Test seq (cond on sampled tp)] | MAPE 0.099932 | RMSE 843.911594|
0.10384049266576767,0.10745256394147873,0.08850254863500595
784.7675611287714,877.6939244406333,869.2732956326221
0.10384049266576767,0.10745256394147873,0.08850254863500595
784.7675611287714,877.6939244406333,869.2732956326221
Epoch 0003 [Test seq (cond on sampled tp)] | Best Test MAPE 0.099932|Best Test RMSE 843.911594|
Experiment 07-15_05:55
Epoch 0004 [Train seq (cond on sampled tp)] | Loss 3687460.909656 | MAPE 0.128969 | RMSE 248.682433 | Likelihood -3687455.720865 | KL fp 5.1888 | FP STD 1.0827 | ->nfe   52.00 | <-nfe   52.00
Epoch 0004 [Val seq (cond on sampled tp)] |  MAPE 0.033642 | RMSE 230.476621 |
Best Val!
Epoch 0004 [Test seq (cond on sampled tp)] | MAPE 0.078219 | RMSE 768.750446|
0.08657953888177872,0.08011256903409958,0.06796552985906601
702.4901689703565,802.7270317486511,801.034136288835
0.08657953888177872,0.08011256903409958,0.06796552985906601
702.4901689703565,802.7270317486511,801.034136288835
Epoch 0004 [Test seq (cond on sampled tp)] | Best Test MAPE 0.078219|Best Test RMSE 768.750446|
Experiment 07-15_05:55
Epoch 0005 [Train seq (cond on sampled tp)] | Loss 3274664.456897 | MAPE 0.050908 | RMSE 223.319562 | Likelihood -3274659.160125 | KL fp 5.2968 | FP STD 0.8460 | ->nfe   52.00 | <-nfe   52.00
Epoch 0005 [Val seq (cond on sampled tp)] |  MAPE 0.040083 | RMSE 191.027475 |
Epoch 0005 [Test seq (cond on sampled tp)] | MAPE 0.074849 | RMSE 678.981163|
0.07976038008928299,0.07778528332710266,0.0669998899102211
615.7542630790306,712.5188813287688,708.6703438482522
0.07976038008928299,0.07778528332710266,0.0669998899102211
615.7542630790306,712.5188813287688,708.6703438482522
Epoch 0005 [Test seq (cond on sampled tp)] | Best Test MAPE 0.074849|Best Test RMSE 678.981163|
Experiment 07-15_05:55
Epoch 0006 [Train seq (cond on sampled tp)] | Loss 2994530.990957 | MAPE 0.057867 | RMSE 202.722928 | Likelihood -2994524.717299 | KL fp 6.2737 | FP STD 0.7289 | ->nfe   52.00 | <-nfe   52.00
Epoch 0006 [Val seq (cond on sampled tp)] |  MAPE 0.031660 | RMSE 184.306884 |
Best Val!
Epoch 0006 [Test seq (cond on sampled tp)] | MAPE 0.065458 | RMSE 631.576140|
0.06629490107297897,0.07227584719657898,0.05780273303389549
565.8035767826145,668.1327992996602,660.7920436869681
0.06629490107297897,0.07227584719657898,0.05780273303389549
565.8035767826145,668.1327992996602,660.7920436869681
Epoch 0006 [Test seq (cond on sampled tp)] | Best Test MAPE 0.065458|Best Test RMSE 631.576140|
Experiment 07-15_05:55
Epoch 0007 [Train seq (cond on sampled tp)] | Loss 2727735.439795 | MAPE 0.063750 | RMSE 183.244334 | Likelihood -2727730.491403 | KL fp 4.9484 | FP STD 0.5260 | ->nfe   52.00 | <-nfe   52.00
Epoch 0007 [Val seq (cond on sampled tp)] |  MAPE 0.030772 | RMSE 133.467956 |
Best Val!
Epoch 0007 [Test seq (cond on sampled tp)] | MAPE 0.049394 | RMSE 522.192919|
0.0519239604473114,0.05091899633407593,0.04533982649445534
437.6730907595302,564.804307924435,564.1013594647685
0.0519239604473114,0.05091899633407593,0.04533982649445534
437.6730907595302,564.804307924435,564.1013594647685
Epoch 0007 [Test seq (cond on sampled tp)] | Best Test MAPE 0.049394|Best Test RMSE 522.192919|
Experiment 07-15_05:55
Epoch 0008 [Train seq (cond on sampled tp)] | Loss 2422507.120716 | MAPE 0.052837 | RMSE 155.659336 | Likelihood -2422502.702649 | KL fp 4.4181 | FP STD 0.4193 | ->nfe   52.00 | <-nfe   52.00
Epoch 0008 [Val seq (cond on sampled tp)] |  MAPE 0.028149 | RMSE 128.063613 |
Best Val!
Epoch 0008 [Test seq (cond on sampled tp)] | MAPE 0.050020 | RMSE 457.697429|
0.05569962412118912,0.04759768396615982,0.04676150158047676
391.5196554772187,479.8520605353279,501.7205708858268
Experiment 07-15_05:55
Epoch 0009 [Train seq (cond on sampled tp)] | Loss 2331290.778626 | MAPE 0.066953 | RMSE 143.605758 | Likelihood -2331285.378679 | KL fp 5.3999 | FP STD 0.3922 | ->nfe   52.00 | <-nfe   52.00
Epoch 0009 [Val seq (cond on sampled tp)] |  MAPE 0.050047 | RMSE 105.341664 |
Epoch 0009 [Test seq (cond on sampled tp)] | MAPE 0.063267 | RMSE 428.471812|
0.06892040371894836,0.06236107647418976,0.05852051451802254
362.00236316562905,454.6756398796839,468.73743316487963
Experiment 07-15_05:55
Epoch 0010 [Train seq (cond on sampled tp)] | Loss 2175611.580100 | MAPE 0.044585 | RMSE 128.520671 | Likelihood -2175607.307619 | KL fp 4.2725 | FP STD 0.3879 | ->nfe   52.00 | <-nfe   52.00
Epoch 0010 [Val seq (cond on sampled tp)] |  MAPE 0.054500 | RMSE 92.125901 |
Epoch 0010 [Test seq (cond on sampled tp)] | MAPE 0.086504 | RMSE 380.500257|
0.08998537063598633,0.07812945544719696,0.09139756113290787
308.98226334613446,406.6497456349875,425.8687627955354
Experiment 07-15_05:55
Epoch 0011 [Train seq (cond on sampled tp)] | Loss 2160266.682507 | MAPE 0.066354 | RMSE 126.124043 | Likelihood -2160262.451746 | KL fp 4.2308 | FP STD 0.3569 | ->nfe   52.00 | <-nfe   52.00
Epoch 0011 [Val seq (cond on sampled tp)] |  MAPE 0.030745 | RMSE 101.810783 |
Epoch 0011 [Test seq (cond on sampled tp)] | MAPE 0.056226 | RMSE 378.619012|
0.06699135899543762,0.054732587188482285,0.04695533961057663
313.14991168368545,396.71264395655453,425.9944798644696
Experiment 07-15_05:55
Epoch 0012 [Train seq (cond on sampled tp)] | Loss 2144394.610870 | MAPE 0.048953 | RMSE 123.303373 | Likelihood -2144390.634684 | KL fp 3.9762 | FP STD 0.3539 | ->nfe   52.00 | <-nfe   52.00
Epoch 0012 [Val seq (cond on sampled tp)] |  MAPE 0.030492 | RMSE 134.489726 |
Epoch 0012 [Test seq (cond on sampled tp)] | MAPE 0.069810 | RMSE 366.476899|
0.07460329681634903,0.06639610230922699,0.06842979043722153
304.6726086104558,374.59086013943266,420.1672286126085
Experiment 07-15_05:55
Epoch 0013 [Train seq (cond on sampled tp)] | Loss 2143971.060563 | MAPE 0.038298 | RMSE 120.749220 | Likelihood -2143966.473721 | KL fp 4.5868 | FP STD 0.3098 | ->nfe   52.00 | <-nfe   52.00
Epoch 0013 [Val seq (cond on sampled tp)] |  MAPE 0.021071 | RMSE 89.270437 |
Best Val!
Epoch 0013 [Test seq (cond on sampled tp)] | MAPE 0.053030 | RMSE 339.533669|
0.05488507077097893,0.05357507988810539,0.05062868446111679
267.1632372024639,371.8885711809385,379.54919806264905
Experiment 07-15_05:55
Epoch 0014 [Train seq (cond on sampled tp)] | Loss 2025947.191741 | MAPE 0.032390 | RMSE 107.819881 | Likelihood -2025942.994863 | KL fp 4.1969 | FP STD 0.2662 | ->nfe   52.00 | <-nfe   52.00
Epoch 0014 [Val seq (cond on sampled tp)] |  MAPE 0.021765 | RMSE 79.666658 |
Epoch 0014 [Test seq (cond on sampled tp)] | MAPE 0.049399 | RMSE 336.126456|
0.05425359681248665,0.049499910324811935,0.04444367438554764
255.51933176620904,357.6939705425575,395.16606477530433
Experiment 07-15_05:55
Epoch 0015 [Train seq (cond on sampled tp)] | Loss 2023186.565337 | MAPE 0.038642 | RMSE 108.549371 | Likelihood -2023182.522432 | KL fp 4.0429 | FP STD 0.2463 | ->nfe   52.00 | <-nfe   52.00
Epoch 0015 [Val seq (cond on sampled tp)] |  MAPE 0.021612 | RMSE 76.910329 |
Epoch 0015 [Test seq (cond on sampled tp)] | MAPE 0.046127 | RMSE 317.565255|
0.04704361781477928,0.04575284942984581,0.045584287494421005
246.45143252525435,325.74028669324895,380.504044820814
0.04704361781477928,0.04575284942984581,0.045584287494421005
246.45143252525435,325.74028669324895,380.504044820814
Epoch 0015 [Test seq (cond on sampled tp)] | Best Test MAPE 0.046127|Best Test RMSE 317.565255|
Experiment 07-15_05:55
Epoch 0016 [Train seq (cond on sampled tp)] | Loss 1994086.191772 | MAPE 0.048299 | RMSE 103.087837 | Likelihood -1994082.175721 | KL fp 4.0161 | FP STD 0.2348 | ->nfe   52.00 | <-nfe   52.00
Epoch 0016 [Val seq (cond on sampled tp)] |  MAPE 0.021809 | RMSE 89.644368 |
Epoch 0016 [Test seq (cond on sampled tp)] | MAPE 0.052845 | RMSE 341.795463|
0.06163670867681503,0.052266817539930344,0.044630035758018494
271.52645761969495,371.16057424651126,382.6993557284883
Experiment 07-15_05:55
Epoch 0017 [Train seq (cond on sampled tp)] | Loss 2022355.569482 | MAPE 0.032400 | RMSE 105.423767 | Likelihood -2022351.551188 | KL fp 4.0183 | FP STD 0.2205 | ->nfe   52.00 | <-nfe   52.00
Epoch 0017 [Val seq (cond on sampled tp)] |  MAPE 0.022991 | RMSE 80.601008 |
Epoch 0017 [Test seq (cond on sampled tp)] | MAPE 0.056205 | RMSE 325.277823|
0.057099103927612305,0.054878052324056625,0.05663810670375824
253.54092371844038,345.1306930895889,377.16185186203546
Experiment 07-15_05:55
Epoch 0018 [Train seq (cond on sampled tp)] | Loss 2036764.097213 | MAPE 0.035387 | RMSE 108.627087 | Likelihood -2036760.611508 | KL fp 3.4857 | FP STD 0.2416 | ->nfe   52.00 | <-nfe   52.00
Epoch 0018 [Val seq (cond on sampled tp)] |  MAPE 0.019869 | RMSE 71.913427 |
Best Val!
Epoch 0018 [Test seq (cond on sampled tp)] | MAPE 0.051321 | RMSE 306.332046|
0.0531512014567852,0.04707760363817215,0.05373433604836464
228.66610483410085,310.85926779653846,379.47076633121554
Experiment 07-15_05:55
Epoch 0019 [Train seq (cond on sampled tp)] | Loss 2018559.796599 | MAPE 0.032262 | RMSE 106.472852 | Likelihood -2018555.994447 | KL fp 3.8022 | FP STD 0.2654 | ->nfe   52.00 | <-nfe   52.00
Epoch 0019 [Val seq (cond on sampled tp)] |  MAPE 0.025362 | RMSE 88.880747 |
Epoch 0019 [Test seq (cond on sampled tp)] | MAPE 0.050636 | RMSE 309.808010|
0.05675354227423668,0.051583703607320786,0.04357064142823219
255.18660451716505,305.30196373836185,368.93546183580673
Experiment 07-15_05:55
Epoch 0020 [Train seq (cond on sampled tp)] | Loss 2060408.673225 | MAPE 0.044653 | RMSE 113.633608 | Likelihood -2060405.248327 | KL fp 3.4249 | FP STD 0.2564 | ->nfe   52.00 | <-nfe   52.00
Epoch 0020 [Val seq (cond on sampled tp)] |  MAPE 0.021672 | RMSE 77.319185 |
Epoch 0020 [Test seq (cond on sampled tp)] | MAPE 0.049843 | RMSE 293.392652|
0.05349147692322731,0.04509980231523514,0.0509367398917675
231.508504163454,293.35613222242347,355.31331904039286
Experiment 07-15_05:55
Epoch 0021 [Train seq (cond on sampled tp)] | Loss 2038698.335143 | MAPE 0.034643 | RMSE 107.381879 | Likelihood -2038694.632090 | KL fp 3.7031 | FP STD 0.2417 | ->nfe   52.00 | <-nfe   52.00
Epoch 0021 [Val seq (cond on sampled tp)] |  MAPE 0.022762 | RMSE 94.315663 |
Epoch 0021 [Test seq (cond on sampled tp)] | MAPE 0.065706 | RMSE 330.856165|
0.06797423213720322,0.06412149220705032,0.06502348929643631
297.7611773720678,325.9015020869036,368.9058145380742
Experiment 07-15_05:55
Epoch 0022 [Train seq (cond on sampled tp)] | Loss 2012578.271393 | MAPE 0.044471 | RMSE 105.067853 | Likelihood -2012574.375927 | KL fp 3.8955 | FP STD 0.2301 | ->nfe   52.00 | <-nfe   52.00
Epoch 0022 [Val seq (cond on sampled tp)] |  MAPE 0.023408 | RMSE 82.680963 |
Epoch 0022 [Test seq (cond on sampled tp)] | MAPE 0.052998 | RMSE 321.653798|
0.05737476050853729,0.05134415626525879,0.05027560144662857
247.5519121694478,344.90528591194425,372.5041946072554
Experiment 07-15_05:55
Epoch 0023 [Train seq (cond on sampled tp)] | Loss 2016754.871455 | MAPE 0.036884 | RMSE 107.985028 | Likelihood -2016751.317690 | KL fp 3.5538 | FP STD 0.2066 | ->nfe   52.00 | <-nfe   52.00
Epoch 0023 [Val seq (cond on sampled tp)] |  MAPE 0.024071 | RMSE 89.680218 |
Epoch 0023 [Test seq (cond on sampled tp)] | MAPE 0.047532 | RMSE 302.653468|
0.049967583268880844,0.047598157078027725,0.045030441135168076
229.24727370243687,333.52321414708155,345.189916024498
Experiment 07-15_05:55
Epoch 0024 [Train seq (cond on sampled tp)] | Loss 2011184.860964 | MAPE 0.047119 | RMSE 105.343622 | Likelihood -2011181.176303 | KL fp 3.6847 | FP STD 0.2109 | ->nfe   52.00 | <-nfe   52.00
Epoch 0024 [Val seq (cond on sampled tp)] |  MAPE 0.026103 | RMSE 87.143946 |
Epoch 0024 [Test seq (cond on sampled tp)] | MAPE 0.053901 | RMSE 299.455967|
0.062271296977996826,0.05386982858181,0.045562464743852615
239.82395073000944,321.4734145306576,337.0705369429372
Experiment 07-15_05:55
Epoch 0025 [Train seq (cond on sampled tp)] | Loss 1974455.819208 | MAPE 0.049319 | RMSE 99.369448 | Likelihood -1974452.106908 | KL fp 3.7123 | FP STD 0.2143 | ->nfe   52.00 | <-nfe   52.00
Epoch 0025 [Val seq (cond on sampled tp)] |  MAPE 0.022927 | RMSE 82.194466 |
Epoch 0025 [Test seq (cond on sampled tp)] | MAPE 0.050044 | RMSE 303.288299|
0.05486234650015831,0.0491793155670166,0.04609103500843048
244.84455368406708,310.6290618446703,354.3912804902231
Experiment 07-15_05:55
Epoch 0026 [Train seq (cond on sampled tp)] | Loss 1983162.511237 | MAPE 0.038400 | RMSE 101.864144 | Likelihood -1983158.759144 | KL fp 3.7521 | FP STD 0.1985 | ->nfe   52.00 | <-nfe   52.00
Epoch 0026 [Val seq (cond on sampled tp)] |  MAPE 0.026351 | RMSE 84.978315 |
Epoch 0026 [Test seq (cond on sampled tp)] | MAPE 0.058968 | RMSE 311.217559|
0.06986171752214432,0.05930019170045853,0.04774269834160805
247.10558061029298,326.94222540075793,359.6048721339854
Experiment 07-15_05:55
Epoch 0027 [Train seq (cond on sampled tp)] | Loss 1990060.151810 | MAPE 0.034958 | RMSE 102.726582 | Likelihood -1990056.946326 | KL fp 3.2055 | FP STD 0.2361 | ->nfe   52.00 | <-nfe   52.00
Epoch 0027 [Val seq (cond on sampled tp)] |  MAPE 0.022020 | RMSE 85.486187 |
Epoch 0027 [Test seq (cond on sampled tp)] | MAPE 0.059917 | RMSE 271.250353|
0.060671351850032806,0.06176430732011795,0.05731415003538132
209.99373130524634,283.5642839375227,320.1930447987589
Experiment 07-15_05:55
Epoch 0028 [Train seq (cond on sampled tp)] | Loss 1987285.500344 | MAPE 0.076818 | RMSE 98.287091 | Likelihood -1987281.793618 | KL fp 3.7067 | FP STD 0.2448 | ->nfe   52.00 | <-nfe   52.00
Epoch 0028 [Val seq (cond on sampled tp)] |  MAPE 0.021094 | RMSE 81.616344 |
Epoch 0028 [Test seq (cond on sampled tp)] | MAPE 0.049561 | RMSE 298.024166|
0.054729852825403214,0.04816026613116264,0.0457921028137207
235.97965682977843,304.86327621984907,353.2295641647228
Experiment 07-15_05:55
Epoch 0029 [Train seq (cond on sampled tp)] | Loss 1994268.571230 | MAPE 0.051705 | RMSE 103.850706 | Likelihood -1994265.099722 | KL fp 3.4715 | FP STD 0.2072 | ->nfe   52.00 | <-nfe   52.00
Epoch 0029 [Val seq (cond on sampled tp)] |  MAPE 0.023653 | RMSE 77.594647 |
Epoch 0029 [Test seq (cond on sampled tp)] | MAPE 0.054886 | RMSE 272.483518|
0.05978202819824219,0.051008403301239014,0.053868621587753296
215.22768648863465,286.4670165350629,315.7558515886919
Experiment 07-15_05:55
Epoch 0030 [Train seq (cond on sampled tp)] | Loss 1962186.472513 | MAPE 0.031442 | RMSE 97.422966 | Likelihood -1962183.100232 | KL fp 3.3723 | FP STD 0.2140 | ->nfe   52.00 | <-nfe   52.00
Epoch 0030 [Val seq (cond on sampled tp)] |  MAPE 0.020298 | RMSE 84.821348 |
Epoch 0030 [Test seq (cond on sampled tp)] | MAPE 0.047371 | RMSE 338.182219|
0.05481347814202309,0.04685905948281288,0.04043952748179436
237.2332136448225,332.23123536175825,445.0822079964554
Experiment 07-15_05:55
Epoch 0031 [Train seq (cond on sampled tp)] | Loss 1945857.281006 | MAPE 0.033394 | RMSE 91.647574 | Likelihood -1945853.721945 | KL fp 3.5591 | FP STD 0.2188 | ->nfe   52.00 | <-nfe   52.00
Epoch 0031 [Val seq (cond on sampled tp)] |  MAPE 0.022537 | RMSE 79.336051 |
Epoch 0031 [Test seq (cond on sampled tp)] | MAPE 0.051263 | RMSE 269.088904|
0.059892263263463974,0.05138746276497841,0.04250847175717354
236.86743886349174,268.1739465813188,302.22532726014214
Experiment 07-15_05:55
Epoch 0032 [Train seq (cond on sampled tp)] | Loss 1922476.542059 | MAPE 0.035932 | RMSE 89.673260 | Likelihood -1922473.013562 | KL fp 3.5285 | FP STD 0.2288 | ->nfe   52.00 | <-nfe   52.00
Epoch 0032 [Val seq (cond on sampled tp)] |  MAPE 0.022994 | RMSE 87.883443 |
Epoch 0032 [Test seq (cond on sampled tp)] | MAPE 0.050277 | RMSE 316.596013|
0.052227914333343506,0.050660863518714905,0.0479428768157959
271.3542138515634,353.713646541945,324.72018002042927
Experiment 07-15_05:55
Epoch 0033 [Train seq (cond on sampled tp)] | Loss 1970148.906756 | MAPE 0.035494 | RMSE 99.959824 | Likelihood -1970145.619770 | KL fp 3.2870 | FP STD 0.2106 | ->nfe   52.00 | <-nfe   52.00
Epoch 0033 [Val seq (cond on sampled tp)] |  MAPE 0.019065 | RMSE 78.099840 |
Best Val!
Epoch 0033 [Test seq (cond on sampled tp)] | MAPE 0.046483 | RMSE 273.404494|
0.049035146832466125,0.0466599278151989,0.043754804879426956
227.91263231499477,292.1966108205227,300.10423970264065
Experiment 07-15_05:55
Epoch 0034 [Train seq (cond on sampled tp)] | Loss 1934325.706433 | MAPE 0.037444 | RMSE 93.913975 | Likelihood -1934322.133807 | KL fp 3.5726 | FP STD 0.1995 | ->nfe   52.00 | <-nfe   52.00
Epoch 0034 [Val seq (cond on sampled tp)] |  MAPE 0.020899 | RMSE 78.894906 |
Epoch 0034 [Test seq (cond on sampled tp)] | MAPE 0.044083 | RMSE 255.742125|
0.04984799399971962,0.041412532329559326,0.040989894419908524
214.09053648515155,264.87296483408795,288.26287373680293
0.04984799399971962,0.041412532329559326,0.040989894419908524
214.09053648515155,264.87296483408795,288.26287373680293
Epoch 0034 [Test seq (cond on sampled tp)] | Best Test MAPE 0.044083|Best Test RMSE 255.742125|
Experiment 07-15_05:55
Epoch 0035 [Train seq (cond on sampled tp)] | Loss 1910195.019503 | MAPE 0.044586 | RMSE 88.654556 | Likelihood -1910191.375596 | KL fp 3.6439 | FP STD 0.2091 | ->nfe   52.00 | <-nfe   52.00
Epoch 0035 [Val seq (cond on sampled tp)] |  MAPE 0.022211 | RMSE 92.247602 |
Epoch 0035 [Test seq (cond on sampled tp)] | MAPE 0.042314 | RMSE 336.476348|
0.04464215040206909,0.0443599596619606,0.037939075380563736
290.2833610241896,351.98272107803814,367.1629619460547
0.04464215040206909,0.0443599596619606,0.037939075380563736
290.2833610241896,351.98272107803814,367.1629619460547
Epoch 0035 [Test seq (cond on sampled tp)] | Best Test MAPE 0.042314|Best Test RMSE 336.476348|
Experiment 07-15_05:55
Epoch 0036 [Train seq (cond on sampled tp)] | Loss 1976184.565445 | MAPE 0.050881 | RMSE 101.500854 | Likelihood -1976181.462079 | KL fp 3.1034 | FP STD 0.2518 | ->nfe   52.00 | <-nfe   52.00
Epoch 0036 [Val seq (cond on sampled tp)] |  MAPE 0.026016 | RMSE 78.605892 |
Epoch 0036 [Test seq (cond on sampled tp)] | MAPE 0.071338 | RMSE 263.917656|
0.07041332870721817,0.07119899243116379,0.07240039855241776
211.72203180113306,265.3723651541358,314.65856992143085
Experiment 07-15_05:55
Epoch 0037 [Train seq (cond on sampled tp)] | Loss 1936407.956430 | MAPE 0.046637 | RMSE 93.092159 | Likelihood -1936404.521641 | KL fp 3.4348 | FP STD 0.2276 | ->nfe   52.00 | <-nfe   52.00
Epoch 0037 [Val seq (cond on sampled tp)] |  MAPE 0.027041 | RMSE 86.660177 |
Epoch 0037 [Test seq (cond on sampled tp)] | MAPE 0.045547 | RMSE 279.557102|
0.045715827494859695,0.04297430068254471,0.04795084521174431
249.60372499474042,274.32553654372026,314.7420446770657
Experiment 07-15_05:55
Epoch 0038 [Train seq (cond on sampled tp)] | Loss 1936830.770529 | MAPE 0.059743 | RMSE 94.122704 | Likelihood -1936827.215519 | KL fp 3.5550 | FP STD 0.2142 | ->nfe   52.00 | <-nfe   52.00
Epoch 0038 [Val seq (cond on sampled tp)] |  MAPE 0.029516 | RMSE 85.957384 |
Epoch 0038 [Test seq (cond on sampled tp)] | MAPE 0.050528 | RMSE 310.400979|
0.04598978906869888,0.046392638236284256,0.05920296162366867
275.72957199945023,319.85282259970757,335.62054233538805
Experiment 07-15_05:55
Epoch 0039 [Train seq (cond on sampled tp)] | Loss 1932308.857666 | MAPE 0.057830 | RMSE 93.320524 | Likelihood -1932305.644467 | KL fp 3.2132 | FP STD 0.2200 | ->nfe   52.00 | <-nfe   52.00
Epoch 0039 [Val seq (cond on sampled tp)] |  MAPE 0.025238 | RMSE 92.842667 |
Epoch 0039 [Test seq (cond on sampled tp)] | MAPE 0.048563 | RMSE 266.654694|
0.051046568900346756,0.04570243880152702,0.048941172659397125
228.9716310211813,268.5109692824485,302.4814818712048
Experiment 07-15_05:55
Epoch 0040 [Train seq (cond on sampled tp)] | Loss 1947215.698488 | MAPE 0.059001 | RMSE 92.469972 | Likelihood -1947212.144454 | KL fp 3.5540 | FP STD 0.2047 | ->nfe   52.00 | <-nfe   52.00
Epoch 0040 [Val seq (cond on sampled tp)] |  MAPE 0.027915 | RMSE 94.786788 |
Epoch 0040 [Test seq (cond on sampled tp)] | MAPE 0.046928 | RMSE 238.025755|
0.04550373554229736,0.04475958272814751,0.050520848482847214
203.0420984672883,209.85104464238438,301.18412142740857
Experiment 07-15_05:55
Epoch 0041 [Train seq (cond on sampled tp)] | Loss 2023708.328906 | MAPE 0.077642 | RMSE 99.974033 | Likelihood -2023704.082856 | KL fp 4.2461 | FP STD 0.1958 | ->nfe   52.00 | <-nfe   52.00
Epoch 0041 [Val seq (cond on sampled tp)] |  MAPE 0.027222 | RMSE 89.156321 |
Epoch 0041 [Test seq (cond on sampled tp)] | MAPE 0.047761 | RMSE 300.069594|
0.04959661513566971,0.045820530503988266,0.04786473140120506
280.8806185463853,317.34500399801476,301.98315867776466
Experiment 07-15_05:55
Epoch 0042 [Train seq (cond on sampled tp)] | Loss 1948742.372271 | MAPE 0.062946 | RMSE 96.730830 | Likelihood -1948738.945246 | KL fp 3.4270 | FP STD 0.1745 | ->nfe   52.00 | <-nfe   52.00
Epoch 0042 [Val seq (cond on sampled tp)] |  MAPE 0.025047 | RMSE 93.195307 |
Epoch 0042 [Test seq (cond on sampled tp)] | MAPE 0.048885 | RMSE 259.566682|
0.050432756543159485,0.04621272161602974,0.05001087114214897
221.4929633475971,242.19469344155746,315.01238814925995
Experiment 07-15_05:55
Epoch 0043 [Train seq (cond on sampled tp)] | Loss 1981689.197010 | MAPE 0.066909 | RMSE 96.024330 | Likelihood -1981685.278359 | KL fp 3.9187 | FP STD 0.1951 | ->nfe   52.00 | <-nfe   52.00
Epoch 0043 [Val seq (cond on sampled tp)] |  MAPE 0.025783 | RMSE 94.787535 |
Epoch 0043 [Test seq (cond on sampled tp)] | MAPE 0.045583 | RMSE 281.102357|
0.055265944451093674,0.045604407787323,0.03587887063622475
253.8161243892909,272.67879742015145,316.8121485991344
Experiment 07-15_05:55
Epoch 0044 [Train seq (cond on sampled tp)] | Loss 1925924.072661 | MAPE 0.068985 | RMSE 91.545741 | Likelihood -1925920.318185 | KL fp 3.7545 | FP STD 0.1919 | ->nfe   52.00 | <-nfe   52.00
Epoch 0044 [Val seq (cond on sampled tp)] |  MAPE 0.028137 | RMSE 89.797842 |
Epoch 0044 [Test seq (cond on sampled tp)] | MAPE 0.044314 | RMSE 258.729321|
0.04640882462263107,0.04102373123168945,0.04550902172923088
219.04343711636284,254.56859187407625,302.5759331349736
Experiment 07-15_05:55
Epoch 0045 [Train seq (cond on sampled tp)] | Loss 1956054.963839 | MAPE 0.069771 | RMSE 96.873339 | Likelihood -1956051.256137 | KL fp 3.7077 | FP STD 0.2417 | ->nfe   52.00 | <-nfe   52.00
Epoch 0045 [Val seq (cond on sampled tp)] |  MAPE 0.029165 | RMSE 105.788215 |
Epoch 0045 [Test seq (cond on sampled tp)] | MAPE 0.041182 | RMSE 328.017814|
0.04745441675186157,0.04311302676796913,0.03297911211848259
293.3227344794467,349.4377626988818,341.2929460155894
0.04745441675186157,0.04311302676796913,0.03297911211848259
293.3227344794467,349.4377626988818,341.2929460155894
Epoch 0045 [Test seq (cond on sampled tp)] | Best Test MAPE 0.041182|Best Test RMSE 328.017814|
Experiment 07-15_05:55
Epoch 0046 [Train seq (cond on sampled tp)] | Loss 1983535.236608 | MAPE 0.068325 | RMSE 103.482278 | Likelihood -1983532.163220 | KL fp 3.0734 | FP STD 0.2810 | ->nfe   52.00 | <-nfe   52.00
Epoch 0046 [Val seq (cond on sampled tp)] |  MAPE 0.024599 | RMSE 78.758866 |
Epoch 0046 [Test seq (cond on sampled tp)] | MAPE 0.046410 | RMSE 249.761924|
0.04120521619915962,0.049752771854400635,0.048273466527462006
200.96622073124627,262.80886590828703,285.5106855487199
Experiment 07-15_05:55
Epoch 0047 [Train seq (cond on sampled tp)] | Loss 1960231.322264 | MAPE 0.068501 | RMSE 92.466996 | Likelihood -1960227.658010 | KL fp 3.6643 | FP STD 0.2807 | ->nfe   52.00 | <-nfe   52.00
Epoch 0047 [Val seq (cond on sampled tp)] |  MAPE 0.030674 | RMSE 101.350490 |
Epoch 0047 [Test seq (cond on sampled tp)] | MAPE 0.059573 | RMSE 289.378558|
0.06896268576383591,0.05815579369664192,0.05160026252269745
274.2400152011008,285.08970627681384,308.8059539379058
Experiment 07-15_05:55
Epoch 0048 [Train seq (cond on sampled tp)] | Loss 1930630.225653 | MAPE 0.065423 | RMSE 89.615284 | Likelihood -1930626.201167 | KL fp 4.0245 | FP STD 0.2329 | ->nfe   52.00 | <-nfe   52.00
Epoch 0048 [Val seq (cond on sampled tp)] |  MAPE 0.027543 | RMSE 81.512179 |
Epoch 0048 [Test seq (cond on sampled tp)] | MAPE 0.053966 | RMSE 240.587997|
0.06115308031439781,0.05173860490322113,0.04900548979640007
210.79009664533578,247.00362155745813,263.9702723556196
Experiment 07-15_05:55
Epoch 0049 [Train seq (cond on sampled tp)] | Loss 1926341.037368 | MAPE 0.061626 | RMSE 92.055335 | Likelihood -1926337.226333 | KL fp 3.8110 | FP STD 0.2235 | ->nfe   52.00 | <-nfe   52.00
Epoch 0049 [Val seq (cond on sampled tp)] |  MAPE 0.020348 | RMSE 81.540957 |
Epoch 0049 [Test seq (cond on sampled tp)] | MAPE 0.043177 | RMSE 279.162626|
0.04538150504231453,0.04165658727288246,0.04249336197972298
252.04163997492557,294.02671806742325,291.419518799788
Experiment 07-15_05:55
Epoch 0050 [Train seq (cond on sampled tp)] | Loss 1946433.395485 | MAPE 0.065302 | RMSE 94.750345 | Likelihood -1946429.206287 | KL fp 4.1892 | FP STD 0.2292 | ->nfe   52.00 | <-nfe   52.00
Epoch 0050 [Val seq (cond on sampled tp)] |  MAPE 0.022405 | RMSE 87.956235 |
Epoch 0050 [Test seq (cond on sampled tp)] | MAPE 0.046198 | RMSE 302.732366|
0.05202855169773102,0.04704266041517258,0.03952166065573692
254.69915617498617,336.4221678189474,317.07577465804604
Experiment 07-15_05:55
Epoch 0051 [Train seq (cond on sampled tp)] | Loss 1930184.996388 | MAPE 0.059994 | RMSE 94.708644 | Likelihood -1930181.128660 | KL fp 3.8677 | FP STD 0.2187 | ->nfe   52.00 | <-nfe   52.00
Epoch 0051 [Val seq (cond on sampled tp)] |  MAPE 0.028124 | RMSE 81.640163 |
Epoch 0051 [Test seq (cond on sampled tp)] | MAPE 0.054448 | RMSE 261.718283|
0.05256685987114906,0.05219459533691406,0.05858341231942177
225.69348856635187,262.0218561971501,297.4395027774556
Experiment 07-15_05:55
Epoch 0052 [Train seq (cond on sampled tp)] | Loss 1918081.218290 | MAPE 0.058446 | RMSE 90.017515 | Likelihood -1918077.312823 | KL fp 3.9055 | FP STD 0.2585 | ->nfe   52.00 | <-nfe   52.00
Epoch 0052 [Val seq (cond on sampled tp)] |  MAPE 0.032635 | RMSE 80.692205 |
Epoch 0052 [Test seq (cond on sampled tp)] | MAPE 0.058925 | RMSE 290.338225|
0.0624992661178112,0.05789286643266678,0.056383389979600906
223.3113979821675,324.53871109622656,323.1645647924599
Experiment 07-15_05:55
Epoch 0053 [Train seq (cond on sampled tp)] | Loss 1954083.513698 | MAPE 0.069865 | RMSE 96.343222 | Likelihood -1954079.590981 | KL fp 3.9227 | FP STD 0.2714 | ->nfe   52.00 | <-nfe   52.00
Epoch 0053 [Val seq (cond on sampled tp)] |  MAPE 0.028578 | RMSE 156.179121 |
Epoch 0053 [Test seq (cond on sampled tp)] | MAPE 0.074542 | RMSE 763.243123|
0.07462431490421295,0.07687493413686752,0.072128064930439
676.6991345864128,813.3609284936177,799.6693066511932
Experiment 07-15_05:55
Epoch 0054 [Train seq (cond on sampled tp)] | Loss 2677614.307900 | MAPE 0.058311 | RMSE 176.205916 | Likelihood -2677611.070410 | KL fp 3.2375 | FP STD 0.2369 | ->nfe   52.00 | <-nfe   52.00
Epoch 0054 [Val seq (cond on sampled tp)] |  MAPE 0.037472 | RMSE 134.870858 |
Epoch 0054 [Test seq (cond on sampled tp)] | MAPE 0.078405 | RMSE 422.911473|
0.07485674321651459,0.07642999291419983,0.08392761647701263
302.9590525137019,404.26223311731707,561.5131343076491
Experiment 07-15_05:55
Epoch 0055 [Train seq (cond on sampled tp)] | Loss 2151762.841980 | MAPE 0.062484 | RMSE 115.337305 | Likelihood -2151758.062743 | KL fp 4.7792 | FP STD 0.2555 | ->nfe   52.00 | <-nfe   52.00
Epoch 0055 [Val seq (cond on sampled tp)] |  MAPE 0.032604 | RMSE 129.288838 |
Epoch 0055 [Test seq (cond on sampled tp)] | MAPE 0.058759 | RMSE 432.842574|
0.06769179552793503,0.05716774985194206,0.05141734331846237
382.7450603861531,453.3013105264533,462.48135097536635
Experiment 07-15_05:55
Epoch 0056 [Train seq (cond on sampled tp)] | Loss 2066073.494855 | MAPE 0.063056 | RMSE 115.167119 | Likelihood -2066070.116809 | KL fp 3.3780 | FP STD 0.2582 | ->nfe   52.00 | <-nfe   52.00
Epoch 0056 [Val seq (cond on sampled tp)] |  MAPE 0.025053 | RMSE 89.912764 |
Epoch 0056 [Test seq (cond on sampled tp)] | MAPE 0.048515 | RMSE 378.809558|
0.04797305539250374,0.04699527472257614,0.05057711899280548
269.501449439516,379.4908184001294,487.4364061085302
Experiment 07-15_05:55
Epoch 0057 [Train seq (cond on sampled tp)] | Loss 2043992.623304 | MAPE 0.065093 | RMSE 108.371951 | Likelihood -2043988.676380 | KL fp 3.9469 | FP STD 0.2575 | ->nfe   52.00 | <-nfe   52.00
Epoch 0057 [Val seq (cond on sampled tp)] |  MAPE 0.026982 | RMSE 162.390889 |
Epoch 0057 [Test seq (cond on sampled tp)] | MAPE 0.056746 | RMSE 667.441305|
0.05834303796291351,0.0585649274289608,0.053328704088926315
625.895608308606,690.3569955102939,686.0713109801342
Experiment 07-15_05:55
Epoch 0058 [Train seq (cond on sampled tp)] | Loss 2054405.154830 | MAPE 0.070301 | RMSE 110.846951 | Likelihood -2054401.186739 | KL fp 3.9681 | FP STD 0.2838 | ->nfe   52.00 | <-nfe   52.00
Epoch 0058 [Val seq (cond on sampled tp)] |  MAPE 0.025253 | RMSE 159.262190 |
Epoch 0058 [Test seq (cond on sampled tp)] | MAPE 0.056811 | RMSE 653.842108|
0.06300566345453262,0.05604211241006851,0.05138533562421799
619.7749591585642,667.5794662435327,674.1718994440513
Experiment 07-15_05:55
Epoch 0059 [Train seq (cond on sampled tp)] | Loss 2046350.634448 | MAPE 0.065705 | RMSE 108.619265 | Likelihood -2046346.700496 | KL fp 3.9340 | FP STD 0.2677 | ->nfe   52.00 | <-nfe   52.00
Epoch 0059 [Val seq (cond on sampled tp)] |  MAPE 0.024821 | RMSE 151.852596 |
Epoch 0059 [Test seq (cond on sampled tp)] | MAPE 0.060920 | RMSE 660.148938|
0.05844898894429207,0.06016362085938454,0.06414631009101868
577.9602603120737,701.8230501700554,700.6635025102992
Experiment 07-15_05:55
Epoch 0060 [Train seq (cond on sampled tp)] | Loss 2194948.444475 | MAPE 0.065149 | RMSE 128.356264 | Likelihood -2194944.575236 | KL fp 3.8692 | FP STD 0.2640 | ->nfe   52.00 | <-nfe   52.00
Epoch 0060 [Val seq (cond on sampled tp)] |  MAPE 0.030442 | RMSE 142.873483 |
Epoch 0060 [Test seq (cond on sampled tp)] | MAPE 0.076284 | RMSE 626.212718|
0.07680249214172363,0.0769624412059784,0.07508602738380432
544.7105596094132,670.1843030092543,663.7432909265449
Experiment 07-15_05:55
Epoch 0061 [Train seq (cond on sampled tp)] | Loss 2469530.338771 | MAPE 0.060632 | RMSE 159.102330 | Likelihood -2469527.360558 | KL fp 2.9782 | FP STD 0.2683 | ->nfe   52.00 | <-nfe   52.00
Epoch 0061 [Val seq (cond on sampled tp)] |  MAPE 0.030596 | RMSE 146.837735 |
Epoch 0061 [Test seq (cond on sampled tp)] | MAPE 0.081033 | RMSE 572.227126|
0.08300808072090149,0.07802309095859528,0.08206827193498611
495.8230216014581,605.3286297541196,615.5297261302658
Experiment 07-15_05:55
Epoch 0062 [Train seq (cond on sampled tp)] | Loss 2473387.642543 | MAPE 0.074268 | RMSE 159.023563 | Likelihood -2473384.628726 | KL fp 3.0138 | FP STD 0.2796 | ->nfe   52.00 | <-nfe   52.00
Epoch 0062 [Val seq (cond on sampled tp)] |  MAPE 0.030368 | RMSE 137.042328 |
Epoch 0062 [Test seq (cond on sampled tp)] | MAPE 0.055620 | RMSE 484.228311|
0.060463037341833115,0.057216841727495193,0.04918057471513748
412.755943324866,515.0493604985837,524.8796290579394
Experiment 07-15_05:55
Epoch 0063 [Train seq (cond on sampled tp)] | Loss 2354923.208317 | MAPE 0.075031 | RMSE 147.409980 | Likelihood -2354920.176801 | KL fp 3.0315 | FP STD 0.2377 | ->nfe   52.00 | <-nfe   52.00
Epoch 0063 [Val seq (cond on sampled tp)] |  MAPE 0.033707 | RMSE 152.079524 |
Epoch 0063 [Test seq (cond on sampled tp)] | MAPE 0.064709 | RMSE 439.081199|
0.06872956454753876,0.0627896636724472,0.06260886788368225
378.36814496598413,466.3524853852502,472.5229657117207
Experiment 07-15_05:55
Epoch 0064 [Train seq (cond on sampled tp)] | Loss 2240727.351418 | MAPE 0.086412 | RMSE 134.535247 | Likelihood -2240724.435862 | KL fp 2.9156 | FP STD 0.2789 | ->nfe   52.00 | <-nfe   52.00
Epoch 0064 [Val seq (cond on sampled tp)] |  MAPE 0.030022 | RMSE 117.568331 |
Epoch 0064 [Test seq (cond on sampled tp)] | MAPE 0.064668 | RMSE 451.646992|
0.07491946220397949,0.06685636192560196,0.052226871252059937
437.11710030036573,462.49204385048614,455.3318329800806
Experiment 07-15_05:55
Epoch 0065 [Train seq (cond on sampled tp)] | Loss 2168397.354456 | MAPE 0.059888 | RMSE 126.031358 | Likelihood -2168394.474175 | KL fp 2.8803 | FP STD 0.2914 | ->nfe   52.00 | <-nfe   52.00
Epoch 0065 [Val seq (cond on sampled tp)] |  MAPE 0.026842 | RMSE 101.222344 |
Epoch 0065 [Test seq (cond on sampled tp)] | MAPE 0.058360 | RMSE 413.260089|
0.06731584668159485,0.0577249713242054,0.050040386617183685
391.94293669487143,420.90746459287226,426.92986470262304
Experiment 07-15_05:55
Epoch 0066 [Train seq (cond on sampled tp)] | Loss 2155026.284237 | MAPE 0.057399 | RMSE 123.619058 | Likelihood -2155023.281707 | KL fp 3.0025 | FP STD 0.2743 | ->nfe   52.00 | <-nfe   52.00
Epoch 0066 [Val seq (cond on sampled tp)] |  MAPE 0.031231 | RMSE 103.941479 |
Epoch 0066 [Test seq (cond on sampled tp)] | MAPE 0.058577 | RMSE 380.197219|
0.06330942362546921,0.05767407640814781,0.05474754050374031
360.12400208122756,389.52276489956273,390.94488901889997
Experiment 07-15_05:55
Epoch 0067 [Train seq (cond on sampled tp)] | Loss 2107959.693249 | MAPE 0.070151 | RMSE 118.261372 | Likelihood -2107956.804557 | KL fp 2.8887 | FP STD 0.2830 | ->nfe   52.00 | <-nfe   52.00
Epoch 0067 [Val seq (cond on sampled tp)] |  MAPE 0.027792 | RMSE 93.345984 |
Epoch 0067 [Test seq (cond on sampled tp)] | MAPE 0.057006 | RMSE 383.136443|
0.06808953732252121,0.05422970652580261,0.04869914799928665
379.72790422880433,391.0318081691053,378.6496154098139
Experiment 07-15_05:55
Epoch 0068 [Train seq (cond on sampled tp)] | Loss 2097507.615097 | MAPE 0.065160 | RMSE 116.041572 | Likelihood -2097504.556217 | KL fp 3.0589 | FP STD 0.2707 | ->nfe   52.00 | <-nfe   52.00
Epoch 0068 [Val seq (cond on sampled tp)] |  MAPE 0.028529 | RMSE 102.408262 |
Epoch 0068 [Test seq (cond on sampled tp)] | MAPE 0.057742 | RMSE 387.430104|
0.0671389251947403,0.05775606632232666,0.04833206161856651
348.5995643284713,395.7955201237124,417.89522834677115
Experiment 07-15_05:55
Epoch 0069 [Train seq (cond on sampled tp)] | Loss 2097039.284818 | MAPE 0.065472 | RMSE 116.267121 | Likelihood -2097036.061322 | KL fp 3.2235 | FP STD 0.2371 | ->nfe   52.00 | <-nfe   52.00
Epoch 0069 [Val seq (cond on sampled tp)] |  MAPE 0.028298 | RMSE 157.308645 |
Epoch 0069 [Test seq (cond on sampled tp)] | MAPE 0.055523 | RMSE 401.940240|
0.06329559534788132,0.05852239578962326,0.04475197196006775
364.15130354702836,420.1852827920083,421.48413374645554
Experiment 07-15_05:55
Epoch 0070 [Train seq (cond on sampled tp)] | Loss 2194376.517679 | MAPE 0.071730 | RMSE 126.495219 | Likelihood -2194372.953259 | KL fp 3.5644 | FP STD 0.2261 | ->nfe   52.00 | <-nfe   52.00
Epoch 0070 [Val seq (cond on sampled tp)] |  MAPE 0.032261 | RMSE 152.319732 |
Epoch 0070 [Test seq (cond on sampled tp)] | MAPE 0.065937 | RMSE 441.582950|
0.07673196494579315,0.07407988607883453,0.04699999839067459
398.6401494455871,484.8738399058048,441.2348616383343
Experiment 07-15_05:55
Epoch 0071 [Train seq (cond on sampled tp)] | Loss 2169123.254693 | MAPE 0.068440 | RMSE 126.741389 | Likelihood -2169120.005489 | KL fp 3.2492 | FP STD 0.2496 | ->nfe   52.00 | <-nfe   52.00
Epoch 0071 [Val seq (cond on sampled tp)] |  MAPE 0.026177 | RMSE 96.241720 |
Epoch 0071 [Test seq (cond on sampled tp)] | MAPE 0.054365 | RMSE 415.205990|
0.06257138401269913,0.05370334908366203,0.046821191906929016
360.7389767893123,436.260332972183,448.61866114217764
Experiment 07-15_05:55
Epoch 0072 [Train seq (cond on sampled tp)] | Loss 2138663.312843 | MAPE 0.063754 | RMSE 122.803975 | Likelihood -2138659.882102 | KL fp 3.4307 | FP STD 0.2102 | ->nfe   52.00 | <-nfe   52.00
Epoch 0072 [Val seq (cond on sampled tp)] |  MAPE 0.029375 | RMSE 109.348439 |
Epoch 0072 [Test seq (cond on sampled tp)] | MAPE 0.061457 | RMSE 422.875781|
0.07526891678571701,0.05947957932949066,0.049621034413576126
384.7645180821641,433.50519028034716,450.35763566303615
Experiment 07-15_05:55
Epoch 0073 [Train seq (cond on sampled tp)] | Loss 2120144.050458 | MAPE 0.072004 | RMSE 119.473445 | Likelihood -2120140.650589 | KL fp 3.3999 | FP STD 0.2187 | ->nfe   52.00 | <-nfe   52.00
Epoch 0073 [Val seq (cond on sampled tp)] |  MAPE 0.029607 | RMSE 106.680195 |
Epoch 0073 [Test seq (cond on sampled tp)] | MAPE 0.067338 | RMSE 455.583303|
0.08578535169363022,0.06201757863163948,0.0542120523750782
466.9022582404159,441.5104401370368,458.33721210479956
Experiment 07-15_05:55
Epoch 0074 [Train seq (cond on sampled tp)] | Loss 2128931.027775 | MAPE 0.067960 | RMSE 119.749147 | Likelihood -2128927.604292 | KL fp 3.4235 | FP STD 0.2179 | ->nfe   52.00 | <-nfe   52.00
Epoch 0074 [Val seq (cond on sampled tp)] |  MAPE 0.028823 | RMSE 112.653784 |
Epoch 0074 [Test seq (cond on sampled tp)] | MAPE 0.065253 | RMSE 428.817913|
0.08606168627738953,0.058958716690540314,0.050739627331495285
445.7063740569569,424.0795178972925,416.6678458316648
Experiment 07-15_05:55
Epoch 0075 [Train seq (cond on sampled tp)] | Loss 2064077.839758 | MAPE 0.071416 | RMSE 113.045469 | Likelihood -2064074.708749 | KL fp 3.1310 | FP STD 0.2294 | ->nfe   52.00 | <-nfe   52.00
Epoch 0075 [Val seq (cond on sampled tp)] |  MAPE 0.030301 | RMSE 97.627371 |
Epoch 0075 [Test seq (cond on sampled tp)] | MAPE 0.063044 | RMSE 402.104015|
0.0737839937210083,0.06384440511465073,0.051504798233509064
393.1894025148694,412.58423382383387,400.53840717838784
Experiment 07-15_05:55
Epoch 0076 [Train seq (cond on sampled tp)] | Loss 2129757.155414 | MAPE 0.071455 | RMSE 120.031783 | Likelihood -2129753.727143 | KL fp 3.4283 | FP STD 0.2265 | ->nfe   52.00 | <-nfe   52.00
Epoch 0076 [Val seq (cond on sampled tp)] |  MAPE 0.032096 | RMSE 152.619401 |
Epoch 0076 [Test seq (cond on sampled tp)] | MAPE 0.067736 | RMSE 438.530905|
0.08463733643293381,0.06535419821739197,0.053215932101011276
422.45079225277823,439.5457882860442,453.59613438057426
Experiment 07-15_05:55
Epoch 0077 [Train seq (cond on sampled tp)] | Loss 2139686.987013 | MAPE 0.064784 | RMSE 121.275322 | Likelihood -2139683.661375 | KL fp 3.3256 | FP STD 0.2425 | ->nfe   52.00 | <-nfe   52.00
Epoch 0077 [Val seq (cond on sampled tp)] |  MAPE 0.037644 | RMSE 139.528741 |
Epoch 0077 [Test seq (cond on sampled tp)] | MAPE 0.071993 | RMSE 410.078586|
0.08424312621355057,0.06851012259721756,0.06322593241930008
380.7460603867097,412.2519898375264,437.2377070884898
Experiment 07-15_05:55
Epoch 0078 [Train seq (cond on sampled tp)] | Loss 2126146.464369 | MAPE 0.059266 | RMSE 119.899828 | Likelihood -2126142.989918 | KL fp 3.4745 | FP STD 0.2145 | ->nfe   52.00 | <-nfe   52.00
Epoch 0078 [Val seq (cond on sampled tp)] |  MAPE 0.026299 | RMSE 143.251220 |
Epoch 0078 [Test seq (cond on sampled tp)] | MAPE 0.057036 | RMSE 401.344500|
0.06821691244840622,0.05555880442261696,0.0473334863781929
375.6682795366146,409.0966420052846,419.26857815128477
Experiment 07-15_05:55
Epoch 0079 [Train seq (cond on sampled tp)] | Loss 2119667.502131 | MAPE 0.064381 | RMSE 117.853938 | Likelihood -2119663.807353 | KL fp 3.6948 | FP STD 0.2177 | ->nfe   52.00 | <-nfe   52.00
Epoch 0079 [Val seq (cond on sampled tp)] |  MAPE 0.022819 | RMSE 102.105443 |
Epoch 0079 [Test seq (cond on sampled tp)] | MAPE 0.055335 | RMSE 419.325754|
0.06882916390895844,0.0560714416205883,0.04110550880432129
399.7340913032062,435.54728503343927,422.6958865425591
Experiment 07-15_05:55
Epoch 0080 [Train seq (cond on sampled tp)] | Loss 2086004.386061 | MAPE 0.061810 | RMSE 115.364797 | Likelihood -2086000.812452 | KL fp 3.5736 | FP STD 0.2098 | ->nfe   52.00 | <-nfe   52.00
Epoch 0080 [Val seq (cond on sampled tp)] |  MAPE 0.025480 | RMSE 98.973970 |
Epoch 0080 [Test seq (cond on sampled tp)] | MAPE 0.064416 | RMSE 430.946835|
0.07635186612606049,0.0659937784075737,0.05090100318193436
398.77946599593116,443.11101882034035,450.9500214824255
Experiment 07-15_05:55
Epoch 0081 [Train seq (cond on sampled tp)] | Loss 2117347.187445 | MAPE 0.062059 | RMSE 119.171089 | Likelihood -2117343.693417 | KL fp 3.4940 | FP STD 0.2211 | ->nfe   52.00 | <-nfe   52.00
Epoch 0081 [Val seq (cond on sampled tp)] |  MAPE 0.025907 | RMSE 99.979900 |
Epoch 0081 [Test seq (cond on sampled tp)] | MAPE 0.055012 | RMSE 375.055357|
0.06508450955152512,0.05630667507648468,0.0436442606151104
346.83294790143566,389.0568122074204,389.2763117311404
Experiment 07-15_05:55
Epoch 0082 [Train seq (cond on sampled tp)] | Loss 2126903.038836 | MAPE 0.062342 | RMSE 119.572592 | Likelihood -2126899.313918 | KL fp 3.7249 | FP STD 0.2027 | ->nfe   52.00 | <-nfe   52.00
Epoch 0082 [Val seq (cond on sampled tp)] |  MAPE 0.025541 | RMSE 99.176797 |
Epoch 0082 [Test seq (cond on sampled tp)] | MAPE 0.062297 | RMSE 402.226168|
0.058905381709337234,0.059412725269794464,0.06857382506132126
375.341698489523,404.7229569409178,426.6138476421036
Experiment 07-15_05:55
Epoch 0083 [Train seq (cond on sampled tp)] | Loss 2122504.373314 | MAPE 0.069645 | RMSE 119.422889 | Likelihood -2122500.301022 | KL fp 4.0723 | FP STD 0.1785 | ->nfe   52.00 | <-nfe   52.00
Epoch 0083 [Val seq (cond on sampled tp)] |  MAPE 0.033020 | RMSE 114.316178 |
Epoch 0083 [Test seq (cond on sampled tp)] | MAPE 0.069849 | RMSE 458.521363|
0.07810630649328232,0.07210411876440048,0.05933539196848869
429.15522031661226,471.7984706153677,474.61039943305076
Experiment 07-15_05:55
Epoch 0084 [Train seq (cond on sampled tp)] | Loss 2109094.845949 | MAPE 0.066401 | RMSE 118.684960 | Likelihood -2109091.152604 | KL fp 3.6933 | FP STD 0.2076 | ->nfe   52.00 | <-nfe   52.00
Epoch 0084 [Val seq (cond on sampled tp)] |  MAPE 0.027466 | RMSE 100.596245 |
Epoch 0084 [Test seq (cond on sampled tp)] | MAPE 0.058607 | RMSE 428.009316|
0.06906943023204803,0.058488018810749054,0.04826440289616585
399.94894205385765,444.2563132640886,439.8226915474007
Experiment 07-15_05:55
Epoch 0085 [Train seq (cond on sampled tp)] | Loss 2126068.959604 | MAPE 0.076491 | RMSE 120.301075 | Likelihood -2126065.575761 | KL fp 3.3838 | FP STD 0.2609 | ->nfe   52.00 | <-nfe   52.00
Epoch 0085 [Val seq (cond on sampled tp)] |  MAPE 0.027728 | RMSE 109.728660 |
Epoch 0085 [Test seq (cond on sampled tp)] | MAPE 0.067703 | RMSE 456.588615|
0.07511209696531296,0.06815285980701447,0.05984514206647873
415.76456303417683,481.8400279138295,472.1612542341864
Experiment 07-15_05:55
Epoch 0086 [Train seq (cond on sampled tp)] | Loss 2187244.205699 | MAPE 0.067518 | RMSE 125.626533 | Likelihood -2187240.136521 | KL fp 4.0692 | FP STD 0.2259 | ->nfe   52.00 | <-nfe   52.00
Epoch 0086 [Val seq (cond on sampled tp)] |  MAPE 0.026602 | RMSE 106.807609 |
Epoch 0086 [Test seq (cond on sampled tp)] | MAPE 0.065631 | RMSE 447.214314|
0.0796177014708519,0.0652969628572464,0.05197802931070328
418.72779791888667,469.1774717524276,453.73767200883816
Experiment 07-15_05:55
Epoch 0087 [Train seq (cond on sampled tp)] | Loss 2141380.921724 | MAPE 0.066238 | RMSE 122.719727 | Likelihood -2141376.904360 | KL fp 4.0174 | FP STD 0.2269 | ->nfe   52.00 | <-nfe   52.00
Epoch 0087 [Val seq (cond on sampled tp)] |  MAPE 0.026652 | RMSE 105.243403 |
Epoch 0087 [Test seq (cond on sampled tp)] | MAPE 0.063366 | RMSE 449.218678|
0.07357216626405716,0.06465112417936325,0.0518748015165329
412.6973391603101,466.9231066246347,468.035588924603
Experiment 07-15_05:55
Epoch 0088 [Train seq (cond on sampled tp)] | Loss 2161281.992900 | MAPE 0.068939 | RMSE 124.728270 | Likelihood -2161277.833064 | KL fp 4.1598 | FP STD 0.2167 | ->nfe   52.00 | <-nfe   52.00
Epoch 0088 [Val seq (cond on sampled tp)] |  MAPE 0.029218 | RMSE 107.905965 |
Epoch 0088 [Test seq (cond on sampled tp)] | MAPE 0.066325 | RMSE 480.155220|
0.0771985575556755,0.06724711507558823,0.05452790483832359
446.65288186129504,500.262930867359,493.54984867285697
Experiment 07-15_05:55
Epoch 0089 [Train seq (cond on sampled tp)] | Loss 2097772.934572 | MAPE 0.072687 | RMSE 117.797161 | Likelihood -2097769.132596 | KL fp 3.8020 | FP STD 0.2877 | ->nfe   52.00 | <-nfe   52.00
Epoch 0089 [Val seq (cond on sampled tp)] |  MAPE 0.027487 | RMSE 93.253880 |
Epoch 0089 [Test seq (cond on sampled tp)] | MAPE 0.060154 | RMSE 432.600094|
0.06965228170156479,0.06090552359819412,0.04990405961871147
403.0562538281722,454.4142520872337,440.3297769853863
Experiment 07-15_05:55
Epoch 0090 [Train seq (cond on sampled tp)] | Loss 2049125.541069 | MAPE 0.070469 | RMSE 109.744896 | Likelihood -2049121.707910 | KL fp 3.8332 | FP STD 0.2509 | ->nfe   52.00 | <-nfe   52.00
Epoch 0090 [Val seq (cond on sampled tp)] |  MAPE 0.025021 | RMSE 98.368061 |
Epoch 0090 [Test seq (cond on sampled tp)] | MAPE 0.056236 | RMSE 382.590908|
0.06532319635152817,0.05945198982954025,0.04393397644162178
354.6286239680886,401.56658071856526,391.57751866648323
Experiment 07-15_05:55
Epoch 0091 [Train seq (cond on sampled tp)] | Loss 2029223.241503 | MAPE 0.063688 | RMSE 107.287030 | Likelihood -2029219.654937 | KL fp 3.5866 | FP STD 0.2193 | ->nfe   52.00 | <-nfe   52.00
Epoch 0091 [Val seq (cond on sampled tp)] |  MAPE 0.027852 | RMSE 97.395116 |
Epoch 0091 [Test seq (cond on sampled tp)] | MAPE 0.060194 | RMSE 378.209582|
0.06924605369567871,0.06382639706134796,0.0475085973739624
356.10299598571197,391.1252396931193,387.40051142196495
Experiment 07-15_05:55
Epoch 0092 [Train seq (cond on sampled tp)] | Loss 2024062.380972 | MAPE 0.062689 | RMSE 106.232087 | Likelihood -2024058.804954 | KL fp 3.5760 | FP STD 0.2354 | ->nfe   52.00 | <-nfe   52.00
Epoch 0092 [Val seq (cond on sampled tp)] |  MAPE 0.030522 | RMSE 120.977363 |
Epoch 0092 [Test seq (cond on sampled tp)] | MAPE 0.063220 | RMSE 403.418730|
0.07535045593976974,0.06370687484741211,0.05060133710503578
421.56712840305755,399.9018043532687,388.78725705712117
Experiment 07-15_05:55
Epoch 0093 [Train seq (cond on sampled tp)] | Loss 2089266.897570 | MAPE 0.069427 | RMSE 112.788735 | Likelihood -2089263.121708 | KL fp 3.7759 | FP STD 0.2715 | ->nfe   52.00 | <-nfe   52.00
Epoch 0093 [Val seq (cond on sampled tp)] |  MAPE 0.034987 | RMSE 143.614304 |
Epoch 0093 [Test seq (cond on sampled tp)] | MAPE 0.058913 | RMSE 423.523503|
0.0641893595457077,0.06205524876713753,0.05049331486225128
422.4406578147989,433.31878781677585,414.81106391946685
Experiment 07-15_05:55
Epoch 0094 [Train seq (cond on sampled tp)] | Loss 2270553.831424 | MAPE 0.070176 | RMSE 134.915244 | Likelihood -2270549.872120 | KL fp 3.9593 | FP STD 0.2424 | ->nfe   52.00 | <-nfe   52.00
Epoch 0094 [Val seq (cond on sampled tp)] |  MAPE 0.042608 | RMSE 196.078707 |
Epoch 0094 [Test seq (cond on sampled tp)] | MAPE 0.062977 | RMSE 409.069699|
0.07330527901649475,0.06059848517179489,0.05502805486321449
399.96384602236236,415.77775388421156,411.4674956785773
Experiment 07-15_05:55
Epoch 0095 [Train seq (cond on sampled tp)] | Loss 2248259.228554 | MAPE 0.059990 | RMSE 131.435943 | Likelihood -2248254.635309 | KL fp 4.5932 | FP STD 0.2340 | ->nfe   52.00 | <-nfe   52.00
Epoch 0095 [Val seq (cond on sampled tp)] |  MAPE 0.044527 | RMSE 160.318537 |
Epoch 0095 [Test seq (cond on sampled tp)] | MAPE 0.073677 | RMSE 496.198727|
0.08378247916698456,0.07411926239728928,0.06312783062458038
487.2336932879334,504.9011351244915,496.4613529772484
Experiment 07-15_05:55
Epoch 0096 [Train seq (cond on sampled tp)] | Loss 2217732.362456 | MAPE 0.077057 | RMSE 131.626507 | Likelihood -2217726.937311 | KL fp 5.4251 | FP STD 0.2649 | ->nfe   52.00 | <-nfe   52.00
Epoch 0096 [Val seq (cond on sampled tp)] |  MAPE 0.054015 | RMSE 173.482595 |
Epoch 0096 [Test seq (cond on sampled tp)] | MAPE 0.085952 | RMSE 458.319709|
0.08902590721845627,0.08683524280786514,0.0819956511259079
409.15954253811555,486.2553823609565,479.5442009085294
Experiment 07-15_05:55
Epoch 0097 [Train seq (cond on sampled tp)] | Loss 2318112.698121 | MAPE 0.095147 | RMSE 139.884007 | Likelihood -2318106.738221 | KL fp 5.9599 | FP STD 0.2373 | ->nfe   52.00 | <-nfe   52.00
Epoch 0097 [Val seq (cond on sampled tp)] |  MAPE 0.047099 | RMSE 185.513540 |
Epoch 0097 [Test seq (cond on sampled tp)] | MAPE 0.073236 | RMSE 479.306864|
0.07806399464607239,0.07471604645252228,0.06692926585674286
414.3214709015211,506.9948224587703,516.6042973108141
Experiment 07-15_05:55
Epoch 0098 [Train seq (cond on sampled tp)] | Loss 2342373.918248 | MAPE 0.068096 | RMSE 144.410124 | Likelihood -2342368.187673 | KL fp 5.7306 | FP STD 0.1979 | ->nfe   52.00 | <-nfe   52.00
Epoch 0098 [Val seq (cond on sampled tp)] |  MAPE 0.040592 | RMSE 155.425481 |
Epoch 0098 [Test seq (cond on sampled tp)] | MAPE 0.072321 | RMSE 467.831395|
0.07357222586870193,0.07286981493234634,0.07051967829465866
385.6211912291647,495.6065097433648,522.2664849001897
Experiment 07-15_05:55
Epoch 0099 [Train seq (cond on sampled tp)] | Loss 2291644.972086 | MAPE 0.080349 | RMSE 139.282938 | Likelihood -2291639.111699 | KL fp 5.8604 | FP STD 0.2067 | ->nfe   52.00 | <-nfe   52.00
Epoch 0099 [Val seq (cond on sampled tp)] |  MAPE 0.030354 | RMSE 145.811730 |
Epoch 0099 [Test seq (cond on sampled tp)] | MAPE 0.062047 | RMSE 466.479556|
0.0673762708902359,0.06268109381198883,0.056084975600242615
398.1384024431705,499.1168606899591,502.1834046192686
Experiment 07-15_05:55
Epoch 0100 [Train seq (cond on sampled tp)] | Loss 2257850.010467 | MAPE 0.078610 | RMSE 136.489707 | Likelihood -2257844.861206 | KL fp 5.1493 | FP STD 0.2088 | ->nfe   52.00 | <-nfe   52.00
Epoch 0100 [Val seq (cond on sampled tp)] |  MAPE 0.031934 | RMSE 148.106183 |
Epoch 0100 [Test seq (cond on sampled tp)] | MAPE 0.058958 | RMSE 455.331996|
0.06518759578466415,0.05772393196821213,0.05396212637424469
401.646007853931,480.94470836053495,483.40527122694886
