/nvme/yuanjingyang/CG-ODE/run_models_covid.py
run_models_covid.py --heavyBall --niters 200
Namespace(save='experiments/', load=None, dataset='Dec', datapath='data/', pred_length=14, condition_length=21, features='Confirmed,Deaths,Recovered,Mortality_Rate,Testing_Rate,Population,Mobility', split_interval=3, feature_out='Deaths', niters=200, lr=0.005, batch_size=8, random_seed=1991, dropout=0.2, l2=1e-05, optimizer='AdamW', clip=10, edge_lamda=0.5, z0_encoder='GTrans', rec_dims=64, ode_dims=20, rec_layers=1, gen_layers=1, heavyBall=True, actv_h=None, gamma_guess=-3.0, gamma_act='sigmoid', corr=-100, corrf=True, sign=1, augment_dim=0, solver='rk4', alias='run', output_dim=1, feature_out_index=[1], num_atoms=50)
run
Experiment 06-19_23:42
Epoch 0001 [Train seq (cond on sampled tp)] | Loss 4396677.157552 | MAPE 0.063322 | RMSE 286.429224 | Likelihood -4396675.626550 | KL fp 1.5310 | FP STD 0.4182|
Epoch 0001 [Val seq (cond on sampled tp)] |  MAPE 0.057999 | RMSE 305.698687 |
Best Val!
Epoch 0001 [Test seq (cond on sampled tp)] | MAPE 0.121441 | RMSE 906.002045|
0.13448728621006012,0.12576042115688324,0.10407547652721405
851.1132783008381,937.0235789455887,929.8692784472449
0.13448728621006012,0.12576042115688324,0.10407547652721405
851.1132783008381,937.0235789455887,929.8692784472449
Epoch 0001 [Test seq (cond on sampled tp)] | Best Test MAPE 0.121441|Best Test RMSE 906.002045|
Experiment 06-19_23:42
Epoch 0002 [Train seq (cond on sampled tp)] | Loss 4195980.384931 | MAPE 0.095511 | RMSE 276.045669 | Likelihood -4195977.340274 | KL fp 3.0447 | FP STD 0.6323|
Epoch 0002 [Val seq (cond on sampled tp)] |  MAPE 0.066595 | RMSE 280.668719 |
Epoch 0002 [Test seq (cond on sampled tp)] | MAPE 0.109794 | RMSE 865.586137|
0.11902271211147308,0.11232933402061462,0.09802961349487305
807.7516635699366,895.4693252702741,893.5374222717255
0.11902271211147308,0.11232933402061462,0.09802961349487305
807.7516635699366,895.4693252702741,893.5374222717255
Epoch 0002 [Test seq (cond on sampled tp)] | Best Test MAPE 0.109794|Best Test RMSE 865.586137|
Experiment 06-19_23:42
Epoch 0003 [Train seq (cond on sampled tp)] | Loss 3836019.931808 | MAPE 0.237693 | RMSE 256.344558 | Likelihood -3836013.985328 | KL fp 5.9465 | FP STD 0.8023|
Epoch 0003 [Val seq (cond on sampled tp)] |  MAPE 0.103420 | RMSE 238.898162 |
Epoch 0003 [Test seq (cond on sampled tp)] | MAPE 0.136037 | RMSE 785.628162|
0.14484861493110657,0.1386031210422516,0.12466070801019669
723.9588645081984,816.2579249232439,816.6676955775831
Experiment 06-19_23:42
Epoch 0004 [Train seq (cond on sampled tp)] | Loss 3542016.167634 | MAPE 0.478267 | RMSE 238.904942 | Likelihood -3542008.211115 | KL fp 7.9565 | FP STD 0.7355|
Epoch 0004 [Val seq (cond on sampled tp)] |  MAPE 0.114459 | RMSE 204.470563 |
Epoch 0004 [Test seq (cond on sampled tp)] | MAPE 0.130093 | RMSE 711.520016|
0.13935047388076782,0.12716397643089294,0.12376377731561661
644.2651336988523,742.4748733122219,747.8200401834655
Experiment 06-19_23:42
Epoch 0005 [Train seq (cond on sampled tp)] | Loss 3138245.743730 | MAPE 0.348003 | RMSE 212.371741 | Likelihood -3138240.692232 | KL fp 5.0515 | FP STD 0.4962|
Epoch 0005 [Val seq (cond on sampled tp)] |  MAPE 0.031646 | RMSE 175.708666 |
Best Val!
Epoch 0005 [Test seq (cond on sampled tp)] | MAPE 0.064190 | RMSE 653.222630|
0.06839445233345032,0.06767372786998749,0.05650066211819649
587.2573168977974,688.7129300368913,683.6976442478064
0.06839445233345032,0.06767372786998749,0.05650066211819649
587.2573168977974,688.7129300368913,683.6976442478064
Epoch 0005 [Test seq (cond on sampled tp)] | Best Test MAPE 0.064190|Best Test RMSE 653.222630|
Experiment 06-19_23:42
Epoch 0006 [Train seq (cond on sampled tp)] | Loss 2839052.551583 | MAPE 0.048260 | RMSE 190.690269 | Likelihood -2839048.378294 | KL fp 4.1733 | FP STD 0.5138|
Epoch 0006 [Val seq (cond on sampled tp)] |  MAPE 0.032063 | RMSE 152.689400 |
Epoch 0006 [Test seq (cond on sampled tp)] | MAPE 0.071542 | RMSE 580.549039|
0.07691572606563568,0.07623152434825897,0.0614791177213192
506.2679935073913,620.7225376526939,614.6565860299554
Experiment 06-19_23:42
Epoch 0007 [Train seq (cond on sampled tp)] | Loss 2509240.226888 | MAPE 0.039557 | RMSE 162.815320 | Likelihood -2509236.717630 | KL fp 3.5093 | FP STD 0.4524|
Epoch 0007 [Val seq (cond on sampled tp)] |  MAPE 0.027926 | RMSE 125.989742 |
Best Val!
Epoch 0007 [Test seq (cond on sampled tp)] | MAPE 0.050681 | RMSE 498.752050|
0.058109693229198456,0.051667433232069016,0.042264681309461594
425.15342818798956,538.2508708771403,532.8518497199761
0.058109693229198456,0.051667433232069016,0.042264681309461594
425.15342818798956,538.2508708771403,532.8518497199761
Epoch 0007 [Test seq (cond on sampled tp)] | Best Test MAPE 0.050681|Best Test RMSE 498.752050|
Experiment 06-19_23:42
Epoch 0008 [Train seq (cond on sampled tp)] | Loss 2276702.542033 | MAPE 0.040980 | RMSE 139.365681 | Likelihood -2276699.141744 | KL fp 3.4003 | FP STD 0.3999|
Epoch 0008 [Val seq (cond on sampled tp)] |  MAPE 0.036539 | RMSE 103.132277 |
Epoch 0008 [Test seq (cond on sampled tp)] | MAPE 0.047056 | RMSE 418.740232|
0.051694002002477646,0.0464700348675251,0.04300519451498985
358.9564192732873,445.8550247838416,451.4092516774551
0.051694002002477646,0.0464700348675251,0.04300519451498985
358.9564192732873,445.8550247838416,451.4092516774551
Epoch 0008 [Test seq (cond on sampled tp)] | Best Test MAPE 0.047056|Best Test RMSE 418.740232|
Experiment 06-19_23:42
Epoch 0009 [Train seq (cond on sampled tp)] | Loss 2143599.444791 | MAPE 0.037059 | RMSE 123.974994 | Likelihood -2143596.088894 | KL fp 3.3559 | FP STD 0.3261|
Epoch 0009 [Val seq (cond on sampled tp)] |  MAPE 0.025966 | RMSE 98.358579 |
Best Val!
Epoch 0009 [Test seq (cond on sampled tp)] | MAPE 0.050851 | RMSE 406.462440|
0.05758947879076004,0.05230534449219704,0.042657673358917236
350.1994074809379,427.18257586774297,442.00533792025635
Experiment 06-19_23:42
Epoch 0010 [Train seq (cond on sampled tp)] | Loss 2078404.700136 | MAPE 0.037750 | RMSE 115.224405 | Likelihood -2078401.494403 | KL fp 3.2057 | FP STD 0.2844|
Epoch 0010 [Val seq (cond on sampled tp)] |  MAPE 0.030194 | RMSE 89.990489 |
Epoch 0010 [Test seq (cond on sampled tp)] | MAPE 0.048283 | RMSE 351.619261|
0.056158408522605896,0.04686722531914711,0.041822776198387146
282.0350709574964,380.124732818058,392.6979795275244
Experiment 06-19_23:42
Epoch 0011 [Train seq (cond on sampled tp)] | Loss 2076023.823364 | MAPE 0.036596 | RMSE 115.289255 | Likelihood -2076020.839040 | KL fp 2.9843 | FP STD 0.2425|
Epoch 0011 [Val seq (cond on sampled tp)] |  MAPE 0.031992 | RMSE 87.192089 |
Epoch 0011 [Test seq (cond on sampled tp)] | MAPE 0.049781 | RMSE 312.173685|
0.05472736060619354,0.047154173254966736,0.0474608838558197
253.43740752156143,323.28191306118566,359.8017357691594
Experiment 06-19_23:42
Epoch 0012 [Train seq (cond on sampled tp)] | Loss 2008613.724052 | MAPE 0.034499 | RMSE 106.865881 | Likelihood -2008610.352691 | KL fp 3.3714 | FP STD 0.2211|
Epoch 0012 [Val seq (cond on sampled tp)] |  MAPE 0.024046 | RMSE 95.794504 |
Best Val!
Epoch 0012 [Test seq (cond on sampled tp)] | MAPE 0.052811 | RMSE 356.184518|
0.058914631605148315,0.05667975917458534,0.04283861070871353
297.6047215897288,376.8327919979895,394.1160401772554
Experiment 06-19_23:42
Epoch 0013 [Train seq (cond on sampled tp)] | Loss 2035941.506428 | MAPE 0.053660 | RMSE 109.866071 | Likelihood -2035938.178821 | KL fp 3.3276 | FP STD 0.1739|
Epoch 0013 [Val seq (cond on sampled tp)] |  MAPE 0.023118 | RMSE 83.034017 |
Best Val!
Epoch 0013 [Test seq (cond on sampled tp)] | MAPE 0.048567 | RMSE 296.337731|
0.05453111231327057,0.04995639994740486,0.04121311753988266
243.2032489760365,316.77038460452707,329.0395587919483
Experiment 06-19_23:42
Epoch 0014 [Train seq (cond on sampled tp)] | Loss 1965440.319169 | MAPE 0.032380 | RMSE 99.438826 | Likelihood -1965437.248625 | KL fp 3.0705 | FP STD 0.2156|
Epoch 0014 [Val seq (cond on sampled tp)] |  MAPE 0.027563 | RMSE 85.299347 |
Epoch 0014 [Test seq (cond on sampled tp)] | MAPE 0.052078 | RMSE 322.669082|
0.05446608364582062,0.05312902852892876,0.048638541251420975
271.27702918326867,351.97673928826606,344.7534784994925
Experiment 06-19_23:42
Epoch 0015 [Train seq (cond on sampled tp)] | Loss 1997586.529678 | MAPE 0.056844 | RMSE 103.317882 | Likelihood -1997583.243423 | KL fp 3.2863 | FP STD 0.2142|
Epoch 0015 [Val seq (cond on sampled tp)] |  MAPE 0.024931 | RMSE 96.363326 |
Epoch 0015 [Test seq (cond on sampled tp)] | MAPE 0.048906 | RMSE 362.996344|
0.05420023202896118,0.051557473838329315,0.04095976799726486
292.416921962461,389.93539128296624,406.63671978192036
Experiment 06-19_23:42
Epoch 0016 [Train seq (cond on sampled tp)] | Loss 2017575.730750 | MAPE 0.033070 | RMSE 107.705907 | Likelihood -2017572.705644 | KL fp 3.0251 | FP STD 0.2197|
Epoch 0016 [Val seq (cond on sampled tp)] |  MAPE 0.036267 | RMSE 99.899143 |
Epoch 0016 [Test seq (cond on sampled tp)] | MAPE 0.059237 | RMSE 326.545775|
0.06331919878721237,0.05675594136118889,0.057635772973299026
250.84415293663912,340.9390410139326,387.8541325356738
Experiment 06-19_23:42
Epoch 0017 [Train seq (cond on sampled tp)] | Loss 1993195.542257 | MAPE 0.031173 | RMSE 103.352505 | Likelihood -1993192.552071 | KL fp 2.9902 | FP STD 0.2032|
Epoch 0017 [Val seq (cond on sampled tp)] |  MAPE 0.036473 | RMSE 87.586422 |
Epoch 0017 [Test seq (cond on sampled tp)] | MAPE 0.063444 | RMSE 297.928443|
0.0687592551112175,0.06437262892723083,0.05720147117972374
231.01759436512623,328.4808070877201,334.2869276534756
Experiment 06-19_23:42
Epoch 0018 [Train seq (cond on sampled tp)] | Loss 1984353.736755 | MAPE 0.036969 | RMSE 103.441414 | Likelihood -1984350.565896 | KL fp 3.1709 | FP STD 0.2032|
Epoch 0018 [Val seq (cond on sampled tp)] |  MAPE 0.031496 | RMSE 95.734017 |
Epoch 0018 [Test seq (cond on sampled tp)] | MAPE 0.059734 | RMSE 309.400018|
0.06639449298381805,0.06039845198392868,0.05240875110030174
255.00705413037107,334.41099105367334,338.78200955776856
Experiment 06-19_23:42
Epoch 0019 [Train seq (cond on sampled tp)] | Loss 1984532.156757 | MAPE 0.033642 | RMSE 103.109016 | Likelihood -1984529.141190 | KL fp 3.0156 | FP STD 0.1745|
Epoch 0019 [Val seq (cond on sampled tp)] |  MAPE 0.037328 | RMSE 96.040905 |
Epoch 0019 [Test seq (cond on sampled tp)] | MAPE 0.065008 | RMSE 278.300414|
0.07057132571935654,0.06163174659013748,0.06282206624746323
234.74975039922833,276.0351681625006,324.11632267598003
Experiment 06-19_23:42
Epoch 0020 [Train seq (cond on sampled tp)] | Loss 1957952.368137 | MAPE 0.034408 | RMSE 97.609942 | Likelihood -1957949.339682 | KL fp 3.0285 | FP STD 0.1886|
Epoch 0020 [Val seq (cond on sampled tp)] |  MAPE 0.025716 | RMSE 87.178040 |
Epoch 0020 [Test seq (cond on sampled tp)] | MAPE 0.056285 | RMSE 305.883360|
0.05743376910686493,0.0627654567360878,0.04865468293428421
280.58723298200863,309.32639769748073,327.7364485184704
Experiment 06-19_23:42
Epoch 0021 [Train seq (cond on sampled tp)] | Loss 1936643.927828 | MAPE 0.038414 | RMSE 94.560768 | Likelihood -1936640.591369 | KL fp 3.3365 | FP STD 0.1528|
Epoch 0021 [Val seq (cond on sampled tp)] |  MAPE 0.025387 | RMSE 87.880784 |
Epoch 0021 [Test seq (cond on sampled tp)] | MAPE 0.050486 | RMSE 284.923277|
0.055286530405282974,0.053342245519161224,0.04282781109213829
245.41113462921766,291.4220119731864,317.9366829653351
Experiment 06-19_23:42
Epoch 0022 [Train seq (cond on sampled tp)] | Loss 1936824.859704 | MAPE 0.037819 | RMSE 94.939990 | Likelihood -1936821.976167 | KL fp 2.8835 | FP STD 0.1851|
Epoch 0022 [Val seq (cond on sampled tp)] |  MAPE 0.035951 | RMSE 74.980027 |
Epoch 0022 [Test seq (cond on sampled tp)] | MAPE 0.066052 | RMSE 254.881934|
0.06646320223808289,0.06615962088108063,0.06553202122449875
220.45586647331479,264.43569043342086,279.75424482927866
Experiment 06-19_23:42
Epoch 0023 [Train seq (cond on sampled tp)] | Loss 1951962.938018 | MAPE 0.039309 | RMSE 96.095275 | Likelihood -1951960.106081 | KL fp 2.8319 | FP STD 0.2314|
Epoch 0023 [Val seq (cond on sampled tp)] |  MAPE 0.028862 | RMSE 107.347175 |
Epoch 0023 [Test seq (cond on sampled tp)] | MAPE 0.058310 | RMSE 357.250012|
0.06229236349463463,0.06372077763080597,0.04891693592071533
297.7363556907352,397.83769067925175,376.17598939857925
Experiment 06-19_23:42
Epoch 0024 [Train seq (cond on sampled tp)] | Loss 2002923.159551 | MAPE 0.038057 | RMSE 105.948412 | Likelihood -2002920.444088 | KL fp 2.7155 | FP STD 0.2112|
Epoch 0024 [Val seq (cond on sampled tp)] |  MAPE 0.025642 | RMSE 95.774633 |
Epoch 0024 [Test seq (cond on sampled tp)] | MAPE 0.054833 | RMSE 293.736019|
0.052206575870513916,0.05547197163105011,0.05682022497057915
252.21686631993904,295.889337421949,333.10185191619695
Experiment 06-19_23:42
Epoch 0025 [Train seq (cond on sampled tp)] | Loss 1939187.089962 | MAPE 0.031580 | RMSE 95.583663 | Likelihood -1939184.066308 | KL fp 3.0237 | FP STD 0.1732|
Epoch 0025 [Val seq (cond on sampled tp)] |  MAPE 0.043427 | RMSE 83.894925 |
Epoch 0025 [Test seq (cond on sampled tp)] | MAPE 0.077409 | RMSE 286.915067|
0.07000412046909332,0.08081584423780441,0.08140609413385391
232.89961457406923,302.6475105217289,325.19807665867273
Experiment 06-19_23:42
Epoch 0026 [Train seq (cond on sampled tp)] | Loss 1941802.708258 | MAPE 0.048191 | RMSE 96.221048 | Likelihood -1941799.743920 | KL fp 2.9643 | FP STD 0.1886|
Epoch 0026 [Val seq (cond on sampled tp)] |  MAPE 0.029858 | RMSE 94.096220 |
Epoch 0026 [Test seq (cond on sampled tp)] | MAPE 0.053189 | RMSE 301.117899|
0.05604410171508789,0.058752983808517456,0.04477125033736229
258.84332556104283,334.46900547733867,310.04136568770946
Experiment 06-19_23:42
Epoch 0027 [Train seq (cond on sampled tp)] | Loss 1934200.012105 | MAPE 0.035868 | RMSE 95.008476 | Likelihood -1934197.211762 | KL fp 2.8003 | FP STD 0.2102|
Epoch 0027 [Val seq (cond on sampled tp)] |  MAPE 0.028219 | RMSE 89.285404 |
Epoch 0027 [Test seq (cond on sampled tp)] | MAPE 0.064255 | RMSE 262.949112|
0.06579207628965378,0.06554286926984787,0.06142890825867653
209.43018862200836,279.46691720577587,299.9502302466194
Experiment 06-19_23:42
Epoch 0028 [Train seq (cond on sampled tp)] | Loss 1943201.521931 | MAPE 0.035733 | RMSE 95.393787 | Likelihood -1943198.857027 | KL fp 2.6649 | FP STD 0.2062|
Epoch 0028 [Val seq (cond on sampled tp)] |  MAPE 0.035376 | RMSE 92.777882 |
Epoch 0028 [Test seq (cond on sampled tp)] | MAPE 0.068361 | RMSE 300.942320|
0.06158063933253288,0.06913343071937561,0.07436855137348175
258.156580997851,326.16582965954603,318.50455010486115
Experiment 06-19_23:42
Epoch 0029 [Train seq (cond on sampled tp)] | Loss 1912000.133504 | MAPE 0.033975 | RMSE 91.834161 | Likelihood -1911997.353679 | KL fp 2.7798 | FP STD 0.1941|
Epoch 0029 [Val seq (cond on sampled tp)] |  MAPE 0.036748 | RMSE 84.429979 |
Epoch 0029 [Test seq (cond on sampled tp)] | MAPE 0.059937 | RMSE 253.886815|
0.06381084024906158,0.059845130890607834,0.05615599825978279
204.0416145514194,288.3513210911301,269.26751045660893
Experiment 06-19_23:42
Epoch 0030 [Train seq (cond on sampled tp)] | Loss 1902339.022046 | MAPE 0.033713 | RMSE 89.356996 | Likelihood -1902336.178009 | KL fp 2.8440 | FP STD 0.1841|
Epoch 0030 [Val seq (cond on sampled tp)] |  MAPE 0.037815 | RMSE 89.839459 |
Epoch 0030 [Test seq (cond on sampled tp)] | MAPE 0.065365 | RMSE 315.520037|
0.05640476942062378,0.06229406222701073,0.0773947685956955
282.71925949163773,341.34087617805164,322.49997577519287
Experiment 06-19_23:42
Epoch 0031 [Train seq (cond on sampled tp)] | Loss 1962868.421478 | MAPE 0.031859 | RMSE 99.015225 | Likelihood -1962865.754102 | KL fp 2.6674 | FP STD 0.1765|
Epoch 0031 [Val seq (cond on sampled tp)] |  MAPE 0.024420 | RMSE 84.021261 |
Epoch 0031 [Test seq (cond on sampled tp)] | MAPE 0.061680 | RMSE 261.879348|
0.0614764504134655,0.05865734815597534,0.06490625441074371
216.87406339855394,265.1124908647271,303.65148865516863
Experiment 06-19_23:42
Epoch 0032 [Train seq (cond on sampled tp)] | Loss 1935074.191828 | MAPE 0.034107 | RMSE 94.514091 | Likelihood -1935071.004391 | KL fp 3.1874 | FP STD 0.1700|
Epoch 0032 [Val seq (cond on sampled tp)] |  MAPE 0.030069 | RMSE 96.037829 |
Epoch 0032 [Test seq (cond on sampled tp)] | MAPE 0.063189 | RMSE 289.965194|
0.06630618125200272,0.06266578286886215,0.06059553846716881
251.13078639426112,305.28147872086834,313.48331544517646
Experiment 06-19_23:42
Epoch 0033 [Train seq (cond on sampled tp)] | Loss 1903492.508214 | MAPE 0.037330 | RMSE 89.241689 | Likelihood -1903489.490396 | KL fp 3.0178 | FP STD 0.1582|
Epoch 0033 [Val seq (cond on sampled tp)] |  MAPE 0.029373 | RMSE 85.847484 |
Epoch 0033 [Test seq (cond on sampled tp)] | MAPE 0.061154 | RMSE 286.979367|
0.0658954456448555,0.06087672710418701,0.05668974667787552
253.12008482882192,303.80705482674364,304.01096043152785
Experiment 06-19_23:42
Epoch 0034 [Train seq (cond on sampled tp)] | Loss 1917395.153534 | MAPE 0.033523 | RMSE 91.698468 | Likelihood -1917392.294096 | KL fp 2.8594 | FP STD 0.1696|
Epoch 0034 [Val seq (cond on sampled tp)] |  MAPE 0.031860 | RMSE 78.779536 |
Epoch 0034 [Test seq (cond on sampled tp)] | MAPE 0.063720 | RMSE 268.707659|
0.06565389037132263,0.0628633126616478,0.06264375150203705
233.1000489328563,269.349868317213,303.67306124350245
Experiment 06-19_23:42
Epoch 0035 [Train seq (cond on sampled tp)] | Loss 1908307.289104 | MAPE 0.033132 | RMSE 90.383001 | Likelihood -1908304.572139 | KL fp 2.7170 | FP STD 0.1886|
Epoch 0035 [Val seq (cond on sampled tp)] |  MAPE 0.024504 | RMSE 91.781862 |
Epoch 0035 [Test seq (cond on sampled tp)] | MAPE 0.051784 | RMSE 266.060684|
0.0511428639292717,0.052761681377887726,0.05144858360290527
227.7571177537598,272.4101342644947,298.0147988145891
Experiment 06-19_23:42
Epoch 0036 [Train seq (cond on sampled tp)] | Loss 1911934.958625 | MAPE 0.032646 | RMSE 90.820052 | Likelihood -1911932.304393 | KL fp 2.6542 | FP STD 0.2017|
Epoch 0036 [Val seq (cond on sampled tp)] |  MAPE 0.032023 | RMSE 91.733213 |
Epoch 0036 [Test seq (cond on sampled tp)] | MAPE 0.059343 | RMSE 286.688534|
0.06497619301080704,0.05988210439682007,0.05317147076129913
255.321205481938,304.1973814400775,300.5470143130688
Experiment 06-19_23:42
Epoch 0037 [Train seq (cond on sampled tp)] | Loss 1892870.722313 | MAPE 0.030851 | RMSE 87.621706 | Likelihood -1892868.221850 | KL fp 2.5005 | FP STD 0.2243|
Epoch 0037 [Val seq (cond on sampled tp)] |  MAPE 0.039061 | RMSE 82.373625 |
Epoch 0037 [Test seq (cond on sampled tp)] | MAPE 0.061753 | RMSE 284.421108|
0.05974402278661728,0.06026092544198036,0.065254807472229
236.0394895457114,286.3752318855456,330.8486011380432
Experiment 06-19_23:42
Epoch 0038 [Train seq (cond on sampled tp)] | Loss 1900676.842875 | MAPE 0.030544 | RMSE 88.770545 | Likelihood -1900674.004246 | KL fp 2.8386 | FP STD 0.1751|
Epoch 0038 [Val seq (cond on sampled tp)] |  MAPE 0.036061 | RMSE 77.315288 |
Epoch 0038 [Test seq (cond on sampled tp)] | MAPE 0.060092 | RMSE 266.131051|
0.05834607779979706,0.05872871354222298,0.06320255249738693
209.05335368632572,273.436035710365,315.9037630355169
Experiment 06-19_23:42
Epoch 0039 [Train seq (cond on sampled tp)] | Loss 1890446.429499 | MAPE 0.030959 | RMSE 86.337254 | Likelihood -1890443.683906 | KL fp 2.7456 | FP STD 0.1920|
Epoch 0039 [Val seq (cond on sampled tp)] |  MAPE 0.031795 | RMSE 81.723461 |
Epoch 0039 [Test seq (cond on sampled tp)] | MAPE 0.059344 | RMSE 287.656593|
0.060334622859954834,0.058858126401901245,0.05884067714214325
252.1026034301312,289.6672525286557,321.1999231397791
Experiment 06-19_23:42
Epoch 0040 [Train seq (cond on sampled tp)] | Loss 1909801.484877 | MAPE 0.031851 | RMSE 90.647818 | Likelihood -1909798.695544 | KL fp 2.7893 | FP STD 0.1716|
Epoch 0040 [Val seq (cond on sampled tp)] |  MAPE 0.030510 | RMSE 91.188673 |
Epoch 0040 [Test seq (cond on sampled tp)] | MAPE 0.064204 | RMSE 295.649231|
0.06631375849246979,0.06815513968467712,0.05814177542924881
264.74545557950563,297.7189451689294,324.48329117228826
Experiment 06-19_23:42
Epoch 0041 [Train seq (cond on sampled tp)] | Loss 1910295.843974 | MAPE 0.035220 | RMSE 91.539380 | Likelihood -1910292.826910 | KL fp 3.0171 | FP STD 0.1473|
Epoch 0041 [Val seq (cond on sampled tp)] |  MAPE 0.024605 | RMSE 80.748727 |
Epoch 0041 [Test seq (cond on sampled tp)] | MAPE 0.059047 | RMSE 291.713969|
0.06104286015033722,0.05883160978555679,0.0572662353515625
241.48900078471482,306.41132230630774,327.24158459385933
Experiment 06-19_23:42
Epoch 0042 [Train seq (cond on sampled tp)] | Loss 1894886.338638 | MAPE 0.033869 | RMSE 88.603492 | Likelihood -1894883.636271 | KL fp 2.7024 | FP STD 0.1952|
Epoch 0042 [Val seq (cond on sampled tp)] |  MAPE 0.024093 | RMSE 81.058591 |
Epoch 0042 [Test seq (cond on sampled tp)] | MAPE 0.051470 | RMSE 284.777464|
0.05089891701936722,0.05036613345146179,0.053143516182899475
244.6172472583444,276.57825520094667,333.13689003171055
Experiment 06-19_23:42
Epoch 0043 [Train seq (cond on sampled tp)] | Loss 1895306.487782 | MAPE 0.035722 | RMSE 88.602139 | Likelihood -1895303.994738 | KL fp 2.4930 | FP STD 0.2253|
Epoch 0043 [Val seq (cond on sampled tp)] |  MAPE 0.026084 | RMSE 93.296083 |
Epoch 0043 [Test seq (cond on sampled tp)] | MAPE 0.048347 | RMSE 295.715505|
0.053884200751781464,0.04992252588272095,0.041233353316783905
243.0533875895376,317.12147711878487,326.9716515808366
Experiment 06-19_23:42
Epoch 0044 [Train seq (cond on sampled tp)] | Loss 1895548.595269 | MAPE 0.036573 | RMSE 88.624459 | Likelihood -1895546.029936 | KL fp 2.5653 | FP STD 0.2196|
Epoch 0044 [Val seq (cond on sampled tp)] |  MAPE 0.032695 | RMSE 88.373008 |
Epoch 0044 [Test seq (cond on sampled tp)] | MAPE 0.061676 | RMSE 241.340504|
0.06665519624948502,0.060190580785274506,0.05818280950188637
216.1407147988319,232.09947860508004,275.78131905098286
Experiment 06-19_23:42
Epoch 0045 [Train seq (cond on sampled tp)] | Loss 1874337.501929 | MAPE 0.035095 | RMSE 85.080207 | Likelihood -1874334.926059 | KL fp 2.5759 | FP STD 0.2229|
Epoch 0045 [Val seq (cond on sampled tp)] |  MAPE 0.025741 | RMSE 81.242046 |
Epoch 0045 [Test seq (cond on sampled tp)] | MAPE 0.053331 | RMSE 298.799570|
0.05079291760921478,0.0559670515358448,0.0532323382794857
268.1519362926548,311.36599244297696,316.88078150544254
Experiment 06-19_23:42
Epoch 0046 [Train seq (cond on sampled tp)] | Loss 1884120.385452 | MAPE 0.032921 | RMSE 86.287720 | Likelihood -1884117.885801 | KL fp 2.4997 | FP STD 0.2199|
Epoch 0046 [Val seq (cond on sampled tp)] |  MAPE 0.026987 | RMSE 89.397522 |
Epoch 0046 [Test seq (cond on sampled tp)] | MAPE 0.054406 | RMSE 288.775606|
0.057591408491134644,0.05489282310009003,0.05073324218392372
232.39479306505558,307.76089034346126,326.1711351039512
Experiment 06-19_23:42
Epoch 0047 [Train seq (cond on sampled tp)] | Loss 1875980.343426 | MAPE 0.039422 | RMSE 85.095926 | Likelihood -1875978.119683 | KL fp 2.2237 | FP STD 0.2804|
Epoch 0047 [Val seq (cond on sampled tp)] |  MAPE 0.024596 | RMSE 83.580551 |
Epoch 0047 [Test seq (cond on sampled tp)] | MAPE 0.050581 | RMSE 302.550994|
0.05732060223817825,0.051462892442941666,0.042960308492183685
244.30404980269975,319.90960637342545,343.4393255183512
Experiment 06-19_23:42
Epoch 0048 [Train seq (cond on sampled tp)] | Loss 1906590.271653 | MAPE 0.034687 | RMSE 91.039913 | Likelihood -1906587.658122 | KL fp 2.6135 | FP STD 0.1997|
Epoch 0048 [Val seq (cond on sampled tp)] |  MAPE 0.028315 | RMSE 85.438543 |
Epoch 0048 [Test seq (cond on sampled tp)] | MAPE 0.052397 | RMSE 275.469714|
0.057916443794965744,0.04664171114563942,0.05263388529419899
227.16165602660587,268.6449358586534,330.60255122276357
Experiment 06-19_23:42
Epoch 0049 [Train seq (cond on sampled tp)] | Loss 1876678.123381 | MAPE 0.034206 | RMSE 85.499451 | Likelihood -1876675.740485 | KL fp 2.3829 | FP STD 0.2274|
Epoch 0049 [Val seq (cond on sampled tp)] |  MAPE 0.033359 | RMSE 77.375458 |
Epoch 0049 [Test seq (cond on sampled tp)] | MAPE 0.070960 | RMSE 280.172030|
0.06823144108057022,0.06804021447896957,0.07660810649394989
239.84483916690806,284.9953261678163,315.6759241096793
Experiment 06-19_23:42
Epoch 0050 [Train seq (cond on sampled tp)] | Loss 1870319.037235 | MAPE 0.036726 | RMSE 83.896486 | Likelihood -1870316.299499 | KL fp 2.7377 | FP STD 0.1839|
Epoch 0050 [Val seq (cond on sampled tp)] |  MAPE 0.025713 | RMSE 83.021343 |
Epoch 0050 [Test seq (cond on sampled tp)] | MAPE 0.051406 | RMSE 270.439755|
0.05149023234844208,0.0537165142595768,0.04901181906461716
200.1217500516873,281.27283240654435,329.9246836400696
Experiment 06-19_23:42
Epoch 0051 [Train seq (cond on sampled tp)] | Loss 1885852.422665 | MAPE 0.036652 | RMSE 85.840588 | Likelihood -1885849.793280 | KL fp 2.6294 | FP STD 0.1887|
Epoch 0051 [Val seq (cond on sampled tp)] |  MAPE 0.026569 | RMSE 85.137099 |
Epoch 0051 [Test seq (cond on sampled tp)] | MAPE 0.062089 | RMSE 290.406277|
0.061727218329906464,0.06718502938747406,0.05735502764582634
233.9595150608327,311.11580942632924,326.143505128494
Experiment 06-19_23:42
Epoch 0052 [Train seq (cond on sampled tp)] | Loss 1857198.175377 | MAPE 0.033081 | RMSE 81.563566 | Likelihood -1857195.482129 | KL fp 2.6932 | FP STD 0.1746|
Epoch 0052 [Val seq (cond on sampled tp)] |  MAPE 0.024876 | RMSE 90.514270 |
Epoch 0052 [Test seq (cond on sampled tp)] | MAPE 0.053594 | RMSE 276.105371|
0.05971941351890564,0.051825959235429764,0.04923774674534798
231.32210024660418,282.4954645653625,314.49854679711956
Experiment 06-19_23:42
Epoch 0053 [Train seq (cond on sampled tp)] | Loss 1848337.806364 | MAPE 0.035409 | RMSE 79.170058 | Likelihood -1848335.198785 | KL fp 2.6076 | FP STD 0.1935|
Epoch 0053 [Val seq (cond on sampled tp)] |  MAPE 0.023279 | RMSE 79.898737 |
Epoch 0053 [Test seq (cond on sampled tp)] | MAPE 0.050217 | RMSE 265.271827|
0.05300169810652733,0.05008980631828308,0.047560013830661774
224.17532898381123,268.20767956007523,303.4324729243724
Experiment 06-19_23:42
Epoch 0054 [Train seq (cond on sampled tp)] | Loss 1865121.348205 | MAPE 0.034459 | RMSE 82.395400 | Likelihood -1865118.611868 | KL fp 2.7363 | FP STD 0.1967|
Epoch 0054 [Val seq (cond on sampled tp)] |  MAPE 0.030816 | RMSE 86.767872 |
Epoch 0054 [Test seq (cond on sampled tp)] | MAPE 0.067318 | RMSE 304.255022|
0.06908950954675674,0.06383886933326721,0.0690261647105217
275.8293885040171,303.4350090011039,333.5006676342643
Experiment 06-19_23:42
Epoch 0055 [Train seq (cond on sampled tp)] | Loss 1885762.764251 | MAPE 0.036748 | RMSE 85.659645 | Likelihood -1885759.928743 | KL fp 2.8355 | FP STD 0.1692|
Epoch 0055 [Val seq (cond on sampled tp)] |  MAPE 0.028635 | RMSE 89.278573 |
Epoch 0055 [Test seq (cond on sampled tp)] | MAPE 0.058766 | RMSE 273.518301|
0.061011239886283875,0.056464966386556625,0.05882076174020767
215.07370647931373,279.75748426092196,325.7237134443853
Experiment 06-19_23:42
Epoch 0056 [Train seq (cond on sampled tp)] | Loss 1863133.134957 | MAPE 0.035746 | RMSE 82.386772 | Likelihood -1863130.219784 | KL fp 2.9152 | FP STD 0.1605|
Epoch 0056 [Val seq (cond on sampled tp)] |  MAPE 0.023965 | RMSE 79.984856 |
Epoch 0056 [Test seq (cond on sampled tp)] | MAPE 0.061066 | RMSE 282.579325|
0.05271178483963013,0.060395609587430954,0.07009093463420868
204.91871482980758,286.6096676012517,356.20959200658814
Experiment 06-19_23:42
Epoch 0057 [Train seq (cond on sampled tp)] | Loss 1863488.878045 | MAPE 0.035937 | RMSE 83.379529 | Likelihood -1863486.280526 | KL fp 2.5975 | FP STD 0.1974|
Epoch 0057 [Val seq (cond on sampled tp)] |  MAPE 0.022817 | RMSE 80.494932 |
Best Val!
Epoch 0057 [Test seq (cond on sampled tp)] | MAPE 0.046951 | RMSE 262.811627|
0.047898825258016586,0.047366634011268616,0.045586101710796356
179.9398065586795,280.9472259161852,327.54784955789285
0.047898825258016586,0.047366634011268616,0.045586101710796356
179.9398065586795,280.9472259161852,327.54784955789285
Epoch 0057 [Test seq (cond on sampled tp)] | Best Test MAPE 0.046951|Best Test RMSE 262.811627|
Experiment 06-19_23:42
Epoch 0058 [Train seq (cond on sampled tp)] | Loss 1858565.399091 | MAPE 0.037811 | RMSE 81.551997 | Likelihood -1858562.856943 | KL fp 2.5421 | FP STD 0.2122|
Epoch 0058 [Val seq (cond on sampled tp)] |  MAPE 0.024645 | RMSE 80.464342 |
Epoch 0058 [Test seq (cond on sampled tp)] | MAPE 0.055323 | RMSE 265.387849|
0.05270539969205856,0.05597203969955444,0.057292498648166656
218.98663094182257,253.990872436885,323.18604355695805
Experiment 06-19_23:42
Epoch 0059 [Train seq (cond on sampled tp)] | Loss 1854567.145303 | MAPE 0.044491 | RMSE 80.656884 | Likelihood -1854564.501998 | KL fp 2.6433 | FP STD 0.1773|
Epoch 0059 [Val seq (cond on sampled tp)] |  MAPE 0.023281 | RMSE 79.258108 |
Epoch 0059 [Test seq (cond on sampled tp)] | MAPE 0.063545 | RMSE 271.355377|
0.06065011024475098,0.062305230647325516,0.06767924129962921
230.72430111498875,249.2256209867878,334.11620826443004
Experiment 06-19_23:42
Epoch 0060 [Train seq (cond on sampled tp)] | Loss 1885929.928867 | MAPE 0.047269 | RMSE 88.878572 | Likelihood -1885927.545846 | KL fp 2.3830 | FP STD 0.2253|
Epoch 0060 [Val seq (cond on sampled tp)] |  MAPE 0.030211 | RMSE 84.074807 |
Epoch 0060 [Test seq (cond on sampled tp)] | MAPE 0.062780 | RMSE 301.442085|
0.06343711167573929,0.06051257625222206,0.06438911706209183
275.9536730820954,288.9722494245771,339.40033284824574
Experiment 06-19_23:42
Epoch 0061 [Train seq (cond on sampled tp)] | Loss 1871632.609345 | MAPE 0.047187 | RMSE 84.480279 | Likelihood -1871630.181918 | KL fp 2.4274 | FP STD 0.1974|
Epoch 0061 [Val seq (cond on sampled tp)] |  MAPE 0.028435 | RMSE 81.874660 |
Epoch 0061 [Test seq (cond on sampled tp)] | MAPE 0.072673 | RMSE 292.783013|
0.07964196801185608,0.06932368129491806,0.06905297189950943
273.7647827058842,278.8118204990599,325.7724354323122
Experiment 06-19_23:42
Epoch 0062 [Train seq (cond on sampled tp)] | Loss 1846592.934017 | MAPE 0.047513 | RMSE 79.503848 | Likelihood -1846590.490074 | KL fp 2.4439 | FP STD 0.2251|
Epoch 0062 [Val seq (cond on sampled tp)] |  MAPE 0.022722 | RMSE 80.459238 |
Best Val!
Epoch 0062 [Test seq (cond on sampled tp)] | MAPE 0.053681 | RMSE 282.541946|
0.047212302684783936,0.057608574628829956,0.05622176453471184
242.6759107456898,278.50489504225953,326.4450327007596
Experiment 06-19_23:42
Epoch 0063 [Train seq (cond on sampled tp)] | Loss 1847014.115299 | MAPE 0.053109 | RMSE 80.051181 | Likelihood -1847011.480484 | KL fp 2.6348 | FP STD 0.1909|
Epoch 0063 [Val seq (cond on sampled tp)] |  MAPE 0.027552 | RMSE 87.199184 |
Epoch 0063 [Test seq (cond on sampled tp)] | MAPE 0.054132 | RMSE 286.411735|
0.053889740258455276,0.049431588500738144,0.05907418578863144
234.9090665156413,285.4438429884239,338.8822965831942
Experiment 06-19_23:42
Epoch 0064 [Train seq (cond on sampled tp)] | Loss 1862063.165465 | MAPE 0.056960 | RMSE 81.950950 | Likelihood -1862060.524808 | KL fp 2.6407 | FP STD 0.1923|
Epoch 0064 [Val seq (cond on sampled tp)] |  MAPE 0.026262 | RMSE 90.722475 |
Epoch 0064 [Test seq (cond on sampled tp)] | MAPE 0.058574 | RMSE 282.883214|
0.06006304547190666,0.05377919226884842,0.061879243701696396
255.22400547117428,246.9791789680863,346.44645825509605
Experiment 06-19_23:42
Epoch 0065 [Train seq (cond on sampled tp)] | Loss 1870017.311527 | MAPE 0.059752 | RMSE 81.767513 | Likelihood -1870014.816863 | KL fp 2.4947 | FP STD 0.2088|
Epoch 0065 [Val seq (cond on sampled tp)] |  MAPE 0.023546 | RMSE 81.429954 |
Epoch 0065 [Test seq (cond on sampled tp)] | MAPE 0.046417 | RMSE 265.789752|
0.04887345805764198,0.04362507537007332,0.04675384983420372
239.45738627937538,269.88995153117503,288.02191756878506
0.04887345805764198,0.04362507537007332,0.04675384983420372
239.45738627937538,269.88995153117503,288.02191756878506
Epoch 0065 [Test seq (cond on sampled tp)] | Best Test MAPE 0.046417|Best Test RMSE 265.789752|
Experiment 06-19_23:42
Epoch 0066 [Train seq (cond on sampled tp)] | Loss 1866482.194326 | MAPE 0.060658 | RMSE 83.640283 | Likelihood -1866479.806635 | KL fp 2.3877 | FP STD 0.2273|
Epoch 0066 [Val seq (cond on sampled tp)] |  MAPE 0.027907 | RMSE 85.022800 |
Epoch 0066 [Test seq (cond on sampled tp)] | MAPE 0.044183 | RMSE 271.654160|
0.04851967841386795,0.03960958123207092,0.04441922903060913
229.89311375071676,280.8832608932045,304.18610668470706
0.04851967841386795,0.03960958123207092,0.04441922903060913
229.89311375071676,280.8832608932045,304.18610668470706
Epoch 0066 [Test seq (cond on sampled tp)] | Best Test MAPE 0.044183|Best Test RMSE 271.654160|
Experiment 06-19_23:42
Epoch 0067 [Train seq (cond on sampled tp)] | Loss 1894454.872765 | MAPE 0.060433 | RMSE 89.789137 | Likelihood -1894452.388268 | KL fp 2.4845 | FP STD 0.2046|
Epoch 0067 [Val seq (cond on sampled tp)] |  MAPE 0.025588 | RMSE 91.179259 |
Epoch 0067 [Test seq (cond on sampled tp)] | MAPE 0.044096 | RMSE 261.157289|
0.046281278133392334,0.04264771193265915,0.04335767775774002
204.27349352338888,279.8681190534213,299.33025500690707
0.046281278133392334,0.04264771193265915,0.04335767775774002
204.27349352338888,279.8681190534213,299.33025500690707
Epoch 0067 [Test seq (cond on sampled tp)] | Best Test MAPE 0.044096|Best Test RMSE 261.157289|
Experiment 06-19_23:42
Epoch 0068 [Train seq (cond on sampled tp)] | Loss 1899101.743106 | MAPE 0.060285 | RMSE 88.568007 | Likelihood -1899099.141156 | KL fp 2.6019 | FP STD 0.1868|
Epoch 0068 [Val seq (cond on sampled tp)] |  MAPE 0.026589 | RMSE 81.524797 |
Epoch 0068 [Test seq (cond on sampled tp)] | MAPE 0.065240 | RMSE 260.373372|
0.06643976271152496,0.061214301735162735,0.06806451827287674
233.78753040955797,254.21191793216542,293.1206689445492
Experiment 06-19_23:42
Epoch 0069 [Train seq (cond on sampled tp)] | Loss 1870986.146594 | MAPE 0.065470 | RMSE 84.595744 | Likelihood -1870983.393848 | KL fp 2.7527 | FP STD 0.1813|
Epoch 0069 [Val seq (cond on sampled tp)] |  MAPE 0.027062 | RMSE 83.852756 |
Epoch 0069 [Test seq (cond on sampled tp)] | MAPE 0.049446 | RMSE 280.936600|
0.048520274460315704,0.05011553689837456,0.04970336705446243
257.5364658645451,274.97491362849814,310.2984198719033
Experiment 06-19_23:42
Epoch 0070 [Train seq (cond on sampled tp)] | Loss 1868720.783872 | MAPE 0.068685 | RMSE 84.445188 | Likelihood -1868718.032268 | KL fp 2.7516 | FP STD 0.1769|
Epoch 0070 [Val seq (cond on sampled tp)] |  MAPE 0.034938 | RMSE 88.605075 |
Epoch 0070 [Test seq (cond on sampled tp)] | MAPE 0.064309 | RMSE 280.590041|
0.06577121466398239,0.06691695749759674,0.06023797765374184
251.50573893800117,298.35763983849984,291.906743455851
Experiment 06-19_23:42
Epoch 0071 [Train seq (cond on sampled tp)] | Loss 1863223.853344 | MAPE 0.067627 | RMSE 82.255314 | Likelihood -1863221.424137 | KL fp 2.4292 | FP STD 0.2005|
Epoch 0071 [Val seq (cond on sampled tp)] |  MAPE 0.026290 | RMSE 82.982073 |
Epoch 0071 [Test seq (cond on sampled tp)] | MAPE 0.051906 | RMSE 247.225652|
0.053092166781425476,0.04591065272688866,0.05671563372015953
230.05806841697597,237.13603690708842,274.48285180954383
Experiment 06-19_23:42
Epoch 0072 [Train seq (cond on sampled tp)] | Loss 1884173.395085 | MAPE 0.066252 | RMSE 84.796106 | Likelihood -1884170.720882 | KL fp 2.6742 | FP STD 0.1801|
Epoch 0072 [Val seq (cond on sampled tp)] |  MAPE 0.028566 | RMSE 85.123354 |
Epoch 0072 [Test seq (cond on sampled tp)] | MAPE 0.062188 | RMSE 262.804834|
0.06028873473405838,0.05711745470762253,0.0691579133272171
230.41132547305483,247.34201081195243,310.66116489674084
Experiment 06-19_23:42
Epoch 0073 [Train seq (cond on sampled tp)] | Loss 1861084.575815 | MAPE 0.070837 | RMSE 82.360172 | Likelihood -1861081.921939 | KL fp 2.6539 | FP STD 0.1939|
Epoch 0073 [Val seq (cond on sampled tp)] |  MAPE 0.029109 | RMSE 87.880762 |
Epoch 0073 [Test seq (cond on sampled tp)] | MAPE 0.044554 | RMSE 268.544236|
0.05253073573112488,0.042560938745737076,0.03856998682022095
254.2115645112354,260.02876944196004,291.39237399938935
Experiment 06-19_23:42
Epoch 0074 [Train seq (cond on sampled tp)] | Loss 1866625.666213 | MAPE 0.069026 | RMSE 83.967253 | Likelihood -1866622.891212 | KL fp 2.7750 | FP STD 0.1781|
Epoch 0074 [Val seq (cond on sampled tp)] |  MAPE 0.030817 | RMSE 77.479067 |
Epoch 0074 [Test seq (cond on sampled tp)] | MAPE 0.046249 | RMSE 257.410059|
0.04959041625261307,0.0449909009039402,0.04416549950838089
229.58184644860316,273.16395603190404,269.4843745470227
Experiment 06-19_23:42
Epoch 0075 [Train seq (cond on sampled tp)] | Loss 1889000.533302 | MAPE 0.071080 | RMSE 86.728551 | Likelihood -1888998.092537 | KL fp 2.4408 | FP STD 0.2055|
Epoch 0075 [Val seq (cond on sampled tp)] |  MAPE 0.035491 | RMSE 81.382218 |
Epoch 0075 [Test seq (cond on sampled tp)] | MAPE 0.063886 | RMSE 286.528293|
0.06291352957487106,0.05814463645219803,0.07060106843709946
241.8090833953514,275.3603179245332,342.41547770946335
Experiment 06-19_23:42
Epoch 0076 [Train seq (cond on sampled tp)] | Loss 1855206.215532 | MAPE 0.074389 | RMSE 81.214439 | Likelihood -1855203.857449 | KL fp 2.3581 | FP STD 0.2441|
Epoch 0076 [Val seq (cond on sampled tp)] |  MAPE 0.029559 | RMSE 83.837087 |
Epoch 0076 [Test seq (cond on sampled tp)] | MAPE 0.045586 | RMSE 286.449610|
0.04614303633570671,0.04096786305308342,0.04964575543999672
228.0337488728368,289.231551918182,342.0835287250762
Experiment 06-19_23:42
Epoch 0077 [Train seq (cond on sampled tp)] | Loss 1846764.349611 | MAPE 0.075800 | RMSE 79.743290 | Likelihood -1846761.828208 | KL fp 2.5214 | FP STD 0.2331|
Epoch 0077 [Val seq (cond on sampled tp)] |  MAPE 0.032935 | RMSE 85.910717 |
Epoch 0077 [Test seq (cond on sampled tp)] | MAPE 0.053243 | RMSE 283.263524|
0.05765804275870323,0.0502944253385067,0.051776085048913956
225.27857754344953,284.25152539168545,340.2604700813775
Experiment 06-19_23:42
Epoch 0078 [Train seq (cond on sampled tp)] | Loss 1870941.611333 | MAPE 0.081954 | RMSE 82.927651 | Likelihood -1870939.002063 | KL fp 2.6093 | FP STD 0.2600|
Epoch 0078 [Val seq (cond on sampled tp)] |  MAPE 0.029056 | RMSE 96.784958 |
Epoch 0078 [Test seq (cond on sampled tp)] | MAPE 0.053524 | RMSE 274.978977|
0.05550195649266243,0.053631700575351715,0.051439590752124786
217.80854551646956,294.97645562824164,312.15193115692875
Experiment 06-19_23:42
Epoch 0079 [Train seq (cond on sampled tp)] | Loss 1860534.323197 | MAPE 0.081666 | RMSE 79.931379 | Likelihood -1860531.786837 | KL fp 2.5364 | FP STD 0.2712|
Epoch 0079 [Val seq (cond on sampled tp)] |  MAPE 0.030669 | RMSE 84.317171 |
Epoch 0079 [Test seq (cond on sampled tp)] | MAPE 0.043090 | RMSE 282.071886|
0.044035520404577255,0.04194299131631851,0.043291669338941574
202.43473099372054,293.8003148398585,349.98061330236567
0.044035520404577255,0.04194299131631851,0.043291669338941574
202.43473099372054,293.8003148398585,349.98061330236567
Epoch 0079 [Test seq (cond on sampled tp)] | Best Test MAPE 0.043090|Best Test RMSE 282.071886|
Experiment 06-19_23:42
Epoch 0080 [Train seq (cond on sampled tp)] | Loss 1864285.564613 | MAPE 0.085524 | RMSE 80.978586 | Likelihood -1864282.809551 | KL fp 2.7551 | FP STD 0.2529|
Epoch 0080 [Val seq (cond on sampled tp)] |  MAPE 0.028939 | RMSE 90.039038 |
Epoch 0080 [Test seq (cond on sampled tp)] | MAPE 0.048014 | RMSE 293.217097|
0.04840295761823654,0.04870537295937538,0.04693269729614258
244.26272196909213,295.52092512629287,339.8676442749442
Experiment 06-19_23:42
Epoch 0081 [Train seq (cond on sampled tp)] | Loss 1846370.011679 | MAPE 0.083611 | RMSE 79.564681 | Likelihood -1846367.328896 | KL fp 2.6828 | FP STD 0.2331|
Epoch 0081 [Val seq (cond on sampled tp)] |  MAPE 0.027815 | RMSE 84.582638 |
Epoch 0081 [Test seq (cond on sampled tp)] | MAPE 0.053436 | RMSE 283.524812|
0.055543579161167145,0.04732561856508255,0.057438258081674576
265.6533661324471,284.3429927042339,300.5780758596674
Experiment 06-19_23:42
Epoch 0082 [Train seq (cond on sampled tp)] | Loss 1868394.884818 | MAPE 0.077395 | RMSE 82.119720 | Likelihood -1868392.470082 | KL fp 2.4147 | FP STD 0.2431|
Epoch 0082 [Val seq (cond on sampled tp)] |  MAPE 0.032264 | RMSE 87.334140 |
Epoch 0082 [Test seq (cond on sampled tp)] | MAPE 0.059880 | RMSE 273.343182|
0.0633385106921196,0.055454500019550323,0.06084759533405304
248.27368813216998,276.5949769066676,295.16088038983077
Experiment 06-19_23:42
Epoch 0083 [Train seq (cond on sampled tp)] | Loss 1863824.513082 | MAPE 0.075012 | RMSE 80.794726 | Likelihood -1863822.093900 | KL fp 2.4192 | FP STD 0.2340|
Epoch 0083 [Val seq (cond on sampled tp)] |  MAPE 0.027926 | RMSE 86.156389 |
Epoch 0083 [Test seq (cond on sampled tp)] | MAPE 0.058236 | RMSE 260.320793|
0.060435742139816284,0.054074615240097046,0.06019880250096321
246.21700286535858,272.8859651942547,261.85941182722456
Experiment 06-19_23:42
Epoch 0084 [Train seq (cond on sampled tp)] | Loss 1862216.162123 | MAPE 0.074412 | RMSE 81.257734 | Likelihood -1862213.647797 | KL fp 2.5143 | FP STD 0.1998|
Epoch 0084 [Val seq (cond on sampled tp)] |  MAPE 0.032852 | RMSE 84.938632 |
Epoch 0084 [Test seq (cond on sampled tp)] | MAPE 0.059306 | RMSE 307.068683|
0.058121077716350555,0.05905086547136307,0.060744985938072205
247.9633998320115,317.81582471220656,355.4268230768466
Experiment 06-19_23:42
Epoch 0085 [Train seq (cond on sampled tp)] | Loss 1888520.706636 | MAPE 0.073490 | RMSE 86.831149 | Likelihood -1888518.256044 | KL fp 2.4506 | FP STD 0.2188|
Epoch 0085 [Val seq (cond on sampled tp)] |  MAPE 0.037908 | RMSE 101.141126 |
Epoch 0085 [Test seq (cond on sampled tp)] | MAPE 0.051061 | RMSE 265.952560|
0.052828166633844376,0.04890282452106476,0.051451366394758224
242.1585708528608,276.5475631559606,279.151546543271
Experiment 06-19_23:42
Epoch 0086 [Train seq (cond on sampled tp)] | Loss 1881801.154400 | MAPE 0.074613 | RMSE 85.249673 | Likelihood -1881798.707249 | KL fp 2.4472 | FP STD 0.2312|
Epoch 0086 [Val seq (cond on sampled tp)] |  MAPE 0.033685 | RMSE 80.960566 |
Epoch 0086 [Test seq (cond on sampled tp)] | MAPE 0.052450 | RMSE 304.455026|
0.05338786169886589,0.049076713621616364,0.054885443300008774
275.77409516214533,290.1710836946025,347.4198985917473
Experiment 06-19_23:42
Epoch 0087 [Train seq (cond on sampled tp)] | Loss 1883085.293688 | MAPE 0.085274 | RMSE 86.621163 | Likelihood -1883082.672816 | KL fp 2.6209 | FP STD 0.2012|
Epoch 0087 [Val seq (cond on sampled tp)] |  MAPE 0.030786 | RMSE 96.737407 |
Epoch 0087 [Test seq (cond on sampled tp)] | MAPE 0.044086 | RMSE 312.093737|
0.050754450261592865,0.04466066136956215,0.03684156760573387
277.67802566551785,322.08314871706654,336.5200356219522
Experiment 06-19_23:42
Epoch 0088 [Train seq (cond on sampled tp)] | Loss 1854416.379486 | MAPE 0.078558 | RMSE 80.589793 | Likelihood -1854413.912295 | KL fp 2.4672 | FP STD 0.2082|
Epoch 0088 [Val seq (cond on sampled tp)] |  MAPE 0.040139 | RMSE 83.001244 |
Epoch 0088 [Test seq (cond on sampled tp)] | MAPE 0.057786 | RMSE 278.781228|
0.05248168855905533,0.056300655007362366,0.06457600742578506
240.28189824662198,299.09562904278624,296.9661570575004
Experiment 06-19_23:42
Epoch 0089 [Train seq (cond on sampled tp)] | Loss 1875426.450756 | MAPE 0.079734 | RMSE 83.000981 | Likelihood -1875423.885787 | KL fp 2.5650 | FP STD 0.1813|
Epoch 0089 [Val seq (cond on sampled tp)] |  MAPE 0.039282 | RMSE 82.927170 |
Epoch 0089 [Test seq (cond on sampled tp)] | MAPE 0.066386 | RMSE 320.675700|
0.06808941811323166,0.061344366520643234,0.06972374022006989
272.24259631806336,320.6925854693245,369.0919177522044
Experiment 06-19_23:42
Epoch 0090 [Train seq (cond on sampled tp)] | Loss 1861206.989003 | MAPE 0.081316 | RMSE 82.413514 | Likelihood -1861204.067538 | KL fp 2.9215 | FP STD 0.1563|
Epoch 0090 [Val seq (cond on sampled tp)] |  MAPE 0.031007 | RMSE 83.858384 |
Epoch 0090 [Test seq (cond on sampled tp)] | MAPE 0.049785 | RMSE 285.249482|
0.046984877437353134,0.04985787719488144,0.052513401955366135
225.36434909663507,276.9369428452983,353.4471539353514
Experiment 06-19_23:42
Epoch 0091 [Train seq (cond on sampled tp)] | Loss 1833184.117829 | MAPE 0.080130 | RMSE 76.220442 | Likelihood -1833181.546481 | KL fp 2.5713 | FP STD 0.1807|
Epoch 0091 [Val seq (cond on sampled tp)] |  MAPE 0.029223 | RMSE 85.463848 |
Epoch 0091 [Test seq (cond on sampled tp)] | MAPE 0.067004 | RMSE 293.652381|
0.06233777850866318,0.06486179679632187,0.07381293922662735
264.0196045040974,283.64079671743275,333.29674278336415
Experiment 06-19_23:42
Epoch 0092 [Train seq (cond on sampled tp)] | Loss 1851494.005818 | MAPE 0.074027 | RMSE 80.802696 | Likelihood -1851491.401357 | KL fp 2.6045 | FP STD 0.1904|
Epoch 0092 [Val seq (cond on sampled tp)] |  MAPE 0.029721 | RMSE 86.357409 |
Epoch 0092 [Test seq (cond on sampled tp)] | MAPE 0.049369 | RMSE 274.226581|
0.05192027986049652,0.045555051416158676,0.05063295364379883
257.8014467327521,257.85020178875175,307.02809317715537
Experiment 06-19_23:42
Epoch 0093 [Train seq (cond on sampled tp)] | Loss 1823508.782245 | MAPE 0.073568 | RMSE 74.938640 | Likelihood -1823506.245588 | KL fp 2.5367 | FP STD 0.1970|
Epoch 0093 [Val seq (cond on sampled tp)] |  MAPE 0.027291 | RMSE 82.092905 |
Epoch 0093 [Test seq (cond on sampled tp)] | MAPE 0.043608 | RMSE 287.921945|
0.04440892115235329,0.04227321967482567,0.04414227232336998
246.73088356800815,316.3948408436838,300.640111366564
Experiment 06-19_23:42
Epoch 0094 [Train seq (cond on sampled tp)] | Loss 1841905.607627 | MAPE 0.071126 | RMSE 78.720625 | Likelihood -1841903.275220 | KL fp 2.3324 | FP STD 0.2066|
Epoch 0094 [Val seq (cond on sampled tp)] |  MAPE 0.027839 | RMSE 88.746842 |
Epoch 0094 [Test seq (cond on sampled tp)] | MAPE 0.054444 | RMSE 264.380656|
0.05467547848820686,0.0519522987306118,0.05670449137687683
231.94715858358774,256.52672558137095,304.6680827146158
Experiment 06-19_23:42
Epoch 0095 [Train seq (cond on sampled tp)] | Loss 1842747.619342 | MAPE 0.068708 | RMSE 78.615527 | Likelihood -1842744.952520 | KL fp 2.6668 | FP STD 0.1892|
Epoch 0095 [Val seq (cond on sampled tp)] |  MAPE 0.029260 | RMSE 82.499518 |
Epoch 0095 [Test seq (cond on sampled tp)] | MAPE 0.047107 | RMSE 252.726313|
0.04871127009391785,0.04582267999649048,0.04678809642791748
216.1763602940895,237.95340766366428,304.04917108504014
Experiment 06-19_23:42
Epoch 0096 [Train seq (cond on sampled tp)] | Loss 1835505.291012 | MAPE 0.067108 | RMSE 75.701881 | Likelihood -1835502.773054 | KL fp 2.5180 | FP STD 0.1945|
Epoch 0096 [Val seq (cond on sampled tp)] |  MAPE 0.038425 | RMSE 88.754011 |
Epoch 0096 [Test seq (cond on sampled tp)] | MAPE 0.066537 | RMSE 256.961220|
0.0663396343588829,0.061712827533483505,0.07155890017747879
201.92736356484724,253.0287316936557,315.9275653729823
Experiment 06-19_23:42
Epoch 0097 [Train seq (cond on sampled tp)] | Loss 1837498.468398 | MAPE 0.069103 | RMSE 77.522169 | Likelihood -1837495.981020 | KL fp 2.4874 | FP STD 0.2176|
Epoch 0097 [Val seq (cond on sampled tp)] |  MAPE 0.037916 | RMSE 92.567342 |
Epoch 0097 [Test seq (cond on sampled tp)] | MAPE 0.061964 | RMSE 260.120300|
0.05367213115096092,0.058659136295318604,0.0735621452331543
218.15844120443748,239.6199953833152,322.5824628098992
Experiment 06-19_23:42
Epoch 0098 [Train seq (cond on sampled tp)] | Loss 1820715.843861 | MAPE 0.072445 | RMSE 73.373304 | Likelihood -1820713.290797 | KL fp 2.5531 | FP STD 0.2024|
Epoch 0098 [Val seq (cond on sampled tp)] |  MAPE 0.037941 | RMSE 87.632230 |
Epoch 0098 [Test seq (cond on sampled tp)] | MAPE 0.061316 | RMSE 273.930220|
0.058219268918037415,0.057378239929676056,0.06834959238767624
227.94020768888055,268.8659342962585,324.9845188620529
Experiment 06-19_23:42
Epoch 0099 [Train seq (cond on sampled tp)] | Loss 1852591.797029 | MAPE 0.075711 | RMSE 80.855921 | Likelihood -1852589.094722 | KL fp 2.7023 | FP STD 0.1691|
Epoch 0099 [Val seq (cond on sampled tp)] |  MAPE 0.031507 | RMSE 91.634965 |
Epoch 0099 [Test seq (cond on sampled tp)] | MAPE 0.049772 | RMSE 305.406895|
0.05627952888607979,0.04479939490556717,0.04823814705014229
276.6111892169223,274.5249163327438,365.08457924157796
Experiment 06-19_23:42
Epoch 0100 [Train seq (cond on sampled tp)] | Loss 1862848.775357 | MAPE 0.072982 | RMSE 81.778609 | Likelihood -1862846.536587 | KL fp 2.2388 | FP STD 0.2206|
Epoch 0100 [Val seq (cond on sampled tp)] |  MAPE 0.026590 | RMSE 87.080022 |
Epoch 0100 [Test seq (cond on sampled tp)] | MAPE 0.046192 | RMSE 315.876348|
0.04709753766655922,0.04399223253130913,0.04748673364520073
246.1130885258848,324.2337120041653,377.28224265793375
Experiment 06-19_23:42
Epoch 0101 [Train seq (cond on sampled tp)] | Loss 1854413.319365 | MAPE 0.074271 | RMSE 80.765868 | Likelihood -1854410.922620 | KL fp 2.3967 | FP STD 0.2072|
Epoch 0101 [Val seq (cond on sampled tp)] |  MAPE 0.030814 | RMSE 94.945585 |
Epoch 0101 [Test seq (cond on sampled tp)] | MAPE 0.049766 | RMSE 345.979276|
0.04983183369040489,0.04965879023075104,0.04980850964784622
295.1945730149862,347.7409012109447,395.0023536322284
Experiment 06-19_23:42
Epoch 0102 [Train seq (cond on sampled tp)] | Loss 1841184.415951 | MAPE 0.072655 | RMSE 78.149411 | Likelihood -1841181.905884 | KL fp 2.5101 | FP STD 0.1999|
Epoch 0102 [Val seq (cond on sampled tp)] |  MAPE 0.035163 | RMSE 88.384641 |
Epoch 0102 [Test seq (cond on sampled tp)] | MAPE 0.056418 | RMSE 265.772148|
0.05329369381070137,0.054664190858602524,0.06129670888185501
252.58764722616584,266.00951580723574,278.7192808185325
Experiment 06-19_23:42
Epoch 0103 [Train seq (cond on sampled tp)] | Loss 1841613.619682 | MAPE 0.076330 | RMSE 78.037946 | Likelihood -1841611.185515 | KL fp 2.4342 | FP STD 0.2355|
Epoch 0103 [Val seq (cond on sampled tp)] |  MAPE 0.029808 | RMSE 79.656137 |
Epoch 0103 [Test seq (cond on sampled tp)] | MAPE 0.051667 | RMSE 243.215953|
0.04868876934051514,0.05048108100891113,0.0558314323425293
228.21962078774033,235.35122523316082,266.0770124653763
Experiment 06-19_23:42
Epoch 0104 [Train seq (cond on sampled tp)] | Loss 1836284.928037 | MAPE 0.070023 | RMSE 77.926574 | Likelihood -1836282.523946 | KL fp 2.4041 | FP STD 0.2075|
Epoch 0104 [Val seq (cond on sampled tp)] |  MAPE 0.029563 | RMSE 90.253346 |
Epoch 0104 [Test seq (cond on sampled tp)] | MAPE 0.043892 | RMSE 265.814459|
0.0498385988175869,0.04121001064777374,0.040626030415296555
247.5395880586578,269.21014386998866,280.6936441656633
Experiment 06-19_23:42
Epoch 0105 [Train seq (cond on sampled tp)] | Loss 1831497.105114 | MAPE 0.069162 | RMSE 76.590364 | Likelihood -1831494.656251 | KL fp 2.4489 | FP STD 0.2303|
Epoch 0105 [Val seq (cond on sampled tp)] |  MAPE 0.026120 | RMSE 83.985810 |
Epoch 0105 [Test seq (cond on sampled tp)] | MAPE 0.052189 | RMSE 267.398731|
0.046692389994859695,0.04706483706831932,0.06281118839979172
226.13571008356905,271.3473759546976,304.7131078982327
Experiment 06-19_23:42
Epoch 0106 [Train seq (cond on sampled tp)] | Loss 1840500.957149 | MAPE 0.072751 | RMSE 77.936874 | Likelihood -1840498.805407 | KL fp 2.1517 | FP STD 0.2667|
Epoch 0106 [Val seq (cond on sampled tp)] |  MAPE 0.028263 | RMSE 87.398088 |
Epoch 0106 [Test seq (cond on sampled tp)] | MAPE 0.046493 | RMSE 263.355821|
0.05004670470952988,0.04076298698782921,0.048668187111616135
219.8883772223989,270.01332432400443,300.16576149687694
Experiment 06-19_23:42
Epoch 0107 [Train seq (cond on sampled tp)] | Loss 1843764.836354 | MAPE 0.070834 | RMSE 76.745163 | Likelihood -1843762.358731 | KL fp 2.4776 | FP STD 0.2260|
Epoch 0107 [Val seq (cond on sampled tp)] |  MAPE 0.033251 | RMSE 89.676077 |
Epoch 0107 [Test seq (cond on sampled tp)] | MAPE 0.071881 | RMSE 278.177137|
0.07232273370027542,0.07320167124271393,0.07011869549751282
242.8902224385535,292.09036487018875,299.5508225869193
Experiment 06-19_23:42
Epoch 0108 [Train seq (cond on sampled tp)] | Loss 1856670.154641 | MAPE 0.079020 | RMSE 82.617217 | Likelihood -1856667.238235 | KL fp 2.9164 | FP STD 0.1539|
Epoch 0108 [Val seq (cond on sampled tp)] |  MAPE 0.030101 | RMSE 96.274251 |
Epoch 0108 [Test seq (cond on sampled tp)] | MAPE 0.061807 | RMSE 316.062690|
0.06326967477798462,0.060174982994794846,0.06197550520300865
301.5588924654685,332.52632649536184,314.1028518853339
Experiment 06-19_23:42
Epoch 0109 [Train seq (cond on sampled tp)] | Loss 1830756.736557 | MAPE 0.074091 | RMSE 76.323527 | Likelihood -1830753.766171 | KL fp 2.9704 | FP STD 0.1363|
Epoch 0109 [Val seq (cond on sampled tp)] |  MAPE 0.028177 | RMSE 75.892409 |
Epoch 0109 [Test seq (cond on sampled tp)] | MAPE 0.052754 | RMSE 244.741939|
0.05555998533964157,0.04808131605386734,0.05461924895644188
214.7242872412201,250.82325388109453,268.67827531268694
Experiment 06-19_23:42
Epoch 0110 [Train seq (cond on sampled tp)] | Loss 1854989.851540 | MAPE 0.070643 | RMSE 78.211582 | Likelihood -1854987.174051 | KL fp 2.6775 | FP STD 0.1806|
Epoch 0110 [Val seq (cond on sampled tp)] |  MAPE 0.029316 | RMSE 77.574032 |
Epoch 0110 [Test seq (cond on sampled tp)] | MAPE 0.068511 | RMSE 284.120274|
0.06878001242876053,0.06432979553937912,0.0724240392446518
218.2574186167563,321.27999616767306,312.823407651985
Experiment 06-19_23:42
Epoch 0111 [Train seq (cond on sampled tp)] | Loss 1831259.245966 | MAPE 0.074809 | RMSE 76.415125 | Likelihood -1831256.588191 | KL fp 2.6578 | FP STD 0.1839|
Epoch 0111 [Val seq (cond on sampled tp)] |  MAPE 0.029048 | RMSE 92.133994 |
Epoch 0111 [Test seq (cond on sampled tp)] | MAPE 0.051174 | RMSE 285.729214|
0.049753088504076004,0.05015469342470169,0.05361286178231239
260.92861511819666,280.9673579795347,315.291668043258
Experiment 06-19_23:42
Epoch 0112 [Train seq (cond on sampled tp)] | Loss 1850456.725661 | MAPE 0.075735 | RMSE 80.170779 | Likelihood -1850454.231832 | KL fp 2.4938 | FP STD 0.2050|
Epoch 0112 [Val seq (cond on sampled tp)] |  MAPE 0.029096 | RMSE 81.566107 |
Epoch 0112 [Test seq (cond on sampled tp)] | MAPE 0.058802 | RMSE 251.351596|
0.05539771914482117,0.05637848749756813,0.06463125348091125
204.26819648136615,255.3969413604047,294.3896493170234
Experiment 06-19_23:42
Epoch 0113 [Train seq (cond on sampled tp)] | Loss 1849764.511981 | MAPE 0.071113 | RMSE 80.497626 | Likelihood -1849761.802897 | KL fp 2.7091 | FP STD 0.1777|
Epoch 0113 [Val seq (cond on sampled tp)] |  MAPE 0.025944 | RMSE 82.931453 |
Epoch 0113 [Test seq (cond on sampled tp)] | MAPE 0.047244 | RMSE 272.087584|
0.04873991757631302,0.04337796941399574,0.04961364343762398
224.673739147458,271.50256099160464,320.08645072464407
Experiment 06-19_23:42
Epoch 0114 [Train seq (cond on sampled tp)] | Loss 1855935.455822 | MAPE 0.075186 | RMSE 81.404903 | Likelihood -1855932.883610 | KL fp 2.5722 | FP STD 0.1952|
Epoch 0114 [Val seq (cond on sampled tp)] |  MAPE 0.027498 | RMSE 88.892607 |
Epoch 0114 [Test seq (cond on sampled tp)] | MAPE 0.044414 | RMSE 288.218039|
0.052181124687194824,0.0389522910118103,0.042108457535505295
267.9794039427284,278.6539913136002,318.020722103922
Experiment 06-19_23:42
Epoch 0115 [Train seq (cond on sampled tp)] | Loss 1869255.834319 | MAPE 0.073561 | RMSE 82.050192 | Likelihood -1869253.169693 | KL fp 2.6646 | FP STD 0.1768|
Epoch 0115 [Val seq (cond on sampled tp)] |  MAPE 0.029307 | RMSE 89.874565 |
Epoch 0115 [Test seq (cond on sampled tp)] | MAPE 0.058377 | RMSE 297.187586|
0.05635662004351616,0.05648358538746834,0.06229172646999359
295.30994046509846,288.3988665893124,307.85395025482455
Experiment 06-19_23:42
Epoch 0116 [Train seq (cond on sampled tp)] | Loss 1850258.559797 | MAPE 0.083961 | RMSE 80.851687 | Likelihood -1850255.721985 | KL fp 2.8378 | FP STD 0.1564|
Epoch 0116 [Val seq (cond on sampled tp)] |  MAPE 0.028614 | RMSE 97.238507 |
Epoch 0116 [Test seq (cond on sampled tp)] | MAPE 0.043698 | RMSE 292.397496|
0.049223966896533966,0.04099415987730026,0.0408761166036129
255.1805733201491,279.64039407782275,342.37152015391115
Experiment 06-19_23:42
Epoch 0117 [Train seq (cond on sampled tp)] | Loss 1834003.075387 | MAPE 0.074819 | RMSE 78.717760 | Likelihood -1834000.310731 | KL fp 2.7647 | FP STD 0.1527|
Epoch 0117 [Val seq (cond on sampled tp)] |  MAPE 0.029512 | RMSE 89.569977 |
Epoch 0117 [Test seq (cond on sampled tp)] | MAPE 0.055426 | RMSE 276.244444|
0.05223636329174042,0.05414111167192459,0.05989939719438553
238.43880242108247,293.5192444712953,296.77528588563433
Experiment 06-19_23:42
Epoch 0118 [Train seq (cond on sampled tp)] | Loss 1860815.226217 | MAPE 0.076023 | RMSE 80.166018 | Likelihood -1860812.599456 | KL fp 2.6268 | FP STD 0.1660|
Epoch 0118 [Val seq (cond on sampled tp)] |  MAPE 0.038996 | RMSE 93.805655 |
Epoch 0118 [Test seq (cond on sampled tp)] | MAPE 0.073419 | RMSE 311.299254|
0.07440242916345596,0.06462804973125458,0.0812256783246994
270.65232252375,330.14756407173445,333.09787647551883
Experiment 06-19_23:42
Epoch 0119 [Train seq (cond on sampled tp)] | Loss 1838233.798120 | MAPE 0.073118 | RMSE 76.415423 | Likelihood -1838231.294588 | KL fp 2.5035 | FP STD 0.2039|
Epoch 0119 [Val seq (cond on sampled tp)] |  MAPE 0.028649 | RMSE 89.199650 |
Epoch 0119 [Test seq (cond on sampled tp)] | MAPE 0.046187 | RMSE 311.120069|
0.05213499069213867,0.043207798153162,0.04321744665503502
249.1611316623241,314.839008959341,369.36006738005665
Experiment 06-19_23:42
Epoch 0120 [Train seq (cond on sampled tp)] | Loss 1842446.322300 | MAPE 0.071660 | RMSE 80.077368 | Likelihood -1842443.800287 | KL fp 2.5220 | FP STD 0.1917|
Epoch 0120 [Val seq (cond on sampled tp)] |  MAPE 0.027363 | RMSE 89.099655 |
Epoch 0120 [Test seq (cond on sampled tp)] | MAPE 0.050455 | RMSE 287.071133|
0.048935722559690475,0.04480617493391037,0.057621754705905914
229.24671991928258,268.53894328849213,363.4277352514527
Experiment 06-19_23:42
Epoch 0121 [Train seq (cond on sampled tp)] | Loss 1855850.404612 | MAPE 0.072627 | RMSE 81.391893 | Likelihood -1855848.016038 | KL fp 2.3886 | FP STD 0.1958|
Epoch 0121 [Val seq (cond on sampled tp)] |  MAPE 0.028562 | RMSE 76.942869 |
Epoch 0121 [Test seq (cond on sampled tp)] | MAPE 0.055485 | RMSE 278.230912|
0.05832997336983681,0.051939476281404495,0.05618657171726227
224.28769192713185,277.9788661031626,332.42617836521237
Experiment 06-19_23:42
Epoch 0122 [Train seq (cond on sampled tp)] | Loss 1836826.721029 | MAPE 0.069381 | RMSE 76.462090 | Likelihood -1836823.828410 | KL fp 2.8926 | FP STD 0.1595|
Epoch 0122 [Val seq (cond on sampled tp)] |  MAPE 0.026850 | RMSE 79.913268 |
Epoch 0122 [Test seq (cond on sampled tp)] | MAPE 0.046207 | RMSE 306.446389|
0.0508878119289875,0.04348428174853325,0.04425034299492836
275.80932045527396,314.30862867967846,329.2212164715391
Experiment 06-19_23:42
Epoch 0123 [Train seq (cond on sampled tp)] | Loss 1844526.501759 | MAPE 0.070167 | RMSE 79.887850 | Likelihood -1844523.836045 | KL fp 2.6657 | FP STD 0.1848|
Epoch 0123 [Val seq (cond on sampled tp)] |  MAPE 0.024773 | RMSE 89.563291 |
Epoch 0123 [Test seq (cond on sampled tp)] | MAPE 0.048959 | RMSE 280.739771|
0.04886841028928757,0.05083956941962242,0.04716838151216507
246.6140392901426,311.4639701273648,284.14130507548526
Experiment 06-19_23:42
Epoch 0124 [Train seq (cond on sampled tp)] | Loss 1880407.775485 | MAPE 0.076901 | RMSE 85.257826 | Likelihood -1880405.302584 | KL fp 2.4729 | FP STD 0.1989|
Epoch 0124 [Val seq (cond on sampled tp)] |  MAPE 0.031673 | RMSE 94.284306 |
Epoch 0124 [Test seq (cond on sampled tp)] | MAPE 0.049431 | RMSE 300.045199|
0.05347628891468048,0.04695772007107735,0.04785776883363724
273.6782297470882,326.8884198966063,299.568948136318
Experiment 06-19_23:42
Epoch 0125 [Train seq (cond on sampled tp)] | Loss 1862351.606442 | MAPE 0.069250 | RMSE 81.067395 | Likelihood -1862349.260517 | KL fp 2.3459 | FP STD 0.2366|
Epoch 0125 [Val seq (cond on sampled tp)] |  MAPE 0.025624 | RMSE 90.632360 |
Epoch 0125 [Test seq (cond on sampled tp)] | MAPE 0.059466 | RMSE 284.270583|
0.04985077306628227,0.05964226648211479,0.06890504062175751
243.05223846942863,282.54872367434257,327.21078594309813
Experiment 06-19_23:42
Epoch 0126 [Train seq (cond on sampled tp)] | Loss 1843948.028499 | MAPE 0.072469 | RMSE 76.974398 | Likelihood -1843945.314963 | KL fp 2.7135 | FP STD 0.1844|
Epoch 0126 [Val seq (cond on sampled tp)] |  MAPE 0.024821 | RMSE 88.398724 |
Epoch 0126 [Test seq (cond on sampled tp)] | MAPE 0.047799 | RMSE 256.978173|
0.04636775329709053,0.043620772659778595,0.05340757220983505
228.66226117901485,244.23431052475,298.0379458852513
Experiment 06-19_23:42
Epoch 0127 [Train seq (cond on sampled tp)] | Loss 1855290.484015 | MAPE 0.069903 | RMSE 81.277916 | Likelihood -1855287.926696 | KL fp 2.5573 | FP STD 0.2133|
Epoch 0127 [Val seq (cond on sampled tp)] |  MAPE 0.029285 | RMSE 94.721833 |
Epoch 0127 [Test seq (cond on sampled tp)] | MAPE 0.045194 | RMSE 284.758635|
0.04936571419239044,0.04215829819440842,0.04405657574534416
253.0248412952768,282.1114861628289,319.13957810415803
Experiment 06-19_23:42
Epoch 0128 [Train seq (cond on sampled tp)] | Loss 1875423.457376 | MAPE 0.070788 | RMSE 86.722967 | Likelihood -1875420.966797 | KL fp 2.4906 | FP STD 0.2170|
Epoch 0128 [Val seq (cond on sampled tp)] |  MAPE 0.027038 | RMSE 90.984036 |
Epoch 0128 [Test seq (cond on sampled tp)] | MAPE 0.049098 | RMSE 317.302774|
0.05569982901215553,0.045126426964998245,0.0464666411280632
290.9154865463508,318.7073868574433,342.28544831032474
Experiment 06-19_23:42
Epoch 0129 [Train seq (cond on sampled tp)] | Loss 1849467.043250 | MAPE 0.069601 | RMSE 79.095613 | Likelihood -1849464.452644 | KL fp 2.5906 | FP STD 0.1911|
Epoch 0129 [Val seq (cond on sampled tp)] |  MAPE 0.028060 | RMSE 85.094203 |
Epoch 0129 [Test seq (cond on sampled tp)] | MAPE 0.055585 | RMSE 288.156300|
0.05223197489976883,0.054932910948991776,0.059589337557554245
253.68623737059525,292.49457794119877,318.2880844258861
Experiment 06-19_23:42
Epoch 0130 [Train seq (cond on sampled tp)] | Loss 1855743.955572 | MAPE 0.079592 | RMSE 81.756090 | Likelihood -1855741.083756 | KL fp 2.8718 | FP STD 0.1519|
Epoch 0130 [Val seq (cond on sampled tp)] |  MAPE 0.029278 | RMSE 90.755219 |
Epoch 0130 [Test seq (cond on sampled tp)] | MAPE 0.047136 | RMSE 306.046028|
0.057759203016757965,0.04373100772500038,0.03991655632853508
296.07511979648,308.33840226689244,313.72456321190407
Experiment 06-19_23:42
Epoch 0131 [Train seq (cond on sampled tp)] | Loss 1860016.307101 | MAPE 0.073759 | RMSE 82.982456 | Likelihood -1860013.699976 | KL fp 2.6071 | FP STD 0.1736|
Epoch 0131 [Val seq (cond on sampled tp)] |  MAPE 0.037097 | RMSE 88.016459 |
Epoch 0131 [Test seq (cond on sampled tp)] | MAPE 0.057243 | RMSE 282.707687|
0.0608883760869503,0.04701637476682663,0.06382409483194351
268.87377963460847,280.1023947818012,299.1468859523696
Experiment 06-19_23:42
Epoch 0132 [Train seq (cond on sampled tp)] | Loss 1885989.960228 | MAPE 0.076940 | RMSE 85.342091 | Likelihood -1885987.516012 | KL fp 2.4442 | FP STD 0.2031|
Epoch 0132 [Val seq (cond on sampled tp)] |  MAPE 0.026641 | RMSE 88.080374 |
Epoch 0132 [Test seq (cond on sampled tp)] | MAPE 0.063103 | RMSE 263.133764|
0.05180942267179489,0.06741800159215927,0.07008108496665955
220.98533781961643,288.03248243470733,280.38347067008067
Experiment 06-19_23:42
Epoch 0133 [Train seq (cond on sampled tp)] | Loss 1848229.702394 | MAPE 0.081397 | RMSE 80.833830 | Likelihood -1848226.954295 | KL fp 2.7481 | FP STD 0.1715|
Epoch 0133 [Val seq (cond on sampled tp)] |  MAPE 0.028942 | RMSE 91.501937 |
Epoch 0133 [Test seq (cond on sampled tp)] | MAPE 0.044725 | RMSE 280.901628|
0.04909602552652359,0.04337191954255104,0.04170610383152962
240.7055222413894,301.6618424453116,300.33751846880534
Experiment 06-19_23:42
Epoch 0134 [Train seq (cond on sampled tp)] | Loss 1846539.259805 | MAPE 0.074881 | RMSE 80.361556 | Likelihood -1846536.466482 | KL fp 2.7933 | FP STD 0.1528|
Epoch 0134 [Val seq (cond on sampled tp)] |  MAPE 0.028310 | RMSE 93.379858 |
Epoch 0134 [Test seq (cond on sampled tp)] | MAPE 0.046495 | RMSE 267.824443|
0.05062217637896538,0.04306960105895996,0.04579446092247963
227.26280560729685,263.5234661040644,312.68705651577585
Experiment 06-19_23:42
Epoch 0135 [Train seq (cond on sampled tp)] | Loss 1848747.848671 | MAPE 0.076275 | RMSE 78.258376 | Likelihood -1848745.427959 | KL fp 2.4207 | FP STD 0.1938|
Epoch 0135 [Val seq (cond on sampled tp)] |  MAPE 0.028074 | RMSE 93.280182 |
Epoch 0135 [Test seq (cond on sampled tp)] | MAPE 0.050802 | RMSE 317.858200|
0.04949980601668358,0.048169706016778946,0.05473504588007927
265.60945542751296,317.77885146356107,370.1862917842853
Experiment 06-19_23:42
Epoch 0136 [Train seq (cond on sampled tp)] | Loss 1835207.924229 | MAPE 0.082683 | RMSE 76.999988 | Likelihood -1835205.261741 | KL fp 2.6625 | FP STD 0.1628|
Epoch 0136 [Val seq (cond on sampled tp)] |  MAPE 0.030108 | RMSE 100.337531 |
Epoch 0136 [Test seq (cond on sampled tp)] | MAPE 0.051531 | RMSE 329.403514|
0.05414725840091705,0.04991643503308296,0.050530269742012024
301.7511909669952,329.4969058086889,356.96244550372523
Experiment 06-19_23:42
Epoch 0137 [Train seq (cond on sampled tp)] | Loss 1831244.471350 | MAPE 0.076561 | RMSE 76.592008 | Likelihood -1831242.025720 | KL fp 2.4456 | FP STD 0.2097|
Epoch 0137 [Val seq (cond on sampled tp)] |  MAPE 0.031031 | RMSE 99.961584 |
Epoch 0137 [Test seq (cond on sampled tp)] | MAPE 0.049983 | RMSE 302.559229|
0.04779138043522835,0.05121496692299843,0.050944048911333084
285.0045092845024,295.41780529869897,327.25537142268576
Experiment 06-19_23:42
Epoch 0138 [Train seq (cond on sampled tp)] | Loss 1836648.801889 | MAPE 0.077292 | RMSE 77.047526 | Likelihood -1836646.518031 | KL fp 2.2839 | FP STD 0.2507|
Epoch 0138 [Val seq (cond on sampled tp)] |  MAPE 0.030255 | RMSE 87.967701 |
Epoch 0138 [Test seq (cond on sampled tp)] | MAPE 0.052302 | RMSE 299.791090|
0.05436654016375542,0.04660835117101669,0.05593245476484299
250.70974253107914,285.95675481617843,362.7067729240798
Experiment 06-19_23:42
Epoch 0139 [Train seq (cond on sampled tp)] | Loss 1842555.846560 | MAPE 0.077886 | RMSE 78.795333 | Likelihood -1842553.263573 | KL fp 2.5830 | FP STD 0.1939|
Epoch 0139 [Val seq (cond on sampled tp)] |  MAPE 0.025959 | RMSE 79.612262 |
Epoch 0139 [Test seq (cond on sampled tp)] | MAPE 0.064210 | RMSE 283.211350|
0.05929837003350258,0.06533718854188919,0.06799425929784775
233.4843242864497,298.4271398725324,317.7225843798328
Experiment 06-19_23:42
Epoch 0140 [Train seq (cond on sampled tp)] | Loss 1852457.092645 | MAPE 0.076021 | RMSE 81.086176 | Likelihood -1852454.619962 | KL fp 2.4727 | FP STD 0.1935|
Epoch 0140 [Val seq (cond on sampled tp)] |  MAPE 0.030226 | RMSE 94.226845 |
Epoch 0140 [Test seq (cond on sampled tp)] | MAPE 0.060801 | RMSE 294.092470|
0.055291254073381424,0.057372450828552246,0.06974032521247864
231.6976579240714,298.29586298673337,352.2838876531256
Experiment 06-19_23:42
Epoch 0141 [Train seq (cond on sampled tp)] | Loss 1842890.916806 | MAPE 0.076528 | RMSE 78.106948 | Likelihood -1842888.326392 | KL fp 2.5904 | FP STD 0.1873|
Epoch 0141 [Val seq (cond on sampled tp)] |  MAPE 0.032357 | RMSE 96.961695 |
Epoch 0141 [Test seq (cond on sampled tp)] | MAPE 0.076002 | RMSE 255.587781|
0.07297519594430923,0.07628229260444641,0.07874781638383865
207.8150281801102,242.27712857645065,316.67118691949224
Experiment 06-19_23:42
Epoch 0142 [Train seq (cond on sampled tp)] | Loss 1839792.871287 | MAPE 0.077130 | RMSE 77.106507 | Likelihood -1839790.148320 | KL fp 2.7230 | FP STD 0.1543|
Epoch 0142 [Val seq (cond on sampled tp)] |  MAPE 0.026984 | RMSE 93.239653 |
Epoch 0142 [Test seq (cond on sampled tp)] | MAPE 0.046506 | RMSE 266.211057|
0.04996565729379654,0.044071782380342484,0.04547986388206482
225.0489703653407,258.4968870702315,315.08731428764315
Experiment 06-19_23:42
Epoch 0143 [Train seq (cond on sampled tp)] | Loss 1852529.416261 | MAPE 0.075910 | RMSE 80.787266 | Likelihood -1852526.990775 | KL fp 2.4255 | FP STD 0.1977|
Epoch 0143 [Val seq (cond on sampled tp)] |  MAPE 0.027969 | RMSE 91.706664 |
Epoch 0143 [Test seq (cond on sampled tp)] | MAPE 0.044826 | RMSE 269.255356|
0.04981803894042969,0.042322300374507904,0.042337577790021896
212.66558805728303,288.31929457634294,306.7811847432955
Experiment 06-19_23:42
Epoch 0144 [Train seq (cond on sampled tp)] | Loss 1839234.698133 | MAPE 0.075041 | RMSE 78.688011 | Likelihood -1839232.289694 | KL fp 2.4084 | FP STD 0.2143|
Epoch 0144 [Val seq (cond on sampled tp)] |  MAPE 0.027321 | RMSE 87.170748 |
Epoch 0144 [Test seq (cond on sampled tp)] | MAPE 0.047164 | RMSE 302.828273|
0.04894491657614708,0.04574616253376007,0.046801429241895676
245.8000171633436,300.94667042102327,361.7381325800475
Experiment 06-19_23:42
Epoch 0145 [Train seq (cond on sampled tp)] | Loss 1825008.354021 | MAPE 0.073946 | RMSE 75.483917 | Likelihood -1825005.822169 | KL fp 2.5319 | FP STD 0.1841|
Epoch 0145 [Val seq (cond on sampled tp)] |  MAPE 0.027011 | RMSE 91.586270 |
Epoch 0145 [Test seq (cond on sampled tp)] | MAPE 0.049498 | RMSE 290.164253|
0.04863348230719566,0.04911929368972778,0.050740234553813934
248.0242474915507,289.5291975777227,332.93931269452094
Experiment 06-19_23:42
Epoch 0146 [Train seq (cond on sampled tp)] | Loss 1824593.740521 | MAPE 0.078125 | RMSE 76.504299 | Likelihood -1824591.329620 | KL fp 2.4109 | FP STD 0.2049|
Epoch 0146 [Val seq (cond on sampled tp)] |  MAPE 0.027583 | RMSE 89.270823 |
Epoch 0146 [Test seq (cond on sampled tp)] | MAPE 0.051082 | RMSE 336.459997|
0.05274117738008499,0.04757392778992653,0.05293165147304535
316.4186062402146,312.1399050305808,380.8214804865923
Experiment 06-19_23:42
Epoch 0147 [Train seq (cond on sampled tp)] | Loss 1821523.664589 | MAPE 0.078477 | RMSE 75.383391 | Likelihood -1821521.040874 | KL fp 2.6237 | FP STD 0.1756|
Epoch 0147 [Val seq (cond on sampled tp)] |  MAPE 0.030824 | RMSE 96.950731 |
Epoch 0147 [Test seq (cond on sampled tp)] | MAPE 0.048989 | RMSE 346.667307|
0.054992444813251495,0.044080086052417755,0.04789511486887932
324.89543991105813,326.8524968353462,388.25398420363956
Experiment 06-19_23:42
Epoch 0148 [Train seq (cond on sampled tp)] | Loss 1836407.858399 | MAPE 0.080745 | RMSE 76.661539 | Likelihood -1836405.354383 | KL fp 2.5040 | FP STD 0.2018|
Epoch 0148 [Val seq (cond on sampled tp)] |  MAPE 0.033821 | RMSE 95.684464 |
Epoch 0148 [Test seq (cond on sampled tp)] | MAPE 0.057380 | RMSE 301.325603|
0.061763305217027664,0.05379156768321991,0.05658489465713501
280.8509947463245,297.2762025877618,325.84961063349454
Experiment 06-19_23:42
Epoch 0149 [Train seq (cond on sampled tp)] | Loss 1864046.616092 | MAPE 0.080082 | RMSE 80.500297 | Likelihood -1864044.230473 | KL fp 2.3856 | FP STD 0.2029|
Epoch 0149 [Val seq (cond on sampled tp)] |  MAPE 0.027580 | RMSE 93.367888 |
Epoch 0149 [Test seq (cond on sampled tp)] | MAPE 0.044717 | RMSE 296.306913|
0.05037887766957283,0.042287930846214294,0.0414850115776062
241.69614672921452,291.81767370654575,355.4069190730535
Experiment 06-19_23:42
Epoch 0150 [Train seq (cond on sampled tp)] | Loss 1843279.279792 | MAPE 0.074499 | RMSE 78.330744 | Likelihood -1843276.540088 | KL fp 2.7397 | FP STD 0.1471|
Epoch 0150 [Val seq (cond on sampled tp)] |  MAPE 0.028014 | RMSE 87.785636 |
Epoch 0150 [Test seq (cond on sampled tp)] | MAPE 0.046024 | RMSE 280.795982|
0.04940824583172798,0.04155343770980835,0.04711161181330681
216.29346564621412,288.21027751018875,337.8842026123743
Experiment 06-19_23:42
Epoch 0151 [Train seq (cond on sampled tp)] | Loss 1833756.314591 | MAPE 0.074943 | RMSE 76.858290 | Likelihood -1833753.583246 | KL fp 2.7313 | FP STD 0.1589|
Epoch 0151 [Val seq (cond on sampled tp)] |  MAPE 0.027400 | RMSE 89.210387 |
Epoch 0151 [Test seq (cond on sampled tp)] | MAPE 0.047108 | RMSE 268.137752|
0.04997936636209488,0.042444296181201935,0.0488993339240551
239.27723199251534,229.64788774066702,335.4881355018386
Experiment 06-19_23:42
Epoch 0152 [Train seq (cond on sampled tp)] | Loss 1845336.107785 | MAPE 0.075592 | RMSE 79.459240 | Likelihood -1845333.370789 | KL fp 2.7370 | FP STD 0.1592|
Epoch 0152 [Val seq (cond on sampled tp)] |  MAPE 0.030422 | RMSE 97.308275 |
Epoch 0152 [Test seq (cond on sampled tp)] | MAPE 0.047259 | RMSE 289.387953|
0.051311004906892776,0.042044416069984436,0.0484229251742363
250.91229636817323,271.37836824257016,345.8731929840762
Experiment 06-19_23:42
Epoch 0153 [Train seq (cond on sampled tp)] | Loss 1837289.164176 | MAPE 0.075904 | RMSE 78.137413 | Likelihood -1837286.681162 | KL fp 2.4830 | FP STD 0.2070|
Epoch 0153 [Val seq (cond on sampled tp)] |  MAPE 0.032512 | RMSE 95.443327 |
Epoch 0153 [Test seq (cond on sampled tp)] | MAPE 0.055105 | RMSE 290.010316|
0.05830954760313034,0.05468359962105751,0.05232243239879608
266.37674506701967,284.36490366692584,319.28929867754727
Experiment 06-19_23:42
Epoch 0154 [Train seq (cond on sampled tp)] | Loss 1850686.173857 | MAPE 0.077633 | RMSE 80.226316 | Likelihood -1850683.685498 | KL fp 2.4884 | FP STD 0.1769|
Epoch 0154 [Val seq (cond on sampled tp)] |  MAPE 0.028553 | RMSE 86.394204 |
Epoch 0154 [Test seq (cond on sampled tp)] | MAPE 0.062974 | RMSE 269.353539|
0.06107310578227043,0.06303416937589645,0.0648149773478508
218.58253411183154,253.85455050579654,335.62353351634926
Experiment 06-19_23:42
Epoch 0155 [Train seq (cond on sampled tp)] | Loss 1877668.697262 | MAPE 0.081744 | RMSE 83.124370 | Likelihood -1877666.249526 | KL fp 2.4477 | FP STD 0.1821|
Epoch 0155 [Val seq (cond on sampled tp)] |  MAPE 0.030646 | RMSE 94.418321 |
Epoch 0155 [Test seq (cond on sampled tp)] | MAPE 0.043221 | RMSE 287.029131|
0.049518976360559464,0.04187242314219475,0.038272272795438766
233.02766902505377,289.48352446641934,338.5762008027144
Experiment 06-19_23:42
Epoch 0156 [Train seq (cond on sampled tp)] | Loss 1856096.880280 | MAPE 0.081605 | RMSE 81.320860 | Likelihood -1856094.450988 | KL fp 2.4293 | FP STD 0.2424|
Epoch 0156 [Val seq (cond on sampled tp)] |  MAPE 0.039393 | RMSE 93.444215 |
Epoch 0156 [Test seq (cond on sampled tp)] | MAPE 0.062177 | RMSE 280.891657|
0.06532935798168182,0.05614118278026581,0.06506027281284332
246.7662260369113,284.91458423973313,310.99415941059084
Experiment 06-19_23:42
Epoch 0157 [Train seq (cond on sampled tp)] | Loss 1851354.137462 | MAPE 0.074095 | RMSE 79.906209 | Likelihood -1851351.823989 | KL fp 2.3135 | FP STD 0.2213|
Epoch 0157 [Val seq (cond on sampled tp)] |  MAPE 0.027074 | RMSE 102.014710 |
Epoch 0157 [Test seq (cond on sampled tp)] | MAPE 0.046355 | RMSE 282.953451|
0.0496988520026207,0.04254025220870972,0.04682676121592522
229.21644724473853,281.24486106416236,338.3990455992747
Experiment 06-19_23:42
Epoch 0158 [Train seq (cond on sampled tp)] | Loss 1866776.659618 | MAPE 0.077834 | RMSE 83.015681 | Likelihood -1866774.362035 | KL fp 2.2976 | FP STD 0.2590|
Epoch 0158 [Val seq (cond on sampled tp)] |  MAPE 0.027737 | RMSE 99.076990 |
Epoch 0158 [Test seq (cond on sampled tp)] | MAPE 0.044092 | RMSE 296.098484|
0.04876934736967087,0.04447696730494499,0.039029739797115326
242.2379866732301,321.45361980774146,324.6038450942934
Experiment 06-19_23:42
Epoch 0159 [Train seq (cond on sampled tp)] | Loss 1843269.015179 | MAPE 0.071833 | RMSE 79.416264 | Likelihood -1843266.721273 | KL fp 2.2939 | FP STD 0.2434|
Epoch 0159 [Val seq (cond on sampled tp)] |  MAPE 0.026914 | RMSE 93.144770 |
Epoch 0159 [Test seq (cond on sampled tp)] | MAPE 0.046929 | RMSE 254.188871|
0.04441743716597557,0.04599252715706825,0.05037832260131836
195.62542931262797,257.8175984344358,309.1235847116813
Experiment 06-19_23:42
Epoch 0160 [Train seq (cond on sampled tp)] | Loss 1838293.319881 | MAPE 0.070425 | RMSE 75.790379 | Likelihood -1838290.750765 | KL fp 2.5691 | FP STD 0.1865|
Epoch 0160 [Val seq (cond on sampled tp)] |  MAPE 0.029434 | RMSE 85.356419 |
Epoch 0160 [Test seq (cond on sampled tp)] | MAPE 0.062858 | RMSE 261.231508|
0.06358331441879272,0.06004549190402031,0.06494630873203278
198.27269731357367,281.4262086897736,303.9956182866786
Experiment 06-19_23:42
Epoch 0161 [Train seq (cond on sampled tp)] | Loss 1842564.309099 | MAPE 0.076768 | RMSE 78.714990 | Likelihood -1842561.375723 | KL fp 2.9334 | FP STD 0.1557|
Epoch 0161 [Val seq (cond on sampled tp)] |  MAPE 0.029640 | RMSE 92.801194 |
Epoch 0161 [Test seq (cond on sampled tp)] | MAPE 0.059634 | RMSE 260.138579|
0.05993915721774101,0.057671647518873215,0.061290301382541656
200.47113453375277,279.4951084097895,300.4494939877583
Experiment 06-19_23:42
Epoch 0162 [Train seq (cond on sampled tp)] | Loss 1872990.174714 | MAPE 0.069518 | RMSE 86.293584 | Likelihood -1872987.367215 | KL fp 2.8075 | FP STD 0.1425|
Epoch 0162 [Val seq (cond on sampled tp)] |  MAPE 0.028901 | RMSE 93.551310 |
Epoch 0162 [Test seq (cond on sampled tp)] | MAPE 0.043455 | RMSE 235.160209|
0.047271374613046646,0.037755005061626434,0.04533921554684639
209.4263369898829,229.9066726413133,266.1476182262393
Experiment 06-19_23:42
Epoch 0163 [Train seq (cond on sampled tp)] | Loss 1854097.273970 | MAPE 0.067503 | RMSE 81.181332 | Likelihood -1854094.349537 | KL fp 2.9244 | FP STD 0.1569|
Epoch 0163 [Val seq (cond on sampled tp)] |  MAPE 0.026296 | RMSE 91.092174 |
Epoch 0163 [Test seq (cond on sampled tp)] | MAPE 0.049887 | RMSE 267.494380|
0.05337522551417351,0.052896250039339066,0.04339064657688141
242.7295144548763,281.73223934704384,278.02138519365735
Experiment 06-19_23:42
Epoch 0164 [Train seq (cond on sampled tp)] | Loss 1857191.300296 | MAPE 0.083726 | RMSE 82.433545 | Likelihood -1857188.464062 | KL fp 2.8362 | FP STD 0.1679|
Epoch 0164 [Val seq (cond on sampled tp)] |  MAPE 0.026855 | RMSE 82.157843 |
Epoch 0164 [Test seq (cond on sampled tp)] | MAPE 0.042127 | RMSE 272.477433|
0.04325847700238228,0.04032211750745773,0.0428016372025013
227.544535476025,274.8251717001192,315.06259298748876
0.04325847700238228,0.04032211750745773,0.0428016372025013
227.544535476025,274.8251717001192,315.06259298748876
Epoch 0164 [Test seq (cond on sampled tp)] | Best Test MAPE 0.042127|Best Test RMSE 272.477433|
Experiment 06-19_23:42
Epoch 0165 [Train seq (cond on sampled tp)] | Loss 1849347.144007 | MAPE 0.076645 | RMSE 80.037354 | Likelihood -1849344.399226 | KL fp 2.7448 | FP STD 0.1670|
Epoch 0165 [Val seq (cond on sampled tp)] |  MAPE 0.028779 | RMSE 87.377062 |
Epoch 0165 [Test seq (cond on sampled tp)] | MAPE 0.051941 | RMSE 284.719331|
0.04882042482495308,0.04824184253811836,0.05876188725233078
238.37669604797782,285.91514256856004,329.86615420121535
Experiment 06-19_23:42
Epoch 0166 [Train seq (cond on sampled tp)] | Loss 1859048.674778 | MAPE 0.074205 | RMSE 80.780308 | Likelihood -1859046.324789 | KL fp 2.3500 | FP STD 0.2216|
Epoch 0166 [Val seq (cond on sampled tp)] |  MAPE 0.034671 | RMSE 96.377325 |
Epoch 0166 [Test seq (cond on sampled tp)] | MAPE 0.057587 | RMSE 293.852762|
0.05694779381155968,0.0532284677028656,0.06258469074964523
241.3509341964518,310.91001762969944,329.29733429683273
Experiment 06-19_23:42
Epoch 0167 [Train seq (cond on sampled tp)] | Loss 1831461.120981 | MAPE 0.068729 | RMSE 74.857416 | Likelihood -1831458.739531 | KL fp 2.3815 | FP STD 0.2043|
Epoch 0167 [Val seq (cond on sampled tp)] |  MAPE 0.033187 | RMSE 88.704304 |
Epoch 0167 [Test seq (cond on sampled tp)] | MAPE 0.067266 | RMSE 263.214509|
0.07060297578573227,0.060680996626615524,0.07051287591457367
252.48926338559428,272.71585487462954,264.4384084716137
Experiment 06-19_23:42
Epoch 0168 [Train seq (cond on sampled tp)] | Loss 1835234.564502 | MAPE 0.067183 | RMSE 77.792521 | Likelihood -1835232.013411 | KL fp 2.5511 | FP STD 0.2239|
Epoch 0168 [Val seq (cond on sampled tp)] |  MAPE 0.030809 | RMSE 92.252567 |
Epoch 0168 [Test seq (cond on sampled tp)] | MAPE 0.052746 | RMSE 253.354697|
0.0582238994538784,0.05236046016216278,0.0476527214050293
251.14224990530764,269.3523772402984,239.5694624607861
Experiment 06-19_23:42
Epoch 0169 [Train seq (cond on sampled tp)] | Loss 1842791.759644 | MAPE 0.075606 | RMSE 78.083286 | Likelihood -1842789.510549 | KL fp 2.2491 | FP STD 0.2374|
Epoch 0169 [Val seq (cond on sampled tp)] |  MAPE 0.026368 | RMSE 88.448928 |
Epoch 0169 [Test seq (cond on sampled tp)] | MAPE 0.042804 | RMSE 255.052438|
0.04524858668446541,0.0389629490673542,0.04420037940144539
203.44492113960476,312.4900248407939,249.2223687041354
Experiment 06-19_23:42
Epoch 0170 [Train seq (cond on sampled tp)] | Loss 1849691.852589 | MAPE 0.071041 | RMSE 78.564706 | Likelihood -1849689.428928 | KL fp 2.4237 | FP STD 0.2196|
Epoch 0170 [Val seq (cond on sampled tp)] |  MAPE 0.027538 | RMSE 92.304703 |
Epoch 0170 [Test seq (cond on sampled tp)] | MAPE 0.045095 | RMSE 279.005453|
0.04934089630842209,0.04343762248754501,0.042505573481321335
212.56187518285117,297.1093022777981,327.34518048613455
Experiment 06-19_23:42
Epoch 0171 [Train seq (cond on sampled tp)] | Loss 1834409.352741 | MAPE 0.073146 | RMSE 75.171929 | Likelihood -1834406.782011 | KL fp 2.5707 | FP STD 0.1992|
Epoch 0171 [Val seq (cond on sampled tp)] |  MAPE 0.028364 | RMSE 92.194502 |
Epoch 0171 [Test seq (cond on sampled tp)] | MAPE 0.062012 | RMSE 281.708020|
0.06606126576662064,0.061712101101875305,0.05826146900653839
241.06173029433768,323.71063949922933,280.35169040421357
Experiment 06-19_23:42
Epoch 0172 [Train seq (cond on sampled tp)] | Loss 1837379.200182 | MAPE 0.074760 | RMSE 78.751906 | Likelihood -1837376.670315 | KL fp 2.5299 | FP STD 0.1986|
Epoch 0172 [Val seq (cond on sampled tp)] |  MAPE 0.027117 | RMSE 87.397281 |
Epoch 0172 [Test seq (cond on sampled tp)] | MAPE 0.044881 | RMSE 250.054010|
0.05447595939040184,0.04217073321342468,0.037994906306266785
237.23961054701635,254.04601730050797,258.8764033037774
Experiment 06-19_23:42
Epoch 0173 [Train seq (cond on sampled tp)] | Loss 1849632.401406 | MAPE 0.068465 | RMSE 80.370165 | Likelihood -1849629.975821 | KL fp 2.4256 | FP STD 0.2281|
Epoch 0173 [Val seq (cond on sampled tp)] |  MAPE 0.030355 | RMSE 82.865237 |
Epoch 0173 [Test seq (cond on sampled tp)] | MAPE 0.059424 | RMSE 249.090565|
0.06299152970314026,0.05310136824846268,0.06217912212014198
210.84026462585368,252.80549279535046,283.62593653437267
Experiment 06-19_23:42
Epoch 0174 [Train seq (cond on sampled tp)] | Loss 1854246.011251 | MAPE 0.076911 | RMSE 78.975592 | Likelihood -1854243.281844 | KL fp 2.7294 | FP STD 0.1725|
Epoch 0174 [Val seq (cond on sampled tp)] |  MAPE 0.027962 | RMSE 93.193651 |
Epoch 0174 [Test seq (cond on sampled tp)] | MAPE 0.064509 | RMSE 305.992310|
0.06178481876850128,0.06388280540704727,0.06786027550697327
249.95349567469546,334.0438897996789,333.97954419020937
Experiment 06-19_23:42
Epoch 0175 [Train seq (cond on sampled tp)] | Loss 1867648.018812 | MAPE 0.078863 | RMSE 83.395638 | Likelihood -1867645.107815 | KL fp 2.9110 | FP STD 0.1431|
Epoch 0175 [Val seq (cond on sampled tp)] |  MAPE 0.025576 | RMSE 88.740369 |
Epoch 0175 [Test seq (cond on sampled tp)] | MAPE 0.044948 | RMSE 275.551916|
0.05112696439027786,0.040094051510095596,0.043623216450214386
221.94267453838165,288.01632983218155,316.6967447338226
Experiment 06-19_23:42
Epoch 0176 [Train seq (cond on sampled tp)] | Loss 1850036.585203 | MAPE 0.066768 | RMSE 79.662808 | Likelihood -1850034.191467 | KL fp 2.3937 | FP STD 0.2254|
Epoch 0176 [Val seq (cond on sampled tp)] |  MAPE 0.035106 | RMSE 96.835955 |
Epoch 0176 [Test seq (cond on sampled tp)] | MAPE 0.053205 | RMSE 272.220926|
0.06320110708475113,0.046123750507831573,0.05028878152370453
260.4368175537015,251.30524890061488,304.9207120301932
Experiment 06-19_23:42
Epoch 0177 [Train seq (cond on sampled tp)] | Loss 1861587.635785 | MAPE 0.082974 | RMSE 83.188012 | Likelihood -1861585.133314 | KL fp 2.5025 | FP STD 0.2143|
Epoch 0177 [Val seq (cond on sampled tp)] |  MAPE 0.026784 | RMSE 85.028046 |
Epoch 0177 [Test seq (cond on sampled tp)] | MAPE 0.044130 | RMSE 293.280604|
0.04786914587020874,0.04216267168521881,0.04235848784446716
243.7310409293408,306.24080343334396,329.8699672787749
Experiment 06-19_23:42
Epoch 0178 [Train seq (cond on sampled tp)] | Loss 1841231.687035 | MAPE 0.078112 | RMSE 79.302757 | Likelihood -1841228.964302 | KL fp 2.7227 | FP STD 0.1683|
Epoch 0178 [Val seq (cond on sampled tp)] |  MAPE 0.027097 | RMSE 81.940539 |
Epoch 0178 [Test seq (cond on sampled tp)] | MAPE 0.046498 | RMSE 270.154472|
0.047301966696977615,0.04436400160193443,0.04782829061150551
214.56438427660822,290.42871059435566,305.47032128751886
Experiment 06-19_23:42
Epoch 0179 [Train seq (cond on sampled tp)] | Loss 1872796.592332 | MAPE 0.078525 | RMSE 82.887776 | Likelihood -1872794.053594 | KL fp 2.5387 | FP STD 0.1895|
Epoch 0179 [Val seq (cond on sampled tp)] |  MAPE 0.030913 | RMSE 99.624005 |
Epoch 0179 [Test seq (cond on sampled tp)] | MAPE 0.047670 | RMSE 302.862803|
0.05326947197318077,0.049363572150468826,0.04037546366453171
230.2949280949322,333.6406539040169,344.65282577181927
Experiment 06-19_23:42
Epoch 0180 [Train seq (cond on sampled tp)] | Loss 1841898.582173 | MAPE 0.078476 | RMSE 78.854889 | Likelihood -1841895.852961 | KL fp 2.7292 | FP STD 0.1794|
Epoch 0180 [Val seq (cond on sampled tp)] |  MAPE 0.027403 | RMSE 86.668719 |
Epoch 0180 [Test seq (cond on sampled tp)] | MAPE 0.047057 | RMSE 270.915556|
0.05320778861641884,0.04281827062368393,0.04514516144990921
230.4287105050063,274.96136092185753,307.3565976597867
Experiment 06-19_23:42
Epoch 0181 [Train seq (cond on sampled tp)] | Loss 1874492.551040 | MAPE 0.073301 | RMSE 83.509329 | Likelihood -1874489.953575 | KL fp 2.5975 | FP STD 0.1609|
Epoch 0181 [Val seq (cond on sampled tp)] |  MAPE 0.026502 | RMSE 92.920702 |
Epoch 0181 [Test seq (cond on sampled tp)] | MAPE 0.049049 | RMSE 280.637541|
0.05093653127551079,0.04593052715063095,0.05028032511472702
238.39097678498655,315.55730709730045,287.9643396976438
Experiment 06-19_23:42
Epoch 0182 [Train seq (cond on sampled tp)] | Loss 1833662.421755 | MAPE 0.079264 | RMSE 76.107867 | Likelihood -1833659.634374 | KL fp 2.7874 | FP STD 0.1726|
Epoch 0182 [Val seq (cond on sampled tp)] |  MAPE 0.026023 | RMSE 88.237910 |
Epoch 0182 [Test seq (cond on sampled tp)] | MAPE 0.044931 | RMSE 274.502975|
0.045255646109580994,0.04356340691447258,0.04597277194261551
224.4469853189167,280.3984330377044,318.6635054214712
Experiment 06-19_23:42
Epoch 0183 [Train seq (cond on sampled tp)] | Loss 1831386.631049 | MAPE 0.071211 | RMSE 77.121366 | Likelihood -1831383.931006 | KL fp 2.7000 | FP STD 0.1796|
Epoch 0183 [Val seq (cond on sampled tp)] |  MAPE 0.029013 | RMSE 85.869615 |
Epoch 0183 [Test seq (cond on sampled tp)] | MAPE 0.053787 | RMSE 267.588809|
0.05736300349235535,0.04926125332713127,0.05473683401942253
234.21708013080516,265.77732397159093,302.77202386861967
Experiment 06-19_23:42
Epoch 0184 [Train seq (cond on sampled tp)] | Loss 1841840.140784 | MAPE 0.067468 | RMSE 76.947667 | Likelihood -1841837.587786 | KL fp 2.5530 | FP STD 0.1846|
Epoch 0184 [Val seq (cond on sampled tp)] |  MAPE 0.028473 | RMSE 102.416959 |
Epoch 0184 [Test seq (cond on sampled tp)] | MAPE 0.048957 | RMSE 290.369266|
0.05305906757712364,0.04856928810477257,0.04524301365017891
249.6592443336517,309.1738361140865,312.2747187974076
Experiment 06-19_23:42
Epoch 0185 [Train seq (cond on sampled tp)] | Loss 1837166.994245 | MAPE 0.066948 | RMSE 77.866605 | Likelihood -1837164.116675 | KL fp 2.8776 | FP STD 0.1844|
Epoch 0185 [Val seq (cond on sampled tp)] |  MAPE 0.026929 | RMSE 97.904933 |
Epoch 0185 [Test seq (cond on sampled tp)] | MAPE 0.045926 | RMSE 304.010673|
0.05613752081990242,0.043353065848350525,0.03828788548707962
260.6077931969802,339.6467489355669,311.77747723737195
Experiment 06-19_23:42
Epoch 0186 [Train seq (cond on sampled tp)] | Loss 1830003.510927 | MAPE 0.067902 | RMSE 75.659518 | Likelihood -1830001.025822 | KL fp 2.4851 | FP STD 0.2025|
Epoch 0186 [Val seq (cond on sampled tp)] |  MAPE 0.024401 | RMSE 85.823535 |
Epoch 0186 [Test seq (cond on sampled tp)] | MAPE 0.046038 | RMSE 265.281743|
0.05392260476946831,0.04273627698421478,0.041454385966062546
227.4036626381598,270.68541473452166,297.7561528541434
Experiment 06-19_23:42
Epoch 0187 [Train seq (cond on sampled tp)] | Loss 1834769.966348 | MAPE 0.068212 | RMSE 76.244335 | Likelihood -1834767.749952 | KL fp 2.2164 | FP STD 0.2600|
Epoch 0187 [Val seq (cond on sampled tp)] |  MAPE 0.024536 | RMSE 83.778694 |
Epoch 0187 [Test seq (cond on sampled tp)] | MAPE 0.045833 | RMSE 269.846640|
0.05021565407514572,0.04148843139410019,0.04579446092247963
243.7566345250935,281.51176707200005,284.2715196339584
Experiment 06-19_23:42
Epoch 0188 [Train seq (cond on sampled tp)] | Loss 1851352.764609 | MAPE 0.075666 | RMSE 78.853438 | Likelihood -1851350.423514 | KL fp 2.3411 | FP STD 0.2358|
Epoch 0188 [Val seq (cond on sampled tp)] |  MAPE 0.025661 | RMSE 86.036233 |
Epoch 0188 [Test seq (cond on sampled tp)] | MAPE 0.043974 | RMSE 273.757052|
0.046806201338768005,0.04117896780371666,0.043936360627412796
228.3473830455475,287.8417262576779,305.0820458294785
Experiment 06-19_23:42
Epoch 0189 [Train seq (cond on sampled tp)] | Loss 1822131.593883 | MAPE 0.069371 | RMSE 75.717481 | Likelihood -1822129.087820 | KL fp 2.5061 | FP STD 0.2086|
Epoch 0189 [Val seq (cond on sampled tp)] |  MAPE 0.027119 | RMSE 88.768058 |
Epoch 0189 [Test seq (cond on sampled tp)] | MAPE 0.043241 | RMSE 291.961514|
0.04868525266647339,0.042924173176288605,0.03811504691839218
261.6324801845138,300.3855855396527,313.8664748941817
Experiment 06-19_23:42
Epoch 0190 [Train seq (cond on sampled tp)] | Loss 1823749.173033 | MAPE 0.072776 | RMSE 73.916385 | Likelihood -1823747.036607 | KL fp 2.1364 | FP STD 0.2735|
Epoch 0190 [Val seq (cond on sampled tp)] |  MAPE 0.026932 | RMSE 87.378065 |
Epoch 0190 [Test seq (cond on sampled tp)] | MAPE 0.051070 | RMSE 301.130561|
0.053046710789203644,0.05016942694783211,0.049995169043540955
290.9162384819727,315.90527160052267,296.57017245080465
Experiment 06-19_23:42
Epoch 0191 [Train seq (cond on sampled tp)] | Loss 1825713.106309 | MAPE 0.074773 | RMSE 75.343109 | Likelihood -1825711.037286 | KL fp 2.0690 | FP STD 0.2982|
Epoch 0191 [Val seq (cond on sampled tp)] |  MAPE 0.027379 | RMSE 89.646457 |
Epoch 0191 [Test seq (cond on sampled tp)] | MAPE 0.050731 | RMSE 268.339189|
0.05012265220284462,0.04800795763731003,0.05406113341450691
234.43462574884282,276.1924572422281,294.39048526149753
Experiment 06-19_23:42
Epoch 0192 [Train seq (cond on sampled tp)] | Loss 1828475.983641 | MAPE 0.071702 | RMSE 76.666113 | Likelihood -1828473.482680 | KL fp 2.5010 | FP STD 0.2168|
Epoch 0192 [Val seq (cond on sampled tp)] |  MAPE 0.034748 | RMSE 88.049965 |
Epoch 0192 [Test seq (cond on sampled tp)] | MAPE 0.055207 | RMSE 232.878318|
0.059240665286779404,0.04893030598759651,0.05744912102818489
208.78414765613792,209.75378050824256,280.0970256000588
Experiment 06-19_23:42
Epoch 0193 [Train seq (cond on sampled tp)] | Loss 1840232.990556 | MAPE 0.072623 | RMSE 77.033718 | Likelihood -1840230.416166 | KL fp 2.5744 | FP STD 0.2219|
Epoch 0193 [Val seq (cond on sampled tp)] |  MAPE 0.025524 | RMSE 91.102112 |
Epoch 0193 [Test seq (cond on sampled tp)] | MAPE 0.046499 | RMSE 279.770893|
0.053522586822509766,0.0413392148911953,0.044634509831666946
234.17283781162578,301.0270700036792,304.11277205175054
Experiment 06-19_23:42
Epoch 0194 [Train seq (cond on sampled tp)] | Loss 1861123.122852 | MAPE 0.070737 | RMSE 81.801941 | Likelihood -1861120.689493 | KL fp 2.4334 | FP STD 0.2003|
Epoch 0194 [Val seq (cond on sampled tp)] |  MAPE 0.026700 | RMSE 86.409903 |
Epoch 0194 [Test seq (cond on sampled tp)] | MAPE 0.047265 | RMSE 288.666860|
0.04420904070138931,0.04197653755545616,0.05560919642448425
241.45219020802028,310.61390825267307,313.93448261540175
Experiment 06-19_23:42
Epoch 0195 [Train seq (cond on sampled tp)] | Loss 1861076.859220 | MAPE 0.073543 | RMSE 80.733130 | Likelihood -1861074.246596 | KL fp 2.6126 | FP STD 0.1816|
Epoch 0195 [Val seq (cond on sampled tp)] |  MAPE 0.030582 | RMSE 84.179589 |
Epoch 0195 [Test seq (cond on sampled tp)] | MAPE 0.051331 | RMSE 254.841070|
0.05330423638224602,0.0461718887090683,0.05451732873916626
204.86293054747605,251.57269389283886,308.08758647095794
Experiment 06-19_23:42
Epoch 0196 [Train seq (cond on sampled tp)] | Loss 1839330.858646 | MAPE 0.075242 | RMSE 76.212498 | Likelihood -1839328.247059 | KL fp 2.6116 | FP STD 0.1691|
Epoch 0196 [Val seq (cond on sampled tp)] |  MAPE 0.026921 | RMSE 83.877625 |
Epoch 0196 [Test seq (cond on sampled tp)] | MAPE 0.044205 | RMSE 316.715981|
0.04876076430082321,0.042134493589401245,0.04172094166278839
288.37218247431565,298.8197748016352,362.9559847626155
Experiment 06-19_23:42
Epoch 0197 [Train seq (cond on sampled tp)] | Loss 1865506.896003 | MAPE 0.080310 | RMSE 82.876917 | Likelihood -1865504.129419 | KL fp 2.7666 | FP STD 0.1451|
Epoch 0197 [Val seq (cond on sampled tp)] |  MAPE 0.028887 | RMSE 88.750602 |
Epoch 0197 [Test seq (cond on sampled tp)] | MAPE 0.045528 | RMSE 321.822208|
0.05208941176533699,0.041033629328012466,0.043461792171001434
287.28931138749317,322.7324985572417,355.4448137545405
Experiment 06-19_23:42
Epoch 0198 [Train seq (cond on sampled tp)] | Loss 1836057.333697 | MAPE 0.081190 | RMSE 75.789264 | Likelihood -1836054.697440 | KL fp 2.6363 | FP STD 0.1732|
Epoch 0198 [Val seq (cond on sampled tp)] |  MAPE 0.030829 | RMSE 83.631817 |
Epoch 0198 [Test seq (cond on sampled tp)] | MAPE 0.054707 | RMSE 263.882142|
0.05999518185853958,0.051939889788627625,0.05218732729554176
260.51220580809644,234.85109976855549,296.28312051144593
Experiment 06-19_23:42
Epoch 0199 [Train seq (cond on sampled tp)] | Loss 1826873.308798 | MAPE 0.081809 | RMSE 74.246958 | Likelihood -1826871.007961 | KL fp 2.3008 | FP STD 0.2262|
Epoch 0199 [Val seq (cond on sampled tp)] |  MAPE 0.027238 | RMSE 85.053344 |
Epoch 0199 [Test seq (cond on sampled tp)] | MAPE 0.043506 | RMSE 256.549327|
0.04864659160375595,0.03976168856024742,0.042110562324523926
263.6855519600951,224.13692104381198,281.82550840458003
Experiment 06-19_23:42
Epoch 0200 [Train seq (cond on sampled tp)] | Loss 1836910.626311 | MAPE 0.074138 | RMSE 78.269317 | Likelihood -1836908.010887 | KL fp 2.6154 | FP STD 0.2047|
Epoch 0200 [Val seq (cond on sampled tp)] |  MAPE 0.035203 | RMSE 83.139587 |
Epoch 0200 [Test seq (cond on sampled tp)] | MAPE 0.051595 | RMSE 262.284188|
0.051444023847579956,0.049110643565654755,0.054228849709033966
243.5290585202308,281.51980114638474,261.8037044953719
