/nvme/yuanjingyang/CG-ODE/run_models_covid.py
run_models_covid.py --heavyBall --gamma_guess 0.0 --corr 5 --solver dopri5 --rtol 1e-2 --atol 1e-4
Namespace(save='experiments/', load=None, dataset='Dec', datapath='data/', pred_length=14, condition_length=21, features='Confirmed,Deaths,Recovered,Mortality_Rate,Testing_Rate,Population,Mobility', split_interval=3, feature_out='Deaths', niters=100, lr=0.005, batch_size=8, random_seed=1991, dropout=0.2, l2=1e-05, optimizer='AdamW', clip=10, edge_lamda=0.5, z0_encoder='GTrans', rec_dims=64, ode_dims=20, rec_layers=1, gen_layers=1, CVPR=False, graf_layer=1, heavyBall=True, actv_h=None, gamma_guess=0.0, gamma_act='sigmoid', corr=5, corrf=True, sign=1, augment_dim=0, solver='dopri5', rtol=0.01, atol=0.0001, alias='run', output_dim=1, feature_out_index=[1], num_atoms=50)
run
Experiment 07-15_15:55
Epoch 0001 [Train seq (cond on sampled tp)] | Loss 4402621.185507 | MAPE 0.063452 | RMSE 286.628707 | Likelihood -4402619.671043 | KL fp 1.5145 | FP STD 0.4422 | ->nfe   92.75 | <-nfe 1727.00
Epoch 0001 [Val seq (cond on sampled tp)] |  MAPE 0.058117 | RMSE 306.442185 |
Best Val!
Epoch 0001 [Test seq (cond on sampled tp)] | MAPE 0.123763 | RMSE 907.350294|
0.13762956857681274,0.1275331825017929,0.1061248928308487
852.7962461807626,938.3219396880795,930.9326976210472
0.13762956857681274,0.1275331825017929,0.1061248928308487
852.7962461807626,938.3219396880795,930.9326976210472
Epoch 0001 [Test seq (cond on sampled tp)] | Best Test MAPE 0.123763|Best Test RMSE 907.350294|
Experiment 07-15_15:55
Epoch 0002 [Train seq (cond on sampled tp)] | Loss 4222370.219058 | MAPE 0.092525 | RMSE 276.955169 | Likelihood -4222367.190894 | KL fp 3.0282 | FP STD 0.6651 | ->nfe  105.50 | <-nfe 4749.50
Epoch 0002 [Val seq (cond on sampled tp)] |  MAPE 0.065325 | RMSE 282.861950 |
Epoch 0002 [Test seq (cond on sampled tp)] | MAPE 0.109954 | RMSE 869.728343|
0.11855091154575348,0.11239407956600189,0.09891814738512039
812.8275109148311,901.2978836100748,895.0596348847378
0.11855091154575348,0.11239407956600189,0.09891814738512039
812.8275109148311,901.2978836100748,895.0596348847378
Epoch 0002 [Test seq (cond on sampled tp)] | Best Test MAPE 0.109954|Best Test RMSE 869.728343|
Experiment 07-15_15:55
Epoch 0003 [Train seq (cond on sampled tp)] | Loss 3885025.351507 | MAPE 0.226279 | RMSE 258.069422 | Likelihood -3885019.703047 | KL fp 5.6485 | FP STD 0.8567 | ->nfe  112.25 | <-nfe 2731.25
Epoch 0003 [Val seq (cond on sampled tp)] |  MAPE 0.100890 | RMSE 241.828613 |
Epoch 0003 [Test seq (cond on sampled tp)] | MAPE 0.129904 | RMSE 796.211067|
0.1434624344110489,0.12934257090091705,0.11690845340490341
737.341423629515,829.6643899794664,821.6273866540721
Experiment 07-15_15:55
Epoch 0004 [Train seq (cond on sampled tp)] | Loss 3608957.358094 | MAPE 0.504470 | RMSE 242.260220 | Likelihood -3608949.102106 | KL fp 8.2560 | FP STD 0.8088 | ->nfe  122.00 | <-nfe 6361.25
Epoch 0004 [Val seq (cond on sampled tp)] |  MAPE 0.144392 | RMSE 213.389059 |
Epoch 0004 [Test seq (cond on sampled tp)] | MAPE 0.160783 | RMSE 726.093386|
0.17040759325027466,0.1597108095884323,0.15223000943660736
659.6818835620696,759.0338842897595,759.5643899630893
Experiment 07-15_15:55
Epoch 0005 [Train seq (cond on sampled tp)] | Loss 3330839.691264 | MAPE 0.487475 | RMSE 224.098605 | Likelihood -3330833.010938 | KL fp 6.6803 | FP STD 0.6125 | ->nfe  116.00 | <-nfe 9910.25
Epoch 0005 [Val seq (cond on sampled tp)] |  MAPE 0.084756 | RMSE 185.933592 |
Epoch 0005 [Test seq (cond on sampled tp)] | MAPE 0.101237 | RMSE 684.992981|
0.10857181251049042,0.10246233642101288,0.09267789870500565
622.0145697650498,718.832886525095,714.1314873676976
0.10857181251049042,0.10246233642101288,0.09267789870500565
622.0145697650498,718.832886525095,714.1314873676976
Epoch 0005 [Test seq (cond on sampled tp)] | Best Test MAPE 0.101237|Best Test RMSE 684.992981|
Experiment 07-15_15:55
Epoch 0006 [Train seq (cond on sampled tp)] | Loss 2975349.168260 | MAPE 0.244373 | RMSE 197.965120 | Likelihood -2975344.725611 | KL fp 4.4426 | FP STD 0.4709 | ->nfe  122.00 | <-nfe 6183.50
Epoch 0006 [Val seq (cond on sampled tp)] |  MAPE 0.031328 | RMSE 158.809967 |
Best Val!
Epoch 0006 [Test seq (cond on sampled tp)] | MAPE 0.062853 | RMSE 615.741356|
0.06848401576280594,0.06311199069023132,0.05696277320384979
551.7949120823787,646.9989132525649,648.4302439353056
0.06848401576280594,0.06311199069023132,0.05696277320384979
551.7949120823787,646.9989132525649,648.4302439353056
Epoch 0006 [Test seq (cond on sampled tp)] | Best Test MAPE 0.062853|Best Test RMSE 615.741356|
Experiment 07-15_15:55
Epoch 0007 [Train seq (cond on sampled tp)] | Loss 2677342.145650 | MAPE 0.038142 | RMSE 174.015839 | Likelihood -2677338.160767 | KL fp 3.9849 | FP STD 0.4172 | ->nfe  130.25 | <-nfe 1986.50
Epoch 0007 [Val seq (cond on sampled tp)] |  MAPE 0.035711 | RMSE 134.717492 |
Epoch 0007 [Test seq (cond on sampled tp)] | MAPE 0.053359 | RMSE 546.241256|
0.055497121065855026,0.054496344178915024,0.05008456110954285
479.399640826941,577.5887918753272,581.7353350106903
0.055497121065855026,0.054496344178915024,0.05008456110954285
479.399640826941,577.5887918753272,581.7353350106903
Epoch 0007 [Test seq (cond on sampled tp)] | Best Test MAPE 0.053359|Best Test RMSE 546.241256|
Experiment 07-15_15:55
Epoch 0008 [Train seq (cond on sampled tp)] | Loss 2382581.747528 | MAPE 0.049276 | RMSE 146.953326 | Likelihood -2382577.844989 | KL fp 3.9025 | FP STD 0.3503 | ->nfe  134.75 | <-nfe  944.00
Epoch 0008 [Val seq (cond on sampled tp)] |  MAPE 0.030311 | RMSE 119.001481 |
Best Val!
Epoch 0008 [Test seq (cond on sampled tp)] | MAPE 0.064324 | RMSE 481.673446|
0.06868881732225418,0.06660859286785126,0.05767594277858734
414.69712215664094,515.2956675540752,515.027547806911
Experiment 07-15_15:55
Epoch 0009 [Train seq (cond on sampled tp)] | Loss 2257559.421100 | MAPE 0.038179 | RMSE 133.024055 | Likelihood -2257555.874642 | KL fp 3.5465 | FP STD 0.2845 | ->nfe  137.00 | <-nfe 3016.25
Epoch 0009 [Val seq (cond on sampled tp)] |  MAPE 0.026808 | RMSE 93.930290 |
Best Val!
Epoch 0009 [Test seq (cond on sampled tp)] | MAPE 0.056486 | RMSE 423.186504|
0.06299562752246857,0.057016391307115555,0.04944460466504097
355.27913761576264,449.51435599989463,464.766019761557
Experiment 07-15_15:55
Epoch 0010 [Train seq (cond on sampled tp)] | Loss 2144748.641683 | MAPE 0.038512 | RMSE 120.175049 | Likelihood -2144745.136819 | KL fp 3.5049 | FP STD 0.2599 | ->nfe  138.50 | <-nfe 6147.50
Epoch 0010 [Val seq (cond on sampled tp)] |  MAPE 0.034445 | RMSE 90.338826 |
Epoch 0010 [Test seq (cond on sampled tp)] | MAPE 0.062856 | RMSE 367.795522|
0.059712909162044525,0.06076464056968689,0.06809072196483612
293.9089596499229,400.0474190642904,409.43018711985565
Experiment 07-15_15:55
Epoch 0011 [Train seq (cond on sampled tp)] | Loss 2063915.282959 | MAPE 0.062552 | RMSE 110.134291 | Likelihood -2063911.595388 | KL fp 3.6876 | FP STD 0.2065 | ->nfe  147.50 | <-nfe 1899.50
Epoch 0011 [Val seq (cond on sampled tp)] |  MAPE 0.028700 | RMSE 95.050043 |
Epoch 0011 [Test seq (cond on sampled tp)] | MAPE 0.057464 | RMSE 357.409726|
0.051959771662950516,0.05757446959614754,0.06285735219717026
307.9949649547862,372.4940435765383,391.7401681918769
Experiment 07-15_15:55
Epoch 0012 [Train seq (cond on sampled tp)] | Loss 2040345.423525 | MAPE 0.036233 | RMSE 107.711676 | Likelihood -2040341.851654 | KL fp 3.5719 | FP STD 0.2016 | ->nfe  155.75 | <-nfe 3601.25
Epoch 0012 [Val seq (cond on sampled tp)] |  MAPE 0.026791 | RMSE 99.105334 |
Best Val!
Epoch 0012 [Test seq (cond on sampled tp)] | MAPE 0.056669 | RMSE 352.120219|
0.054211247712373734,0.05689004808664322,0.05890457332134247
288.7273124203874,394.33880578761205,373.2945385349215
Experiment 07-15_15:55
Epoch 0013 [Train seq (cond on sampled tp)] | Loss 2044349.902219 | MAPE 0.036457 | RMSE 106.695797 | Likelihood -2044346.839945 | KL fp 3.0623 | FP STD 0.2374 | ->nfe  155.00 | <-nfe 4382.75
Epoch 0013 [Val seq (cond on sampled tp)] |  MAPE 0.024916 | RMSE 81.314319 |
Best Val!
Epoch 0013 [Test seq (cond on sampled tp)] | MAPE 0.057150 | RMSE 315.072843|
0.060200389474630356,0.05940104275941849,0.05184851959347725
239.06555553602865,343.3454323818798,362.8075419557868
Experiment 07-15_15:55
Epoch 0014 [Train seq (cond on sampled tp)] | Loss 2000770.927982 | MAPE 0.036332 | RMSE 101.060556 | Likelihood -2000767.822441 | KL fp 3.1055 | FP STD 0.2605 | ->nfe  161.75 | <-nfe 8012.75
Epoch 0014 [Val seq (cond on sampled tp)] |  MAPE 0.024995 | RMSE 96.432239 |
Epoch 0014 [Test seq (cond on sampled tp)] | MAPE 0.049525 | RMSE 331.556279|
0.05390491336584091,0.051077935844659805,0.04359311982989311
276.6636608772464,358.9640367606482,359.04113839851277
0.05390491336584091,0.051077935844659805,0.04359311982989311
276.6636608772464,358.9640367606482,359.04113839851277
Epoch 0014 [Test seq (cond on sampled tp)] | Best Test MAPE 0.049525|Best Test RMSE 331.556279|
Experiment 07-15_15:55
Epoch 0015 [Train seq (cond on sampled tp)] | Loss 1993104.279229 | MAPE 0.056125 | RMSE 100.101202 | Likelihood -1993101.017417 | KL fp 3.2618 | FP STD 0.2177 | ->nfe  169.25 | <-nfe 7861.25
Epoch 0015 [Val seq (cond on sampled tp)] |  MAPE 0.026511 | RMSE 121.539076 |
Epoch 0015 [Test seq (cond on sampled tp)] | MAPE 0.056378 | RMSE 427.352055|
0.059049341827631,0.057473596185445786,0.0526113398373127
401.82987693798975,448.1052471239318,432.12104062403625
Experiment 07-15_15:55
Epoch 0016 [Train seq (cond on sampled tp)] | Loss 2090239.156080 | MAPE 0.036895 | RMSE 111.867175 | Likelihood -2090236.151206 | KL fp 3.0049 | FP STD 0.1855 | ->nfe  163.25 | <-nfe 7214.00
Epoch 0016 [Val seq (cond on sampled tp)] |  MAPE 0.022728 | RMSE 87.650061 |
Best Val!
Epoch 0016 [Test seq (cond on sampled tp)] | MAPE 0.051822 | RMSE 345.621731|
0.0552675761282444,0.054804522544145584,0.045392923057079315
282.59044459252334,379.11432559981165,375.16042401884556
Experiment 07-15_15:55
Epoch 0017 [Train seq (cond on sampled tp)] | Loss 2009175.086947 | MAPE 0.033772 | RMSE 101.962609 | Likelihood -2009172.026901 | KL fp 3.0600 | FP STD 0.2006 | ->nfe  166.25 | <-nfe 5219.00
Epoch 0017 [Val seq (cond on sampled tp)] |  MAPE 0.026320 | RMSE 91.639329 |
Epoch 0017 [Test seq (cond on sampled tp)] | MAPE 0.054243 | RMSE 322.481601|
0.06006347015500069,0.05761440470814705,0.04505109786987305
278.6978510636564,357.3219399225298,331.425012729124
Experiment 07-15_15:55
Epoch 0018 [Train seq (cond on sampled tp)] | Loss 2049232.960068 | MAPE 0.043842 | RMSE 107.549510 | Likelihood -2049229.875440 | KL fp 3.0846 | FP STD 0.1927 | ->nfe  167.00 | <-nfe 8464.25
Epoch 0018 [Val seq (cond on sampled tp)] |  MAPE 0.026675 | RMSE 91.410085 |
Epoch 0018 [Test seq (cond on sampled tp)] | MAPE 0.058963 | RMSE 345.607245|
0.06884753704071045,0.06325876712799072,0.04478141665458679
298.6533054814562,373.74356181745793,364.42486794262544
Experiment 07-15_15:55
Epoch 0019 [Train seq (cond on sampled tp)] | Loss 1980167.943425 | MAPE 0.036495 | RMSE 98.215592 | Likelihood -1980165.055189 | KL fp 2.8882 | FP STD 0.2098 | ->nfe  170.75 | <-nfe 13835.75
Epoch 0019 [Val seq (cond on sampled tp)] |  MAPE 0.024649 | RMSE 83.183558 |
Epoch 0019 [Test seq (cond on sampled tp)] | MAPE 0.048475 | RMSE 285.650494|
0.05358771234750748,0.05242724344134331,0.039411500096321106
239.78492153125475,303.68832964488445,313.4782314013207
0.05358771234750748,0.05242724344134331,0.039411500096321106
239.78492153125475,303.68832964488445,313.4782314013207
Epoch 0019 [Test seq (cond on sampled tp)] | Best Test MAPE 0.048475|Best Test RMSE 285.650494|
Experiment 07-15_15:55
Epoch 0020 [Train seq (cond on sampled tp)] | Loss 1963421.594252 | MAPE 0.038519 | RMSE 94.620802 | Likelihood -1963418.804961 | KL fp 2.7893 | FP STD 0.2340 | ->nfe  168.50 | <-nfe 8974.25
Epoch 0020 [Val seq (cond on sampled tp)] |  MAPE 0.021884 | RMSE 95.998525 |
Best Val!
Epoch 0020 [Test seq (cond on sampled tp)] | MAPE 0.053496 | RMSE 362.414706|
0.060756437480449677,0.054066114127635956,0.04566635563969612
339.35018325470224,372.23933832952156,375.6545953399213
Experiment 07-15_15:55
Epoch 0021 [Train seq (cond on sampled tp)] | Loss 1993074.139418 | MAPE 0.035609 | RMSE 99.315226 | Likelihood -1993071.417996 | KL fp 2.7214 | FP STD 0.2366 | ->nfe  169.25 | <-nfe 5250.50
Epoch 0021 [Val seq (cond on sampled tp)] |  MAPE 0.036071 | RMSE 92.513634 |
Epoch 0021 [Test seq (cond on sampled tp)] | MAPE 0.057982 | RMSE 323.171771|
0.06810157001018524,0.05525702238082886,0.05058601126074791
286.75265637392096,322.7334789536096,360.0291763350576
Experiment 07-15_15:55
Epoch 0022 [Train seq (cond on sampled tp)] | Loss 2012869.588032 | MAPE 0.038051 | RMSE 101.687542 | Likelihood -2012866.957465 | KL fp 2.6306 | FP STD 0.2465 | ->nfe  168.50 | <-nfe 4935.50
Epoch 0022 [Val seq (cond on sampled tp)] |  MAPE 0.040185 | RMSE 95.453344 |
Epoch 0022 [Test seq (cond on sampled tp)] | MAPE 0.071334 | RMSE 350.293724|
0.06772831827402115,0.06817035377025604,0.07810191065073013
298.05284766296063,383.0134217622145,369.81490302582455
Experiment 07-15_15:55
Epoch 0023 [Train seq (cond on sampled tp)] | Loss 1984672.372385 | MAPE 0.033055 | RMSE 99.277830 | Likelihood -1984669.445584 | KL fp 2.9268 | FP STD 0.2166 | ->nfe  171.50 | <-nfe 7141.25
Epoch 0023 [Val seq (cond on sampled tp)] |  MAPE 0.027215 | RMSE 86.746868 |
Epoch 0023 [Test seq (cond on sampled tp)] | MAPE 0.052803 | RMSE 296.714240|
0.06109164282679558,0.053877342492341995,0.04344142973423004
259.4073473805243,312.9755506625078,317.7598223304828
Experiment 07-15_15:55
Epoch 0024 [Train seq (cond on sampled tp)] | Loss 1980974.214625 | MAPE 0.032156 | RMSE 96.686941 | Likelihood -1980971.487437 | KL fp 2.7272 | FP STD 0.2166 | ->nfe  168.50 | <-nfe 6636.50
Epoch 0024 [Val seq (cond on sampled tp)] |  MAPE 0.029120 | RMSE 92.538411 |
Epoch 0024 [Test seq (cond on sampled tp)] | MAPE 0.055633 | RMSE 349.468901|
0.06008948013186455,0.05590452253818512,0.05090465024113655
316.6468976833659,373.24152284412304,358.5182831809279
Experiment 07-15_15:55
Epoch 0025 [Train seq (cond on sampled tp)] | Loss 1999227.409642 | MAPE 0.037241 | RMSE 100.413433 | Likelihood -1999224.635457 | KL fp 2.7742 | FP STD 0.2025 | ->nfe  169.25 | <-nfe 5258.00
Epoch 0025 [Val seq (cond on sampled tp)] |  MAPE 0.024737 | RMSE 90.664679 |
Epoch 0025 [Test seq (cond on sampled tp)] | MAPE 0.050029 | RMSE 270.577009|
0.05694245547056198,0.04822700470685959,0.04491756483912468
227.9001031839389,277.7785904502001,306.05233416852093
Experiment 07-15_15:55
Epoch 0026 [Train seq (cond on sampled tp)] | Loss 1982232.823319 | MAPE 0.037178 | RMSE 100.456702 | Likelihood -1982229.904715 | KL fp 2.9186 | FP STD 0.2019 | ->nfe  171.50 | <-nfe 5111.00
Epoch 0026 [Val seq (cond on sampled tp)] |  MAPE 0.028466 | RMSE 91.550356 |
Epoch 0026 [Test seq (cond on sampled tp)] | MAPE 0.057748 | RMSE 342.533220|
0.06706266850233078,0.05565432459115982,0.05052656680345535
317.53691960542164,349.5136911660257,360.5490496277864
Experiment 07-15_15:55
Epoch 0027 [Train seq (cond on sampled tp)] | Loss 2020278.508229 | MAPE 0.037575 | RMSE 102.179030 | Likelihood -2020275.839977 | KL fp 2.6683 | FP STD 0.1897 | ->nfe  166.25 | <-nfe 1030.25
Epoch 0027 [Val seq (cond on sampled tp)] |  MAPE 0.035193 | RMSE 92.777861 |
Epoch 0027 [Test seq (cond on sampled tp)] | MAPE 0.061869 | RMSE 319.465096|
0.06286174803972244,0.06108328700065613,0.06166232377290726
250.24625371821253,340.9134787596407,367.23555536603476
Experiment 07-15_15:55
Epoch 0028 [Train seq (cond on sampled tp)] | Loss 1961717.219779 | MAPE 0.033123 | RMSE 95.235131 | Likelihood -1961714.647570 | KL fp 2.5722 | FP STD 0.2399 | ->nfe  169.25 | <-nfe  878.75
Epoch 0028 [Val seq (cond on sampled tp)] |  MAPE 0.025575 | RMSE 81.545951 |
Epoch 0028 [Test seq (cond on sampled tp)] | MAPE 0.048613 | RMSE 264.432302|
0.05153551325201988,0.04676162078976631,0.04754165560007095
197.086126874141,284.0717614001786,312.13901650546666
Experiment 07-15_15:55
Epoch 0029 [Train seq (cond on sampled tp)] | Loss 1961918.402195 | MAPE 0.037923 | RMSE 94.551904 | Likelihood -1961915.690748 | KL fp 2.7114 | FP STD 0.1932 | ->nfe  168.50 | <-nfe  689.00
Epoch 0029 [Val seq (cond on sampled tp)] |  MAPE 0.028543 | RMSE 83.446532 |
Epoch 0029 [Test seq (cond on sampled tp)] | MAPE 0.051975 | RMSE 295.403648|
0.052952688187360764,0.05358051136136055,0.04939175397157669
251.7547402110832,322.12982631231154,312.3263767679573
Experiment 07-15_15:55
Epoch 0030 [Train seq (cond on sampled tp)] | Loss 1946096.770164 | MAPE 0.037102 | RMSE 93.507163 | Likelihood -1946094.196351 | KL fp 2.5738 | FP STD 0.2387 | ->nfe  168.50 | <-nfe 1056.50
Epoch 0030 [Val seq (cond on sampled tp)] |  MAPE 0.028075 | RMSE 90.665589 |
Epoch 0030 [Test seq (cond on sampled tp)] | MAPE 0.065707 | RMSE 296.612346|
0.06898826360702515,0.06288837641477585,0.0652441456913948
271.09347442349105,325.16521041233796,293.5783541067018
Experiment 07-15_15:55
Epoch 0031 [Train seq (cond on sampled tp)] | Loss 1960295.681097 | MAPE 0.039887 | RMSE 95.309395 | Likelihood -1960293.294130 | KL fp 2.3870 | FP STD 0.2413 | ->nfe  167.00 | <-nfe  808.25
Epoch 0031 [Val seq (cond on sampled tp)] |  MAPE 0.024106 | RMSE 92.430696 |
Epoch 0031 [Test seq (cond on sampled tp)] | MAPE 0.051866 | RMSE 285.907988|
0.05676797777414322,0.052650336176157,0.046180956065654755
250.12818588675688,307.91186847862815,299.68390899829774
Experiment 07-15_15:55
Epoch 0032 [Train seq (cond on sampled tp)] | Loss 1947741.110059 | MAPE 0.035940 | RMSE 93.203881 | Likelihood -1947738.360065 | KL fp 2.7500 | FP STD 0.1762 | ->nfe  170.75 | <-nfe  730.25
Epoch 0032 [Val seq (cond on sampled tp)] |  MAPE 0.025964 | RMSE 89.215390 |
Epoch 0032 [Test seq (cond on sampled tp)] | MAPE 0.053238 | RMSE 270.536943|
0.058153580874204636,0.05485895648598671,0.04670022055506706
254.2593563912644,285.9118499424254,271.43962266036255
Experiment 07-15_15:55
Epoch 0033 [Train seq (cond on sampled tp)] | Loss 1927097.559400 | MAPE 0.037911 | RMSE 89.338299 | Likelihood -1927095.039109 | KL fp 2.5203 | FP STD 0.2075 | ->nfe  176.00 | <-nfe 1009.25
Epoch 0033 [Val seq (cond on sampled tp)] |  MAPE 0.024327 | RMSE 75.014624 |
Epoch 0033 [Test seq (cond on sampled tp)] | MAPE 0.052622 | RMSE 288.083078|
0.06254216283559799,0.052973780781030655,0.042351510375738144
237.007556907475,311.55425641050067,315.68741957037184
Experiment 07-15_15:55
Epoch 0034 [Train seq (cond on sampled tp)] | Loss 1922097.422670 | MAPE 0.037210 | RMSE 89.706679 | Likelihood -1922095.002470 | KL fp 2.4202 | FP STD 0.2256 | ->nfe  176.00 | <-nfe  668.00
Epoch 0034 [Val seq (cond on sampled tp)] |  MAPE 0.030193 | RMSE 79.989520 |
Epoch 0034 [Test seq (cond on sampled tp)] | MAPE 0.051320 | RMSE 256.621825|
0.05319039151072502,0.05292537435889244,0.04784536361694336
213.6349745330806,278.3678434194582,277.86265717076844
Experiment 07-15_15:55
Epoch 0035 [Train seq (cond on sampled tp)] | Loss 1919002.727449 | MAPE 0.040664 | RMSE 88.672624 | Likelihood -1919000.102223 | KL fp 2.6252 | FP STD 0.1840 | ->nfe  176.00 | <-nfe  677.00
Epoch 0035 [Val seq (cond on sampled tp)] |  MAPE 0.037581 | RMSE 84.004580 |
Epoch 0035 [Test seq (cond on sampled tp)] | MAPE 0.073082 | RMSE 291.795110|
0.07144251465797424,0.07114356011152267,0.07665914297103882
247.3933087590487,313.52278874509267,314.4692328948891
Experiment 07-15_15:55
Epoch 0036 [Train seq (cond on sampled tp)] | Loss 1922030.533754 | MAPE 0.038341 | RMSE 89.734983 | Likelihood -1922027.842553 | KL fp 2.6912 | FP STD 0.1772 | ->nfe  182.00 | <-nfe  754.25
Epoch 0036 [Val seq (cond on sampled tp)] |  MAPE 0.023645 | RMSE 81.613953 |
Epoch 0036 [Test seq (cond on sampled tp)] | MAPE 0.055137 | RMSE 300.331880|
0.05993906781077385,0.05865810438990593,0.04681248217821121
268.19324597666514,331.36381299487124,301.4385820527956
Experiment 07-15_15:55
Epoch 0037 [Train seq (cond on sampled tp)] | Loss 1992135.987024 | MAPE 0.039490 | RMSE 101.601448 | Likelihood -1992133.369954 | KL fp 2.6171 | FP STD 0.1893 | ->nfe  185.00 | <-nfe  633.50
Epoch 0037 [Val seq (cond on sampled tp)] |  MAPE 0.034610 | RMSE 89.530751 |
Epoch 0037 [Test seq (cond on sampled tp)] | MAPE 0.050727 | RMSE 277.732223|
0.05268144607543945,0.047722212970256805,0.05177824944257736
224.92675022938022,309.5223386526407,298.7475810571527
Experiment 07-15_15:55
Epoch 0038 [Train seq (cond on sampled tp)] | Loss 1936552.971793 | MAPE 0.033909 | RMSE 90.417925 | Likelihood -1936550.703817 | KL fp 2.2680 | FP STD 0.2205 | ->nfe  180.50 | <-nfe  525.50
Epoch 0038 [Val seq (cond on sampled tp)] |  MAPE 0.029288 | RMSE 84.013139 |
Epoch 0038 [Test seq (cond on sampled tp)] | MAPE 0.056444 | RMSE 251.470203|
0.05671534314751625,0.061065953224897385,0.05154940485954285
196.13804529590888,284.84562705086415,273.4269355102017
Experiment 07-15_15:55
Epoch 0039 [Train seq (cond on sampled tp)] | Loss 1950031.714371 | MAPE 0.046880 | RMSE 96.009452 | Likelihood -1950028.981252 | KL fp 2.7331 | FP STD 0.1842 | ->nfe  186.50 | <-nfe  758.00
Epoch 0039 [Val seq (cond on sampled tp)] |  MAPE 0.025973 | RMSE 103.740295 |
Epoch 0039 [Test seq (cond on sampled tp)] | MAPE 0.052948 | RMSE 289.418430|
0.06371092051267624,0.054328449070453644,0.04080499708652496
258.0558472743836,310.9789984870361,299.2204454912799
Experiment 07-15_15:55
Epoch 0040 [Train seq (cond on sampled tp)] | Loss 1920171.029498 | MAPE 0.051540 | RMSE 87.658310 | Likelihood -1920168.385373 | KL fp 2.6441 | FP STD 0.1626 | ->nfe  188.75 | <-nfe  776.75
Epoch 0040 [Val seq (cond on sampled tp)] |  MAPE 0.028045 | RMSE 91.686520 |
Epoch 0040 [Test seq (cond on sampled tp)] | MAPE 0.051957 | RMSE 272.598418|
0.05118812620639801,0.054348792880773544,0.05033265799283981
241.16278378151551,304.6645696499677,271.9679007943768
Experiment 07-15_15:55
Epoch 0041 [Train seq (cond on sampled tp)] | Loss 1939862.953177 | MAPE 0.036934 | RMSE 91.652083 | Likelihood -1939860.411509 | KL fp 2.5417 | FP STD 0.1826 | ->nfe  190.25 | <-nfe  478.25
Epoch 0041 [Val seq (cond on sampled tp)] |  MAPE 0.031822 | RMSE 92.785207 |
Epoch 0041 [Test seq (cond on sampled tp)] | MAPE 0.071404 | RMSE 309.553929|
0.0716782659292221,0.07403557002544403,0.06849744915962219
275.46300511593205,357.6750008736982,295.52378024027104
Experiment 07-15_15:55
Epoch 0042 [Train seq (cond on sampled tp)] | Loss 1957114.268577 | MAPE 0.038667 | RMSE 93.746300 | Likelihood -1957112.078578 | KL fp 2.1900 | FP STD 0.2364 | ->nfe  194.00 | <-nfe  537.50
Epoch 0042 [Val seq (cond on sampled tp)] |  MAPE 0.027311 | RMSE 97.915840 |
Epoch 0042 [Test seq (cond on sampled tp)] | MAPE 0.066370 | RMSE 309.708597|
0.06908263266086578,0.07123574614524841,0.058791372925043106
269.49740548380055,328.7031097738505,330.9252771586057
Experiment 07-15_15:55
Epoch 0043 [Train seq (cond on sampled tp)] | Loss 1946103.086828 | MAPE 0.040071 | RMSE 94.822797 | Likelihood -1946100.531690 | KL fp 2.5551 | FP STD 0.2021 | ->nfe  200.00 | <-nfe  593.00
Epoch 0043 [Val seq (cond on sampled tp)] |  MAPE 0.029713 | RMSE 86.369429 |
Epoch 0043 [Test seq (cond on sampled tp)] | MAPE 0.052323 | RMSE 281.104212|
0.05319971963763237,0.05146339163184166,0.05230456218123436
220.56425332258624,305.430779289678,317.31760262787185
Experiment 07-15_15:55
Epoch 0044 [Train seq (cond on sampled tp)] | Loss 1920898.230164 | MAPE 0.033366 | RMSE 87.341760 | Likelihood -1920895.678877 | KL fp 2.5513 | FP STD 0.1988 | ->nfe  194.00 | <-nfe  528.50
Epoch 0044 [Val seq (cond on sampled tp)] |  MAPE 0.039723 | RMSE 81.168282 |
Epoch 0044 [Test seq (cond on sampled tp)] | MAPE 0.063285 | RMSE 288.695442|
0.061451662331819534,0.06622608751058578,0.06217847764492035
226.29506629895846,310.58369946763145,329.20755943249543
Experiment 07-15_15:55
Epoch 0045 [Train seq (cond on sampled tp)] | Loss 1954757.460261 | MAPE 0.054319 | RMSE 96.423210 | Likelihood -1954754.698948 | KL fp 2.7613 | FP STD 0.1856 | ->nfe  204.50 | <-nfe  620.75
Epoch 0045 [Val seq (cond on sampled tp)] |  MAPE 0.026179 | RMSE 87.788423 |
Epoch 0045 [Test seq (cond on sampled tp)] | MAPE 0.052652 | RMSE 304.172577|
0.05761727690696716,0.05524579808115959,0.04509168490767479
261.73080755807104,332.44999624003606,318.33692597231004
Experiment 07-15_15:55
Epoch 0046 [Train seq (cond on sampled tp)] | Loss 1905027.540211 | MAPE 0.035306 | RMSE 85.064909 | Likelihood -1905025.163014 | KL fp 2.3772 | FP STD 0.2165 | ->nfe  200.75 | <-nfe  454.25
Epoch 0046 [Val seq (cond on sampled tp)] |  MAPE 0.034996 | RMSE 83.429895 |
Epoch 0046 [Test seq (cond on sampled tp)] | MAPE 0.060161 | RMSE 265.637615|
0.06088827922940254,0.05567028746008873,0.06392567604780197
231.53335680307492,289.16116559368754,276.2183239758
Experiment 07-15_15:55
Epoch 0047 [Train seq (cond on sampled tp)] | Loss 1943503.085012 | MAPE 0.049336 | RMSE 92.424976 | Likelihood -1943500.495734 | KL fp 2.5893 | FP STD 0.2040 | ->nfe  209.00 | <-nfe  458.00
Epoch 0047 [Val seq (cond on sampled tp)] |  MAPE 0.029655 | RMSE 92.970914 |
Epoch 0047 [Test seq (cond on sampled tp)] | MAPE 0.066056 | RMSE 303.993921|
0.06571132689714432,0.0708949938416481,0.061562832444906235
254.01458650292113,320.5768482361133,337.3903294034967
Experiment 07-15_15:55
Epoch 0048 [Train seq (cond on sampled tp)] | Loss 1916216.252977 | MAPE 0.035671 | RMSE 88.306794 | Likelihood -1916213.766550 | KL fp 2.4864 | FP STD 0.2155 | ->nfe  209.75 | <-nfe  713.00
Epoch 0048 [Val seq (cond on sampled tp)] |  MAPE 0.028412 | RMSE 83.130983 |
Epoch 0048 [Test seq (cond on sampled tp)] | MAPE 0.057891 | RMSE 289.742022|
0.059303950518369675,0.05507524684071541,0.05929393321275711
243.01327767222926,309.2415495005482,316.97123785132305
Experiment 07-15_15:55
Epoch 0049 [Train seq (cond on sampled tp)] | Loss 1941145.409833 | MAPE 0.034493 | RMSE 89.100325 | Likelihood -1941142.973084 | KL fp 2.4367 | FP STD 0.1927 | ->nfe  208.25 | <-nfe  455.00
Epoch 0049 [Val seq (cond on sampled tp)] |  MAPE 0.024390 | RMSE 88.954812 |
Epoch 0049 [Test seq (cond on sampled tp)] | MAPE 0.059286 | RMSE 293.033266|
0.058566417545080185,0.060835350304841995,0.058457572013139725
256.87244524277025,297.7597605453094,324.467592757736
Experiment 07-15_15:55
Epoch 0050 [Train seq (cond on sampled tp)] | Loss 1922209.952301 | MAPE 0.043233 | RMSE 89.836974 | Likelihood -1922207.407946 | KL fp 2.5444 | FP STD 0.2001 | ->nfe  211.25 | <-nfe  442.25
Epoch 0050 [Val seq (cond on sampled tp)] |  MAPE 0.026855 | RMSE 93.126557 |
Epoch 0050 [Test seq (cond on sampled tp)] | MAPE 0.054818 | RMSE 276.142742|
0.06235743314027786,0.057260483503341675,0.04483574628829956
223.33156579679908,277.152936120114,327.94372373549095
Experiment 07-15_15:55
Epoch 0051 [Train seq (cond on sampled tp)] | Loss 1891320.139723 | MAPE 0.036127 | RMSE 83.608001 | Likelihood -1891317.842398 | KL fp 2.2973 | FP STD 0.2173 | ->nfe  213.50 | <-nfe  410.00
Epoch 0051 [Val seq (cond on sampled tp)] |  MAPE 0.032471 | RMSE 83.721899 |
Epoch 0051 [Test seq (cond on sampled tp)] | MAPE 0.061773 | RMSE 241.156714|
0.05987539514899254,0.059329479932785034,0.0661129280924797
196.23310038701422,217.51342451386765,309.723616713353
Experiment 07-15_15:55
Epoch 0052 [Train seq (cond on sampled tp)] | Loss 1894521.337343 | MAPE 0.037712 | RMSE 85.927019 | Likelihood -1894518.709506 | KL fp 2.6278 | FP STD 0.1822 | ->nfe  224.75 | <-nfe  764.75
Epoch 0052 [Val seq (cond on sampled tp)] |  MAPE 0.033000 | RMSE 91.638050 |
Epoch 0052 [Test seq (cond on sampled tp)] | MAPE 0.059138 | RMSE 317.915314|
0.06249862164258957,0.05636873468756676,0.058547284454107285
262.51486565049987,351.824896521693,339.40617950694417
Experiment 07-15_15:55
Epoch 0053 [Train seq (cond on sampled tp)] | Loss 1930509.819082 | MAPE 0.040214 | RMSE 89.759718 | Likelihood -1930507.402205 | KL fp 2.4169 | FP STD 0.1890 | ->nfe  231.50 | <-nfe  363.50
Epoch 0053 [Val seq (cond on sampled tp)] |  MAPE 0.027202 | RMSE 87.938841 |
Epoch 0053 [Test seq (cond on sampled tp)] | MAPE 0.066497 | RMSE 307.088309|
0.07473570108413696,0.06644963473081589,0.058306798338890076
242.36180018208316,338.68932805374897,340.21379996628593
Experiment 07-15_15:55
Epoch 0054 [Train seq (cond on sampled tp)] | Loss 1905466.128214 | MAPE 0.034908 | RMSE 85.860985 | Likelihood -1905463.605852 | KL fp 2.5224 | FP STD 0.1954 | ->nfe  224.75 | <-nfe  397.25
Epoch 0054 [Val seq (cond on sampled tp)] |  MAPE 0.038897 | RMSE 95.903160 |
Epoch 0054 [Test seq (cond on sampled tp)] | MAPE 0.073979 | RMSE 283.869130|
0.07588868588209152,0.0738581120967865,0.07218966633081436
263.78691980934155,262.75524792570747,325.0652218209447
Experiment 07-15_15:55
Epoch 0055 [Train seq (cond on sampled tp)] | Loss 1909370.948381 | MAPE 0.040718 | RMSE 85.618064 | Likelihood -1909368.636209 | KL fp 2.3122 | FP STD 0.2126 | ->nfe  238.25 | <-nfe  374.75
Epoch 0055 [Val seq (cond on sampled tp)] |  MAPE 0.029621 | RMSE 79.901053 |
Epoch 0055 [Test seq (cond on sampled tp)] | MAPE 0.064923 | RMSE 310.914305|
0.06300263851881027,0.06252232193946838,0.06924324482679367
251.12583219125426,323.6642985023217,357.9527836356354
Experiment 07-15_15:55
Epoch 0056 [Train seq (cond on sampled tp)] | Loss 1910853.004568 | MAPE 0.034622 | RMSE 86.889823 | Likelihood -1910850.872274 | KL fp 2.1323 | FP STD 0.2412 | ->nfe  234.50 | <-nfe  412.25
Epoch 0056 [Val seq (cond on sampled tp)] |  MAPE 0.029683 | RMSE 89.853255 |
Epoch 0056 [Test seq (cond on sampled tp)] | MAPE 0.057436 | RMSE 292.600249|
0.056297674775123596,0.05751867964863777,0.058491915464401245
222.68754385348993,306.3902994955943,348.7229044133752
Experiment 07-15_15:55
Epoch 0057 [Train seq (cond on sampled tp)] | Loss 1905797.288218 | MAPE 0.036945 | RMSE 85.569170 | Likelihood -1905795.049522 | KL fp 2.2387 | FP STD 0.2119 | ->nfe  245.75 | <-nfe  397.25
Epoch 0057 [Val seq (cond on sampled tp)] |  MAPE 0.032181 | RMSE 83.868122 |
Epoch 0057 [Test seq (cond on sampled tp)] | MAPE 0.069991 | RMSE 314.360003|
0.06927242130041122,0.06966567039489746,0.07103388756513596
271.46276217927203,317.16585517281015,354.451391678041
Experiment 07-15_15:55
Epoch 0058 [Train seq (cond on sampled tp)] | Loss 1912532.410693 | MAPE 0.044602 | RMSE 88.064230 | Likelihood -1912530.152533 | KL fp 2.2582 | FP STD 0.2394 | ->nfe  266.00 | <-nfe  493.25
Epoch 0058 [Val seq (cond on sampled tp)] |  MAPE 0.029639 | RMSE 88.036045 |
Epoch 0058 [Test seq (cond on sampled tp)] | MAPE 0.048160 | RMSE 278.799951|
0.05439101532101631,0.04621289670467377,0.04387537017464638
254.76087899979856,294.264695363715,287.37427957717443
0.05439101532101631,0.04621289670467377,0.04387537017464638
254.76087899979856,294.264695363715,287.37427957717443
Epoch 0058 [Test seq (cond on sampled tp)] | Best Test MAPE 0.048160|Best Test RMSE 278.799951|
Experiment 07-15_15:55
Epoch 0059 [Train seq (cond on sampled tp)] | Loss 1890588.875787 | MAPE 0.035664 | RMSE 82.662659 | Likelihood -1890586.391785 | KL fp 2.4840 | FP STD 0.1860 | ->nfe  254.00 | <-nfe  530.00
Epoch 0059 [Val seq (cond on sampled tp)] |  MAPE 0.034426 | RMSE 91.256293 |
Epoch 0059 [Test seq (cond on sampled tp)] | MAPE 0.071462 | RMSE 218.891735|
0.07470425218343735,0.07215210050344467,0.06753066927194595
196.8472500284167,200.13211456747766,259.69584072044745
Experiment 07-15_15:55
Epoch 0060 [Train seq (cond on sampled tp)] | Loss 1901953.758357 | MAPE 0.037626 | RMSE 85.414616 | Likelihood -1901951.364389 | KL fp 2.3940 | FP STD 0.1961 | ->nfe  271.25 | <-nfe  566.75
Epoch 0060 [Val seq (cond on sampled tp)] |  MAPE 0.027402 | RMSE 102.047726 |
Epoch 0060 [Test seq (cond on sampled tp)] | MAPE 0.063366 | RMSE 317.731352|
0.060729529708623886,0.06681309640407562,0.06255604326725006
292.27079695036247,335.77102270371694,325.1522359795485
Experiment 07-15_15:55
Epoch 0061 [Train seq (cond on sampled tp)] | Loss 1959736.124499 | MAPE 0.040600 | RMSE 96.392169 | Likelihood -1959733.608307 | KL fp 2.5162 | FP STD 0.1742 | ->nfe  280.25 | <-nfe  635.00
Epoch 0061 [Val seq (cond on sampled tp)] |  MAPE 0.031893 | RMSE 89.045629 |
Epoch 0061 [Test seq (cond on sampled tp)] | MAPE 0.046722 | RMSE 260.178807|
0.04809373617172241,0.04402182623744011,0.04805117845535278
203.4030980897292,274.31321912642125,302.8201043936812
0.04809373617172241,0.04402182623744011,0.04805117845535278
203.4030980897292,274.31321912642125,302.8201043936812
Epoch 0061 [Test seq (cond on sampled tp)] | Best Test MAPE 0.046722|Best Test RMSE 260.178807|
Experiment 07-15_15:55
Epoch 0062 [Train seq (cond on sampled tp)] | Loss 1914074.051915 | MAPE 0.034498 | RMSE 86.695149 | Likelihood -1914071.370154 | KL fp 2.6818 | FP STD 0.1475 | ->nfe  287.00 | <-nfe 1268.00
Epoch 0062 [Val seq (cond on sampled tp)] |  MAPE 0.041723 | RMSE 94.932249 |
Epoch 0062 [Test seq (cond on sampled tp)] | MAPE 0.065942 | RMSE 292.532416|
0.0647558942437172,0.06397547572851181,0.06909369677305222
247.60205440131145,310.67266988343215,319.32252504325464
Experiment 07-15_15:55
Epoch 0063 [Train seq (cond on sampled tp)] | Loss 1909515.997978 | MAPE 0.042842 | RMSE 87.319024 | Likelihood -1909513.597455 | KL fp 2.4005 | FP STD 0.1849 | ->nfe  285.50 | <-nfe 1736.00
Epoch 0063 [Val seq (cond on sampled tp)] |  MAPE 0.027194 | RMSE 101.119814 |
Epoch 0063 [Test seq (cond on sampled tp)] | MAPE 0.058508 | RMSE 324.123512|
0.0660230740904808,0.0623805969953537,0.047120943665504456
302.6281236930897,355.35009145911306,314.3923205964166
Experiment 07-15_15:55
Epoch 0064 [Train seq (cond on sampled tp)] | Loss 1923063.815933 | MAPE 0.041025 | RMSE 89.176595 | Likelihood -1923061.757776 | KL fp 2.0582 | FP STD 0.2297 | ->nfe  262.25 | <-nfe 3392.75
Epoch 0064 [Val seq (cond on sampled tp)] |  MAPE 0.025916 | RMSE 91.894295 |
Epoch 0064 [Test seq (cond on sampled tp)] | MAPE 0.050276 | RMSE 270.643289|
0.047370944172143936,0.05038619786500931,0.053069405257701874
223.05594169400644,276.00104732591143,312.8728775397446
Experiment 07-15_15:55
Epoch 0065 [Train seq (cond on sampled tp)] | Loss 1927241.908743 | MAPE 0.034554 | RMSE 88.929459 | Likelihood -1927239.571708 | KL fp 2.3370 | FP STD 0.1663 | ->nfe  295.25 | <-nfe 29123.75
Epoch 0065 [Val seq (cond on sampled tp)] |  MAPE 0.036892 | RMSE 85.226173 |
Epoch 0065 [Test seq (cond on sampled tp)] | MAPE 0.058823 | RMSE 307.002415|
0.06051573529839516,0.0536135695874691,0.0623401403427124
268.767048877834,306.27701411467365,345.9631821993491
Experiment 07-15_15:55
Epoch 0066 [Train seq (cond on sampled tp)] | Loss 1939165.694381 | MAPE 0.045944 | RMSE 92.042396 | Likelihood -1939163.317225 | KL fp 2.3772 | FP STD 0.2037 | ->nfe  299.75 | <-nfe 10881.50
Epoch 0066 [Val seq (cond on sampled tp)] |  MAPE 0.030050 | RMSE 95.576780 |
Epoch 0066 [Test seq (cond on sampled tp)] | MAPE 0.058371 | RMSE 300.977542|
0.06219056621193886,0.06441480666399002,0.048508625477552414
243.5249682399117,326.36510182233025,333.04255546401276
Experiment 07-15_15:55
Epoch 0067 [Train seq (cond on sampled tp)] | Loss 1915886.794379 | MAPE 0.040124 | RMSE 89.095955 | Likelihood -1915884.766985 | KL fp 2.0274 | FP STD 0.2864 | ->nfe  284.75 | <-nfe 26634.50
Epoch 0067 [Val seq (cond on sampled tp)] |  MAPE 0.025598 | RMSE 83.795123 |
Epoch 0067 [Test seq (cond on sampled tp)] | MAPE 0.052896 | RMSE 280.393721|
0.05845332145690918,0.05051218345761299,0.0497233048081398
228.25854823806708,279.0956097379534,333.8270042252424
Experiment 07-15_15:55
Epoch 0068 [Train seq (cond on sampled tp)] | Loss 1916331.957409 | MAPE 0.034635 | RMSE 87.381170 | Likelihood -1916329.690113 | KL fp 2.2673 | FP STD 0.1902 | ->nfe  283.25 | <-nfe 13594.25
Epoch 0068 [Val seq (cond on sampled tp)] |  MAPE 0.022095 | RMSE 83.920346 |
Epoch 0068 [Test seq (cond on sampled tp)] | MAPE 0.057540 | RMSE 295.837195|
0.05169977247714996,0.06062395125627518,0.060295213013887405
230.35939142728694,310.17288525917286,346.9793086410197
Experiment 07-15_15:55
Epoch 0069 [Train seq (cond on sampled tp)] | Loss 1943844.633582 | MAPE 0.039397 | RMSE 94.330223 | Likelihood -1943842.518334 | KL fp 2.1152 | FP STD 0.2497 | ->nfe  299.00 | <-nfe 14162.75
Epoch 0069 [Val seq (cond on sampled tp)] |  MAPE 0.025104 | RMSE 96.475056 |
Epoch 0069 [Test seq (cond on sampled tp)] | MAPE 0.056073 | RMSE 306.252391|
0.05749817565083504,0.05935478210449219,0.05136532709002495
246.3162981818296,364.0683958750059,308.3724792154773
Experiment 07-15_15:55
Epoch 0070 [Train seq (cond on sampled tp)] | Loss 1915187.698649 | MAPE 0.035865 | RMSE 89.681224 | Likelihood -1915185.365369 | KL fp 2.3333 | FP STD 0.2026 | ->nfe  290.00 | <-nfe 13322.00
Epoch 0070 [Val seq (cond on sampled tp)] |  MAPE 0.024920 | RMSE 86.676445 |
Epoch 0070 [Test seq (cond on sampled tp)] | MAPE 0.053890 | RMSE 280.233518|
0.052899327129125595,0.05140674486756325,0.05736272782087326
230.53278135928954,301.45809721253136,308.7096760104872
Experiment 07-15_15:55
Epoch 0071 [Train seq (cond on sampled tp)] | Loss 1917110.301359 | MAPE 0.033416 | RMSE 86.757486 | Likelihood -1917107.783211 | KL fp 2.5181 | FP STD 0.1554 | ->nfe  285.50 | <-nfe 8345.75
Epoch 0071 [Val seq (cond on sampled tp)] |  MAPE 0.034552 | RMSE 87.307878 |
Epoch 0071 [Test seq (cond on sampled tp)] | MAPE 0.068228 | RMSE 260.010544|
0.06160164251923561,0.07075726985931396,0.0723256766796112
205.40390849494563,280.5729489589116,294.05477540332515
Experiment 07-15_15:55
Epoch 0072 [Train seq (cond on sampled tp)] | Loss 1932574.044172 | MAPE 0.042288 | RMSE 92.887945 | Likelihood -1932571.459431 | KL fp 2.5847 | FP STD 0.1683 | ->nfe  289.25 | <-nfe 1319.00
Epoch 0072 [Val seq (cond on sampled tp)] |  MAPE 0.028090 | RMSE 87.332172 |
Epoch 0072 [Test seq (cond on sampled tp)] | MAPE 0.065587 | RMSE 293.619980|
0.06964500993490219,0.0659652054309845,0.06115070730447769
256.8821623089077,311.982271130909,311.99550527611774
Experiment 07-15_15:55
Epoch 0073 [Train seq (cond on sampled tp)] | Loss 1920676.549965 | MAPE 0.040158 | RMSE 90.233909 | Likelihood -1920674.153245 | KL fp 2.3967 | FP STD 0.1896 | ->nfe  293.75 | <-nfe 1298.00
Epoch 0073 [Val seq (cond on sampled tp)] |  MAPE 0.032742 | RMSE 84.795382 |
Epoch 0073 [Test seq (cond on sampled tp)] | MAPE 0.068936 | RMSE 267.613088|
0.06840894371271133,0.06636978685855865,0.07202952355146408
221.73753664242327,273.99128920916445,307.11043667140325
Experiment 07-15_15:55
Epoch 0074 [Train seq (cond on sampled tp)] | Loss 1904186.997974 | MAPE 0.034581 | RMSE 84.982956 | Likelihood -1904184.566524 | KL fp 2.4315 | FP STD 0.1750 | ->nfe  290.75 | <-nfe  817.25
Epoch 0074 [Val seq (cond on sampled tp)] |  MAPE 0.025002 | RMSE 84.878161 |
Epoch 0074 [Test seq (cond on sampled tp)] | MAPE 0.055461 | RMSE 282.711666|
0.061894699931144714,0.05563404783606529,0.048855677247047424
235.77703152289877,310.4788262708103,301.8791407583505
Experiment 07-15_15:55
Epoch 0075 [Train seq (cond on sampled tp)] | Loss 1895154.534105 | MAPE 0.036554 | RMSE 83.728641 | Likelihood -1895152.082160 | KL fp 2.4519 | FP STD 0.1722 | ->nfe  298.25 | <-nfe  636.50
Epoch 0075 [Val seq (cond on sampled tp)] |  MAPE 0.023371 | RMSE 91.850879 |
Epoch 0075 [Test seq (cond on sampled tp)] | MAPE 0.064055 | RMSE 282.550704|
0.06066123768687248,0.06551770865917206,0.06598722189664841
243.25004014645094,302.64641343075584,301.75565705136336
Experiment 07-15_15:55
Epoch 0076 [Train seq (cond on sampled tp)] | Loss 1891868.334975 | MAPE 0.036232 | RMSE 84.890413 | Likelihood -1891865.938399 | KL fp 2.3966 | FP STD 0.1905 | ->nfe  307.25 | <-nfe  641.00
Epoch 0076 [Val seq (cond on sampled tp)] |  MAPE 0.028554 | RMSE 88.050628 |
Epoch 0076 [Test seq (cond on sampled tp)] | MAPE 0.054512 | RMSE 268.419436|
0.05207917094230652,0.05435853824019432,0.05709896609187126
234.08462845998667,264.7371927969321,306.4364865881672
Experiment 07-15_15:55
Epoch 0077 [Train seq (cond on sampled tp)] | Loss 1893606.453007 | MAPE 0.033159 | RMSE 83.222532 | Likelihood -1893604.283793 | KL fp 2.1692 | FP STD 0.2126 | ->nfe  305.75 | <-nfe  826.25
Epoch 0077 [Val seq (cond on sampled tp)] |  MAPE 0.033875 | RMSE 86.172129 |
Epoch 0077 [Test seq (cond on sampled tp)] | MAPE 0.074363 | RMSE 284.597202|
0.07470683753490448,0.0722736045718193,0.07610767334699631
209.60205039848728,312.3878673820416,331.8016868175929
Experiment 07-15_15:55
Epoch 0078 [Train seq (cond on sampled tp)] | Loss 1907212.557040 | MAPE 0.038234 | RMSE 85.151217 | Likelihood -1907210.610676 | KL fp 1.9464 | FP STD 0.2534 | ->nfe  305.75 | <-nfe  785.00
Epoch 0078 [Val seq (cond on sampled tp)] |  MAPE 0.026286 | RMSE 93.852663 |
Epoch 0078 [Test seq (cond on sampled tp)] | MAPE 0.065995 | RMSE 294.422203|
0.054452814161777496,0.07507672160863876,0.06845693290233612
249.53318134819264,313.22105562605464,320.51237056859446
Experiment 07-15_15:55
Epoch 0079 [Train seq (cond on sampled tp)] | Loss 1908989.950255 | MAPE 0.036599 | RMSE 89.049990 | Likelihood -1908987.969681 | KL fp 1.9806 | FP STD 0.2402 | ->nfe  308.75 | <-nfe 1384.25
Epoch 0079 [Val seq (cond on sampled tp)] |  MAPE 0.025732 | RMSE 80.134555 |
Epoch 0079 [Test seq (cond on sampled tp)] | MAPE 0.053012 | RMSE 262.063505|
0.0523916520178318,0.04780110344290733,0.0588439516723156
219.72639236104524,251.28324562383781,315.1808756492056
Experiment 07-15_15:55
Epoch 0080 [Train seq (cond on sampled tp)] | Loss 1892516.893621 | MAPE 0.032987 | RMSE 83.612411 | Likelihood -1892514.330859 | KL fp 2.5628 | FP STD 0.1562 | ->nfe  313.25 | <-nfe 3246.50
Epoch 0080 [Val seq (cond on sampled tp)] |  MAPE 0.025704 | RMSE 92.537777 |
Epoch 0080 [Test seq (cond on sampled tp)] | MAPE 0.061064 | RMSE 297.986624|
0.05839724466204643,0.06560713797807693,0.05918816849589348
238.36098051327528,298.1853188455126,357.41357128332436
Experiment 07-15_15:55
Epoch 0081 [Train seq (cond on sampled tp)] | Loss 1935648.313322 | MAPE 0.041698 | RMSE 94.292741 | Likelihood -1935645.977918 | KL fp 2.3354 | FP STD 0.1819 | ->nfe  314.75 | <-nfe  830.00
Epoch 0081 [Val seq (cond on sampled tp)] |  MAPE 0.026967 | RMSE 99.594951 |
Epoch 0081 [Test seq (cond on sampled tp)] | MAPE 0.054983 | RMSE 324.371634|
0.06124338135123253,0.05490107461810112,0.048805635422468185
243.83745226072224,349.59911193036515,379.6783383668339
Experiment 07-15_15:55
Epoch 0082 [Train seq (cond on sampled tp)] | Loss 1914549.717530 | MAPE 0.038688 | RMSE 88.218506 | Likelihood -1914547.459715 | KL fp 2.2578 | FP STD 0.1864 | ->nfe  311.75 | <-nfe 1036.25
Epoch 0082 [Val seq (cond on sampled tp)] |  MAPE 0.029757 | RMSE 93.294063 |
Epoch 0082 [Test seq (cond on sampled tp)] | MAPE 0.074269 | RMSE 324.371894|
0.07057840377092361,0.075220987200737,0.07700885087251663
267.9242838471347,337.1972368844383,367.9941618083091
Experiment 07-15_15:55
Epoch 0083 [Train seq (cond on sampled tp)] | Loss 1895605.517060 | MAPE 0.033597 | RMSE 83.665974 | Likelihood -1895603.298498 | KL fp 2.2186 | FP STD 0.1878 | ->nfe  322.25 | <-nfe 5131.25
Epoch 0083 [Val seq (cond on sampled tp)] |  MAPE 0.033744 | RMSE 87.531130 |
Epoch 0083 [Test seq (cond on sampled tp)] | MAPE 0.072875 | RMSE 261.453896|
0.06933196634054184,0.07297420501708984,0.07631906121969223
232.60443722927988,258.98512867537397,292.7721223494477
Experiment 07-15_15:55
Epoch 0084 [Train seq (cond on sampled tp)] | Loss 1960567.379793 | MAPE 0.050318 | RMSE 98.480786 | Likelihood -1960564.620978 | KL fp 2.7588 | FP STD 0.1598 | ->nfe  325.25 | <-nfe  473.75
Epoch 0084 [Val seq (cond on sampled tp)] |  MAPE 0.026054 | RMSE 99.806957 |
Epoch 0084 [Test seq (cond on sampled tp)] | MAPE 0.053220 | RMSE 308.163125|
0.06081194430589676,0.055981092154979706,0.04286563768982887
275.1926455912294,311.1362995135733,338.16043021397405
Experiment 07-15_15:55
Epoch 0085 [Train seq (cond on sampled tp)] | Loss 1909890.772350 | MAPE 0.035598 | RMSE 87.746821 | Likelihood -1909888.393409 | KL fp 2.3789 | FP STD 0.1858 | ->nfe  322.25 | <-nfe  418.25
Epoch 0085 [Val seq (cond on sampled tp)] |  MAPE 0.025028 | RMSE 87.326357 |
Epoch 0085 [Test seq (cond on sampled tp)] | MAPE 0.057488 | RMSE 300.236551|
0.06423929333686829,0.056146927177906036,0.05207785964012146
253.50147928562467,301.7824521696051,345.42572238833054
Experiment 07-15_15:55
Epoch 0086 [Train seq (cond on sampled tp)] | Loss 1898160.608020 | MAPE 0.034648 | RMSE 84.485832 | Likelihood -1898158.448655 | KL fp 2.1594 | FP STD 0.2015 | ->nfe  324.50 | <-nfe 1129.25
Epoch 0086 [Val seq (cond on sampled tp)] |  MAPE 0.029689 | RMSE 89.205171 |
Epoch 0086 [Test seq (cond on sampled tp)] | MAPE 0.058859 | RMSE 308.716417|
0.0637725442647934,0.057675231248140335,0.05513058602809906
292.42983934184963,302.657035685609,331.06237610909517
Experiment 07-15_15:55
Epoch 0087 [Train seq (cond on sampled tp)] | Loss 1898711.091255 | MAPE 0.038392 | RMSE 86.847477 | Likelihood -1898708.987892 | KL fp 2.1034 | FP STD 0.2263 | ->nfe  335.00 | <-nfe 2515.25
Epoch 0087 [Val seq (cond on sampled tp)] |  MAPE 0.025761 | RMSE 87.277530 |
Epoch 0087 [Test seq (cond on sampled tp)] | MAPE 0.064430 | RMSE 314.667036|
0.06526700407266617,0.06976847350597382,0.058255527168512344
282.23062378133244,318.25316671637376,343.5173189775153
Experiment 07-15_15:55
Epoch 0088 [Train seq (cond on sampled tp)] | Loss 1906090.230515 | MAPE 0.040598 | RMSE 86.677948 | Likelihood -1906088.015823 | KL fp 2.2147 | FP STD 0.2042 | ->nfe  338.00 | <-nfe 1805.75
Epoch 0088 [Val seq (cond on sampled tp)] |  MAPE 0.035655 | RMSE 85.724982 |
Epoch 0088 [Test seq (cond on sampled tp)] | MAPE 0.068148 | RMSE 311.465647|
0.06011155620217323,0.07479081302881241,0.06954111158847809
276.51795545226355,325.3014227220656,332.5775637915162
Experiment 07-15_15:55
Epoch 0089 [Train seq (cond on sampled tp)] | Loss 1892308.915234 | MAPE 0.033586 | RMSE 82.238953 | Likelihood -1892306.819403 | KL fp 2.0958 | FP STD 0.2415 | ->nfe  337.25 | <-nfe 1563.50
Epoch 0089 [Val seq (cond on sampled tp)] |  MAPE 0.026676 | RMSE 84.834380 |
Epoch 0089 [Test seq (cond on sampled tp)] | MAPE 0.073150 | RMSE 295.064823|
0.06938019394874573,0.07766487449407578,0.07240570336580276
229.25903062911175,299.3528958436848,356.58254216240033
Experiment 07-15_15:55
Epoch 0090 [Train seq (cond on sampled tp)] | Loss 1915605.902057 | MAPE 0.039080 | RMSE 87.823575 | Likelihood -1915603.717815 | KL fp 2.1842 | FP STD 0.2203 | ->nfe  345.50 | <-nfe 1019.00
Epoch 0090 [Val seq (cond on sampled tp)] |  MAPE 0.022567 | RMSE 91.194482 |
Epoch 0090 [Test seq (cond on sampled tp)] | MAPE 0.051883 | RMSE 330.416645|
0.059413809329271317,0.0514698289334774,0.04476572945713997
275.16807363864,321.4096879373738,394.6721740888253
Experiment 07-15_15:55
Epoch 0091 [Train seq (cond on sampled tp)] | Loss 1885100.867414 | MAPE 0.036805 | RMSE 83.431153 | Likelihood -1885098.715274 | KL fp 2.1521 | FP STD 0.2031 | ->nfe  349.25 | <-nfe 2076.50
Epoch 0091 [Val seq (cond on sampled tp)] |  MAPE 0.024083 | RMSE 90.406985 |
Epoch 0091 [Test seq (cond on sampled tp)] | MAPE 0.053567 | RMSE 315.227402|
0.05625275894999504,0.055646371096372604,0.04880182817578316
295.9622943678806,304.53811081291616,345.1818021890783
Experiment 07-15_15:55
Epoch 0092 [Train seq (cond on sampled tp)] | Loss 1890568.489436 | MAPE 0.034361 | RMSE 82.814521 | Likelihood -1890566.363107 | KL fp 2.1263 | FP STD 0.2071 | ->nfe  347.00 | <-nfe 3778.25
Epoch 0092 [Val seq (cond on sampled tp)] |  MAPE 0.029135 | RMSE 87.541095 |
Epoch 0092 [Test seq (cond on sampled tp)] | MAPE 0.058737 | RMSE 287.381988|
0.06473185122013092,0.05565834790468216,0.05582009628415108
255.66310840635572,286.46475295837007,320.01810251531083
Experiment 07-15_15:55
Epoch 0093 [Train seq (cond on sampled tp)] | Loss 1885429.167037 | MAPE 0.035672 | RMSE 84.092875 | Likelihood -1885426.992821 | KL fp 2.1742 | FP STD 0.2169 | ->nfe  348.50 | <-nfe 2432.00
Epoch 0093 [Val seq (cond on sampled tp)] |  MAPE 0.034781 | RMSE 100.487489 |
Epoch 0093 [Test seq (cond on sampled tp)] | MAPE 0.069490 | RMSE 308.956519|
0.06919077038764954,0.06884463131427765,0.07043561339378357
278.9416381611035,301.3061410343307,346.6217769413803
Experiment 07-15_15:55
Epoch 0094 [Train seq (cond on sampled tp)] | Loss 1897609.096457 | MAPE 0.036410 | RMSE 86.700286 | Likelihood -1897606.643259 | KL fp 2.4532 | FP STD 0.1712 | ->nfe  356.75 | <-nfe 3841.25
Epoch 0094 [Val seq (cond on sampled tp)] |  MAPE 0.032155 | RMSE 96.445884 |
Epoch 0094 [Test seq (cond on sampled tp)] | MAPE 0.065513 | RMSE 321.910679|
0.07051130384206772,0.06706321239471436,0.05896306782960892
266.06561984311315,325.59667583146484,374.06974199338816
Experiment 07-15_15:55
Epoch 0095 [Train seq (cond on sampled tp)] | Loss 1886820.968805 | MAPE 0.037266 | RMSE 82.990947 | Likelihood -1886818.555225 | KL fp 2.4136 | FP STD 0.1673 | ->nfe  354.50 | <-nfe 6671.00
Epoch 0095 [Val seq (cond on sampled tp)] |  MAPE 0.025162 | RMSE 96.922791 |
Epoch 0095 [Test seq (cond on sampled tp)] | MAPE 0.067138 | RMSE 308.915748|
0.06695937365293503,0.06815902888774872,0.06629567593336105
237.54105730641598,308.76119665932765,380.4449902745468
Experiment 07-15_15:55
Epoch 0096 [Train seq (cond on sampled tp)] | Loss 1877656.012102 | MAPE 0.034487 | RMSE 81.716181 | Likelihood -1877653.701386 | KL fp 2.3107 | FP STD 0.1770 | ->nfe  359.00 | <-nfe 2050.25
Epoch 0096 [Val seq (cond on sampled tp)] |  MAPE 0.024681 | RMSE 104.695112 |
Epoch 0096 [Test seq (cond on sampled tp)] | MAPE 0.060799 | RMSE 317.118835|
0.06688395142555237,0.06034198775887489,0.055170875042676926
266.9254197102629,330.19475787026056,354.23632648275924
Experiment 07-15_15:55
Epoch 0097 [Train seq (cond on sampled tp)] | Loss 1904172.167518 | MAPE 0.035281 | RMSE 86.171633 | Likelihood -1904169.818872 | KL fp 2.3486 | FP STD 0.1758 | ->nfe  362.75 | <-nfe 1807.25
Epoch 0097 [Val seq (cond on sampled tp)] |  MAPE 0.023162 | RMSE 100.095370 |
Epoch 0097 [Test seq (cond on sampled tp)] | MAPE 0.062214 | RMSE 330.486142|
0.05695101246237755,0.06149528548121452,0.06819488108158112
281.6358048304583,355.6747768327127,354.14784386255974
Experiment 07-15_15:55
Epoch 0098 [Train seq (cond on sampled tp)] | Loss 1886089.363378 | MAPE 0.039073 | RMSE 82.280642 | Likelihood -1886087.179656 | KL fp 2.1837 | FP STD 0.1961 | ->nfe  371.00 | <-nfe  677.00
Epoch 0098 [Val seq (cond on sampled tp)] |  MAPE 0.026549 | RMSE 96.949080 |
Epoch 0098 [Test seq (cond on sampled tp)] | MAPE 0.064713 | RMSE 275.839126|
0.06687307357788086,0.0633552297949791,0.06390988826751709
236.88233827683314,281.4408380326139,309.19420222167815
Experiment 07-15_15:55
Epoch 0099 [Train seq (cond on sampled tp)] | Loss 1880127.215299 | MAPE 0.033238 | RMSE 81.799950 | Likelihood -1880124.985175 | KL fp 2.2301 | FP STD 0.1909 | ->nfe  360.50 | <-nfe  665.00
Epoch 0099 [Val seq (cond on sampled tp)] |  MAPE 0.041114 | RMSE 87.089859 |
Epoch 0099 [Test seq (cond on sampled tp)] | MAPE 0.070851 | RMSE 259.696506|
0.06934122741222382,0.07224283367395401,0.07096876949071884
222.1233996847248,271.12646956724825,285.8396485575435
Experiment 07-15_15:55
Epoch 0100 [Train seq (cond on sampled tp)] | Loss 1897101.745747 | MAPE 0.037054 | RMSE 88.008728 | Likelihood -1897099.169950 | KL fp 2.5758 | FP STD 0.1519 | ->nfe  366.50 | <-nfe  515.75
Epoch 0100 [Val seq (cond on sampled tp)] |  MAPE 0.028260 | RMSE 93.959609 |
Epoch 0100 [Test seq (cond on sampled tp)] | MAPE 0.065322 | RMSE 300.283115|
0.07027313858270645,0.06347142904996872,0.06222131475806236
251.01344585499797,300.2569212357977,349.5789766812358
