/nvme/yuanjingyang/CG-ODE/run_models_covid.py
run_models_covid.py --heavyBall --gamma_guess -3.0 --corr 5
Namespace(save='experiments/', load=None, dataset='Dec', datapath='data/', pred_length=14, condition_length=21, features='Confirmed,Deaths,Recovered,Mortality_Rate,Testing_Rate,Population,Mobility', split_interval=3, feature_out='Deaths', niters=100, lr=0.005, batch_size=8, random_seed=1991, dropout=0.2, l2=1e-05, optimizer='AdamW', clip=10, edge_lamda=0.5, z0_encoder='GTrans', rec_dims=64, ode_dims=20, rec_layers=1, gen_layers=1, CVPR=False, graf_layer=1, heavyBall=True, actv_h=None, gamma_guess=-3.0, gamma_act='sigmoid', corr=5, corrf=True, sign=1, augment_dim=0, solver='rk4', alias='run', output_dim=1, feature_out_index=[1], num_atoms=50)
run
Experiment 07-08_01:06
Epoch 0001 [Train seq (cond on sampled tp)] | Loss 4402970.326280 | MAPE 0.063433 | RMSE 286.624417 | Likelihood -4402968.793673 | KL fp 1.5326 | FP STD 0.4234|
Epoch 0001 [Val seq (cond on sampled tp)] |  MAPE 0.058141 | RMSE 306.418155 |
Best Val!
Epoch 0001 [Test seq (cond on sampled tp)] | MAPE 0.123277 | RMSE 907.636704|
0.13692089915275574,0.12746798992156982,0.10544242709875107
853.0530830493493,938.5407556414373,931.3162728096187
0.13692089915275574,0.12746798992156982,0.10544242709875107
853.0530830493493,938.5407556414373,931.3162728096187
Epoch 0001 [Test seq (cond on sampled tp)] | Best Test MAPE 0.123277|Best Test RMSE 907.636704|
Experiment 07-08_01:06
Epoch 0002 [Train seq (cond on sampled tp)] | Loss 4222734.538139 | MAPE 0.092911 | RMSE 276.890353 | Likelihood -4222731.407735 | KL fp 3.1304 | FP STD 0.6549|
Epoch 0002 [Val seq (cond on sampled tp)] |  MAPE 0.066945 | RMSE 283.019379 |
Epoch 0002 [Test seq (cond on sampled tp)] | MAPE 0.110630 | RMSE 871.232137|
0.11920987814664841,0.11366412788629532,0.09901709109544754
814.4146671076105,900.7947532595869,898.4869921150779
0.11920987814664841,0.11366412788629532,0.09901709109544754
814.4146671076105,900.7947532595869,898.4869921150779
Epoch 0002 [Test seq (cond on sampled tp)] | Best Test MAPE 0.110630|Best Test RMSE 871.232137|
Experiment 07-08_01:06
Epoch 0003 [Train seq (cond on sampled tp)] | Loss 3885540.525501 | MAPE 0.226484 | RMSE 257.917611 | Likelihood -3885534.467636 | KL fp 6.0579 | FP STD 0.8521|
Epoch 0003 [Val seq (cond on sampled tp)] |  MAPE 0.099658 | RMSE 243.063296 |
Epoch 0003 [Test seq (cond on sampled tp)] | MAPE 0.130468 | RMSE 798.286294|
0.13744311034679413,0.13450822234153748,0.11945130676031113
738.5987154741064,828.1850261264085,828.0751400084415
Experiment 07-08_01:06
Epoch 0004 [Train seq (cond on sampled tp)] | Loss 3603080.431218 | MAPE 0.478636 | RMSE 241.690958 | Likelihood -3603071.742339 | KL fp 8.6889 | FP STD 0.8155|
Epoch 0004 [Val seq (cond on sampled tp)] |  MAPE 0.133662 | RMSE 210.563622 |
Epoch 0004 [Test seq (cond on sampled tp)] | MAPE 0.143606 | RMSE 724.137761|
0.15094570815563202,0.1406179964542389,0.13925303518772125
660.6467475133742,753.6434418874751,758.123093567265
Experiment 07-08_01:06
Epoch 0005 [Train seq (cond on sampled tp)] | Loss 3266679.410521 | MAPE 0.442723 | RMSE 219.234561 | Likelihood -3266673.049563 | KL fp 6.3610 | FP STD 0.5493|
Epoch 0005 [Val seq (cond on sampled tp)] |  MAPE 0.074408 | RMSE 181.391583 |
Epoch 0005 [Test seq (cond on sampled tp)] | MAPE 0.091733 | RMSE 674.029934|
0.10294505208730698,0.08995180577039719,0.08230357617139816
610.6559229631691,708.3494238368519,703.0844543865268
0.10294505208730698,0.08995180577039719,0.08230357617139816
610.6559229631691,708.3494238368519,703.0844543865268
Epoch 0005 [Test seq (cond on sampled tp)] | Best Test MAPE 0.091733|Best Test RMSE 674.029934|
Experiment 07-08_01:06
Epoch 0006 [Train seq (cond on sampled tp)] | Loss 2929502.944053 | MAPE 0.191459 | RMSE 194.104327 | Likelihood -2929498.723790 | KL fp 4.2203 | FP STD 0.5127|
Epoch 0006 [Val seq (cond on sampled tp)] |  MAPE 0.030294 | RMSE 151.845162 |
Best Val!
Epoch 0006 [Test seq (cond on sampled tp)] | MAPE 0.056033 | RMSE 594.459787|
0.06395087391138077,0.057551588863134384,0.04659765586256981
526.2076586291765,629.3459402427253,627.8257620550467
0.06395087391138077,0.057551588863134384,0.04659765586256981
526.2076586291765,629.3459402427253,627.8257620550467
Epoch 0006 [Test seq (cond on sampled tp)] | Best Test MAPE 0.056033|Best Test RMSE 594.459787|
Experiment 07-08_01:06
Epoch 0007 [Train seq (cond on sampled tp)] | Loss 2602231.702720 | MAPE 0.041612 | RMSE 166.908548 | Likelihood -2602227.613074 | KL fp 4.0896 | FP STD 0.4454|
Epoch 0007 [Val seq (cond on sampled tp)] |  MAPE 0.035213 | RMSE 128.385977 |
Epoch 0007 [Test seq (cond on sampled tp)] | MAPE 0.051808 | RMSE 515.890951|
0.05059358477592468,0.054538749158382416,0.05029038339853287
448.7905448257572,547.9528663580472,550.92944194334
0.05059358477592468,0.054538749158382416,0.05029038339853287
448.7905448257572,547.9528663580472,550.92944194334
Epoch 0007 [Test seq (cond on sampled tp)] | Best Test MAPE 0.051808|Best Test RMSE 515.890951|
Experiment 07-08_01:06
Epoch 0008 [Train seq (cond on sampled tp)] | Loss 2331784.543946 | MAPE 0.040579 | RMSE 140.727205 | Likelihood -2331780.690273 | KL fp 3.8537 | FP STD 0.3901|
Epoch 0008 [Val seq (cond on sampled tp)] |  MAPE 0.034451 | RMSE 114.231818 |
Epoch 0008 [Test seq (cond on sampled tp)] | MAPE 0.057985 | RMSE 442.516668|
0.06090570613741875,0.05985740199685097,0.05319135636091232
386.4354732681771,470.3048712005862,470.80965832807635
Experiment 07-08_01:06
Epoch 0009 [Train seq (cond on sampled tp)] | Loss 2234620.780386 | MAPE 0.036538 | RMSE 129.284091 | Likelihood -2234617.267727 | KL fp 3.5127 | FP STD 0.3066|
Epoch 0009 [Val seq (cond on sampled tp)] |  MAPE 0.029098 | RMSE 86.767562 |
Best Val!
Epoch 0009 [Test seq (cond on sampled tp)] | MAPE 0.048533 | RMSE 374.997018|
0.05007198080420494,0.04967716708779335,0.045851245522499084
312.0777397140014,400.3853222209825,412.527991474518
0.05007198080420494,0.04967716708779335,0.045851245522499084
312.0777397140014,400.3853222209825,412.527991474518
Epoch 0009 [Test seq (cond on sampled tp)] | Best Test MAPE 0.048533|Best Test RMSE 374.997018|
Experiment 07-08_01:06
Epoch 0010 [Train seq (cond on sampled tp)] | Loss 2100988.142377 | MAPE 0.034909 | RMSE 113.775245 | Likelihood -2100984.492606 | KL fp 3.6498 | FP STD 0.2597|
Epoch 0010 [Val seq (cond on sampled tp)] |  MAPE 0.040325 | RMSE 89.277014 |
Epoch 0010 [Test seq (cond on sampled tp)] | MAPE 0.071957 | RMSE 358.278160|
0.07857973873615265,0.06611644476652145,0.07117442786693573
308.8248644053778,379.6639344538799,386.3456798969027
Experiment 07-08_01:06
Epoch 0011 [Train seq (cond on sampled tp)] | Loss 2084842.823959 | MAPE 0.041525 | RMSE 112.249453 | Likelihood -2084839.391904 | KL fp 3.4321 | FP STD 0.2485|
Epoch 0011 [Val seq (cond on sampled tp)] |  MAPE 0.039253 | RMSE 82.986727 |
Epoch 0011 [Test seq (cond on sampled tp)] | MAPE 0.068210 | RMSE 321.195233|
0.07067187875509262,0.06770015507936478,0.06625771522521973
275.9180556569287,339.55327960056576,348.11436249456875
Experiment 07-08_01:06
Epoch 0012 [Train seq (cond on sampled tp)] | Loss 2037228.292060 | MAPE 0.047557 | RMSE 105.940395 | Likelihood -2037224.991933 | KL fp 3.3001 | FP STD 0.2738|
Epoch 0012 [Val seq (cond on sampled tp)] |  MAPE 0.037170 | RMSE 84.527839 |
Epoch 0012 [Test seq (cond on sampled tp)] | MAPE 0.053892 | RMSE 307.731857|
0.05338048189878464,0.05842737480998039,0.04986933618783951
255.65993037627152,343.6826411276834,323.85300002470257
Experiment 07-08_01:06
Epoch 0013 [Train seq (cond on sampled tp)] | Loss 2026952.564718 | MAPE 0.040293 | RMSE 104.377854 | Likelihood -2026949.200188 | KL fp 3.3645 | FP STD 0.2662|
Epoch 0013 [Val seq (cond on sampled tp)] |  MAPE 0.024887 | RMSE 88.746495 |
Best Val!
Epoch 0013 [Test seq (cond on sampled tp)] | MAPE 0.046785 | RMSE 342.527274|
0.053056180477142334,0.04794341325759888,0.03935401886701584
317.46271926794805,352.6148859768969,357.50421763246374
0.053056180477142334,0.04794341325759888,0.03935401886701584
317.46271926794805,352.6148859768969,357.50421763246374
Epoch 0013 [Test seq (cond on sampled tp)] | Best Test MAPE 0.046785|Best Test RMSE 342.527274|
Experiment 07-08_01:06
Epoch 0014 [Train seq (cond on sampled tp)] | Loss 2028024.453696 | MAPE 0.038898 | RMSE 102.506566 | Likelihood -2028021.180012 | KL fp 3.2737 | FP STD 0.2231|
Epoch 0014 [Val seq (cond on sampled tp)] |  MAPE 0.032049 | RMSE 90.901507 |
Epoch 0014 [Test seq (cond on sampled tp)] | MAPE 0.055133 | RMSE 315.497555|
0.054658401757478714,0.054050445556640625,0.05668899416923523
251.6811521424479,336.99382180909487,357.8176910103803
Experiment 07-08_01:06
Epoch 0015 [Train seq (cond on sampled tp)] | Loss 1998426.523663 | MAPE 0.042033 | RMSE 99.486442 | Likelihood -1998422.978207 | KL fp 3.5455 | FP STD 0.1871|
Epoch 0015 [Val seq (cond on sampled tp)] |  MAPE 0.035160 | RMSE 87.332283 |
Epoch 0015 [Test seq (cond on sampled tp)] | MAPE 0.052057 | RMSE 281.413619|
0.05316255986690521,0.05340821295976639,0.04960162937641144
213.30061496336572,306.4944177713519,324.44582560113173
Experiment 07-08_01:06
Epoch 0016 [Train seq (cond on sampled tp)] | Loss 1980148.037354 | MAPE 0.049944 | RMSE 97.674360 | Likelihood -1980144.471447 | KL fp 3.5659 | FP STD 0.1970|
Epoch 0016 [Val seq (cond on sampled tp)] |  MAPE 0.042744 | RMSE 88.860876 |
Epoch 0016 [Test seq (cond on sampled tp)] | MAPE 0.058552 | RMSE 308.577597|
0.05477415770292282,0.058847054839134216,0.06203554943203926
260.6742609321066,324.26774479201595,340.79078534344205
Experiment 07-08_01:06
Epoch 0017 [Train seq (cond on sampled tp)] | Loss 1980603.395906 | MAPE 0.047395 | RMSE 97.235158 | Likelihood -1980599.836615 | KL fp 3.5593 | FP STD 0.1805|
Epoch 0017 [Val seq (cond on sampled tp)] |  MAPE 0.039063 | RMSE 80.472700 |
Epoch 0017 [Test seq (cond on sampled tp)] | MAPE 0.057065 | RMSE 296.009433|
0.060653094202280045,0.05167490988969803,0.05886554718017578
257.88687563542277,303.3781545983494,326.76326962343853
Experiment 07-08_01:06
Epoch 0018 [Train seq (cond on sampled tp)] | Loss 2020004.667176 | MAPE 0.035557 | RMSE 101.041730 | Likelihood -2020001.520735 | KL fp 3.1464 | FP STD 0.1871|
Epoch 0018 [Val seq (cond on sampled tp)] |  MAPE 0.044142 | RMSE 93.002252 |
Epoch 0018 [Test seq (cond on sampled tp)] | MAPE 0.062860 | RMSE 275.381581|
0.06226746737957001,0.06435678154230118,0.061956118792295456
233.2558195281524,279.9901783991717,312.8987456031104
Experiment 07-08_01:06
Epoch 0019 [Train seq (cond on sampled tp)] | Loss 1963354.005518 | MAPE 0.040582 | RMSE 95.509169 | Likelihood -1963350.400546 | KL fp 3.6050 | FP STD 0.1748|
Epoch 0019 [Val seq (cond on sampled tp)] |  MAPE 0.029018 | RMSE 89.204569 |
Epoch 0019 [Test seq (cond on sampled tp)] | MAPE 0.047557 | RMSE 304.077298|
0.051758162677288055,0.046545203775167465,0.04436742514371872
267.2874301430952,312.2908925385113,332.6535712080963
Experiment 07-08_01:06
Epoch 0020 [Train seq (cond on sampled tp)] | Loss 2044368.509688 | MAPE 0.047676 | RMSE 106.137731 | Likelihood -2044365.201185 | KL fp 3.3085 | FP STD 0.1797|
Epoch 0020 [Val seq (cond on sampled tp)] |  MAPE 0.032183 | RMSE 86.865360 |
Epoch 0020 [Test seq (cond on sampled tp)] | MAPE 0.055089 | RMSE 277.910200|
0.05777406692504883,0.05463707447052002,0.05285601317882538
233.3834944222706,300.9120251419009,299.4350800883223
Experiment 07-08_01:06
Epoch 0021 [Train seq (cond on sampled tp)] | Loss 1963271.295856 | MAPE 0.033489 | RMSE 93.533642 | Likelihood -1963268.004335 | KL fp 3.2915 | FP STD 0.1835|
Epoch 0021 [Val seq (cond on sampled tp)] |  MAPE 0.024921 | RMSE 81.001781 |
Epoch 0021 [Test seq (cond on sampled tp)] | MAPE 0.056311 | RMSE 278.737692|
0.0555892251431942,0.058108825236558914,0.05523384362459183
216.83193916891025,300.83902204916836,318.5421135815483
Experiment 07-08_01:06
Epoch 0022 [Train seq (cond on sampled tp)] | Loss 1952228.764492 | MAPE 0.033229 | RMSE 91.550979 | Likelihood -1952225.491546 | KL fp 3.2729 | FP STD 0.1766|
Epoch 0022 [Val seq (cond on sampled tp)] |  MAPE 0.022133 | RMSE 87.353751 |
Best Val!
Epoch 0022 [Test seq (cond on sampled tp)] | MAPE 0.051665 | RMSE 299.535645|
0.05181590095162392,0.053358085453510284,0.0498206689953804
252.53682435686483,330.4959696236854,315.5741419421116
Experiment 07-08_01:06
Epoch 0023 [Train seq (cond on sampled tp)] | Loss 1978521.695148 | MAPE 0.051962 | RMSE 95.132712 | Likelihood -1978518.824070 | KL fp 2.8711 | FP STD 0.2119|
Epoch 0023 [Val seq (cond on sampled tp)] |  MAPE 0.026800 | RMSE 86.742235 |
Epoch 0023 [Test seq (cond on sampled tp)] | MAPE 0.058184 | RMSE 284.666557|
0.0598146952688694,0.05841623991727829,0.05632069334387779
241.81612655590197,301.3740538143587,310.80948998140326
Experiment 07-08_01:06
Epoch 0024 [Train seq (cond on sampled tp)] | Loss 1952047.968834 | MAPE 0.033349 | RMSE 92.526861 | Likelihood -1952044.823232 | KL fp 3.1456 | FP STD 0.1730|
Epoch 0024 [Val seq (cond on sampled tp)] |  MAPE 0.032476 | RMSE 87.191174 |
Epoch 0024 [Test seq (cond on sampled tp)] | MAPE 0.061190 | RMSE 276.486748|
0.06303869187831879,0.059697225689888,0.0608341284096241
234.27590405065135,294.2151370596013,300.9692026395724
Experiment 07-08_01:06
Epoch 0025 [Train seq (cond on sampled tp)] | Loss 1951268.348858 | MAPE 0.036062 | RMSE 91.183800 | Likelihood -1951265.352820 | KL fp 2.9960 | FP STD 0.1766|
Epoch 0025 [Val seq (cond on sampled tp)] |  MAPE 0.024151 | RMSE 91.518217 |
Epoch 0025 [Test seq (cond on sampled tp)] | MAPE 0.056100 | RMSE 279.642391|
0.05274872109293938,0.057683058083057404,0.05786780267953873
222.14733286717623,298.92181251959516,317.8580289413813
Experiment 07-08_01:06
Epoch 0026 [Train seq (cond on sampled tp)] | Loss 1942860.024740 | MAPE 0.033484 | RMSE 91.184695 | Likelihood -1942856.951851 | KL fp 3.0729 | FP STD 0.1895|
Epoch 0026 [Val seq (cond on sampled tp)] |  MAPE 0.025089 | RMSE 87.143997 |
Epoch 0026 [Test seq (cond on sampled tp)] | MAPE 0.050096 | RMSE 295.014784|
0.05329057574272156,0.05137953534722328,0.045618217438459396
264.53591438592986,318.0717047695378,302.43673150346666
Experiment 07-08_01:06
Epoch 0027 [Train seq (cond on sampled tp)] | Loss 1959332.766170 | MAPE 0.040430 | RMSE 92.898126 | Likelihood -1959329.992252 | KL fp 2.7739 | FP STD 0.2041|
Epoch 0027 [Val seq (cond on sampled tp)] |  MAPE 0.027318 | RMSE 91.938371 |
Epoch 0027 [Test seq (cond on sampled tp)] | MAPE 0.050228 | RMSE 261.302735|
0.0586266964673996,0.0491299033164978,0.04292629286646843
228.34002708406163,255.36312992481902,300.2050471136353
Experiment 07-08_01:06
Epoch 0028 [Train seq (cond on sampled tp)] | Loss 1953197.389154 | MAPE 0.034124 | RMSE 92.451870 | Likelihood -1953194.234637 | KL fp 3.1545 | FP STD 0.1593|
Epoch 0028 [Val seq (cond on sampled tp)] |  MAPE 0.026357 | RMSE 87.291031 |
Epoch 0028 [Test seq (cond on sampled tp)] | MAPE 0.047833 | RMSE 257.548168|
0.0516538992524147,0.04702930897474289,0.0448172464966774
227.67820973360625,262.3866868526298,282.5796071463757
Experiment 07-08_01:06
Epoch 0029 [Train seq (cond on sampled tp)] | Loss 1930744.183263 | MAPE 0.031037 | RMSE 89.529409 | Likelihood -1930741.342366 | KL fp 2.8409 | FP STD 0.1997|
Epoch 0029 [Val seq (cond on sampled tp)] |  MAPE 0.028005 | RMSE 93.984192 |
Epoch 0029 [Test seq (cond on sampled tp)] | MAPE 0.060697 | RMSE 276.310082|
0.059118423610925674,0.061186932027339935,0.061784956604242325
264.5290331419219,279.7804663928488,284.6207454666648
Experiment 07-08_01:06
Epoch 0030 [Train seq (cond on sampled tp)] | Loss 1923494.331481 | MAPE 0.032221 | RMSE 87.410265 | Likelihood -1923491.477003 | KL fp 2.8545 | FP STD 0.2025|
Epoch 0030 [Val seq (cond on sampled tp)] |  MAPE 0.026536 | RMSE 97.806719 |
Epoch 0030 [Test seq (cond on sampled tp)] | MAPE 0.049229 | RMSE 277.308125|
0.05389896407723427,0.046793852001428604,0.04699352756142616
245.36563914900555,281.05515472945876,305.5035801754212
Experiment 07-08_01:06
Epoch 0031 [Train seq (cond on sampled tp)] | Loss 1937362.673989 | MAPE 0.031495 | RMSE 89.214104 | Likelihood -1937359.575225 | KL fp 3.0988 | FP STD 0.1611|
Epoch 0031 [Val seq (cond on sampled tp)] |  MAPE 0.028948 | RMSE 85.233978 |
Epoch 0031 [Test seq (cond on sampled tp)] | MAPE 0.058152 | RMSE 278.824594|
0.05986206978559494,0.056621383875608444,0.05797314643859863
250.5106347542954,282.90914785050694,303.0539994167706
Experiment 07-08_01:06
Epoch 0032 [Train seq (cond on sampled tp)] | Loss 1933481.504788 | MAPE 0.032193 | RMSE 88.822459 | Likelihood -1933478.783902 | KL fp 2.7209 | FP STD 0.2063|
Epoch 0032 [Val seq (cond on sampled tp)] |  MAPE 0.027122 | RMSE 84.946743 |
Epoch 0032 [Test seq (cond on sampled tp)] | MAPE 0.059847 | RMSE 277.461894|
0.06324584782123566,0.060111816972494125,0.05618312582373619
243.82575745806676,271.866350437122,316.6935747887854
Experiment 07-08_01:06
Epoch 0033 [Train seq (cond on sampled tp)] | Loss 1932311.266032 | MAPE 0.030097 | RMSE 90.461797 | Likelihood -1932308.429586 | KL fp 2.8364 | FP STD 0.1986|
Epoch 0033 [Val seq (cond on sampled tp)] |  MAPE 0.026100 | RMSE 86.058849 |
Epoch 0033 [Test seq (cond on sampled tp)] | MAPE 0.052330 | RMSE 248.279121|
0.05366513133049011,0.047547224909067154,0.055778369307518005
217.89317014020884,247.00386668279103,279.9403256722761
Experiment 07-08_01:06
Epoch 0034 [Train seq (cond on sampled tp)] | Loss 1912262.187703 | MAPE 0.038882 | RMSE 84.957790 | Likelihood -1912259.269094 | KL fp 2.9186 | FP STD 0.1623|
Epoch 0034 [Val seq (cond on sampled tp)] |  MAPE 0.024324 | RMSE 81.994197 |
Epoch 0034 [Test seq (cond on sampled tp)] | MAPE 0.051117 | RMSE 254.773640|
0.05564502254128456,0.044977765530347824,0.05272827669978142
215.7544448412361,249.60339634858738,298.96307777884545
Experiment 07-08_01:06
Epoch 0035 [Train seq (cond on sampled tp)] | Loss 1927395.260521 | MAPE 0.034611 | RMSE 91.115367 | Likelihood -1927392.361433 | KL fp 2.8991 | FP STD 0.1974|
Epoch 0035 [Val seq (cond on sampled tp)] |  MAPE 0.031263 | RMSE 82.696632 |
Epoch 0035 [Test seq (cond on sampled tp)] | MAPE 0.062389 | RMSE 265.551897|
0.06337210536003113,0.05914640799164772,0.06464787572622299
230.3511839968486,287.57125475697325,278.7332534207212
Experiment 07-08_01:06
Epoch 0036 [Train seq (cond on sampled tp)] | Loss 1957378.493461 | MAPE 0.038734 | RMSE 91.350310 | Likelihood -1957375.669508 | KL fp 2.8240 | FP STD 0.1698|
Epoch 0036 [Val seq (cond on sampled tp)] |  MAPE 0.026026 | RMSE 82.343397 |
Epoch 0036 [Test seq (cond on sampled tp)] | MAPE 0.053535 | RMSE 295.863332|
0.06159308925271034,0.05220038443803787,0.0468100979924202
262.0829275964003,294.64220887374574,330.8648586470011
Experiment 07-08_01:06
Epoch 0037 [Train seq (cond on sampled tp)] | Loss 1957395.657580 | MAPE 0.035987 | RMSE 94.066596 | Likelihood -1957393.062454 | KL fp 2.5951 | FP STD 0.2166|
Epoch 0037 [Val seq (cond on sampled tp)] |  MAPE 0.025836 | RMSE 87.058512 |
Epoch 0037 [Test seq (cond on sampled tp)] | MAPE 0.052729 | RMSE 268.205374|
0.059255488216876984,0.050375908613204956,0.0485554113984108
215.69593036262876,275.8833398150385,313.0368513649791
Experiment 07-08_01:06
Epoch 0038 [Train seq (cond on sampled tp)] | Loss 1941003.354256 | MAPE 0.033831 | RMSE 89.393333 | Likelihood -1941000.564747 | KL fp 2.7895 | FP STD 0.1733|
Epoch 0038 [Val seq (cond on sampled tp)] |  MAPE 0.023759 | RMSE 80.700416 |
Epoch 0038 [Test seq (cond on sampled tp)] | MAPE 0.051515 | RMSE 276.613955|
0.05727596953511238,0.05220877006649971,0.045060642063617706
240.43856413853416,300.80298785085233,288.6003129329558
Experiment 07-08_01:06
Epoch 0039 [Train seq (cond on sampled tp)] | Loss 1920093.626727 | MAPE 0.040538 | RMSE 89.009973 | Likelihood -1920090.610945 | KL fp 3.0158 | FP STD 0.1709|
Epoch 0039 [Val seq (cond on sampled tp)] |  MAPE 0.023767 | RMSE 91.127749 |
Epoch 0039 [Test seq (cond on sampled tp)] | MAPE 0.050872 | RMSE 256.684552|
0.054543111473321915,0.04846351221203804,0.04960815981030464
234.15067598130057,254.12828945239448,281.7746911319397
Experiment 07-08_01:06
Epoch 0040 [Train seq (cond on sampled tp)] | Loss 1910107.219352 | MAPE 0.037559 | RMSE 85.007611 | Likelihood -1910104.517674 | KL fp 2.7017 | FP STD 0.2103|
Epoch 0040 [Val seq (cond on sampled tp)] |  MAPE 0.030073 | RMSE 83.669732 |
Epoch 0040 [Test seq (cond on sampled tp)] | MAPE 0.061600 | RMSE 273.222065|
0.06413354724645615,0.06169183552265167,0.05897313356399536
233.0746845836115,281.11375866808794,305.47775082647183
Experiment 07-08_01:06
Epoch 0041 [Train seq (cond on sampled tp)] | Loss 1924422.545691 | MAPE 0.032846 | RMSE 87.288564 | Likelihood -1924419.909956 | KL fp 2.6357 | FP STD 0.2124|
Epoch 0041 [Val seq (cond on sampled tp)] |  MAPE 0.025979 | RMSE 82.655958 |
Epoch 0041 [Test seq (cond on sampled tp)] | MAPE 0.061904 | RMSE 257.902188|
0.06441199779510498,0.06269083172082901,0.05861042067408562
217.4776209751247,281.47163489417545,274.7573076826165
Experiment 07-08_01:06
Epoch 0042 [Train seq (cond on sampled tp)] | Loss 1928855.675387 | MAPE 0.044731 | RMSE 89.510938 | Likelihood -1928852.992824 | KL fp 2.6826 | FP STD 0.2120|
Epoch 0042 [Val seq (cond on sampled tp)] |  MAPE 0.027565 | RMSE 95.994995 |
Epoch 0042 [Test seq (cond on sampled tp)] | MAPE 0.050242 | RMSE 266.710975|
0.06079705059528351,0.04681088775396347,0.04311873018741608
232.1055373504691,262.80953476329586,305.2178525250448
Experiment 07-08_01:06
Epoch 0043 [Train seq (cond on sampled tp)] | Loss 1954280.105821 | MAPE 0.046945 | RMSE 92.102823 | Likelihood -1954277.519578 | KL fp 2.5862 | FP STD 0.2224|
Epoch 0043 [Val seq (cond on sampled tp)] |  MAPE 0.029747 | RMSE 89.761982 |
Epoch 0043 [Test seq (cond on sampled tp)] | MAPE 0.053760 | RMSE 256.281568|
0.05767441540956497,0.054791226983070374,0.04881541058421135
219.05690078436243,259.3315475650813,290.4562547742775
Experiment 07-08_01:06
Epoch 0044 [Train seq (cond on sampled tp)] | Loss 1913331.299802 | MAPE 0.053032 | RMSE 85.547423 | Likelihood -1913328.607518 | KL fp 2.6923 | FP STD 0.2050|
Epoch 0044 [Val seq (cond on sampled tp)] |  MAPE 0.051098 | RMSE 110.934340 |
Epoch 0044 [Test seq (cond on sampled tp)] | MAPE 0.077775 | RMSE 269.334482|
0.07932010293006897,0.07092460244894028,0.08308003842830658
264.66336224060177,257.41765977201334,285.92242446597294
Experiment 07-08_01:06
Epoch 0045 [Train seq (cond on sampled tp)] | Loss 1978210.340837 | MAPE 0.065599 | RMSE 100.473635 | Likelihood -1978207.626663 | KL fp 2.7142 | FP STD 0.2619|
Epoch 0045 [Val seq (cond on sampled tp)] |  MAPE 0.031572 | RMSE 81.532642 |
Epoch 0045 [Test seq (cond on sampled tp)] | MAPE 0.064741 | RMSE 270.468068|
0.0610630102455616,0.06907550990581512,0.06408517807722092
269.85738420969693,267.50855710612325,274.0382614709121
Experiment 07-08_01:06
Epoch 0046 [Train seq (cond on sampled tp)] | Loss 1951081.430790 | MAPE 0.038183 | RMSE 91.263648 | Likelihood -1951079.166470 | KL fp 2.2643 | FP STD 0.2790|
Epoch 0046 [Val seq (cond on sampled tp)] |  MAPE 0.038123 | RMSE 106.628952 |
Epoch 0046 [Test seq (cond on sampled tp)] | MAPE 0.060925 | RMSE 254.972755|
0.06137527897953987,0.0544770173728466,0.06692288815975189
223.35942691937137,253.3562986438269,288.2025383736236
Experiment 07-08_01:06
Epoch 0047 [Train seq (cond on sampled tp)] | Loss 1920445.501039 | MAPE 0.033489 | RMSE 87.863872 | Likelihood -1920442.573142 | KL fp 2.9279 | FP STD 0.1760|
Epoch 0047 [Val seq (cond on sampled tp)] |  MAPE 0.033129 | RMSE 81.543823 |
Epoch 0047 [Test seq (cond on sampled tp)] | MAPE 0.059178 | RMSE 246.075559|
0.06075046956539154,0.0587308332324028,0.05805265158414841
213.47700037123437,265.91243271987116,258.83724374594937
Experiment 07-08_01:06
Epoch 0048 [Train seq (cond on sampled tp)] | Loss 1902932.368058 | MAPE 0.046625 | RMSE 84.330953 | Likelihood -1902929.336584 | KL fp 3.0315 | FP STD 0.1612|
Epoch 0048 [Val seq (cond on sampled tp)] |  MAPE 0.026857 | RMSE 81.449521 |
Epoch 0048 [Test seq (cond on sampled tp)] | MAPE 0.052857 | RMSE 265.732803|
0.058945655822753906,0.05485624074935913,0.04476816952228546
237.08691872655058,284.67425188713503,275.4372376331857
Experiment 07-08_01:06
Epoch 0049 [Train seq (cond on sampled tp)] | Loss 1912602.903505 | MAPE 0.048783 | RMSE 86.099382 | Likelihood -1912600.300161 | KL fp 2.6033 | FP STD 0.2151|
Epoch 0049 [Val seq (cond on sampled tp)] |  MAPE 0.024474 | RMSE 89.569037 |
Epoch 0049 [Test seq (cond on sampled tp)] | MAPE 0.054135 | RMSE 267.146466|
0.05679602175951004,0.05049271136522293,0.05511767417192459
225.56953958258637,273.13022020182973,302.73963906713635
Experiment 07-08_01:06
Epoch 0050 [Train seq (cond on sampled tp)] | Loss 1913460.315544 | MAPE 0.037528 | RMSE 84.973146 | Likelihood -1913457.800400 | KL fp 2.5151 | FP STD 0.2227|
Epoch 0050 [Val seq (cond on sampled tp)] |  MAPE 0.034641 | RMSE 93.701383 |
Epoch 0050 [Test seq (cond on sampled tp)] | MAPE 0.051219 | RMSE 262.018071|
0.05364641919732094,0.05222693830728531,0.04778434708714485
243.04250689179867,262.3457582561609,280.6659491281406
Experiment 07-08_01:06
Epoch 0051 [Train seq (cond on sampled tp)] | Loss 1919601.232949 | MAPE 0.074033 | RMSE 88.077896 | Likelihood -1919598.421770 | KL fp 2.8112 | FP STD 0.1944|
Epoch 0051 [Val seq (cond on sampled tp)] |  MAPE 0.025819 | RMSE 103.853074 |
Epoch 0051 [Test seq (cond on sampled tp)] | MAPE 0.053065 | RMSE 312.832212|
0.06248975545167923,0.05389432609081268,0.04281017184257507
284.4131705151855,327.70468317526377,326.3787820539197
Experiment 07-08_01:06
Epoch 0052 [Train seq (cond on sampled tp)] | Loss 1972589.687773 | MAPE 0.050632 | RMSE 94.839975 | Likelihood -1972586.934950 | KL fp 2.7528 | FP STD 0.1744|
Epoch 0052 [Val seq (cond on sampled tp)] |  MAPE 0.026896 | RMSE 95.156440 |
Epoch 0052 [Test seq (cond on sampled tp)] | MAPE 0.049078 | RMSE 245.084993|
0.05545447766780853,0.04636203497648239,0.045416586101055145
193.21234877395906,252.38055652625064,289.662074126904
Experiment 07-08_01:06
Epoch 0053 [Train seq (cond on sampled tp)] | Loss 1909413.285346 | MAPE 0.041283 | RMSE 84.602207 | Likelihood -1909410.507761 | KL fp 2.7776 | FP STD 0.1730|
Epoch 0053 [Val seq (cond on sampled tp)] |  MAPE 0.037106 | RMSE 97.097552 |
Epoch 0053 [Test seq (cond on sampled tp)] | MAPE 0.055706 | RMSE 247.264316|
0.0560806468129158,0.05148018151521683,0.05955670401453972
223.29155198417158,249.74454917725433,268.7568458430408
Experiment 07-08_01:06
Epoch 0054 [Train seq (cond on sampled tp)] | Loss 1952112.216392 | MAPE 0.100612 | RMSE 93.202789 | Likelihood -1952109.258040 | KL fp 2.9584 | FP STD 0.1585|
Epoch 0054 [Val seq (cond on sampled tp)] |  MAPE 0.023419 | RMSE 80.770405 |
Epoch 0054 [Test seq (cond on sampled tp)] | MAPE 0.051791 | RMSE 259.574022|
0.060257554054260254,0.04889838024973869,0.046216320246458054
247.66153977000548,262.7310144187397,268.3295111658425
Experiment 07-08_01:06
Epoch 0055 [Train seq (cond on sampled tp)] | Loss 1932466.339682 | MAPE 0.046489 | RMSE 90.449644 | Likelihood -1932464.021858 | KL fp 2.3178 | FP STD 0.3113|
Epoch 0055 [Val seq (cond on sampled tp)] |  MAPE 0.033088 | RMSE 83.978510 |
Epoch 0055 [Test seq (cond on sampled tp)] | MAPE 0.062616 | RMSE 249.067958|
0.06520485132932663,0.05446973070502281,0.06817331910133362
211.5562868363878,233.53837345284393,302.1092129718986
Experiment 07-08_01:06
Epoch 0056 [Train seq (cond on sampled tp)] | Loss 1913110.283859 | MAPE 0.054132 | RMSE 84.675819 | Likelihood -1913108.163716 | KL fp 2.1201 | FP STD 0.3242|
Epoch 0056 [Val seq (cond on sampled tp)] |  MAPE 0.032665 | RMSE 83.977987 |
Epoch 0056 [Test seq (cond on sampled tp)] | MAPE 0.059966 | RMSE 262.614801|
0.05745510384440422,0.05821523442864418,0.06422840058803558
250.28593023779823,261.7765029562432,275.7819706081237
Experiment 07-08_01:06
Epoch 0057 [Train seq (cond on sampled tp)] | Loss 1921415.994173 | MAPE 0.087842 | RMSE 87.477147 | Likelihood -1921413.121701 | KL fp 2.8725 | FP STD 0.1699|
Epoch 0057 [Val seq (cond on sampled tp)] |  MAPE 0.039583 | RMSE 81.190844 |
Epoch 0057 [Test seq (cond on sampled tp)] | MAPE 0.065700 | RMSE 258.194839|
0.0646803081035614,0.06506068259477615,0.0673588290810585
224.42941540716092,259.7888866464461,290.36621542889594
Experiment 07-08_01:06
Epoch 0058 [Train seq (cond on sampled tp)] | Loss 1893844.784160 | MAPE 0.071299 | RMSE 82.561321 | Likelihood -1893842.168677 | KL fp 2.6155 | FP STD 0.2109|
Epoch 0058 [Val seq (cond on sampled tp)] |  MAPE 0.036415 | RMSE 83.820082 |
Epoch 0058 [Test seq (cond on sampled tp)] | MAPE 0.059321 | RMSE 277.694650|
0.06528240442276001,0.0568142794072628,0.05586574599146843
253.77235892872574,282.0474527894198,297.26413969734057
Experiment 07-08_01:06
Epoch 0059 [Train seq (cond on sampled tp)] | Loss 1914845.847448 | MAPE 0.073420 | RMSE 87.793284 | Likelihood -1914843.102273 | KL fp 2.7452 | FP STD 0.1897|
Epoch 0059 [Val seq (cond on sampled tp)] |  MAPE 0.025927 | RMSE 75.360494 |
Epoch 0059 [Test seq (cond on sampled tp)] | MAPE 0.052833 | RMSE 266.210953|
0.048957839608192444,0.052956197410821915,0.056584253907203674
239.6903194097542,273.772730220707,285.16980960911695
Experiment 07-08_01:06
Epoch 0060 [Train seq (cond on sampled tp)] | Loss 1898662.007727 | MAPE 0.059547 | RMSE 82.894551 | Likelihood -1898659.302231 | KL fp 2.7055 | FP STD 0.1812|
Epoch 0060 [Val seq (cond on sampled tp)] |  MAPE 0.035901 | RMSE 86.955872 |
Epoch 0060 [Test seq (cond on sampled tp)] | MAPE 0.044787 | RMSE 249.673252|
0.045873675495386124,0.04189496859908104,0.04659149423241615
232.11739352103712,226.50614816434896,290.3962137106818
0.045873675495386124,0.04189496859908104,0.04659149423241615
232.11739352103712,226.50614816434896,290.3962137106818
Epoch 0060 [Test seq (cond on sampled tp)] | Best Test MAPE 0.044787|Best Test RMSE 249.673252|
Experiment 07-08_01:06
Epoch 0061 [Train seq (cond on sampled tp)] | Loss 1933817.288926 | MAPE 0.049671 | RMSE 89.776938 | Likelihood -1933814.264697 | KL fp 3.0242 | FP STD 0.1516|
Epoch 0061 [Val seq (cond on sampled tp)] |  MAPE 0.037625 | RMSE 81.424134 |
Epoch 0061 [Test seq (cond on sampled tp)] | MAPE 0.048379 | RMSE 258.003517|
0.04638968035578728,0.04879219830036163,0.04995453357696533
220.43623298473415,267.02725457806736,286.54706201599765
Experiment 07-08_01:06
Epoch 0062 [Train seq (cond on sampled tp)] | Loss 1900543.592584 | MAPE 0.129364 | RMSE 84.850781 | Likelihood -1900541.049416 | KL fp 2.5432 | FP STD 0.2116|
Epoch 0062 [Val seq (cond on sampled tp)] |  MAPE 0.026903 | RMSE 91.059433 |
Epoch 0062 [Test seq (cond on sampled tp)] | MAPE 0.054638 | RMSE 271.569342|
0.06314404308795929,0.05272343382239342,0.04804715886712074
226.73845753422597,286.9263298304985,301.0432381735222
Experiment 07-08_01:06
Epoch 0063 [Train seq (cond on sampled tp)] | Loss 1897684.912017 | MAPE 0.051698 | RMSE 86.552329 | Likelihood -1897682.192359 | KL fp 2.7197 | FP STD 0.1764|
Epoch 0063 [Val seq (cond on sampled tp)] |  MAPE 0.026087 | RMSE 87.619845 |
Epoch 0063 [Test seq (cond on sampled tp)] | MAPE 0.052874 | RMSE 278.185777|
0.05750775709748268,0.050471629947423935,0.050642430782318115
245.16070940813498,265.64732259143886,323.74930019229384
Experiment 07-08_01:06
Epoch 0064 [Train seq (cond on sampled tp)] | Loss 1899244.499912 | MAPE 0.055742 | RMSE 85.660150 | Likelihood -1899241.703588 | KL fp 2.7963 | FP STD 0.1708|
Epoch 0064 [Val seq (cond on sampled tp)] |  MAPE 0.028867 | RMSE 89.506241 |
Epoch 0064 [Test seq (cond on sampled tp)] | MAPE 0.055183 | RMSE 279.210037|
0.05999375134706497,0.05736888572573662,0.048186641186475754
226.91695548702393,287.6963324192715,323.01682183363147
Experiment 07-08_01:06
Epoch 0065 [Train seq (cond on sampled tp)] | Loss 1875901.115702 | MAPE 0.060878 | RMSE 80.919005 | Likelihood -1875898.524480 | KL fp 2.5912 | FP STD 0.2026|
Epoch 0065 [Val seq (cond on sampled tp)] |  MAPE 0.036162 | RMSE 87.801451 |
Epoch 0065 [Test seq (cond on sampled tp)] | MAPE 0.060999 | RMSE 291.337523|
0.05883345380425453,0.061806902289390564,0.06235676631331444
247.29515670803178,313.4875022429124,313.2299100700634
Experiment 07-08_01:06
Epoch 0066 [Train seq (cond on sampled tp)] | Loss 1889469.378695 | MAPE 0.117099 | RMSE 83.560126 | Likelihood -1889466.516483 | KL fp 2.8622 | FP STD 0.1655|
Epoch 0066 [Val seq (cond on sampled tp)] |  MAPE 0.026222 | RMSE 88.763107 |
Epoch 0066 [Test seq (cond on sampled tp)] | MAPE 0.049564 | RMSE 270.100268|
0.05211629346013069,0.051094599068164825,0.04547964781522751
240.0163894143481,254.0306714380175,316.25374256678765
Experiment 07-08_01:06
Epoch 0067 [Train seq (cond on sampled tp)] | Loss 1884094.146600 | MAPE 0.060742 | RMSE 82.841177 | Likelihood -1884091.342534 | KL fp 2.8041 | FP STD 0.1710|
Epoch 0067 [Val seq (cond on sampled tp)] |  MAPE 0.024703 | RMSE 86.148188 |
Epoch 0067 [Test seq (cond on sampled tp)] | MAPE 0.050573 | RMSE 261.704793|
0.05887087807059288,0.04805918410420418,0.04478916898369789
238.3120656303411,257.72077913897436,289.08153315717004
Experiment 07-08_01:06
Epoch 0068 [Train seq (cond on sampled tp)] | Loss 1885545.886865 | MAPE 0.045971 | RMSE 81.692043 | Likelihood -1885543.109422 | KL fp 2.7774 | FP STD 0.1733|
Epoch 0068 [Val seq (cond on sampled tp)] |  MAPE 0.025901 | RMSE 81.321324 |
Epoch 0068 [Test seq (cond on sampled tp)] | MAPE 0.041795 | RMSE 238.835265|
0.044263362884521484,0.04266313463449478,0.03845833241939545
220.5643153084832,243.00460547333253,252.9368745359205
0.044263362884521484,0.04266313463449478,0.03845833241939545
220.5643153084832,243.00460547333253,252.9368745359205
Epoch 0068 [Test seq (cond on sampled tp)] | Best Test MAPE 0.041795|Best Test RMSE 238.835265|
Experiment 07-08_01:06
Epoch 0069 [Train seq (cond on sampled tp)] | Loss 1870735.601005 | MAPE 0.061209 | RMSE 77.856596 | Likelihood -1870732.939604 | KL fp 2.6614 | FP STD 0.2020|
Epoch 0069 [Val seq (cond on sampled tp)] |  MAPE 0.026706 | RMSE 82.668678 |
Epoch 0069 [Test seq (cond on sampled tp)] | MAPE 0.047218 | RMSE 262.114289|
0.04882516339421272,0.04643603041768074,0.04639209806919098
237.00710366463701,260.66843163298466,288.6673312396122
Experiment 07-08_01:06
Epoch 0070 [Train seq (cond on sampled tp)] | Loss 1874803.679277 | MAPE 0.081680 | RMSE 79.552072 | Likelihood -1874801.215453 | KL fp 2.4638 | FP STD 0.2574|
Epoch 0070 [Val seq (cond on sampled tp)] |  MAPE 0.025982 | RMSE 81.676217 |
Epoch 0070 [Test seq (cond on sampled tp)] | MAPE 0.045028 | RMSE 246.741700|
0.05341373756527901,0.0435730442404747,0.03809633478522301
219.73242783838256,227.66355727805887,292.82911505688776
Experiment 07-08_01:06
Epoch 0071 [Train seq (cond on sampled tp)] | Loss 1872301.135241 | MAPE 0.062102 | RMSE 79.097210 | Likelihood -1872298.384856 | KL fp 2.7504 | FP STD 0.1758|
Epoch 0071 [Val seq (cond on sampled tp)] |  MAPE 0.025836 | RMSE 75.562571 |
Epoch 0071 [Test seq (cond on sampled tp)] | MAPE 0.047450 | RMSE 254.133494|
0.04973534494638443,0.04331325367093086,0.04930245876312256
237.10060167047237,220.05966875486294,305.2402102238498
Experiment 07-08_01:06
Epoch 0072 [Train seq (cond on sampled tp)] | Loss 1880865.593450 | MAPE 0.065713 | RMSE 81.193387 | Likelihood -1880862.805921 | KL fp 2.7875 | FP STD 0.1927|
Epoch 0072 [Val seq (cond on sampled tp)] |  MAPE 0.031324 | RMSE 86.075710 |
Epoch 0072 [Test seq (cond on sampled tp)] | MAPE 0.045721 | RMSE 267.145897|
0.044743459671735764,0.041493166238069534,0.05092734098434448
262.91586106585504,278.45399081356334,260.0678397072579
Experiment 07-08_01:06
Epoch 0073 [Train seq (cond on sampled tp)] | Loss 1905309.736330 | MAPE 0.096460 | RMSE 82.652583 | Likelihood -1905307.326473 | KL fp 2.4099 | FP STD 0.2186|
Epoch 0073 [Val seq (cond on sampled tp)] |  MAPE 0.033507 | RMSE 84.290945 |
Epoch 0073 [Test seq (cond on sampled tp)] | MAPE 0.053397 | RMSE 304.146514|
0.05273793265223503,0.05110400170087814,0.0563499741256237
268.8759733827104,327.15957975428444,316.4039891894538
Experiment 07-08_01:06
Epoch 0074 [Train seq (cond on sampled tp)] | Loss 1885243.910755 | MAPE 0.093786 | RMSE 82.878306 | Likelihood -1885241.193554 | KL fp 2.7172 | FP STD 0.1876|
Epoch 0074 [Val seq (cond on sampled tp)] |  MAPE 0.026477 | RMSE 90.510019 |
Epoch 0074 [Test seq (cond on sampled tp)] | MAPE 0.055737 | RMSE 309.625909|
0.06201520934700966,0.05631718412041664,0.04887784272432327
304.35111559266545,305.2400054670095,319.2866071416087
Experiment 07-08_01:06
Epoch 0075 [Train seq (cond on sampled tp)] | Loss 1895744.501105 | MAPE 0.068987 | RMSE 85.727414 | Likelihood -1895741.878639 | KL fp 2.6225 | FP STD 0.2163|
Epoch 0075 [Val seq (cond on sampled tp)] |  MAPE 0.027723 | RMSE 90.719493 |
Epoch 0075 [Test seq (cond on sampled tp)] | MAPE 0.044506 | RMSE 279.672136|
0.0497463159263134,0.04638140648603439,0.03738883137702942
245.92951067074077,304.802356556671,288.2845409703753
Experiment 07-08_01:06
Epoch 0076 [Train seq (cond on sampled tp)] | Loss 1879585.342611 | MAPE 0.071244 | RMSE 80.536691 | Likelihood -1879582.449445 | KL fp 2.8932 | FP STD 0.1742|
Epoch 0076 [Val seq (cond on sampled tp)] |  MAPE 0.032201 | RMSE 89.526374 |
Epoch 0076 [Test seq (cond on sampled tp)] | MAPE 0.049942 | RMSE 294.649143|
0.05232755467295647,0.044127415865659714,0.0533706471323967
268.8708013386727,298.2898915065678,316.7867357347842
Experiment 07-08_01:06
Epoch 0077 [Train seq (cond on sampled tp)] | Loss 1881028.941421 | MAPE 0.084709 | RMSE 80.004712 | Likelihood -1881025.767495 | KL fp 3.1739 | FP STD 0.1505|
Epoch 0077 [Val seq (cond on sampled tp)] |  MAPE 0.034672 | RMSE 96.827922 |
Epoch 0077 [Test seq (cond on sampled tp)] | MAPE 0.055052 | RMSE 268.091512|
0.05674510821700096,0.05232245475053787,0.056087344884872437
252.99853322203273,255.54799420803522,295.72800795240886
Experiment 07-08_01:06
Epoch 0078 [Train seq (cond on sampled tp)] | Loss 1889918.677363 | MAPE 0.115729 | RMSE 83.024313 | Likelihood -1889915.812610 | KL fp 2.8648 | FP STD 0.1909|
Epoch 0078 [Val seq (cond on sampled tp)] |  MAPE 0.027329 | RMSE 89.416544 |
Epoch 0078 [Test seq (cond on sampled tp)] | MAPE 0.049245 | RMSE 256.598819|
0.056744080036878586,0.04691114276647568,0.044080909341573715
246.94105129058636,238.82287827488386,284.03252729661085
Experiment 07-08_01:06
Epoch 0079 [Train seq (cond on sampled tp)] | Loss 1866904.793647 | MAPE 0.070740 | RMSE 77.451458 | Likelihood -1866901.752303 | KL fp 3.0413 | FP STD 0.1531|
Epoch 0079 [Val seq (cond on sampled tp)] |  MAPE 0.030158 | RMSE 98.490720 |
Epoch 0079 [Test seq (cond on sampled tp)] | MAPE 0.057280 | RMSE 288.117694|
0.060648009181022644,0.05365784093737602,0.05753534659743309
265.31567283144057,282.4942892121892,316.5431200879274
Experiment 07-08_01:06
Epoch 0080 [Train seq (cond on sampled tp)] | Loss 1912789.836947 | MAPE 0.077750 | RMSE 90.089725 | Likelihood -1912786.845522 | KL fp 2.9914 | FP STD 0.1782|
Epoch 0080 [Val seq (cond on sampled tp)] |  MAPE 0.029704 | RMSE 84.921074 |
Epoch 0080 [Test seq (cond on sampled tp)] | MAPE 0.052809 | RMSE 237.697620|
0.05162883549928665,0.050295017659664154,0.056501712650060654
205.7381337708204,242.34586757617717,265.00885893211193
Experiment 07-08_01:06
Epoch 0081 [Train seq (cond on sampled tp)] | Loss 1878323.980536 | MAPE 0.079257 | RMSE 81.733703 | Likelihood -1878321.155711 | KL fp 2.8248 | FP STD 0.1972|
Epoch 0081 [Val seq (cond on sampled tp)] |  MAPE 0.028597 | RMSE 84.238379 |
Epoch 0081 [Test seq (cond on sampled tp)] | MAPE 0.065793 | RMSE 245.134750|
0.06355797499418259,0.06036224216222763,0.07345820963382721
238.1316846174612,250.7966681397502,246.4758957535199
Experiment 07-08_01:06
Epoch 0082 [Train seq (cond on sampled tp)] | Loss 1893570.816067 | MAPE 0.067036 | RMSE 82.003143 | Likelihood -1893568.013972 | KL fp 2.8021 | FP STD 0.2118|
Epoch 0082 [Val seq (cond on sampled tp)] |  MAPE 0.028062 | RMSE 92.210458 |
Epoch 0082 [Test seq (cond on sampled tp)] | MAPE 0.048364 | RMSE 233.525603|
0.049328047782182693,0.046084459871053696,0.04968082159757614
214.95381044540707,235.76814285967475,249.8548563041151
Experiment 07-08_01:06
Epoch 0083 [Train seq (cond on sampled tp)] | Loss 1872060.409428 | MAPE 0.073702 | RMSE 78.755140 | Likelihood -1872057.767896 | KL fp 2.6415 | FP STD 0.2286|
Epoch 0083 [Val seq (cond on sampled tp)] |  MAPE 0.035750 | RMSE 92.194375 |
Epoch 0083 [Test seq (cond on sampled tp)] | MAPE 0.057555 | RMSE 250.836968|
0.05792945623397827,0.054228492081165314,0.060507066547870636
223.50043694028878,245.60441230513348,283.4060553119852
Experiment 07-08_01:06
Epoch 0084 [Train seq (cond on sampled tp)] | Loss 1906942.203763 | MAPE 0.104102 | RMSE 86.641957 | Likelihood -1906939.285650 | KL fp 2.9181 | FP STD 0.1804|
Epoch 0084 [Val seq (cond on sampled tp)] |  MAPE 0.026780 | RMSE 94.693843 |
Epoch 0084 [Test seq (cond on sampled tp)] | MAPE 0.047607 | RMSE 281.724896|
0.05399113520979881,0.04851587489247322,0.040315285325050354
278.7206682998231,288.3922567441782,278.0617624737353
Experiment 07-08_01:06
Epoch 0085 [Train seq (cond on sampled tp)] | Loss 1895070.907343 | MAPE 0.078655 | RMSE 84.918021 | Likelihood -1895068.151226 | KL fp 2.7561 | FP STD 0.2153|
Epoch 0085 [Val seq (cond on sampled tp)] |  MAPE 0.033005 | RMSE 100.203041 |
Epoch 0085 [Test seq (cond on sampled tp)] | MAPE 0.058409 | RMSE 287.689262|
0.058146070688962936,0.05288787558674812,0.06419382244348526
270.271319117475,282.82489613716825,309.9715712771092
Experiment 07-08_01:06
Epoch 0086 [Train seq (cond on sampled tp)] | Loss 1902080.896436 | MAPE 0.076881 | RMSE 82.760642 | Likelihood -1902078.323681 | KL fp 2.5728 | FP STD 0.2428|
Epoch 0086 [Val seq (cond on sampled tp)] |  MAPE 0.029320 | RMSE 93.591861 |
Epoch 0086 [Test seq (cond on sampled tp)] | MAPE 0.058020 | RMSE 258.593305|
0.05222639814019203,0.062468383461236954,0.059365414083004
239.0490192277517,256.73918246442247,279.99171304701144
Experiment 07-08_01:06
Epoch 0087 [Train seq (cond on sampled tp)] | Loss 1875084.587066 | MAPE 0.098724 | RMSE 80.467308 | Likelihood -1875081.801292 | KL fp 2.7858 | FP STD 0.2105|
Epoch 0087 [Val seq (cond on sampled tp)] |  MAPE 0.027260 | RMSE 97.580511 |
Epoch 0087 [Test seq (cond on sampled tp)] | MAPE 0.043322 | RMSE 254.186719|
0.05177903175354004,0.04067864641547203,0.03750751540064812
234.10636271254995,274.87201567274906,253.5817792153056
Experiment 07-08_01:06
Epoch 0088 [Train seq (cond on sampled tp)] | Loss 1875915.112647 | MAPE 0.069535 | RMSE 80.394703 | Likelihood -1875912.041781 | KL fp 3.0709 | FP STD 0.1663|
Epoch 0088 [Val seq (cond on sampled tp)] |  MAPE 0.027801 | RMSE 88.188959 |
Epoch 0088 [Test seq (cond on sampled tp)] | MAPE 0.046525 | RMSE 267.332776|
0.05302472040057182,0.04501036927103996,0.04153907671570778
234.08352709289477,267.53062032690764,300.3841810914816
Experiment 07-08_01:06
Epoch 0089 [Train seq (cond on sampled tp)] | Loss 1874711.883918 | MAPE 0.069758 | RMSE 78.154220 | Likelihood -1874709.086327 | KL fp 2.7976 | FP STD 0.1953|
Epoch 0089 [Val seq (cond on sampled tp)] |  MAPE 0.034132 | RMSE 85.685266 |
Epoch 0089 [Test seq (cond on sampled tp)] | MAPE 0.054270 | RMSE 270.961080|
0.05627918988466263,0.0491015799343586,0.057428810745477676
240.79421809659385,244.42926986911777,327.6597534981982
Experiment 07-08_01:06
Epoch 0090 [Train seq (cond on sampled tp)] | Loss 1907697.452986 | MAPE 0.093644 | RMSE 89.135395 | Likelihood -1907694.360085 | KL fp 3.0929 | FP STD 0.1750|
Epoch 0090 [Val seq (cond on sampled tp)] |  MAPE 0.027641 | RMSE 83.974344 |
Epoch 0090 [Test seq (cond on sampled tp)] | MAPE 0.044836 | RMSE 254.760824|
0.05295471474528313,0.04424791410565376,0.03730646148324013
244.2812719873343,262.15122663264424,257.8499745491552
Experiment 07-08_01:06
Epoch 0091 [Train seq (cond on sampled tp)] | Loss 1867818.341453 | MAPE 0.072077 | RMSE 78.450183 | Likelihood -1867815.263746 | KL fp 3.0777 | FP STD 0.1395|
Epoch 0091 [Val seq (cond on sampled tp)] |  MAPE 0.028836 | RMSE 87.218073 |
Epoch 0091 [Test seq (cond on sampled tp)] | MAPE 0.050854 | RMSE 268.194520|
0.0522853285074234,0.046848028898239136,0.05342918261885643
252.58766269109424,252.7504791043926,299.24541819800686
Experiment 07-08_01:06
Epoch 0092 [Train seq (cond on sampled tp)] | Loss 1873940.682339 | MAPE 0.072201 | RMSE 79.202992 | Likelihood -1873937.557624 | KL fp 3.1247 | FP STD 0.1433|
Epoch 0092 [Val seq (cond on sampled tp)] |  MAPE 0.030271 | RMSE 95.803867 |
Epoch 0092 [Test seq (cond on sampled tp)] | MAPE 0.052459 | RMSE 281.344049|
0.05643656477332115,0.04829666018486023,0.05264341086149216
270.80434299970153,248.41322994659524,324.81457450751805
Experiment 07-08_01:06
Epoch 0093 [Train seq (cond on sampled tp)] | Loss 1888273.935663 | MAPE 0.097289 | RMSE 84.628042 | Likelihood -1888271.038024 | KL fp 2.8976 | FP STD 0.1974|
Epoch 0093 [Val seq (cond on sampled tp)] |  MAPE 0.027921 | RMSE 85.233322 |
Epoch 0093 [Test seq (cond on sampled tp)] | MAPE 0.045849 | RMSE 261.945924|
0.05261780694127083,0.04180461913347244,0.043123550713062286
232.5729220319941,246.02143580387462,307.2434142906891
Experiment 07-08_01:06
Epoch 0094 [Train seq (cond on sampled tp)] | Loss 1871049.340208 | MAPE 0.080342 | RMSE 80.662829 | Likelihood -1871046.190223 | KL fp 3.1500 | FP STD 0.1564|
Epoch 0094 [Val seq (cond on sampled tp)] |  MAPE 0.029988 | RMSE 88.898498 |
Epoch 0094 [Test seq (cond on sampled tp)] | MAPE 0.046279 | RMSE 267.584900|
0.04822315648198128,0.04554381221532822,0.045069679617881775
259.9561711856443,269.7322891544503,273.0662408189632
Experiment 07-08_01:06
Epoch 0095 [Train seq (cond on sampled tp)] | Loss 1914824.067343 | MAPE 0.077643 | RMSE 84.391180 | Likelihood -1914820.972283 | KL fp 3.0951 | FP STD 0.1473|
Epoch 0095 [Val seq (cond on sampled tp)] |  MAPE 0.028610 | RMSE 81.751675 |
Epoch 0095 [Test seq (cond on sampled tp)] | MAPE 0.048898 | RMSE 295.951925|
0.05192960053682327,0.044772759079933167,0.04999227449297905
276.99819493996705,284.1480138061852,326.7095661669551
Experiment 07-08_01:06
Epoch 0096 [Train seq (cond on sampled tp)] | Loss 1874944.067637 | MAPE 0.090363 | RMSE 82.148197 | Likelihood -1874940.867418 | KL fp 3.2002 | FP STD 0.1586|
Epoch 0096 [Val seq (cond on sampled tp)] |  MAPE 0.030721 | RMSE 85.615844 |
Epoch 0096 [Test seq (cond on sampled tp)] | MAPE 0.044112 | RMSE 264.573309|
0.04789823293685913,0.043296631425619125,0.041141901165246964
239.91242705672835,258.6140796389477,295.193421759361
Experiment 07-08_01:06
Epoch 0097 [Train seq (cond on sampled tp)] | Loss 1871712.344936 | MAPE 0.083781 | RMSE 80.822810 | Likelihood -1871709.309141 | KL fp 3.0358 | FP STD 0.1862|
Epoch 0097 [Val seq (cond on sampled tp)] |  MAPE 0.031827 | RMSE 81.520718 |
Epoch 0097 [Test seq (cond on sampled tp)] | MAPE 0.054630 | RMSE 247.888074|
0.047392234206199646,0.05194581300020218,0.06455237418413162
222.68435129685247,234.77365262897368,286.2062193593983
Experiment 07-08_01:06
Epoch 0098 [Train seq (cond on sampled tp)] | Loss 1889356.276091 | MAPE 0.085757 | RMSE 81.650182 | Likelihood -1889353.349970 | KL fp 2.9261 | FP STD 0.1779|
Epoch 0098 [Val seq (cond on sampled tp)] |  MAPE 0.028497 | RMSE 93.574977 |
Epoch 0098 [Test seq (cond on sampled tp)] | MAPE 0.044669 | RMSE 258.004317|
0.045910775661468506,0.041853245347738266,0.04624231532216072
218.70250377224767,261.62746355744076,293.6829843768617
Experiment 07-08_01:06
Epoch 0099 [Train seq (cond on sampled tp)] | Loss 1889016.815543 | MAPE 0.091370 | RMSE 83.689743 | Likelihood -1889013.547282 | KL fp 3.2683 | FP STD 0.1428|
Epoch 0099 [Val seq (cond on sampled tp)] |  MAPE 0.028058 | RMSE 84.130578 |
Epoch 0099 [Test seq (cond on sampled tp)] | MAPE 0.043437 | RMSE 275.416203|
0.043193258345127106,0.040756434202194214,0.04636245220899582
226.8134988955684,296.27311354981236,303.1619951651262
Experiment 07-08_01:06
Epoch 0100 [Train seq (cond on sampled tp)] | Loss 1870963.925305 | MAPE 0.091971 | RMSE 79.325117 | Likelihood -1870960.554305 | KL fp 3.3710 | FP STD 0.1180|
Epoch 0100 [Val seq (cond on sampled tp)] |  MAPE 0.036273 | RMSE 111.937190 |
Epoch 0100 [Test seq (cond on sampled tp)] | MAPE 0.053039 | RMSE 292.194497|
0.05365302786231041,0.04665533825755119,0.05881008878350258
240.5566298972032,318.3212434986079,317.70561747473084
