/nvme/yuanjingyang/CG-ODE/run_models_covid.py
run_models_covid.py --heavyBall --niters 200
Namespace(save='experiments/', load=None, dataset='Dec', datapath='data/', pred_length=14, condition_length=21, features='Confirmed,Deaths,Recovered,Mortality_Rate,Testing_Rate,Population,Mobility', split_interval=3, feature_out='Deaths', niters=200, lr=0.005, batch_size=8, random_seed=1991, dropout=0.2, l2=1e-05, optimizer='AdamW', clip=10, edge_lamda=0.5, z0_encoder='GTrans', rec_dims=64, ode_dims=20, rec_layers=1, gen_layers=1, heavyBall=True, actv_h=None, gamma_guess=-3.0, gamma_act='sigmoid', corr=-100, corrf=True, sign=1, augment_dim=0, solver='rk4', alias='run', output_dim=1, feature_out_index=[1], num_atoms=50)
run
Experiment 06-19_23:19
Epoch 0001 [Train seq (cond on sampled tp)] | Loss 4396677.219938 | MAPE 0.063322 | RMSE 286.429225 | Likelihood -4396675.688940 | KL fp 1.5310 | FP STD 0.4182|
Epoch 0001 [Val seq (cond on sampled tp)] |  MAPE 0.057999 | RMSE 305.697499 |
Best Val!
Epoch 0001 [Test seq (cond on sampled tp)] | MAPE 0.121441 | RMSE 906.000816|
0.1344871073961258,0.1257597655057907,0.10407517850399017
851.1125806848352,937.0234455444538,929.8664218585377
0.1344871073961258,0.1257597655057907,0.10407517850399017
851.1125806848352,937.0234455444538,929.8664218585377
Epoch 0001 [Test seq (cond on sampled tp)] | Best Test MAPE 0.121441|Best Test RMSE 906.000816|
Experiment 06-19_23:19
Epoch 0002 [Train seq (cond on sampled tp)] | Loss 4195972.167970 | MAPE 0.095511 | RMSE 276.045325 | Likelihood -4195969.122682 | KL fp 3.0453 | FP STD 0.6324|
Epoch 0002 [Val seq (cond on sampled tp)] |  MAPE 0.066596 | RMSE 280.668719 |
Epoch 0002 [Test seq (cond on sampled tp)] | MAPE 0.109795 | RMSE 865.584254|
0.11902179569005966,0.11233225464820862,0.09803052991628647
807.7506190031673,895.4634973018163,893.5386463382544
0.11902179569005966,0.11233225464820862,0.09803052991628647
807.7506190031673,895.4634973018163,893.5386463382544
Epoch 0002 [Test seq (cond on sampled tp)] | Best Test MAPE 0.109795|Best Test RMSE 865.584254|
Experiment 06-19_23:19
Epoch 0003 [Train seq (cond on sampled tp)] | Loss 3836017.755367 | MAPE 0.237702 | RMSE 256.344344 | Likelihood -3836011.807883 | KL fp 5.9475 | FP STD 0.8025|
Epoch 0003 [Val seq (cond on sampled tp)] |  MAPE 0.103425 | RMSE 238.894304 |
Epoch 0003 [Test seq (cond on sampled tp)] | MAPE 0.136042 | RMSE 785.626427|
0.14484953880310059,0.13860930502414703,0.12466754764318466
723.9529724022134,816.2580780610995,816.6682312910182
Experiment 06-19_23:19
Epoch 0004 [Train seq (cond on sampled tp)] | Loss 3542125.024281 | MAPE 0.478417 | RMSE 238.911991 | Likelihood -3542117.065883 | KL fp 7.9584 | FP STD 0.7358|
Epoch 0004 [Val seq (cond on sampled tp)] |  MAPE 0.114570 | RMSE 204.507182 |
Epoch 0004 [Test seq (cond on sampled tp)] | MAPE 0.130208 | RMSE 711.570783|
0.13946157693862915,0.1272677183151245,0.12389326840639114
644.3327701972017,742.5050084006168,747.8745717030363
Experiment 06-19_23:19
Epoch 0005 [Train seq (cond on sampled tp)] | Loss 3138782.437079 | MAPE 0.348281 | RMSE 212.412454 | Likelihood -3138777.377321 | KL fp 5.0598 | FP STD 0.4975|
Epoch 0005 [Val seq (cond on sampled tp)] |  MAPE 0.031837 | RMSE 175.664914 |
Best Val!
Epoch 0005 [Test seq (cond on sampled tp)] | MAPE 0.064258 | RMSE 653.367721|
0.06838086992502213,0.06764794886112213,0.056744787842035294
587.4818082289868,688.6151637525854,684.0061905787111
0.06838086992502213,0.06764794886112213,0.056744787842035294
587.4818082289868,688.6151637525854,684.0061905787111
Epoch 0005 [Test seq (cond on sampled tp)] | Best Test MAPE 0.064258|Best Test RMSE 653.367721|
Experiment 06-19_23:19
Epoch 0006 [Train seq (cond on sampled tp)] | Loss 2839256.093290 | MAPE 0.048427 | RMSE 190.720750 | Likelihood -2839251.934446 | KL fp 4.1588 | FP STD 0.5197|
Epoch 0006 [Val seq (cond on sampled tp)] |  MAPE 0.031930 | RMSE 150.697195 |
Epoch 0006 [Test seq (cond on sampled tp)] | MAPE 0.071039 | RMSE 577.847397|
0.076346755027771,0.0749160498380661,0.06185542047023773
503.7146544671894,617.3140661365169,612.5134692396568
Experiment 06-19_23:19
Epoch 0007 [Train seq (cond on sampled tp)] | Loss 2507952.175497 | MAPE 0.039754 | RMSE 162.612495 | Likelihood -2507948.588163 | KL fp 3.5873 | FP STD 0.4573|
Epoch 0007 [Val seq (cond on sampled tp)] |  MAPE 0.026823 | RMSE 125.237680 |
Best Val!
Epoch 0007 [Test seq (cond on sampled tp)] | MAPE 0.050246 | RMSE 505.344795|
0.05657834932208061,0.05172830447554588,0.042432401329278946
430.2817572533142,544.7582606074001,540.9943680390767
0.05657834932208061,0.05172830447554588,0.042432401329278946
430.2817572533142,544.7582606074001,540.9943680390767
Epoch 0007 [Test seq (cond on sampled tp)] | Best Test MAPE 0.050246|Best Test RMSE 505.344795|
Experiment 06-19_23:19
Epoch 0008 [Train seq (cond on sampled tp)] | Loss 2296736.096749 | MAPE 0.037012 | RMSE 141.420244 | Likelihood -2296732.861023 | KL fp 3.2357 | FP STD 0.3908|
Epoch 0008 [Val seq (cond on sampled tp)] |  MAPE 0.028894 | RMSE 111.786378 |
Epoch 0008 [Test seq (cond on sampled tp)] | MAPE 0.043666 | RMSE 413.840375|
0.04572875797748566,0.044194258749485016,0.041074588894844055
349.09061547469304,440.1562222665948,452.27428762864685
0.04572875797748566,0.044194258749485016,0.041074588894844055
349.09061547469304,440.1562222665948,452.27428762864685
Epoch 0008 [Test seq (cond on sampled tp)] | Best Test MAPE 0.043666|Best Test RMSE 413.840375|
Experiment 06-19_23:19
Epoch 0009 [Train seq (cond on sampled tp)] | Loss 2167207.664829 | MAPE 0.044947 | RMSE 126.932804 | Likelihood -2167204.209203 | KL fp 3.4556 | FP STD 0.3051|
Epoch 0009 [Val seq (cond on sampled tp)] |  MAPE 0.021361 | RMSE 100.021458 |
Best Val!
Epoch 0009 [Test seq (cond on sampled tp)] | MAPE 0.051475 | RMSE 388.877007|
0.05844341591000557,0.055680058896541595,0.040301721543073654
341.26421673682694,415.21039470971823,410.1564107142542
Experiment 06-19_23:19
Epoch 0010 [Train seq (cond on sampled tp)] | Loss 2086395.995636 | MAPE 0.035904 | RMSE 116.822988 | Likelihood -2086392.813558 | KL fp 3.1821 | FP STD 0.2824|
Epoch 0010 [Val seq (cond on sampled tp)] |  MAPE 0.025958 | RMSE 90.831172 |
Epoch 0010 [Test seq (cond on sampled tp)] | MAPE 0.046856 | RMSE 348.382623|
0.05256762355566025,0.049949124455451965,0.038052525371313095
297.0889755191195,376.82677966805915,371.2321123636801
Experiment 06-19_23:19
Epoch 0011 [Train seq (cond on sampled tp)] | Loss 2064929.586505 | MAPE 0.049490 | RMSE 114.161309 | Likelihood -2064926.518992 | KL fp 3.0675 | FP STD 0.2247|
Epoch 0011 [Val seq (cond on sampled tp)] |  MAPE 0.025494 | RMSE 76.759561 |
Epoch 0011 [Test seq (cond on sampled tp)] | MAPE 0.044707 | RMSE 301.065044|
0.04863186553120613,0.04894080013036728,0.036547981202602386
236.25298443882141,315.46088555080803,351.4812628362997
Experiment 06-19_23:19
Epoch 0012 [Train seq (cond on sampled tp)] | Loss 2017419.365375 | MAPE 0.034770 | RMSE 107.398487 | Likelihood -2017416.382513 | KL fp 2.9829 | FP STD 0.2375|
Epoch 0012 [Val seq (cond on sampled tp)] |  MAPE 0.026009 | RMSE 85.630172 |
Epoch 0012 [Test seq (cond on sampled tp)] | MAPE 0.046288 | RMSE 311.229504|
0.04606927931308746,0.05233359336853027,0.040461719036102295
262.4596248711409,336.55633118766315,334.6725545215801
Experiment 06-19_23:19
Epoch 0013 [Train seq (cond on sampled tp)] | Loss 2030567.412502 | MAPE 0.041615 | RMSE 108.902715 | Likelihood -2030564.348939 | KL fp 3.0636 | FP STD 0.2223|
Epoch 0013 [Val seq (cond on sampled tp)] |  MAPE 0.035367 | RMSE 125.263741 |
Epoch 0013 [Test seq (cond on sampled tp)] | MAPE 0.075310 | RMSE 375.195015|
0.07742178440093994,0.07945428788661957,0.06905342638492584
317.84646450762983,413.92045204966615,393.81812902658504
Experiment 06-19_23:19
Epoch 0014 [Train seq (cond on sampled tp)] | Loss 2016060.176140 | MAPE 0.039730 | RMSE 107.163646 | Likelihood -2016057.306546 | KL fp 2.8696 | FP STD 0.2090|
Epoch 0014 [Val seq (cond on sampled tp)] |  MAPE 0.027793 | RMSE 83.831123 |
Epoch 0014 [Test seq (cond on sampled tp)] | MAPE 0.056926 | RMSE 296.780398|
0.054666586220264435,0.056007612496614456,0.060105059295892715
237.03259928752416,316.60026304869046,336.70833075526957
Experiment 06-19_23:19
Epoch 0015 [Train seq (cond on sampled tp)] | Loss 1977001.766022 | MAPE 0.029954 | RMSE 100.545406 | Likelihood -1976998.664337 | KL fp 3.1017 | FP STD 0.1756|
Epoch 0015 [Val seq (cond on sampled tp)] |  MAPE 0.023609 | RMSE 90.139573 |
Epoch 0015 [Test seq (cond on sampled tp)] | MAPE 0.057755 | RMSE 327.653857|
0.05737081542611122,0.06274682283401489,0.05314640700817108
272.7601968763038,357.3248587595047,352.87651655713785
Experiment 06-19_23:19
Epoch 0016 [Train seq (cond on sampled tp)] | Loss 1971764.541247 | MAPE 0.033796 | RMSE 100.277218 | Likelihood -1971761.619577 | KL fp 2.9217 | FP STD 0.1980|
Epoch 0016 [Val seq (cond on sampled tp)] |  MAPE 0.025613 | RMSE 86.056835 |
Epoch 0016 [Test seq (cond on sampled tp)] | MAPE 0.055699 | RMSE 295.451699|
0.05178935080766678,0.0606466643512249,0.05466114729642868
212.22631272417658,309.1458873857131,364.9828977157697
Experiment 06-19_23:19
Epoch 0017 [Train seq (cond on sampled tp)] | Loss 1969068.917620 | MAPE 0.032467 | RMSE 100.475995 | Likelihood -1969066.038741 | KL fp 2.8789 | FP STD 0.1882|
Epoch 0017 [Val seq (cond on sampled tp)] |  MAPE 0.025208 | RMSE 83.931709 |
Epoch 0017 [Test seq (cond on sampled tp)] | MAPE 0.060179 | RMSE 304.068713|
0.06132778525352478,0.06518545001745224,0.05402252450585365
230.30820043476524,350.98445255808696,330.91348472825945
Experiment 06-19_23:19
Epoch 0018 [Train seq (cond on sampled tp)] | Loss 1946798.048287 | MAPE 0.031574 | RMSE 97.555956 | Likelihood -1946795.227924 | KL fp 2.8204 | FP STD 0.2053|
Epoch 0018 [Val seq (cond on sampled tp)] |  MAPE 0.025748 | RMSE 92.674276 |
Epoch 0018 [Test seq (cond on sampled tp)] | MAPE 0.074365 | RMSE 325.001224|
0.07303530722856522,0.07965521514415741,0.07040586322546005
263.6753300699555,350.5753529913362,360.75298855310956
Experiment 06-19_23:19
Epoch 0019 [Train seq (cond on sampled tp)] | Loss 1950212.525593 | MAPE 0.033855 | RMSE 96.897194 | Likelihood -1950209.884914 | KL fp 2.6407 | FP STD 0.2141|
Epoch 0019 [Val seq (cond on sampled tp)] |  MAPE 0.025293 | RMSE 90.282489 |
Epoch 0019 [Test seq (cond on sampled tp)] | MAPE 0.072295 | RMSE 291.963071|
0.0650734007358551,0.07539939135313034,0.07641170918941498
232.938598400952,316.4462953053804,326.5043189798567
Experiment 06-19_23:19
Epoch 0020 [Train seq (cond on sampled tp)] | Loss 1934578.182604 | MAPE 0.034319 | RMSE 94.767029 | Likelihood -1934575.197335 | KL fp 2.9853 | FP STD 0.1702|
Epoch 0020 [Val seq (cond on sampled tp)] |  MAPE 0.027624 | RMSE 83.771138 |
Epoch 0020 [Test seq (cond on sampled tp)] | MAPE 0.077088 | RMSE 281.775702|
0.08085034787654877,0.07977055013179779,0.07064356654882431
234.07288027716922,300.6866490842252,310.5675751748724
Experiment 06-19_23:19
Epoch 0021 [Train seq (cond on sampled tp)] | Loss 1920725.924527 | MAPE 0.031887 | RMSE 91.899935 | Likelihood -1920723.158330 | KL fp 2.7662 | FP STD 0.1912|
Epoch 0021 [Val seq (cond on sampled tp)] |  MAPE 0.030070 | RMSE 81.296889 |
Epoch 0021 [Test seq (cond on sampled tp)] | MAPE 0.076698 | RMSE 284.526479|
0.07535900175571442,0.07495541125535965,0.07977920025587082
248.44691019914094,282.485771212463,322.64675682160515
Experiment 06-19_23:19
Epoch 0022 [Train seq (cond on sampled tp)] | Loss 1910524.408696 | MAPE 0.037478 | RMSE 90.817998 | Likelihood -1910521.487374 | KL fp 2.9213 | FP STD 0.1800|
Epoch 0022 [Val seq (cond on sampled tp)] |  MAPE 0.026213 | RMSE 78.062059 |
Epoch 0022 [Test seq (cond on sampled tp)] | MAPE 0.060031 | RMSE 285.472543|
0.06316042691469193,0.062170397490262985,0.054763659834861755
226.5840075998304,304.045766497414,325.7878551488683
Experiment 06-19_23:19
Epoch 0023 [Train seq (cond on sampled tp)] | Loss 1926197.773756 | MAPE 0.033346 | RMSE 92.377264 | Likelihood -1926194.881289 | KL fp 2.8925 | FP STD 0.1875|
Epoch 0023 [Val seq (cond on sampled tp)] |  MAPE 0.028828 | RMSE 86.164119 |
Epoch 0023 [Test seq (cond on sampled tp)] | MAPE 0.057786 | RMSE 283.874261|
0.06657806783914566,0.06122472509741783,0.04555513709783554
228.66130452592978,311.34570566734976,311.6157740310975
Experiment 06-19_23:19
Epoch 0024 [Train seq (cond on sampled tp)] | Loss 1930464.165975 | MAPE 0.037536 | RMSE 94.584659 | Likelihood -1930461.161898 | KL fp 3.0041 | FP STD 0.1709|
Epoch 0024 [Val seq (cond on sampled tp)] |  MAPE 0.029805 | RMSE 82.540967 |
Epoch 0024 [Test seq (cond on sampled tp)] | MAPE 0.062458 | RMSE 291.463254|
0.06946272403001785,0.06131361052393913,0.056596383452415466
241.75133304958217,311.12585375535735,321.5125750845525
Experiment 06-19_23:19
Epoch 0025 [Train seq (cond on sampled tp)] | Loss 1917775.990681 | MAPE 0.031718 | RMSE 91.396674 | Likelihood -1917773.105574 | KL fp 2.8851 | FP STD 0.1762|
Epoch 0025 [Val seq (cond on sampled tp)] |  MAPE 0.036906 | RMSE 81.979627 |
Epoch 0025 [Test seq (cond on sampled tp)] | MAPE 0.069170 | RMSE 280.373265|
0.07269397377967834,0.06721226125955582,0.06760472804307938
238.83404116404765,285.51966055334964,316.7660932178506
Experiment 06-19_23:19
Epoch 0026 [Train seq (cond on sampled tp)] | Loss 1926148.721155 | MAPE 0.042013 | RMSE 92.613755 | Likelihood -1926145.946607 | KL fp 2.7745 | FP STD 0.1897|
Epoch 0026 [Val seq (cond on sampled tp)] |  MAPE 0.027791 | RMSE 89.030463 |
Epoch 0026 [Test seq (cond on sampled tp)] | MAPE 0.075794 | RMSE 316.985646|
0.08068989217281342,0.07858340442180634,0.06810864061117172
259.745052286853,355.7531403585919,335.45874606648727
Experiment 06-19_23:19
Epoch 0027 [Train seq (cond on sampled tp)] | Loss 1978106.449497 | MAPE 0.039378 | RMSE 101.632689 | Likelihood -1978103.897929 | KL fp 2.5516 | FP STD 0.2660|
Epoch 0027 [Val seq (cond on sampled tp)] |  MAPE 0.037187 | RMSE 101.614208 |
Epoch 0027 [Test seq (cond on sampled tp)] | MAPE 0.079912 | RMSE 330.324628|
0.07442180067300797,0.07754838466644287,0.08776552230119705
296.4425534568207,330.3657182767304,364.165613080093
Experiment 06-19_23:19
Epoch 0028 [Train seq (cond on sampled tp)] | Loss 1943937.403981 | MAPE 0.031806 | RMSE 95.299914 | Likelihood -1943934.925792 | KL fp 2.4782 | FP STD 0.2375|
Epoch 0028 [Val seq (cond on sampled tp)] |  MAPE 0.034901 | RMSE 84.628185 |
Epoch 0028 [Test seq (cond on sampled tp)] | MAPE 0.085378 | RMSE 321.346632|
0.08538726717233658,0.08727891743183136,0.08346669375896454
277.91198303149866,354.9629822249075,331.16493011413513
Experiment 06-19_23:19
Epoch 0029 [Train seq (cond on sampled tp)] | Loss 1957914.264361 | MAPE 0.035260 | RMSE 98.944410 | Likelihood -1957911.598428 | KL fp 2.6659 | FP STD 0.1966|
Epoch 0029 [Val seq (cond on sampled tp)] |  MAPE 0.029042 | RMSE 82.493501 |
Epoch 0029 [Test seq (cond on sampled tp)] | MAPE 0.076454 | RMSE 276.721806|
0.08251013606786728,0.07243691384792328,0.07441452890634537
237.40712822333285,277.475083340829,315.28320602277563
Experiment 06-19_23:19
Epoch 0030 [Train seq (cond on sampled tp)] | Loss 1933708.877603 | MAPE 0.037201 | RMSE 95.687254 | Likelihood -1933706.367174 | KL fp 2.5104 | FP STD 0.2334|
Epoch 0030 [Val seq (cond on sampled tp)] |  MAPE 0.027736 | RMSE 86.744132 |
Epoch 0030 [Test seq (cond on sampled tp)] | MAPE 0.068283 | RMSE 278.231214|
0.06449959427118301,0.07075178623199463,0.06959780305624008
223.18270437300916,288.0539635858184,323.45697405141846
Experiment 06-19_23:19
Epoch 0031 [Train seq (cond on sampled tp)] | Loss 1920531.276911 | MAPE 0.030532 | RMSE 93.559452 | Likelihood -1920528.880364 | KL fp 2.3965 | FP STD 0.2316|
Epoch 0031 [Val seq (cond on sampled tp)] |  MAPE 0.028454 | RMSE 81.255709 |
Epoch 0031 [Test seq (cond on sampled tp)] | MAPE 0.071054 | RMSE 307.300239|
0.0716371163725853,0.07146265357732773,0.07006323337554932
275.25309376099665,318.7795084380425,327.86811372867595
Experiment 06-19_23:19
Epoch 0032 [Train seq (cond on sampled tp)] | Loss 1915091.609281 | MAPE 0.029882 | RMSE 91.652778 | Likelihood -1915089.017092 | KL fp 2.5922 | FP STD 0.2203|
Epoch 0032 [Val seq (cond on sampled tp)] |  MAPE 0.026716 | RMSE 87.198300 |
Epoch 0032 [Test seq (cond on sampled tp)] | MAPE 0.073960 | RMSE 295.964850|
0.07402171194553375,0.0761682465672493,0.07168910652399063
251.38742354928976,312.3830781268409,324.1240479160718
Experiment 06-19_23:19
Epoch 0033 [Train seq (cond on sampled tp)] | Loss 1914039.569440 | MAPE 0.032740 | RMSE 91.073184 | Likelihood -1914036.813377 | KL fp 2.7561 | FP STD 0.1913|
Epoch 0033 [Val seq (cond on sampled tp)] |  MAPE 0.026262 | RMSE 90.566592 |
Epoch 0033 [Test seq (cond on sampled tp)] | MAPE 0.076447 | RMSE 294.956311|
0.07798870652914047,0.077766552567482,0.07358680665493011
262.67801999310865,304.1301633347143,318.060749896934
Experiment 06-19_23:19
Epoch 0034 [Train seq (cond on sampled tp)] | Loss 1904254.082841 | MAPE 0.033736 | RMSE 89.820640 | Likelihood -1904251.304879 | KL fp 2.7780 | FP STD 0.1761|
Epoch 0034 [Val seq (cond on sampled tp)] |  MAPE 0.025430 | RMSE 81.323930 |
Epoch 0034 [Test seq (cond on sampled tp)] | MAPE 0.072658 | RMSE 282.767728|
0.07552442699670792,0.07107197493314743,0.07137739658355713
252.6444899087451,280.1057556977364,315.55293731797207
Experiment 06-19_23:19
Epoch 0035 [Train seq (cond on sampled tp)] | Loss 1900448.750660 | MAPE 0.035330 | RMSE 89.862668 | Likelihood -1900446.127072 | KL fp 2.6236 | FP STD 0.1935|
Epoch 0035 [Val seq (cond on sampled tp)] |  MAPE 0.026141 | RMSE 76.964566 |
Epoch 0035 [Test seq (cond on sampled tp)] | MAPE 0.074321 | RMSE 278.090137|
0.0757693499326706,0.0712035745382309,0.0759909600019455
228.39026529440784,283.2680653991904,322.6120808145597
Experiment 06-19_23:19
Epoch 0036 [Train seq (cond on sampled tp)] | Loss 1887231.412248 | MAPE 0.031078 | RMSE 87.836746 | Likelihood -1887228.727563 | KL fp 2.6847 | FP STD 0.1882|
Epoch 0036 [Val seq (cond on sampled tp)] |  MAPE 0.029626 | RMSE 80.680250 |
Epoch 0036 [Test seq (cond on sampled tp)] | MAPE 0.069052 | RMSE 278.098247|
0.06568140536546707,0.07024375349283218,0.07123192399740219
211.9296205406408,285.36589724860255,336.99922338560367
Experiment 06-19_23:19
Epoch 0037 [Train seq (cond on sampled tp)] | Loss 1885859.886566 | MAPE 0.035874 | RMSE 86.149430 | Likelihood -1885857.127272 | KL fp 2.7593 | FP STD 0.1905|
Epoch 0037 [Val seq (cond on sampled tp)] |  MAPE 0.024441 | RMSE 80.759000 |
Epoch 0037 [Test seq (cond on sampled tp)] | MAPE 0.066411 | RMSE 280.997679|
0.06192395091056824,0.06737550348043442,0.06993455439805984
228.38137990541173,310.58795050677674,304.0237064153057
Experiment 06-19_23:19
Epoch 0038 [Train seq (cond on sampled tp)] | Loss 1913150.919418 | MAPE 0.035427 | RMSE 91.839618 | Likelihood -1913148.248483 | KL fp 2.6709 | FP STD 0.1898|
Epoch 0038 [Val seq (cond on sampled tp)] |  MAPE 0.035518 | RMSE 94.196282 |
Epoch 0038 [Test seq (cond on sampled tp)] | MAPE 0.075177 | RMSE 294.952104|
0.06837625801563263,0.06956533342599869,0.08758930116891861
262.3424378317393,300.6090952133684,321.9047801757532
Experiment 06-19_23:19
Epoch 0039 [Train seq (cond on sampled tp)] | Loss 1890921.863427 | MAPE 0.034951 | RMSE 88.420170 | Likelihood -1890919.417601 | KL fp 2.4458 | FP STD 0.2062|
Epoch 0039 [Val seq (cond on sampled tp)] |  MAPE 0.027592 | RMSE 81.073869 |
Epoch 0039 [Test seq (cond on sampled tp)] | MAPE 0.055351 | RMSE 256.438475|
0.05030079558491707,0.05554695799946785,0.06020527333021164
212.3899531227878,251.77755559223303,305.1479149527324
Experiment 06-19_23:19
Epoch 0040 [Train seq (cond on sampled tp)] | Loss 1893427.970468 | MAPE 0.033139 | RMSE 87.361651 | Likelihood -1893425.411185 | KL fp 2.5593 | FP STD 0.1887|
Epoch 0040 [Val seq (cond on sampled tp)] |  MAPE 0.026149 | RMSE 78.662293 |
Epoch 0040 [Test seq (cond on sampled tp)] | MAPE 0.058674 | RMSE 298.972718|
0.05286302790045738,0.05879518389701843,0.06436319649219513
247.93218263771246,322.5540531252088,326.4319176719703
Experiment 06-19_23:19
Epoch 0041 [Train seq (cond on sampled tp)] | Loss 1886781.624128 | MAPE 0.032723 | RMSE 87.439670 | Likelihood -1886779.186855 | KL fp 2.4373 | FP STD 0.2188|
Epoch 0041 [Val seq (cond on sampled tp)] |  MAPE 0.027053 | RMSE 88.793775 |
Epoch 0041 [Test seq (cond on sampled tp)] | MAPE 0.055578 | RMSE 274.764377|
0.04715703800320625,0.05466851964592934,0.06490946561098099
218.41458213109306,282.46007737820224,323.4184716624887
Experiment 06-19_23:19
Epoch 0042 [Train seq (cond on sampled tp)] | Loss 1874493.201060 | MAPE 0.032374 | RMSE 84.679206 | Likelihood -1874490.917310 | KL fp 2.2837 | FP STD 0.2235|
Epoch 0042 [Val seq (cond on sampled tp)] |  MAPE 0.025156 | RMSE 84.339631 |
Epoch 0042 [Test seq (cond on sampled tp)] | MAPE 0.072317 | RMSE 308.752720|
0.06930606812238693,0.07033322006464005,0.07731209695339203
269.1112397782746,287.69363044739106,369.45329119524706
Experiment 06-19_23:19
Epoch 0043 [Train seq (cond on sampled tp)] | Loss 1888026.060651 | MAPE 0.031915 | RMSE 87.037996 | Likelihood -1888023.411111 | KL fp 2.6495 | FP STD 0.1931|
Epoch 0043 [Val seq (cond on sampled tp)] |  MAPE 0.030238 | RMSE 86.091921 |
Epoch 0043 [Test seq (cond on sampled tp)] | MAPE 0.059138 | RMSE 306.068296|
0.05473194643855095,0.05950293317437172,0.06317993998527527
233.31888720161513,325.0482656468113,359.8377346978774
Experiment 06-19_23:19
Epoch 0044 [Train seq (cond on sampled tp)] | Loss 1898332.368681 | MAPE 0.038666 | RMSE 88.072115 | Likelihood -1898329.837868 | KL fp 2.5308 | FP STD 0.2062|
Epoch 0044 [Val seq (cond on sampled tp)] |  MAPE 0.022848 | RMSE 77.513145 |
Epoch 0044 [Test seq (cond on sampled tp)] | MAPE 0.066557 | RMSE 282.791702|
0.06171835586428642,0.06795787811279297,0.06999444961547852
212.80572676446,307.4661058555886,328.1032730901964
Experiment 06-19_23:19
Epoch 0045 [Train seq (cond on sampled tp)] | Loss 1911521.637199 | MAPE 0.033374 | RMSE 90.622494 | Likelihood -1911519.314064 | KL fp 2.3231 | FP STD 0.2039|
Epoch 0045 [Val seq (cond on sampled tp)] |  MAPE 0.035237 | RMSE 79.151047 |
Epoch 0045 [Test seq (cond on sampled tp)] | MAPE 0.064758 | RMSE 268.486273|
0.05291759967803955,0.0683465451002121,0.0730108991265297
196.4688966318842,294.212335631088,314.77758765118585
Experiment 06-19_23:19
Epoch 0046 [Train seq (cond on sampled tp)] | Loss 1905047.024548 | MAPE 0.038226 | RMSE 89.301140 | Likelihood -1905044.634042 | KL fp 2.3905 | FP STD 0.1909|
Epoch 0046 [Val seq (cond on sampled tp)] |  MAPE 0.025424 | RMSE 78.249454 |
Epoch 0046 [Test seq (cond on sampled tp)] | MAPE 0.073001 | RMSE 269.950534|
0.06331726163625717,0.0764947459101677,0.07918975502252579
204.15344451233244,285.43180008541447,320.26635643242327
Experiment 06-19_23:19
Epoch 0047 [Train seq (cond on sampled tp)] | Loss 1909112.781244 | MAPE 0.041775 | RMSE 91.799046 | Likelihood -1909110.350481 | KL fp 2.4308 | FP STD 0.2125|
Epoch 0047 [Val seq (cond on sampled tp)] |  MAPE 0.025820 | RMSE 81.071646 |
Epoch 0047 [Test seq (cond on sampled tp)] | MAPE 0.078135 | RMSE 266.545275|
0.07245208323001862,0.0762033760547638,0.08574812114238739
204.20565422815795,249.00593774295825,346.4242341407425
Experiment 06-19_23:19
Epoch 0048 [Train seq (cond on sampled tp)] | Loss 1884236.658244 | MAPE 0.035961 | RMSE 86.752540 | Likelihood -1884234.389405 | KL fp 2.2688 | FP STD 0.2122|
Epoch 0048 [Val seq (cond on sampled tp)] |  MAPE 0.029227 | RMSE 79.566351 |
Epoch 0048 [Test seq (cond on sampled tp)] | MAPE 0.056728 | RMSE 271.857986|
0.05550706386566162,0.05668121203780174,0.05799659714102745
206.93619751930788,283.22285836422174,325.41490343098917
Experiment 06-19_23:19
Epoch 0049 [Train seq (cond on sampled tp)] | Loss 1874859.505338 | MAPE 0.036047 | RMSE 84.068824 | Likelihood -1874857.055155 | KL fp 2.4502 | FP STD 0.2060|
Epoch 0049 [Val seq (cond on sampled tp)] |  MAPE 0.027287 | RMSE 85.010831 |
Epoch 0049 [Test seq (cond on sampled tp)] | MAPE 0.055363 | RMSE 296.723806|
0.06244269758462906,0.05312974378466606,0.05051747336983681
227.728593944634,289.1110972662585,373.3317266520487
Experiment 06-19_23:19
Epoch 0050 [Train seq (cond on sampled tp)] | Loss 1864937.218321 | MAPE 0.032953 | RMSE 82.122865 | Likelihood -1864934.902353 | KL fp 2.3160 | FP STD 0.2273|
Epoch 0050 [Val seq (cond on sampled tp)] |  MAPE 0.028007 | RMSE 88.516661 |
Epoch 0050 [Test seq (cond on sampled tp)] | MAPE 0.051564 | RMSE 322.334961|
0.055446963757276535,0.048856258392333984,0.05038761347532272
282.2274404181847,334.55708827119474,350.2203547411258
Experiment 06-19_23:19
Epoch 0051 [Train seq (cond on sampled tp)] | Loss 1860493.566461 | MAPE 0.032357 | RMSE 83.826627 | Likelihood -1860491.095634 | KL fp 2.4708 | FP STD 0.2065|
Epoch 0051 [Val seq (cond on sampled tp)] |  MAPE 0.032635 | RMSE 94.154990 |
Epoch 0051 [Test seq (cond on sampled tp)] | MAPE 0.065690 | RMSE 300.553327|
0.05639214068651199,0.06411712616682053,0.07656028866767883
238.19906984495134,286.8228438426758,376.6380681436756
Experiment 06-19_23:19
Epoch 0052 [Train seq (cond on sampled tp)] | Loss 1877095.088854 | MAPE 0.037292 | RMSE 86.084330 | Likelihood -1877092.575600 | KL fp 2.5133 | FP STD 0.2014|
Epoch 0052 [Val seq (cond on sampled tp)] |  MAPE 0.026335 | RMSE 91.350100 |
Epoch 0052 [Test seq (cond on sampled tp)] | MAPE 0.059890 | RMSE 286.894309|
0.06656616181135178,0.053920116275548935,0.05918346345424652
232.83758254145744,294.19034813790205,333.6549958415129
Experiment 06-19_23:19
Epoch 0053 [Train seq (cond on sampled tp)] | Loss 1876929.890963 | MAPE 0.035605 | RMSE 85.139339 | Likelihood -1876927.487158 | KL fp 2.4038 | FP STD 0.2028|
Epoch 0053 [Val seq (cond on sampled tp)] |  MAPE 0.024537 | RMSE 98.049936 |
Epoch 0053 [Test seq (cond on sampled tp)] | MAPE 0.056064 | RMSE 298.595695|
0.05924634635448456,0.05297594517469406,0.055971067398786545
246.94279132523792,305.79574729302567,343.048545671746
Experiment 06-19_23:19
Epoch 0054 [Train seq (cond on sampled tp)] | Loss 1886897.169025 | MAPE 0.032730 | RMSE 86.878442 | Likelihood -1886894.627697 | KL fp 2.5413 | FP STD 0.1733|
Epoch 0054 [Val seq (cond on sampled tp)] |  MAPE 0.026578 | RMSE 80.509250 |
Epoch 0054 [Test seq (cond on sampled tp)] | MAPE 0.052350 | RMSE 290.254296|
0.052182529121637344,0.047319263219833374,0.05754823237657547
236.61241217178357,280.02110690535454,354.1293681340196
Experiment 06-19_23:19
Epoch 0055 [Train seq (cond on sampled tp)] | Loss 1868583.810745 | MAPE 0.032016 | RMSE 82.610114 | Likelihood -1868581.340050 | KL fp 2.4707 | FP STD 0.1810|
Epoch 0055 [Val seq (cond on sampled tp)] |  MAPE 0.025497 | RMSE 78.817100 |
Epoch 0055 [Test seq (cond on sampled tp)] | MAPE 0.057879 | RMSE 294.084949|
0.0536423921585083,0.05502069368958473,0.064974345266819
233.230036659089,282.0881677330689,366.93664303255406
Experiment 06-19_23:19
Epoch 0056 [Train seq (cond on sampled tp)] | Loss 1869514.078760 | MAPE 0.033912 | RMSE 85.202334 | Likelihood -1869511.574304 | KL fp 2.5045 | FP STD 0.1977|
Epoch 0056 [Val seq (cond on sampled tp)] |  MAPE 0.027039 | RMSE 88.503219 |
Epoch 0056 [Test seq (cond on sampled tp)] | MAPE 0.056456 | RMSE 327.758603|
0.052285101264715195,0.05565918982028961,0.06142326816916466
268.37264204832803,335.729476290063,379.17369041113596
Experiment 06-19_23:19
Epoch 0057 [Train seq (cond on sampled tp)] | Loss 1951748.823483 | MAPE 0.035478 | RMSE 98.037663 | Likelihood -1951746.405049 | KL fp 2.4184 | FP STD 0.1930|
Epoch 0057 [Val seq (cond on sampled tp)] |  MAPE 0.027501 | RMSE 87.325915 |
Epoch 0057 [Test seq (cond on sampled tp)] | MAPE 0.059888 | RMSE 287.163986|
0.058657024055719376,0.057447247207164764,0.06356065720319748
228.09839742148563,303.95534468487307,329.4382173678397
Experiment 06-19_23:19
Epoch 0058 [Train seq (cond on sampled tp)] | Loss 1878923.864934 | MAPE 0.036116 | RMSE 85.518571 | Likelihood -1878921.632275 | KL fp 2.2327 | FP STD 0.2248|
Epoch 0058 [Val seq (cond on sampled tp)] |  MAPE 0.033149 | RMSE 79.690119 |
Epoch 0058 [Test seq (cond on sampled tp)] | MAPE 0.075551 | RMSE 306.360274|
0.06908664852380753,0.07295921444892883,0.0846065878868103
257.84539941600667,312.8096216151287,348.42580137311876
Experiment 06-19_23:19
Epoch 0059 [Train seq (cond on sampled tp)] | Loss 1862197.934970 | MAPE 0.034816 | RMSE 83.159909 | Likelihood -1862195.360737 | KL fp 2.5742 | FP STD 0.1671|
Epoch 0059 [Val seq (cond on sampled tp)] |  MAPE 0.025680 | RMSE 92.367155 |
Epoch 0059 [Test seq (cond on sampled tp)] | MAPE 0.055832 | RMSE 343.896850|
0.05061729624867439,0.05707942694425583,0.05979817733168602
268.9592208867359,363.6938530550111,399.03747474391423
Experiment 06-19_23:19
Epoch 0060 [Train seq (cond on sampled tp)] | Loss 1870414.089313 | MAPE 0.036919 | RMSE 85.287380 | Likelihood -1870411.614008 | KL fp 2.4753 | FP STD 0.1801|
Epoch 0060 [Val seq (cond on sampled tp)] |  MAPE 0.031036 | RMSE 109.444041 |
Epoch 0060 [Test seq (cond on sampled tp)] | MAPE 0.058390 | RMSE 324.970544|
0.06598381698131561,0.051154155284166336,0.05803290382027626
294.1684519539782,302.59789221836957,378.1452887118918
Experiment 06-19_23:19
Epoch 0061 [Train seq (cond on sampled tp)] | Loss 1849703.054252 | MAPE 0.038736 | RMSE 80.701890 | Likelihood -1849700.592644 | KL fp 2.4616 | FP STD 0.1870|
Epoch 0061 [Val seq (cond on sampled tp)] |  MAPE 0.028147 | RMSE 88.563330 |
Epoch 0061 [Test seq (cond on sampled tp)] | MAPE 0.063367 | RMSE 308.596528|
0.06155920773744583,0.06358756124973297,0.06495285779237747
228.32327855750933,307.09458793261075,390.3717178856583
Experiment 06-19_23:19
Epoch 0062 [Train seq (cond on sampled tp)] | Loss 1869417.426123 | MAPE 0.035763 | RMSE 83.242396 | Likelihood -1869414.871682 | KL fp 2.5544 | FP STD 0.1796|
Epoch 0062 [Val seq (cond on sampled tp)] |  MAPE 0.029048 | RMSE 93.837881 |
Epoch 0062 [Test seq (cond on sampled tp)] | MAPE 0.050554 | RMSE 297.088612|
0.04068303853273392,0.0530330166220665,0.05794635787606239
203.3863703029286,298.7368197929408,389.14264736726045
Experiment 06-19_23:19
Epoch 0063 [Train seq (cond on sampled tp)] | Loss 1859257.200768 | MAPE 0.038887 | RMSE 82.819435 | Likelihood -1859254.897600 | KL fp 2.3032 | FP STD 0.2098|
Epoch 0063 [Val seq (cond on sampled tp)] |  MAPE 0.024677 | RMSE 90.412083 |
Epoch 0063 [Test seq (cond on sampled tp)] | MAPE 0.046129 | RMSE 290.294218|
0.04274050518870354,0.04544365406036377,0.05020184442400932
200.59035915890874,289.1610845402611,381.1312110021954
Experiment 06-19_23:19
Epoch 0064 [Train seq (cond on sampled tp)] | Loss 1853699.287421 | MAPE 0.045498 | RMSE 81.698547 | Likelihood -1853696.779248 | KL fp 2.5082 | FP STD 0.1840|
Epoch 0064 [Val seq (cond on sampled tp)] |  MAPE 0.026891 | RMSE 101.287194 |
Epoch 0064 [Test seq (cond on sampled tp)] | MAPE 0.049818 | RMSE 307.967417|
0.058087658137083054,0.04349813237786293,0.047868117690086365
233.11325372552287,291.6112298506352,399.1777681998335
Experiment 06-19_23:19
Epoch 0065 [Train seq (cond on sampled tp)] | Loss 1849173.243235 | MAPE 0.043338 | RMSE 80.959578 | Likelihood -1849170.969023 | KL fp 2.2742 | FP STD 0.2218|
Epoch 0065 [Val seq (cond on sampled tp)] |  MAPE 0.026498 | RMSE 87.669621 |
Epoch 0065 [Test seq (cond on sampled tp)] | MAPE 0.051595 | RMSE 330.608390|
0.05205546319484711,0.04855939745903015,0.05417129024863243
258.90065058821307,337.08535871867826,395.8391600448344
Experiment 06-19_23:19
Epoch 0066 [Train seq (cond on sampled tp)] | Loss 1880517.888690 | MAPE 0.042194 | RMSE 85.275221 | Likelihood -1880515.505348 | KL fp 2.3833 | FP STD 0.1812|
Epoch 0066 [Val seq (cond on sampled tp)] |  MAPE 0.028515 | RMSE 90.822447 |
Epoch 0066 [Test seq (cond on sampled tp)] | MAPE 0.053203 | RMSE 319.156933|
0.04314135015010834,0.055064842104911804,0.061402205377817154
227.0765289500436,334.6624115246587,395.7318576068902
Experiment 06-19_23:19
Epoch 0067 [Train seq (cond on sampled tp)] | Loss 1852552.766955 | MAPE 0.048157 | RMSE 80.254672 | Likelihood -1852550.153991 | KL fp 2.6130 | FP STD 0.1715|
Epoch 0067 [Val seq (cond on sampled tp)] |  MAPE 0.023298 | RMSE 79.102152 |
Epoch 0067 [Test seq (cond on sampled tp)] | MAPE 0.045598 | RMSE 295.270252|
0.04587407410144806,0.045205190777778625,0.04571446776390076
200.30757599252206,292.9336795675772,392.5695002162038
Experiment 06-19_23:19
Epoch 0068 [Train seq (cond on sampled tp)] | Loss 1863167.762006 | MAPE 0.046987 | RMSE 84.222743 | Likelihood -1863165.172302 | KL fp 2.5897 | FP STD 0.1738|
Epoch 0068 [Val seq (cond on sampled tp)] |  MAPE 0.027535 | RMSE 89.240223 |
Epoch 0068 [Test seq (cond on sampled tp)] | MAPE 0.043453 | RMSE 294.557959|
0.04195045307278633,0.04334839805960655,0.045058708637952805
211.66104610319775,300.30412969604663,371.7087023127115
0.04195045307278633,0.04334839805960655,0.045058708637952805
211.66104610319775,300.30412969604663,371.7087023127115
Epoch 0068 [Test seq (cond on sampled tp)] | Best Test MAPE 0.043453|Best Test RMSE 294.557959|
Experiment 06-19_23:19
Epoch 0069 [Train seq (cond on sampled tp)] | Loss 1850726.983377 | MAPE 0.082331 | RMSE 81.193419 | Likelihood -1850724.341891 | KL fp 2.6415 | FP STD 0.1531|
Epoch 0069 [Val seq (cond on sampled tp)] |  MAPE 0.035413 | RMSE 92.444039 |
Epoch 0069 [Test seq (cond on sampled tp)] | MAPE 0.057451 | RMSE 328.528678|
0.05419081076979637,0.05691765993833542,0.06124348193407059
258.0193942565171,325.1689825114013,402.3976577963644
Experiment 06-19_23:19
Epoch 0070 [Train seq (cond on sampled tp)] | Loss 1897518.195158 | MAPE 0.067821 | RMSE 88.215230 | Likelihood -1897515.708626 | KL fp 2.4865 | FP STD 0.1619|
Epoch 0070 [Val seq (cond on sampled tp)] |  MAPE 0.029478 | RMSE 95.129440 |
Epoch 0070 [Test seq (cond on sampled tp)] | MAPE 0.042583 | RMSE 324.953551|
0.040717802941799164,0.03921888396143913,0.04781213030219078
237.00475502877575,315.8701894172668,421.9857076963626
0.040717802941799164,0.03921888396143913,0.04781213030219078
237.00475502877575,315.8701894172668,421.9857076963626
Epoch 0070 [Test seq (cond on sampled tp)] | Best Test MAPE 0.042583|Best Test RMSE 324.953551|
Experiment 06-19_23:19
Epoch 0071 [Train seq (cond on sampled tp)] | Loss 1887287.064839 | MAPE 0.058957 | RMSE 85.487432 | Likelihood -1887284.748916 | KL fp 2.3159 | FP STD 0.2033|
Epoch 0071 [Val seq (cond on sampled tp)] |  MAPE 0.026573 | RMSE 102.973445 |
Epoch 0071 [Test seq (cond on sampled tp)] | MAPE 0.046599 | RMSE 319.473763|
0.04476505145430565,0.047784700989723206,0.0472479872405529
278.1781690751451,309.82981719808697,370.41330379050913
Experiment 06-19_23:19
Epoch 0072 [Train seq (cond on sampled tp)] | Loss 1935318.539918 | MAPE 0.063937 | RMSE 92.858320 | Likelihood -1935316.050631 | KL fp 2.4893 | FP STD 0.2206|
Epoch 0072 [Val seq (cond on sampled tp)] |  MAPE 0.028050 | RMSE 104.226326 |
Epoch 0072 [Test seq (cond on sampled tp)] | MAPE 0.050484 | RMSE 340.813289|
0.057484544813632965,0.05311829596757889,0.040850553661584854
295.00517739100786,334.2892997651884,393.1453889784287
Experiment 06-19_23:19
Epoch 0073 [Train seq (cond on sampled tp)] | Loss 1892548.187587 | MAPE 0.070115 | RMSE 88.762248 | Likelihood -1892545.801513 | KL fp 2.3861 | FP STD 0.1998|
Epoch 0073 [Val seq (cond on sampled tp)] |  MAPE 0.026708 | RMSE 82.960566 |
Epoch 0073 [Test seq (cond on sampled tp)] | MAPE 0.047648 | RMSE 302.282228|
0.04400467872619629,0.0472254753112793,0.05171510577201843
239.24915915473977,304.66371060974757,362.93381369748397
Experiment 06-19_23:19
Epoch 0074 [Train seq (cond on sampled tp)] | Loss 1860362.121296 | MAPE 0.073300 | RMSE 82.049403 | Likelihood -1860359.517125 | KL fp 2.6042 | FP STD 0.1839|
Epoch 0074 [Val seq (cond on sampled tp)] |  MAPE 0.031021 | RMSE 101.436879 |
Epoch 0074 [Test seq (cond on sampled tp)] | MAPE 0.048385 | RMSE 340.431948|
0.046512946486473083,0.04852224141359329,0.050120532512664795
297.7539750994099,344.3581665577281,379.18370382968726
Experiment 06-19_23:19
Epoch 0075 [Train seq (cond on sampled tp)] | Loss 1841713.499144 | MAPE 0.080452 | RMSE 78.404995 | Likelihood -1841710.930168 | KL fp 2.5690 | FP STD 0.1883|
Epoch 0075 [Val seq (cond on sampled tp)] |  MAPE 0.031793 | RMSE 89.597644 |
Epoch 0075 [Test seq (cond on sampled tp)] | MAPE 0.043776 | RMSE 308.698755|
0.04874705150723457,0.03911766782402992,0.04346279427409172
277.5704021054839,294.4227933601609,354.10307027050754
Experiment 06-19_23:19
Epoch 0076 [Train seq (cond on sampled tp)] | Loss 1845332.635508 | MAPE 0.075306 | RMSE 80.299381 | Likelihood -1845329.989954 | KL fp 2.6456 | FP STD 0.1685|
Epoch 0076 [Val seq (cond on sampled tp)] |  MAPE 0.026790 | RMSE 90.577256 |
Epoch 0076 [Test seq (cond on sampled tp)] | MAPE 0.043332 | RMSE 307.788770|
0.0449763685464859,0.040067318826913834,0.04495371878147125
248.39831451974467,306.39553939719815,368.57245725908496
Experiment 06-19_23:19
Epoch 0077 [Train seq (cond on sampled tp)] | Loss 1865920.693466 | MAPE 0.070370 | RMSE 82.395836 | Likelihood -1865918.107512 | KL fp 2.5860 | FP STD 0.1826|
Epoch 0077 [Val seq (cond on sampled tp)] |  MAPE 0.026384 | RMSE 98.520203 |
Epoch 0077 [Test seq (cond on sampled tp)] | MAPE 0.048507 | RMSE 337.482918|
0.03989870846271515,0.05264933034777641,0.052971914410591125
276.90970437129863,314.984783858681,420.5542659693277
Experiment 06-19_23:19
Epoch 0078 [Train seq (cond on sampled tp)] | Loss 1842643.006159 | MAPE 0.067915 | RMSE 78.884318 | Likelihood -1842640.688174 | KL fp 2.3180 | FP STD 0.2179|
Epoch 0078 [Val seq (cond on sampled tp)] |  MAPE 0.028518 | RMSE 97.241826 |
Epoch 0078 [Test seq (cond on sampled tp)] | MAPE 0.051761 | RMSE 323.326430|
0.0471637099981308,0.050045210868120193,0.0580751933157444
273.5193663161715,316.5421698802547,379.9177542574182
Experiment 06-19_23:19
Epoch 0079 [Train seq (cond on sampled tp)] | Loss 1839488.039601 | MAPE 0.068207 | RMSE 79.122224 | Likelihood -1839485.418528 | KL fp 2.6211 | FP STD 0.1714|
Epoch 0079 [Val seq (cond on sampled tp)] |  MAPE 0.028296 | RMSE 94.759636 |
Epoch 0079 [Test seq (cond on sampled tp)] | MAPE 0.045213 | RMSE 300.899798|
0.04475929215550423,0.04396884888410568,0.04691034555435181
239.985253453207,315.05954298354465,347.6545969061822
Experiment 06-19_23:19
Epoch 0080 [Train seq (cond on sampled tp)] | Loss 1855610.825198 | MAPE 0.068643 | RMSE 82.522630 | Likelihood -1855608.314202 | KL fp 2.5110 | FP STD 0.1936|
Epoch 0080 [Val seq (cond on sampled tp)] |  MAPE 0.030016 | RMSE 97.851749 |
Epoch 0080 [Test seq (cond on sampled tp)] | MAPE 0.042990 | RMSE 316.269561|
0.043857164680957794,0.041970834136009216,0.043142836540937424
275.5659091986888,316.01053186563263,357.23224238581827
Experiment 06-19_23:19
Epoch 0081 [Train seq (cond on sampled tp)] | Loss 1880980.981653 | MAPE 0.065774 | RMSE 86.038081 | Likelihood -1880978.699689 | KL fp 2.2820 | FP STD 0.2141|
Epoch 0081 [Val seq (cond on sampled tp)] |  MAPE 0.023017 | RMSE 97.788436 |
Epoch 0081 [Test seq (cond on sampled tp)] | MAPE 0.044734 | RMSE 288.389644|
0.048175133764743805,0.04509524255990982,0.04093151167035103
239.57453335287957,290.25207255935317,335.342327424529
Experiment 06-19_23:19
Epoch 0082 [Train seq (cond on sampled tp)] | Loss 1868666.704327 | MAPE 0.062305 | RMSE 83.904418 | Likelihood -1868664.188165 | KL fp 2.5162 | FP STD 0.1982|
Epoch 0082 [Val seq (cond on sampled tp)] |  MAPE 0.024261 | RMSE 89.935828 |
Epoch 0082 [Test seq (cond on sampled tp)] | MAPE 0.043079 | RMSE 280.374696|
0.04459424689412117,0.04330887645483017,0.04133503884077072
227.75848982529718,279.68003481657394,333.6855625997325
Experiment 06-19_23:19
Epoch 0083 [Train seq (cond on sampled tp)] | Loss 1851314.236150 | MAPE 0.065201 | RMSE 80.396528 | Likelihood -1851311.827193 | KL fp 2.4090 | FP STD 0.2106|
Epoch 0083 [Val seq (cond on sampled tp)] |  MAPE 0.026273 | RMSE 96.416526 |
Epoch 0083 [Test seq (cond on sampled tp)] | MAPE 0.047049 | RMSE 326.575111|
0.05398896709084511,0.04422781243920326,0.042928874492645264
275.24239317372604,295.476521909948,409.00641804255343
Experiment 06-19_23:19
Epoch 0084 [Train seq (cond on sampled tp)] | Loss 1863034.137812 | MAPE 0.064107 | RMSE 83.004272 | Likelihood -1863031.751219 | KL fp 2.3866 | FP STD 0.2329|
Epoch 0084 [Val seq (cond on sampled tp)] |  MAPE 0.023399 | RMSE 97.769974 |
Epoch 0084 [Test seq (cond on sampled tp)] | MAPE 0.045475 | RMSE 352.783363|
0.045716769993305206,0.0429367832839489,0.047770045697689056
314.8095902684669,346.66813651531345,396.87236219595843
Experiment 06-19_23:19
Epoch 0085 [Train seq (cond on sampled tp)] | Loss 1905789.511791 | MAPE 0.063588 | RMSE 89.871516 | Likelihood -1905787.506509 | KL fp 2.0053 | FP STD 0.3006|
Epoch 0085 [Val seq (cond on sampled tp)] |  MAPE 0.024314 | RMSE 82.507460 |
Epoch 0085 [Test seq (cond on sampled tp)] | MAPE 0.046857 | RMSE 300.490820|
0.0419590137898922,0.0462576225399971,0.05235575884580612
227.46019569366416,315.0479006238575,358.9643632207799
Experiment 06-19_23:19
Epoch 0086 [Train seq (cond on sampled tp)] | Loss 1870971.668929 | MAPE 0.064191 | RMSE 84.353555 | Likelihood -1870969.310060 | KL fp 2.3589 | FP STD 0.2266|
Epoch 0086 [Val seq (cond on sampled tp)] |  MAPE 0.026219 | RMSE 93.073339 |
Epoch 0086 [Test seq (cond on sampled tp)] | MAPE 0.047619 | RMSE 303.131739|
0.04939686506986618,0.046811725944280624,0.046647824347019196
268.6743788957183,290.19882731499797,350.5220102753891
Experiment 06-19_23:19
Epoch 0087 [Train seq (cond on sampled tp)] | Loss 1842697.676314 | MAPE 0.070091 | RMSE 79.391615 | Likelihood -1842695.029806 | KL fp 2.6465 | FP STD 0.1738|
Epoch 0087 [Val seq (cond on sampled tp)] |  MAPE 0.028016 | RMSE 89.916430 |
Epoch 0087 [Test seq (cond on sampled tp)] | MAPE 0.047559 | RMSE 332.322987|
0.04842936247587204,0.04679538682103157,0.0474528968334198
243.85701176611676,333.43558457744126,419.6763634039925
Experiment 06-19_23:19
Epoch 0088 [Train seq (cond on sampled tp)] | Loss 1850744.883188 | MAPE 0.072412 | RMSE 80.218318 | Likelihood -1850742.210256 | KL fp 2.6729 | FP STD 0.1653|
Epoch 0088 [Val seq (cond on sampled tp)] |  MAPE 0.027008 | RMSE 85.394695 |
Epoch 0088 [Test seq (cond on sampled tp)] | MAPE 0.048694 | RMSE 311.925181|
0.05060359835624695,0.047453369945287704,0.0480252243578434
258.0225280862119,297.5253271782085,380.22768672204813
Experiment 06-19_23:19
Epoch 0089 [Train seq (cond on sampled tp)] | Loss 1834717.987259 | MAPE 0.067501 | RMSE 76.754411 | Likelihood -1834715.301656 | KL fp 2.6856 | FP STD 0.1733|
Epoch 0089 [Val seq (cond on sampled tp)] |  MAPE 0.033915 | RMSE 87.503496 |
Epoch 0089 [Test seq (cond on sampled tp)] | MAPE 0.050336 | RMSE 282.419495|
0.050344016402959824,0.049605417996644974,0.05105774849653244
234.22082429034785,254.45830177801236,358.5793583713374
Experiment 06-19_23:19
Epoch 0090 [Train seq (cond on sampled tp)] | Loss 1846892.905485 | MAPE 0.068779 | RMSE 80.020559 | Likelihood -1846890.110791 | KL fp 2.7947 | FP STD 0.1669|
Epoch 0090 [Val seq (cond on sampled tp)] |  MAPE 0.029229 | RMSE 90.107206 |
Epoch 0090 [Test seq (cond on sampled tp)] | MAPE 0.045238 | RMSE 290.991066|
0.04223563149571419,0.043745268136262894,0.0497342012822628
221.01417516756703,284.96285393889497,366.9961682361275
Experiment 06-19_23:19
Epoch 0091 [Train seq (cond on sampled tp)] | Loss 1846131.591073 | MAPE 0.068292 | RMSE 80.007996 | Likelihood -1846129.068106 | KL fp 2.5230 | FP STD 0.1884|
Epoch 0091 [Val seq (cond on sampled tp)] |  MAPE 0.028978 | RMSE 91.999639 |
Epoch 0091 [Test seq (cond on sampled tp)] | MAPE 0.043133 | RMSE 314.453399|
0.04685579240322113,0.04038703441619873,0.04215564578771591
249.517878868429,299.52445382222135,394.3178643239487
Experiment 06-19_23:19
Epoch 0092 [Train seq (cond on sampled tp)] | Loss 1842621.954746 | MAPE 0.070196 | RMSE 80.564302 | Likelihood -1842619.362027 | KL fp 2.5927 | FP STD 0.1853|
Epoch 0092 [Val seq (cond on sampled tp)] |  MAPE 0.034319 | RMSE 77.099729 |
Epoch 0092 [Test seq (cond on sampled tp)] | MAPE 0.051512 | RMSE 291.972982|
0.05263177677989006,0.0467236265540123,0.05517994612455368
227.6456350476547,279.38274597762836,368.8905664285819
Experiment 06-19_23:19
Epoch 0093 [Train seq (cond on sampled tp)] | Loss 1859290.275965 | MAPE 0.069194 | RMSE 81.691349 | Likelihood -1859287.700208 | KL fp 2.5758 | FP STD 0.1747|
Epoch 0093 [Val seq (cond on sampled tp)] |  MAPE 0.024635 | RMSE 86.135363 |
Epoch 0093 [Test seq (cond on sampled tp)] | MAPE 0.040438 | RMSE 279.491229|
0.04354502633213997,0.03882380574941635,0.03894611820578575
219.6241640564626,277.17905144959997,341.6704712694675
0.04354502633213997,0.03882380574941635,0.03894611820578575
219.6241640564626,277.17905144959997,341.6704712694675
Epoch 0093 [Test seq (cond on sampled tp)] | Best Test MAPE 0.040438|Best Test RMSE 279.491229|
Experiment 06-19_23:19
Epoch 0094 [Train seq (cond on sampled tp)] | Loss 1843760.760699 | MAPE 0.067165 | RMSE 80.987313 | Likelihood -1843758.364343 | KL fp 2.3964 | FP STD 0.2044|
Epoch 0094 [Val seq (cond on sampled tp)] |  MAPE 0.025041 | RMSE 88.865731 |
Epoch 0094 [Test seq (cond on sampled tp)] | MAPE 0.045006 | RMSE 280.567537|
0.05003410205245018,0.04403148218989372,0.04095093533396721
245.2908350305816,281.7579718259982,314.65380281350485
Experiment 06-19_23:19
Epoch 0095 [Train seq (cond on sampled tp)] | Loss 1847364.036057 | MAPE 0.065174 | RMSE 80.027936 | Likelihood -1847361.702896 | KL fp 2.3332 | FP STD 0.2082|
Epoch 0095 [Val seq (cond on sampled tp)] |  MAPE 0.024662 | RMSE 88.636095 |
Epoch 0095 [Test seq (cond on sampled tp)] | MAPE 0.049025 | RMSE 284.776126|
0.04582071676850319,0.04842935875058174,0.05282365530729294
249.33375285448219,290.0246622056476,314.969963845761
Experiment 06-19_23:19
Epoch 0096 [Train seq (cond on sampled tp)] | Loss 1839827.820972 | MAPE 0.065623 | RMSE 79.270791 | Likelihood -1839825.276582 | KL fp 2.5444 | FP STD 0.1753|
Epoch 0096 [Val seq (cond on sampled tp)] |  MAPE 0.027822 | RMSE 83.616285 |
Epoch 0096 [Test seq (cond on sampled tp)] | MAPE 0.048538 | RMSE 292.092961|
0.040310535579919815,0.051954686641693115,0.05335025489330292
243.50651300324597,318.1738665808366,314.5985040492087
Experiment 06-19_23:19
Epoch 0097 [Train seq (cond on sampled tp)] | Loss 1854337.521240 | MAPE 0.067060 | RMSE 82.524867 | Likelihood -1854335.330315 | KL fp 2.1909 | FP STD 0.2303|
Epoch 0097 [Val seq (cond on sampled tp)] |  MAPE 0.027680 | RMSE 80.921439 |
Epoch 0097 [Test seq (cond on sampled tp)] | MAPE 0.042163 | RMSE 289.514616|
0.03956553712487221,0.038614947348833084,0.04830710217356682
244.01812176557706,276.23187157712266,348.2938549199512
Experiment 06-19_23:19
Epoch 0098 [Train seq (cond on sampled tp)] | Loss 1837747.402973 | MAPE 0.065788 | RMSE 78.281606 | Likelihood -1837744.813138 | KL fp 2.5898 | FP STD 0.1806|
Epoch 0098 [Val seq (cond on sampled tp)] |  MAPE 0.023680 | RMSE 75.766822 |
Epoch 0098 [Test seq (cond on sampled tp)] | MAPE 0.044151 | RMSE 278.266718|
0.04316050559282303,0.04267723858356476,0.046615201979875565
217.98974137273066,263.83899564886156,352.97141571591885
Experiment 06-19_23:19
Epoch 0099 [Train seq (cond on sampled tp)] | Loss 1851820.880921 | MAPE 0.064173 | RMSE 80.580287 | Likelihood -1851818.391278 | KL fp 2.4896 | FP STD 0.1909|
Epoch 0099 [Val seq (cond on sampled tp)] |  MAPE 0.022450 | RMSE 90.479962 |
Epoch 0099 [Test seq (cond on sampled tp)] | MAPE 0.043190 | RMSE 288.220382|
0.04256439581513405,0.039730437099933624,0.047273967415094376
201.85162403359553,307.9305040305361,354.87901767715147
Experiment 06-19_23:19
Epoch 0100 [Train seq (cond on sampled tp)] | Loss 1831725.792278 | MAPE 0.064555 | RMSE 76.835532 | Likelihood -1831723.254503 | KL fp 2.5378 | FP STD 0.1741|
Epoch 0100 [Val seq (cond on sampled tp)] |  MAPE 0.024644 | RMSE 99.766157 |
Epoch 0100 [Test seq (cond on sampled tp)] | MAPE 0.047244 | RMSE 320.844532|
0.038989774882793427,0.04820648580789566,0.054536547511816025
242.60186327087433,342.5467121430302,377.38501974111267
Experiment 06-19_23:19
Epoch 0101 [Train seq (cond on sampled tp)] | Loss 1830554.313548 | MAPE 0.063843 | RMSE 78.271673 | Likelihood -1830551.554718 | KL fp 2.7588 | FP STD 0.1655|
Epoch 0101 [Val seq (cond on sampled tp)] |  MAPE 0.026732 | RMSE 88.714617 |
Epoch 0101 [Test seq (cond on sampled tp)] | MAPE 0.042711 | RMSE 290.851276|
0.04456757381558418,0.0390949472784996,0.044471487402915955
232.86748511760933,273.3510506198943,366.3352929694326
Experiment 06-19_23:19
Epoch 0102 [Train seq (cond on sampled tp)] | Loss 1854427.415870 | MAPE 0.066107 | RMSE 80.234015 | Likelihood -1854424.590635 | KL fp 2.8252 | FP STD 0.1390|
Epoch 0102 [Val seq (cond on sampled tp)] |  MAPE 0.024317 | RMSE 94.399262 |
Epoch 0102 [Test seq (cond on sampled tp)] | MAPE 0.045033 | RMSE 260.644266|
0.043709371238946915,0.045113708823919296,0.046276673674583435
203.2459063240881,264.9249009153349,313.76198931275917
Experiment 06-19_23:19
Epoch 0103 [Train seq (cond on sampled tp)] | Loss 1855432.511974 | MAPE 0.061109 | RMSE 81.737475 | Likelihood -1855430.130122 | KL fp 2.3819 | FP STD 0.2081|
Epoch 0103 [Val seq (cond on sampled tp)] |  MAPE 0.026157 | RMSE 86.059819 |
Epoch 0103 [Test seq (cond on sampled tp)] | MAPE 0.048377 | RMSE 266.827740|
0.045346517115831375,0.050276029855012894,0.049507029354572296
230.92113439982057,240.65469784267665,328.90738865598627
Experiment 06-19_23:19
Epoch 0104 [Train seq (cond on sampled tp)] | Loss 1841625.025637 | MAPE 0.062829 | RMSE 79.728108 | Likelihood -1841622.878394 | KL fp 2.1472 | FP STD 0.2605|
Epoch 0104 [Val seq (cond on sampled tp)] |  MAPE 0.025135 | RMSE 89.145028 |
Epoch 0104 [Test seq (cond on sampled tp)] | MAPE 0.045403 | RMSE 305.126367|
0.04657822474837303,0.04500451311469078,0.04462752118706703
263.6422321300212,321.8128823555701,329.9239850897476
Experiment 06-19_23:19
Epoch 0105 [Train seq (cond on sampled tp)] | Loss 1884266.671516 | MAPE 0.066839 | RMSE 85.796638 | Likelihood -1884264.465270 | KL fp 2.2062 | FP STD 0.2145|
Epoch 0105 [Val seq (cond on sampled tp)] |  MAPE 0.031780 | RMSE 90.756790 |
Epoch 0105 [Test seq (cond on sampled tp)] | MAPE 0.057636 | RMSE 300.008116|
0.05073266848921776,0.05720805376768112,0.06496725231409073
226.39458432678992,314.32666129362934,359.30310150345207
Experiment 06-19_23:19
Epoch 0106 [Train seq (cond on sampled tp)] | Loss 1857730.027029 | MAPE 0.068588 | RMSE 82.596983 | Likelihood -1857727.800970 | KL fp 2.2261 | FP STD 0.2280|
Epoch 0106 [Val seq (cond on sampled tp)] |  MAPE 0.031352 | RMSE 97.161748 |
Epoch 0106 [Test seq (cond on sampled tp)] | MAPE 0.046743 | RMSE 296.210164|
0.04669341817498207,0.04791317880153656,0.04562213271856308
226.08974815048558,308.267335278975,354.27340915950776
Experiment 06-19_23:19
Epoch 0107 [Train seq (cond on sampled tp)] | Loss 1863168.434945 | MAPE 0.068450 | RMSE 83.147557 | Likelihood -1863166.099567 | KL fp 2.3354 | FP STD 0.2016|
Epoch 0107 [Val seq (cond on sampled tp)] |  MAPE 0.027230 | RMSE 90.164501 |
Epoch 0107 [Test seq (cond on sampled tp)] | MAPE 0.045002 | RMSE 300.734272|
0.04319343343377113,0.04519116133451462,0.04662192240357399
235.61997673690573,310.6802139057137,355.9026266937349
Experiment 06-19_23:19
Epoch 0108 [Train seq (cond on sampled tp)] | Loss 1835973.884410 | MAPE 0.068359 | RMSE 78.461629 | Likelihood -1835971.360846 | KL fp 2.5236 | FP STD 0.1701|
Epoch 0108 [Val seq (cond on sampled tp)] |  MAPE 0.029475 | RMSE 91.153920 |
Epoch 0108 [Test seq (cond on sampled tp)] | MAPE 0.046559 | RMSE 283.635761|
0.04557720944285393,0.047263093292713165,0.04683661833405495
206.2614864225748,292.64691823082643,351.99887917080076
Experiment 06-19_23:19
Epoch 0109 [Train seq (cond on sampled tp)] | Loss 1825997.339870 | MAPE 0.070161 | RMSE 75.733670 | Likelihood -1825994.917095 | KL fp 2.4228 | FP STD 0.1860|
Epoch 0109 [Val seq (cond on sampled tp)] |  MAPE 0.028016 | RMSE 93.128932 |
Epoch 0109 [Test seq (cond on sampled tp)] | MAPE 0.053860 | RMSE 322.563814|
0.05190303549170494,0.05347844958305359,0.056198734790086746
263.0021684796534,353.7765228572976,350.9127495724543
Experiment 06-19_23:19
Epoch 0110 [Train seq (cond on sampled tp)] | Loss 1868315.333750 | MAPE 0.068556 | RMSE 84.054186 | Likelihood -1868312.775526 | KL fp 2.5582 | FP STD 0.1720|
Epoch 0110 [Val seq (cond on sampled tp)] |  MAPE 0.029220 | RMSE 93.283574 |
Epoch 0110 [Test seq (cond on sampled tp)] | MAPE 0.052519 | RMSE 311.391344|
0.04649711400270462,0.04813540354371071,0.06292572617530823
282.12544306566895,296.4290466325795,355.61954081925813
Experiment 06-19_23:19
Epoch 0111 [Train seq (cond on sampled tp)] | Loss 1849505.128471 | MAPE 0.068310 | RMSE 80.180364 | Likelihood -1849502.412240 | KL fp 2.7162 | FP STD 0.1560|
Epoch 0111 [Val seq (cond on sampled tp)] |  MAPE 0.039113 | RMSE 93.301914 |
Epoch 0111 [Test seq (cond on sampled tp)] | MAPE 0.065172 | RMSE 294.386839|
0.060137100517749786,0.06231564283370972,0.07306189090013504
247.1024822189166,297.56370116329714,338.4943338705982
Experiment 06-19_23:19
Epoch 0112 [Train seq (cond on sampled tp)] | Loss 1869504.709326 | MAPE 0.073654 | RMSE 84.868967 | Likelihood -1869501.834530 | KL fp 2.8748 | FP STD 0.1296|
Epoch 0112 [Val seq (cond on sampled tp)] |  MAPE 0.031446 | RMSE 102.341584 |
Epoch 0112 [Test seq (cond on sampled tp)] | MAPE 0.044981 | RMSE 303.432730|
0.04461714252829552,0.04788793623447418,0.04243936389684677
254.17564362562356,313.2383402658429,342.8842051261621
Experiment 06-19_23:19
Epoch 0113 [Train seq (cond on sampled tp)] | Loss 1871819.553833 | MAPE 0.072272 | RMSE 86.390873 | Likelihood -1871816.811932 | KL fp 2.7419 | FP STD 0.1447|
Epoch 0113 [Val seq (cond on sampled tp)] |  MAPE 0.031806 | RMSE 94.475330 |
Epoch 0113 [Test seq (cond on sampled tp)] | MAPE 0.052795 | RMSE 313.339194|
0.046173036098480225,0.0509842187166214,0.06122767925262451
225.78998469263422,317.68505925680546,396.5425379136518
Experiment 06-19_23:19
Epoch 0114 [Train seq (cond on sampled tp)] | Loss 1840413.953724 | MAPE 0.065978 | RMSE 77.504102 | Likelihood -1840411.290998 | KL fp 2.6627 | FP STD 0.1484|
Epoch 0114 [Val seq (cond on sampled tp)] |  MAPE 0.033653 | RMSE 99.016156 |
Epoch 0114 [Test seq (cond on sampled tp)] | MAPE 0.057996 | RMSE 326.350714|
0.058749955147504807,0.05185365676879883,0.06338541954755783
267.17636672711154,331.516425875099,380.359349004333
Experiment 06-19_23:19
Epoch 0115 [Train seq (cond on sampled tp)] | Loss 1849100.523161 | MAPE 0.069011 | RMSE 79.107588 | Likelihood -1849097.972210 | KL fp 2.5510 | FP STD 0.1757|
Epoch 0115 [Val seq (cond on sampled tp)] |  MAPE 0.026366 | RMSE 92.929771 |
Epoch 0115 [Test seq (cond on sampled tp)] | MAPE 0.044574 | RMSE 354.626710|
0.044120464473962784,0.04490052908658981,0.044700153172016144
302.63326093640137,345.63079787180425,415.61607133266637
Experiment 06-19_23:19
Epoch 0116 [Train seq (cond on sampled tp)] | Loss 1874405.449144 | MAPE 0.072396 | RMSE 86.118282 | Likelihood -1874402.730324 | KL fp 2.7188 | FP STD 0.1417|
Epoch 0116 [Val seq (cond on sampled tp)] |  MAPE 0.033103 | RMSE 92.189221 |
Epoch 0116 [Test seq (cond on sampled tp)] | MAPE 0.049737 | RMSE 328.847400|
0.047789428383111954,0.047116898000240326,0.05430568754673004
281.379012077127,293.05450911477203,412.1086780207376
Experiment 06-19_23:19
Epoch 0117 [Train seq (cond on sampled tp)] | Loss 1848143.164620 | MAPE 0.066897 | RMSE 79.580399 | Likelihood -1848140.568139 | KL fp 2.5965 | FP STD 0.1540|
Epoch 0117 [Val seq (cond on sampled tp)] |  MAPE 0.030056 | RMSE 85.690383 |
Epoch 0117 [Test seq (cond on sampled tp)] | MAPE 0.050100 | RMSE 274.504835|
0.047300152480602264,0.050747450441122055,0.052251722663640976
220.21020674857468,278.7176971193254,324.5866000584436
Experiment 06-19_23:19
Epoch 0118 [Train seq (cond on sampled tp)] | Loss 1839307.325208 | MAPE 0.071974 | RMSE 78.115868 | Likelihood -1839305.085507 | KL fp 2.2397 | FP STD 0.2232|
Epoch 0118 [Val seq (cond on sampled tp)] |  MAPE 0.027804 | RMSE 90.568069 |
Epoch 0118 [Test seq (cond on sampled tp)] | MAPE 0.041330 | RMSE 284.389815|
0.04293341189622879,0.04271147772669792,0.03834368661046028
206.282705740205,304.282557830711,342.60418123543093
Experiment 06-19_23:19
Epoch 0119 [Train seq (cond on sampled tp)] | Loss 1857066.169340 | MAPE 0.075045 | RMSE 82.038935 | Likelihood -1857063.920021 | KL fp 2.2493 | FP STD 0.2382|
Epoch 0119 [Val seq (cond on sampled tp)] |  MAPE 0.034026 | RMSE 82.286804 |
Epoch 0119 [Test seq (cond on sampled tp)] | MAPE 0.051508 | RMSE 282.464276|
0.04656791687011719,0.05039367452263832,0.0575629360973835
212.46877527945136,275.6481424524751,359.2759102521348
Experiment 06-19_23:19
Epoch 0120 [Train seq (cond on sampled tp)] | Loss 1908435.609693 | MAPE 0.074408 | RMSE 89.795829 | Likelihood -1908433.556286 | KL fp 2.0534 | FP STD 0.2454|
Epoch 0120 [Val seq (cond on sampled tp)] |  MAPE 0.031983 | RMSE 100.880000 |
Epoch 0120 [Test seq (cond on sampled tp)] | MAPE 0.047839 | RMSE 337.805135|
0.056615255773067474,0.04706146940588951,0.03984078764915466
283.4798824431815,349.9719966475889,379.9635262100824
Experiment 06-19_23:19
Epoch 0121 [Train seq (cond on sampled tp)] | Loss 1841615.135298 | MAPE 0.073217 | RMSE 78.629917 | Likelihood -1841612.631316 | KL fp 2.5040 | FP STD 0.1725|
Epoch 0121 [Val seq (cond on sampled tp)] |  MAPE 0.025218 | RMSE 86.214947 |
Epoch 0121 [Test seq (cond on sampled tp)] | MAPE 0.044855 | RMSE 308.859879|
0.04331672191619873,0.04519282281398773,0.04605560377240181
278.81082576273826,296.5605966746088,351.2082159310912
Experiment 06-19_23:19
Epoch 0122 [Train seq (cond on sampled tp)] | Loss 1833986.729962 | MAPE 0.072579 | RMSE 76.851951 | Likelihood -1833984.106440 | KL fp 2.6235 | FP STD 0.1534|
Epoch 0122 [Val seq (cond on sampled tp)] |  MAPE 0.030187 | RMSE 90.731139 |
Epoch 0122 [Test seq (cond on sampled tp)] | MAPE 0.049801 | RMSE 312.576249|
0.04881542921066284,0.05467673018574715,0.04591097682714462
268.72757173855456,343.8833604945142,325.11781518397294
Experiment 06-19_23:19
Epoch 0123 [Train seq (cond on sampled tp)] | Loss 1838020.848876 | MAPE 0.074202 | RMSE 79.503994 | Likelihood -1838018.384497 | KL fp 2.4644 | FP STD 0.1822|
Epoch 0123 [Val seq (cond on sampled tp)] |  MAPE 0.028669 | RMSE 88.674930 |
Epoch 0123 [Test seq (cond on sampled tp)] | MAPE 0.042233 | RMSE 300.516271|
0.04871411249041557,0.04036443680524826,0.03762071952223778
255.02473838335763,298.0205660898254,348.50350832165236
Experiment 06-19_23:19
Epoch 0124 [Train seq (cond on sampled tp)] | Loss 1835384.082134 | MAPE 0.071687 | RMSE 78.262914 | Likelihood -1835381.456354 | KL fp 2.6258 | FP STD 0.1558|
Epoch 0124 [Val seq (cond on sampled tp)] |  MAPE 0.026879 | RMSE 83.664319 |
Epoch 0124 [Test seq (cond on sampled tp)] | MAPE 0.041540 | RMSE 280.230273|
0.04458727315068245,0.03974076732993126,0.04029224440455437
237.9647098311008,241.54008628227737,361.1860237467668
Experiment 06-19_23:19
Epoch 0125 [Train seq (cond on sampled tp)] | Loss 1836503.518583 | MAPE 0.067785 | RMSE 78.265249 | Likelihood -1836501.085327 | KL fp 2.4333 | FP STD 0.1808|
Epoch 0125 [Val seq (cond on sampled tp)] |  MAPE 0.025484 | RMSE 94.448786 |
Epoch 0125 [Test seq (cond on sampled tp)] | MAPE 0.048418 | RMSE 310.829474|
0.04761505126953125,0.048989180475473404,0.04864879325032234
260.1829134234222,278.2859786936812,394.01953076592537
Experiment 06-19_23:19
Epoch 0126 [Train seq (cond on sampled tp)] | Loss 1836711.964127 | MAPE 0.069016 | RMSE 78.481375 | Likelihood -1836709.409456 | KL fp 2.5547 | FP STD 0.1717|
Epoch 0126 [Val seq (cond on sampled tp)] |  MAPE 0.025946 | RMSE 93.583514 |
Epoch 0126 [Test seq (cond on sampled tp)] | MAPE 0.048781 | RMSE 324.057923|
0.04752213880419731,0.04611901193857193,0.05270041525363922
284.17238661154255,308.51795429925954,379.48342766845565
Experiment 06-19_23:19
Epoch 0127 [Train seq (cond on sampled tp)] | Loss 1835752.279370 | MAPE 0.066408 | RMSE 75.801426 | Likelihood -1835749.823002 | KL fp 2.4564 | FP STD 0.1773|
Epoch 0127 [Val seq (cond on sampled tp)] |  MAPE 0.030239 | RMSE 88.941008 |
Epoch 0127 [Test seq (cond on sampled tp)] | MAPE 0.049461 | RMSE 322.113592|
0.04591213911771774,0.048177555203437805,0.05429359897971153
271.5256807605866,308.77138083863923,386.0437151411741
Experiment 06-19_23:19
Epoch 0128 [Train seq (cond on sampled tp)] | Loss 1818234.476320 | MAPE 0.067389 | RMSE 75.547610 | Likelihood -1818231.730102 | KL fp 2.7462 | FP STD 0.1437|
Epoch 0128 [Val seq (cond on sampled tp)] |  MAPE 0.027978 | RMSE 91.557940 |
Epoch 0128 [Test seq (cond on sampled tp)] | MAPE 0.047553 | RMSE 321.479685|
0.04530941694974899,0.044370122253894806,0.052980512380599976
252.9229286017778,335.30057644224235,376.21555074850374
Experiment 06-19_23:19
Epoch 0129 [Train seq (cond on sampled tp)] | Loss 1844396.730941 | MAPE 0.068516 | RMSE 80.291728 | Likelihood -1844394.234729 | KL fp 2.4962 | FP STD 0.1801|
Epoch 0129 [Val seq (cond on sampled tp)] |  MAPE 0.030675 | RMSE 105.345720 |
Epoch 0129 [Test seq (cond on sampled tp)] | MAPE 0.049375 | RMSE 339.128321|
0.04474543780088425,0.042157385498285294,0.06122338026762009
294.3320695872266,347.95692756072555,375.0959668871421
Experiment 06-19_23:19
Epoch 0130 [Train seq (cond on sampled tp)] | Loss 1832643.836786 | MAPE 0.067999 | RMSE 76.597518 | Likelihood -1832641.482236 | KL fp 2.3545 | FP STD 0.2079|
Epoch 0130 [Val seq (cond on sampled tp)] |  MAPE 0.029646 | RMSE 101.711314 |
Epoch 0130 [Test seq (cond on sampled tp)] | MAPE 0.050130 | RMSE 305.626518|
0.050818994641304016,0.04571116715669632,0.05385878309607506
216.2829274064414,338.57053594856717,362.02609108322565
Experiment 06-19_23:19
Epoch 0131 [Train seq (cond on sampled tp)] | Loss 1829272.157639 | MAPE 0.067881 | RMSE 76.163429 | Likelihood -1829269.629284 | KL fp 2.5284 | FP STD 0.2014|
Epoch 0131 [Val seq (cond on sampled tp)] |  MAPE 0.027882 | RMSE 101.248013 |
Epoch 0131 [Test seq (cond on sampled tp)] | MAPE 0.043319 | RMSE 294.719025|
0.048453181982040405,0.04278840497136116,0.038716670125722885
229.18833514982825,272.9196596527997,382.049080616614
Experiment 06-19_23:19
Epoch 0132 [Train seq (cond on sampled tp)] | Loss 1840669.876227 | MAPE 0.069490 | RMSE 78.664839 | Likelihood -1840667.454487 | KL fp 2.4217 | FP STD 0.1843|
Epoch 0132 [Val seq (cond on sampled tp)] |  MAPE 0.023039 | RMSE 87.888618 |
Epoch 0132 [Test seq (cond on sampled tp)] | MAPE 0.039269 | RMSE 264.685077|
0.040179140865802765,0.03857250139117241,0.039056625217199326
197.8651687387146,261.46266762675697,334.72739608149794
0.040179140865802765,0.03857250139117241,0.039056625217199326
197.8651687387146,261.46266762675697,334.72739608149794
Epoch 0132 [Test seq (cond on sampled tp)] | Best Test MAPE 0.039269|Best Test RMSE 264.685077|
Experiment 06-19_23:19
Epoch 0133 [Train seq (cond on sampled tp)] | Loss 1833576.063643 | MAPE 0.071794 | RMSE 76.814312 | Likelihood -1833573.606841 | KL fp 2.4568 | FP STD 0.1759|
Epoch 0133 [Val seq (cond on sampled tp)] |  MAPE 0.024762 | RMSE 84.219246 |
Epoch 0133 [Test seq (cond on sampled tp)] | MAPE 0.046650 | RMSE 316.481909|
0.04744795709848404,0.044759105890989304,0.04774368181824684
239.1743447518985,328.35358704451517,381.9177962926054
Experiment 06-19_23:19
Epoch 0134 [Train seq (cond on sampled tp)] | Loss 1840125.176127 | MAPE 0.074265 | RMSE 78.629640 | Likelihood -1840122.546967 | KL fp 2.6292 | FP STD 0.1805|
Epoch 0134 [Val seq (cond on sampled tp)] |  MAPE 0.029052 | RMSE 95.439679 |
Epoch 0134 [Test seq (cond on sampled tp)] | MAPE 0.046161 | RMSE 322.764873|
0.05167711526155472,0.04683666303753853,0.03996849060058594
254.01700084590794,331.17541613169294,383.10220160552456
Experiment 06-19_23:19
Epoch 0135 [Train seq (cond on sampled tp)] | Loss 1834151.020949 | MAPE 0.071823 | RMSE 79.263409 | Likelihood -1834148.490106 | KL fp 2.5308 | FP STD 0.1795|
Epoch 0135 [Val seq (cond on sampled tp)] |  MAPE 0.026908 | RMSE 92.630419 |
Epoch 0135 [Test seq (cond on sampled tp)] | MAPE 0.046782 | RMSE 298.705663|
0.049445025622844696,0.04413294047117233,0.046768929809331894
238.4772001680664,267.7027561027342,389.9370341798788
Experiment 06-19_23:19
Epoch 0136 [Train seq (cond on sampled tp)] | Loss 1859349.853889 | MAPE 0.070375 | RMSE 81.064815 | Likelihood -1859347.359052 | KL fp 2.4948 | FP STD 0.1879|
Epoch 0136 [Val seq (cond on sampled tp)] |  MAPE 0.025891 | RMSE 104.153372 |
Epoch 0136 [Test seq (cond on sampled tp)] | MAPE 0.041418 | RMSE 304.114062|
0.04186053201556206,0.045285310596227646,0.037109214812517166
246.39376355490413,274.4462464445451,391.5021751216716
Experiment 06-19_23:19
Epoch 0137 [Train seq (cond on sampled tp)] | Loss 1823999.004302 | MAPE 0.074094 | RMSE 75.247938 | Likelihood -1823996.325099 | KL fp 2.6792 | FP STD 0.1570|
Epoch 0137 [Val seq (cond on sampled tp)] |  MAPE 0.027703 | RMSE 89.262776 |
Epoch 0137 [Test seq (cond on sampled tp)] | MAPE 0.039913 | RMSE 305.599890|
0.04745754599571228,0.03921845182776451,0.03306318074464798
243.47153966120968,291.5153699850147,381.8127608854895
Experiment 06-19_23:19
Epoch 0138 [Train seq (cond on sampled tp)] | Loss 1833675.311501 | MAPE 0.070798 | RMSE 77.580852 | Likelihood -1833672.833142 | KL fp 2.4784 | FP STD 0.1751|
Epoch 0138 [Val seq (cond on sampled tp)] |  MAPE 0.026737 | RMSE 102.863276 |
Epoch 0138 [Test seq (cond on sampled tp)] | MAPE 0.049130 | RMSE 334.721252|
0.0499369315803051,0.050662562251091,0.046791691333055496
236.56358156952223,359.532834905242,408.0673389589027
Experiment 06-19_23:19
Epoch 0139 [Train seq (cond on sampled tp)] | Loss 1844094.593508 | MAPE 0.070184 | RMSE 78.706051 | Likelihood -1844092.086115 | KL fp 2.5074 | FP STD 0.1893|
Epoch 0139 [Val seq (cond on sampled tp)] |  MAPE 0.029581 | RMSE 102.773197 |
Epoch 0139 [Test seq (cond on sampled tp)] | MAPE 0.061415 | RMSE 341.393194|
0.05728323012590408,0.06028012931346893,0.06668054312467575
300.39355695903333,332.0795626615706,391.7064629604674
Experiment 06-19_23:19
Epoch 0140 [Train seq (cond on sampled tp)] | Loss 1863058.211917 | MAPE 0.077900 | RMSE 84.441929 | Likelihood -1863055.532326 | KL fp 2.6796 | FP STD 0.1838|
Epoch 0140 [Val seq (cond on sampled tp)] |  MAPE 0.033042 | RMSE 113.044818 |
Epoch 0140 [Test seq (cond on sampled tp)] | MAPE 0.048839 | RMSE 341.631655|
0.052533749490976334,0.04814785346388817,0.04583675414323807
271.7948157618169,353.39514003449455,399.7050084124541
Experiment 06-19_23:19
Epoch 0141 [Train seq (cond on sampled tp)] | Loss 1843947.544942 | MAPE 0.073296 | RMSE 80.219371 | Likelihood -1843945.073998 | KL fp 2.4709 | FP STD 0.2004|
Epoch 0141 [Val seq (cond on sampled tp)] |  MAPE 0.027594 | RMSE 99.114005 |
Epoch 0141 [Test seq (cond on sampled tp)] | MAPE 0.058461 | RMSE 336.164521|
0.057941749691963196,0.05591508373618126,0.06152591481804848
296.599490580311,309.846559808238,402.04751351674844
Experiment 06-19_23:19
Epoch 0142 [Train seq (cond on sampled tp)] | Loss 1843915.401193 | MAPE 0.069678 | RMSE 79.197514 | Likelihood -1843912.763136 | KL fp 2.6381 | FP STD 0.1880|
Epoch 0142 [Val seq (cond on sampled tp)] |  MAPE 0.030205 | RMSE 96.795350 |
Epoch 0142 [Test seq (cond on sampled tp)] | MAPE 0.056470 | RMSE 298.849609|
0.05252968519926071,0.05388779565691948,0.06299183517694473
231.0170532801637,304.71241564793513,360.8193583706395
Experiment 06-19_23:19
Epoch 0143 [Train seq (cond on sampled tp)] | Loss 1837080.334060 | MAPE 0.068636 | RMSE 77.292021 | Likelihood -1837077.704636 | KL fp 2.6294 | FP STD 0.1590|
Epoch 0143 [Val seq (cond on sampled tp)] |  MAPE 0.030723 | RMSE 88.257541 |
Epoch 0143 [Test seq (cond on sampled tp)] | MAPE 0.060325 | RMSE 296.642129|
0.05913730338215828,0.05963541939854622,0.062202904373407364
238.5496787227977,301.9924072927993,349.3843022017446
Experiment 06-19_23:19
Epoch 0144 [Train seq (cond on sampled tp)] | Loss 1833852.255909 | MAPE 0.071057 | RMSE 77.252027 | Likelihood -1833849.831093 | KL fp 2.4248 | FP STD 0.1915|
Epoch 0144 [Val seq (cond on sampled tp)] |  MAPE 0.029605 | RMSE 103.325629 |
Epoch 0144 [Test seq (cond on sampled tp)] | MAPE 0.051535 | RMSE 343.330983|
0.06013431400060654,0.047700829803943634,0.04676923155784607
322.3055373011764,326.27060519222385,381.41680777071167
Experiment 06-19_23:19
Epoch 0145 [Train seq (cond on sampled tp)] | Loss 1826041.923972 | MAPE 0.075146 | RMSE 76.307661 | Likelihood -1826039.465632 | KL fp 2.4583 | FP STD 0.1875|
Epoch 0145 [Val seq (cond on sampled tp)] |  MAPE 0.024921 | RMSE 99.798474 |
Epoch 0145 [Test seq (cond on sampled tp)] | MAPE 0.043574 | RMSE 307.185844|
0.04930116608738899,0.04208192229270935,0.039339035749435425
247.48034959871057,314.66464043088797,359.41254151740446
Experiment 06-19_23:19
Epoch 0146 [Train seq (cond on sampled tp)] | Loss 1825826.898679 | MAPE 0.069277 | RMSE 74.732741 | Likelihood -1825824.195798 | KL fp 2.7029 | FP STD 0.1566|
Epoch 0146 [Val seq (cond on sampled tp)] |  MAPE 0.024870 | RMSE 88.789884 |
Epoch 0146 [Test seq (cond on sampled tp)] | MAPE 0.041014 | RMSE 284.896779|
0.04090825095772743,0.03948088735342026,0.04265262559056282
202.62064307468773,276.5850485158227,375.48464515876015
Experiment 06-19_23:19
Epoch 0147 [Train seq (cond on sampled tp)] | Loss 1833841.226646 | MAPE 0.068532 | RMSE 76.923283 | Likelihood -1833838.721004 | KL fp 2.5056 | FP STD 0.1907|
Epoch 0147 [Val seq (cond on sampled tp)] |  MAPE 0.024619 | RMSE 88.314236 |
Epoch 0147 [Test seq (cond on sampled tp)] | MAPE 0.042205 | RMSE 283.466750|
0.0431562140583992,0.03672844171524048,0.04673149809241295
230.08532724296,271.0508197275928,349.2641035985519
Experiment 06-19_23:19
Epoch 0148 [Train seq (cond on sampled tp)] | Loss 1831107.883921 | MAPE 0.067436 | RMSE 77.957897 | Likelihood -1831105.343442 | KL fp 2.5405 | FP STD 0.1785|
Epoch 0148 [Val seq (cond on sampled tp)] |  MAPE 0.026371 | RMSE 90.270668 |
Epoch 0148 [Test seq (cond on sampled tp)] | MAPE 0.046259 | RMSE 293.992574|
0.04245852306485176,0.04680634289979935,0.04951184242963791
235.570940416576,286.0040974356836,360.40268277303375
Experiment 06-19_23:19
Epoch 0149 [Train seq (cond on sampled tp)] | Loss 1834370.052737 | MAPE 0.066989 | RMSE 78.011108 | Likelihood -1834367.599777 | KL fp 2.4530 | FP STD 0.1934|
Epoch 0149 [Val seq (cond on sampled tp)] |  MAPE 0.024180 | RMSE 91.194193 |
Epoch 0149 [Test seq (cond on sampled tp)] | MAPE 0.046938 | RMSE 312.823080|
0.04304368421435356,0.04858994483947754,0.049179382622241974
250.07482474001657,307.64168483805963,380.752728979058
Experiment 06-19_23:19
Epoch 0150 [Train seq (cond on sampled tp)] | Loss 1807512.312701 | MAPE 0.066287 | RMSE 71.006170 | Likelihood -1807509.895330 | KL fp 2.4174 | FP STD 0.2017|
Epoch 0150 [Val seq (cond on sampled tp)] |  MAPE 0.024146 | RMSE 82.489603 |
Epoch 0150 [Test seq (cond on sampled tp)] | MAPE 0.049572 | RMSE 309.512377|
0.04437275603413582,0.05150537192821503,0.05283638834953308
241.24428425871565,305.81973601698763,381.47311094623694
Experiment 06-19_23:19
Epoch 0151 [Train seq (cond on sampled tp)] | Loss 1821418.387194 | MAPE 0.066356 | RMSE 75.193085 | Likelihood -1821415.803362 | KL fp 2.5838 | FP STD 0.1723|
Epoch 0151 [Val seq (cond on sampled tp)] |  MAPE 0.028885 | RMSE 88.746278 |
Epoch 0151 [Test seq (cond on sampled tp)] | MAPE 0.048532 | RMSE 304.147413|
0.04333539679646492,0.0483214370906353,0.053940549492836
217.24037126245665,289.78626283003825,405.41560465773887
Experiment 06-19_23:19
Epoch 0152 [Train seq (cond on sampled tp)] | Loss 1809893.933729 | MAPE 0.066359 | RMSE 72.261116 | Likelihood -1809891.361974 | KL fp 2.5718 | FP STD 0.1707|
Epoch 0152 [Val seq (cond on sampled tp)] |  MAPE 0.030506 | RMSE 81.577321 |
Epoch 0152 [Test seq (cond on sampled tp)] | MAPE 0.047713 | RMSE 296.672004|
0.04518023505806923,0.049011677503585815,0.048946116119623184
200.53139366131677,305.0164186154575,384.46820008291974
Experiment 06-19_23:19
Epoch 0153 [Train seq (cond on sampled tp)] | Loss 1817870.810592 | MAPE 0.065275 | RMSE 74.768306 | Likelihood -1817868.171809 | KL fp 2.6388 | FP STD 0.1730|
Epoch 0153 [Val seq (cond on sampled tp)] |  MAPE 0.024149 | RMSE 88.453764 |
Epoch 0153 [Test seq (cond on sampled tp)] | MAPE 0.050735 | RMSE 316.249643|
0.04570135846734047,0.052090466022491455,0.05441286042332649
272.4382957662157,305.9018429169723,370.40879022372025
Experiment 06-19_23:19
Epoch 0154 [Train seq (cond on sampled tp)] | Loss 1821619.834232 | MAPE 0.068073 | RMSE 75.945053 | Likelihood -1821617.171447 | KL fp 2.6628 | FP STD 0.1790|
Epoch 0154 [Val seq (cond on sampled tp)] |  MAPE 0.025436 | RMSE 94.098394 |
Epoch 0154 [Test seq (cond on sampled tp)] | MAPE 0.046404 | RMSE 295.605121|
0.04965673014521599,0.04517366364598274,0.04438062012195587
257.95487735260986,281.6161089364385,347.2443754044117
Experiment 06-19_23:19
Epoch 0155 [Train seq (cond on sampled tp)] | Loss 1835719.449915 | MAPE 0.062463 | RMSE 78.420795 | Likelihood -1835716.845865 | KL fp 2.6041 | FP STD 0.1660|
Epoch 0155 [Val seq (cond on sampled tp)] |  MAPE 0.024172 | RMSE 88.303133 |
Epoch 0155 [Test seq (cond on sampled tp)] | MAPE 0.045233 | RMSE 258.952652|
0.04745565354824066,0.045778874307870865,0.04246298223733902
251.8744339323664,267.77081793485263,257.2127038075686
Experiment 06-19_23:19
Epoch 0156 [Train seq (cond on sampled tp)] | Loss 1807740.255026 | MAPE 0.062326 | RMSE 72.628807 | Likelihood -1807737.610868 | KL fp 2.6442 | FP STD 0.1558|
Epoch 0156 [Val seq (cond on sampled tp)] |  MAPE 0.024180 | RMSE 102.300315 |
Epoch 0156 [Test seq (cond on sampled tp)] | MAPE 0.051940 | RMSE 309.642187|
0.04808780550956726,0.04875791072845459,0.05897333472967148
282.65558492182674,276.88127814552576,369.38969936910803
Experiment 06-19_23:19
Epoch 0157 [Train seq (cond on sampled tp)] | Loss 1827444.850258 | MAPE 0.062458 | RMSE 74.524710 | Likelihood -1827442.241917 | KL fp 2.6083 | FP STD 0.1711|
Epoch 0157 [Val seq (cond on sampled tp)] |  MAPE 0.026612 | RMSE 98.591873 |
Epoch 0157 [Test seq (cond on sampled tp)] | MAPE 0.046120 | RMSE 319.999805|
0.05073979124426842,0.04348393902182579,0.044135693460702896
309.69849248906587,293.21648359190175,357.0844394187459
Experiment 06-19_23:19
Epoch 0158 [Train seq (cond on sampled tp)] | Loss 1818981.733021 | MAPE 0.061672 | RMSE 74.370557 | Likelihood -1818979.161633 | KL fp 2.5714 | FP STD 0.1665|
Epoch 0158 [Val seq (cond on sampled tp)] |  MAPE 0.027543 | RMSE 82.581482 |
Epoch 0158 [Test seq (cond on sampled tp)] | MAPE 0.042956 | RMSE 264.436555|
0.04344126954674721,0.04253401979804039,0.04289183393120766
209.96662681245323,255.0896594827003,328.2533796474912
Experiment 06-19_23:19
Epoch 0159 [Train seq (cond on sampled tp)] | Loss 1819808.474183 | MAPE 0.060504 | RMSE 74.882801 | Likelihood -1819805.862918 | KL fp 2.6113 | FP STD 0.1755|
Epoch 0159 [Val seq (cond on sampled tp)] |  MAPE 0.026980 | RMSE 85.243969 |
Epoch 0159 [Test seq (cond on sampled tp)] | MAPE 0.046878 | RMSE 273.931891|
0.04215174540877342,0.043803561478853226,0.05467779561877251
220.1769529832766,268.3996553649054,333.21906504955564
Experiment 06-19_23:19
Epoch 0160 [Train seq (cond on sampled tp)] | Loss 1825418.937233 | MAPE 0.065163 | RMSE 74.243041 | Likelihood -1825416.551554 | KL fp 2.3857 | FP STD 0.2128|
Epoch 0160 [Val seq (cond on sampled tp)] |  MAPE 0.028130 | RMSE 89.644461 |
Epoch 0160 [Test seq (cond on sampled tp)] | MAPE 0.045750 | RMSE 285.057277|
0.04473497346043587,0.043988149613142014,0.048527829349040985
242.7774347267472,244.31379508482527,368.08060003890455
Experiment 06-19_23:19
Epoch 0161 [Train seq (cond on sampled tp)] | Loss 1810727.170317 | MAPE 0.061733 | RMSE 72.064523 | Likelihood -1810724.366340 | KL fp 2.8040 | FP STD 0.1498|
Epoch 0161 [Val seq (cond on sampled tp)] |  MAPE 0.028169 | RMSE 106.669613 |
Epoch 0161 [Test seq (cond on sampled tp)] | MAPE 0.053059 | RMSE 335.010315|
0.05517123267054558,0.05018645524978638,0.05382074415683746
294.90691063028686,332.51399171689,377.6100419083158
Experiment 06-19_23:19
Epoch 0162 [Train seq (cond on sampled tp)] | Loss 1835175.421427 | MAPE 0.062066 | RMSE 77.480758 | Likelihood -1835172.603850 | KL fp 2.8176 | FP STD 0.1618|
Epoch 0162 [Val seq (cond on sampled tp)] |  MAPE 0.025630 | RMSE 84.180937 |
Epoch 0162 [Test seq (cond on sampled tp)] | MAPE 0.044552 | RMSE 295.475717|
0.04086852818727493,0.04188568890094757,0.050902727991342545
242.07411055294617,291.84886124927743,352.5041777234704
Experiment 06-19_23:19
Epoch 0163 [Train seq (cond on sampled tp)] | Loss 1848647.564629 | MAPE 0.066092 | RMSE 81.482534 | Likelihood -1848644.943219 | KL fp 2.6214 | FP STD 0.2111|
Epoch 0163 [Val seq (cond on sampled tp)] |  MAPE 0.024594 | RMSE 84.728023 |
Epoch 0163 [Test seq (cond on sampled tp)] | MAPE 0.048464 | RMSE 302.036871|
0.0412643626332283,0.04578026756644249,0.058346785604953766
234.29404435185714,292.55012925138146,379.26643833853797
Experiment 06-19_23:19
Epoch 0164 [Train seq (cond on sampled tp)] | Loss 1833535.812779 | MAPE 0.064224 | RMSE 76.907219 | Likelihood -1833533.475809 | KL fp 2.3370 | FP STD 0.2298|
Epoch 0164 [Val seq (cond on sampled tp)] |  MAPE 0.025038 | RMSE 86.508521 |
Epoch 0164 [Test seq (cond on sampled tp)] | MAPE 0.049222 | RMSE 291.089513|
0.0460980087518692,0.0488315112888813,0.05273549258708954
219.3316196424948,283.8579365193089,370.07898227945884
Experiment 06-19_23:19
Epoch 0165 [Train seq (cond on sampled tp)] | Loss 1824784.761442 | MAPE 0.070216 | RMSE 75.566032 | Likelihood -1824782.316211 | KL fp 2.4452 | FP STD 0.2162|
Epoch 0165 [Val seq (cond on sampled tp)] |  MAPE 0.023455 | RMSE 87.850434 |
Epoch 0165 [Test seq (cond on sampled tp)] | MAPE 0.047520 | RMSE 299.701305|
0.05200188606977463,0.04438260942697525,0.04617602378129959
248.6517236769132,282.59868298525384,367.8535076970179
Experiment 06-19_23:19
Epoch 0166 [Train seq (cond on sampled tp)] | Loss 1845235.310590 | MAPE 0.069222 | RMSE 81.314917 | Likelihood -1845232.681625 | KL fp 2.6290 | FP STD 0.1749|
Epoch 0166 [Val seq (cond on sampled tp)] |  MAPE 0.039644 | RMSE 95.733267 |
Epoch 0166 [Test seq (cond on sampled tp)] | MAPE 0.062528 | RMSE 324.676041|
0.05903763696551323,0.0605708472430706,0.06797587871551514
255.5332047895146,324.845407944302,393.64951098661356
Experiment 06-19_23:19
Epoch 0167 [Train seq (cond on sampled tp)] | Loss 1818097.214300 | MAPE 0.069227 | RMSE 74.514320 | Likelihood -1818094.806739 | KL fp 2.4076 | FP STD 0.2170|
Epoch 0167 [Val seq (cond on sampled tp)] |  MAPE 0.027513 | RMSE 110.004066 |
Epoch 0167 [Test seq (cond on sampled tp)] | MAPE 0.049279 | RMSE 340.063316|
0.050698500126600266,0.045954398810863495,0.051182717084884644
337.08017870382116,319.3074537181993,363.8023158255043
Experiment 06-19_23:19
Epoch 0168 [Train seq (cond on sampled tp)] | Loss 1869921.462161 | MAPE 0.067311 | RMSE 83.417562 | Likelihood -1869918.753950 | KL fp 2.7082 | FP STD 0.1812|
Epoch 0168 [Val seq (cond on sampled tp)] |  MAPE 0.027030 | RMSE 96.039558 |
Epoch 0168 [Test seq (cond on sampled tp)] | MAPE 0.046979 | RMSE 308.601897|
0.0551232248544693,0.04729948937892914,0.03851347416639328
262.7884129865699,325.21858034251363,337.7986988392643
Experiment 06-19_23:19
Epoch 0169 [Train seq (cond on sampled tp)] | Loss 1826699.980657 | MAPE 0.066439 | RMSE 76.343431 | Likelihood -1826697.235523 | KL fp 2.7451 | FP STD 0.1685|
Epoch 0169 [Val seq (cond on sampled tp)] |  MAPE 0.023542 | RMSE 80.996615 |
Epoch 0169 [Test seq (cond on sampled tp)] | MAPE 0.043306 | RMSE 303.462889|
0.04724323749542236,0.042290687561035156,0.040382735431194305
250.0443007623849,315.5453859985913,344.79897902618563
Experiment 06-19_23:19
Epoch 0170 [Train seq (cond on sampled tp)] | Loss 1816633.190904 | MAPE 0.065582 | RMSE 75.024598 | Likelihood -1816630.512418 | KL fp 2.6785 | FP STD 0.1677|
Epoch 0170 [Val seq (cond on sampled tp)] |  MAPE 0.026477 | RMSE 91.142515 |
Epoch 0170 [Test seq (cond on sampled tp)] | MAPE 0.042741 | RMSE 310.534508|
0.03799916058778763,0.04160302132368088,0.04861956834793091
232.78791816533348,316.89956758806096,381.91603707490475
Experiment 06-19_23:19
Epoch 0171 [Train seq (cond on sampled tp)] | Loss 1816259.556249 | MAPE 0.078790 | RMSE 75.252597 | Likelihood -1816256.993321 | KL fp 2.5629 | FP STD 0.1887|
Epoch 0171 [Val seq (cond on sampled tp)] |  MAPE 0.029477 | RMSE 98.717469 |
Epoch 0171 [Test seq (cond on sampled tp)] | MAPE 0.047548 | RMSE 327.390384|
0.05389026552438736,0.04776028171181679,0.04099349305033684
269.7453515586506,328.83279613277625,383.59300534550937
Experiment 06-19_23:19
Epoch 0172 [Train seq (cond on sampled tp)] | Loss 1812156.692904 | MAPE 0.066927 | RMSE 73.560170 | Likelihood -1812153.854262 | KL fp 2.8386 | FP STD 0.1391|
Epoch 0172 [Val seq (cond on sampled tp)] |  MAPE 0.024833 | RMSE 82.177590 |
Epoch 0172 [Test seq (cond on sampled tp)] | MAPE 0.049660 | RMSE 312.955149|
0.04484158381819725,0.0494639091193676,0.05467374995350838
244.17299035468685,311.984487294641,382.7079704226187
Experiment 06-19_23:19
Epoch 0173 [Train seq (cond on sampled tp)] | Loss 1824834.913762 | MAPE 0.066502 | RMSE 74.564733 | Likelihood -1824832.249280 | KL fp 2.6645 | FP STD 0.1598|
Epoch 0173 [Val seq (cond on sampled tp)] |  MAPE 0.024455 | RMSE 77.595377 |
Epoch 0173 [Test seq (cond on sampled tp)] | MAPE 0.048621 | RMSE 288.569997|
0.04346316307783127,0.047600530087947845,0.054798856377601624
209.10723549772254,273.077026679287,383.52572843943597
Experiment 06-19_23:19
Epoch 0174 [Train seq (cond on sampled tp)] | Loss 1826619.706458 | MAPE 0.071429 | RMSE 75.467478 | Likelihood -1826617.244386 | KL fp 2.4621 | FP STD 0.1969|
Epoch 0174 [Val seq (cond on sampled tp)] |  MAPE 0.025665 | RMSE 82.280179 |
Epoch 0174 [Test seq (cond on sampled tp)] | MAPE 0.041758 | RMSE 289.380920|
0.04090624675154686,0.04100106284022331,0.04336611181497574
216.29870296941218,263.34208681390066,388.5019707157224
Experiment 06-19_23:19
Epoch 0175 [Train seq (cond on sampled tp)] | Loss 1822961.318058 | MAPE 0.065529 | RMSE 76.101736 | Likelihood -1822958.666622 | KL fp 2.6514 | FP STD 0.1778|
Epoch 0175 [Val seq (cond on sampled tp)] |  MAPE 0.029932 | RMSE 92.640582 |
Epoch 0175 [Test seq (cond on sampled tp)] | MAPE 0.050379 | RMSE 329.855197|
0.04969058930873871,0.046682193875312805,0.05476529896259308
281.7497643077985,314.8780145746921,392.93781314604985
Experiment 06-19_23:19
Epoch 0176 [Train seq (cond on sampled tp)] | Loss 1815075.349819 | MAPE 0.069702 | RMSE 74.368028 | Likelihood -1815072.630596 | KL fp 2.7192 | FP STD 0.1951|
Epoch 0176 [Val seq (cond on sampled tp)] |  MAPE 0.024960 | RMSE 88.879335 |
Epoch 0176 [Test seq (cond on sampled tp)] | MAPE 0.046815 | RMSE 312.949857|
0.0431092269718647,0.045583534985780716,0.051752861589193344
246.82226493724184,296.39505942238645,395.6322471690092
Experiment 06-19_23:19
Epoch 0177 [Train seq (cond on sampled tp)] | Loss 1831700.247313 | MAPE 0.068514 | RMSE 75.916035 | Likelihood -1831697.691585 | KL fp 2.5557 | FP STD 0.2031|
Epoch 0177 [Val seq (cond on sampled tp)] |  MAPE 0.025198 | RMSE 83.974274 |
Epoch 0177 [Test seq (cond on sampled tp)] | MAPE 0.045517 | RMSE 300.549993|
0.04751449078321457,0.046035926789045334,0.043001145124435425
235.841917725094,296.37659478693655,369.43146776499697
Experiment 06-19_23:19
Epoch 0178 [Train seq (cond on sampled tp)] | Loss 1849681.926707 | MAPE 0.062544 | RMSE 80.459764 | Likelihood -1849679.425892 | KL fp 2.5008 | FP STD 0.2053|
Epoch 0178 [Val seq (cond on sampled tp)] |  MAPE 0.026705 | RMSE 88.048085 |
Epoch 0178 [Test seq (cond on sampled tp)] | MAPE 0.051590 | RMSE 328.240579|
0.054833076894283295,0.04896371811628342,0.050973571836948395
284.3844778640353,310.48229871040957,389.85496101114325
Experiment 06-19_23:19
Epoch 0179 [Train seq (cond on sampled tp)] | Loss 1818227.143181 | MAPE 0.076214 | RMSE 73.772730 | Likelihood -1818224.225744 | KL fp 2.9174 | FP STD 0.1696|
Epoch 0179 [Val seq (cond on sampled tp)] |  MAPE 0.025847 | RMSE 92.971071 |
Epoch 0179 [Test seq (cond on sampled tp)] | MAPE 0.044621 | RMSE 345.144726|
0.04906565696001053,0.041839830577373505,0.04295722767710686
289.10304445387635,342.7536925402847,403.57743990466065
Experiment 06-19_23:19
Epoch 0180 [Train seq (cond on sampled tp)] | Loss 1834529.728983 | MAPE 0.064462 | RMSE 77.931012 | Likelihood -1834526.659037 | KL fp 3.0699 | FP STD 0.1282|
Epoch 0180 [Val seq (cond on sampled tp)] |  MAPE 0.027179 | RMSE 94.125991 |
Epoch 0180 [Test seq (cond on sampled tp)] | MAPE 0.062184 | RMSE 345.367584|
0.051139235496520996,0.05976476892828941,0.07564922422170639
301.85677998845745,325.49363953079023,408.75233179763023
Experiment 06-19_23:19
Epoch 0181 [Train seq (cond on sampled tp)] | Loss 1824593.271584 | MAPE 0.063920 | RMSE 75.751730 | Likelihood -1824590.345799 | KL fp 2.9258 | FP STD 0.1505|
Epoch 0181 [Val seq (cond on sampled tp)] |  MAPE 0.023490 | RMSE 91.670771 |
Epoch 0181 [Test seq (cond on sampled tp)] | MAPE 0.044088 | RMSE 313.925275|
0.04109520465135574,0.03975246474146843,0.05141742154955864
225.54224590417644,320.9771944780501,395.25638435703985
Experiment 06-19_23:19
Epoch 0182 [Train seq (cond on sampled tp)] | Loss 1817807.710032 | MAPE 0.064346 | RMSE 75.062955 | Likelihood -1817804.902362 | KL fp 2.8077 | FP STD 0.1718|
Epoch 0182 [Val seq (cond on sampled tp)] |  MAPE 0.023837 | RMSE 85.238555 |
Epoch 0182 [Test seq (cond on sampled tp)] | MAPE 0.050283 | RMSE 294.127193|
0.04234569892287254,0.04537544026970863,0.06312713772058487
212.97255361607046,273.36454026628985,396.0444853485527
Experiment 06-19_23:19
Epoch 0183 [Train seq (cond on sampled tp)] | Loss 1828451.998842 | MAPE 0.059313 | RMSE 75.820674 | Likelihood -1828449.212702 | KL fp 2.7861 | FP STD 0.1693|
Epoch 0183 [Val seq (cond on sampled tp)] |  MAPE 0.025278 | RMSE 85.339980 |
Epoch 0183 [Test seq (cond on sampled tp)] | MAPE 0.059180 | RMSE 274.986537|
0.043237149715423584,0.05531809851527214,0.07898347824811935
200.19855378473642,265.63149992047255,359.1295574893551
Experiment 06-19_23:19
Epoch 0184 [Train seq (cond on sampled tp)] | Loss 1827155.345518 | MAPE 0.064706 | RMSE 75.651184 | Likelihood -1827152.484330 | KL fp 2.8612 | FP STD 0.1796|
Epoch 0184 [Val seq (cond on sampled tp)] |  MAPE 0.022062 | RMSE 83.665226 |
Epoch 0184 [Test seq (cond on sampled tp)] | MAPE 0.043778 | RMSE 285.724352|
0.04151151701807976,0.04093330353498459,0.04888962581753731
209.24517430218074,283.96836311462584,363.95951869679135
Experiment 06-19_23:19
Epoch 0185 [Train seq (cond on sampled tp)] | Loss 1835364.434883 | MAPE 0.062243 | RMSE 79.901712 | Likelihood -1835361.807354 | KL fp 2.6275 | FP STD 0.1957|
Epoch 0185 [Val seq (cond on sampled tp)] |  MAPE 0.024993 | RMSE 83.792072 |
Epoch 0185 [Test seq (cond on sampled tp)] | MAPE 0.055818 | RMSE 322.253052|
0.04932250827550888,0.05249674618244171,0.0656353086233139
255.02867485833823,314.7675978003454,396.9628839702775
Experiment 06-19_23:19
Epoch 0186 [Train seq (cond on sampled tp)] | Loss 1813573.090384 | MAPE 0.060807 | RMSE 72.954591 | Likelihood -1813570.502687 | KL fp 2.5877 | FP STD 0.2121|
Epoch 0186 [Val seq (cond on sampled tp)] |  MAPE 0.024624 | RMSE 88.803384 |
Epoch 0186 [Test seq (cond on sampled tp)] | MAPE 0.051790 | RMSE 338.933551|
0.04864230006933212,0.05046533793210983,0.056262750178575516
285.9467553146914,314.37706261748804,416.4768338395306
Experiment 06-19_23:19
Epoch 0187 [Train seq (cond on sampled tp)] | Loss 1811161.881419 | MAPE 0.062860 | RMSE 72.302938 | Likelihood -1811159.301657 | KL fp 2.5798 | FP STD 0.1906|
Epoch 0187 [Val seq (cond on sampled tp)] |  MAPE 0.026900 | RMSE 99.663972 |
Epoch 0187 [Test seq (cond on sampled tp)] | MAPE 0.049357 | RMSE 320.909098|
0.04706895351409912,0.04909457638859749,0.05190718546509743
280.42137657015377,304.06866000954454,378.2372560642328
Experiment 06-19_23:19
Epoch 0188 [Train seq (cond on sampled tp)] | Loss 1817480.914165 | MAPE 0.062149 | RMSE 76.000281 | Likelihood -1817478.685083 | KL fp 2.2291 | FP STD 0.2474|
Epoch 0188 [Val seq (cond on sampled tp)] |  MAPE 0.024988 | RMSE 86.258248 |
Epoch 0188 [Test seq (cond on sampled tp)] | MAPE 0.046334 | RMSE 304.792707|
0.04649355262517929,0.04578223451972008,0.046727195382118225
224.96819219614136,325.3840039092272,364.0259262744894
Experiment 06-19_23:19
Epoch 0189 [Train seq (cond on sampled tp)] | Loss 1847509.525253 | MAPE 0.071505 | RMSE 82.423657 | Likelihood -1847507.115783 | KL fp 2.4095 | FP STD 0.2387|
Epoch 0189 [Val seq (cond on sampled tp)] |  MAPE 0.025736 | RMSE 89.242368 |
Epoch 0189 [Test seq (cond on sampled tp)] | MAPE 0.045672 | RMSE 301.664928|
0.04718906804919243,0.041669461876153946,0.04815750569105148
209.01074658375822,307.1944493110186,388.7895880164488
Experiment 06-19_23:19
Epoch 0190 [Train seq (cond on sampled tp)] | Loss 1867552.848205 | MAPE 0.071006 | RMSE 82.462577 | Likelihood -1867550.676665 | KL fp 2.1715 | FP STD 0.2747|
Epoch 0190 [Val seq (cond on sampled tp)] |  MAPE 0.033427 | RMSE 104.814093 |
Epoch 0190 [Test seq (cond on sampled tp)] | MAPE 0.049560 | RMSE 327.741948|
0.05363187566399574,0.04933277145028114,0.04571451246738434
300.0080988490144,314.6782707186818,368.53947380165397
Experiment 06-19_23:19
Epoch 0191 [Train seq (cond on sampled tp)] | Loss 1830465.465794 | MAPE 0.075044 | RMSE 77.100818 | Likelihood -1830462.789655 | KL fp 2.6761 | FP STD 0.2214|
Epoch 0191 [Val seq (cond on sampled tp)] |  MAPE 0.026150 | RMSE 75.279444 |
Epoch 0191 [Test seq (cond on sampled tp)] | MAPE 0.046000 | RMSE 307.560764|
0.048766087740659714,0.04352135583758354,0.04571143910288811
253.5387898700118,280.30251515104175,388.8409861370069
Experiment 06-19_23:19
Epoch 0192 [Train seq (cond on sampled tp)] | Loss 1816109.806372 | MAPE 0.077850 | RMSE 74.294331 | Likelihood -1816107.148631 | KL fp 2.6577 | FP STD 0.1884|
Epoch 0192 [Val seq (cond on sampled tp)] |  MAPE 0.025170 | RMSE 82.582135 |
Epoch 0192 [Test seq (cond on sampled tp)] | MAPE 0.043575 | RMSE 297.480399|
0.04503673315048218,0.04447341337800026,0.041215069591999054
249.23364571471888,264.78859492055165,378.41895598661546
Experiment 06-19_23:19
Epoch 0193 [Train seq (cond on sampled tp)] | Loss 1813182.769001 | MAPE 0.069095 | RMSE 71.969090 | Likelihood -1813180.339724 | KL fp 2.4293 | FP STD 0.2385|
Epoch 0193 [Val seq (cond on sampled tp)] |  MAPE 0.026783 | RMSE 90.253657 |
Epoch 0193 [Test seq (cond on sampled tp)] | MAPE 0.044698 | RMSE 308.504379|
0.04018690809607506,0.040356431156396866,0.05355166271328926
235.4740896043554,311.8673345751363,378.1717119907305
Experiment 06-19_23:19
Epoch 0194 [Train seq (cond on sampled tp)] | Loss 1814020.574651 | MAPE 0.068636 | RMSE 74.147847 | Likelihood -1814017.956364 | KL fp 2.6183 | FP STD 0.2110|
Epoch 0194 [Val seq (cond on sampled tp)] |  MAPE 0.031736 | RMSE 87.969519 |
Epoch 0194 [Test seq (cond on sampled tp)] | MAPE 0.053987 | RMSE 322.380247|
0.05536353960633278,0.04792638123035431,0.058670833706855774
280.16847609964975,284.0316471143665,402.9406167476791
Experiment 06-19_23:19
Epoch 0195 [Train seq (cond on sampled tp)] | Loss 1827315.371605 | MAPE 0.072790 | RMSE 76.452522 | Likelihood -1827312.457031 | KL fp 2.9146 | FP STD 0.1631|
Epoch 0195 [Val seq (cond on sampled tp)] |  MAPE 0.028795 | RMSE 84.962710 |
Epoch 0195 [Test seq (cond on sampled tp)] | MAPE 0.055824 | RMSE 295.836307|
0.05309963598847389,0.05504161864519119,0.05932929739356041
215.56650474679503,286.26154452702866,385.68087115515596
Experiment 06-19_23:19
Epoch 0196 [Train seq (cond on sampled tp)] | Loss 1847943.609981 | MAPE 0.072848 | RMSE 78.520864 | Likelihood -1847941.078584 | KL fp 2.5314 | FP STD 0.1927|
Epoch 0196 [Val seq (cond on sampled tp)] |  MAPE 0.025952 | RMSE 94.962878 |
Epoch 0196 [Test seq (cond on sampled tp)] | MAPE 0.044805 | RMSE 296.108267|
0.044981539249420166,0.04186433553695679,0.04756803438067436
206.09148264484392,298.70931992909095,383.5239969675952
Experiment 06-19_23:19
Epoch 0197 [Train seq (cond on sampled tp)] | Loss 1810769.696370 | MAPE 0.080607 | RMSE 73.712250 | Likelihood -1810766.960788 | KL fp 2.7356 | FP STD 0.2030|
Epoch 0197 [Val seq (cond on sampled tp)] |  MAPE 0.026862 | RMSE 95.000884 |
Epoch 0197 [Test seq (cond on sampled tp)] | MAPE 0.043235 | RMSE 314.855023|
0.04801769182085991,0.041116226464509964,0.04057172313332558
255.89159386838014,300.99371878828305,387.6797566935885
Experiment 06-19_23:19
Epoch 0198 [Train seq (cond on sampled tp)] | Loss 1819710.512032 | MAPE 0.067335 | RMSE 75.986266 | Likelihood -1819707.648848 | KL fp 2.8632 | FP STD 0.1621|
Epoch 0198 [Val seq (cond on sampled tp)] |  MAPE 0.025851 | RMSE 94.976652 |
Epoch 0198 [Test seq (cond on sampled tp)] | MAPE 0.044064 | RMSE 349.024443|
0.04880118370056152,0.03918144479393959,0.04420889914035797
311.7787176027254,318.871410701085,416.42319970193785
Experiment 06-19_23:19
Epoch 0199 [Train seq (cond on sampled tp)] | Loss 1805304.401309 | MAPE 0.064581 | RMSE 72.568481 | Likelihood -1805301.972014 | KL fp 2.4293 | FP STD 0.2212|
Epoch 0199 [Val seq (cond on sampled tp)] |  MAPE 0.024883 | RMSE 90.557949 |
Epoch 0199 [Test seq (cond on sampled tp)] | MAPE 0.046757 | RMSE 326.135309|
0.04629165679216385,0.04235592857003212,0.05162275210022926
284.18290215106185,279.07679834590334,415.14622800285684
Experiment 06-19_23:19
Epoch 0200 [Train seq (cond on sampled tp)] | Loss 1802976.931481 | MAPE 0.067179 | RMSE 71.147481 | Likelihood -1802974.426541 | KL fp 2.5049 | FP STD 0.2062|
Epoch 0200 [Val seq (cond on sampled tp)] |  MAPE 0.023065 | RMSE 89.387529 |
Epoch 0200 [Test seq (cond on sampled tp)] | MAPE 0.052943 | RMSE 326.704612|
0.05165981128811836,0.04762183502316475,0.05954653024673462
263.45925918441355,301.6704275778453,414.98414879366175
