/nvme/yuanjingyang/CG-ODE/run_models_covid.py
run_models_covid.py
Namespace(save='experiments/', load=None, dataset='Dec', datapath='data/', pred_length=14, condition_length=21, features='Confirmed,Deaths,Recovered,Mortality_Rate,Testing_Rate,Population,Mobility', split_interval=3, feature_out='Deaths', niters=100, lr=0.005, batch_size=8, random_seed=1991, dropout=0.2, l2=1e-05, optimizer='AdamW', clip=10, edge_lamda=0.5, z0_encoder='GTrans', rec_dims=64, ode_dims=20, rec_layers=1, gen_layers=1, CVPR=False, graf_layer=1, heavyBall=False, actv_h=None, gamma_guess=-3.0, gamma_act='sigmoid', corr=-100, corrf=True, sign=1, augment_dim=0, solver='rk4', alias='run', output_dim=1, feature_out_index=[1], num_atoms=50)
run
Experiment 07-07_23:14
Epoch 0001 [Train seq (cond on sampled tp)] | Loss 4390897.555187 | MAPE 0.063274 | RMSE 286.214787 | Likelihood -4390896.202974 | KL fp 1.3522 | FP STD 0.4937|
Epoch 0001 [Val seq (cond on sampled tp)] |  MAPE 0.058082 | RMSE 304.541317 |
Best Val!
Epoch 0001 [Test seq (cond on sampled tp)] | MAPE 0.119549 | RMSE 903.784586|
0.1316622793674469,0.12386144697666168,0.10312473028898239
848.6122863239725,934.8289950573848,927.9124756678293
0.1316622793674469,0.12386144697666168,0.10312473028898239
848.6122863239725,934.8289950573848,927.9124756678293
Epoch 0001 [Test seq (cond on sampled tp)] | Best Test MAPE 0.119549|Best Test RMSE 903.784586|
Experiment 07-07_23:14
Epoch 0002 [Train seq (cond on sampled tp)] | Loss 4159801.115272 | MAPE 0.101104 | RMSE 274.583121 | Likelihood -4159798.304338 | KL fp 2.8109 | FP STD 0.9074|
Epoch 0002 [Val seq (cond on sampled tp)] |  MAPE 0.064141 | RMSE 277.279882 |
Epoch 0002 [Test seq (cond on sampled tp)] | MAPE 0.107755 | RMSE 858.719393|
0.11681757867336273,0.10940712690353394,0.09704127162694931
799.9483577081711,888.0014780393104,888.2083440837515
0.11681757867336273,0.10940712690353394,0.09704127162694931
799.9483577081711,888.0014780393104,888.2083440837515
Epoch 0002 [Test seq (cond on sampled tp)] | Best Test MAPE 0.107755|Best Test RMSE 858.719393|
Experiment 07-07_23:14
Epoch 0003 [Train seq (cond on sampled tp)] | Loss 3781639.398218 | MAPE 0.245154 | RMSE 253.895019 | Likelihood -3781633.952859 | KL fp 5.4454 | FP STD 1.1868|
Epoch 0003 [Val seq (cond on sampled tp)] |  MAPE 0.103137 | RMSE 234.428127 |
Epoch 0003 [Test seq (cond on sampled tp)] | MAPE 0.137159 | RMSE 771.766385|
0.14376986026763916,0.14190761744976044,0.12579911947250366
709.3153168725457,801.6891152435587,804.2947221012954
Experiment 07-07_23:14
Epoch 0004 [Train seq (cond on sampled tp)] | Loss 3446729.631590 | MAPE 0.447256 | RMSE 233.130438 | Likelihood -3446723.128206 | KL fp 6.5034 | FP STD 1.0342|
Epoch 0004 [Val seq (cond on sampled tp)] |  MAPE 0.072047 | RMSE 193.954861 |
Epoch 0004 [Test seq (cond on sampled tp)] | MAPE 0.102881 | RMSE 695.473551|
0.10642791539430618,0.09997449815273285,0.1022413820028305
625.0467482516808,725.3498724753455,736.0240315370144
0.10642791539430618,0.09997449815273285,0.1022413820028305
625.0467482516808,725.3498724753455,736.0240315370144
Epoch 0004 [Test seq (cond on sampled tp)] | Best Test MAPE 0.102881|Best Test RMSE 695.473551|
Experiment 07-07_23:14
Epoch 0005 [Train seq (cond on sampled tp)] | Loss 2985475.875061 | MAPE 0.168252 | RMSE 203.295914 | Likelihood -2985472.593173 | KL fp 3.2819 | FP STD 0.6508|
Epoch 0005 [Val seq (cond on sampled tp)] |  MAPE 0.028587 | RMSE 161.978460 |
Best Val!
Epoch 0005 [Test seq (cond on sampled tp)] | MAPE 0.056662 | RMSE 609.667405|
0.05949341505765915,0.05956085026264191,0.05093081668019295
543.4273467999195,643.9061703773307,641.6686985898564
0.05949341505765915,0.05956085026264191,0.05093081668019295
543.4273467999195,643.9061703773307,641.6686985898564
Epoch 0005 [Test seq (cond on sampled tp)] | Best Test MAPE 0.056662|Best Test RMSE 609.667405|
Experiment 07-07_23:14
Epoch 0006 [Train seq (cond on sampled tp)] | Loss 2660265.029459 | MAPE 0.041467 | RMSE 176.958017 | Likelihood -2660261.278328 | KL fp 3.7511 | FP STD 0.6553|
Epoch 0006 [Val seq (cond on sampled tp)] |  MAPE 0.028422 | RMSE 135.703772 |
Best Val!
Epoch 0006 [Test seq (cond on sampled tp)] | MAPE 0.055831 | RMSE 526.736560|
0.058822114020586014,0.05792262777686119,0.050747841596603394
446.33875167858776,573.6523337353383,560.2185957284888
0.058822114020586014,0.05792262777686119,0.050747841596603394
446.33875167858776,573.6523337353383,560.2185957284888
Epoch 0006 [Test seq (cond on sampled tp)] | Best Test MAPE 0.055831|Best Test RMSE 526.736560|
Experiment 07-07_23:14
Epoch 0007 [Train seq (cond on sampled tp)] | Loss 2379698.735111 | MAPE 0.044225 | RMSE 151.526985 | Likelihood -2379695.663314 | KL fp 3.0718 | FP STD 0.5616|
Epoch 0007 [Val seq (cond on sampled tp)] |  MAPE 0.030969 | RMSE 117.734229 |
Epoch 0007 [Test seq (cond on sampled tp)] | MAPE 0.049835 | RMSE 464.440863|
0.04556833952665329,0.061021655797958374,0.042914800345897675
390.9891902278118,502.4844214003057,499.8489771921115
0.04556833952665329,0.061021655797958374,0.042914800345897675
390.9891902278118,502.4844214003057,499.8489771921115
Epoch 0007 [Test seq (cond on sampled tp)] | Best Test MAPE 0.049835|Best Test RMSE 464.440863|
Experiment 07-07_23:14
Epoch 0008 [Train seq (cond on sampled tp)] | Loss 2234938.219294 | MAPE 0.033762 | RMSE 134.520617 | Likelihood -2234935.229014 | KL fp 2.9903 | FP STD 0.4436|
Epoch 0008 [Val seq (cond on sampled tp)] |  MAPE 0.028032 | RMSE 97.087901 |
Best Val!
Epoch 0008 [Test seq (cond on sampled tp)] | MAPE 0.057382 | RMSE 406.778261|
0.0654866173863411,0.05443677306175232,0.052221182733774185
349.1057996868571,433.75643006761294,437.47255271045293
Experiment 07-07_23:14
Epoch 0009 [Train seq (cond on sampled tp)] | Loss 2179934.149457 | MAPE 0.039385 | RMSE 126.180415 | Likelihood -2179930.915939 | KL fp 3.2335 | FP STD 0.3086|
Epoch 0009 [Val seq (cond on sampled tp)] |  MAPE 0.029675 | RMSE 91.015243 |
Epoch 0009 [Test seq (cond on sampled tp)] | MAPE 0.051411 | RMSE 369.599727|
0.05730997025966644,0.053744904696941376,0.04317869246006012
310.07942530906496,390.3585291113799,408.36122566301515
Experiment 07-07_23:14
Epoch 0010 [Train seq (cond on sampled tp)] | Loss 2107162.836844 | MAPE 0.044680 | RMSE 118.750847 | Likelihood -2107159.713942 | KL fp 3.1229 | FP STD 0.2967|
Epoch 0010 [Val seq (cond on sampled tp)] |  MAPE 0.034380 | RMSE 89.818064 |
Epoch 0010 [Test seq (cond on sampled tp)] | MAPE 0.054213 | RMSE 341.530629|
0.05405185744166374,0.05219242349267006,0.0563955195248127
266.1218148001024,376.2003497140852,382.2697223492857
Experiment 07-07_23:14
Epoch 0011 [Train seq (cond on sampled tp)] | Loss 2109803.498747 | MAPE 0.037762 | RMSE 118.256662 | Likelihood -2109800.301187 | KL fp 3.1976 | FP STD 0.2718|
Epoch 0011 [Val seq (cond on sampled tp)] |  MAPE 0.029162 | RMSE 90.911030 |
Epoch 0011 [Test seq (cond on sampled tp)] | MAPE 0.058064 | RMSE 381.717669|
0.06184723600745201,0.060124676674604416,0.05222025886178017
319.22994504353755,399.083716154894,426.8393469737765
Experiment 07-07_23:14
Epoch 0012 [Train seq (cond on sampled tp)] | Loss 2083168.389073 | MAPE 0.036881 | RMSE 115.771095 | Likelihood -2083165.410019 | KL fp 2.9791 | FP STD 0.2854|
Epoch 0012 [Val seq (cond on sampled tp)] |  MAPE 0.032546 | RMSE 99.208046 |
Epoch 0012 [Test seq (cond on sampled tp)] | MAPE 0.051886 | RMSE 377.141922|
0.05488255247473717,0.053874652832746506,0.046900425106287
315.52155483025246,402.0411787056147,413.86303214348584
Experiment 07-07_23:14
Epoch 0013 [Train seq (cond on sampled tp)] | Loss 2075749.993731 | MAPE 0.030946 | RMSE 113.708827 | Likelihood -2075747.077741 | KL fp 2.9160 | FP STD 0.2819|
Epoch 0013 [Val seq (cond on sampled tp)] |  MAPE 0.035146 | RMSE 105.744057 |
Epoch 0013 [Test seq (cond on sampled tp)] | MAPE 0.061406 | RMSE 342.927509|
0.06589376926422119,0.05992509797215462,0.0583980418741703
283.0893741382746,369.89635372628373,375.7967993144699
Experiment 07-07_23:14
Epoch 0014 [Train seq (cond on sampled tp)] | Loss 2052226.810381 | MAPE 0.034564 | RMSE 110.132124 | Likelihood -2052223.769975 | KL fp 3.0404 | FP STD 0.2742|
Epoch 0014 [Val seq (cond on sampled tp)] |  MAPE 0.031892 | RMSE 108.558016 |
Epoch 0014 [Test seq (cond on sampled tp)] | MAPE 0.063414 | RMSE 368.985283|
0.06859660893678665,0.06662476807832718,0.05502048879861832
316.74282253115064,388.97708399724524,401.2359421213409
Experiment 07-07_23:14
Epoch 0015 [Train seq (cond on sampled tp)] | Loss 2008076.384604 | MAPE 0.032265 | RMSE 104.589100 | Likelihood -2008073.053248 | KL fp 3.3314 | FP STD 0.2261|
Epoch 0015 [Val seq (cond on sampled tp)] |  MAPE 0.032193 | RMSE 95.830320 |
Epoch 0015 [Test seq (cond on sampled tp)] | MAPE 0.059362 | RMSE 329.541403|
0.06330640614032745,0.060281556099653244,0.05449686944484711
279.17541808422175,344.3813520285325,365.06743811931517
Experiment 07-07_23:14
Epoch 0016 [Train seq (cond on sampled tp)] | Loss 2087963.358601 | MAPE 0.031842 | RMSE 114.673133 | Likelihood -2087960.543953 | KL fp 2.8146 | FP STD 0.2543|
Epoch 0016 [Val seq (cond on sampled tp)] |  MAPE 0.031814 | RMSE 93.454174 |
Epoch 0016 [Test seq (cond on sampled tp)] | MAPE 0.051327 | RMSE 329.606140|
0.05477330461144447,0.05388421565294266,0.045322585850954056
260.08090688283903,354.04401430118827,374.693499743457
Experiment 07-07_23:14
Epoch 0017 [Train seq (cond on sampled tp)] | Loss 1995356.401369 | MAPE 0.036536 | RMSE 102.453195 | Likelihood -1995353.570095 | KL fp 2.8313 | FP STD 0.2980|
Epoch 0017 [Val seq (cond on sampled tp)] |  MAPE 0.029184 | RMSE 85.761561 |
Epoch 0017 [Test seq (cond on sampled tp)] | MAPE 0.057601 | RMSE 344.754285|
0.05994218587875366,0.06092706695199013,0.051934853196144104
280.63752756001827,370.2548320076323,383.37049638698073
Experiment 07-07_23:14
Epoch 0018 [Train seq (cond on sampled tp)] | Loss 1999795.079797 | MAPE 0.036328 | RMSE 104.196603 | Likelihood -1999792.006744 | KL fp 3.0731 | FP STD 0.2305|
Epoch 0018 [Val seq (cond on sampled tp)] |  MAPE 0.032289 | RMSE 77.815616 |
Epoch 0018 [Test seq (cond on sampled tp)] | MAPE 0.052487 | RMSE 321.694835|
0.05671171098947525,0.04760989919304848,0.05313965678215027
256.072575771987,321.67696577855867,387.3349648560016
Experiment 07-07_23:14
Epoch 0019 [Train seq (cond on sampled tp)] | Loss 2048199.743690 | MAPE 0.029039 | RMSE 110.446005 | Likelihood -2048196.645005 | KL fp 3.0987 | FP STD 0.2102|
Epoch 0019 [Val seq (cond on sampled tp)] |  MAPE 0.028161 | RMSE 84.487289 |
Epoch 0019 [Test seq (cond on sampled tp)] | MAPE 0.057126 | RMSE 329.043393|
0.058683957904577255,0.0588168241083622,0.05387577414512634
243.9012751734808,348.747916660444,394.4809881350431
Experiment 07-07_23:14
Epoch 0020 [Train seq (cond on sampled tp)] | Loss 2003490.539425 | MAPE 0.031518 | RMSE 103.729939 | Likelihood -2003487.344663 | KL fp 3.1948 | FP STD 0.2427|
Epoch 0020 [Val seq (cond on sampled tp)] |  MAPE 0.031492 | RMSE 91.251841 |
Epoch 0020 [Test seq (cond on sampled tp)] | MAPE 0.059295 | RMSE 330.108546|
0.06168719753623009,0.0590178556740284,0.05717868730425835
276.45740234708853,358.2045505015256,355.663684187745
Experiment 07-07_23:14
Epoch 0021 [Train seq (cond on sampled tp)] | Loss 2006894.333182 | MAPE 0.037092 | RMSE 105.653979 | Likelihood -2006891.217274 | KL fp 3.1159 | FP STD 0.2007|
Epoch 0021 [Val seq (cond on sampled tp)] |  MAPE 0.031597 | RMSE 88.609288 |
Epoch 0021 [Test seq (cond on sampled tp)] | MAPE 0.062371 | RMSE 330.789745|
0.06980295479297638,0.06162465363740921,0.05568476393818855
268.21188860209014,346.7789731947426,377.37837444665536
Experiment 07-07_23:14
Epoch 0022 [Train seq (cond on sampled tp)] | Loss 2017292.951124 | MAPE 0.031822 | RMSE 107.517277 | Likelihood -2017290.030609 | KL fp 2.9205 | FP STD 0.2516|
Epoch 0022 [Val seq (cond on sampled tp)] |  MAPE 0.030588 | RMSE 98.996380 |
Epoch 0022 [Test seq (cond on sampled tp)] | MAPE 0.056154 | RMSE 280.048708|
0.05989471822977066,0.0567973256111145,0.05176987498998642
232.2584094279473,291.8789614292198,316.0087518566535
Experiment 07-07_23:14
Epoch 0023 [Train seq (cond on sampled tp)] | Loss 1977218.261973 | MAPE 0.035843 | RMSE 99.914002 | Likelihood -1977215.162068 | KL fp 3.0999 | FP STD 0.2144|
Epoch 0023 [Val seq (cond on sampled tp)] |  MAPE 0.025870 | RMSE 95.823339 |
Best Val!
Epoch 0023 [Test seq (cond on sampled tp)] | MAPE 0.058545 | RMSE 323.917586|
0.05877960845828056,0.06274276226758957,0.05411398410797119
274.391813266176,350.8541252251425,346.5068203693832
Experiment 07-07_23:14
Epoch 0024 [Train seq (cond on sampled tp)] | Loss 1977329.566570 | MAPE 0.032928 | RMSE 99.442075 | Likelihood -1977326.641915 | KL fp 2.9247 | FP STD 0.2308|
Epoch 0024 [Val seq (cond on sampled tp)] |  MAPE 0.031748 | RMSE 80.536546 |
Epoch 0024 [Test seq (cond on sampled tp)] | MAPE 0.061201 | RMSE 264.399129|
0.06282217800617218,0.05895723029971123,0.06182248145341873
212.46161418006784,279.39962139827605,301.33615210010896
Experiment 07-07_23:14
Epoch 0025 [Train seq (cond on sampled tp)] | Loss 1931287.611476 | MAPE 0.036116 | RMSE 92.597193 | Likelihood -1931284.732409 | KL fp 2.8791 | FP STD 0.2470|
Epoch 0025 [Val seq (cond on sampled tp)] |  MAPE 0.043911 | RMSE 77.845127 |
Epoch 0025 [Test seq (cond on sampled tp)] | MAPE 0.077457 | RMSE 274.859109|
0.07782801240682602,0.0743667483329773,0.0801776647567749
207.21112233359966,303.79446690978426,313.5717372069747
Experiment 07-07_23:14
Epoch 0026 [Train seq (cond on sampled tp)] | Loss 1932325.030841 | MAPE 0.039354 | RMSE 91.298290 | Likelihood -1932321.865252 | KL fp 3.1656 | FP STD 0.2018|
Epoch 0026 [Val seq (cond on sampled tp)] |  MAPE 0.037159 | RMSE 95.464280 |
Epoch 0026 [Test seq (cond on sampled tp)] | MAPE 0.062531 | RMSE 313.144376|
0.06597474217414856,0.061454009264707565,0.06016373634338379
264.280036135914,336.2281591419731,338.92493176955867
Experiment 07-07_23:14
Epoch 0027 [Train seq (cond on sampled tp)] | Loss 2003099.645554 | MAPE 0.061915 | RMSE 104.216492 | Likelihood -2003096.775760 | KL fp 2.8698 | FP STD 0.2138|
Epoch 0027 [Val seq (cond on sampled tp)] |  MAPE 0.026759 | RMSE 82.001036 |
Epoch 0027 [Test seq (cond on sampled tp)] | MAPE 0.053588 | RMSE 269.442099|
0.058035485446453094,0.05425131320953369,0.048476677387952805
206.04624405094114,296.7873423219056,305.4927116561048
Experiment 07-07_23:14
Epoch 0028 [Train seq (cond on sampled tp)] | Loss 1970643.539624 | MAPE 0.036368 | RMSE 97.157182 | Likelihood -1970640.569609 | KL fp 2.9700 | FP STD 0.2092|
Epoch 0028 [Val seq (cond on sampled tp)] |  MAPE 0.031396 | RMSE 83.534822 |
Epoch 0028 [Test seq (cond on sampled tp)] | MAPE 0.047972 | RMSE 267.434016|
0.0483899861574173,0.04872283712029457,0.04680175706744194
210.4621774215025,286.29547946570864,305.5443912101808
0.0483899861574173,0.04872283712029457,0.04680175706744194
210.4621774215025,286.29547946570864,305.5443912101808
Epoch 0028 [Test seq (cond on sampled tp)] | Best Test MAPE 0.047972|Best Test RMSE 267.434016|
Experiment 07-07_23:14
Epoch 0029 [Train seq (cond on sampled tp)] | Loss 1971217.318326 | MAPE 0.116302 | RMSE 98.193803 | Likelihood -1971214.055677 | KL fp 3.2626 | FP STD 0.1832|
Epoch 0029 [Val seq (cond on sampled tp)] |  MAPE 0.029364 | RMSE 95.362420 |
Epoch 0029 [Test seq (cond on sampled tp)] | MAPE 0.052529 | RMSE 283.812514|
0.05984387919306755,0.05505947023630142,0.042682819068431854
219.15270967124727,314.4561401252963,317.8286930486296
Experiment 07-07_23:14
Epoch 0030 [Train seq (cond on sampled tp)] | Loss 1959640.337637 | MAPE 0.064528 | RMSE 98.830185 | Likelihood -1959637.185611 | KL fp 3.1520 | FP STD 0.1937|
Epoch 0030 [Val seq (cond on sampled tp)] |  MAPE 0.026288 | RMSE 84.269410 |
Epoch 0030 [Test seq (cond on sampled tp)] | MAPE 0.045471 | RMSE 287.701231|
0.04676367715001106,0.04706116020679474,0.042588070034980774
221.95930616613038,324.3268991311082,316.81748738429826
0.04676367715001106,0.04706116020679474,0.042588070034980774
221.95930616613038,324.3268991311082,316.81748738429826
Epoch 0030 [Test seq (cond on sampled tp)] | Best Test MAPE 0.045471|Best Test RMSE 287.701231|
Experiment 07-07_23:14
Epoch 0031 [Train seq (cond on sampled tp)] | Loss 1929935.858156 | MAPE 0.035261 | RMSE 94.320519 | Likelihood -1929932.852583 | KL fp 3.0056 | FP STD 0.2093|
Epoch 0031 [Val seq (cond on sampled tp)] |  MAPE 0.034993 | RMSE 84.571167 |
Epoch 0031 [Test seq (cond on sampled tp)] | MAPE 0.056512 | RMSE 255.214755|
0.05822012200951576,0.05329667776823044,0.058019060641527176
184.06584249936216,271.78494198078744,309.7934795956816
Experiment 07-07_23:14
Epoch 0032 [Train seq (cond on sampled tp)] | Loss 1938419.410567 | MAPE 0.059196 | RMSE 92.983654 | Likelihood -1938416.683339 | KL fp 2.7272 | FP STD 0.2963|
Epoch 0032 [Val seq (cond on sampled tp)] |  MAPE 0.023456 | RMSE 83.396531 |
Best Val!
Epoch 0032 [Test seq (cond on sampled tp)] | MAPE 0.053758 | RMSE 277.497958|
0.05751226469874382,0.056039851158857346,0.04772154614329338
245.0005978946786,285.26144806124785,302.23182844465606
Experiment 07-07_23:14
Epoch 0033 [Train seq (cond on sampled tp)] | Loss 1941049.709630 | MAPE 0.043428 | RMSE 92.610956 | Likelihood -1941046.668898 | KL fp 3.0407 | FP STD 0.2233|
Epoch 0033 [Val seq (cond on sampled tp)] |  MAPE 0.033451 | RMSE 85.269071 |
Epoch 0033 [Test seq (cond on sampled tp)] | MAPE 0.052742 | RMSE 281.283998|
0.056862592697143555,0.048792753368616104,0.05257141590118408
242.60331240009893,298.24901770584256,302.9996648100456
Experiment 07-07_23:14
Epoch 0034 [Train seq (cond on sampled tp)] | Loss 1953362.462894 | MAPE 0.046577 | RMSE 94.959255 | Likelihood -1953359.645950 | KL fp 2.8169 | FP STD 0.2263|
Epoch 0034 [Val seq (cond on sampled tp)] |  MAPE 0.037322 | RMSE 92.989058 |
Epoch 0034 [Test seq (cond on sampled tp)] | MAPE 0.052450 | RMSE 282.221892|
0.05363483726978302,0.05447804927825928,0.04923834651708603
241.659456609399,302.7853638511941,302.2208551911995
Experiment 07-07_23:14
Epoch 0035 [Train seq (cond on sampled tp)] | Loss 1942316.371839 | MAPE 0.078743 | RMSE 92.771589 | Likelihood -1942313.186506 | KL fp 3.1853 | FP STD 0.2335|
Epoch 0035 [Val seq (cond on sampled tp)] |  MAPE 0.026570 | RMSE 92.759439 |
Epoch 0035 [Test seq (cond on sampled tp)] | MAPE 0.051196 | RMSE 295.499129|
0.05105878412723541,0.05189704895019531,0.050633057951927185
258.4424500735125,310.34432742117264,317.71060928146545
Experiment 07-07_23:14
Epoch 0036 [Train seq (cond on sampled tp)] | Loss 1922226.468317 | MAPE 0.062852 | RMSE 90.523547 | Likelihood -1922223.612866 | KL fp 2.8555 | FP STD 0.2485|
Epoch 0036 [Val seq (cond on sampled tp)] |  MAPE 0.036811 | RMSE 78.367483 |
Epoch 0036 [Test seq (cond on sampled tp)] | MAPE 0.060699 | RMSE 247.108597|
0.06404014676809311,0.06056699529290199,0.05748971924185753
203.17829108630184,241.70041341245158,296.44708634088477
Experiment 07-07_23:14
Epoch 0037 [Train seq (cond on sampled tp)] | Loss 1959194.805299 | MAPE 0.057300 | RMSE 96.867751 | Likelihood -1959192.006329 | KL fp 2.7990 | FP STD 0.2056|
Epoch 0037 [Val seq (cond on sampled tp)] |  MAPE 0.032506 | RMSE 87.271020 |
Epoch 0037 [Test seq (cond on sampled tp)] | MAPE 0.056844 | RMSE 277.917992|
0.05486821010708809,0.05694931373000145,0.058715857565402985
203.94752695240018,279.90827180524695,349.8981771530112
Experiment 07-07_23:14
Epoch 0038 [Train seq (cond on sampled tp)] | Loss 1931580.431362 | MAPE 0.095996 | RMSE 94.229392 | Likelihood -1931577.174799 | KL fp 3.2566 | FP STD 0.1564|
Epoch 0038 [Val seq (cond on sampled tp)] |  MAPE 0.025201 | RMSE 85.239856 |
Epoch 0038 [Test seq (cond on sampled tp)] | MAPE 0.050580 | RMSE 285.415756|
0.04926379397511482,0.0548221580684185,0.047654684633016586
243.5379446179794,306.3870101685122,306.32231289117675
Experiment 07-07_23:14
Epoch 0039 [Train seq (cond on sampled tp)] | Loss 1911943.570247 | MAPE 0.040796 | RMSE 90.511772 | Likelihood -1911940.231276 | KL fp 3.3390 | FP STD 0.1447|
Epoch 0039 [Val seq (cond on sampled tp)] |  MAPE 0.034702 | RMSE 87.701119 |
Epoch 0039 [Test seq (cond on sampled tp)] | MAPE 0.062093 | RMSE 285.768409|
0.06435178965330124,0.06372019648551941,0.05820586904883385
254.67922532570262,274.41091735297266,328.2150828724969
Experiment 07-07_23:14
Epoch 0040 [Train seq (cond on sampled tp)] | Loss 1944923.452596 | MAPE 0.044010 | RMSE 93.509851 | Likelihood -1944920.625821 | KL fp 2.8268 | FP STD 0.1823|
Epoch 0040 [Val seq (cond on sampled tp)] |  MAPE 0.035592 | RMSE 97.249071 |
Epoch 0040 [Test seq (cond on sampled tp)] | MAPE 0.058512 | RMSE 307.786484|
0.06287359446287155,0.0546882338821888,0.05797498673200607
276.43852447244035,322.79313228444005,324.12779597714234
Experiment 07-07_23:14
Epoch 0041 [Train seq (cond on sampled tp)] | Loss 1904601.654382 | MAPE 0.075865 | RMSE 87.698354 | Likelihood -1904598.944719 | KL fp 2.7097 | FP STD 0.2505|
Epoch 0041 [Val seq (cond on sampled tp)] |  MAPE 0.026768 | RMSE 86.953854 |
Epoch 0041 [Test seq (cond on sampled tp)] | MAPE 0.048967 | RMSE 251.519728|
0.0564664751291275,0.04525991901755333,0.045173242688179016
218.70511146575885,243.13699359877344,292.7170802370439
Experiment 07-07_23:14
Epoch 0042 [Train seq (cond on sampled tp)] | Loss 1894416.254735 | MAPE 0.053927 | RMSE 87.700924 | Likelihood -1894413.333884 | KL fp 2.9209 | FP STD 0.1980|
Epoch 0042 [Val seq (cond on sampled tp)] |  MAPE 0.036383 | RMSE 88.141873 |
Epoch 0042 [Test seq (cond on sampled tp)] | MAPE 0.058834 | RMSE 287.154445|
0.06159433349967003,0.05832398682832718,0.056582897901535034
263.11763647653873,269.63043283817206,328.7152667012897
Experiment 07-07_23:14
Epoch 0043 [Train seq (cond on sampled tp)] | Loss 1901705.676050 | MAPE 0.062887 | RMSE 86.037160 | Likelihood -1901702.646993 | KL fp 3.0291 | FP STD 0.2117|
Epoch 0043 [Val seq (cond on sampled tp)] |  MAPE 0.025172 | RMSE 83.299045 |
Epoch 0043 [Test seq (cond on sampled tp)] | MAPE 0.050619 | RMSE 277.385997|
0.05550308898091316,0.053035471588373184,0.0433189757168293
229.96782213768518,282.8487200563227,319.341448824765
Experiment 07-07_23:14
Epoch 0044 [Train seq (cond on sampled tp)] | Loss 1909915.046945 | MAPE 0.069940 | RMSE 89.683830 | Likelihood -1909912.084134 | KL fp 2.9628 | FP STD 0.2366|
Epoch 0044 [Val seq (cond on sampled tp)] |  MAPE 0.028079 | RMSE 84.064852 |
Epoch 0044 [Test seq (cond on sampled tp)] | MAPE 0.044731 | RMSE 266.056073|
0.044237393885850906,0.042322710156440735,0.047633785754442215
202.36790637660408,266.8449339035688,328.95537786301657
0.044237393885850906,0.042322710156440735,0.047633785754442215
202.36790637660408,266.8449339035688,328.95537786301657
Epoch 0044 [Test seq (cond on sampled tp)] | Best Test MAPE 0.044731|Best Test RMSE 266.056073|
Experiment 07-07_23:14
Epoch 0045 [Train seq (cond on sampled tp)] | Loss 1925118.367463 | MAPE 0.053406 | RMSE 91.533676 | Likelihood -1925115.354068 | KL fp 3.0134 | FP STD 0.1843|
Epoch 0045 [Val seq (cond on sampled tp)] |  MAPE 0.028639 | RMSE 86.459816 |
Epoch 0045 [Test seq (cond on sampled tp)] | MAPE 0.050211 | RMSE 261.205433|
0.046166468411684036,0.05285797640681267,0.05160978063941002
195.18037531024987,282.5168551387687,305.91906864806583
Experiment 07-07_23:14
Epoch 0046 [Train seq (cond on sampled tp)] | Loss 1930329.653743 | MAPE 0.103812 | RMSE 89.541349 | Likelihood -1930326.490896 | KL fp 3.1628 | FP STD 0.1993|
Epoch 0046 [Val seq (cond on sampled tp)] |  MAPE 0.023507 | RMSE 80.116136 |
Epoch 0046 [Test seq (cond on sampled tp)] | MAPE 0.043156 | RMSE 281.622152|
0.045573148876428604,0.045495737344026566,0.038399942219257355
225.71898146533889,311.6830070359948,307.46446695106084
0.045573148876428604,0.045495737344026566,0.038399942219257355
225.71898146533889,311.6830070359948,307.46446695106084
Epoch 0046 [Test seq (cond on sampled tp)] | Best Test MAPE 0.043156|Best Test RMSE 281.622152|
Experiment 07-07_23:14
Epoch 0047 [Train seq (cond on sampled tp)] | Loss 1925009.084926 | MAPE 0.057638 | RMSE 93.648428 | Likelihood -1925005.940932 | KL fp 3.1440 | FP STD 0.1729|
Epoch 0047 [Val seq (cond on sampled tp)] |  MAPE 0.024302 | RMSE 82.091683 |
Epoch 0047 [Test seq (cond on sampled tp)] | MAPE 0.046421 | RMSE 263.834783|
0.0510629266500473,0.04415970295667648,0.04403974488377571
215.19077655071558,268.94928657648455,307.3642866168742
Experiment 07-07_23:14
Epoch 0048 [Train seq (cond on sampled tp)] | Loss 1886913.669532 | MAPE 0.052879 | RMSE 86.286496 | Likelihood -1886910.295352 | KL fp 3.3742 | FP STD 0.1534|
Epoch 0048 [Val seq (cond on sampled tp)] |  MAPE 0.043090 | RMSE 88.039958 |
Epoch 0048 [Test seq (cond on sampled tp)] | MAPE 0.057242 | RMSE 268.623018|
0.06055388227105141,0.05468357354402542,0.05648740008473396
221.26664838492945,271.6126032605998,312.9898036478185
Experiment 07-07_23:14
Epoch 0049 [Train seq (cond on sampled tp)] | Loss 1923072.459085 | MAPE 0.101739 | RMSE 92.104271 | Likelihood -1923069.321351 | KL fp 3.1377 | FP STD 0.1765|
Epoch 0049 [Val seq (cond on sampled tp)] |  MAPE 0.025035 | RMSE 81.215930 |
Epoch 0049 [Test seq (cond on sampled tp)] | MAPE 0.052085 | RMSE 280.474053|
0.053599126636981964,0.0524420440196991,0.05021253600716591
225.12223242329932,301.5614054384281,314.7385199455256
Experiment 07-07_23:14
Epoch 0050 [Train seq (cond on sampled tp)] | Loss 1902404.330802 | MAPE 0.041816 | RMSE 87.229247 | Likelihood -1902401.073095 | KL fp 3.2577 | FP STD 0.1696|
Epoch 0050 [Val seq (cond on sampled tp)] |  MAPE 0.038578 | RMSE 80.044064 |
Epoch 0050 [Test seq (cond on sampled tp)] | MAPE 0.060055 | RMSE 299.388364|
0.06252369284629822,0.057859983295202255,0.0597824864089489
251.85243385264317,311.718359962162,334.5942972466805
Experiment 07-07_23:14
Epoch 0051 [Train seq (cond on sampled tp)] | Loss 1883107.341877 | MAPE 0.060239 | RMSE 85.643635 | Likelihood -1883104.637861 | KL fp 2.7040 | FP STD 0.2569|
Epoch 0051 [Val seq (cond on sampled tp)] |  MAPE 0.027020 | RMSE 83.061415 |
Epoch 0051 [Test seq (cond on sampled tp)] | MAPE 0.055411 | RMSE 266.703797|
0.045568231493234634,0.06559410691261292,0.05506982281804085
214.57471564410844,270.8563820320651,314.6802941081631
Experiment 07-07_23:14
Epoch 0052 [Train seq (cond on sampled tp)] | Loss 1920779.699984 | MAPE 0.083670 | RMSE 92.416227 | Likelihood -1920777.217270 | KL fp 2.4827 | FP STD 0.3228|
Epoch 0052 [Val seq (cond on sampled tp)] |  MAPE 0.025726 | RMSE 85.557486 |
Epoch 0052 [Test seq (cond on sampled tp)] | MAPE 0.055563 | RMSE 265.187027|
0.062312059104442596,0.05732087418437004,0.04705699160695076
231.5156750902625,287.61110624852444,276.4342993823306
Experiment 07-07_23:14
Epoch 0053 [Train seq (cond on sampled tp)] | Loss 1913885.530611 | MAPE 0.061459 | RMSE 90.971235 | Likelihood -1913882.430554 | KL fp 3.1001 | FP STD 0.1916|
Epoch 0053 [Val seq (cond on sampled tp)] |  MAPE 0.039439 | RMSE 91.863089 |
Epoch 0053 [Test seq (cond on sampled tp)] | MAPE 0.068649 | RMSE 309.296011|
0.06995409727096558,0.06473838537931442,0.07125305384397507
271.6055561379406,315.9078311984367,340.3746442341145
Experiment 07-07_23:14
Epoch 0054 [Train seq (cond on sampled tp)] | Loss 1937456.993971 | MAPE 0.068225 | RMSE 94.414317 | Likelihood -1937454.223168 | KL fp 2.7708 | FP STD 0.2244|
Epoch 0054 [Val seq (cond on sampled tp)] |  MAPE 0.029811 | RMSE 100.841373 |
Epoch 0054 [Test seq (cond on sampled tp)] | MAPE 0.059806 | RMSE 324.650601|
0.06417142599821091,0.06020878627896309,0.0550386980175972
276.6951870967401,329.944526587425,367.3120905646859
Experiment 07-07_23:14
Epoch 0055 [Train seq (cond on sampled tp)] | Loss 1942477.465404 | MAPE 0.072638 | RMSE 94.097855 | Likelihood -1942474.845053 | KL fp 2.6204 | FP STD 0.2571|
Epoch 0055 [Val seq (cond on sampled tp)] |  MAPE 0.034680 | RMSE 97.368737 |
Epoch 0055 [Test seq (cond on sampled tp)] | MAPE 0.060744 | RMSE 277.143674|
0.06248803064227104,0.056928250938653946,0.06281577050685883
230.45149299798427,279.2932626514646,321.68626748355297
Experiment 07-07_23:14
Epoch 0056 [Train seq (cond on sampled tp)] | Loss 1915616.716819 | MAPE 0.103428 | RMSE 89.611506 | Likelihood -1915613.568037 | KL fp 3.1488 | FP STD 0.2061|
Epoch 0056 [Val seq (cond on sampled tp)] |  MAPE 0.026245 | RMSE 92.522120 |
Epoch 0056 [Test seq (cond on sampled tp)] | MAPE 0.044336 | RMSE 264.202063|
0.04918202385306358,0.0443088561296463,0.03951677307486534
223.65345333238207,262.1791789501981,306.7735575713787
Experiment 07-07_23:14
Epoch 0057 [Train seq (cond on sampled tp)] | Loss 1903788.945019 | MAPE 0.057252 | RMSE 87.975708 | Likelihood -1903785.675860 | KL fp 3.2692 | FP STD 0.1827|
Epoch 0057 [Val seq (cond on sampled tp)] |  MAPE 0.032918 | RMSE 86.092786 |
Epoch 0057 [Test seq (cond on sampled tp)] | MAPE 0.047102 | RMSE 256.200543|
0.04871571436524391,0.04599708318710327,0.0465930737555027
194.2897421539542,257.9185160811453,316.39337165149334
Experiment 07-07_23:14
Epoch 0058 [Train seq (cond on sampled tp)] | Loss 1900839.093238 | MAPE 0.054098 | RMSE 87.344389 | Likelihood -1900835.952993 | KL fp 3.1402 | FP STD 0.1969|
Epoch 0058 [Val seq (cond on sampled tp)] |  MAPE 0.042984 | RMSE 91.531223 |
Epoch 0058 [Test seq (cond on sampled tp)] | MAPE 0.063875 | RMSE 248.200756|
0.06423474848270416,0.062382426112890244,0.065007284283638
204.67614472319434,235.23234856732608,304.69377557639734
Experiment 07-07_23:14
Epoch 0059 [Train seq (cond on sampled tp)] | Loss 1891658.364989 | MAPE 0.089660 | RMSE 84.459553 | Likelihood -1891655.231932 | KL fp 3.1331 | FP STD 0.2196|
Epoch 0059 [Val seq (cond on sampled tp)] |  MAPE 0.025780 | RMSE 89.221109 |
Epoch 0059 [Test seq (cond on sampled tp)] | MAPE 0.042151 | RMSE 281.900135|
0.04671422764658928,0.04417077824473381,0.03556795418262482
234.61610931476977,297.65578904163783,313.42850809634405
0.04671422764658928,0.04417077824473381,0.03556795418262482
234.61610931476977,297.65578904163783,313.42850809634405
Epoch 0059 [Test seq (cond on sampled tp)] | Best Test MAPE 0.042151|Best Test RMSE 281.900135|
Experiment 07-07_23:14
Epoch 0060 [Train seq (cond on sampled tp)] | Loss 1894647.657928 | MAPE 0.081312 | RMSE 86.667740 | Likelihood -1894644.325170 | KL fp 3.3328 | FP STD 0.1586|
Epoch 0060 [Val seq (cond on sampled tp)] |  MAPE 0.026486 | RMSE 87.582893 |
Epoch 0060 [Test seq (cond on sampled tp)] | MAPE 0.049237 | RMSE 256.596689|
0.05159812420606613,0.050370559096336365,0.045742299407720566
220.19630801287292,298.29482846254643,251.29893024792207
Experiment 07-07_23:14
Epoch 0061 [Train seq (cond on sampled tp)] | Loss 1875783.858446 | MAPE 0.051247 | RMSE 85.410940 | Likelihood -1875781.030460 | KL fp 2.8280 | FP STD 0.2363|
Epoch 0061 [Val seq (cond on sampled tp)] |  MAPE 0.028524 | RMSE 86.120759 |
Epoch 0061 [Test seq (cond on sampled tp)] | MAPE 0.060850 | RMSE 254.736733|
0.06329478323459625,0.058968935161828995,0.06028725951910019
223.68536077490631,229.80543740847386,310.71940215409785
Experiment 07-07_23:14
Epoch 0062 [Train seq (cond on sampled tp)] | Loss 1866001.902917 | MAPE 0.065934 | RMSE 82.126852 | Likelihood -1865998.712757 | KL fp 3.1902 | FP STD 0.1865|
Epoch 0062 [Val seq (cond on sampled tp)] |  MAPE 0.026485 | RMSE 89.338347 |
Epoch 0062 [Test seq (cond on sampled tp)] | MAPE 0.045713 | RMSE 248.072303|
0.04679512977600098,0.04229198396205902,0.04805302619934082
206.1834930650366,255.68180909090893,282.35160649002864
Experiment 07-07_23:14
Epoch 0063 [Train seq (cond on sampled tp)] | Loss 1945904.621848 | MAPE 0.089131 | RMSE 94.560325 | Likelihood -1945901.291784 | KL fp 3.3301 | FP STD 0.1982|
Epoch 0063 [Val seq (cond on sampled tp)] |  MAPE 0.027308 | RMSE 89.620977 |
Epoch 0063 [Test seq (cond on sampled tp)] | MAPE 0.047503 | RMSE 260.064505|
0.05180937796831131,0.04317496344447136,0.047523558139801025
228.805415077419,242.19904004764345,309.18906028512714
Experiment 07-07_23:14
Epoch 0064 [Train seq (cond on sampled tp)] | Loss 1866574.643180 | MAPE 0.071331 | RMSE 82.721291 | Likelihood -1866571.390722 | KL fp 3.2525 | FP STD 0.1903|
Epoch 0064 [Val seq (cond on sampled tp)] |  MAPE 0.029372 | RMSE 93.672077 |
Epoch 0064 [Test seq (cond on sampled tp)] | MAPE 0.063490 | RMSE 272.770462|
0.06370540708303452,0.06067097559571266,0.06609425693750381
212.16632810427294,282.06371177448545,324.0813458840234
Experiment 07-07_23:14
Epoch 0065 [Train seq (cond on sampled tp)] | Loss 1905673.559575 | MAPE 0.078066 | RMSE 89.973045 | Likelihood -1905670.617375 | KL fp 2.9422 | FP STD 0.1892|
Epoch 0065 [Val seq (cond on sampled tp)] |  MAPE 0.030207 | RMSE 87.602997 |
Epoch 0065 [Test seq (cond on sampled tp)] | MAPE 0.063586 | RMSE 285.231118|
0.06367652863264084,0.058559250086545944,0.06852120906114578
241.64531245453531,272.41373347814164,341.6343074107166
Experiment 07-07_23:14
Epoch 0066 [Train seq (cond on sampled tp)] | Loss 1881927.034756 | MAPE 0.086724 | RMSE 82.951525 | Likelihood -1881924.086950 | KL fp 2.9478 | FP STD 0.2153|
Epoch 0066 [Val seq (cond on sampled tp)] |  MAPE 0.029350 | RMSE 87.349203 |
Epoch 0066 [Test seq (cond on sampled tp)] | MAPE 0.053098 | RMSE 251.529684|
0.05206088721752167,0.0524895004928112,0.05474414303898811
212.801963762673,253.239742511913,288.547345010312
Experiment 07-07_23:14
Epoch 0067 [Train seq (cond on sampled tp)] | Loss 1881903.918041 | MAPE 0.068756 | RMSE 83.657136 | Likelihood -1881900.906053 | KL fp 3.0120 | FP STD 0.2098|
Epoch 0067 [Val seq (cond on sampled tp)] |  MAPE 0.039474 | RMSE 82.830711 |
Epoch 0067 [Test seq (cond on sampled tp)] | MAPE 0.064354 | RMSE 250.340589|
0.06102278456091881,0.06319508701562881,0.06884333491325378
208.63069195350909,252.921785711512,289.46928809460945
Experiment 07-07_23:14
Epoch 0068 [Train seq (cond on sampled tp)] | Loss 1881284.993646 | MAPE 0.086258 | RMSE 84.936575 | Likelihood -1881281.728522 | KL fp 3.2651 | FP STD 0.1708|
Epoch 0068 [Val seq (cond on sampled tp)] |  MAPE 0.031095 | RMSE 80.067635 |
Epoch 0068 [Test seq (cond on sampled tp)] | MAPE 0.052038 | RMSE 260.461486|
0.05081689730286598,0.04906581714749336,0.056230101734399796
210.04872946533146,262.0044578580677,309.3312721622242
Experiment 07-07_23:14
Epoch 0069 [Train seq (cond on sampled tp)] | Loss 1881225.501643 | MAPE 0.097359 | RMSE 84.889689 | Likelihood -1881222.021510 | KL fp 3.4801 | FP STD 0.1570|
Epoch 0069 [Val seq (cond on sampled tp)] |  MAPE 0.029522 | RMSE 90.929488 |
Epoch 0069 [Test seq (cond on sampled tp)] | MAPE 0.053030 | RMSE 278.539670|
0.05442066118121147,0.05329669266939163,0.051371991634368896
238.19430585920816,280.1993431023706,317.2253610408537
Experiment 07-07_23:14
Epoch 0070 [Train seq (cond on sampled tp)] | Loss 1911667.127902 | MAPE 0.068665 | RMSE 91.764382 | Likelihood -1911664.255715 | KL fp 2.8722 | FP STD 0.2189|
Epoch 0070 [Val seq (cond on sampled tp)] |  MAPE 0.031828 | RMSE 91.447683 |
Epoch 0070 [Test seq (cond on sampled tp)] | MAPE 0.059764 | RMSE 265.844838|
0.05709299072623253,0.0589975044131279,0.06320130079984665
213.76344986924215,262.10640134304236,321.66466428565013
Experiment 07-07_23:14
Epoch 0071 [Train seq (cond on sampled tp)] | Loss 1893689.554558 | MAPE 0.066645 | RMSE 84.603139 | Likelihood -1893686.343210 | KL fp 3.2113 | FP STD 0.2044|
Epoch 0071 [Val seq (cond on sampled tp)] |  MAPE 0.035523 | RMSE 80.529819 |
Epoch 0071 [Test seq (cond on sampled tp)] | MAPE 0.063534 | RMSE 269.936283|
0.06508968770503998,0.060821373015642166,0.06469164043664932
209.67679741688158,278.2691761137047,321.8628759852556
Experiment 07-07_23:14
Epoch 0072 [Train seq (cond on sampled tp)] | Loss 1907101.637880 | MAPE 0.066893 | RMSE 88.076994 | Likelihood -1907098.574902 | KL fp 3.0630 | FP STD 0.2184|
Epoch 0072 [Val seq (cond on sampled tp)] |  MAPE 0.041461 | RMSE 78.747604 |
Epoch 0072 [Test seq (cond on sampled tp)] | MAPE 0.068379 | RMSE 254.158909|
0.06507239490747452,0.06877133250236511,0.07129274308681488
207.1164848128946,262.1089497947371,293.2512920900776
Experiment 07-07_23:14
Epoch 0073 [Train seq (cond on sampled tp)] | Loss 1897120.678878 | MAPE 0.070607 | RMSE 87.402508 | Likelihood -1897117.555807 | KL fp 3.1231 | FP STD 0.2163|
Epoch 0073 [Val seq (cond on sampled tp)] |  MAPE 0.036535 | RMSE 84.309682 |
Epoch 0073 [Test seq (cond on sampled tp)] | MAPE 0.057928 | RMSE 262.274732|
0.06218136474490166,0.0570559948682785,0.05454812943935394
240.62338473483828,270.46421320574,275.7365987224039
Experiment 07-07_23:14
Epoch 0074 [Train seq (cond on sampled tp)] | Loss 1902426.038737 | MAPE 0.097949 | RMSE 86.385349 | Likelihood -1902422.890199 | KL fp 3.1485 | FP STD 0.2275|
Epoch 0074 [Val seq (cond on sampled tp)] |  MAPE 0.030034 | RMSE 75.456479 |
Epoch 0074 [Test seq (cond on sampled tp)] | MAPE 0.044855 | RMSE 254.935400|
0.05100136995315552,0.044459760189056396,0.03910261392593384
236.69217878924516,228.2562037081358,299.85781786956966
Experiment 07-07_23:14
Epoch 0075 [Train seq (cond on sampled tp)] | Loss 1924840.156584 | MAPE 0.068056 | RMSE 91.058565 | Likelihood -1924837.013415 | KL fp 3.1432 | FP STD 0.2054|
Epoch 0075 [Val seq (cond on sampled tp)] |  MAPE 0.035512 | RMSE 77.223948 |
Epoch 0075 [Test seq (cond on sampled tp)] | MAPE 0.065137 | RMSE 262.986143|
0.06729741394519806,0.06413178145885468,0.06398104876279831
223.88273821076515,264.60254687455296,300.4731425185952
Experiment 07-07_23:14
Epoch 0076 [Train seq (cond on sampled tp)] | Loss 1878480.899662 | MAPE 0.078606 | RMSE 81.698375 | Likelihood -1878477.856842 | KL fp 3.0428 | FP STD 0.2421|
Epoch 0076 [Val seq (cond on sampled tp)] |  MAPE 0.028002 | RMSE 82.585562 |
Epoch 0076 [Test seq (cond on sampled tp)] | MAPE 0.052268 | RMSE 265.449596|
0.053796276450157166,0.049833860248327255,0.05317500978708267
228.79730555941867,262.71415371559254,304.8373285458984
Experiment 07-07_23:14
Epoch 0077 [Train seq (cond on sampled tp)] | Loss 1890280.778244 | MAPE 0.068904 | RMSE 84.291742 | Likelihood -1890277.782755 | KL fp 2.9955 | FP STD 0.2211|
Epoch 0077 [Val seq (cond on sampled tp)] |  MAPE 0.027400 | RMSE 85.069695 |
Epoch 0077 [Test seq (cond on sampled tp)] | MAPE 0.043146 | RMSE 275.632280|
0.04311337694525719,0.045062482357025146,0.0412607342004776
212.8647237684065,289.67179703933897,324.3603199953718
Experiment 07-07_23:14
Epoch 0078 [Train seq (cond on sampled tp)] | Loss 1899912.492532 | MAPE 0.067126 | RMSE 89.301898 | Likelihood -1899909.558945 | KL fp 2.9336 | FP STD 0.2332|
Epoch 0078 [Val seq (cond on sampled tp)] |  MAPE 0.024763 | RMSE 84.351947 |
Epoch 0078 [Test seq (cond on sampled tp)] | MAPE 0.049048 | RMSE 273.810239|
0.04678003117442131,0.0479782335460186,0.05238628387451172
247.43964699750524,259.9306548148948,314.06041665975675
Experiment 07-07_23:14
Epoch 0079 [Train seq (cond on sampled tp)] | Loss 1893227.466070 | MAPE 0.064830 | RMSE 84.599021 | Likelihood -1893224.492177 | KL fp 2.9739 | FP STD 0.2286|
Epoch 0079 [Val seq (cond on sampled tp)] |  MAPE 0.023434 | RMSE 83.382326 |
Best Val!
Epoch 0079 [Test seq (cond on sampled tp)] | MAPE 0.050146 | RMSE 261.494548|
0.04230295121669769,0.05349764600396156,0.05463714897632599
222.9605311204205,249.9770692608624,311.54604394856307
Experiment 07-07_23:14
Epoch 0080 [Train seq (cond on sampled tp)] | Loss 1876866.790333 | MAPE 0.065529 | RMSE 79.491053 | Likelihood -1876863.621730 | KL fp 3.1686 | FP STD 0.2004|
Epoch 0080 [Val seq (cond on sampled tp)] |  MAPE 0.027232 | RMSE 78.377561 |
Epoch 0080 [Test seq (cond on sampled tp)] | MAPE 0.051995 | RMSE 241.325177|
0.04996025562286377,0.05017782002687454,0.05584613233804703
197.78439768786112,238.77507230917135,287.4160611161109
Experiment 07-07_23:14
Epoch 0081 [Train seq (cond on sampled tp)] | Loss 1886287.991910 | MAPE 0.061736 | RMSE 85.193848 | Likelihood -1886284.610339 | KL fp 3.3816 | FP STD 0.1654|
Epoch 0081 [Val seq (cond on sampled tp)] |  MAPE 0.034677 | RMSE 82.055964 |
Epoch 0081 [Test seq (cond on sampled tp)] | MAPE 0.061604 | RMSE 253.165677|
0.06175670400261879,0.06248344108462334,0.060571443289518356
220.90140263814533,258.7547402947432,279.8408867106449
Experiment 07-07_23:14
Epoch 0082 [Train seq (cond on sampled tp)] | Loss 1892845.184323 | MAPE 0.062935 | RMSE 86.203091 | Likelihood -1892841.961791 | KL fp 3.2225 | FP STD 0.1794|
Epoch 0082 [Val seq (cond on sampled tp)] |  MAPE 0.023998 | RMSE 76.913253 |
Epoch 0082 [Test seq (cond on sampled tp)] | MAPE 0.050612 | RMSE 274.877055|
0.05145345628261566,0.051616668701171875,0.048765286803245544
219.28793678346742,285.2187893749288,320.12443869532984
Experiment 07-07_23:14
Epoch 0083 [Train seq (cond on sampled tp)] | Loss 1900394.587206 | MAPE 0.056779 | RMSE 85.731060 | Likelihood -1900391.547162 | KL fp 3.0400 | FP STD 0.2156|
Epoch 0083 [Val seq (cond on sampled tp)] |  MAPE 0.032240 | RMSE 79.823762 |
Epoch 0083 [Test seq (cond on sampled tp)] | MAPE 0.052220 | RMSE 277.287501|
0.046599674969911575,0.04971832036972046,0.060342058539390564
244.24150765686818,286.9365810810814,300.68441460690974
Experiment 07-07_23:14
Epoch 0084 [Train seq (cond on sampled tp)] | Loss 1926742.523304 | MAPE 0.084172 | RMSE 91.084644 | Likelihood -1926739.493899 | KL fp 3.0294 | FP STD 0.2187|
Epoch 0084 [Val seq (cond on sampled tp)] |  MAPE 0.025394 | RMSE 79.950632 |
Epoch 0084 [Test seq (cond on sampled tp)] | MAPE 0.046409 | RMSE 294.370964|
0.04221619665622711,0.0462503507733345,0.05075984448194504
248.68965976694727,310.3331249439866,324.09010851536334
Experiment 07-07_23:14
Epoch 0085 [Train seq (cond on sampled tp)] | Loss 1894941.421819 | MAPE 0.066420 | RMSE 86.621489 | Likelihood -1894938.348990 | KL fp 3.0728 | FP STD 0.2059|
Epoch 0085 [Val seq (cond on sampled tp)] |  MAPE 0.030884 | RMSE 85.216656 |
Epoch 0085 [Test seq (cond on sampled tp)] | MAPE 0.055076 | RMSE 262.051471|
0.04994654655456543,0.05432729050517082,0.06095368415117264
218.54571711371972,246.0069549321726,321.6017408029689
Experiment 07-07_23:14
Epoch 0086 [Train seq (cond on sampled tp)] | Loss 1901277.936964 | MAPE 0.069235 | RMSE 87.566720 | Likelihood -1901275.026565 | KL fp 2.9104 | FP STD 0.2206|
Epoch 0086 [Val seq (cond on sampled tp)] |  MAPE 0.025311 | RMSE 77.455191 |
Epoch 0086 [Test seq (cond on sampled tp)] | MAPE 0.055349 | RMSE 251.803702|
0.04979567602276802,0.056180618703365326,0.06006932258605957
204.7191864786982,231.3574919091664,319.3344274620261
Experiment 07-07_23:14
Epoch 0087 [Train seq (cond on sampled tp)] | Loss 1892016.640882 | MAPE 0.064259 | RMSE 84.719157 | Likelihood -1892013.510715 | KL fp 3.1302 | FP STD 0.1959|
Epoch 0087 [Val seq (cond on sampled tp)] |  MAPE 0.025047 | RMSE 84.946180 |
Epoch 0087 [Test seq (cond on sampled tp)] | MAPE 0.042611 | RMSE 255.336094|
0.04601306468248367,0.040384501218795776,0.041435692459344864
218.9323614869442,239.94000715022494,307.1359125045458
Experiment 07-07_23:14
Epoch 0088 [Train seq (cond on sampled tp)] | Loss 1883030.007081 | MAPE 0.063914 | RMSE 83.892973 | Likelihood -1883026.826068 | KL fp 3.1810 | FP STD 0.1736|
Epoch 0088 [Val seq (cond on sampled tp)] |  MAPE 0.029371 | RMSE 98.947849 |
Epoch 0088 [Test seq (cond on sampled tp)] | MAPE 0.052674 | RMSE 300.751991|
0.05396571010351181,0.050890665501356125,0.05316705256700516
273.6008155141355,292.9474275574032,335.70772956174244
Experiment 07-07_23:14
Epoch 0089 [Train seq (cond on sampled tp)] | Loss 1898461.918836 | MAPE 0.064508 | RMSE 86.936610 | Likelihood -1898458.885085 | KL fp 3.0338 | FP STD 0.1901|
Epoch 0089 [Val seq (cond on sampled tp)] |  MAPE 0.024820 | RMSE 83.945728 |
Epoch 0089 [Test seq (cond on sampled tp)] | MAPE 0.047846 | RMSE 275.285957|
0.05252966657280922,0.04442789778113365,0.04658021777868271
238.4178563336857,256.49588812493664,330.9441276484597
Experiment 07-07_23:14
Epoch 0090 [Train seq (cond on sampled tp)] | Loss 1884482.837486 | MAPE 0.065687 | RMSE 82.545781 | Likelihood -1884479.440238 | KL fp 3.3972 | FP STD 0.1479|
Epoch 0090 [Val seq (cond on sampled tp)] |  MAPE 0.023732 | RMSE 83.967442 |
Epoch 0090 [Test seq (cond on sampled tp)] | MAPE 0.044669 | RMSE 252.822447|
0.05300230532884598,0.043257687240839005,0.03774665296077728
220.86376067895338,236.36160558294995,301.2419734407873
Experiment 07-07_23:14
Epoch 0091 [Train seq (cond on sampled tp)] | Loss 1870056.800741 | MAPE 0.059519 | RMSE 82.137811 | Likelihood -1870053.602911 | KL fp 3.1978 | FP STD 0.1623|
Epoch 0091 [Val seq (cond on sampled tp)] |  MAPE 0.025823 | RMSE 87.553081 |
Epoch 0091 [Test seq (cond on sampled tp)] | MAPE 0.043150 | RMSE 265.834162|
0.04606937617063522,0.03965487331151962,0.04372525215148926
229.88779532089129,257.49648055847285,310.1182108285484
Experiment 07-07_23:14
Epoch 0092 [Train seq (cond on sampled tp)] | Loss 1893018.056684 | MAPE 0.064111 | RMSE 87.214946 | Likelihood -1893014.814578 | KL fp 3.2421 | FP STD 0.1505|
Epoch 0092 [Val seq (cond on sampled tp)] |  MAPE 0.030298 | RMSE 81.914083 |
Epoch 0092 [Test seq (cond on sampled tp)] | MAPE 0.044025 | RMSE 242.997815|
0.0453944094479084,0.0399535708129406,0.04672747477889061
182.7607191623791,238.09531475073172,308.1374110076542
Experiment 07-07_23:14
Epoch 0093 [Train seq (cond on sampled tp)] | Loss 1876470.922681 | MAPE 0.062084 | RMSE 81.476753 | Likelihood -1876467.889989 | KL fp 3.0327 | FP STD 0.1786|
Epoch 0093 [Val seq (cond on sampled tp)] |  MAPE 0.022766 | RMSE 81.238884 |
Best Val!
Epoch 0093 [Test seq (cond on sampled tp)] | MAPE 0.048915 | RMSE 266.130835|
0.04674738273024559,0.0516364723443985,0.04836089164018631
229.79080160006404,272.0025275617857,296.59917449733405
Experiment 07-07_23:14
Epoch 0094 [Train seq (cond on sampled tp)] | Loss 1863342.862619 | MAPE 0.067310 | RMSE 78.657023 | Likelihood -1863339.637352 | KL fp 3.2253 | FP STD 0.1770|
Epoch 0094 [Val seq (cond on sampled tp)] |  MAPE 0.024014 | RMSE 84.182700 |
Epoch 0094 [Test seq (cond on sampled tp)] | MAPE 0.055006 | RMSE 265.092791|
0.05342333763837814,0.054947059601545334,0.056647881865501404
232.95174527141882,268.871643981845,293.45498483583475
Experiment 07-07_23:14
Epoch 0095 [Train seq (cond on sampled tp)] | Loss 1904421.152488 | MAPE 0.064150 | RMSE 89.323375 | Likelihood -1904417.775192 | KL fp 3.3773 | FP STD 0.1568|
Epoch 0095 [Val seq (cond on sampled tp)] |  MAPE 0.029374 | RMSE 86.285882 |
Epoch 0095 [Test seq (cond on sampled tp)] | MAPE 0.057988 | RMSE 254.525045|
0.056615691632032394,0.05554522946476936,0.06180235370993614
209.48932513078083,235.09150479121953,318.9943058857007
Experiment 07-07_23:14
Epoch 0096 [Train seq (cond on sampled tp)] | Loss 1874593.125234 | MAPE 0.061088 | RMSE 84.186344 | Likelihood -1874589.909406 | KL fp 3.2158 | FP STD 0.1514|
Epoch 0096 [Val seq (cond on sampled tp)] |  MAPE 0.038513 | RMSE 82.318049 |
Epoch 0096 [Test seq (cond on sampled tp)] | MAPE 0.062403 | RMSE 266.072663|
0.0611083097755909,0.06254599243402481,0.06355390697717667
198.50917996719951,269.3578010750756,330.3510088716243
Experiment 07-07_23:14
Epoch 0097 [Train seq (cond on sampled tp)] | Loss 1877586.565456 | MAPE 0.072772 | RMSE 80.697923 | Likelihood -1877583.229075 | KL fp 3.3364 | FP STD 0.1579|
Epoch 0097 [Val seq (cond on sampled tp)] |  MAPE 0.028526 | RMSE 106.286271 |
Epoch 0097 [Test seq (cond on sampled tp)] | MAPE 0.047385 | RMSE 308.125701|
0.05189122259616852,0.04520633444190025,0.04505746439099312
270.156306029491,304.9706056532334,349.25019013953306
Experiment 07-07_23:14
Epoch 0098 [Train seq (cond on sampled tp)] | Loss 1907333.340484 | MAPE 0.066989 | RMSE 88.965191 | Likelihood -1907330.353810 | KL fp 2.9867 | FP STD 0.1928|
Epoch 0098 [Val seq (cond on sampled tp)] |  MAPE 0.030345 | RMSE 96.722637 |
Epoch 0098 [Test seq (cond on sampled tp)] | MAPE 0.066985 | RMSE 318.090236|
0.06301356106996536,0.06636819988489151,0.07157275825738907
290.86898360774046,322.99544066054557,340.406282991369
Experiment 07-07_23:14
Epoch 0099 [Train seq (cond on sampled tp)] | Loss 1887980.174780 | MAPE 0.073270 | RMSE 81.786751 | Likelihood -1887977.055309 | KL fp 3.1195 | FP STD 0.2156|
Epoch 0099 [Val seq (cond on sampled tp)] |  MAPE 0.036014 | RMSE 88.051901 |
Epoch 0099 [Test seq (cond on sampled tp)] | MAPE 0.058592 | RMSE 273.643430|
0.05967937409877777,0.05799678713083267,0.05809970200061798
231.28136611603625,283.14761223167676,306.5013127011041
Experiment 07-07_23:14
Epoch 0100 [Train seq (cond on sampled tp)] | Loss 1934266.922182 | MAPE 0.081196 | RMSE 95.502262 | Likelihood -1934263.738549 | KL fp 3.1836 | FP STD 0.1751|
Epoch 0100 [Val seq (cond on sampled tp)] |  MAPE 0.030941 | RMSE 85.607905 |
Epoch 0100 [Test seq (cond on sampled tp)] | MAPE 0.055902 | RMSE 255.676258|
0.052503593266010284,0.055403660982847214,0.059798259288072586
214.74949978114034,241.09390189560997,311.18537230644375
