/nvme/yuanjingyang/CG-ODE/run_models_covid.py
run_models_covid.py --heavyBall --gamma_guess -3.0 --corr 1
Namespace(save='experiments/', load=None, dataset='Dec', datapath='data/', pred_length=14, condition_length=21, features='Confirmed,Deaths,Recovered,Mortality_Rate,Testing_Rate,Population,Mobility', split_interval=3, feature_out='Deaths', niters=100, lr=0.005, batch_size=8, random_seed=1991, dropout=0.2, l2=1e-05, optimizer='AdamW', clip=10, edge_lamda=0.5, z0_encoder='GTrans', rec_dims=64, ode_dims=20, rec_layers=1, gen_layers=1, CVPR=False, graf_layer=1, heavyBall=True, actv_h=None, gamma_guess=-3.0, gamma_act='sigmoid', corr=1, corrf=True, sign=1, augment_dim=0, solver='rk4', alias='run', output_dim=1, feature_out_index=[1], num_atoms=50)
run
Experiment 07-07_01:09
Epoch 0001 [Train seq (cond on sampled tp)] | Loss 4398146.542565 | MAPE 0.063344 | RMSE 286.474533 | Likelihood -4398145.021084 | KL fp 1.5215 | FP STD 0.4191|
Epoch 0001 [Val seq (cond on sampled tp)] |  MAPE 0.058047 | RMSE 305.875077 |
Best Val!
Epoch 0001 [Test seq (cond on sampled tp)] | MAPE 0.121884 | RMSE 906.406696|
0.13512256741523743,0.12615224719047546,0.1043776273727417
851.5938365793871,937.3816591975757,930.2445914919366
0.13512256741523743,0.12615224719047546,0.1043776273727417
851.5938365793871,937.3816591975757,930.2445914919366
Epoch 0001 [Test seq (cond on sampled tp)] | Best Test MAPE 0.121884|Best Test RMSE 906.406696|
Experiment 07-07_01:09
Epoch 0002 [Train seq (cond on sampled tp)] | Loss 4202618.959878 | MAPE 0.094858 | RMSE 276.259458 | Likelihood -4202615.905724 | KL fp 3.0542 | FP STD 0.6443|
Epoch 0002 [Val seq (cond on sampled tp)] |  MAPE 0.066453 | RMSE 281.236194 |
Epoch 0002 [Test seq (cond on sampled tp)] | MAPE 0.109658 | RMSE 866.913182|
0.11907226592302322,0.11215844005346298,0.09774422645568848
809.3671138611946,896.7387091566862,894.6337239339907
0.11907226592302322,0.11215844005346298,0.09774422645568848
809.3671138611946,896.7387091566862,894.6337239339907
Epoch 0002 [Test seq (cond on sampled tp)] | Best Test MAPE 0.109658|Best Test RMSE 866.913182|
Experiment 07-07_01:09
Epoch 0003 [Train seq (cond on sampled tp)] | Loss 3847675.784552 | MAPE 0.234640 | RMSE 256.737394 | Likelihood -3847669.892028 | KL fp 5.8925 | FP STD 0.8188|
Epoch 0003 [Val seq (cond on sampled tp)] |  MAPE 0.102312 | RMSE 239.882051 |
Epoch 0003 [Test seq (cond on sampled tp)] | MAPE 0.134382 | RMSE 788.759258|
0.1426062434911728,0.13723832368850708,0.12330100685358047
727.5858626306589,819.2181486026784,819.4737640705772
Experiment 07-07_01:09
Epoch 0004 [Train seq (cond on sampled tp)] | Loss 3550303.112253 | MAPE 0.475460 | RMSE 239.296794 | Likelihood -3550295.057140 | KL fp 8.0551 | FP STD 0.7416|
Epoch 0004 [Val seq (cond on sampled tp)] |  MAPE 0.121096 | RMSE 206.890719 |
Epoch 0004 [Test seq (cond on sampled tp)] | MAPE 0.135120 | RMSE 714.517784|
0.14757348597049713,0.13077124953269958,0.12701506912708282
649.3018365906568,744.6302773860327,749.6212376927431
Experiment 07-07_01:09
Epoch 0005 [Train seq (cond on sampled tp)] | Loss 3157014.310304 | MAPE 0.368560 | RMSE 213.259108 | Likelihood -3157008.936565 | KL fp 5.3737 | FP STD 0.4637|
Epoch 0005 [Val seq (cond on sampled tp)] |  MAPE 0.039530 | RMSE 175.304439 |
Best Val!
Epoch 0005 [Test seq (cond on sampled tp)] | MAPE 0.060921 | RMSE 654.111722|
0.06413944065570831,0.06397601962089539,0.05464788153767586
588.6913452735653,689.2116646938007,684.4321551476085
0.06413944065570831,0.06397601962089539,0.05464788153767586
588.6913452735653,689.2116646938007,684.4321551476085
Epoch 0005 [Test seq (cond on sampled tp)] | Best Test MAPE 0.060921|Best Test RMSE 654.111722|
Experiment 07-07_01:09
Epoch 0006 [Train seq (cond on sampled tp)] | Loss 2836573.314814 | MAPE 0.053845 | RMSE 189.811721 | Likelihood -2836569.193915 | KL fp 4.1209 | FP STD 0.5009|
Epoch 0006 [Val seq (cond on sampled tp)] |  MAPE 0.031327 | RMSE 149.122047 |
Best Val!
Epoch 0006 [Test seq (cond on sampled tp)] | MAPE 0.067933 | RMSE 576.547659|
0.07294468581676483,0.07146020978689194,0.059395477175712585
504.6335303960687,614.5228331803465,610.4866143086185
Experiment 07-07_01:09
Epoch 0007 [Train seq (cond on sampled tp)] | Loss 2506568.314750 | MAPE 0.041755 | RMSE 161.704774 | Likelihood -2506564.582891 | KL fp 3.7319 | FP STD 0.4371|
Epoch 0007 [Val seq (cond on sampled tp)] |  MAPE 0.027844 | RMSE 122.788158 |
Best Val!
Epoch 0007 [Test seq (cond on sampled tp)] | MAPE 0.052472 | RMSE 493.534222|
0.056013479828834534,0.05665358528494835,0.04474867880344391
419.6288538697023,529.6562859534473,531.3175251203371
0.056013479828834534,0.05665358528494835,0.04474867880344391
419.6288538697023,529.6562859534473,531.3175251203371
Epoch 0007 [Test seq (cond on sampled tp)] | Best Test MAPE 0.052472|Best Test RMSE 493.534222|
Experiment 07-07_01:09
Epoch 0008 [Train seq (cond on sampled tp)] | Loss 2272447.470881 | MAPE 0.038788 | RMSE 138.325088 | Likelihood -2272443.831587 | KL fp 3.6393 | FP STD 0.3655|
Epoch 0008 [Val seq (cond on sampled tp)] |  MAPE 0.025887 | RMSE 106.539912 |
Best Val!
Epoch 0008 [Test seq (cond on sampled tp)] | MAPE 0.052721 | RMSE 412.063893|
0.05750344321131706,0.05525657534599304,0.045403677970170975
348.26673506093,442.98469217344297,444.9402523092286
Experiment 07-07_01:09
Epoch 0009 [Train seq (cond on sampled tp)] | Loss 2165159.291512 | MAPE 0.046047 | RMSE 125.946961 | Likelihood -2165155.748341 | KL fp 3.5432 | FP STD 0.2796|
Epoch 0009 [Val seq (cond on sampled tp)] |  MAPE 0.030855 | RMSE 101.470290 |
Epoch 0009 [Test seq (cond on sampled tp)] | MAPE 0.049308 | RMSE 378.140964|
0.05318892374634743,0.0523204505443573,0.042413558810949326
327.0712603928997,395.51386669749013,411.8377638706776
0.05318892374634743,0.0523204505443573,0.042413558810949326
327.0712603928997,395.51386669749013,411.8377638706776
Epoch 0009 [Test seq (cond on sampled tp)] | Best Test MAPE 0.049308|Best Test RMSE 378.140964|
Experiment 07-07_01:09
Epoch 0010 [Train seq (cond on sampled tp)] | Loss 2076938.163047 | MAPE 0.034844 | RMSE 115.415090 | Likelihood -2076934.579383 | KL fp 3.5837 | FP STD 0.2607|
Epoch 0010 [Val seq (cond on sampled tp)] |  MAPE 0.033339 | RMSE 80.505077 |
Epoch 0010 [Test seq (cond on sampled tp)] | MAPE 0.055872 | RMSE 329.816840|
0.06579538434743881,0.05709885060787201,0.04472215473651886
270.6180282011899,352.9623187218432,365.87017420801055
Experiment 07-07_01:09
Epoch 0011 [Train seq (cond on sampled tp)] | Loss 2030677.295973 | MAPE 0.042765 | RMSE 109.564896 | Likelihood -2030673.919459 | KL fp 3.3765 | FP STD 0.2388|
Epoch 0011 [Val seq (cond on sampled tp)] |  MAPE 0.029825 | RMSE 92.724637 |
Epoch 0011 [Test seq (cond on sampled tp)] | MAPE 0.052372 | RMSE 357.203290|
0.05721317604184151,0.05593579262495041,0.04396665096282959
309.45425752443606,382.0392240987828,380.1163884259662
Experiment 07-07_01:09
Epoch 0012 [Train seq (cond on sampled tp)] | Loss 2063644.531765 | MAPE 0.057700 | RMSE 113.892888 | Likelihood -2063641.082052 | KL fp 3.4497 | FP STD 0.2114|
Epoch 0012 [Val seq (cond on sampled tp)] |  MAPE 0.037206 | RMSE 95.622258 |
Epoch 0012 [Test seq (cond on sampled tp)] | MAPE 0.061729 | RMSE 298.900389|
0.057897720485925674,0.06273873150348663,0.06455203145742416
242.95422987159537,321.07469681913585,332.6722415719412
Experiment 07-07_01:09
Epoch 0013 [Train seq (cond on sampled tp)] | Loss 2006504.207619 | MAPE 0.033454 | RMSE 104.531509 | Likelihood -2006501.103666 | KL fp 3.1040 | FP STD 0.2088|
Epoch 0013 [Val seq (cond on sampled tp)] |  MAPE 0.025756 | RMSE 83.248868 |
Best Val!
Epoch 0013 [Test seq (cond on sampled tp)] | MAPE 0.058882 | RMSE 297.888630|
0.062308959662914276,0.06120401620864868,0.05313190445303917
248.17603379456284,330.16746461076383,315.3223920648516
Experiment 07-07_01:09
Epoch 0014 [Train seq (cond on sampled tp)] | Loss 2001318.056424 | MAPE 0.049909 | RMSE 105.759626 | Likelihood -2001314.583174 | KL fp 3.4732 | FP STD 0.2104|
Epoch 0014 [Val seq (cond on sampled tp)] |  MAPE 0.024743 | RMSE 83.371917 |
Best Val!
Epoch 0014 [Test seq (cond on sampled tp)] | MAPE 0.054684 | RMSE 316.647676|
0.0578000470995903,0.056431811302900314,0.04982014000415802
269.9379268924617,343.59350983393153,336.41158989027116
Experiment 07-07_01:09
Epoch 0015 [Train seq (cond on sampled tp)] | Loss 1983614.825130 | MAPE 0.033647 | RMSE 102.175807 | Likelihood -1983611.785775 | KL fp 3.0394 | FP STD 0.2054|
Epoch 0015 [Val seq (cond on sampled tp)] |  MAPE 0.033401 | RMSE 93.710033 |
Epoch 0015 [Test seq (cond on sampled tp)] | MAPE 0.056937 | RMSE 273.991151|
0.06113686412572861,0.05582922324538231,0.05384444072842598
227.34469286746062,277.93839245415523,316.6903678082111
Experiment 07-07_01:09
Epoch 0016 [Train seq (cond on sampled tp)] | Loss 1969328.207553 | MAPE 0.031019 | RMSE 99.486937 | Likelihood -1969325.093380 | KL fp 3.1142 | FP STD 0.1982|
Epoch 0016 [Val seq (cond on sampled tp)] |  MAPE 0.027996 | RMSE 74.248044 |
Epoch 0016 [Test seq (cond on sampled tp)] | MAPE 0.052114 | RMSE 284.138287|
0.050722286105155945,0.05420475825667381,0.05141415446996689
209.7934065634571,322.1387875396255,320.4826682131188
Experiment 07-07_01:09
Epoch 0017 [Train seq (cond on sampled tp)] | Loss 1971308.755886 | MAPE 0.049690 | RMSE 100.827592 | Likelihood -1971305.490795 | KL fp 3.2651 | FP STD 0.1967|
Epoch 0017 [Val seq (cond on sampled tp)] |  MAPE 0.025696 | RMSE 82.779705 |
Epoch 0017 [Test seq (cond on sampled tp)] | MAPE 0.059342 | RMSE 280.431590|
0.06478597223758698,0.06228283420205116,0.050957679748535156
229.6253317226782,300.3208960845049,311.34854112794557
Experiment 07-07_01:09
Epoch 0018 [Train seq (cond on sampled tp)] | Loss 1958801.198767 | MAPE 0.064039 | RMSE 98.629702 | Likelihood -1958798.315047 | KL fp 2.8837 | FP STD 0.1984|
Epoch 0018 [Val seq (cond on sampled tp)] |  MAPE 0.038298 | RMSE 87.130204 |
Epoch 0018 [Test seq (cond on sampled tp)] | MAPE 0.057491 | RMSE 283.253416|
0.05942641943693161,0.06142033264040947,0.051626723259687424
230.86770765418882,304.9495347594418,313.94300587447395
Experiment 07-07_01:09
Epoch 0019 [Train seq (cond on sampled tp)] | Loss 1954394.619612 | MAPE 0.080126 | RMSE 97.208371 | Likelihood -1954391.636936 | KL fp 2.9827 | FP STD 0.1939|
Epoch 0019 [Val seq (cond on sampled tp)] |  MAPE 0.044124 | RMSE 83.843357 |
Epoch 0019 [Test seq (cond on sampled tp)] | MAPE 0.076462 | RMSE 262.421236|
0.06849968433380127,0.07789929211139679,0.08298608660697937
219.98672722746252,281.4670967670999,285.8098827236385
Experiment 07-07_01:09
Epoch 0020 [Train seq (cond on sampled tp)] | Loss 1925015.802363 | MAPE 0.115496 | RMSE 92.659867 | Likelihood -1925012.647072 | KL fp 3.1553 | FP STD 0.1794|
Epoch 0020 [Val seq (cond on sampled tp)] |  MAPE 0.031834 | RMSE 89.391899 |
Epoch 0020 [Test seq (cond on sampled tp)] | MAPE 0.060004 | RMSE 301.513058|
0.06602051854133606,0.06232691556215286,0.051664866507053375
245.47032343544097,321.4782506251395,337.590601265053
Experiment 07-07_01:09
Epoch 0021 [Train seq (cond on sampled tp)] | Loss 1954319.822054 | MAPE 0.036976 | RMSE 97.887205 | Likelihood -1954316.746747 | KL fp 3.0753 | FP STD 0.1802|
Epoch 0021 [Val seq (cond on sampled tp)] |  MAPE 0.032094 | RMSE 77.521661 |
Epoch 0021 [Test seq (cond on sampled tp)] | MAPE 0.067148 | RMSE 262.704025|
0.06903444230556488,0.06465211510658264,0.06775698810815811
194.39492462188923,273.73514514490097,319.9820063300435
Experiment 07-07_01:09
Epoch 0022 [Train seq (cond on sampled tp)] | Loss 1918404.615458 | MAPE 0.034964 | RMSE 92.068168 | Likelihood -1918401.846513 | KL fp 2.7689 | FP STD 0.2257|
Epoch 0022 [Val seq (cond on sampled tp)] |  MAPE 0.034357 | RMSE 77.063602 |
Epoch 0022 [Test seq (cond on sampled tp)] | MAPE 0.066487 | RMSE 264.006742|
0.07036539912223816,0.06410988420248032,0.06498612463474274
212.99846867113857,282.77231068034223,296.24944620201404
Experiment 07-07_01:09
Epoch 0023 [Train seq (cond on sampled tp)] | Loss 1930625.355314 | MAPE 0.055625 | RMSE 93.679628 | Likelihood -1930622.189207 | KL fp 3.1661 | FP STD 0.1783|
Epoch 0023 [Val seq (cond on sampled tp)] |  MAPE 0.028455 | RMSE 85.085266 |
Epoch 0023 [Test seq (cond on sampled tp)] | MAPE 0.060385 | RMSE 259.480644|
0.06019337475299835,0.060231685638427734,0.06072998046875
208.8278672136456,273.52560723358243,296.0884580661664
Experiment 07-07_01:09
Epoch 0024 [Train seq (cond on sampled tp)] | Loss 1908993.589654 | MAPE 0.035520 | RMSE 90.492150 | Likelihood -1908990.421956 | KL fp 3.1677 | FP STD 0.1413|
Epoch 0024 [Val seq (cond on sampled tp)] |  MAPE 0.033059 | RMSE 80.252419 |
Epoch 0024 [Test seq (cond on sampled tp)] | MAPE 0.065669 | RMSE 252.850264|
0.06561256945133209,0.06216683238744736,0.0692266896367073
208.0763925971661,253.19140332710745,297.2829959609194
Experiment 07-07_01:09
Epoch 0025 [Train seq (cond on sampled tp)] | Loss 1907819.757231 | MAPE 0.042374 | RMSE 90.083655 | Likelihood -1907816.506734 | KL fp 3.2505 | FP STD 0.1680|
Epoch 0025 [Val seq (cond on sampled tp)] |  MAPE 0.028186 | RMSE 87.634158 |
Epoch 0025 [Test seq (cond on sampled tp)] | MAPE 0.066460 | RMSE 308.604896|
0.0723656713962555,0.06628179550170898,0.060733597725629807
265.9904104239474,326.3964829199298,333.4277939074666
Experiment 07-07_01:09
Epoch 0026 [Train seq (cond on sampled tp)] | Loss 1939148.228748 | MAPE 0.042352 | RMSE 95.023394 | Likelihood -1939145.432439 | KL fp 2.7963 | FP STD 0.2386|
Epoch 0026 [Val seq (cond on sampled tp)] |  MAPE 0.034080 | RMSE 84.485824 |
Epoch 0026 [Test seq (cond on sampled tp)] | MAPE 0.064488 | RMSE 273.672488|
0.06999557465314865,0.060677725821733475,0.0627911239862442
210.44724509660372,277.5916515315257,332.9785677224587
Experiment 07-07_01:09
Epoch 0027 [Train seq (cond on sampled tp)] | Loss 1921089.864594 | MAPE 0.036532 | RMSE 91.050037 | Likelihood -1921087.351379 | KL fp 2.5132 | FP STD 0.2709|
Epoch 0027 [Val seq (cond on sampled tp)] |  MAPE 0.023894 | RMSE 77.592570 |
Best Val!
Epoch 0027 [Test seq (cond on sampled tp)] | MAPE 0.061502 | RMSE 264.070364|
0.06003527343273163,0.06513937562704086,0.05933249369263649
213.0382888121288,261.00823143150103,318.16457268605507
Experiment 07-07_01:09
Epoch 0028 [Train seq (cond on sampled tp)] | Loss 1928750.771216 | MAPE 0.075397 | RMSE 93.697591 | Likelihood -1928747.748740 | KL fp 3.0225 | FP STD 0.2110|
Epoch 0028 [Val seq (cond on sampled tp)] |  MAPE 0.027176 | RMSE 85.556037 |
Epoch 0028 [Test seq (cond on sampled tp)] | MAPE 0.055058 | RMSE 286.885380|
0.05840400606393814,0.05338386446237564,0.0533866360783577
242.3200040751898,321.94347572594165,296.39266079813785
Experiment 07-07_01:09
Epoch 0029 [Train seq (cond on sampled tp)] | Loss 1902175.949127 | MAPE 0.038332 | RMSE 89.473735 | Likelihood -1902173.043088 | KL fp 2.9060 | FP STD 0.2032|
Epoch 0029 [Val seq (cond on sampled tp)] |  MAPE 0.037793 | RMSE 82.605206 |
Epoch 0029 [Test seq (cond on sampled tp)] | MAPE 0.055928 | RMSE 261.171113|
0.05532648041844368,0.0588076189160347,0.05365090072154999
208.6159936641963,277.09862583112897,297.79872082498946
Experiment 07-07_01:09
Epoch 0030 [Train seq (cond on sampled tp)] | Loss 1911566.164057 | MAPE 0.066486 | RMSE 90.018075 | Likelihood -1911563.401047 | KL fp 2.7630 | FP STD 0.2049|
Epoch 0030 [Val seq (cond on sampled tp)] |  MAPE 0.023888 | RMSE 77.705081 |
Best Val!
Epoch 0030 [Test seq (cond on sampled tp)] | MAPE 0.049246 | RMSE 299.011009|
0.053868893533945084,0.05096210539340973,0.042905550450086594
226.95067608403374,325.44421564993286,344.638136764491
0.053868893533945084,0.05096210539340973,0.042905550450086594
226.95067608403374,325.44421564993286,344.638136764491
Epoch 0030 [Test seq (cond on sampled tp)] | Best Test MAPE 0.049246|Best Test RMSE 299.011009|
Experiment 07-07_01:09
Epoch 0031 [Train seq (cond on sampled tp)] | Loss 1926885.568286 | MAPE 0.060953 | RMSE 92.307587 | Likelihood -1926882.529697 | KL fp 3.0386 | FP STD 0.1780|
Epoch 0031 [Val seq (cond on sampled tp)] |  MAPE 0.027747 | RMSE 80.476981 |
Epoch 0031 [Test seq (cond on sampled tp)] | MAPE 0.056548 | RMSE 278.037758|
0.05968263000249863,0.054319437593221664,0.05564315244555473
214.08810065893434,280.8724966510605,339.15267810014416
Experiment 07-07_01:09
Epoch 0032 [Train seq (cond on sampled tp)] | Loss 1902802.639050 | MAPE 0.042175 | RMSE 88.548091 | Likelihood -1902799.910089 | KL fp 2.7290 | FP STD 0.2317|
Epoch 0032 [Val seq (cond on sampled tp)] |  MAPE 0.033553 | RMSE 82.709396 |
Epoch 0032 [Test seq (cond on sampled tp)] | MAPE 0.055551 | RMSE 278.244212|
0.05543998256325722,0.05280604213476181,0.058405909687280655
200.60324064244327,286.6045975076115,347.52479677715087
Experiment 07-07_01:09
Epoch 0033 [Train seq (cond on sampled tp)] | Loss 1885097.507441 | MAPE 0.037033 | RMSE 85.684507 | Likelihood -1885094.649472 | KL fp 2.8580 | FP STD 0.1955|
Epoch 0033 [Val seq (cond on sampled tp)] |  MAPE 0.023076 | RMSE 79.415157 |
Best Val!
Epoch 0033 [Test seq (cond on sampled tp)] | MAPE 0.062457 | RMSE 255.508921|
0.06319304555654526,0.06086600571870804,0.06331271678209305
201.30140065645347,256.9072820347839,308.3180809853681
Experiment 07-07_01:09
Epoch 0034 [Train seq (cond on sampled tp)] | Loss 1890840.606742 | MAPE 0.038775 | RMSE 87.220709 | Likelihood -1890837.803602 | KL fp 2.8031 | FP STD 0.2157|
Epoch 0034 [Val seq (cond on sampled tp)] |  MAPE 0.028486 | RMSE 79.135586 |
Epoch 0034 [Test seq (cond on sampled tp)] | MAPE 0.060546 | RMSE 267.506077|
0.0636892169713974,0.05951789766550064,0.05843052640557289
228.5119406754273,276.32992339321487,297.67636579009763
Experiment 07-07_01:09
Epoch 0035 [Train seq (cond on sampled tp)] | Loss 1908919.639964 | MAPE 0.034749 | RMSE 91.381314 | Likelihood -1908916.659273 | KL fp 2.9807 | FP STD 0.1803|
Epoch 0035 [Val seq (cond on sampled tp)] |  MAPE 0.032693 | RMSE 98.291618 |
Epoch 0035 [Test seq (cond on sampled tp)] | MAPE 0.053641 | RMSE 271.398184|
0.052439410239458084,0.047721538692712784,0.06076351925730705
230.03849032553225,269.9625263346748,314.1935360967822
Experiment 07-07_01:09
Epoch 0036 [Train seq (cond on sampled tp)] | Loss 1912393.154998 | MAPE 0.033875 | RMSE 89.622348 | Likelihood -1912390.559227 | KL fp 2.5958 | FP STD 0.2268|
Epoch 0036 [Val seq (cond on sampled tp)] |  MAPE 0.038575 | RMSE 76.366343 |
Epoch 0036 [Test seq (cond on sampled tp)] | MAPE 0.071361 | RMSE 243.022537|
0.07799422740936279,0.06928063184022903,0.06680826842784882
214.78020196528823,227.03024130883975,287.25716646847997
Experiment 07-07_01:09
Epoch 0037 [Train seq (cond on sampled tp)] | Loss 1955035.867793 | MAPE 0.054713 | RMSE 97.925549 | Likelihood -1955033.138248 | KL fp 2.7295 | FP STD 0.2901|
Epoch 0037 [Val seq (cond on sampled tp)] |  MAPE 0.030479 | RMSE 95.242336 |
Epoch 0037 [Test seq (cond on sampled tp)] | MAPE 0.054136 | RMSE 272.449228|
0.05824597179889679,0.05265992507338524,0.051503218710422516
204.28345617976507,277.22193275424655,335.8422946488426
Experiment 07-07_01:09
Epoch 0038 [Train seq (cond on sampled tp)] | Loss 1926721.370417 | MAPE 0.039799 | RMSE 93.537536 | Likelihood -1926718.850462 | KL fp 2.5200 | FP STD 0.2497|
Epoch 0038 [Val seq (cond on sampled tp)] |  MAPE 0.044954 | RMSE 93.084345 |
Epoch 0038 [Test seq (cond on sampled tp)] | MAPE 0.069408 | RMSE 262.736184|
0.07310263812541962,0.0648307129740715,0.07029203325510025
210.4316527254158,270.63634502778814,307.14055465291455
Experiment 07-07_01:09
Epoch 0039 [Train seq (cond on sampled tp)] | Loss 1926647.180203 | MAPE 0.059080 | RMSE 92.133100 | Likelihood -1926643.997331 | KL fp 3.1829 | FP STD 0.1740|
Epoch 0039 [Val seq (cond on sampled tp)] |  MAPE 0.028770 | RMSE 101.758326 |
Epoch 0039 [Test seq (cond on sampled tp)] | MAPE 0.056460 | RMSE 320.894709|
0.06322475522756577,0.06010930985212326,0.04604572802782059
288.63351275882707,338.6932147976986,335.3574003022745
Experiment 07-07_01:09
Epoch 0040 [Train seq (cond on sampled tp)] | Loss 1932957.857841 | MAPE 0.036318 | RMSE 94.175789 | Likelihood -1932954.849359 | KL fp 3.0085 | FP STD 0.1579|
Epoch 0040 [Val seq (cond on sampled tp)] |  MAPE 0.024064 | RMSE 88.013848 |
Epoch 0040 [Test seq (cond on sampled tp)] | MAPE 0.051939 | RMSE 299.581625|
0.051494669169187546,0.05018645152449608,0.05413718894124031
248.49203017903812,297.0225948896817,353.2302498017405
Experiment 07-07_01:09
Epoch 0041 [Train seq (cond on sampled tp)] | Loss 1921901.831408 | MAPE 0.032329 | RMSE 91.686451 | Likelihood -1921898.828726 | KL fp 3.0027 | FP STD 0.1695|
Epoch 0041 [Val seq (cond on sampled tp)] |  MAPE 0.038298 | RMSE 85.909407 |
Epoch 0041 [Test seq (cond on sampled tp)] | MAPE 0.056319 | RMSE 290.160251|
0.05591490492224693,0.05574221909046173,0.05730079486966133
244.14297648867557,309.0032362290078,317.33454104068153
Experiment 07-07_01:09
Epoch 0042 [Train seq (cond on sampled tp)] | Loss 1892057.312408 | MAPE 0.067589 | RMSE 87.157144 | Likelihood -1892054.373524 | KL fp 2.9389 | FP STD 0.1701|
Epoch 0042 [Val seq (cond on sampled tp)] |  MAPE 0.034619 | RMSE 86.013078 |
Epoch 0042 [Test seq (cond on sampled tp)] | MAPE 0.066235 | RMSE 294.449336|
0.06925027817487717,0.06872811913490295,0.06072590872645378
250.17602396862495,311.889265705795,321.2827196372379
Experiment 07-07_01:09
Epoch 0043 [Train seq (cond on sampled tp)] | Loss 1896270.510515 | MAPE 0.046352 | RMSE 87.413532 | Likelihood -1896267.710515 | KL fp 2.8000 | FP STD 0.1849|
Epoch 0043 [Val seq (cond on sampled tp)] |  MAPE 0.033604 | RMSE 88.157006 |
Epoch 0043 [Test seq (cond on sampled tp)] | MAPE 0.062052 | RMSE 281.739176|
0.07131330668926239,0.06206492707133293,0.05277707800269127
240.26299880287434,281.3557578938096,323.5987701807595
Experiment 07-07_01:09
Epoch 0044 [Train seq (cond on sampled tp)] | Loss 1903542.917251 | MAPE 0.034673 | RMSE 90.541155 | Likelihood -1903540.176692 | KL fp 2.7406 | FP STD 0.2054|
Epoch 0044 [Val seq (cond on sampled tp)] |  MAPE 0.022577 | RMSE 78.473476 |
Best Val!
Epoch 0044 [Test seq (cond on sampled tp)] | MAPE 0.060416 | RMSE 290.495192|
0.058993883430957794,0.059830665588378906,0.06242378056049347
240.83615735080147,299.99757811522414,330.6518420105958
Experiment 07-07_01:09
Epoch 0045 [Train seq (cond on sampled tp)] | Loss 1879933.105580 | MAPE 0.030042 | RMSE 85.270154 | Likelihood -1879930.419406 | KL fp 2.6862 | FP STD 0.2179|
Epoch 0045 [Val seq (cond on sampled tp)] |  MAPE 0.029552 | RMSE 90.264669 |
Epoch 0045 [Test seq (cond on sampled tp)] | MAPE 0.052341 | RMSE 273.660775|
0.05573001131415367,0.05492916330695152,0.046364497393369675
227.5956958759326,272.62686267130755,320.759766998606
Experiment 07-07_01:09
Epoch 0046 [Train seq (cond on sampled tp)] | Loss 1913537.676403 | MAPE 0.035566 | RMSE 92.202562 | Likelihood -1913534.910591 | KL fp 2.7658 | FP STD 0.2212|
Epoch 0046 [Val seq (cond on sampled tp)] |  MAPE 0.027884 | RMSE 99.765678 |
Epoch 0046 [Test seq (cond on sampled tp)] | MAPE 0.052334 | RMSE 286.862677|
0.05919932574033737,0.052156541496515274,0.045646097511053085
244.3782288789245,295.6436040657738,320.5661983116748
Experiment 07-07_01:09
Epoch 0047 [Train seq (cond on sampled tp)] | Loss 1873933.659902 | MAPE 0.035403 | RMSE 85.058745 | Likelihood -1873930.773854 | KL fp 2.8860 | FP STD 0.1610|
Epoch 0047 [Val seq (cond on sampled tp)] |  MAPE 0.024896 | RMSE 85.894060 |
Epoch 0047 [Test seq (cond on sampled tp)] | MAPE 0.056502 | RMSE 294.062917|
0.05096544697880745,0.05515734478831291,0.06338459998369217
236.10478341194192,312.472561295388,333.6114061486807
Experiment 07-07_01:09
Epoch 0048 [Train seq (cond on sampled tp)] | Loss 1854954.881010 | MAPE 0.029384 | RMSE 81.980781 | Likelihood -1854952.072703 | KL fp 2.8083 | FP STD 0.1815|
Epoch 0048 [Val seq (cond on sampled tp)] |  MAPE 0.025600 | RMSE 81.646903 |
Epoch 0048 [Test seq (cond on sampled tp)] | MAPE 0.052209 | RMSE 285.445695|
0.05224161967635155,0.05165545269846916,0.05273136869072914
257.4472640173129,276.87938766275107,322.0104326726077
Experiment 07-07_01:09
Epoch 0049 [Train seq (cond on sampled tp)] | Loss 1886908.333834 | MAPE 0.034776 | RMSE 86.257374 | Likelihood -1886905.624221 | KL fp 2.7096 | FP STD 0.1963|
Epoch 0049 [Val seq (cond on sampled tp)] |  MAPE 0.023240 | RMSE 80.033895 |
Epoch 0049 [Test seq (cond on sampled tp)] | MAPE 0.061062 | RMSE 270.596228|
0.057712335139513016,0.05845887213945389,0.06701607257127762
230.1952635807262,263.4491174781195,318.1443019684621
Experiment 07-07_01:09
Epoch 0050 [Train seq (cond on sampled tp)] | Loss 1854525.622293 | MAPE 0.033132 | RMSE 80.842101 | Likelihood -1854522.797506 | KL fp 2.8248 | FP STD 0.1680|
Epoch 0050 [Val seq (cond on sampled tp)] |  MAPE 0.026966 | RMSE 78.519221 |
Epoch 0050 [Test seq (cond on sampled tp)] | MAPE 0.075816 | RMSE 305.834861|
0.08244773745536804,0.07450416684150696,0.07049635052680969
276.7820950224201,289.9705938754825,350.7518932593237
Experiment 07-07_01:09
Epoch 0051 [Train seq (cond on sampled tp)] | Loss 1849333.358307 | MAPE 0.031879 | RMSE 80.450316 | Likelihood -1849330.391107 | KL fp 2.9672 | FP STD 0.1597|
Epoch 0051 [Val seq (cond on sampled tp)] |  MAPE 0.027708 | RMSE 74.480306 |
Epoch 0051 [Test seq (cond on sampled tp)] | MAPE 0.069355 | RMSE 295.878922|
0.0665896013379097,0.06838864833116531,0.07308562099933624
248.1089651619828,285.00179549873013,354.52600398278264
Experiment 07-07_01:09
Epoch 0052 [Train seq (cond on sampled tp)] | Loss 1849872.468841 | MAPE 0.028912 | RMSE 79.744221 | Likelihood -1849869.380383 | KL fp 3.0885 | FP STD 0.1444|
Epoch 0052 [Val seq (cond on sampled tp)] |  MAPE 0.027295 | RMSE 85.659114 |
Epoch 0052 [Test seq (cond on sampled tp)] | MAPE 0.072250 | RMSE 289.495574|
0.06711715459823608,0.07280419021844864,0.0768282562494278
219.86624129797644,302.4991477260721,346.1213321401904
Experiment 07-07_01:09
Epoch 0053 [Train seq (cond on sampled tp)] | Loss 1843796.237950 | MAPE 0.031772 | RMSE 79.040262 | Likelihood -1843793.344159 | KL fp 2.8938 | FP STD 0.1670|
Epoch 0053 [Val seq (cond on sampled tp)] |  MAPE 0.024616 | RMSE 81.867229 |
Epoch 0053 [Test seq (cond on sampled tp)] | MAPE 0.070660 | RMSE 296.996109|
0.0706368014216423,0.07050859928131104,0.07083515077829361
257.0189985681992,319.85483768031395,314.11449196511137
Experiment 07-07_01:09
Epoch 0054 [Train seq (cond on sampled tp)] | Loss 1885936.910878 | MAPE 0.035593 | RMSE 85.785480 | Likelihood -1885934.315690 | KL fp 2.5952 | FP STD 0.1869|
Epoch 0054 [Val seq (cond on sampled tp)] |  MAPE 0.024826 | RMSE 82.896694 |
Epoch 0054 [Test seq (cond on sampled tp)] | MAPE 0.061973 | RMSE 301.715212|
0.06692655384540558,0.06212376058101654,0.05686932057142258
247.36108791097277,304.47994853930857,353.3046003450847
Experiment 07-07_01:09
Epoch 0055 [Train seq (cond on sampled tp)] | Loss 1890006.922753 | MAPE 0.032676 | RMSE 86.320831 | Likelihood -1890004.108413 | KL fp 2.8143 | FP STD 0.1606|
Epoch 0055 [Val seq (cond on sampled tp)] |  MAPE 0.028265 | RMSE 79.159473 |
Epoch 0055 [Test seq (cond on sampled tp)] | MAPE 0.063142 | RMSE 300.373752|
0.0660640224814415,0.060852475464344025,0.06250995397567749
240.3459014498687,308.7281495304567,352.04720475385113
Experiment 07-07_01:09
Epoch 0056 [Train seq (cond on sampled tp)] | Loss 1881468.907581 | MAPE 0.034710 | RMSE 86.833153 | Likelihood -1881466.341491 | KL fp 2.5661 | FP STD 0.2330|
Epoch 0056 [Val seq (cond on sampled tp)] |  MAPE 0.027485 | RMSE 89.440355 |
Epoch 0056 [Test seq (cond on sampled tp)] | MAPE 0.051154 | RMSE 285.973527|
0.0602356418967247,0.04917667806148529,0.04404877871274948
233.5933549327763,300.2100957038254,324.1171301589905
Experiment 07-07_01:09
Epoch 0057 [Train seq (cond on sampled tp)] | Loss 1859871.115927 | MAPE 0.034704 | RMSE 82.634177 | Likelihood -1859868.478775 | KL fp 2.6372 | FP STD 0.2104|
Epoch 0057 [Val seq (cond on sampled tp)] |  MAPE 0.027226 | RMSE 84.203579 |
Epoch 0057 [Test seq (cond on sampled tp)] | MAPE 0.068622 | RMSE 276.988172|
0.069138303399086,0.06602221727371216,0.07070478796958923
237.35034758769578,267.85979016548936,325.75437688924455
Experiment 07-07_01:09
Epoch 0058 [Train seq (cond on sampled tp)] | Loss 1852830.478446 | MAPE 0.031620 | RMSE 80.756058 | Likelihood -1852827.593421 | KL fp 2.8850 | FP STD 0.1734|
Epoch 0058 [Val seq (cond on sampled tp)] |  MAPE 0.022840 | RMSE 79.365348 |
Epoch 0058 [Test seq (cond on sampled tp)] | MAPE 0.059118 | RMSE 267.405396|
0.05922306329011917,0.05581473559141159,0.062316179275512695
235.43235659367215,262.6350694166718,304.14876088848365
Experiment 07-07_01:09
Epoch 0059 [Train seq (cond on sampled tp)] | Loss 1867101.168404 | MAPE 0.030715 | RMSE 82.155490 | Likelihood -1867098.482104 | KL fp 2.6863 | FP STD 0.1947|
Epoch 0059 [Val seq (cond on sampled tp)] |  MAPE 0.026506 | RMSE 87.753319 |
Epoch 0059 [Test seq (cond on sampled tp)] | MAPE 0.072141 | RMSE 315.312485|
0.06710619479417801,0.07119329273700714,0.07812244445085526
267.86642543439444,314.33389393286876,363.73713465221005
Experiment 07-07_01:09
Epoch 0060 [Train seq (cond on sampled tp)] | Loss 1877227.931236 | MAPE 0.029432 | RMSE 85.490807 | Likelihood -1877224.885534 | KL fp 3.0457 | FP STD 0.1557|
Epoch 0060 [Val seq (cond on sampled tp)] |  MAPE 0.027276 | RMSE 88.231244 |
Epoch 0060 [Test seq (cond on sampled tp)] | MAPE 0.068748 | RMSE 323.308829|
0.06834912300109863,0.07068325579166412,0.06721308827400208
281.18163057888404,334.0837282778076,354.6611278742005
Experiment 07-07_01:09
Epoch 0061 [Train seq (cond on sampled tp)] | Loss 1871172.555129 | MAPE 0.037802 | RMSE 83.570527 | Likelihood -1871169.668731 | KL fp 2.8864 | FP STD 0.1605|
Epoch 0061 [Val seq (cond on sampled tp)] |  MAPE 0.024267 | RMSE 79.724691 |
Epoch 0061 [Test seq (cond on sampled tp)] | MAPE 0.060177 | RMSE 263.503995|
0.0633314773440361,0.057463206350803375,0.05973602086305618
205.49951528227507,284.86226112368763,300.15020979086455
Experiment 07-07_01:09
Epoch 0062 [Train seq (cond on sampled tp)] | Loss 1873940.051642 | MAPE 0.032081 | RMSE 84.679386 | Likelihood -1873937.354625 | KL fp 2.6970 | FP STD 0.2016|
Epoch 0062 [Val seq (cond on sampled tp)] |  MAPE 0.025379 | RMSE 90.714622 |
Epoch 0062 [Test seq (cond on sampled tp)] | MAPE 0.057120 | RMSE 276.552394|
0.05329202488064766,0.06051674857735634,0.05755074694752693
236.3938880607957,280.0009486591072,313.26234512784964
Experiment 07-07_01:09
Epoch 0063 [Train seq (cond on sampled tp)] | Loss 1863607.785590 | MAPE 0.036159 | RMSE 82.194927 | Likelihood -1863605.237076 | KL fp 2.5485 | FP STD 0.2249|
Epoch 0063 [Val seq (cond on sampled tp)] |  MAPE 0.025531 | RMSE 85.800684 |
Epoch 0063 [Test seq (cond on sampled tp)] | MAPE 0.077129 | RMSE 319.325395|
0.07959365844726562,0.07130278646945953,0.08048953115940094
270.882974617269,324.91248821798155,362.1807214637466
Experiment 07-07_01:09
Epoch 0064 [Train seq (cond on sampled tp)] | Loss 1877125.193699 | MAPE 0.032961 | RMSE 85.805477 | Likelihood -1877122.375256 | KL fp 2.8184 | FP STD 0.1693|
Epoch 0064 [Val seq (cond on sampled tp)] |  MAPE 0.028352 | RMSE 95.055180 |
Epoch 0064 [Test seq (cond on sampled tp)] | MAPE 0.064426 | RMSE 309.795378|
0.06741682440042496,0.06320145726203918,0.06265885382890701
267.22329438598723,329.39503022586723,332.7678080321172
Experiment 07-07_01:09
Epoch 0065 [Train seq (cond on sampled tp)] | Loss 1890763.968821 | MAPE 0.035579 | RMSE 89.003845 | Likelihood -1890761.162465 | KL fp 2.8064 | FP STD 0.1769|
Epoch 0065 [Val seq (cond on sampled tp)] |  MAPE 0.024275 | RMSE 85.612439 |
Epoch 0065 [Test seq (cond on sampled tp)] | MAPE 0.066826 | RMSE 279.827470|
0.07085008174180984,0.06672663986682892,0.06290054321289062
252.74799084265734,277.2532264239679,309.48119389552573
Experiment 07-07_01:09
Epoch 0066 [Train seq (cond on sampled tp)] | Loss 1845405.988609 | MAPE 0.029455 | RMSE 79.353934 | Likelihood -1845403.195960 | KL fp 2.7926 | FP STD 0.1686|
Epoch 0066 [Val seq (cond on sampled tp)] |  MAPE 0.031484 | RMSE 95.702374 |
Epoch 0066 [Test seq (cond on sampled tp)] | MAPE 0.065823 | RMSE 281.188015|
0.06314636021852493,0.06587687134742737,0.06844588369131088
239.59798687071643,286.9817067340704,316.984349968575
Experiment 07-07_01:09
Epoch 0067 [Train seq (cond on sampled tp)] | Loss 1881757.160578 | MAPE 0.041302 | RMSE 86.540556 | Likelihood -1881754.220515 | KL fp 2.9401 | FP STD 0.1758|
Epoch 0067 [Val seq (cond on sampled tp)] |  MAPE 0.025401 | RMSE 88.062725 |
Epoch 0067 [Test seq (cond on sampled tp)] | MAPE 0.063043 | RMSE 335.829248|
0.06366389989852905,0.06345769762992859,0.06200874596834183
299.6967999078402,374.0273427505,333.76359991017597
Experiment 07-07_01:09
Epoch 0068 [Train seq (cond on sampled tp)] | Loss 1887034.023352 | MAPE 0.046962 | RMSE 86.925609 | Likelihood -1887031.223374 | KL fp 2.8000 | FP STD 0.1671|
Epoch 0068 [Val seq (cond on sampled tp)] |  MAPE 0.028978 | RMSE 92.576520 |
Epoch 0068 [Test seq (cond on sampled tp)] | MAPE 0.064062 | RMSE 271.432823|
0.0749194473028183,0.06014315038919449,0.05712210386991501
233.98680351410846,284.4863380946438,295.8253285301987
Experiment 07-07_01:09
Epoch 0069 [Train seq (cond on sampled tp)] | Loss 1876955.480062 | MAPE 0.033183 | RMSE 84.630912 | Likelihood -1876952.782371 | KL fp 2.6977 | FP STD 0.1913|
Epoch 0069 [Val seq (cond on sampled tp)] |  MAPE 0.029520 | RMSE 84.699826 |
Epoch 0069 [Test seq (cond on sampled tp)] | MAPE 0.082735 | RMSE 280.211090|
0.07485518604516983,0.08431407809257507,0.08903613686561584
230.4838829777475,295.7175595056878,314.43182885961147
Experiment 07-07_01:09
Epoch 0070 [Train seq (cond on sampled tp)] | Loss 1871653.673987 | MAPE 0.038320 | RMSE 83.166575 | Likelihood -1871650.733264 | KL fp 2.9407 | FP STD 0.1661|
Epoch 0070 [Val seq (cond on sampled tp)] |  MAPE 0.026595 | RMSE 81.776148 |
Epoch 0070 [Test seq (cond on sampled tp)] | MAPE 0.052361 | RMSE 284.717359|
0.06173007935285568,0.05056367814540863,0.04478937387466431
234.45078774659726,302.5493761355326,317.1519130282837
Experiment 07-07_01:09
Epoch 0071 [Train seq (cond on sampled tp)] | Loss 1856043.741414 | MAPE 0.038097 | RMSE 81.656004 | Likelihood -1856041.054152 | KL fp 2.6873 | FP STD 0.1925|
Epoch 0071 [Val seq (cond on sampled tp)] |  MAPE 0.026221 | RMSE 80.721741 |
Epoch 0071 [Test seq (cond on sampled tp)] | MAPE 0.056778 | RMSE 276.653343|
0.06487283110618591,0.05361557751893997,0.051846351474523544
236.79587233786404,294.70693864838,298.45721793499985
Experiment 07-07_01:09
Epoch 0072 [Train seq (cond on sampled tp)] | Loss 1838294.124260 | MAPE 0.031314 | RMSE 78.756598 | Likelihood -1838291.426085 | KL fp 2.6982 | FP STD 0.1913|
Epoch 0072 [Val seq (cond on sampled tp)] |  MAPE 0.030834 | RMSE 84.242955 |
Epoch 0072 [Test seq (cond on sampled tp)] | MAPE 0.081295 | RMSE 280.968037|
0.07677650451660156,0.08104153722524643,0.08606742322444916
224.61073097416784,286.3899084945208,331.90347100098245
Experiment 07-07_01:09
Epoch 0073 [Train seq (cond on sampled tp)] | Loss 1843942.553853 | MAPE 0.035329 | RMSE 78.303919 | Likelihood -1843939.680916 | KL fp 2.8729 | FP STD 0.1509|
Epoch 0073 [Val seq (cond on sampled tp)] |  MAPE 0.025466 | RMSE 87.995192 |
Epoch 0073 [Test seq (cond on sampled tp)] | MAPE 0.064133 | RMSE 289.682478|
0.06616230309009552,0.06614811718463898,0.060088351368904114
243.66482486194022,333.6507108863999,291.7318974675207
Experiment 07-07_01:09
Epoch 0074 [Train seq (cond on sampled tp)] | Loss 1918873.162545 | MAPE 0.039122 | RMSE 93.482869 | Likelihood -1918870.102166 | KL fp 3.0604 | FP STD 0.1344|
Epoch 0074 [Val seq (cond on sampled tp)] |  MAPE 0.031871 | RMSE 97.887815 |
Epoch 0074 [Test seq (cond on sampled tp)] | MAPE 0.071785 | RMSE 271.468754|
0.07304008305072784,0.06998134404420853,0.07233434915542603
274.4706980034481,238.24414670144574,301.6914167448255
Experiment 07-07_01:09
Epoch 0075 [Train seq (cond on sampled tp)] | Loss 1843925.369821 | MAPE 0.029577 | RMSE 79.318684 | Likelihood -1843922.601762 | KL fp 2.7681 | FP STD 0.1725|
Epoch 0075 [Val seq (cond on sampled tp)] |  MAPE 0.029187 | RMSE 79.452776 |
Epoch 0075 [Test seq (cond on sampled tp)] | MAPE 0.066412 | RMSE 282.527692|
0.06604191660881042,0.06469745188951492,0.06849709153175354
242.27907945951503,266.7146327303772,338.58936458858244
Experiment 07-07_01:09
Epoch 0076 [Train seq (cond on sampled tp)] | Loss 1864138.323034 | MAPE 0.039223 | RMSE 83.747801 | Likelihood -1864135.576923 | KL fp 2.7461 | FP STD 0.1851|
Epoch 0076 [Val seq (cond on sampled tp)] |  MAPE 0.027836 | RMSE 87.776199 |
Epoch 0076 [Test seq (cond on sampled tp)] | MAPE 0.057409 | RMSE 301.962711|
0.07010166347026825,0.05523364245891571,0.046892497688531876
251.84519054371478,313.8818696978212,340.16107168149034
Experiment 07-07_01:09
Epoch 0077 [Train seq (cond on sampled tp)] | Loss 1874827.879590 | MAPE 0.033961 | RMSE 84.240644 | Likelihood -1874825.129129 | KL fp 2.7505 | FP STD 0.1677|
Epoch 0077 [Val seq (cond on sampled tp)] |  MAPE 0.028546 | RMSE 92.195397 |
Epoch 0077 [Test seq (cond on sampled tp)] | MAPE 0.052255 | RMSE 266.305774|
0.05770573392510414,0.05044351890683174,0.048615578562021255
218.23867023857161,264.5970403273627,316.08161277983254
Experiment 07-07_01:09
Epoch 0078 [Train seq (cond on sampled tp)] | Loss 1851899.687049 | MAPE 0.030563 | RMSE 79.394303 | Likelihood -1851896.747581 | KL fp 2.9395 | FP STD 0.1622|
Epoch 0078 [Val seq (cond on sampled tp)] |  MAPE 0.032603 | RMSE 90.679719 |
Epoch 0078 [Test seq (cond on sampled tp)] | MAPE 0.058186 | RMSE 270.351320|
0.05214422568678856,0.05493390932679176,0.06747947633266449
230.46095961409603,265.23173829690893,315.36126357322325
Experiment 07-07_01:09
Epoch 0079 [Train seq (cond on sampled tp)] | Loss 1868661.779848 | MAPE 0.038100 | RMSE 83.740528 | Likelihood -1868658.965035 | KL fp 2.8148 | FP STD 0.1882|
Epoch 0079 [Val seq (cond on sampled tp)] |  MAPE 0.025503 | RMSE 76.850978 |
Epoch 0079 [Test seq (cond on sampled tp)] | MAPE 0.057166 | RMSE 279.944561|
0.05653715878725052,0.054743945598602295,0.06021618843078613
222.94550728541267,291.3411606261635,325.54701561372053
Experiment 07-07_01:09
Epoch 0080 [Train seq (cond on sampled tp)] | Loss 1867481.746543 | MAPE 0.036665 | RMSE 84.761421 | Likelihood -1867478.968480 | KL fp 2.7781 | FP STD 0.1956|
Epoch 0080 [Val seq (cond on sampled tp)] |  MAPE 0.026283 | RMSE 86.728234 |
Epoch 0080 [Test seq (cond on sampled tp)] | MAPE 0.054988 | RMSE 288.412072|
0.05255444347858429,0.0517607182264328,0.060649823397397995
244.49204358219922,297.88709060649137,322.85708186827804
Experiment 07-07_01:09
Epoch 0081 [Train seq (cond on sampled tp)] | Loss 1865028.975043 | MAPE 0.034049 | RMSE 82.813951 | Likelihood -1865026.302221 | KL fp 2.6728 | FP STD 0.1975|
Epoch 0081 [Val seq (cond on sampled tp)] |  MAPE 0.030942 | RMSE 89.994127 |
Epoch 0081 [Test seq (cond on sampled tp)] | MAPE 0.067476 | RMSE 281.711760|
0.06807389855384827,0.06363898515701294,0.0707164853811264
247.27468437195506,282.12426617095525,315.73632937547745
Experiment 07-07_01:09
Epoch 0082 [Train seq (cond on sampled tp)] | Loss 1831260.255291 | MAPE 0.032102 | RMSE 75.753852 | Likelihood -1831257.290076 | KL fp 2.9652 | FP STD 0.1589|
Epoch 0082 [Val seq (cond on sampled tp)] |  MAPE 0.022454 | RMSE 84.732515 |
Best Val!
Epoch 0082 [Test seq (cond on sampled tp)] | MAPE 0.058400 | RMSE 275.029799|
0.053330838680267334,0.06145649775862694,0.06041371077299118
205.94352229434165,288.80508132648913,330.3407923077318
Experiment 07-07_01:09
Epoch 0083 [Train seq (cond on sampled tp)] | Loss 1835118.762107 | MAPE 0.032608 | RMSE 78.168272 | Likelihood -1835116.213811 | KL fp 2.5483 | FP STD 0.2252|
Epoch 0083 [Val seq (cond on sampled tp)] |  MAPE 0.024899 | RMSE 86.732718 |
Epoch 0083 [Test seq (cond on sampled tp)] | MAPE 0.061166 | RMSE 319.164812|
0.06560617685317993,0.06003459170460701,0.057855911552906036
299.8739709236198,300.77358594131897,356.84687936494555
Experiment 07-07_01:09
Epoch 0084 [Train seq (cond on sampled tp)] | Loss 1865572.487566 | MAPE 0.033145 | RMSE 82.613412 | Likelihood -1865569.697591 | KL fp 2.7900 | FP STD 0.1728|
Epoch 0084 [Val seq (cond on sampled tp)] |  MAPE 0.024424 | RMSE 79.893032 |
Epoch 0084 [Test seq (cond on sampled tp)] | MAPE 0.055288 | RMSE 304.843353|
0.06475353986024857,0.05207236111164093,0.04903899133205414
282.348687353067,288.5944656867141,343.586904490698
Experiment 07-07_01:09
Epoch 0085 [Train seq (cond on sampled tp)] | Loss 1827812.067178 | MAPE 0.029932 | RMSE 75.020362 | Likelihood -1827809.296003 | KL fp 2.7712 | FP STD 0.1825|
Epoch 0085 [Val seq (cond on sampled tp)] |  MAPE 0.024062 | RMSE 81.002878 |
Epoch 0085 [Test seq (cond on sampled tp)] | MAPE 0.060066 | RMSE 269.055543|
0.06036464869976044,0.058177340775728226,0.06165560707449913
212.09800211223111,289.1592743411492,305.9093513608239
Experiment 07-07_01:09
Epoch 0086 [Train seq (cond on sampled tp)] | Loss 1846235.406994 | MAPE 0.032746 | RMSE 79.368653 | Likelihood -1846232.559832 | KL fp 2.8472 | FP STD 0.1692|
Epoch 0086 [Val seq (cond on sampled tp)] |  MAPE 0.022568 | RMSE 88.030873 |
Epoch 0086 [Test seq (cond on sampled tp)] | MAPE 0.052187 | RMSE 290.430882|
0.04921445623040199,0.05419904738664627,0.05314703658223152
251.09890512754131,290.87983451074774,329.3139056242539
Experiment 07-07_01:09
Epoch 0087 [Train seq (cond on sampled tp)] | Loss 1900628.391657 | MAPE 0.045526 | RMSE 89.623297 | Likelihood -1900625.639982 | KL fp 2.7517 | FP STD 0.1734|
Epoch 0087 [Val seq (cond on sampled tp)] |  MAPE 0.023682 | RMSE 96.261936 |
Epoch 0087 [Test seq (cond on sampled tp)] | MAPE 0.054732 | RMSE 282.358059|
0.05983483046293259,0.055632561445236206,0.04872770234942436
261.53537045684664,270.619024183445,314.9197814523565
Experiment 07-07_01:09
Epoch 0088 [Train seq (cond on sampled tp)] | Loss 1913838.519624 | MAPE 0.035358 | RMSE 89.037733 | Likelihood -1913836.281660 | KL fp 2.2380 | FP STD 0.2482|
Epoch 0088 [Val seq (cond on sampled tp)] |  MAPE 0.024979 | RMSE 87.621169 |
Epoch 0088 [Test seq (cond on sampled tp)] | MAPE 0.051211 | RMSE 293.301776|
0.05957715958356857,0.05312918871641159,0.04092646390199661
271.9863708671815,292.5404886507165,315.3784680744708
Experiment 07-07_01:09
Epoch 0089 [Train seq (cond on sampled tp)] | Loss 1862136.808500 | MAPE 0.042187 | RMSE 81.624568 | Likelihood -1862134.301201 | KL fp 2.5073 | FP STD 0.2390|
Epoch 0089 [Val seq (cond on sampled tp)] |  MAPE 0.026077 | RMSE 93.330028 |
Epoch 0089 [Test seq (cond on sampled tp)] | MAPE 0.052204 | RMSE 299.500097|
0.060999706387519836,0.052851106971502304,0.0427616722881794
259.6085544863651,292.2697010040555,346.6220361395103
Experiment 07-07_01:09
Epoch 0090 [Train seq (cond on sampled tp)] | Loss 1858335.585227 | MAPE 0.054615 | RMSE 81.687256 | Likelihood -1858332.862739 | KL fp 2.7225 | FP STD 0.1841|
Epoch 0090 [Val seq (cond on sampled tp)] |  MAPE 0.037260 | RMSE 86.755274 |
Epoch 0090 [Test seq (cond on sampled tp)] | MAPE 0.064772 | RMSE 313.654664|
0.06035459414124489,0.06419307738542557,0.06976903975009918
278.6665373928129,310.0062499369972,352.29120589364703
Experiment 07-07_01:09
Epoch 0091 [Train seq (cond on sampled tp)] | Loss 1901946.914058 | MAPE 0.033411 | RMSE 86.753432 | Likelihood -1901944.496020 | KL fp 2.4180 | FP STD 0.2297|
Epoch 0091 [Val seq (cond on sampled tp)] |  MAPE 0.029476 | RMSE 84.015560 |
Epoch 0091 [Test seq (cond on sampled tp)] | MAPE 0.048521 | RMSE 290.176278|
0.04594951495528221,0.04674059897661209,0.052872784435749054
250.6178848740648,318.33994457576324,301.57100376611146
0.04594951495528221,0.04674059897661209,0.052872784435749054
250.6178848740648,318.33994457576324,301.57100376611146
Epoch 0091 [Test seq (cond on sampled tp)] | Best Test MAPE 0.048521|Best Test RMSE 290.176278|
Experiment 07-07_01:09
Epoch 0092 [Train seq (cond on sampled tp)] | Loss 1848118.706649 | MAPE 0.034620 | RMSE 80.159034 | Likelihood -1848115.891028 | KL fp 2.8156 | FP STD 0.1906|
Epoch 0092 [Val seq (cond on sampled tp)] |  MAPE 0.024904 | RMSE 88.031006 |
Epoch 0092 [Test seq (cond on sampled tp)] | MAPE 0.051836 | RMSE 267.386833|
0.05438108742237091,0.04984556883573532,0.05128130689263344
221.89127581148836,293.20232189138613,287.0669020454988
Experiment 07-07_01:09
Epoch 0093 [Train seq (cond on sampled tp)] | Loss 1874452.660364 | MAPE 0.038398 | RMSE 84.329932 | Likelihood -1874449.890267 | KL fp 2.7701 | FP STD 0.1974|
Epoch 0093 [Val seq (cond on sampled tp)] |  MAPE 0.026318 | RMSE 82.764187 |
Epoch 0093 [Test seq (cond on sampled tp)] | MAPE 0.057711 | RMSE 270.616568|
0.05573737621307373,0.06596741825342178,0.05142824351787567
239.45235368962236,265.30529289386595,307.09205663774503
Experiment 07-07_01:09
Epoch 0094 [Train seq (cond on sampled tp)] | Loss 1902155.667671 | MAPE 0.034037 | RMSE 87.231786 | Likelihood -1902153.200057 | KL fp 2.4676 | FP STD 0.2476|
Epoch 0094 [Val seq (cond on sampled tp)] |  MAPE 0.023647 | RMSE 80.786826 |
Epoch 0094 [Test seq (cond on sampled tp)] | MAPE 0.056666 | RMSE 294.234796|
0.065684013068676,0.060480996966362,0.04383275285363197
258.7100512639584,297.8251768026001,326.1691590455787
Experiment 07-07_01:09
Epoch 0095 [Train seq (cond on sampled tp)] | Loss 1858839.855264 | MAPE 0.036935 | RMSE 80.746052 | Likelihood -1858836.913742 | KL fp 2.9415 | FP STD 0.1872|
Epoch 0095 [Val seq (cond on sampled tp)] |  MAPE 0.024107 | RMSE 88.449149 |
Epoch 0095 [Test seq (cond on sampled tp)] | MAPE 0.051699 | RMSE 269.230146|
0.056679997593164444,0.05253607779741287,0.04588131234049797
227.51551286395835,273.50155678258943,306.6733680766884
Experiment 07-07_01:09
Epoch 0096 [Train seq (cond on sampled tp)] | Loss 1870922.310615 | MAPE 0.041499 | RMSE 85.853313 | Likelihood -1870919.123037 | KL fp 3.1876 | FP STD 0.1499|
Epoch 0096 [Val seq (cond on sampled tp)] |  MAPE 0.025575 | RMSE 87.212648 |
Epoch 0096 [Test seq (cond on sampled tp)] | MAPE 0.055958 | RMSE 273.315792|
0.053996242582798004,0.05765339359641075,0.05622415989637375
229.10873510191618,281.99491628839695,308.8437231230384
Experiment 07-07_01:09
Epoch 0097 [Train seq (cond on sampled tp)] | Loss 1856366.553172 | MAPE 0.031213 | RMSE 82.477531 | Likelihood -1856363.631228 | KL fp 2.9219 | FP STD 0.1673|
Epoch 0097 [Val seq (cond on sampled tp)] |  MAPE 0.024952 | RMSE 83.532983 |
Epoch 0097 [Test seq (cond on sampled tp)] | MAPE 0.060110 | RMSE 305.417008|
0.0684414878487587,0.0598139651119709,0.052073173224925995
256.09943747497766,304.58273198755046,355.56885540989106
Experiment 07-07_01:09
Epoch 0098 [Train seq (cond on sampled tp)] | Loss 1867972.649041 | MAPE 0.031453 | RMSE 82.281112 | Likelihood -1867969.866918 | KL fp 2.7821 | FP STD 0.1751|
Epoch 0098 [Val seq (cond on sampled tp)] |  MAPE 0.023994 | RMSE 84.880436 |
Epoch 0098 [Test seq (cond on sampled tp)] | MAPE 0.054567 | RMSE 271.673424|
0.05625603720545769,0.055049121379852295,0.05239536985754967
219.5705414126631,291.79144949775343,303.6582809055271
Experiment 07-07_01:09
Epoch 0099 [Train seq (cond on sampled tp)] | Loss 1852132.673370 | MAPE 0.035586 | RMSE 79.442088 | Likelihood -1852129.741270 | KL fp 2.9321 | FP STD 0.1691|
Epoch 0099 [Val seq (cond on sampled tp)] |  MAPE 0.024274 | RMSE 84.480958 |
Epoch 0099 [Test seq (cond on sampled tp)] | MAPE 0.058089 | RMSE 290.103196|
0.06897064298391342,0.055177971720695496,0.0501168854534626
252.60277147381024,291.23277846080447,326.4740370611421
Experiment 07-07_01:09
Epoch 0100 [Train seq (cond on sampled tp)] | Loss 1854164.675383 | MAPE 0.035763 | RMSE 81.510509 | Likelihood -1854161.952581 | KL fp 2.7228 | FP STD 0.1894|
Epoch 0100 [Val seq (cond on sampled tp)] |  MAPE 0.027513 | RMSE 94.579177 |
Epoch 0100 [Test seq (cond on sampled tp)] | MAPE 0.057353 | RMSE 289.281186|
0.05751257762312889,0.05774316191673279,0.0568033792078495
254.64478169353873,289.52080559952856,323.67797219999386
