/data2/yuanjingyang/CG-ODE/run_models_covid.py
run_models_covid.py --rec-layers 2
Namespace(save='experiments/', load=None, dataset='Dec', datapath='data/', pred_length=14, condition_length=21, features='Confirmed,Deaths,Recovered,Mortality_Rate,Testing_Rate,Population,Mobility', split_interval=3, feature_out='Deaths', niters=100, lr=0.005, batch_size=8, random_seed=1991, dropout=0.2, l2=1e-05, optimizer='AdamW', clip=10, edge_lamda=0.5, z0_encoder='GTrans', rec_dims=64, ode_dims=20, rec_layers=2, gen_layers=1, encoder='base', graf_layer=1, cheb_K=2, heavyBall=False, actv_h=None, gamma_guess=-3.0, gamma_act='sigmoid', corr=-100, corrf=True, sign=1, augment_dim=0, solver='rk4', rtol=0.01, atol=0.01, alias='run', output_dim=1, feature_out_index=[1], num_atoms=50)
run
Experiment 07-15_07:59
Epoch 0001 [Train seq (cond on sampled tp)] | Loss 4405174.305016 | MAPE 0.063738 | RMSE 286.888801 | Likelihood -4405173.014739 | KL fp 1.2903 | FP STD 0.5250 | ->nfe   52.00 | <-nfe   52.00
Epoch 0001 [Val seq (cond on sampled tp)] |  MAPE 0.058492 | RMSE 308.089374 |
Best Val!
Epoch 0001 [Test seq (cond on sampled tp)] | MAPE 0.125969 | RMSE 909.275932|
0.14011800289154053,0.13057516515254974,0.10721473395824432
855.0002558479149,940.3309590245341,932.4965817631719
0.14011800289154053,0.13057516515254974,0.10721473395824432
855.0002558479149,940.3309590245341,932.4965817631719
Epoch 0001 [Test seq (cond on sampled tp)] | Best Test MAPE 0.125969|Best Test RMSE 909.275932|
Experiment 07-15_07:59
Epoch 0002 [Train seq (cond on sampled tp)] | Loss 4257994.860809 | MAPE 0.078077 | RMSE 279.524358 | Likelihood -4257992.354868 | KL fp 2.5059 | FP STD 1.0270 | ->nfe   52.00 | <-nfe   52.00
Epoch 0002 [Val seq (cond on sampled tp)] |  MAPE 0.057411 | RMSE 291.296147 |
Best Val!
Epoch 0002 [Test seq (cond on sampled tp)] | MAPE 0.108709 | RMSE 881.281187|
0.11793243139982224,0.11091513186693192,0.09727870672941208
824.7913751367676,912.5319514953983,906.5202355711647
0.11793243139982224,0.11091513186693192,0.09727870672941208
824.7913751367676,912.5319514953983,906.5202355711647
Epoch 0002 [Test seq (cond on sampled tp)] | Best Test MAPE 0.108709|Best Test RMSE 881.281187|
Experiment 07-15_07:59
Epoch 0003 [Train seq (cond on sampled tp)] | Loss 3979802.003927 | MAPE 0.125436 | RMSE 264.997082 | Likelihood -3979797.420822 | KL fp 4.5831 | FP STD 1.2998 | ->nfe   52.00 | <-nfe   52.00
Epoch 0003 [Val seq (cond on sampled tp)] |  MAPE 0.053159 | RMSE 261.749508 |
Best Val!
Epoch 0003 [Test seq (cond on sampled tp)] | MAPE 0.093051 | RMSE 826.488109|
0.09533701092004776,0.09754678606987,0.08626800030469894
763.8787125584794,858.4046612757878,857.1809537664728
0.09533701092004776,0.09754678606987,0.08626800030469894
763.8787125584794,858.4046612757878,857.1809537664728
Epoch 0003 [Test seq (cond on sampled tp)] | Best Test MAPE 0.093051|Best Test RMSE 826.488109|
Experiment 07-15_07:59
Epoch 0004 [Train seq (cond on sampled tp)] | Loss 3602225.172743 | MAPE 0.150022 | RMSE 243.646464 | Likelihood -3602219.636738 | KL fp 5.5360 | FP STD 1.1674 | ->nfe   52.00 | <-nfe   52.00
Epoch 0004 [Val seq (cond on sampled tp)] |  MAPE 0.051229 | RMSE 221.448551 |
Best Val!
Epoch 0004 [Test seq (cond on sampled tp)] | MAPE 0.078713 | RMSE 750.431482|
0.08134069293737411,0.08222596347332001,0.07257318496704102
684.5512672546886,788.1100414916689,778.6331372989465
0.08134069293737411,0.08222596347332001,0.07257318496704102
684.5512672546886,788.1100414916689,778.6331372989465
Epoch 0004 [Test seq (cond on sampled tp)] | Best Test MAPE 0.078713|Best Test RMSE 750.431482|
Experiment 07-15_07:59
Epoch 0005 [Train seq (cond on sampled tp)] | Loss 3202152.876527 | MAPE 0.196617 | RMSE 218.196882 | Likelihood -3202147.277715 | KL fp 5.5988 | FP STD 0.9204 | ->nfe   52.00 | <-nfe   52.00
Epoch 0005 [Val seq (cond on sampled tp)] |  MAPE 0.063656 | RMSE 186.966930 |
Epoch 0005 [Test seq (cond on sampled tp)] | MAPE 0.085407 | RMSE 662.054271|
0.09039590507745743,0.08786426484584808,0.07795973122119904
587.4583495874409,703.921515511495,694.7829472216484
Experiment 07-15_07:59
Epoch 0006 [Train seq (cond on sampled tp)] | Loss 2839464.512294 | MAPE 0.237229 | RMSE 192.279959 | Likelihood -2839459.283565 | KL fp 5.2287 | FP STD 0.6889 | ->nfe   52.00 | <-nfe   52.00
Epoch 0006 [Val seq (cond on sampled tp)] |  MAPE 0.037687 | RMSE 143.291845 |
Best Val!
Epoch 0006 [Test seq (cond on sampled tp)] | MAPE 0.054522 | RMSE 561.052529|
0.05425305292010307,0.056683339178562164,0.05262819677591324
484.24712828265694,601.5372234949389,597.3732344606678
0.05425305292010307,0.056683339178562164,0.05262819677591324
484.24712828265694,601.5372234949389,597.3732344606678
Epoch 0006 [Test seq (cond on sampled tp)] | Best Test MAPE 0.054522|Best Test RMSE 561.052529|
Experiment 07-15_07:59
Epoch 0007 [Train seq (cond on sampled tp)] | Loss 2489842.455828 | MAPE 0.084057 | RMSE 162.912668 | Likelihood -2489838.139141 | KL fp 4.3167 | FP STD 0.4885 | ->nfe   52.00 | <-nfe   52.00
Epoch 0007 [Val seq (cond on sampled tp)] |  MAPE 0.034807 | RMSE 116.979344 |
Best Val!
Epoch 0007 [Test seq (cond on sampled tp)] | MAPE 0.052734 | RMSE 475.723838|
0.054076239466667175,0.051424309611320496,0.052702050656080246
397.41901690784755,505.746771492414,524.0057251595636
0.054076239466667175,0.051424309611320496,0.052702050656080246
397.41901690784755,505.746771492414,524.0057251595636
Epoch 0007 [Test seq (cond on sampled tp)] | Best Test MAPE 0.052734|Best Test RMSE 475.723838|
Experiment 07-15_07:59
Epoch 0008 [Train seq (cond on sampled tp)] | Loss 2316461.443549 | MAPE 0.042334 | RMSE 143.869170 | Likelihood -2316456.636109 | KL fp 4.8074 | FP STD 0.4056 | ->nfe   52.00 | <-nfe   52.00
Epoch 0008 [Val seq (cond on sampled tp)] |  MAPE 0.032828 | RMSE 113.133054 |
Best Val!
Epoch 0008 [Test seq (cond on sampled tp)] | MAPE 0.064206 | RMSE 440.906187|
0.07030276209115982,0.06151852384209633,0.06079785153269768
365.4662903401626,478.2320958488671,479.02017507094627
Experiment 07-15_07:59
Epoch 0009 [Train seq (cond on sampled tp)] | Loss 2201728.735905 | MAPE 0.046656 | RMSE 130.823938 | Likelihood -2201724.520058 | KL fp 4.2158 | FP STD 0.3473 | ->nfe   52.00 | <-nfe   52.00
Epoch 0009 [Val seq (cond on sampled tp)] |  MAPE 0.030787 | RMSE 106.547066 |
Best Val!
Epoch 0009 [Test seq (cond on sampled tp)] | MAPE 0.053897 | RMSE 383.763163|
0.05710524320602417,0.05671174079179764,0.04787350445985794
316.8478908522195,415.61024409896345,418.8313540376365
Experiment 07-15_07:59
Epoch 0010 [Train seq (cond on sampled tp)] | Loss 2215965.833655 | MAPE 0.039939 | RMSE 131.807431 | Likelihood -2215962.248801 | KL fp 3.5849 | FP STD 0.3054 | ->nfe   52.00 | <-nfe   52.00
Epoch 0010 [Val seq (cond on sampled tp)] |  MAPE 0.035600 | RMSE 93.254927 |
Epoch 0010 [Test seq (cond on sampled tp)] | MAPE 0.073893 | RMSE 373.319353|
0.07572764903306961,0.07495351880788803,0.07099668681621552
292.2905500097463,413.0441486693644,414.62336071427524
Experiment 07-15_07:59
Epoch 0011 [Train seq (cond on sampled tp)] | Loss 2102224.599149 | MAPE 0.045403 | RMSE 117.516746 | Likelihood -2102220.464060 | KL fp 4.1351 | FP STD 0.2982 | ->nfe   52.00 | <-nfe   52.00
Epoch 0011 [Val seq (cond on sampled tp)] |  MAPE 0.028099 | RMSE 103.463809 |
Best Val!
Epoch 0011 [Test seq (cond on sampled tp)] | MAPE 0.058340 | RMSE 379.729311|
0.05978822708129883,0.06454318016767502,0.05068941041827202
318.92268606591784,406.2479999950769,414.01724752720145
Experiment 07-15_07:59
Epoch 0012 [Train seq (cond on sampled tp)] | Loss 2125896.040247 | MAPE 0.051049 | RMSE 121.854887 | Likelihood -2125892.482973 | KL fp 3.5573 | FP STD 0.3156 | ->nfe   52.00 | <-nfe   52.00
Epoch 0012 [Val seq (cond on sampled tp)] |  MAPE 0.027093 | RMSE 96.831613 |
Best Val!
Epoch 0012 [Test seq (cond on sampled tp)] | MAPE 0.060750 | RMSE 362.752287|
0.06010473519563675,0.060246095061302185,0.06189928576350212
305.63225962748106,377.6023040183945,405.0222987688456
Experiment 07-15_07:59
Epoch 0013 [Train seq (cond on sampled tp)] | Loss 2071782.996849 | MAPE 0.034881 | RMSE 113.717842 | Likelihood -2071779.509838 | KL fp 3.4870 | FP STD 0.3338 | ->nfe   52.00 | <-nfe   52.00
Epoch 0013 [Val seq (cond on sampled tp)] |  MAPE 0.023476 | RMSE 90.184679 |
Best Val!
Epoch 0013 [Test seq (cond on sampled tp)] | MAPE 0.055889 | RMSE 340.031603|
0.0662921592593193,0.05865824222564697,0.04271676391363144
285.1300142040469,364.84851308454034,370.1162824032469
Experiment 07-15_07:59
Epoch 0014 [Train seq (cond on sampled tp)] | Loss 2033620.322790 | MAPE 0.046700 | RMSE 109.655209 | Likelihood -2033616.704527 | KL fp 3.6183 | FP STD 0.2838 | ->nfe   52.00 | <-nfe   52.00
Epoch 0014 [Val seq (cond on sampled tp)] |  MAPE 0.022859 | RMSE 81.453085 |
Best Val!
Epoch 0014 [Test seq (cond on sampled tp)] | MAPE 0.054357 | RMSE 329.828814|
0.06316293776035309,0.05781448259949684,0.042093414813280106
272.4539381941469,359.29427354189767,357.7382291914019
Experiment 07-15_07:59
Epoch 0015 [Train seq (cond on sampled tp)] | Loss 2021244.368895 | MAPE 0.038890 | RMSE 107.720842 | Likelihood -2021240.938810 | KL fp 3.4301 | FP STD 0.2617 | ->nfe   52.00 | <-nfe   52.00
Epoch 0015 [Val seq (cond on sampled tp)] |  MAPE 0.024015 | RMSE 78.255753 |
Epoch 0015 [Test seq (cond on sampled tp)] | MAPE 0.046763 | RMSE 286.501233|
0.052854303270578384,0.04699237644672394,0.04044182226061821
240.98381526307944,285.39648955444426,333.12339352333095
0.052854303270578384,0.04699237644672394,0.04044182226061821
240.98381526307944,285.39648955444426,333.12339352333095
Epoch 0015 [Test seq (cond on sampled tp)] | Best Test MAPE 0.046763|Best Test RMSE 286.501233|
Experiment 07-15_07:59
Epoch 0016 [Train seq (cond on sampled tp)] | Loss 1972475.751677 | MAPE 0.044407 | RMSE 98.834215 | Likelihood -1972472.320467 | KL fp 3.4312 | FP STD 0.2667 | ->nfe   52.00 | <-nfe   52.00
Epoch 0016 [Val seq (cond on sampled tp)] |  MAPE 0.025341 | RMSE 96.683248 |
Epoch 0016 [Test seq (cond on sampled tp)] | MAPE 0.051207 | RMSE 320.289937|
0.0534500814974308,0.05428943410515785,0.04588015377521515
271.40417565413395,358.5904697562388,330.8751652814094
Experiment 07-15_07:59
Epoch 0017 [Train seq (cond on sampled tp)] | Loss 2023804.233594 | MAPE 0.071312 | RMSE 106.647904 | Likelihood -2023800.620709 | KL fp 3.6129 | FP STD 0.2103 | ->nfe   52.00 | <-nfe   52.00
Epoch 0017 [Val seq (cond on sampled tp)] |  MAPE 0.027046 | RMSE 96.460702 |
Epoch 0017 [Test seq (cond on sampled tp)] | MAPE 0.056798 | RMSE 320.743179|
0.057063210755586624,0.05991992726922035,0.05341228470206261
253.08851588920427,355.97905266672643,353.16196709158817
Experiment 07-15_07:59
Epoch 0018 [Train seq (cond on sampled tp)] | Loss 1996074.165532 | MAPE 0.047836 | RMSE 103.005291 | Likelihood -1996070.915105 | KL fp 3.2504 | FP STD 0.2587 | ->nfe   52.00 | <-nfe   52.00
Epoch 0018 [Val seq (cond on sampled tp)] |  MAPE 0.033133 | RMSE 82.822016 |
Epoch 0018 [Test seq (cond on sampled tp)] | MAPE 0.065712 | RMSE 307.088602|
0.059729378670454025,0.06930899620056152,0.06809695065021515
247.31062830982415,337.4685402004163,336.48663838628124
Experiment 07-15_07:59
Epoch 0019 [Train seq (cond on sampled tp)] | Loss 2009377.267780 | MAPE 0.058975 | RMSE 104.499103 | Likelihood -2009374.006208 | KL fp 3.2616 | FP STD 0.2774 | ->nfe   52.00 | <-nfe   52.00
Epoch 0019 [Val seq (cond on sampled tp)] |  MAPE 0.024703 | RMSE 82.134703 |
Epoch 0019 [Test seq (cond on sampled tp)] | MAPE 0.055669 | RMSE 318.339142|
0.05858897417783737,0.05719229578971863,0.051225632429122925
269.4247053909496,330.2178968120898,355.3748241293972
Experiment 07-15_07:59
Epoch 0020 [Train seq (cond on sampled tp)] | Loss 1979447.376530 | MAPE 0.066758 | RMSE 100.288780 | Likelihood -1979444.177235 | KL fp 3.1993 | FP STD 0.2756 | ->nfe   52.00 | <-nfe   52.00
Epoch 0020 [Val seq (cond on sampled tp)] |  MAPE 0.026716 | RMSE 85.417092 |
Epoch 0020 [Test seq (cond on sampled tp)] | MAPE 0.050138 | RMSE 305.276266|
0.05129840597510338,0.05509239435195923,0.044024694710969925
250.46517659646818,326.1472898668637,339.216330311499
Experiment 07-15_07:59
Epoch 0021 [Train seq (cond on sampled tp)] | Loss 1990911.329662 | MAPE 0.070311 | RMSE 102.073267 | Likelihood -1990908.037949 | KL fp 3.2917 | FP STD 0.2373 | ->nfe   52.00 | <-nfe   52.00
Epoch 0021 [Val seq (cond on sampled tp)] |  MAPE 0.025885 | RMSE 85.160341 |
Epoch 0021 [Test seq (cond on sampled tp)] | MAPE 0.052791 | RMSE 292.199453|
0.05686548724770546,0.049222953617572784,0.05228403955698013
265.7604213619854,298.61139567169903,312.2265428539028
Experiment 07-15_07:59
Epoch 0022 [Train seq (cond on sampled tp)] | Loss 2000308.462400 | MAPE 0.038923 | RMSE 101.351864 | Likelihood -2000305.150030 | KL fp 3.3124 | FP STD 0.2334 | ->nfe   52.00 | <-nfe   52.00
Epoch 0022 [Val seq (cond on sampled tp)] |  MAPE 0.029369 | RMSE 76.858548 |
Epoch 0022 [Test seq (cond on sampled tp)] | MAPE 0.065223 | RMSE 271.040237|
0.06220497936010361,0.06402509659528732,0.06944027543067932
231.95780192741955,298.05930880027887,283.10360018463206
Experiment 07-15_07:59
Epoch 0023 [Train seq (cond on sampled tp)] | Loss 1967218.417079 | MAPE 0.055075 | RMSE 96.908557 | Likelihood -1967214.903660 | KL fp 3.5134 | FP STD 0.2521 | ->nfe   52.00 | <-nfe   52.00
Epoch 0023 [Val seq (cond on sampled tp)] |  MAPE 0.030887 | RMSE 96.987827 |
Epoch 0023 [Test seq (cond on sampled tp)] | MAPE 0.061608 | RMSE 287.835767|
0.06393379718065262,0.05917908996343613,0.06171166151762009
243.02190134070221,309.15914186709733,311.3262582284058
Experiment 07-15_07:59
Epoch 0024 [Train seq (cond on sampled tp)] | Loss 1990818.804087 | MAPE 0.040662 | RMSE 102.747234 | Likelihood -1990815.323481 | KL fp 3.4806 | FP STD 0.2161 | ->nfe   52.00 | <-nfe   52.00
Epoch 0024 [Val seq (cond on sampled tp)] |  MAPE 0.033268 | RMSE 99.711909 |
Epoch 0024 [Test seq (cond on sampled tp)] | MAPE 0.063604 | RMSE 272.704780|
0.06593235582113266,0.06116117164492607,0.06371797621250153
229.31509776397192,275.9556548387802,312.8435861177275
Experiment 07-15_07:59
Epoch 0025 [Train seq (cond on sampled tp)] | Loss 1974101.712024 | MAPE 0.049206 | RMSE 98.809939 | Likelihood -1974098.458849 | KL fp 3.2532 | FP STD 0.2319 | ->nfe   52.00 | <-nfe   52.00
Epoch 0025 [Val seq (cond on sampled tp)] |  MAPE 0.033896 | RMSE 82.504099 |
Epoch 0025 [Test seq (cond on sampled tp)] | MAPE 0.059628 | RMSE 254.059905|
0.06118683144450188,0.0595131479203701,0.05818488076329231
214.7603497214977,269.2355642601846,278.1837999641604
Experiment 07-15_07:59
Epoch 0026 [Train seq (cond on sampled tp)] | Loss 1964422.738679 | MAPE 0.115692 | RMSE 96.331633 | Likelihood -1964419.226244 | KL fp 3.5124 | FP STD 0.2519 | ->nfe   52.00 | <-nfe   52.00
Epoch 0026 [Val seq (cond on sampled tp)] |  MAPE 0.028631 | RMSE 89.199615 |
Epoch 0026 [Test seq (cond on sampled tp)] | MAPE 0.042401 | RMSE 291.901326|
0.044417109340429306,0.04474684223532677,0.038039278239011765
253.94498358404326,308.67313061311313,313.0858633226674
0.044417109340429306,0.04474684223532677,0.038039278239011765
253.94498358404326,308.67313061311313,313.0858633226674
Epoch 0026 [Test seq (cond on sampled tp)] | Best Test MAPE 0.042401|Best Test RMSE 291.901326|
Experiment 07-15_07:59
Epoch 0027 [Train seq (cond on sampled tp)] | Loss 1974240.672956 | MAPE 0.070973 | RMSE 99.851516 | Likelihood -1974237.477834 | KL fp 3.1951 | FP STD 0.2398 | ->nfe   52.00 | <-nfe   52.00
Epoch 0027 [Val seq (cond on sampled tp)] |  MAPE 0.033543 | RMSE 88.749563 |
Epoch 0027 [Test seq (cond on sampled tp)] | MAPE 0.058964 | RMSE 267.903100|
0.060746464878320694,0.05804197117686272,0.058104246854782104
222.2387686982179,282.81716156379196,298.65337087918493
Experiment 07-15_07:59
Epoch 0028 [Train seq (cond on sampled tp)] | Loss 1936072.301592 | MAPE 0.060733 | RMSE 93.766364 | Likelihood -1936069.177270 | KL fp 3.1243 | FP STD 0.2773 | ->nfe   52.00 | <-nfe   52.00
Epoch 0028 [Val seq (cond on sampled tp)] |  MAPE 0.028373 | RMSE 80.765158 |
Epoch 0028 [Test seq (cond on sampled tp)] | MAPE 0.050004 | RMSE 288.239679|
0.05023558437824249,0.053020961582660675,0.04675596207380295
244.6720301623175,314.2787377472425,305.7682690780716
Experiment 07-15_07:59
Epoch 0029 [Train seq (cond on sampled tp)] | Loss 1987794.084016 | MAPE 0.080880 | RMSE 102.092447 | Likelihood -1987791.137189 | KL fp 2.9468 | FP STD 0.2976 | ->nfe   52.00 | <-nfe   52.00
Epoch 0029 [Val seq (cond on sampled tp)] |  MAPE 0.025784 | RMSE 87.482973 |
Epoch 0029 [Test seq (cond on sampled tp)] | MAPE 0.045880 | RMSE 274.679515|
0.04210570827126503,0.05061846598982811,0.04491519182920456
215.1590345680376,310.225434664052,298.6540771737429
Experiment 07-15_07:59
Epoch 0030 [Train seq (cond on sampled tp)] | Loss 1967251.592001 | MAPE 0.051066 | RMSE 97.614510 | Likelihood -1967248.429190 | KL fp 3.1628 | FP STD 0.2432 | ->nfe   52.00 | <-nfe   52.00
Epoch 0030 [Val seq (cond on sampled tp)] |  MAPE 0.026085 | RMSE 82.331857 |
Epoch 0030 [Test seq (cond on sampled tp)] | MAPE 0.049642 | RMSE 248.834317|
0.04630594328045845,0.045983538031578064,0.05663785710930824
213.69000437257236,248.36861466376948,284.44433220755167
Experiment 07-15_07:59
Epoch 0031 [Train seq (cond on sampled tp)] | Loss 1970151.948707 | MAPE 0.072461 | RMSE 95.378661 | Likelihood -1970148.510475 | KL fp 3.4382 | FP STD 0.2360 | ->nfe   52.00 | <-nfe   52.00
Epoch 0031 [Val seq (cond on sampled tp)] |  MAPE 0.031386 | RMSE 87.340930 |
Epoch 0031 [Test seq (cond on sampled tp)] | MAPE 0.059388 | RMSE 273.130047|
0.05564989522099495,0.06588384509086609,0.05663033202290535
253.11401982357674,286.2896806558001,279.98643940376826
Experiment 07-15_07:59
Epoch 0032 [Train seq (cond on sampled tp)] | Loss 1977751.747233 | MAPE 0.065942 | RMSE 99.165388 | Likelihood -1977748.022490 | KL fp 3.7247 | FP STD 0.1947 | ->nfe   52.00 | <-nfe   52.00
Epoch 0032 [Val seq (cond on sampled tp)] |  MAPE 0.027460 | RMSE 83.899418 |
Epoch 0032 [Test seq (cond on sampled tp)] | MAPE 0.051105 | RMSE 277.555129|
0.04565257951617241,0.04997127130627632,0.05769046023488045
232.38189204410915,292.42624604334,307.85724928528157
Experiment 07-15_07:59
Epoch 0033 [Train seq (cond on sampled tp)] | Loss 1970135.912574 | MAPE 0.070826 | RMSE 98.907705 | Likelihood -1970132.551825 | KL fp 3.3607 | FP STD 0.2031 | ->nfe   52.00 | <-nfe   52.00
Epoch 0033 [Val seq (cond on sampled tp)] |  MAPE 0.030243 | RMSE 83.172067 |
Epoch 0033 [Test seq (cond on sampled tp)] | MAPE 0.054588 | RMSE 283.237565|
0.04957554116845131,0.05795745551586151,0.056230247020721436
207.24980209580417,306.22524134613724,336.2376507955348
Experiment 07-15_07:59
Epoch 0034 [Train seq (cond on sampled tp)] | Loss 1970342.084512 | MAPE 0.094225 | RMSE 97.948102 | Likelihood -1970338.736375 | KL fp 3.3481 | FP STD 0.2080 | ->nfe   52.00 | <-nfe   52.00
Epoch 0034 [Val seq (cond on sampled tp)] |  MAPE 0.027633 | RMSE 85.064615 |
Epoch 0034 [Test seq (cond on sampled tp)] | MAPE 0.047612 | RMSE 303.252492|
0.05038044974207878,0.047250665724277496,0.04520570486783981
247.77144205900728,330.7109883455644,331.2750462229233
Experiment 07-15_07:59
Epoch 0035 [Train seq (cond on sampled tp)] | Loss 1953216.212308 | MAPE 0.059825 | RMSE 95.991722 | Likelihood -1953212.947758 | KL fp 3.2645 | FP STD 0.2050 | ->nfe   52.00 | <-nfe   52.00
Epoch 0035 [Val seq (cond on sampled tp)] |  MAPE 0.036191 | RMSE 88.112710 |
Epoch 0035 [Test seq (cond on sampled tp)] | MAPE 0.065552 | RMSE 304.653469|
0.05661732703447342,0.06768849492073059,0.07235116511583328
253.85524295353838,334.552557997245,325.55260711596213
Experiment 07-15_07:59
Epoch 0036 [Train seq (cond on sampled tp)] | Loss 1964039.150196 | MAPE 0.064474 | RMSE 97.107836 | Likelihood -1964036.042420 | KL fp 3.1078 | FP STD 0.2140 | ->nfe   52.00 | <-nfe   52.00
Epoch 0036 [Val seq (cond on sampled tp)] |  MAPE 0.038575 | RMSE 83.465606 |
Epoch 0036 [Test seq (cond on sampled tp)] | MAPE 0.077671 | RMSE 281.122083|
0.07235031574964523,0.07843916863203049,0.0822221040725708
229.10833443209788,293.2685149739058,320.9894006232916
Experiment 07-15_07:59
Epoch 0037 [Train seq (cond on sampled tp)] | Loss 1961985.068956 | MAPE 0.071170 | RMSE 95.201462 | Likelihood -1961981.911216 | KL fp 3.1577 | FP STD 0.2736 | ->nfe   52.00 | <-nfe   52.00
Epoch 0037 [Val seq (cond on sampled tp)] |  MAPE 0.031500 | RMSE 80.605270 |
Epoch 0037 [Test seq (cond on sampled tp)] | MAPE 0.051676 | RMSE 250.329543|
0.045058123767375946,0.055488552898168564,0.054481327533721924
192.15644057967455,263.8145655569457,295.01762394389254
Experiment 07-15_07:59
Epoch 0038 [Train seq (cond on sampled tp)] | Loss 1919358.856381 | MAPE 0.075397 | RMSE 90.369392 | Likelihood -1919355.692741 | KL fp 3.1636 | FP STD 0.2573 | ->nfe   52.00 | <-nfe   52.00
Epoch 0038 [Val seq (cond on sampled tp)] |  MAPE 0.033310 | RMSE 82.006508 |
Epoch 0038 [Test seq (cond on sampled tp)] | MAPE 0.061397 | RMSE 261.586905|
0.05733902007341385,0.059032294899225235,0.06781917065382004
197.66285809111938,276.153164588965,310.94469212787664
Experiment 07-15_07:59
Epoch 0039 [Train seq (cond on sampled tp)] | Loss 1943121.912848 | MAPE 0.072279 | RMSE 92.274209 | Likelihood -1943118.365651 | KL fp 3.5472 | FP STD 0.1946 | ->nfe   52.00 | <-nfe   52.00
Epoch 0039 [Val seq (cond on sampled tp)] |  MAPE 0.028444 | RMSE 82.551514 |
Epoch 0039 [Test seq (cond on sampled tp)] | MAPE 0.044671 | RMSE 255.692741|
0.04281940683722496,0.050165195018053055,0.04102977737784386
191.9649015770852,280.34401300009955,294.7693086338875
Experiment 07-15_07:59
Epoch 0040 [Train seq (cond on sampled tp)] | Loss 1938768.985432 | MAPE 0.071079 | RMSE 93.990161 | Likelihood -1938765.811502 | KL fp 3.1739 | FP STD 0.2432 | ->nfe   52.00 | <-nfe   52.00
Epoch 0040 [Val seq (cond on sampled tp)] |  MAPE 0.032710 | RMSE 81.991455 |
Epoch 0040 [Test seq (cond on sampled tp)] | MAPE 0.058124 | RMSE 253.224775|
0.05985734984278679,0.056212034076452255,0.05830378457903862
238.29378860452908,257.24167867979713,264.1388573033131
Experiment 07-15_07:59
Epoch 0041 [Train seq (cond on sampled tp)] | Loss 1931407.883140 | MAPE 0.091910 | RMSE 91.762673 | Likelihood -1931404.596758 | KL fp 3.2864 | FP STD 0.2332 | ->nfe   52.00 | <-nfe   52.00
Epoch 0041 [Val seq (cond on sampled tp)] |  MAPE 0.027891 | RMSE 83.443706 |
Epoch 0041 [Test seq (cond on sampled tp)] | MAPE 0.049099 | RMSE 252.279003|
0.04972216486930847,0.05085630342364311,0.04671795293688774
228.76669167243296,270.45271652360975,257.61760057301984
Experiment 07-15_07:59
Epoch 0042 [Train seq (cond on sampled tp)] | Loss 1996809.564601 | MAPE 0.083993 | RMSE 101.403274 | Likelihood -1996806.175319 | KL fp 3.3893 | FP STD 0.2097 | ->nfe   52.00 | <-nfe   52.00
Epoch 0042 [Val seq (cond on sampled tp)] |  MAPE 0.040718 | RMSE 99.192743 |
Epoch 0042 [Test seq (cond on sampled tp)] | MAPE 0.064147 | RMSE 253.160191|
0.06712431460618973,0.06045060604810715,0.06486570090055466
220.23655605961514,276.95128745864315,262.2927306703333
Experiment 07-15_07:59
Epoch 0043 [Train seq (cond on sampled tp)] | Loss 1928245.662695 | MAPE 0.071361 | RMSE 90.753814 | Likelihood -1928242.721888 | KL fp 2.9408 | FP STD 0.2724 | ->nfe   52.00 | <-nfe   52.00
Epoch 0043 [Val seq (cond on sampled tp)] |  MAPE 0.031114 | RMSE 75.394445 |
Epoch 0043 [Test seq (cond on sampled tp)] | MAPE 0.052203 | RMSE 255.851367|
0.05291472747921944,0.05252392217516899,0.051169805228710175
205.8672585065435,269.45571586533475,292.2311264222208
Experiment 07-15_07:59
Epoch 0044 [Train seq (cond on sampled tp)] | Loss 1940424.631062 | MAPE 0.081704 | RMSE 92.993838 | Likelihood -1940421.757855 | KL fp 2.8732 | FP STD 0.3420 | ->nfe   52.00 | <-nfe   52.00
Epoch 0044 [Val seq (cond on sampled tp)] |  MAPE 0.028336 | RMSE 84.096017 |
Epoch 0044 [Test seq (cond on sampled tp)] | MAPE 0.049499 | RMSE 287.368814|
0.04612863063812256,0.05088157579302788,0.05148538574576378
231.49382416168254,324.39818077094696,306.21443671061627
Experiment 07-15_07:59
Epoch 0045 [Train seq (cond on sampled tp)] | Loss 1943832.643113 | MAPE 0.078513 | RMSE 95.447582 | Likelihood -1943829.815099 | KL fp 2.8280 | FP STD 0.2933 | ->nfe   52.00 | <-nfe   52.00
Epoch 0045 [Val seq (cond on sampled tp)] |  MAPE 0.036450 | RMSE 80.532678 |
Epoch 0045 [Test seq (cond on sampled tp)] | MAPE 0.050959 | RMSE 282.745543|
0.04332888871431351,0.050725772976875305,0.0588236041367054
226.62730107767246,292.7418337887498,328.8674932628642
Experiment 07-15_07:59
Epoch 0046 [Train seq (cond on sampled tp)] | Loss 1924954.493189 | MAPE 0.080228 | RMSE 91.868524 | Likelihood -1924951.462982 | KL fp 3.0302 | FP STD 0.2424 | ->nfe   52.00 | <-nfe   52.00
Epoch 0046 [Val seq (cond on sampled tp)] |  MAPE 0.033644 | RMSE 86.153736 |
Epoch 0046 [Test seq (cond on sampled tp)] | MAPE 0.058842 | RMSE 278.958034|
0.05712485313415527,0.0595998577773571,0.05980249121785164
234.30371415910162,297.0765631533393,305.493824098786
Experiment 07-15_07:59
Epoch 0047 [Train seq (cond on sampled tp)] | Loss 1909492.743521 | MAPE 0.075706 | RMSE 87.716592 | Likelihood -1909489.482668 | KL fp 3.2609 | FP STD 0.2339 | ->nfe   52.00 | <-nfe   52.00
Epoch 0047 [Val seq (cond on sampled tp)] |  MAPE 0.031725 | RMSE 86.157386 |
Epoch 0047 [Test seq (cond on sampled tp)] | MAPE 0.046509 | RMSE 288.464877|
0.04575603827834129,0.04580526426434517,0.047966670244932175
243.12365841532164,317.7174329297969,304.55354106462136
Experiment 07-15_07:59
Epoch 0048 [Train seq (cond on sampled tp)] | Loss 1968060.018107 | MAPE 0.074296 | RMSE 98.709514 | Likelihood -1968056.808425 | KL fp 3.2097 | FP STD 0.2034 | ->nfe   52.00 | <-nfe   52.00
Epoch 0048 [Val seq (cond on sampled tp)] |  MAPE 0.033831 | RMSE 86.517526 |
Epoch 0048 [Test seq (cond on sampled tp)] | MAPE 0.062760 | RMSE 303.687388|
0.058300845324993134,0.06399822980165482,0.06598169356584549
271.3879977311082,323.16924261909577,316.50492442851504
Experiment 07-15_07:59
Epoch 0049 [Train seq (cond on sampled tp)] | Loss 1947412.860690 | MAPE 0.069713 | RMSE 95.281760 | Likelihood -1947409.811683 | KL fp 3.0490 | FP STD 0.2121 | ->nfe   52.00 | <-nfe   52.00
Epoch 0049 [Val seq (cond on sampled tp)] |  MAPE 0.032361 | RMSE 83.839234 |
Epoch 0049 [Test seq (cond on sampled tp)] | MAPE 0.056027 | RMSE 286.591151|
0.05912862718105316,0.056912921369075775,0.052039679139852524
258.0785067087145,318.0202185003337,283.6747284523244
Experiment 07-15_07:59
Epoch 0050 [Train seq (cond on sampled tp)] | Loss 1933210.811199 | MAPE 0.071026 | RMSE 92.228945 | Likelihood -1933207.925025 | KL fp 2.8862 | FP STD 0.2359 | ->nfe   52.00 | <-nfe   52.00
Epoch 0050 [Val seq (cond on sampled tp)] |  MAPE 0.029551 | RMSE 76.660989 |
Epoch 0050 [Test seq (cond on sampled tp)] | MAPE 0.057560 | RMSE 275.599089|
0.0598599947988987,0.05727863311767578,0.0555407889187336
252.2340183242538,284.2289322667557,290.3343169950807
Experiment 07-15_07:59
Epoch 0051 [Train seq (cond on sampled tp)] | Loss 1934044.682657 | MAPE 0.069322 | RMSE 90.397384 | Likelihood -1934041.912275 | KL fp 2.7704 | FP STD 0.2720 | ->nfe   52.00 | <-nfe   52.00
Epoch 0051 [Val seq (cond on sampled tp)] |  MAPE 0.035511 | RMSE 84.385242 |
Epoch 0051 [Test seq (cond on sampled tp)] | MAPE 0.049803 | RMSE 267.939816|
0.04769297316670418,0.05175546556711197,0.04996003955602646
204.6139180719386,315.81340911208946,283.3921201268659
Experiment 07-15_07:59
Epoch 0052 [Train seq (cond on sampled tp)] | Loss 1938548.729007 | MAPE 0.077928 | RMSE 93.090929 | Likelihood -1938545.970159 | KL fp 2.7588 | FP STD 0.2668 | ->nfe   52.00 | <-nfe   52.00
Epoch 0052 [Val seq (cond on sampled tp)] |  MAPE 0.033610 | RMSE 87.700833 |
Epoch 0052 [Test seq (cond on sampled tp)] | MAPE 0.050298 | RMSE 275.394259|
0.05600177124142647,0.04949580878019333,0.04539493843913078
253.84674110326884,312.729678096755,259.6063576600157
Experiment 07-15_07:59
Epoch 0053 [Train seq (cond on sampled tp)] | Loss 2002486.053155 | MAPE 0.088906 | RMSE 101.542218 | Likelihood -2002483.316795 | KL fp 2.7364 | FP STD 0.2304 | ->nfe   52.00 | <-nfe   52.00
Epoch 0053 [Val seq (cond on sampled tp)] |  MAPE 0.043392 | RMSE 83.275384 |
Epoch 0053 [Test seq (cond on sampled tp)] | MAPE 0.076891 | RMSE 258.295403|
0.08517204225063324,0.07744449377059937,0.06805754452943802
243.79068570702205,267.4901721325477,263.6053513303552
Experiment 07-15_07:59
Epoch 0054 [Train seq (cond on sampled tp)] | Loss 1930709.706318 | MAPE 0.102276 | RMSE 88.978052 | Likelihood -1930706.545715 | KL fp 3.1606 | FP STD 0.2148 | ->nfe   52.00 | <-nfe   52.00
Epoch 0054 [Val seq (cond on sampled tp)] |  MAPE 0.033981 | RMSE 81.467509 |
Epoch 0054 [Test seq (cond on sampled tp)] | MAPE 0.049934 | RMSE 241.552784|
0.04919327050447464,0.054087165743112564,0.04652126133441925
180.21402206820645,257.45868904059154,286.9856404290988
Experiment 07-15_07:59
Epoch 0055 [Train seq (cond on sampled tp)] | Loss 1923275.444240 | MAPE 0.095274 | RMSE 91.883442 | Likelihood -1923272.294514 | KL fp 3.1497 | FP STD 0.1761 | ->nfe   52.00 | <-nfe   52.00
Epoch 0055 [Val seq (cond on sampled tp)] |  MAPE 0.041595 | RMSE 81.360790 |
Epoch 0055 [Test seq (cond on sampled tp)] | MAPE 0.053022 | RMSE 256.139450|
0.05429358407855034,0.05246546491980553,0.052307844161987305
220.77874423560345,260.7453109597563,286.894294013492
Experiment 07-15_07:59
Epoch 0056 [Train seq (cond on sampled tp)] | Loss 1914053.615257 | MAPE 0.085043 | RMSE 89.648860 | Likelihood -1914050.465321 | KL fp 3.1499 | FP STD 0.1839 | ->nfe   52.00 | <-nfe   52.00
Epoch 0056 [Val seq (cond on sampled tp)] |  MAPE 0.028352 | RMSE 85.333319 |
Epoch 0056 [Test seq (cond on sampled tp)] | MAPE 0.052730 | RMSE 280.924853|
0.05083852633833885,0.05667479336261749,0.05067751929163933
253.67548936830693,289.79240953655085,299.3066597362979
Experiment 07-15_07:59
Epoch 0057 [Train seq (cond on sampled tp)] | Loss 1906189.426460 | MAPE 0.077336 | RMSE 86.293365 | Likelihood -1906186.180794 | KL fp 3.2457 | FP STD 0.1817 | ->nfe   52.00 | <-nfe   52.00
Epoch 0057 [Val seq (cond on sampled tp)] |  MAPE 0.032672 | RMSE 78.823952 |
Epoch 0057 [Test seq (cond on sampled tp)] | MAPE 0.053365 | RMSE 264.168569|
0.05439065024256706,0.05411135032773018,0.05159308388829231
250.06883427368552,248.00898578730974,294.4278880303291
Experiment 07-15_07:59
Epoch 0058 [Train seq (cond on sampled tp)] | Loss 1919104.010794 | MAPE 0.074888 | RMSE 88.531602 | Likelihood -1919100.836567 | KL fp 3.1742 | FP STD 0.2204 | ->nfe   52.00 | <-nfe   52.00
Epoch 0058 [Val seq (cond on sampled tp)] |  MAPE 0.033010 | RMSE 99.241233 |
Epoch 0058 [Test seq (cond on sampled tp)] | MAPE 0.048245 | RMSE 273.361516|
0.05276334658265114,0.04775935411453247,0.04421333596110344
235.51332731662978,285.1880273389821,299.383194042351
Experiment 07-15_07:59
Epoch 0059 [Train seq (cond on sampled tp)] | Loss 1990183.817140 | MAPE 0.075903 | RMSE 102.550826 | Likelihood -1990181.375964 | KL fp 2.4412 | FP STD 0.3520 | ->nfe   52.00 | <-nfe   52.00
Epoch 0059 [Val seq (cond on sampled tp)] |  MAPE 0.038385 | RMSE 93.697600 |
Epoch 0059 [Test seq (cond on sampled tp)] | MAPE 0.047204 | RMSE 257.343742|
0.050623610615730286,0.04614607244729996,0.04484303295612335
218.94104157854918,262.91037862264017,290.1798068655019
Experiment 07-15_07:59
Epoch 0060 [Train seq (cond on sampled tp)] | Loss 1934885.651264 | MAPE 0.076408 | RMSE 92.860130 | Likelihood -1934883.095341 | KL fp 2.5559 | FP STD 0.2889 | ->nfe   52.00 | <-nfe   52.00
Epoch 0060 [Val seq (cond on sampled tp)] |  MAPE 0.041125 | RMSE 83.495947 |
Epoch 0060 [Test seq (cond on sampled tp)] | MAPE 0.060701 | RMSE 254.855516|
0.058674562722444534,0.05977906659245491,0.0636497214436531
232.01920212829367,259.426666540855,273.12068074387923
Experiment 07-15_07:59
Epoch 0061 [Train seq (cond on sampled tp)] | Loss 1937059.991277 | MAPE 0.108146 | RMSE 88.748348 | Likelihood -1937056.966384 | KL fp 3.0249 | FP STD 0.2342 | ->nfe   52.00 | <-nfe   52.00
Epoch 0061 [Val seq (cond on sampled tp)] |  MAPE 0.030529 | RMSE 97.566309 |
Epoch 0061 [Test seq (cond on sampled tp)] | MAPE 0.047461 | RMSE 277.828451|
0.053513992577791214,0.048064932227134705,0.04080471396446228
252.83861113613563,306.61419671143733,274.0325453983523
Experiment 07-15_07:59
Epoch 0062 [Train seq (cond on sampled tp)] | Loss 1928428.529385 | MAPE 0.101979 | RMSE 89.861034 | Likelihood -1928425.487854 | KL fp 3.0415 | FP STD 0.2179 | ->nfe   52.00 | <-nfe   52.00
Epoch 0062 [Val seq (cond on sampled tp)] |  MAPE 0.031507 | RMSE 93.293760 |
Epoch 0062 [Test seq (cond on sampled tp)] | MAPE 0.050383 | RMSE 288.853202|
0.04951440542936325,0.04893312230706215,0.05270058661699295
267.6425146067044,296.71540447034425,302.2016865853002
Experiment 07-15_07:59
Epoch 0063 [Train seq (cond on sampled tp)] | Loss 1950424.117491 | MAPE 0.107974 | RMSE 95.178377 | Likelihood -1950421.148469 | KL fp 2.9690 | FP STD 0.2265 | ->nfe   52.00 | <-nfe   52.00
Epoch 0063 [Val seq (cond on sampled tp)] |  MAPE 0.032817 | RMSE 95.091409 |
Epoch 0063 [Test seq (cond on sampled tp)] | MAPE 0.050650 | RMSE 269.055082|
0.05422722548246384,0.04833567142486572,0.04938724264502525
252.73378719019743,268.6208119729371,285.8106480915293
Experiment 07-15_07:59
Epoch 0064 [Train seq (cond on sampled tp)] | Loss 1922771.091500 | MAPE 0.089731 | RMSE 89.458329 | Likelihood -1922768.097865 | KL fp 2.9936 | FP STD 0.2371 | ->nfe   52.00 | <-nfe   52.00
Epoch 0064 [Val seq (cond on sampled tp)] |  MAPE 0.046555 | RMSE 85.729547 |
Epoch 0064 [Test seq (cond on sampled tp)] | MAPE 0.071026 | RMSE 297.702534|
0.07197396457195282,0.06827684491872787,0.07282695919275284
267.28989996818063,314.8912510693176,310.9264508087081
Experiment 07-15_07:59
Epoch 0065 [Train seq (cond on sampled tp)] | Loss 1932302.231007 | MAPE 0.107168 | RMSE 92.811002 | Likelihood -1932299.027838 | KL fp 3.2032 | FP STD 0.2142 | ->nfe   52.00 | <-nfe   52.00
Epoch 0065 [Val seq (cond on sampled tp)] |  MAPE 0.032924 | RMSE 109.274355 |
Epoch 0065 [Test seq (cond on sampled tp)] | MAPE 0.055500 | RMSE 328.073635|
0.05568608269095421,0.05454285070300102,0.05627114325761795
292.4396038073503,353.2362767150339,338.5450256243621
Experiment 07-15_07:59
Epoch 0066 [Train seq (cond on sampled tp)] | Loss 1944381.062240 | MAPE 0.103436 | RMSE 93.953222 | Likelihood -1944378.424763 | KL fp 2.6375 | FP STD 0.2672 | ->nfe   52.00 | <-nfe   52.00
Epoch 0066 [Val seq (cond on sampled tp)] |  MAPE 0.043546 | RMSE 86.098120 |
Epoch 0066 [Test seq (cond on sampled tp)] | MAPE 0.060518 | RMSE 242.872290|
0.06438280642032623,0.053272832185029984,0.06389748305082321
224.61313094685715,237.3903282965631,266.6134110233392
Experiment 07-15_07:59
Epoch 0067 [Train seq (cond on sampled tp)] | Loss 1991434.695087 | MAPE 0.135949 | RMSE 94.253785 | Likelihood -1991431.801492 | KL fp 2.8936 | FP STD 0.2682 | ->nfe   52.00 | <-nfe   52.00
Epoch 0067 [Val seq (cond on sampled tp)] |  MAPE 0.046106 | RMSE 102.747125 |
Epoch 0067 [Test seq (cond on sampled tp)] | MAPE 0.052850 | RMSE 279.866669|
0.06309199333190918,0.05452553555369377,0.040933407843112946
244.1476563987457,292.81286686209677,302.639482305267
Experiment 07-15_07:59
Epoch 0068 [Train seq (cond on sampled tp)] | Loss 1963350.179858 | MAPE 0.176440 | RMSE 95.441270 | Likelihood -1963347.510077 | KL fp 2.6698 | FP STD 0.2925 | ->nfe   52.00 | <-nfe   52.00
Epoch 0068 [Val seq (cond on sampled tp)] |  MAPE 0.041182 | RMSE 94.994084 |
Epoch 0068 [Test seq (cond on sampled tp)] | MAPE 0.049645 | RMSE 268.954854|
0.05210581794381142,0.0494031086564064,0.04742616042494774
221.92407027798944,305.83528042068656,279.10521089725285
Experiment 07-15_07:59
Epoch 0069 [Train seq (cond on sampled tp)] | Loss 1956862.244191 | MAPE 0.114793 | RMSE 95.418183 | Likelihood -1956859.363079 | KL fp 2.8811 | FP STD 0.2104 | ->nfe   52.00 | <-nfe   52.00
Epoch 0069 [Val seq (cond on sampled tp)] |  MAPE 0.034101 | RMSE 92.375793 |
Epoch 0069 [Test seq (cond on sampled tp)] | MAPE 0.048517 | RMSE 271.971488|
0.04776947572827339,0.04881644248962402,0.048963770270347595
233.24205338821298,296.4176213554113,286.2547898070878
Experiment 07-15_07:59
Epoch 0070 [Train seq (cond on sampled tp)] | Loss 1939680.698358 | MAPE 0.105485 | RMSE 89.365915 | Likelihood -1939677.870653 | KL fp 2.8277 | FP STD 0.2744 | ->nfe   52.00 | <-nfe   52.00
Epoch 0070 [Val seq (cond on sampled tp)] |  MAPE 0.035679 | RMSE 95.200062 |
Epoch 0070 [Test seq (cond on sampled tp)] | MAPE 0.045468 | RMSE 276.511907|
0.042148418724536896,0.046768106520175934,0.04748884215950966
241.21984915217902,276.89685297507447,311.4190178641953
Experiment 07-15_07:59
Epoch 0071 [Train seq (cond on sampled tp)] | Loss 1911911.417134 | MAPE 0.109003 | RMSE 87.509181 | Likelihood -1911908.661911 | KL fp 2.7552 | FP STD 0.2639 | ->nfe   52.00 | <-nfe   52.00
Epoch 0071 [Val seq (cond on sampled tp)] |  MAPE 0.032292 | RMSE 91.229541 |
Epoch 0071 [Test seq (cond on sampled tp)] | MAPE 0.046205 | RMSE 258.543751|
0.04591492563486099,0.04390924796462059,0.04879087954759598
226.9905439247415,267.0798247949478,281.5608837356496
Experiment 07-15_07:59
Epoch 0072 [Train seq (cond on sampled tp)] | Loss 1904407.521426 | MAPE 0.097761 | RMSE 86.349068 | Likelihood -1904404.732114 | KL fp 2.7893 | FP STD 0.2675 | ->nfe   52.00 | <-nfe   52.00
Epoch 0072 [Val seq (cond on sampled tp)] |  MAPE 0.033134 | RMSE 87.967143 |
Epoch 0072 [Test seq (cond on sampled tp)] | MAPE 0.042884 | RMSE 254.403113|
0.043486449867486954,0.040753383189439774,0.044412173330783844
227.85424857515824,249.77035546427442,285.5847345797741
Experiment 07-15_07:59
Epoch 0073 [Train seq (cond on sampled tp)] | Loss 1908974.959604 | MAPE 0.116152 | RMSE 87.731840 | Likelihood -1908972.155248 | KL fp 2.8044 | FP STD 0.2820 | ->nfe   52.00 | <-nfe   52.00
Epoch 0073 [Val seq (cond on sampled tp)] |  MAPE 0.032195 | RMSE 88.238292 |
Epoch 0073 [Test seq (cond on sampled tp)] | MAPE 0.053731 | RMSE 248.912490|
0.04838481917977333,0.05406220257282257,0.058745305985212326
226.43571452511637,261.1137503560469,259.18800488255624
Experiment 07-15_07:59
Epoch 0074 [Train seq (cond on sampled tp)] | Loss 1936234.511980 | MAPE 0.108158 | RMSE 89.502437 | Likelihood -1936231.455845 | KL fp 3.0561 | FP STD 0.2529 | ->nfe   52.00 | <-nfe   52.00
Epoch 0074 [Val seq (cond on sampled tp)] |  MAPE 0.041721 | RMSE 86.299021 |
Epoch 0074 [Test seq (cond on sampled tp)] | MAPE 0.067735 | RMSE 290.332025|
0.06780169904232025,0.07079147547483444,0.06461088359355927
253.4314580044277,314.98793379667734,302.57668191303173
Experiment 07-15_07:59
Epoch 0075 [Train seq (cond on sampled tp)] | Loss 1905376.232161 | MAPE 0.091749 | RMSE 89.001700 | Likelihood -1905373.372789 | KL fp 2.8594 | FP STD 0.2633 | ->nfe   52.00 | <-nfe   52.00
Epoch 0075 [Val seq (cond on sampled tp)] |  MAPE 0.029685 | RMSE 81.617507 |
Epoch 0075 [Test seq (cond on sampled tp)] | MAPE 0.061042 | RMSE 268.694512|
0.0526202954351902,0.06412754952907562,0.06637698411941528
234.96032743582478,265.95363493943825,305.1695737618677
Experiment 07-15_07:59
Epoch 0076 [Train seq (cond on sampled tp)] | Loss 1913835.371335 | MAPE 0.079796 | RMSE 89.052137 | Likelihood -1913832.485900 | KL fp 2.8854 | FP STD 0.2409 | ->nfe   52.00 | <-nfe   52.00
Epoch 0076 [Val seq (cond on sampled tp)] |  MAPE 0.036571 | RMSE 87.794009 |
Epoch 0076 [Test seq (cond on sampled tp)] | MAPE 0.059146 | RMSE 269.825250|
0.055036697536706924,0.06344632804393768,0.058954790234565735
218.85372540809078,294.23207783142885,296.38994584837053
Experiment 07-15_07:59
Epoch 0077 [Train seq (cond on sampled tp)] | Loss 1943429.826753 | MAPE 0.104597 | RMSE 93.054764 | Likelihood -1943426.726463 | KL fp 3.1003 | FP STD 0.2500 | ->nfe   52.00 | <-nfe   52.00
Epoch 0077 [Val seq (cond on sampled tp)] |  MAPE 0.030345 | RMSE 86.059833 |
Epoch 0077 [Test seq (cond on sampled tp)] | MAPE 0.052496 | RMSE 240.606169|
0.04181545972824097,0.05671699717640877,0.05895647406578064
209.59729803542317,261.1294129593601,251.0917956520085
Experiment 07-15_07:59
Epoch 0078 [Train seq (cond on sampled tp)] | Loss 1984743.109338 | MAPE 0.090534 | RMSE 100.612599 | Likelihood -1984740.366309 | KL fp 2.7430 | FP STD 0.2353 | ->nfe   52.00 | <-nfe   52.00
Epoch 0078 [Val seq (cond on sampled tp)] |  MAPE 0.042241 | RMSE 93.224045 |
Epoch 0078 [Test seq (cond on sampled tp)] | MAPE 0.058582 | RMSE 259.589560|
0.057679690420627594,0.06005430966615677,0.05801159888505936
204.95968544143017,294.6914832710643,279.11751277463765
Experiment 07-15_07:59
Epoch 0079 [Train seq (cond on sampled tp)] | Loss 1964511.716799 | MAPE 0.105427 | RMSE 97.417131 | Likelihood -1964508.638852 | KL fp 3.0779 | FP STD 0.2729 | ->nfe   52.00 | <-nfe   52.00
Epoch 0079 [Val seq (cond on sampled tp)] |  MAPE 0.032700 | RMSE 89.288466 |
Epoch 0079 [Test seq (cond on sampled tp)] | MAPE 0.063276 | RMSE 250.832070|
0.06335894018411636,0.06239759922027588,0.06407233327627182
187.80936977424741,285.29046327821754,279.3963778174298
Experiment 07-15_07:59
Epoch 0080 [Train seq (cond on sampled tp)] | Loss 1901452.951046 | MAPE 0.097091 | RMSE 86.562407 | Likelihood -1901449.875924 | KL fp 3.0751 | FP STD 0.2310 | ->nfe   52.00 | <-nfe   52.00
Epoch 0080 [Val seq (cond on sampled tp)] |  MAPE 0.035246 | RMSE 87.228975 |
Epoch 0080 [Test seq (cond on sampled tp)] | MAPE 0.065061 | RMSE 271.409435|
0.06266546994447708,0.06604941934347153,0.06646745651960373
239.50914974693555,274.3346354135766,300.38451919997476
Experiment 07-15_07:59
Epoch 0081 [Train seq (cond on sampled tp)] | Loss 1938133.842185 | MAPE 0.108476 | RMSE 89.950093 | Likelihood -1938130.841320 | KL fp 3.0009 | FP STD 0.2792 | ->nfe   52.00 | <-nfe   52.00
Epoch 0081 [Val seq (cond on sampled tp)] |  MAPE 0.034106 | RMSE 91.729045 |
Epoch 0081 [Test seq (cond on sampled tp)] | MAPE 0.064333 | RMSE 286.660642|
0.06256914883852005,0.06686222553253174,0.06356734037399292
255.16439247571358,284.1053254296723,320.71220792557926
Experiment 07-15_07:59
Epoch 0082 [Train seq (cond on sampled tp)] | Loss 1924920.607745 | MAPE 0.122770 | RMSE 91.406211 | Likelihood -1924917.516151 | KL fp 3.0916 | FP STD 0.2755 | ->nfe   52.00 | <-nfe   52.00
Epoch 0082 [Val seq (cond on sampled tp)] |  MAPE 0.032121 | RMSE 84.258586 |
Epoch 0082 [Test seq (cond on sampled tp)] | MAPE 0.049447 | RMSE 285.090693|
0.04879702627658844,0.049930885434150696,0.049613360315561295
232.30275571439097,303.3487704977556,319.6205513964958
Experiment 07-15_07:59
Epoch 0083 [Train seq (cond on sampled tp)] | Loss 1928900.293816 | MAPE 0.113085 | RMSE 93.478476 | Likelihood -1928897.038318 | KL fp 3.2555 | FP STD 0.1982 | ->nfe   52.00 | <-nfe   52.00
Epoch 0083 [Val seq (cond on sampled tp)] |  MAPE 0.038321 | RMSE 92.334544 |
Epoch 0083 [Test seq (cond on sampled tp)] | MAPE 0.055998 | RMSE 272.544576|
0.05695700645446777,0.054086294025182724,0.05695149302482605
266.9476335585315,264.22986560001124,286.45623029531055
Experiment 07-15_07:59
Epoch 0084 [Train seq (cond on sampled tp)] | Loss 1955532.706610 | MAPE 0.109592 | RMSE 91.695583 | Likelihood -1955529.463359 | KL fp 3.2433 | FP STD 0.2719 | ->nfe   52.00 | <-nfe   52.00
Epoch 0084 [Val seq (cond on sampled tp)] |  MAPE 0.030564 | RMSE 92.516864 |
Epoch 0084 [Test seq (cond on sampled tp)] | MAPE 0.047274 | RMSE 269.512621|
0.05073735490441322,0.04817964881658554,0.04290417954325676
254.413733230441,272.7874630550312,281.33666720230406
Experiment 07-15_07:59
Epoch 0085 [Train seq (cond on sampled tp)] | Loss 1936889.307498 | MAPE 0.083339 | RMSE 94.490885 | Likelihood -1936886.501543 | KL fp 2.8060 | FP STD 0.3258 | ->nfe   52.00 | <-nfe   52.00
Epoch 0085 [Val seq (cond on sampled tp)] |  MAPE 0.038248 | RMSE 88.125186 |
Epoch 0085 [Test seq (cond on sampled tp)] | MAPE 0.059892 | RMSE 257.520036|
0.053957242518663406,0.06067388504743576,0.06504496186971664
216.80460853323666,262.29420504464065,293.46129429619845
Experiment 07-15_07:59
Epoch 0086 [Train seq (cond on sampled tp)] | Loss 1887114.015965 | MAPE 0.083953 | RMSE 83.584475 | Likelihood -1887110.486947 | KL fp 3.5290 | FP STD 0.2039 | ->nfe   52.00 | <-nfe   52.00
Epoch 0086 [Val seq (cond on sampled tp)] |  MAPE 0.031222 | RMSE 81.351211 |
Epoch 0086 [Test seq (cond on sampled tp)] | MAPE 0.053702 | RMSE 253.347188|
0.05121597275137901,0.05770343542098999,0.052187878638505936
208.44917508531907,273.38895997735534,278.2034299527955
Experiment 07-15_07:59
Epoch 0087 [Train seq (cond on sampled tp)] | Loss 1916202.450460 | MAPE 0.093294 | RMSE 88.879614 | Likelihood -1916199.063275 | KL fp 3.3872 | FP STD 0.2003 | ->nfe   52.00 | <-nfe   52.00
Epoch 0087 [Val seq (cond on sampled tp)] |  MAPE 0.031287 | RMSE 84.448365 |
Epoch 0087 [Test seq (cond on sampled tp)] | MAPE 0.041426 | RMSE 242.160728|
0.041321396827697754,0.042372044175863266,0.04058533161878586
220.83725625446445,260.0537654745649,245.5911633818489
0.041321396827697754,0.042372044175863266,0.04058533161878586
220.83725625446445,260.0537654745649,245.5911633818489
Epoch 0087 [Test seq (cond on sampled tp)] | Best Test MAPE 0.041426|Best Test RMSE 242.160728|
Experiment 07-15_07:59
Epoch 0088 [Train seq (cond on sampled tp)] | Loss 1902349.883826 | MAPE 0.094469 | RMSE 85.952246 | Likelihood -1902346.703330 | KL fp 3.1805 | FP STD 0.2641 | ->nfe   52.00 | <-nfe   52.00
Epoch 0088 [Val seq (cond on sampled tp)] |  MAPE 0.032961 | RMSE 81.630925 |
Epoch 0088 [Test seq (cond on sampled tp)] | MAPE 0.042562 | RMSE 262.709135|
0.04375498369336128,0.04370648413896561,0.040225014090538025
237.27844106397447,274.21947471414205,276.629490474172
Experiment 07-15_07:59
Epoch 0089 [Train seq (cond on sampled tp)] | Loss 1909031.722501 | MAPE 0.099277 | RMSE 86.015945 | Likelihood -1909028.369734 | KL fp 3.3528 | FP STD 0.2632 | ->nfe   52.00 | <-nfe   52.00
Epoch 0089 [Val seq (cond on sampled tp)] |  MAPE 0.030761 | RMSE 87.064819 |
Epoch 0089 [Test seq (cond on sampled tp)] | MAPE 0.045187 | RMSE 291.190894|
0.049583885818719864,0.044574178755283356,0.04140297695994377
264.88454147514915,278.06381349431285,330.62432655886045
Experiment 07-15_07:59
Epoch 0090 [Train seq (cond on sampled tp)] | Loss 1899424.120609 | MAPE 0.098128 | RMSE 86.497861 | Likelihood -1899420.967176 | KL fp 3.1534 | FP STD 0.2519 | ->nfe   52.00 | <-nfe   52.00
Epoch 0090 [Val seq (cond on sampled tp)] |  MAPE 0.035531 | RMSE 85.016988 |
Epoch 0090 [Test seq (cond on sampled tp)] | MAPE 0.062625 | RMSE 264.310911|
0.05858105421066284,0.06157444044947624,0.06772074103355408
223.5110718035015,263.9129532156389,305.5087074250094
Experiment 07-15_07:59
Epoch 0091 [Train seq (cond on sampled tp)] | Loss 1921531.325507 | MAPE 0.115685 | RMSE 87.709577 | Likelihood -1921527.687837 | KL fp 3.6377 | FP STD 0.2564 | ->nfe   52.00 | <-nfe   52.00
Epoch 0091 [Val seq (cond on sampled tp)] |  MAPE 0.031814 | RMSE 91.036909 |
Epoch 0091 [Test seq (cond on sampled tp)] | MAPE 0.042025 | RMSE 251.183669|
0.04168093204498291,0.04582374542951584,0.03856950253248215
204.14433657647717,270.625086605067,278.78158453348385
Experiment 07-15_07:59
Epoch 0092 [Train seq (cond on sampled tp)] | Loss 1900086.183765 | MAPE 0.087987 | RMSE 87.735141 | Likelihood -1900082.706680 | KL fp 3.4771 | FP STD 0.2378 | ->nfe   52.00 | <-nfe   52.00
Epoch 0092 [Val seq (cond on sampled tp)] |  MAPE 0.038506 | RMSE 85.306364 |
Epoch 0092 [Test seq (cond on sampled tp)] | MAPE 0.061720 | RMSE 265.526985|
0.059823159128427505,0.06566521525382996,0.05967016518115997
223.00462439151346,304.166792237417,269.4095395489922
Experiment 07-15_07:59
Epoch 0093 [Train seq (cond on sampled tp)] | Loss 1907297.078997 | MAPE 0.100517 | RMSE 86.676139 | Likelihood -1907293.538703 | KL fp 3.5403 | FP STD 0.2334 | ->nfe   52.00 | <-nfe   52.00
Epoch 0093 [Val seq (cond on sampled tp)] |  MAPE 0.028720 | RMSE 94.441688 |
Epoch 0093 [Test seq (cond on sampled tp)] | MAPE 0.046100 | RMSE 283.458139|
0.04423040151596069,0.04653887823224068,0.04753181338310242
231.2666632509969,312.04424265639,307.06351134578006
Experiment 07-15_07:59
Epoch 0094 [Train seq (cond on sampled tp)] | Loss 1902554.026765 | MAPE 0.088661 | RMSE 87.062021 | Likelihood -1902550.582163 | KL fp 3.4446 | FP STD 0.2299 | ->nfe   52.00 | <-nfe   52.00
Epoch 0094 [Val seq (cond on sampled tp)] |  MAPE 0.030767 | RMSE 86.167652 |
Epoch 0094 [Test seq (cond on sampled tp)] | MAPE 0.047721 | RMSE 274.798151|
0.042761143296957016,0.05188506841659546,0.04851739853620529
228.23024113545952,304.21277761215094,291.95143538780553
Experiment 07-15_07:59
Epoch 0095 [Train seq (cond on sampled tp)] | Loss 1904476.980391 | MAPE 0.090841 | RMSE 87.303409 | Likelihood -1904473.199054 | KL fp 3.7813 | FP STD 0.1843 | ->nfe   52.00 | <-nfe   52.00
Epoch 0095 [Val seq (cond on sampled tp)] |  MAPE 0.030372 | RMSE 88.063567 |
Epoch 0095 [Test seq (cond on sampled tp)] | MAPE 0.052129 | RMSE 280.532306|
0.04831710830330849,0.052617207169532776,0.055452704429626465
245.78464118766658,294.76255009329117,301.04972595901825
Experiment 07-15_07:59
Epoch 0096 [Train seq (cond on sampled tp)] | Loss 1912964.592702 | MAPE 0.099247 | RMSE 89.374395 | Likelihood -1912960.667921 | KL fp 3.9248 | FP STD 0.1921 | ->nfe   52.00 | <-nfe   52.00
Epoch 0096 [Val seq (cond on sampled tp)] |  MAPE 0.030548 | RMSE 85.429621 |
Epoch 0096 [Test seq (cond on sampled tp)] | MAPE 0.047693 | RMSE 266.783923|
0.04228109121322632,0.049800071865320206,0.05099697783589363
231.31638405277306,274.12786421212274,294.9075199320967
Experiment 07-15_07:59
Epoch 0097 [Train seq (cond on sampled tp)] | Loss 1897877.802870 | MAPE 0.094637 | RMSE 86.689146 | Likelihood -1897874.293111 | KL fp 3.5098 | FP STD 0.2688 | ->nfe   52.00 | <-nfe   52.00
Epoch 0097 [Val seq (cond on sampled tp)] |  MAPE 0.034231 | RMSE 92.666057 |
Epoch 0097 [Test seq (cond on sampled tp)] | MAPE 0.045675 | RMSE 271.470680|
0.05043605715036392,0.046552542597055435,0.04003690555691719
220.5618358590171,295.3955240436117,298.4546788249432
Experiment 07-15_07:59
Epoch 0098 [Train seq (cond on sampled tp)] | Loss 1899806.788669 | MAPE 0.112304 | RMSE 86.375030 | Likelihood -1899803.589841 | KL fp 3.1988 | FP STD 0.3115 | ->nfe   52.00 | <-nfe   52.00
Epoch 0098 [Val seq (cond on sampled tp)] |  MAPE 0.035154 | RMSE 86.149228 |
Epoch 0098 [Test seq (cond on sampled tp)] | MAPE 0.057126 | RMSE 263.382418|
0.05553872138261795,0.056443266570568085,0.05939732491970062
231.2315871047898,277.5226060612,281.39306083750535
Experiment 07-15_07:59
Epoch 0099 [Train seq (cond on sampled tp)] | Loss 1920327.833883 | MAPE 0.119513 | RMSE 85.880972 | Likelihood -1920324.099140 | KL fp 3.7347 | FP STD 0.2504 | ->nfe   52.00 | <-nfe   52.00
Epoch 0099 [Val seq (cond on sampled tp)] |  MAPE 0.032398 | RMSE 91.393092 |
Epoch 0099 [Test seq (cond on sampled tp)] | MAPE 0.060116 | RMSE 262.174050|
0.05610305070877075,0.0635630190372467,0.06068077310919762
234.36110792162168,287.05736306093945,265.1036796000765
Experiment 07-15_07:59
Epoch 0100 [Train seq (cond on sampled tp)] | Loss 1899062.711870 | MAPE 0.101683 | RMSE 85.141695 | Likelihood -1899059.147046 | KL fp 3.5648 | FP STD 0.2670 | ->nfe   52.00 | <-nfe   52.00
Epoch 0100 [Val seq (cond on sampled tp)] |  MAPE 0.032509 | RMSE 93.971306 |
Epoch 0100 [Test seq (cond on sampled tp)] | MAPE 0.060131 | RMSE 260.688670|
0.06005226448178291,0.06280317157506943,0.05753671005368233
212.93637180505354,292.17858943632405,276.9510476826185
