/nvme/yuanjingyang/CG-ODE/run_models_covid.py
run_models_covid.py --heavyBall --gamma_guess 0.0 --corr 5 --solver dopri5 --rtol 1e-2 --atol 1e-4
Namespace(save='experiments/', load=None, dataset='Dec', datapath='data/', pred_length=14, condition_length=21, features='Confirmed,Deaths,Recovered,Mortality_Rate,Testing_Rate,Population,Mobility', split_interval=3, feature_out='Deaths', niters=100, lr=0.005, batch_size=8, random_seed=1991, dropout=0.2, l2=1e-05, optimizer='AdamW', clip=10, edge_lamda=0.5, z0_encoder='GTrans', rec_dims=64, ode_dims=20, rec_layers=1, gen_layers=1, CVPR=False, graf_layer=1, heavyBall=True, actv_h=None, gamma_guess=0.0, gamma_act='sigmoid', corr=5, corrf=True, sign=1, augment_dim=0, solver='dopri5', rtol=0.01, atol=0.0001, alias='run', output_dim=1, feature_out_index=[1], num_atoms=50)
run
Experiment 07-16_23:55
Epoch 0001 [Train seq (cond on sampled tp)] | Loss 4401907.247381 | MAPE 0.063377 | RMSE 286.591574 | Likelihood -4401905.735031 | KL fp 1.5123 | FP STD 0.4321 | ->nfe   89.75 | <-nfe 1818.50
Epoch 0001 [Val seq (cond on sampled tp)] |  MAPE 0.058158 | RMSE 306.253814 |
Best Val!
Epoch 0001 [Test seq (cond on sampled tp)] | MAPE 0.123686 | RMSE 907.228991|
0.13782773911952972,0.1278625875711441,0.10536853224039078
852.592223750604,938.3862477679434,930.7085002835206
0.13782773911952972,0.1278625875711441,0.10536853224039078
852.592223750604,938.3862477679434,930.7085002835206
Epoch 0001 [Test seq (cond on sampled tp)] | Best Test MAPE 0.123686|Best Test RMSE 907.228991|
Experiment 07-16_23:55
Epoch 0002 [Train seq (cond on sampled tp)] | Loss 4220040.789102 | MAPE 0.093718 | RMSE 276.814751 | Likelihood -4220037.493464 | KL fp 3.2956 | FP STD 0.6214 | ->nfe  116.75 | <-nfe 7103.00
Epoch 0002 [Val seq (cond on sampled tp)] |  MAPE 0.067351 | RMSE 282.681620 |
Epoch 0002 [Test seq (cond on sampled tp)] | MAPE 0.111588 | RMSE 869.557029|
0.12141170352697372,0.11433565616607666,0.0990152508020401
812.2914732409789,901.2833905048956,895.0962238776343
0.12141170352697372,0.11433565616607666,0.0990152508020401
812.2914732409789,901.2833905048956,895.0962238776343
Epoch 0002 [Test seq (cond on sampled tp)] | Best Test MAPE 0.111588|Best Test RMSE 869.557029|
Experiment 07-16_23:55
Epoch 0003 [Train seq (cond on sampled tp)] | Loss 3882429.215576 | MAPE 0.229209 | RMSE 257.886525 | Likelihood -3882422.971893 | KL fp 6.2437 | FP STD 0.7363 | ->nfe  118.25 | <-nfe 7731.50
Epoch 0003 [Val seq (cond on sampled tp)] |  MAPE 0.101963 | RMSE 241.722861 |
Epoch 0003 [Test seq (cond on sampled tp)] | MAPE 0.131481 | RMSE 797.117743|
0.14012782275676727,0.13289444148540497,0.12141960114240646
737.5079660586725,831.1681162677019,822.6771465769546
Experiment 07-16_23:55
Epoch 0004 [Train seq (cond on sampled tp)] | Loss 3576639.854912 | MAPE 0.463763 | RMSE 240.169507 | Likelihood -3576631.420416 | KL fp 8.4345 | FP STD 0.7083 | ->nfe  122.00 | <-nfe 5813.00
Epoch 0004 [Val seq (cond on sampled tp)] |  MAPE 0.120658 | RMSE 206.488357 |
Epoch 0004 [Test seq (cond on sampled tp)] | MAPE 0.131212 | RMSE 717.904182|
0.14149534702301025,0.129713237285614,0.12242637574672699
654.0672270493302,750.0252079097075,749.6201121234675
Experiment 07-16_23:55
Epoch 0005 [Train seq (cond on sampled tp)] | Loss 3202348.509976 | MAPE 0.376830 | RMSE 214.751170 | Likelihood -3202343.084699 | KL fp 5.4253 | FP STD 0.5553 | ->nfe  119.75 | <-nfe 5849.75
Epoch 0005 [Val seq (cond on sampled tp)] |  MAPE 0.057474 | RMSE 172.869916 |
Best Val!
Epoch 0005 [Test seq (cond on sampled tp)] | MAPE 0.074792 | RMSE 657.366798|
0.07887183874845505,0.0748833566904068,0.07062215358018875
595.8748033353986,687.9859191873043,688.2396702820901
0.07887183874845505,0.0748833566904068,0.07062215358018875
595.8748033353986,687.9859191873043,688.2396702820901
Epoch 0005 [Test seq (cond on sampled tp)] | Best Test MAPE 0.074792|Best Test RMSE 657.366798|
Experiment 07-16_23:55
Epoch 0006 [Train seq (cond on sampled tp)] | Loss 2850993.389089 | MAPE 0.103913 | RMSE 188.580261 | Likelihood -2850988.857095 | KL fp 4.5320 | FP STD 0.4851 | ->nfe  118.25 | <-nfe 7244.75
Epoch 0006 [Val seq (cond on sampled tp)] |  MAPE 0.027564 | RMSE 145.549256 |
Best Val!
Epoch 0006 [Test seq (cond on sampled tp)] | MAPE 0.062305 | RMSE 580.234643|
0.07119005173444748,0.06338474154472351,0.052341196686029434
517.5690473260548,611.8972033765149,611.237678812424
0.07119005173444748,0.06338474154472351,0.052341196686029434
517.5690473260548,611.8972033765149,611.237678812424
Epoch 0006 [Test seq (cond on sampled tp)] | Best Test MAPE 0.062305|Best Test RMSE 580.234643|
Experiment 07-16_23:55
Epoch 0007 [Train seq (cond on sampled tp)] | Loss 2510385.112291 | MAPE 0.041294 | RMSE 158.928294 | Likelihood -2510381.121206 | KL fp 3.9911 | FP STD 0.4147 | ->nfe  125.75 | <-nfe 1109.00
Epoch 0007 [Val seq (cond on sampled tp)] |  MAPE 0.035649 | RMSE 122.951758 |
Epoch 0007 [Test seq (cond on sampled tp)] | MAPE 0.051461 | RMSE 501.351329|
0.052424125373363495,0.05032885819673538,0.05163026601076126
425.16539061287665,540.1976490137661,538.6909480397828
0.052424125373363495,0.05032885819673538,0.05163026601076126
425.16539061287665,540.1976490137661,538.6909480397828
Epoch 0007 [Test seq (cond on sampled tp)] | Best Test MAPE 0.051461|Best Test RMSE 501.351329|
Experiment 07-16_23:55
Epoch 0008 [Train seq (cond on sampled tp)] | Loss 2307880.525618 | MAPE 0.040122 | RMSE 139.118660 | Likelihood -2307876.559915 | KL fp 3.9657 | FP STD 0.3429 | ->nfe  143.00 | <-nfe 1571.75
Epoch 0008 [Val seq (cond on sampled tp)] |  MAPE 0.031133 | RMSE 101.495815 |
Epoch 0008 [Test seq (cond on sampled tp)] | MAPE 0.047767 | RMSE 440.101069|
0.0576523095369339,0.04626169055700302,0.03938613459467888
377.64250207703054,473.43406351888115,469.22664100091333
0.0576523095369339,0.04626169055700302,0.03938613459467888
377.64250207703054,473.43406351888115,469.22664100091333
Epoch 0008 [Test seq (cond on sampled tp)] | Best Test MAPE 0.047767|Best Test RMSE 440.101069|
Experiment 07-16_23:55
Epoch 0009 [Train seq (cond on sampled tp)] | Loss 2205724.753586 | MAPE 0.040824 | RMSE 127.925422 | Likelihood -2205721.246862 | KL fp 3.5067 | FP STD 0.2992 | ->nfe  154.25 | <-nfe 2018.75
Epoch 0009 [Val seq (cond on sampled tp)] |  MAPE 0.030964 | RMSE 96.338433 |
Epoch 0009 [Test seq (cond on sampled tp)] | MAPE 0.058864 | RMSE 383.876179|
0.06607319414615631,0.05780833959579468,0.05270989239215851
320.55794864189534,406.4408974561984,424.6296916137636
Experiment 07-16_23:55
Epoch 0010 [Train seq (cond on sampled tp)] | Loss 2096790.006291 | MAPE 0.044056 | RMSE 114.193043 | Likelihood -2096786.677908 | KL fp 3.3284 | FP STD 0.2608 | ->nfe  155.00 | <-nfe 1655.00
Epoch 0010 [Val seq (cond on sampled tp)] |  MAPE 0.034964 | RMSE 83.206202 |
Epoch 0010 [Test seq (cond on sampled tp)] | MAPE 0.052719 | RMSE 353.327310|
0.0556534044444561,0.05127045884728432,0.0512319840490818
295.15963636225734,373.59999079898273,391.2223033327727
Experiment 07-16_23:55
Epoch 0011 [Train seq (cond on sampled tp)] | Loss 2035129.651156 | MAPE 0.036008 | RMSE 106.539355 | Likelihood -2035126.404039 | KL fp 3.2471 | FP STD 0.2690 | ->nfe  161.00 | <-nfe 1763.75
Epoch 0011 [Val seq (cond on sampled tp)] |  MAPE 0.034741 | RMSE 90.798847 |
Epoch 0011 [Test seq (cond on sampled tp)] | MAPE 0.053124 | RMSE 356.445088|
0.054092779755592346,0.05435756966471672,0.05092303082346916
296.639301172316,384.32213051033114,388.37383327793856
Experiment 07-16_23:55
Epoch 0012 [Train seq (cond on sampled tp)] | Loss 2032188.133790 | MAPE 0.054937 | RMSE 106.546002 | Likelihood -2032184.789944 | KL fp 3.3438 | FP STD 0.2418 | ->nfe  160.25 | <-nfe 1516.25
Epoch 0012 [Val seq (cond on sampled tp)] |  MAPE 0.026957 | RMSE 79.135888 |
Best Val!
Epoch 0012 [Test seq (cond on sampled tp)] | MAPE 0.047416 | RMSE 311.226275|
0.04507221654057503,0.04725378006696701,0.049921948462724686
257.34613121241983,329.96846440228194,346.36422980368513
0.04507221654057503,0.04725378006696701,0.049921948462724686
257.34613121241983,329.96846440228194,346.36422980368513
Epoch 0012 [Test seq (cond on sampled tp)] | Best Test MAPE 0.047416|Best Test RMSE 311.226275|
Experiment 07-16_23:55
Epoch 0013 [Train seq (cond on sampled tp)] | Loss 2025126.364147 | MAPE 0.035299 | RMSE 104.490437 | Likelihood -2025123.249615 | KL fp 3.1145 | FP STD 0.2289 | ->nfe  160.25 | <-nfe 2215.25
Epoch 0013 [Val seq (cond on sampled tp)] |  MAPE 0.026522 | RMSE 83.255830 |
Best Val!
Epoch 0013 [Test seq (cond on sampled tp)] | MAPE 0.046820 | RMSE 306.351252|
0.049502864480018616,0.04965391382575035,0.04130338877439499
254.33216009040225,322.2250281247563,342.49656704483914
0.049502864480018616,0.04965391382575035,0.04130338877439499
254.33216009040225,322.2250281247563,342.49656704483914
Epoch 0013 [Test seq (cond on sampled tp)] | Best Test MAPE 0.046820|Best Test RMSE 306.351252|
Experiment 07-16_23:55
Epoch 0014 [Train seq (cond on sampled tp)] | Loss 2025514.570229 | MAPE 0.038187 | RMSE 106.611727 | Likelihood -2025511.343425 | KL fp 3.2268 | FP STD 0.2427 | ->nfe  166.25 | <-nfe 1830.50
Epoch 0014 [Val seq (cond on sampled tp)] |  MAPE 0.029366 | RMSE 85.371508 |
Epoch 0014 [Test seq (cond on sampled tp)] | MAPE 0.049055 | RMSE 319.622671|
0.054981082677841187,0.0483224056661129,0.043861109763383865
273.8180138111808,338.28839628710296,346.7616030863279
Experiment 07-16_23:55
Epoch 0015 [Train seq (cond on sampled tp)] | Loss 2011177.772105 | MAPE 0.036041 | RMSE 103.197294 | Likelihood -2011174.880206 | KL fp 2.8919 | FP STD 0.2469 | ->nfe  165.50 | <-nfe 2777.00
Epoch 0015 [Val seq (cond on sampled tp)] |  MAPE 0.027806 | RMSE 84.574206 |
Epoch 0015 [Test seq (cond on sampled tp)] | MAPE 0.059289 | RMSE 277.002457|
0.059638045728206635,0.06034960597753525,0.05788083374500275
234.9035207537341,290.1302643856721,305.973586993224
Experiment 07-16_23:55
Epoch 0016 [Train seq (cond on sampled tp)] | Loss 1958655.028316 | MAPE 0.037120 | RMSE 95.714542 | Likelihood -1958651.835158 | KL fp 3.1932 | FP STD 0.2364 | ->nfe  167.75 | <-nfe 3410.00
Epoch 0016 [Val seq (cond on sampled tp)] |  MAPE 0.021598 | RMSE 90.197101 |
Best Val!
Epoch 0016 [Test seq (cond on sampled tp)] | MAPE 0.053626 | RMSE 314.699060|
0.05992796644568443,0.05654442682862282,0.04440588876605034
264.78825561663416,321.1323349687789,358.1765887798922
Experiment 07-16_23:55
Epoch 0017 [Train seq (cond on sampled tp)] | Loss 1990566.998551 | MAPE 0.036324 | RMSE 100.367506 | Likelihood -1990564.115319 | KL fp 2.8832 | FP STD 0.2518 | ->nfe  167.00 | <-nfe 1692.50
Epoch 0017 [Val seq (cond on sampled tp)] |  MAPE 0.027749 | RMSE 92.174787 |
Epoch 0017 [Test seq (cond on sampled tp)] | MAPE 0.055666 | RMSE 309.271980|
0.061583928763866425,0.05751998350024223,0.047895293682813644
257.8492322317443,332.5179506432698,337.4487576840371
Experiment 07-16_23:55
Epoch 0018 [Train seq (cond on sampled tp)] | Loss 1979820.173541 | MAPE 0.031586 | RMSE 99.858607 | Likelihood -1979817.028871 | KL fp 3.1447 | FP STD 0.2033 | ->nfe  166.25 | <-nfe 2628.50
Epoch 0018 [Val seq (cond on sampled tp)] |  MAPE 0.031771 | RMSE 84.708827 |
Epoch 0018 [Test seq (cond on sampled tp)] | MAPE 0.059592 | RMSE 307.790193|
0.06270116567611694,0.05986203998327255,0.05621350184082985
257.24167867979713,327.50281487339925,338.62608434673194
Experiment 07-16_23:55
Epoch 0019 [Train seq (cond on sampled tp)] | Loss 1968213.480955 | MAPE 0.029902 | RMSE 96.764204 | Likelihood -1968210.469770 | KL fp 3.0112 | FP STD 0.2028 | ->nfe  164.75 | <-nfe 2561.75
Epoch 0019 [Val seq (cond on sampled tp)] |  MAPE 0.030488 | RMSE 80.359021 |
Epoch 0019 [Test seq (cond on sampled tp)] | MAPE 0.060390 | RMSE 293.691712|
0.06294233351945877,0.06164561212062836,0.056583087891340256
231.83396705670634,311.1730703121657,338.06809826202175
Experiment 07-16_23:55
Epoch 0020 [Train seq (cond on sampled tp)] | Loss 1978422.145537 | MAPE 0.037263 | RMSE 100.231741 | Likelihood -1978418.833017 | KL fp 3.3125 | FP STD 0.2135 | ->nfe  169.25 | <-nfe 2014.25
Epoch 0020 [Val seq (cond on sampled tp)] |  MAPE 0.030872 | RMSE 82.665831 |
Epoch 0020 [Test seq (cond on sampled tp)] | MAPE 0.059828 | RMSE 325.153321|
0.06389877200126648,0.06291854381561279,0.052665747702121735
282.1208462255138,339.1709446392777,354.1681715654302
Experiment 07-16_23:55
Epoch 0021 [Train seq (cond on sampled tp)] | Loss 2000630.874628 | MAPE 0.033758 | RMSE 101.680483 | Likelihood -2000628.003867 | KL fp 2.8708 | FP STD 0.2106 | ->nfe  167.00 | <-nfe 3251.00
Epoch 0021 [Val seq (cond on sampled tp)] |  MAPE 0.030964 | RMSE 89.076929 |
Epoch 0021 [Test seq (cond on sampled tp)] | MAPE 0.061526 | RMSE 298.097764|
0.06475745141506195,0.057152099907398224,0.06266746670007706
238.00137046611727,317.83036454215636,338.4615584708255
Experiment 07-16_23:55
Epoch 0022 [Train seq (cond on sampled tp)] | Loss 1972884.729610 | MAPE 0.030368 | RMSE 98.212201 | Likelihood -1972881.874252 | KL fp 2.8554 | FP STD 0.2251 | ->nfe  168.50 | <-nfe 2405.00
Epoch 0022 [Val seq (cond on sampled tp)] |  MAPE 0.024948 | RMSE 82.062729 |
Epoch 0022 [Test seq (cond on sampled tp)] | MAPE 0.055254 | RMSE 294.682434|
0.051525067538022995,0.05671728029847145,0.05752010643482208
241.02706668546585,324.8772965482507,318.14293908163353
Experiment 07-16_23:55
Epoch 0023 [Train seq (cond on sampled tp)] | Loss 1952867.376865 | MAPE 0.033274 | RMSE 95.475928 | Likelihood -1952864.326196 | KL fp 3.0507 | FP STD 0.1993 | ->nfe  169.25 | <-nfe 1751.00
Epoch 0023 [Val seq (cond on sampled tp)] |  MAPE 0.032466 | RMSE 85.471401 |
Epoch 0023 [Test seq (cond on sampled tp)] | MAPE 0.059833 | RMSE 310.422885|
0.06508617103099823,0.05844425410032272,0.05596868321299553
250.01062477422835,323.89325980946256,357.36476900360503
Experiment 07-16_23:55
Epoch 0024 [Train seq (cond on sampled tp)] | Loss 1979272.978170 | MAPE 0.035273 | RMSE 97.973190 | Likelihood -1979270.076957 | KL fp 2.9012 | FP STD 0.1912 | ->nfe  167.75 | <-nfe 2768.75
Epoch 0024 [Val seq (cond on sampled tp)] |  MAPE 0.022737 | RMSE 78.305404 |
Epoch 0024 [Test seq (cond on sampled tp)] | MAPE 0.048640 | RMSE 300.763027|
0.054585330188274384,0.0495305061340332,0.04180344566702843
275.5118673714437,316.92402234210647,309.85319104375867
Experiment 07-16_23:55
Epoch 0025 [Train seq (cond on sampled tp)] | Loss 1962009.269739 | MAPE 0.032746 | RMSE 97.799552 | Likelihood -1962006.204136 | KL fp 3.0656 | FP STD 0.1822 | ->nfe  170.75 | <-nfe 2466.50
Epoch 0025 [Val seq (cond on sampled tp)] |  MAPE 0.022576 | RMSE 81.211075 |
Epoch 0025 [Test seq (cond on sampled tp)] | MAPE 0.052185 | RMSE 284.540585|
0.05759664252400398,0.05128343403339386,0.04767428711056709
252.44672241138326,298.3937337017988,302.78129999225513
Experiment 07-16_23:55
Epoch 0026 [Train seq (cond on sampled tp)] | Loss 1965916.131755 | MAPE 0.033905 | RMSE 95.624349 | Likelihood -1965913.433267 | KL fp 2.6985 | FP STD 0.2166 | ->nfe  172.25 | <-nfe 2569.25
Epoch 0026 [Val seq (cond on sampled tp)] |  MAPE 0.027787 | RMSE 80.943916 |
Epoch 0026 [Test seq (cond on sampled tp)] | MAPE 0.063135 | RMSE 296.235984|
0.05423176661133766,0.06708265841007233,0.06809001415967941
254.06735081470032,323.0654563126488,311.5751439259878
Experiment 07-16_23:55
Epoch 0027 [Train seq (cond on sampled tp)] | Loss 1952025.664383 | MAPE 0.032603 | RMSE 95.459889 | Likelihood -1952022.903112 | KL fp 2.7613 | FP STD 0.2204 | ->nfe  169.25 | <-nfe 2237.00
Epoch 0027 [Val seq (cond on sampled tp)] |  MAPE 0.036051 | RMSE 88.275650 |
Epoch 0027 [Test seq (cond on sampled tp)] | MAPE 0.055050 | RMSE 319.131668|
0.05430684611201286,0.05597933754324913,0.0548623725771904
292.0799869042725,344.4034244167732,320.91159218700716
Experiment 07-16_23:55
Epoch 0028 [Train seq (cond on sampled tp)] | Loss 1970386.602023 | MAPE 0.042203 | RMSE 97.167376 | Likelihood -1970383.966787 | KL fp 2.6352 | FP STD 0.2266 | ->nfe  170.75 | <-nfe 1211.00
Epoch 0028 [Val seq (cond on sampled tp)] |  MAPE 0.030142 | RMSE 94.350012 |
Epoch 0028 [Test seq (cond on sampled tp)] | MAPE 0.059250 | RMSE 267.413739|
0.06030292809009552,0.06166785955429077,0.05577951297163963
224.6811195199766,273.6958707900066,303.8642274931355
Experiment 07-16_23:55
Epoch 0029 [Train seq (cond on sampled tp)] | Loss 1937338.721871 | MAPE 0.037736 | RMSE 93.134153 | Likelihood -1937336.038939 | KL fp 2.6829 | FP STD 0.2387 | ->nfe  165.50 | <-nfe 1702.25
Epoch 0029 [Val seq (cond on sampled tp)] |  MAPE 0.022957 | RMSE 78.836163 |
Epoch 0029 [Test seq (cond on sampled tp)] | MAPE 0.048716 | RMSE 261.293543|
0.05258284509181976,0.055205635726451874,0.03835953027009964
215.09974975287628,271.9750965162068,296.80578140427116
Experiment 07-16_23:55
Epoch 0030 [Train seq (cond on sampled tp)] | Loss 1924920.586488 | MAPE 0.040074 | RMSE 89.853892 | Likelihood -1924917.832159 | KL fp 2.7543 | FP STD 0.2207 | ->nfe  170.00 | <-nfe 1316.00
Epoch 0030 [Val seq (cond on sampled tp)] |  MAPE 0.028789 | RMSE 91.454843 |
Epoch 0030 [Test seq (cond on sampled tp)] | MAPE 0.058378 | RMSE 320.656126|
0.06444519013166428,0.059897202998399734,0.050791408866643906
282.5508803737833,333.1233231665114,346.2941758822981
Experiment 07-16_23:55
Epoch 0031 [Train seq (cond on sampled tp)] | Loss 1932246.923090 | MAPE 0.035512 | RMSE 92.340197 | Likelihood -1932243.919030 | KL fp 3.0041 | FP STD 0.1901 | ->nfe  172.25 | <-nfe 1316.00
Epoch 0031 [Val seq (cond on sampled tp)] |  MAPE 0.029017 | RMSE 91.239763 |
Epoch 0031 [Test seq (cond on sampled tp)] | MAPE 0.052478 | RMSE 260.464452|
0.04908272624015808,0.05091840773820877,0.05743265897035599
184.8243042391882,271.64717465860014,324.9218776298389
Experiment 07-16_23:55
Epoch 0032 [Train seq (cond on sampled tp)] | Loss 1923388.412790 | MAPE 0.034221 | RMSE 89.436535 | Likelihood -1923385.599906 | KL fp 2.8129 | FP STD 0.2282 | ->nfe  173.00 | <-nfe 1359.50
Epoch 0032 [Val seq (cond on sampled tp)] |  MAPE 0.025156 | RMSE 77.364735 |
Epoch 0032 [Test seq (cond on sampled tp)] | MAPE 0.056182 | RMSE 282.012689|
0.05211253836750984,0.060344137251377106,0.05609001964330673
226.33252983718447,291.41580580847017,328.28973245823573
Experiment 07-16_23:55
Epoch 0033 [Train seq (cond on sampled tp)] | Loss 1935345.732064 | MAPE 0.038813 | RMSE 93.147510 | Likelihood -1935342.785633 | KL fp 2.9464 | FP STD 0.2507 | ->nfe  176.00 | <-nfe 1227.50
Epoch 0033 [Val seq (cond on sampled tp)] |  MAPE 0.028372 | RMSE 79.604350 |
Epoch 0033 [Test seq (cond on sampled tp)] | MAPE 0.065558 | RMSE 295.288750|
0.06840303540229797,0.06713675707578659,0.06113369017839432
263.4483168004685,313.5820765764523,308.8358559777346
Experiment 07-16_23:55
Epoch 0034 [Train seq (cond on sampled tp)] | Loss 1919762.145244 | MAPE 0.032064 | RMSE 89.229905 | Likelihood -1919759.355797 | KL fp 2.7894 | FP STD 0.2072 | ->nfe  172.25 | <-nfe 1819.25
Epoch 0034 [Val seq (cond on sampled tp)] |  MAPE 0.027765 | RMSE 84.681985 |
Epoch 0034 [Test seq (cond on sampled tp)] | MAPE 0.058554 | RMSE 280.843463|
0.06249449774622917,0.05762653797864914,0.05554072558879852
236.09472410454242,284.2049766453783,322.2306893942599
Experiment 07-16_23:55
Epoch 0035 [Train seq (cond on sampled tp)] | Loss 1896442.482738 | MAPE 0.032316 | RMSE 86.763819 | Likelihood -1896439.716508 | KL fp 2.7662 | FP STD 0.2040 | ->nfe  172.25 | <-nfe  902.00
Epoch 0035 [Val seq (cond on sampled tp)] |  MAPE 0.027307 | RMSE 80.524159 |
Epoch 0035 [Test seq (cond on sampled tp)] | MAPE 0.061394 | RMSE 281.246227|
0.06685495376586914,0.05868072062730789,0.058647651225328445
265.3474726655598,291.0759270577009,287.31528033242506
Experiment 07-16_23:55
Epoch 0036 [Train seq (cond on sampled tp)] | Loss 1898203.081683 | MAPE 0.032452 | RMSE 86.466912 | Likelihood -1898200.252155 | KL fp 2.8295 | FP STD 0.1862 | ->nfe  168.50 | <-nfe 1545.50
Epoch 0036 [Val seq (cond on sampled tp)] |  MAPE 0.029507 | RMSE 93.836434 |
Epoch 0036 [Test seq (cond on sampled tp)] | MAPE 0.062680 | RMSE 279.526008|
0.06960727274417877,0.06514512002468109,0.05328832194209099
246.6604051499754,286.0283940232158,305.8892262731723
Experiment 07-16_23:55
Epoch 0037 [Train seq (cond on sampled tp)] | Loss 1887217.635230 | MAPE 0.034065 | RMSE 85.582603 | Likelihood -1887214.821044 | KL fp 2.8142 | FP STD 0.2182 | ->nfe  167.75 | <-nfe 1821.50
Epoch 0037 [Val seq (cond on sampled tp)] |  MAPE 0.028875 | RMSE 91.820142 |
Epoch 0037 [Test seq (cond on sampled tp)] | MAPE 0.054423 | RMSE 276.197795|
0.058235425502061844,0.053840626031160355,0.05119211971759796
236.34997058123363,261.7239122625214,330.5195011266355
Experiment 07-16_23:55
Epoch 0038 [Train seq (cond on sampled tp)] | Loss 1887083.955232 | MAPE 0.031273 | RMSE 84.866109 | Likelihood -1887081.409819 | KL fp 2.5454 | FP STD 0.2383 | ->nfe  172.25 | <-nfe 1880.75
Epoch 0038 [Val seq (cond on sampled tp)] |  MAPE 0.029483 | RMSE 90.730569 |
Epoch 0038 [Test seq (cond on sampled tp)] | MAPE 0.062295 | RMSE 292.393583|
0.06516716629266739,0.06127890571951866,0.06043798476457596
279.03516803442534,290.9614047644464,307.184174702246
Experiment 07-16_23:55
Epoch 0039 [Train seq (cond on sampled tp)] | Loss 1878766.747706 | MAPE 0.031377 | RMSE 83.483980 | Likelihood -1878763.997667 | KL fp 2.7500 | FP STD 0.1990 | ->nfe  184.25 | <-nfe 1089.50
Epoch 0039 [Val seq (cond on sampled tp)] |  MAPE 0.030929 | RMSE 93.391575 |
Epoch 0039 [Test seq (cond on sampled tp)] | MAPE 0.059893 | RMSE 285.967398|
0.056514084339141846,0.060593459755182266,0.06257130205631256
246.65912238603704,280.2734853005186,330.96958649927336
Experiment 07-16_23:55
Epoch 0040 [Train seq (cond on sampled tp)] | Loss 1902570.192374 | MAPE 0.041772 | RMSE 87.084643 | Likelihood -1902567.489801 | KL fp 2.7026 | FP STD 0.2144 | ->nfe  188.00 | <-nfe  756.50
Epoch 0040 [Val seq (cond on sampled tp)] |  MAPE 0.030315 | RMSE 93.771883 |
Epoch 0040 [Test seq (cond on sampled tp)] | MAPE 0.056249 | RMSE 281.849113|
0.06407133489847183,0.057808030396699905,0.04686834290623665
246.8532506242322,285.12050632144997,313.5735808785555
Experiment 07-16_23:55
Epoch 0041 [Train seq (cond on sampled tp)] | Loss 1910080.614049 | MAPE 0.037074 | RMSE 90.299438 | Likelihood -1910077.947295 | KL fp 2.6668 | FP STD 0.2106 | ->nfe  180.50 | <-nfe  984.50
Epoch 0041 [Val seq (cond on sampled tp)] |  MAPE 0.036114 | RMSE 90.906760 |
Epoch 0041 [Test seq (cond on sampled tp)] | MAPE 0.051008 | RMSE 275.869506|
0.049902770668268204,0.04927508160471916,0.0538468174636364
251.30115306390857,251.28329225945365,325.0240736276315
Experiment 07-16_23:55
Epoch 0042 [Train seq (cond on sampled tp)] | Loss 1889182.683099 | MAPE 0.033629 | RMSE 84.484939 | Likelihood -1889180.358231 | KL fp 2.3249 | FP STD 0.2308 | ->nfe  171.50 | <-nfe 1073.75
Epoch 0042 [Val seq (cond on sampled tp)] |  MAPE 0.030573 | RMSE 81.178526 |
Epoch 0042 [Test seq (cond on sampled tp)] | MAPE 0.062565 | RMSE 260.067809|
0.06233559176325798,0.061756618320941925,0.06360246241092682
223.30241545939444,253.44731022936503,303.4537006488799
Experiment 07-16_23:55
Epoch 0043 [Train seq (cond on sampled tp)] | Loss 1920888.231431 | MAPE 0.041270 | RMSE 92.727887 | Likelihood -1920885.633233 | KL fp 2.5982 | FP STD 0.2343 | ->nfe  178.25 | <-nfe  713.75
Epoch 0043 [Val seq (cond on sampled tp)] |  MAPE 0.032278 | RMSE 89.680991 |
Epoch 0043 [Test seq (cond on sampled tp)] | MAPE 0.063450 | RMSE 286.512765|
0.06575578451156616,0.06611094623804092,0.05848417058587074
255.79884064436257,261.9671675515846,341.7722880442474
Experiment 07-16_23:55
Epoch 0044 [Train seq (cond on sampled tp)] | Loss 1891104.962117 | MAPE 0.036545 | RMSE 85.197608 | Likelihood -1891102.437579 | KL fp 2.5245 | FP STD 0.2118 | ->nfe  178.25 | <-nfe 1315.25
Epoch 0044 [Val seq (cond on sampled tp)] |  MAPE 0.031469 | RMSE 106.380829 |
Epoch 0044 [Test seq (cond on sampled tp)] | MAPE 0.060338 | RMSE 283.238126|
0.05564497038722038,0.05987217649817467,0.06549664586782455
256.45452204045847,274.6148865912043,318.64497044124204
Experiment 07-16_23:55
Epoch 0045 [Train seq (cond on sampled tp)] | Loss 1879243.817027 | MAPE 0.032847 | RMSE 83.489154 | Likelihood -1879240.874361 | KL fp 2.9427 | FP STD 0.1700 | ->nfe  185.00 | <-nfe 1022.75
Epoch 0045 [Val seq (cond on sampled tp)] |  MAPE 0.029789 | RMSE 89.055671 |
Epoch 0045 [Test seq (cond on sampled tp)] | MAPE 0.059594 | RMSE 290.350359|
0.06161603704094887,0.058022383600473404,0.05914384871721268
259.247574120762,280.55429231701305,331.2492099047181
Experiment 07-16_23:55
Epoch 0046 [Train seq (cond on sampled tp)] | Loss 1880730.747472 | MAPE 0.033231 | RMSE 83.451033 | Likelihood -1880727.800606 | KL fp 2.9469 | FP STD 0.1559 | ->nfe  196.25 | <-nfe 1069.25
Epoch 0046 [Val seq (cond on sampled tp)] |  MAPE 0.029546 | RMSE 88.303161 |
Epoch 0046 [Test seq (cond on sampled tp)] | MAPE 0.057052 | RMSE 250.802867|
0.0566287487745285,0.05856388807296753,0.05596401169896126
196.30544598915233,251.6082877584719,304.49486859387304
Experiment 07-16_23:55
Epoch 0047 [Train seq (cond on sampled tp)] | Loss 1884392.565740 | MAPE 0.035774 | RMSE 85.835065 | Likelihood -1884389.821391 | KL fp 2.7443 | FP STD 0.2117 | ->nfe  200.00 | <-nfe 1325.00
Epoch 0047 [Val seq (cond on sampled tp)] |  MAPE 0.031988 | RMSE 86.136877 |
Epoch 0047 [Test seq (cond on sampled tp)] | MAPE 0.052235 | RMSE 285.394137|
0.05567995831370354,0.05296893045306206,0.04805733636021614
252.6226496674437,268.9776651973171,334.5820970815683
Experiment 07-16_23:55
Epoch 0048 [Train seq (cond on sampled tp)] | Loss 1905173.902372 | MAPE 0.034293 | RMSE 87.021260 | Likelihood -1905171.468943 | KL fp 2.4334 | FP STD 0.2400 | ->nfe  200.75 | <-nfe 2183.00
Epoch 0048 [Val seq (cond on sampled tp)] |  MAPE 0.026861 | RMSE 78.663715 |
Epoch 0048 [Test seq (cond on sampled tp)] | MAPE 0.058801 | RMSE 282.624241|
0.058588072657585144,0.05766274780035019,0.060152437537908554
231.52317479844214,275.2604732339898,341.08907606738154
Experiment 07-16_23:55
Epoch 0049 [Train seq (cond on sampled tp)] | Loss 1898834.611848 | MAPE 0.035779 | RMSE 88.083583 | Likelihood -1898832.102471 | KL fp 2.5094 | FP STD 0.2255 | ->nfe  198.50 | <-nfe 1277.00
Epoch 0049 [Val seq (cond on sampled tp)] |  MAPE 0.028252 | RMSE 85.822807 |
Epoch 0049 [Test seq (cond on sampled tp)] | MAPE 0.057759 | RMSE 297.078628|
0.05857481434941292,0.05625031515955925,0.05845089629292488
245.14369191863778,282.6859316228878,363.4062594053658
Experiment 07-16_23:55
Epoch 0050 [Train seq (cond on sampled tp)] | Loss 1891545.716540 | MAPE 0.037377 | RMSE 85.250082 | Likelihood -1891543.088300 | KL fp 2.6282 | FP STD 0.1960 | ->nfe  197.00 | <-nfe 1239.50
Epoch 0050 [Val seq (cond on sampled tp)] |  MAPE 0.027776 | RMSE 84.944809 |
Epoch 0050 [Test seq (cond on sampled tp)] | MAPE 0.057246 | RMSE 286.293537|
0.06059693545103073,0.05779779329895973,0.0533444881439209
238.46286726134113,267.35971788958784,353.0580246220159
Experiment 07-16_23:55
Epoch 0051 [Train seq (cond on sampled tp)] | Loss 1882031.450177 | MAPE 0.034701 | RMSE 84.187814 | Likelihood -1882028.944989 | KL fp 2.5052 | FP STD 0.2426 | ->nfe  182.75 | <-nfe 1838.00
Epoch 0051 [Val seq (cond on sampled tp)] |  MAPE 0.030756 | RMSE 90.353783 |
Epoch 0051 [Test seq (cond on sampled tp)] | MAPE 0.063557 | RMSE 305.618210|
0.05809301137924194,0.05986815318465233,0.07271018624305725
258.68418547043035,279.7878660699924,378.3825775587454
Experiment 07-16_23:55
Epoch 0052 [Train seq (cond on sampled tp)] | Loss 1901473.455963 | MAPE 0.039661 | RMSE 87.003861 | Likelihood -1901470.838996 | KL fp 2.6170 | FP STD 0.2135 | ->nfe  194.75 | <-nfe 1143.50
Epoch 0052 [Val seq (cond on sampled tp)] |  MAPE 0.031223 | RMSE 90.678260 |
Epoch 0052 [Test seq (cond on sampled tp)] | MAPE 0.057156 | RMSE 295.171785|
0.05935297906398773,0.05951571837067604,0.052598435431718826
216.4583985001506,275.71204691217247,393.3449106700124
Experiment 07-16_23:55
Epoch 0053 [Train seq (cond on sampled tp)] | Loss 1869240.843690 | MAPE 0.035626 | RMSE 82.351274 | Likelihood -1869238.237677 | KL fp 2.6060 | FP STD 0.2085 | ->nfe  197.75 | <-nfe 1352.00
Epoch 0053 [Val seq (cond on sampled tp)] |  MAPE 0.024633 | RMSE 84.569596 |
Epoch 0053 [Test seq (cond on sampled tp)] | MAPE 0.053314 | RMSE 294.192006|
0.05654384195804596,0.053693145513534546,0.04970546439290047
243.4575810074519,279.49267655879646,359.62576033982884
Experiment 07-16_23:55
Epoch 0054 [Train seq (cond on sampled tp)] | Loss 1863534.178350 | MAPE 0.032502 | RMSE 80.609481 | Likelihood -1863531.663861 | KL fp 2.5145 | FP STD 0.2134 | ->nfe  212.00 | <-nfe 1340.75
Epoch 0054 [Val seq (cond on sampled tp)] |  MAPE 0.028762 | RMSE 77.806686 |
Epoch 0054 [Test seq (cond on sampled tp)] | MAPE 0.049163 | RMSE 277.723148|
0.05210698023438454,0.04747794196009636,0.047902848571538925
236.23010828956583,262.3038403979248,334.6354943255422
Experiment 07-16_23:55
Epoch 0055 [Train seq (cond on sampled tp)] | Loss 1863724.993289 | MAPE 0.031024 | RMSE 80.723911 | Likelihood -1863722.470996 | KL fp 2.5223 | FP STD 0.2123 | ->nfe  216.50 | <-nfe 1666.25
Epoch 0055 [Val seq (cond on sampled tp)] |  MAPE 0.026852 | RMSE 89.129739 |
Epoch 0055 [Test seq (cond on sampled tp)] | MAPE 0.062192 | RMSE 305.314539|
0.06231514364480972,0.06111853942275047,0.0631432980298996
252.8081581827414,310.8496421101366,352.28581702220146
Experiment 07-16_23:55
Epoch 0056 [Train seq (cond on sampled tp)] | Loss 1876054.133276 | MAPE 0.032946 | RMSE 82.737941 | Likelihood -1876051.201963 | KL fp 2.9313 | FP STD 0.1412 | ->nfe  218.75 | <-nfe 1190.00
Epoch 0056 [Val seq (cond on sampled tp)] |  MAPE 0.027304 | RMSE 93.666708 |
Epoch 0056 [Test seq (cond on sampled tp)] | MAPE 0.060628 | RMSE 316.846741|
0.06642086058855057,0.05962593853473663,0.0558374859392643
301.1460531245595,309.99662296547683,339.3975475935264
Experiment 07-16_23:55
Epoch 0057 [Train seq (cond on sampled tp)] | Loss 1874413.608677 | MAPE 0.032096 | RMSE 83.821609 | Likelihood -1874410.880966 | KL fp 2.7277 | FP STD 0.1829 | ->nfe  215.00 | <-nfe 1360.25
Epoch 0057 [Val seq (cond on sampled tp)] |  MAPE 0.027481 | RMSE 100.826167 |
Epoch 0057 [Test seq (cond on sampled tp)] | MAPE 0.049706 | RMSE 316.190211|
0.0560595877468586,0.04770517349243164,0.04535295441746712
248.94016757295316,331.95569875737937,367.6747671176253
Experiment 07-16_23:55
Epoch 0058 [Train seq (cond on sampled tp)] | Loss 1937040.879082 | MAPE 0.032104 | RMSE 91.834859 | Likelihood -1937038.470634 | KL fp 2.4084 | FP STD 0.2028 | ->nfe  213.50 | <-nfe 1730.00
Epoch 0058 [Val seq (cond on sampled tp)] |  MAPE 0.029342 | RMSE 95.231103 |
Epoch 0058 [Test seq (cond on sampled tp)] | MAPE 0.061819 | RMSE 303.704675|
0.059811849147081375,0.06138256937265396,0.06426136940717697
235.68636468832898,310.5461293230041,364.8815304314539
Experiment 07-16_23:55
Epoch 0059 [Train seq (cond on sampled tp)] | Loss 1875306.127136 | MAPE 0.034307 | RMSE 82.193362 | Likelihood -1875303.450507 | KL fp 2.6766 | FP STD 0.1933 | ->nfe  212.75 | <-nfe 1206.50
Epoch 0059 [Val seq (cond on sampled tp)] |  MAPE 0.028161 | RMSE 100.815527 |
Epoch 0059 [Test seq (cond on sampled tp)] | MAPE 0.055110 | RMSE 339.369106|
0.05446457862854004,0.05468884855508804,0.056176017969846725
291.1030476910195,331.9880927834611,395.0161784661484
Experiment 07-16_23:55
Epoch 0060 [Train seq (cond on sampled tp)] | Loss 1859843.216251 | MAPE 0.033215 | RMSE 79.533114 | Likelihood -1859840.514921 | KL fp 2.7013 | FP STD 0.1843 | ->nfe  212.00 | <-nfe 1096.25
Epoch 0060 [Val seq (cond on sampled tp)] |  MAPE 0.027596 | RMSE 94.765201 |
Epoch 0060 [Test seq (cond on sampled tp)] | MAPE 0.060576 | RMSE 313.468805|
0.06256179511547089,0.06089068204164505,0.058276038616895676
261.28308701961555,323.1222074347413,356.00111920470135
Experiment 07-16_23:55
Epoch 0061 [Train seq (cond on sampled tp)] | Loss 1874733.807906 | MAPE 0.033308 | RMSE 82.843885 | Likelihood -1874731.025286 | KL fp 2.7826 | FP STD 0.1666 | ->nfe  209.75 | <-nfe 1445.00
Epoch 0061 [Val seq (cond on sampled tp)] |  MAPE 0.028266 | RMSE 90.642428 |
Epoch 0061 [Test seq (cond on sampled tp)] | MAPE 0.054142 | RMSE 318.160823|
0.06237233057618141,0.05216525122523308,0.047889064997434616
259.55794752810016,324.4710840352342,370.45343836979026
Experiment 07-16_23:55
Epoch 0062 [Train seq (cond on sampled tp)] | Loss 1874986.061347 | MAPE 0.032946 | RMSE 83.627365 | Likelihood -1874983.338678 | KL fp 2.7227 | FP STD 0.1743 | ->nfe  206.00 | <-nfe 1619.00
Epoch 0062 [Val seq (cond on sampled tp)] |  MAPE 0.023708 | RMSE 82.362480 |
Epoch 0062 [Test seq (cond on sampled tp)] | MAPE 0.050181 | RMSE 269.342251|
0.049167975783348083,0.048151228576898575,0.05322490632534027
209.1108221434271,255.6875534710284,343.228376959132
Experiment 07-16_23:55
Epoch 0063 [Train seq (cond on sampled tp)] | Loss 1874812.813464 | MAPE 0.032243 | RMSE 81.699527 | Likelihood -1874810.236444 | KL fp 2.5770 | FP STD 0.1899 | ->nfe  203.75 | <-nfe 1623.50
Epoch 0063 [Val seq (cond on sampled tp)] |  MAPE 0.034041 | RMSE 85.827987 |
Epoch 0063 [Test seq (cond on sampled tp)] | MAPE 0.071101 | RMSE 283.859930|
0.06528051942586899,0.07014865428209305,0.07787475734949112
224.37432973437492,285.3889889256416,341.8164712239596
Experiment 07-16_23:55
Epoch 0064 [Train seq (cond on sampled tp)] | Loss 1865764.018476 | MAPE 0.033716 | RMSE 81.496154 | Likelihood -1865761.333825 | KL fp 2.6847 | FP STD 0.1745 | ->nfe  202.25 | <-nfe 1215.50
Epoch 0064 [Val seq (cond on sampled tp)] |  MAPE 0.030801 | RMSE 96.867177 |
Epoch 0064 [Test seq (cond on sampled tp)] | MAPE 0.059159 | RMSE 306.097868|
0.05830465257167816,0.057154253125190735,0.06201934069395065
279.3473979653292,296.1194332528684,342.82677158077956
Experiment 07-16_23:55
Epoch 0065 [Train seq (cond on sampled tp)] | Loss 1920236.084086 | MAPE 0.042948 | RMSE 90.109836 | Likelihood -1920233.393253 | KL fp 2.6908 | FP STD 0.1717 | ->nfe  204.50 | <-nfe 1566.50
Epoch 0065 [Val seq (cond on sampled tp)] |  MAPE 0.026675 | RMSE 92.522743 |
Epoch 0065 [Test seq (cond on sampled tp)] | MAPE 0.051681 | RMSE 277.610959|
0.054995983839035034,0.04888494312763214,0.0511612631380558
249.21342666728452,276.89479331056407,306.72465767362104
Experiment 07-16_23:55
Epoch 0066 [Train seq (cond on sampled tp)] | Loss 1886794.774610 | MAPE 0.038718 | RMSE 85.694731 | Likelihood -1886792.395891 | KL fp 2.3787 | FP STD 0.2266 | ->nfe  179.00 | <-nfe 3072.50
Epoch 0066 [Val seq (cond on sampled tp)] |  MAPE 0.023956 | RMSE 80.830066 |
Epoch 0066 [Test seq (cond on sampled tp)] | MAPE 0.055880 | RMSE 263.738349|
0.059497758746147156,0.05468113347887993,0.053461384028196335
233.3436139848271,259.93583943927393,297.93559234757436
Experiment 07-16_23:55
Epoch 0067 [Train seq (cond on sampled tp)] | Loss 1879611.630613 | MAPE 0.037348 | RMSE 82.594698 | Likelihood -1879609.143981 | KL fp 2.4866 | FP STD 0.2043 | ->nfe  182.00 | <-nfe 1393.25
Epoch 0067 [Val seq (cond on sampled tp)] |  MAPE 0.025005 | RMSE 95.023378 |
Epoch 0067 [Test seq (cond on sampled tp)] | MAPE 0.051776 | RMSE 269.893428|
0.05641220882534981,0.05262019485235214,0.046296168118715286
193.8454301273311,296.08860318745803,319.74624948934115
Experiment 07-16_23:55
Epoch 0068 [Train seq (cond on sampled tp)] | Loss 1871905.815656 | MAPE 0.034680 | RMSE 84.113988 | Likelihood -1871903.177539 | KL fp 2.6381 | FP STD 0.2003 | ->nfe  195.50 | <-nfe 1948.25
Epoch 0068 [Val seq (cond on sampled tp)] |  MAPE 0.026699 | RMSE 94.378823 |
Epoch 0068 [Test seq (cond on sampled tp)] | MAPE 0.049760 | RMSE 301.794915|
0.05438156798481941,0.045517243444919586,0.04938005283474922
232.9328883364262,304.4320916682405,368.0197642450742
Experiment 07-16_23:55
Epoch 0069 [Train seq (cond on sampled tp)] | Loss 1870936.034856 | MAPE 0.035707 | RMSE 82.783918 | Likelihood -1870933.528534 | KL fp 2.5063 | FP STD 0.2125 | ->nfe  209.00 | <-nfe 1710.50
Epoch 0069 [Val seq (cond on sampled tp)] |  MAPE 0.029444 | RMSE 86.809525 |
Epoch 0069 [Test seq (cond on sampled tp)] | MAPE 0.052920 | RMSE 327.844587|
0.05640004947781563,0.049931254237890244,0.05242958292365074
269.2511461210518,308.20239900104605,406.08021452048115
Experiment 07-16_23:55
Epoch 0070 [Train seq (cond on sampled tp)] | Loss 1863500.905261 | MAPE 0.032461 | RMSE 80.451627 | Likelihood -1863498.416281 | KL fp 2.4890 | FP STD 0.2055 | ->nfe  207.50 | <-nfe 1444.25
Epoch 0070 [Val seq (cond on sampled tp)] |  MAPE 0.022169 | RMSE 88.020528 |
Epoch 0070 [Test seq (cond on sampled tp)] | MAPE 0.054323 | RMSE 291.285037|
0.05351869761943817,0.05793425068259239,0.05151683837175369
230.26721909012582,301.15257760809556,342.435315515938
Experiment 07-16_23:55
Epoch 0071 [Train seq (cond on sampled tp)] | Loss 1884134.986037 | MAPE 0.033955 | RMSE 84.146153 | Likelihood -1884132.113052 | KL fp 2.8730 | FP STD 0.1692 | ->nfe  209.00 | <-nfe 1397.75
Epoch 0071 [Val seq (cond on sampled tp)] |  MAPE 0.024467 | RMSE 85.794893 |
Epoch 0071 [Test seq (cond on sampled tp)] | MAPE 0.057509 | RMSE 305.948495|
0.0556769073009491,0.05770162492990494,0.05914948508143425
276.9011697564674,302.48348353670485,338.460831374917
Experiment 07-16_23:55
Epoch 0072 [Train seq (cond on sampled tp)] | Loss 1863858.009707 | MAPE 0.033880 | RMSE 81.317303 | Likelihood -1863855.313252 | KL fp 2.6965 | FP STD 0.1839 | ->nfe  212.75 | <-nfe 2117.00
Epoch 0072 [Val seq (cond on sampled tp)] |  MAPE 0.029208 | RMSE 87.677148 |
Epoch 0072 [Test seq (cond on sampled tp)] | MAPE 0.047496 | RMSE 284.791989|
0.052912648767232895,0.05117874965071678,0.038396257907152176
259.77612055864563,268.3922327955859,326.2076121889249
Experiment 07-16_23:55
Epoch 0073 [Train seq (cond on sampled tp)] | Loss 1869719.145466 | MAPE 0.034047 | RMSE 81.942764 | Likelihood -1869716.740309 | KL fp 2.4052 | FP STD 0.2407 | ->nfe  207.50 | <-nfe 2222.00
Epoch 0073 [Val seq (cond on sampled tp)] |  MAPE 0.026543 | RMSE 96.350551 |
Epoch 0073 [Test seq (cond on sampled tp)] | MAPE 0.061538 | RMSE 303.090016|
0.06039994955062866,0.06173338741064072,0.06248002499341965
264.92235006223996,329.87909717046335,314.4685993863298
Experiment 07-16_23:55
Epoch 0074 [Train seq (cond on sampled tp)] | Loss 1880720.421197 | MAPE 0.033651 | RMSE 82.602228 | Likelihood -1880717.901040 | KL fp 2.5202 | FP STD 0.1959 | ->nfe  205.25 | <-nfe 2533.25
Epoch 0074 [Val seq (cond on sampled tp)] |  MAPE 0.023140 | RMSE 84.088181 |
Epoch 0074 [Test seq (cond on sampled tp)] | MAPE 0.062491 | RMSE 311.219605|
0.06189959496259689,0.06055663526058197,0.06501787155866623
277.009278951085,302.9661955152753,353.68334177622785
Experiment 07-16_23:55
Epoch 0075 [Train seq (cond on sampled tp)] | Loss 1863991.541849 | MAPE 0.032629 | RMSE 80.239101 | Likelihood -1863988.953443 | KL fp 2.5884 | FP STD 0.1994 | ->nfe  203.75 | <-nfe 2061.50
Epoch 0075 [Val seq (cond on sampled tp)] |  MAPE 0.032927 | RMSE 88.600352 |
Epoch 0075 [Test seq (cond on sampled tp)] | MAPE 0.057943 | RMSE 278.643572|
0.061103109270334244,0.05182327330112457,0.06090141087770462
231.0927674928404,265.61514687607706,339.22280196796913
Experiment 07-16_23:55
Epoch 0076 [Train seq (cond on sampled tp)] | Loss 1871090.774665 | MAPE 0.038497 | RMSE 81.852625 | Likelihood -1871088.000602 | KL fp 2.7741 | FP STD 0.1674 | ->nfe  203.00 | <-nfe 1791.50
Epoch 0076 [Val seq (cond on sampled tp)] |  MAPE 0.027404 | RMSE 93.221070 |
Epoch 0076 [Test seq (cond on sampled tp)] | MAPE 0.053006 | RMSE 281.255001|
0.05315912142395973,0.05083157494664192,0.05502786487340927
239.8343015239897,257.25397834630274,346.6767226105612
Experiment 07-16_23:55
Epoch 0077 [Train seq (cond on sampled tp)] | Loss 1940436.865556 | MAPE 0.041891 | RMSE 94.488850 | Likelihood -1940434.383296 | KL fp 2.4823 | FP STD 0.2311 | ->nfe  202.25 | <-nfe 3053.00
Epoch 0077 [Val seq (cond on sampled tp)] |  MAPE 0.029583 | RMSE 100.852325 |
Epoch 0077 [Test seq (cond on sampled tp)] | MAPE 0.060653 | RMSE 273.321932|
0.057823628187179565,0.05432525649666786,0.06981144845485687
237.52230980741578,260.58689769441594,321.85658927929376
Experiment 07-16_23:55
Epoch 0078 [Train seq (cond on sampled tp)] | Loss 1873839.380427 | MAPE 0.032890 | RMSE 82.463528 | Likelihood -1873836.729254 | KL fp 2.6512 | FP STD 0.2094 | ->nfe  188.00 | <-nfe 4236.50
Epoch 0078 [Val seq (cond on sampled tp)] |  MAPE 0.029611 | RMSE 91.233260 |
Epoch 0078 [Test seq (cond on sampled tp)] | MAPE 0.058654 | RMSE 268.588419|
0.05284304544329643,0.05632658675312996,0.0667915940284729
197.02948304124436,265.00943379434625,343.7263400948493
Experiment 07-16_23:55
Epoch 0079 [Train seq (cond on sampled tp)] | Loss 1848562.589239 | MAPE 0.031591 | RMSE 77.820655 | Likelihood -1848559.895547 | KL fp 2.6937 | FP STD 0.1843 | ->nfe  196.25 | <-nfe 2895.50
Epoch 0079 [Val seq (cond on sampled tp)] |  MAPE 0.022905 | RMSE 84.691461 |
Epoch 0079 [Test seq (cond on sampled tp)] | MAPE 0.053516 | RMSE 303.331720|
0.055437687784433365,0.051412880420684814,0.05369707569479942
272.70601444137606,315.88329777387725,321.4058474110264
Experiment 07-16_23:55
Epoch 0080 [Train seq (cond on sampled tp)] | Loss 1865699.520080 | MAPE 0.030821 | RMSE 81.460963 | Likelihood -1865696.672484 | KL fp 2.8476 | FP STD 0.1550 | ->nfe  202.25 | <-nfe 5135.00
Epoch 0080 [Val seq (cond on sampled tp)] |  MAPE 0.029584 | RMSE 99.710915 |
Epoch 0080 [Test seq (cond on sampled tp)] | MAPE 0.054101 | RMSE 300.072149|
0.05715428292751312,0.0516183115541935,0.053529124706983566
270.6248412239719,285.16545361859664,344.42615318816894
Experiment 07-16_23:55
Epoch 0081 [Train seq (cond on sampled tp)] | Loss 1859706.228239 | MAPE 0.029944 | RMSE 81.649461 | Likelihood -1859703.500185 | KL fp 2.7281 | FP STD 0.1692 | ->nfe  203.00 | <-nfe 4505.00
Epoch 0081 [Val seq (cond on sampled tp)] |  MAPE 0.027305 | RMSE 92.646574 |
Epoch 0081 [Test seq (cond on sampled tp)] | MAPE 0.060529 | RMSE 292.090857|
0.058523666113615036,0.058033932000398636,0.06502806395292282
231.3579562199018,305.1822073573425,339.7324084849722
Experiment 07-16_23:55
Epoch 0082 [Train seq (cond on sampled tp)] | Loss 1885022.787512 | MAPE 0.033439 | RMSE 84.738390 | Likelihood -1885020.023838 | KL fp 2.7637 | FP STD 0.1613 | ->nfe  206.00 | <-nfe 2906.75
Epoch 0082 [Val seq (cond on sampled tp)] |  MAPE 0.027437 | RMSE 95.255439 |
Epoch 0082 [Test seq (cond on sampled tp)] | MAPE 0.056156 | RMSE 302.020560|
0.06065921485424042,0.056184638291597366,0.051625628024339676
240.9589160391248,304.1212879962532,360.98147459391873
Experiment 07-16_23:55
Epoch 0083 [Train seq (cond on sampled tp)] | Loss 1885095.693031 | MAPE 0.033558 | RMSE 85.613826 | Likelihood -1885093.097645 | KL fp 2.5954 | FP STD 0.2025 | ->nfe  196.25 | <-nfe 5060.75
Epoch 0083 [Val seq (cond on sampled tp)] |  MAPE 0.026136 | RMSE 85.052256 |
Epoch 0083 [Test seq (cond on sampled tp)] | MAPE 0.052344 | RMSE 281.511085|
0.05816840007901192,0.046495333313941956,0.05236757546663284
250.95122938780355,271.33798976092527,322.2440360192877
Experiment 07-16_23:55
Epoch 0084 [Train seq (cond on sampled tp)] | Loss 1887331.197626 | MAPE 0.031500 | RMSE 83.284984 | Likelihood -1887328.330207 | KL fp 2.8674 | FP STD 0.1487 | ->nfe  194.75 | <-nfe 3914.75
Epoch 0084 [Val seq (cond on sampled tp)] |  MAPE 0.029718 | RMSE 89.646207 |
Epoch 0084 [Test seq (cond on sampled tp)] | MAPE 0.062075 | RMSE 269.579429|
0.05846834182739258,0.06137070059776306,0.06638455390930176
234.94950421579952,257.32240538379085,316.46637854596815
Experiment 07-16_23:55
Epoch 0085 [Train seq (cond on sampled tp)] | Loss 1879244.648136 | MAPE 0.031605 | RMSE 83.748025 | Likelihood -1879241.919823 | KL fp 2.7283 | FP STD 0.1904 | ->nfe  195.50 | <-nfe 4812.50
Epoch 0085 [Val seq (cond on sampled tp)] |  MAPE 0.028902 | RMSE 92.495592 |
Epoch 0085 [Test seq (cond on sampled tp)] | MAPE 0.055086 | RMSE 271.954016|
0.047909755259752274,0.051764361560344696,0.06558459252119064
221.28995048917156,271.9896453681647,322.58245070059223
Experiment 07-16_23:55
Epoch 0086 [Train seq (cond on sampled tp)] | Loss 1892606.864570 | MAPE 0.042257 | RMSE 86.216082 | Likelihood -1892604.126093 | KL fp 2.7385 | FP STD 0.1856 | ->nfe  203.00 | <-nfe 2493.50
Epoch 0086 [Val seq (cond on sampled tp)] |  MAPE 0.027177 | RMSE 89.113870 |
Epoch 0086 [Test seq (cond on sampled tp)] | MAPE 0.048609 | RMSE 268.857888|
0.052581317722797394,0.0449410043656826,0.04830542951822281
225.1252429204686,266.9637001307481,314.48472240317176
Experiment 07-16_23:55
Epoch 0087 [Train seq (cond on sampled tp)] | Loss 1875941.054678 | MAPE 0.035537 | RMSE 83.326232 | Likelihood -1875938.379625 | KL fp 2.6751 | FP STD 0.1878 | ->nfe  188.00 | <-nfe 4598.75
Epoch 0087 [Val seq (cond on sampled tp)] |  MAPE 0.024547 | RMSE 83.717379 |
Epoch 0087 [Test seq (cond on sampled tp)] | MAPE 0.052683 | RMSE 233.583079|
0.050342973321676254,0.052236754447221756,0.055468279868364334
188.4470975996977,233.02774445868027,279.2743946372456
Experiment 07-16_23:55
Epoch 0088 [Train seq (cond on sampled tp)] | Loss 1879916.725169 | MAPE 0.033347 | RMSE 83.464146 | Likelihood -1879913.837691 | KL fp 2.8875 | FP STD 0.1634 | ->nfe  183.50 | <-nfe 4181.00
Epoch 0088 [Val seq (cond on sampled tp)] |  MAPE 0.027451 | RMSE 79.612455 |
Epoch 0088 [Test seq (cond on sampled tp)] | MAPE 0.055516 | RMSE 259.406428|
0.05758819356560707,0.05640973150730133,0.052550897002220154
225.66434906183122,257.57984199078936,294.97509163910775
Experiment 07-16_23:55
Epoch 0089 [Train seq (cond on sampled tp)] | Loss 1864312.638934 | MAPE 0.037318 | RMSE 80.796469 | Likelihood -1864309.542142 | KL fp 3.0968 | FP STD 0.1474 | ->nfe  188.75 | <-nfe 1855.25
Epoch 0089 [Val seq (cond on sampled tp)] |  MAPE 0.024935 | RMSE 88.892601 |
Epoch 0089 [Test seq (cond on sampled tp)] | MAPE 0.052055 | RMSE 313.674922|
0.05292702093720436,0.04945951700210571,0.05377965793013573
238.110391612273,320.2682225494749,382.6461526332128
Experiment 07-16_23:55
Epoch 0090 [Train seq (cond on sampled tp)] | Loss 1898744.888877 | MAPE 0.037676 | RMSE 86.917294 | Likelihood -1898742.071930 | KL fp 2.8169 | FP STD 0.1681 | ->nfe  194.75 | <-nfe 2660.75
Epoch 0090 [Val seq (cond on sampled tp)] |  MAPE 0.029149 | RMSE 84.226464 |
Epoch 0090 [Test seq (cond on sampled tp)] | MAPE 0.051270 | RMSE 260.379845|
0.051211245357990265,0.04455680400133133,0.058043163269758224
210.89746842363945,266.3220266425592,303.92003985423537
Experiment 07-16_23:55
Epoch 0091 [Train seq (cond on sampled tp)] | Loss 1882085.514087 | MAPE 0.034202 | RMSE 83.894626 | Likelihood -1882082.932229 | KL fp 2.5819 | FP STD 0.2165 | ->nfe  188.00 | <-nfe 3666.50
Epoch 0091 [Val seq (cond on sampled tp)] |  MAPE 0.035096 | RMSE 81.653410 |
Epoch 0091 [Test seq (cond on sampled tp)] | MAPE 0.059811 | RMSE 276.422981|
0.051009029150009155,0.06329356878995895,0.06512949615716934
222.5925193880064,277.9685374507338,328.7078870364993
Experiment 07-16_23:55
Epoch 0092 [Train seq (cond on sampled tp)] | Loss 1887192.103782 | MAPE 0.047783 | RMSE 84.897278 | Likelihood -1887189.335781 | KL fp 2.7680 | FP STD 0.1885 | ->nfe  198.50 | <-nfe 2280.50
Epoch 0092 [Val seq (cond on sampled tp)] |  MAPE 0.030279 | RMSE 99.175931 |
Epoch 0092 [Test seq (cond on sampled tp)] | MAPE 0.059318 | RMSE 316.359472|
0.07374216616153717,0.06160939857363701,0.04260368272662163
289.3136274011302,314.38728852722403,345.3774995385484
Experiment 07-16_23:55
Epoch 0093 [Train seq (cond on sampled tp)] | Loss 1909182.642946 | MAPE 0.038053 | RMSE 91.443724 | Likelihood -1909179.834598 | KL fp 2.8083 | FP STD 0.2073 | ->nfe  191.00 | <-nfe 3536.75
Epoch 0093 [Val seq (cond on sampled tp)] |  MAPE 0.031822 | RMSE 99.830124 |
Epoch 0093 [Test seq (cond on sampled tp)] | MAPE 0.064122 | RMSE 312.136109|
0.0667392909526825,0.05997386947274208,0.0656534731388092
295.27825859686993,289.8518209792721,351.27824619523483
Experiment 07-16_23:55
Epoch 0094 [Train seq (cond on sampled tp)] | Loss 1897786.906731 | MAPE 0.033629 | RMSE 85.444197 | Likelihood -1897784.527179 | KL fp 2.3796 | FP STD 0.2402 | ->nfe  182.75 | <-nfe 4592.75
Epoch 0094 [Val seq (cond on sampled tp)] |  MAPE 0.029588 | RMSE 99.346989 |
Epoch 0094 [Test seq (cond on sampled tp)] | MAPE 0.047396 | RMSE 292.905653|
0.053040988743305206,0.04743354395031929,0.041714128106832504
264.64780546511247,281.63236508345415,332.4367891043348
Experiment 07-16_23:55
Epoch 0095 [Train seq (cond on sampled tp)] | Loss 1872957.122815 | MAPE 0.034623 | RMSE 82.796431 | Likelihood -1872954.373597 | KL fp 2.7492 | FP STD 0.1927 | ->nfe  192.50 | <-nfe 2819.75
Epoch 0095 [Val seq (cond on sampled tp)] |  MAPE 0.024936 | RMSE 90.020877 |
Epoch 0095 [Test seq (cond on sampled tp)] | MAPE 0.050206 | RMSE 271.553319|
0.057960394769907,0.04705202579498291,0.04560438543558121
221.22921865680402,266.6058508125806,326.82488860626876
Experiment 07-16_23:55
Epoch 0096 [Train seq (cond on sampled tp)] | Loss 1866327.050112 | MAPE 0.033616 | RMSE 82.850696 | Likelihood -1866324.299755 | KL fp 2.7504 | FP STD 0.1916 | ->nfe  196.25 | <-nfe 5219.75
Epoch 0096 [Val seq (cond on sampled tp)] |  MAPE 0.026905 | RMSE 94.514430 |
Epoch 0096 [Test seq (cond on sampled tp)] | MAPE 0.053210 | RMSE 305.870784|
0.05623392015695572,0.04598385840654373,0.05741310864686966
232.3368295035249,310.2850629864416,374.990458211939
Experiment 07-16_23:55
Epoch 0097 [Train seq (cond on sampled tp)] | Loss 1847553.740744 | MAPE 0.033913 | RMSE 76.152824 | Likelihood -1847550.746264 | KL fp 2.9945 | FP STD 0.1525 | ->nfe  202.25 | <-nfe 4241.75
Epoch 0097 [Val seq (cond on sampled tp)] |  MAPE 0.026328 | RMSE 97.150324 |
Epoch 0097 [Test seq (cond on sampled tp)] | MAPE 0.048088 | RMSE 291.014833|
0.04604081064462662,0.04389713704586029,0.05432495102286339
249.94836966861777,277.40146054500144,345.69466974123276
Experiment 07-16_23:55
Epoch 0098 [Train seq (cond on sampled tp)] | Loss 1869961.045647 | MAPE 0.030668 | RMSE 80.622867 | Likelihood -1869958.327158 | KL fp 2.7185 | FP STD 0.1774 | ->nfe  199.25 | <-nfe 3671.00
Epoch 0098 [Val seq (cond on sampled tp)] |  MAPE 0.023151 | RMSE 86.622683 |
Epoch 0098 [Test seq (cond on sampled tp)] | MAPE 0.049572 | RMSE 267.550646|
0.053701937198638916,0.04660159349441528,0.048412252217531204
220.01581086651478,274.72914217916525,307.90698422981575
Experiment 07-16_23:55
Epoch 0099 [Train seq (cond on sampled tp)] | Loss 1846849.228025 | MAPE 0.030683 | RMSE 76.510641 | Likelihood -1846846.606722 | KL fp 2.6213 | FP STD 0.1984 | ->nfe  201.50 | <-nfe 4067.75
Epoch 0099 [Val seq (cond on sampled tp)] |  MAPE 0.025590 | RMSE 92.465228 |
Epoch 0099 [Test seq (cond on sampled tp)] | MAPE 0.046998 | RMSE 285.213473|
0.04969029501080513,0.04561402276158333,0.04569094628095627
237.22555689417192,271.4284263392469,346.98643480329315
Experiment 07-16_23:55
Epoch 0100 [Train seq (cond on sampled tp)] | Loss 1842364.300792 | MAPE 0.030784 | RMSE 75.622509 | Likelihood -1842361.951880 | KL fp 2.3489 | FP STD 0.2649 | ->nfe  200.75 | <-nfe 4644.50
Epoch 0100 [Val seq (cond on sampled tp)] |  MAPE 0.027864 | RMSE 83.684521 |
Epoch 0100 [Test seq (cond on sampled tp)] | MAPE 0.048708 | RMSE 254.167539|
0.0463125966489315,0.04525773972272873,0.054555099457502365
197.05933830321263,237.23806279241956,328.2052163852671
