/nvme/yuanjingyang/CG-ODE/run_models_covid.py
run_models_covid.py --heavyBall --gamma_guess 0.0 --corr 10
Namespace(save='experiments/', load=None, dataset='Dec', datapath='data/', pred_length=14, condition_length=21, features='Confirmed,Deaths,Recovered,Mortality_Rate,Testing_Rate,Population,Mobility', split_interval=3, feature_out='Deaths', niters=100, lr=0.005, batch_size=8, random_seed=1991, dropout=0.2, l2=1e-05, optimizer='AdamW', clip=10, edge_lamda=0.5, z0_encoder='GTrans', rec_dims=64, ode_dims=20, rec_layers=1, gen_layers=1, CVPR=False, graf_layer=1, heavyBall=True, actv_h=None, gamma_guess=0.0, gamma_act='sigmoid', corr=10, corrf=True, sign=1, augment_dim=0, solver='rk4', alias='run', output_dim=1, feature_out_index=[1], num_atoms=50)
run
Experiment 07-07_02:37
Epoch 0001 [Train seq (cond on sampled tp)] | Loss 4406902.098421 | MAPE 0.063514 | RMSE 286.751829 | Likelihood -4406900.534005 | KL fp 1.5644 | FP STD 0.4150|
Epoch 0001 [Val seq (cond on sampled tp)] |  MAPE 0.058306 | RMSE 306.928229 |
Best Val!
Epoch 0001 [Test seq (cond on sampled tp)] | MAPE 0.124574 | RMSE 908.760299|
0.13862992823123932,0.1286979764699936,0.10639362037181854
854.3513987230313,939.5987175385033,932.3307822334302
0.13862992823123932,0.1286979764699936,0.10639362037181854
854.3513987230313,939.5987175385033,932.3307822334302
Epoch 0001 [Test seq (cond on sampled tp)] | Best Test MAPE 0.124574|Best Test RMSE 908.760299|
Experiment 07-07_02:37
Epoch 0002 [Train seq (cond on sampled tp)] | Loss 4242793.586696 | MAPE 0.090701 | RMSE 277.536085 | Likelihood -4242790.410145 | KL fp 3.1766 | FP STD 0.6184|
Epoch 0002 [Val seq (cond on sampled tp)] |  MAPE 0.066141 | RMSE 284.802783 |
Epoch 0002 [Test seq (cond on sampled tp)] | MAPE 0.110210 | RMSE 875.395204|
0.11861177533864975,0.11337171494960785,0.09864705055952072
819.2816594431978,904.9298660669787,901.9740849935768
0.11861177533864975,0.11337171494960785,0.09864705055952072
819.2816594431978,904.9298660669787,901.9740849935768
Epoch 0002 [Test seq (cond on sampled tp)] | Best Test MAPE 0.110210|Best Test RMSE 875.395204|
Experiment 07-07_02:37
Epoch 0003 [Train seq (cond on sampled tp)] | Loss 3929609.808705 | MAPE 0.217417 | RMSE 259.221955 | Likelihood -3929603.683148 | KL fp 6.1256 | FP STD 0.7915|
Epoch 0003 [Val seq (cond on sampled tp)] |  MAPE 0.096998 | RMSE 246.187484 |
Epoch 0003 [Test seq (cond on sampled tp)] | MAPE 0.126624 | RMSE 807.751872|
0.13258908689022064,0.13154812157154083,0.11573423445224762
749.4634747604449,837.425332492396,836.3668079855871
Experiment 07-07_02:37
Epoch 0004 [Train seq (cond on sampled tp)] | Loss 3654986.112123 | MAPE 0.477601 | RMSE 242.916010 | Likelihood -3654977.172416 | KL fp 8.9397 | FP STD 0.7899|
Epoch 0004 [Val seq (cond on sampled tp)] |  MAPE 0.134279 | RMSE 211.050312 |
Epoch 0004 [Test seq (cond on sampled tp)] | MAPE 0.142433 | RMSE 732.805447|
0.14857427775859833,0.14068935811519623,0.13803671300411224
671.3442671238058,761.6397606480376,765.4323124875249
Experiment 07-07_02:37
Epoch 0005 [Train seq (cond on sampled tp)] | Loss 3351423.900425 | MAPE 0.452126 | RMSE 222.245712 | Likelihood -3351417.260976 | KL fp 6.6394 | FP STD 0.5416|
Epoch 0005 [Val seq (cond on sampled tp)] |  MAPE 0.036952 | RMSE 184.042815 |
Best Val!
Epoch 0005 [Test seq (cond on sampled tp)] | MAPE 0.058385 | RMSE 685.300443|
0.06530892848968506,0.06037352606654167,0.049471139907836914
625.0957676628439,718.1842338495046,712.6213273892383
0.06530892848968506,0.06037352606654167,0.049471139907836914
625.0957676628439,718.1842338495046,712.6213273892383
Epoch 0005 [Test seq (cond on sampled tp)] | Best Test MAPE 0.058385|Best Test RMSE 685.300443|
Experiment 07-07_02:37
Epoch 0006 [Train seq (cond on sampled tp)] | Loss 2998065.464070 | MAPE 0.062350 | RMSE 195.077411 | Likelihood -2998061.009656 | KL fp 4.4544 | FP STD 0.4997|
Epoch 0006 [Val seq (cond on sampled tp)] |  MAPE 0.032639 | RMSE 154.435110 |
Best Val!
Epoch 0006 [Test seq (cond on sampled tp)] | MAPE 0.056866 | RMSE 611.838795|
0.06281035393476486,0.058217719197273254,0.049569930881261826
545.8213707340525,646.7933402563758,642.9016740528834
0.06281035393476486,0.058217719197273254,0.049569930881261826
545.8213707340525,646.7933402563758,642.9016740528834
Epoch 0006 [Test seq (cond on sampled tp)] | Best Test MAPE 0.056866|Best Test RMSE 611.838795|
Experiment 07-07_02:37
Epoch 0007 [Train seq (cond on sampled tp)] | Loss 2708333.788347 | MAPE 0.051602 | RMSE 170.534130 | Likelihood -2708329.337369 | KL fp 4.4510 | FP STD 0.4369|
Epoch 0007 [Val seq (cond on sampled tp)] |  MAPE 0.028920 | RMSE 131.540564 |
Best Val!
Epoch 0007 [Test seq (cond on sampled tp)] | MAPE 0.053024 | RMSE 547.711417|
0.05665137991309166,0.057148780673742294,0.0452723503112793
484.4211590909299,579.157281099012,579.5558105135345
0.05665137991309166,0.057148780673742294,0.0452723503112793
484.4211590909299,579.157281099012,579.5558105135345
Epoch 0007 [Test seq (cond on sampled tp)] | Best Test MAPE 0.053024|Best Test RMSE 547.711417|
Experiment 07-07_02:37
Epoch 0008 [Train seq (cond on sampled tp)] | Loss 2462465.760289 | MAPE 0.037543 | RMSE 146.489892 | Likelihood -2462461.771264 | KL fp 3.9890 | FP STD 0.3923|
Epoch 0008 [Val seq (cond on sampled tp)] |  MAPE 0.030154 | RMSE 114.493394 |
Epoch 0008 [Test seq (cond on sampled tp)] | MAPE 0.054367 | RMSE 456.021941|
0.06589039415121078,0.05045033246278763,0.046760063618421555
401.8042511596909,479.24540295134807,487.01617016275753
Experiment 07-07_02:37
Epoch 0009 [Train seq (cond on sampled tp)] | Loss 2327813.572536 | MAPE 0.036109 | RMSE 132.863386 | Likelihood -2327809.476412 | KL fp 4.0961 | FP STD 0.3578|
Epoch 0009 [Val seq (cond on sampled tp)] |  MAPE 0.033764 | RMSE 101.955121 |
Epoch 0009 [Test seq (cond on sampled tp)] | MAPE 0.049464 | RMSE 426.176558|
0.05550297722220421,0.046257033944129944,0.04663288965821266
379.25552072448465,445.80680022292165,453.4673534280059
0.05550297722220421,0.046257033944129944,0.04663288965821266
379.25552072448465,445.80680022292165,453.4673534280059
Epoch 0009 [Test seq (cond on sampled tp)] | Best Test MAPE 0.049464|Best Test RMSE 426.176558|
Experiment 07-07_02:37
Epoch 0010 [Train seq (cond on sampled tp)] | Loss 2231190.197556 | MAPE 0.052292 | RMSE 120.132287 | Likelihood -2231186.482979 | KL fp 3.7146 | FP STD 0.2928|
Epoch 0010 [Val seq (cond on sampled tp)] |  MAPE 0.027511 | RMSE 87.479629 |
Best Val!
Epoch 0010 [Test seq (cond on sampled tp)] | MAPE 0.045488 | RMSE 366.228687|
0.04790673032402992,0.05096662417054176,0.03759118914604187
304.4893394069815,394.67258978170753,399.5241309983666
0.04790673032402992,0.05096662417054176,0.03759118914604187
304.4893394069815,394.67258978170753,399.5241309983666
Epoch 0010 [Test seq (cond on sampled tp)] | Best Test MAPE 0.045488|Best Test RMSE 366.228687|
Experiment 07-07_02:37
Epoch 0011 [Train seq (cond on sampled tp)] | Loss 2161268.985872 | MAPE 0.033484 | RMSE 111.999849 | Likelihood -2161265.338399 | KL fp 3.6475 | FP STD 0.2896|
Epoch 0011 [Val seq (cond on sampled tp)] |  MAPE 0.027140 | RMSE 88.424433 |
Best Val!
Epoch 0011 [Test seq (cond on sampled tp)] | MAPE 0.043457 | RMSE 365.773796|
0.04524686560034752,0.04846696928143501,0.03665585070848465
314.49650981767667,383.80760968224695,399.01726936311917
0.04524686560034752,0.04846696928143501,0.03665585070848465
314.49650981767667,383.80760968224695,399.01726936311917
Epoch 0011 [Test seq (cond on sampled tp)] | Best Test MAPE 0.043457|Best Test RMSE 365.773796|
Experiment 07-07_02:37
Epoch 0012 [Train seq (cond on sampled tp)] | Loss 2126742.275195 | MAPE 0.039883 | RMSE 107.100573 | Likelihood -2126738.797176 | KL fp 3.4780 | FP STD 0.2705|
Epoch 0012 [Val seq (cond on sampled tp)] |  MAPE 0.025556 | RMSE 88.029886 |
Best Val!
Epoch 0012 [Test seq (cond on sampled tp)] | MAPE 0.049008 | RMSE 328.116232|
0.057510919868946075,0.05177782103419304,0.03773416578769684
279.7827421634508,356.0652152345129,348.5007397768332
Experiment 07-07_02:37
Epoch 0013 [Train seq (cond on sampled tp)] | Loss 2087094.539054 | MAPE 0.033168 | RMSE 101.065949 | Likelihood -2087091.047048 | KL fp 3.4920 | FP STD 0.2364|
Epoch 0013 [Val seq (cond on sampled tp)] |  MAPE 0.027730 | RMSE 81.399529 |
Epoch 0013 [Test seq (cond on sampled tp)] | MAPE 0.043353 | RMSE 302.870289|
0.045329272747039795,0.04627164080739021,0.038457632064819336
255.00557591942965,328.78185444531454,324.8234376164996
0.045329272747039795,0.04627164080739021,0.038457632064819336
255.00557591942965,328.78185444531454,324.8234376164996
Epoch 0013 [Test seq (cond on sampled tp)] | Best Test MAPE 0.043353|Best Test RMSE 302.870289|
Experiment 07-07_02:37
Epoch 0014 [Train seq (cond on sampled tp)] | Loss 2071713.660644 | MAPE 0.031422 | RMSE 98.357442 | Likelihood -2071710.286057 | KL fp 3.3746 | FP STD 0.2169|
Epoch 0014 [Val seq (cond on sampled tp)] |  MAPE 0.026718 | RMSE 86.790365 |
Epoch 0014 [Test seq (cond on sampled tp)] | MAPE 0.046277 | RMSE 324.096283|
0.05031201243400574,0.04930242523550987,0.03921632841229439
277.6834978892336,356.5716859027088,338.0336637267064
Experiment 07-07_02:37
Epoch 0015 [Train seq (cond on sampled tp)] | Loss 2062203.676875 | MAPE 0.034430 | RMSE 98.457305 | Likelihood -2062200.454463 | KL fp 3.2224 | FP STD 0.2290|
Epoch 0015 [Val seq (cond on sampled tp)] |  MAPE 0.027024 | RMSE 94.064779 |
Epoch 0015 [Test seq (cond on sampled tp)] | MAPE 0.051666 | RMSE 344.862498|
0.05652314051985741,0.05494804307818413,0.04352721571922302
296.12493404389306,361.7450759858384,376.71748366647387
Experiment 07-07_02:37
Epoch 0016 [Train seq (cond on sampled tp)] | Loss 2082386.553483 | MAPE 0.053041 | RMSE 99.152123 | Likelihood -2082383.547342 | KL fp 3.0061 | FP STD 0.2175|
Epoch 0016 [Val seq (cond on sampled tp)] |  MAPE 0.027727 | RMSE 87.276201 |
Epoch 0016 [Test seq (cond on sampled tp)] | MAPE 0.046419 | RMSE 321.683231|
0.04719828814268112,0.050729673355817795,0.041327837854623795
286.5090939874335,336.27289652527753,342.26770178838086
Experiment 07-07_02:37
Epoch 0017 [Train seq (cond on sampled tp)] | Loss 2058261.167136 | MAPE 0.035758 | RMSE 96.501637 | Likelihood -2058258.121151 | KL fp 3.0460 | FP STD 0.2332|
Epoch 0017 [Val seq (cond on sampled tp)] |  MAPE 0.029020 | RMSE 84.987536 |
Epoch 0017 [Test seq (cond on sampled tp)] | MAPE 0.053313 | RMSE 294.911570|
0.057355254888534546,0.0552670881152153,0.04731600731611252
234.14469518067241,320.06043130555827,330.5295821670127
Experiment 07-07_02:37
Epoch 0018 [Train seq (cond on sampled tp)] | Loss 2066575.825843 | MAPE 0.037613 | RMSE 97.533547 | Likelihood -2066572.904036 | KL fp 2.9218 | FP STD 0.2439|
Epoch 0018 [Val seq (cond on sampled tp)] |  MAPE 0.028025 | RMSE 82.101012 |
Epoch 0018 [Test seq (cond on sampled tp)] | MAPE 0.050684 | RMSE 299.252532|
0.05655018985271454,0.054873816668987274,0.04062937572598457
254.1232169145511,308.64684511590264,334.98753474942913
Experiment 07-07_02:37
Epoch 0019 [Train seq (cond on sampled tp)] | Loss 2033257.331264 | MAPE 0.035704 | RMSE 92.985514 | Likelihood -2033254.305640 | KL fp 3.0256 | FP STD 0.2155|
Epoch 0019 [Val seq (cond on sampled tp)] |  MAPE 0.025403 | RMSE 86.974095 |
Best Val!
Epoch 0019 [Test seq (cond on sampled tp)] | MAPE 0.053300 | RMSE 307.822748|
0.05999461188912392,0.05403720214962959,0.045868515968322754
283.58075899997164,313.8717393299371,326.01574444342407
Experiment 07-07_02:37
Epoch 0020 [Train seq (cond on sampled tp)] | Loss 2043297.884696 | MAPE 0.036707 | RMSE 93.917989 | Likelihood -2043294.840150 | KL fp 3.0445 | FP STD 0.2025|
Epoch 0020 [Val seq (cond on sampled tp)] |  MAPE 0.030845 | RMSE 78.845391 |
Epoch 0020 [Test seq (cond on sampled tp)] | MAPE 0.059551 | RMSE 296.728006|
0.06312412768602371,0.06303989887237549,0.052488334476947784
244.6743930078299,330.01521035022006,315.49441605597394
Experiment 07-07_02:37
Epoch 0021 [Train seq (cond on sampled tp)] | Loss 2029474.695234 | MAPE 0.038803 | RMSE 92.103288 | Likelihood -2029471.649509 | KL fp 3.0457 | FP STD 0.2069|
Epoch 0021 [Val seq (cond on sampled tp)] |  MAPE 0.036972 | RMSE 81.978191 |
Epoch 0021 [Test seq (cond on sampled tp)] | MAPE 0.065227 | RMSE 298.219497|
0.07826673984527588,0.06248762831091881,0.05492693930864334
272.87885075157436,318.4791618968186,303.30047755897124
Experiment 07-07_02:37
Epoch 0022 [Train seq (cond on sampled tp)] | Loss 2053323.814275 | MAPE 0.036231 | RMSE 96.437416 | Likelihood -2053321.123749 | KL fp 2.6905 | FP STD 0.2674|
Epoch 0022 [Val seq (cond on sampled tp)] |  MAPE 0.029213 | RMSE 96.870055 |
Epoch 0022 [Test seq (cond on sampled tp)] | MAPE 0.059473 | RMSE 312.269538|
0.06754565238952637,0.06218423321843147,0.048688001930713654
289.7765302780748,334.56087123646125,312.4712111739256
Experiment 07-07_02:37
Epoch 0023 [Train seq (cond on sampled tp)] | Loss 2063027.332397 | MAPE 0.037361 | RMSE 96.846685 | Likelihood -2063024.630709 | KL fp 2.7017 | FP STD 0.2715|
Epoch 0023 [Val seq (cond on sampled tp)] |  MAPE 0.042722 | RMSE 85.601106 |
Epoch 0023 [Test seq (cond on sampled tp)] | MAPE 0.067247 | RMSE 287.739772|
0.07291200011968613,0.0662802904844284,0.0625489205121994
246.73474655234514,297.96572002916713,318.518850011267
Experiment 07-07_02:37
Epoch 0024 [Train seq (cond on sampled tp)] | Loss 2055699.543351 | MAPE 0.045376 | RMSE 96.167697 | Likelihood -2055696.692565 | KL fp 2.8508 | FP STD 0.2165|
Epoch 0024 [Val seq (cond on sampled tp)] |  MAPE 0.027648 | RMSE 86.976029 |
Epoch 0024 [Test seq (cond on sampled tp)] | MAPE 0.051888 | RMSE 277.138395|
0.05574925243854523,0.05708765983581543,0.04282701760530472
226.49925841490077,300.48125461499257,304.43467074234496
Experiment 07-07_02:37
Epoch 0025 [Train seq (cond on sampled tp)] | Loss 2022206.914299 | MAPE 0.036573 | RMSE 91.655758 | Likelihood -2022204.045658 | KL fp 2.8686 | FP STD 0.2067|
Epoch 0025 [Val seq (cond on sampled tp)] |  MAPE 0.024775 | RMSE 82.171398 |
Best Val!
Epoch 0025 [Test seq (cond on sampled tp)] | MAPE 0.050482 | RMSE 280.387702|
0.052280377596616745,0.05097365379333496,0.04819289222359657
269.25559998818966,286.0008741245383,285.90663084738
Experiment 07-07_02:37
Epoch 0026 [Train seq (cond on sampled tp)] | Loss 2050030.663616 | MAPE 0.039741 | RMSE 98.079283 | Likelihood -2050027.828261 | KL fp 2.8354 | FP STD 0.2462|
Epoch 0026 [Val seq (cond on sampled tp)] |  MAPE 0.033948 | RMSE 87.931395 |
Epoch 0026 [Test seq (cond on sampled tp)] | MAPE 0.066181 | RMSE 275.606284|
0.07099681347608566,0.06473810225725174,0.06280907988548279
246.918184514122,283.52655023383613,296.37411693246764
Experiment 07-07_02:37
Epoch 0027 [Train seq (cond on sampled tp)] | Loss 2046305.926922 | MAPE 0.035799 | RMSE 94.830905 | Likelihood -2046303.313905 | KL fp 2.6130 | FP STD 0.2533|
Epoch 0027 [Val seq (cond on sampled tp)] |  MAPE 0.034513 | RMSE 90.451310 |
Epoch 0027 [Test seq (cond on sampled tp)] | MAPE 0.064900 | RMSE 249.365054|
0.06515837460756302,0.06606706231832504,0.06347308307886124
203.1990730324575,253.12299381921034,291.7730951655755
Experiment 07-07_02:37
Epoch 0028 [Train seq (cond on sampled tp)] | Loss 2070005.331739 | MAPE 0.036763 | RMSE 102.717234 | Likelihood -2070002.327517 | KL fp 3.0042 | FP STD 0.2277|
Epoch 0028 [Val seq (cond on sampled tp)] |  MAPE 0.033221 | RMSE 91.749776 |
Epoch 0028 [Test seq (cond on sampled tp)] | MAPE 0.065761 | RMSE 317.499767|
0.07204801589250565,0.06692209839820862,0.05831240490078926
280.9248676247797,327.84727532419726,343.7271583320119
Experiment 07-07_02:37
Epoch 0029 [Train seq (cond on sampled tp)] | Loss 2039570.119242 | MAPE 0.042350 | RMSE 95.869009 | Likelihood -2039567.184575 | KL fp 2.9347 | FP STD 0.2061|
Epoch 0029 [Val seq (cond on sampled tp)] |  MAPE 0.031708 | RMSE 85.170707 |
Epoch 0029 [Test seq (cond on sampled tp)] | MAPE 0.048218 | RMSE 288.445149|
0.050052087754011154,0.04815332964062691,0.046448662877082825
244.85217957729108,306.2211848688787,314.2620821066391
Experiment 07-07_02:37
Epoch 0030 [Train seq (cond on sampled tp)] | Loss 2056382.944097 | MAPE 0.034081 | RMSE 96.331718 | Likelihood -2056380.041707 | KL fp 2.9024 | FP STD 0.1909|
Epoch 0030 [Val seq (cond on sampled tp)] |  MAPE 0.028380 | RMSE 85.340635 |
Epoch 0030 [Test seq (cond on sampled tp)] | MAPE 0.046456 | RMSE 267.506249|
0.04459661245346069,0.048720620572566986,0.04605161026120186
200.0891793363649,276.59371998926514,325.83584824263886
Experiment 07-07_02:37
Epoch 0031 [Train seq (cond on sampled tp)] | Loss 2083417.870725 | MAPE 0.047595 | RMSE 104.529988 | Likelihood -2083414.900633 | KL fp 2.9701 | FP STD 0.2012|
Epoch 0031 [Val seq (cond on sampled tp)] |  MAPE 0.025787 | RMSE 94.115833 |
Epoch 0031 [Test seq (cond on sampled tp)] | MAPE 0.053423 | RMSE 340.970205|
0.06231263652443886,0.056989867240190506,0.04096776247024536
294.4181364360898,362.84136943711366,365.65111017881514
Experiment 07-07_02:37
Epoch 0032 [Train seq (cond on sampled tp)] | Loss 2056824.159575 | MAPE 0.034735 | RMSE 96.845168 | Likelihood -2056821.484653 | KL fp 2.6749 | FP STD 0.1901|
Epoch 0032 [Val seq (cond on sampled tp)] |  MAPE 0.031284 | RMSE 82.517698 |
Epoch 0032 [Test seq (cond on sampled tp)] | MAPE 0.052521 | RMSE 284.679247|
0.05672837048768997,0.05327003449201584,0.04756319522857666
230.22561115403732,300.0700569242123,323.7420727793964
Experiment 07-07_02:37
Epoch 0033 [Train seq (cond on sampled tp)] | Loss 2038203.326589 | MAPE 0.035341 | RMSE 93.959320 | Likelihood -2038200.819447 | KL fp 2.5071 | FP STD 0.2256|
Epoch 0033 [Val seq (cond on sampled tp)] |  MAPE 0.025296 | RMSE 91.085870 |
Epoch 0033 [Test seq (cond on sampled tp)] | MAPE 0.057506 | RMSE 354.124961|
0.06123732402920723,0.052886962890625,0.058393172919750214
332.02927205293213,373.0003770105333,357.3452352942459
Experiment 07-07_02:37
Epoch 0034 [Train seq (cond on sampled tp)] | Loss 2060519.312841 | MAPE 0.042991 | RMSE 100.153561 | Likelihood -2060516.774096 | KL fp 2.5387 | FP STD 0.2267|
Epoch 0034 [Val seq (cond on sampled tp)] |  MAPE 0.031750 | RMSE 89.153684 |
Epoch 0034 [Test seq (cond on sampled tp)] | MAPE 0.053057 | RMSE 291.035429|
0.050604309886693954,0.05366763472557068,0.054899509996175766
244.76757948868556,308.9676105597478,319.3710983127622
Experiment 07-07_02:37
Epoch 0035 [Train seq (cond on sampled tp)] | Loss 2008605.801387 | MAPE 0.034242 | RMSE 90.106333 | Likelihood -2008603.141410 | KL fp 2.6600 | FP STD 0.1990|
Epoch 0035 [Val seq (cond on sampled tp)] |  MAPE 0.033193 | RMSE 91.319558 |
Epoch 0035 [Test seq (cond on sampled tp)] | MAPE 0.051212 | RMSE 296.059632|
0.05530046671628952,0.048482779413461685,0.049851272255182266
254.50407505332797,307.8985476175553,325.7762724439888
Experiment 07-07_02:37
Epoch 0036 [Train seq (cond on sampled tp)] | Loss 2085483.530555 | MAPE 0.033907 | RMSE 100.028918 | Likelihood -2085481.176746 | KL fp 2.3538 | FP STD 0.2165|
Epoch 0036 [Val seq (cond on sampled tp)] |  MAPE 0.033625 | RMSE 84.511989 |
Epoch 0036 [Test seq (cond on sampled tp)] | MAPE 0.058837 | RMSE 328.614428|
0.062145497649908066,0.05543394386768341,0.05893230438232422
313.12506237524326,346.84317421566766,325.8750479478292
Experiment 07-07_02:37
Epoch 0037 [Train seq (cond on sampled tp)] | Loss 2063755.413850 | MAPE 0.042104 | RMSE 100.429319 | Likelihood -2063752.917662 | KL fp 2.4962 | FP STD 0.2357|
Epoch 0037 [Val seq (cond on sampled tp)] |  MAPE 0.031100 | RMSE 94.228575 |
Epoch 0037 [Test seq (cond on sampled tp)] | MAPE 0.054972 | RMSE 294.001398|
0.06751301884651184,0.05288037657737732,0.0445215106010437
247.6817199048004,293.595171963028,340.72730115152206
Experiment 07-07_02:37
Epoch 0038 [Train seq (cond on sampled tp)] | Loss 1999589.581512 | MAPE 0.042596 | RMSE 88.399709 | Likelihood -1999586.887551 | KL fp 2.6940 | FP STD 0.1906|
Epoch 0038 [Val seq (cond on sampled tp)] |  MAPE 0.030544 | RMSE 93.922316 |
Epoch 0038 [Test seq (cond on sampled tp)] | MAPE 0.057704 | RMSE 310.470388|
0.06065499037504196,0.055333446711301804,0.05712311714887619
296.20859415283684,308.0755411623909,327.1270299898802
Experiment 07-07_02:37
Epoch 0039 [Train seq (cond on sampled tp)] | Loss 1990606.556808 | MAPE 0.033347 | RMSE 87.817399 | Likelihood -1990604.150876 | KL fp 2.4059 | FP STD 0.2095|
Epoch 0039 [Val seq (cond on sampled tp)] |  MAPE 0.025292 | RMSE 89.568769 |
Epoch 0039 [Test seq (cond on sampled tp)] | MAPE 0.057351 | RMSE 327.610223|
0.05821884796023369,0.06074829027056694,0.053086794912815094
299.49280041430046,332.3173487985543,351.02052112376566
Experiment 07-07_02:37
Epoch 0040 [Train seq (cond on sampled tp)] | Loss 1985500.053395 | MAPE 0.036257 | RMSE 89.732983 | Likelihood -1985497.524040 | KL fp 2.5294 | FP STD 0.1911|
Epoch 0040 [Val seq (cond on sampled tp)] |  MAPE 0.026674 | RMSE 99.328320 |
Epoch 0040 [Test seq (cond on sampled tp)] | MAPE 0.052484 | RMSE 322.409939|
0.06105509772896767,0.04853467270731926,0.047862306237220764
294.9387250981125,343.7116683173558,328.5794234275786
Experiment 07-07_02:37
Epoch 0041 [Train seq (cond on sampled tp)] | Loss 1966515.062915 | MAPE 0.034448 | RMSE 86.284118 | Likelihood -1966512.551366 | KL fp 2.5115 | FP STD 0.1849|
Epoch 0041 [Val seq (cond on sampled tp)] |  MAPE 0.024714 | RMSE 88.908353 |
Best Val!
Epoch 0041 [Test seq (cond on sampled tp)] | MAPE 0.054402 | RMSE 273.012284|
0.048638369888067245,0.059070948511362076,0.05549633875489235
223.11705167915787,283.2733606871638,312.64644068819973
Experiment 07-07_02:37
Epoch 0042 [Train seq (cond on sampled tp)] | Loss 1972718.441579 | MAPE 0.033999 | RMSE 88.914144 | Likelihood -1972715.869542 | KL fp 2.5720 | FP STD 0.1744|
Epoch 0042 [Val seq (cond on sampled tp)] |  MAPE 0.029241 | RMSE 84.388515 |
Epoch 0042 [Test seq (cond on sampled tp)] | MAPE 0.064566 | RMSE 270.229389|
0.07130696624517441,0.0633472129702568,0.059044040739536285
247.5986072507275,272.16135781462435,290.92820205335886
Experiment 07-07_02:37
Epoch 0043 [Train seq (cond on sampled tp)] | Loss 1990839.865585 | MAPE 0.037510 | RMSE 93.157546 | Likelihood -1990837.228484 | KL fp 2.6371 | FP STD 0.1802|
Epoch 0043 [Val seq (cond on sampled tp)] |  MAPE 0.029085 | RMSE 93.791720 |
Epoch 0043 [Test seq (cond on sampled tp)] | MAPE 0.051892 | RMSE 307.219639|
0.05572788044810295,0.0553710050880909,0.04457615688443184
278.07925185547373,318.22417412886784,325.35549067519975
Experiment 07-07_02:37
Epoch 0044 [Train seq (cond on sampled tp)] | Loss 2022344.017814 | MAPE 0.037272 | RMSE 94.764273 | Likelihood -2022341.688207 | KL fp 2.3296 | FP STD 0.1974|
Epoch 0044 [Val seq (cond on sampled tp)] |  MAPE 0.025527 | RMSE 105.517970 |
Epoch 0044 [Test seq (cond on sampled tp)] | MAPE 0.052303 | RMSE 309.625522|
0.050582073628902435,0.055403947830200195,0.05092243105173111
270.883032298998,326.47296021263384,331.5205734566107
Experiment 07-07_02:37
Epoch 0045 [Train seq (cond on sampled tp)] | Loss 2015986.200482 | MAPE 0.038615 | RMSE 93.510077 | Likelihood -2015984.013441 | KL fp 2.1870 | FP STD 0.2362|
Epoch 0045 [Val seq (cond on sampled tp)] |  MAPE 0.026809 | RMSE 89.788437 |
Epoch 0045 [Test seq (cond on sampled tp)] | MAPE 0.045119 | RMSE 243.721310|
0.03618345782160759,0.051131609827280045,0.04804211109876633
197.17470243733095,250.09731699630447,283.89191109910126
Experiment 07-07_02:37
Epoch 0046 [Train seq (cond on sampled tp)] | Loss 1993342.002278 | MAPE 0.048322 | RMSE 92.317750 | Likelihood -1993339.810419 | KL fp 2.1919 | FP STD 0.2614|
Epoch 0046 [Val seq (cond on sampled tp)] |  MAPE 0.026687 | RMSE 94.634618 |
Epoch 0046 [Test seq (cond on sampled tp)] | MAPE 0.047642 | RMSE 272.324438|
0.048517484217882156,0.05166080221533775,0.04274675250053406
230.30511351791563,285.0133494680556,301.6548498491281
Experiment 07-07_02:37
Epoch 0047 [Train seq (cond on sampled tp)] | Loss 1975749.775627 | MAPE 0.048017 | RMSE 89.534566 | Likelihood -1975747.419334 | KL fp 2.3563 | FP STD 0.1960|
Epoch 0047 [Val seq (cond on sampled tp)] |  MAPE 0.028829 | RMSE 99.639433 |
Epoch 0047 [Test seq (cond on sampled tp)] | MAPE 0.055999 | RMSE 328.571553|
0.0585777685046196,0.05887326970696449,0.05054505541920662
305.1117751128265,363.56846844851657,317.03441502855804
Experiment 07-07_02:37
Epoch 0048 [Train seq (cond on sampled tp)] | Loss 2002499.252253 | MAPE 0.040812 | RMSE 91.718369 | Likelihood -2002496.809558 | KL fp 2.4427 | FP STD 0.1874|
Epoch 0048 [Val seq (cond on sampled tp)] |  MAPE 0.025453 | RMSE 88.211300 |
Epoch 0048 [Test seq (cond on sampled tp)] | MAPE 0.063434 | RMSE 306.159596|
0.06092695891857147,0.06457392126321793,0.06480111181735992
267.84256686531364,336.3343528023862,314.30186773625763
Experiment 07-07_02:37
Epoch 0049 [Train seq (cond on sampled tp)] | Loss 1969859.211201 | MAPE 0.037578 | RMSE 87.383872 | Likelihood -1969856.847993 | KL fp 2.3632 | FP STD 0.1946|
Epoch 0049 [Val seq (cond on sampled tp)] |  MAPE 0.029978 | RMSE 88.662509 |
Epoch 0049 [Test seq (cond on sampled tp)] | MAPE 0.061993 | RMSE 255.909453|
0.05480963736772537,0.0641908273100853,0.0669775977730751
210.03058743014077,284.4196118853269,273.2781607172443
Experiment 07-07_02:37
Epoch 0050 [Train seq (cond on sampled tp)] | Loss 2046281.444614 | MAPE 0.047163 | RMSE 103.916661 | Likelihood -2046278.936365 | KL fp 2.5082 | FP STD 0.2072|
Epoch 0050 [Val seq (cond on sampled tp)] |  MAPE 0.027652 | RMSE 86.742812 |
Epoch 0050 [Test seq (cond on sampled tp)] | MAPE 0.054655 | RMSE 248.156855|
0.06314556300640106,0.05617765709757805,0.04464147612452507
216.88712141918433,260.2526716961807,267.3307729901292
Experiment 07-07_02:37
Epoch 0051 [Train seq (cond on sampled tp)] | Loss 2048368.463582 | MAPE 0.051988 | RMSE 101.670264 | Likelihood -2048366.482011 | KL fp 1.9816 | FP STD 0.2783|
Epoch 0051 [Val seq (cond on sampled tp)] |  MAPE 0.028037 | RMSE 88.609126 |
Epoch 0051 [Test seq (cond on sampled tp)] | MAPE 0.047151 | RMSE 269.545328|
0.04901953041553497,0.05354637652635574,0.038885753601789474
245.68598956544102,299.95666353658487,262.99333107039047
Experiment 07-07_02:37
Epoch 0052 [Train seq (cond on sampled tp)] | Loss 2010704.043930 | MAPE 0.047959 | RMSE 93.850262 | Likelihood -2010702.156463 | KL fp 1.8875 | FP STD 0.2854|
Epoch 0052 [Val seq (cond on sampled tp)] |  MAPE 0.030794 | RMSE 86.945469 |
Epoch 0052 [Test seq (cond on sampled tp)] | MAPE 0.045624 | RMSE 242.531733|
0.0509452223777771,0.04004503786563873,0.0458819754421711
222.27714436318007,236.75729265431298,268.560761863121
Experiment 07-07_02:37
Epoch 0053 [Train seq (cond on sampled tp)] | Loss 1978281.084895 | MAPE 0.039549 | RMSE 89.742951 | Likelihood -1978278.759929 | KL fp 2.3250 | FP STD 0.2021|
Epoch 0053 [Val seq (cond on sampled tp)] |  MAPE 0.027395 | RMSE 79.629719 |
Epoch 0053 [Test seq (cond on sampled tp)] | MAPE 0.042632 | RMSE 267.911000|
0.048109378665685654,0.04025638476014137,0.03953098505735397
237.72103201546977,282.94897949983846,283.06298989800837
0.048109378665685654,0.04025638476014137,0.03953098505735397
237.72103201546977,282.94897949983846,283.06298989800837
Epoch 0053 [Test seq (cond on sampled tp)] | Best Test MAPE 0.042632|Best Test RMSE 267.911000|
Experiment 07-07_02:37
Epoch 0054 [Train seq (cond on sampled tp)] | Loss 1983548.215390 | MAPE 0.037970 | RMSE 91.651167 | Likelihood -1983545.690719 | KL fp 2.5247 | FP STD 0.1735|
Epoch 0054 [Val seq (cond on sampled tp)] |  MAPE 0.024033 | RMSE 79.395002 |
Best Val!
Epoch 0054 [Test seq (cond on sampled tp)] | MAPE 0.044972 | RMSE 273.111944|
0.058343641459941864,0.046000320464372635,0.030572175979614258
235.9933625920441,287.84133270345313,295.50113684214483
Experiment 07-07_02:37
Epoch 0055 [Train seq (cond on sampled tp)] | Loss 1965894.128229 | MAPE 0.037599 | RMSE 88.905946 | Likelihood -1965891.820748 | KL fp 2.3075 | FP STD 0.2146|
Epoch 0055 [Val seq (cond on sampled tp)] |  MAPE 0.024490 | RMSE 82.654481 |
Epoch 0055 [Test seq (cond on sampled tp)] | MAPE 0.054209 | RMSE 266.109951|
0.06042175740003586,0.052240967750549316,0.04996519163250923
222.99019912599297,271.02203842584464,304.31761522708473
Experiment 07-07_02:37
Epoch 0056 [Train seq (cond on sampled tp)] | Loss 1961201.451165 | MAPE 0.038741 | RMSE 89.583862 | Likelihood -1961199.250909 | KL fp 2.2003 | FP STD 0.2720|
Epoch 0056 [Val seq (cond on sampled tp)] |  MAPE 0.026761 | RMSE 82.381274 |
Epoch 0056 [Test seq (cond on sampled tp)] | MAPE 0.064973 | RMSE 288.748988|
0.06438758224248886,0.06435411423444748,0.06617812812328339
252.8254091265354,305.6143147416364,307.8072398027701
Experiment 07-07_02:37
Epoch 0057 [Train seq (cond on sampled tp)] | Loss 1971535.115836 | MAPE 0.036257 | RMSE 86.969951 | Likelihood -1971532.913604 | KL fp 2.2022 | FP STD 0.2206|
Epoch 0057 [Val seq (cond on sampled tp)] |  MAPE 0.025370 | RMSE 94.164671 |
Epoch 0057 [Test seq (cond on sampled tp)] | MAPE 0.051949 | RMSE 286.515772|
0.05695156753063202,0.05417432636022568,0.044722188264131546
272.1200619671398,280.0215254002806,307.4057274189926
Experiment 07-07_02:37
Epoch 0058 [Train seq (cond on sampled tp)] | Loss 1970731.532113 | MAPE 0.037211 | RMSE 90.426208 | Likelihood -1970729.019516 | KL fp 2.5126 | FP STD 0.2054|
Epoch 0058 [Val seq (cond on sampled tp)] |  MAPE 0.029051 | RMSE 88.186872 |
Epoch 0058 [Test seq (cond on sampled tp)] | MAPE 0.053057 | RMSE 239.560328|
0.056691139936447144,0.050326354801654816,0.052153147757053375
250.53232388755748,227.65269600863505,240.49596377850085
Experiment 07-07_02:37
Epoch 0059 [Train seq (cond on sampled tp)] | Loss 1993488.810516 | MAPE 0.044661 | RMSE 90.599141 | Likelihood -1993486.108019 | KL fp 2.7025 | FP STD 0.1486|
Epoch 0059 [Val seq (cond on sampled tp)] |  MAPE 0.028003 | RMSE 85.074430 |
Epoch 0059 [Test seq (cond on sampled tp)] | MAPE 0.055979 | RMSE 262.894378|
0.057180728763341904,0.05728829279541969,0.053469084203243256
237.2467893618373,278.78912281507684,272.6472222717481
Experiment 07-07_02:37
Epoch 0060 [Train seq (cond on sampled tp)] | Loss 1949848.893853 | MAPE 0.045251 | RMSE 85.077267 | Likelihood -1949846.091055 | KL fp 2.8028 | FP STD 0.1644|
Epoch 0060 [Val seq (cond on sampled tp)] |  MAPE 0.033576 | RMSE 85.455406 |
Epoch 0060 [Test seq (cond on sampled tp)] | MAPE 0.053105 | RMSE 273.598444|
0.05728425830602646,0.05490386486053467,0.04712638631463051
254.61469818384404,269.58461971614776,296.59601364903745
Experiment 07-07_02:37
Epoch 0061 [Train seq (cond on sampled tp)] | Loss 1980771.409024 | MAPE 0.049227 | RMSE 92.130402 | Likelihood -1980768.470984 | KL fp 2.9380 | FP STD 0.1832|
Epoch 0061 [Val seq (cond on sampled tp)] |  MAPE 0.031146 | RMSE 87.256699 |
Epoch 0061 [Test seq (cond on sampled tp)] | MAPE 0.062805 | RMSE 302.733882|
0.06525891274213791,0.0619816780090332,0.06117479130625725
278.25572770385156,303.2771010148969,326.66881642574947
Experiment 07-07_02:37
Epoch 0062 [Train seq (cond on sampled tp)] | Loss 2001656.042247 | MAPE 0.043082 | RMSE 92.150458 | Likelihood -2001653.825416 | KL fp 2.2168 | FP STD 0.2468|
Epoch 0062 [Val seq (cond on sampled tp)] |  MAPE 0.031027 | RMSE 91.584015 |
Epoch 0062 [Test seq (cond on sampled tp)] | MAPE 0.051812 | RMSE 263.463193|
0.05032728239893913,0.05775009095668793,0.047359198331832886
238.65957057071898,297.12413230836705,254.60587649099932
Experiment 07-07_02:37
Epoch 0063 [Train seq (cond on sampled tp)] | Loss 1966616.693153 | MAPE 0.045860 | RMSE 87.271306 | Likelihood -1966614.387183 | KL fp 2.3060 | FP STD 0.2478|
Epoch 0063 [Val seq (cond on sampled tp)] |  MAPE 0.023858 | RMSE 83.579634 |
Best Val!
Epoch 0063 [Test seq (cond on sampled tp)] | MAPE 0.045087 | RMSE 300.237231|
0.04157653823494911,0.04504156485199928,0.04864149168133736
255.40381628902884,324.1178291725094,321.1900479077769
Experiment 07-07_02:37
Epoch 0064 [Train seq (cond on sampled tp)] | Loss 1956872.539824 | MAPE 0.057466 | RMSE 87.092441 | Likelihood -1956870.088354 | KL fp 2.4515 | FP STD 0.2123|
Epoch 0064 [Val seq (cond on sampled tp)] |  MAPE 0.024793 | RMSE 85.665271 |
Epoch 0064 [Test seq (cond on sampled tp)] | MAPE 0.045166 | RMSE 281.524045|
0.04503796994686127,0.046280402690172195,0.04417944699525833
244.8248736341959,296.2109547054261,303.5363060039112
Experiment 07-07_02:37
Epoch 0065 [Train seq (cond on sampled tp)] | Loss 1940084.000637 | MAPE 0.051647 | RMSE 83.166009 | Likelihood -1940081.417256 | KL fp 2.5834 | FP STD 0.1980|
Epoch 0065 [Val seq (cond on sampled tp)] |  MAPE 0.036090 | RMSE 80.838812 |
Epoch 0065 [Test seq (cond on sampled tp)] | MAPE 0.054107 | RMSE 255.362302|
0.05802133306860924,0.05443374440073967,0.04986631125211716
226.86231025117416,260.98652982481684,278.2380669049438
Experiment 07-07_02:37
Epoch 0066 [Train seq (cond on sampled tp)] | Loss 1935649.196666 | MAPE 0.056280 | RMSE 82.968369 | Likelihood -1935646.542109 | KL fp 2.6546 | FP STD 0.1830|
Epoch 0066 [Val seq (cond on sampled tp)] |  MAPE 0.034323 | RMSE 81.836411 |
Epoch 0066 [Test seq (cond on sampled tp)] | MAPE 0.053235 | RMSE 270.643454|
0.05853371322154999,0.05052606761455536,0.05064632371068001
252.71057123219043,274.03146203948916,285.1883286751055
Experiment 07-07_02:37
Epoch 0067 [Train seq (cond on sampled tp)] | Loss 1969367.605295 | MAPE 0.065860 | RMSE 88.078060 | Likelihood -1969365.275964 | KL fp 2.3293 | FP STD 0.2349|
Epoch 0067 [Val seq (cond on sampled tp)] |  MAPE 0.033044 | RMSE 87.203356 |
Epoch 0067 [Test seq (cond on sampled tp)] | MAPE 0.048220 | RMSE 282.596396|
0.05161510407924652,0.048394668847322464,0.04465097934007645
268.8176513689159,291.2594150838733,287.7121228328761
Experiment 07-07_02:37
Epoch 0068 [Train seq (cond on sampled tp)] | Loss 1960242.105396 | MAPE 0.069340 | RMSE 86.050087 | Likelihood -1960239.631230 | KL fp 2.4742 | FP STD 0.2139|
Epoch 0068 [Val seq (cond on sampled tp)] |  MAPE 0.039628 | RMSE 83.277055 |
Epoch 0068 [Test seq (cond on sampled tp)] | MAPE 0.061682 | RMSE 252.206848|
0.061758171766996384,0.05686433985829353,0.06642444431781769
202.78632342628532,251.85204610048336,301.9821755915405
Experiment 07-07_02:37
Epoch 0069 [Train seq (cond on sampled tp)] | Loss 1957324.380814 | MAPE 0.076452 | RMSE 86.950686 | Likelihood -1957321.808488 | KL fp 2.5723 | FP STD 0.2054|
Epoch 0069 [Val seq (cond on sampled tp)] |  MAPE 0.032476 | RMSE 89.955189 |
Epoch 0069 [Test seq (cond on sampled tp)] | MAPE 0.057754 | RMSE 297.987581|
0.06106434389948845,0.056664083153009415,0.05553460121154785
267.1656789335037,289.44314802306167,337.353915143281
Experiment 07-07_02:37
Epoch 0070 [Train seq (cond on sampled tp)] | Loss 1951540.059220 | MAPE 0.088147 | RMSE 86.093538 | Likelihood -1951537.451423 | KL fp 2.6078 | FP STD 0.1915|
Epoch 0070 [Val seq (cond on sampled tp)] |  MAPE 0.029733 | RMSE 78.165608 |
Epoch 0070 [Test seq (cond on sampled tp)] | MAPE 0.048894 | RMSE 265.143849|
0.04550647735595703,0.050077684223651886,0.05109841376543045
233.3017677681633,284.3311642038206,277.79861466987194
Experiment 07-07_02:37
Epoch 0071 [Train seq (cond on sampled tp)] | Loss 1932239.346805 | MAPE 0.083896 | RMSE 82.700108 | Likelihood -1932236.856425 | KL fp 2.4904 | FP STD 0.2147|
Epoch 0071 [Val seq (cond on sampled tp)] |  MAPE 0.031071 | RMSE 83.248968 |
Epoch 0071 [Test seq (cond on sampled tp)] | MAPE 0.056095 | RMSE 273.227246|
0.057180192321538925,0.05477093532681465,0.05633511394262314
248.21375931341922,310.1852647007914,261.2827132628563
Experiment 07-07_02:37
Epoch 0072 [Train seq (cond on sampled tp)] | Loss 1925915.091423 | MAPE 0.091823 | RMSE 81.682566 | Likelihood -1925912.665365 | KL fp 2.4261 | FP STD 0.2211|
Epoch 0072 [Val seq (cond on sampled tp)] |  MAPE 0.031103 | RMSE 87.900756 |
Epoch 0072 [Test seq (cond on sampled tp)] | MAPE 0.051789 | RMSE 305.722121|
0.05391201376914978,0.05136100575327873,0.05009477958083153
278.8126190876231,316.6506602314292,321.7030851577274
Experiment 07-07_02:37
Epoch 0073 [Train seq (cond on sampled tp)] | Loss 1937893.060569 | MAPE 0.101928 | RMSE 84.599811 | Likelihood -1937890.710747 | KL fp 2.3498 | FP STD 0.2580|
Epoch 0073 [Val seq (cond on sampled tp)] |  MAPE 0.034062 | RMSE 91.999273 |
Epoch 0073 [Test seq (cond on sampled tp)] | MAPE 0.046607 | RMSE 286.323099|
0.04900110512971878,0.0452130027115345,0.04560794681310654
270.1586050360047,308.1271931970627,280.6834989138122
Experiment 07-07_02:37
Epoch 0074 [Train seq (cond on sampled tp)] | Loss 1955284.682977 | MAPE 0.097924 | RMSE 85.144253 | Likelihood -1955282.384772 | KL fp 2.2982 | FP STD 0.2394|
Epoch 0074 [Val seq (cond on sampled tp)] |  MAPE 0.032661 | RMSE 91.873581 |
Epoch 0074 [Test seq (cond on sampled tp)] | MAPE 0.047810 | RMSE 287.529803|
0.04862364009022713,0.04838130995631218,0.04642527550458908
253.7524168604114,295.1173230683011,313.71966984873615
Experiment 07-07_02:37
Epoch 0075 [Train seq (cond on sampled tp)] | Loss 1965585.417311 | MAPE 0.103510 | RMSE 90.571251 | Likelihood -1965582.920900 | KL fp 2.4964 | FP STD 0.2406|
Epoch 0075 [Val seq (cond on sampled tp)] |  MAPE 0.033487 | RMSE 93.322578 |
Epoch 0075 [Test seq (cond on sampled tp)] | MAPE 0.056594 | RMSE 342.732969|
0.0578777901828289,0.05635105073451996,0.05555398762226105
315.75998351200235,348.0088899726557,364.43003443733886
Experiment 07-07_02:37
Epoch 0076 [Train seq (cond on sampled tp)] | Loss 2007210.555668 | MAPE 0.104741 | RMSE 92.658327 | Likelihood -2007208.211211 | KL fp 2.3445 | FP STD 0.2124|
Epoch 0076 [Val seq (cond on sampled tp)] |  MAPE 0.034762 | RMSE 85.872109 |
Epoch 0076 [Test seq (cond on sampled tp)] | MAPE 0.062659 | RMSE 292.854529|
0.060874827206134796,0.05878918990492821,0.06831345707178116
253.72595329410038,297.84645005858306,326.9911839407907
Experiment 07-07_02:37
Epoch 0077 [Train seq (cond on sampled tp)] | Loss 1961542.200997 | MAPE 0.097333 | RMSE 88.416440 | Likelihood -1961539.541112 | KL fp 2.6599 | FP STD 0.1973|
Epoch 0077 [Val seq (cond on sampled tp)] |  MAPE 0.034533 | RMSE 102.137196 |
Epoch 0077 [Test seq (cond on sampled tp)] | MAPE 0.050469 | RMSE 319.233842|
0.0576433464884758,0.04953683912754059,0.04422806575894356
288.92807009271354,318.4855398012601,350.2879172909051
Experiment 07-07_02:37
Epoch 0078 [Train seq (cond on sampled tp)] | Loss 1941483.077028 | MAPE 0.102501 | RMSE 84.108547 | Likelihood -1941480.551264 | KL fp 2.5258 | FP STD 0.2078|
Epoch 0078 [Val seq (cond on sampled tp)] |  MAPE 0.032798 | RMSE 87.219178 |
Epoch 0078 [Test seq (cond on sampled tp)] | MAPE 0.050863 | RMSE 316.442243|
0.04879072681069374,0.049017924815416336,0.05478028953075409
275.448370275629,327.7910324238599,346.0873264076568
Experiment 07-07_02:37
Epoch 0079 [Train seq (cond on sampled tp)] | Loss 1996537.256721 | MAPE 0.102203 | RMSE 90.680547 | Likelihood -1996534.805906 | KL fp 2.4508 | FP STD 0.2005|
Epoch 0079 [Val seq (cond on sampled tp)] |  MAPE 0.033552 | RMSE 92.975845 |
Epoch 0079 [Test seq (cond on sampled tp)] | MAPE 0.044054 | RMSE 277.282882|
0.04669702425599098,0.039770402014255524,0.04569517448544502
233.33105002603062,288.45152322357393,310.06607158797624
Experiment 07-07_02:37
Epoch 0080 [Train seq (cond on sampled tp)] | Loss 1925519.054500 | MAPE 0.099853 | RMSE 83.174088 | Likelihood -1925516.379863 | KL fp 2.6746 | FP STD 0.1898|
Epoch 0080 [Val seq (cond on sampled tp)] |  MAPE 0.036299 | RMSE 92.866078 |
Epoch 0080 [Test seq (cond on sampled tp)] | MAPE 0.063729 | RMSE 305.956077|
0.06451544910669327,0.06318014860153198,0.06349026411771774
267.3261117062828,305.1376354409597,345.4044843549371
Experiment 07-07_02:37
Epoch 0081 [Train seq (cond on sampled tp)] | Loss 1926478.358733 | MAPE 0.102271 | RMSE 81.544138 | Likelihood -1926475.576604 | KL fp 2.7821 | FP STD 0.1656|
Epoch 0081 [Val seq (cond on sampled tp)] |  MAPE 0.031214 | RMSE 81.393509 |
Epoch 0081 [Test seq (cond on sampled tp)] | MAPE 0.059824 | RMSE 284.377360|
0.05897193402051926,0.05869403854012489,0.06180517375469208
255.64918895333895,296.3957974567116,301.0870928817773
Experiment 07-07_02:37
Epoch 0082 [Train seq (cond on sampled tp)] | Loss 1932247.015005 | MAPE 0.097472 | RMSE 82.183960 | Likelihood -1932244.583006 | KL fp 2.4320 | FP STD 0.2162|
Epoch 0082 [Val seq (cond on sampled tp)] |  MAPE 0.033551 | RMSE 79.064662 |
Epoch 0082 [Test seq (cond on sampled tp)] | MAPE 0.069126 | RMSE 284.155073|
0.06564579159021378,0.07037260383367538,0.07136107981204987
246.05865027468553,291.59465926607777,314.81191061092335
Experiment 07-07_02:37
Epoch 0083 [Train seq (cond on sampled tp)] | Loss 1925942.652461 | MAPE 0.092837 | RMSE 81.154051 | Likelihood -1925940.142000 | KL fp 2.5105 | FP STD 0.2215|
Epoch 0083 [Val seq (cond on sampled tp)] |  MAPE 0.033008 | RMSE 83.104615 |
Epoch 0083 [Test seq (cond on sampled tp)] | MAPE 0.060517 | RMSE 277.170149|
0.058062050491571426,0.05994519963860512,0.06354466825723648
242.5879028826458,273.2607643122225,315.6617800352143
Experiment 07-07_02:37
Epoch 0084 [Train seq (cond on sampled tp)] | Loss 1931886.388578 | MAPE 0.093670 | RMSE 82.010020 | Likelihood -1931883.721605 | KL fp 2.6670 | FP STD 0.1911|
Epoch 0084 [Val seq (cond on sampled tp)] |  MAPE 0.044346 | RMSE 92.575418 |
Epoch 0084 [Test seq (cond on sampled tp)] | MAPE 0.075950 | RMSE 315.567738|
0.07078017294406891,0.07867147028446198,0.07839755713939667
274.5454197396125,352.21231611770764,319.94547875380266
Experiment 07-07_02:37
Epoch 0085 [Train seq (cond on sampled tp)] | Loss 1945195.813998 | MAPE 0.116256 | RMSE 83.653686 | Likelihood -1945192.981209 | KL fp 2.8328 | FP STD 0.1554|
Epoch 0085 [Val seq (cond on sampled tp)] |  MAPE 0.033490 | RMSE 88.050617 |
Epoch 0085 [Test seq (cond on sampled tp)] | MAPE 0.059811 | RMSE 262.967179|
0.0557488389313221,0.05637424439191818,0.06731072068214417
242.26774477063594,262.84244032785114,283.7913516124126
Experiment 07-07_02:37
Epoch 0086 [Train seq (cond on sampled tp)] | Loss 1928955.531804 | MAPE 0.099079 | RMSE 84.957540 | Likelihood -1928952.811236 | KL fp 2.7206 | FP STD 0.1708|
Epoch 0086 [Val seq (cond on sampled tp)] |  MAPE 0.036628 | RMSE 84.133984 |
Epoch 0086 [Test seq (cond on sampled tp)] | MAPE 0.072166 | RMSE 310.158017|
0.06638295948505402,0.07209113240242004,0.07802476733922958
266.8562200652254,318.1444001943143,345.47342969467275
Experiment 07-07_02:37
Epoch 0087 [Train seq (cond on sampled tp)] | Loss 1904050.582380 | MAPE 0.109674 | RMSE 79.129577 | Likelihood -1904048.425981 | KL fp 2.1564 | FP STD 0.2475|
Epoch 0087 [Val seq (cond on sampled tp)] |  MAPE 0.033902 | RMSE 82.891648 |
Epoch 0087 [Test seq (cond on sampled tp)] | MAPE 0.061872 | RMSE 291.785255|
0.05869160592556,0.06147144362330437,0.0654514953494072
239.8302785304641,311.82892946293487,323.6965568823678
Experiment 07-07_02:37
Epoch 0088 [Train seq (cond on sampled tp)] | Loss 1938689.507349 | MAPE 0.113808 | RMSE 85.695509 | Likelihood -1938686.692525 | KL fp 2.8148 | FP STD 0.1658|
Epoch 0088 [Val seq (cond on sampled tp)] |  MAPE 0.037163 | RMSE 86.044235 |
Epoch 0088 [Test seq (cond on sampled tp)] | MAPE 0.059192 | RMSE 306.267299|
0.057766202837228775,0.0599171482026577,0.05989157408475876
266.297428287432,313.9720329902012,338.53243705367436
Experiment 07-07_02:37
Epoch 0089 [Train seq (cond on sampled tp)] | Loss 1969418.793213 | MAPE 0.108896 | RMSE 86.559284 | Likelihood -1969415.728633 | KL fp 3.0646 | FP STD 0.1231|
Epoch 0089 [Val seq (cond on sampled tp)] |  MAPE 0.032965 | RMSE 88.468024 |
Epoch 0089 [Test seq (cond on sampled tp)] | MAPE 0.053446 | RMSE 276.205040|
0.04766198620200157,0.05223425105214119,0.060442134737968445
241.9961340729434,306.90790302222587,279.7110814081201
Experiment 07-07_02:37
Epoch 0090 [Train seq (cond on sampled tp)] | Loss 1936048.802877 | MAPE 0.100170 | RMSE 81.937414 | Likelihood -1936046.043716 | KL fp 2.7592 | FP STD 0.1668|
Epoch 0090 [Val seq (cond on sampled tp)] |  MAPE 0.032424 | RMSE 92.434272 |
Epoch 0090 [Test seq (cond on sampled tp)] | MAPE 0.054765 | RMSE 291.450483|
0.04685177654027939,0.05514338240027428,0.06229875609278679
252.04378649849713,305.61491547779536,316.69274837766653
Experiment 07-07_02:37
Epoch 0091 [Train seq (cond on sampled tp)] | Loss 1927116.232112 | MAPE 0.099156 | RMSE 80.499238 | Likelihood -1927113.518780 | KL fp 2.7133 | FP STD 0.1692|
Epoch 0091 [Val seq (cond on sampled tp)] |  MAPE 0.032496 | RMSE 89.174327 |
Epoch 0091 [Test seq (cond on sampled tp)] | MAPE 0.063350 | RMSE 317.436786|
0.061651188880205154,0.063918836414814,0.06448095291852951
281.90974009867057,347.63698963502145,322.76362771384265
Experiment 07-07_02:37
Epoch 0092 [Train seq (cond on sampled tp)] | Loss 1938541.085629 | MAPE 0.093243 | RMSE 81.325519 | Likelihood -1938538.443737 | KL fp 2.6419 | FP STD 0.1808|
Epoch 0092 [Val seq (cond on sampled tp)] |  MAPE 0.030044 | RMSE 86.492608 |
Epoch 0092 [Test seq (cond on sampled tp)] | MAPE 0.052419 | RMSE 272.710247|
0.048192355781793594,0.051628272980451584,0.057437729090452194
249.97105301164373,271.26607095248755,296.8936178372651
Experiment 07-07_02:37
Epoch 0093 [Train seq (cond on sampled tp)] | Loss 1931651.911453 | MAPE 0.090560 | RMSE 79.213448 | Likelihood -1931649.356851 | KL fp 2.5546 | FP STD 0.2100|
Epoch 0093 [Val seq (cond on sampled tp)] |  MAPE 0.038364 | RMSE 92.185662 |
Epoch 0093 [Test seq (cond on sampled tp)] | MAPE 0.074658 | RMSE 323.027084|
0.06836225092411041,0.08091754466295242,0.07469410449266434
259.6056955991143,364.2779459080662,345.1976109781179
Experiment 07-07_02:37
Epoch 0094 [Train seq (cond on sampled tp)] | Loss 2018905.314725 | MAPE 0.104679 | RMSE 100.426979 | Likelihood -2018902.333660 | KL fp 2.9811 | FP STD 0.1580|
Epoch 0094 [Val seq (cond on sampled tp)] |  MAPE 0.030841 | RMSE 95.306993 |
Epoch 0094 [Test seq (cond on sampled tp)] | MAPE 0.056685 | RMSE 314.601859|
0.04523226618766785,0.058466218411922455,0.06635549664497375
287.7603169306011,323.5721398506058,332.4731192141705
Experiment 07-07_02:37
Epoch 0095 [Train seq (cond on sampled tp)] | Loss 1952882.410259 | MAPE 0.099685 | RMSE 85.224075 | Likelihood -1952879.812381 | KL fp 2.5979 | FP STD 0.1863|
Epoch 0095 [Val seq (cond on sampled tp)] |  MAPE 0.031496 | RMSE 92.015533 |
Epoch 0095 [Test seq (cond on sampled tp)] | MAPE 0.050931 | RMSE 311.144743|
0.05084992200136185,0.04753760248422623,0.054406069219112396
278.3920066650621,330.7433153141572,324.29890725995364
Experiment 07-07_02:37
Epoch 0096 [Train seq (cond on sampled tp)] | Loss 1957066.523653 | MAPE 0.092740 | RMSE 83.562080 | Likelihood -1957064.096352 | KL fp 2.4273 | FP STD 0.2016|
Epoch 0096 [Val seq (cond on sampled tp)] |  MAPE 0.033696 | RMSE 85.429153 |
Epoch 0096 [Test seq (cond on sampled tp)] | MAPE 0.065302 | RMSE 293.660081|
0.059200625866651535,0.06300316005945206,0.0737013965845108
244.15152825653172,279.106974339589,357.7217406728308
Experiment 07-07_02:37
Epoch 0097 [Train seq (cond on sampled tp)] | Loss 1940266.034337 | MAPE 0.098015 | RMSE 82.742685 | Likelihood -1940263.181648 | KL fp 2.8527 | FP STD 0.1619|
Epoch 0097 [Val seq (cond on sampled tp)] |  MAPE 0.030727 | RMSE 87.661330 |
Epoch 0097 [Test seq (cond on sampled tp)] | MAPE 0.063396 | RMSE 306.359964|
0.05837385356426239,0.0669843927025795,0.06482982635498047
272.2039819923654,330.1996910015211,316.6762197023957
Experiment 07-07_02:37
Epoch 0098 [Train seq (cond on sampled tp)] | Loss 1947549.431846 | MAPE 0.094442 | RMSE 85.495017 | Likelihood -1947546.556424 | KL fp 2.8754 | FP STD 0.1583|
Epoch 0098 [Val seq (cond on sampled tp)] |  MAPE 0.029637 | RMSE 86.558729 |
Epoch 0098 [Test seq (cond on sampled tp)] | MAPE 0.057120 | RMSE 269.413690|
0.048694465309381485,0.06239171698689461,0.06027389317750931
232.77138898767177,288.17435857046684,287.29532116360684
Experiment 07-07_02:37
Epoch 0099 [Train seq (cond on sampled tp)] | Loss 1931344.321339 | MAPE 0.090509 | RMSE 80.682979 | Likelihood -1931341.562176 | KL fp 2.7592 | FP STD 0.1500|
Epoch 0099 [Val seq (cond on sampled tp)] |  MAPE 0.036366 | RMSE 84.480443 |
Epoch 0099 [Test seq (cond on sampled tp)] | MAPE 0.073398 | RMSE 295.662414|
0.06652721017599106,0.07243198901414871,0.08123552054166794
243.5405831170649,291.1379344486046,352.30872470036843
Experiment 07-07_02:37
Epoch 0100 [Train seq (cond on sampled tp)] | Loss 1932371.173746 | MAPE 0.096706 | RMSE 82.445250 | Likelihood -1932368.300980 | KL fp 2.8728 | FP STD 0.1497|
Epoch 0100 [Val seq (cond on sampled tp)] |  MAPE 0.031094 | RMSE 84.378351 |
Epoch 0100 [Test seq (cond on sampled tp)] | MAPE 0.046798 | RMSE 288.221587|
0.040886085480451584,0.047948915511369705,0.05155890807509422
241.77372718360033,285.90682212479646,336.9842123527451
