/nvme/yuanjingyang/CG-ODE/run_models_covid.py
run_models_covid.py --heavyBall --gamma_guess 0.0 --corr -100
Namespace(save='experiments/', load=None, dataset='Dec', datapath='data/', pred_length=14, condition_length=21, features='Confirmed,Deaths,Recovered,Mortality_Rate,Testing_Rate,Population,Mobility', split_interval=3, feature_out='Deaths', niters=100, lr=0.005, batch_size=8, random_seed=1991, dropout=0.2, l2=1e-05, optimizer='AdamW', clip=10, edge_lamda=0.5, z0_encoder='GTrans', rec_dims=64, ode_dims=20, rec_layers=1, gen_layers=1, CVPR=False, graf_layer=1, heavyBall=True, actv_h=None, gamma_guess=0.0, gamma_act='sigmoid', corr=-100, corrf=True, sign=1, augment_dim=0, solver='rk4', alias='run', output_dim=1, feature_out_index=[1], num_atoms=50)
run
Experiment 07-08_01:28
Epoch 0001 [Train seq (cond on sampled tp)] | Loss 4397470.434026 | MAPE 0.063342 | RMSE 286.454394 | Likelihood -4397468.920998 | KL fp 1.5130 | FP STD 0.4251|
Epoch 0001 [Val seq (cond on sampled tp)] |  MAPE 0.058012 | RMSE 305.771373 |
Best Val!
Epoch 0001 [Test seq (cond on sampled tp)] | MAPE 0.121601 | RMSE 906.160139|
0.13468700647354126,0.12590312957763672,0.10421209037303925
851.3027149610178,937.1658404466095,930.0118614834975
0.13468700647354126,0.12590312957763672,0.10421209037303925
851.3027149610178,937.1658404466095,930.0118614834975
Epoch 0001 [Test seq (cond on sampled tp)] | Best Test MAPE 0.121601|Best Test RMSE 906.160139|
Experiment 07-08_01:28
Epoch 0002 [Train seq (cond on sampled tp)] | Loss 4197890.146609 | MAPE 0.095366 | RMSE 276.109276 | Likelihood -4197887.082018 | KL fp 3.0646 | FP STD 0.6603|
Epoch 0002 [Val seq (cond on sampled tp)] |  MAPE 0.066773 | RMSE 280.833567 |
Epoch 0002 [Test seq (cond on sampled tp)] | MAPE 0.109886 | RMSE 865.929166|
0.11909936368465424,0.11261828988790512,0.09794028848409653
808.1912675845984,895.6209438149601,893.9752862915171
0.11909936368465424,0.11261828988790512,0.09794028848409653
808.1912675845984,895.6209438149601,893.9752862915171
Epoch 0002 [Test seq (cond on sampled tp)] | Best Test MAPE 0.109886|Best Test RMSE 865.929166|
Experiment 07-08_01:28
Epoch 0003 [Train seq (cond on sampled tp)] | Loss 3838684.909757 | MAPE 0.237302 | RMSE 256.452259 | Likelihood -3838678.957501 | KL fp 5.9523 | FP STD 0.8455|
Epoch 0003 [Val seq (cond on sampled tp)] |  MAPE 0.102626 | RMSE 239.256580 |
Epoch 0003 [Test seq (cond on sampled tp)] | MAPE 0.135215 | RMSE 786.509750|
0.1435064971446991,0.1378936767578125,0.12424347549676895
724.9383163414664,816.9983935112724,817.5925406337805
Experiment 07-08_01:28
Epoch 0004 [Train seq (cond on sampled tp)] | Loss 3549568.983369 | MAPE 0.482432 | RMSE 239.379102 | Likelihood -3549560.885839 | KL fp 8.0975 | FP STD 0.7742|
Epoch 0004 [Val seq (cond on sampled tp)] |  MAPE 0.115624 | RMSE 207.298255 |
Epoch 0004 [Test seq (cond on sampled tp)] | MAPE 0.132002 | RMSE 715.477384|
0.14108313620090485,0.12927696108818054,0.12564495205879211
649.9425214970936,745.7870004230431,750.7026292081306
Experiment 07-08_01:28
Epoch 0005 [Train seq (cond on sampled tp)] | Loss 3161622.748191 | MAPE 0.374011 | RMSE 213.970116 | Likelihood -3161617.537166 | KL fp 5.2110 | FP STD 0.4879|
Epoch 0005 [Val seq (cond on sampled tp)] |  MAPE 0.041649 | RMSE 177.511454 |
Best Val!
Epoch 0005 [Test seq (cond on sampled tp)] | MAPE 0.061856 | RMSE 657.692622|
0.06423143297433853,0.0634109228849411,0.05792664363980293
592.4548506004487,692.309382610116,688.3136321837596
0.06423143297433853,0.0634109228849411,0.05792664363980293
592.4548506004487,692.309382610116,688.3136321837596
Epoch 0005 [Test seq (cond on sampled tp)] | Best Test MAPE 0.061856|Best Test RMSE 657.692622|
Experiment 07-08_01:28
Epoch 0006 [Train seq (cond on sampled tp)] | Loss 2859448.429174 | MAPE 0.066176 | RMSE 192.118569 | Likelihood -2859444.295939 | KL fp 4.1332 | FP STD 0.5358|
Epoch 0006 [Val seq (cond on sampled tp)] |  MAPE 0.033151 | RMSE 157.244758 |
Best Val!
Epoch 0006 [Test seq (cond on sampled tp)] | MAPE 0.072556 | RMSE 588.600327|
0.0788627490401268,0.07664012163877487,0.0621647909283638
515.4840261831592,627.3276655783642,622.9892906382902
Experiment 07-08_01:28
Epoch 0007 [Train seq (cond on sampled tp)] | Loss 2556047.770195 | MAPE 0.043541 | RMSE 167.054172 | Likelihood -2556044.126379 | KL fp 3.6438 | FP STD 0.4756|
Epoch 0007 [Val seq (cond on sampled tp)] |  MAPE 0.026894 | RMSE 122.716681 |
Best Val!
Epoch 0007 [Test seq (cond on sampled tp)] | MAPE 0.056308 | RMSE 491.845291|
0.06589066982269287,0.05740184336900711,0.04563162848353386
417.52960224396065,524.9493130293629,533.0569563845875
0.06589066982269287,0.05740184336900711,0.04563162848353386
417.52960224396065,524.9493130293629,533.0569563845875
Epoch 0007 [Test seq (cond on sampled tp)] | Best Test MAPE 0.056308|Best Test RMSE 491.845291|
Experiment 07-08_01:28
Epoch 0008 [Train seq (cond on sampled tp)] | Loss 2281982.803809 | MAPE 0.042654 | RMSE 140.124523 | Likelihood -2281979.220440 | KL fp 3.5834 | FP STD 0.3996|
Epoch 0008 [Val seq (cond on sampled tp)] |  MAPE 0.029729 | RMSE 98.949941 |
Epoch 0008 [Test seq (cond on sampled tp)] | MAPE 0.053652 | RMSE 409.196736|
0.055037181824445724,0.05422833189368248,0.051689811050891876
343.30954736578474,437.19148050368045,447.08917944298315
0.055037181824445724,0.05422833189368248,0.051689811050891876
343.30954736578474,437.19148050368045,447.08917944298315
Epoch 0008 [Test seq (cond on sampled tp)] | Best Test MAPE 0.053652|Best Test RMSE 409.196736|
Experiment 07-08_01:28
Epoch 0009 [Train seq (cond on sampled tp)] | Loss 2165154.357992 | MAPE 0.044233 | RMSE 126.257501 | Likelihood -2165150.696432 | KL fp 3.6616 | FP STD 0.3423|
Epoch 0009 [Val seq (cond on sampled tp)] |  MAPE 0.026898 | RMSE 105.563087 |
Epoch 0009 [Test seq (cond on sampled tp)] | MAPE 0.052154 | RMSE 407.273634|
0.057728033512830734,0.05109226703643799,0.04764175787568092
359.9807177995788,434.0636834037144,427.77650049412483
0.057728033512830734,0.05109226703643799,0.04764175787568092
359.9807177995788,434.0636834037144,427.77650049412483
Epoch 0009 [Test seq (cond on sampled tp)] | Best Test MAPE 0.052154|Best Test RMSE 407.273634|
Experiment 07-08_01:28
Epoch 0010 [Train seq (cond on sampled tp)] | Loss 2089532.185459 | MAPE 0.038752 | RMSE 116.755772 | Likelihood -2089528.940249 | KL fp 3.2452 | FP STD 0.3033|
Epoch 0010 [Val seq (cond on sampled tp)] |  MAPE 0.030419 | RMSE 80.934809 |
Epoch 0010 [Test seq (cond on sampled tp)] | MAPE 0.059530 | RMSE 337.934496|
0.06293872743844986,0.05882834270596504,0.056821756064891815
263.05719138145605,370.35063622194576,380.3956616143249
Experiment 07-08_01:28
Epoch 0011 [Train seq (cond on sampled tp)] | Loss 2046916.419788 | MAPE 0.036086 | RMSE 111.284484 | Likelihood -2046913.038695 | KL fp 3.3811 | FP STD 0.2495|
Epoch 0011 [Val seq (cond on sampled tp)] |  MAPE 0.028659 | RMSE 87.142607 |
Epoch 0011 [Test seq (cond on sampled tp)] | MAPE 0.057911 | RMSE 350.478722|
0.05945226550102234,0.06207451596856117,0.05220615118741989
301.55163840543133,366.5933331022265,383.29119560068165
Experiment 07-08_01:28
Epoch 0012 [Train seq (cond on sampled tp)] | Loss 2034436.369257 | MAPE 0.045063 | RMSE 110.066042 | Likelihood -2034433.050875 | KL fp 3.3184 | FP STD 0.2308|
Epoch 0012 [Val seq (cond on sampled tp)] |  MAPE 0.026197 | RMSE 92.867471 |
Best Val!
Epoch 0012 [Test seq (cond on sampled tp)] | MAPE 0.052006 | RMSE 352.481929|
0.05864778533577919,0.055798109620809555,0.04157174006104469
298.1839171342076,368.27371783769746,390.98815119514813
0.05864778533577919,0.055798109620809555,0.04157174006104469
298.1839171342076,368.27371783769746,390.98815119514813
Epoch 0012 [Test seq (cond on sampled tp)] | Best Test MAPE 0.052006|Best Test RMSE 352.481929|
Experiment 07-08_01:28
Epoch 0013 [Train seq (cond on sampled tp)] | Loss 2018863.777220 | MAPE 0.034045 | RMSE 107.215343 | Likelihood -2018860.695879 | KL fp 3.0813 | FP STD 0.2304|
Epoch 0013 [Val seq (cond on sampled tp)] |  MAPE 0.024478 | RMSE 87.874430 |
Best Val!
Epoch 0013 [Test seq (cond on sampled tp)] | MAPE 0.050360 | RMSE 309.790099|
0.0543643943965435,0.054104745388031006,0.042611297219991684
249.8232578369156,340.730900968785,338.81613745511004
0.0543643943965435,0.054104745388031006,0.042611297219991684
249.8232578369156,340.730900968785,338.81613745511004
Epoch 0013 [Test seq (cond on sampled tp)] | Best Test MAPE 0.050360|Best Test RMSE 309.790099|
Experiment 07-08_01:28
Epoch 0014 [Train seq (cond on sampled tp)] | Loss 1995511.439202 | MAPE 0.037080 | RMSE 104.496755 | Likelihood -1995508.158646 | KL fp 3.2806 | FP STD 0.2154|
Epoch 0014 [Val seq (cond on sampled tp)] |  MAPE 0.031538 | RMSE 84.646418 |
Epoch 0014 [Test seq (cond on sampled tp)] | MAPE 0.067103 | RMSE 345.699307|
0.06764888018369675,0.06815449148416519,0.06550691276788712
288.28669540927484,364.9965111134626,383.81471359889264
Experiment 07-08_01:28
Epoch 0015 [Train seq (cond on sampled tp)] | Loss 2004149.652961 | MAPE 0.046184 | RMSE 106.170583 | Likelihood -2004146.505025 | KL fp 3.1479 | FP STD 0.1886|
Epoch 0015 [Val seq (cond on sampled tp)] |  MAPE 0.023993 | RMSE 83.932834 |
Best Val!
Epoch 0015 [Test seq (cond on sampled tp)] | MAPE 0.055988 | RMSE 316.393301|
0.059850919991731644,0.057867974042892456,0.050245292484760284
261.08629739513333,330.8821070260524,357.2114985376311
Experiment 07-08_01:28
Epoch 0016 [Train seq (cond on sampled tp)] | Loss 1971195.154980 | MAPE 0.034976 | RMSE 100.806751 | Likelihood -1971191.946490 | KL fp 3.2085 | FP STD 0.1800|
Epoch 0016 [Val seq (cond on sampled tp)] |  MAPE 0.024627 | RMSE 85.386300 |
Epoch 0016 [Test seq (cond on sampled tp)] | MAPE 0.052260 | RMSE 301.765418|
0.04901554435491562,0.05477525666356087,0.0529899075627327
237.76302869138422,325.7276109919145,341.805614531125
Experiment 07-08_01:28
Epoch 0017 [Train seq (cond on sampled tp)] | Loss 1963434.026013 | MAPE 0.033094 | RMSE 98.684355 | Likelihood -1963430.932839 | KL fp 3.0932 | FP STD 0.2012|
Epoch 0017 [Val seq (cond on sampled tp)] |  MAPE 0.025212 | RMSE 92.474421 |
Epoch 0017 [Test seq (cond on sampled tp)] | MAPE 0.060431 | RMSE 307.325713|
0.0692581757903099,0.06378944218158722,0.04824657365679741
274.5225258289381,333.98005881713954,313.47455538687666
Experiment 07-08_01:28
Epoch 0018 [Train seq (cond on sampled tp)] | Loss 1936104.864557 | MAPE 0.036228 | RMSE 94.956897 | Likelihood -1936101.712980 | KL fp 3.1516 | FP STD 0.2028|
Epoch 0018 [Val seq (cond on sampled tp)] |  MAPE 0.025813 | RMSE 85.174106 |
Epoch 0018 [Test seq (cond on sampled tp)] | MAPE 0.053193 | RMSE 290.735456|
0.048316072672605515,0.059405695647001266,0.051856301724910736
226.94483257225752,314.74947875254696,330.51205537771233
Experiment 07-08_01:28
Epoch 0019 [Train seq (cond on sampled tp)] | Loss 1956661.089984 | MAPE 0.034142 | RMSE 97.671625 | Likelihood -1956658.295691 | KL fp 2.7943 | FP STD 0.2278|
Epoch 0019 [Val seq (cond on sampled tp)] |  MAPE 0.033692 | RMSE 85.381505 |
Epoch 0019 [Test seq (cond on sampled tp)] | MAPE 0.064017 | RMSE 292.947609|
0.06531202793121338,0.06457557529211044,0.062163252383470535
251.3143418858144,305.0457573258478,322.48272725062344
Experiment 07-08_01:28
Epoch 0020 [Train seq (cond on sampled tp)] | Loss 1971142.966897 | MAPE 0.037473 | RMSE 99.763613 | Likelihood -1971139.908485 | KL fp 3.0584 | FP STD 0.1853|
Epoch 0020 [Val seq (cond on sampled tp)] |  MAPE 0.024090 | RMSE 90.841863 |
Epoch 0020 [Test seq (cond on sampled tp)] | MAPE 0.062578 | RMSE 339.183359|
0.06382850557565689,0.06858597695827484,0.055320970714092255
301.94464776263214,352.3295576409961,363.2758722720241
Experiment 07-08_01:28
Epoch 0021 [Train seq (cond on sampled tp)] | Loss 1955720.403614 | MAPE 0.039783 | RMSE 97.625359 | Likelihood -1955717.185174 | KL fp 3.2184 | FP STD 0.1576|
Epoch 0021 [Val seq (cond on sampled tp)] |  MAPE 0.025894 | RMSE 79.446852 |
Epoch 0021 [Test seq (cond on sampled tp)] | MAPE 0.058079 | RMSE 282.819783|
0.05437028780579567,0.06098378077149391,0.058884065598249435
232.08391868567713,291.86838857608404,324.5070420075657
Experiment 07-08_01:28
Epoch 0022 [Train seq (cond on sampled tp)] | Loss 1946058.697902 | MAPE 0.032987 | RMSE 95.931975 | Likelihood -1946055.609092 | KL fp 3.0888 | FP STD 0.1811|
Epoch 0022 [Val seq (cond on sampled tp)] |  MAPE 0.035317 | RMSE 82.920310 |
Epoch 0022 [Test seq (cond on sampled tp)] | MAPE 0.053066 | RMSE 300.285067|
0.0514032356441021,0.054427098482847214,0.053369004279375076
263.8207251146126,308.6924035346513,328.34207105547716
Experiment 07-08_01:28
Epoch 0023 [Train seq (cond on sampled tp)] | Loss 1961394.109017 | MAPE 0.070600 | RMSE 99.028596 | Likelihood -1961391.152375 | KL fp 2.9566 | FP STD 0.2328|
Epoch 0023 [Val seq (cond on sampled tp)] |  MAPE 0.026227 | RMSE 81.118590 |
Epoch 0023 [Test seq (cond on sampled tp)] | MAPE 0.058386 | RMSE 289.130684|
0.0659768208861351,0.0565434955060482,0.0526365227997303
249.24800964601502,299.2326122768038,318.91142971050755
Experiment 07-08_01:28
Epoch 0024 [Train seq (cond on sampled tp)] | Loss 1933072.987112 | MAPE 0.042466 | RMSE 95.023179 | Likelihood -1933070.079431 | KL fp 2.9077 | FP STD 0.1994|
Epoch 0024 [Val seq (cond on sampled tp)] |  MAPE 0.031469 | RMSE 77.012891 |
Epoch 0024 [Test seq (cond on sampled tp)] | MAPE 0.071711 | RMSE 283.511564|
0.07645662873983383,0.07181817293167114,0.06685743480920792
229.54606189444854,304.82097717348785,316.16765232230824
Experiment 07-08_01:28
Epoch 0025 [Train seq (cond on sampled tp)] | Loss 1944707.560823 | MAPE 0.036492 | RMSE 96.935100 | Likelihood -1944704.647121 | KL fp 2.9137 | FP STD 0.1841|
Epoch 0025 [Val seq (cond on sampled tp)] |  MAPE 0.034935 | RMSE 86.608212 |
Epoch 0025 [Test seq (cond on sampled tp)] | MAPE 0.063994 | RMSE 300.954043|
0.06515374779701233,0.06253128498792648,0.06429660320281982
257.04582215531144,321.6348983125121,324.18140899425435
Experiment 07-08_01:28
Epoch 0026 [Train seq (cond on sampled tp)] | Loss 1948682.466799 | MAPE 0.036121 | RMSE 97.134138 | Likelihood -1948679.758029 | KL fp 2.7088 | FP STD 0.2020|
Epoch 0026 [Val seq (cond on sampled tp)] |  MAPE 0.027068 | RMSE 76.969349 |
Epoch 0026 [Test seq (cond on sampled tp)] | MAPE 0.059509 | RMSE 274.509550|
0.060412220656871796,0.059165697544813156,0.058949436992406845
233.37718430954214,302.74077452913406,287.41069265077806
Experiment 07-08_01:28
Epoch 0027 [Train seq (cond on sampled tp)] | Loss 1915093.009736 | MAPE 0.037141 | RMSE 91.560968 | Likelihood -1915090.301959 | KL fp 2.7078 | FP STD 0.2265|
Epoch 0027 [Val seq (cond on sampled tp)] |  MAPE 0.029192 | RMSE 82.918705 |
Epoch 0027 [Test seq (cond on sampled tp)] | MAPE 0.061386 | RMSE 274.189939|
0.06587942689657211,0.06207531318068504,0.056202810257673264
226.79287425424107,280.8243306544146,314.952613003131
Experiment 07-08_01:28
Epoch 0028 [Train seq (cond on sampled tp)] | Loss 1886018.062757 | MAPE 0.034013 | RMSE 86.180349 | Likelihood -1886015.184509 | KL fp 2.8782 | FP STD 0.1961|
Epoch 0028 [Val seq (cond on sampled tp)] |  MAPE 0.029860 | RMSE 76.113883 |
Epoch 0028 [Test seq (cond on sampled tp)] | MAPE 0.064530 | RMSE 293.974763|
0.06627857685089111,0.06405080854892731,0.06325940787792206
269.3201655325869,300.1519276758022,312.4521963436967
Experiment 07-08_01:28
Epoch 0029 [Train seq (cond on sampled tp)] | Loss 1898117.955686 | MAPE 0.036214 | RMSE 89.441191 | Likelihood -1898115.224628 | KL fp 2.7311 | FP STD 0.2184|
Epoch 0029 [Val seq (cond on sampled tp)] |  MAPE 0.031340 | RMSE 78.614566 |
Epoch 0029 [Test seq (cond on sampled tp)] | MAPE 0.059514 | RMSE 280.859150|
0.06189252808690071,0.061254218220710754,0.05539664626121521
226.93296435842018,298.9619018370066,316.68258457799664
Experiment 07-08_01:28
Epoch 0030 [Train seq (cond on sampled tp)] | Loss 1912439.366950 | MAPE 0.042921 | RMSE 90.465399 | Likelihood -1912436.702780 | KL fp 2.6642 | FP STD 0.2125|
Epoch 0030 [Val seq (cond on sampled tp)] |  MAPE 0.024125 | RMSE 81.878850 |
Epoch 0030 [Test seq (cond on sampled tp)] | MAPE 0.047123 | RMSE 275.669709|
0.055198151618242264,0.050815045833587646,0.03535723313689232
216.49166410049142,287.2905215108915,323.22694233309204
0.055198151618242264,0.050815045833587646,0.03535723313689232
216.49166410049142,287.2905215108915,323.22694233309204
Epoch 0030 [Test seq (cond on sampled tp)] | Best Test MAPE 0.047123|Best Test RMSE 275.669709|
Experiment 07-08_01:28
Epoch 0031 [Train seq (cond on sampled tp)] | Loss 1936717.486147 | MAPE 0.038780 | RMSE 95.528266 | Likelihood -1936715.085272 | KL fp 2.4009 | FP STD 0.2437|
Epoch 0031 [Val seq (cond on sampled tp)] |  MAPE 0.022538 | RMSE 79.945187 |
Best Val!
Epoch 0031 [Test seq (cond on sampled tp)] | MAPE 0.052054 | RMSE 288.268973|
0.049559831619262695,0.052541401237249374,0.054060909897089005
232.35356611745817,299.8049496130776,332.6484043814129
Experiment 07-08_01:28
Epoch 0032 [Train seq (cond on sampled tp)] | Loss 1918032.040663 | MAPE 0.043951 | RMSE 92.305261 | Likelihood -1918029.398950 | KL fp 2.6417 | FP STD 0.1996|
Epoch 0032 [Val seq (cond on sampled tp)] |  MAPE 0.030407 | RMSE 90.539426 |
Epoch 0032 [Test seq (cond on sampled tp)] | MAPE 0.058826 | RMSE 295.546305|
0.055395085364580154,0.06143433600664139,0.059648334980010986
251.38200046194635,300.86448361347004,334.3924294522829
Experiment 07-08_01:28
Epoch 0033 [Train seq (cond on sampled tp)] | Loss 1904828.509785 | MAPE 0.050439 | RMSE 89.741509 | Likelihood -1904825.604105 | KL fp 2.9057 | FP STD 0.1687|
Epoch 0033 [Val seq (cond on sampled tp)] |  MAPE 0.033397 | RMSE 101.869545 |
Epoch 0033 [Test seq (cond on sampled tp)] | MAPE 0.066881 | RMSE 356.958737|
0.07172564417123795,0.06411263346672058,0.06480561941862106
312.05150316093653,375.7380861384696,383.08662124250696
Experiment 07-08_01:28
Epoch 0034 [Train seq (cond on sampled tp)] | Loss 1936845.394590 | MAPE 0.047690 | RMSE 96.219674 | Likelihood -1936842.805098 | KL fp 2.5895 | FP STD 0.1921|
Epoch 0034 [Val seq (cond on sampled tp)] |  MAPE 0.029812 | RMSE 84.756960 |
Epoch 0034 [Test seq (cond on sampled tp)] | MAPE 0.060281 | RMSE 278.459384|
0.06602514535188675,0.058881767094135284,0.05593552067875862
246.94693572202917,273.26701113562905,315.1642057126729
Experiment 07-08_01:28
Epoch 0035 [Train seq (cond on sampled tp)] | Loss 1926846.538360 | MAPE 0.036505 | RMSE 92.578206 | Likelihood -1926843.977709 | KL fp 2.5607 | FP STD 0.1966|
Epoch 0035 [Val seq (cond on sampled tp)] |  MAPE 0.037531 | RMSE 85.545355 |
Epoch 0035 [Test seq (cond on sampled tp)] | MAPE 0.052900 | RMSE 281.500725|
0.05413989722728729,0.051446881145238876,0.05311424285173416
244.350462323074,281.95645995880284,318.1952525572938
Experiment 07-08_01:28
Epoch 0036 [Train seq (cond on sampled tp)] | Loss 1889940.923640 | MAPE 0.055918 | RMSE 87.517049 | Likelihood -1889938.059961 | KL fp 2.8637 | FP STD 0.1806|
Epoch 0036 [Val seq (cond on sampled tp)] |  MAPE 0.025168 | RMSE 89.689033 |
Epoch 0036 [Test seq (cond on sampled tp)] | MAPE 0.059884 | RMSE 322.313084|
0.06133680045604706,0.06152128055691719,0.056792981922626495
279.1749003760904,328.4363879619614,359.3279643132441
Experiment 07-08_01:28
Epoch 0037 [Train seq (cond on sampled tp)] | Loss 1922029.195233 | MAPE 0.044317 | RMSE 93.750327 | Likelihood -1922026.640294 | KL fp 2.5549 | FP STD 0.2081|
Epoch 0037 [Val seq (cond on sampled tp)] |  MAPE 0.027285 | RMSE 85.097999 |
Epoch 0037 [Test seq (cond on sampled tp)] | MAPE 0.054382 | RMSE 278.319657|
0.05801989510655403,0.05691113695502281,0.048213887959718704
252.78799324977837,270.1459385683968,312.02503905936777
Experiment 07-08_01:28
Epoch 0038 [Train seq (cond on sampled tp)] | Loss 1915882.718723 | MAPE 0.035446 | RMSE 92.710136 | Likelihood -1915880.254113 | KL fp 2.4646 | FP STD 0.2770|
Epoch 0038 [Val seq (cond on sampled tp)] |  MAPE 0.035221 | RMSE 84.036453 |
Epoch 0038 [Test seq (cond on sampled tp)] | MAPE 0.052079 | RMSE 242.618317|
0.052947767078876495,0.05107732117176056,0.052212364971637726
214.9791323448627,243.7567707392966,269.11904893559654
Experiment 07-08_01:28
Epoch 0039 [Train seq (cond on sampled tp)] | Loss 1924108.738867 | MAPE 0.043608 | RMSE 91.914562 | Likelihood -1924106.382488 | KL fp 2.3564 | FP STD 0.2438|
Epoch 0039 [Val seq (cond on sampled tp)] |  MAPE 0.033703 | RMSE 82.964560 |
Epoch 0039 [Test seq (cond on sampled tp)] | MAPE 0.061014 | RMSE 270.291199|
0.061874277889728546,0.06284000724554062,0.0583287738263607
234.4297769322404,276.3292448556613,300.11457447531603
Experiment 07-08_01:28
Epoch 0040 [Train seq (cond on sampled tp)] | Loss 1896690.671779 | MAPE 0.031619 | RMSE 87.565889 | Likelihood -1896687.795245 | KL fp 2.8765 | FP STD 0.1731|
Epoch 0040 [Val seq (cond on sampled tp)] |  MAPE 0.030555 | RMSE 88.212753 |
Epoch 0040 [Test seq (cond on sampled tp)] | MAPE 0.062245 | RMSE 307.413552|
0.06349489837884903,0.06491420418024063,0.05832453444600105
255.52551548230952,332.40181821103204,334.3133237510883
Experiment 07-08_01:28
Epoch 0041 [Train seq (cond on sampled tp)] | Loss 1943919.554310 | MAPE 0.080704 | RMSE 95.945564 | Likelihood -1943916.887777 | KL fp 2.6665 | FP STD 0.2013|
Epoch 0041 [Val seq (cond on sampled tp)] |  MAPE 0.034134 | RMSE 78.524106 |
Epoch 0041 [Test seq (cond on sampled tp)] | MAPE 0.059013 | RMSE 284.729338|
0.05750858783721924,0.05990428477525711,0.059627316892147064
216.55789136510356,294.8463450468735,342.7837784230753
Experiment 07-08_01:28
Epoch 0042 [Train seq (cond on sampled tp)] | Loss 1908745.057519 | MAPE 0.034762 | RMSE 90.044322 | Likelihood -1908742.565503 | KL fp 2.4920 | FP STD 0.2481|
Epoch 0042 [Val seq (cond on sampled tp)] |  MAPE 0.033961 | RMSE 89.836339 |
Epoch 0042 [Test seq (cond on sampled tp)] | MAPE 0.056863 | RMSE 267.599211|
0.04876279830932617,0.0603603795170784,0.061465222388505936
212.03732719735928,279.4181873778083,311.3421173925879
Experiment 07-08_01:28
Epoch 0043 [Train seq (cond on sampled tp)] | Loss 1898150.452150 | MAPE 0.046179 | RMSE 88.012130 | Likelihood -1898147.624110 | KL fp 2.8280 | FP STD 0.1723|
Epoch 0043 [Val seq (cond on sampled tp)] |  MAPE 0.024365 | RMSE 90.761411 |
Epoch 0043 [Test seq (cond on sampled tp)] | MAPE 0.055821 | RMSE 310.442678|
0.05219889432191849,0.057673681527376175,0.05759033188223839
262.6957603388376,310.8191671816589,357.81310589468353
Experiment 07-08_01:28
Epoch 0044 [Train seq (cond on sampled tp)] | Loss 1914598.542909 | MAPE 0.031058 | RMSE 92.636753 | Likelihood -1914595.683403 | KL fp 2.8595 | FP STD 0.1814|
Epoch 0044 [Val seq (cond on sampled tp)] |  MAPE 0.026472 | RMSE 104.269670 |
Epoch 0044 [Test seq (cond on sampled tp)] | MAPE 0.055852 | RMSE 286.993971|
0.059044159948825836,0.05045085772871971,0.05805967375636101
239.37254404745337,293.0450450656008,328.56432494262066
Experiment 07-08_01:28
Epoch 0045 [Train seq (cond on sampled tp)] | Loss 1921732.736020 | MAPE 0.036889 | RMSE 91.959812 | Likelihood -1921730.045451 | KL fp 2.6906 | FP STD 0.1857|
Epoch 0045 [Val seq (cond on sampled tp)] |  MAPE 0.058577 | RMSE 92.401336 |
Epoch 0045 [Test seq (cond on sampled tp)] | MAPE 0.080086 | RMSE 295.608101|
0.08128514140844345,0.08362698554992676,0.07534629851579666
269.2570652508491,300.76355954470284,316.80367787085424
Experiment 07-08_01:28
Epoch 0046 [Train seq (cond on sampled tp)] | Loss 1941126.766633 | MAPE 0.061903 | RMSE 96.566660 | Likelihood -1941123.960091 | KL fp 2.8065 | FP STD 0.2002|
Epoch 0046 [Val seq (cond on sampled tp)] |  MAPE 0.025912 | RMSE 89.080308 |
Epoch 0046 [Test seq (cond on sampled tp)] | MAPE 0.054951 | RMSE 279.062555|
0.05908850207924843,0.053633708506822586,0.052131298929452896
225.77324596539333,305.5083877735602,305.9060313233461
Experiment 07-08_01:28
Epoch 0047 [Train seq (cond on sampled tp)] | Loss 1909664.519240 | MAPE 0.038330 | RMSE 90.757473 | Likelihood -1909661.814215 | KL fp 2.7050 | FP STD 0.2080|
Epoch 0047 [Val seq (cond on sampled tp)] |  MAPE 0.029073 | RMSE 84.754911 |
Epoch 0047 [Test seq (cond on sampled tp)] | MAPE 0.059818 | RMSE 256.428794|
0.054270580410957336,0.05768952891230583,0.06749334931373596
192.76342568353053,265.15979851779946,311.3631571413034
Experiment 07-08_01:28
Epoch 0048 [Train seq (cond on sampled tp)] | Loss 1921268.627276 | MAPE 0.039568 | RMSE 91.965287 | Likelihood -1921265.875774 | KL fp 2.7515 | FP STD 0.1843|
Epoch 0048 [Val seq (cond on sampled tp)] |  MAPE 0.036015 | RMSE 86.448190 |
Epoch 0048 [Test seq (cond on sampled tp)] | MAPE 0.065651 | RMSE 272.287202|
0.06409487873315811,0.06273559480905533,0.07012122124433517
230.41095249846524,288.5636167944601,297.887038153727
Experiment 07-08_01:28
Epoch 0049 [Train seq (cond on sampled tp)] | Loss 1905692.616871 | MAPE 0.070420 | RMSE 90.313681 | Likelihood -1905689.759717 | KL fp 2.8572 | FP STD 0.1927|
Epoch 0049 [Val seq (cond on sampled tp)] |  MAPE 0.030355 | RMSE 91.555999 |
Epoch 0049 [Test seq (cond on sampled tp)] | MAPE 0.060397 | RMSE 294.143108|
0.055493541061878204,0.05977131798863411,0.065925732254982
252.91992464266235,300.83001065801267,328.6793888046526
Experiment 07-08_01:28
Epoch 0050 [Train seq (cond on sampled tp)] | Loss 1898945.968473 | MAPE 0.045422 | RMSE 88.081910 | Likelihood -1898943.478402 | KL fp 2.4901 | FP STD 0.2548|
Epoch 0050 [Val seq (cond on sampled tp)] |  MAPE 0.036707 | RMSE 81.248978 |
Epoch 0050 [Test seq (cond on sampled tp)] | MAPE 0.058216 | RMSE 266.725601|
0.059107523411512375,0.054031576961278915,0.06150945648550987
236.93466431961787,256.6394449173782,306.6026923193924
Experiment 07-08_01:28
Epoch 0051 [Train seq (cond on sampled tp)] | Loss 1924189.807979 | MAPE 0.067033 | RMSE 92.611288 | Likelihood -1924187.174134 | KL fp 2.6338 | FP STD 0.2042|
Epoch 0051 [Val seq (cond on sampled tp)] |  MAPE 0.038702 | RMSE 84.128697 |
Epoch 0051 [Test seq (cond on sampled tp)] | MAPE 0.063608 | RMSE 283.372104|
0.05357252061367035,0.06925616413354874,0.06799396127462387
230.84483932665682,296.18443367266957,323.08703838903847
Experiment 07-08_01:28
Epoch 0052 [Train seq (cond on sampled tp)] | Loss 1905834.259811 | MAPE 0.091395 | RMSE 90.283533 | Likelihood -1905831.353955 | KL fp 2.9059 | FP STD 0.1944|
Epoch 0052 [Val seq (cond on sampled tp)] |  MAPE 0.026709 | RMSE 84.842490 |
Epoch 0052 [Test seq (cond on sampled tp)] | MAPE 0.059209 | RMSE 288.556275|
0.06157620623707771,0.06064284220337868,0.05540866404771805
234.0911030587237,302.73634878388816,328.8413727582039
Experiment 07-08_01:28
Epoch 0053 [Train seq (cond on sampled tp)] | Loss 1907153.483535 | MAPE 0.044127 | RMSE 90.814692 | Likelihood -1907150.937354 | KL fp 2.5462 | FP STD 0.2128|
Epoch 0053 [Val seq (cond on sampled tp)] |  MAPE 0.029718 | RMSE 76.001381 |
Epoch 0053 [Test seq (cond on sampled tp)] | MAPE 0.061821 | RMSE 296.613652|
0.05914714187383652,0.060814209282398224,0.06550024449825287
228.54787005406547,305.08662960297033,356.2064556721284
Experiment 07-08_01:28
Epoch 0054 [Train seq (cond on sampled tp)] | Loss 1878415.716391 | MAPE 0.051960 | RMSE 85.069186 | Likelihood -1878412.632664 | KL fp 3.0837 | FP STD 0.1436|
Epoch 0054 [Val seq (cond on sampled tp)] |  MAPE 0.027242 | RMSE 84.272762 |
Epoch 0054 [Test seq (cond on sampled tp)] | MAPE 0.055122 | RMSE 273.402388|
0.05658280849456787,0.05219409242272377,0.05659020319581032
250.08170539845574,272.2994674985612,297.8259899882816
Experiment 07-08_01:28
Epoch 0055 [Train seq (cond on sampled tp)] | Loss 1876793.199809 | MAPE 0.076386 | RMSE 84.191041 | Likelihood -1876790.238103 | KL fp 2.9617 | FP STD 0.1850|
Epoch 0055 [Val seq (cond on sampled tp)] |  MAPE 0.026391 | RMSE 76.624634 |
Epoch 0055 [Test seq (cond on sampled tp)] | MAPE 0.053654 | RMSE 284.712362|
0.051895637065172195,0.049694497138261795,0.05937334895133972
240.60853028051602,267.52584571401695,346.0027095269631
Experiment 07-08_01:28
Epoch 0056 [Train seq (cond on sampled tp)] | Loss 1871517.042803 | MAPE 0.064838 | RMSE 83.774805 | Likelihood -1871514.111816 | KL fp 2.9310 | FP STD 0.1630|
Epoch 0056 [Val seq (cond on sampled tp)] |  MAPE 0.029217 | RMSE 85.352895 |
Epoch 0056 [Test seq (cond on sampled tp)] | MAPE 0.053025 | RMSE 285.711959|
0.05262422561645508,0.04902993515133858,0.05741976946592331
222.85126766523004,298.2020078738572,336.08260238369974
Experiment 07-08_01:28
Epoch 0057 [Train seq (cond on sampled tp)] | Loss 1903056.377066 | MAPE 0.040932 | RMSE 91.145927 | Likelihood -1903053.386349 | KL fp 2.9907 | FP STD 0.1587|
Epoch 0057 [Val seq (cond on sampled tp)] |  MAPE 0.032438 | RMSE 86.394252 |
Epoch 0057 [Test seq (cond on sampled tp)] | MAPE 0.056265 | RMSE 296.461615|
0.050380319356918335,0.05325859412550926,0.06515571475028992
244.15723193518147,297.3849436126516,347.84267052433347
Experiment 07-08_01:28
Epoch 0058 [Train seq (cond on sampled tp)] | Loss 1857941.802920 | MAPE 0.041860 | RMSE 80.877243 | Likelihood -1857938.881785 | KL fp 2.9211 | FP STD 0.1600|
Epoch 0058 [Val seq (cond on sampled tp)] |  MAPE 0.023420 | RMSE 92.635232 |
Epoch 0058 [Test seq (cond on sampled tp)] | MAPE 0.052929 | RMSE 307.230545|
0.053096331655979156,0.053388722240924835,0.052300479263067245
266.99160216194065,318.31094762040465,336.38908601127355
Experiment 07-08_01:28
Epoch 0059 [Train seq (cond on sampled tp)] | Loss 1890788.112061 | MAPE 0.047492 | RMSE 87.077470 | Likelihood -1890785.451632 | KL fp 2.6604 | FP STD 0.1862|
Epoch 0059 [Val seq (cond on sampled tp)] |  MAPE 0.024707 | RMSE 79.278648 |
Epoch 0059 [Test seq (cond on sampled tp)] | MAPE 0.052038 | RMSE 299.029930|
0.05285583809018135,0.04687859117984772,0.056380946189165115
226.36839098579995,305.9850639737175,364.73633456237945
Experiment 07-08_01:28
Epoch 0060 [Train seq (cond on sampled tp)] | Loss 1869865.301746 | MAPE 0.042060 | RMSE 83.256830 | Likelihood -1869862.418267 | KL fp 2.8835 | FP STD 0.1640|
Epoch 0060 [Val seq (cond on sampled tp)] |  MAPE 0.035973 | RMSE 81.641042 |
Epoch 0060 [Test seq (cond on sampled tp)] | MAPE 0.066479 | RMSE 284.820303|
0.06627791374921799,0.06284201145172119,0.07031705975532532
202.53723615979854,306.73361050347904,345.1900631355138
Experiment 07-08_01:28
Epoch 0061 [Train seq (cond on sampled tp)] | Loss 1869751.870905 | MAPE 0.064566 | RMSE 84.194166 | Likelihood -1869749.097168 | KL fp 2.7737 | FP STD 0.1610|
Epoch 0061 [Val seq (cond on sampled tp)] |  MAPE 0.031014 | RMSE 78.992119 |
Epoch 0061 [Test seq (cond on sampled tp)] | MAPE 0.063123 | RMSE 282.775453|
0.06904534250497818,0.06192915141582489,0.05839565023779869
206.50319685782105,270.24702241652915,371.5761404140476
Experiment 07-08_01:28
Epoch 0062 [Train seq (cond on sampled tp)] | Loss 1870563.826904 | MAPE 0.044911 | RMSE 84.902809 | Likelihood -1870561.377235 | KL fp 2.4497 | FP STD 0.2271|
Epoch 0062 [Val seq (cond on sampled tp)] |  MAPE 0.031402 | RMSE 86.711213 |
Epoch 0062 [Test seq (cond on sampled tp)] | MAPE 0.068689 | RMSE 309.132436|
0.06303877383470535,0.06440458446741104,0.07862263172864914
242.17774980373403,318.12100930699313,367.0985477361631
Experiment 07-08_01:28
Epoch 0063 [Train seq (cond on sampled tp)] | Loss 1860492.169945 | MAPE 0.048118 | RMSE 82.299165 | Likelihood -1860489.579696 | KL fp 2.5902 | FP STD 0.2006|
Epoch 0063 [Val seq (cond on sampled tp)] |  MAPE 0.037529 | RMSE 75.964865 |
Epoch 0063 [Test seq (cond on sampled tp)] | MAPE 0.063258 | RMSE 309.887867|
0.05882138013839722,0.05893876031041145,0.07201308757066727
210.814510441051,323.05313514188344,395.79595437548375
Experiment 07-08_01:28
Epoch 0064 [Train seq (cond on sampled tp)] | Loss 1859788.551963 | MAPE 0.059371 | RMSE 82.204212 | Likelihood -1859785.748566 | KL fp 2.8034 | FP STD 0.1503|
Epoch 0064 [Val seq (cond on sampled tp)] |  MAPE 0.026858 | RMSE 88.960646 |
Epoch 0064 [Test seq (cond on sampled tp)] | MAPE 0.046604 | RMSE 273.365027|
0.045998819172382355,0.04594649747014046,0.047867078334093094
263.01210464064195,260.6312649127115,296.451711392429
0.045998819172382355,0.04594649747014046,0.047867078334093094
263.01210464064195,260.6312649127115,296.451711392429
Epoch 0064 [Test seq (cond on sampled tp)] | Best Test MAPE 0.046604|Best Test RMSE 273.365027|
Experiment 07-08_01:28
Epoch 0065 [Train seq (cond on sampled tp)] | Loss 1871526.775454 | MAPE 0.053556 | RMSE 86.303252 | Likelihood -1871523.919741 | KL fp 2.8557 | FP STD 0.1470|
Epoch 0065 [Val seq (cond on sampled tp)] |  MAPE 0.030638 | RMSE 92.140830 |
Epoch 0065 [Test seq (cond on sampled tp)] | MAPE 0.047469 | RMSE 288.615130|
0.05033385008573532,0.045392777770757675,0.046680789440870285
243.06044290721186,274.1285766980524,348.65637184052724
Experiment 07-08_01:28
Epoch 0066 [Train seq (cond on sampled tp)] | Loss 1878311.395683 | MAPE 0.054000 | RMSE 85.259871 | Likelihood -1878308.746332 | KL fp 2.6494 | FP STD 0.1656|
Epoch 0066 [Val seq (cond on sampled tp)] |  MAPE 0.022390 | RMSE 80.855898 |
Best Val!
Epoch 0066 [Test seq (cond on sampled tp)] | MAPE 0.051571 | RMSE 273.847350|
0.05393201857805252,0.05030802637338638,0.05047153681516647
244.77325285353382,252.41899226534045,324.3498063433983
Experiment 07-08_01:28
Epoch 0067 [Train seq (cond on sampled tp)] | Loss 1867819.085498 | MAPE 0.040793 | RMSE 82.751559 | Likelihood -1867816.214138 | KL fp 2.8714 | FP STD 0.1752|
Epoch 0067 [Val seq (cond on sampled tp)] |  MAPE 0.029757 | RMSE 84.421960 |
Epoch 0067 [Test seq (cond on sampled tp)] | MAPE 0.044939 | RMSE 280.954659|
0.045632705092430115,0.045666370540857315,0.04351905733346939
246.64787020162976,291.1190290285058,305.0970772762335
0.045632705092430115,0.045666370540857315,0.04351905733346939
246.64787020162976,291.1190290285058,305.0970772762335
Epoch 0067 [Test seq (cond on sampled tp)] | Best Test MAPE 0.044939|Best Test RMSE 280.954659|
Experiment 07-08_01:28
Epoch 0068 [Train seq (cond on sampled tp)] | Loss 1877064.163270 | MAPE 0.087768 | RMSE 86.402394 | Likelihood -1877061.212498 | KL fp 2.9508 | FP STD 0.1549|
Epoch 0068 [Val seq (cond on sampled tp)] |  MAPE 0.026915 | RMSE 93.369593 |
Epoch 0068 [Test seq (cond on sampled tp)] | MAPE 0.048432 | RMSE 310.355452|
0.051216237246990204,0.04637452960014343,0.04770572483539581
273.72985085664294,320.4241573680112,336.9123471876624
Experiment 07-08_01:28
Epoch 0069 [Train seq (cond on sampled tp)] | Loss 1893939.867419 | MAPE 0.069534 | RMSE 88.304782 | Likelihood -1893936.913387 | KL fp 2.9540 | FP STD 0.1526|
Epoch 0069 [Val seq (cond on sampled tp)] |  MAPE 0.031051 | RMSE 92.697777 |
Epoch 0069 [Test seq (cond on sampled tp)] | MAPE 0.056491 | RMSE 306.422645|
0.054492123425006866,0.05742887035012245,0.057552821934223175
249.25463887358245,307.13032911534475,362.8829658099151
Experiment 07-08_01:28
Epoch 0070 [Train seq (cond on sampled tp)] | Loss 1888973.324705 | MAPE 0.074666 | RMSE 86.233682 | Likelihood -1888970.723781 | KL fp 2.6009 | FP STD 0.1776|
Epoch 0070 [Val seq (cond on sampled tp)] |  MAPE 0.031042 | RMSE 82.371393 |
Epoch 0070 [Test seq (cond on sampled tp)] | MAPE 0.042467 | RMSE 294.691846|
0.045668378472328186,0.04373300448060036,0.03799913078546524
248.23886713456054,292.7076853492234,343.12898449416946
0.045668378472328186,0.04373300448060036,0.03799913078546524
248.23886713456054,292.7076853492234,343.12898449416946
Epoch 0070 [Test seq (cond on sampled tp)] | Best Test MAPE 0.042467|Best Test RMSE 294.691846|
Experiment 07-08_01:28
Epoch 0071 [Train seq (cond on sampled tp)] | Loss 1883449.661682 | MAPE 0.117712 | RMSE 86.026238 | Likelihood -1883446.847712 | KL fp 2.8140 | FP STD 0.1666|
Epoch 0071 [Val seq (cond on sampled tp)] |  MAPE 0.028714 | RMSE 105.955548 |
Epoch 0071 [Test seq (cond on sampled tp)] | MAPE 0.049697 | RMSE 301.247668|
0.05440226569771767,0.054629310965538025,0.04005986079573631
258.6128259580333,314.2656494711123,330.86452807380243
Experiment 07-08_01:28
Epoch 0072 [Train seq (cond on sampled tp)] | Loss 1885532.501824 | MAPE 0.049437 | RMSE 87.789074 | Likelihood -1885529.741304 | KL fp 2.7605 | FP STD 0.1538|
Epoch 0072 [Val seq (cond on sampled tp)] |  MAPE 0.029342 | RMSE 84.773238 |
Epoch 0072 [Test seq (cond on sampled tp)] | MAPE 0.064408 | RMSE 258.786212|
0.06538273394107819,0.059567391872406006,0.06827377527952194
217.255448004187,264.38325932725013,294.7199279612765
Experiment 07-08_01:28
Epoch 0073 [Train seq (cond on sampled tp)] | Loss 1847649.159939 | MAPE 0.051045 | RMSE 79.412528 | Likelihood -1847646.484436 | KL fp 2.6755 | FP STD 0.1784|
Epoch 0073 [Val seq (cond on sampled tp)] |  MAPE 0.035108 | RMSE 81.797130 |
Epoch 0073 [Test seq (cond on sampled tp)] | MAPE 0.068174 | RMSE 299.549708|
0.06475958973169327,0.06438744068145752,0.07537635415792465
260.8616431654911,277.9770392946151,359.81044271602235
Experiment 07-08_01:28
Epoch 0074 [Train seq (cond on sampled tp)] | Loss 1850013.354952 | MAPE 0.058488 | RMSE 81.298749 | Likelihood -1850010.596190 | KL fp 2.7588 | FP STD 0.1587|
Epoch 0074 [Val seq (cond on sampled tp)] |  MAPE 0.031895 | RMSE 91.763022 |
Epoch 0074 [Test seq (cond on sampled tp)] | MAPE 0.058619 | RMSE 277.211422|
0.05615558102726936,0.059175144881010056,0.06052614003419876
230.95025336909677,267.79612697908834,332.887884654879
Experiment 07-08_01:28
Epoch 0075 [Train seq (cond on sampled tp)] | Loss 1866324.245252 | MAPE 0.060962 | RMSE 84.084902 | Likelihood -1866321.451236 | KL fp 2.7940 | FP STD 0.1764|
Epoch 0075 [Val seq (cond on sampled tp)] |  MAPE 0.029713 | RMSE 93.382174 |
Epoch 0075 [Test seq (cond on sampled tp)] | MAPE 0.053913 | RMSE 303.468069|
0.06014714017510414,0.05007517710328102,0.051515597850084305
290.21082046074713,287.9351462352243,332.25824152682804
Experiment 07-08_01:28
Epoch 0076 [Train seq (cond on sampled tp)] | Loss 1892977.271209 | MAPE 0.063761 | RMSE 88.878757 | Likelihood -1892974.612184 | KL fp 2.6590 | FP STD 0.1646|
Epoch 0076 [Val seq (cond on sampled tp)] |  MAPE 0.027403 | RMSE 85.815248 |
Epoch 0076 [Test seq (cond on sampled tp)] | MAPE 0.045757 | RMSE 267.821659|
0.05445815995335579,0.04115502908825874,0.041658058762550354
250.72811937186063,253.56266946013562,299.1741889142511
Experiment 07-08_01:28
Epoch 0077 [Train seq (cond on sampled tp)] | Loss 1884596.351682 | MAPE 0.066434 | RMSE 85.496947 | Likelihood -1884593.374844 | KL fp 2.9768 | FP STD 0.1340|
Epoch 0077 [Val seq (cond on sampled tp)] |  MAPE 0.033231 | RMSE 89.715112 |
Epoch 0077 [Test seq (cond on sampled tp)] | MAPE 0.068130 | RMSE 294.314146|
0.062392041087150574,0.06941668689250946,0.07258017361164093
251.29649756313756,297.64847922927476,333.9974620973938
Experiment 07-08_01:28
Epoch 0078 [Train seq (cond on sampled tp)] | Loss 1876314.041035 | MAPE 0.109175 | RMSE 84.641429 | Likelihood -1876310.940312 | KL fp 3.1007 | FP STD 0.1233|
Epoch 0078 [Val seq (cond on sampled tp)] |  MAPE 0.027818 | RMSE 94.542866 |
Epoch 0078 [Test seq (cond on sampled tp)] | MAPE 0.057531 | RMSE 290.340161|
0.0524679459631443,0.056914299726486206,0.06320931017398834
256.8140742833227,276.8151882348582,337.3912208957133
Experiment 07-08_01:28
Epoch 0079 [Train seq (cond on sampled tp)] | Loss 1854825.756559 | MAPE 0.063048 | RMSE 81.490949 | Likelihood -1854823.036627 | KL fp 2.7199 | FP STD 0.1699|
Epoch 0079 [Val seq (cond on sampled tp)] |  MAPE 0.033864 | RMSE 91.431321 |
Epoch 0079 [Test seq (cond on sampled tp)] | MAPE 0.064809 | RMSE 275.784457|
0.06884656101465225,0.06106308475136757,0.06451618671417236
219.97115400376933,270.05925275761246,337.3229628264284
Experiment 07-08_01:28
Epoch 0080 [Train seq (cond on sampled tp)] | Loss 1867709.480343 | MAPE 0.062320 | RMSE 82.970165 | Likelihood -1867706.681810 | KL fp 2.7985 | FP STD 0.1673|
Epoch 0080 [Val seq (cond on sampled tp)] |  MAPE 0.038576 | RMSE 81.250114 |
Epoch 0080 [Test seq (cond on sampled tp)] | MAPE 0.068888 | RMSE 278.650973|
0.07021462917327881,0.06001811847090721,0.07642989605665207
229.94259643713255,262.1721166524007,343.8382045926543
Experiment 07-08_01:28
Epoch 0081 [Train seq (cond on sampled tp)] | Loss 1854293.939286 | MAPE 0.078698 | RMSE 82.333247 | Likelihood -1854290.879066 | KL fp 3.0602 | FP STD 0.1297|
Epoch 0081 [Val seq (cond on sampled tp)] |  MAPE 0.025576 | RMSE 85.435963 |
Epoch 0081 [Test seq (cond on sampled tp)] | MAPE 0.056330 | RMSE 299.187237|
0.058403871953487396,0.052974995225667953,0.05760973319411278
260.30692521041385,293.9899684725654,343.26481668676735
Experiment 07-08_01:28
Epoch 0082 [Train seq (cond on sampled tp)] | Loss 1859165.425202 | MAPE 0.061215 | RMSE 81.581954 | Likelihood -1859162.492432 | KL fp 2.9328 | FP STD 0.1299|
Epoch 0082 [Val seq (cond on sampled tp)] |  MAPE 0.029837 | RMSE 87.071717 |
Epoch 0082 [Test seq (cond on sampled tp)] | MAPE 0.063308 | RMSE 317.608498|
0.07160340994596481,0.0616372749209404,0.05668480321764946
279.1354258017065,310.3608660696448,363.32920248034014
Experiment 07-08_01:28
Epoch 0083 [Train seq (cond on sampled tp)] | Loss 1861440.119936 | MAPE 0.065489 | RMSE 82.510438 | Likelihood -1861437.341061 | KL fp 2.7789 | FP STD 0.1486|
Epoch 0083 [Val seq (cond on sampled tp)] |  MAPE 0.031713 | RMSE 93.117229 |
Epoch 0083 [Test seq (cond on sampled tp)] | MAPE 0.061348 | RMSE 341.880839|
0.06654178351163864,0.058562688529491425,0.05893880873918533
301.26650629052676,347.4497715497882,376.92624029775374
Experiment 07-08_01:28
Epoch 0084 [Train seq (cond on sampled tp)] | Loss 1902581.572261 | MAPE 0.067790 | RMSE 87.729299 | Likelihood -1902578.763681 | KL fp 2.8086 | FP STD 0.1376|
Epoch 0084 [Val seq (cond on sampled tp)] |  MAPE 0.027105 | RMSE 99.225556 |
Epoch 0084 [Test seq (cond on sampled tp)] | MAPE 0.060316 | RMSE 362.970820|
0.05627039819955826,0.058048900216817856,0.06662780791521072
304.0427858460056,386.44133610420096,398.4283381299578
Experiment 07-08_01:28
Epoch 0085 [Train seq (cond on sampled tp)] | Loss 1873354.752219 | MAPE 0.068296 | RMSE 83.823990 | Likelihood -1873352.080645 | KL fp 2.6716 | FP STD 0.1577|
Epoch 0085 [Val seq (cond on sampled tp)] |  MAPE 0.026588 | RMSE 89.909033 |
Epoch 0085 [Test seq (cond on sampled tp)] | MAPE 0.052566 | RMSE 279.177233|
0.04770752787590027,0.049517638981342316,0.06047210097312927
254.4444238802454,303.0020626992496,280.0852130379253
Experiment 07-08_01:28
Epoch 0086 [Train seq (cond on sampled tp)] | Loss 1866435.934148 | MAPE 0.085110 | RMSE 83.070992 | Likelihood -1866433.156522 | KL fp 2.7776 | FP STD 0.1673|
Epoch 0086 [Val seq (cond on sampled tp)] |  MAPE 0.025733 | RMSE 97.535575 |
Epoch 0086 [Test seq (cond on sampled tp)] | MAPE 0.058299 | RMSE 296.896575|
0.062427155673503876,0.061509788036346436,0.05095892399549484
257.7194604846518,326.9316394523479,306.03862603436187
Experiment 07-08_01:28
Epoch 0087 [Train seq (cond on sampled tp)] | Loss 1858926.099589 | MAPE 0.063711 | RMSE 81.943715 | Likelihood -1858923.442366 | KL fp 2.6572 | FP STD 0.1662|
Epoch 0087 [Val seq (cond on sampled tp)] |  MAPE 0.029518 | RMSE 91.287482 |
Epoch 0087 [Test seq (cond on sampled tp)] | MAPE 0.059981 | RMSE 261.818660|
0.06013048067688942,0.06137877330183983,0.058434922248125076
217.6624213949206,265.83997183456063,301.9535870792066
Experiment 07-08_01:28
Epoch 0088 [Train seq (cond on sampled tp)] | Loss 1843131.550848 | MAPE 0.064451 | RMSE 79.187499 | Likelihood -1843128.717062 | KL fp 2.8338 | FP STD 0.1527|
Epoch 0088 [Val seq (cond on sampled tp)] |  MAPE 0.044211 | RMSE 83.207718 |
Epoch 0088 [Test seq (cond on sampled tp)] | MAPE 0.064985 | RMSE 246.983713|
0.0638035461306572,0.062932588160038,0.06821741163730621
218.45512267969363,241.57302693750808,280.92299044845015
Experiment 07-08_01:28
Epoch 0089 [Train seq (cond on sampled tp)] | Loss 1848003.523968 | MAPE 0.087364 | RMSE 79.611468 | Likelihood -1848000.854164 | KL fp 2.6698 | FP STD 0.1763|
Epoch 0089 [Val seq (cond on sampled tp)] |  MAPE 0.029252 | RMSE 83.293544 |
Epoch 0089 [Test seq (cond on sampled tp)] | MAPE 0.043493 | RMSE 254.750883|
0.04870852455496788,0.039692554622888565,0.04207813739776611
205.38663045278776,256.06674850026894,302.7992708668566
Experiment 07-08_01:28
Epoch 0090 [Train seq (cond on sampled tp)] | Loss 1849484.095640 | MAPE 0.075946 | RMSE 80.624148 | Likelihood -1849481.258017 | KL fp 2.8376 | FP STD 0.1548|
Epoch 0090 [Val seq (cond on sampled tp)] |  MAPE 0.026571 | RMSE 80.580650 |
Epoch 0090 [Test seq (cond on sampled tp)] | MAPE 0.060036 | RMSE 256.154801|
0.0566982626914978,0.06046106293797493,0.06294751167297363
184.2813745336191,274.16609359109304,310.0169350212985
Experiment 07-08_01:28
Epoch 0091 [Train seq (cond on sampled tp)] | Loss 1842929.341603 | MAPE 0.078227 | RMSE 78.963196 | Likelihood -1842926.445725 | KL fp 2.8959 | FP STD 0.1480|
Epoch 0091 [Val seq (cond on sampled tp)] |  MAPE 0.028288 | RMSE 85.839979 |
Epoch 0091 [Test seq (cond on sampled tp)] | MAPE 0.048780 | RMSE 275.521175|
0.0473528690636158,0.04195047914981842,0.057035718113183975
236.74032286188594,264.8689976903677,324.95420350412456
Experiment 07-08_01:28
Epoch 0092 [Train seq (cond on sampled tp)] | Loss 1870300.609543 | MAPE 0.075693 | RMSE 84.952307 | Likelihood -1870298.022130 | KL fp 2.5874 | FP STD 0.1768|
Epoch 0092 [Val seq (cond on sampled tp)] |  MAPE 0.027465 | RMSE 81.135084 |
Epoch 0092 [Test seq (cond on sampled tp)] | MAPE 0.050234 | RMSE 268.196488|
0.05296866223216057,0.045747917145490646,0.05198519676923752
224.62922575323987,281.52950000843606,298.430739452222
Experiment 07-08_01:28
Epoch 0093 [Train seq (cond on sampled tp)] | Loss 1841348.341408 | MAPE 0.070478 | RMSE 77.900063 | Likelihood -1841345.694548 | KL fp 2.6469 | FP STD 0.1612|
Epoch 0093 [Val seq (cond on sampled tp)] |  MAPE 0.025449 | RMSE 81.772452 |
Epoch 0093 [Test seq (cond on sampled tp)] | MAPE 0.049314 | RMSE 276.116650|
0.04909629374742508,0.04954862594604492,0.04929805174469948
239.7815656357886,274.87480104585796,313.6935830751085
Experiment 07-08_01:28
Epoch 0094 [Train seq (cond on sampled tp)] | Loss 1841937.694019 | MAPE 0.074038 | RMSE 78.891017 | Likelihood -1841934.844429 | KL fp 2.8496 | FP STD 0.1585|
Epoch 0094 [Val seq (cond on sampled tp)] |  MAPE 0.026920 | RMSE 84.159221 |
Epoch 0094 [Test seq (cond on sampled tp)] | MAPE 0.059030 | RMSE 283.920319|
0.0567048117518425,0.058125000447034836,0.062260739505290985
238.15429609813887,275.90168935238506,337.7049724796779
Experiment 07-08_01:28
Epoch 0095 [Train seq (cond on sampled tp)] | Loss 1891122.736610 | MAPE 0.069050 | RMSE 87.400946 | Likelihood -1891120.066284 | KL fp 2.6703 | FP STD 0.1734|
Epoch 0095 [Val seq (cond on sampled tp)] |  MAPE 0.028995 | RMSE 88.187052 |
Epoch 0095 [Test seq (cond on sampled tp)] | MAPE 0.061455 | RMSE 283.962744|
0.06306556612253189,0.058821648359298706,0.062477707862854004
221.1302995407911,268.64812022420705,362.10981155583175
Experiment 07-08_01:28
Epoch 0096 [Train seq (cond on sampled tp)] | Loss 1854777.965853 | MAPE 0.067562 | RMSE 81.780446 | Likelihood -1854775.181087 | KL fp 2.7848 | FP STD 0.1562|
Epoch 0096 [Val seq (cond on sampled tp)] |  MAPE 0.031359 | RMSE 94.419350 |
Epoch 0096 [Test seq (cond on sampled tp)] | MAPE 0.053318 | RMSE 296.761523|
0.05480590835213661,0.04417219012975693,0.060976117849349976
287.18171240087696,266.58841462542966,336.5144406262531
Experiment 07-08_01:28
Epoch 0097 [Train seq (cond on sampled tp)] | Loss 1875976.315757 | MAPE 0.089853 | RMSE 85.073263 | Likelihood -1875973.464477 | KL fp 2.8513 | FP STD 0.1620|
Epoch 0097 [Val seq (cond on sampled tp)] |  MAPE 0.027449 | RMSE 92.283657 |
Epoch 0097 [Test seq (cond on sampled tp)] | MAPE 0.046199 | RMSE 334.533860|
0.049428414553403854,0.04358053207397461,0.0455893948674202
289.85161882849644,342.1511567458161,371.598804996733
Experiment 07-08_01:28
Epoch 0098 [Train seq (cond on sampled tp)] | Loss 1919890.103249 | MAPE 0.090747 | RMSE 93.817908 | Likelihood -1919887.561512 | KL fp 2.5417 | FP STD 0.1877|
Epoch 0098 [Val seq (cond on sampled tp)] |  MAPE 0.030007 | RMSE 108.005715 |
Epoch 0098 [Test seq (cond on sampled tp)] | MAPE 0.045304 | RMSE 305.581162|
0.04795512184500694,0.04167848825454712,0.04627928510308266
275.61789956840613,309.22721217577214,331.89837488303556
Experiment 07-08_01:28
Epoch 0099 [Train seq (cond on sampled tp)] | Loss 1854840.242306 | MAPE 0.071822 | RMSE 81.368767 | Likelihood -1854837.652373 | KL fp 2.5899 | FP STD 0.1911|
Epoch 0099 [Val seq (cond on sampled tp)] |  MAPE 0.038488 | RMSE 85.391038 |
Epoch 0099 [Test seq (cond on sampled tp)] | MAPE 0.067429 | RMSE 277.715756|
0.06845999509096146,0.06171648949384689,0.07211177051067352
234.06635510843927,257.95508935665526,341.12582447683434
Experiment 07-08_01:28
Epoch 0100 [Train seq (cond on sampled tp)] | Loss 1844232.796553 | MAPE 0.094151 | RMSE 78.712492 | Likelihood -1844229.785399 | KL fp 3.0112 | FP STD 0.1391|
Epoch 0100 [Val seq (cond on sampled tp)] |  MAPE 0.028195 | RMSE 89.358532 |
Epoch 0100 [Test seq (cond on sampled tp)] | MAPE 0.061471 | RMSE 302.878756|
0.05119744688272476,0.06424067169427872,0.06897633522748947
243.26796888924773,271.67580346342953,393.6924958009741
