/nvme/yuanjingyang/CG-ODE/run_models_covid.py
run_models_covid.py --graf_layer 3
Namespace(save='experiments/', load=None, dataset='Dec', datapath='data/', pred_length=14, condition_length=21, features='Confirmed,Deaths,Recovered,Mortality_Rate,Testing_Rate,Population,Mobility', split_interval=3, feature_out='Deaths', niters=100, lr=0.005, batch_size=8, random_seed=1991, dropout=0.2, l2=1e-05, optimizer='AdamW', clip=10, edge_lamda=0.5, z0_encoder='GTrans', rec_dims=64, ode_dims=20, rec_layers=1, gen_layers=1, graf_layer=3, debug=False, heavyBall=False, actv_h=None, gamma_guess=-3.0, gamma_act='sigmoid', corr=-100, corrf=True, sign=1, augment_dim=0, solver='rk4', alias='run', output_dim=1, feature_out_index=[1], num_atoms=50, CVPR=True)
run
Experiment 07-01_00:46
Epoch 0001 [Train seq (cond on sampled tp)] | Loss 4419384.705620 | MAPE 0.065179 | RMSE 287.606902 | Likelihood -4419383.167038 | KL fp 1.5386 | FP STD 0.3710|
Epoch 0001 [Val seq (cond on sampled tp)] |  MAPE 0.059938 | RMSE 309.536725 |
Best Val!
Epoch 0001 [Test seq (cond on sampled tp)] | MAPE 0.127741 | RMSE 911.482427|
0.14218197762966156,0.13218094408512115,0.10885974019765854
856.5460437127708,942.5974750655764,935.3037608178425
0.14218197762966156,0.13218094408512115,0.10885974019765854
856.5460437127708,942.5974750655764,935.3037608178425
Epoch 0001 [Test seq (cond on sampled tp)] | Best Test MAPE 0.127741|Best Test RMSE 911.482427|
Experiment 07-01_00:46
Epoch 0002 [Train seq (cond on sampled tp)] | Loss 4279596.373019 | MAPE 0.077511 | RMSE 280.653812 | Likelihood -4279594.369911 | KL fp 2.0031 | FP STD 0.7540|
Epoch 0002 [Val seq (cond on sampled tp)] |  MAPE 0.062695 | RMSE 292.487981 |
Epoch 0002 [Test seq (cond on sampled tp)] | MAPE 0.111992 | RMSE 883.782969|
0.12272948771715164,0.11367646604776382,0.09956870228052139
827.8148947681481,915.7616706873027,907.772342054989
0.12272948771715164,0.11367646604776382,0.09956870228052139
827.8148947681481,915.7616706873027,907.772342054989
Epoch 0002 [Test seq (cond on sampled tp)] | Best Test MAPE 0.111992|Best Test RMSE 883.782969|
Experiment 07-01_00:46
Epoch 0003 [Train seq (cond on sampled tp)] | Loss 3993394.909686 | MAPE 0.172634 | RMSE 265.752948 | Likelihood -3993390.762624 | KL fp 4.1471 | FP STD 1.0087|
Epoch 0003 [Val seq (cond on sampled tp)] |  MAPE 0.077787 | RMSE 259.745639 |
Epoch 0003 [Test seq (cond on sampled tp)] | MAPE 0.123596 | RMSE 829.601727|
0.1336277425289154,0.12690162658691406,0.11025930196046829
769.0561585476057,862.4449257778725,857.3040956976702
Experiment 07-01_00:46
Epoch 0004 [Train seq (cond on sampled tp)] | Loss 4123760.438649 | MAPE 0.184973 | RMSE 272.068575 | Likelihood -4123756.479205 | KL fp 3.9594 | FP STD 0.3963|
Epoch 0004 [Val seq (cond on sampled tp)] |  MAPE 0.058923 | RMSE 307.788901 |
Best Val!
Epoch 0004 [Test seq (cond on sampled tp)] | MAPE 0.126088 | RMSE 910.290642|
0.14041487872600555,0.13006581366062164,0.1077820360660553
856.1873699722508,941.1563034374259,933.5282534556734
Experiment 07-01_00:46
Epoch 0005 [Train seq (cond on sampled tp)] | Loss 4269225.271802 | MAPE 0.086731 | RMSE 279.463748 | Likelihood -4269223.149364 | KL fp 2.1224 | FP STD 0.1272|
Epoch 0005 [Val seq (cond on sampled tp)] |  MAPE 0.064259 | RMSE 291.383030 |
Epoch 0005 [Test seq (cond on sampled tp)] | MAPE 0.113199 | RMSE 883.929849|
0.12287910282611847,0.11786491423845291,0.09885307401418686
827.8966571982279,915.1372164872325,908.7556739850377
Experiment 07-01_00:46
Epoch 0006 [Train seq (cond on sampled tp)] | Loss 4009197.241755 | MAPE 0.178640 | RMSE 265.973474 | Likelihood -4009195.625478 | KL fp 1.6163 | FP STD 0.2619|
Epoch 0006 [Val seq (cond on sampled tp)] |  MAPE 0.083294 | RMSE 263.529529 |
Epoch 0006 [Test seq (cond on sampled tp)] | MAPE 0.124134 | RMSE 833.632810|
0.1367798149585724,0.1239909902215004,0.11163078248500824
772.3212576382965,869.0898975364977,859.4872744840379
Experiment 07-01_00:46
Epoch 0007 [Train seq (cond on sampled tp)] | Loss 3752551.167507 | MAPE 0.385954 | RMSE 251.693357 | Likelihood -3752549.389374 | KL fp 1.7781 | FP STD 0.4041|
Epoch 0007 [Val seq (cond on sampled tp)] |  MAPE 0.137706 | RMSE 234.502324 |
Epoch 0007 [Test seq (cond on sampled tp)] | MAPE 0.164273 | RMSE 768.286519|
0.17133407294750214,0.16059108078479767,0.16089259088039398
699.8363201492189,802.7760039388322,802.2472343361491
Experiment 07-01_00:46
Epoch 0008 [Train seq (cond on sampled tp)] | Loss 3717727.407039 | MAPE 0.638748 | RMSE 248.843683 | Likelihood -3717725.172767 | KL fp 2.2343 | FP STD 0.4552|
Epoch 0008 [Val seq (cond on sampled tp)] |  MAPE 0.164620 | RMSE 227.575065 |
Epoch 0008 [Test seq (cond on sampled tp)] | MAPE 0.191374 | RMSE 747.273035|
0.22038835287094116,0.1777881234884262,0.17594477534294128
678.136416954583,780.3245718930041,783.3581157427298
Experiment 07-01_00:46
Epoch 0009 [Train seq (cond on sampled tp)] | Loss 3703995.170812 | MAPE 0.677948 | RMSE 247.894558 | Likelihood -3703992.901640 | KL fp 2.2692 | FP STD 0.4226|
Epoch 0009 [Val seq (cond on sampled tp)] |  MAPE 0.138399 | RMSE 234.368300 |
Epoch 0009 [Test seq (cond on sampled tp)] | MAPE 0.165413 | RMSE 770.559296|
0.17898793518543243,0.15788577497005463,0.15936391055583954
708.6596062285475,802.4468050905306,800.5714755722939
Experiment 07-01_00:46
Epoch 0010 [Train seq (cond on sampled tp)] | Loss 3674966.159799 | MAPE 0.549232 | RMSE 246.786645 | Likelihood -3674964.118810 | KL fp 2.0410 | FP STD 0.3618|
Epoch 0010 [Val seq (cond on sampled tp)] |  MAPE 0.113566 | RMSE 243.261482 |
Epoch 0010 [Test seq (cond on sampled tp)] | MAPE 0.147839 | RMSE 794.192396|
0.16083724796772003,0.14769181609153748,0.13498884439468384
729.3078482369431,827.8324860743265,825.4368540354859
Experiment 07-01_00:46
Epoch 0011 [Train seq (cond on sampled tp)] | Loss 3697423.789754 | MAPE 0.476429 | RMSE 248.282589 | Likelihood -3697421.668643 | KL fp 2.1211 | FP STD 0.3076|
Epoch 0011 [Val seq (cond on sampled tp)] |  MAPE 0.118073 | RMSE 241.543644 |
Epoch 0011 [Test seq (cond on sampled tp)] | MAPE 0.155219 | RMSE 787.953958|
0.17443053424358368,0.14995846152305603,0.1412670612335205
724.6128707799772,820.6797106667132,818.5692930351101
Experiment 07-01_00:46
Epoch 0012 [Train seq (cond on sampled tp)] | Loss 3681545.540018 | MAPE 0.512714 | RMSE 247.288377 | Likelihood -3681543.175951 | KL fp 2.3641 | FP STD 0.2855|
Epoch 0012 [Val seq (cond on sampled tp)] |  MAPE 0.127454 | RMSE 238.900787 |
Epoch 0012 [Test seq (cond on sampled tp)] | MAPE 0.159561 | RMSE 780.807260|
0.1728932410478592,0.1569260060787201,0.14886429905891418
717.937040240995,814.4547639371999,810.0299762971738
Experiment 07-01_00:46
Epoch 0013 [Train seq (cond on sampled tp)] | Loss 3679428.138580 | MAPE 0.546766 | RMSE 247.058878 | Likelihood -3679425.489522 | KL fp 2.6491 | FP STD 0.2776|
Epoch 0013 [Val seq (cond on sampled tp)] |  MAPE 0.131195 | RMSE 236.279620 |
Epoch 0013 [Test seq (cond on sampled tp)] | MAPE 0.160873 | RMSE 774.369857|
0.1759871244430542,0.16110259294509888,0.1455303281545639
707.9704487123739,809.2828229364565,805.8562992246199
Experiment 07-01_00:46
Epoch 0014 [Train seq (cond on sampled tp)] | Loss 3682361.640949 | MAPE 0.560969 | RMSE 247.168911 | Likelihood -3682359.156897 | KL fp 2.4841 | FP STD 0.2701|
Epoch 0014 [Val seq (cond on sampled tp)] |  MAPE 0.132651 | RMSE 235.787262 |
Epoch 0014 [Test seq (cond on sampled tp)] | MAPE 0.162312 | RMSE 773.357939|
0.1758534461259842,0.15885013341903687,0.15223222970962524
709.0956608596614,804.570188050738,806.407969020644
Experiment 07-01_00:46
Epoch 0015 [Train seq (cond on sampled tp)] | Loss 3680274.610141 | MAPE 0.567745 | RMSE 247.029299 | Likelihood -3680271.996149 | KL fp 2.6140 | FP STD 0.2451|
Epoch 0015 [Val seq (cond on sampled tp)] |  MAPE 0.133355 | RMSE 234.468615 |
Epoch 0015 [Test seq (cond on sampled tp)] | MAPE 0.166195 | RMSE 772.522263|
0.18217509984970093,0.16166988015174866,0.1547391563653946
707.9253800719395,806.4242059859066,803.2172028785241
Experiment 07-01_00:46
Epoch 0016 [Train seq (cond on sampled tp)] | Loss 3674608.400632 | MAPE 0.572421 | RMSE 246.689274 | Likelihood -3674605.548064 | KL fp 2.8526 | FP STD 0.2242|
Epoch 0016 [Val seq (cond on sampled tp)] |  MAPE 0.136573 | RMSE 234.962896 |
Epoch 0016 [Test seq (cond on sampled tp)] | MAPE 0.164542 | RMSE 772.629195|
0.17813849449157715,0.16294321417808533,0.1525455117225647
708.1166482296543,806.5743146170723,803.196621320085
Experiment 07-01_00:46
Epoch 0017 [Train seq (cond on sampled tp)] | Loss 3677707.143352 | MAPE 0.572494 | RMSE 246.864696 | Likelihood -3677704.437498 | KL fp 2.7059 | FP STD 0.2239|
Epoch 0017 [Val seq (cond on sampled tp)] |  MAPE 0.135295 | RMSE 235.194932 |
Epoch 0017 [Test seq (cond on sampled tp)] | MAPE 0.165999 | RMSE 773.242028|
0.18258485198020935,0.16164951026439667,0.15376237034797668
708.3352181347473,806.9175918270713,804.4732748823916
Experiment 07-01_00:46
Epoch 0018 [Train seq (cond on sampled tp)] | Loss 3675419.272573 | MAPE 0.572716 | RMSE 246.719905 | Likelihood -3675416.454925 | KL fp 2.8176 | FP STD 0.2213|
Epoch 0018 [Val seq (cond on sampled tp)] |  MAPE 0.132751 | RMSE 235.214488 |
Epoch 0018 [Test seq (cond on sampled tp)] | MAPE 0.163364 | RMSE 771.776073|
0.18051253259181976,0.1586584746837616,0.1509222686290741
708.4242637713646,804.0993797410865,802.8045761578592
Experiment 07-01_00:46
Epoch 0019 [Train seq (cond on sampled tp)] | Loss 3676639.539633 | MAPE 0.572125 | RMSE 246.789771 | Likelihood -3676636.700045 | KL fp 2.8396 | FP STD 0.2124|
Epoch 0019 [Val seq (cond on sampled tp)] |  MAPE 0.134099 | RMSE 235.152386 |
Epoch 0019 [Test seq (cond on sampled tp)] | MAPE 0.163894 | RMSE 772.485015|
0.17786210775375366,0.16167335212230682,0.15214578807353973
707.9797181063875,805.2187590959367,804.2565666502202
Experiment 07-01_00:46
Epoch 0020 [Train seq (cond on sampled tp)] | Loss 3677302.286643 | MAPE 0.569370 | RMSE 246.844114 | Likelihood -3677299.415969 | KL fp 2.8707 | FP STD 0.2025|
Epoch 0020 [Val seq (cond on sampled tp)] |  MAPE 0.134736 | RMSE 235.008378 |
Epoch 0020 [Test seq (cond on sampled tp)] | MAPE 0.165261 | RMSE 774.578537|
0.17932893335819244,0.16499802470207214,0.15145644545555115
709.8387580993306,807.0862330011583,806.8106190426598
Experiment 07-01_00:46
Epoch 0021 [Train seq (cond on sampled tp)] | Loss 3677147.561997 | MAPE 0.569294 | RMSE 246.812936 | Likelihood -3677144.688737 | KL fp 2.8733 | FP STD 0.2047|
Epoch 0021 [Val seq (cond on sampled tp)] |  MAPE 0.132811 | RMSE 235.381705 |
Epoch 0021 [Test seq (cond on sampled tp)] | MAPE 0.166782 | RMSE 773.771002|
0.1826198846101761,0.16304978728294373,0.15467633306980133
711.8369502561665,806.1696083951565,803.3064483744669
Experiment 07-01_00:46
Epoch 0022 [Train seq (cond on sampled tp)] | Loss 3675853.406249 | MAPE 0.569503 | RMSE 246.749435 | Likelihood -3675850.619948 | KL fp 2.7863 | FP STD 0.2096|
Epoch 0022 [Val seq (cond on sampled tp)] |  MAPE 0.132997 | RMSE 235.364171 |
Epoch 0022 [Test seq (cond on sampled tp)] | MAPE 0.163019 | RMSE 773.539042|
0.1783514767885208,0.1581016182899475,0.15260444581508636
709.712221608167,806.8899398307058,804.0149641020371
Experiment 07-01_00:46
Epoch 0023 [Train seq (cond on sampled tp)] | Loss 3674723.655914 | MAPE 0.569648 | RMSE 246.688086 | Likelihood -3674720.692554 | KL fp 2.9634 | FP STD 0.2014|
Epoch 0023 [Val seq (cond on sampled tp)] |  MAPE 0.133635 | RMSE 236.086079 |
Epoch 0023 [Test seq (cond on sampled tp)] | MAPE 0.161741 | RMSE 772.735892|
0.17609210312366486,0.15656599402427673,0.1525661200284958
709.1264432384397,805.171138640724,803.910092920844
Experiment 07-01_00:46
Epoch 0024 [Train seq (cond on sampled tp)] | Loss 3677125.900700 | MAPE 0.568419 | RMSE 246.838691 | Likelihood -3677122.793549 | KL fp 3.1072 | FP STD 0.2048|
Epoch 0024 [Val seq (cond on sampled tp)] |  MAPE 0.133401 | RMSE 235.488704 |
Epoch 0024 [Test seq (cond on sampled tp)] | MAPE 0.163916 | RMSE 774.325787|
0.1790972650051117,0.15981051325798035,0.15283891558647156
709.1712372551498,808.2180244216285,805.5881003962261
Experiment 07-01_00:46
Epoch 0025 [Train seq (cond on sampled tp)] | Loss 3677093.072085 | MAPE 0.568414 | RMSE 246.834243 | Likelihood -3677089.930218 | KL fp 3.1419 | FP STD 0.2009|
Epoch 0025 [Val seq (cond on sampled tp)] |  MAPE 0.131370 | RMSE 235.778871 |
Epoch 0025 [Test seq (cond on sampled tp)] | MAPE 0.163378 | RMSE 773.990369|
0.1764848232269287,0.16314254701137543,0.15050551295280457
709.7898236449998,808.0914629545347,804.0898192988144
Experiment 07-01_00:46
Epoch 0026 [Train seq (cond on sampled tp)] | Loss 3679439.506554 | MAPE 0.567312 | RMSE 246.970656 | Likelihood -3679436.304141 | KL fp 3.2024 | FP STD 0.1897|
Epoch 0026 [Val seq (cond on sampled tp)] |  MAPE 0.133318 | RMSE 235.290479 |
Epoch 0026 [Test seq (cond on sampled tp)] | MAPE 0.163864 | RMSE 773.762468|
0.178450345993042,0.16132885217666626,0.15181131660938263
708.7354275397837,807.2910720427917,805.2609049246089
Experiment 07-01_00:46
Epoch 0027 [Train seq (cond on sampled tp)] | Loss 3678201.535544 | MAPE 0.570100 | RMSE 246.884810 | Likelihood -3678198.392713 | KL fp 3.1428 | FP STD 0.1780|
Epoch 0027 [Val seq (cond on sampled tp)] |  MAPE 0.133977 | RMSE 235.195730 |
Epoch 0027 [Test seq (cond on sampled tp)] | MAPE 0.165331 | RMSE 773.033753|
0.18143586814403534,0.1624046266078949,0.15215393900871277
708.4918621621564,806.6847277592406,803.924669978475
Experiment 07-01_00:46
Epoch 0028 [Train seq (cond on sampled tp)] | Loss 3679216.899927 | MAPE 0.570220 | RMSE 246.949871 | Likelihood -3679213.649668 | KL fp 3.2503 | FP STD 0.1594|
Epoch 0028 [Val seq (cond on sampled tp)] |  MAPE 0.133541 | RMSE 235.100461 |
Epoch 0028 [Test seq (cond on sampled tp)] | MAPE 0.162767 | RMSE 773.213723|
0.17888686060905457,0.15801994502544403,0.15139348804950714
708.5781758211299,806.9921003330826,804.0708923969329
Experiment 07-01_00:46
Epoch 0029 [Train seq (cond on sampled tp)] | Loss 3676806.682340 | MAPE 0.571842 | RMSE 246.794929 | Likelihood -3676803.444927 | KL fp 3.2374 | FP STD 0.1421|
Epoch 0029 [Val seq (cond on sampled tp)] |  MAPE 0.135624 | RMSE 235.468615 |
Epoch 0029 [Test seq (cond on sampled tp)] | MAPE 0.165005 | RMSE 772.149536|
0.17926211655139923,0.16341567039489746,0.15233613550662994
707.6519933908191,805.7635354122201,803.033078397148
Experiment 07-01_00:46
Epoch 0030 [Train seq (cond on sampled tp)] | Loss 3675087.022242 | MAPE 0.569705 | RMSE 246.704400 | Likelihood -3675083.611281 | KL fp 3.4110 | FP STD 0.1316|
Epoch 0030 [Val seq (cond on sampled tp)] |  MAPE 0.134401 | RMSE 234.989952 |
Epoch 0030 [Test seq (cond on sampled tp)] | MAPE 0.164371 | RMSE 773.047160|
0.18125222623348236,0.15910518169403076,0.1527545005083084
709.4706213085923,806.258837160871,803.4120206967282
Experiment 07-01_00:46
Epoch 0031 [Train seq (cond on sampled tp)] | Loss 3675176.007822 | MAPE 0.569635 | RMSE 246.699386 | Likelihood -3675172.603624 | KL fp 3.4042 | FP STD 0.1342|
Epoch 0031 [Val seq (cond on sampled tp)] |  MAPE 0.133271 | RMSE 235.051798 |
Epoch 0031 [Test seq (cond on sampled tp)] | MAPE 0.163962 | RMSE 772.697102|
0.17725062370300293,0.16060052812099457,0.15403518080711365
707.7272823976762,806.7598387996269,803.604185840268
Experiment 07-01_00:46
Epoch 0032 [Train seq (cond on sampled tp)] | Loss 3676285.267763 | MAPE 0.570641 | RMSE 246.788179 | Likelihood -3676281.795489 | KL fp 3.4723 | FP STD 0.1441|
Epoch 0032 [Val seq (cond on sampled tp)] |  MAPE 0.132715 | RMSE 235.211466 |
Epoch 0032 [Test seq (cond on sampled tp)] | MAPE 0.162255 | RMSE 773.409252|
0.17633070051670074,0.16020232439041138,0.1502310335636139
708.565760886031,807.1286684909662,804.5333274638161
Experiment 07-01_00:46
Epoch 0033 [Train seq (cond on sampled tp)] | Loss 3677898.552867 | MAPE 0.569225 | RMSE 246.874702 | Likelihood -3677895.110418 | KL fp 3.4424 | FP STD 0.1566|
Epoch 0033 [Val seq (cond on sampled tp)] |  MAPE 0.131941 | RMSE 235.409799 |
Epoch 0033 [Test seq (cond on sampled tp)] | MAPE 0.165696 | RMSE 772.104285|
0.17676979303359985,0.16463664174079895,0.15568293631076813
706.7822772961982,805.834078765598,803.6964989969783
Experiment 07-01_00:46
Epoch 0034 [Train seq (cond on sampled tp)] | Loss 3679289.441888 | MAPE 0.570612 | RMSE 246.944296 | Likelihood -3679285.917381 | KL fp 3.5245 | FP STD 0.1525|
Epoch 0034 [Val seq (cond on sampled tp)] |  MAPE 0.134345 | RMSE 235.666798 |
Epoch 0034 [Test seq (cond on sampled tp)] | MAPE 0.163815 | RMSE 774.121335|
0.18053476512432098,0.16238725185394287,0.1485230177640915
710.0559837083271,808.7018532809233,803.6061690903076
Experiment 07-01_00:46
Epoch 0035 [Train seq (cond on sampled tp)] | Loss 3678878.824879 | MAPE 0.569196 | RMSE 246.915206 | Likelihood -3678875.082601 | KL fp 3.7423 | FP STD 0.1410|
Epoch 0035 [Val seq (cond on sampled tp)] |  MAPE 0.134046 | RMSE 235.225067 |
Epoch 0035 [Test seq (cond on sampled tp)] | MAPE 0.164348 | RMSE 772.163229|
0.18068081140518188,0.16204558312892914,0.15031825006008148
707.6871881347013,805.9028322322736,802.8996668326622
Experiment 07-01_00:46
Epoch 0036 [Train seq (cond on sampled tp)] | Loss 3676615.155434 | MAPE 0.571794 | RMSE 246.784758 | Likelihood -3676611.575724 | KL fp 3.5797 | FP STD 0.1419|
Epoch 0036 [Val seq (cond on sampled tp)] |  MAPE 0.134094 | RMSE 234.972887 |
Epoch 0036 [Test seq (cond on sampled tp)] | MAPE 0.165694 | RMSE 773.080577|
0.18224036693572998,0.16004447638988495,0.15479649603366852
708.0088938353812,805.9695636312825,805.2632721663146
Experiment 07-01_00:46
Epoch 0037 [Train seq (cond on sampled tp)] | Loss 3677353.462241 | MAPE 0.571527 | RMSE 246.823026 | Likelihood -3677349.958074 | KL fp 3.5042 | FP STD 0.1422|
Epoch 0037 [Val seq (cond on sampled tp)] |  MAPE 0.135182 | RMSE 234.863233 |
Epoch 0037 [Test seq (cond on sampled tp)] | MAPE 0.164238 | RMSE 773.050777|
0.17996671795845032,0.16081471741199493,0.1519315242767334
708.9439769826668,806.3472034427849,803.8611509458583
Experiment 07-01_00:46
Epoch 0038 [Train seq (cond on sampled tp)] | Loss 3676110.592494 | MAPE 0.573023 | RMSE 246.740482 | Likelihood -3676107.215581 | KL fp 3.3769 | FP STD 0.1385|
Epoch 0038 [Val seq (cond on sampled tp)] |  MAPE 0.134460 | RMSE 234.633857 |
Epoch 0038 [Test seq (cond on sampled tp)] | MAPE 0.164227 | RMSE 772.537147|
0.17694514989852905,0.16232745349407196,0.1534082144498825
707.4191870807576,807.3960072356068,802.7962459428918
Experiment 07-01_00:46
Epoch 0039 [Train seq (cond on sampled tp)] | Loss 3678584.264833 | MAPE 0.571545 | RMSE 246.886888 | Likelihood -3678580.751639 | KL fp 3.5132 | FP STD 0.1398|
Epoch 0039 [Val seq (cond on sampled tp)] |  MAPE 0.133878 | RMSE 234.916815 |
Epoch 0039 [Test seq (cond on sampled tp)] | MAPE 0.164617 | RMSE 772.416324|
0.17832088470458984,0.16276192665100098,0.15276747941970825
709.1802485969275,804.8981302003378,803.1705920911198
Experiment 07-01_00:46
Epoch 0040 [Train seq (cond on sampled tp)] | Loss 3675943.280701 | MAPE 0.572476 | RMSE 246.740512 | Likelihood -3675939.820325 | KL fp 3.4604 | FP STD 0.1444|
Epoch 0040 [Val seq (cond on sampled tp)] |  MAPE 0.134122 | RMSE 235.346810 |
Epoch 0040 [Test seq (cond on sampled tp)] | MAPE 0.166257 | RMSE 772.365558|
0.18119105696678162,0.1644984930753708,0.15308290719985962
708.2173042223693,805.9336588702571,802.9457095594944
Experiment 07-01_00:46
Epoch 0041 [Train seq (cond on sampled tp)] | Loss 3676879.455148 | MAPE 0.570163 | RMSE 246.815025 | Likelihood -3676876.113182 | KL fp 3.3420 | FP STD 0.1612|
Epoch 0041 [Val seq (cond on sampled tp)] |  MAPE 0.133753 | RMSE 235.510524 |
Epoch 0041 [Test seq (cond on sampled tp)] | MAPE 0.162893 | RMSE 771.581455|
0.1787814348936081,0.15774409472942352,0.15215453505516052
707.2721143591058,805.5453121954097,801.9269371333027
Experiment 07-01_00:46
Epoch 0042 [Train seq (cond on sampled tp)] | Loss 3676768.114460 | MAPE 0.570789 | RMSE 246.782855 | Likelihood -3676764.728212 | KL fp 3.3862 | FP STD 0.1717|
Epoch 0042 [Val seq (cond on sampled tp)] |  MAPE 0.133127 | RMSE 234.365333 |
Epoch 0042 [Test seq (cond on sampled tp)] | MAPE 0.164920 | RMSE 773.937058|
0.17919357120990753,0.162596195936203,0.1529691070318222
711.6161842945957,806.3191055655323,803.8758843876335
Experiment 07-01_00:46
Epoch 0043 [Train seq (cond on sampled tp)] | Loss 3677757.317307 | MAPE 0.569993 | RMSE 246.864357 | Likelihood -3677754.234245 | KL fp 3.0831 | FP STD 0.1879|
Epoch 0043 [Val seq (cond on sampled tp)] |  MAPE 0.135675 | RMSE 234.858302 |
Epoch 0043 [Test seq (cond on sampled tp)] | MAPE 0.163639 | RMSE 773.006875|
0.17770038545131683,0.16058459877967834,0.15263329446315765
709.7336428196144,805.4193783365284,803.8676041488424
Experiment 07-01_00:46
Epoch 0044 [Train seq (cond on sampled tp)] | Loss 3676851.161774 | MAPE 0.570255 | RMSE 246.793576 | Likelihood -3676848.070952 | KL fp 3.0908 | FP STD 0.1945|
Epoch 0044 [Val seq (cond on sampled tp)] |  MAPE 0.132916 | RMSE 234.730755 |
Epoch 0044 [Test seq (cond on sampled tp)] | MAPE 0.164928 | RMSE 773.913682|
0.1802700012922287,0.15940599143505096,0.15510790050029755
710.5632229084193,806.983271202074,804.19455046649
Experiment 07-01_00:46
Epoch 0045 [Train seq (cond on sampled tp)] | Loss 3678137.048001 | MAPE 0.571628 | RMSE 246.854713 | Likelihood -3678133.859902 | KL fp 3.1881 | FP STD 0.1827|
Epoch 0045 [Val seq (cond on sampled tp)] |  MAPE 0.133684 | RMSE 235.065757 |
Epoch 0045 [Test seq (cond on sampled tp)] | MAPE 0.165863 | RMSE 771.746696|
0.18271534144878387,0.16238366067409515,0.15248866379261017
709.102491710472,805.6378683999405,800.4997267332451
Experiment 07-01_00:46
Epoch 0046 [Train seq (cond on sampled tp)] | Loss 3678049.325779 | MAPE 0.571658 | RMSE 246.854235 | Likelihood -3678045.925607 | KL fp 3.4002 | FP STD 0.1683|
Epoch 0046 [Val seq (cond on sampled tp)] |  MAPE 0.133688 | RMSE 235.086420 |
Epoch 0046 [Test seq (cond on sampled tp)] | MAPE 0.164260 | RMSE 772.572170|
0.1784229576587677,0.16118091344833374,0.15317502617835999
709.6475577707571,804.9521724922544,803.1167801135773
Experiment 07-01_00:46
Epoch 0047 [Train seq (cond on sampled tp)] | Loss 3679436.151692 | MAPE 0.572424 | RMSE 246.917849 | Likelihood -3679432.779701 | KL fp 3.3720 | FP STD 0.1626|
Epoch 0047 [Val seq (cond on sampled tp)] |  MAPE 0.135173 | RMSE 235.042300 |
Epoch 0047 [Test seq (cond on sampled tp)] | MAPE 0.165882 | RMSE 771.684305|
0.18183006346225739,0.16122138500213623,0.15459442138671875
707.8474411905436,805.3837982601835,801.8216759354913
Experiment 07-01_00:46
Epoch 0048 [Train seq (cond on sampled tp)] | Loss 3677872.292784 | MAPE 0.573376 | RMSE 246.847531 | Likelihood -3677868.855822 | KL fp 3.4370 | FP STD 0.1527|
Epoch 0048 [Val seq (cond on sampled tp)] |  MAPE 0.134534 | RMSE 234.938107 |
Epoch 0048 [Test seq (cond on sampled tp)] | MAPE 0.163954 | RMSE 771.785561|
0.17890945076942444,0.159057155251503,0.1538953334093094
706.8307125825816,805.403431517398,803.1225389067349
Experiment 07-01_00:46
Epoch 0049 [Train seq (cond on sampled tp)] | Loss 3675186.380459 | MAPE 0.572614 | RMSE 246.689722 | Likelihood -3675182.844311 | KL fp 3.5361 | FP STD 0.1331|
Epoch 0049 [Val seq (cond on sampled tp)] |  MAPE 0.135114 | RMSE 235.085714 |
Epoch 0049 [Test seq (cond on sampled tp)] | MAPE 0.164319 | RMSE 771.914752|
0.1796225756406784,0.1617356389760971,0.15159834921360016
707.4112135102185,804.9691376071507,803.3639041555203
Experiment 07-01_00:46
Epoch 0050 [Train seq (cond on sampled tp)] | Loss 3676004.047795 | MAPE 0.571762 | RMSE 246.734026 | Likelihood -3676000.280818 | KL fp 3.7670 | FP STD 0.1286|
Epoch 0050 [Val seq (cond on sampled tp)] |  MAPE 0.134529 | RMSE 234.974034 |
Epoch 0050 [Test seq (cond on sampled tp)] | MAPE 0.163710 | RMSE 771.118138|
0.1771600991487503,0.1616649329662323,0.1523061990737915
707.7354290269776,803.5682142792857,802.0507699017563
Experiment 07-01_00:46
Epoch 0051 [Train seq (cond on sampled tp)] | Loss 3676520.434910 | MAPE 0.572808 | RMSE 246.767168 | Likelihood -3676516.774447 | KL fp 3.6605 | FP STD 0.1423|
Epoch 0051 [Val seq (cond on sampled tp)] |  MAPE 0.134621 | RMSE 235.246347 |
Epoch 0051 [Test seq (cond on sampled tp)] | MAPE 0.164280 | RMSE 773.143333|
0.17986224591732025,0.16243794560432434,0.15054020285606384
709.3202071349723,805.4375751726511,804.6722158742651
Experiment 07-01_00:46
Epoch 0052 [Train seq (cond on sampled tp)] | Loss 3677456.438007 | MAPE 0.571369 | RMSE 246.799157 | Likelihood -3677452.882499 | KL fp 3.5555 | FP STD 0.1518|
Epoch 0052 [Val seq (cond on sampled tp)] |  MAPE 0.134489 | RMSE 234.943253 |
Epoch 0052 [Test seq (cond on sampled tp)] | MAPE 0.164424 | RMSE 772.107553|
0.1767752766609192,0.16298548877239227,0.1535104513168335
708.1979331373398,805.701131003302,802.4235944935817
Experiment 07-01_00:46
Epoch 0053 [Train seq (cond on sampled tp)] | Loss 3676765.107437 | MAPE 0.571925 | RMSE 246.750588 | Likelihood -3676761.309492 | KL fp 3.7979 | FP STD 0.1567|
Epoch 0053 [Val seq (cond on sampled tp)] |  MAPE 0.133492 | RMSE 235.043779 |
Epoch 0053 [Test seq (cond on sampled tp)] | MAPE 0.163786 | RMSE 772.601374|
0.17886073887348175,0.15600387752056122,0.15649361908435822
708.941574637854,805.7705163382437,803.0920323972838
Experiment 07-01_00:46
Epoch 0054 [Train seq (cond on sampled tp)] | Loss 3678326.024589 | MAPE 0.570447 | RMSE 246.873737 | Likelihood -3678322.353680 | KL fp 3.6709 | FP STD 0.1696|
Epoch 0054 [Val seq (cond on sampled tp)] |  MAPE 0.134406 | RMSE 234.983460 |
Epoch 0054 [Test seq (cond on sampled tp)] | MAPE 0.165705 | RMSE 772.933901|
0.18164068460464478,0.16017256677150726,0.155302494764328
707.7706858510036,806.7596451236267,804.2713705584702
Experiment 07-01_00:46
Epoch 0055 [Train seq (cond on sampled tp)] | Loss 3677666.053715 | MAPE 0.571816 | RMSE 246.824962 | Likelihood -3677662.225641 | KL fp 3.8281 | FP STD 0.1658|
Epoch 0055 [Val seq (cond on sampled tp)] |  MAPE 0.135086 | RMSE 234.938838 |
Epoch 0055 [Test seq (cond on sampled tp)] | MAPE 0.163667 | RMSE 772.146704|
0.1772201508283615,0.16280809044837952,0.1509716510772705
706.8073464530487,805.7151326616622,803.9176341516586
Experiment 07-01_00:46
Epoch 0056 [Train seq (cond on sampled tp)] | Loss 3678678.988004 | MAPE 0.571140 | RMSE 246.872882 | Likelihood -3678675.252942 | KL fp 3.7351 | FP STD 0.1529|
Epoch 0056 [Val seq (cond on sampled tp)] |  MAPE 0.134344 | RMSE 235.094820 |
Epoch 0056 [Test seq (cond on sampled tp)] | MAPE 0.164752 | RMSE 771.902389|
0.1803426742553711,0.16134139895439148,0.1525726616382599
708.0839904276893,804.8237384670012,802.7994379046363
Experiment 07-01_00:46
Epoch 0057 [Train seq (cond on sampled tp)] | Loss 3676638.833053 | MAPE 0.573022 | RMSE 246.749869 | Likelihood -3676635.109353 | KL fp 3.7237 | FP STD 0.1350|
Epoch 0057 [Val seq (cond on sampled tp)] |  MAPE 0.134190 | RMSE 234.927125 |
Epoch 0057 [Test seq (cond on sampled tp)] | MAPE 0.164266 | RMSE 771.915537|
0.17697899043560028,0.16180960834026337,0.154009148478508
707.5712640787499,805.6729718067995,802.5023753858926
Experiment 07-01_00:46
Epoch 0058 [Train seq (cond on sampled tp)] | Loss 3677273.177582 | MAPE 0.574342 | RMSE 246.781249 | Likelihood -3677269.304774 | KL fp 3.8728 | FP STD 0.1177|
Epoch 0058 [Val seq (cond on sampled tp)] |  MAPE 0.134555 | RMSE 234.541333 |
Epoch 0058 [Test seq (cond on sampled tp)] | MAPE 0.165407 | RMSE 771.060063|
0.1802661418914795,0.16155433654785156,0.15440191328525543
707.3430700515839,803.8231304211145,802.013988344343
Experiment 07-01_00:46
Epoch 0059 [Train seq (cond on sampled tp)] | Loss 3675832.808756 | MAPE 0.573917 | RMSE 246.697289 | Likelihood -3675828.755164 | KL fp 4.0536 | FP STD 0.1134|
Epoch 0059 [Val seq (cond on sampled tp)] |  MAPE 0.135231 | RMSE 235.017245 |
Epoch 0059 [Test seq (cond on sampled tp)] | MAPE 0.164424 | RMSE 771.676252|
0.17881165444850922,0.1607533097267151,0.15370674431324005
707.235065236446,805.4635699396963,802.330122206564
Experiment 07-01_00:46
Epoch 0060 [Train seq (cond on sampled tp)] | Loss 3676530.737624 | MAPE 0.572282 | RMSE 246.750970 | Likelihood -3676526.820663 | KL fp 3.9170 | FP STD 0.1373|
Epoch 0060 [Val seq (cond on sampled tp)] |  MAPE 0.133381 | RMSE 235.293749 |
Epoch 0060 [Test seq (cond on sampled tp)] | MAPE 0.164532 | RMSE 771.724514|
0.17962291836738586,0.16121329367160797,0.15275855362415314
707.0279122849395,804.9399434119293,803.2056866083557
Experiment 07-01_00:46
Epoch 0061 [Train seq (cond on sampled tp)] | Loss 3675774.696256 | MAPE 0.571294 | RMSE 246.693454 | Likelihood -3675771.006206 | KL fp 3.6900 | FP STD 0.1613|
Epoch 0061 [Val seq (cond on sampled tp)] |  MAPE 0.134473 | RMSE 235.001089 |
Epoch 0061 [Test seq (cond on sampled tp)] | MAPE 0.164951 | RMSE 772.195589|
0.17931395769119263,0.1613788902759552,0.15416042506694794
707.6843178635513,806.4374975780826,802.4649525057154
Experiment 07-01_00:46
Epoch 0062 [Train seq (cond on sampled tp)] | Loss 3678964.078481 | MAPE 0.571451 | RMSE 246.888464 | Likelihood -3678960.284037 | KL fp 3.7944 | FP STD 0.1762|
Epoch 0062 [Val seq (cond on sampled tp)] |  MAPE 0.135526 | RMSE 235.400573 |
Epoch 0062 [Test seq (cond on sampled tp)] | MAPE 0.163054 | RMSE 772.186714|
0.17650696635246277,0.15945687890052795,0.15319716930389404
707.930986219702,806.159413515714,802.469742420236
Experiment 07-01_00:46
Epoch 0063 [Train seq (cond on sampled tp)] | Loss 3679718.769883 | MAPE 0.571879 | RMSE 246.944057 | Likelihood -3679715.034764 | KL fp 3.7351 | FP STD 0.1841|
Epoch 0063 [Val seq (cond on sampled tp)] |  MAPE 0.133862 | RMSE 235.040356 |
Epoch 0063 [Test seq (cond on sampled tp)] | MAPE 0.164842 | RMSE 772.048710|
0.18062667548656464,0.1607772409915924,0.15312348306179047
707.7024666129121,805.0289202879609,803.4147434544626
Experiment 07-01_00:46
Epoch 0064 [Train seq (cond on sampled tp)] | Loss 3676705.458321 | MAPE 0.572759 | RMSE 246.754276 | Likelihood -3676701.851492 | KL fp 3.6068 | FP STD 0.1934|
Epoch 0064 [Val seq (cond on sampled tp)] |  MAPE 0.134599 | RMSE 234.931722 |
Epoch 0064 [Test seq (cond on sampled tp)] | MAPE 0.163220 | RMSE 772.378340|
0.17796333134174347,0.16026164591312408,0.151433527469635
707.0883298782409,805.5001551831011,804.5465337691786
Experiment 07-01_00:46
Epoch 0065 [Train seq (cond on sampled tp)] | Loss 3675127.907587 | MAPE 0.570649 | RMSE 246.655117 | Likelihood -3675124.355547 | KL fp 3.5520 | FP STD 0.2092|
Epoch 0065 [Val seq (cond on sampled tp)] |  MAPE 0.135256 | RMSE 234.847482 |
Epoch 0065 [Test seq (cond on sampled tp)] | MAPE 0.164378 | RMSE 772.025737|
0.18198439478874207,0.1578507274389267,0.15330001711845398
706.8046273546885,806.9002416655977,802.3723418712786
Experiment 07-01_00:46
Epoch 0066 [Train seq (cond on sampled tp)] | Loss 3678193.460152 | MAPE 0.572912 | RMSE 246.836525 | Likelihood -3678189.994197 | KL fp 3.4660 | FP STD 0.2192|
Epoch 0066 [Val seq (cond on sampled tp)] |  MAPE 0.133876 | RMSE 234.741904 |
Epoch 0066 [Test seq (cond on sampled tp)] | MAPE 0.164219 | RMSE 772.157145|
0.18008145689964294,0.15995806455612183,0.15261724591255188
707.2028306999343,805.2323810553075,804.036224308333
Experiment 07-01_00:46
Epoch 0067 [Train seq (cond on sampled tp)] | Loss 3676799.980930 | MAPE 0.573561 | RMSE 246.779747 | Likelihood -3676796.364542 | KL fp 3.6164 | FP STD 0.2184|
Epoch 0067 [Val seq (cond on sampled tp)] |  MAPE 0.135164 | RMSE 234.060539 |
Epoch 0067 [Test seq (cond on sampled tp)] | MAPE 0.166064 | RMSE 772.791822|
0.183053120970726,0.16215339303016663,0.1529853343963623
709.4820073476142,806.0834711740466,802.8099868586588
Experiment 07-01_00:46
Epoch 0068 [Train seq (cond on sampled tp)] | Loss 3676897.873001 | MAPE 0.573690 | RMSE 246.761185 | Likelihood -3676894.457912 | KL fp 3.4151 | FP STD 0.2343|
Epoch 0068 [Val seq (cond on sampled tp)] |  MAPE 0.134996 | RMSE 234.821708 |
Epoch 0068 [Test seq (cond on sampled tp)] | MAPE 0.164621 | RMSE 772.194885|
0.1791711002588272,0.16233500838279724,0.15235629677772522
707.3414354114991,807.1469429416182,802.0962769518383
Experiment 07-01_00:46
Epoch 0069 [Train seq (cond on sampled tp)] | Loss 3679139.386075 | MAPE 0.573586 | RMSE 246.871472 | Likelihood -3679136.189554 | KL fp 3.1965 | FP STD 0.2667|
Epoch 0069 [Val seq (cond on sampled tp)] |  MAPE 0.134327 | RMSE 234.709919 |
Epoch 0069 [Test seq (cond on sampled tp)] | MAPE 0.164863 | RMSE 771.276373|
0.18048885464668274,0.1605251133441925,0.15357594192028046
707.7079199782916,804.5558557365672,801.5653435622077
Experiment 07-01_00:46
Epoch 0070 [Train seq (cond on sampled tp)] | Loss 3676363.170314 | MAPE 0.573274 | RMSE 246.716996 | Likelihood -3676360.069166 | KL fp 3.1011 | FP STD 0.2815|
Epoch 0070 [Val seq (cond on sampled tp)] |  MAPE 0.135017 | RMSE 235.421688 |
Epoch 0070 [Test seq (cond on sampled tp)] | MAPE 0.164390 | RMSE 771.484186|
0.18058854341506958,0.158515065908432,0.15406669676303864
706.9658982228209,804.7132253169448,802.7734347248917
Experiment 07-01_00:46
Epoch 0071 [Train seq (cond on sampled tp)] | Loss 3676149.722869 | MAPE 0.574628 | RMSE 246.701994 | Likelihood -3676146.591367 | KL fp 3.1315 | FP STD 0.2871|
Epoch 0071 [Val seq (cond on sampled tp)] |  MAPE 0.134877 | RMSE 235.310790 |
Epoch 0071 [Test seq (cond on sampled tp)] | MAPE 0.165794 | RMSE 770.685531|
0.18101361393928528,0.1653546541929245,0.1510133594274521
706.3919768796925,802.7770939058986,802.8875232559042
Experiment 07-01_00:46
Epoch 0072 [Train seq (cond on sampled tp)] | Loss 3676609.525938 | MAPE 0.573571 | RMSE 246.714376 | Likelihood -3676606.126976 | KL fp 3.3990 | FP STD 0.2871|
Epoch 0072 [Val seq (cond on sampled tp)] |  MAPE 0.136918 | RMSE 234.824178 |
Epoch 0072 [Test seq (cond on sampled tp)] | MAPE 0.165564 | RMSE 770.789173|
0.18044744431972504,0.16469566524028778,0.15154775977134705
708.5659814018734,802.7112650262235,801.0902726909121
Experiment 07-01_00:46
Epoch 0073 [Train seq (cond on sampled tp)] | Loss 3677005.786884 | MAPE 0.574752 | RMSE 246.740058 | Likelihood -3677002.578099 | KL fp 3.2088 | FP STD 0.2973|
Epoch 0073 [Val seq (cond on sampled tp)] |  MAPE 0.134258 | RMSE 234.378108 |
Epoch 0073 [Test seq (cond on sampled tp)] | MAPE 0.163978 | RMSE 771.989367|
0.17696143686771393,0.16267463564872742,0.1522969752550125
707.0014365261219,804.2940615844432,804.6726042310625
Experiment 07-01_00:46
Epoch 0074 [Train seq (cond on sampled tp)] | Loss 3678086.531200 | MAPE 0.574632 | RMSE 246.808476 | Likelihood -3678083.336242 | KL fp 3.1950 | FP STD 0.2940|
Epoch 0074 [Val seq (cond on sampled tp)] |  MAPE 0.135555 | RMSE 234.773187 |
Epoch 0074 [Test seq (cond on sampled tp)] | MAPE 0.165161 | RMSE 771.478063|
0.17656144499778748,0.16228321194648743,0.15663860738277435
706.2218357216095,804.0276736530901,804.1846802818368
Experiment 07-01_00:46
Epoch 0075 [Train seq (cond on sampled tp)] | Loss 3678803.177922 | MAPE 0.573501 | RMSE 246.869985 | Likelihood -3678799.909438 | KL fp 3.2685 | FP STD 0.2839|
Epoch 0075 [Val seq (cond on sampled tp)] |  MAPE 0.133620 | RMSE 234.547586 |
Epoch 0075 [Test seq (cond on sampled tp)] | MAPE 0.166177 | RMSE 773.214043|
0.18643756210803986,0.16164371371269226,0.1504485309123993
710.7291150642416,806.4900030378554,802.4230103256012
Experiment 07-01_00:46
Epoch 0076 [Train seq (cond on sampled tp)] | Loss 3677846.439238 | MAPE 0.572060 | RMSE 246.783881 | Likelihood -3677842.906674 | KL fp 3.5326 | FP STD 0.2685|
Epoch 0076 [Val seq (cond on sampled tp)] |  MAPE 0.135455 | RMSE 234.888147 |
Epoch 0076 [Test seq (cond on sampled tp)] | MAPE 0.163873 | RMSE 772.830746|
0.17698267102241516,0.16435718536376953,0.15028010308742523
708.3840766138098,806.2224026284558,803.8857583637118
Experiment 07-01_00:46
Epoch 0077 [Train seq (cond on sampled tp)] | Loss 3678959.974851 | MAPE 0.571625 | RMSE 246.852794 | Likelihood -3678956.384410 | KL fp 3.5904 | FP STD 0.2628|
Epoch 0077 [Val seq (cond on sampled tp)] |  MAPE 0.136074 | RMSE 235.279297 |
Epoch 0077 [Test seq (cond on sampled tp)] | MAPE 0.167104 | RMSE 772.242291|
0.1835610568523407,0.1635683923959732,0.1541833132505417
707.3915773812973,805.6073019778308,803.7279934778929
Experiment 07-01_00:46
Epoch 0078 [Train seq (cond on sampled tp)] | Loss 3677569.625649 | MAPE 0.573336 | RMSE 246.778317 | Likelihood -3677565.985746 | KL fp 3.6399 | FP STD 0.2579|
Epoch 0078 [Val seq (cond on sampled tp)] |  MAPE 0.135699 | RMSE 235.115190 |
Epoch 0078 [Test seq (cond on sampled tp)] | MAPE 0.164768 | RMSE 770.019065|
0.1817571222782135,0.16278648376464844,0.14975939691066742
705.615577882178,803.3772463793084,801.0643700727177
Experiment 07-01_00:46
Epoch 0079 [Train seq (cond on sampled tp)] | Loss 3677741.105160 | MAPE 0.575759 | RMSE 246.748755 | Likelihood -3677737.388275 | KL fp 3.7169 | FP STD 0.2548|
Epoch 0079 [Val seq (cond on sampled tp)] |  MAPE 0.134679 | RMSE 234.958740 |
Epoch 0079 [Test seq (cond on sampled tp)] | MAPE 0.165055 | RMSE 770.392012|
0.18050943315029144,0.15994270145893097,0.15471377968788147
706.287012304488,803.9421232277856,800.9469005495932
Experiment 07-01_00:46
Epoch 0080 [Train seq (cond on sampled tp)] | Loss 3678353.346530 | MAPE 0.576852 | RMSE 246.782341 | Likelihood -3678349.586112 | KL fp 3.7604 | FP STD 0.2589|
Epoch 0080 [Val seq (cond on sampled tp)] |  MAPE 0.136227 | RMSE 234.724290 |
Epoch 0080 [Test seq (cond on sampled tp)] | MAPE 0.164587 | RMSE 770.231768|
0.17872287333011627,0.1630152314901352,0.15202376246452332
704.7156784831739,803.1210992123168,802.8585258312949
Experiment 07-01_00:46
Epoch 0081 [Train seq (cond on sampled tp)] | Loss 3676881.423262 | MAPE 0.576298 | RMSE 246.695832 | Likelihood -3676877.410794 | KL fp 4.0125 | FP STD 0.2606|
Epoch 0081 [Val seq (cond on sampled tp)] |  MAPE 0.134977 | RMSE 234.755891 |
Epoch 0081 [Test seq (cond on sampled tp)] | MAPE 0.167199 | RMSE 770.437325|
0.18230022490024567,0.16294410824775696,0.1563536375761032
706.1194127058114,805.2224847829325,799.970077565405
Experiment 07-01_00:46
Epoch 0082 [Train seq (cond on sampled tp)] | Loss 3679681.682723 | MAPE 0.575954 | RMSE 246.881280 | Likelihood -3679677.936151 | KL fp 3.7466 | FP STD 0.2780|
Epoch 0082 [Val seq (cond on sampled tp)] |  MAPE 0.134215 | RMSE 235.349922 |
Epoch 0082 [Test seq (cond on sampled tp)] | MAPE 0.164021 | RMSE 771.678421|
0.1769462525844574,0.16311590373516083,0.15200228989124298
707.6922883570231,804.9399045891563,802.403070470197
Experiment 07-01_00:46
Epoch 0083 [Train seq (cond on sampled tp)] | Loss 3677569.117102 | MAPE 0.574147 | RMSE 246.759929 | Likelihood -3677565.544036 | KL fp 3.5731 | FP STD 0.2960|
Epoch 0083 [Val seq (cond on sampled tp)] |  MAPE 0.135110 | RMSE 235.296978 |
Epoch 0083 [Test seq (cond on sampled tp)] | MAPE 0.165440 | RMSE 771.587717|
0.17962557077407837,0.1630077362060547,0.1536862850189209
706.6913444000853,803.6203627957669,804.4514435315534
Experiment 07-01_00:46
Epoch 0084 [Train seq (cond on sampled tp)] | Loss 3681844.496000 | MAPE 0.572701 | RMSE 247.016973 | Likelihood -3681840.928266 | KL fp 3.5677 | FP STD 0.3116|
Epoch 0084 [Val seq (cond on sampled tp)] |  MAPE 0.132481 | RMSE 234.835947 |
Epoch 0084 [Test seq (cond on sampled tp)] | MAPE 0.166779 | RMSE 771.549735|
0.18347351253032684,0.16325685381889343,0.153605654835701
707.5190368463593,806.0524564195558,801.0777115860858
Experiment 07-01_00:46
Epoch 0085 [Train seq (cond on sampled tp)] | Loss 3681980.385174 | MAPE 0.572357 | RMSE 247.017856 | Likelihood -3681976.839822 | KL fp 3.5454 | FP STD 0.3217|
Epoch 0085 [Val seq (cond on sampled tp)] |  MAPE 0.135271 | RMSE 234.603322 |
Epoch 0085 [Test seq (cond on sampled tp)] | MAPE 0.167130 | RMSE 770.926905|
0.18449212610721588,0.1624198704957962,0.15447735786437988
708.3778343864241,803.052535641349,801.3503447306927
Experiment 07-01_00:46
Epoch 0086 [Train seq (cond on sampled tp)] | Loss 3678512.858180 | MAPE 0.573562 | RMSE 246.818323 | Likelihood -3678509.191979 | KL fp 3.6662 | FP STD 0.2971|
Epoch 0086 [Val seq (cond on sampled tp)] |  MAPE 0.133598 | RMSE 234.623468 |
Epoch 0086 [Test seq (cond on sampled tp)] | MAPE 0.165722 | RMSE 772.406940|
0.1805316060781479,0.1626444160938263,0.15398870408535004
709.3773017583802,804.9938664362605,802.849651242373
Experiment 07-01_00:46
Epoch 0087 [Train seq (cond on sampled tp)] | Loss 3677315.766645 | MAPE 0.571374 | RMSE 246.764688 | Likelihood -3677311.884162 | KL fp 3.8825 | FP STD 0.2855|
Epoch 0087 [Val seq (cond on sampled tp)] |  MAPE 0.134472 | RMSE 235.242860 |
Epoch 0087 [Test seq (cond on sampled tp)] | MAPE 0.165827 | RMSE 772.029305|
0.17906424403190613,0.1593751460313797,0.15904222428798676
708.542716602182,804.4460050245759,803.0991921923468
Experiment 07-01_00:46
Epoch 0088 [Train seq (cond on sampled tp)] | Loss 3679824.279385 | MAPE 0.571765 | RMSE 246.888378 | Likelihood -3679820.374648 | KL fp 3.9047 | FP STD 0.2877|
Epoch 0088 [Val seq (cond on sampled tp)] |  MAPE 0.132669 | RMSE 235.079608 |
Epoch 0088 [Test seq (cond on sampled tp)] | MAPE 0.164178 | RMSE 771.754860|
0.17965629696846008,0.16210174560546875,0.15077465772628784
707.4882287006618,805.3205107284925,802.4558399064712
Experiment 07-01_00:46
Epoch 0089 [Train seq (cond on sampled tp)] | Loss 3678648.750768 | MAPE 0.570615 | RMSE 246.827378 | Likelihood -3678644.804374 | KL fp 3.9464 | FP STD 0.2805|
Epoch 0089 [Val seq (cond on sampled tp)] |  MAPE 0.134257 | RMSE 235.274657 |
Epoch 0089 [Test seq (cond on sampled tp)] | MAPE 0.166838 | RMSE 772.092010|
0.179515078663826,0.1665545254945755,0.1544448882341385
708.1724498665561,806.0201998089129,802.0833809523796
Experiment 07-01_00:46
Epoch 0090 [Train seq (cond on sampled tp)] | Loss 3679521.337525 | MAPE 0.571286 | RMSE 246.876636 | Likelihood -3679517.229990 | KL fp 4.1075 | FP STD 0.2667|
Epoch 0090 [Val seq (cond on sampled tp)] |  MAPE 0.135155 | RMSE 234.978606 |
Epoch 0090 [Test seq (cond on sampled tp)] | MAPE 0.167107 | RMSE 771.963164|
0.18373186886310577,0.16366145014762878,0.1539263278245926
708.2968789638988,804.2268803018213,803.365732403368
Experiment 07-01_00:46
Epoch 0091 [Train seq (cond on sampled tp)] | Loss 3678938.678882 | MAPE 0.570551 | RMSE 246.856883 | Likelihood -3678934.396336 | KL fp 4.2825 | FP STD 0.2439|
Epoch 0091 [Val seq (cond on sampled tp)] |  MAPE 0.135913 | RMSE 235.036674 |
Epoch 0091 [Test seq (cond on sampled tp)] | MAPE 0.165007 | RMSE 772.026305|
0.18125686049461365,0.16156406700611115,0.15219859778881073
709.3499224642236,804.6586232682777,802.0703678605762
Experiment 07-01_00:46
Epoch 0092 [Train seq (cond on sampled tp)] | Loss 3679380.675553 | MAPE 0.571294 | RMSE 246.864232 | Likelihood -3679376.252113 | KL fp 4.4234 | FP STD 0.2345|
Epoch 0092 [Val seq (cond on sampled tp)] |  MAPE 0.133798 | RMSE 234.997349 |
Epoch 0092 [Test seq (cond on sampled tp)] | MAPE 0.164536 | RMSE 772.170179|
0.17904062569141388,0.16127648949623108,0.15328986942768097
707.2592125592993,806.2305036402431,803.0208200912352
Experiment 07-01_00:46
Epoch 0093 [Train seq (cond on sampled tp)] | Loss 3680115.461639 | MAPE 0.570538 | RMSE 246.906157 | Likelihood -3680110.953184 | KL fp 4.5085 | FP STD 0.2109|
Epoch 0093 [Val seq (cond on sampled tp)] |  MAPE 0.134235 | RMSE 234.625133 |
Epoch 0093 [Test seq (cond on sampled tp)] | MAPE 0.165197 | RMSE 771.840560|
0.18095241487026215,0.162833109498024,0.1518041342496872
707.8788296735537,804.7183125168707,802.9245372387121
Experiment 07-01_00:46
Epoch 0094 [Train seq (cond on sampled tp)] | Loss 3677371.865282 | MAPE 0.570687 | RMSE 246.738063 | Likelihood -3677367.452229 | KL fp 4.4131 | FP STD 0.2080|
Epoch 0094 [Val seq (cond on sampled tp)] |  MAPE 0.134564 | RMSE 235.082599 |
Epoch 0094 [Test seq (cond on sampled tp)] | MAPE 0.163707 | RMSE 771.877087|
0.17790858447551727,0.15922078490257263,0.15399059653282166
707.7316316938222,805.5820488938417,802.3175805128541
Experiment 07-01_00:46
Epoch 0095 [Train seq (cond on sampled tp)] | Loss 3676721.572505 | MAPE 0.571272 | RMSE 246.697110 | Likelihood -3676717.108977 | KL fp 4.4635 | FP STD 0.2092|
Epoch 0095 [Val seq (cond on sampled tp)] |  MAPE 0.134470 | RMSE 234.731787 |
Epoch 0095 [Test seq (cond on sampled tp)] | MAPE 0.166106 | RMSE 771.950824|
0.18154022097587585,0.1627691239118576,0.15400861203670502
707.8973928119809,804.8731654739149,803.0819151867386
Experiment 07-01_00:46
Epoch 0096 [Train seq (cond on sampled tp)] | Loss 3679743.740618 | MAPE 0.572314 | RMSE 246.878917 | Likelihood -3679739.241717 | KL fp 4.4989 | FP STD 0.2191|
Epoch 0096 [Val seq (cond on sampled tp)] |  MAPE 0.133727 | RMSE 234.880521 |
Epoch 0096 [Test seq (cond on sampled tp)] | MAPE 0.165342 | RMSE 772.407071|
0.18072012066841125,0.1625584214925766,0.15274803340435028
708.5454290304892,805.5074875505503,803.1682964983117
Experiment 07-01_00:46
Epoch 0097 [Train seq (cond on sampled tp)] | Loss 3676942.635034 | MAPE 0.572910 | RMSE 246.718427 | Likelihood -3676938.090802 | KL fp 4.5442 | FP STD 0.2150|
Epoch 0097 [Val seq (cond on sampled tp)] |  MAPE 0.134359 | RMSE 235.155500 |
Epoch 0097 [Test seq (cond on sampled tp)] | MAPE 0.164388 | RMSE 771.387122|
0.17813007533550262,0.16224884986877441,0.15278445184230804
706.4388906692496,803.6410501585891,804.0814246704124
Experiment 07-01_00:46
Epoch 0098 [Train seq (cond on sampled tp)] | Loss 3678928.680576 | MAPE 0.573555 | RMSE 246.814297 | Likelihood -3678924.109443 | KL fp 4.5711 | FP STD 0.2121|
Epoch 0098 [Val seq (cond on sampled tp)] |  MAPE 0.135382 | RMSE 235.017710 |
Epoch 0098 [Test seq (cond on sampled tp)] | MAPE 0.166300 | RMSE 771.080587|
0.18243545293807983,0.1635819524526596,0.15288390219211578
706.610881249362,804.386606365372,802.2442738966729
Experiment 07-01_00:46
Epoch 0099 [Train seq (cond on sampled tp)] | Loss 3679519.079120 | MAPE 0.574268 | RMSE 246.855684 | Likelihood -3679514.419864 | KL fp 4.6593 | FP STD 0.2160|
Epoch 0099 [Val seq (cond on sampled tp)] |  MAPE 0.135664 | RMSE 234.856065 |
Epoch 0099 [Test seq (cond on sampled tp)] | MAPE 0.165424 | RMSE 770.440509|
0.18086600303649902,0.1618170440196991,0.1535879224538803
706.0554599321501,804.0888865666532,801.1771807783844
Experiment 07-01_00:46
Epoch 0100 [Train seq (cond on sampled tp)] | Loss 3678171.256234 | MAPE 0.574923 | RMSE 246.754362 | Likelihood -3678166.580529 | KL fp 4.6757 | FP STD 0.2213|
Epoch 0100 [Val seq (cond on sampled tp)] |  MAPE 0.134960 | RMSE 234.870152 |
Epoch 0100 [Test seq (cond on sampled tp)] | MAPE 0.165840 | RMSE 770.480336|
0.18226836621761322,0.1633668690919876,0.15188448131084442
706.1152747604317,804.370911023018,800.9548208232471
