/nvme/yuanjingyang/CG-ODE/run_models_covid.py
run_models_covid.py --heavyBall --gamma_guess 0.0 --corr 5 --solver dopri5
Namespace(save='experiments/', load=None, dataset='Dec', datapath='data/', pred_length=14, condition_length=21, features='Confirmed,Deaths,Recovered,Mortality_Rate,Testing_Rate,Population,Mobility', split_interval=3, feature_out='Deaths', niters=100, lr=0.005, batch_size=8, random_seed=1991, dropout=0.2, l2=1e-05, optimizer='AdamW', clip=10, edge_lamda=0.5, z0_encoder='GTrans', rec_dims=64, ode_dims=20, rec_layers=1, gen_layers=1, CVPR=False, graf_layer=1, heavyBall=True, actv_h=None, gamma_guess=0.0, gamma_act='sigmoid', corr=5, corrf=True, sign=1, augment_dim=0, solver='dopri5', tol=0.01, alias='run', output_dim=1, feature_out_index=[1], num_atoms=50)
run
Experiment 07-10_22:29
Epoch 0001 [Train seq (cond on sampled tp)] | Loss 4401916.014630 | MAPE 0.063362 | RMSE 286.592504 | Likelihood -4401914.493988 | KL fp 1.5206 | FP STD 0.4185 | ->nfe   26.00 | <-nfe  272.00
Epoch 0001 [Val seq (cond on sampled tp)] |  MAPE 0.058005 | RMSE 306.272142 |
Best Val!
Epoch 0001 [Test seq (cond on sampled tp)] | MAPE 0.123595 | RMSE 907.429417|
0.13736990094184875,0.12739460170269012,0.10602141916751862
852.7912992051455,938.1542050750505,931.3427470593198
0.13736990094184875,0.12739460170269012,0.10602141916751862
852.7912992051455,938.1542050750505,931.3427470593198
Epoch 0001 [Test seq (cond on sampled tp)] | Best Test MAPE 0.123595|Best Test RMSE 907.429417|
Experiment 07-10_22:29
Epoch 0002 [Train seq (cond on sampled tp)] | Loss 4222220.153481 | MAPE 0.093278 | RMSE 276.944881 | Likelihood -4222216.991864 | KL fp 3.1616 | FP STD 0.5977 | ->nfe   32.00 | <-nfe  433.25
Epoch 0002 [Val seq (cond on sampled tp)] |  MAPE 0.066975 | RMSE 282.595227 |
Epoch 0002 [Test seq (cond on sampled tp)] | MAPE 0.110601 | RMSE 870.597924|
0.11927669495344162,0.11220940947532654,0.10031674802303314
813.252036579067,902.6665705009796,895.8751656899526
0.11927669495344162,0.11220940947532654,0.10031674802303314
813.252036579067,902.6665705009796,895.8751656899526
Epoch 0002 [Test seq (cond on sampled tp)] | Best Test MAPE 0.110601|Best Test RMSE 870.597924|
Experiment 07-10_22:29
Epoch 0003 [Train seq (cond on sampled tp)] | Loss 3886720.174703 | MAPE 0.237705 | RMSE 258.188655 | Likelihood -3886714.069176 | KL fp 6.1055 | FP STD 0.6669 | ->nfe   32.00 | <-nfe  456.50
Epoch 0003 [Val seq (cond on sampled tp)] |  MAPE 0.103081 | RMSE 241.627522 |
Epoch 0003 [Test seq (cond on sampled tp)] | MAPE 0.132112 | RMSE 795.932590|
0.1393537074327469,0.13354989886283875,0.12343347072601318
734.6267334503966,827.8984312704065,825.2726064761873
Experiment 07-10_22:29
Epoch 0004 [Train seq (cond on sampled tp)] | Loss 3602085.292849 | MAPE 0.499160 | RMSE 241.820538 | Likelihood -3602076.784892 | KL fp 8.5080 | FP STD 0.5984 | ->nfe   32.00 | <-nfe  909.50
Epoch 0004 [Val seq (cond on sampled tp)] |  MAPE 0.141262 | RMSE 210.801354 |
Epoch 0004 [Test seq (cond on sampled tp)] | MAPE 0.152998 | RMSE 722.953087|
0.16419357061386108,0.1537071317434311,0.14109325408935547
657.1085098748912,756.865163024432,754.8855873574485
Experiment 07-10_22:29
Epoch 0005 [Train seq (cond on sampled tp)] | Loss 3277607.684282 | MAPE 0.444320 | RMSE 220.261463 | Likelihood -3277601.414229 | KL fp 6.2701 | FP STD 0.5024 | ->nfe   32.00 | <-nfe  198.50
Epoch 0005 [Val seq (cond on sampled tp)] |  MAPE 0.066785 | RMSE 178.856344 |
Epoch 0005 [Test seq (cond on sampled tp)] | MAPE 0.087932 | RMSE 668.567195|
0.09704307466745377,0.09084122627973557,0.07591274380683899
606.2569587229494,700.0245084995239,699.4201169540379
0.09704307466745377,0.09084122627973557,0.07591274380683899
606.2569587229494,700.0245084995239,699.4201169540379
Epoch 0005 [Test seq (cond on sampled tp)] | Best Test MAPE 0.087932|Best Test RMSE 668.567195|
Experiment 07-10_22:29
Epoch 0006 [Train seq (cond on sampled tp)] | Loss 2906235.259084 | MAPE 0.121827 | RMSE 192.604002 | Likelihood -2906231.008857 | KL fp 4.2502 | FP STD 0.5072 | ->nfe   32.00 | <-nfe  741.50
Epoch 0006 [Val seq (cond on sampled tp)] |  MAPE 0.033312 | RMSE 152.613790 |
Best Val!
Epoch 0006 [Test seq (cond on sampled tp)] | MAPE 0.069786 | RMSE 599.747991|
0.07418610900640488,0.0728244036436081,0.06234794855117798
529.3109612977989,633.9558590706454,635.9771517122293
0.07418610900640488,0.0728244036436081,0.06234794855117798
529.3109612977989,633.9558590706454,635.9771517122293
Epoch 0006 [Test seq (cond on sampled tp)] | Best Test MAPE 0.069786|Best Test RMSE 599.747991|
Experiment 07-10_22:29
Epoch 0007 [Train seq (cond on sampled tp)] | Loss 2644534.914371 | MAPE 0.043261 | RMSE 171.391736 | Likelihood -2644530.631812 | KL fp 4.2826 | FP STD 0.4717 | ->nfe   32.75 | <-nfe 1009.25
Epoch 0007 [Val seq (cond on sampled tp)] |  MAPE 0.033374 | RMSE 130.670903 |
Epoch 0007 [Test seq (cond on sampled tp)] | MAPE 0.052851 | RMSE 526.660613|
0.053244560956954956,0.060740984976291656,0.04456765949726105
458.465102270609,558.9454915284674,562.5712454880714
0.053244560956954956,0.060740984976291656,0.04456765949726105
458.465102270609,558.9454915284674,562.5712454880714
Epoch 0007 [Test seq (cond on sampled tp)] | Best Test MAPE 0.052851|Best Test RMSE 526.660613|
Experiment 07-10_22:29
Epoch 0008 [Train seq (cond on sampled tp)] | Loss 2369437.575157 | MAPE 0.069513 | RMSE 145.105729 | Likelihood -2369433.836919 | KL fp 3.7382 | FP STD 0.4143 | ->nfe   35.00 | <-nfe  821.00
Epoch 0008 [Val seq (cond on sampled tp)] |  MAPE 0.032518 | RMSE 112.651305 |
Best Val!
Epoch 0008 [Test seq (cond on sampled tp)] | MAPE 0.051178 | RMSE 459.105910|
0.05454804003238678,0.051849573850631714,0.04713540896773338
405.0948962897459,483.399517738692,488.82331611227386
0.05454804003238678,0.051849573850631714,0.04713540896773338
405.0948962897459,483.399517738692,488.82331611227386
Epoch 0008 [Test seq (cond on sampled tp)] | Best Test MAPE 0.051178|Best Test RMSE 459.105910|
Experiment 07-10_22:29
Epoch 0009 [Train seq (cond on sampled tp)] | Loss 2286071.465542 | MAPE 0.051404 | RMSE 135.119685 | Likelihood -2286068.073891 | KL fp 3.3917 | FP STD 0.3104 | ->nfe   33.50 | <-nfe  323.00
Epoch 0009 [Val seq (cond on sampled tp)] |  MAPE 0.029859 | RMSE 95.733777 |
Best Val!
Epoch 0009 [Test seq (cond on sampled tp)] | MAPE 0.048023 | RMSE 407.174157|
0.05052458494901657,0.05041484534740448,0.043129872530698776
330.1746460208597,438.64234790430345,452.7054782085147
0.05052458494901657,0.05041484534740448,0.043129872530698776
330.1746460208597,438.64234790430345,452.7054782085147
Epoch 0009 [Test seq (cond on sampled tp)] | Best Test MAPE 0.048023|Best Test RMSE 407.174157|
Experiment 07-10_22:29
Epoch 0010 [Train seq (cond on sampled tp)] | Loss 2141725.607521 | MAPE 0.037988 | RMSE 120.260914 | Likelihood -2141721.916964 | KL fp 3.6906 | FP STD 0.2942 | ->nfe   36.50 | <-nfe  126.50
Epoch 0010 [Val seq (cond on sampled tp)] |  MAPE 0.027961 | RMSE 91.406747 |
Best Val!
Epoch 0010 [Test seq (cond on sampled tp)] | MAPE 0.051378 | RMSE 378.034102|
0.05611642822623253,0.053256794810295105,0.04475977271795273
318.553848960423,406.2384613745971,409.3099948388751
Experiment 07-10_22:29
Epoch 0011 [Train seq (cond on sampled tp)] | Loss 2106070.201463 | MAPE 0.080056 | RMSE 115.172694 | Likelihood -2106066.699424 | KL fp 3.5020 | FP STD 0.2438 | ->nfe   35.75 | <-nfe  121.25
Epoch 0011 [Val seq (cond on sampled tp)] |  MAPE 0.032548 | RMSE 84.459157 |
Epoch 0011 [Test seq (cond on sampled tp)] | MAPE 0.053083 | RMSE 344.078736|
0.05914182588458061,0.052200183272361755,0.04790845885872841
282.24725972983333,366.0299466915241,383.9590025315203
Experiment 07-10_22:29
Epoch 0012 [Train seq (cond on sampled tp)] | Loss 2054089.097319 | MAPE 0.037410 | RMSE 107.440031 | Likelihood -2054085.812770 | KL fp 3.2845 | FP STD 0.2396 | ->nfe   35.75 | <-nfe  157.25
Epoch 0012 [Val seq (cond on sampled tp)] |  MAPE 0.030485 | RMSE 93.168483 |
Epoch 0012 [Test seq (cond on sampled tp)] | MAPE 0.055854 | RMSE 318.857839|
0.05386515334248543,0.06047534942626953,0.053222741931676865
247.01691332528225,341.0692172235718,368.48738529968705
Experiment 07-10_22:29
Epoch 0013 [Train seq (cond on sampled tp)] | Loss 2010666.119722 | MAPE 0.061581 | RMSE 102.131648 | Likelihood -2010662.881968 | KL fp 3.2378 | FP STD 0.2487 | ->nfe   36.50 | <-nfe  448.25
Epoch 0013 [Val seq (cond on sampled tp)] |  MAPE 0.029607 | RMSE 81.090228 |
Epoch 0013 [Test seq (cond on sampled tp)] | MAPE 0.050548 | RMSE 313.898584|
0.054067887365818024,0.05232727900147438,0.04525024816393852
271.2877997855783,317.1956833919718,353.21226797777
Experiment 07-10_22:29
Epoch 0014 [Train seq (cond on sampled tp)] | Loss 1982892.195291 | MAPE 0.077067 | RMSE 97.564762 | Likelihood -1982888.763498 | KL fp 3.4318 | FP STD 0.1929 | ->nfe   36.50 | <-nfe  210.50
Epoch 0014 [Val seq (cond on sampled tp)] |  MAPE 0.031625 | RMSE 80.513361 |
Epoch 0014 [Test seq (cond on sampled tp)] | MAPE 0.050930 | RMSE 304.011557|
0.05469539016485214,0.051716506481170654,0.04637806862592697
234.65416707358938,335.4152743242323,341.9652303232011
Experiment 07-10_22:29
Epoch 0015 [Train seq (cond on sampled tp)] | Loss 1990121.275552 | MAPE 0.060039 | RMSE 99.412233 | Likelihood -1990117.847587 | KL fp 3.4280 | FP STD 0.1865 | ->nfe   38.00 | <-nfe  126.50
Epoch 0015 [Val seq (cond on sampled tp)] |  MAPE 0.039609 | RMSE 82.151112 |
Epoch 0015 [Test seq (cond on sampled tp)] | MAPE 0.058065 | RMSE 299.991457|
0.054272521287202835,0.05955593287944794,0.06036520004272461
233.25959586370718,321.348744551772,345.36603091864725
Experiment 07-10_22:29
Epoch 0016 [Train seq (cond on sampled tp)] | Loss 1960630.812774 | MAPE 0.081733 | RMSE 93.946449 | Likelihood -1960627.693876 | KL fp 3.1189 | FP STD 0.2146 | ->nfe   37.25 | <-nfe  125.75
Epoch 0016 [Val seq (cond on sampled tp)] |  MAPE 0.036673 | RMSE 94.978395 |
Epoch 0016 [Test seq (cond on sampled tp)] | MAPE 0.059995 | RMSE 280.141664|
0.057365160435438156,0.06134668365120888,0.06127277389168739
225.2885129395194,295.0632215093911,320.0732582159903
Experiment 07-10_22:29
Epoch 0017 [Train seq (cond on sampled tp)] | Loss 1956644.065674 | MAPE 0.060186 | RMSE 95.235587 | Likelihood -1956640.320011 | KL fp 3.7457 | FP STD 0.1610 | ->nfe   40.25 | <-nfe  128.75
Epoch 0017 [Val seq (cond on sampled tp)] |  MAPE 0.035057 | RMSE 95.906260 |
Epoch 0017 [Test seq (cond on sampled tp)] | MAPE 0.059307 | RMSE 311.044003|
0.06322638690471649,0.059802424162626266,0.05489114671945572
267.11330110086243,327.3926470043272,338.626061275561
Experiment 07-10_22:29
Epoch 0018 [Train seq (cond on sampled tp)] | Loss 2003967.271753 | MAPE 0.071935 | RMSE 101.275735 | Likelihood -2003963.950222 | KL fp 3.3215 | FP STD 0.1769 | ->nfe   38.75 | <-nfe  134.00
Epoch 0018 [Val seq (cond on sampled tp)] |  MAPE 0.038239 | RMSE 98.695109 |
Epoch 0018 [Test seq (cond on sampled tp)] | MAPE 0.055477 | RMSE 272.138103|
0.05115177854895592,0.058456070721149445,0.056823235005140305
231.906534243863,292.12561510418766,292.3821610922937
Experiment 07-10_22:29
Epoch 0019 [Train seq (cond on sampled tp)] | Loss 1974808.300175 | MAPE 0.044828 | RMSE 95.368958 | Likelihood -1974805.359755 | KL fp 2.9404 | FP STD 0.2441 | ->nfe   38.00 | <-nfe  201.50
Epoch 0019 [Val seq (cond on sampled tp)] |  MAPE 0.046852 | RMSE 92.005244 |
Epoch 0019 [Test seq (cond on sampled tp)] | MAPE 0.063646 | RMSE 246.036782|
0.05932455509901047,0.06313456594944,0.06847742199897766
205.6441670398166,242.2266500614662,290.2395293115671
Experiment 07-10_22:29
Epoch 0020 [Train seq (cond on sampled tp)] | Loss 1995841.486816 | MAPE 0.109763 | RMSE 102.960977 | Likelihood -1995838.052455 | KL fp 3.4344 | FP STD 0.2241 | ->nfe   39.50 | <-nfe 1298.75
Epoch 0020 [Val seq (cond on sampled tp)] |  MAPE 0.030627 | RMSE 88.981441 |
Epoch 0020 [Test seq (cond on sampled tp)] | MAPE 0.063110 | RMSE 303.920652|
0.0685507208108902,0.06108703091740608,0.05969191715121269
280.33137478259545,292.6396701790446,338.7909108137348
Experiment 07-10_22:29
Epoch 0021 [Train seq (cond on sampled tp)] | Loss 2010994.160645 | MAPE 0.036170 | RMSE 102.058947 | Likelihood -2010991.192001 | KL fp 2.9686 | FP STD 0.2064 | ->nfe   38.75 | <-nfe  810.50
Epoch 0021 [Val seq (cond on sampled tp)] |  MAPE 0.033637 | RMSE 89.824702 |
Epoch 0021 [Test seq (cond on sampled tp)] | MAPE 0.058015 | RMSE 255.035953|
0.05455830320715904,0.0549745112657547,0.0645129606127739
210.23672483357896,270.0342570860223,284.8368776598283
Experiment 07-10_22:29
Epoch 0022 [Train seq (cond on sampled tp)] | Loss 1952622.260725 | MAPE 0.049767 | RMSE 94.203119 | Likelihood -1952619.091591 | KL fp 3.1691 | FP STD 0.1999 | ->nfe   40.25 | <-nfe  147.50
Epoch 0022 [Val seq (cond on sampled tp)] |  MAPE 0.031364 | RMSE 75.666521 |
Epoch 0022 [Test seq (cond on sampled tp)] | MAPE 0.056128 | RMSE 271.753111|
0.06397513300180435,0.05460166931152344,0.049805887043476105
238.31754026928022,291.1252951909195,285.8164976212885
Experiment 07-10_22:29
Epoch 0023 [Train seq (cond on sampled tp)] | Loss 1961167.614144 | MAPE 0.053919 | RMSE 94.498857 | Likelihood -1961164.489310 | KL fp 3.1248 | FP STD 0.1895 | ->nfe   40.25 | <-nfe  127.25
Epoch 0023 [Val seq (cond on sampled tp)] |  MAPE 0.027932 | RMSE 85.442169 |
Best Val!
Epoch 0023 [Test seq (cond on sampled tp)] | MAPE 0.061063 | RMSE 270.180633|
0.06396247446537018,0.061753544956445694,0.05747399106621742
230.9665323428916,286.8599669263733,292.7153987877987
Experiment 07-10_22:29
Epoch 0024 [Train seq (cond on sampled tp)] | Loss 1933050.663596 | MAPE 0.046217 | RMSE 89.520792 | Likelihood -1933047.490027 | KL fp 3.1736 | FP STD 0.1795 | ->nfe   40.25 | <-nfe  129.50
Epoch 0024 [Val seq (cond on sampled tp)] |  MAPE 0.026946 | RMSE 79.201259 |
Best Val!
Epoch 0024 [Test seq (cond on sampled tp)] | MAPE 0.051471 | RMSE 247.746510|
0.05275840312242508,0.0543191134929657,0.047336678951978683
215.8528506297751,263.0602503467599,264.32642875335034
Experiment 07-10_22:29
Epoch 0025 [Train seq (cond on sampled tp)] | Loss 1920010.629583 | MAPE 0.047841 | RMSE 88.582987 | Likelihood -1920007.326101 | KL fp 3.3035 | FP STD 0.1724 | ->nfe   40.25 | <-nfe  128.00
Epoch 0025 [Val seq (cond on sampled tp)] |  MAPE 0.030854 | RMSE 83.707904 |
Epoch 0025 [Test seq (cond on sampled tp)] | MAPE 0.050668 | RMSE 261.322249|
0.04849560558795929,0.049359455704689026,0.05414842441678047
212.45467347472024,284.76639274587865,286.74568163705624
Experiment 07-10_22:29
Epoch 0026 [Train seq (cond on sampled tp)] | Loss 1950657.952309 | MAPE 0.061238 | RMSE 92.524400 | Likelihood -1950654.813552 | KL fp 3.1388 | FP STD 0.1730 | ->nfe   40.25 | <-nfe  126.50
Epoch 0026 [Val seq (cond on sampled tp)] |  MAPE 0.036983 | RMSE 86.524467 |
Epoch 0026 [Test seq (cond on sampled tp)] | MAPE 0.067002 | RMSE 281.364141|
0.06480541825294495,0.07085244357585907,0.06534746289253235
236.10406372243997,283.4755142644599,324.5128440254715
Experiment 07-10_22:29
Epoch 0027 [Train seq (cond on sampled tp)] | Loss 1929374.552159 | MAPE 0.043698 | RMSE 89.902443 | Likelihood -1929371.276922 | KL fp 3.2752 | FP STD 0.1517 | ->nfe   40.25 | <-nfe  128.75
Epoch 0027 [Val seq (cond on sampled tp)] |  MAPE 0.038513 | RMSE 90.827882 |
Epoch 0027 [Test seq (cond on sampled tp)] | MAPE 0.067810 | RMSE 273.478010|
0.06067315861582756,0.06756769120693207,0.07518929988145828
216.22092470723086,284.9885688496997,319.22453647472025
Experiment 07-10_22:29
Epoch 0028 [Train seq (cond on sampled tp)] | Loss 1944434.165837 | MAPE 0.046742 | RMSE 92.335440 | Likelihood -1944431.227896 | KL fp 2.9379 | FP STD 0.2055 | ->nfe   40.25 | <-nfe  128.00
Epoch 0028 [Val seq (cond on sampled tp)] |  MAPE 0.028865 | RMSE 89.465096 |
Epoch 0028 [Test seq (cond on sampled tp)] | MAPE 0.054033 | RMSE 272.743253|
0.05843203887343407,0.057377807796001434,0.04628889635205269
231.38068098104043,290.4856117349016,296.36346719442327
Experiment 07-10_22:29
Epoch 0029 [Train seq (cond on sampled tp)] | Loss 1957541.372463 | MAPE 0.035092 | RMSE 92.857199 | Likelihood -1957538.638857 | KL fp 2.7336 | FP STD 0.2091 | ->nfe   40.25 | <-nfe  129.50
Epoch 0029 [Val seq (cond on sampled tp)] |  MAPE 0.037647 | RMSE 83.150607 |
Epoch 0029 [Test seq (cond on sampled tp)] | MAPE 0.055084 | RMSE 244.101426|
0.05523478239774704,0.05464717373251915,0.05537058413028717
221.08616815621912,246.89386794987436,264.3242415812443
Experiment 07-10_22:29
Epoch 0030 [Train seq (cond on sampled tp)] | Loss 1958506.096299 | MAPE 0.136091 | RMSE 96.167359 | Likelihood -1958502.659280 | KL fp 3.4370 | FP STD 0.1703 | ->nfe   40.25 | <-nfe  131.75
Epoch 0030 [Val seq (cond on sampled tp)] |  MAPE 0.025347 | RMSE 96.056400 |
Best Val!
Epoch 0030 [Test seq (cond on sampled tp)] | MAPE 0.050712 | RMSE 290.342240|
0.05386349558830261,0.058081354945898056,0.04019203409552574
242.34027439480627,317.856972060548,310.82947244027554
Experiment 07-10_22:29
Epoch 0031 [Train seq (cond on sampled tp)] | Loss 1929759.455328 | MAPE 0.049447 | RMSE 89.699764 | Likelihood -1929756.551356 | KL fp 2.9040 | FP STD 0.1877 | ->nfe   40.25 | <-nfe  126.50
Epoch 0031 [Val seq (cond on sampled tp)] |  MAPE 0.024907 | RMSE 85.882741 |
Best Val!
Epoch 0031 [Test seq (cond on sampled tp)] | MAPE 0.049960 | RMSE 260.793004|
0.04865886643528938,0.04692712053656578,0.054295480251312256
212.08679495374057,247.32132913226468,322.97088926480666
Experiment 07-10_22:29
Epoch 0032 [Train seq (cond on sampled tp)] | Loss 1915295.589922 | MAPE 0.043725 | RMSE 87.675687 | Likelihood -1915292.515709 | KL fp 3.0742 | FP STD 0.1811 | ->nfe   40.25 | <-nfe  137.00
Epoch 0032 [Val seq (cond on sampled tp)] |  MAPE 0.039713 | RMSE 87.021109 |
Epoch 0032 [Test seq (cond on sampled tp)] | MAPE 0.066043 | RMSE 293.756758|
0.06650161743164062,0.06572973728179932,0.06589802354574203
253.66680440343393,293.1145520526062,334.4889175107301
Experiment 07-10_22:29
Epoch 0033 [Train seq (cond on sampled tp)] | Loss 1910173.674056 | MAPE 0.084889 | RMSE 87.092488 | Likelihood -1910170.602913 | KL fp 3.0711 | FP STD 0.1959 | ->nfe   40.25 | <-nfe  131.75
Epoch 0033 [Val seq (cond on sampled tp)] |  MAPE 0.026861 | RMSE 92.385576 |
Epoch 0033 [Test seq (cond on sampled tp)] | MAPE 0.051626 | RMSE 257.030050|
0.047052860260009766,0.05276612192392349,0.055059947073459625
200.70373260417955,256.0823994586508,314.30401783146203
Experiment 07-10_22:29
Epoch 0034 [Train seq (cond on sampled tp)] | Loss 1924552.299825 | MAPE 0.046491 | RMSE 87.931128 | Likelihood -1924549.292055 | KL fp 3.0078 | FP STD 0.1799 | ->nfe   40.25 | <-nfe  129.50
Epoch 0034 [Val seq (cond on sampled tp)] |  MAPE 0.039327 | RMSE 87.945226 |
Epoch 0034 [Test seq (cond on sampled tp)] | MAPE 0.062934 | RMSE 238.882464|
0.0564236156642437,0.06517985463142395,0.06719962507486343
194.55332455075137,241.66923579812553,280.4248311713854
Experiment 07-10_22:29
Epoch 0035 [Train seq (cond on sampled tp)] | Loss 1910224.063713 | MAPE 0.041018 | RMSE 87.845094 | Likelihood -1910220.657889 | KL fp 3.4058 | FP STD 0.1466 | ->nfe   40.25 | <-nfe  135.50
Epoch 0035 [Val seq (cond on sampled tp)] |  MAPE 0.030559 | RMSE 87.120337 |
Epoch 0035 [Test seq (cond on sampled tp)] | MAPE 0.048535 | RMSE 280.552431|
0.0485839769244194,0.04790361225605011,0.04911782965064049
236.34252487121313,302.09514488402493,303.21962440613896
Experiment 07-10_22:29
Epoch 0036 [Train seq (cond on sampled tp)] | Loss 1921292.050681 | MAPE 0.056249 | RMSE 88.808738 | Likelihood -1921288.888148 | KL fp 3.1625 | FP STD 0.1678 | ->nfe   40.25 | <-nfe  132.50
Epoch 0036 [Val seq (cond on sampled tp)] |  MAPE 0.027957 | RMSE 84.558625 |
Epoch 0036 [Test seq (cond on sampled tp)] | MAPE 0.049509 | RMSE 288.099641|
0.05660689249634743,0.04881952702999115,0.04310097545385361
233.91880602572337,313.6539569135068,316.72616080377696
Experiment 07-10_22:29
Epoch 0037 [Train seq (cond on sampled tp)] | Loss 1927980.320671 | MAPE 0.047878 | RMSE 88.336330 | Likelihood -1927977.534678 | KL fp 2.7860 | FP STD 0.2180 | ->nfe   40.25 | <-nfe  131.00
Epoch 0037 [Val seq (cond on sampled tp)] |  MAPE 0.035880 | RMSE 82.894046 |
Epoch 0037 [Test seq (cond on sampled tp)] | MAPE 0.055108 | RMSE 226.539688|
0.057707279920578,0.05744622275233269,0.05017167329788208
182.84866095353283,221.2415076053768,275.5288948096007
Experiment 07-10_22:29
Epoch 0038 [Train seq (cond on sampled tp)] | Loss 1909011.437838 | MAPE 0.090076 | RMSE 87.199231 | Likelihood -1909008.157384 | KL fp 3.2805 | FP STD 0.1615 | ->nfe   40.25 | <-nfe  136.25
Epoch 0038 [Val seq (cond on sampled tp)] |  MAPE 0.026028 | RMSE 86.425300 |
Epoch 0038 [Test seq (cond on sampled tp)] | MAPE 0.042843 | RMSE 301.440053|
0.04743614047765732,0.039957303553819656,0.041136179119348526
262.27188004530717,317.87463134072215,324.1736489715042
0.04743614047765732,0.039957303553819656,0.041136179119348526
262.27188004530717,317.87463134072215,324.1736489715042
Epoch 0038 [Test seq (cond on sampled tp)] | Best Test MAPE 0.042843|Best Test RMSE 301.440053|
Experiment 07-10_22:29
Epoch 0039 [Train seq (cond on sampled tp)] | Loss 1940927.676875 | MAPE 0.086527 | RMSE 92.392549 | Likelihood -1940924.650301 | KL fp 3.0266 | FP STD 0.1763 | ->nfe   41.00 | <-nfe  147.50
Epoch 0039 [Val seq (cond on sampled tp)] |  MAPE 0.027366 | RMSE 94.036370 |
Epoch 0039 [Test seq (cond on sampled tp)] | MAPE 0.050901 | RMSE 278.702571|
0.05667726323008537,0.047488026320934296,0.04853823408484459
210.60783498305565,293.26429259713836,332.23558565421615
Experiment 07-10_22:29
Epoch 0040 [Train seq (cond on sampled tp)] | Loss 1918624.831198 | MAPE 0.045705 | RMSE 86.556639 | Likelihood -1918621.928381 | KL fp 2.9028 | FP STD 0.1936 | ->nfe   40.25 | <-nfe  135.50
Epoch 0040 [Val seq (cond on sampled tp)] |  MAPE 0.048431 | RMSE 77.142370 |
Epoch 0040 [Test seq (cond on sampled tp)] | MAPE 0.058299 | RMSE 290.858682|
0.06366649270057678,0.054384954273700714,0.056846778839826584
239.5223436863459,299.8351891039476,333.2185140789749
Experiment 07-10_22:29
Epoch 0041 [Train seq (cond on sampled tp)] | Loss 1911320.818508 | MAPE 0.105899 | RMSE 86.944573 | Likelihood -1911318.045014 | KL fp 2.7735 | FP STD 0.2156 | ->nfe   40.25 | <-nfe  134.75
Epoch 0041 [Val seq (cond on sampled tp)] |  MAPE 0.028416 | RMSE 92.654132 |
Epoch 0041 [Test seq (cond on sampled tp)] | MAPE 0.066584 | RMSE 270.462140|
0.06881682574748993,0.06603480875492096,0.06489918380975723
239.8542200483452,264.2048358991561,307.3273651580672
Experiment 07-10_22:29
Epoch 0042 [Train seq (cond on sampled tp)] | Loss 1902902.153219 | MAPE 0.043996 | RMSE 87.548397 | Likelihood -1902899.343837 | KL fp 2.8094 | FP STD 0.2093 | ->nfe   41.75 | <-nfe  134.75
Epoch 0042 [Val seq (cond on sampled tp)] |  MAPE 0.033131 | RMSE 92.114113 |
Epoch 0042 [Test seq (cond on sampled tp)] | MAPE 0.061747 | RMSE 322.613358|
0.058849889785051346,0.060327570885419846,0.06606239825487137
280.1349702598731,340.2752332671304,347.42987152085817
Experiment 07-10_22:29
Epoch 0043 [Train seq (cond on sampled tp)] | Loss 1956179.593546 | MAPE 0.038212 | RMSE 92.544121 | Likelihood -1956177.085906 | KL fp 2.5076 | FP STD 0.2223 | ->nfe   40.25 | <-nfe  133.25
Epoch 0043 [Val seq (cond on sampled tp)] |  MAPE 0.033252 | RMSE 92.864390 |
Epoch 0043 [Test seq (cond on sampled tp)] | MAPE 0.064426 | RMSE 275.573700|
0.06588368117809296,0.059485480189323425,0.06790772080421448
229.78350034597784,280.3353739273729,316.60222480266935
Experiment 07-10_22:29
Epoch 0044 [Train seq (cond on sampled tp)] | Loss 1907536.503835 | MAPE 0.035146 | RMSE 85.434748 | Likelihood -1907533.695516 | KL fp 2.8083 | FP STD 0.1991 | ->nfe   41.75 | <-nfe  135.50
Epoch 0044 [Val seq (cond on sampled tp)] |  MAPE 0.025572 | RMSE 87.703717 |
Epoch 0044 [Test seq (cond on sampled tp)] | MAPE 0.056810 | RMSE 261.494645|
0.052713654935359955,0.05627875775098801,0.06143707036972046
205.22987302351964,287.27856961928086,291.97549126596226
Experiment 07-10_22:29
Epoch 0045 [Train seq (cond on sampled tp)] | Loss 1899365.365924 | MAPE 0.040783 | RMSE 85.193139 | Likelihood -1899362.457274 | KL fp 2.9087 | FP STD 0.1845 | ->nfe   41.00 | <-nfe  151.25
Epoch 0045 [Val seq (cond on sampled tp)] |  MAPE 0.027599 | RMSE 92.422730 |
Epoch 0045 [Test seq (cond on sampled tp)] | MAPE 0.050702 | RMSE 283.077450|
0.05881493538618088,0.05341775715351105,0.03987259417772293
268.38485368496487,290.3632288832386,290.48426700081365
Experiment 07-10_22:29
Epoch 0046 [Train seq (cond on sampled tp)] | Loss 1934812.317024 | MAPE 0.039733 | RMSE 93.195550 | Likelihood -1934809.456719 | KL fp 2.8603 | FP STD 0.1897 | ->nfe   42.50 | <-nfe  151.25
Epoch 0046 [Val seq (cond on sampled tp)] |  MAPE 0.040388 | RMSE 98.355124 |
Epoch 0046 [Test seq (cond on sampled tp)] | MAPE 0.053894 | RMSE 290.034468|
0.0546383373439312,0.052092406898736954,0.05495143681764603
242.08751968554677,286.9197541343224,341.09613060323625
Experiment 07-10_22:29
Epoch 0047 [Train seq (cond on sampled tp)] | Loss 1889922.563467 | MAPE 0.060944 | RMSE 82.415340 | Likelihood -1889919.767084 | KL fp 2.7964 | FP STD 0.1861 | ->nfe   41.00 | <-nfe  139.25
Epoch 0047 [Val seq (cond on sampled tp)] |  MAPE 0.028080 | RMSE 87.629722 |
Epoch 0047 [Test seq (cond on sampled tp)] | MAPE 0.052830 | RMSE 260.133136|
0.053190309554338455,0.052839744836091995,0.05245870351791382
223.307575862307,280.65823856605385,276.43359283922064
Experiment 07-10_22:29
Epoch 0048 [Train seq (cond on sampled tp)] | Loss 1927027.800560 | MAPE 0.075165 | RMSE 91.604333 | Likelihood -1927024.893494 | KL fp 2.9071 | FP STD 0.2125 | ->nfe   41.75 | <-nfe  134.75
Epoch 0048 [Val seq (cond on sampled tp)] |  MAPE 0.025380 | RMSE 80.776955 |
Epoch 0048 [Test seq (cond on sampled tp)] | MAPE 0.058641 | RMSE 274.774166|
0.05962561443448067,0.061077408492565155,0.055218685418367386
227.87273723506286,282.8694901142575,313.5802703256377
Experiment 07-10_22:29
Epoch 0049 [Train seq (cond on sampled tp)] | Loss 1916039.831836 | MAPE 0.037749 | RMSE 87.876442 | Likelihood -1916037.100782 | KL fp 2.7311 | FP STD 0.2070 | ->nfe   41.00 | <-nfe  142.25
Epoch 0049 [Val seq (cond on sampled tp)] |  MAPE 0.033903 | RMSE 89.836546 |
Epoch 0049 [Test seq (cond on sampled tp)] | MAPE 0.052182 | RMSE 259.792613|
0.05272490531206131,0.045316070318222046,0.058504413813352585
208.62351145364704,265.0011350211542,305.75319397350535
Experiment 07-10_22:29
Epoch 0050 [Train seq (cond on sampled tp)] | Loss 1909877.670804 | MAPE 0.056724 | RMSE 85.704055 | Likelihood -1909874.642571 | KL fp 3.0282 | FP STD 0.1596 | ->nfe   40.25 | <-nfe  134.00
Epoch 0050 [Val seq (cond on sampled tp)] |  MAPE 0.027230 | RMSE 85.364267 |
Epoch 0050 [Test seq (cond on sampled tp)] | MAPE 0.060397 | RMSE 249.848573|
0.06186302378773689,0.06137493997812271,0.05795235559344292
212.5213592206675,241.22107177597482,295.8032892607856
Experiment 07-10_22:29
Epoch 0051 [Train seq (cond on sampled tp)] | Loss 1905784.561870 | MAPE 0.060140 | RMSE 88.172840 | Likelihood -1905781.544502 | KL fp 3.0174 | FP STD 0.1831 | ->nfe   43.25 | <-nfe  138.50
Epoch 0051 [Val seq (cond on sampled tp)] |  MAPE 0.027487 | RMSE 84.811864 |
Epoch 0051 [Test seq (cond on sampled tp)] | MAPE 0.060704 | RMSE 284.340457|
0.062156666070222855,0.060068149119615555,0.05988697707653046
242.09993578324222,293.645566542388,317.27586823220577
Experiment 07-10_22:29
Epoch 0052 [Train seq (cond on sampled tp)] | Loss 1904977.615827 | MAPE 0.065143 | RMSE 84.375535 | Likelihood -1904974.555946 | KL fp 3.0599 | FP STD 0.1411 | ->nfe   41.00 | <-nfe  127.25
Epoch 0052 [Val seq (cond on sampled tp)] |  MAPE 0.028071 | RMSE 82.148532 |
Epoch 0052 [Test seq (cond on sampled tp)] | MAPE 0.051810 | RMSE 272.436072|
0.05044248327612877,0.05227334797382355,0.052714452147483826
220.3124202127515,288.66545028371513,308.3303448616435
Experiment 07-10_22:29
Epoch 0053 [Train seq (cond on sampled tp)] | Loss 1883897.040368 | MAPE 0.066001 | RMSE 82.168629 | Likelihood -1883894.129892 | KL fp 2.9105 | FP STD 0.1737 | ->nfe   41.75 | <-nfe  133.25
Epoch 0053 [Val seq (cond on sampled tp)] |  MAPE 0.048293 | RMSE 87.525775 |
Epoch 0053 [Test seq (cond on sampled tp)] | MAPE 0.055783 | RMSE 270.526807|
0.05138673260807991,0.05384869873523712,0.06211257725954056
215.2747426981391,267.3357556519517,328.96992406221574
Experiment 07-10_22:29
Epoch 0054 [Train seq (cond on sampled tp)] | Loss 1925267.878750 | MAPE 0.162357 | RMSE 91.231663 | Likelihood -1925265.216342 | KL fp 2.6624 | FP STD 0.1967 | ->nfe   44.00 | <-nfe  161.75
Epoch 0054 [Val seq (cond on sampled tp)] |  MAPE 0.025849 | RMSE 85.274213 |
Epoch 0054 [Test seq (cond on sampled tp)] | MAPE 0.050558 | RMSE 264.058477|
0.05584579333662987,0.05016535520553589,0.045662473887205124
232.0974084974884,277.20861672664506,282.86940725801367
Experiment 07-10_22:29
Epoch 0055 [Train seq (cond on sampled tp)] | Loss 1925561.645263 | MAPE 0.062646 | RMSE 91.321461 | Likelihood -1925559.097926 | KL fp 2.5473 | FP STD 0.2096 | ->nfe   42.50 | <-nfe  147.50
Epoch 0055 [Val seq (cond on sampled tp)] |  MAPE 0.034109 | RMSE 87.292737 |
Epoch 0055 [Test seq (cond on sampled tp)] | MAPE 0.063032 | RMSE 263.038784|
0.06680553406476974,0.06491780281066895,0.0573713481426239
226.06598179513873,274.3914431291544,288.65892773739046
Experiment 07-10_22:29
Epoch 0056 [Train seq (cond on sampled tp)] | Loss 1951785.592364 | MAPE 0.038759 | RMSE 92.566765 | Likelihood -1951782.961103 | KL fp 2.6313 | FP STD 0.1758 | ->nfe   40.25 | <-nfe  143.00
Epoch 0056 [Val seq (cond on sampled tp)] |  MAPE 0.037912 | RMSE 89.808621 |
Epoch 0056 [Test seq (cond on sampled tp)] | MAPE 0.061572 | RMSE 250.733968|
0.06521225720643997,0.05587644502520561,0.06362806260585785
222.04091507816753,259.6527428605367,270.5082455998338
Experiment 07-10_22:29
Epoch 0057 [Train seq (cond on sampled tp)] | Loss 1911002.864026 | MAPE 0.056578 | RMSE 88.838940 | Likelihood -1911000.006145 | KL fp 2.8579 | FP STD 0.1830 | ->nfe   44.75 | <-nfe  148.25
Epoch 0057 [Val seq (cond on sampled tp)] |  MAPE 0.029192 | RMSE 90.618998 |
Epoch 0057 [Test seq (cond on sampled tp)] | MAPE 0.057755 | RMSE 305.588683|
0.06702060997486115,0.05426210165023804,0.051983579993247986
292.722765065343,317.38453855299883,306.65874508564076
Experiment 07-10_22:29
Epoch 0058 [Train seq (cond on sampled tp)] | Loss 1900694.638084 | MAPE 0.040753 | RMSE 85.398929 | Likelihood -1900692.081895 | KL fp 2.5562 | FP STD 0.2168 | ->nfe   41.75 | <-nfe  138.50
Epoch 0058 [Val seq (cond on sampled tp)] |  MAPE 0.027410 | RMSE 87.937134 |
Epoch 0058 [Test seq (cond on sampled tp)] | MAPE 0.061661 | RMSE 280.661795|
0.056585609912872314,0.060865286737680435,0.06753095239400864
267.91509849204095,283.94239072389314,290.12789475074607
Experiment 07-10_22:29
Epoch 0059 [Train seq (cond on sampled tp)] | Loss 1890227.198541 | MAPE 0.040962 | RMSE 81.822725 | Likelihood -1890224.511084 | KL fp 2.6875 | FP STD 0.1854 | ->nfe   44.75 | <-nfe  173.75
Epoch 0059 [Val seq (cond on sampled tp)] |  MAPE 0.039897 | RMSE 86.154431 |
Epoch 0059 [Test seq (cond on sampled tp)] | MAPE 0.054389 | RMSE 270.539983|
0.0567118339240551,0.054250944405794144,0.052205104380846024
235.9567210713651,271.6884273621164,303.97480107321394
Experiment 07-10_22:29
Epoch 0060 [Train seq (cond on sampled tp)] | Loss 1883533.870791 | MAPE 0.098751 | RMSE 81.998596 | Likelihood -1883531.174071 | KL fp 2.6967 | FP STD 0.1794 | ->nfe   44.00 | <-nfe  206.75
Epoch 0060 [Val seq (cond on sampled tp)] |  MAPE 0.025799 | RMSE 85.494500 |
Epoch 0060 [Test seq (cond on sampled tp)] | MAPE 0.049235 | RMSE 267.269196|
0.05489683151245117,0.049202870577573776,0.04360467195510864
248.28314387257544,281.66287750163315,271.86156576003896
Experiment 07-10_22:29
Epoch 0061 [Train seq (cond on sampled tp)] | Loss 1889079.960837 | MAPE 0.042845 | RMSE 84.923888 | Likelihood -1889077.179743 | KL fp 2.7811 | FP STD 0.2025 | ->nfe   46.25 | <-nfe  182.00
Epoch 0061 [Val seq (cond on sampled tp)] |  MAPE 0.025314 | RMSE 90.771810 |
Epoch 0061 [Test seq (cond on sampled tp)] | MAPE 0.058877 | RMSE 280.235401|
0.05676360800862312,0.06268500536680222,0.05718117952346802
226.8378068686964,297.77205260484067,316.09634360033334
Experiment 07-10_22:29
Epoch 0062 [Train seq (cond on sampled tp)] | Loss 1887796.544452 | MAPE 0.042009 | RMSE 81.605098 | Likelihood -1887794.008023 | KL fp 2.5364 | FP STD 0.2121 | ->nfe   43.25 | <-nfe  165.50
Epoch 0062 [Val seq (cond on sampled tp)] |  MAPE 0.028204 | RMSE 86.258257 |
Epoch 0062 [Test seq (cond on sampled tp)] | MAPE 0.064704 | RMSE 275.887572|
0.06722446531057358,0.06642906367778778,0.06045864149928093
242.7989298009775,269.4225161108477,315.4412707819001
Experiment 07-10_22:29
Epoch 0063 [Train seq (cond on sampled tp)] | Loss 1873037.131378 | MAPE 0.046973 | RMSE 80.700713 | Likelihood -1873034.570361 | KL fp 2.5610 | FP STD 0.2361 | ->nfe   44.75 | <-nfe  180.50
Epoch 0063 [Val seq (cond on sampled tp)] |  MAPE 0.036473 | RMSE 88.416150 |
Epoch 0063 [Test seq (cond on sampled tp)] | MAPE 0.066175 | RMSE 294.295090|
0.06339305639266968,0.06905457377433777,0.06607835739850998
270.35144950600875,264.6195677288435,347.9142539836504
Experiment 07-10_22:29
Epoch 0064 [Train seq (cond on sampled tp)] | Loss 1874925.696955 | MAPE 0.044435 | RMSE 80.197069 | Likelihood -1874923.363134 | KL fp 2.3338 | FP STD 0.2777 | ->nfe   46.25 | <-nfe  204.50
Epoch 0064 [Val seq (cond on sampled tp)] |  MAPE 0.029913 | RMSE 89.335762 |
Epoch 0064 [Test seq (cond on sampled tp)] | MAPE 0.062921 | RMSE 269.215086|
0.06515800207853317,0.0632607564330101,0.060344159603118896
209.0166336084284,267.34079666691355,331.28782802873997
Experiment 07-10_22:29
Epoch 0065 [Train seq (cond on sampled tp)] | Loss 1866188.912618 | MAPE 0.040156 | RMSE 80.463980 | Likelihood -1866186.311973 | KL fp 2.6006 | FP STD 0.2257 | ->nfe   45.50 | <-nfe  164.00
Epoch 0065 [Val seq (cond on sampled tp)] |  MAPE 0.034784 | RMSE 93.866844 |
Epoch 0065 [Test seq (cond on sampled tp)] | MAPE 0.052980 | RMSE 276.785783|
0.05824976786971092,0.04844474792480469,0.05224645510315895
240.1501971423301,269.24072929722206,320.96642396440785
Experiment 07-10_22:29
Epoch 0066 [Train seq (cond on sampled tp)] | Loss 1873069.521189 | MAPE 0.080058 | RMSE 81.045467 | Likelihood -1873066.970908 | KL fp 2.5503 | FP STD 0.2169 | ->nfe   44.75 | <-nfe  166.25
Epoch 0066 [Val seq (cond on sampled tp)] |  MAPE 0.022680 | RMSE 90.270806 |
Best Val!
Epoch 0066 [Test seq (cond on sampled tp)] | MAPE 0.061736 | RMSE 312.350624|
0.06375449150800705,0.06115052476525307,0.06030306592583656
261.8795643993628,298.5448170920071,376.6274892051827
Experiment 07-10_22:29
Epoch 0067 [Train seq (cond on sampled tp)] | Loss 1902245.418630 | MAPE 0.052540 | RMSE 87.073196 | Likelihood -1902242.670542 | KL fp 2.7481 | FP STD 0.1925 | ->nfe   46.25 | <-nfe  174.50
Epoch 0067 [Val seq (cond on sampled tp)] |  MAPE 0.025373 | RMSE 93.243512 |
Epoch 0067 [Test seq (cond on sampled tp)] | MAPE 0.056267 | RMSE 267.203817|
0.05370321497321129,0.057410839945077896,0.05768713727593422
220.09070395805,237.93825518661347,343.5824932785429
Experiment 07-10_22:29
Epoch 0068 [Train seq (cond on sampled tp)] | Loss 1911258.502325 | MAPE 0.039169 | RMSE 84.537961 | Likelihood -1911256.022591 | KL fp 2.4797 | FP STD 0.2107 | ->nfe   45.50 | <-nfe  185.75
Epoch 0068 [Val seq (cond on sampled tp)] |  MAPE 0.032363 | RMSE 89.447902 |
Epoch 0068 [Test seq (cond on sampled tp)] | MAPE 0.057568 | RMSE 284.630539|
0.05657866224646568,0.06189092621207237,0.05423486605286598
232.16513182969572,278.6148495234954,343.11163453022107
Experiment 07-10_22:29
Epoch 0069 [Train seq (cond on sampled tp)] | Loss 1881907.210396 | MAPE 0.087600 | RMSE 84.098159 | Likelihood -1881904.295058 | KL fp 2.9153 | FP STD 0.1779 | ->nfe   46.25 | <-nfe  198.50
Epoch 0069 [Val seq (cond on sampled tp)] |  MAPE 0.032648 | RMSE 92.320947 |
Epoch 0069 [Test seq (cond on sampled tp)] | MAPE 0.059729 | RMSE 295.611727|
0.06561321765184402,0.06029876694083214,0.05327460169792175
252.7311519307622,299.67577531809275,334.4282551048879
Experiment 07-10_22:29
Epoch 0070 [Train seq (cond on sampled tp)] | Loss 1878518.312871 | MAPE 0.040620 | RMSE 82.702927 | Likelihood -1878515.393915 | KL fp 2.9190 | FP STD 0.1553 | ->nfe   46.25 | <-nfe  644.00
Epoch 0070 [Val seq (cond on sampled tp)] |  MAPE 0.029489 | RMSE 86.496043 |
Epoch 0070 [Test seq (cond on sampled tp)] | MAPE 0.059776 | RMSE 280.860123|
0.06197086721658707,0.060255613178014755,0.0571005716919899
238.08021232349404,263.09554466961237,341.4046124102602
Experiment 07-10_22:29
Epoch 0071 [Train seq (cond on sampled tp)] | Loss 1885495.631855 | MAPE 0.040408 | RMSE 81.430100 | Likelihood -1885492.889292 | KL fp 2.7426 | FP STD 0.1782 | ->nfe   46.25 | <-nfe  848.00
Epoch 0071 [Val seq (cond on sampled tp)] |  MAPE 0.031210 | RMSE 83.224459 |
Epoch 0071 [Test seq (cond on sampled tp)] | MAPE 0.055371 | RMSE 283.917276|
0.053470805287361145,0.05337531864643097,0.059266675263643265
234.71152506854025,270.09302506266243,346.9472785056831
Experiment 07-10_22:29
Epoch 0072 [Train seq (cond on sampled tp)] | Loss 1885334.090248 | MAPE 0.087447 | RMSE 85.459874 | Likelihood -1885331.163491 | KL fp 2.9268 | FP STD 0.1821 | ->nfe   46.25 | <-nfe  528.50
Epoch 0072 [Val seq (cond on sampled tp)] |  MAPE 0.026465 | RMSE 89.874392 |
Epoch 0072 [Test seq (cond on sampled tp)] | MAPE 0.053291 | RMSE 303.140793|
0.05213305726647377,0.05549364537000656,0.05224526301026344
251.8677108126407,277.73614670672595,379.8185216323712
Experiment 07-10_22:29
Epoch 0073 [Train seq (cond on sampled tp)] | Loss 1841626.531800 | MAPE 0.047863 | RMSE 75.733998 | Likelihood -1841623.578425 | KL fp 2.9534 | FP STD 0.1485 | ->nfe   46.25 | <-nfe  308.75
Epoch 0073 [Val seq (cond on sampled tp)] |  MAPE 0.032759 | RMSE 91.103859 |
Epoch 0073 [Test seq (cond on sampled tp)] | MAPE 0.058094 | RMSE 284.267789|
0.062256306409835815,0.05768279731273651,0.05434148758649826
227.76129397079302,298.2250618241197,326.81701206485565
Experiment 07-10_22:29
Epoch 0074 [Train seq (cond on sampled tp)] | Loss 1907811.225529 | MAPE 0.052318 | RMSE 85.801930 | Likelihood -1907808.358452 | KL fp 2.8671 | FP STD 0.1556 | ->nfe   46.25 | <-nfe  310.25
Epoch 0074 [Val seq (cond on sampled tp)] |  MAPE 0.027739 | RMSE 95.410626 |
Epoch 0074 [Test seq (cond on sampled tp)] | MAPE 0.053247 | RMSE 271.332326|
0.05238691717386246,0.056216247379779816,0.05113787576556206
206.52656646603603,295.3646845426853,312.1057262771704
Experiment 07-10_22:29
Epoch 0075 [Train seq (cond on sampled tp)] | Loss 1891112.567347 | MAPE 0.037105 | RMSE 84.099155 | Likelihood -1891109.664316 | KL fp 2.9030 | FP STD 0.1477 | ->nfe   46.25 | <-nfe  275.00
Epoch 0075 [Val seq (cond on sampled tp)] |  MAPE 0.028679 | RMSE 98.395125 |
Epoch 0075 [Test seq (cond on sampled tp)] | MAPE 0.047997 | RMSE 287.732622|
0.04221111536026001,0.048268165439367294,0.0535123385488987
228.86833517057357,284.108116524326,350.22141434027134
Experiment 07-10_22:29
Epoch 0076 [Train seq (cond on sampled tp)] | Loss 1888123.834626 | MAPE 0.071237 | RMSE 83.985969 | Likelihood -1888120.842091 | KL fp 2.9925 | FP STD 0.1517 | ->nfe   47.00 | <-nfe  337.25
Epoch 0076 [Val seq (cond on sampled tp)] |  MAPE 0.024866 | RMSE 95.558310 |
Epoch 0076 [Test seq (cond on sampled tp)] | MAPE 0.046623 | RMSE 308.773380|
0.045385122299194336,0.047617826610803604,0.046866435557603836
278.03204907438277,321.8782645465518,326.4098267515854
Experiment 07-10_22:29
Epoch 0077 [Train seq (cond on sampled tp)] | Loss 1878045.273251 | MAPE 0.097571 | RMSE 81.388896 | Likelihood -1878042.233809 | KL fp 3.0394 | FP STD 0.1367 | ->nfe   47.00 | <-nfe  294.50
Epoch 0077 [Val seq (cond on sampled tp)] |  MAPE 0.024698 | RMSE 98.717400 |
Epoch 0077 [Test seq (cond on sampled tp)] | MAPE 0.050258 | RMSE 320.631980|
0.053500592708587646,0.05323769524693489,0.044037025421857834
295.41229134042476,342.2276745822874,324.2559752726232
Experiment 07-10_22:29
Epoch 0078 [Train seq (cond on sampled tp)] | Loss 1872455.909713 | MAPE 0.045035 | RMSE 80.311609 | Likelihood -1872453.034494 | KL fp 2.8752 | FP STD 0.1442 | ->nfe   47.00 | <-nfe  330.50
Epoch 0078 [Val seq (cond on sampled tp)] |  MAPE 0.028072 | RMSE 93.081853 |
Epoch 0078 [Test seq (cond on sampled tp)] | MAPE 0.049816 | RMSE 278.939152|
0.05145632475614548,0.05161738768219948,0.04637353494763374
244.85226732154229,276.36598243995223,315.5992068668741
Experiment 07-10_22:29
Epoch 0079 [Train seq (cond on sampled tp)] | Loss 1881435.628711 | MAPE 0.043196 | RMSE 82.353601 | Likelihood -1881432.511255 | KL fp 3.1175 | FP STD 0.1275 | ->nfe   47.75 | <-nfe  325.25
Epoch 0079 [Val seq (cond on sampled tp)] |  MAPE 0.026028 | RMSE 94.912964 |
Epoch 0079 [Test seq (cond on sampled tp)] | MAPE 0.049011 | RMSE 306.521015|
0.047016602009534836,0.04795758053660393,0.05205829441547394
266.39004532827425,309.44952385243704,343.723476249441
Experiment 07-10_22:29
Epoch 0080 [Train seq (cond on sampled tp)] | Loss 1887566.757196 | MAPE 0.075838 | RMSE 83.514368 | Likelihood -1887563.879764 | KL fp 2.8774 | FP STD 0.1572 | ->nfe   47.75 | <-nfe  303.50
Epoch 0080 [Val seq (cond on sampled tp)] |  MAPE 0.023804 | RMSE 96.851519 |
Epoch 0080 [Test seq (cond on sampled tp)] | MAPE 0.048587 | RMSE 291.887535|
0.05084235221147537,0.04978835955262184,0.04513050988316536
230.93239168910455,305.05250572647327,339.67770800053984
Experiment 07-10_22:29
Epoch 0081 [Train seq (cond on sampled tp)] | Loss 1889981.308635 | MAPE 0.047781 | RMSE 84.828830 | Likelihood -1889978.908230 | KL fp 2.4004 | FP STD 0.2249 | ->nfe   50.00 | <-nfe  283.25
Epoch 0081 [Val seq (cond on sampled tp)] |  MAPE 0.031187 | RMSE 94.989401 |
Epoch 0081 [Test seq (cond on sampled tp)] | MAPE 0.056518 | RMSE 281.319884|
0.057744093239307404,0.05493522062897682,0.0568738654255867
251.8488199793678,284.3235667773602,307.7872641939559
Experiment 07-10_22:29
Epoch 0082 [Train seq (cond on sampled tp)] | Loss 1922124.870580 | MAPE 0.070879 | RMSE 89.528830 | Likelihood -1922122.432594 | KL fp 2.4380 | FP STD 0.2069 | ->nfe   48.50 | <-nfe  260.00
Epoch 0082 [Val seq (cond on sampled tp)] |  MAPE 0.029125 | RMSE 97.162718 |
Epoch 0082 [Test seq (cond on sampled tp)] | MAPE 0.058053 | RMSE 271.483845|
0.059802811592817307,0.05584247410297394,0.05851319804787636
213.08934819108157,280.1364343940288,321.22575297600287
Experiment 07-10_22:29
Epoch 0083 [Train seq (cond on sampled tp)] | Loss 1882891.729884 | MAPE 0.045932 | RMSE 82.632090 | Likelihood -1882889.166229 | KL fp 2.5637 | FP STD 0.1810 | ->nfe   50.75 | <-nfe  251.00
Epoch 0083 [Val seq (cond on sampled tp)] |  MAPE 0.035613 | RMSE 97.495608 |
Epoch 0083 [Test seq (cond on sampled tp)] | MAPE 0.056423 | RMSE 286.710602|
0.061872441321611404,0.05499754846096039,0.05239768698811531
220.4149052780914,313.02726768206634,326.6896343435157
Experiment 07-10_22:29
Epoch 0084 [Train seq (cond on sampled tp)] | Loss 1897196.406148 | MAPE 0.102314 | RMSE 86.163919 | Likelihood -1897193.783580 | KL fp 2.6226 | FP STD 0.1822 | ->nfe   50.75 | <-nfe  218.75
Epoch 0084 [Val seq (cond on sampled tp)] |  MAPE 0.023605 | RMSE 94.778010 |
Epoch 0084 [Test seq (cond on sampled tp)] | MAPE 0.051246 | RMSE 297.080839|
0.058790210634469986,0.05114899203181267,0.04379923269152641
241.75854754796157,324.79245777111265,324.69151224662465
Experiment 07-10_22:29
Epoch 0085 [Train seq (cond on sampled tp)] | Loss 1898023.259489 | MAPE 0.035797 | RMSE 86.163568 | Likelihood -1898020.605615 | KL fp 2.6539 | FP STD 0.1789 | ->nfe   52.25 | <-nfe  241.25
Epoch 0085 [Val seq (cond on sampled tp)] |  MAPE 0.025239 | RMSE 87.547278 |
Epoch 0085 [Test seq (cond on sampled tp)] | MAPE 0.051901 | RMSE 279.826782|
0.047389447689056396,0.051198314875364304,0.0571155808866024
223.47384319814702,292.54876730213715,323.45773487428
Experiment 07-10_22:29
Epoch 0086 [Train seq (cond on sampled tp)] | Loss 1886031.403832 | MAPE 0.042975 | RMSE 81.744318 | Likelihood -1886028.947047 | KL fp 2.4568 | FP STD 0.2014 | ->nfe   52.25 | <-nfe  268.25
Epoch 0086 [Val seq (cond on sampled tp)] |  MAPE 0.036261 | RMSE 83.740382 |
Epoch 0086 [Test seq (cond on sampled tp)] | MAPE 0.055051 | RMSE 274.330136|
0.060591548681259155,0.052698809653520584,0.051863670349121094
247.76799726508264,277.327451985915,297.89495841655327
Experiment 07-10_22:29
Epoch 0087 [Train seq (cond on sampled tp)] | Loss 1881399.551112 | MAPE 0.081724 | RMSE 83.306351 | Likelihood -1881396.947570 | KL fp 2.6035 | FP STD 0.1885 | ->nfe   52.25 | <-nfe 4313.75
Epoch 0087 [Val seq (cond on sampled tp)] |  MAPE 0.030698 | RMSE 84.875256 |
Epoch 0087 [Test seq (cond on sampled tp)] | MAPE 0.059998 | RMSE 283.949823|
0.06172693893313408,0.05897707864642143,0.059289488941431046
273.50227090007866,290.55300183443296,287.7941973007795
Experiment 07-10_22:29
Epoch 0088 [Train seq (cond on sampled tp)] | Loss 1880086.868490 | MAPE 0.080722 | RMSE 81.469930 | Likelihood -1880084.101184 | KL fp 2.7673 | FP STD 0.1688 | ->nfe   52.25 | <-nfe  764.75
Epoch 0088 [Val seq (cond on sampled tp)] |  MAPE 0.031190 | RMSE 90.278976 |
Epoch 0088 [Test seq (cond on sampled tp)] | MAPE 0.064883 | RMSE 289.106096|
0.06908527761697769,0.0626291036605835,0.0629349797964096
237.3517794066436,309.2708915740374,320.69561844138127
Experiment 07-10_22:29
Epoch 0089 [Train seq (cond on sampled tp)] | Loss 1875990.084573 | MAPE 0.050695 | RMSE 81.675478 | Likelihood -1875987.430842 | KL fp 2.6537 | FP STD 0.1776 | ->nfe   53.00 | <-nfe  331.25
Epoch 0089 [Val seq (cond on sampled tp)] |  MAPE 0.031512 | RMSE 93.619336 |
Epoch 0089 [Test seq (cond on sampled tp)] | MAPE 0.067452 | RMSE 282.690120|
0.07478613406419754,0.06334474682807922,0.06422538310289383
233.716224164049,283.36172498680907,330.9924116388471
Experiment 07-10_22:29
Epoch 0090 [Train seq (cond on sampled tp)] | Loss 1894932.542644 | MAPE 0.043632 | RMSE 86.999227 | Likelihood -1894929.885742 | KL fp 2.6569 | FP STD 0.2082 | ->nfe   53.75 | <-nfe  323.00
Epoch 0090 [Val seq (cond on sampled tp)] |  MAPE 0.033443 | RMSE 90.063197 |
Epoch 0090 [Test seq (cond on sampled tp)] | MAPE 0.059584 | RMSE 272.030710|
0.050906047224998474,0.05440773442387581,0.07343851029872894
220.8358146480095,267.83139519107914,327.42491982895865
Experiment 07-10_22:29
Epoch 0091 [Train seq (cond on sampled tp)] | Loss 1887361.487050 | MAPE 0.045925 | RMSE 83.045945 | Likelihood -1887358.733132 | KL fp 2.7539 | FP STD 0.1732 | ->nfe   53.00 | <-nfe  454.25
Epoch 0091 [Val seq (cond on sampled tp)] |  MAPE 0.027937 | RMSE 84.456003 |
Epoch 0091 [Test seq (cond on sampled tp)] | MAPE 0.057934 | RMSE 273.094144|
0.05269140750169754,0.06132062152028084,0.05979025736451149
206.5421132148357,277.19542688778256,335.54489267458683
Experiment 07-10_22:29
Epoch 0092 [Train seq (cond on sampled tp)] | Loss 1892083.782272 | MAPE 0.044638 | RMSE 83.784547 | Likelihood -1892081.073518 | KL fp 2.7088 | FP STD 0.1869 | ->nfe   55.25 | <-nfe  342.50
Epoch 0092 [Val seq (cond on sampled tp)] |  MAPE 0.034891 | RMSE 83.196263 |
Epoch 0092 [Test seq (cond on sampled tp)] | MAPE 0.066233 | RMSE 268.488964|
0.0679338127374649,0.06171521916985512,0.0690494030714035
247.86860966296237,267.52660498537335,290.0716775643565
Experiment 07-10_22:29
Epoch 0093 [Train seq (cond on sampled tp)] | Loss 1870852.524521 | MAPE 0.121587 | RMSE 80.415578 | Likelihood -1870849.613725 | KL fp 2.9108 | FP STD 0.1600 | ->nfe   56.75 | <-nfe  275.00
Epoch 0093 [Val seq (cond on sampled tp)] |  MAPE 0.024811 | RMSE 85.427418 |
Epoch 0093 [Test seq (cond on sampled tp)] | MAPE 0.043992 | RMSE 318.991677|
0.04567078500986099,0.043178338557481766,0.04312729090452194
284.98081075749644,322.0706565530303,349.9235630819965
Experiment 07-10_22:29
Epoch 0094 [Train seq (cond on sampled tp)] | Loss 1884905.400500 | MAPE 0.047304 | RMSE 85.365016 | Likelihood -1884902.244264 | KL fp 3.1562 | FP STD 0.1326 | ->nfe   54.50 | <-nfe  393.50
Epoch 0094 [Val seq (cond on sampled tp)] |  MAPE 0.031968 | RMSE 106.999179 |
Epoch 0094 [Test seq (cond on sampled tp)] | MAPE 0.054039 | RMSE 311.253867|
0.05254827439785004,0.04996418207883835,0.05960555747151375
259.75536868850276,315.71946606124874,358.28676538493573
Experiment 07-10_22:29
Epoch 0095 [Train seq (cond on sampled tp)] | Loss 1893813.240295 | MAPE 0.038455 | RMSE 83.988426 | Likelihood -1893810.458136 | KL fp 2.7822 | FP STD 0.1655 | ->nfe   53.00 | <-nfe  416.75
Epoch 0095 [Val seq (cond on sampled tp)] |  MAPE 0.034575 | RMSE 84.427255 |
Epoch 0095 [Test seq (cond on sampled tp)] | MAPE 0.064489 | RMSE 303.432349|
0.06394737958908081,0.06161971762776375,0.06790109723806381
269.8685154385372,324.8142858811786,315.6142448662608
Experiment 07-10_22:29
Epoch 0096 [Train seq (cond on sampled tp)] | Loss 1862572.559237 | MAPE 0.085862 | RMSE 79.867861 | Likelihood -1862569.476998 | KL fp 3.0822 | FP STD 0.1460 | ->nfe   54.50 | <-nfe  328.25
Epoch 0096 [Val seq (cond on sampled tp)] |  MAPE 0.031841 | RMSE 86.938250 |
Epoch 0096 [Test seq (cond on sampled tp)] | MAPE 0.062533 | RMSE 291.246788|
0.06466277688741684,0.05564809590578079,0.06728820502758026
252.0105559545076,284.53356842822603,337.1962406188717
Experiment 07-10_22:29
Epoch 0097 [Train seq (cond on sampled tp)] | Loss 1861273.695405 | MAPE 0.047278 | RMSE 79.840713 | Likelihood -1861270.790501 | KL fp 2.9049 | FP STD 0.1669 | ->nfe   54.50 | <-nfe  386.75
Epoch 0097 [Val seq (cond on sampled tp)] |  MAPE 0.029842 | RMSE 83.636479 |
Epoch 0097 [Test seq (cond on sampled tp)] | MAPE 0.057145 | RMSE 279.719844|
0.05236266553401947,0.05609073489904404,0.0629815012216568
244.89936549274682,242.030271544181,352.22989429845387
Experiment 07-10_22:29
Epoch 0098 [Train seq (cond on sampled tp)] | Loss 1873036.468016 | MAPE 0.043718 | RMSE 79.504524 | Likelihood -1873033.559895 | KL fp 2.9081 | FP STD 0.1487 | ->nfe   53.75 | <-nfe  410.00
Epoch 0098 [Val seq (cond on sampled tp)] |  MAPE 0.034073 | RMSE 77.746288 |
Epoch 0098 [Test seq (cond on sampled tp)] | MAPE 0.060132 | RMSE 279.381181|
0.05991673469543457,0.05345958471298218,0.06701913475990295
221.2693317825586,273.10816595718995,343.7660450800806
Experiment 07-10_22:29
Epoch 0099 [Train seq (cond on sampled tp)] | Loss 1869840.818333 | MAPE 0.064299 | RMSE 82.616164 | Likelihood -1869837.822974 | KL fp 2.9954 | FP STD 0.1696 | ->nfe   56.00 | <-nfe  328.25
Epoch 0099 [Val seq (cond on sampled tp)] |  MAPE 0.025140 | RMSE 86.193859 |
Epoch 0099 [Test seq (cond on sampled tp)] | MAPE 0.052912 | RMSE 339.894569|
0.05652811750769615,0.052961986511945724,0.049246128648519516
299.75754525532795,339.45930122402007,380.466859594893
Experiment 07-10_22:29
Epoch 0100 [Train seq (cond on sampled tp)] | Loss 1871718.182857 | MAPE 0.040514 | RMSE 80.458259 | Likelihood -1871715.383039 | KL fp 2.7998 | FP STD 0.1660 | ->nfe   53.75 | <-nfe  339.50
Epoch 0100 [Val seq (cond on sampled tp)] |  MAPE 0.028741 | RMSE 108.854296 |
Epoch 0100 [Test seq (cond on sampled tp)] | MAPE 0.055043 | RMSE 316.445805|
0.053261954337358475,0.05263816565275192,0.05922868475317955
271.43589540165834,305.007453802362,372.8940658886918
