/nvme/yuanjingyang/CG-ODE/run_models_covid.py
run_models_covid.py --heavyBall --gamma_guess 0.0 --corr 5 --solver dopri5 --rtol 1e-2 --atol 1e-4
Namespace(save='experiments/', load=None, dataset='Dec', datapath='data/', pred_length=14, condition_length=21, features='Confirmed,Deaths,Recovered,Mortality_Rate,Testing_Rate,Population,Mobility', split_interval=3, feature_out='Deaths', niters=100, lr=0.005, batch_size=8, random_seed=1991, dropout=0.2, l2=1e-05, optimizer='AdamW', clip=10, edge_lamda=0.5, z0_encoder='GTrans', rec_dims=64, ode_dims=20, rec_layers=1, gen_layers=1, CVPR=False, graf_layer=1, heavyBall=True, actv_h=None, gamma_guess=0.0, gamma_act='sigmoid', corr=5, corrf=True, sign=1, augment_dim=0, solver='dopri5', rtol=0.01, atol=0.0001, alias='run', output_dim=1, feature_out_index=[1], num_atoms=50)
run
Experiment 07-13_11:36
Epoch 0001 [Train seq (cond on sampled tp)] | Loss 4401696.863737 | MAPE 0.063387 | RMSE 286.580513 | Likelihood -4401695.398186 | KL fp 1.4656 | FP STD 0.4428 | ->nfe   91.25 | <-nfe 1528.25
Epoch 0001 [Val seq (cond on sampled tp)] |  MAPE 0.058070 | RMSE 306.329377 |
Best Val!
Epoch 0001 [Test seq (cond on sampled tp)] | MAPE 0.123745 | RMSE 907.149258|
0.13760638236999512,0.12816064059734344,0.10546941310167313
852.5278221266448,938.270683225262,930.6492693276023
0.13760638236999512,0.12816064059734344,0.10546941310167313
852.5278221266448,938.270683225262,930.6492693276023
Epoch 0001 [Test seq (cond on sampled tp)] | Best Test MAPE 0.123745|Best Test RMSE 907.149258|
Experiment 07-13_11:36
Epoch 0002 [Train seq (cond on sampled tp)] | Loss 4219141.485208 | MAPE 0.093438 | RMSE 276.779589 | Likelihood -4219138.462451 | KL fp 3.0228 | FP STD 0.6831 | ->nfe  104.00 | <-nfe 2699.75
Epoch 0002 [Val seq (cond on sampled tp)] |  MAPE 0.066593 | RMSE 282.564111 |
Epoch 0002 [Test seq (cond on sampled tp)] | MAPE 0.111975 | RMSE 869.304512|
0.12040819227695465,0.11483655869960785,0.10068036615848541
813.0090712901056,900.9731891127504,893.9312753226615
0.12040819227695465,0.11483655869960785,0.10068036615848541
813.0090712901056,900.9731891127504,893.9312753226615
Epoch 0002 [Test seq (cond on sampled tp)] | Best Test MAPE 0.111975|Best Test RMSE 869.304512|
Experiment 07-13_11:36
Epoch 0003 [Train seq (cond on sampled tp)] | Loss 3877841.814304 | MAPE 0.235275 | RMSE 257.663551 | Likelihood -3877835.761338 | KL fp 6.0530 | FP STD 0.8229 | ->nfe  108.50 | <-nfe 4191.50
Epoch 0003 [Val seq (cond on sampled tp)] |  MAPE 0.101816 | RMSE 240.426923 |
Epoch 0003 [Test seq (cond on sampled tp)] | MAPE 0.130935 | RMSE 792.766258|
0.1406669020652771,0.13302193582057953,0.11911632120609283
733.0805719700938,825.8567899460536,819.3614129308263
Experiment 07-13_11:36
Epoch 0004 [Train seq (cond on sampled tp)] | Loss 3598710.087787 | MAPE 0.503147 | RMSE 241.614434 | Likelihood -3598701.742057 | KL fp 8.3457 | FP STD 0.8295 | ->nfe  110.00 | <-nfe 15538.25
Epoch 0004 [Val seq (cond on sampled tp)] |  MAPE 0.141637 | RMSE 211.843250 |
Epoch 0004 [Test seq (cond on sampled tp)] | MAPE 0.155074 | RMSE 719.078256|
0.1673087477684021,0.15143610537052155,0.14647634327411652
654.3331767914569,753.2140300074077,749.687559920798
Experiment 07-13_11:36
Epoch 0005 [Train seq (cond on sampled tp)] | Loss 3326816.995158 | MAPE 0.515570 | RMSE 223.928063 | Likelihood -3326810.336127 | KL fp 6.6590 | FP STD 0.6747 | ->nfe  115.25 | <-nfe 7511.75
Epoch 0005 [Val seq (cond on sampled tp)] |  MAPE 0.065039 | RMSE 181.900256 |
Epoch 0005 [Test seq (cond on sampled tp)] | MAPE 0.091603 | RMSE 680.018798|
0.10081049054861069,0.09089307487010956,0.08310528844594955
621.0361050293292,707.1264252239482,711.8938649826953
0.10081049054861069,0.09089307487010956,0.08310528844594955
621.0361050293292,707.1264252239482,711.8938649826953
Epoch 0005 [Test seq (cond on sampled tp)] | Best Test MAPE 0.091603|Best Test RMSE 680.018798|
Experiment 07-13_11:36
Epoch 0006 [Train seq (cond on sampled tp)] | Loss 2936714.661652 | MAPE 0.100136 | RMSE 194.935810 | Likelihood -2936710.424238 | KL fp 4.2374 | FP STD 0.5393 | ->nfe  122.00 | <-nfe 5813.00
Epoch 0006 [Val seq (cond on sampled tp)] |  MAPE 0.031265 | RMSE 153.623036 |
Best Val!
Epoch 0006 [Test seq (cond on sampled tp)] | MAPE 0.056838 | RMSE 607.437974|
0.06473108381032944,0.05657855048775673,0.04920313134789467
539.7964894291181,641.3535004192306,641.1639318458268
0.06473108381032944,0.05657855048775673,0.04920313134789467
539.7964894291181,641.3535004192306,641.1639318458268
Epoch 0006 [Test seq (cond on sampled tp)] | Best Test MAPE 0.056838|Best Test RMSE 607.437974|
Experiment 07-13_11:36
Epoch 0007 [Train seq (cond on sampled tp)] | Loss 2652134.904733 | MAPE 0.047314 | RMSE 171.716284 | Likelihood -2652130.797436 | KL fp 4.1073 | FP STD 0.4632 | ->nfe  131.00 | <-nfe 4850.00
Epoch 0007 [Val seq (cond on sampled tp)] |  MAPE 0.031840 | RMSE 132.337467 |
Epoch 0007 [Test seq (cond on sampled tp)] | MAPE 0.048652 | RMSE 536.332948|
0.047188110649585724,0.05526050552725792,0.043506842106580734
469.56069895169037,567.1409106209849,572.2972348351859
0.047188110649585724,0.05526050552725792,0.043506842106580734
469.56069895169037,567.1409106209849,572.2972348351859
Epoch 0007 [Test seq (cond on sampled tp)] | Best Test MAPE 0.048652|Best Test RMSE 536.332948|
Experiment 07-13_11:36
Epoch 0008 [Train seq (cond on sampled tp)] | Loss 2402253.852405 | MAPE 0.046779 | RMSE 148.600198 | Likelihood -2402249.788643 | KL fp 4.0638 | FP STD 0.3636 | ->nfe  143.75 | <-nfe 3625.25
Epoch 0008 [Val seq (cond on sampled tp)] |  MAPE 0.025645 | RMSE 128.080701 |
Best Val!
Epoch 0008 [Test seq (cond on sampled tp)] | MAPE 0.060031 | RMSE 496.674884|
0.06414534896612167,0.0652843564748764,0.0506620816886425
424.8544603743734,536.5188719886747,528.6513205790751
Experiment 07-13_11:36
Epoch 0009 [Train seq (cond on sampled tp)] | Loss 2263154.060501 | MAPE 0.045897 | RMSE 133.429654 | Likelihood -2263150.165853 | KL fp 3.8946 | FP STD 0.2820 | ->nfe  146.00 | <-nfe 4076.75
Epoch 0009 [Val seq (cond on sampled tp)] |  MAPE 0.023581 | RMSE 99.564898 |
Best Val!
Epoch 0009 [Test seq (cond on sampled tp)] | MAPE 0.048298 | RMSE 406.549364|
0.054009657353162766,0.04376944527029991,0.0471152737736702
344.62511334782323,433.5289242080625,441.49405432010064
0.054009657353162766,0.04376944527029991,0.0471152737736702
344.62511334782323,433.5289242080625,441.49405432010064
Epoch 0009 [Test seq (cond on sampled tp)] | Best Test MAPE 0.048298|Best Test RMSE 406.549364|
Experiment 07-13_11:36
Epoch 0010 [Train seq (cond on sampled tp)] | Loss 2163082.813304 | MAPE 0.037353 | RMSE 122.618236 | Likelihood -2163079.007925 | KL fp 3.8054 | FP STD 0.2700 | ->nfe  147.50 | <-nfe 2483.00
Epoch 0010 [Val seq (cond on sampled tp)] |  MAPE 0.028644 | RMSE 91.436800 |
Epoch 0010 [Test seq (cond on sampled tp)] | MAPE 0.059649 | RMSE 382.192368|
0.06095690652728081,0.05637796223163605,0.06161186099052429
315.9507106535765,414.98962712940187,415.6367667507291
Experiment 07-13_11:36
Epoch 0011 [Train seq (cond on sampled tp)] | Loss 2107468.516249 | MAPE 0.049298 | RMSE 115.848029 | Likelihood -2107464.787479 | KL fp 3.7288 | FP STD 0.2477 | ->nfe  150.50 | <-nfe 2949.50
Epoch 0011 [Val seq (cond on sampled tp)] |  MAPE 0.027231 | RMSE 88.665626 |
Epoch 0011 [Test seq (cond on sampled tp)] | MAPE 0.058831 | RMSE 354.449944|
0.06789152324199677,0.06247205659747124,0.046130724251270294
289.9505749908077,381.8795417078532,391.51971534010903
Experiment 07-13_11:36
Epoch 0012 [Train seq (cond on sampled tp)] | Loss 2050349.627008 | MAPE 0.047708 | RMSE 108.197535 | Likelihood -2050346.208425 | KL fp 3.4186 | FP STD 0.2397 | ->nfe  155.00 | <-nfe 2977.25
Epoch 0012 [Val seq (cond on sampled tp)] |  MAPE 0.026671 | RMSE 80.641677 |
Epoch 0012 [Test seq (cond on sampled tp)] | MAPE 0.051863 | RMSE 321.087715|
0.054394595324993134,0.05124899744987488,0.04994446784257889
266.0285317169946,337.78581647621024,359.44879677083355
Experiment 07-13_11:36
Epoch 0013 [Train seq (cond on sampled tp)] | Loss 2008154.407678 | MAPE 0.037655 | RMSE 102.813267 | Likelihood -2008151.122471 | KL fp 3.2852 | FP STD 0.2546 | ->nfe  158.00 | <-nfe 3308.00
Epoch 0013 [Val seq (cond on sampled tp)] |  MAPE 0.025762 | RMSE 85.247781 |
Epoch 0013 [Test seq (cond on sampled tp)] | MAPE 0.051981 | RMSE 334.580342|
0.05570334196090698,0.05647215619683266,0.043767474591732025
283.9564777391071,358.4065538079626,361.3779941937527
Experiment 07-13_11:36
Epoch 0014 [Train seq (cond on sampled tp)] | Loss 2009872.047264 | MAPE 0.039747 | RMSE 102.840874 | Likelihood -2009868.881258 | KL fp 3.1660 | FP STD 0.2457 | ->nfe  162.50 | <-nfe 4836.50
Epoch 0014 [Val seq (cond on sampled tp)] |  MAPE 0.024845 | RMSE 96.254743 |
Epoch 0014 [Test seq (cond on sampled tp)] | MAPE 0.056994 | RMSE 345.438099|
0.06670257449150085,0.05942505598068237,0.04485580697655678
292.4926014021551,365.9434083639163,377.878287283088
Experiment 07-13_11:36
Epoch 0015 [Train seq (cond on sampled tp)] | Loss 2010252.752110 | MAPE 0.032144 | RMSE 102.433376 | Likelihood -2010249.467246 | KL fp 3.2849 | FP STD 0.2038 | ->nfe  173.00 | <-nfe 4694.00
Epoch 0015 [Val seq (cond on sampled tp)] |  MAPE 0.028169 | RMSE 84.408237 |
Epoch 0015 [Test seq (cond on sampled tp)] | MAPE 0.047239 | RMSE 315.705936|
0.04866882041096687,0.044965583831071854,0.04808400943875313
262.8090591332422,333.68607768005546,350.6226715608961
0.04866882041096687,0.044965583831071854,0.04808400943875313
262.8090591332422,333.68607768005546,350.6226715608961
Epoch 0015 [Test seq (cond on sampled tp)] | Best Test MAPE 0.047239|Best Test RMSE 315.705936|
Experiment 07-13_11:36
Epoch 0016 [Train seq (cond on sampled tp)] | Loss 1982321.599591 | MAPE 0.039780 | RMSE 98.343957 | Likelihood -1982318.526742 | KL fp 3.0728 | FP STD 0.2220 | ->nfe  181.25 | <-nfe 5852.00
Epoch 0016 [Val seq (cond on sampled tp)] |  MAPE 0.023306 | RMSE 75.898855 |
Best Val!
Epoch 0016 [Test seq (cond on sampled tp)] | MAPE 0.052339 | RMSE 301.512708|
0.052893489599227905,0.05342234671115875,0.050702303647994995
257.1129220546879,337.55165114023663,309.87355031931975
Experiment 07-13_11:36
Epoch 0017 [Train seq (cond on sampled tp)] | Loss 1960737.047841 | MAPE 0.032180 | RMSE 95.518048 | Likelihood -1960734.054332 | KL fp 2.9935 | FP STD 0.2437 | ->nfe  183.50 | <-nfe 8199.50
Epoch 0017 [Val seq (cond on sampled tp)] |  MAPE 0.027940 | RMSE 73.758074 |
Epoch 0017 [Test seq (cond on sampled tp)] | MAPE 0.060584 | RMSE 278.711907|
0.0623544380068779,0.0555536262691021,0.06384444981813431
221.49157891723559,286.62870691017673,328.0154340880929
Experiment 07-13_11:36
Epoch 0018 [Train seq (cond on sampled tp)] | Loss 1965126.527906 | MAPE 0.034283 | RMSE 95.996387 | Likelihood -1965123.366037 | KL fp 3.1619 | FP STD 0.2139 | ->nfe  184.25 | <-nfe 8633.00
Epoch 0018 [Val seq (cond on sampled tp)] |  MAPE 0.037048 | RMSE 75.677068 |
Epoch 0018 [Test seq (cond on sampled tp)] | MAPE 0.064423 | RMSE 308.841702|
0.06665457785129547,0.06597910821437836,0.06063462048768997
248.97207423725257,341.83195569972685,335.7210756342235
Experiment 07-13_11:36
Epoch 0019 [Train seq (cond on sampled tp)] | Loss 2042759.895568 | MAPE 0.036070 | RMSE 109.216039 | Likelihood -2042756.707983 | KL fp 3.1876 | FP STD 0.2190 | ->nfe  185.75 | <-nfe 8200.25
Epoch 0019 [Val seq (cond on sampled tp)] |  MAPE 0.028234 | RMSE 98.741426 |
Epoch 0019 [Test seq (cond on sampled tp)] | MAPE 0.060942 | RMSE 303.020291|
0.06746672838926315,0.053890541195869446,0.061468981206417084
258.90092216907993,314.87094330455454,335.2890077977505
Experiment 07-13_11:36
Epoch 0020 [Train seq (cond on sampled tp)] | Loss 1967958.580620 | MAPE 0.032388 | RMSE 95.597983 | Likelihood -1967955.878960 | KL fp 2.7017 | FP STD 0.2480 | ->nfe  184.25 | <-nfe 7159.25
Epoch 0020 [Val seq (cond on sampled tp)] |  MAPE 0.034671 | RMSE 87.090989 |
Epoch 0020 [Test seq (cond on sampled tp)] | MAPE 0.064915 | RMSE 300.743561|
0.06483255326747894,0.06049279123544693,0.06942089647054672
244.85284962350346,324.0157934036549,333.36204043052055
Experiment 07-13_11:36
Epoch 0021 [Train seq (cond on sampled tp)] | Loss 1963928.472116 | MAPE 0.039599 | RMSE 96.550638 | Likelihood -1963925.522783 | KL fp 2.9493 | FP STD 0.2359 | ->nfe  188.75 | <-nfe 10034.75
Epoch 0021 [Val seq (cond on sampled tp)] |  MAPE 0.027304 | RMSE 79.677524 |
Epoch 0021 [Test seq (cond on sampled tp)] | MAPE 0.050485 | RMSE 297.008237|
0.0556502491235733,0.05257032439112663,0.04323500394821167
254.52431888966916,306.36663595274206,330.13375603685245
Experiment 07-13_11:36
Epoch 0022 [Train seq (cond on sampled tp)] | Loss 1947459.325375 | MAPE 0.034752 | RMSE 92.824870 | Likelihood -1947456.346424 | KL fp 2.9790 | FP STD 0.2068 | ->nfe  188.75 | <-nfe 7848.50
Epoch 0022 [Val seq (cond on sampled tp)] |  MAPE 0.023067 | RMSE 86.212455 |
Best Val!
Epoch 0022 [Test seq (cond on sampled tp)] | MAPE 0.049092 | RMSE 302.507781|
0.05207288637757301,0.05085388943552971,0.04434867203235626
275.8143482263024,310.2025799779879,321.50641517705367
Experiment 07-13_11:36
Epoch 0023 [Train seq (cond on sampled tp)] | Loss 1936967.494070 | MAPE 0.034216 | RMSE 91.905614 | Likelihood -1936964.572915 | KL fp 2.9212 | FP STD 0.2192 | ->nfe  190.25 | <-nfe 10679.75
Epoch 0023 [Val seq (cond on sampled tp)] |  MAPE 0.024141 | RMSE 84.040459 |
Epoch 0023 [Test seq (cond on sampled tp)] | MAPE 0.054555 | RMSE 287.456022|
0.04784781485795975,0.05821416899561882,0.05760253220796585
225.22389034303177,289.53928921650686,347.6048852504809
Experiment 07-13_11:36
Epoch 0024 [Train seq (cond on sampled tp)] | Loss 1951105.878500 | MAPE 0.042048 | RMSE 93.862446 | Likelihood -1951103.048176 | KL fp 2.8303 | FP STD 0.2244 | ->nfe  191.75 | <-nfe 13481.75
Epoch 0024 [Val seq (cond on sampled tp)] |  MAPE 0.024637 | RMSE 84.624775 |
Epoch 0024 [Test seq (cond on sampled tp)] | MAPE 0.057660 | RMSE 309.433570|
0.05870616436004639,0.06061830744147301,0.05365543067455292
277.5789442888275,321.26596507022026,329.4558012844819
Experiment 07-13_11:36
Epoch 0025 [Train seq (cond on sampled tp)] | Loss 1948681.007405 | MAPE 0.037653 | RMSE 93.886823 | Likelihood -1948678.414753 | KL fp 2.5927 | FP STD 0.2847 | ->nfe  186.50 | <-nfe 8552.75
Epoch 0025 [Val seq (cond on sampled tp)] |  MAPE 0.031977 | RMSE 91.030231 |
Epoch 0025 [Test seq (cond on sampled tp)] | MAPE 0.052157 | RMSE 315.179775|
0.05983361601829529,0.046506840735673904,0.050129879266023636
269.19589463344346,316.34183449237315,360.00159504854975
Experiment 07-13_11:36
Epoch 0026 [Train seq (cond on sampled tp)] | Loss 2048449.478265 | MAPE 0.037698 | RMSE 106.980935 | Likelihood -2048447.203837 | KL fp 2.2744 | FP STD 0.3391 | ->nfe  186.50 | <-nfe 15247.25
Epoch 0026 [Val seq (cond on sampled tp)] |  MAPE 0.027348 | RMSE 88.965495 |
Epoch 0026 [Test seq (cond on sampled tp)] | MAPE 0.051071 | RMSE 323.736533|
0.05616794154047966,0.051478199660778046,0.04556645452976227
299.5512398780883,333.7244957483643,337.9338646466199
Experiment 07-13_11:36
Epoch 0027 [Train seq (cond on sampled tp)] | Loss 1974880.309193 | MAPE 0.034216 | RMSE 98.540302 | Likelihood -1974877.745348 | KL fp 2.5638 | FP STD 0.2770 | ->nfe  191.75 | <-nfe 11500.25
Epoch 0027 [Val seq (cond on sampled tp)] |  MAPE 0.030148 | RMSE 98.352806 |
Epoch 0027 [Test seq (cond on sampled tp)] | MAPE 0.053065 | RMSE 304.351534|
0.05172672122716904,0.05439101532101631,0.05307769775390625
252.89636279017537,311.7105779003979,348.4476624078572
Experiment 07-13_11:36
Epoch 0028 [Train seq (cond on sampled tp)] | Loss 1941641.820854 | MAPE 0.033743 | RMSE 92.951756 | Likelihood -1941638.934479 | KL fp 2.8864 | FP STD 0.2088 | ->nfe  197.00 | <-nfe 10464.50
Epoch 0028 [Val seq (cond on sampled tp)] |  MAPE 0.024580 | RMSE 87.993844 |
Epoch 0028 [Test seq (cond on sampled tp)] | MAPE 0.048456 | RMSE 284.809870|
0.051027581095695496,0.05203327536582947,0.042307619005441666
229.18046075909263,317.72896517708296,307.5201848049978
Experiment 07-13_11:36
Epoch 0029 [Train seq (cond on sampled tp)] | Loss 1949771.069351 | MAPE 0.033521 | RMSE 92.956237 | Likelihood -1949768.482425 | KL fp 2.5869 | FP STD 0.2405 | ->nfe  194.75 | <-nfe 12455.75
Epoch 0029 [Val seq (cond on sampled tp)] |  MAPE 0.024441 | RMSE 82.636053 |
Epoch 0029 [Test seq (cond on sampled tp)] | MAPE 0.045233 | RMSE 281.281966|
0.0448172464966774,0.04608340188860893,0.04479894042015076
234.1023914604462,285.82320803251787,323.92029787433825
0.0448172464966774,0.04608340188860893,0.04479894042015076
234.1023914604462,285.82320803251787,323.92029787433825
Epoch 0029 [Test seq (cond on sampled tp)] | Best Test MAPE 0.045233|Best Test RMSE 281.281966|
Experiment 07-13_11:36
Epoch 0030 [Train seq (cond on sampled tp)] | Loss 1942728.057017 | MAPE 0.033718 | RMSE 92.923431 | Likelihood -1942725.647452 | KL fp 2.4096 | FP STD 0.2845 | ->nfe  194.75 | <-nfe 5978.75
Epoch 0030 [Val seq (cond on sampled tp)] |  MAPE 0.033628 | RMSE 81.812133 |
Epoch 0030 [Test seq (cond on sampled tp)] | MAPE 0.051798 | RMSE 271.145764|
0.05269360542297363,0.056686680763959885,0.04601321741938591
233.34026589403723,271.5059852010633,308.5910395450587
Experiment 07-13_11:36
Epoch 0031 [Train seq (cond on sampled tp)] | Loss 1942372.781485 | MAPE 0.035154 | RMSE 93.180385 | Likelihood -1942369.988380 | KL fp 2.7931 | FP STD 0.2326 | ->nfe  196.25 | <-nfe 5871.50
Epoch 0031 [Val seq (cond on sampled tp)] |  MAPE 0.024377 | RMSE 83.416535 |
Epoch 0031 [Test seq (cond on sampled tp)] | MAPE 0.051965 | RMSE 298.003767|
0.05918821692466736,0.05459418147802353,0.04211225360631943
252.27126087309273,313.675451800902,328.0645896770939
Experiment 07-13_11:36
Epoch 0032 [Train seq (cond on sampled tp)] | Loss 1919809.144662 | MAPE 0.033933 | RMSE 87.745214 | Likelihood -1919806.525578 | KL fp 2.6191 | FP STD 0.2085 | ->nfe  196.25 | <-nfe 5445.50
Epoch 0032 [Val seq (cond on sampled tp)] |  MAPE 0.025510 | RMSE 87.890196 |
Epoch 0032 [Test seq (cond on sampled tp)] | MAPE 0.052953 | RMSE 306.515029|
0.06039832904934883,0.056064121425151825,0.04239734262228012
271.26399733469975,342.15639698827783,306.12469375239885
Experiment 07-13_11:36
Epoch 0033 [Train seq (cond on sampled tp)] | Loss 1928530.473231 | MAPE 0.033183 | RMSE 90.085200 | Likelihood -1928527.791378 | KL fp 2.6819 | FP STD 0.1984 | ->nfe  195.50 | <-nfe 4743.50
Epoch 0033 [Val seq (cond on sampled tp)] |  MAPE 0.023316 | RMSE 77.883373 |
Epoch 0033 [Test seq (cond on sampled tp)] | MAPE 0.050469 | RMSE 291.146011|
0.05164266377687454,0.055126845836639404,0.044636163860559464
250.28976956719586,319.64858634131326,303.4996782329431
Experiment 07-13_11:36
Epoch 0034 [Train seq (cond on sampled tp)] | Loss 1929688.155189 | MAPE 0.033413 | RMSE 90.096646 | Likelihood -1929685.216555 | KL fp 2.9386 | FP STD 0.1622 | ->nfe  197.75 | <-nfe 6838.25
Epoch 0034 [Val seq (cond on sampled tp)] |  MAPE 0.029730 | RMSE 75.912621 |
Epoch 0034 [Test seq (cond on sampled tp)] | MAPE 0.046016 | RMSE 279.230646|
0.04605984687805176,0.04659222438931465,0.04539616405963898
242.31056550685113,292.2591690178428,303.12220359534865
Experiment 07-13_11:36
Epoch 0035 [Train seq (cond on sampled tp)] | Loss 1924585.998005 | MAPE 0.033939 | RMSE 89.473858 | Likelihood -1924582.972291 | KL fp 3.0257 | FP STD 0.1640 | ->nfe  194.00 | <-nfe 6111.50
Epoch 0035 [Val seq (cond on sampled tp)] |  MAPE 0.022870 | RMSE 81.859326 |
Best Val!
Epoch 0035 [Test seq (cond on sampled tp)] | MAPE 0.051330 | RMSE 301.810173|
0.05476762354373932,0.052254896610975266,0.04696846753358841
253.6098674021774,315.15203424299835,336.6686172076334
Experiment 07-13_11:36
Epoch 0036 [Train seq (cond on sampled tp)] | Loss 1927790.050664 | MAPE 0.044533 | RMSE 89.053814 | Likelihood -1927787.187851 | KL fp 2.8628 | FP STD 0.1668 | ->nfe  197.00 | <-nfe 6212.00
Epoch 0036 [Val seq (cond on sampled tp)] |  MAPE 0.030949 | RMSE 82.531401 |
Epoch 0036 [Test seq (cond on sampled tp)] | MAPE 0.048354 | RMSE 297.137946|
0.054215505719184875,0.05146295949816704,0.03938473016023636
261.9864321391472,312.1328968764747,317.29450781174893
Experiment 07-13_11:36
Epoch 0037 [Train seq (cond on sampled tp)] | Loss 1959482.561061 | MAPE 0.038649 | RMSE 97.157760 | Likelihood -1959479.643237 | KL fp 2.9178 | FP STD 0.1824 | ->nfe  194.75 | <-nfe 5081.75
Epoch 0037 [Val seq (cond on sampled tp)] |  MAPE 0.028246 | RMSE 93.624072 |
Epoch 0037 [Test seq (cond on sampled tp)] | MAPE 0.058432 | RMSE 280.857034|
0.05614689365029335,0.05598916485905647,0.06315942108631134
231.567543804718,285.78645600780317,325.217102967387
Experiment 07-13_11:36
Epoch 0038 [Train seq (cond on sampled tp)] | Loss 1941181.331173 | MAPE 0.032146 | RMSE 90.337750 | Likelihood -1941178.737545 | KL fp 2.5936 | FP STD 0.2006 | ->nfe  192.50 | <-nfe 4168.25
Epoch 0038 [Val seq (cond on sampled tp)] |  MAPE 0.023171 | RMSE 89.671032 |
Epoch 0038 [Test seq (cond on sampled tp)] | MAPE 0.055255 | RMSE 293.001507|
0.05472125858068466,0.05651500076055527,0.05452762171626091
264.2217197497208,287.5882744915029,327.1945259513062
Experiment 07-13_11:36
Epoch 0039 [Train seq (cond on sampled tp)] | Loss 1913971.004743 | MAPE 0.042939 | RMSE 88.338243 | Likelihood -1913968.066599 | KL fp 2.9381 | FP STD 0.1647 | ->nfe  194.00 | <-nfe 4816.25
Epoch 0039 [Val seq (cond on sampled tp)] |  MAPE 0.026284 | RMSE 83.795318 |
Epoch 0039 [Test seq (cond on sampled tp)] | MAPE 0.049323 | RMSE 269.637597|
0.05651712417602539,0.04998709633946419,0.041465166956186295
241.01524361801268,279.82897957949245,288.068568226386
Experiment 07-13_11:36
Epoch 0040 [Train seq (cond on sampled tp)] | Loss 1934189.892182 | MAPE 0.043207 | RMSE 92.953932 | Likelihood -1934186.928587 | KL fp 2.9636 | FP STD 0.1619 | ->nfe  195.50 | <-nfe 4880.75
Epoch 0040 [Val seq (cond on sampled tp)] |  MAPE 0.027809 | RMSE 87.085472 |
Epoch 0040 [Test seq (cond on sampled tp)] | MAPE 0.050882 | RMSE 288.048108|
0.05164423957467079,0.053509410470724106,0.047493770718574524
248.4367295585538,284.5593084051197,331.1482862706676
Experiment 07-13_11:36
Epoch 0041 [Train seq (cond on sampled tp)] | Loss 1896487.718833 | MAPE 0.030249 | RMSE 83.281061 | Likelihood -1896485.192677 | KL fp 2.5262 | FP STD 0.1932 | ->nfe  194.75 | <-nfe 3844.25
Epoch 0041 [Val seq (cond on sampled tp)] |  MAPE 0.022059 | RMSE 88.023687 |
Best Val!
Epoch 0041 [Test seq (cond on sampled tp)] | MAPE 0.053116 | RMSE 291.465239|
0.05867709964513779,0.050789546221494675,0.04988079518079758
257.2537657644684,301.7915127824174,315.35043750960614
Experiment 07-13_11:36
Epoch 0042 [Train seq (cond on sampled tp)] | Loss 1896862.791608 | MAPE 0.035162 | RMSE 85.620279 | Likelihood -1896859.931730 | KL fp 2.8599 | FP STD 0.1666 | ->nfe  197.75 | <-nfe 3844.25
Epoch 0042 [Val seq (cond on sampled tp)] |  MAPE 0.022852 | RMSE 91.011332 |
Epoch 0042 [Test seq (cond on sampled tp)] | MAPE 0.052700 | RMSE 275.032729|
0.05550367385149002,0.05449315905570984,0.0481044203042984
247.7702359924412,266.98134590734986,310.3466056282878
Experiment 07-13_11:36
Epoch 0043 [Train seq (cond on sampled tp)] | Loss 1895399.819098 | MAPE 0.036187 | RMSE 84.800125 | Likelihood -1895396.978548 | KL fp 2.8405 | FP STD 0.1635 | ->nfe  195.50 | <-nfe 2928.50
Epoch 0043 [Val seq (cond on sampled tp)] |  MAPE 0.022177 | RMSE 83.287013 |
Epoch 0043 [Test seq (cond on sampled tp)] | MAPE 0.052761 | RMSE 302.611861|
0.05521158128976822,0.05471676588058472,0.04835520684719086
247.76418192254908,308.7311102521092,351.34029088620053
Experiment 07-13_11:36
Epoch 0044 [Train seq (cond on sampled tp)] | Loss 1913029.286170 | MAPE 0.041674 | RMSE 89.232447 | Likelihood -1913026.700638 | KL fp 2.5855 | FP STD 0.1946 | ->nfe  197.00 | <-nfe 3137.00
Epoch 0044 [Val seq (cond on sampled tp)] |  MAPE 0.025396 | RMSE 91.633324 |
Epoch 0044 [Test seq (cond on sampled tp)] | MAPE 0.054854 | RMSE 348.787575|
0.06013841554522514,0.04998951777815819,0.05443393439054489
340.97902473979246,339.4077562460823,365.97594268612795
Experiment 07-13_11:36
Epoch 0045 [Train seq (cond on sampled tp)] | Loss 1898177.148130 | MAPE 0.033957 | RMSE 84.225308 | Likelihood -1898174.776690 | KL fp 2.3714 | FP STD 0.2269 | ->nfe  197.00 | <-nfe 1878.50
Epoch 0045 [Val seq (cond on sampled tp)] |  MAPE 0.027086 | RMSE 96.400841 |
Epoch 0045 [Test seq (cond on sampled tp)] | MAPE 0.058344 | RMSE 297.881744|
0.05679551139473915,0.06115381419658661,0.05708121135830879
279.1764674896507,288.4426665301096,326.0260965398322
Experiment 07-13_11:36
Epoch 0046 [Train seq (cond on sampled tp)] | Loss 1901629.619678 | MAPE 0.045638 | RMSE 87.198373 | Likelihood -1901626.981266 | KL fp 2.6384 | FP STD 0.1913 | ->nfe  200.00 | <-nfe 3012.50
Epoch 0046 [Val seq (cond on sampled tp)] |  MAPE 0.024399 | RMSE 90.145317 |
Epoch 0046 [Test seq (cond on sampled tp)] | MAPE 0.056395 | RMSE 303.777619|
0.0649685487151146,0.056449197232723236,0.047768283635377884
285.29107942590844,302.2859263181136,323.75585178109134
Experiment 07-13_11:36
Epoch 0047 [Train seq (cond on sampled tp)] | Loss 1884291.271463 | MAPE 0.037473 | RMSE 82.542658 | Likelihood -1884288.755694 | KL fp 2.5158 | FP STD 0.2116 | ->nfe  203.00 | <-nfe 1985.75
Epoch 0047 [Val seq (cond on sampled tp)] |  MAPE 0.032649 | RMSE 97.142690 |
Epoch 0047 [Test seq (cond on sampled tp)] | MAPE 0.059812 | RMSE 311.121718|
0.06735534220933914,0.0627080425620079,0.04937196522951126
271.38503263352607,303.9495486507588,358.0305721932137
Experiment 07-13_11:36
Epoch 0048 [Train seq (cond on sampled tp)] | Loss 1879422.199702 | MAPE 0.031876 | RMSE 81.585096 | Likelihood -1879419.607157 | KL fp 2.5925 | FP STD 0.1874 | ->nfe  203.00 | <-nfe 1496.00
Epoch 0048 [Val seq (cond on sampled tp)] |  MAPE 0.023037 | RMSE 90.362475 |
Epoch 0048 [Test seq (cond on sampled tp)] | MAPE 0.053934 | RMSE 316.420652|
0.057782672345638275,0.0528908297419548,0.05112845450639725
271.7394920921506,324.8849916701293,352.6374731930797
Experiment 07-13_11:36
Epoch 0049 [Train seq (cond on sampled tp)] | Loss 1903304.205174 | MAPE 0.032312 | RMSE 84.378094 | Likelihood -1903301.642756 | KL fp 2.5624 | FP STD 0.1704 | ->nfe  206.00 | <-nfe 1335.50
Epoch 0049 [Val seq (cond on sampled tp)] |  MAPE 0.023149 | RMSE 94.581877 |
Epoch 0049 [Test seq (cond on sampled tp)] | MAPE 0.052238 | RMSE 261.438801|
0.05380703881382942,0.05306539312005043,0.04984181001782417
251.74957329904257,240.14282859373503,292.42400187912074
Experiment 07-13_11:36
Epoch 0050 [Train seq (cond on sampled tp)] | Loss 1889038.010781 | MAPE 0.035859 | RMSE 84.806600 | Likelihood -1889035.183926 | KL fp 2.8269 | FP STD 0.1649 | ->nfe  212.75 | <-nfe 3677.75
Epoch 0050 [Val seq (cond on sampled tp)] |  MAPE 0.020985 | RMSE 78.964620 |
Best Val!
Epoch 0050 [Test seq (cond on sampled tp)] | MAPE 0.056520 | RMSE 309.003080|
0.05796248838305473,0.05794105306267738,0.05365665256977081
278.37191287017447,282.03282721165635,366.604499938285
Experiment 07-13_11:36
Epoch 0051 [Train seq (cond on sampled tp)] | Loss 1889129.950813 | MAPE 0.037091 | RMSE 84.253696 | Likelihood -1889127.119089 | KL fp 2.8317 | FP STD 0.1543 | ->nfe  212.00 | <-nfe 1900.25
Epoch 0051 [Val seq (cond on sampled tp)] |  MAPE 0.028492 | RMSE 94.794906 |
Epoch 0051 [Test seq (cond on sampled tp)] | MAPE 0.056185 | RMSE 315.606125|
0.05803101509809494,0.056163616478443146,0.05436022952198982
269.5822143845918,290.73880836156013,386.49735202844533
Experiment 07-13_11:36
Epoch 0052 [Train seq (cond on sampled tp)] | Loss 1885701.544672 | MAPE 0.035352 | RMSE 81.780706 | Likelihood -1885699.071393 | KL fp 2.4733 | FP STD 0.1962 | ->nfe  212.75 | <-nfe 1971.50
Epoch 0052 [Val seq (cond on sampled tp)] |  MAPE 0.023196 | RMSE 86.189531 |
Epoch 0052 [Test seq (cond on sampled tp)] | MAPE 0.057695 | RMSE 316.505837|
0.05801866948604584,0.0601671002805233,0.054900042712688446
288.061286339383,298.6984918986033,362.757731654337
Experiment 07-13_11:36
Epoch 0053 [Train seq (cond on sampled tp)] | Loss 1881471.287033 | MAPE 0.035336 | RMSE 81.985835 | Likelihood -1881468.754186 | KL fp 2.5328 | FP STD 0.2002 | ->nfe  216.50 | <-nfe 2617.25
Epoch 0053 [Val seq (cond on sampled tp)] |  MAPE 0.022970 | RMSE 84.947370 |
Epoch 0053 [Test seq (cond on sampled tp)] | MAPE 0.059830 | RMSE 328.593403|
0.07054054737091064,0.05361675098538399,0.0553324893116951
306.43403908916514,294.241822316271,385.10434868357436
Experiment 07-13_11:36
Epoch 0054 [Train seq (cond on sampled tp)] | Loss 1891311.261685 | MAPE 0.035963 | RMSE 86.319117 | Likelihood -1891308.830139 | KL fp 2.4315 | FP STD 0.2388 | ->nfe  226.25 | <-nfe 22186.25
Epoch 0054 [Val seq (cond on sampled tp)] |  MAPE 0.025273 | RMSE 97.148279 |
Epoch 0054 [Test seq (cond on sampled tp)] | MAPE 0.060706 | RMSE 319.672865|
0.061292827129364014,0.05937131121754646,0.061453647911548615
301.08743020093016,304.00880178458647,353.9223630437896
Experiment 07-13_11:36
Epoch 0055 [Train seq (cond on sampled tp)] | Loss 1912828.017300 | MAPE 0.033890 | RMSE 87.957004 | Likelihood -1912825.656611 | KL fp 2.3607 | FP STD 0.1991 | ->nfe  233.00 | <-nfe 15567.50
Epoch 0055 [Val seq (cond on sampled tp)] |  MAPE 0.035967 | RMSE 91.890385 |
Epoch 0055 [Test seq (cond on sampled tp)] | MAPE 0.073533 | RMSE 306.171321|
0.07640852779150009,0.06960289180278778,0.0745869129896164
285.977777217916,302.7106059217285,329.8255812736483
Experiment 07-13_11:36
Epoch 0056 [Train seq (cond on sampled tp)] | Loss 1908839.426121 | MAPE 0.033775 | RMSE 86.796142 | Likelihood -1908837.092039 | KL fp 2.3341 | FP STD 0.1970 | ->nfe  216.50 | <-nfe 8039.00
Epoch 0056 [Val seq (cond on sampled tp)] |  MAPE 0.025429 | RMSE 109.476239 |
Epoch 0056 [Test seq (cond on sampled tp)] | MAPE 0.062062 | RMSE 349.718931|
0.06482276320457458,0.0655486211180687,0.05581331253051758
347.0720949060872,368.15456163138873,333.9301363122232
Experiment 07-13_11:36
Epoch 0057 [Train seq (cond on sampled tp)] | Loss 1907337.571319 | MAPE 0.034982 | RMSE 87.327625 | Likelihood -1907335.238981 | KL fp 2.3323 | FP STD 0.2204 | ->nfe  215.00 | <-nfe  296.00
Epoch 0057 [Val seq (cond on sampled tp)] |  MAPE 0.024114 | RMSE 98.011280 |
Epoch 0057 [Test seq (cond on sampled tp)] | MAPE 0.057864 | RMSE 296.794052|
0.06809661537408829,0.057511795312166214,0.047985076904296875
295.5793833727244,312.3453492330244,282.45742212322904
Experiment 07-13_11:36
Epoch 0058 [Train seq (cond on sampled tp)] | Loss 1914370.858109 | MAPE 0.032877 | RMSE 87.307112 | Likelihood -1914368.292854 | KL fp 2.5653 | FP STD 0.1981 | ->nfe  216.50 | <-nfe  328.25
Epoch 0058 [Val seq (cond on sampled tp)] |  MAPE 0.023925 | RMSE 91.584324 |
Epoch 0058 [Test seq (cond on sampled tp)] | MAPE 0.051942 | RMSE 245.612941|
0.05719447880983353,0.04898693412542343,0.049645815044641495
204.53413147320913,260.1667584214017,272.13793320208043
Experiment 07-13_11:36
Epoch 0059 [Train seq (cond on sampled tp)] | Loss 1899086.685359 | MAPE 0.034825 | RMSE 85.636590 | Likelihood -1899084.284637 | KL fp 2.4007 | FP STD 0.2005 | ->nfe  221.00 | <-nfe  269.00
Epoch 0059 [Val seq (cond on sampled tp)] |  MAPE 0.032715 | RMSE 106.213353 |
Epoch 0059 [Test seq (cond on sampled tp)] | MAPE 0.069641 | RMSE 299.628999|
0.070514015853405,0.06444493681192398,0.0739627555012703
291.7502811695303,274.9989204524265,332.13779614039714
Experiment 07-13_11:36
Epoch 0060 [Train seq (cond on sampled tp)] | Loss 1874990.491365 | MAPE 0.033208 | RMSE 83.090559 | Likelihood -1874987.773343 | KL fp 2.7180 | FP STD 0.1882 | ->nfe  220.25 | <-nfe  284.75
Epoch 0060 [Val seq (cond on sampled tp)] |  MAPE 0.031959 | RMSE 110.679467 |
Epoch 0060 [Test seq (cond on sampled tp)] | MAPE 0.069007 | RMSE 337.481078|
0.06633681058883667,0.07342544198036194,0.0672595277428627
333.30576708931994,339.49523652770154,339.6422290440339
Experiment 07-13_11:36
Epoch 0061 [Train seq (cond on sampled tp)] | Loss 1863895.774157 | MAPE 0.032146 | RMSE 78.706855 | Likelihood -1863893.251313 | KL fp 2.5228 | FP STD 0.1923 | ->nfe  219.50 | <-nfe  265.25
Epoch 0061 [Val seq (cond on sampled tp)] |  MAPE 0.036735 | RMSE 89.286284 |
Epoch 0061 [Test seq (cond on sampled tp)] | MAPE 0.068645 | RMSE 299.951371|
0.07195910066366196,0.06480225175619125,0.06917248666286469
295.0574361459138,262.4998958333127,342.29678049537654
Experiment 07-13_11:36
Epoch 0062 [Train seq (cond on sampled tp)] | Loss 1858669.111239 | MAPE 0.031697 | RMSE 77.141985 | Likelihood -1858666.514209 | KL fp 2.5970 | FP STD 0.1817 | ->nfe  220.25 | <-nfe  254.00
Epoch 0062 [Val seq (cond on sampled tp)] |  MAPE 0.036984 | RMSE 84.782195 |
Epoch 0062 [Test seq (cond on sampled tp)] | MAPE 0.065548 | RMSE 278.952689|
0.06783651560544968,0.06167081370949745,0.06713772565126419
246.26159553917455,272.64997306528386,317.9464995286157
Experiment 07-13_11:36
Epoch 0063 [Train seq (cond on sampled tp)] | Loss 1896174.434213 | MAPE 0.033013 | RMSE 85.791475 | Likelihood -1896171.908566 | KL fp 2.5256 | FP STD 0.1901 | ->nfe  218.75 | <-nfe  266.75
Epoch 0063 [Val seq (cond on sampled tp)] |  MAPE 0.027579 | RMSE 86.992019 |
Epoch 0063 [Test seq (cond on sampled tp)] | MAPE 0.063340 | RMSE 272.259211|
0.0705154612660408,0.059212904423475266,0.06029212474822998
268.96789132255174,274.39401984190545,273.41572056119963
Experiment 07-13_11:36
Epoch 0064 [Train seq (cond on sampled tp)] | Loss 1875868.222724 | MAPE 0.033530 | RMSE 81.452404 | Likelihood -1875865.622798 | KL fp 2.5999 | FP STD 0.1866 | ->nfe  219.50 | <-nfe  296.75
Epoch 0064 [Val seq (cond on sampled tp)] |  MAPE 0.028457 | RMSE 88.056237 |
Epoch 0064 [Test seq (cond on sampled tp)] | MAPE 0.067601 | RMSE 329.159232|
0.06855874508619308,0.06488380581140518,0.06936123222112656
327.2630703081238,317.96403098463827,342.2505934983897
Experiment 07-13_11:36
Epoch 0065 [Train seq (cond on sampled tp)] | Loss 1870121.516920 | MAPE 0.032331 | RMSE 79.031900 | Likelihood -1870118.880961 | KL fp 2.6360 | FP STD 0.1891 | ->nfe  221.00 | <-nfe  277.25
Epoch 0065 [Val seq (cond on sampled tp)] |  MAPE 0.028138 | RMSE 92.470593 |
Epoch 0065 [Test seq (cond on sampled tp)] | MAPE 0.067488 | RMSE 287.465026|
0.06638483703136444,0.06972167640924454,0.06635752320289612
265.0115858316387,256.008010738922,341.37548059285103
Experiment 07-13_11:36
Epoch 0066 [Train seq (cond on sampled tp)] | Loss 1908710.463717 | MAPE 0.035200 | RMSE 85.595888 | Likelihood -1908707.666336 | KL fp 2.7974 | FP STD 0.1618 | ->nfe  219.50 | <-nfe  285.50
Epoch 0066 [Val seq (cond on sampled tp)] |  MAPE 0.027366 | RMSE 85.237710 |
Epoch 0066 [Test seq (cond on sampled tp)] | MAPE 0.060454 | RMSE 296.071357|
0.058022983372211456,0.06520938128232956,0.05813079699873924
261.77984548089256,311.3742598345277,315.0599645305636
Experiment 07-13_11:36
Epoch 0067 [Train seq (cond on sampled tp)] | Loss 1875862.540026 | MAPE 0.032414 | RMSE 81.108321 | Likelihood -1875860.089311 | KL fp 2.4507 | FP STD 0.1986 | ->nfe  220.25 | <-nfe  299.00
Epoch 0067 [Val seq (cond on sampled tp)] |  MAPE 0.029348 | RMSE 90.114432 |
Epoch 0067 [Test seq (cond on sampled tp)] | MAPE 0.059788 | RMSE 300.278093|
0.06160520389676094,0.06089048832654953,0.05686885863542557
263.66762635465886,314.8709805221815,322.29567170534574
Experiment 07-13_11:36
Epoch 0068 [Train seq (cond on sampled tp)] | Loss 1882489.041042 | MAPE 0.040419 | RMSE 83.186912 | Likelihood -1882486.578980 | KL fp 2.4621 | FP STD 0.2141 | ->nfe  222.50 | <-nfe  303.50
Epoch 0068 [Val seq (cond on sampled tp)] |  MAPE 0.022988 | RMSE 89.845655 |
Epoch 0068 [Test seq (cond on sampled tp)] | MAPE 0.054450 | RMSE 300.871342|
0.06213432177901268,0.05320611968636513,0.048008497804403305
296.0436385695528,317.74666845224357,288.8237189446185
Experiment 07-13_11:36
Epoch 0069 [Train seq (cond on sampled tp)] | Loss 1910821.990187 | MAPE 0.032890 | RMSE 85.996187 | Likelihood -1910819.851738 | KL fp 2.1384 | FP STD 0.2617 | ->nfe  218.75 | <-nfe  285.50
Epoch 0069 [Val seq (cond on sampled tp)] |  MAPE 0.023293 | RMSE 91.539070 |
Epoch 0069 [Test seq (cond on sampled tp)] | MAPE 0.056776 | RMSE 304.390590|
0.06280967593193054,0.05691002309322357,0.050608571618795395
290.51200760467714,293.23621291119554,329.4235495528515
Experiment 07-13_11:36
Epoch 0070 [Train seq (cond on sampled tp)] | Loss 1887962.421857 | MAPE 0.035880 | RMSE 84.202452 | Likelihood -1887959.943162 | KL fp 2.4787 | FP STD 0.2283 | ->nfe  226.25 | <-nfe  284.00
Epoch 0070 [Val seq (cond on sampled tp)] |  MAPE 0.027833 | RMSE 91.150867 |
Epoch 0070 [Test seq (cond on sampled tp)] | MAPE 0.060205 | RMSE 328.071860|
0.05748923495411873,0.05951952189207077,0.06360670924186707
292.8673707926508,324.9642528417549,366.38395587825624
Experiment 07-13_11:36
Epoch 0071 [Train seq (cond on sampled tp)] | Loss 1867040.925820 | MAPE 0.031504 | RMSE 78.480738 | Likelihood -1867038.225029 | KL fp 2.7008 | FP STD 0.1646 | ->nfe  224.75 | <-nfe  283.25
Epoch 0071 [Val seq (cond on sampled tp)] |  MAPE 0.029515 | RMSE 94.541518 |
Epoch 0071 [Test seq (cond on sampled tp)] | MAPE 0.059194 | RMSE 299.281543|
0.06504922360181808,0.05958913266658783,0.052943337708711624
274.05288609135283,322.19018548832304,301.6015583514117
Experiment 07-13_11:36
Epoch 0072 [Train seq (cond on sampled tp)] | Loss 1875616.022104 | MAPE 0.036046 | RMSE 80.077078 | Likelihood -1875613.511259 | KL fp 2.5108 | FP STD 0.1804 | ->nfe  225.50 | <-nfe  281.00
Epoch 0072 [Val seq (cond on sampled tp)] |  MAPE 0.034863 | RMSE 82.953753 |
Epoch 0072 [Test seq (cond on sampled tp)] | MAPE 0.071032 | RMSE 323.676552|
0.06533806771039963,0.07376358658075333,0.07399334013462067
285.4938429721384,325.6804055550472,359.85540716029266
Experiment 07-13_11:36
Epoch 0073 [Train seq (cond on sampled tp)] | Loss 1853908.525408 | MAPE 0.029382 | RMSE 77.435276 | Likelihood -1853905.849050 | KL fp 2.6764 | FP STD 0.1555 | ->nfe  228.50 | <-nfe  272.75
Epoch 0073 [Val seq (cond on sampled tp)] |  MAPE 0.028449 | RMSE 80.074596 |
Epoch 0073 [Test seq (cond on sampled tp)] | MAPE 0.049009 | RMSE 290.064218|
0.052989501506090164,0.04865655303001404,0.04538114741444588
239.09436062201468,298.30599851494776,332.79229398755615
Experiment 07-13_11:36
Epoch 0074 [Train seq (cond on sampled tp)] | Loss 1862671.583231 | MAPE 0.034642 | RMSE 79.464869 | Likelihood -1862668.862845 | KL fp 2.7204 | FP STD 0.1602 | ->nfe  231.50 | <-nfe  333.50
Epoch 0074 [Val seq (cond on sampled tp)] |  MAPE 0.023515 | RMSE 86.517887 |
Epoch 0074 [Test seq (cond on sampled tp)] | MAPE 0.048212 | RMSE 289.503240|
0.04815204069018364,0.048431336879730225,0.048052359372377396
246.39962934986326,278.7849893959501,343.3251010339908
Experiment 07-13_11:36
Epoch 0075 [Train seq (cond on sampled tp)] | Loss 1864671.646208 | MAPE 0.033580 | RMSE 80.636118 | Likelihood -1864668.967444 | KL fp 2.6788 | FP STD 0.1609 | ->nfe  232.25 | <-nfe  299.00
Epoch 0075 [Val seq (cond on sampled tp)] |  MAPE 0.025017 | RMSE 88.434491 |
Epoch 0075 [Test seq (cond on sampled tp)] | MAPE 0.049962 | RMSE 306.127423|
0.05591428652405739,0.04754089191555977,0.0464317612349987
290.04020464842455,309.2900009497559,319.0520627577888
Experiment 07-13_11:36
Epoch 0076 [Train seq (cond on sampled tp)] | Loss 1869491.451085 | MAPE 0.036601 | RMSE 80.663252 | Likelihood -1869488.957126 | KL fp 2.4940 | FP STD 0.1836 | ->nfe  231.50 | <-nfe  271.25
Epoch 0076 [Val seq (cond on sampled tp)] |  MAPE 0.025266 | RMSE 77.175809 |
Epoch 0076 [Test seq (cond on sampled tp)] | MAPE 0.054993 | RMSE 322.726705|
0.05972777307033539,0.05415903776884079,0.051093440502882004
311.5808733298628,340.9720021497366,315.62724009106057
Experiment 07-13_11:36
Epoch 0077 [Train seq (cond on sampled tp)] | Loss 1876446.363773 | MAPE 0.031030 | RMSE 79.853102 | Likelihood -1876443.772092 | KL fp 2.5917 | FP STD 0.1681 | ->nfe  235.25 | <-nfe  298.25
Epoch 0077 [Val seq (cond on sampled tp)] |  MAPE 0.024245 | RMSE 105.880654 |
Epoch 0077 [Test seq (cond on sampled tp)] | MAPE 0.050013 | RMSE 310.636882|
0.056516654789447784,0.04843960702419281,0.04508250206708908
314.8152483997559,307.1736962819245,309.92170130131257
Experiment 07-13_11:36
Epoch 0078 [Train seq (cond on sampled tp)] | Loss 1881085.515540 | MAPE 0.037647 | RMSE 84.052569 | Likelihood -1881082.842552 | KL fp 2.6730 | FP STD 0.1771 | ->nfe  232.25 | <-nfe  306.50
Epoch 0078 [Val seq (cond on sampled tp)] |  MAPE 0.022360 | RMSE 87.870796 |
Epoch 0078 [Test seq (cond on sampled tp)] | MAPE 0.048469 | RMSE 300.001742|
0.054714545607566833,0.04652237892150879,0.04417065531015396
299.2557695767953,293.340818737352,307.40863734205647
Experiment 07-13_11:36
Epoch 0079 [Train seq (cond on sampled tp)] | Loss 1852797.105753 | MAPE 0.031026 | RMSE 76.725013 | Likelihood -1852794.259089 | KL fp 2.8467 | FP STD 0.1425 | ->nfe  231.50 | <-nfe  290.00
Epoch 0079 [Val seq (cond on sampled tp)] |  MAPE 0.025240 | RMSE 86.832732 |
Epoch 0079 [Test seq (cond on sampled tp)] | MAPE 0.058510 | RMSE 345.987521|
0.05674024298787117,0.05840395763516426,0.06038495898246765
328.9703871551359,348.744690819803,360.2474843770599
Experiment 07-13_11:36
Epoch 0080 [Train seq (cond on sampled tp)] | Loss 1866563.986388 | MAPE 0.033449 | RMSE 78.367649 | Likelihood -1866561.302676 | KL fp 2.6837 | FP STD 0.1500 | ->nfe  238.25 | <-nfe  288.50
Epoch 0080 [Val seq (cond on sampled tp)] |  MAPE 0.024177 | RMSE 83.716989 |
Epoch 0080 [Test seq (cond on sampled tp)] | MAPE 0.056236 | RMSE 328.037270|
0.05576559528708458,0.053922880440950394,0.05901861935853958
322.36478512315824,342.4571026968195,319.28992262127537
Experiment 07-13_11:36
Epoch 0081 [Train seq (cond on sampled tp)] | Loss 1849238.956418 | MAPE 0.031983 | RMSE 75.537506 | Likelihood -1849236.017515 | KL fp 2.9389 | FP STD 0.1369 | ->nfe  239.00 | <-nfe  286.25
Epoch 0081 [Val seq (cond on sampled tp)] |  MAPE 0.024883 | RMSE 85.713227 |
Epoch 0081 [Test seq (cond on sampled tp)] | MAPE 0.051160 | RMSE 294.825937|
0.051458340138196945,0.04798043519258499,0.0540398433804512
268.14256935443876,281.122679514656,335.21256082894627
Experiment 07-13_11:36
Epoch 0082 [Train seq (cond on sampled tp)] | Loss 1852521.840252 | MAPE 0.032274 | RMSE 77.303136 | Likelihood -1852519.095840 | KL fp 2.7444 | FP STD 0.1453 | ->nfe  236.75 | <-nfe  324.50
Epoch 0082 [Val seq (cond on sampled tp)] |  MAPE 0.022644 | RMSE 90.752260 |
Epoch 0082 [Test seq (cond on sampled tp)] | MAPE 0.053440 | RMSE 303.905079|
0.05975481867790222,0.05180470645427704,0.048761725425720215
291.71973921899763,273.4162206005708,346.57927709616456
Experiment 07-13_11:36
Epoch 0083 [Train seq (cond on sampled tp)] | Loss 1870902.957417 | MAPE 0.030997 | RMSE 81.742177 | Likelihood -1870900.103972 | KL fp 2.8534 | FP STD 0.1524 | ->nfe  240.50 | <-nfe  314.75
Epoch 0083 [Val seq (cond on sampled tp)] |  MAPE 0.023391 | RMSE 81.314557 |
Epoch 0083 [Test seq (cond on sampled tp)] | MAPE 0.053568 | RMSE 293.226849|
0.05853469669818878,0.05200802534818649,0.05016046389937401
251.76740878239184,274.98663319787016,352.9265039459349
Experiment 07-13_11:36
Epoch 0084 [Train seq (cond on sampled tp)] | Loss 1857940.465748 | MAPE 0.032150 | RMSE 77.744154 | Likelihood -1857937.848782 | KL fp 2.6170 | FP STD 0.1726 | ->nfe  239.75 | <-nfe  321.50
Epoch 0084 [Val seq (cond on sampled tp)] |  MAPE 0.023491 | RMSE 81.745992 |
Epoch 0084 [Test seq (cond on sampled tp)] | MAPE 0.053400 | RMSE 294.862967|
0.058587245643138885,0.05443890765309334,0.047173984348773956
265.1259871504489,277.2181986946384,342.24471553626654
Experiment 07-13_11:36
Epoch 0085 [Train seq (cond on sampled tp)] | Loss 1871885.085053 | MAPE 0.034901 | RMSE 79.832779 | Likelihood -1871882.554951 | KL fp 2.5301 | FP STD 0.1840 | ->nfe  242.75 | <-nfe  278.75
Epoch 0085 [Val seq (cond on sampled tp)] |  MAPE 0.025970 | RMSE 90.903876 |
Epoch 0085 [Test seq (cond on sampled tp)] | MAPE 0.053285 | RMSE 289.915992|
0.06093515083193779,0.05193697661161423,0.04698418825864792
257.1425310017773,274.4320413371952,338.17340226576067
Experiment 07-13_11:36
Epoch 0086 [Train seq (cond on sampled tp)] | Loss 1867981.058032 | MAPE 0.034862 | RMSE 79.427762 | Likelihood -1867978.425335 | KL fp 2.6327 | FP STD 0.1667 | ->nfe  246.50 | <-nfe  328.25
Epoch 0086 [Val seq (cond on sampled tp)] |  MAPE 0.027222 | RMSE 79.345387 |
Epoch 0086 [Test seq (cond on sampled tp)] | MAPE 0.052839 | RMSE 265.689076|
0.05522959679365158,0.05193866789340973,0.05135006457567215
223.0054389050859,256.3770112061532,317.68477644907694
Experiment 07-13_11:36
Epoch 0087 [Train seq (cond on sampled tp)] | Loss 1874833.402152 | MAPE 0.032079 | RMSE 80.704156 | Likelihood -1874830.968175 | KL fp 2.4340 | FP STD 0.1792 | ->nfe  245.75 | <-nfe  275.75
Epoch 0087 [Val seq (cond on sampled tp)] |  MAPE 0.027783 | RMSE 81.730487 |
Epoch 0087 [Test seq (cond on sampled tp)] | MAPE 0.052179 | RMSE 266.509481|
0.058444879949092865,0.051220979541540146,0.04686984792351723
233.6406161180029,252.01601201610185,313.8718140021496
Experiment 07-13_11:36
Epoch 0088 [Train seq (cond on sampled tp)] | Loss 1906473.819404 | MAPE 0.043425 | RMSE 88.855440 | Likelihood -1906471.403634 | KL fp 2.4158 | FP STD 0.1929 | ->nfe  249.50 | <-nfe  306.50
Epoch 0088 [Val seq (cond on sampled tp)] |  MAPE 0.028438 | RMSE 93.921687 |
Epoch 0088 [Test seq (cond on sampled tp)] | MAPE 0.053575 | RMSE 307.178174|
0.06320164352655411,0.050678275525569916,0.046846192330121994
267.1650940897781,290.7544604129058,363.61496634489623
Experiment 07-13_11:36
Epoch 0089 [Train seq (cond on sampled tp)] | Loss 1932016.418961 | MAPE 0.040420 | RMSE 90.523371 | Likelihood -1932013.976343 | KL fp 2.4426 | FP STD 0.1607 | ->nfe  244.25 | <-nfe  311.00
Epoch 0089 [Val seq (cond on sampled tp)] |  MAPE 0.029006 | RMSE 96.166522 |
Epoch 0089 [Test seq (cond on sampled tp)] | MAPE 0.071312 | RMSE 316.972750|
0.06416205316781998,0.07070744037628174,0.07906533032655716
249.38242470150138,326.71530515878806,374.82051954902363
Experiment 07-13_11:36
Epoch 0090 [Train seq (cond on sampled tp)] | Loss 1874272.755786 | MAPE 0.033399 | RMSE 80.675150 | Likelihood -1874270.454019 | KL fp 2.3018 | FP STD 0.1933 | ->nfe  257.00 | <-nfe  287.00
Epoch 0090 [Val seq (cond on sampled tp)] |  MAPE 0.029526 | RMSE 85.651955 |
Epoch 0090 [Test seq (cond on sampled tp)] | MAPE 0.055853 | RMSE 307.117970|
0.05169039964675903,0.05806463211774826,0.05780455842614174
281.1707805098176,296.2442378131598,343.93889128375696
Experiment 07-13_11:36
Epoch 0091 [Train seq (cond on sampled tp)] | Loss 1859512.307525 | MAPE 0.034184 | RMSE 78.557815 | Likelihood -1859509.772887 | KL fp 2.5346 | FP STD 0.1654 | ->nfe  258.50 | <-nfe  297.50
Epoch 0091 [Val seq (cond on sampled tp)] |  MAPE 0.026568 | RMSE 94.772682 |
Epoch 0091 [Test seq (cond on sampled tp)] | MAPE 0.050590 | RMSE 339.308333|
0.05533677339553833,0.05032574385404587,0.04610875993967056
288.16604913660456,336.96218723322653,392.7967628112533
Experiment 07-13_11:36
Epoch 0092 [Train seq (cond on sampled tp)] | Loss 1878604.112105 | MAPE 0.036365 | RMSE 81.876214 | Likelihood -1878601.739611 | KL fp 2.3725 | FP STD 0.1839 | ->nfe  248.75 | <-nfe  282.50
Epoch 0092 [Val seq (cond on sampled tp)] |  MAPE 0.026327 | RMSE 101.839632 |
Epoch 0092 [Test seq (cond on sampled tp)] | MAPE 0.054081 | RMSE 331.383702|
0.05511445924639702,0.052545174956321716,0.0545831173658371
311.84417432830134,320.44897702286397,361.85795512535026
Experiment 07-13_11:36
Epoch 0093 [Train seq (cond on sampled tp)] | Loss 1861699.634326 | MAPE 0.032205 | RMSE 77.745356 | Likelihood -1861697.264242 | KL fp 2.3701 | FP STD 0.1721 | ->nfe  267.50 | <-nfe  308.00
Epoch 0093 [Val seq (cond on sampled tp)] |  MAPE 0.030629 | RMSE 88.594144 |
Epoch 0093 [Test seq (cond on sampled tp)] | MAPE 0.055449 | RMSE 319.638738|
0.05486311390995979,0.056583598256111145,0.054901037365198135
301.4985748307942,307.979998843269,349.43763973347234
Experiment 07-13_11:36
Epoch 0094 [Train seq (cond on sampled tp)] | Loss 1889065.139652 | MAPE 0.043391 | RMSE 85.544763 | Likelihood -1889062.550666 | KL fp 2.5890 | FP STD 0.1760 | ->nfe  267.50 | <-nfe  302.00
Epoch 0094 [Val seq (cond on sampled tp)] |  MAPE 0.023858 | RMSE 85.143333 |
Epoch 0094 [Test seq (cond on sampled tp)] | MAPE 0.053903 | RMSE 306.585307|
0.06438827514648438,0.05279984325170517,0.04451987147331238
297.24457259553117,298.28821528012134,324.22313400650484
Experiment 07-13_11:36
Epoch 0095 [Train seq (cond on sampled tp)] | Loss 1867159.712248 | MAPE 0.035186 | RMSE 79.889389 | Likelihood -1867157.002798 | KL fp 2.7095 | FP STD 0.1507 | ->nfe  254.75 | <-nfe  290.00
Epoch 0095 [Val seq (cond on sampled tp)] |  MAPE 0.022320 | RMSE 86.580374 |
Epoch 0095 [Test seq (cond on sampled tp)] | MAPE 0.049889 | RMSE 278.569409|
0.04918678104877472,0.050077084451913834,0.05040231719613075
244.87819038248384,267.7736479986408,323.05638778315466
Experiment 07-13_11:36
Epoch 0096 [Train seq (cond on sampled tp)] | Loss 1864968.936439 | MAPE 0.035273 | RMSE 77.851150 | Likelihood -1864966.505322 | KL fp 2.4311 | FP STD 0.1854 | ->nfe  263.00 | <-nfe  292.25
Epoch 0096 [Val seq (cond on sampled tp)] |  MAPE 0.031475 | RMSE 92.328399 |
Epoch 0096 [Test seq (cond on sampled tp)] | MAPE 0.056774 | RMSE 300.006397|
0.058396708220243454,0.04986921325325966,0.06205624341964722
279.0672521991787,276.4405310143576,344.51140674148945
Experiment 07-13_11:36
Epoch 0097 [Train seq (cond on sampled tp)] | Loss 1865791.295549 | MAPE 0.035029 | RMSE 78.948799 | Likelihood -1865788.947965 | KL fp 2.3476 | FP STD 0.2117 | ->nfe  265.25 | <-nfe  305.75
Epoch 0097 [Val seq (cond on sampled tp)] |  MAPE 0.026962 | RMSE 92.063131 |
Epoch 0097 [Test seq (cond on sampled tp)] | MAPE 0.061111 | RMSE 305.525404|
0.06358958035707474,0.0576733760535717,0.06207052990794182
301.85831993254715,291.2847216427597,323.43317026087476
Experiment 07-13_11:36
Epoch 0098 [Train seq (cond on sampled tp)] | Loss 1874221.827561 | MAPE 0.042762 | RMSE 83.313935 | Likelihood -1874219.090459 | KL fp 2.7371 | FP STD 0.1649 | ->nfe  262.25 | <-nfe  299.75
Epoch 0098 [Val seq (cond on sampled tp)] |  MAPE 0.022530 | RMSE 93.792084 |
Epoch 0098 [Test seq (cond on sampled tp)] | MAPE 0.049042 | RMSE 262.344976|
0.05470148101449013,0.04613453894853592,0.046289972960948944
237.2307108201845,236.15515622679087,313.6490624487821
Experiment 07-13_11:36
Epoch 0099 [Train seq (cond on sampled tp)] | Loss 1871984.002940 | MAPE 0.039883 | RMSE 79.957159 | Likelihood -1871981.660773 | KL fp 2.3422 | FP STD 0.1888 | ->nfe  261.50 | <-nfe  315.50
Epoch 0099 [Val seq (cond on sampled tp)] |  MAPE 0.024285 | RMSE 96.075135 |
Epoch 0099 [Test seq (cond on sampled tp)] | MAPE 0.052008 | RMSE 274.022282|
0.057015616446733475,0.04826092720031738,0.050748322159051895
236.79403299597732,285.6057980416364,299.6670157232858
Experiment 07-13_11:36
Epoch 0100 [Train seq (cond on sampled tp)] | Loss 1855650.045212 | MAPE 0.039058 | RMSE 77.784075 | Likelihood -1855647.668934 | KL fp 2.3763 | FP STD 0.1981 | ->nfe  263.75 | <-nfe  307.25
Epoch 0100 [Val seq (cond on sampled tp)] |  MAPE 0.025685 | RMSE 105.002544 |
Epoch 0100 [Test seq (cond on sampled tp)] | MAPE 0.054899 | RMSE 315.294861|
0.05502859130501747,0.05357130244374275,0.0560976006090641
300.7293997516704,290.156867594927,354.9983164572756
