/nvme/yuanjingyang/CG-ODE/run_models_covid.py
run_models_covid.py --solver dopri5 --rtol 1e-2 --atol 1e-4
Namespace(save='experiments/', load=None, dataset='Dec', datapath='data/', pred_length=14, condition_length=21, features='Confirmed,Deaths,Recovered,Mortality_Rate,Testing_Rate,Population,Mobility', split_interval=3, feature_out='Deaths', niters=100, lr=0.005, batch_size=8, random_seed=1991, dropout=0.2, l2=1e-05, optimizer='AdamW', clip=10, edge_lamda=0.5, z0_encoder='GTrans', rec_dims=64, ode_dims=20, rec_layers=1, gen_layers=1, CVPR=False, graf_layer=1, heavyBall=False, actv_h=None, gamma_guess=-3.0, gamma_act='sigmoid', corr=-100, corrf=True, sign=1, augment_dim=0, solver='dopri5', rtol=0.01, atol=0.0001, alias='run', output_dim=1, feature_out_index=[1], num_atoms=50)
run
Experiment 07-14_08:17
Epoch 0001 [Train seq (cond on sampled tp)] | Loss 4391774.845503 | MAPE 0.063189 | RMSE 286.255164 | Likelihood -4391773.509083 | KL fp 1.3364 | FP STD 0.5126 | ->nfe   51.50 | <-nfe 1115.00
Epoch 0001 [Val seq (cond on sampled tp)] |  MAPE 0.058039 | RMSE 304.545986 |
Best Val!
Epoch 0001 [Test seq (cond on sampled tp)] | MAPE 0.119067 | RMSE 903.480085|
0.13230153918266296,0.12295866757631302,0.10194046795368195
848.2417108348304,934.3809113525383,927.8176342902736
0.13230153918266296,0.12295866757631302,0.10194046795368195
848.2417108348304,934.3809113525383,927.8176342902736
Epoch 0001 [Test seq (cond on sampled tp)] | Best Test MAPE 0.119067|Best Test RMSE 903.480085|
Experiment 07-14_08:17
Epoch 0002 [Train seq (cond on sampled tp)] | Loss 4166972.340467 | MAPE 0.100337 | RMSE 274.940761 | Likelihood -4166969.546679 | KL fp 2.7938 | FP STD 0.9356 | ->nfe   53.75 | <-nfe 7080.50
Epoch 0002 [Val seq (cond on sampled tp)] |  MAPE 0.069027 | RMSE 278.156978 |
Epoch 0002 [Test seq (cond on sampled tp)] | MAPE 0.110090 | RMSE 858.091488|
0.11879655718803406,0.11373598873615265,0.09773721545934677
801.0560997832798,888.2205173829301,884.9978460425765
0.11879655718803406,0.11373598873615265,0.09773721545934677
801.0560997832798,888.2205173829301,884.9978460425765
Epoch 0002 [Test seq (cond on sampled tp)] | Best Test MAPE 0.110090|Best Test RMSE 858.091488|
Experiment 07-14_08:17
Epoch 0003 [Train seq (cond on sampled tp)] | Loss 3803691.706485 | MAPE 0.267218 | RMSE 255.098061 | Likelihood -3803685.975126 | KL fp 5.7314 | FP STD 1.1524 | ->nfe   68.00 | <-nfe  447.50
Epoch 0003 [Val seq (cond on sampled tp)] |  MAPE 0.110372 | RMSE 232.628157 |
Epoch 0003 [Test seq (cond on sampled tp)] | MAPE 0.137184 | RMSE 772.182593|
0.15151512622833252,0.13139033317565918,0.1286466419696808
708.738536062489,804.4202881578758,803.3889546788654
Experiment 07-14_08:17
Epoch 0004 [Train seq (cond on sampled tp)] | Loss 3542493.639630 | MAPE 0.516944 | RMSE 238.723553 | Likelihood -3542486.589805 | KL fp 7.0498 | FP STD 0.9893 | ->nfe   74.00 | <-nfe  341.75
Epoch 0004 [Val seq (cond on sampled tp)] |  MAPE 0.144311 | RMSE 213.230711 |
Epoch 0004 [Test seq (cond on sampled tp)] | MAPE 0.166076 | RMSE 717.435671|
0.18639212846755981,0.16580894589424133,0.1460256576538086
653.5754547104718,751.5143461704507,747.2172123954319
Experiment 07-14_08:17
Epoch 0005 [Train seq (cond on sampled tp)] | Loss 3329389.627214 | MAPE 0.493375 | RMSE 225.520301 | Likelihood -3329383.922318 | KL fp 5.7049 | FP STD 0.6504 | ->nfe   78.50 | <-nfe  254.75
Epoch 0005 [Val seq (cond on sampled tp)] |  MAPE 0.048648 | RMSE 196.418817 |
Best Val!
Epoch 0005 [Test seq (cond on sampled tp)] | MAPE 0.075819 | RMSE 697.662004|
0.08232086896896362,0.07792691886425018,0.06720879673957825
630.079533670155,732.1628063484242,730.7436708586671
0.08232086896896362,0.07792691886425018,0.06720879673957825
630.079533670155,732.1628063484242,730.7436708586671
Epoch 0005 [Test seq (cond on sampled tp)] | Best Test MAPE 0.075819|Best Test RMSE 697.662004|
Experiment 07-14_08:17
Epoch 0006 [Train seq (cond on sampled tp)] | Loss 3002376.272832 | MAPE 0.094405 | RMSE 204.807079 | Likelihood -3002372.721354 | KL fp 3.5515 | FP STD 0.4797 | ->nfe   72.50 | <-nfe 1583.00
Epoch 0006 [Val seq (cond on sampled tp)] |  MAPE 0.037270 | RMSE 167.628094 |
Best Val!
Epoch 0006 [Test seq (cond on sampled tp)] | MAPE 0.063477 | RMSE 619.837148|
0.06740865856409073,0.06210016459226608,0.06092245131731033
555.1932096126536,645.2794452793302,659.0387886915306
0.06740865856409073,0.06210016459226608,0.06092245131731033
555.1932096126536,645.2794452793302,659.0387886915306
Epoch 0006 [Test seq (cond on sampled tp)] | Best Test MAPE 0.063477|Best Test RMSE 619.837148|
Experiment 07-14_08:17
Epoch 0007 [Train seq (cond on sampled tp)] | Loss 2739402.498855 | MAPE 0.047854 | RMSE 183.638262 | Likelihood -2739398.465354 | KL fp 4.0335 | FP STD 0.5041 | ->nfe   76.25 | <-nfe 3092.75
Epoch 0007 [Val seq (cond on sampled tp)] |  MAPE 0.030928 | RMSE 147.971149 |
Best Val!
Epoch 0007 [Test seq (cond on sampled tp)] | MAPE 0.056807 | RMSE 560.970046|
0.06426429748535156,0.05700234696269035,0.049153659492731094
492.5050602531917,596.9167393782822,593.4883370800137
0.06426429748535156,0.05700234696269035,0.049153659492731094
492.5050602531917,596.9167393782822,593.4883370800137
Epoch 0007 [Test seq (cond on sampled tp)] | Best Test MAPE 0.056807|Best Test RMSE 560.970046|
Experiment 07-14_08:17
Epoch 0008 [Train seq (cond on sampled tp)] | Loss 2435760.245969 | MAPE 0.042328 | RMSE 157.328150 | Likelihood -2435756.861034 | KL fp 3.3849 | FP STD 0.4464 | ->nfe   72.50 | <-nfe 2163.50
Epoch 0008 [Val seq (cond on sampled tp)] |  MAPE 0.028687 | RMSE 118.614808 |
Best Val!
Epoch 0008 [Test seq (cond on sampled tp)] | MAPE 0.048505 | RMSE 451.682696|
0.05118361860513687,0.04592239111661911,0.048408493399620056
375.15438488707554,481.61132539631996,498.2823778993193
0.05118361860513687,0.04592239111661911,0.048408493399620056
375.15438488707554,481.61132539631996,498.2823778993193
Epoch 0008 [Test seq (cond on sampled tp)] | Best Test MAPE 0.048505|Best Test RMSE 451.682696|
Experiment 07-14_08:17
Epoch 0009 [Train seq (cond on sampled tp)] | Loss 2281365.866591 | MAPE 0.039472 | RMSE 139.866677 | Likelihood -2281362.566140 | KL fp 3.3005 | FP STD 0.3980 | ->nfe   71.00 | <-nfe 1969.25
Epoch 0009 [Val seq (cond on sampled tp)] |  MAPE 0.028990 | RMSE 99.075177 |
Epoch 0009 [Test seq (cond on sampled tp)] | MAPE 0.048678 | RMSE 408.676396|
0.05121195688843727,0.053333405405282974,0.04148775339126587
341.6896206720362,445.73943131049106,438.600134661402
Experiment 07-14_08:17
Epoch 0010 [Train seq (cond on sampled tp)] | Loss 2160782.825055 | MAPE 0.038242 | RMSE 125.724298 | Likelihood -2160779.488251 | KL fp 3.3368 | FP STD 0.3299 | ->nfe   70.25 | <-nfe  732.50
Epoch 0010 [Val seq (cond on sampled tp)] |  MAPE 0.040717 | RMSE 95.515322 |
Epoch 0010 [Test seq (cond on sampled tp)] | MAPE 0.059982 | RMSE 364.905793|
0.06288053095340729,0.06457439064979553,0.052491504698991776
283.19112086627996,400.5188822015761,411.00737523796334
Experiment 07-14_08:17
Epoch 0011 [Train seq (cond on sampled tp)] | Loss 2090802.626625 | MAPE 0.044911 | RMSE 117.119215 | Likelihood -2090799.444754 | KL fp 3.1819 | FP STD 0.2879 | ->nfe   71.00 | <-nfe  622.25
Epoch 0011 [Val seq (cond on sampled tp)] |  MAPE 0.025006 | RMSE 83.362370 |
Best Val!
Epoch 0011 [Test seq (cond on sampled tp)] | MAPE 0.044031 | RMSE 343.106750|
0.05007283017039299,0.04511265829205513,0.03690728172659874
262.8754012122473,381.00660263307776,385.4382448914482
0.05007283017039299,0.04511265829205513,0.03690728172659874
262.8754012122473,381.00660263307776,385.4382448914482
Epoch 0011 [Test seq (cond on sampled tp)] | Best Test MAPE 0.044031|Best Test RMSE 343.106750|
Experiment 07-14_08:17
Epoch 0012 [Train seq (cond on sampled tp)] | Loss 2051503.761142 | MAPE 0.036668 | RMSE 110.059540 | Likelihood -2051500.389872 | KL fp 3.3713 | FP STD 0.2625 | ->nfe   71.00 | <-nfe  371.00
Epoch 0012 [Val seq (cond on sampled tp)] |  MAPE 0.040891 | RMSE 102.069413 |
Epoch 0012 [Test seq (cond on sampled tp)] | MAPE 0.082888 | RMSE 358.835847|
0.08786601573228836,0.07908321171998978,0.08171357214450836
303.17819120939424,396.8894682402142,376.4398814883992
Experiment 07-14_08:17
Epoch 0013 [Train seq (cond on sampled tp)] | Loss 2040810.327463 | MAPE 0.045349 | RMSE 109.688351 | Likelihood -2040807.258378 | KL fp 3.0691 | FP STD 0.2538 | ->nfe   77.75 | <-nfe  470.75
Epoch 0013 [Val seq (cond on sampled tp)] |  MAPE 0.027884 | RMSE 94.874995 |
Epoch 0013 [Test seq (cond on sampled tp)] | MAPE 0.048640 | RMSE 303.076615|
0.054022617638111115,0.04975125193595886,0.04214731976389885
245.54207410594626,320.90805001199334,342.7797215414004
Experiment 07-14_08:17
Epoch 0014 [Train seq (cond on sampled tp)] | Loss 2005644.601621 | MAPE 0.036400 | RMSE 104.321786 | Likelihood -2005641.695561 | KL fp 2.9061 | FP STD 0.2860 | ->nfe   80.00 | <-nfe 1109.00
Epoch 0014 [Val seq (cond on sampled tp)] |  MAPE 0.031379 | RMSE 80.905553 |
Epoch 0014 [Test seq (cond on sampled tp)] | MAPE 0.047914 | RMSE 300.503581|
0.04630317538976669,0.04829120635986328,0.049149006605148315
243.44845129410868,316.21144774897067,341.8508446676708
Experiment 07-14_08:17
Epoch 0015 [Train seq (cond on sampled tp)] | Loss 2017349.144894 | MAPE 0.036032 | RMSE 106.703232 | Likelihood -2017346.350837 | KL fp 2.7941 | FP STD 0.2715 | ->nfe   87.50 | <-nfe  723.50
Epoch 0015 [Val seq (cond on sampled tp)] |  MAPE 0.030770 | RMSE 82.424726 |
Epoch 0015 [Test seq (cond on sampled tp)] | MAPE 0.054336 | RMSE 317.547520|
0.06081375852227211,0.049552857875823975,0.052641503512859344
251.25624214882703,335.6683165715823,365.718000992568
Experiment 07-14_08:17
Epoch 0016 [Train seq (cond on sampled tp)] | Loss 2006642.537585 | MAPE 0.032956 | RMSE 104.474239 | Likelihood -2006639.641227 | KL fp 2.8964 | FP STD 0.2737 | ->nfe   89.75 | <-nfe 1259.75
Epoch 0016 [Val seq (cond on sampled tp)] |  MAPE 0.031937 | RMSE 95.513426 |
Epoch 0016 [Test seq (cond on sampled tp)] | MAPE 0.050865 | RMSE 357.507654|
0.056189775466918945,0.05368908867239952,0.042714718729257584
295.19473180851315,382.1501054886679,395.178124394557
Experiment 07-14_08:17
Epoch 0017 [Train seq (cond on sampled tp)] | Loss 2046906.591992 | MAPE 0.037715 | RMSE 110.667252 | Likelihood -2046903.755478 | KL fp 2.8365 | FP STD 0.2553 | ->nfe   87.50 | <-nfe  943.25
Epoch 0017 [Val seq (cond on sampled tp)] |  MAPE 0.025115 | RMSE 89.099762 |
Epoch 0017 [Test seq (cond on sampled tp)] | MAPE 0.048189 | RMSE 326.137926|
0.05408231541514397,0.051847193390131,0.03863704577088356
263.3369395850115,352.0152695551714,363.0615693308781
Experiment 07-14_08:17
Epoch 0018 [Train seq (cond on sampled tp)] | Loss 2008429.064548 | MAPE 0.032249 | RMSE 104.240883 | Likelihood -2008426.187610 | KL fp 2.8769 | FP STD 0.2374 | ->nfe   84.50 | <-nfe 1238.00
Epoch 0018 [Val seq (cond on sampled tp)] |  MAPE 0.023866 | RMSE 83.020205 |
Best Val!
Epoch 0018 [Test seq (cond on sampled tp)] | MAPE 0.048757 | RMSE 326.930592|
0.053981177508831024,0.046698227524757385,0.0455925390124321
262.264790455181,360.4280224607959,358.09896284058124
Experiment 07-14_08:17
Epoch 0019 [Train seq (cond on sampled tp)] | Loss 2005740.988160 | MAPE 0.051832 | RMSE 102.094944 | Likelihood -2005737.868094 | KL fp 3.1201 | FP STD 0.2371 | ->nfe   93.50 | <-nfe 1719.50
Epoch 0019 [Val seq (cond on sampled tp)] |  MAPE 0.031605 | RMSE 105.139073 |
Epoch 0019 [Test seq (cond on sampled tp)] | MAPE 0.059439 | RMSE 362.195779|
0.0646761879324913,0.06356317549943924,0.05007752403616905
297.69904055942135,397.55567613228715,391.3326190723181
Experiment 07-14_08:17
Epoch 0020 [Train seq (cond on sampled tp)] | Loss 1998874.624594 | MAPE 0.035005 | RMSE 104.561255 | Likelihood -1998871.427656 | KL fp 3.1969 | FP STD 0.1763 | ->nfe   89.00 | <-nfe 2162.00
Epoch 0020 [Val seq (cond on sampled tp)] |  MAPE 0.030411 | RMSE 87.352387 |
Epoch 0020 [Test seq (cond on sampled tp)] | MAPE 0.054075 | RMSE 272.041464|
0.05958392471075058,0.05390169098973274,0.04873870313167572
199.89104454051963,285.72775777389916,330.5055904406157
Experiment 07-14_08:17
Epoch 0021 [Train seq (cond on sampled tp)] | Loss 1988864.341821 | MAPE 0.032613 | RMSE 101.305439 | Likelihood -1988861.237838 | KL fp 3.1040 | FP STD 0.2080 | ->nfe   93.50 | <-nfe 6896.75
Epoch 0021 [Val seq (cond on sampled tp)] |  MAPE 0.022499 | RMSE 92.560881 |
Best Val!
Epoch 0021 [Test seq (cond on sampled tp)] | MAPE 0.050949 | RMSE 313.766578|
0.057426370680332184,0.051702771335840225,0.04371817037463188
266.7172543162515,328.3383473073165,346.2441335243097
Experiment 07-14_08:17
Epoch 0022 [Train seq (cond on sampled tp)] | Loss 1978046.711469 | MAPE 0.035114 | RMSE 101.728221 | Likelihood -1978043.943988 | KL fp 2.7675 | FP STD 0.2331 | ->nfe   93.50 | <-nfe 12850.25
Epoch 0022 [Val seq (cond on sampled tp)] |  MAPE 0.029581 | RMSE 82.405675 |
Epoch 0022 [Test seq (cond on sampled tp)] | MAPE 0.049540 | RMSE 297.890922|
0.051587626338005066,0.05112490430474281,0.04590887576341629
222.22958462196252,318.49114489260137,352.9520372869379
Experiment 07-14_08:17
Epoch 0023 [Train seq (cond on sampled tp)] | Loss 1958198.450897 | MAPE 0.043599 | RMSE 97.260614 | Likelihood -1958195.550621 | KL fp 2.9003 | FP STD 0.2202 | ->nfe  102.50 | <-nfe 16079.00
Epoch 0023 [Val seq (cond on sampled tp)] |  MAPE 0.032955 | RMSE 91.074891 |
Epoch 0023 [Test seq (cond on sampled tp)] | MAPE 0.074095 | RMSE 265.519399|
0.06968412548303604,0.07485655695199966,0.07774531841278076
210.04930596767036,266.1533275200594,320.35556417830486
Experiment 07-14_08:17
Epoch 0024 [Train seq (cond on sampled tp)] | Loss 1969496.852128 | MAPE 0.037507 | RMSE 98.204284 | Likelihood -1969493.842673 | KL fp 3.0095 | FP STD 0.2074 | ->nfe  106.25 | <-nfe 13083.50
Epoch 0024 [Val seq (cond on sampled tp)] |  MAPE 0.037245 | RMSE 93.142343 |
Epoch 0024 [Test seq (cond on sampled tp)] | MAPE 0.074560 | RMSE 310.818137|
0.07570898532867432,0.07185797393321991,0.07611405104398727
259.12620597886274,337.4651370882628,335.86306733548423
Experiment 07-14_08:17
Epoch 0025 [Train seq (cond on sampled tp)] | Loss 1977204.850973 | MAPE 0.042108 | RMSE 101.029819 | Likelihood -1977201.908389 | KL fp 2.9426 | FP STD 0.2009 | ->nfe  109.25 | <-nfe 10480.25
Epoch 0025 [Val seq (cond on sampled tp)] |  MAPE 0.033454 | RMSE 81.316148 |
Epoch 0025 [Test seq (cond on sampled tp)] | MAPE 0.058644 | RMSE 293.863580|
0.06471114605665207,0.0587676502764225,0.05245450884103775
259.1375117577538,298.36351831700205,324.08971076694183
Experiment 07-14_08:17
Epoch 0026 [Train seq (cond on sampled tp)] | Loss 1966169.811991 | MAPE 0.031678 | RMSE 97.320238 | Likelihood -1966167.019746 | KL fp 2.7922 | FP STD 0.2375 | ->nfe  115.25 | <-nfe 11108.00
Epoch 0026 [Val seq (cond on sampled tp)] |  MAPE 0.021910 | RMSE 75.925504 |
Best Val!
Epoch 0026 [Test seq (cond on sampled tp)] | MAPE 0.051349 | RMSE 292.288766|
0.060364704579114914,0.05067071691155434,0.04301013797521591
242.54492174131371,299.9416219241671,334.37975463909294
Experiment 07-14_08:17
Epoch 0027 [Train seq (cond on sampled tp)] | Loss 1959083.784484 | MAPE 0.032047 | RMSE 96.921161 | Likelihood -1959081.072264 | KL fp 2.7122 | FP STD 0.2312 | ->nfe  117.50 | <-nfe 5939.00
Epoch 0027 [Val seq (cond on sampled tp)] |  MAPE 0.021152 | RMSE 79.436046 |
Best Val!
Epoch 0027 [Test seq (cond on sampled tp)] | MAPE 0.047124 | RMSE 276.143962|
0.04649991914629936,0.049820683896541595,0.04505198076367378
191.7581382725385,291.17607699208395,345.49767094005136
Experiment 07-14_08:17
Epoch 0028 [Train seq (cond on sampled tp)] | Loss 1943225.377158 | MAPE 0.035526 | RMSE 94.684015 | Likelihood -1943222.639931 | KL fp 2.7372 | FP STD 0.2203 | ->nfe  117.50 | <-nfe 4001.75
Epoch 0028 [Val seq (cond on sampled tp)] |  MAPE 0.025468 | RMSE 77.956656 |
Epoch 0028 [Test seq (cond on sampled tp)] | MAPE 0.058436 | RMSE 269.738787|
0.06265998631715775,0.05765162408351898,0.05499587953090668
195.5139860726081,277.6826116495233,336.01976318365564
Experiment 07-14_08:17
Epoch 0029 [Train seq (cond on sampled tp)] | Loss 1929945.634005 | MAPE 0.032042 | RMSE 92.162454 | Likelihood -1929942.664948 | KL fp 2.9691 | FP STD 0.1864 | ->nfe  128.75 | <-nfe 6379.25
Epoch 0029 [Val seq (cond on sampled tp)] |  MAPE 0.027081 | RMSE 81.965605 |
Epoch 0029 [Test seq (cond on sampled tp)] | MAPE 0.060094 | RMSE 291.585610|
0.06211666017770767,0.05872732028365135,0.059437960386276245
247.44870049163725,303.1032853046961,324.2048445813233
Experiment 07-14_08:17
Epoch 0030 [Train seq (cond on sampled tp)] | Loss 1953981.464141 | MAPE 0.034800 | RMSE 95.501046 | Likelihood -1953978.551165 | KL fp 2.9130 | FP STD 0.2116 | ->nfe  137.00 | <-nfe 8326.25
Epoch 0030 [Val seq (cond on sampled tp)] |  MAPE 0.032513 | RMSE 87.410705 |
Epoch 0030 [Test seq (cond on sampled tp)] | MAPE 0.071537 | RMSE 303.934053|
0.0761818215250969,0.07299676537513733,0.06543223559856415
242.42842854902557,326.7361559806322,342.6375750154965
Experiment 07-14_08:17
Epoch 0031 [Train seq (cond on sampled tp)] | Loss 1945039.252464 | MAPE 0.031956 | RMSE 95.060806 | Likelihood -1945036.292161 | KL fp 2.9603 | FP STD 0.1831 | ->nfe  149.00 | <-nfe 2363.00
Epoch 0031 [Val seq (cond on sampled tp)] |  MAPE 0.033324 | RMSE 84.940116 |
Epoch 0031 [Test seq (cond on sampled tp)] | MAPE 0.078079 | RMSE 272.104011|
0.07879634946584702,0.07343637198209763,0.08200380951166153
240.05529961865037,267.58606968132705,308.6706628835983
Experiment 07-14_08:17
Epoch 0032 [Train seq (cond on sampled tp)] | Loss 1922021.771529 | MAPE 0.036869 | RMSE 90.062997 | Likelihood -1922018.700361 | KL fp 3.0712 | FP STD 0.1845 | ->nfe  168.50 | <-nfe 2089.25
Epoch 0032 [Val seq (cond on sampled tp)] |  MAPE 0.021959 | RMSE 84.631869 |
Epoch 0032 [Test seq (cond on sampled tp)] | MAPE 0.053214 | RMSE 274.439404|
0.051849182695150375,0.053427908569574356,0.0543663389980793
222.03072000288608,291.012161472678,310.27533135910113
Experiment 07-14_08:17
Epoch 0033 [Train seq (cond on sampled tp)] | Loss 1919973.923225 | MAPE 0.033608 | RMSE 90.404658 | Likelihood -1919970.835597 | KL fp 3.0876 | FP STD 0.1920 | ->nfe  173.75 | <-nfe 2945.75
Epoch 0033 [Val seq (cond on sampled tp)] |  MAPE 0.026488 | RMSE 84.831140 |
Epoch 0033 [Test seq (cond on sampled tp)] | MAPE 0.043518 | RMSE 270.719092|
0.0456882081925869,0.042836759239435196,0.04202897474169731
235.52808849211596,283.13916907150093,293.4900179307637
0.0456882081925869,0.042836759239435196,0.04202897474169731
235.52808849211596,283.13916907150093,293.4900179307637
Epoch 0033 [Test seq (cond on sampled tp)] | Best Test MAPE 0.043518|Best Test RMSE 270.719092|
Experiment 07-14_08:17
Epoch 0034 [Train seq (cond on sampled tp)] | Loss 1973552.982200 | MAPE 0.053108 | RMSE 98.031492 | Likelihood -1973549.909958 | KL fp 3.0722 | FP STD 0.2125 | ->nfe  173.75 | <-nfe 3626.00
Epoch 0034 [Val seq (cond on sampled tp)] |  MAPE 0.030052 | RMSE 88.319795 |
Epoch 0034 [Test seq (cond on sampled tp)] | MAPE 0.044739 | RMSE 248.202526|
0.043958425521850586,0.04224568232893944,0.048012617975473404
188.12752282361558,254.57882650811712,301.9012281566605
Experiment 07-14_08:17
Epoch 0035 [Train seq (cond on sampled tp)] | Loss 1976115.131265 | MAPE 0.033620 | RMSE 98.383811 | Likelihood -1976112.397254 | KL fp 2.7340 | FP STD 0.2242 | ->nfe  138.50 | <-nfe 5253.50
Epoch 0035 [Val seq (cond on sampled tp)] |  MAPE 0.022486 | RMSE 80.877620 |
Epoch 0035 [Test seq (cond on sampled tp)] | MAPE 0.045999 | RMSE 275.515131|
0.04751235991716385,0.04372693970799446,0.046758994460105896
219.81726253015253,280.8237881661737,325.9043427525936
Experiment 07-14_08:17
Epoch 0036 [Train seq (cond on sampled tp)] | Loss 1951176.613382 | MAPE 0.061311 | RMSE 94.859128 | Likelihood -1951173.479430 | KL fp 3.1340 | FP STD 0.2133 | ->nfe  137.75 | <-nfe 5048.75
Epoch 0036 [Val seq (cond on sampled tp)] |  MAPE 0.025142 | RMSE 78.908196 |
Epoch 0036 [Test seq (cond on sampled tp)] | MAPE 0.050053 | RMSE 268.694099|
0.06340792775154114,0.048761527985334396,0.037989623844623566
217.54285676907435,283.64786157311323,304.8915790900103
Experiment 07-14_08:17
Epoch 0037 [Train seq (cond on sampled tp)] | Loss 1930756.923928 | MAPE 0.036856 | RMSE 91.910410 | Likelihood -1930753.654443 | KL fp 3.2695 | FP STD 0.1641 | ->nfe  113.75 | <-nfe 5575.25
Epoch 0037 [Val seq (cond on sampled tp)] |  MAPE 0.037650 | RMSE 91.819509 |
Epoch 0037 [Test seq (cond on sampled tp)] | MAPE 0.058551 | RMSE 300.826333|
0.05339483916759491,0.053980614989995956,0.06827637553215027
256.1772762658702,316.4080138839723,329.8937092079811
Experiment 07-14_08:17
Epoch 0038 [Train seq (cond on sampled tp)] | Loss 1939311.005890 | MAPE 0.045683 | RMSE 95.043506 | Likelihood -1939307.952325 | KL fp 3.0536 | FP STD 0.1728 | ->nfe  113.00 | <-nfe 14750.75
Epoch 0038 [Val seq (cond on sampled tp)] |  MAPE 0.025627 | RMSE 85.643443 |
Epoch 0038 [Test seq (cond on sampled tp)] | MAPE 0.058202 | RMSE 289.186619|
0.06291447579860687,0.04943400248885155,0.06225734204053879
238.43261790545773,281.78317517641113,347.3440634838891
Experiment 07-14_08:17
Epoch 0039 [Train seq (cond on sampled tp)] | Loss 1949068.144804 | MAPE 0.038735 | RMSE 94.176352 | Likelihood -1949065.305225 | KL fp 2.8396 | FP STD 0.2592 | ->nfe  113.00 | <-nfe 16916.00
Epoch 0039 [Val seq (cond on sampled tp)] |  MAPE 0.024749 | RMSE 92.513428 |
Epoch 0039 [Test seq (cond on sampled tp)] | MAPE 0.051679 | RMSE 277.834421|
0.0518040657043457,0.0438680462539196,0.05936495587229729
230.75186212683096,274.20524361324675,328.5461582867771
Experiment 07-14_08:17
Epoch 0040 [Train seq (cond on sampled tp)] | Loss 1927915.316033 | MAPE 0.035465 | RMSE 92.665951 | Likelihood -1927912.425786 | KL fp 2.8902 | FP STD 0.2117 | ->nfe  122.00 | <-nfe 25436.75
Epoch 0040 [Val seq (cond on sampled tp)] |  MAPE 0.029832 | RMSE 82.006291 |
Epoch 0040 [Test seq (cond on sampled tp)] | MAPE 0.070887 | RMSE 266.741505|
0.07042231410741806,0.06891945004463196,0.07331795245409012
218.73042769582835,254.7258100021472,326.7682784673261
Experiment 07-14_08:17
Epoch 0041 [Train seq (cond on sampled tp)] | Loss 1914812.613055 | MAPE 0.037171 | RMSE 87.054278 | Likelihood -1914809.558417 | KL fp 3.0546 | FP STD 0.2033 | ->nfe  119.00 | <-nfe 25254.50
Epoch 0041 [Val seq (cond on sampled tp)] |  MAPE 0.025890 | RMSE 95.393480 |
Epoch 0041 [Test seq (cond on sampled tp)] | MAPE 0.046150 | RMSE 286.495655|
0.04930241405963898,0.048873815685510635,0.040274009108543396
257.8288706923645,287.6840579307446,313.974036048365
Experiment 07-14_08:17
Epoch 0042 [Train seq (cond on sampled tp)] | Loss 1922824.339252 | MAPE 0.059270 | RMSE 87.491411 | Likelihood -1922821.239515 | KL fp 3.0997 | FP STD 0.2114 | ->nfe  117.50 | <-nfe 10783.25
Epoch 0042 [Val seq (cond on sampled tp)] |  MAPE 0.024326 | RMSE 90.460856 |
Epoch 0042 [Test seq (cond on sampled tp)] | MAPE 0.050037 | RMSE 286.076753|
0.056484464555978775,0.0499936006963253,0.04363339766860008
243.51710829272346,288.60349367687843,326.10965611661976
Experiment 07-14_08:17
Epoch 0043 [Train seq (cond on sampled tp)] | Loss 1916844.902125 | MAPE 0.034432 | RMSE 89.049821 | Likelihood -1916841.852671 | KL fp 3.0495 | FP STD 0.1863 | ->nfe  125.00 | <-nfe 20184.50
Epoch 0043 [Val seq (cond on sampled tp)] |  MAPE 0.021616 | RMSE 81.941192 |
Epoch 0043 [Test seq (cond on sampled tp)] | MAPE 0.047783 | RMSE 261.106646|
0.05402195826172829,0.04113363102078438,0.048192691057920456
214.90596599152383,252.08875855043595,316.3252133880573
Experiment 07-14_08:17
Epoch 0044 [Train seq (cond on sampled tp)] | Loss 1915103.889146 | MAPE 0.045099 | RMSE 89.020253 | Likelihood -1915101.082263 | KL fp 2.8069 | FP STD 0.2207 | ->nfe  122.00 | <-nfe 12850.25
Epoch 0044 [Val seq (cond on sampled tp)] |  MAPE 0.020819 | RMSE 86.757559 |
Best Val!
Epoch 0044 [Test seq (cond on sampled tp)] | MAPE 0.047633 | RMSE 279.542924|
0.053567368537187576,0.048766445368528366,0.04056480899453163
263.9311433641358,296.8337339740886,277.8638942899923
Experiment 07-14_08:17
Epoch 0045 [Train seq (cond on sampled tp)] | Loss 1951839.692165 | MAPE 0.045817 | RMSE 95.353628 | Likelihood -1951836.734725 | KL fp 2.9574 | FP STD 0.2246 | ->nfe  133.25 | <-nfe 11823.50
Epoch 0045 [Val seq (cond on sampled tp)] |  MAPE 0.023922 | RMSE 85.988059 |
Epoch 0045 [Test seq (cond on sampled tp)] | MAPE 0.054449 | RMSE 302.165443|
0.044528115540742874,0.053997140377759933,0.06482192128896713
247.6643788098119,336.89522202756154,321.9367295176181
Experiment 07-14_08:17
Epoch 0046 [Train seq (cond on sampled tp)] | Loss 1976193.001269 | MAPE 0.052158 | RMSE 101.388985 | Likelihood -1976190.225426 | KL fp 2.7758 | FP STD 0.2394 | ->nfe  144.50 | <-nfe 7655.75
Epoch 0046 [Val seq (cond on sampled tp)] |  MAPE 0.024167 | RMSE 82.996926 |
Epoch 0046 [Test seq (cond on sampled tp)] | MAPE 0.058211 | RMSE 306.977653|
0.05687734857201576,0.05938529223203659,0.058370206505060196
254.71375631529995,342.60410142393215,323.61510220476424
Experiment 07-14_08:17
Epoch 0047 [Train seq (cond on sampled tp)] | Loss 1987183.029102 | MAPE 0.055246 | RMSE 101.938847 | Likelihood -1987180.300410 | KL fp 2.7287 | FP STD 0.2344 | ->nfe  149.75 | <-nfe 8476.25
Epoch 0047 [Val seq (cond on sampled tp)] |  MAPE 0.031745 | RMSE 77.543215 |
Epoch 0047 [Test seq (cond on sampled tp)] | MAPE 0.066669 | RMSE 306.688978|
0.07116416841745377,0.06165846809744835,0.0671856701374054
268.866660726093,321.9984108074138,329.20186388825323
Experiment 07-14_08:17
Epoch 0048 [Train seq (cond on sampled tp)] | Loss 1965851.488624 | MAPE 0.056236 | RMSE 99.089355 | Likelihood -1965848.873014 | KL fp 2.6156 | FP STD 0.2513 | ->nfe  156.50 | <-nfe 7469.75
Epoch 0048 [Val seq (cond on sampled tp)] |  MAPE 0.026178 | RMSE 76.637900 |
Epoch 0048 [Test seq (cond on sampled tp)] | MAPE 0.045171 | RMSE 261.548555|
0.05102294683456421,0.04200853407382965,0.04248107969760895
205.65149905240176,256.56163976713276,322.43252685639516
Experiment 07-14_08:17
Epoch 0049 [Train seq (cond on sampled tp)] | Loss 1950785.270519 | MAPE 0.053663 | RMSE 95.648534 | Likelihood -1950782.371147 | KL fp 2.8994 | FP STD 0.2145 | ->nfe  158.75 | <-nfe 7130.00
Epoch 0049 [Val seq (cond on sampled tp)] |  MAPE 0.024188 | RMSE 90.108959 |
Epoch 0049 [Test seq (cond on sampled tp)] | MAPE 0.049053 | RMSE 294.311180|
0.05096860229969025,0.04692917689681053,0.04926249757409096
249.12849658860787,301.7716308527029,332.03341322824724
Experiment 07-14_08:17
Epoch 0050 [Train seq (cond on sampled tp)] | Loss 2004272.788642 | MAPE 0.059856 | RMSE 104.565614 | Likelihood -2004269.782063 | KL fp 3.0066 | FP STD 0.1869 | ->nfe  155.00 | <-nfe 8442.50
Epoch 0050 [Val seq (cond on sampled tp)] |  MAPE 0.026427 | RMSE 83.293195 |
Epoch 0050 [Test seq (cond on sampled tp)] | MAPE 0.054525 | RMSE 301.997790|
0.0565703809261322,0.05113285779953003,0.055872973054647446
256.0267930315107,312.3772008725989,337.5893747402308
Experiment 07-14_08:17
Epoch 0051 [Train seq (cond on sampled tp)] | Loss 1963034.475454 | MAPE 0.049441 | RMSE 99.680590 | Likelihood -1963031.706856 | KL fp 2.7686 | FP STD 0.2038 | ->nfe  161.00 | <-nfe 4838.75
Epoch 0051 [Val seq (cond on sampled tp)] |  MAPE 0.024221 | RMSE 86.504250 |
Epoch 0051 [Test seq (cond on sampled tp)] | MAPE 0.044554 | RMSE 271.519462|
0.05413372069597244,0.0430012121796608,0.03652821108698845
232.13394402531915,273.46616278344203,308.95827995054606
Experiment 07-14_08:17
Epoch 0052 [Train seq (cond on sampled tp)] | Loss 1941445.568904 | MAPE 0.072373 | RMSE 94.645591 | Likelihood -1941442.779929 | KL fp 2.7890 | FP STD 0.2062 | ->nfe  149.75 | <-nfe 7792.25
Epoch 0052 [Val seq (cond on sampled tp)] |  MAPE 0.026423 | RMSE 93.518334 |
Epoch 0052 [Test seq (cond on sampled tp)] | MAPE 0.049577 | RMSE 306.168314|
0.057348087430000305,0.05051426216959953,0.040869224816560745
269.49402822697203,312.35546657614304,336.6554479360166
Experiment 07-14_08:17
Epoch 0053 [Train seq (cond on sampled tp)] | Loss 1925645.868281 | MAPE 0.073321 | RMSE 93.447856 | Likelihood -1925642.945540 | KL fp 2.9227 | FP STD 0.1684 | ->nfe  152.00 | <-nfe 8130.50
Epoch 0053 [Val seq (cond on sampled tp)] |  MAPE 0.025875 | RMSE 76.878576 |
Epoch 0053 [Test seq (cond on sampled tp)] | MAPE 0.047438 | RMSE 271.728045|
0.054889850318431854,0.05004607513546944,0.03737732768058777
237.50648017475228,283.7280140160643,293.9496396068551
Experiment 07-14_08:17
Epoch 0054 [Train seq (cond on sampled tp)] | Loss 1940983.584892 | MAPE 0.059396 | RMSE 91.903334 | Likelihood -1940980.700455 | KL fp 2.8844 | FP STD 0.1775 | ->nfe  149.00 | <-nfe 5021.00
Epoch 0054 [Val seq (cond on sampled tp)] |  MAPE 0.024529 | RMSE 82.895345 |
Epoch 0054 [Test seq (cond on sampled tp)] | MAPE 0.047091 | RMSE 303.319292|
0.05096161365509033,0.04954470694065094,0.040767278522253036
302.6851447874507,291.0813218629804,316.19141008651707
Experiment 07-14_08:17
Epoch 0055 [Train seq (cond on sampled tp)] | Loss 1918978.925467 | MAPE 0.051042 | RMSE 90.512201 | Likelihood -1918976.392992 | KL fp 2.5325 | FP STD 0.2316 | ->nfe  153.50 | <-nfe 8572.25
Epoch 0055 [Val seq (cond on sampled tp)] |  MAPE 0.025415 | RMSE 87.743759 |
Epoch 0055 [Test seq (cond on sampled tp)] | MAPE 0.046418 | RMSE 250.491380|
0.046802833676338196,0.04388229176402092,0.048569392412900925
220.8478159559202,268.71758525448234,261.90873887673166
Experiment 07-14_08:17
Epoch 0056 [Train seq (cond on sampled tp)] | Loss 1963529.491312 | MAPE 0.042265 | RMSE 98.304908 | Likelihood -1963526.692031 | KL fp 2.7993 | FP STD 0.2150 | ->nfe  155.75 | <-nfe 4742.75
Epoch 0056 [Val seq (cond on sampled tp)] |  MAPE 0.023255 | RMSE 100.875658 |
Epoch 0056 [Test seq (cond on sampled tp)] | MAPE 0.047783 | RMSE 305.028950|
0.050265949219465256,0.044888369739055634,0.04819326475262642
261.2889325057608,321.7019680542847,332.0959481083743
Experiment 07-14_08:17
Epoch 0057 [Train seq (cond on sampled tp)] | Loss 1930172.764323 | MAPE 0.059342 | RMSE 94.642954 | Likelihood -1930170.274825 | KL fp 2.4895 | FP STD 0.2437 | ->nfe  163.25 | <-nfe 4103.00
Epoch 0057 [Val seq (cond on sampled tp)] |  MAPE 0.023754 | RMSE 103.532141 |
Epoch 0057 [Test seq (cond on sampled tp)] | MAPE 0.043982 | RMSE 279.198689|
0.04560519754886627,0.04419894888997078,0.042141009122133255
202.6542140414307,299.21163340100935,335.7302209363941
Experiment 07-14_08:17
Epoch 0058 [Train seq (cond on sampled tp)] | Loss 1930419.374448 | MAPE 0.068132 | RMSE 93.613042 | Likelihood -1930416.645776 | KL fp 2.7287 | FP STD 0.2029 | ->nfe  157.25 | <-nfe 7714.25
Epoch 0058 [Val seq (cond on sampled tp)] |  MAPE 0.031666 | RMSE 84.558042 |
Epoch 0058 [Test seq (cond on sampled tp)] | MAPE 0.064892 | RMSE 246.194468|
0.058056753128767014,0.06126188486814499,0.07535875588655472
178.4937630212888,265.3332662662185,294.7563745069816
Experiment 07-14_08:17
Epoch 0059 [Train seq (cond on sampled tp)] | Loss 1920161.214767 | MAPE 0.072735 | RMSE 91.159836 | Likelihood -1920158.674147 | KL fp 2.5406 | FP STD 0.2455 | ->nfe  158.00 | <-nfe 11674.25
Epoch 0059 [Val seq (cond on sampled tp)] |  MAPE 0.027976 | RMSE 79.915419 |
Epoch 0059 [Test seq (cond on sampled tp)] | MAPE 0.051920 | RMSE 263.754558|
0.059659309685230255,0.04772461950778961,0.04837627336382866
231.40742108076395,271.2785843233852,288.5776677300238
Experiment 07-14_08:17
Epoch 0060 [Train seq (cond on sampled tp)] | Loss 1920662.137832 | MAPE 0.055261 | RMSE 91.721354 | Likelihood -1920659.590340 | KL fp 2.5475 | FP STD 0.2717 | ->nfe  158.75 | <-nfe 13557.50
Epoch 0060 [Val seq (cond on sampled tp)] |  MAPE 0.032188 | RMSE 81.846247 |
Epoch 0060 [Test seq (cond on sampled tp)] | MAPE 0.067868 | RMSE 295.945116|
0.06548071652650833,0.06602288037538528,0.07209937274456024
277.31976128649757,309.97390263133445,300.541685440639
Experiment 07-14_08:17
Epoch 0061 [Train seq (cond on sampled tp)] | Loss 1944283.160931 | MAPE 0.064713 | RMSE 95.439410 | Likelihood -1944280.772385 | KL fp 2.3885 | FP STD 0.2843 | ->nfe  158.00 | <-nfe 12891.50
Epoch 0061 [Val seq (cond on sampled tp)] |  MAPE 0.027408 | RMSE 88.801699 |
Epoch 0061 [Test seq (cond on sampled tp)] | MAPE 0.046897 | RMSE 289.808535|
0.0521736666560173,0.04731056094169617,0.04120757058262825
243.64561867597783,305.5662136714398,320.2137713700021
Experiment 07-14_08:17
Epoch 0062 [Train seq (cond on sampled tp)] | Loss 1945129.596932 | MAPE 0.069153 | RMSE 95.561556 | Likelihood -1945127.187360 | KL fp 2.4096 | FP STD 0.2567 | ->nfe  162.50 | <-nfe 7684.25
Epoch 0062 [Val seq (cond on sampled tp)] |  MAPE 0.024252 | RMSE 78.628723 |
Epoch 0062 [Test seq (cond on sampled tp)] | MAPE 0.042213 | RMSE 242.700644|
0.04488389566540718,0.04377909377217293,0.03797556832432747
196.4397569867159,253.39111782726323,278.2710571547102
0.04488389566540718,0.04377909377217293,0.03797556832432747
196.4397569867159,253.39111782726323,278.2710571547102
Epoch 0062 [Test seq (cond on sampled tp)] | Best Test MAPE 0.042213|Best Test RMSE 242.700644|
Experiment 07-14_08:17
Epoch 0063 [Train seq (cond on sampled tp)] | Loss 1893129.758722 | MAPE 0.068183 | RMSE 86.180808 | Likelihood -1893127.005462 | KL fp 2.7533 | FP STD 0.1912 | ->nfe  161.00 | <-nfe 7735.25
Epoch 0063 [Val seq (cond on sampled tp)] |  MAPE 0.027036 | RMSE 85.577410 |
Epoch 0063 [Test seq (cond on sampled tp)] | MAPE 0.044843 | RMSE 268.892654|
0.04334722459316254,0.04734870791435242,0.04383426159620285
260.67058953783027,250.72286898336577,295.284502641097
Experiment 07-14_08:17
Epoch 0064 [Train seq (cond on sampled tp)] | Loss 1920994.790284 | MAPE 0.065357 | RMSE 90.356948 | Likelihood -1920992.217022 | KL fp 2.5733 | FP STD 0.2265 | ->nfe  155.75 | <-nfe 7289.00
Epoch 0064 [Val seq (cond on sampled tp)] |  MAPE 0.027551 | RMSE 82.934168 |
Epoch 0064 [Test seq (cond on sampled tp)] | MAPE 0.050434 | RMSE 273.763430|
0.052037741988897324,0.05187460407614708,0.047391049563884735
242.2339713479511,286.3758184187345,292.6804998629051
Experiment 07-14_08:17
Epoch 0065 [Train seq (cond on sampled tp)] | Loss 1903672.419564 | MAPE 0.069307 | RMSE 87.060572 | Likelihood -1903670.005348 | KL fp 2.4142 | FP STD 0.2410 | ->nfe  155.00 | <-nfe 9300.50
Epoch 0065 [Val seq (cond on sampled tp)] |  MAPE 0.033980 | RMSE 90.898397 |
Epoch 0065 [Test seq (cond on sampled tp)] | MAPE 0.075696 | RMSE 297.671986|
0.07841101288795471,0.07138846814632416,0.07728719711303711
249.47374298210224,306.0961092941235,337.4461068081835
Experiment 07-14_08:17
Epoch 0066 [Train seq (cond on sampled tp)] | Loss 1901911.532428 | MAPE 0.078620 | RMSE 88.217871 | Likelihood -1901908.609202 | KL fp 2.9232 | FP STD 0.1742 | ->nfe  155.00 | <-nfe 6065.75
Epoch 0066 [Val seq (cond on sampled tp)] |  MAPE 0.026796 | RMSE 84.358031 |
Epoch 0066 [Test seq (cond on sampled tp)] | MAPE 0.051593 | RMSE 281.788554|
0.05977451056241989,0.04970793053507805,0.04529517889022827
237.63879990176267,272.90637703249075,334.8204859510541
Experiment 07-14_08:17
Epoch 0067 [Train seq (cond on sampled tp)] | Loss 1903363.794305 | MAPE 0.073573 | RMSE 89.141895 | Likelihood -1903360.700761 | KL fp 3.0935 | FP STD 0.1582 | ->nfe  156.50 | <-nfe 7547.00
Epoch 0067 [Val seq (cond on sampled tp)] |  MAPE 0.037169 | RMSE 77.472406 |
Epoch 0067 [Test seq (cond on sampled tp)] | MAPE 0.055969 | RMSE 287.366878|
0.05376877635717392,0.05414440855383873,0.05999419093132019
215.3399655922003,307.9809754676415,338.7796919644092
Experiment 07-14_08:17
Epoch 0068 [Train seq (cond on sampled tp)] | Loss 1915554.586615 | MAPE 0.113654 | RMSE 92.104429 | Likelihood -1915551.914948 | KL fp 2.6717 | FP STD 0.2397 | ->nfe  157.25 | <-nfe 7838.75
Epoch 0068 [Val seq (cond on sampled tp)] |  MAPE 0.032713 | RMSE 83.453439 |
Epoch 0068 [Test seq (cond on sampled tp)] | MAPE 0.050860 | RMSE 290.331617|
0.04853463172912598,0.05296550318598747,0.051079995930194855
219.41738372619886,309.1002567938112,342.47721183313786
Experiment 07-14_08:17
Epoch 0069 [Train seq (cond on sampled tp)] | Loss 1921898.197284 | MAPE 0.096709 | RMSE 92.440293 | Likelihood -1921895.410897 | KL fp 2.7864 | FP STD 0.1898 | ->nfe  152.75 | <-nfe 5434.25
Epoch 0069 [Val seq (cond on sampled tp)] |  MAPE 0.030057 | RMSE 82.588095 |
Epoch 0069 [Test seq (cond on sampled tp)] | MAPE 0.064530 | RMSE 293.238678|
0.05518581345677376,0.06687358766794205,0.07152998447418213
254.94401192958034,289.46989534751276,335.3021258879818
Experiment 07-14_08:17
Epoch 0070 [Train seq (cond on sampled tp)] | Loss 1910554.172742 | MAPE 0.099604 | RMSE 88.978999 | Likelihood -1910551.296957 | KL fp 2.8758 | FP STD 0.1852 | ->nfe  149.00 | <-nfe 3167.00
Epoch 0070 [Val seq (cond on sampled tp)] |  MAPE 0.028922 | RMSE 95.869871 |
Epoch 0070 [Test seq (cond on sampled tp)] | MAPE 0.043755 | RMSE 270.621276|
0.04608967527747154,0.03976866602897644,0.04540644586086273
248.85684734149874,256.37134322111746,306.6356373002003
Experiment 07-14_08:17
Epoch 0071 [Train seq (cond on sampled tp)] | Loss 1928367.213578 | MAPE 0.085373 | RMSE 92.911582 | Likelihood -1928364.714604 | KL fp 2.4990 | FP STD 0.2208 | ->nfe  148.25 | <-nfe 11306.75
Epoch 0071 [Val seq (cond on sampled tp)] |  MAPE 0.040972 | RMSE 94.021108 |
Epoch 0071 [Test seq (cond on sampled tp)] | MAPE 0.078518 | RMSE 279.257824|
0.07547830045223236,0.074053555727005,0.08602206408977509
216.21462861009198,257.782899815911,363.7759440919644
Experiment 07-14_08:17
Epoch 0072 [Train seq (cond on sampled tp)] | Loss 1910017.030916 | MAPE 0.099865 | RMSE 87.536399 | Likelihood -1910014.389496 | KL fp 2.6414 | FP STD 0.1954 | ->nfe  151.25 | <-nfe 9392.00
Epoch 0072 [Val seq (cond on sampled tp)] |  MAPE 0.033277 | RMSE 75.510767 |
Epoch 0072 [Test seq (cond on sampled tp)] | MAPE 0.072939 | RMSE 285.989032|
0.06579359620809555,0.07249677181243896,0.08052609860897064
215.93918233787494,318.9027452649162,323.1251692456037
Experiment 07-14_08:17
Epoch 0073 [Train seq (cond on sampled tp)] | Loss 1919521.734722 | MAPE 0.098764 | RMSE 90.157621 | Likelihood -1919518.644451 | KL fp 3.0903 | FP STD 0.1472 | ->nfe  155.75 | <-nfe 4639.25
Epoch 0073 [Val seq (cond on sampled tp)] |  MAPE 0.027695 | RMSE 88.505589 |
Epoch 0073 [Test seq (cond on sampled tp)] | MAPE 0.056012 | RMSE 328.372841|
0.0531349703669548,0.05874038487672806,0.05616021156311035
305.2674160674539,331.22405558775466,348.62705046008693
Experiment 07-14_08:17
Epoch 0074 [Train seq (cond on sampled tp)] | Loss 1968012.015827 | MAPE 0.078557 | RMSE 99.651545 | Likelihood -1968009.281428 | KL fp 2.7344 | FP STD 0.1958 | ->nfe  150.50 | <-nfe 5160.50
Epoch 0074 [Val seq (cond on sampled tp)] |  MAPE 0.031345 | RMSE 95.401388 |
Epoch 0074 [Test seq (cond on sampled tp)] | MAPE 0.061949 | RMSE 297.553476|
0.05211129039525986,0.06054149195551872,0.07319436967372894
271.21186367856404,278.66966331124024,342.77890104264003
Experiment 07-14_08:17
Epoch 0075 [Train seq (cond on sampled tp)] | Loss 1959360.099629 | MAPE 0.086148 | RMSE 95.506728 | Likelihood -1959357.560572 | KL fp 2.5391 | FP STD 0.2278 | ->nfe  147.50 | <-nfe 4608.50
Epoch 0075 [Val seq (cond on sampled tp)] |  MAPE 0.029864 | RMSE 109.296575 |
Epoch 0075 [Test seq (cond on sampled tp)] | MAPE 0.052827 | RMSE 351.844684|
0.05332949385046959,0.05480768159031868,0.050344016402959824
317.6050761165508,366.74156432016264,371.1874105489032
Experiment 07-14_08:17
Epoch 0076 [Train seq (cond on sampled tp)] | Loss 1976074.468515 | MAPE 0.095014 | RMSE 97.660505 | Likelihood -1976071.847580 | KL fp 2.6209 | FP STD 0.2525 | ->nfe  158.75 | <-nfe 3926.00
Epoch 0076 [Val seq (cond on sampled tp)] |  MAPE 0.028285 | RMSE 91.687575 |
Epoch 0076 [Test seq (cond on sampled tp)] | MAPE 0.044874 | RMSE 290.380946|
0.04322086274623871,0.04798951372504234,0.04341045394539833
231.67742593420706,276.937351895695,362.5280592588662
Experiment 07-14_08:17
Epoch 0077 [Train seq (cond on sampled tp)] | Loss 1945112.586221 | MAPE 0.068578 | RMSE 97.605754 | Likelihood -1945109.920683 | KL fp 2.6655 | FP STD 0.2188 | ->nfe  155.00 | <-nfe 7394.75
Epoch 0077 [Val seq (cond on sampled tp)] |  MAPE 0.039958 | RMSE 100.594323 |
Epoch 0077 [Test seq (cond on sampled tp)] | MAPE 0.057648 | RMSE 311.590532|
0.055663466453552246,0.05432727560400963,0.062953419983387
303.89992442003006,285.8291803026766,345.0424905899272
Experiment 07-14_08:17
Epoch 0078 [Train seq (cond on sampled tp)] | Loss 1972434.267129 | MAPE 0.166550 | RMSE 98.929900 | Likelihood -1972431.669295 | KL fp 2.5978 | FP STD 0.2457 | ->nfe  168.50 | <-nfe 2476.25
Epoch 0078 [Val seq (cond on sampled tp)] |  MAPE 0.040175 | RMSE 100.563656 |
Epoch 0078 [Test seq (cond on sampled tp)] | MAPE 0.053125 | RMSE 281.723161|
0.06439131498336792,0.05327367037534714,0.0417092964053154
241.25657374463395,299.4683961831365,304.44451208307237
Experiment 07-14_08:17
Epoch 0079 [Train seq (cond on sampled tp)] | Loss 1960765.307289 | MAPE 0.096222 | RMSE 96.844928 | Likelihood -1960762.964806 | KL fp 2.3425 | FP STD 0.3219 | ->nfe  176.75 | <-nfe 5835.50
Epoch 0079 [Val seq (cond on sampled tp)] |  MAPE 0.031885 | RMSE 97.790807 |
Epoch 0079 [Test seq (cond on sampled tp)] | MAPE 0.077733 | RMSE 296.782839|
0.07514879107475281,0.06967246532440186,0.08837731182575226
298.04206131433864,275.9114158113071,316.39503838160925
Experiment 07-14_08:17
Epoch 0080 [Train seq (cond on sampled tp)] | Loss 1944472.765762 | MAPE 0.090319 | RMSE 93.347187 | Likelihood -1944469.931973 | KL fp 2.8338 | FP STD 0.2217 | ->nfe  178.25 | <-nfe 5219.00
Epoch 0080 [Val seq (cond on sampled tp)] |  MAPE 0.040251 | RMSE 97.902275 |
Epoch 0080 [Test seq (cond on sampled tp)] | MAPE 0.062883 | RMSE 281.986970|
0.06207054480910301,0.05991926044225693,0.06665856391191483
255.82290627502456,288.7087903493761,301.4292127722527
Experiment 07-14_08:17
Epoch 0081 [Train seq (cond on sampled tp)] | Loss 1912138.509497 | MAPE 0.079404 | RMSE 91.026817 | Likelihood -1912135.792427 | KL fp 2.7171 | FP STD 0.2384 | ->nfe  176.75 | <-nfe 5356.25
Epoch 0081 [Val seq (cond on sampled tp)] |  MAPE 0.028985 | RMSE 94.015120 |
Epoch 0081 [Test seq (cond on sampled tp)] | MAPE 0.044415 | RMSE 274.837107|
0.05061478540301323,0.04135603457689285,0.04127320647239685
254.36824315350373,267.49361849864755,302.64945946176744
Experiment 07-14_08:17
Epoch 0082 [Train seq (cond on sampled tp)] | Loss 1924591.957800 | MAPE 0.077235 | RMSE 88.638115 | Likelihood -1924589.513989 | KL fp 2.4438 | FP STD 0.3313 | ->nfe  179.75 | <-nfe 5353.25
Epoch 0082 [Val seq (cond on sampled tp)] |  MAPE 0.029167 | RMSE 85.160275 |
Epoch 0082 [Test seq (cond on sampled tp)] | MAPE 0.048191 | RMSE 256.928459|
0.05306774005293846,0.04705166071653366,0.04445444792509079
241.820746499344,241.4806378107777,287.4839941196727
Experiment 07-14_08:17
Epoch 0083 [Train seq (cond on sampled tp)] | Loss 1909394.975656 | MAPE 0.087927 | RMSE 87.790249 | Likelihood -1909392.303059 | KL fp 2.6726 | FP STD 0.2601 | ->nfe  179.00 | <-nfe 6184.25
Epoch 0083 [Val seq (cond on sampled tp)] |  MAPE 0.035158 | RMSE 86.214069 |
Epoch 0083 [Test seq (cond on sampled tp)] | MAPE 0.052276 | RMSE 266.871297|
0.051583416759967804,0.054582834243774414,0.05066295340657234
232.5892889703866,278.5869197844723,289.43768219601264
Experiment 07-14_08:17
Epoch 0084 [Train seq (cond on sampled tp)] | Loss 1911917.690049 | MAPE 0.113300 | RMSE 87.768608 | Likelihood -1911914.742523 | KL fp 2.9475 | FP STD 0.1867 | ->nfe  180.50 | <-nfe 4295.00
Epoch 0084 [Val seq (cond on sampled tp)] |  MAPE 0.029278 | RMSE 81.770514 |
Epoch 0084 [Test seq (cond on sampled tp)] | MAPE 0.042194 | RMSE 261.366107|
0.047715067863464355,0.04249662160873413,0.03636894375085831
222.51040179337684,265.2732376720275,296.31468175741816
0.047715067863464355,0.04249662160873413,0.03636894375085831
222.51040179337684,265.2732376720275,296.31468175741816
Epoch 0084 [Test seq (cond on sampled tp)] | Best Test MAPE 0.042194|Best Test RMSE 261.366107|
Experiment 07-14_08:17
Epoch 0085 [Train seq (cond on sampled tp)] | Loss 1921174.384945 | MAPE 0.087736 | RMSE 89.492632 | Likelihood -1921171.625056 | KL fp 2.7599 | FP STD 0.2143 | ->nfe  179.75 | <-nfe 3935.00
Epoch 0085 [Val seq (cond on sampled tp)] |  MAPE 0.030103 | RMSE 98.985050 |
Epoch 0085 [Test seq (cond on sampled tp)] | MAPE 0.047916 | RMSE 306.841846|
0.048697490245103836,0.04818473383784294,0.04686591401696205
264.0950201868638,310.52119744471554,345.909320216296
Experiment 07-14_08:17
Epoch 0086 [Train seq (cond on sampled tp)] | Loss 1921766.731990 | MAPE 0.086906 | RMSE 89.661830 | Likelihood -1921764.278605 | KL fp 2.4534 | FP STD 0.2958 | ->nfe  181.25 | <-nfe 5375.75
Epoch 0086 [Val seq (cond on sampled tp)] |  MAPE 0.030836 | RMSE 89.026319 |
Epoch 0086 [Test seq (cond on sampled tp)] | MAPE 0.054439 | RMSE 295.584469|
0.054373785853385925,0.05207587033510208,0.05686625465750694
271.07221996637725,308.71148545203175,306.9697028006184
Experiment 07-14_08:17
Epoch 0087 [Train seq (cond on sampled tp)] | Loss 1927625.608554 | MAPE 0.092453 | RMSE 90.649016 | Likelihood -1927622.910601 | KL fp 2.6980 | FP STD 0.2787 | ->nfe  184.25 | <-nfe 5171.75
Epoch 0087 [Val seq (cond on sampled tp)] |  MAPE 0.028486 | RMSE 92.231796 |
Epoch 0087 [Test seq (cond on sampled tp)] | MAPE 0.047457 | RMSE 289.316309|
0.04434499517083168,0.04773329198360443,0.05029311031103134
263.1288301383944,295.941809630711,308.8782881249506
Experiment 07-14_08:17
Epoch 0088 [Train seq (cond on sampled tp)] | Loss 1894769.004498 | MAPE 0.084279 | RMSE 87.075271 | Likelihood -1894766.297872 | KL fp 2.7066 | FP STD 0.2639 | ->nfe  183.50 | <-nfe 3182.75
Epoch 0088 [Val seq (cond on sampled tp)] |  MAPE 0.030937 | RMSE 91.231366 |
Epoch 0088 [Test seq (cond on sampled tp)] | MAPE 0.040489 | RMSE 280.152179|
0.03664763271808624,0.038484010845422745,0.04633452743291855
193.6921082865794,308.82110770233953,337.94331995173394
0.03664763271808624,0.038484010845422745,0.04633452743291855
193.6921082865794,308.82110770233953,337.94331995173394
Epoch 0088 [Test seq (cond on sampled tp)] | Best Test MAPE 0.040489|Best Test RMSE 280.152179|
Experiment 07-14_08:17
Epoch 0089 [Train seq (cond on sampled tp)] | Loss 1880514.363177 | MAPE 0.120049 | RMSE 83.360495 | Likelihood -1880511.809368 | KL fp 2.5538 | FP STD 0.2622 | ->nfe  182.75 | <-nfe 5623.25
Epoch 0089 [Val seq (cond on sampled tp)] |  MAPE 0.032071 | RMSE 83.375735 |
Epoch 0089 [Test seq (cond on sampled tp)] | MAPE 0.056435 | RMSE 237.219024|
0.05276024714112282,0.050172917544841766,0.06637131422758102
195.7553279926245,204.4137577928648,311.4879863253156
Experiment 07-14_08:17
Epoch 0090 [Train seq (cond on sampled tp)] | Loss 1889597.831523 | MAPE 0.086817 | RMSE 85.449135 | Likelihood -1889595.024343 | KL fp 2.8072 | FP STD 0.1961 | ->nfe  188.00 | <-nfe 4805.75
Epoch 0090 [Val seq (cond on sampled tp)] |  MAPE 0.037858 | RMSE 88.057546 |
Epoch 0090 [Test seq (cond on sampled tp)] | MAPE 0.071084 | RMSE 291.043479|
0.07407862693071365,0.06708844751119614,0.07208561897277832
266.34817732152777,291.78183738025916,315.00042162670195
Experiment 07-14_08:17
Epoch 0091 [Train seq (cond on sampled tp)] | Loss 1891809.737506 | MAPE 0.080704 | RMSE 88.135612 | Likelihood -1891806.763707 | KL fp 2.9738 | FP STD 0.1799 | ->nfe  183.50 | <-nfe 3737.00
Epoch 0091 [Val seq (cond on sampled tp)] |  MAPE 0.028921 | RMSE 84.655855 |
Epoch 0091 [Test seq (cond on sampled tp)] | MAPE 0.051342 | RMSE 275.551725|
0.05619300156831741,0.04776369780302048,0.05006863549351692
236.1665692630945,286.20269805681426,304.2859084192037
Experiment 07-14_08:17
Epoch 0092 [Train seq (cond on sampled tp)] | Loss 1877846.503722 | MAPE 0.075701 | RMSE 83.067050 | Likelihood -1877843.761092 | KL fp 2.7426 | FP STD 0.2318 | ->nfe  182.00 | <-nfe 6661.25
Epoch 0092 [Val seq (cond on sampled tp)] |  MAPE 0.026811 | RMSE 86.318938 |
Epoch 0092 [Test seq (cond on sampled tp)] | MAPE 0.049530 | RMSE 260.421670|
0.0514790415763855,0.05084094777703285,0.04627063497900963
214.4336745505472,292.14807889151007,274.6832550866543
Experiment 07-14_08:17
Epoch 0093 [Train seq (cond on sampled tp)] | Loss 1910647.098338 | MAPE 0.089917 | RMSE 88.706509 | Likelihood -1910644.608305 | KL fp 2.4900 | FP STD 0.2574 | ->nfe  184.25 | <-nfe 3938.75
Epoch 0093 [Val seq (cond on sampled tp)] |  MAPE 0.030171 | RMSE 95.629529 |
Epoch 0093 [Test seq (cond on sampled tp)] | MAPE 0.050029 | RMSE 297.575640|
0.055423133075237274,0.048829395323991776,0.04583495110273361
274.7128898959785,338.641841589311,279.37218958317953
Experiment 07-14_08:17
Epoch 0094 [Train seq (cond on sampled tp)] | Loss 1904123.982387 | MAPE 0.084219 | RMSE 88.488607 | Likelihood -1904121.201371 | KL fp 2.7810 | FP STD 0.2193 | ->nfe  183.50 | <-nfe 5142.50
Epoch 0094 [Val seq (cond on sampled tp)] |  MAPE 0.028530 | RMSE 112.631100 |
Epoch 0094 [Test seq (cond on sampled tp)] | MAPE 0.052610 | RMSE 269.716085|
0.056331947445869446,0.05033976584672928,0.051157210022211075
240.03237086380662,263.05122184186865,306.06466330662874
Experiment 07-14_08:17
Epoch 0095 [Train seq (cond on sampled tp)] | Loss 1921034.691059 | MAPE 0.078657 | RMSE 86.768974 | Likelihood -1921031.536503 | KL fp 3.1546 | FP STD 0.1812 | ->nfe  180.50 | <-nfe 5266.25
Epoch 0095 [Val seq (cond on sampled tp)] |  MAPE 0.030934 | RMSE 90.491046 |
Epoch 0095 [Test seq (cond on sampled tp)] | MAPE 0.058522 | RMSE 291.687090|
0.05871160700917244,0.059438932687044144,0.05741614103317261
230.06920663954574,330.17343927093833,314.8186233770169
Experiment 07-14_08:17
Epoch 0096 [Train seq (cond on sampled tp)] | Loss 1907582.256563 | MAPE 0.086850 | RMSE 88.959338 | Likelihood -1907579.120002 | KL fp 3.1366 | FP STD 0.1802 | ->nfe  180.50 | <-nfe 3191.00
Epoch 0096 [Val seq (cond on sampled tp)] |  MAPE 0.032210 | RMSE 94.777087 |
Epoch 0096 [Test seq (cond on sampled tp)] | MAPE 0.053643 | RMSE 282.659592|
0.04652242735028267,0.052885618060827255,0.06152066960930824
207.7343556083105,294.87807332014364,345.36634761148923
Experiment 07-14_08:17
Epoch 0097 [Train seq (cond on sampled tp)] | Loss 1968095.395024 | MAPE 0.080026 | RMSE 98.534504 | Likelihood -1968092.622299 | KL fp 2.7727 | FP STD 0.2020 | ->nfe  176.00 | <-nfe 4325.75
Epoch 0097 [Val seq (cond on sampled tp)] |  MAPE 0.032496 | RMSE 100.085320 |
Epoch 0097 [Test seq (cond on sampled tp)] | MAPE 0.044499 | RMSE 244.130467|
0.048311155289411545,0.04580361396074295,0.03938267007470131
194.51349567574997,239.53325382397327,298.3446517871571
Experiment 07-14_08:17
Epoch 0098 [Train seq (cond on sampled tp)] | Loss 1893609.581806 | MAPE 0.085466 | RMSE 83.824584 | Likelihood -1893606.657761 | KL fp 2.9240 | FP STD 0.2215 | ->nfe  180.50 | <-nfe 3425.00
Epoch 0098 [Val seq (cond on sampled tp)] |  MAPE 0.027898 | RMSE 86.395620 |
Epoch 0098 [Test seq (cond on sampled tp)] | MAPE 0.045698 | RMSE 278.921714|
0.045655447989702225,0.0471506305038929,0.044287052005529404
214.56929060037925,307.7516119982152,314.4442393930918
Experiment 07-14_08:17
Epoch 0099 [Train seq (cond on sampled tp)] | Loss 1887513.048226 | MAPE 0.085843 | RMSE 85.776944 | Likelihood -1887510.337763 | KL fp 2.7105 | FP STD 0.2153 | ->nfe  180.50 | <-nfe 5113.25
Epoch 0099 [Val seq (cond on sampled tp)] |  MAPE 0.028613 | RMSE 82.984332 |
Epoch 0099 [Test seq (cond on sampled tp)] | MAPE 0.052810 | RMSE 243.236227|
0.05347498133778572,0.04782495275139809,0.05713095888495445
202.76270575169883,258.58358174872586,268.362394906589
Experiment 07-14_08:17
Epoch 0100 [Train seq (cond on sampled tp)] | Loss 1918158.172268 | MAPE 0.088649 | RMSE 88.546960 | Likelihood -1918155.183577 | KL fp 2.9887 | FP STD 0.1995 | ->nfe  177.50 | <-nfe 3064.25
Epoch 0100 [Val seq (cond on sampled tp)] |  MAPE 0.030279 | RMSE 97.013666 |
Epoch 0100 [Test seq (cond on sampled tp)] | MAPE 0.045298 | RMSE 283.325227|
0.05409121513366699,0.04452484846115112,0.03727921470999718
272.9494286951339,303.37527039542954,273.6509809501877
